[2024-06-20 20:14:35,909][flwr][INFO] - Starting Flower simulation, config: num_rounds=10, no round_timeout
[2024-06-20 20:14:37,988][flwr][INFO] - Flower VCE: Ray initialized with resources: {'memory': 10131634586.0, 'CPU': 12.0, 'node:127.0.0.1': 1.0, 'object_store_memory': 2147483648.0, 'node:__internal_head__': 1.0}
[2024-06-20 20:14:37,988][flwr][INFO] - Optimize your simulation with Flower VCE: https://flower.ai/docs/framework/how-to-run-simulations.html
[2024-06-20 20:14:37,988][flwr][INFO] - Flower VCE: Resources for each Virtual Client: {'num_cpus': 2, 'num_gpus': 0}
[2024-06-20 20:14:37,995][flwr][INFO] - Flower VCE: Creating VirtualClientEngineActorPool with 6 actors
[2024-06-20 20:14:37,995][flwr][INFO] - [INIT]
[2024-06-20 20:14:37,995][flwr][INFO] - Requesting initial parameters from one random client
[2024-06-20 20:14:39,923][flwr][INFO] - Received initial parameters from one random client
[2024-06-20 20:14:39,923][flwr][INFO] - Evaluating initial global parameters
[2024-06-20 20:14:40,356][flwr][INFO] - initial parameters (loss, other metrics): 181.76928067207336, {'accuracy': 0.1086, 'precision': 0.12349967530374152, 'recall': 0.1086, 'f1': 0.03553137346181725, 'confusion_matrix': array([[   0,    8,    0,  956,    0,    1,    0,   15,    0,    0],
       [   0,  122,    0, 1013,    0,    0,    0,    0,    0,    0],
       [   0,   38,    0,  971,    0,    0,    3,   19,    1,    0],
       [   0,   44,    0,  945,    1,    1,    0,   17,    2,    0],
       [   0,  143,    0,  816,    1,    0,    2,   20,    0,    0],
       [   0,  118,    0,  735,    1,    7,    0,   30,    1,    0],
       [   0,  144,    0,  749,   25,    0,    2,   38,    0,    0],
       [   0,  272,    0,  724,    8,    0,    0,    9,   15,    0],
       [   0,   81,    0,  859,    1,    0,    1,   32,    0,    0],
       [   0,  178,    0,  799,    1,    0,    0,   31,    0,    0]])}
[2024-06-20 20:14:40,356][flwr][INFO] - 
[2024-06-20 20:14:40,356][flwr][INFO] - [ROUND 1]
[2024-06-20 20:14:40,357][flwr][INFO] - configure_fit: strategy sampled 10 clients (out of 100)
[2024-06-20 20:14:48,132][flwr][INFO] - aggregate_fit: received 10 results and 0 failures
[2024-06-20 20:14:48,139][flwr][WARNING] - No fit_metrics_aggregation_fn provided
[2024-06-20 20:14:48,579][flwr][INFO] - fit progress: (1, 85546.38842773438, {'accuracy': 0.0984, 'precision': 0.2043747131375299, 'recall': 0.0984, 'f1': 0.029334513153338283, 'confusion_matrix': array([[  20,    1,  945,    1,    0,    1,    3,    0,    1,    8],
       [  99,    7, 1021,    5,    0,    0,    0,    0,    3,    0],
       [  31,    1,  922,    1,    0,    0,   71,    0,    0,    6],
       [   1,    6,  978,   21,    0,    0,    2,    0,    0,    2],
       [  16,    0,  947,    3,    1,    0,   13,    0,    0,    2],
       [  11,    5,  849,   13,    1,    4,    0,    1,    0,    8],
       [   3,    0,  898,    0,    0,    0,    8,    5,    0,   44],
       [  23,    0,  995,    1,    0,    1,    5,    0,    0,    3],
       [   6,    0,  964,    0,    0,    0,    2,    0,    0,    2],
       [   7,    1,  991,    0,    1,    0,    8,    0,    0,    1]])}, 8.222895416)
[2024-06-20 20:14:48,580][flwr][INFO] - configure_evaluate: no clients selected, skipping evaluation
[2024-06-20 20:14:48,580][flwr][INFO] - 
[2024-06-20 20:14:48,580][flwr][INFO] - [ROUND 2]
[2024-06-20 20:14:48,580][flwr][INFO] - configure_fit: strategy sampled 10 clients (out of 100)
[2024-06-20 20:14:53,763][flwr][INFO] - aggregate_fit: received 10 results and 0 failures
[2024-06-20 20:14:54,204][flwr][INFO] - fit progress: (2, 185379.16345214844, {'accuracy': 0.1757, 'precision': 0.17769774052323697, 'recall': 0.1757, 'f1': 0.1381951636676544, 'confusion_matrix': array([[106, 176,  35, 348,   3,  20,  64, 183,   8,  37],
       [  0, 591,   3,  42,   0,   2,   0, 485,   2,  10],
       [  2, 374, 122,  88,   0,  23, 130, 249,   3,  41],
       [  0, 179,  18, 288,   0,  21,   7, 476,   4,  17],
       [ 23, 383,  39,  69,   0,  75,  50, 291,   8,  44],
       [  1, 137,  33, 105,   0,  24,   4, 532,   6,  50],
       [ 52, 309,  99,  80,   0,  33,  87, 227,   1,  70],
       [ 12, 216, 101,  48,   0,  51,  14, 474,  62,  50],
       [  3, 166,  27,  97,   0,   8,  12, 614,   8,  39],
       [ 20, 235,  56,  95,   1,  18,  51, 436,  40,  57]])}, 13.848197458000001)
[2024-06-20 20:14:54,205][flwr][INFO] - configure_evaluate: no clients selected, skipping evaluation
[2024-06-20 20:14:54,205][flwr][INFO] - 
[2024-06-20 20:14:54,205][flwr][INFO] - [ROUND 3]
[2024-06-20 20:14:54,205][flwr][INFO] - configure_fit: strategy sampled 10 clients (out of 100)
[2024-06-20 20:14:59,371][flwr][INFO] - aggregate_fit: received 10 results and 0 failures
[2024-06-20 20:14:59,814][flwr][INFO] - fit progress: (3, 420236.6728515625, {'accuracy': 0.2684, 'precision': 0.34554323037649387, 'recall': 0.2684, 'f1': 0.2717211757928625, 'confusion_matrix': array([[325,  65,  35, 120,  26, 107,  40, 105,  81,  76],
       [  1, 593,   8,  47,   0, 106,   0, 266,  51,  63],
       [  7, 120, 313,  69,  38,  52,  23, 176, 122, 112],
       [ 19, 104,  34, 217,   4, 260,   1, 136, 110, 125],
       [ 28,  61,  36, 132,  99, 309,  11, 168,  82,  56],
       [ 20,  40,  29,  88,   9, 179,   4, 230, 141, 152],
       [ 88,  36, 114,  86,  34,  82, 107, 199,  54, 158],
       [  4,  41,  17,  55,   3, 203,   0, 416, 231,  58],
       [ 11,  68,  22,  57,  10,  71,   1, 278, 341, 115],
       [ 17,  34,  20, 142,  25, 242,  11, 231, 193,  94]])}, 19.457886041000002)
[2024-06-20 20:14:59,814][flwr][INFO] - configure_evaluate: no clients selected, skipping evaluation
[2024-06-20 20:14:59,814][flwr][INFO] - 
[2024-06-20 20:14:59,814][flwr][INFO] - [ROUND 4]
[2024-06-20 20:14:59,815][flwr][INFO] - configure_fit: strategy sampled 10 clients (out of 100)
[2024-06-20 20:15:05,207][flwr][INFO] - aggregate_fit: received 10 results and 0 failures
[2024-06-20 20:15:05,654][flwr][INFO] - fit progress: (4, 1673137.873046875, {'accuracy': 0.3203, 'precision': 0.3553427797043131, 'recall': 0.3203, 'f1': 0.29313326314821886, 'confusion_matrix': array([[336, 147,  85,  84,  25,  34,  26, 141,  56,  46],
       [  2, 936,   4,  25,   0,   0,   0,  67,  49,  52],
       [  6, 163, 340,  37,  35,  12,  11, 240, 147,  41],
       [  8, 349,  54, 124,   7,  27,   0, 210, 190,  41],
       [ 10, 283,  48,  25, 214,  36,  29,  51,  58, 228],
       [ 18, 204,  44,  61,  46,  29,   5, 181, 202, 102],
       [ 78, 184, 196,  27,  95,   5, 105, 126,  24, 118],
       [  3, 127,   7,  25,  10,   8,   2, 389, 243, 214],
       [  8, 191,  19,  52,  44,   8,   3, 174, 401,  74],
       [  4, 209,  21,  52, 100,   5,  11,  87, 191, 329]])}, 25.298108666)
[2024-06-20 20:15:05,654][flwr][INFO] - configure_evaluate: no clients selected, skipping evaluation
[2024-06-20 20:15:05,654][flwr][INFO] - 
[2024-06-20 20:15:05,654][flwr][INFO] - [ROUND 5]
[2024-06-20 20:15:05,655][flwr][INFO] - configure_fit: strategy sampled 10 clients (out of 100)
[2024-06-20 20:15:10,821][flwr][INFO] - aggregate_fit: received 10 results and 0 failures
[2024-06-20 20:15:11,258][flwr][INFO] - fit progress: (5, 4887642.4453125, {'accuracy': 0.3607, 'precision': 0.39703819324681205, 'recall': 0.3607, 'f1': 0.3513490456648925, 'confusion_matrix': array([[240,  94, 129, 112,  46,  96,  92,  48,  77,  46],
       [  6, 684, 113,  30,   7,   4,   2,  68,  97, 124],
       [  4,  43, 564,  53,  58,  26,  34,  40, 186,  24],
       [  7,  82, 209, 223,  13,  72,   9, 109, 261,  25],
       [  1,  37, 140,  27, 433,  68,  58,  24,  66, 128],
       [  9,  50, 121, 128,  73,  77,  32,  78, 262,  62],
       [ 42,  36, 318,  17, 169,  11, 257,   8,  29,  71],
       [  3,  40, 138,  17,  19,  21,   7, 379, 237, 167],
       [  8,  36,  84,  45,  75,  26,  30,  46, 566,  58],
       [  0,  25, 239,  38, 170,  33,  40,  54, 226, 184]])}, 30.902760083)
[2024-06-20 20:15:11,259][flwr][INFO] - configure_evaluate: no clients selected, skipping evaluation
[2024-06-20 20:15:11,259][flwr][INFO] - 
[2024-06-20 20:15:11,259][flwr][INFO] - [ROUND 6]
[2024-06-20 20:15:11,259][flwr][INFO] - configure_fit: strategy sampled 10 clients (out of 100)
[2024-06-20 20:15:16,533][flwr][INFO] - aggregate_fit: received 10 results and 0 failures
[2024-06-20 20:15:16,990][flwr][INFO] - fit progress: (6, 23047674.140625, {'accuracy': 0.3438, 'precision': 0.3741313356288248, 'recall': 0.3438, 'f1': 0.32592576699064385, 'confusion_matrix': array([[235,  82,  10, 120, 158,  48, 213,  43,  34,  37],
       [  3, 642,  32,  67,  35,   4,   6, 204,  80,  62],
       [  4,  69, 156,  84, 162,  35, 186,  44, 251,  41],
       [  5, 132,  63, 204, 103,  71,  38, 106, 258,  30],
       [  3,  21,  17,  12, 683,  48,  94,  19,  31,  54],
       [  6,  52,  20, 143, 259,  70,  61,  86, 161,  34],
       [ 35,  13,  20,  33, 449,   9, 308,   8,  37,  46],
       [  1,  54,  36,  25,  62,  15,  27, 524,  97, 187],
       [  7,  46,  29,  88, 161,  37,  55,  56, 454,  41],
       [  2,  25,  45,  29, 435,  16, 111,  78, 106, 162]])}, 36.634528875)
[2024-06-20 20:15:16,990][flwr][INFO] - configure_evaluate: no clients selected, skipping evaluation
[2024-06-20 20:15:16,990][flwr][INFO] - 
[2024-06-20 20:15:16,990][flwr][INFO] - [ROUND 7]
[2024-06-20 20:15:16,991][flwr][INFO] - configure_fit: strategy sampled 10 clients (out of 100)
[2024-06-20 20:15:22,298][flwr][INFO] - aggregate_fit: received 10 results and 0 failures
[2024-06-20 20:15:22,750][flwr][INFO] - fit progress: (7, 73752455.3125, {'accuracy': 0.3854, 'precision': 0.39429376350067585, 'recall': 0.3854, 'f1': 0.3810282398681373, 'confusion_matrix': array([[297,  60,  26, 154,  29, 213, 121,  22,  23,  35],
       [  4, 944,  18,  24,   2,   6,   1,  51,  41,  44],
       [ 14,  89, 243, 144,  37,  99, 114,  49, 162,  81],
       [  5,  96,  93, 314,  24, 228,  11,  76, 138,  25],
       [ 17,  89,  31,  48, 296, 154, 110,  40,  55, 142],
       [ 17,  43,  31, 154,  74, 263,  39,  67, 130,  74],
       [125,  21,  73,  67, 109,  34, 356,  31,  71,  71],
       [  8, 102,  67,  40,  22,  47,  21, 442,  52, 227],
       [ 18,  41,  47, 175,  27, 149,  36,  60, 364,  57],
       [  5,  58,  97,  69, 128,  36, 103, 101,  77, 335]])}, 42.395149415999995)
[2024-06-20 20:15:22,751][flwr][INFO] - configure_evaluate: no clients selected, skipping evaluation
[2024-06-20 20:15:22,751][flwr][INFO] - 
[2024-06-20 20:15:22,751][flwr][INFO] - [ROUND 8]
[2024-06-20 20:15:22,751][flwr][INFO] - configure_fit: strategy sampled 10 clients (out of 100)
[2024-06-20 20:15:27,981][flwr][INFO] - aggregate_fit: received 10 results and 0 failures
[2024-06-20 20:15:28,426][flwr][INFO] - fit progress: (8, 315242276.0, {'accuracy': 0.3802, 'precision': 0.3987951720383878, 'recall': 0.3802, 'f1': 0.3717521853462271, 'confusion_matrix': array([[468,  44,  31,  73,  18, 128, 132,   7,  38,  41],
       [  6, 950,  19,   8,   1,  40,   6,  15,  62,  28],
       [ 44,  74, 220, 103,  28,  65, 157,  19, 239,  83],
       [ 16,  63,  98, 238,  31, 220,  21,  48, 242,  33],
       [ 33,  89,  46,  19, 227, 250,  96,   5,  77, 140],
       [ 48,  30,  31,  68,  48, 327,  49,  23, 182,  86],
       [223,  19,  77,  13,  74,  33, 388,   3,  75,  53],
       [ 28, 101,  96,  16,  26,  58,  30, 215, 138, 320],
       [ 34,  37,  52,  69,  19, 166,  53,  18, 415, 111],
       [ 22,  58, 164,  15,  94,  61, 118,  23, 100, 354]])}, 48.071009374999996)
[2024-06-20 20:15:28,426][flwr][INFO] - configure_evaluate: no clients selected, skipping evaluation
[2024-06-20 20:15:28,426][flwr][INFO] - 
[2024-06-20 20:15:28,426][flwr][INFO] - [ROUND 9]
[2024-06-20 20:15:28,427][flwr][INFO] - configure_fit: strategy sampled 10 clients (out of 100)
[2024-06-20 20:15:33,713][flwr][INFO] - aggregate_fit: received 10 results and 0 failures
[2024-06-20 20:15:34,153][flwr][INFO] - fit progress: (9, 1416144153.0, {'accuracy': 0.3451, 'precision': 0.38573118658357963, 'recall': 0.3451, 'f1': 0.3365874168159535, 'confusion_matrix': array([[318,  37,  24,  70,  55, 129, 245,  14,  59,  29],
       [  4, 873,  38,  54,   4,  25,   5,   3, 107,  22],
       [ 13,  39, 172,  76,  87,  59, 267,  19, 258,  42],
       [  1,  49, 125, 158,  87, 162,  52,  35, 325,  16],
       [ 16,  50, 119,  13, 330, 153, 142,   4, 111,  44],
       [ 21,  18,  46,  55,  93, 193, 104,  19, 310,  33],
       [ 95,  11,  82,   9, 136,  36, 504,   6,  58,  21],
       [ 12,  84, 201,  27,  55,  39,  31, 187, 166, 226],
       [ 10,  30,  63,  28,  41,  71, 136,   8, 535,  52],
       [  6,  33, 241,  18, 165,  49, 179,   9, 128, 181]])}, 53.798463749999996)
[2024-06-20 20:15:34,154][flwr][INFO] - configure_evaluate: no clients selected, skipping evaluation
[2024-06-20 20:15:34,154][flwr][INFO] - 
[2024-06-20 20:15:34,154][flwr][INFO] - [ROUND 10]
[2024-06-20 20:15:34,154][flwr][INFO] - configure_fit: strategy sampled 10 clients (out of 100)
[2024-06-20 20:15:39,365][flwr][INFO] - aggregate_fit: received 10 results and 0 failures
[2024-06-20 20:15:39,798][flwr][INFO] - fit progress: (10, 5713394996.0, {'accuracy': 0.327, 'precision': 0.34173295683673716, 'recall': 0.327, 'f1': 0.3196144122925916, 'confusion_matrix': array([[260,  27,  33,  50,  56, 244, 244,  29,  21,  16],
       [  3, 862,  48,  71,  22,  38,   3,   9,  66,  13],
       [ 12,  33, 270,  78, 107, 106, 230,  49, 113,  34],
       [  9,  47, 130, 168, 136, 246,  30,  77, 151,  16],
       [ 31,  43, 148,  17, 334, 148, 165,   2,  33,  61],
       [ 21,  24,  61,  50, 136, 247,  93,  50, 161,  49],
       [131,  14, 122,  12, 156,  39, 424,   8,  32,  20],
       [ 18,  91, 324,  35,  68,  32,  23,  98, 135, 204],
       [ 20,  24, 104,  32,  38, 102, 126,  23, 416,  89],
       [ 24,  32, 316,  22, 183,  39, 141,  12,  49, 191]])}, 59.443627082999996)
[2024-06-20 20:15:39,799][flwr][INFO] - configure_evaluate: no clients selected, skipping evaluation
[2024-06-20 20:15:39,799][flwr][INFO] - 
[2024-06-20 20:15:39,799][flwr][INFO] - [SUMMARY]
[2024-06-20 20:15:39,799][flwr][INFO] - Run finished 10 round(s) in 59.44s
[2024-06-20 20:15:39,803][flwr][INFO] - 	History (loss, centralized):
[2024-06-20 20:15:39,804][flwr][INFO] - 		round 0: 181.76928067207336
[2024-06-20 20:15:39,804][flwr][INFO] - 		round 1: 85546.38842773438
[2024-06-20 20:15:39,804][flwr][INFO] - 		round 2: 185379.16345214844
[2024-06-20 20:15:39,804][flwr][INFO] - 		round 3: 420236.6728515625
[2024-06-20 20:15:39,804][flwr][INFO] - 		round 4: 1673137.873046875
[2024-06-20 20:15:39,804][flwr][INFO] - 		round 5: 4887642.4453125
[2024-06-20 20:15:39,804][flwr][INFO] - 		round 6: 23047674.140625
[2024-06-20 20:15:39,804][flwr][INFO] - 		round 7: 73752455.3125
[2024-06-20 20:15:39,804][flwr][INFO] - 		round 8: 315242276.0
[2024-06-20 20:15:39,804][flwr][INFO] - 		round 9: 1416144153.0
[2024-06-20 20:15:39,804][flwr][INFO] - 		round 10: 5713394996.0
[2024-06-20 20:15:39,804][flwr][INFO] - 	History (metrics, centralized):
[2024-06-20 20:15:39,804][flwr][INFO] - 	{'accuracy': [(0, 0.1086),
[2024-06-20 20:15:39,804][flwr][INFO] - 	              (1, 0.0984),
[2024-06-20 20:15:39,804][flwr][INFO] - 	              (2, 0.1757),
[2024-06-20 20:15:39,804][flwr][INFO] - 	              (3, 0.2684),
[2024-06-20 20:15:39,804][flwr][INFO] - 	              (4, 0.3203),
[2024-06-20 20:15:39,804][flwr][INFO] - 	              (5, 0.3607),
[2024-06-20 20:15:39,804][flwr][INFO] - 	              (6, 0.3438),
[2024-06-20 20:15:39,804][flwr][INFO] - 	              (7, 0.3854),
[2024-06-20 20:15:39,804][flwr][INFO] - 	              (8, 0.3802),
[2024-06-20 20:15:39,804][flwr][INFO] - 	              (9, 0.3451),
[2024-06-20 20:15:39,805][flwr][INFO] - 	              (10, 0.327)],
[2024-06-20 20:15:39,805][flwr][INFO] - 	 'confusion_matrix': [(0,
[2024-06-20 20:15:39,805][flwr][INFO] - 	                       array([[   0,    8,    0,  956,    0,    1,    0,   15,    0,    0],
[2024-06-20 20:15:39,805][flwr][INFO] - 	       [   0,  122,    0, 1013,    0,    0,    0,    0,    0,    0],
[2024-06-20 20:15:39,805][flwr][INFO] - 	       [   0,   38,    0,  971,    0,    0,    3,   19,    1,    0],
[2024-06-20 20:15:39,805][flwr][INFO] - 	       [   0,   44,    0,  945,    1,    1,    0,   17,    2,    0],
[2024-06-20 20:15:39,805][flwr][INFO] - 	       [   0,  143,    0,  816,    1,    0,    2,   20,    0,    0],
[2024-06-20 20:15:39,805][flwr][INFO] - 	       [   0,  118,    0,  735,    1,    7,    0,   30,    1,    0],
[2024-06-20 20:15:39,805][flwr][INFO] - 	       [   0,  144,    0,  749,   25,    0,    2,   38,    0,    0],
[2024-06-20 20:15:39,805][flwr][INFO] - 	       [   0,  272,    0,  724,    8,    0,    0,    9,   15,    0],
[2024-06-20 20:15:39,805][flwr][INFO] - 	       [   0,   81,    0,  859,    1,    0,    1,   32,    0,    0],
[2024-06-20 20:15:39,805][flwr][INFO] - 	       [   0,  178,    0,  799,    1,    0,    0,   31,    0,    0]])),
[2024-06-20 20:15:39,805][flwr][INFO] - 	                      (1,
[2024-06-20 20:15:39,805][flwr][INFO] - 	                       array([[  20,    1,  945,    1,    0,    1,    3,    0,    1,    8],
[2024-06-20 20:15:39,805][flwr][INFO] - 	       [  99,    7, 1021,    5,    0,    0,    0,    0,    3,    0],
[2024-06-20 20:15:39,805][flwr][INFO] - 	       [  31,    1,  922,    1,    0,    0,   71,    0,    0,    6],
[2024-06-20 20:15:39,805][flwr][INFO] - 	       [   1,    6,  978,   21,    0,    0,    2,    0,    0,    2],
[2024-06-20 20:15:39,805][flwr][INFO] - 	       [  16,    0,  947,    3,    1,    0,   13,    0,    0,    2],
[2024-06-20 20:15:39,805][flwr][INFO] - 	       [  11,    5,  849,   13,    1,    4,    0,    1,    0,    8],
[2024-06-20 20:15:39,805][flwr][INFO] - 	       [   3,    0,  898,    0,    0,    0,    8,    5,    0,   44],
[2024-06-20 20:15:39,805][flwr][INFO] - 	       [  23,    0,  995,    1,    0,    1,    5,    0,    0,    3],
[2024-06-20 20:15:39,805][flwr][INFO] - 	       [   6,    0,  964,    0,    0,    0,    2,    0,    0,    2],
[2024-06-20 20:15:39,805][flwr][INFO] - 	       [   7,    1,  991,    0,    1,    0,    8,    0,    0,    1]])),
[2024-06-20 20:15:39,805][flwr][INFO] - 	                      (2,
[2024-06-20 20:15:39,805][flwr][INFO] - 	                       array([[106, 176,  35, 348,   3,  20,  64, 183,   8,  37],
[2024-06-20 20:15:39,805][flwr][INFO] - 	       [  0, 591,   3,  42,   0,   2,   0, 485,   2,  10],
[2024-06-20 20:15:39,805][flwr][INFO] - 	       [  2, 374, 122,  88,   0,  23, 130, 249,   3,  41],
[2024-06-20 20:15:39,805][flwr][INFO] - 	       [  0, 179,  18, 288,   0,  21,   7, 476,   4,  17],
[2024-06-20 20:15:39,805][flwr][INFO] - 	       [ 23, 383,  39,  69,   0,  75,  50, 291,   8,  44],
[2024-06-20 20:15:39,805][flwr][INFO] - 	       [  1, 137,  33, 105,   0,  24,   4, 532,   6,  50],
[2024-06-20 20:15:39,805][flwr][INFO] - 	       [ 52, 309,  99,  80,   0,  33,  87, 227,   1,  70],
[2024-06-20 20:15:39,805][flwr][INFO] - 	       [ 12, 216, 101,  48,   0,  51,  14, 474,  62,  50],
[2024-06-20 20:15:39,805][flwr][INFO] - 	       [  3, 166,  27,  97,   0,   8,  12, 614,   8,  39],
[2024-06-20 20:15:39,805][flwr][INFO] - 	       [ 20, 235,  56,  95,   1,  18,  51, 436,  40,  57]])),
[2024-06-20 20:15:39,805][flwr][INFO] - 	                      (3,
[2024-06-20 20:15:39,805][flwr][INFO] - 	                       array([[325,  65,  35, 120,  26, 107,  40, 105,  81,  76],
[2024-06-20 20:15:39,805][flwr][INFO] - 	       [  1, 593,   8,  47,   0, 106,   0, 266,  51,  63],
[2024-06-20 20:15:39,805][flwr][INFO] - 	       [  7, 120, 313,  69,  38,  52,  23, 176, 122, 112],
[2024-06-20 20:15:39,805][flwr][INFO] - 	       [ 19, 104,  34, 217,   4, 260,   1, 136, 110, 125],
[2024-06-20 20:15:39,805][flwr][INFO] - 	       [ 28,  61,  36, 132,  99, 309,  11, 168,  82,  56],
[2024-06-20 20:15:39,805][flwr][INFO] - 	       [ 20,  40,  29,  88,   9, 179,   4, 230, 141, 152],
[2024-06-20 20:15:39,806][flwr][INFO] - 	       [ 88,  36, 114,  86,  34,  82, 107, 199,  54, 158],
[2024-06-20 20:15:39,806][flwr][INFO] - 	       [  4,  41,  17,  55,   3, 203,   0, 416, 231,  58],
[2024-06-20 20:15:39,806][flwr][INFO] - 	       [ 11,  68,  22,  57,  10,  71,   1, 278, 341, 115],
[2024-06-20 20:15:39,806][flwr][INFO] - 	       [ 17,  34,  20, 142,  25, 242,  11, 231, 193,  94]])),
[2024-06-20 20:15:39,806][flwr][INFO] - 	                      (4,
[2024-06-20 20:15:39,806][flwr][INFO] - 	                       array([[336, 147,  85,  84,  25,  34,  26, 141,  56,  46],
[2024-06-20 20:15:39,806][flwr][INFO] - 	       [  2, 936,   4,  25,   0,   0,   0,  67,  49,  52],
[2024-06-20 20:15:39,806][flwr][INFO] - 	       [  6, 163, 340,  37,  35,  12,  11, 240, 147,  41],
[2024-06-20 20:15:39,806][flwr][INFO] - 	       [  8, 349,  54, 124,   7,  27,   0, 210, 190,  41],
[2024-06-20 20:15:39,806][flwr][INFO] - 	       [ 10, 283,  48,  25, 214,  36,  29,  51,  58, 228],
[2024-06-20 20:15:39,806][flwr][INFO] - 	       [ 18, 204,  44,  61,  46,  29,   5, 181, 202, 102],
[2024-06-20 20:15:39,806][flwr][INFO] - 	       [ 78, 184, 196,  27,  95,   5, 105, 126,  24, 118],
[2024-06-20 20:15:39,806][flwr][INFO] - 	       [  3, 127,   7,  25,  10,   8,   2, 389, 243, 214],
[2024-06-20 20:15:39,806][flwr][INFO] - 	       [  8, 191,  19,  52,  44,   8,   3, 174, 401,  74],
[2024-06-20 20:15:39,806][flwr][INFO] - 	       [  4, 209,  21,  52, 100,   5,  11,  87, 191, 329]])),
[2024-06-20 20:15:39,806][flwr][INFO] - 	                      (5,
[2024-06-20 20:15:39,806][flwr][INFO] - 	                       array([[240,  94, 129, 112,  46,  96,  92,  48,  77,  46],
[2024-06-20 20:15:39,806][flwr][INFO] - 	       [  6, 684, 113,  30,   7,   4,   2,  68,  97, 124],
[2024-06-20 20:15:39,806][flwr][INFO] - 	       [  4,  43, 564,  53,  58,  26,  34,  40, 186,  24],
[2024-06-20 20:15:39,806][flwr][INFO] - 	       [  7,  82, 209, 223,  13,  72,   9, 109, 261,  25],
[2024-06-20 20:15:39,806][flwr][INFO] - 	       [  1,  37, 140,  27, 433,  68,  58,  24,  66, 128],
[2024-06-20 20:15:39,806][flwr][INFO] - 	       [  9,  50, 121, 128,  73,  77,  32,  78, 262,  62],
[2024-06-20 20:15:39,806][flwr][INFO] - 	       [ 42,  36, 318,  17, 169,  11, 257,   8,  29,  71],
[2024-06-20 20:15:39,806][flwr][INFO] - 	       [  3,  40, 138,  17,  19,  21,   7, 379, 237, 167],
[2024-06-20 20:15:39,806][flwr][INFO] - 	       [  8,  36,  84,  45,  75,  26,  30,  46, 566,  58],
[2024-06-20 20:15:39,806][flwr][INFO] - 	       [  0,  25, 239,  38, 170,  33,  40,  54, 226, 184]])),
[2024-06-20 20:15:39,806][flwr][INFO] - 	                      (6,
[2024-06-20 20:15:39,806][flwr][INFO] - 	                       array([[235,  82,  10, 120, 158,  48, 213,  43,  34,  37],
[2024-06-20 20:15:39,806][flwr][INFO] - 	       [  3, 642,  32,  67,  35,   4,   6, 204,  80,  62],
[2024-06-20 20:15:39,806][flwr][INFO] - 	       [  4,  69, 156,  84, 162,  35, 186,  44, 251,  41],
[2024-06-20 20:15:39,806][flwr][INFO] - 	       [  5, 132,  63, 204, 103,  71,  38, 106, 258,  30],
[2024-06-20 20:15:39,806][flwr][INFO] - 	       [  3,  21,  17,  12, 683,  48,  94,  19,  31,  54],
[2024-06-20 20:15:39,806][flwr][INFO] - 	       [  6,  52,  20, 143, 259,  70,  61,  86, 161,  34],
[2024-06-20 20:15:39,806][flwr][INFO] - 	       [ 35,  13,  20,  33, 449,   9, 308,   8,  37,  46],
[2024-06-20 20:15:39,806][flwr][INFO] - 	       [  1,  54,  36,  25,  62,  15,  27, 524,  97, 187],
[2024-06-20 20:15:39,806][flwr][INFO] - 	       [  7,  46,  29,  88, 161,  37,  55,  56, 454,  41],
[2024-06-20 20:15:39,806][flwr][INFO] - 	       [  2,  25,  45,  29, 435,  16, 111,  78, 106, 162]])),
[2024-06-20 20:15:39,806][flwr][INFO] - 	                      (7,
[2024-06-20 20:15:39,806][flwr][INFO] - 	                       array([[297,  60,  26, 154,  29, 213, 121,  22,  23,  35],
[2024-06-20 20:15:39,806][flwr][INFO] - 	       [  4, 944,  18,  24,   2,   6,   1,  51,  41,  44],
[2024-06-20 20:15:39,806][flwr][INFO] - 	       [ 14,  89, 243, 144,  37,  99, 114,  49, 162,  81],
[2024-06-20 20:15:39,806][flwr][INFO] - 	       [  5,  96,  93, 314,  24, 228,  11,  76, 138,  25],
[2024-06-20 20:15:39,807][flwr][INFO] - 	       [ 17,  89,  31,  48, 296, 154, 110,  40,  55, 142],
[2024-06-20 20:15:39,807][flwr][INFO] - 	       [ 17,  43,  31, 154,  74, 263,  39,  67, 130,  74],
[2024-06-20 20:15:39,807][flwr][INFO] - 	       [125,  21,  73,  67, 109,  34, 356,  31,  71,  71],
[2024-06-20 20:15:39,807][flwr][INFO] - 	       [  8, 102,  67,  40,  22,  47,  21, 442,  52, 227],
[2024-06-20 20:15:39,807][flwr][INFO] - 	       [ 18,  41,  47, 175,  27, 149,  36,  60, 364,  57],
[2024-06-20 20:15:39,807][flwr][INFO] - 	       [  5,  58,  97,  69, 128,  36, 103, 101,  77, 335]])),
[2024-06-20 20:15:39,807][flwr][INFO] - 	                      (8,
[2024-06-20 20:15:39,807][flwr][INFO] - 	                       array([[468,  44,  31,  73,  18, 128, 132,   7,  38,  41],
[2024-06-20 20:15:39,807][flwr][INFO] - 	       [  6, 950,  19,   8,   1,  40,   6,  15,  62,  28],
[2024-06-20 20:15:39,807][flwr][INFO] - 	       [ 44,  74, 220, 103,  28,  65, 157,  19, 239,  83],
[2024-06-20 20:15:39,807][flwr][INFO] - 	       [ 16,  63,  98, 238,  31, 220,  21,  48, 242,  33],
[2024-06-20 20:15:39,807][flwr][INFO] - 	       [ 33,  89,  46,  19, 227, 250,  96,   5,  77, 140],
[2024-06-20 20:15:39,807][flwr][INFO] - 	       [ 48,  30,  31,  68,  48, 327,  49,  23, 182,  86],
[2024-06-20 20:15:39,807][flwr][INFO] - 	       [223,  19,  77,  13,  74,  33, 388,   3,  75,  53],
[2024-06-20 20:15:39,807][flwr][INFO] - 	       [ 28, 101,  96,  16,  26,  58,  30, 215, 138, 320],
[2024-06-20 20:15:39,807][flwr][INFO] - 	       [ 34,  37,  52,  69,  19, 166,  53,  18, 415, 111],
[2024-06-20 20:15:39,807][flwr][INFO] - 	       [ 22,  58, 164,  15,  94,  61, 118,  23, 100, 354]])),
[2024-06-20 20:15:39,807][flwr][INFO] - 	                      (9,
[2024-06-20 20:15:39,807][flwr][INFO] - 	                       array([[318,  37,  24,  70,  55, 129, 245,  14,  59,  29],
[2024-06-20 20:15:39,807][flwr][INFO] - 	       [  4, 873,  38,  54,   4,  25,   5,   3, 107,  22],
[2024-06-20 20:15:39,807][flwr][INFO] - 	       [ 13,  39, 172,  76,  87,  59, 267,  19, 258,  42],
[2024-06-20 20:15:39,807][flwr][INFO] - 	       [  1,  49, 125, 158,  87, 162,  52,  35, 325,  16],
[2024-06-20 20:15:39,807][flwr][INFO] - 	       [ 16,  50, 119,  13, 330, 153, 142,   4, 111,  44],
[2024-06-20 20:15:39,807][flwr][INFO] - 	       [ 21,  18,  46,  55,  93, 193, 104,  19, 310,  33],
[2024-06-20 20:15:39,807][flwr][INFO] - 	       [ 95,  11,  82,   9, 136,  36, 504,   6,  58,  21],
[2024-06-20 20:15:39,807][flwr][INFO] - 	       [ 12,  84, 201,  27,  55,  39,  31, 187, 166, 226],
[2024-06-20 20:15:39,807][flwr][INFO] - 	       [ 10,  30,  63,  28,  41,  71, 136,   8, 535,  52],
[2024-06-20 20:15:39,807][flwr][INFO] - 	       [  6,  33, 241,  18, 165,  49, 179,   9, 128, 181]])),
[2024-06-20 20:15:39,807][flwr][INFO] - 	                      (10,
[2024-06-20 20:15:39,807][flwr][INFO] - 	                       array([[260,  27,  33,  50,  56, 244, 244,  29,  21,  16],
[2024-06-20 20:15:39,807][flwr][INFO] - 	       [  3, 862,  48,  71,  22,  38,   3,   9,  66,  13],
[2024-06-20 20:15:39,807][flwr][INFO] - 	       [ 12,  33, 270,  78, 107, 106, 230,  49, 113,  34],
[2024-06-20 20:15:39,807][flwr][INFO] - 	       [  9,  47, 130, 168, 136, 246,  30,  77, 151,  16],
[2024-06-20 20:15:39,807][flwr][INFO] - 	       [ 31,  43, 148,  17, 334, 148, 165,   2,  33,  61],
[2024-06-20 20:15:39,807][flwr][INFO] - 	       [ 21,  24,  61,  50, 136, 247,  93,  50, 161,  49],
[2024-06-20 20:15:39,807][flwr][INFO] - 	       [131,  14, 122,  12, 156,  39, 424,   8,  32,  20],
[2024-06-20 20:15:39,807][flwr][INFO] - 	       [ 18,  91, 324,  35,  68,  32,  23,  98, 135, 204],
[2024-06-20 20:15:39,807][flwr][INFO] - 	       [ 20,  24, 104,  32,  38, 102, 126,  23, 416,  89],
[2024-06-20 20:15:39,807][flwr][INFO] - 	       [ 24,  32, 316,  22, 183,  39, 141,  12,  49, 191]]))],
[2024-06-20 20:15:39,807][flwr][INFO] - 	 'f1': [(0, 0.03553137346181725),
[2024-06-20 20:15:39,807][flwr][INFO] - 	        (1, 0.029334513153338283),
[2024-06-20 20:15:39,807][flwr][INFO] - 	        (2, 0.1381951636676544),
[2024-06-20 20:15:39,808][flwr][INFO] - 	        (3, 0.2717211757928625),
[2024-06-20 20:15:39,808][flwr][INFO] - 	        (4, 0.29313326314821886),
[2024-06-20 20:15:39,808][flwr][INFO] - 	        (5, 0.3513490456648925),
[2024-06-20 20:15:39,808][flwr][INFO] - 	        (6, 0.32592576699064385),
[2024-06-20 20:15:39,808][flwr][INFO] - 	        (7, 0.3810282398681373),
[2024-06-20 20:15:39,808][flwr][INFO] - 	        (8, 0.3717521853462271),
[2024-06-20 20:15:39,808][flwr][INFO] - 	        (9, 0.3365874168159535),
[2024-06-20 20:15:39,808][flwr][INFO] - 	        (10, 0.3196144122925916)],
[2024-06-20 20:15:39,808][flwr][INFO] - 	 'precision': [(0, 0.12349967530374152),
[2024-06-20 20:15:39,808][flwr][INFO] - 	               (1, 0.2043747131375299),
[2024-06-20 20:15:39,808][flwr][INFO] - 	               (2, 0.17769774052323697),
[2024-06-20 20:15:39,808][flwr][INFO] - 	               (3, 0.34554323037649387),
[2024-06-20 20:15:39,808][flwr][INFO] - 	               (4, 0.3553427797043131),
[2024-06-20 20:15:39,808][flwr][INFO] - 	               (5, 0.39703819324681205),
[2024-06-20 20:15:39,808][flwr][INFO] - 	               (6, 0.3741313356288248),
[2024-06-20 20:15:39,808][flwr][INFO] - 	               (7, 0.39429376350067585),
[2024-06-20 20:15:39,808][flwr][INFO] - 	               (8, 0.3987951720383878),
[2024-06-20 20:15:39,808][flwr][INFO] - 	               (9, 0.38573118658357963),
[2024-06-20 20:15:39,808][flwr][INFO] - 	               (10, 0.34173295683673716)],
[2024-06-20 20:15:39,808][flwr][INFO] - 	 'recall': [(0, 0.1086),
[2024-06-20 20:15:39,808][flwr][INFO] - 	            (1, 0.0984),
[2024-06-20 20:15:39,808][flwr][INFO] - 	            (2, 0.1757),
[2024-06-20 20:15:39,808][flwr][INFO] - 	            (3, 0.2684),
[2024-06-20 20:15:39,808][flwr][INFO] - 	            (4, 0.3203),
[2024-06-20 20:15:39,808][flwr][INFO] - 	            (5, 0.3607),
[2024-06-20 20:15:39,808][flwr][INFO] - 	            (6, 0.3438),
[2024-06-20 20:15:39,808][flwr][INFO] - 	            (7, 0.3854),
[2024-06-20 20:15:39,808][flwr][INFO] - 	            (8, 0.3802),
[2024-06-20 20:15:39,808][flwr][INFO] - 	            (9, 0.3451),
[2024-06-20 20:15:39,808][flwr][INFO] - 	            (10, 0.327)]}
[2024-06-20 20:15:39,808][flwr][INFO] - 
