[2024-06-21 13:04:48,363][flwr][INFO] - Starting Flower simulation, config: num_rounds=10, no round_timeout
[2024-06-21 13:04:50,535][flwr][INFO] - Flower VCE: Ray initialized with resources: {'memory': 7981268992.0, 'node:127.0.0.1': 1.0, 'node:__internal_head__': 1.0, 'CPU': 12.0, 'object_store_memory': 2147483648.0}
[2024-06-21 13:04:50,535][flwr][INFO] - Optimize your simulation with Flower VCE: https://flower.ai/docs/framework/how-to-run-simulations.html
[2024-06-21 13:04:50,535][flwr][INFO] - Flower VCE: Resources for each Virtual Client: {'num_cpus': 2, 'num_gpus': 0}
[2024-06-21 13:04:50,542][flwr][INFO] - Flower VCE: Creating VirtualClientEngineActorPool with 6 actors
[2024-06-21 13:04:50,542][flwr][INFO] - [INIT]
[2024-06-21 13:04:50,542][flwr][INFO] - Requesting initial parameters from one random client
[2024-06-21 13:04:52,418][flwr][INFO] - Received initial parameters from one random client
[2024-06-21 13:04:52,420][flwr][INFO] - Evaluating initial global parameters
[2024-06-21 13:04:52,771][flwr][INFO] - initial parameters (loss, other metrics): 181.76928067207336, {'accuracy': 0.1086, 'precision': 0.12349967530374152, 'recall': 0.1086, 'f1': 0.03553137346181725, 'confusion_matrix': array([[   0,    8,    0,  956,    0,    1,    0,   15,    0,    0],
       [   0,  122,    0, 1013,    0,    0,    0,    0,    0,    0],
       [   0,   38,    0,  971,    0,    0,    3,   19,    1,    0],
       [   0,   44,    0,  945,    1,    1,    0,   17,    2,    0],
       [   0,  143,    0,  816,    1,    0,    2,   20,    0,    0],
       [   0,  118,    0,  735,    1,    7,    0,   30,    1,    0],
       [   0,  144,    0,  749,   25,    0,    2,   38,    0,    0],
       [   0,  272,    0,  724,    8,    0,    0,    9,   15,    0],
       [   0,   81,    0,  859,    1,    0,    1,   32,    0,    0],
       [   0,  178,    0,  799,    1,    0,    0,   31,    0,    0]])}
[2024-06-21 13:04:52,771][flwr][INFO] - 
[2024-06-21 13:04:52,771][flwr][INFO] - [ROUND 1]
[2024-06-21 13:04:52,772][flwr][INFO] - configure_fit: strategy sampled 10 clients (out of 100)
[2024-06-21 13:05:03,335][flwr][INFO] - aggregate_fit: received 10 results and 0 failures
[2024-06-21 13:05:03,341][flwr][WARNING] - No fit_metrics_aggregation_fn provided
[2024-06-21 13:05:03,680][flwr][INFO] - fit progress: (1, 113.94633662700653, {'accuracy': 0.6991, 'precision': 0.7616353017554135, 'recall': 0.6991, 'f1': 0.6987075462887715, 'confusion_matrix': array([[782,   0,   2,  14,   1,   3, 156,   3,   2,  17],
       [  0, 887, 125,   2,   0,   0,   8,   0,   8, 105],
       [ 11,   1, 788,  40,   5,   0,  69,  17,  16,  85],
       [  5,   0,  32, 753,   2,   7,  46,  13,  35, 117],
       [  0,   0,   0,   0, 525,   0,  56,  51,   0, 350],
       [ 46,  10,  12,  87,  87, 262, 164,  24, 111,  89],
       [  4,   1,   5,   1,   3,   4, 937,   1,   1,   1],
       [  0,   3,  13,   2,   7,   0,   5, 808,   2, 188],
       [ 17,   1,  25,  74,   5,   9,  57,  17, 452, 317],
       [  7,   1,   0,   2,  37,   0,   5, 153,   7, 797]])}, 10.908353791)
[2024-06-21 13:05:03,680][flwr][INFO] - configure_evaluate: no clients selected, skipping evaluation
[2024-06-21 13:05:03,680][flwr][INFO] - 
[2024-06-21 13:05:03,680][flwr][INFO] - [ROUND 2]
[2024-06-21 13:05:03,681][flwr][INFO] - configure_fit: strategy sampled 10 clients (out of 100)
[2024-06-21 13:05:11,129][flwr][INFO] - aggregate_fit: received 10 results and 0 failures
[2024-06-21 13:05:11,480][flwr][INFO] - fit progress: (2, 57.56355479359627, {'accuracy': 0.8171, 'precision': 0.8279672077178035, 'recall': 0.8171, 'f1': 0.8183436102686453, 'confusion_matrix': array([[909,   0,   3,  10,   0,  37,  16,   1,   4,   0],
       [  0, 882, 212,   6,   0,   6,   3,   0,  26,   0],
       [  8,   0, 836,  95,  12,   6,  20,  19,  32,   4],
       [  2,   0,  23, 881,   1,  42,   1,  12,  46,   2],
       [  2,   0,   6,   0, 887,  19,  12,   1,  13,  42],
       [ 13,   4,  16, 100,  15, 687,  11,   6,  30,  10],
       [ 23,   2,  23,   3,   7,  45, 854,   1,   0,   0],
       [  4,   2,  50,   6,  28,   0,   0, 867,  20,  51],
       [  3,   0,  24, 112,  10, 120,   6,   7, 662,  30],
       [  7,   0,   4,   6, 178,  26,   3,  34,  45, 706]])}, 18.707859791)
[2024-06-21 13:05:11,480][flwr][INFO] - configure_evaluate: no clients selected, skipping evaluation
[2024-06-21 13:05:11,480][flwr][INFO] - 
[2024-06-21 13:05:11,480][flwr][INFO] - [ROUND 3]
[2024-06-21 13:05:11,480][flwr][INFO] - configure_fit: strategy sampled 10 clients (out of 100)
[2024-06-21 13:05:16,461][flwr][INFO] - aggregate_fit: received 10 results and 0 failures
[2024-06-21 13:05:16,801][flwr][INFO] - fit progress: (3, 48.60077378153801, {'accuracy': 0.8604, 'precision': 0.8637127043441798, 'recall': 0.8604, 'f1': 0.8591767196896078, 'confusion_matrix': array([[ 929,    0,    0,    6,    0,   17,   17,    2,    4,    5],
       [   0, 1085,   36,    3,    0,    1,    2,    1,    7,    0],
       [   8,   19,  815,   95,   13,    1,   24,   26,   23,    8],
       [   2,    4,   13,  910,    3,   23,    3,   20,   20,   12],
       [   0,    0,    2,    1,  863,    2,   18,    3,    4,   89],
       [  13,   20,    5,   98,   22,  646,   18,   18,   23,   29],
       [  19,    6,    3,    1,    9,   21,  897,    1,    1,    0],
       [   1,   15,   40,    5,    9,    0,    0,  919,    3,   36],
       [   4,   13,   26,   91,   14,   62,    9,    8,  657,   90],
       [   7,    5,    1,    9,   40,   10,    2,   43,    9,  883]])}, 24.029570958)
[2024-06-21 13:05:16,802][flwr][INFO] - configure_evaluate: no clients selected, skipping evaluation
[2024-06-21 13:05:16,802][flwr][INFO] - 
[2024-06-21 13:05:16,802][flwr][INFO] - [ROUND 4]
[2024-06-21 13:05:16,802][flwr][INFO] - configure_fit: strategy sampled 10 clients (out of 100)
[2024-06-21 13:05:22,130][flwr][INFO] - aggregate_fit: received 10 results and 0 failures
[2024-06-21 13:05:22,477][flwr][INFO] - fit progress: (4, 41.81729640066624, {'accuracy': 0.8772, 'precision': 0.8793082147270679, 'recall': 0.8772, 'f1': 0.8778119983526563, 'confusion_matrix': array([[ 924,    0,    0,   10,    0,   24,   12,    1,    7,    2],
       [   0, 1044,   51,    3,    1,    7,    3,    1,   25,    0],
       [   4,    5,  867,   54,   15,    3,   15,   21,   45,    3],
       [   1,    1,   16,  876,    2,   47,    3,   18,   42,    4],
       [   1,    0,    4,    1,  909,    6,    8,    0,    5,   48],
       [   9,    4,    6,   58,   12,  739,   10,    9,   29,   16],
       [  12,    4,    3,    3,   20,   42,  868,    2,    4,    0],
       [   2,   11,   32,    5,   11,    1,    0,  917,   16,   33],
       [   3,    2,   14,   45,   12,   72,    5,    4,  786,   31],
       [   8,    1,    3,    7,   74,   17,    1,   32,   24,  842]])}, 29.704620457999997)
[2024-06-21 13:05:22,477][flwr][INFO] - configure_evaluate: no clients selected, skipping evaluation
[2024-06-21 13:05:22,477][flwr][INFO] - 
[2024-06-21 13:05:22,477][flwr][INFO] - [ROUND 5]
[2024-06-21 13:05:22,477][flwr][INFO] - configure_fit: strategy sampled 10 clients (out of 100)
[2024-06-21 13:05:27,793][flwr][INFO] - aggregate_fit: received 10 results and 0 failures
[2024-06-21 13:05:28,137][flwr][INFO] - fit progress: (5, 38.514978021383286, {'accuracy': 0.8865, 'precision': 0.8878159629272594, 'recall': 0.8865, 'f1': 0.8867097541393377, 'confusion_matrix': array([[ 959,    0,    1,    4,    0,    5,    6,    1,    4,    0],
       [   0, 1053,   50,    4,    0,    4,    3,    0,   21,    0],
       [   9,    7,  887,   45,   16,    1,   14,   20,   30,    3],
       [   3,    1,   22,  888,    2,   32,    4,   17,   29,   12],
       [   1,    0,    3,    1,  883,   13,   10,    0,    5,   66],
       [  10,    8,    2,   61,    4,  743,   13,    7,   28,   16],
       [  18,    4,    8,    1,   19,   34,  869,    0,    5,    0],
       [   5,   10,   42,    4,    8,    4,    0,  895,    9,   51],
       [   3,    3,   16,   46,    5,   56,   10,    5,  787,   43],
       [  10,    2,    4,   10,   41,   13,    0,   17,   11,  901]])}, 35.364811375)
[2024-06-21 13:05:28,137][flwr][INFO] - configure_evaluate: no clients selected, skipping evaluation
[2024-06-21 13:05:28,137][flwr][INFO] - 
[2024-06-21 13:05:28,137][flwr][INFO] - [ROUND 6]
[2024-06-21 13:05:28,138][flwr][INFO] - configure_fit: strategy sampled 10 clients (out of 100)
[2024-06-21 13:05:34,381][flwr][INFO] - aggregate_fit: received 10 results and 0 failures
[2024-06-21 13:05:34,723][flwr][INFO] - fit progress: (6, 34.65903836488724, {'accuracy': 0.8892, 'precision': 0.8931685429802139, 'recall': 0.8892, 'f1': 0.8883921210998112, 'confusion_matrix': array([[ 951,    0,    1,    5,    1,    6,   12,    1,    3,    0],
       [   0, 1098,   17,    5,    1,    4,    3,    0,    7,    0],
       [   8,   13,  907,   39,   19,    0,   15,   13,   15,    3],
       [   2,    1,   18,  937,    2,   10,    4,    8,   19,    9],
       [   1,    0,    4,    1,  931,    1,   10,    0,    3,   31],
       [  10,    9,    2,  105,   27,  670,   22,    5,   25,   17],
       [  17,    4,    3,    2,   14,   14,  900,    1,    3,    0],
       [   2,   19,   39,    9,   14,    0,    1,  890,    4,   50],
       [   4,   14,   18,   83,   27,   25,   11,    3,  721,   68],
       [  12,    5,    2,   17,   72,    4,    2,    6,    2,  887]])}, 41.95036412500001)
[2024-06-21 13:05:34,723][flwr][INFO] - configure_evaluate: no clients selected, skipping evaluation
[2024-06-21 13:05:34,723][flwr][INFO] - 
[2024-06-21 13:05:34,723][flwr][INFO] - [ROUND 7]
[2024-06-21 13:05:34,723][flwr][INFO] - configure_fit: strategy sampled 10 clients (out of 100)
[2024-06-21 13:05:40,476][flwr][INFO] - aggregate_fit: received 10 results and 0 failures
[2024-06-21 13:05:40,824][flwr][INFO] - fit progress: (7, 30.035133242607117, {'accuracy': 0.9058, 'precision': 0.9067160286809903, 'recall': 0.9058, 'f1': 0.9059684093116174, 'confusion_matrix': array([[ 959,    0,    0,    2,    0,    8,    8,    1,    2,    0],
       [   0, 1087,   13,    5,    1,    4,    3,    0,   22,    0],
       [   9,    9,  894,   36,   17,    0,   12,   24,   30,    1],
       [   3,    1,   14,  883,    4,   48,    3,   15,   32,    7],
       [   1,    0,    4,    1,  898,    9,    9,    0,    7,   53],
       [   9,    4,    1,   28,    5,  785,   11,    9,   30,   10],
       [  18,    4,    3,    0,   18,   26,  884,    0,    5,    0],
       [   2,   11,   29,    4,    9,    0,    1,  942,    9,   21],
       [   3,    4,    8,   19,    4,   74,    9,    6,  824,   23],
       [  11,    3,    2,    5,   39,   14,    1,   13,   19,  902]])}, 48.051977582999996)
[2024-06-21 13:05:40,825][flwr][INFO] - configure_evaluate: no clients selected, skipping evaluation
[2024-06-21 13:05:40,825][flwr][INFO] - 
[2024-06-21 13:05:40,825][flwr][INFO] - [ROUND 8]
[2024-06-21 13:05:40,825][flwr][INFO] - configure_fit: strategy sampled 10 clients (out of 100)
[2024-06-21 13:05:45,595][flwr][INFO] - aggregate_fit: received 10 results and 0 failures
[2024-06-21 13:05:46,029][flwr][INFO] - fit progress: (8, 29.4789622053504, {'accuracy': 0.909, 'precision': 0.909484734851581, 'recall': 0.909, 'f1': 0.9088235545938486, 'confusion_matrix': array([[ 961,    0,    0,    1,    0,    8,    7,    1,    2,    0],
       [   0, 1099,   14,    4,    1,    5,    3,    1,    8,    0],
       [   9,   12,  908,   22,   19,    1,   15,   24,   20,    2],
       [   3,    1,   20,  896,    3,   34,    3,   17,   23,   10],
       [   1,    0,    3,    2,  917,    8,    8,    1,    4,   38],
       [   9,    2,    1,   24,    6,  797,   12,   10,   20,   11],
       [  17,    4,    2,    0,   20,   36,  873,    1,    5,    0],
       [   2,   14,   32,    4,    9,    0,    0,  940,    3,   24],
       [   3,   12,   10,   21,    6,   66,    9,   14,  799,   34],
       [  13,    5,    2,    8,   39,   12,    1,   18,   11,  900]])}, 53.25608162500001)
[2024-06-21 13:05:46,030][flwr][INFO] - configure_evaluate: no clients selected, skipping evaluation
[2024-06-21 13:05:46,030][flwr][INFO] - 
[2024-06-21 13:05:46,030][flwr][INFO] - [ROUND 9]
[2024-06-21 13:05:46,031][flwr][INFO] - configure_fit: strategy sampled 10 clients (out of 100)
[2024-06-21 13:05:52,499][flwr][INFO] - aggregate_fit: received 10 results and 0 failures
[2024-06-21 13:05:52,857][flwr][INFO] - fit progress: (9, 27.51332538202405, {'accuracy': 0.9167, 'precision': 0.9172511544452895, 'recall': 0.9167, 'f1': 0.916674291644768, 'confusion_matrix': array([[ 962,    0,    0,    0,    0,    5,    8,    1,    4,    0],
       [   0, 1100,    8,    3,    0,    1,    3,    1,   19,    0],
       [   8,    6,  937,   14,   11,    0,   15,   16,   25,    0],
       [   3,    1,   29,  885,    1,   31,    4,   11,   41,    4],
       [   2,    0,    5,    1,  905,    4,   12,    1,    8,   44],
       [  10,    4,    1,   27,    3,  763,   18,   13,   46,    7],
       [  13,    3,    5,    0,    8,   20,  902,    2,    5,    0],
       [   2,   11,   45,    5,    8,    0,    0,  936,    5,   16],
       [   4,    6,   13,   17,    6,   25,   12,    4,  878,    9],
       [  15,    4,    3,    8,   37,    9,    0,   13,   21,  899]])}, 60.083975208)
[2024-06-21 13:05:52,857][flwr][INFO] - configure_evaluate: no clients selected, skipping evaluation
[2024-06-21 13:05:52,857][flwr][INFO] - 
[2024-06-21 13:05:52,857][flwr][INFO] - [ROUND 10]
[2024-06-21 13:05:52,858][flwr][INFO] - configure_fit: strategy sampled 10 clients (out of 100)
[2024-06-21 13:06:02,092][flwr][INFO] - aggregate_fit: received 10 results and 0 failures
[2024-06-21 13:06:02,467][flwr][INFO] - fit progress: (10, 27.811643570661545, {'accuracy': 0.9075, 'precision': 0.9099497113549105, 'recall': 0.9075, 'f1': 0.9073132624758384, 'confusion_matrix': array([[ 961,    0,    0,    1,    0,   10,    5,    1,    1,    1],
       [   0, 1100,   13,    5,    1,    6,    3,    0,    7,    0],
       [  10,    7,  924,   32,   13,    1,   10,   14,   15,    6],
       [   2,    0,   19,  920,    2,   25,    2,   12,    9,   19],
       [   1,    0,    4,    1,  894,   11,    8,    1,    4,   58],
       [  12,    1,    3,   39,    2,  806,    6,    6,    9,    8],
       [  20,    3,    6,    2,   21,   38,  864,    2,    2,    0],
       [   4,   12,   43,    5,    7,    2,    0,  929,    2,   24],
       [   4,    9,   15,   32,    8,   75,    5,   10,  747,   69],
       [  13,    5,    1,    7,   24,   12,    1,   13,    3,  930]])}, 69.69362025)
[2024-06-21 13:06:02,467][flwr][INFO] - configure_evaluate: no clients selected, skipping evaluation
[2024-06-21 13:06:02,467][flwr][INFO] - 
[2024-06-21 13:06:02,467][flwr][INFO] - [SUMMARY]
[2024-06-21 13:06:02,467][flwr][INFO] - Run finished 10 round(s) in 69.69s
[2024-06-21 13:06:02,471][flwr][INFO] - 	History (loss, centralized):
[2024-06-21 13:06:02,473][flwr][INFO] - 		round 0: 181.76928067207336
[2024-06-21 13:06:02,473][flwr][INFO] - 		round 1: 113.94633662700653
[2024-06-21 13:06:02,473][flwr][INFO] - 		round 2: 57.56355479359627
[2024-06-21 13:06:02,473][flwr][INFO] - 		round 3: 48.60077378153801
[2024-06-21 13:06:02,473][flwr][INFO] - 		round 4: 41.81729640066624
[2024-06-21 13:06:02,473][flwr][INFO] - 		round 5: 38.514978021383286
[2024-06-21 13:06:02,473][flwr][INFO] - 		round 6: 34.65903836488724
[2024-06-21 13:06:02,473][flwr][INFO] - 		round 7: 30.035133242607117
[2024-06-21 13:06:02,473][flwr][INFO] - 		round 8: 29.4789622053504
[2024-06-21 13:06:02,473][flwr][INFO] - 		round 9: 27.51332538202405
[2024-06-21 13:06:02,473][flwr][INFO] - 		round 10: 27.811643570661545
[2024-06-21 13:06:02,473][flwr][INFO] - 	History (metrics, centralized):
[2024-06-21 13:06:02,473][flwr][INFO] - 	{'accuracy': [(0, 0.1086),
[2024-06-21 13:06:02,473][flwr][INFO] - 	              (1, 0.6991),
[2024-06-21 13:06:02,474][flwr][INFO] - 	              (2, 0.8171),
[2024-06-21 13:06:02,474][flwr][INFO] - 	              (3, 0.8604),
[2024-06-21 13:06:02,474][flwr][INFO] - 	              (4, 0.8772),
[2024-06-21 13:06:02,474][flwr][INFO] - 	              (5, 0.8865),
[2024-06-21 13:06:02,474][flwr][INFO] - 	              (6, 0.8892),
[2024-06-21 13:06:02,474][flwr][INFO] - 	              (7, 0.9058),
[2024-06-21 13:06:02,474][flwr][INFO] - 	              (8, 0.909),
[2024-06-21 13:06:02,474][flwr][INFO] - 	              (9, 0.9167),
[2024-06-21 13:06:02,474][flwr][INFO] - 	              (10, 0.9075)],
[2024-06-21 13:06:02,474][flwr][INFO] - 	 'confusion_matrix': [(0,
[2024-06-21 13:06:02,474][flwr][INFO] - 	                       array([[   0,    8,    0,  956,    0,    1,    0,   15,    0,    0],
[2024-06-21 13:06:02,474][flwr][INFO] - 	       [   0,  122,    0, 1013,    0,    0,    0,    0,    0,    0],
[2024-06-21 13:06:02,474][flwr][INFO] - 	       [   0,   38,    0,  971,    0,    0,    3,   19,    1,    0],
[2024-06-21 13:06:02,474][flwr][INFO] - 	       [   0,   44,    0,  945,    1,    1,    0,   17,    2,    0],
[2024-06-21 13:06:02,474][flwr][INFO] - 	       [   0,  143,    0,  816,    1,    0,    2,   20,    0,    0],
[2024-06-21 13:06:02,474][flwr][INFO] - 	       [   0,  118,    0,  735,    1,    7,    0,   30,    1,    0],
[2024-06-21 13:06:02,474][flwr][INFO] - 	       [   0,  144,    0,  749,   25,    0,    2,   38,    0,    0],
[2024-06-21 13:06:02,474][flwr][INFO] - 	       [   0,  272,    0,  724,    8,    0,    0,    9,   15,    0],
[2024-06-21 13:06:02,474][flwr][INFO] - 	       [   0,   81,    0,  859,    1,    0,    1,   32,    0,    0],
[2024-06-21 13:06:02,474][flwr][INFO] - 	       [   0,  178,    0,  799,    1,    0,    0,   31,    0,    0]])),
[2024-06-21 13:06:02,474][flwr][INFO] - 	                      (1,
[2024-06-21 13:06:02,474][flwr][INFO] - 	                       array([[782,   0,   2,  14,   1,   3, 156,   3,   2,  17],
[2024-06-21 13:06:02,474][flwr][INFO] - 	       [  0, 887, 125,   2,   0,   0,   8,   0,   8, 105],
[2024-06-21 13:06:02,474][flwr][INFO] - 	       [ 11,   1, 788,  40,   5,   0,  69,  17,  16,  85],
[2024-06-21 13:06:02,474][flwr][INFO] - 	       [  5,   0,  32, 753,   2,   7,  46,  13,  35, 117],
[2024-06-21 13:06:02,474][flwr][INFO] - 	       [  0,   0,   0,   0, 525,   0,  56,  51,   0, 350],
[2024-06-21 13:06:02,474][flwr][INFO] - 	       [ 46,  10,  12,  87,  87, 262, 164,  24, 111,  89],
[2024-06-21 13:06:02,474][flwr][INFO] - 	       [  4,   1,   5,   1,   3,   4, 937,   1,   1,   1],
[2024-06-21 13:06:02,474][flwr][INFO] - 	       [  0,   3,  13,   2,   7,   0,   5, 808,   2, 188],
[2024-06-21 13:06:02,474][flwr][INFO] - 	       [ 17,   1,  25,  74,   5,   9,  57,  17, 452, 317],
[2024-06-21 13:06:02,474][flwr][INFO] - 	       [  7,   1,   0,   2,  37,   0,   5, 153,   7, 797]])),
[2024-06-21 13:06:02,474][flwr][INFO] - 	                      (2,
[2024-06-21 13:06:02,474][flwr][INFO] - 	                       array([[909,   0,   3,  10,   0,  37,  16,   1,   4,   0],
[2024-06-21 13:06:02,474][flwr][INFO] - 	       [  0, 882, 212,   6,   0,   6,   3,   0,  26,   0],
[2024-06-21 13:06:02,474][flwr][INFO] - 	       [  8,   0, 836,  95,  12,   6,  20,  19,  32,   4],
[2024-06-21 13:06:02,474][flwr][INFO] - 	       [  2,   0,  23, 881,   1,  42,   1,  12,  46,   2],
[2024-06-21 13:06:02,474][flwr][INFO] - 	       [  2,   0,   6,   0, 887,  19,  12,   1,  13,  42],
[2024-06-21 13:06:02,474][flwr][INFO] - 	       [ 13,   4,  16, 100,  15, 687,  11,   6,  30,  10],
[2024-06-21 13:06:02,474][flwr][INFO] - 	       [ 23,   2,  23,   3,   7,  45, 854,   1,   0,   0],
[2024-06-21 13:06:02,474][flwr][INFO] - 	       [  4,   2,  50,   6,  28,   0,   0, 867,  20,  51],
[2024-06-21 13:06:02,474][flwr][INFO] - 	       [  3,   0,  24, 112,  10, 120,   6,   7, 662,  30],
[2024-06-21 13:06:02,474][flwr][INFO] - 	       [  7,   0,   4,   6, 178,  26,   3,  34,  45, 706]])),
[2024-06-21 13:06:02,474][flwr][INFO] - 	                      (3,
[2024-06-21 13:06:02,474][flwr][INFO] - 	                       array([[ 929,    0,    0,    6,    0,   17,   17,    2,    4,    5],
[2024-06-21 13:06:02,474][flwr][INFO] - 	       [   0, 1085,   36,    3,    0,    1,    2,    1,    7,    0],
[2024-06-21 13:06:02,474][flwr][INFO] - 	       [   8,   19,  815,   95,   13,    1,   24,   26,   23,    8],
[2024-06-21 13:06:02,474][flwr][INFO] - 	       [   2,    4,   13,  910,    3,   23,    3,   20,   20,   12],
[2024-06-21 13:06:02,474][flwr][INFO] - 	       [   0,    0,    2,    1,  863,    2,   18,    3,    4,   89],
[2024-06-21 13:06:02,474][flwr][INFO] - 	       [  13,   20,    5,   98,   22,  646,   18,   18,   23,   29],
[2024-06-21 13:06:02,474][flwr][INFO] - 	       [  19,    6,    3,    1,    9,   21,  897,    1,    1,    0],
[2024-06-21 13:06:02,474][flwr][INFO] - 	       [   1,   15,   40,    5,    9,    0,    0,  919,    3,   36],
[2024-06-21 13:06:02,475][flwr][INFO] - 	       [   4,   13,   26,   91,   14,   62,    9,    8,  657,   90],
[2024-06-21 13:06:02,475][flwr][INFO] - 	       [   7,    5,    1,    9,   40,   10,    2,   43,    9,  883]])),
[2024-06-21 13:06:02,475][flwr][INFO] - 	                      (4,
[2024-06-21 13:06:02,475][flwr][INFO] - 	                       array([[ 924,    0,    0,   10,    0,   24,   12,    1,    7,    2],
[2024-06-21 13:06:02,475][flwr][INFO] - 	       [   0, 1044,   51,    3,    1,    7,    3,    1,   25,    0],
[2024-06-21 13:06:02,475][flwr][INFO] - 	       [   4,    5,  867,   54,   15,    3,   15,   21,   45,    3],
[2024-06-21 13:06:02,475][flwr][INFO] - 	       [   1,    1,   16,  876,    2,   47,    3,   18,   42,    4],
[2024-06-21 13:06:02,475][flwr][INFO] - 	       [   1,    0,    4,    1,  909,    6,    8,    0,    5,   48],
[2024-06-21 13:06:02,475][flwr][INFO] - 	       [   9,    4,    6,   58,   12,  739,   10,    9,   29,   16],
[2024-06-21 13:06:02,475][flwr][INFO] - 	       [  12,    4,    3,    3,   20,   42,  868,    2,    4,    0],
[2024-06-21 13:06:02,475][flwr][INFO] - 	       [   2,   11,   32,    5,   11,    1,    0,  917,   16,   33],
[2024-06-21 13:06:02,475][flwr][INFO] - 	       [   3,    2,   14,   45,   12,   72,    5,    4,  786,   31],
[2024-06-21 13:06:02,475][flwr][INFO] - 	       [   8,    1,    3,    7,   74,   17,    1,   32,   24,  842]])),
[2024-06-21 13:06:02,475][flwr][INFO] - 	                      (5,
[2024-06-21 13:06:02,475][flwr][INFO] - 	                       array([[ 959,    0,    1,    4,    0,    5,    6,    1,    4,    0],
[2024-06-21 13:06:02,475][flwr][INFO] - 	       [   0, 1053,   50,    4,    0,    4,    3,    0,   21,    0],
[2024-06-21 13:06:02,475][flwr][INFO] - 	       [   9,    7,  887,   45,   16,    1,   14,   20,   30,    3],
[2024-06-21 13:06:02,475][flwr][INFO] - 	       [   3,    1,   22,  888,    2,   32,    4,   17,   29,   12],
[2024-06-21 13:06:02,475][flwr][INFO] - 	       [   1,    0,    3,    1,  883,   13,   10,    0,    5,   66],
[2024-06-21 13:06:02,475][flwr][INFO] - 	       [  10,    8,    2,   61,    4,  743,   13,    7,   28,   16],
[2024-06-21 13:06:02,475][flwr][INFO] - 	       [  18,    4,    8,    1,   19,   34,  869,    0,    5,    0],
[2024-06-21 13:06:02,475][flwr][INFO] - 	       [   5,   10,   42,    4,    8,    4,    0,  895,    9,   51],
[2024-06-21 13:06:02,475][flwr][INFO] - 	       [   3,    3,   16,   46,    5,   56,   10,    5,  787,   43],
[2024-06-21 13:06:02,475][flwr][INFO] - 	       [  10,    2,    4,   10,   41,   13,    0,   17,   11,  901]])),
[2024-06-21 13:06:02,475][flwr][INFO] - 	                      (6,
[2024-06-21 13:06:02,475][flwr][INFO] - 	                       array([[ 951,    0,    1,    5,    1,    6,   12,    1,    3,    0],
[2024-06-21 13:06:02,475][flwr][INFO] - 	       [   0, 1098,   17,    5,    1,    4,    3,    0,    7,    0],
[2024-06-21 13:06:02,475][flwr][INFO] - 	       [   8,   13,  907,   39,   19,    0,   15,   13,   15,    3],
[2024-06-21 13:06:02,475][flwr][INFO] - 	       [   2,    1,   18,  937,    2,   10,    4,    8,   19,    9],
[2024-06-21 13:06:02,475][flwr][INFO] - 	       [   1,    0,    4,    1,  931,    1,   10,    0,    3,   31],
[2024-06-21 13:06:02,475][flwr][INFO] - 	       [  10,    9,    2,  105,   27,  670,   22,    5,   25,   17],
[2024-06-21 13:06:02,475][flwr][INFO] - 	       [  17,    4,    3,    2,   14,   14,  900,    1,    3,    0],
[2024-06-21 13:06:02,475][flwr][INFO] - 	       [   2,   19,   39,    9,   14,    0,    1,  890,    4,   50],
[2024-06-21 13:06:02,475][flwr][INFO] - 	       [   4,   14,   18,   83,   27,   25,   11,    3,  721,   68],
[2024-06-21 13:06:02,475][flwr][INFO] - 	       [  12,    5,    2,   17,   72,    4,    2,    6,    2,  887]])),
[2024-06-21 13:06:02,475][flwr][INFO] - 	                      (7,
[2024-06-21 13:06:02,475][flwr][INFO] - 	                       array([[ 959,    0,    0,    2,    0,    8,    8,    1,    2,    0],
[2024-06-21 13:06:02,475][flwr][INFO] - 	       [   0, 1087,   13,    5,    1,    4,    3,    0,   22,    0],
[2024-06-21 13:06:02,475][flwr][INFO] - 	       [   9,    9,  894,   36,   17,    0,   12,   24,   30,    1],
[2024-06-21 13:06:02,475][flwr][INFO] - 	       [   3,    1,   14,  883,    4,   48,    3,   15,   32,    7],
[2024-06-21 13:06:02,475][flwr][INFO] - 	       [   1,    0,    4,    1,  898,    9,    9,    0,    7,   53],
[2024-06-21 13:06:02,475][flwr][INFO] - 	       [   9,    4,    1,   28,    5,  785,   11,    9,   30,   10],
[2024-06-21 13:06:02,475][flwr][INFO] - 	       [  18,    4,    3,    0,   18,   26,  884,    0,    5,    0],
[2024-06-21 13:06:02,475][flwr][INFO] - 	       [   2,   11,   29,    4,    9,    0,    1,  942,    9,   21],
[2024-06-21 13:06:02,475][flwr][INFO] - 	       [   3,    4,    8,   19,    4,   74,    9,    6,  824,   23],
[2024-06-21 13:06:02,475][flwr][INFO] - 	       [  11,    3,    2,    5,   39,   14,    1,   13,   19,  902]])),
[2024-06-21 13:06:02,475][flwr][INFO] - 	                      (8,
[2024-06-21 13:06:02,475][flwr][INFO] - 	                       array([[ 961,    0,    0,    1,    0,    8,    7,    1,    2,    0],
[2024-06-21 13:06:02,475][flwr][INFO] - 	       [   0, 1099,   14,    4,    1,    5,    3,    1,    8,    0],
[2024-06-21 13:06:02,475][flwr][INFO] - 	       [   9,   12,  908,   22,   19,    1,   15,   24,   20,    2],
[2024-06-21 13:06:02,475][flwr][INFO] - 	       [   3,    1,   20,  896,    3,   34,    3,   17,   23,   10],
[2024-06-21 13:06:02,475][flwr][INFO] - 	       [   1,    0,    3,    2,  917,    8,    8,    1,    4,   38],
[2024-06-21 13:06:02,476][flwr][INFO] - 	       [   9,    2,    1,   24,    6,  797,   12,   10,   20,   11],
[2024-06-21 13:06:02,476][flwr][INFO] - 	       [  17,    4,    2,    0,   20,   36,  873,    1,    5,    0],
[2024-06-21 13:06:02,476][flwr][INFO] - 	       [   2,   14,   32,    4,    9,    0,    0,  940,    3,   24],
[2024-06-21 13:06:02,476][flwr][INFO] - 	       [   3,   12,   10,   21,    6,   66,    9,   14,  799,   34],
[2024-06-21 13:06:02,476][flwr][INFO] - 	       [  13,    5,    2,    8,   39,   12,    1,   18,   11,  900]])),
[2024-06-21 13:06:02,476][flwr][INFO] - 	                      (9,
[2024-06-21 13:06:02,476][flwr][INFO] - 	                       array([[ 962,    0,    0,    0,    0,    5,    8,    1,    4,    0],
[2024-06-21 13:06:02,476][flwr][INFO] - 	       [   0, 1100,    8,    3,    0,    1,    3,    1,   19,    0],
[2024-06-21 13:06:02,476][flwr][INFO] - 	       [   8,    6,  937,   14,   11,    0,   15,   16,   25,    0],
[2024-06-21 13:06:02,476][flwr][INFO] - 	       [   3,    1,   29,  885,    1,   31,    4,   11,   41,    4],
[2024-06-21 13:06:02,476][flwr][INFO] - 	       [   2,    0,    5,    1,  905,    4,   12,    1,    8,   44],
[2024-06-21 13:06:02,476][flwr][INFO] - 	       [  10,    4,    1,   27,    3,  763,   18,   13,   46,    7],
[2024-06-21 13:06:02,476][flwr][INFO] - 	       [  13,    3,    5,    0,    8,   20,  902,    2,    5,    0],
[2024-06-21 13:06:02,476][flwr][INFO] - 	       [   2,   11,   45,    5,    8,    0,    0,  936,    5,   16],
[2024-06-21 13:06:02,476][flwr][INFO] - 	       [   4,    6,   13,   17,    6,   25,   12,    4,  878,    9],
[2024-06-21 13:06:02,476][flwr][INFO] - 	       [  15,    4,    3,    8,   37,    9,    0,   13,   21,  899]])),
[2024-06-21 13:06:02,476][flwr][INFO] - 	                      (10,
[2024-06-21 13:06:02,476][flwr][INFO] - 	                       array([[ 961,    0,    0,    1,    0,   10,    5,    1,    1,    1],
[2024-06-21 13:06:02,476][flwr][INFO] - 	       [   0, 1100,   13,    5,    1,    6,    3,    0,    7,    0],
[2024-06-21 13:06:02,476][flwr][INFO] - 	       [  10,    7,  924,   32,   13,    1,   10,   14,   15,    6],
[2024-06-21 13:06:02,476][flwr][INFO] - 	       [   2,    0,   19,  920,    2,   25,    2,   12,    9,   19],
[2024-06-21 13:06:02,476][flwr][INFO] - 	       [   1,    0,    4,    1,  894,   11,    8,    1,    4,   58],
[2024-06-21 13:06:02,476][flwr][INFO] - 	       [  12,    1,    3,   39,    2,  806,    6,    6,    9,    8],
[2024-06-21 13:06:02,476][flwr][INFO] - 	       [  20,    3,    6,    2,   21,   38,  864,    2,    2,    0],
[2024-06-21 13:06:02,476][flwr][INFO] - 	       [   4,   12,   43,    5,    7,    2,    0,  929,    2,   24],
[2024-06-21 13:06:02,476][flwr][INFO] - 	       [   4,    9,   15,   32,    8,   75,    5,   10,  747,   69],
[2024-06-21 13:06:02,476][flwr][INFO] - 	       [  13,    5,    1,    7,   24,   12,    1,   13,    3,  930]]))],
[2024-06-21 13:06:02,476][flwr][INFO] - 	 'f1': [(0, 0.03553137346181725),
[2024-06-21 13:06:02,476][flwr][INFO] - 	        (1, 0.6987075462887715),
[2024-06-21 13:06:02,476][flwr][INFO] - 	        (2, 0.8183436102686453),
[2024-06-21 13:06:02,476][flwr][INFO] - 	        (3, 0.8591767196896078),
[2024-06-21 13:06:02,476][flwr][INFO] - 	        (4, 0.8778119983526563),
[2024-06-21 13:06:02,476][flwr][INFO] - 	        (5, 0.8867097541393377),
[2024-06-21 13:06:02,476][flwr][INFO] - 	        (6, 0.8883921210998112),
[2024-06-21 13:06:02,476][flwr][INFO] - 	        (7, 0.9059684093116174),
[2024-06-21 13:06:02,476][flwr][INFO] - 	        (8, 0.9088235545938486),
[2024-06-21 13:06:02,476][flwr][INFO] - 	        (9, 0.916674291644768),
[2024-06-21 13:06:02,476][flwr][INFO] - 	        (10, 0.9073132624758384)],
[2024-06-21 13:06:02,476][flwr][INFO] - 	 'precision': [(0, 0.12349967530374152),
[2024-06-21 13:06:02,476][flwr][INFO] - 	               (1, 0.7616353017554135),
[2024-06-21 13:06:02,476][flwr][INFO] - 	               (2, 0.8279672077178035),
[2024-06-21 13:06:02,476][flwr][INFO] - 	               (3, 0.8637127043441798),
[2024-06-21 13:06:02,476][flwr][INFO] - 	               (4, 0.8793082147270679),
[2024-06-21 13:06:02,476][flwr][INFO] - 	               (5, 0.8878159629272594),
[2024-06-21 13:06:02,476][flwr][INFO] - 	               (6, 0.8931685429802139),
[2024-06-21 13:06:02,476][flwr][INFO] - 	               (7, 0.9067160286809903),
[2024-06-21 13:06:02,476][flwr][INFO] - 	               (8, 0.909484734851581),
[2024-06-21 13:06:02,476][flwr][INFO] - 	               (9, 0.9172511544452895),
[2024-06-21 13:06:02,476][flwr][INFO] - 	               (10, 0.9099497113549105)],
[2024-06-21 13:06:02,476][flwr][INFO] - 	 'recall': [(0, 0.1086),
[2024-06-21 13:06:02,476][flwr][INFO] - 	            (1, 0.6991),
[2024-06-21 13:06:02,476][flwr][INFO] - 	            (2, 0.8171),
[2024-06-21 13:06:02,476][flwr][INFO] - 	            (3, 0.8604),
[2024-06-21 13:06:02,476][flwr][INFO] - 	            (4, 0.8772),
[2024-06-21 13:06:02,477][flwr][INFO] - 	            (5, 0.8865),
[2024-06-21 13:06:02,477][flwr][INFO] - 	            (6, 0.8892),
[2024-06-21 13:06:02,477][flwr][INFO] - 	            (7, 0.9058),
[2024-06-21 13:06:02,477][flwr][INFO] - 	            (8, 0.909),
[2024-06-21 13:06:02,477][flwr][INFO] - 	            (9, 0.9167),
[2024-06-21 13:06:02,477][flwr][INFO] - 	            (10, 0.9075)]}
[2024-06-21 13:06:02,477][flwr][INFO] - 
