[2024-07-08 18:37:25,262][flwr][INFO] - Starting Flower simulation, config: num_rounds=10, no round_timeout
[2024-07-08 18:37:27,324][flwr][INFO] - Flower VCE: Ray initialized with resources: {'node:__internal_head__': 1.0, 'CPU': 12.0, 'object_store_memory': 2147483648.0, 'node:127.0.0.1': 1.0, 'memory': 8805326848.0}
[2024-07-08 18:37:27,325][flwr][INFO] - Optimize your simulation with Flower VCE: https://flower.ai/docs/framework/how-to-run-simulations.html
[2024-07-08 18:37:27,325][flwr][INFO] - Flower VCE: Resources for each Virtual Client: {'num_cpus': 2, 'num_gpus': 0}
[2024-07-08 18:37:27,331][flwr][INFO] - Flower VCE: Creating VirtualClientEngineActorPool with 6 actors
[2024-07-08 18:37:27,331][flwr][INFO] - [INIT]
[2024-07-08 18:37:27,331][flwr][INFO] - Requesting initial parameters from one random client
[2024-07-08 18:37:28,773][flwr][INFO] - Received initial parameters from one random client
[2024-07-08 18:37:28,773][flwr][INFO] - Evaluating initial global parameters
[2024-07-08 18:37:29,107][flwr][INFO] - initial parameters (loss, other metrics): 181.76928067207336, {'accuracy': 0.1086, 'precision': 0.12349967530374152, 'recall': 0.1086, 'f1': 0.03553137346181725, 'confusion_matrix': array([[   0,    8,    0,  956,    0,    1,    0,   15,    0,    0],
       [   0,  122,    0, 1013,    0,    0,    0,    0,    0,    0],
       [   0,   38,    0,  971,    0,    0,    3,   19,    1,    0],
       [   0,   44,    0,  945,    1,    1,    0,   17,    2,    0],
       [   0,  143,    0,  816,    1,    0,    2,   20,    0,    0],
       [   0,  118,    0,  735,    1,    7,    0,   30,    1,    0],
       [   0,  144,    0,  749,   25,    0,    2,   38,    0,    0],
       [   0,  272,    0,  724,    8,    0,    0,    9,   15,    0],
       [   0,   81,    0,  859,    1,    0,    1,   32,    0,    0],
       [   0,  178,    0,  799,    1,    0,    0,   31,    0,    0]])}
[2024-07-08 18:37:29,108][flwr][INFO] - 
[2024-07-08 18:37:29,108][flwr][INFO] - [ROUND 1]
[2024-07-08 18:37:29,108][flwr][INFO] - configure_fit: strategy sampled 10 clients (out of 10)
[2024-07-08 18:37:36,759][flwr][INFO] - aggregate_fit: received 10 results and 0 failures
[2024-07-08 18:37:36,765][flwr][WARNING] - No fit_metrics_aggregation_fn provided
[2024-07-08 18:37:37,097][flwr][INFO] - fit progress: (1, 277.7714593410492, {'accuracy': 0.0132, 'precision': 0.010941171810256237, 'recall': 0.0132, 'f1': 0.011941523382002819, 'confusion_matrix': array([[   0,  954,    0,    4,    0,    1,    5,   14,    2,    0],
       [   0,    0, 1026,   95,    0,    0,    3,    4,    2,    5],
       [   2,   12,    1,  970,    1,    5,    5,   26,    8,    2],
       [  13,   17,    2,   90,  689,    0,  159,    4,   23,   13],
       [  88,    0,    1,    4,    0,  850,    1,   33,    3,    2],
       [  12,   37,    2,   11,    3,    8,  790,   19,    6,    4],
       [   0,   11,    2,    5,    0,    3,   14,  923,    0,    0],
       [  60,    0,    6,   33,    0,    5,    1,    0,  923,    0],
       [  44,   18,    7,   48,    7,   10,  298,   28,   19,  495],
       [ 914,    4,    3,    3,    0,   32,   25,    5,   23,    0]])}, 7.989833083000001)
[2024-07-08 18:37:37,098][flwr][INFO] - configure_evaluate: no clients selected, skipping evaluation
[2024-07-08 18:37:37,098][flwr][INFO] - 
[2024-07-08 18:37:37,098][flwr][INFO] - [ROUND 2]
[2024-07-08 18:37:37,098][flwr][INFO] - configure_fit: strategy sampled 10 clients (out of 10)
[2024-07-08 18:37:43,337][flwr][INFO] - aggregate_fit: received 10 results and 0 failures
[2024-07-08 18:37:43,667][flwr][INFO] - fit progress: (2, 570.0089344978333, {'accuracy': 0.0096, 'precision': 0.009362835347084451, 'recall': 0.0096, 'f1': 0.0094656050385394, 'confusion_matrix': array([[   0,  963,    0,    0,    1,    2,    3,    8,    2,    1],
       [   0,    0, 1118,    5,    1,    0,    1,    3,    1,    6],
       [   1,    8,    2,  977,    3,   14,    1,    9,    7,   10],
       [   4,    2,    4,   38,  892,    1,   34,    1,   15,   19],
       [  26,    1,    1,    4,    0,  936,    0,   10,    1,    3],
       [  12,    9,    1,    5,   15,   15,  811,    8,    2,   14],
       [   0,    8,    3,    4,    0,   12,   23,  903,    0,    5],
       [  31,    0,   10,   25,    2,   10,    1,    0,  949,    0],
       [   9,    6,   10,    7,   10,   15,   10,    8,    9,  890],
       [ 929,    4,    6,    2,    6,   39,    7,    1,    6,    9]])}, 14.559144499999999)
[2024-07-08 18:37:43,667][flwr][INFO] - configure_evaluate: no clients selected, skipping evaluation
[2024-07-08 18:37:43,667][flwr][INFO] - 
[2024-07-08 18:37:43,667][flwr][INFO] - [ROUND 3]
[2024-07-08 18:37:43,667][flwr][INFO] - configure_fit: strategy sampled 10 clients (out of 10)
[2024-07-08 18:37:50,764][flwr][INFO] - aggregate_fit: received 10 results and 0 failures
[2024-07-08 18:37:51,113][flwr][INFO] - fit progress: (3, 600.1548142433167, {'accuracy': 0.0053, 'precision': 0.005311520652683221, 'recall': 0.0053, 'f1': 0.005299744176293947, 'confusion_matrix': array([[   2,  956,    0,    0,    0,    1,    4,   11,    3,    3],
       [   0,    0, 1116,    3,    3,    0,    1,    4,    0,    8],
       [   1,    6,    0,  989,    8,    8,    1,    7,    5,    7],
       [   4,    0,    1,   19,  936,    1,   15,    0,   11,   23],
       [  24,    0,    0,    4,    0,  936,    0,   14,    1,    3],
       [   8,    6,    1,    3,   19,    5,  824,   10,    2,   14],
       [   0,    4,    3,    0,    1,   10,   12,  921,    0,    7],
       [  24,    1,    9,   24,    5,    7,    0,    0,  957,    1],
       [   5,    3,    5,    4,   11,    7,    4,    9,    4,  922],
       [ 938,    4,    7,    1,   11,   32,    0,    1,    4,   11]])}, 22.005868333)
[2024-07-08 18:37:51,114][flwr][INFO] - configure_evaluate: no clients selected, skipping evaluation
[2024-07-08 18:37:51,114][flwr][INFO] - 
[2024-07-08 18:37:51,114][flwr][INFO] - [ROUND 4]
[2024-07-08 18:37:51,114][flwr][INFO] - configure_fit: strategy sampled 10 clients (out of 10)
[2024-07-08 18:37:57,883][flwr][INFO] - aggregate_fit: received 10 results and 0 failures
[2024-07-08 18:37:58,229][flwr][INFO] - fit progress: (4, 653.8934683799744, {'accuracy': 0.0051, 'precision': 0.005045762444575895, 'recall': 0.0051, 'f1': 0.005069258583371577, 'confusion_matrix': array([[   0,  967,    0,    0,    0,    0,    2,    6,    2,    3],
       [   0,    0, 1121,    2,    2,    0,    1,    3,    0,    6],
       [   0,    5,    3,  993,    8,    3,    0,    4,    7,    9],
       [   1,    0,    3,   18,  932,    1,   11,    0,   11,   33],
       [  18,    1,    0,    3,    0,  937,    0,   17,    2,    4],
       [   5,    4,    2,    2,   10,    2,  846,    9,    1,   11],
       [   0,    6,    3,    0,    1,    5,    8,  931,    0,    4],
       [  16,    1,    9,   17,    2,    4,    0,    0,  978,    1],
       [   3,    2,    4,    5,    6,    5,    5,   10,    5,  929],
       [ 936,    3,    6,    0,   10,   29,    2,    1,    7,   15]])}, 29.122102583)
[2024-07-08 18:37:58,230][flwr][INFO] - configure_evaluate: no clients selected, skipping evaluation
[2024-07-08 18:37:58,230][flwr][INFO] - 
[2024-07-08 18:37:58,230][flwr][INFO] - [ROUND 5]
[2024-07-08 18:37:58,230][flwr][INFO] - configure_fit: strategy sampled 10 clients (out of 10)
[2024-07-08 18:38:05,186][flwr][INFO] - aggregate_fit: received 10 results and 0 failures
[2024-07-08 18:38:05,541][flwr][INFO] - fit progress: (5, 700.9200353622437, {'accuracy': 0.0055, 'precision': 0.005458588623652078, 'recall': 0.0055, 'f1': 0.0054733725247300795, 'confusion_matrix': array([[   2,  962,    0,    0,    0,    0,    1,    5,    3,    7],
       [   0,    0, 1121,    3,    2,    0,    0,    2,    0,    7],
       [   0,    3,    1, 1002,    7,    3,    1,    2,    7,    6],
       [   1,    0,    2,   15,  944,    0,    9,    0,    7,   32],
       [  27,    1,    0,    4,    0,  929,    0,   11,    2,    8],
       [   6,    2,    2,    1,   14,    3,  837,    7,    3,   17],
       [   0,    4,    4,    1,    1,    4,   13,  922,    0,    9],
       [  16,    1,    9,   17,    2,    3,    0,    0,  977,    3],
       [   1,    0,    1,    4,    4,    3,    2,    5,    3,  951],
       [ 947,    3,    6,    0,    8,   20,    1,    1,    5,   18]])}, 36.433743417)
[2024-07-08 18:38:05,541][flwr][INFO] - configure_evaluate: no clients selected, skipping evaluation
[2024-07-08 18:38:05,541][flwr][INFO] - 
[2024-07-08 18:38:05,542][flwr][INFO] - [ROUND 6]
[2024-07-08 18:38:05,542][flwr][INFO] - configure_fit: strategy sampled 10 clients (out of 10)
[2024-07-08 18:38:11,748][flwr][INFO] - aggregate_fit: received 10 results and 0 failures
[2024-07-08 18:38:12,083][flwr][INFO] - fit progress: (6, 778.1989116668701, {'accuracy': 0.005, 'precision': 0.004967136757815858, 'recall': 0.005, 'f1': 0.004981357260520655, 'confusion_matrix': array([[   1,  971,    0,    0,    0,    0,    0,    2,    2,    4],
       [   0,    0, 1117,    5,    2,    0,    1,    3,    1,    6],
       [   1,    5,    0, 1008,    2,    3,    1,    0,    8,    4],
       [   1,    0,    0,   17,  945,    0,   21,    0,    8,   18],
       [  19,    1,    0,    3,    0,  948,    0,    5,    3,    3],
       [   4,    3,    0,    1,    4,    1,  866,    6,    2,    5],
       [   0,    6,    3,    1,    1,    9,   13,  919,    0,    6],
       [  13,    1,    7,   15,    1,    5,    0,    0,  984,    2],
       [   3,    3,    1,    5,    5,    3,    9,    2,    6,  937],
       [ 944,    5,    6,    0,    9,   23,    2,    0,    8,   12]])}, 42.975396)
[2024-07-08 18:38:12,083][flwr][INFO] - configure_evaluate: no clients selected, skipping evaluation
[2024-07-08 18:38:12,083][flwr][INFO] - 
[2024-07-08 18:38:12,083][flwr][INFO] - [ROUND 7]
[2024-07-08 18:38:12,083][flwr][INFO] - configure_fit: strategy sampled 10 clients (out of 10)
[2024-07-08 18:38:18,329][flwr][INFO] - aggregate_fit: received 10 results and 0 failures
[2024-07-08 18:38:18,671][flwr][INFO] - fit progress: (7, 816.2408638000488, {'accuracy': 0.0045, 'precision': 0.004487286382583313, 'recall': 0.0045, 'f1': 0.004490918014227961, 'confusion_matrix': array([[   3,  965,    0,    0,    0,    0,    2,    3,    3,    4],
       [   0,    0, 1116,    3,    2,    0,    1,    1,    1,   11],
       [   0,    4,    0, 1004,    8,    3,    1,    0,    6,    6],
       [   0,    0,    0,   10,  977,    0,    4,    0,    4,   15],
       [  22,    1,    0,    3,    0,  939,    0,    7,    2,    8],
       [   1,    2,    0,    1,   14,    1,  856,    6,    1,   10],
       [   0,    5,    3,    1,    1,    5,   10,  925,    0,    8],
       [  11,    1,    8,   16,    9,    4,    0,    0,  976,    3],
       [   1,    1,    0,    2,    4,    3,    4,    1,    2,  956],
       [ 950,    3,    5,    0,    9,   13,    2,    1,    7,   19]])}, 49.564108917)
[2024-07-08 18:38:18,672][flwr][INFO] - configure_evaluate: no clients selected, skipping evaluation
[2024-07-08 18:38:18,672][flwr][INFO] - 
[2024-07-08 18:38:18,672][flwr][INFO] - [ROUND 8]
[2024-07-08 18:38:18,672][flwr][INFO] - configure_fit: strategy sampled 10 clients (out of 10)
[2024-07-08 18:38:25,413][flwr][INFO] - aggregate_fit: received 10 results and 0 failures
[2024-07-08 18:38:25,751][flwr][INFO] - fit progress: (8, 894.4775533676147, {'accuracy': 0.0039, 'precision': 0.003890096848702923, 'recall': 0.0039, 'f1': 0.003892396266499879, 'confusion_matrix': array([[   0,  969,    1,    0,    0,    0,    5,    1,    1,    3],
       [   0,    0, 1117,    2,    2,    0,    1,    2,    1,   10],
       [   0,    3,    1,  996,   10,    3,    1,    1,    8,    9],
       [   5,    0,    1,    5,  939,    0,   16,    0,    8,   36],
       [  21,    1,    0,    5,    0,  938,    0,    5,    3,    9],
       [   5,    1,    0,    1,    4,    1,  863,    5,    1,   11],
       [   0,    4,    4,    0,    1,    4,   17,  918,    0,   10],
       [  13,    1,    9,   12,    2,    2,    0,    0,  985,    4],
       [   1,    1,    0,    2,    3,    1,    4,    1,    1,  960],
       [ 964,    3,    6,    0,    3,   12,    2,    1,    4,   14]])}, 56.643732167)
[2024-07-08 18:38:25,751][flwr][INFO] - configure_evaluate: no clients selected, skipping evaluation
[2024-07-08 18:38:25,751][flwr][INFO] - 
[2024-07-08 18:38:25,751][flwr][INFO] - [ROUND 9]
[2024-07-08 18:38:25,752][flwr][INFO] - configure_fit: strategy sampled 10 clients (out of 10)
[2024-07-08 18:38:32,038][flwr][INFO] - aggregate_fit: received 10 results and 0 failures
[2024-07-08 18:38:32,377][flwr][INFO] - fit progress: (9, 917.8861885070801, {'accuracy': 0.0036, 'precision': 0.003581158737797027, 'recall': 0.0036, 'f1': 0.003586473863926843, 'confusion_matrix': array([[   1,  971,    1,    0,    0,    0,    0,    1,    1,    5],
       [   0,    0, 1109,    4,    1,    0,    1,    1,    0,   19],
       [   0,    4,    0, 1001,    8,    2,    1,    0,    7,    9],
       [   4,    0,    0,    8,  947,    0,    7,    0,    6,   38],
       [  29,    1,    0,    4,    0,  935,    0,    5,    3,    5],
       [   9,    3,    0,    1,    8,    1,  852,    6,    1,   11],
       [   0,    6,    3,    1,    1,    4,   11,  923,    0,    9],
       [  19,    1,    9,   12,    4,    1,    0,    0,  974,    8],
       [   2,    1,    0,    1,    2,    3,    2,    1,    1,  961],
       [ 970,    4,    5,    0,    3,    7,    2,    0,    4,   14]])}, 63.270234833)
[2024-07-08 18:38:32,378][flwr][INFO] - configure_evaluate: no clients selected, skipping evaluation
[2024-07-08 18:38:32,378][flwr][INFO] - 
[2024-07-08 18:38:32,378][flwr][INFO] - [ROUND 10]
[2024-07-08 18:38:32,378][flwr][INFO] - configure_fit: strategy sampled 10 clients (out of 10)
[2024-07-08 18:38:38,666][flwr][INFO] - aggregate_fit: received 10 results and 0 failures
[2024-07-08 18:38:39,003][flwr][INFO] - fit progress: (10, 954.574969291687, {'accuracy': 0.0042, 'precision': 0.004037308565415006, 'recall': 0.0042, 'f1': 0.004113830463132838, 'confusion_matrix': array([[   3,  968,    1,    0,    0,    0,    0,    3,    1,    4],
       [   0,    0, 1111,    3,    0,    0,    0,    1,    0,   20],
       [   0,    5,    3,  995,    4,    3,    1,    1,    6,   14],
       [   4,    1,    0,    8,  941,    0,   11,    0,    6,   39],
       [   8,    1,    0,    2,    0,  960,    0,    5,    1,    5],
       [   3,    1,    0,    1,    6,    1,  861,    5,    1,   13],
       [   0,    5,    3,    2,    0,    6,    5,  928,    0,    9],
       [  20,    1,    8,   10,    3,    6,    0,    0,  971,    9],
       [   1,    3,    1,    0,    1,    2,    4,    1,    2,  959],
       [ 956,    2,    4,    0,    3,   21,    1,    1,    1,   20]])}, 69.896285583)
[2024-07-08 18:38:39,004][flwr][INFO] - configure_evaluate: no clients selected, skipping evaluation
[2024-07-08 18:38:39,004][flwr][INFO] - 
[2024-07-08 18:38:39,004][flwr][INFO] - [SUMMARY]
[2024-07-08 18:38:39,004][flwr][INFO] - Run finished 10 round(s) in 69.90s
[2024-07-08 18:38:39,007][flwr][INFO] - 	History (loss, centralized):
[2024-07-08 18:38:39,008][flwr][INFO] - 		round 0: 181.76928067207336
[2024-07-08 18:38:39,008][flwr][INFO] - 		round 1: 277.7714593410492
[2024-07-08 18:38:39,008][flwr][INFO] - 		round 2: 570.0089344978333
[2024-07-08 18:38:39,008][flwr][INFO] - 		round 3: 600.1548142433167
[2024-07-08 18:38:39,008][flwr][INFO] - 		round 4: 653.8934683799744
[2024-07-08 18:38:39,008][flwr][INFO] - 		round 5: 700.9200353622437
[2024-07-08 18:38:39,008][flwr][INFO] - 		round 6: 778.1989116668701
[2024-07-08 18:38:39,008][flwr][INFO] - 		round 7: 816.2408638000488
[2024-07-08 18:38:39,008][flwr][INFO] - 		round 8: 894.4775533676147
[2024-07-08 18:38:39,008][flwr][INFO] - 		round 9: 917.8861885070801
[2024-07-08 18:38:39,008][flwr][INFO] - 		round 10: 954.574969291687
[2024-07-08 18:38:39,008][flwr][INFO] - 	History (metrics, centralized):
[2024-07-08 18:38:39,008][flwr][INFO] - 	{'accuracy': [(0, 0.1086),
[2024-07-08 18:38:39,008][flwr][INFO] - 	              (1, 0.0132),
[2024-07-08 18:38:39,008][flwr][INFO] - 	              (2, 0.0096),
[2024-07-08 18:38:39,008][flwr][INFO] - 	              (3, 0.0053),
[2024-07-08 18:38:39,008][flwr][INFO] - 	              (4, 0.0051),
[2024-07-08 18:38:39,008][flwr][INFO] - 	              (5, 0.0055),
[2024-07-08 18:38:39,008][flwr][INFO] - 	              (6, 0.005),
[2024-07-08 18:38:39,008][flwr][INFO] - 	              (7, 0.0045),
[2024-07-08 18:38:39,008][flwr][INFO] - 	              (8, 0.0039),
[2024-07-08 18:38:39,008][flwr][INFO] - 	              (9, 0.0036),
[2024-07-08 18:38:39,008][flwr][INFO] - 	              (10, 0.0042)],
[2024-07-08 18:38:39,008][flwr][INFO] - 	 'confusion_matrix': [(0,
[2024-07-08 18:38:39,008][flwr][INFO] - 	                       array([[   0,    8,    0,  956,    0,    1,    0,   15,    0,    0],
[2024-07-08 18:38:39,008][flwr][INFO] - 	       [   0,  122,    0, 1013,    0,    0,    0,    0,    0,    0],
[2024-07-08 18:38:39,008][flwr][INFO] - 	       [   0,   38,    0,  971,    0,    0,    3,   19,    1,    0],
[2024-07-08 18:38:39,008][flwr][INFO] - 	       [   0,   44,    0,  945,    1,    1,    0,   17,    2,    0],
[2024-07-08 18:38:39,008][flwr][INFO] - 	       [   0,  143,    0,  816,    1,    0,    2,   20,    0,    0],
[2024-07-08 18:38:39,008][flwr][INFO] - 	       [   0,  118,    0,  735,    1,    7,    0,   30,    1,    0],
[2024-07-08 18:38:39,008][flwr][INFO] - 	       [   0,  144,    0,  749,   25,    0,    2,   38,    0,    0],
[2024-07-08 18:38:39,008][flwr][INFO] - 	       [   0,  272,    0,  724,    8,    0,    0,    9,   15,    0],
[2024-07-08 18:38:39,008][flwr][INFO] - 	       [   0,   81,    0,  859,    1,    0,    1,   32,    0,    0],
[2024-07-08 18:38:39,008][flwr][INFO] - 	       [   0,  178,    0,  799,    1,    0,    0,   31,    0,    0]])),
[2024-07-08 18:38:39,008][flwr][INFO] - 	                      (1,
[2024-07-08 18:38:39,008][flwr][INFO] - 	                       array([[   0,  954,    0,    4,    0,    1,    5,   14,    2,    0],
[2024-07-08 18:38:39,008][flwr][INFO] - 	       [   0,    0, 1026,   95,    0,    0,    3,    4,    2,    5],
[2024-07-08 18:38:39,008][flwr][INFO] - 	       [   2,   12,    1,  970,    1,    5,    5,   26,    8,    2],
[2024-07-08 18:38:39,008][flwr][INFO] - 	       [  13,   17,    2,   90,  689,    0,  159,    4,   23,   13],
[2024-07-08 18:38:39,008][flwr][INFO] - 	       [  88,    0,    1,    4,    0,  850,    1,   33,    3,    2],
[2024-07-08 18:38:39,008][flwr][INFO] - 	       [  12,   37,    2,   11,    3,    8,  790,   19,    6,    4],
[2024-07-08 18:38:39,008][flwr][INFO] - 	       [   0,   11,    2,    5,    0,    3,   14,  923,    0,    0],
[2024-07-08 18:38:39,009][flwr][INFO] - 	       [  60,    0,    6,   33,    0,    5,    1,    0,  923,    0],
[2024-07-08 18:38:39,009][flwr][INFO] - 	       [  44,   18,    7,   48,    7,   10,  298,   28,   19,  495],
[2024-07-08 18:38:39,009][flwr][INFO] - 	       [ 914,    4,    3,    3,    0,   32,   25,    5,   23,    0]])),
[2024-07-08 18:38:39,009][flwr][INFO] - 	                      (2,
[2024-07-08 18:38:39,009][flwr][INFO] - 	                       array([[   0,  963,    0,    0,    1,    2,    3,    8,    2,    1],
[2024-07-08 18:38:39,009][flwr][INFO] - 	       [   0,    0, 1118,    5,    1,    0,    1,    3,    1,    6],
[2024-07-08 18:38:39,009][flwr][INFO] - 	       [   1,    8,    2,  977,    3,   14,    1,    9,    7,   10],
[2024-07-08 18:38:39,009][flwr][INFO] - 	       [   4,    2,    4,   38,  892,    1,   34,    1,   15,   19],
[2024-07-08 18:38:39,009][flwr][INFO] - 	       [  26,    1,    1,    4,    0,  936,    0,   10,    1,    3],
[2024-07-08 18:38:39,009][flwr][INFO] - 	       [  12,    9,    1,    5,   15,   15,  811,    8,    2,   14],
[2024-07-08 18:38:39,009][flwr][INFO] - 	       [   0,    8,    3,    4,    0,   12,   23,  903,    0,    5],
[2024-07-08 18:38:39,009][flwr][INFO] - 	       [  31,    0,   10,   25,    2,   10,    1,    0,  949,    0],
[2024-07-08 18:38:39,009][flwr][INFO] - 	       [   9,    6,   10,    7,   10,   15,   10,    8,    9,  890],
[2024-07-08 18:38:39,009][flwr][INFO] - 	       [ 929,    4,    6,    2,    6,   39,    7,    1,    6,    9]])),
[2024-07-08 18:38:39,009][flwr][INFO] - 	                      (3,
[2024-07-08 18:38:39,009][flwr][INFO] - 	                       array([[   2,  956,    0,    0,    0,    1,    4,   11,    3,    3],
[2024-07-08 18:38:39,009][flwr][INFO] - 	       [   0,    0, 1116,    3,    3,    0,    1,    4,    0,    8],
[2024-07-08 18:38:39,009][flwr][INFO] - 	       [   1,    6,    0,  989,    8,    8,    1,    7,    5,    7],
[2024-07-08 18:38:39,009][flwr][INFO] - 	       [   4,    0,    1,   19,  936,    1,   15,    0,   11,   23],
[2024-07-08 18:38:39,009][flwr][INFO] - 	       [  24,    0,    0,    4,    0,  936,    0,   14,    1,    3],
[2024-07-08 18:38:39,009][flwr][INFO] - 	       [   8,    6,    1,    3,   19,    5,  824,   10,    2,   14],
[2024-07-08 18:38:39,009][flwr][INFO] - 	       [   0,    4,    3,    0,    1,   10,   12,  921,    0,    7],
[2024-07-08 18:38:39,009][flwr][INFO] - 	       [  24,    1,    9,   24,    5,    7,    0,    0,  957,    1],
[2024-07-08 18:38:39,009][flwr][INFO] - 	       [   5,    3,    5,    4,   11,    7,    4,    9,    4,  922],
[2024-07-08 18:38:39,009][flwr][INFO] - 	       [ 938,    4,    7,    1,   11,   32,    0,    1,    4,   11]])),
[2024-07-08 18:38:39,009][flwr][INFO] - 	                      (4,
[2024-07-08 18:38:39,009][flwr][INFO] - 	                       array([[   0,  967,    0,    0,    0,    0,    2,    6,    2,    3],
[2024-07-08 18:38:39,009][flwr][INFO] - 	       [   0,    0, 1121,    2,    2,    0,    1,    3,    0,    6],
[2024-07-08 18:38:39,009][flwr][INFO] - 	       [   0,    5,    3,  993,    8,    3,    0,    4,    7,    9],
[2024-07-08 18:38:39,009][flwr][INFO] - 	       [   1,    0,    3,   18,  932,    1,   11,    0,   11,   33],
[2024-07-08 18:38:39,009][flwr][INFO] - 	       [  18,    1,    0,    3,    0,  937,    0,   17,    2,    4],
[2024-07-08 18:38:39,009][flwr][INFO] - 	       [   5,    4,    2,    2,   10,    2,  846,    9,    1,   11],
[2024-07-08 18:38:39,009][flwr][INFO] - 	       [   0,    6,    3,    0,    1,    5,    8,  931,    0,    4],
[2024-07-08 18:38:39,009][flwr][INFO] - 	       [  16,    1,    9,   17,    2,    4,    0,    0,  978,    1],
[2024-07-08 18:38:39,009][flwr][INFO] - 	       [   3,    2,    4,    5,    6,    5,    5,   10,    5,  929],
[2024-07-08 18:38:39,009][flwr][INFO] - 	       [ 936,    3,    6,    0,   10,   29,    2,    1,    7,   15]])),
[2024-07-08 18:38:39,009][flwr][INFO] - 	                      (5,
[2024-07-08 18:38:39,009][flwr][INFO] - 	                       array([[   2,  962,    0,    0,    0,    0,    1,    5,    3,    7],
[2024-07-08 18:38:39,009][flwr][INFO] - 	       [   0,    0, 1121,    3,    2,    0,    0,    2,    0,    7],
[2024-07-08 18:38:39,009][flwr][INFO] - 	       [   0,    3,    1, 1002,    7,    3,    1,    2,    7,    6],
[2024-07-08 18:38:39,009][flwr][INFO] - 	       [   1,    0,    2,   15,  944,    0,    9,    0,    7,   32],
[2024-07-08 18:38:39,009][flwr][INFO] - 	       [  27,    1,    0,    4,    0,  929,    0,   11,    2,    8],
[2024-07-08 18:38:39,009][flwr][INFO] - 	       [   6,    2,    2,    1,   14,    3,  837,    7,    3,   17],
[2024-07-08 18:38:39,009][flwr][INFO] - 	       [   0,    4,    4,    1,    1,    4,   13,  922,    0,    9],
[2024-07-08 18:38:39,009][flwr][INFO] - 	       [  16,    1,    9,   17,    2,    3,    0,    0,  977,    3],
[2024-07-08 18:38:39,009][flwr][INFO] - 	       [   1,    0,    1,    4,    4,    3,    2,    5,    3,  951],
[2024-07-08 18:38:39,009][flwr][INFO] - 	       [ 947,    3,    6,    0,    8,   20,    1,    1,    5,   18]])),
[2024-07-08 18:38:39,009][flwr][INFO] - 	                      (6,
[2024-07-08 18:38:39,010][flwr][INFO] - 	                       array([[   1,  971,    0,    0,    0,    0,    0,    2,    2,    4],
[2024-07-08 18:38:39,010][flwr][INFO] - 	       [   0,    0, 1117,    5,    2,    0,    1,    3,    1,    6],
[2024-07-08 18:38:39,010][flwr][INFO] - 	       [   1,    5,    0, 1008,    2,    3,    1,    0,    8,    4],
[2024-07-08 18:38:39,010][flwr][INFO] - 	       [   1,    0,    0,   17,  945,    0,   21,    0,    8,   18],
[2024-07-08 18:38:39,010][flwr][INFO] - 	       [  19,    1,    0,    3,    0,  948,    0,    5,    3,    3],
[2024-07-08 18:38:39,010][flwr][INFO] - 	       [   4,    3,    0,    1,    4,    1,  866,    6,    2,    5],
[2024-07-08 18:38:39,010][flwr][INFO] - 	       [   0,    6,    3,    1,    1,    9,   13,  919,    0,    6],
[2024-07-08 18:38:39,010][flwr][INFO] - 	       [  13,    1,    7,   15,    1,    5,    0,    0,  984,    2],
[2024-07-08 18:38:39,010][flwr][INFO] - 	       [   3,    3,    1,    5,    5,    3,    9,    2,    6,  937],
[2024-07-08 18:38:39,010][flwr][INFO] - 	       [ 944,    5,    6,    0,    9,   23,    2,    0,    8,   12]])),
[2024-07-08 18:38:39,010][flwr][INFO] - 	                      (7,
[2024-07-08 18:38:39,010][flwr][INFO] - 	                       array([[   3,  965,    0,    0,    0,    0,    2,    3,    3,    4],
[2024-07-08 18:38:39,010][flwr][INFO] - 	       [   0,    0, 1116,    3,    2,    0,    1,    1,    1,   11],
[2024-07-08 18:38:39,010][flwr][INFO] - 	       [   0,    4,    0, 1004,    8,    3,    1,    0,    6,    6],
[2024-07-08 18:38:39,010][flwr][INFO] - 	       [   0,    0,    0,   10,  977,    0,    4,    0,    4,   15],
[2024-07-08 18:38:39,010][flwr][INFO] - 	       [  22,    1,    0,    3,    0,  939,    0,    7,    2,    8],
[2024-07-08 18:38:39,010][flwr][INFO] - 	       [   1,    2,    0,    1,   14,    1,  856,    6,    1,   10],
[2024-07-08 18:38:39,010][flwr][INFO] - 	       [   0,    5,    3,    1,    1,    5,   10,  925,    0,    8],
[2024-07-08 18:38:39,010][flwr][INFO] - 	       [  11,    1,    8,   16,    9,    4,    0,    0,  976,    3],
[2024-07-08 18:38:39,010][flwr][INFO] - 	       [   1,    1,    0,    2,    4,    3,    4,    1,    2,  956],
[2024-07-08 18:38:39,010][flwr][INFO] - 	       [ 950,    3,    5,    0,    9,   13,    2,    1,    7,   19]])),
[2024-07-08 18:38:39,010][flwr][INFO] - 	                      (8,
[2024-07-08 18:38:39,010][flwr][INFO] - 	                       array([[   0,  969,    1,    0,    0,    0,    5,    1,    1,    3],
[2024-07-08 18:38:39,010][flwr][INFO] - 	       [   0,    0, 1117,    2,    2,    0,    1,    2,    1,   10],
[2024-07-08 18:38:39,010][flwr][INFO] - 	       [   0,    3,    1,  996,   10,    3,    1,    1,    8,    9],
[2024-07-08 18:38:39,010][flwr][INFO] - 	       [   5,    0,    1,    5,  939,    0,   16,    0,    8,   36],
[2024-07-08 18:38:39,010][flwr][INFO] - 	       [  21,    1,    0,    5,    0,  938,    0,    5,    3,    9],
[2024-07-08 18:38:39,010][flwr][INFO] - 	       [   5,    1,    0,    1,    4,    1,  863,    5,    1,   11],
[2024-07-08 18:38:39,010][flwr][INFO] - 	       [   0,    4,    4,    0,    1,    4,   17,  918,    0,   10],
[2024-07-08 18:38:39,010][flwr][INFO] - 	       [  13,    1,    9,   12,    2,    2,    0,    0,  985,    4],
[2024-07-08 18:38:39,010][flwr][INFO] - 	       [   1,    1,    0,    2,    3,    1,    4,    1,    1,  960],
[2024-07-08 18:38:39,010][flwr][INFO] - 	       [ 964,    3,    6,    0,    3,   12,    2,    1,    4,   14]])),
[2024-07-08 18:38:39,010][flwr][INFO] - 	                      (9,
[2024-07-08 18:38:39,010][flwr][INFO] - 	                       array([[   1,  971,    1,    0,    0,    0,    0,    1,    1,    5],
[2024-07-08 18:38:39,010][flwr][INFO] - 	       [   0,    0, 1109,    4,    1,    0,    1,    1,    0,   19],
[2024-07-08 18:38:39,010][flwr][INFO] - 	       [   0,    4,    0, 1001,    8,    2,    1,    0,    7,    9],
[2024-07-08 18:38:39,010][flwr][INFO] - 	       [   4,    0,    0,    8,  947,    0,    7,    0,    6,   38],
[2024-07-08 18:38:39,010][flwr][INFO] - 	       [  29,    1,    0,    4,    0,  935,    0,    5,    3,    5],
[2024-07-08 18:38:39,010][flwr][INFO] - 	       [   9,    3,    0,    1,    8,    1,  852,    6,    1,   11],
[2024-07-08 18:38:39,010][flwr][INFO] - 	       [   0,    6,    3,    1,    1,    4,   11,  923,    0,    9],
[2024-07-08 18:38:39,010][flwr][INFO] - 	       [  19,    1,    9,   12,    4,    1,    0,    0,  974,    8],
[2024-07-08 18:38:39,010][flwr][INFO] - 	       [   2,    1,    0,    1,    2,    3,    2,    1,    1,  961],
[2024-07-08 18:38:39,010][flwr][INFO] - 	       [ 970,    4,    5,    0,    3,    7,    2,    0,    4,   14]])),
[2024-07-08 18:38:39,010][flwr][INFO] - 	                      (10,
[2024-07-08 18:38:39,010][flwr][INFO] - 	                       array([[   3,  968,    1,    0,    0,    0,    0,    3,    1,    4],
[2024-07-08 18:38:39,010][flwr][INFO] - 	       [   0,    0, 1111,    3,    0,    0,    0,    1,    0,   20],
[2024-07-08 18:38:39,010][flwr][INFO] - 	       [   0,    5,    3,  995,    4,    3,    1,    1,    6,   14],
[2024-07-08 18:38:39,011][flwr][INFO] - 	       [   4,    1,    0,    8,  941,    0,   11,    0,    6,   39],
[2024-07-08 18:38:39,011][flwr][INFO] - 	       [   8,    1,    0,    2,    0,  960,    0,    5,    1,    5],
[2024-07-08 18:38:39,011][flwr][INFO] - 	       [   3,    1,    0,    1,    6,    1,  861,    5,    1,   13],
[2024-07-08 18:38:39,011][flwr][INFO] - 	       [   0,    5,    3,    2,    0,    6,    5,  928,    0,    9],
[2024-07-08 18:38:39,011][flwr][INFO] - 	       [  20,    1,    8,   10,    3,    6,    0,    0,  971,    9],
[2024-07-08 18:38:39,011][flwr][INFO] - 	       [   1,    3,    1,    0,    1,    2,    4,    1,    2,  959],
[2024-07-08 18:38:39,011][flwr][INFO] - 	       [ 956,    2,    4,    0,    3,   21,    1,    1,    1,   20]]))],
[2024-07-08 18:38:39,011][flwr][INFO] - 	 'f1': [(0, 0.03553137346181725),
[2024-07-08 18:38:39,011][flwr][INFO] - 	        (1, 0.011941523382002819),
[2024-07-08 18:38:39,011][flwr][INFO] - 	        (2, 0.0094656050385394),
[2024-07-08 18:38:39,011][flwr][INFO] - 	        (3, 0.005299744176293947),
[2024-07-08 18:38:39,011][flwr][INFO] - 	        (4, 0.005069258583371577),
[2024-07-08 18:38:39,011][flwr][INFO] - 	        (5, 0.0054733725247300795),
[2024-07-08 18:38:39,011][flwr][INFO] - 	        (6, 0.004981357260520655),
[2024-07-08 18:38:39,011][flwr][INFO] - 	        (7, 0.004490918014227961),
[2024-07-08 18:38:39,011][flwr][INFO] - 	        (8, 0.003892396266499879),
[2024-07-08 18:38:39,011][flwr][INFO] - 	        (9, 0.003586473863926843),
[2024-07-08 18:38:39,011][flwr][INFO] - 	        (10, 0.004113830463132838)],
[2024-07-08 18:38:39,011][flwr][INFO] - 	 'precision': [(0, 0.12349967530374152),
[2024-07-08 18:38:39,011][flwr][INFO] - 	               (1, 0.010941171810256237),
[2024-07-08 18:38:39,011][flwr][INFO] - 	               (2, 0.009362835347084451),
[2024-07-08 18:38:39,011][flwr][INFO] - 	               (3, 0.005311520652683221),
[2024-07-08 18:38:39,011][flwr][INFO] - 	               (4, 0.005045762444575895),
[2024-07-08 18:38:39,011][flwr][INFO] - 	               (5, 0.005458588623652078),
[2024-07-08 18:38:39,011][flwr][INFO] - 	               (6, 0.004967136757815858),
[2024-07-08 18:38:39,011][flwr][INFO] - 	               (7, 0.004487286382583313),
[2024-07-08 18:38:39,011][flwr][INFO] - 	               (8, 0.003890096848702923),
[2024-07-08 18:38:39,011][flwr][INFO] - 	               (9, 0.003581158737797027),
[2024-07-08 18:38:39,011][flwr][INFO] - 	               (10, 0.004037308565415006)],
[2024-07-08 18:38:39,011][flwr][INFO] - 	 'recall': [(0, 0.1086),
[2024-07-08 18:38:39,011][flwr][INFO] - 	            (1, 0.0132),
[2024-07-08 18:38:39,011][flwr][INFO] - 	            (2, 0.0096),
[2024-07-08 18:38:39,011][flwr][INFO] - 	            (3, 0.0053),
[2024-07-08 18:38:39,011][flwr][INFO] - 	            (4, 0.0051),
[2024-07-08 18:38:39,011][flwr][INFO] - 	            (5, 0.0055),
[2024-07-08 18:38:39,011][flwr][INFO] - 	            (6, 0.005),
[2024-07-08 18:38:39,011][flwr][INFO] - 	            (7, 0.0045),
[2024-07-08 18:38:39,011][flwr][INFO] - 	            (8, 0.0039),
[2024-07-08 18:38:39,011][flwr][INFO] - 	            (9, 0.0036),
[2024-07-08 18:38:39,011][flwr][INFO] - 	            (10, 0.0042)]}
[2024-07-08 18:38:39,011][flwr][INFO] - 
