[2024-06-20 18:58:56,631][flwr][INFO] - Starting Flower simulation, config: num_rounds=10, no round_timeout
[2024-06-20 18:58:58,793][flwr][INFO] - Flower VCE: Ray initialized with resources: {'memory': 8404629914.0, 'object_store_memory': 2147483648.0, 'node:__internal_head__': 1.0, 'node:127.0.0.1': 1.0, 'CPU': 12.0}
[2024-06-20 18:58:58,794][flwr][INFO] - Optimize your simulation with Flower VCE: https://flower.ai/docs/framework/how-to-run-simulations.html
[2024-06-20 18:58:58,794][flwr][INFO] - Flower VCE: Resources for each Virtual Client: {'num_cpus': 2, 'num_gpus': 0}
[2024-06-20 18:58:58,800][flwr][INFO] - Flower VCE: Creating VirtualClientEngineActorPool with 6 actors
[2024-06-20 18:58:58,801][flwr][INFO] - [INIT]
[2024-06-20 18:58:58,801][flwr][INFO] - Requesting initial parameters from one random client
[2024-06-20 18:59:00,680][flwr][INFO] - Received initial parameters from one random client
[2024-06-20 18:59:00,680][flwr][INFO] - Evaluating initial global parameters
[2024-06-20 18:59:01,128][flwr][INFO] - initial parameters (loss, other metrics): 181.76928067207336, {'accuracy': 0.1086, 'precision': 0.12349967530374152, 'recall': 0.1086, 'f1': 0.03553137346181725, 'confusion_matrix': array([[   0,    8,    0,  956,    0,    1,    0,   15,    0,    0],
       [   0,  122,    0, 1013,    0,    0,    0,    0,    0,    0],
       [   0,   38,    0,  971,    0,    0,    3,   19,    1,    0],
       [   0,   44,    0,  945,    1,    1,    0,   17,    2,    0],
       [   0,  143,    0,  816,    1,    0,    2,   20,    0,    0],
       [   0,  118,    0,  735,    1,    7,    0,   30,    1,    0],
       [   0,  144,    0,  749,   25,    0,    2,   38,    0,    0],
       [   0,  272,    0,  724,    8,    0,    0,    9,   15,    0],
       [   0,   81,    0,  859,    1,    0,    1,   32,    0,    0],
       [   0,  178,    0,  799,    1,    0,    0,   31,    0,    0]])}
[2024-06-20 18:59:01,128][flwr][INFO] - 
[2024-06-20 18:59:01,128][flwr][INFO] - [ROUND 1]
[2024-06-20 18:59:01,129][flwr][INFO] - configure_fit: strategy sampled 10 clients (out of 100)
[2024-06-20 18:59:08,792][flwr][INFO] - aggregate_fit: received 10 results and 0 failures
[2024-06-20 18:59:08,799][flwr][WARNING] - No fit_metrics_aggregation_fn provided
[2024-06-20 18:59:09,255][flwr][INFO] - fit progress: (1, 70.51301777362823, {'accuracy': 0.7347, 'precision': 0.7873050283019277, 'recall': 0.7347, 'f1': 0.7222543433058959, 'confusion_matrix': array([[ 819,    0,   51,   39,    0,   35,   22,    2,    9,    3],
       [   0, 1035,   15,    6,    0,    0,    0,    0,   79,    0],
       [   4,    5,  914,   38,    6,    0,    7,    7,   26,   25],
       [   1,    1,   74,  832,    0,    5,    1,   12,   68,   16],
       [   0,    5,   16,    0,  162,    0,   13,    0,   41,  745],
       [   3,   26,   38,  219,   14,  411,    5,    9,  134,   33],
       [   9,    7,  177,    4,    6,   14,  704,    0,   23,   14],
       [   1,   17,   38,    1,    3,    0,    0,  826,   27,  115],
       [   3,    4,   55,   96,    1,   16,    1,    6,  743,   49],
       [   2,    6,    9,   12,    2,   10,    1,   26,   40,  901]])}, 8.12722)
[2024-06-20 18:59:09,256][flwr][INFO] - configure_evaluate: no clients selected, skipping evaluation
[2024-06-20 18:59:09,256][flwr][INFO] - 
[2024-06-20 18:59:09,256][flwr][INFO] - [ROUND 2]
[2024-06-20 18:59:09,256][flwr][INFO] - configure_fit: strategy sampled 10 clients (out of 100)
[2024-06-20 18:59:14,683][flwr][INFO] - aggregate_fit: received 10 results and 0 failures
[2024-06-20 18:59:15,139][flwr][INFO] - fit progress: (2, 32.48597153276205, {'accuracy': 0.8832, 'precision': 0.8837682748698897, 'recall': 0.8832, 'f1': 0.8826073545859734, 'confusion_matrix': array([[ 948,    0,    5,    2,    0,    7,   14,    1,    3,    0],
       [   0, 1081,   29,    6,    1,    2,    3,    1,   12,    0],
       [  12,    7,  918,   24,   11,    1,   22,   12,   22,    3],
       [   8,    3,   45,  864,    0,   38,    1,   17,   26,    8],
       [   0,    6,   11,    0,  885,    2,   22,    1,   10,   45],
       [  25,    4,   13,   49,   16,  733,   21,    9,   18,    4],
       [  24,    5,    8,    0,   12,   16,  891,    1,    1,    0],
       [   4,   15,   47,    0,    7,    0,    0,  929,    2,   24],
       [   7,    8,   34,   30,    9,   51,   17,   11,  795,   12],
       [  14,    7,    5,    8,  113,   14,    1,   46,   13,  788]])}, 14.01101525)
[2024-06-20 18:59:15,140][flwr][INFO] - configure_evaluate: no clients selected, skipping evaluation
[2024-06-20 18:59:15,140][flwr][INFO] - 
[2024-06-20 18:59:15,140][flwr][INFO] - [ROUND 3]
[2024-06-20 18:59:15,140][flwr][INFO] - configure_fit: strategy sampled 10 clients (out of 100)
[2024-06-20 18:59:20,630][flwr][INFO] - aggregate_fit: received 10 results and 0 failures
[2024-06-20 18:59:21,210][flwr][INFO] - fit progress: (3, 28.840085923671722, {'accuracy': 0.8986, 'precision': 0.8998425979009378, 'recall': 0.8986, 'f1': 0.8983906820326807, 'confusion_matrix': array([[ 950,    0,    4,    1,    0,    5,   16,    1,    3,    0],
       [   0, 1092,   11,    4,    1,    1,    4,    1,   21,    0],
       [  10,    4,  924,   21,   13,    1,   21,    9,   26,    3],
       [   5,    2,   34,  881,    1,   32,    4,   11,   28,   12],
       [   0,    2,    5,    0,  899,    1,   24,    0,    5,   46],
       [  18,    3,    6,   50,   19,  732,   24,    7,   27,    6],
       [  10,    3,    4,    0,    7,   17,  915,    0,    2,    0],
       [   2,   10,   53,    1,    8,    0,    1,  860,    2,   91],
       [   5,    4,   24,   19,   14,   26,   17,    2,  845,   18],
       [  15,    6,    5,    6,   60,    4,    3,    9,   13,  888]])}, 20.08265425)
[2024-06-20 18:59:21,211][flwr][INFO] - configure_evaluate: no clients selected, skipping evaluation
[2024-06-20 18:59:21,211][flwr][INFO] - 
[2024-06-20 18:59:21,211][flwr][INFO] - [ROUND 4]
[2024-06-20 18:59:21,211][flwr][INFO] - configure_fit: strategy sampled 10 clients (out of 100)
[2024-06-20 18:59:26,596][flwr][INFO] - aggregate_fit: received 10 results and 0 failures
[2024-06-20 18:59:27,048][flwr][INFO] - fit progress: (4, 24.746941056102514, {'accuracy': 0.9087, 'precision': 0.9088839421167648, 'recall': 0.9087, 'f1': 0.9082341399583654, 'confusion_matrix': array([[ 963,    0,    1,    0,    0,    4,    6,    1,    5,    0],
       [   0, 1110,    4,    2,    1,    1,    3,    2,   12,    0],
       [  14,    8,  919,    9,   16,    2,   16,   21,   24,    3],
       [   4,    3,   46,  866,    0,   26,    4,   23,   32,    6],
       [   1,    2,    5,    0,  909,    0,   13,    1,    3,   48],
       [  23,    3,   10,   36,   18,  744,   14,   11,   25,    8],
       [  24,    3,    3,    0,   11,   13,  901,    0,    3,    0],
       [   3,   12,   25,    1,    7,    0,    0,  951,    1,   28],
       [  12,    8,   18,    9,   14,   20,   15,   12,  849,   17],
       [  14,    6,    3,    5,   57,    5,    1,   33,   10,  875]])}, 25.920465250000003)
[2024-06-20 18:59:27,049][flwr][INFO] - configure_evaluate: no clients selected, skipping evaluation
[2024-06-20 18:59:27,049][flwr][INFO] - 
[2024-06-20 18:59:27,049][flwr][INFO] - [ROUND 5]
[2024-06-20 18:59:27,049][flwr][INFO] - configure_fit: strategy sampled 10 clients (out of 100)
[2024-06-20 18:59:32,714][flwr][INFO] - aggregate_fit: received 10 results and 0 failures
[2024-06-20 18:59:33,175][flwr][INFO] - fit progress: (5, 22.093392074108124, {'accuracy': 0.919, 'precision': 0.9194622770525104, 'recall': 0.919, 'f1': 0.9188293739020732, 'confusion_matrix': array([[ 966,    0,    0,    1,    0,    2,    8,    1,    2,    0],
       [   0, 1104,    4,    3,    1,    2,    5,    1,   15,    0],
       [  13,    0,  941,    9,   17,    1,   17,   10,   20,    4],
       [   3,    1,   38,  892,    1,   23,    5,   20,   16,   11],
       [   1,    1,    4,    0,  904,    0,   18,    0,    2,   52],
       [  13,    1,    6,   27,   11,  778,   22,    8,   19,    7],
       [  13,    3,    3,    0,    9,    9,  918,    1,    2,    0],
       [   2,    8,   30,    4,    7,    0,    0,  929,    1,   47],
       [   7,    4,   16,   12,   14,   26,   19,    8,  845,   23],
       [  13,    6,    3,    8,   41,    7,    1,   12,    5,  913]])}, 32.047449833)
[2024-06-20 18:59:33,175][flwr][INFO] - configure_evaluate: no clients selected, skipping evaluation
[2024-06-20 18:59:33,175][flwr][INFO] - 
[2024-06-20 18:59:33,175][flwr][INFO] - [ROUND 6]
[2024-06-20 18:59:33,176][flwr][INFO] - configure_fit: strategy sampled 10 clients (out of 100)
[2024-06-20 18:59:38,935][flwr][INFO] - aggregate_fit: received 10 results and 0 failures
[2024-06-20 18:59:39,384][flwr][INFO] - fit progress: (6, 20.66428375802934, {'accuracy': 0.921, 'precision': 0.922148492026762, 'recall': 0.921, 'f1': 0.92097990971942, 'confusion_matrix': array([[ 958,    0,    0,    1,    1,    6,   10,    1,    3,    0],
       [   0, 1108,    2,    2,    1,    1,    5,    1,   14,    1],
       [  10,   11,  917,    7,   17,    5,   13,   14,   36,    2],
       [   4,    3,   21,  859,    1,   69,    1,   20,   18,   14],
       [   1,    1,    3,    0,  907,    0,   18,    2,    6,   44],
       [   6,    2,    0,   10,   11,  817,   14,    6,   19,    7],
       [   9,    3,    2,    0,   13,   16,  910,    1,    4,    0],
       [   0,   11,   25,    2,    6,    1,    0,  939,    0,   44],
       [   4,    5,    3,   12,   10,   27,   10,    3,  879,   21],
       [   8,    6,    1,    5,   43,   13,    1,    8,    8,  916]])}, 38.257105416)
[2024-06-20 18:59:39,385][flwr][INFO] - configure_evaluate: no clients selected, skipping evaluation
[2024-06-20 18:59:39,385][flwr][INFO] - 
[2024-06-20 18:59:39,385][flwr][INFO] - [ROUND 7]
[2024-06-20 18:59:39,385][flwr][INFO] - configure_fit: strategy sampled 10 clients (out of 100)
[2024-06-20 18:59:44,742][flwr][INFO] - aggregate_fit: received 10 results and 0 failures
[2024-06-20 18:59:45,416][flwr][INFO] - fit progress: (7, 18.577738185413182, {'accuracy': 0.9294, 'precision': 0.9297462759547345, 'recall': 0.9294, 'f1': 0.92927755718232, 'confusion_matrix': array([[ 968,    0,    0,    1,    0,    3,    5,    1,    2,    0],
       [   0, 1113,    2,    4,    1,    1,    3,    0,   11,    0],
       [  13,    4,  939,   15,   13,    0,    8,   11,   27,    2],
       [   3,    1,   23,  937,    1,   12,    0,   12,   13,    8],
       [   1,    1,    4,    0,  907,    0,   16,    1,    4,   48],
       [  11,    1,    2,   34,   14,  778,   15,    6,   20,   11],
       [  13,    3,    4,    1,    7,    9,  916,    1,    4,    0],
       [   3,   10,   28,    4,    6,    0,    0,  940,    0,   37],
       [   7,    3,    6,   19,   11,   16,   10,    4,  877,   21],
       [  12,    7,    1,   10,   41,    7,    1,    6,    5,  919]])}, 44.288841125000005)
[2024-06-20 18:59:45,417][flwr][INFO] - configure_evaluate: no clients selected, skipping evaluation
[2024-06-20 18:59:45,417][flwr][INFO] - 
[2024-06-20 18:59:45,417][flwr][INFO] - [ROUND 8]
[2024-06-20 18:59:45,417][flwr][INFO] - configure_fit: strategy sampled 10 clients (out of 100)
[2024-06-20 18:59:51,043][flwr][INFO] - aggregate_fit: received 10 results and 0 failures
[2024-06-20 18:59:51,506][flwr][INFO] - fit progress: (8, 17.666579616256058, {'accuracy': 0.9321, 'precision': 0.932310354400723, 'recall': 0.9321, 'f1': 0.9319950099039075, 'confusion_matrix': array([[ 967,    0,    0,    1,    0,    4,    7,    1,    0,    0],
       [   0, 1110,    3,    2,    1,    1,    5,    0,   12,    1],
       [  13,    1,  949,    8,   18,    0,    8,   17,   17,    1],
       [   3,    2,   33,  897,    2,   19,    1,   21,   22,   10],
       [   1,    1,    3,    0,  915,    0,   14,    1,    7,   40],
       [  11,    1,    3,   19,    5,  808,   13,    6,   21,    5],
       [  13,    3,    2,    0,   11,   14,  911,    0,    4,    0],
       [   2,    8,   21,    1,    7,    1,    0,  962,    0,   26],
       [   9,    3,    6,   16,   10,   12,    7,    7,  889,   15],
       [  12,    6,    0,    6,   50,    3,    1,    7,   11,  913]])}, 50.378778208)
[2024-06-20 18:59:51,506][flwr][INFO] - configure_evaluate: no clients selected, skipping evaluation
[2024-06-20 18:59:51,506][flwr][INFO] - 
[2024-06-20 18:59:51,506][flwr][INFO] - [ROUND 9]
[2024-06-20 18:59:51,507][flwr][INFO] - configure_fit: strategy sampled 10 clients (out of 100)
[2024-06-20 18:59:56,896][flwr][INFO] - aggregate_fit: received 10 results and 0 failures
[2024-06-20 18:59:57,345][flwr][INFO] - fit progress: (9, 16.723880290985107, {'accuracy': 0.938, 'precision': 0.9384084317279611, 'recall': 0.938, 'f1': 0.9379334138647993, 'confusion_matrix': array([[ 964,    0,    1,    1,    0,    3,    6,    1,    4,    0],
       [   0, 1118,    3,    2,    0,    1,    4,    0,    7,    0],
       [  10,    2,  954,   11,   15,    2,    7,   13,   17,    1],
       [   1,    2,   25,  928,    1,   15,    1,    7,   20,   10],
       [   1,    1,    3,    0,  918,    0,   13,    0,    4,   42],
       [  10,    1,    2,   18,    7,  807,   13,    3,   25,    6],
       [   9,    3,    1,    1,    8,    7,  923,    1,    5,    0],
       [   2,   16,   24,    4,    7,    1,    0,  928,    0,   46],
       [   4,    4,    4,   15,    8,    7,   10,    4,  908,   10],
       [  11,    7,    0,    9,   33,    3,    1,    5,    8,  932]])}, 56.218157082999994)
[2024-06-20 18:59:57,345][flwr][INFO] - configure_evaluate: no clients selected, skipping evaluation
[2024-06-20 18:59:57,346][flwr][INFO] - 
[2024-06-20 18:59:57,346][flwr][INFO] - [ROUND 10]
[2024-06-20 18:59:57,346][flwr][INFO] - configure_fit: strategy sampled 10 clients (out of 100)
[2024-06-20 19:00:02,931][flwr][INFO] - aggregate_fit: received 10 results and 0 failures
[2024-06-20 19:00:03,398][flwr][INFO] - fit progress: (10, 16.191752625629306, {'accuracy': 0.9391, 'precision': 0.939499737021554, 'recall': 0.9391, 'f1': 0.9390958070476488, 'confusion_matrix': array([[ 963,    0,    1,    1,    0,    4,    9,    1,    1,    0],
       [   0, 1116,    3,    2,    1,    1,    3,    1,    8,    0],
       [   8,    1,  953,    8,   17,    4,    6,   20,   14,    1],
       [   2,    5,   19,  913,    1,   30,    0,   14,   15,   11],
       [   0,    0,    4,    0,  921,    0,   12,    1,    3,   41],
       [   6,    1,    0,   10,   12,  827,   13,    3,   12,    8],
       [   9,    3,    2,    0,   14,   13,  914,    1,    2,    0],
       [   0,    8,   21,    2,    4,    0,    0,  958,    0,   35],
       [   5,    2,    3,   17,   13,   16,    7,    6,  884,   21],
       [   5,    7,    0,    4,   32,    7,    1,    6,    5,  942]])}, 62.271402416)
[2024-06-20 19:00:03,399][flwr][INFO] - configure_evaluate: no clients selected, skipping evaluation
[2024-06-20 19:00:03,399][flwr][INFO] - 
[2024-06-20 19:00:03,399][flwr][INFO] - [SUMMARY]
[2024-06-20 19:00:03,399][flwr][INFO] - Run finished 10 round(s) in 62.27s
[2024-06-20 19:00:03,403][flwr][INFO] - 	History (loss, centralized):
[2024-06-20 19:00:03,404][flwr][INFO] - 		round 0: 181.76928067207336
[2024-06-20 19:00:03,404][flwr][INFO] - 		round 1: 70.51301777362823
[2024-06-20 19:00:03,404][flwr][INFO] - 		round 2: 32.48597153276205
[2024-06-20 19:00:03,404][flwr][INFO] - 		round 3: 28.840085923671722
[2024-06-20 19:00:03,404][flwr][INFO] - 		round 4: 24.746941056102514
[2024-06-20 19:00:03,404][flwr][INFO] - 		round 5: 22.093392074108124
[2024-06-20 19:00:03,404][flwr][INFO] - 		round 6: 20.66428375802934
[2024-06-20 19:00:03,404][flwr][INFO] - 		round 7: 18.577738185413182
[2024-06-20 19:00:03,404][flwr][INFO] - 		round 8: 17.666579616256058
[2024-06-20 19:00:03,404][flwr][INFO] - 		round 9: 16.723880290985107
[2024-06-20 19:00:03,404][flwr][INFO] - 		round 10: 16.191752625629306
[2024-06-20 19:00:03,404][flwr][INFO] - 	History (metrics, centralized):
[2024-06-20 19:00:03,404][flwr][INFO] - 	{'accuracy': [(0, 0.1086),
[2024-06-20 19:00:03,404][flwr][INFO] - 	              (1, 0.7347),
[2024-06-20 19:00:03,404][flwr][INFO] - 	              (2, 0.8832),
[2024-06-20 19:00:03,404][flwr][INFO] - 	              (3, 0.8986),
[2024-06-20 19:00:03,404][flwr][INFO] - 	              (4, 0.9087),
[2024-06-20 19:00:03,404][flwr][INFO] - 	              (5, 0.919),
[2024-06-20 19:00:03,404][flwr][INFO] - 	              (6, 0.921),
[2024-06-20 19:00:03,404][flwr][INFO] - 	              (7, 0.9294),
[2024-06-20 19:00:03,405][flwr][INFO] - 	              (8, 0.9321),
[2024-06-20 19:00:03,405][flwr][INFO] - 	              (9, 0.938),
[2024-06-20 19:00:03,405][flwr][INFO] - 	              (10, 0.9391)],
[2024-06-20 19:00:03,405][flwr][INFO] - 	 'confusion_matrix': [(0,
[2024-06-20 19:00:03,405][flwr][INFO] - 	                       array([[   0,    8,    0,  956,    0,    1,    0,   15,    0,    0],
[2024-06-20 19:00:03,405][flwr][INFO] - 	       [   0,  122,    0, 1013,    0,    0,    0,    0,    0,    0],
[2024-06-20 19:00:03,405][flwr][INFO] - 	       [   0,   38,    0,  971,    0,    0,    3,   19,    1,    0],
[2024-06-20 19:00:03,405][flwr][INFO] - 	       [   0,   44,    0,  945,    1,    1,    0,   17,    2,    0],
[2024-06-20 19:00:03,405][flwr][INFO] - 	       [   0,  143,    0,  816,    1,    0,    2,   20,    0,    0],
[2024-06-20 19:00:03,405][flwr][INFO] - 	       [   0,  118,    0,  735,    1,    7,    0,   30,    1,    0],
[2024-06-20 19:00:03,405][flwr][INFO] - 	       [   0,  144,    0,  749,   25,    0,    2,   38,    0,    0],
[2024-06-20 19:00:03,405][flwr][INFO] - 	       [   0,  272,    0,  724,    8,    0,    0,    9,   15,    0],
[2024-06-20 19:00:03,405][flwr][INFO] - 	       [   0,   81,    0,  859,    1,    0,    1,   32,    0,    0],
[2024-06-20 19:00:03,405][flwr][INFO] - 	       [   0,  178,    0,  799,    1,    0,    0,   31,    0,    0]])),
[2024-06-20 19:00:03,405][flwr][INFO] - 	                      (1,
[2024-06-20 19:00:03,405][flwr][INFO] - 	                       array([[ 819,    0,   51,   39,    0,   35,   22,    2,    9,    3],
[2024-06-20 19:00:03,405][flwr][INFO] - 	       [   0, 1035,   15,    6,    0,    0,    0,    0,   79,    0],
[2024-06-20 19:00:03,405][flwr][INFO] - 	       [   4,    5,  914,   38,    6,    0,    7,    7,   26,   25],
[2024-06-20 19:00:03,405][flwr][INFO] - 	       [   1,    1,   74,  832,    0,    5,    1,   12,   68,   16],
[2024-06-20 19:00:03,405][flwr][INFO] - 	       [   0,    5,   16,    0,  162,    0,   13,    0,   41,  745],
[2024-06-20 19:00:03,405][flwr][INFO] - 	       [   3,   26,   38,  219,   14,  411,    5,    9,  134,   33],
[2024-06-20 19:00:03,405][flwr][INFO] - 	       [   9,    7,  177,    4,    6,   14,  704,    0,   23,   14],
[2024-06-20 19:00:03,405][flwr][INFO] - 	       [   1,   17,   38,    1,    3,    0,    0,  826,   27,  115],
[2024-06-20 19:00:03,405][flwr][INFO] - 	       [   3,    4,   55,   96,    1,   16,    1,    6,  743,   49],
[2024-06-20 19:00:03,405][flwr][INFO] - 	       [   2,    6,    9,   12,    2,   10,    1,   26,   40,  901]])),
[2024-06-20 19:00:03,405][flwr][INFO] - 	                      (2,
[2024-06-20 19:00:03,405][flwr][INFO] - 	                       array([[ 948,    0,    5,    2,    0,    7,   14,    1,    3,    0],
[2024-06-20 19:00:03,405][flwr][INFO] - 	       [   0, 1081,   29,    6,    1,    2,    3,    1,   12,    0],
[2024-06-20 19:00:03,405][flwr][INFO] - 	       [  12,    7,  918,   24,   11,    1,   22,   12,   22,    3],
[2024-06-20 19:00:03,405][flwr][INFO] - 	       [   8,    3,   45,  864,    0,   38,    1,   17,   26,    8],
[2024-06-20 19:00:03,405][flwr][INFO] - 	       [   0,    6,   11,    0,  885,    2,   22,    1,   10,   45],
[2024-06-20 19:00:03,405][flwr][INFO] - 	       [  25,    4,   13,   49,   16,  733,   21,    9,   18,    4],
[2024-06-20 19:00:03,405][flwr][INFO] - 	       [  24,    5,    8,    0,   12,   16,  891,    1,    1,    0],
[2024-06-20 19:00:03,405][flwr][INFO] - 	       [   4,   15,   47,    0,    7,    0,    0,  929,    2,   24],
[2024-06-20 19:00:03,405][flwr][INFO] - 	       [   7,    8,   34,   30,    9,   51,   17,   11,  795,   12],
[2024-06-20 19:00:03,405][flwr][INFO] - 	       [  14,    7,    5,    8,  113,   14,    1,   46,   13,  788]])),
[2024-06-20 19:00:03,405][flwr][INFO] - 	                      (3,
[2024-06-20 19:00:03,405][flwr][INFO] - 	                       array([[ 950,    0,    4,    1,    0,    5,   16,    1,    3,    0],
[2024-06-20 19:00:03,405][flwr][INFO] - 	       [   0, 1092,   11,    4,    1,    1,    4,    1,   21,    0],
[2024-06-20 19:00:03,405][flwr][INFO] - 	       [  10,    4,  924,   21,   13,    1,   21,    9,   26,    3],
[2024-06-20 19:00:03,405][flwr][INFO] - 	       [   5,    2,   34,  881,    1,   32,    4,   11,   28,   12],
[2024-06-20 19:00:03,406][flwr][INFO] - 	       [   0,    2,    5,    0,  899,    1,   24,    0,    5,   46],
[2024-06-20 19:00:03,406][flwr][INFO] - 	       [  18,    3,    6,   50,   19,  732,   24,    7,   27,    6],
[2024-06-20 19:00:03,406][flwr][INFO] - 	       [  10,    3,    4,    0,    7,   17,  915,    0,    2,    0],
[2024-06-20 19:00:03,406][flwr][INFO] - 	       [   2,   10,   53,    1,    8,    0,    1,  860,    2,   91],
[2024-06-20 19:00:03,406][flwr][INFO] - 	       [   5,    4,   24,   19,   14,   26,   17,    2,  845,   18],
[2024-06-20 19:00:03,406][flwr][INFO] - 	       [  15,    6,    5,    6,   60,    4,    3,    9,   13,  888]])),
[2024-06-20 19:00:03,406][flwr][INFO] - 	                      (4,
[2024-06-20 19:00:03,406][flwr][INFO] - 	                       array([[ 963,    0,    1,    0,    0,    4,    6,    1,    5,    0],
[2024-06-20 19:00:03,406][flwr][INFO] - 	       [   0, 1110,    4,    2,    1,    1,    3,    2,   12,    0],
[2024-06-20 19:00:03,406][flwr][INFO] - 	       [  14,    8,  919,    9,   16,    2,   16,   21,   24,    3],
[2024-06-20 19:00:03,406][flwr][INFO] - 	       [   4,    3,   46,  866,    0,   26,    4,   23,   32,    6],
[2024-06-20 19:00:03,406][flwr][INFO] - 	       [   1,    2,    5,    0,  909,    0,   13,    1,    3,   48],
[2024-06-20 19:00:03,406][flwr][INFO] - 	       [  23,    3,   10,   36,   18,  744,   14,   11,   25,    8],
[2024-06-20 19:00:03,406][flwr][INFO] - 	       [  24,    3,    3,    0,   11,   13,  901,    0,    3,    0],
[2024-06-20 19:00:03,406][flwr][INFO] - 	       [   3,   12,   25,    1,    7,    0,    0,  951,    1,   28],
[2024-06-20 19:00:03,406][flwr][INFO] - 	       [  12,    8,   18,    9,   14,   20,   15,   12,  849,   17],
[2024-06-20 19:00:03,406][flwr][INFO] - 	       [  14,    6,    3,    5,   57,    5,    1,   33,   10,  875]])),
[2024-06-20 19:00:03,406][flwr][INFO] - 	                      (5,
[2024-06-20 19:00:03,406][flwr][INFO] - 	                       array([[ 966,    0,    0,    1,    0,    2,    8,    1,    2,    0],
[2024-06-20 19:00:03,406][flwr][INFO] - 	       [   0, 1104,    4,    3,    1,    2,    5,    1,   15,    0],
[2024-06-20 19:00:03,406][flwr][INFO] - 	       [  13,    0,  941,    9,   17,    1,   17,   10,   20,    4],
[2024-06-20 19:00:03,406][flwr][INFO] - 	       [   3,    1,   38,  892,    1,   23,    5,   20,   16,   11],
[2024-06-20 19:00:03,406][flwr][INFO] - 	       [   1,    1,    4,    0,  904,    0,   18,    0,    2,   52],
[2024-06-20 19:00:03,406][flwr][INFO] - 	       [  13,    1,    6,   27,   11,  778,   22,    8,   19,    7],
[2024-06-20 19:00:03,406][flwr][INFO] - 	       [  13,    3,    3,    0,    9,    9,  918,    1,    2,    0],
[2024-06-20 19:00:03,406][flwr][INFO] - 	       [   2,    8,   30,    4,    7,    0,    0,  929,    1,   47],
[2024-06-20 19:00:03,406][flwr][INFO] - 	       [   7,    4,   16,   12,   14,   26,   19,    8,  845,   23],
[2024-06-20 19:00:03,406][flwr][INFO] - 	       [  13,    6,    3,    8,   41,    7,    1,   12,    5,  913]])),
[2024-06-20 19:00:03,406][flwr][INFO] - 	                      (6,
[2024-06-20 19:00:03,406][flwr][INFO] - 	                       array([[ 958,    0,    0,    1,    1,    6,   10,    1,    3,    0],
[2024-06-20 19:00:03,406][flwr][INFO] - 	       [   0, 1108,    2,    2,    1,    1,    5,    1,   14,    1],
[2024-06-20 19:00:03,406][flwr][INFO] - 	       [  10,   11,  917,    7,   17,    5,   13,   14,   36,    2],
[2024-06-20 19:00:03,406][flwr][INFO] - 	       [   4,    3,   21,  859,    1,   69,    1,   20,   18,   14],
[2024-06-20 19:00:03,406][flwr][INFO] - 	       [   1,    1,    3,    0,  907,    0,   18,    2,    6,   44],
[2024-06-20 19:00:03,406][flwr][INFO] - 	       [   6,    2,    0,   10,   11,  817,   14,    6,   19,    7],
[2024-06-20 19:00:03,406][flwr][INFO] - 	       [   9,    3,    2,    0,   13,   16,  910,    1,    4,    0],
[2024-06-20 19:00:03,406][flwr][INFO] - 	       [   0,   11,   25,    2,    6,    1,    0,  939,    0,   44],
[2024-06-20 19:00:03,406][flwr][INFO] - 	       [   4,    5,    3,   12,   10,   27,   10,    3,  879,   21],
[2024-06-20 19:00:03,406][flwr][INFO] - 	       [   8,    6,    1,    5,   43,   13,    1,    8,    8,  916]])),
[2024-06-20 19:00:03,406][flwr][INFO] - 	                      (7,
[2024-06-20 19:00:03,406][flwr][INFO] - 	                       array([[ 968,    0,    0,    1,    0,    3,    5,    1,    2,    0],
[2024-06-20 19:00:03,406][flwr][INFO] - 	       [   0, 1113,    2,    4,    1,    1,    3,    0,   11,    0],
[2024-06-20 19:00:03,407][flwr][INFO] - 	       [  13,    4,  939,   15,   13,    0,    8,   11,   27,    2],
[2024-06-20 19:00:03,407][flwr][INFO] - 	       [   3,    1,   23,  937,    1,   12,    0,   12,   13,    8],
[2024-06-20 19:00:03,407][flwr][INFO] - 	       [   1,    1,    4,    0,  907,    0,   16,    1,    4,   48],
[2024-06-20 19:00:03,407][flwr][INFO] - 	       [  11,    1,    2,   34,   14,  778,   15,    6,   20,   11],
[2024-06-20 19:00:03,407][flwr][INFO] - 	       [  13,    3,    4,    1,    7,    9,  916,    1,    4,    0],
[2024-06-20 19:00:03,407][flwr][INFO] - 	       [   3,   10,   28,    4,    6,    0,    0,  940,    0,   37],
[2024-06-20 19:00:03,407][flwr][INFO] - 	       [   7,    3,    6,   19,   11,   16,   10,    4,  877,   21],
[2024-06-20 19:00:03,407][flwr][INFO] - 	       [  12,    7,    1,   10,   41,    7,    1,    6,    5,  919]])),
[2024-06-20 19:00:03,407][flwr][INFO] - 	                      (8,
[2024-06-20 19:00:03,407][flwr][INFO] - 	                       array([[ 967,    0,    0,    1,    0,    4,    7,    1,    0,    0],
[2024-06-20 19:00:03,407][flwr][INFO] - 	       [   0, 1110,    3,    2,    1,    1,    5,    0,   12,    1],
[2024-06-20 19:00:03,407][flwr][INFO] - 	       [  13,    1,  949,    8,   18,    0,    8,   17,   17,    1],
[2024-06-20 19:00:03,407][flwr][INFO] - 	       [   3,    2,   33,  897,    2,   19,    1,   21,   22,   10],
[2024-06-20 19:00:03,407][flwr][INFO] - 	       [   1,    1,    3,    0,  915,    0,   14,    1,    7,   40],
[2024-06-20 19:00:03,407][flwr][INFO] - 	       [  11,    1,    3,   19,    5,  808,   13,    6,   21,    5],
[2024-06-20 19:00:03,407][flwr][INFO] - 	       [  13,    3,    2,    0,   11,   14,  911,    0,    4,    0],
[2024-06-20 19:00:03,407][flwr][INFO] - 	       [   2,    8,   21,    1,    7,    1,    0,  962,    0,   26],
[2024-06-20 19:00:03,407][flwr][INFO] - 	       [   9,    3,    6,   16,   10,   12,    7,    7,  889,   15],
[2024-06-20 19:00:03,407][flwr][INFO] - 	       [  12,    6,    0,    6,   50,    3,    1,    7,   11,  913]])),
[2024-06-20 19:00:03,407][flwr][INFO] - 	                      (9,
[2024-06-20 19:00:03,407][flwr][INFO] - 	                       array([[ 964,    0,    1,    1,    0,    3,    6,    1,    4,    0],
[2024-06-20 19:00:03,407][flwr][INFO] - 	       [   0, 1118,    3,    2,    0,    1,    4,    0,    7,    0],
[2024-06-20 19:00:03,407][flwr][INFO] - 	       [  10,    2,  954,   11,   15,    2,    7,   13,   17,    1],
[2024-06-20 19:00:03,407][flwr][INFO] - 	       [   1,    2,   25,  928,    1,   15,    1,    7,   20,   10],
[2024-06-20 19:00:03,407][flwr][INFO] - 	       [   1,    1,    3,    0,  918,    0,   13,    0,    4,   42],
[2024-06-20 19:00:03,407][flwr][INFO] - 	       [  10,    1,    2,   18,    7,  807,   13,    3,   25,    6],
[2024-06-20 19:00:03,407][flwr][INFO] - 	       [   9,    3,    1,    1,    8,    7,  923,    1,    5,    0],
[2024-06-20 19:00:03,407][flwr][INFO] - 	       [   2,   16,   24,    4,    7,    1,    0,  928,    0,   46],
[2024-06-20 19:00:03,407][flwr][INFO] - 	       [   4,    4,    4,   15,    8,    7,   10,    4,  908,   10],
[2024-06-20 19:00:03,407][flwr][INFO] - 	       [  11,    7,    0,    9,   33,    3,    1,    5,    8,  932]])),
[2024-06-20 19:00:03,407][flwr][INFO] - 	                      (10,
[2024-06-20 19:00:03,407][flwr][INFO] - 	                       array([[ 963,    0,    1,    1,    0,    4,    9,    1,    1,    0],
[2024-06-20 19:00:03,407][flwr][INFO] - 	       [   0, 1116,    3,    2,    1,    1,    3,    1,    8,    0],
[2024-06-20 19:00:03,407][flwr][INFO] - 	       [   8,    1,  953,    8,   17,    4,    6,   20,   14,    1],
[2024-06-20 19:00:03,407][flwr][INFO] - 	       [   2,    5,   19,  913,    1,   30,    0,   14,   15,   11],
[2024-06-20 19:00:03,407][flwr][INFO] - 	       [   0,    0,    4,    0,  921,    0,   12,    1,    3,   41],
[2024-06-20 19:00:03,407][flwr][INFO] - 	       [   6,    1,    0,   10,   12,  827,   13,    3,   12,    8],
[2024-06-20 19:00:03,407][flwr][INFO] - 	       [   9,    3,    2,    0,   14,   13,  914,    1,    2,    0],
[2024-06-20 19:00:03,407][flwr][INFO] - 	       [   0,    8,   21,    2,    4,    0,    0,  958,    0,   35],
[2024-06-20 19:00:03,407][flwr][INFO] - 	       [   5,    2,    3,   17,   13,   16,    7,    6,  884,   21],
[2024-06-20 19:00:03,407][flwr][INFO] - 	       [   5,    7,    0,    4,   32,    7,    1,    6,    5,  942]]))],
[2024-06-20 19:00:03,407][flwr][INFO] - 	 'f1': [(0, 0.03553137346181725),
[2024-06-20 19:00:03,407][flwr][INFO] - 	        (1, 0.7222543433058959),
[2024-06-20 19:00:03,407][flwr][INFO] - 	        (2, 0.8826073545859734),
[2024-06-20 19:00:03,408][flwr][INFO] - 	        (3, 0.8983906820326807),
[2024-06-20 19:00:03,408][flwr][INFO] - 	        (4, 0.9082341399583654),
[2024-06-20 19:00:03,408][flwr][INFO] - 	        (5, 0.9188293739020732),
[2024-06-20 19:00:03,408][flwr][INFO] - 	        (6, 0.92097990971942),
[2024-06-20 19:00:03,408][flwr][INFO] - 	        (7, 0.92927755718232),
[2024-06-20 19:00:03,408][flwr][INFO] - 	        (8, 0.9319950099039075),
[2024-06-20 19:00:03,408][flwr][INFO] - 	        (9, 0.9379334138647993),
[2024-06-20 19:00:03,408][flwr][INFO] - 	        (10, 0.9390958070476488)],
[2024-06-20 19:00:03,408][flwr][INFO] - 	 'precision': [(0, 0.12349967530374152),
[2024-06-20 19:00:03,408][flwr][INFO] - 	               (1, 0.7873050283019277),
[2024-06-20 19:00:03,408][flwr][INFO] - 	               (2, 0.8837682748698897),
[2024-06-20 19:00:03,408][flwr][INFO] - 	               (3, 0.8998425979009378),
[2024-06-20 19:00:03,408][flwr][INFO] - 	               (4, 0.9088839421167648),
[2024-06-20 19:00:03,408][flwr][INFO] - 	               (5, 0.9194622770525104),
[2024-06-20 19:00:03,408][flwr][INFO] - 	               (6, 0.922148492026762),
[2024-06-20 19:00:03,408][flwr][INFO] - 	               (7, 0.9297462759547345),
[2024-06-20 19:00:03,408][flwr][INFO] - 	               (8, 0.932310354400723),
[2024-06-20 19:00:03,408][flwr][INFO] - 	               (9, 0.9384084317279611),
[2024-06-20 19:00:03,408][flwr][INFO] - 	               (10, 0.939499737021554)],
[2024-06-20 19:00:03,408][flwr][INFO] - 	 'recall': [(0, 0.1086),
[2024-06-20 19:00:03,408][flwr][INFO] - 	            (1, 0.7347),
[2024-06-20 19:00:03,408][flwr][INFO] - 	            (2, 0.8832),
[2024-06-20 19:00:03,408][flwr][INFO] - 	            (3, 0.8986),
[2024-06-20 19:00:03,408][flwr][INFO] - 	            (4, 0.9087),
[2024-06-20 19:00:03,408][flwr][INFO] - 	            (5, 0.919),
[2024-06-20 19:00:03,408][flwr][INFO] - 	            (6, 0.921),
[2024-06-20 19:00:03,408][flwr][INFO] - 	            (7, 0.9294),
[2024-06-20 19:00:03,408][flwr][INFO] - 	            (8, 0.9321),
[2024-06-20 19:00:03,408][flwr][INFO] - 	            (9, 0.938),
[2024-06-20 19:00:03,408][flwr][INFO] - 	            (10, 0.9391)]}
[2024-06-20 19:00:03,408][flwr][INFO] - 
