[2024-07-08 14:59:19,704][flwr][INFO] - Starting Flower simulation, config: num_rounds=10, no round_timeout
[2024-07-08 14:59:24,628][flwr][INFO] - Flower VCE: Ray initialized with resources: {'memory': 9797558272.0, 'object_store_memory': 2147483648.0, 'node:__internal_head__': 1.0, 'CPU': 12.0, 'node:127.0.0.1': 1.0}
[2024-07-08 14:59:24,629][flwr][INFO] - Optimize your simulation with Flower VCE: https://flower.ai/docs/framework/how-to-run-simulations.html
[2024-07-08 14:59:24,629][flwr][INFO] - Flower VCE: Resources for each Virtual Client: {'num_cpus': 2, 'num_gpus': 0}
[2024-07-08 14:59:24,648][flwr][INFO] - Flower VCE: Creating VirtualClientEngineActorPool with 6 actors
[2024-07-08 14:59:24,649][flwr][INFO] - [INIT]
[2024-07-08 14:59:24,649][flwr][INFO] - Requesting initial parameters from one random client
[2024-07-08 14:59:27,032][flwr][INFO] - Received initial parameters from one random client
[2024-07-08 14:59:27,032][flwr][INFO] - Evaluating initial global parameters
[2024-07-08 14:59:27,400][flwr][INFO] - initial parameters (loss, other metrics): 181.76928067207336, {'accuracy': 0.1086, 'precision': 0.12349967530374152, 'recall': 0.1086, 'f1': 0.03553137346181725, 'confusion_matrix': array([[   0,    8,    0,  956,    0,    1,    0,   15,    0,    0],
       [   0,  122,    0, 1013,    0,    0,    0,    0,    0,    0],
       [   0,   38,    0,  971,    0,    0,    3,   19,    1,    0],
       [   0,   44,    0,  945,    1,    1,    0,   17,    2,    0],
       [   0,  143,    0,  816,    1,    0,    2,   20,    0,    0],
       [   0,  118,    0,  735,    1,    7,    0,   30,    1,    0],
       [   0,  144,    0,  749,   25,    0,    2,   38,    0,    0],
       [   0,  272,    0,  724,    8,    0,    0,    9,   15,    0],
       [   0,   81,    0,  859,    1,    0,    1,   32,    0,    0],
       [   0,  178,    0,  799,    1,    0,    0,   31,    0,    0]])}
[2024-07-08 14:59:27,400][flwr][INFO] - 
[2024-07-08 14:59:27,400][flwr][INFO] - [ROUND 1]
[2024-07-08 14:59:27,400][flwr][INFO] - configure_fit: strategy sampled 10 clients (out of 10)
[2024-07-08 14:59:44,010][flwr][INFO] - aggregate_fit: received 10 results and 0 failures
[2024-07-08 14:59:44,017][flwr][WARNING] - No fit_metrics_aggregation_fn provided
[2024-07-08 14:59:44,365][flwr][INFO] - fit progress: (1, 61.984198808670044, {'accuracy': 0.8803, 'precision': 0.8878101047987224, 'recall': 0.8803, 'f1': 0.8776050870125588, 'confusion_matrix': array([[ 943,    0,    5,    4,    0,   15,   12,    1,    0,    0],
       [   0, 1093,   28,    3,    0,    1,    5,    2,    2,    1],
       [   9,    3,  940,   31,    4,    2,   18,   10,    5,   10],
       [   3,    1,   29,  891,    0,   49,    4,   21,    5,    7],
       [   2,    1,    4,    0,  793,    0,   42,    2,    1,  137],
       [  13,    4,    3,   28,    4,  773,   44,   12,    3,    8],
       [  12,    2,   13,    2,    3,    3,  922,    0,    0,    1],
       [   3,    9,   24,    6,    5,    0,    0,  954,    0,   27],
       [  11,   18,   31,  151,    6,   76,   55,   17,  570,   39],
       [  13,    7,    1,   15,   15,    3,    2,   28,    1,  924]])}, 16.9654455)
[2024-07-08 14:59:44,366][flwr][INFO] - configure_evaluate: no clients selected, skipping evaluation
[2024-07-08 14:59:44,366][flwr][INFO] - 
[2024-07-08 14:59:44,366][flwr][INFO] - [ROUND 2]
[2024-07-08 14:59:44,366][flwr][INFO] - configure_fit: strategy sampled 10 clients (out of 10)
[2024-07-08 14:59:58,782][flwr][INFO] - aggregate_fit: received 10 results and 0 failures
[2024-07-08 14:59:59,199][flwr][INFO] - fit progress: (2, 17.150879291817546, {'accuracy': 0.9417, 'precision': 0.9423630588913906, 'recall': 0.9417, 'f1': 0.9416738576950731, 'confusion_matrix': array([[ 965,    0,    0,    0,    0,    3,    7,    1,    4,    0],
       [   0, 1113,    4,    2,    1,    0,    3,    0,   12,    0],
       [  11,    1,  966,   12,    6,    0,    8,    3,   22,    3],
       [   2,    1,   14,  923,    1,   19,    1,   12,   32,    5],
       [   1,    0,    4,    0,  932,    0,   15,    1,    4,   25],
       [   7,    1,    1,   16,    5,  814,   19,    1,   23,    5],
       [   7,    3,    0,    0,    8,    5,  931,    0,    4,    0],
       [   4,    5,   24,    6,   10,    1,    0,  944,    4,   30],
       [   6,    5,    2,   10,    6,    7,   10,    5,  920,    3],
       [  11,    6,    0,    4,   52,    6,    1,    6,   14,  909]])}, 31.799231749999997)
[2024-07-08 14:59:59,199][flwr][INFO] - configure_evaluate: no clients selected, skipping evaluation
[2024-07-08 14:59:59,199][flwr][INFO] - 
[2024-07-08 14:59:59,199][flwr][INFO] - [ROUND 3]
[2024-07-08 14:59:59,200][flwr][INFO] - configure_fit: strategy sampled 10 clients (out of 10)
[2024-07-08 15:00:13,432][flwr][INFO] - aggregate_fit: received 10 results and 0 failures
[2024-07-08 15:00:13,824][flwr][INFO] - fit progress: (3, 14.29521986655891, {'accuracy': 0.9526, 'precision': 0.9528634209703456, 'recall': 0.9526, 'f1': 0.9525690795059203, 'confusion_matrix': array([[ 972,    0,    1,    1,    0,    2,    2,    1,    1,    0],
       [   0, 1115,    5,    3,    0,    1,    3,    0,    8,    0],
       [  13,    1,  985,   13,    3,    2,    4,    3,    6,    2],
       [   1,    0,    8,  952,    0,   14,    0,    6,   23,    6],
       [   1,    1,    5,    0,  933,    0,   11,    1,    3,   27],
       [   6,    1,    0,   16,    4,  836,   10,    0,   14,    5],
       [   8,    2,    2,    1,   10,    8,  922,    0,    5,    0],
       [   2,    7,   26,   12,    7,    0,    0,  943,    4,   27],
       [   3,    2,    5,    8,    8,    9,    5,    3,  928,    3],
       [   6,    6,    0,    6,   28,    5,    1,    5,   12,  940]])}, 46.424722333)
[2024-07-08 15:00:13,825][flwr][INFO] - configure_evaluate: no clients selected, skipping evaluation
[2024-07-08 15:00:13,825][flwr][INFO] - 
[2024-07-08 15:00:13,825][flwr][INFO] - [ROUND 4]
[2024-07-08 15:00:13,825][flwr][INFO] - configure_fit: strategy sampled 10 clients (out of 10)
[2024-07-08 15:00:28,703][flwr][INFO] - aggregate_fit: received 10 results and 0 failures
[2024-07-08 15:00:29,246][flwr][INFO] - fit progress: (4, 11.951604014262557, {'accuracy': 0.9613, 'precision': 0.9613646168539955, 'recall': 0.9613, 'f1': 0.9612736712377208, 'confusion_matrix': array([[ 965,    0,    1,    0,    0,    2,    6,    1,    3,    2],
       [   0, 1122,    7,    1,    0,    1,    2,    0,    2,    0],
       [   4,    1, 1006,    9,    3,    0,    2,    3,    3,    1],
       [   0,    0,   11,  959,    0,    8,    1,    9,   17,    5],
       [   1,    1,    5,    0,  938,    1,    6,    1,    2,   27],
       [   1,    2,    0,   15,    3,  847,   10,    0,    9,    5],
       [   5,    3,    1,    1,    6,    5,  933,    0,    4,    0],
       [   1,    6,   24,    3,    5,    1,    0,  970,    2,   16],
       [   1,    2,    6,   10,    6,    8,    6,    4,  928,    3],
       [   6,    6,    0,    3,   27,    3,    0,    8,   11,  945]])}, 61.846387707999995)
[2024-07-08 15:00:29,246][flwr][INFO] - configure_evaluate: no clients selected, skipping evaluation
[2024-07-08 15:00:29,246][flwr][INFO] - 
[2024-07-08 15:00:29,246][flwr][INFO] - [ROUND 5]
[2024-07-08 15:00:29,247][flwr][INFO] - configure_fit: strategy sampled 10 clients (out of 10)
[2024-07-08 15:00:44,271][flwr][INFO] - aggregate_fit: received 10 results and 0 failures
[2024-07-08 15:00:44,722][flwr][INFO] - fit progress: (5, 10.9239261476323, {'accuracy': 0.9629, 'precision': 0.9630971085264853, 'recall': 0.9629, 'f1': 0.9628754344421097, 'confusion_matrix': array([[ 967,    0,    1,    0,    0,    2,    6,    1,    2,    1],
       [   0, 1121,    5,    2,    0,    1,    2,    0,    4,    0],
       [   5,    1,  996,   12,    3,    1,    5,    1,    8,    0],
       [   0,    0,    4,  972,    0,    5,    1,    6,   12,   10],
       [   0,    0,    3,    0,  941,    3,   11,    1,    3,   20],
       [   2,    2,    0,   16,    3,  841,   17,    0,    6,    5],
       [   4,    3,    1,    1,    4,    2,  940,    0,    3,    0],
       [   2,    7,   23,    5,    3,    0,    1,  962,    4,   21],
       [   2,    1,    4,    8,    3,    4,    9,    2,  938,    3],
       [   7,    6,    1,    4,   22,    5,    1,    5,    7,  951]])}, 77.323304958)
[2024-07-08 15:00:44,723][flwr][INFO] - configure_evaluate: no clients selected, skipping evaluation
[2024-07-08 15:00:44,723][flwr][INFO] - 
[2024-07-08 15:00:44,723][flwr][INFO] - [ROUND 6]
[2024-07-08 15:00:44,723][flwr][INFO] - configure_fit: strategy sampled 10 clients (out of 10)
[2024-07-08 15:01:01,028][flwr][INFO] - aggregate_fit: received 10 results and 0 failures
[2024-07-08 15:01:01,808][flwr][INFO] - fit progress: (6, 10.558279431425035, {'accuracy': 0.9632, 'precision': 0.9633724247364059, 'recall': 0.9632, 'f1': 0.9632242760399918, 'confusion_matrix': array([[ 962,    0,    0,    2,    0,    3,    6,    1,    3,    3],
       [   0, 1118,    4,    3,    0,    1,    2,    0,    7,    0],
       [   5,    1,  990,   17,    5,    1,    3,    2,    7,    1],
       [   0,    0,    4,  966,    0,   15,    1,    4,    9,   11],
       [   2,    0,    3,    0,  946,    1,    7,    0,    1,   22],
       [   1,    0,    0,   15,    3,  856,    7,    0,    5,    5],
       [   6,    3,    0,    1,    7,    6,  932,    0,    3,    0],
       [   1,    6,   17,    6,    5,    1,    1,  970,    5,   16],
       [   2,    1,    3,    7,    3,    6,    5,    2,  940,    5],
       [   4,    2,    0,    4,   24,   10,    0,    6,    7,  952]])}, 94.409398)
[2024-07-08 15:01:01,809][flwr][INFO] - configure_evaluate: no clients selected, skipping evaluation
[2024-07-08 15:01:01,809][flwr][INFO] - 
[2024-07-08 15:01:01,809][flwr][INFO] - [ROUND 7]
[2024-07-08 15:01:01,810][flwr][INFO] - configure_fit: strategy sampled 10 clients (out of 10)
[2024-07-08 15:01:18,832][flwr][INFO] - aggregate_fit: received 10 results and 0 failures
[2024-07-08 15:01:19,247][flwr][INFO] - fit progress: (7, 10.734249375760555, {'accuracy': 0.963, 'precision': 0.9635558464973881, 'recall': 0.963, 'f1': 0.9630479062281453, 'confusion_matrix': array([[ 968,    0,    0,    1,    0,    3,    2,    1,    3,    2],
       [   0, 1107,    6,    1,    0,    2,    1,    1,   17,    0],
       [   4,    0,  998,   10,    4,    1,    3,    1,   10,    1],
       [   0,    1,    4,  972,    0,    9,    0,    3,   13,    8],
       [   3,    0,    4,    0,  919,    2,    9,    0,    4,   41],
       [   3,    0,    0,   11,    2,  860,    4,    0,    8,    4],
       [   6,    3,    0,    2,    8,    5,  928,    0,    6,    0],
       [   2,    6,   29,    8,    1,    0,    0,  957,    8,   17],
       [   3,    0,    1,    4,    3,    4,    2,    2,  952,    3],
       [   5,    2,    0,    3,   10,    4,    0,    6,   10,  969]])}, 111.848079958)
[2024-07-08 15:01:19,247][flwr][INFO] - configure_evaluate: no clients selected, skipping evaluation
[2024-07-08 15:01:19,247][flwr][INFO] - 
[2024-07-08 15:01:19,247][flwr][INFO] - [ROUND 8]
[2024-07-08 15:01:19,248][flwr][INFO] - configure_fit: strategy sampled 10 clients (out of 10)
[2024-07-08 15:01:35,072][flwr][INFO] - aggregate_fit: received 10 results and 0 failures
[2024-07-08 15:01:35,798][flwr][INFO] - fit progress: (8, 9.95930167939514, {'accuracy': 0.9661, 'precision': 0.9663379873289337, 'recall': 0.9661, 'f1': 0.9660878465529454, 'confusion_matrix': array([[ 968,    1,    0,    1,    0,    2,    4,    1,    1,    2],
       [   0, 1123,    2,    1,    0,    1,    1,    0,    7,    0],
       [   4,    6,  987,   16,    4,    0,    3,    5,    7,    0],
       [   0,    2,    3,  974,    0,   12,    1,    1,   12,    5],
       [   5,    0,    3,    0,  932,    2,    8,    0,    3,   29],
       [   3,    0,    0,    7,    1,  864,    8,    0,    5,    4],
       [   5,    4,    0,    2,    7,    3,  931,    0,    6,    0],
       [   2,    7,   17,    4,    4,    1,    0,  963,    7,   23],
       [   3,    0,    2,    4,    3,    4,    3,    2,  951,    2],
       [   5,    3,    0,    3,   12,    8,    1,    3,    6,  968]])}, 128.39927475)
[2024-07-08 15:01:35,798][flwr][INFO] - configure_evaluate: no clients selected, skipping evaluation
[2024-07-08 15:01:35,798][flwr][INFO] - 
[2024-07-08 15:01:35,798][flwr][INFO] - [ROUND 9]
[2024-07-08 15:01:35,799][flwr][INFO] - configure_fit: strategy sampled 10 clients (out of 10)
[2024-07-08 15:01:51,479][flwr][INFO] - aggregate_fit: received 10 results and 0 failures
[2024-07-08 15:01:51,892][flwr][INFO] - fit progress: (9, 10.549556692130864, {'accuracy': 0.9658, 'precision': 0.9660295294704693, 'recall': 0.9658, 'f1': 0.9657742583763981, 'confusion_matrix': array([[ 969,    1,    0,    2,    0,    1,    1,    2,    2,    2],
       [   0, 1120,    8,    2,    0,    1,    1,    0,    3,    0],
       [   5,    4,  998,   13,    3,    0,    1,    1,    7,    0],
       [   0,    1,    3,  979,    0,    9,    0,    1,   13,    4],
       [   5,    1,    3,    0,  930,    1,    8,    1,    4,   29],
       [   2,    0,    0,    9,    2,  867,    5,    0,    5,    2],
       [   9,    5,    0,    1,    8,    3,  927,    0,    5,    0],
       [   1,    8,   24,    7,    3,    1,    0,  957,    6,   21],
       [   3,    2,    3,    6,    3,    3,    3,    2,  947,    2],
       [   5,    5,    0,    4,   10,    9,    0,    5,    7,  964]])}, 144.493478791)
[2024-07-08 15:01:51,892][flwr][INFO] - configure_evaluate: no clients selected, skipping evaluation
[2024-07-08 15:01:51,892][flwr][INFO] - 
[2024-07-08 15:01:51,892][flwr][INFO] - [ROUND 10]
[2024-07-08 15:01:51,893][flwr][INFO] - configure_fit: strategy sampled 10 clients (out of 10)
[2024-07-08 15:02:09,214][flwr][INFO] - aggregate_fit: received 10 results and 0 failures
[2024-07-08 15:02:09,820][flwr][INFO] - fit progress: (10, 9.756803321186453, {'accuracy': 0.9674, 'precision': 0.9675853185965839, 'recall': 0.9674, 'f1': 0.9673834823330886, 'confusion_matrix': array([[ 971,    1,    0,    1,    0,    2,    1,    1,    1,    2],
       [   0, 1119,    7,    1,    0,    3,    1,    0,    4,    0],
       [   6,    4, 1002,    6,    2,    0,    0,    4,    8,    0],
       [   1,    1,    5,  970,    0,   13,    0,    2,   11,    7],
       [   3,    1,    3,    0,  943,    2,    5,    3,    2,   20],
       [   4,    0,    0,    6,    2,  869,    5,    0,    4,    2],
       [  11,    5,    0,    0,    6,    8,  923,    0,    5,    0],
       [   3,    6,   20,    5,    5,    0,    0,  966,    5,   18],
       [   4,    2,    2,    3,    3,    5,    2,    2,  948,    3],
       [   6,    4,    0,    2,   16,    5,    0,    5,    8,  963]])}, 162.422064333)
[2024-07-08 15:02:09,821][flwr][INFO] - configure_evaluate: no clients selected, skipping evaluation
[2024-07-08 15:02:09,821][flwr][INFO] - 
[2024-07-08 15:02:09,821][flwr][INFO] - [SUMMARY]
[2024-07-08 15:02:09,821][flwr][INFO] - Run finished 10 round(s) in 162.42s
[2024-07-08 15:02:09,825][flwr][INFO] - 	History (loss, centralized):
[2024-07-08 15:02:09,825][flwr][INFO] - 		round 0: 181.76928067207336
[2024-07-08 15:02:09,825][flwr][INFO] - 		round 1: 61.984198808670044
[2024-07-08 15:02:09,825][flwr][INFO] - 		round 2: 17.150879291817546
[2024-07-08 15:02:09,825][flwr][INFO] - 		round 3: 14.29521986655891
[2024-07-08 15:02:09,826][flwr][INFO] - 		round 4: 11.951604014262557
[2024-07-08 15:02:09,826][flwr][INFO] - 		round 5: 10.9239261476323
[2024-07-08 15:02:09,826][flwr][INFO] - 		round 6: 10.558279431425035
[2024-07-08 15:02:09,826][flwr][INFO] - 		round 7: 10.734249375760555
[2024-07-08 15:02:09,826][flwr][INFO] - 		round 8: 9.95930167939514
[2024-07-08 15:02:09,826][flwr][INFO] - 		round 9: 10.549556692130864
[2024-07-08 15:02:09,826][flwr][INFO] - 		round 10: 9.756803321186453
[2024-07-08 15:02:09,826][flwr][INFO] - 	History (metrics, centralized):
[2024-07-08 15:02:09,826][flwr][INFO] - 	{'accuracy': [(0, 0.1086),
[2024-07-08 15:02:09,826][flwr][INFO] - 	              (1, 0.8803),
[2024-07-08 15:02:09,826][flwr][INFO] - 	              (2, 0.9417),
[2024-07-08 15:02:09,826][flwr][INFO] - 	              (3, 0.9526),
[2024-07-08 15:02:09,826][flwr][INFO] - 	              (4, 0.9613),
[2024-07-08 15:02:09,826][flwr][INFO] - 	              (5, 0.9629),
[2024-07-08 15:02:09,826][flwr][INFO] - 	              (6, 0.9632),
[2024-07-08 15:02:09,826][flwr][INFO] - 	              (7, 0.963),
[2024-07-08 15:02:09,826][flwr][INFO] - 	              (8, 0.9661),
[2024-07-08 15:02:09,826][flwr][INFO] - 	              (9, 0.9658),
[2024-07-08 15:02:09,826][flwr][INFO] - 	              (10, 0.9674)],
[2024-07-08 15:02:09,826][flwr][INFO] - 	 'confusion_matrix': [(0,
[2024-07-08 15:02:09,826][flwr][INFO] - 	                       array([[   0,    8,    0,  956,    0,    1,    0,   15,    0,    0],
[2024-07-08 15:02:09,826][flwr][INFO] - 	       [   0,  122,    0, 1013,    0,    0,    0,    0,    0,    0],
[2024-07-08 15:02:09,826][flwr][INFO] - 	       [   0,   38,    0,  971,    0,    0,    3,   19,    1,    0],
[2024-07-08 15:02:09,826][flwr][INFO] - 	       [   0,   44,    0,  945,    1,    1,    0,   17,    2,    0],
[2024-07-08 15:02:09,826][flwr][INFO] - 	       [   0,  143,    0,  816,    1,    0,    2,   20,    0,    0],
[2024-07-08 15:02:09,826][flwr][INFO] - 	       [   0,  118,    0,  735,    1,    7,    0,   30,    1,    0],
[2024-07-08 15:02:09,826][flwr][INFO] - 	       [   0,  144,    0,  749,   25,    0,    2,   38,    0,    0],
[2024-07-08 15:02:09,826][flwr][INFO] - 	       [   0,  272,    0,  724,    8,    0,    0,    9,   15,    0],
[2024-07-08 15:02:09,826][flwr][INFO] - 	       [   0,   81,    0,  859,    1,    0,    1,   32,    0,    0],
[2024-07-08 15:02:09,826][flwr][INFO] - 	       [   0,  178,    0,  799,    1,    0,    0,   31,    0,    0]])),
[2024-07-08 15:02:09,826][flwr][INFO] - 	                      (1,
[2024-07-08 15:02:09,826][flwr][INFO] - 	                       array([[ 943,    0,    5,    4,    0,   15,   12,    1,    0,    0],
[2024-07-08 15:02:09,826][flwr][INFO] - 	       [   0, 1093,   28,    3,    0,    1,    5,    2,    2,    1],
[2024-07-08 15:02:09,826][flwr][INFO] - 	       [   9,    3,  940,   31,    4,    2,   18,   10,    5,   10],
[2024-07-08 15:02:09,826][flwr][INFO] - 	       [   3,    1,   29,  891,    0,   49,    4,   21,    5,    7],
[2024-07-08 15:02:09,826][flwr][INFO] - 	       [   2,    1,    4,    0,  793,    0,   42,    2,    1,  137],
[2024-07-08 15:02:09,826][flwr][INFO] - 	       [  13,    4,    3,   28,    4,  773,   44,   12,    3,    8],
[2024-07-08 15:02:09,826][flwr][INFO] - 	       [  12,    2,   13,    2,    3,    3,  922,    0,    0,    1],
[2024-07-08 15:02:09,826][flwr][INFO] - 	       [   3,    9,   24,    6,    5,    0,    0,  954,    0,   27],
[2024-07-08 15:02:09,826][flwr][INFO] - 	       [  11,   18,   31,  151,    6,   76,   55,   17,  570,   39],
[2024-07-08 15:02:09,826][flwr][INFO] - 	       [  13,    7,    1,   15,   15,    3,    2,   28,    1,  924]])),
[2024-07-08 15:02:09,826][flwr][INFO] - 	                      (2,
[2024-07-08 15:02:09,826][flwr][INFO] - 	                       array([[ 965,    0,    0,    0,    0,    3,    7,    1,    4,    0],
[2024-07-08 15:02:09,826][flwr][INFO] - 	       [   0, 1113,    4,    2,    1,    0,    3,    0,   12,    0],
[2024-07-08 15:02:09,826][flwr][INFO] - 	       [  11,    1,  966,   12,    6,    0,    8,    3,   22,    3],
[2024-07-08 15:02:09,826][flwr][INFO] - 	       [   2,    1,   14,  923,    1,   19,    1,   12,   32,    5],
[2024-07-08 15:02:09,827][flwr][INFO] - 	       [   1,    0,    4,    0,  932,    0,   15,    1,    4,   25],
[2024-07-08 15:02:09,827][flwr][INFO] - 	       [   7,    1,    1,   16,    5,  814,   19,    1,   23,    5],
[2024-07-08 15:02:09,827][flwr][INFO] - 	       [   7,    3,    0,    0,    8,    5,  931,    0,    4,    0],
[2024-07-08 15:02:09,827][flwr][INFO] - 	       [   4,    5,   24,    6,   10,    1,    0,  944,    4,   30],
[2024-07-08 15:02:09,827][flwr][INFO] - 	       [   6,    5,    2,   10,    6,    7,   10,    5,  920,    3],
[2024-07-08 15:02:09,827][flwr][INFO] - 	       [  11,    6,    0,    4,   52,    6,    1,    6,   14,  909]])),
[2024-07-08 15:02:09,827][flwr][INFO] - 	                      (3,
[2024-07-08 15:02:09,827][flwr][INFO] - 	                       array([[ 972,    0,    1,    1,    0,    2,    2,    1,    1,    0],
[2024-07-08 15:02:09,827][flwr][INFO] - 	       [   0, 1115,    5,    3,    0,    1,    3,    0,    8,    0],
[2024-07-08 15:02:09,827][flwr][INFO] - 	       [  13,    1,  985,   13,    3,    2,    4,    3,    6,    2],
[2024-07-08 15:02:09,827][flwr][INFO] - 	       [   1,    0,    8,  952,    0,   14,    0,    6,   23,    6],
[2024-07-08 15:02:09,827][flwr][INFO] - 	       [   1,    1,    5,    0,  933,    0,   11,    1,    3,   27],
[2024-07-08 15:02:09,827][flwr][INFO] - 	       [   6,    1,    0,   16,    4,  836,   10,    0,   14,    5],
[2024-07-08 15:02:09,827][flwr][INFO] - 	       [   8,    2,    2,    1,   10,    8,  922,    0,    5,    0],
[2024-07-08 15:02:09,827][flwr][INFO] - 	       [   2,    7,   26,   12,    7,    0,    0,  943,    4,   27],
[2024-07-08 15:02:09,827][flwr][INFO] - 	       [   3,    2,    5,    8,    8,    9,    5,    3,  928,    3],
[2024-07-08 15:02:09,827][flwr][INFO] - 	       [   6,    6,    0,    6,   28,    5,    1,    5,   12,  940]])),
[2024-07-08 15:02:09,827][flwr][INFO] - 	                      (4,
[2024-07-08 15:02:09,827][flwr][INFO] - 	                       array([[ 965,    0,    1,    0,    0,    2,    6,    1,    3,    2],
[2024-07-08 15:02:09,827][flwr][INFO] - 	       [   0, 1122,    7,    1,    0,    1,    2,    0,    2,    0],
[2024-07-08 15:02:09,827][flwr][INFO] - 	       [   4,    1, 1006,    9,    3,    0,    2,    3,    3,    1],
[2024-07-08 15:02:09,827][flwr][INFO] - 	       [   0,    0,   11,  959,    0,    8,    1,    9,   17,    5],
[2024-07-08 15:02:09,827][flwr][INFO] - 	       [   1,    1,    5,    0,  938,    1,    6,    1,    2,   27],
[2024-07-08 15:02:09,827][flwr][INFO] - 	       [   1,    2,    0,   15,    3,  847,   10,    0,    9,    5],
[2024-07-08 15:02:09,827][flwr][INFO] - 	       [   5,    3,    1,    1,    6,    5,  933,    0,    4,    0],
[2024-07-08 15:02:09,827][flwr][INFO] - 	       [   1,    6,   24,    3,    5,    1,    0,  970,    2,   16],
[2024-07-08 15:02:09,827][flwr][INFO] - 	       [   1,    2,    6,   10,    6,    8,    6,    4,  928,    3],
[2024-07-08 15:02:09,827][flwr][INFO] - 	       [   6,    6,    0,    3,   27,    3,    0,    8,   11,  945]])),
[2024-07-08 15:02:09,827][flwr][INFO] - 	                      (5,
[2024-07-08 15:02:09,827][flwr][INFO] - 	                       array([[ 967,    0,    1,    0,    0,    2,    6,    1,    2,    1],
[2024-07-08 15:02:09,827][flwr][INFO] - 	       [   0, 1121,    5,    2,    0,    1,    2,    0,    4,    0],
[2024-07-08 15:02:09,827][flwr][INFO] - 	       [   5,    1,  996,   12,    3,    1,    5,    1,    8,    0],
[2024-07-08 15:02:09,827][flwr][INFO] - 	       [   0,    0,    4,  972,    0,    5,    1,    6,   12,   10],
[2024-07-08 15:02:09,827][flwr][INFO] - 	       [   0,    0,    3,    0,  941,    3,   11,    1,    3,   20],
[2024-07-08 15:02:09,827][flwr][INFO] - 	       [   2,    2,    0,   16,    3,  841,   17,    0,    6,    5],
[2024-07-08 15:02:09,827][flwr][INFO] - 	       [   4,    3,    1,    1,    4,    2,  940,    0,    3,    0],
[2024-07-08 15:02:09,827][flwr][INFO] - 	       [   2,    7,   23,    5,    3,    0,    1,  962,    4,   21],
[2024-07-08 15:02:09,827][flwr][INFO] - 	       [   2,    1,    4,    8,    3,    4,    9,    2,  938,    3],
[2024-07-08 15:02:09,827][flwr][INFO] - 	       [   7,    6,    1,    4,   22,    5,    1,    5,    7,  951]])),
[2024-07-08 15:02:09,827][flwr][INFO] - 	                      (6,
[2024-07-08 15:02:09,827][flwr][INFO] - 	                       array([[ 962,    0,    0,    2,    0,    3,    6,    1,    3,    3],
[2024-07-08 15:02:09,827][flwr][INFO] - 	       [   0, 1118,    4,    3,    0,    1,    2,    0,    7,    0],
[2024-07-08 15:02:09,827][flwr][INFO] - 	       [   5,    1,  990,   17,    5,    1,    3,    2,    7,    1],
[2024-07-08 15:02:09,827][flwr][INFO] - 	       [   0,    0,    4,  966,    0,   15,    1,    4,    9,   11],
[2024-07-08 15:02:09,827][flwr][INFO] - 	       [   2,    0,    3,    0,  946,    1,    7,    0,    1,   22],
[2024-07-08 15:02:09,827][flwr][INFO] - 	       [   1,    0,    0,   15,    3,  856,    7,    0,    5,    5],
[2024-07-08 15:02:09,828][flwr][INFO] - 	       [   6,    3,    0,    1,    7,    6,  932,    0,    3,    0],
[2024-07-08 15:02:09,828][flwr][INFO] - 	       [   1,    6,   17,    6,    5,    1,    1,  970,    5,   16],
[2024-07-08 15:02:09,828][flwr][INFO] - 	       [   2,    1,    3,    7,    3,    6,    5,    2,  940,    5],
[2024-07-08 15:02:09,828][flwr][INFO] - 	       [   4,    2,    0,    4,   24,   10,    0,    6,    7,  952]])),
[2024-07-08 15:02:09,828][flwr][INFO] - 	                      (7,
[2024-07-08 15:02:09,828][flwr][INFO] - 	                       array([[ 968,    0,    0,    1,    0,    3,    2,    1,    3,    2],
[2024-07-08 15:02:09,828][flwr][INFO] - 	       [   0, 1107,    6,    1,    0,    2,    1,    1,   17,    0],
[2024-07-08 15:02:09,828][flwr][INFO] - 	       [   4,    0,  998,   10,    4,    1,    3,    1,   10,    1],
[2024-07-08 15:02:09,828][flwr][INFO] - 	       [   0,    1,    4,  972,    0,    9,    0,    3,   13,    8],
[2024-07-08 15:02:09,828][flwr][INFO] - 	       [   3,    0,    4,    0,  919,    2,    9,    0,    4,   41],
[2024-07-08 15:02:09,828][flwr][INFO] - 	       [   3,    0,    0,   11,    2,  860,    4,    0,    8,    4],
[2024-07-08 15:02:09,828][flwr][INFO] - 	       [   6,    3,    0,    2,    8,    5,  928,    0,    6,    0],
[2024-07-08 15:02:09,828][flwr][INFO] - 	       [   2,    6,   29,    8,    1,    0,    0,  957,    8,   17],
[2024-07-08 15:02:09,828][flwr][INFO] - 	       [   3,    0,    1,    4,    3,    4,    2,    2,  952,    3],
[2024-07-08 15:02:09,828][flwr][INFO] - 	       [   5,    2,    0,    3,   10,    4,    0,    6,   10,  969]])),
[2024-07-08 15:02:09,828][flwr][INFO] - 	                      (8,
[2024-07-08 15:02:09,828][flwr][INFO] - 	                       array([[ 968,    1,    0,    1,    0,    2,    4,    1,    1,    2],
[2024-07-08 15:02:09,828][flwr][INFO] - 	       [   0, 1123,    2,    1,    0,    1,    1,    0,    7,    0],
[2024-07-08 15:02:09,828][flwr][INFO] - 	       [   4,    6,  987,   16,    4,    0,    3,    5,    7,    0],
[2024-07-08 15:02:09,828][flwr][INFO] - 	       [   0,    2,    3,  974,    0,   12,    1,    1,   12,    5],
[2024-07-08 15:02:09,828][flwr][INFO] - 	       [   5,    0,    3,    0,  932,    2,    8,    0,    3,   29],
[2024-07-08 15:02:09,828][flwr][INFO] - 	       [   3,    0,    0,    7,    1,  864,    8,    0,    5,    4],
[2024-07-08 15:02:09,828][flwr][INFO] - 	       [   5,    4,    0,    2,    7,    3,  931,    0,    6,    0],
[2024-07-08 15:02:09,828][flwr][INFO] - 	       [   2,    7,   17,    4,    4,    1,    0,  963,    7,   23],
[2024-07-08 15:02:09,828][flwr][INFO] - 	       [   3,    0,    2,    4,    3,    4,    3,    2,  951,    2],
[2024-07-08 15:02:09,828][flwr][INFO] - 	       [   5,    3,    0,    3,   12,    8,    1,    3,    6,  968]])),
[2024-07-08 15:02:09,828][flwr][INFO] - 	                      (9,
[2024-07-08 15:02:09,828][flwr][INFO] - 	                       array([[ 969,    1,    0,    2,    0,    1,    1,    2,    2,    2],
[2024-07-08 15:02:09,828][flwr][INFO] - 	       [   0, 1120,    8,    2,    0,    1,    1,    0,    3,    0],
[2024-07-08 15:02:09,828][flwr][INFO] - 	       [   5,    4,  998,   13,    3,    0,    1,    1,    7,    0],
[2024-07-08 15:02:09,828][flwr][INFO] - 	       [   0,    1,    3,  979,    0,    9,    0,    1,   13,    4],
[2024-07-08 15:02:09,828][flwr][INFO] - 	       [   5,    1,    3,    0,  930,    1,    8,    1,    4,   29],
[2024-07-08 15:02:09,828][flwr][INFO] - 	       [   2,    0,    0,    9,    2,  867,    5,    0,    5,    2],
[2024-07-08 15:02:09,828][flwr][INFO] - 	       [   9,    5,    0,    1,    8,    3,  927,    0,    5,    0],
[2024-07-08 15:02:09,828][flwr][INFO] - 	       [   1,    8,   24,    7,    3,    1,    0,  957,    6,   21],
[2024-07-08 15:02:09,828][flwr][INFO] - 	       [   3,    2,    3,    6,    3,    3,    3,    2,  947,    2],
[2024-07-08 15:02:09,828][flwr][INFO] - 	       [   5,    5,    0,    4,   10,    9,    0,    5,    7,  964]])),
[2024-07-08 15:02:09,828][flwr][INFO] - 	                      (10,
[2024-07-08 15:02:09,828][flwr][INFO] - 	                       array([[ 971,    1,    0,    1,    0,    2,    1,    1,    1,    2],
[2024-07-08 15:02:09,828][flwr][INFO] - 	       [   0, 1119,    7,    1,    0,    3,    1,    0,    4,    0],
[2024-07-08 15:02:09,828][flwr][INFO] - 	       [   6,    4, 1002,    6,    2,    0,    0,    4,    8,    0],
[2024-07-08 15:02:09,828][flwr][INFO] - 	       [   1,    1,    5,  970,    0,   13,    0,    2,   11,    7],
[2024-07-08 15:02:09,828][flwr][INFO] - 	       [   3,    1,    3,    0,  943,    2,    5,    3,    2,   20],
[2024-07-08 15:02:09,828][flwr][INFO] - 	       [   4,    0,    0,    6,    2,  869,    5,    0,    4,    2],
[2024-07-08 15:02:09,828][flwr][INFO] - 	       [  11,    5,    0,    0,    6,    8,  923,    0,    5,    0],
[2024-07-08 15:02:09,828][flwr][INFO] - 	       [   3,    6,   20,    5,    5,    0,    0,  966,    5,   18],
[2024-07-08 15:02:09,828][flwr][INFO] - 	       [   4,    2,    2,    3,    3,    5,    2,    2,  948,    3],
[2024-07-08 15:02:09,829][flwr][INFO] - 	       [   6,    4,    0,    2,   16,    5,    0,    5,    8,  963]]))],
[2024-07-08 15:02:09,829][flwr][INFO] - 	 'f1': [(0, 0.03553137346181725),
[2024-07-08 15:02:09,829][flwr][INFO] - 	        (1, 0.8776050870125588),
[2024-07-08 15:02:09,829][flwr][INFO] - 	        (2, 0.9416738576950731),
[2024-07-08 15:02:09,829][flwr][INFO] - 	        (3, 0.9525690795059203),
[2024-07-08 15:02:09,829][flwr][INFO] - 	        (4, 0.9612736712377208),
[2024-07-08 15:02:09,829][flwr][INFO] - 	        (5, 0.9628754344421097),
[2024-07-08 15:02:09,829][flwr][INFO] - 	        (6, 0.9632242760399918),
[2024-07-08 15:02:09,829][flwr][INFO] - 	        (7, 0.9630479062281453),
[2024-07-08 15:02:09,829][flwr][INFO] - 	        (8, 0.9660878465529454),
[2024-07-08 15:02:09,829][flwr][INFO] - 	        (9, 0.9657742583763981),
[2024-07-08 15:02:09,829][flwr][INFO] - 	        (10, 0.9673834823330886)],
[2024-07-08 15:02:09,829][flwr][INFO] - 	 'precision': [(0, 0.12349967530374152),
[2024-07-08 15:02:09,829][flwr][INFO] - 	               (1, 0.8878101047987224),
[2024-07-08 15:02:09,829][flwr][INFO] - 	               (2, 0.9423630588913906),
[2024-07-08 15:02:09,829][flwr][INFO] - 	               (3, 0.9528634209703456),
[2024-07-08 15:02:09,829][flwr][INFO] - 	               (4, 0.9613646168539955),
[2024-07-08 15:02:09,829][flwr][INFO] - 	               (5, 0.9630971085264853),
[2024-07-08 15:02:09,829][flwr][INFO] - 	               (6, 0.9633724247364059),
[2024-07-08 15:02:09,829][flwr][INFO] - 	               (7, 0.9635558464973881),
[2024-07-08 15:02:09,829][flwr][INFO] - 	               (8, 0.9663379873289337),
[2024-07-08 15:02:09,829][flwr][INFO] - 	               (9, 0.9660295294704693),
[2024-07-08 15:02:09,829][flwr][INFO] - 	               (10, 0.9675853185965839)],
[2024-07-08 15:02:09,829][flwr][INFO] - 	 'recall': [(0, 0.1086),
[2024-07-08 15:02:09,829][flwr][INFO] - 	            (1, 0.8803),
[2024-07-08 15:02:09,829][flwr][INFO] - 	            (2, 0.9417),
[2024-07-08 15:02:09,829][flwr][INFO] - 	            (3, 0.9526),
[2024-07-08 15:02:09,829][flwr][INFO] - 	            (4, 0.9613),
[2024-07-08 15:02:09,829][flwr][INFO] - 	            (5, 0.9629),
[2024-07-08 15:02:09,829][flwr][INFO] - 	            (6, 0.9632),
[2024-07-08 15:02:09,829][flwr][INFO] - 	            (7, 0.963),
[2024-07-08 15:02:09,829][flwr][INFO] - 	            (8, 0.9661),
[2024-07-08 15:02:09,829][flwr][INFO] - 	            (9, 0.9658),
[2024-07-08 15:02:09,829][flwr][INFO] - 	            (10, 0.9674)]}
[2024-07-08 15:02:09,829][flwr][INFO] - 
