[2024-07-08 18:14:41,774][flwr][INFO] - Starting Flower simulation, config: num_rounds=10, no round_timeout
[2024-07-08 18:14:43,782][flwr][INFO] - Flower VCE: Ray initialized with resources: {'CPU': 12.0, 'object_store_memory': 2147483648.0, 'node:__internal_head__': 1.0, 'node:127.0.0.1': 1.0, 'memory': 8856833229.0}
[2024-07-08 18:14:43,782][flwr][INFO] - Optimize your simulation with Flower VCE: https://flower.ai/docs/framework/how-to-run-simulations.html
[2024-07-08 18:14:43,782][flwr][INFO] - Flower VCE: Resources for each Virtual Client: {'num_cpus': 2, 'num_gpus': 0}
[2024-07-08 18:14:43,788][flwr][INFO] - Flower VCE: Creating VirtualClientEngineActorPool with 6 actors
[2024-07-08 18:14:43,788][flwr][INFO] - [INIT]
[2024-07-08 18:14:43,788][flwr][INFO] - Requesting initial parameters from one random client
[2024-07-08 18:14:45,241][flwr][INFO] - Received initial parameters from one random client
[2024-07-08 18:14:45,241][flwr][INFO] - Evaluating initial global parameters
[2024-07-08 18:14:45,733][flwr][INFO] - initial parameters (loss, other metrics): 181.76928067207336, {'accuracy': 0.1086, 'precision': 0.12349967530374152, 'recall': 0.1086, 'f1': 0.03553137346181725, 'confusion_matrix': array([[   0,    8,    0,  956,    0,    1,    0,   15,    0,    0],
       [   0,  122,    0, 1013,    0,    0,    0,    0,    0,    0],
       [   0,   38,    0,  971,    0,    0,    3,   19,    1,    0],
       [   0,   44,    0,  945,    1,    1,    0,   17,    2,    0],
       [   0,  143,    0,  816,    1,    0,    2,   20,    0,    0],
       [   0,  118,    0,  735,    1,    7,    0,   30,    1,    0],
       [   0,  144,    0,  749,   25,    0,    2,   38,    0,    0],
       [   0,  272,    0,  724,    8,    0,    0,    9,   15,    0],
       [   0,   81,    0,  859,    1,    0,    1,   32,    0,    0],
       [   0,  178,    0,  799,    1,    0,    0,   31,    0,    0]])}
[2024-07-08 18:14:45,733][flwr][INFO] - 
[2024-07-08 18:14:45,733][flwr][INFO] - [ROUND 1]
[2024-07-08 18:14:45,734][flwr][INFO] - configure_fit: strategy sampled 10 clients (out of 10)
[2024-07-08 18:14:53,911][flwr][INFO] - aggregate_fit: received 10 results and 0 failures
[2024-07-08 18:14:53,917][flwr][WARNING] - No fit_metrics_aggregation_fn provided
[2024-07-08 18:14:54,247][flwr][INFO] - fit progress: (1, 156.28585577011108, {'accuracy': 0.5029, 'precision': 0.6541954299270498, 'recall': 0.5029, 'f1': 0.49540788325450985, 'confusion_matrix': array([[790,  27,   0,  24,   0,  11,   1,   0,   0, 127],
       [  0, 289,   0, 820,   0,   0,   0,   0,   0,  26],
       [  3,  32, 391, 540,   2,   1,   4,   2,   0,  57],
       [  9,  41,   4, 887,   0,   7,   0,   4,   0,  58],
       [  0,   4,   0,   1, 531,  10,   0,   0,   0, 436],
       [ 23,  90,   0,  79,  75, 232,   1,   1,   0, 391],
       [  5,  38,   0,   5,  39,   6, 405,   0,   0, 460],
       [  9,  19,   0, 101,   2,   0,   0, 541,   0, 356],
       [  6,  63,   0, 194,   7,   9,   0,   1,   0, 694],
       [  0,   5,   0,   8,  27,   4,   1,   1,   0, 963]])}, 8.513760209)
[2024-07-08 18:14:54,247][flwr][INFO] - configure_evaluate: no clients selected, skipping evaluation
[2024-07-08 18:14:54,247][flwr][INFO] - 
[2024-07-08 18:14:54,247][flwr][INFO] - [ROUND 2]
[2024-07-08 18:14:54,248][flwr][INFO] - configure_fit: strategy sampled 10 clients (out of 10)
[2024-07-08 18:15:00,136][flwr][INFO] - aggregate_fit: received 10 results and 0 failures
[2024-07-08 18:15:00,470][flwr][INFO] - fit progress: (2, 71.94376391172409, {'accuracy': 0.8248, 'precision': 0.8647987481924638, 'recall': 0.8248, 'f1': 0.8279056220155259, 'confusion_matrix': array([[928,   0,   0,   2,   0,   0,   9,   1,  39,   1],
       [  0, 828,  38,  18,   0,   1,   7,   1, 240,   2],
       [ 10,   4, 778,  91,   9,   0,  22,  12, 100,   6],
       [  0,   0,  23, 871,   1,   9,   3,   6,  90,   7],
       [  1,   1,   4,   0, 867,   0,  17,   0,  21,  71],
       [ 14,   1,   0,  70,  26, 473,  54,   2, 233,  19],
       [ 12,   3,   0,   0,   7,   4, 896,   0,  36,   0],
       [  1,   4,  13,  12,  12,   0,   3, 767,  37, 179],
       [  2,   0,   4,   7,   7,   1,   7,   1, 934,  11],
       [  8,   1,   1,   3,  46,   1,   1,   2,  40, 906]])}, 14.736627875)
[2024-07-08 18:15:00,470][flwr][INFO] - configure_evaluate: no clients selected, skipping evaluation
[2024-07-08 18:15:00,470][flwr][INFO] - 
[2024-07-08 18:15:00,470][flwr][INFO] - [ROUND 3]
[2024-07-08 18:15:00,471][flwr][INFO] - configure_fit: strategy sampled 10 clients (out of 10)
[2024-07-08 18:15:06,847][flwr][INFO] - aggregate_fit: received 10 results and 0 failures
[2024-07-08 18:15:07,186][flwr][INFO] - fit progress: (3, 29.806395687162876, {'accuracy': 0.9129, 'precision': 0.9193029148474628, 'recall': 0.9129, 'f1': 0.9136767022821476, 'confusion_matrix': array([[ 958,    0,    0,    0,    0,    0,    9,    1,   11,    1],
       [   0, 1082,   18,    2,    0,    0,    5,    1,   26,    1],
       [  11,    7,  908,   11,    3,    0,   13,   24,   51,    4],
       [   4,    2,   26,  847,    0,   34,    3,   18,   70,    6],
       [   1,    1,    3,    0,  856,    2,   32,    2,   37,   48],
       [  10,    1,    1,   15,    1,  761,   26,   10,   62,    5],
       [  10,    2,    1,    1,    1,    8,  924,    3,    8,    0],
       [   1,    9,   23,    2,    1,    0,    1,  970,    2,   19],
       [   4,    1,    5,    4,    4,    1,   12,    5,  934,    4],
       [   8,    4,    0,    2,   14,    8,    3,   23,   58,  889]])}, 21.452813625)
[2024-07-08 18:15:07,187][flwr][INFO] - configure_evaluate: no clients selected, skipping evaluation
[2024-07-08 18:15:07,187][flwr][INFO] - 
[2024-07-08 18:15:07,187][flwr][INFO] - [ROUND 4]
[2024-07-08 18:15:07,187][flwr][INFO] - configure_fit: strategy sampled 10 clients (out of 10)
[2024-07-08 18:15:13,613][flwr][INFO] - aggregate_fit: received 10 results and 0 failures
[2024-07-08 18:15:13,952][flwr][INFO] - fit progress: (4, 24.88811095058918, {'accuracy': 0.9137, 'precision': 0.9184949140470133, 'recall': 0.9137, 'f1': 0.913654862906943, 'confusion_matrix': array([[ 964,    0,    1,    0,    0,    2,    6,    1,    6,    0],
       [   0, 1093,   13,    2,    0,    2,    5,    1,   19,    0],
       [  20,    8,  922,    3,    6,    0,    5,   20,   45,    3],
       [   7,    1,   33,  769,    0,   73,    2,   22,   99,    4],
       [   1,    1,    6,    0,  918,    2,    9,    2,   14,   29],
       [  10,    1,    0,   16,    1,  796,   20,    7,   38,    3],
       [  15,    2,    0,    0,    6,   10,  913,    1,   10,    1],
       [   3,    7,   27,    0,    2,    0,    0,  959,    4,   26],
       [   8,    1,    5,    2,    6,    6,    9,    4,  927,    6],
       [  10,    3,    0,    1,   52,    6,    1,   11,   49,  876]])}, 28.218517374999998)
[2024-07-08 18:15:13,952][flwr][INFO] - configure_evaluate: no clients selected, skipping evaluation
[2024-07-08 18:15:13,952][flwr][INFO] - 
[2024-07-08 18:15:13,952][flwr][INFO] - [ROUND 5]
[2024-07-08 18:15:13,953][flwr][INFO] - configure_fit: strategy sampled 10 clients (out of 10)
[2024-07-08 18:15:20,136][flwr][INFO] - aggregate_fit: received 10 results and 0 failures
[2024-07-08 18:15:20,488][flwr][INFO] - fit progress: (5, 24.239390321075916, {'accuracy': 0.9163, 'precision': 0.9193502317069456, 'recall': 0.9163, 'f1': 0.9164071153487404, 'confusion_matrix': array([[ 969,    0,    1,    0,    0,    3,    1,    1,    3,    2],
       [   0, 1100,    6,    3,    0,    2,    3,    3,   17,    1],
       [  19,    6,  919,   11,    4,    0,    3,   27,   37,    6],
       [   3,    0,   28,  831,    0,   47,    1,   24,   69,    7],
       [   3,    1,    5,    1,  874,    2,    7,    1,    5,   83],
       [  10,    1,    1,   21,    2,  803,    6,    8,   32,    8],
       [  31,    2,   10,    1,   12,   18,  859,    4,   19,    2],
       [   2,    4,   20,    0,    0,    0,    0,  984,    2,   16],
       [  15,    1,    4,    8,    5,    8,    3,    8,  909,   13],
       [  16,    4,    0,    1,   22,    4,    0,   19,   28,  915]])}, 34.754153334)
[2024-07-08 18:15:20,488][flwr][INFO] - configure_evaluate: no clients selected, skipping evaluation
[2024-07-08 18:15:20,488][flwr][INFO] - 
[2024-07-08 18:15:20,488][flwr][INFO] - [ROUND 6]
[2024-07-08 18:15:20,488][flwr][INFO] - configure_fit: strategy sampled 10 clients (out of 10)
[2024-07-08 18:15:26,805][flwr][INFO] - aggregate_fit: received 10 results and 0 failures
[2024-07-08 18:15:27,138][flwr][INFO] - fit progress: (6, 21.67983029782772, {'accuracy': 0.9209, 'precision': 0.9239237097178377, 'recall': 0.9209, 'f1': 0.920516087144403, 'confusion_matrix': array([[ 963,    0,    1,    0,    0,    4,    2,    3,    5,    2],
       [   0, 1110,    7,    0,    1,    2,    4,    2,    9,    0],
       [  14,    5,  943,    6,    8,    0,    4,   16,   34,    2],
       [   7,    4,   34,  775,    1,   50,    1,   22,  101,   15],
       [   1,    0,    3,    0,  934,    0,   13,    1,    4,   26],
       [   8,    1,    1,    8,    4,  817,   16,    6,   24,    7],
       [   9,    4,    0,    0,   11,   16,  907,    0,   10,    1],
       [   1,    7,   20,    3,    4,    0,    0,  960,    3,   30],
       [   6,    2,    4,    4,    8,    7,    5,    5,  920,   13],
       [   8,    5,    0,    1,   67,    4,    1,   11,   32,  880]])}, 41.404259584)
[2024-07-08 18:15:27,138][flwr][INFO] - configure_evaluate: no clients selected, skipping evaluation
[2024-07-08 18:15:27,138][flwr][INFO] - 
[2024-07-08 18:15:27,138][flwr][INFO] - [ROUND 7]
[2024-07-08 18:15:27,139][flwr][INFO] - configure_fit: strategy sampled 10 clients (out of 10)
[2024-07-08 18:15:33,104][flwr][INFO] - aggregate_fit: received 10 results and 0 failures
[2024-07-08 18:15:33,455][flwr][INFO] - fit progress: (7, 19.553454695269465, {'accuracy': 0.9289, 'precision': 0.9309514631653018, 'recall': 0.9289, 'f1': 0.9291961286725987, 'confusion_matrix': array([[ 964,    0,    1,    0,    0,    4,    4,    1,    5,    1],
       [   0, 1102,    9,    1,    0,    2,    4,    3,   13,    1],
       [  13,    2,  949,    3,    5,    0,    4,   18,   35,    3],
       [   3,    0,   21,  882,    0,   13,    0,   21,   64,    6],
       [   3,    1,    5,    1,  889,    1,   11,    2,    4,   65],
       [   9,    1,    1,   13,    0,  810,   19,    4,   26,    9],
       [  13,    2,    1,    1,    7,   17,  909,    0,    7,    1],
       [   2,    5,   18,    4,    1,    0,    0,  972,    4,   22],
       [   9,    1,    4,    4,    4,   10,   11,    5,  906,   20],
       [  11,    3,    0,    2,   31,    3,    0,   17,   36,  906]])}, 47.721543042)
[2024-07-08 18:15:33,455][flwr][INFO] - configure_evaluate: no clients selected, skipping evaluation
[2024-07-08 18:15:33,455][flwr][INFO] - 
[2024-07-08 18:15:33,456][flwr][INFO] - [ROUND 8]
[2024-07-08 18:15:33,456][flwr][INFO] - configure_fit: strategy sampled 10 clients (out of 10)
[2024-07-08 18:15:39,467][flwr][INFO] - aggregate_fit: received 10 results and 0 failures
[2024-07-08 18:15:39,816][flwr][INFO] - fit progress: (8, 20.565552160143852, {'accuracy': 0.9278, 'precision': 0.9301051038300726, 'recall': 0.9278, 'f1': 0.9280849105364137, 'confusion_matrix': array([[ 969,    0,    0,    0,    0,    2,    4,    1,    3,    1],
       [   0, 1088,   19,    2,    1,    1,    2,    3,   19,    0],
       [  15,    0,  961,    3,    5,    0,    5,   16,   24,    3],
       [   4,    1,   30,  869,    1,   13,    0,   21,   60,   11],
       [   3,    0,    4,    0,  897,    0,   12,    1,    4,   61],
       [   9,    1,    2,   11,    3,  806,   14,    5,   30,   11],
       [  17,    3,    0,    1,    8,   15,  905,    0,    9,    0],
       [   2,    4,   22,    2,    4,    0,    0,  961,    1,   32],
       [  10,    1,    4,    4,    5,    4,    8,    3,  910,   25],
       [  13,    3,    0,    1,   38,    2,    0,    9,   31,  912]])}, 54.082252167)
[2024-07-08 18:15:39,816][flwr][INFO] - configure_evaluate: no clients selected, skipping evaluation
[2024-07-08 18:15:39,816][flwr][INFO] - 
[2024-07-08 18:15:39,816][flwr][INFO] - [ROUND 9]
[2024-07-08 18:15:39,817][flwr][INFO] - configure_fit: strategy sampled 10 clients (out of 10)
[2024-07-08 18:15:46,921][flwr][INFO] - aggregate_fit: received 10 results and 0 failures
[2024-07-08 18:15:47,258][flwr][INFO] - fit progress: (9, 21.1423420868814, {'accuracy': 0.9265, 'precision': 0.9285453298555129, 'recall': 0.9265, 'f1': 0.9269346831756077, 'confusion_matrix': array([[ 966,    0,    0,    1,    0,    2,    4,    1,    4,    2],
       [   0, 1042,   36,    5,    1,    1,    3,    5,   42,    0],
       [  13,    1,  948,   11,    6,    0,    5,   14,   31,    3],
       [   3,    1,   16,  903,    0,   20,    0,   12,   43,   12],
       [   2,    0,    5,    0,  914,    0,   11,    1,    3,   46],
       [   7,    2,    1,   10,    3,  821,   14,    5,   22,    7],
       [  13,    2,    2,    1,    9,   19,  904,    0,    8,    0],
       [   0,    1,   21,    4,    4,    0,    0,  958,    1,   39],
       [   7,    0,    5,    5,    9,    9,    8,    1,  894,   36],
       [   9,    3,    0,    3,   41,    3,    0,    8,   27,  915]])}, 61.524131999999994)
[2024-07-08 18:15:47,258][flwr][INFO] - configure_evaluate: no clients selected, skipping evaluation
[2024-07-08 18:15:47,258][flwr][INFO] - 
[2024-07-08 18:15:47,258][flwr][INFO] - [ROUND 10]
[2024-07-08 18:15:47,259][flwr][INFO] - configure_fit: strategy sampled 10 clients (out of 10)
[2024-07-08 18:15:53,533][flwr][INFO] - aggregate_fit: received 10 results and 0 failures
[2024-07-08 18:15:53,874][flwr][INFO] - fit progress: (10, 20.450566418468952, {'accuracy': 0.9334, 'precision': 0.9354203376873745, 'recall': 0.9334, 'f1': 0.9336660109173659, 'confusion_matrix': array([[ 966,    0,    1,    1,    0,    0,    6,    1,    4,    1],
       [   0, 1070,   28,    1,    0,    1,    2,    4,   29,    0],
       [   9,    3,  976,    3,    3,    0,    5,   13,   18,    2],
       [   3,    2,   29,  888,    0,   12,    0,   15,   50,   11],
       [   1,    1,    8,    0,  910,    0,   11,    1,    4,   46],
       [   7,    2,    2,   14,    2,  799,   17,    5,   32,   12],
       [   7,    3,    1,    1,    3,   11,  927,    0,    5,    0],
       [   1,    2,   23,    2,    4,    0,    0,  967,    2,   27],
       [   6,    0,    6,    5,    7,    6,   15,    2,  912,   15],
       [   9,    4,    1,    2,   30,    2,    0,    9,   33,  919]])}, 68.140211292)
[2024-07-08 18:15:53,874][flwr][INFO] - configure_evaluate: no clients selected, skipping evaluation
[2024-07-08 18:15:53,874][flwr][INFO] - 
[2024-07-08 18:15:53,874][flwr][INFO] - [SUMMARY]
[2024-07-08 18:15:53,875][flwr][INFO] - Run finished 10 round(s) in 68.14s
[2024-07-08 18:15:53,878][flwr][INFO] - 	History (loss, centralized):
[2024-07-08 18:15:53,878][flwr][INFO] - 		round 0: 181.76928067207336
[2024-07-08 18:15:53,878][flwr][INFO] - 		round 1: 156.28585577011108
[2024-07-08 18:15:53,878][flwr][INFO] - 		round 2: 71.94376391172409
[2024-07-08 18:15:53,878][flwr][INFO] - 		round 3: 29.806395687162876
[2024-07-08 18:15:53,878][flwr][INFO] - 		round 4: 24.88811095058918
[2024-07-08 18:15:53,878][flwr][INFO] - 		round 5: 24.239390321075916
[2024-07-08 18:15:53,878][flwr][INFO] - 		round 6: 21.67983029782772
[2024-07-08 18:15:53,878][flwr][INFO] - 		round 7: 19.553454695269465
[2024-07-08 18:15:53,878][flwr][INFO] - 		round 8: 20.565552160143852
[2024-07-08 18:15:53,878][flwr][INFO] - 		round 9: 21.1423420868814
[2024-07-08 18:15:53,879][flwr][INFO] - 		round 10: 20.450566418468952
[2024-07-08 18:15:53,879][flwr][INFO] - 	History (metrics, centralized):
[2024-07-08 18:15:53,879][flwr][INFO] - 	{'accuracy': [(0, 0.1086),
[2024-07-08 18:15:53,879][flwr][INFO] - 	              (1, 0.5029),
[2024-07-08 18:15:53,879][flwr][INFO] - 	              (2, 0.8248),
[2024-07-08 18:15:53,879][flwr][INFO] - 	              (3, 0.9129),
[2024-07-08 18:15:53,879][flwr][INFO] - 	              (4, 0.9137),
[2024-07-08 18:15:53,879][flwr][INFO] - 	              (5, 0.9163),
[2024-07-08 18:15:53,879][flwr][INFO] - 	              (6, 0.9209),
[2024-07-08 18:15:53,879][flwr][INFO] - 	              (7, 0.9289),
[2024-07-08 18:15:53,879][flwr][INFO] - 	              (8, 0.9278),
[2024-07-08 18:15:53,879][flwr][INFO] - 	              (9, 0.9265),
[2024-07-08 18:15:53,879][flwr][INFO] - 	              (10, 0.9334)],
[2024-07-08 18:15:53,879][flwr][INFO] - 	 'confusion_matrix': [(0,
[2024-07-08 18:15:53,879][flwr][INFO] - 	                       array([[   0,    8,    0,  956,    0,    1,    0,   15,    0,    0],
[2024-07-08 18:15:53,879][flwr][INFO] - 	       [   0,  122,    0, 1013,    0,    0,    0,    0,    0,    0],
[2024-07-08 18:15:53,879][flwr][INFO] - 	       [   0,   38,    0,  971,    0,    0,    3,   19,    1,    0],
[2024-07-08 18:15:53,879][flwr][INFO] - 	       [   0,   44,    0,  945,    1,    1,    0,   17,    2,    0],
[2024-07-08 18:15:53,879][flwr][INFO] - 	       [   0,  143,    0,  816,    1,    0,    2,   20,    0,    0],
[2024-07-08 18:15:53,879][flwr][INFO] - 	       [   0,  118,    0,  735,    1,    7,    0,   30,    1,    0],
[2024-07-08 18:15:53,879][flwr][INFO] - 	       [   0,  144,    0,  749,   25,    0,    2,   38,    0,    0],
[2024-07-08 18:15:53,879][flwr][INFO] - 	       [   0,  272,    0,  724,    8,    0,    0,    9,   15,    0],
[2024-07-08 18:15:53,879][flwr][INFO] - 	       [   0,   81,    0,  859,    1,    0,    1,   32,    0,    0],
[2024-07-08 18:15:53,879][flwr][INFO] - 	       [   0,  178,    0,  799,    1,    0,    0,   31,    0,    0]])),
[2024-07-08 18:15:53,879][flwr][INFO] - 	                      (1,
[2024-07-08 18:15:53,879][flwr][INFO] - 	                       array([[790,  27,   0,  24,   0,  11,   1,   0,   0, 127],
[2024-07-08 18:15:53,879][flwr][INFO] - 	       [  0, 289,   0, 820,   0,   0,   0,   0,   0,  26],
[2024-07-08 18:15:53,879][flwr][INFO] - 	       [  3,  32, 391, 540,   2,   1,   4,   2,   0,  57],
[2024-07-08 18:15:53,879][flwr][INFO] - 	       [  9,  41,   4, 887,   0,   7,   0,   4,   0,  58],
[2024-07-08 18:15:53,879][flwr][INFO] - 	       [  0,   4,   0,   1, 531,  10,   0,   0,   0, 436],
[2024-07-08 18:15:53,879][flwr][INFO] - 	       [ 23,  90,   0,  79,  75, 232,   1,   1,   0, 391],
[2024-07-08 18:15:53,879][flwr][INFO] - 	       [  5,  38,   0,   5,  39,   6, 405,   0,   0, 460],
[2024-07-08 18:15:53,879][flwr][INFO] - 	       [  9,  19,   0, 101,   2,   0,   0, 541,   0, 356],
[2024-07-08 18:15:53,879][flwr][INFO] - 	       [  6,  63,   0, 194,   7,   9,   0,   1,   0, 694],
[2024-07-08 18:15:53,879][flwr][INFO] - 	       [  0,   5,   0,   8,  27,   4,   1,   1,   0, 963]])),
[2024-07-08 18:15:53,879][flwr][INFO] - 	                      (2,
[2024-07-08 18:15:53,879][flwr][INFO] - 	                       array([[928,   0,   0,   2,   0,   0,   9,   1,  39,   1],
[2024-07-08 18:15:53,879][flwr][INFO] - 	       [  0, 828,  38,  18,   0,   1,   7,   1, 240,   2],
[2024-07-08 18:15:53,879][flwr][INFO] - 	       [ 10,   4, 778,  91,   9,   0,  22,  12, 100,   6],
[2024-07-08 18:15:53,879][flwr][INFO] - 	       [  0,   0,  23, 871,   1,   9,   3,   6,  90,   7],
[2024-07-08 18:15:53,879][flwr][INFO] - 	       [  1,   1,   4,   0, 867,   0,  17,   0,  21,  71],
[2024-07-08 18:15:53,879][flwr][INFO] - 	       [ 14,   1,   0,  70,  26, 473,  54,   2, 233,  19],
[2024-07-08 18:15:53,879][flwr][INFO] - 	       [ 12,   3,   0,   0,   7,   4, 896,   0,  36,   0],
[2024-07-08 18:15:53,879][flwr][INFO] - 	       [  1,   4,  13,  12,  12,   0,   3, 767,  37, 179],
[2024-07-08 18:15:53,879][flwr][INFO] - 	       [  2,   0,   4,   7,   7,   1,   7,   1, 934,  11],
[2024-07-08 18:15:53,880][flwr][INFO] - 	       [  8,   1,   1,   3,  46,   1,   1,   2,  40, 906]])),
[2024-07-08 18:15:53,880][flwr][INFO] - 	                      (3,
[2024-07-08 18:15:53,880][flwr][INFO] - 	                       array([[ 958,    0,    0,    0,    0,    0,    9,    1,   11,    1],
[2024-07-08 18:15:53,880][flwr][INFO] - 	       [   0, 1082,   18,    2,    0,    0,    5,    1,   26,    1],
[2024-07-08 18:15:53,880][flwr][INFO] - 	       [  11,    7,  908,   11,    3,    0,   13,   24,   51,    4],
[2024-07-08 18:15:53,880][flwr][INFO] - 	       [   4,    2,   26,  847,    0,   34,    3,   18,   70,    6],
[2024-07-08 18:15:53,880][flwr][INFO] - 	       [   1,    1,    3,    0,  856,    2,   32,    2,   37,   48],
[2024-07-08 18:15:53,880][flwr][INFO] - 	       [  10,    1,    1,   15,    1,  761,   26,   10,   62,    5],
[2024-07-08 18:15:53,880][flwr][INFO] - 	       [  10,    2,    1,    1,    1,    8,  924,    3,    8,    0],
[2024-07-08 18:15:53,880][flwr][INFO] - 	       [   1,    9,   23,    2,    1,    0,    1,  970,    2,   19],
[2024-07-08 18:15:53,880][flwr][INFO] - 	       [   4,    1,    5,    4,    4,    1,   12,    5,  934,    4],
[2024-07-08 18:15:53,880][flwr][INFO] - 	       [   8,    4,    0,    2,   14,    8,    3,   23,   58,  889]])),
[2024-07-08 18:15:53,880][flwr][INFO] - 	                      (4,
[2024-07-08 18:15:53,880][flwr][INFO] - 	                       array([[ 964,    0,    1,    0,    0,    2,    6,    1,    6,    0],
[2024-07-08 18:15:53,880][flwr][INFO] - 	       [   0, 1093,   13,    2,    0,    2,    5,    1,   19,    0],
[2024-07-08 18:15:53,880][flwr][INFO] - 	       [  20,    8,  922,    3,    6,    0,    5,   20,   45,    3],
[2024-07-08 18:15:53,880][flwr][INFO] - 	       [   7,    1,   33,  769,    0,   73,    2,   22,   99,    4],
[2024-07-08 18:15:53,880][flwr][INFO] - 	       [   1,    1,    6,    0,  918,    2,    9,    2,   14,   29],
[2024-07-08 18:15:53,880][flwr][INFO] - 	       [  10,    1,    0,   16,    1,  796,   20,    7,   38,    3],
[2024-07-08 18:15:53,880][flwr][INFO] - 	       [  15,    2,    0,    0,    6,   10,  913,    1,   10,    1],
[2024-07-08 18:15:53,880][flwr][INFO] - 	       [   3,    7,   27,    0,    2,    0,    0,  959,    4,   26],
[2024-07-08 18:15:53,880][flwr][INFO] - 	       [   8,    1,    5,    2,    6,    6,    9,    4,  927,    6],
[2024-07-08 18:15:53,880][flwr][INFO] - 	       [  10,    3,    0,    1,   52,    6,    1,   11,   49,  876]])),
[2024-07-08 18:15:53,880][flwr][INFO] - 	                      (5,
[2024-07-08 18:15:53,880][flwr][INFO] - 	                       array([[ 969,    0,    1,    0,    0,    3,    1,    1,    3,    2],
[2024-07-08 18:15:53,880][flwr][INFO] - 	       [   0, 1100,    6,    3,    0,    2,    3,    3,   17,    1],
[2024-07-08 18:15:53,880][flwr][INFO] - 	       [  19,    6,  919,   11,    4,    0,    3,   27,   37,    6],
[2024-07-08 18:15:53,880][flwr][INFO] - 	       [   3,    0,   28,  831,    0,   47,    1,   24,   69,    7],
[2024-07-08 18:15:53,880][flwr][INFO] - 	       [   3,    1,    5,    1,  874,    2,    7,    1,    5,   83],
[2024-07-08 18:15:53,880][flwr][INFO] - 	       [  10,    1,    1,   21,    2,  803,    6,    8,   32,    8],
[2024-07-08 18:15:53,880][flwr][INFO] - 	       [  31,    2,   10,    1,   12,   18,  859,    4,   19,    2],
[2024-07-08 18:15:53,880][flwr][INFO] - 	       [   2,    4,   20,    0,    0,    0,    0,  984,    2,   16],
[2024-07-08 18:15:53,880][flwr][INFO] - 	       [  15,    1,    4,    8,    5,    8,    3,    8,  909,   13],
[2024-07-08 18:15:53,880][flwr][INFO] - 	       [  16,    4,    0,    1,   22,    4,    0,   19,   28,  915]])),
[2024-07-08 18:15:53,880][flwr][INFO] - 	                      (6,
[2024-07-08 18:15:53,880][flwr][INFO] - 	                       array([[ 963,    0,    1,    0,    0,    4,    2,    3,    5,    2],
[2024-07-08 18:15:53,880][flwr][INFO] - 	       [   0, 1110,    7,    0,    1,    2,    4,    2,    9,    0],
[2024-07-08 18:15:53,880][flwr][INFO] - 	       [  14,    5,  943,    6,    8,    0,    4,   16,   34,    2],
[2024-07-08 18:15:53,880][flwr][INFO] - 	       [   7,    4,   34,  775,    1,   50,    1,   22,  101,   15],
[2024-07-08 18:15:53,880][flwr][INFO] - 	       [   1,    0,    3,    0,  934,    0,   13,    1,    4,   26],
[2024-07-08 18:15:53,880][flwr][INFO] - 	       [   8,    1,    1,    8,    4,  817,   16,    6,   24,    7],
[2024-07-08 18:15:53,880][flwr][INFO] - 	       [   9,    4,    0,    0,   11,   16,  907,    0,   10,    1],
[2024-07-08 18:15:53,880][flwr][INFO] - 	       [   1,    7,   20,    3,    4,    0,    0,  960,    3,   30],
[2024-07-08 18:15:53,880][flwr][INFO] - 	       [   6,    2,    4,    4,    8,    7,    5,    5,  920,   13],
[2024-07-08 18:15:53,880][flwr][INFO] - 	       [   8,    5,    0,    1,   67,    4,    1,   11,   32,  880]])),
[2024-07-08 18:15:53,880][flwr][INFO] - 	                      (7,
[2024-07-08 18:15:53,880][flwr][INFO] - 	                       array([[ 964,    0,    1,    0,    0,    4,    4,    1,    5,    1],
[2024-07-08 18:15:53,880][flwr][INFO] - 	       [   0, 1102,    9,    1,    0,    2,    4,    3,   13,    1],
[2024-07-08 18:15:53,881][flwr][INFO] - 	       [  13,    2,  949,    3,    5,    0,    4,   18,   35,    3],
[2024-07-08 18:15:53,881][flwr][INFO] - 	       [   3,    0,   21,  882,    0,   13,    0,   21,   64,    6],
[2024-07-08 18:15:53,881][flwr][INFO] - 	       [   3,    1,    5,    1,  889,    1,   11,    2,    4,   65],
[2024-07-08 18:15:53,881][flwr][INFO] - 	       [   9,    1,    1,   13,    0,  810,   19,    4,   26,    9],
[2024-07-08 18:15:53,881][flwr][INFO] - 	       [  13,    2,    1,    1,    7,   17,  909,    0,    7,    1],
[2024-07-08 18:15:53,881][flwr][INFO] - 	       [   2,    5,   18,    4,    1,    0,    0,  972,    4,   22],
[2024-07-08 18:15:53,881][flwr][INFO] - 	       [   9,    1,    4,    4,    4,   10,   11,    5,  906,   20],
[2024-07-08 18:15:53,881][flwr][INFO] - 	       [  11,    3,    0,    2,   31,    3,    0,   17,   36,  906]])),
[2024-07-08 18:15:53,881][flwr][INFO] - 	                      (8,
[2024-07-08 18:15:53,881][flwr][INFO] - 	                       array([[ 969,    0,    0,    0,    0,    2,    4,    1,    3,    1],
[2024-07-08 18:15:53,881][flwr][INFO] - 	       [   0, 1088,   19,    2,    1,    1,    2,    3,   19,    0],
[2024-07-08 18:15:53,881][flwr][INFO] - 	       [  15,    0,  961,    3,    5,    0,    5,   16,   24,    3],
[2024-07-08 18:15:53,881][flwr][INFO] - 	       [   4,    1,   30,  869,    1,   13,    0,   21,   60,   11],
[2024-07-08 18:15:53,881][flwr][INFO] - 	       [   3,    0,    4,    0,  897,    0,   12,    1,    4,   61],
[2024-07-08 18:15:53,881][flwr][INFO] - 	       [   9,    1,    2,   11,    3,  806,   14,    5,   30,   11],
[2024-07-08 18:15:53,881][flwr][INFO] - 	       [  17,    3,    0,    1,    8,   15,  905,    0,    9,    0],
[2024-07-08 18:15:53,881][flwr][INFO] - 	       [   2,    4,   22,    2,    4,    0,    0,  961,    1,   32],
[2024-07-08 18:15:53,881][flwr][INFO] - 	       [  10,    1,    4,    4,    5,    4,    8,    3,  910,   25],
[2024-07-08 18:15:53,881][flwr][INFO] - 	       [  13,    3,    0,    1,   38,    2,    0,    9,   31,  912]])),
[2024-07-08 18:15:53,881][flwr][INFO] - 	                      (9,
[2024-07-08 18:15:53,881][flwr][INFO] - 	                       array([[ 966,    0,    0,    1,    0,    2,    4,    1,    4,    2],
[2024-07-08 18:15:53,881][flwr][INFO] - 	       [   0, 1042,   36,    5,    1,    1,    3,    5,   42,    0],
[2024-07-08 18:15:53,881][flwr][INFO] - 	       [  13,    1,  948,   11,    6,    0,    5,   14,   31,    3],
[2024-07-08 18:15:53,881][flwr][INFO] - 	       [   3,    1,   16,  903,    0,   20,    0,   12,   43,   12],
[2024-07-08 18:15:53,881][flwr][INFO] - 	       [   2,    0,    5,    0,  914,    0,   11,    1,    3,   46],
[2024-07-08 18:15:53,881][flwr][INFO] - 	       [   7,    2,    1,   10,    3,  821,   14,    5,   22,    7],
[2024-07-08 18:15:53,881][flwr][INFO] - 	       [  13,    2,    2,    1,    9,   19,  904,    0,    8,    0],
[2024-07-08 18:15:53,881][flwr][INFO] - 	       [   0,    1,   21,    4,    4,    0,    0,  958,    1,   39],
[2024-07-08 18:15:53,881][flwr][INFO] - 	       [   7,    0,    5,    5,    9,    9,    8,    1,  894,   36],
[2024-07-08 18:15:53,881][flwr][INFO] - 	       [   9,    3,    0,    3,   41,    3,    0,    8,   27,  915]])),
[2024-07-08 18:15:53,881][flwr][INFO] - 	                      (10,
[2024-07-08 18:15:53,881][flwr][INFO] - 	                       array([[ 966,    0,    1,    1,    0,    0,    6,    1,    4,    1],
[2024-07-08 18:15:53,881][flwr][INFO] - 	       [   0, 1070,   28,    1,    0,    1,    2,    4,   29,    0],
[2024-07-08 18:15:53,881][flwr][INFO] - 	       [   9,    3,  976,    3,    3,    0,    5,   13,   18,    2],
[2024-07-08 18:15:53,881][flwr][INFO] - 	       [   3,    2,   29,  888,    0,   12,    0,   15,   50,   11],
[2024-07-08 18:15:53,881][flwr][INFO] - 	       [   1,    1,    8,    0,  910,    0,   11,    1,    4,   46],
[2024-07-08 18:15:53,881][flwr][INFO] - 	       [   7,    2,    2,   14,    2,  799,   17,    5,   32,   12],
[2024-07-08 18:15:53,881][flwr][INFO] - 	       [   7,    3,    1,    1,    3,   11,  927,    0,    5,    0],
[2024-07-08 18:15:53,881][flwr][INFO] - 	       [   1,    2,   23,    2,    4,    0,    0,  967,    2,   27],
[2024-07-08 18:15:53,881][flwr][INFO] - 	       [   6,    0,    6,    5,    7,    6,   15,    2,  912,   15],
[2024-07-08 18:15:53,881][flwr][INFO] - 	       [   9,    4,    1,    2,   30,    2,    0,    9,   33,  919]]))],
[2024-07-08 18:15:53,881][flwr][INFO] - 	 'f1': [(0, 0.03553137346181725),
[2024-07-08 18:15:53,881][flwr][INFO] - 	        (1, 0.49540788325450985),
[2024-07-08 18:15:53,881][flwr][INFO] - 	        (2, 0.8279056220155259),
[2024-07-08 18:15:53,881][flwr][INFO] - 	        (3, 0.9136767022821476),
[2024-07-08 18:15:53,881][flwr][INFO] - 	        (4, 0.913654862906943),
[2024-07-08 18:15:53,881][flwr][INFO] - 	        (5, 0.9164071153487404),
[2024-07-08 18:15:53,881][flwr][INFO] - 	        (6, 0.920516087144403),
[2024-07-08 18:15:53,882][flwr][INFO] - 	        (7, 0.9291961286725987),
[2024-07-08 18:15:53,882][flwr][INFO] - 	        (8, 0.9280849105364137),
[2024-07-08 18:15:53,882][flwr][INFO] - 	        (9, 0.9269346831756077),
[2024-07-08 18:15:53,882][flwr][INFO] - 	        (10, 0.9336660109173659)],
[2024-07-08 18:15:53,882][flwr][INFO] - 	 'precision': [(0, 0.12349967530374152),
[2024-07-08 18:15:53,882][flwr][INFO] - 	               (1, 0.6541954299270498),
[2024-07-08 18:15:53,882][flwr][INFO] - 	               (2, 0.8647987481924638),
[2024-07-08 18:15:53,882][flwr][INFO] - 	               (3, 0.9193029148474628),
[2024-07-08 18:15:53,882][flwr][INFO] - 	               (4, 0.9184949140470133),
[2024-07-08 18:15:53,882][flwr][INFO] - 	               (5, 0.9193502317069456),
[2024-07-08 18:15:53,882][flwr][INFO] - 	               (6, 0.9239237097178377),
[2024-07-08 18:15:53,882][flwr][INFO] - 	               (7, 0.9309514631653018),
[2024-07-08 18:15:53,882][flwr][INFO] - 	               (8, 0.9301051038300726),
[2024-07-08 18:15:53,882][flwr][INFO] - 	               (9, 0.9285453298555129),
[2024-07-08 18:15:53,882][flwr][INFO] - 	               (10, 0.9354203376873745)],
[2024-07-08 18:15:53,882][flwr][INFO] - 	 'recall': [(0, 0.1086),
[2024-07-08 18:15:53,882][flwr][INFO] - 	            (1, 0.5029),
[2024-07-08 18:15:53,882][flwr][INFO] - 	            (2, 0.8248),
[2024-07-08 18:15:53,882][flwr][INFO] - 	            (3, 0.9129),
[2024-07-08 18:15:53,882][flwr][INFO] - 	            (4, 0.9137),
[2024-07-08 18:15:53,882][flwr][INFO] - 	            (5, 0.9163),
[2024-07-08 18:15:53,882][flwr][INFO] - 	            (6, 0.9209),
[2024-07-08 18:15:53,882][flwr][INFO] - 	            (7, 0.9289),
[2024-07-08 18:15:53,882][flwr][INFO] - 	            (8, 0.9278),
[2024-07-08 18:15:53,882][flwr][INFO] - 	            (9, 0.9265),
[2024-07-08 18:15:53,882][flwr][INFO] - 	            (10, 0.9334)]}
[2024-07-08 18:15:53,882][flwr][INFO] - 
