[2024-06-20 19:29:41,721][flwr][INFO] - Starting Flower simulation, config: num_rounds=10, no round_timeout
[2024-06-20 19:29:43,853][flwr][INFO] - Flower VCE: Ray initialized with resources: {'memory': 10134760653.0, 'node:__internal_head__': 1.0, 'object_store_memory': 2147483648.0, 'node:127.0.0.1': 1.0, 'CPU': 12.0}
[2024-06-20 19:29:43,853][flwr][INFO] - Optimize your simulation with Flower VCE: https://flower.ai/docs/framework/how-to-run-simulations.html
[2024-06-20 19:29:43,853][flwr][INFO] - Flower VCE: Resources for each Virtual Client: {'num_cpus': 2, 'num_gpus': 0}
[2024-06-20 19:29:43,860][flwr][INFO] - Flower VCE: Creating VirtualClientEngineActorPool with 6 actors
[2024-06-20 19:29:43,860][flwr][INFO] - [INIT]
[2024-06-20 19:29:43,860][flwr][INFO] - Requesting initial parameters from one random client
[2024-06-20 19:29:46,034][flwr][INFO] - Received initial parameters from one random client
[2024-06-20 19:29:46,034][flwr][INFO] - Evaluating initial global parameters
[2024-06-20 19:29:46,464][flwr][INFO] - initial parameters (loss, other metrics): 181.76928067207336, {'accuracy': 0.1086, 'precision': 0.12349967530374152, 'recall': 0.1086, 'f1': 0.03553137346181725, 'confusion_matrix': array([[   0,    8,    0,  956,    0,    1,    0,   15,    0,    0],
       [   0,  122,    0, 1013,    0,    0,    0,    0,    0,    0],
       [   0,   38,    0,  971,    0,    0,    3,   19,    1,    0],
       [   0,   44,    0,  945,    1,    1,    0,   17,    2,    0],
       [   0,  143,    0,  816,    1,    0,    2,   20,    0,    0],
       [   0,  118,    0,  735,    1,    7,    0,   30,    1,    0],
       [   0,  144,    0,  749,   25,    0,    2,   38,    0,    0],
       [   0,  272,    0,  724,    8,    0,    0,    9,   15,    0],
       [   0,   81,    0,  859,    1,    0,    1,   32,    0,    0],
       [   0,  178,    0,  799,    1,    0,    0,   31,    0,    0]])}
[2024-06-20 19:29:46,465][flwr][INFO] - 
[2024-06-20 19:29:46,465][flwr][INFO] - [ROUND 1]
[2024-06-20 19:29:46,465][flwr][INFO] - configure_fit: strategy sampled 10 clients (out of 100)
[2024-06-20 19:29:53,573][flwr][INFO] - aggregate_fit: received 10 results and 0 failures
[2024-06-20 19:29:53,582][flwr][WARNING] - No fit_metrics_aggregation_fn provided
[2024-06-20 19:29:54,013][flwr][INFO] - fit progress: (1, 4146.2908935546875, {'accuracy': 0.1289, 'precision': 0.10865320752253121, 'recall': 0.1289, 'f1': 0.07858505029936023, 'confusion_matrix': array([[ 39, 547,  25,   6, 315,   0,  11,   0,  27,  10],
       [  9, 653, 133,   0, 299,  36,   4,   0,   0,   1],
       [ 27, 381, 177,   4, 405,   0,  13,   1,   0,  24],
       [ 20, 537,  96,   3, 285,   7,  38,   1,   1,  22],
       [105, 318, 101,  17, 331,   5,  97,   0,   3,   5],
       [ 46, 357,  77,   4, 286,  29,  76,   2,   0,  15],
       [ 28, 185, 246,   2, 411,   1,  54,   0,   0,  31],
       [ 27, 680,  52,   7, 244,   7,   9,   0,   1,   1],
       [ 15, 565,  41,   0, 320,   1,  21,   2,   0,   9],
       [ 14, 513,  55,   1, 399,   4,  17,   2,   1,   3]])}, 7.548781792)
[2024-06-20 19:29:54,014][flwr][INFO] - configure_evaluate: no clients selected, skipping evaluation
[2024-06-20 19:29:54,014][flwr][INFO] - 
[2024-06-20 19:29:54,014][flwr][INFO] - [ROUND 2]
[2024-06-20 19:29:54,014][flwr][INFO] - configure_fit: strategy sampled 10 clients (out of 100)
[2024-06-20 19:29:59,298][flwr][INFO] - aggregate_fit: received 10 results and 0 failures
[2024-06-20 19:29:59,735][flwr][INFO] - fit progress: (2, 8362.600112915039, {'accuracy': 0.1602, 'precision': 0.1498068706895475, 'recall': 0.1602, 'f1': 0.11670785135774843, 'confusion_matrix': array([[  0,   1, 165, 453,   0,  28,  27, 282,  16,   8],
       [  0,   2,   5,  68,   0,   0,   0,  76,   1, 983],
       [  0,  26, 150, 292,   0,  15,  21, 413,  62,  53],
       [  0,  12,  66, 270,   1,  23,   4, 537,  20,  77],
       [ 19,  23,  46,  82,   0,  25,  47, 433,  49, 258],
       [  2,  10,  65, 231,   0,  42,  16, 397,  31,  98],
       [  3,   6,  30, 162,   0,  10, 230, 372,  59,  86],
       [  0,   1,  96,  25,   0,   2,   0, 786,  23,  95],
       [  0,  13, 121, 209,   0,  23,  14, 445,  27, 122],
       [  1,   5,  48,  33,   0,  12,   5, 798,  12,  95]])}, 13.270568417000002)
[2024-06-20 19:29:59,736][flwr][INFO] - configure_evaluate: no clients selected, skipping evaluation
[2024-06-20 19:29:59,736][flwr][INFO] - 
[2024-06-20 19:29:59,736][flwr][INFO] - [ROUND 3]
[2024-06-20 19:29:59,736][flwr][INFO] - configure_fit: strategy sampled 10 clients (out of 100)
[2024-06-20 19:30:05,085][flwr][INFO] - aggregate_fit: received 10 results and 0 failures
[2024-06-20 19:30:05,533][flwr][INFO] - fit progress: (3, 8751.790985107422, {'accuracy': 0.2957, 'precision': 0.3398097160303421, 'recall': 0.2957, 'f1': 0.25414779632117995, 'confusion_matrix': array([[ 16,  63,   9, 272, 181,  46,  47,  91, 139, 116],
       [  0, 812,  24, 101,   6,  24,   5,  64,   4,  95],
       [  0, 135,  73, 180, 102, 106,   9, 201,   3, 223],
       [  0,  50,  38, 499,  57,  99,  12, 171,  11,  73],
       [  0, 209,   0,  29,  95,  68,  72,  67,  17, 425],
       [  1,  90,   3, 227, 122, 219,  10,  52,  31, 137],
       [  1, 378,   0,  42,  41,  48, 285,  18,  44, 101],
       [  0,  70,  23,  46,  54,  29,   6, 570,   9, 221],
       [  2, 185,  20, 214,  72, 132,  10, 111,  20, 208],
       [  2, 141,   5,  45, 133, 111,   3, 185,  16, 368]])}, 19.069287000000003)
[2024-06-20 19:30:05,534][flwr][INFO] - configure_evaluate: no clients selected, skipping evaluation
[2024-06-20 19:30:05,534][flwr][INFO] - 
[2024-06-20 19:30:05,534][flwr][INFO] - [ROUND 4]
[2024-06-20 19:30:05,534][flwr][INFO] - configure_fit: strategy sampled 10 clients (out of 100)
[2024-06-20 19:30:10,956][flwr][INFO] - aggregate_fit: received 10 results and 0 failures
[2024-06-20 19:30:11,400][flwr][INFO] - fit progress: (4, 10816.232734680176, {'accuracy': 0.3601, 'precision': 0.3671594317596848, 'recall': 0.3601, 'f1': 0.33363828332018186, 'confusion_matrix': array([[564,  17,   1, 168,  33, 107,  39,   3,   2,  46],
       [  3, 801, 102,  88,  57,  35,   8,  10,   5,  26],
       [ 45,  44, 116, 345, 119,  48,  39,  75,   8, 193],
       [ 28,  21,   9, 626,  14, 240,  14,  31,   2,  25],
       [132,  72,   9,  96, 227,  44,  97,  40,  12, 253],
       [ 66,  41,   1, 359,  26, 297,  18,  12,   3,  69],
       [175, 148,   3, 102,  77,  85, 296,   4,  30,  38],
       [ 11,  63,  15,  89,  32,  18,  47, 214,   5, 534],
       [ 38,  59,  23, 463,  48, 155,  62,  27,  13,  86],
       [ 57,  40,  16, 156,  93,  74,  40,  64,  22, 447]])}, 24.935849042)
[2024-06-20 19:30:11,400][flwr][INFO] - configure_evaluate: no clients selected, skipping evaluation
[2024-06-20 19:30:11,400][flwr][INFO] - 
[2024-06-20 19:30:11,400][flwr][INFO] - [ROUND 5]
[2024-06-20 19:30:11,401][flwr][INFO] - configure_fit: strategy sampled 10 clients (out of 100)
[2024-06-20 19:30:16,750][flwr][INFO] - aggregate_fit: received 10 results and 0 failures
[2024-06-20 19:30:17,191][flwr][INFO] - fit progress: (5, 14557.03946685791, {'accuracy': 0.3609, 'precision': 0.3454031083524243, 'recall': 0.3609, 'f1': 0.3308467724981179, 'confusion_matrix': array([[497,  41,   8,   6, 108,  24, 161,   3,  13, 119],
       [ 12, 825, 114,  17,  18,  75,  55,  15,   4,   0],
       [  7,  90, 614,  40,  47,  23, 106,  50,  23,  32],
       [ 75,  25, 105, 159,  41, 354, 113,  34,  83,  21],
       [ 92, 139,  80,  14, 216,  62, 129,  60,  44, 146],
       [144, 106,  30,  58,  35, 266, 128,  26,  78,  21],
       [ 41, 176,   5,   4,  36,  54, 580,  16,  19,  27],
       [ 21, 136, 382,   2,  24,  22,  30, 197,   3, 211],
       [ 54, 236,  93,  66,  49,  85, 241,  52,  72,  26],
       [ 54, 107, 245,  10,  62,  94,  76, 153,  25, 183]])}, 30.727177417)
[2024-06-20 19:30:17,191][flwr][INFO] - configure_evaluate: no clients selected, skipping evaluation
[2024-06-20 19:30:17,191][flwr][INFO] - 
[2024-06-20 19:30:17,191][flwr][INFO] - [ROUND 6]
[2024-06-20 19:30:17,192][flwr][INFO] - configure_fit: strategy sampled 10 clients (out of 100)
[2024-06-20 19:30:22,477][flwr][INFO] - aggregate_fit: received 10 results and 0 failures
[2024-06-20 19:30:22,914][flwr][INFO] - fit progress: (6, 22001.067459106445, {'accuracy': 0.3823, 'precision': 0.38415374865357876, 'recall': 0.3823, 'f1': 0.3590954366142729, 'confusion_matrix': array([[432,  53,  13,  58,  40,  53, 204,  16,  85,  26],
       [  2, 748,  77,   2,  11,  86,  63, 126,  10,  10],
       [ 15,  87, 401,  15,  35,  29,  98,  66, 254,  32],
       [ 16,  44, 147, 141,  12, 253,  60,  45, 272,  20],
       [128, 102,  67,   4, 177,  49, 184, 128,  87,  56],
       [ 22, 128,  59,  88,  28, 223, 110,  82, 126,  26],
       [ 22,  83,   2,   4,  30,  35, 694,  37,  39,  12],
       [  4, 113, 148,   0,  36,  15,  26, 607,  24,  55],
       [ 21, 142, 121,  32,  40,  58, 215,  63, 269,  13],
       [ 43,  79, 167,   6,  77,  72,  64, 335,  35, 131]])}, 36.450263541999995)
[2024-06-20 19:30:22,914][flwr][INFO] - configure_evaluate: no clients selected, skipping evaluation
[2024-06-20 19:30:22,914][flwr][INFO] - 
[2024-06-20 19:30:22,914][flwr][INFO] - [ROUND 7]
[2024-06-20 19:30:22,915][flwr][INFO] - configure_fit: strategy sampled 10 clients (out of 100)
[2024-06-20 19:30:28,247][flwr][INFO] - aggregate_fit: received 10 results and 0 failures
[2024-06-20 19:30:28,687][flwr][INFO] - fit progress: (7, 35544.93878173828, {'accuracy': 0.3878, 'precision': 0.39399312976131423, 'recall': 0.3878, 'f1': 0.36996498271447265, 'confusion_matrix': array([[725,  33,   7,   1,  47,  26,  28,   5,  25,  83],
       [  0, 614, 182,   1,   7, 184,   9,  81,  46,  11],
       [ 73, 101, 389,   5,  56,  16,  27,  72, 168, 125],
       [168,  20, 202,  33,  11, 182,  11,  74, 237,  72],
       [161, 119,  50,   7, 300,  61,  51,  30,  41, 162],
       [170, 126,  76,  11,  32, 278,  36,  40,  65,  58],
       [ 68, 117,  15,   7,  67,  39, 484,  24,  73,  64],
       [  9,  35, 147,   1, 278,  21,   7, 415,  32,  83],
       [108, 152, 217,  16,  73,  47,  59,  39, 210,  53],
       [ 55,  53, 130,   3, 139,  54,  25,  67,  53, 430]])}, 42.223447)
[2024-06-20 19:30:28,687][flwr][INFO] - configure_evaluate: no clients selected, skipping evaluation
[2024-06-20 19:30:28,687][flwr][INFO] - 
[2024-06-20 19:30:28,687][flwr][INFO] - [ROUND 8]
[2024-06-20 19:30:28,687][flwr][INFO] - configure_fit: strategy sampled 10 clients (out of 100)
[2024-06-20 19:30:34,002][flwr][INFO] - aggregate_fit: received 10 results and 0 failures
[2024-06-20 19:30:34,452][flwr][INFO] - fit progress: (8, 49104.69137573242, {'accuracy': 0.4323, 'precision': 0.41580700754554617, 'recall': 0.4323, 'f1': 0.40279336665613746, 'confusion_matrix': array([[472,  74,   6,  11,  85, 140,  92,  27,  27,  46],
       [  0, 953,  57,   3,   1,  34,  28,  34,  23,   2],
       [ 14, 134, 278,  11,  45,  38,  87, 100, 191, 134],
       [ 22,  22, 191,  41,   5, 382,  32,  69, 213,  33],
       [ 88,  91,  29,   9, 219, 121,  97, 150,  44, 134],
       [ 24, 106,  43,   8,  15, 488,  61,  75,  41,  31],
       [ 25,  67,   9,   7,  27,  76, 588,  27, 101,  31],
       [  0,  52,  56,  12,  62,  29,  15, 703,  29,  70],
       [ 40,  88, 178,  27,  61,  91, 201,  46, 195,  47],
       [ 23,  82,  22,  15,  59,  90,  84, 223,  25, 386]])}, 47.988921042)
[2024-06-20 19:30:34,452][flwr][INFO] - configure_evaluate: no clients selected, skipping evaluation
[2024-06-20 19:30:34,453][flwr][INFO] - 
[2024-06-20 19:30:34,453][flwr][INFO] - [ROUND 9]
[2024-06-20 19:30:34,453][flwr][INFO] - configure_fit: strategy sampled 10 clients (out of 100)
[2024-06-20 19:30:39,819][flwr][INFO] - aggregate_fit: received 10 results and 0 failures
[2024-06-20 19:30:40,258][flwr][INFO] - fit progress: (9, 77902.3628540039, {'accuracy': 0.4449, 'precision': 0.44299247808614156, 'recall': 0.4449, 'f1': 0.41748188843006717, 'confusion_matrix': array([[643,  47,   8,   2, 127,  22,  49,  17,  39,  26],
       [  2, 985,  73,   2,   0,   1,   7,  29,  30,   6],
       [ 28,  86, 397,   1,  43,  10,  36, 130, 186, 115],
       [ 92,  37, 169,  26,   3, 206,  15, 175, 248,  39],
       [126, 109,  56,   6, 267,  39,  58,  95,  85, 141],
       [ 99,  86,  55,   3,  27, 343,  47,  71,  93,  68],
       [ 83,  55,  19,   1,  38,  20, 542,  37, 115,  48],
       [ 10,  84,  51,   6,  30,  17,  31, 586,  56, 157],
       [ 57, 108, 183,   8,  37,  47,  95,  87, 298,  54],
       [ 55,  92,  66,   3,  58,  37,  41, 196,  99, 362]])}, 53.795026416999995)
[2024-06-20 19:30:40,258][flwr][INFO] - configure_evaluate: no clients selected, skipping evaluation
[2024-06-20 19:30:40,258][flwr][INFO] - 
[2024-06-20 19:30:40,258][flwr][INFO] - [ROUND 10]
[2024-06-20 19:30:40,259][flwr][INFO] - configure_fit: strategy sampled 10 clients (out of 100)
[2024-06-20 19:30:46,553][flwr][INFO] - aggregate_fit: received 10 results and 0 failures
[2024-06-20 19:30:46,999][flwr][INFO] - fit progress: (10, 129708.61920166016, {'accuracy': 0.4263, 'precision': 0.41610733296752134, 'recall': 0.4263, 'f1': 0.39800845103511123, 'confusion_matrix': array([[596,  21,   3,  40, 117,  77,  82,  28,   7,   9],
       [  1, 821,  38,  13,   5,  59,  38,  25, 133,   2],
       [ 54,  78, 364,  10, 126,  55, 101,  36, 169,  39],
       [ 62,  17,  91,  30,  11, 675,  27,  43,  42,  12],
       [ 76,  40,  32,  17, 479, 159,  69,  59,  37,  14],
       [ 75,  33,  18,  15,  38, 588,  65,  37,   5,  18],
       [ 40,  13,  15,  12,  64, 107, 640,  19,  40,   8],
       [ 52,  64,  65,  31,  68,  78,  43, 502,  57,  68],
       [ 76,  69,  65,  25,  83, 317, 174,  32, 124,   9],
       [134,  51,  98,  14, 209, 181,  48, 101,  54, 119]])}, 60.53636504199999)
[2024-06-20 19:30:46,999][flwr][INFO] - configure_evaluate: no clients selected, skipping evaluation
[2024-06-20 19:30:47,001][flwr][INFO] - 
[2024-06-20 19:30:47,001][flwr][INFO] - [SUMMARY]
[2024-06-20 19:30:47,001][flwr][INFO] - Run finished 10 round(s) in 60.54s
[2024-06-20 19:30:47,006][flwr][INFO] - 	History (loss, centralized):
[2024-06-20 19:30:47,006][flwr][INFO] - 		round 0: 181.76928067207336
[2024-06-20 19:30:47,006][flwr][INFO] - 		round 1: 4146.2908935546875
[2024-06-20 19:30:47,006][flwr][INFO] - 		round 2: 8362.600112915039
[2024-06-20 19:30:47,006][flwr][INFO] - 		round 3: 8751.790985107422
[2024-06-20 19:30:47,006][flwr][INFO] - 		round 4: 10816.232734680176
[2024-06-20 19:30:47,006][flwr][INFO] - 		round 5: 14557.03946685791
[2024-06-20 19:30:47,007][flwr][INFO] - 		round 6: 22001.067459106445
[2024-06-20 19:30:47,007][flwr][INFO] - 		round 7: 35544.93878173828
[2024-06-20 19:30:47,007][flwr][INFO] - 		round 8: 49104.69137573242
[2024-06-20 19:30:47,007][flwr][INFO] - 		round 9: 77902.3628540039
[2024-06-20 19:30:47,007][flwr][INFO] - 		round 10: 129708.61920166016
[2024-06-20 19:30:47,007][flwr][INFO] - 	History (metrics, centralized):
[2024-06-20 19:30:47,007][flwr][INFO] - 	{'accuracy': [(0, 0.1086),
[2024-06-20 19:30:47,007][flwr][INFO] - 	              (1, 0.1289),
[2024-06-20 19:30:47,007][flwr][INFO] - 	              (2, 0.1602),
[2024-06-20 19:30:47,007][flwr][INFO] - 	              (3, 0.2957),
[2024-06-20 19:30:47,007][flwr][INFO] - 	              (4, 0.3601),
[2024-06-20 19:30:47,007][flwr][INFO] - 	              (5, 0.3609),
[2024-06-20 19:30:47,007][flwr][INFO] - 	              (6, 0.3823),
[2024-06-20 19:30:47,007][flwr][INFO] - 	              (7, 0.3878),
[2024-06-20 19:30:47,007][flwr][INFO] - 	              (8, 0.4323),
[2024-06-20 19:30:47,007][flwr][INFO] - 	              (9, 0.4449),
[2024-06-20 19:30:47,007][flwr][INFO] - 	              (10, 0.4263)],
[2024-06-20 19:30:47,007][flwr][INFO] - 	 'confusion_matrix': [(0,
[2024-06-20 19:30:47,007][flwr][INFO] - 	                       array([[   0,    8,    0,  956,    0,    1,    0,   15,    0,    0],
[2024-06-20 19:30:47,007][flwr][INFO] - 	       [   0,  122,    0, 1013,    0,    0,    0,    0,    0,    0],
[2024-06-20 19:30:47,007][flwr][INFO] - 	       [   0,   38,    0,  971,    0,    0,    3,   19,    1,    0],
[2024-06-20 19:30:47,007][flwr][INFO] - 	       [   0,   44,    0,  945,    1,    1,    0,   17,    2,    0],
[2024-06-20 19:30:47,007][flwr][INFO] - 	       [   0,  143,    0,  816,    1,    0,    2,   20,    0,    0],
[2024-06-20 19:30:47,007][flwr][INFO] - 	       [   0,  118,    0,  735,    1,    7,    0,   30,    1,    0],
[2024-06-20 19:30:47,007][flwr][INFO] - 	       [   0,  144,    0,  749,   25,    0,    2,   38,    0,    0],
[2024-06-20 19:30:47,007][flwr][INFO] - 	       [   0,  272,    0,  724,    8,    0,    0,    9,   15,    0],
[2024-06-20 19:30:47,007][flwr][INFO] - 	       [   0,   81,    0,  859,    1,    0,    1,   32,    0,    0],
[2024-06-20 19:30:47,007][flwr][INFO] - 	       [   0,  178,    0,  799,    1,    0,    0,   31,    0,    0]])),
[2024-06-20 19:30:47,007][flwr][INFO] - 	                      (1,
[2024-06-20 19:30:47,007][flwr][INFO] - 	                       array([[ 39, 547,  25,   6, 315,   0,  11,   0,  27,  10],
[2024-06-20 19:30:47,007][flwr][INFO] - 	       [  9, 653, 133,   0, 299,  36,   4,   0,   0,   1],
[2024-06-20 19:30:47,007][flwr][INFO] - 	       [ 27, 381, 177,   4, 405,   0,  13,   1,   0,  24],
[2024-06-20 19:30:47,007][flwr][INFO] - 	       [ 20, 537,  96,   3, 285,   7,  38,   1,   1,  22],
[2024-06-20 19:30:47,007][flwr][INFO] - 	       [105, 318, 101,  17, 331,   5,  97,   0,   3,   5],
[2024-06-20 19:30:47,007][flwr][INFO] - 	       [ 46, 357,  77,   4, 286,  29,  76,   2,   0,  15],
[2024-06-20 19:30:47,007][flwr][INFO] - 	       [ 28, 185, 246,   2, 411,   1,  54,   0,   0,  31],
[2024-06-20 19:30:47,007][flwr][INFO] - 	       [ 27, 680,  52,   7, 244,   7,   9,   0,   1,   1],
[2024-06-20 19:30:47,007][flwr][INFO] - 	       [ 15, 565,  41,   0, 320,   1,  21,   2,   0,   9],
[2024-06-20 19:30:47,007][flwr][INFO] - 	       [ 14, 513,  55,   1, 399,   4,  17,   2,   1,   3]])),
[2024-06-20 19:30:47,007][flwr][INFO] - 	                      (2,
[2024-06-20 19:30:47,008][flwr][INFO] - 	                       array([[  0,   1, 165, 453,   0,  28,  27, 282,  16,   8],
[2024-06-20 19:30:47,008][flwr][INFO] - 	       [  0,   2,   5,  68,   0,   0,   0,  76,   1, 983],
[2024-06-20 19:30:47,008][flwr][INFO] - 	       [  0,  26, 150, 292,   0,  15,  21, 413,  62,  53],
[2024-06-20 19:30:47,008][flwr][INFO] - 	       [  0,  12,  66, 270,   1,  23,   4, 537,  20,  77],
[2024-06-20 19:30:47,008][flwr][INFO] - 	       [ 19,  23,  46,  82,   0,  25,  47, 433,  49, 258],
[2024-06-20 19:30:47,008][flwr][INFO] - 	       [  2,  10,  65, 231,   0,  42,  16, 397,  31,  98],
[2024-06-20 19:30:47,008][flwr][INFO] - 	       [  3,   6,  30, 162,   0,  10, 230, 372,  59,  86],
[2024-06-20 19:30:47,008][flwr][INFO] - 	       [  0,   1,  96,  25,   0,   2,   0, 786,  23,  95],
[2024-06-20 19:30:47,008][flwr][INFO] - 	       [  0,  13, 121, 209,   0,  23,  14, 445,  27, 122],
[2024-06-20 19:30:47,008][flwr][INFO] - 	       [  1,   5,  48,  33,   0,  12,   5, 798,  12,  95]])),
[2024-06-20 19:30:47,008][flwr][INFO] - 	                      (3,
[2024-06-20 19:30:47,008][flwr][INFO] - 	                       array([[ 16,  63,   9, 272, 181,  46,  47,  91, 139, 116],
[2024-06-20 19:30:47,008][flwr][INFO] - 	       [  0, 812,  24, 101,   6,  24,   5,  64,   4,  95],
[2024-06-20 19:30:47,008][flwr][INFO] - 	       [  0, 135,  73, 180, 102, 106,   9, 201,   3, 223],
[2024-06-20 19:30:47,008][flwr][INFO] - 	       [  0,  50,  38, 499,  57,  99,  12, 171,  11,  73],
[2024-06-20 19:30:47,008][flwr][INFO] - 	       [  0, 209,   0,  29,  95,  68,  72,  67,  17, 425],
[2024-06-20 19:30:47,008][flwr][INFO] - 	       [  1,  90,   3, 227, 122, 219,  10,  52,  31, 137],
[2024-06-20 19:30:47,008][flwr][INFO] - 	       [  1, 378,   0,  42,  41,  48, 285,  18,  44, 101],
[2024-06-20 19:30:47,008][flwr][INFO] - 	       [  0,  70,  23,  46,  54,  29,   6, 570,   9, 221],
[2024-06-20 19:30:47,008][flwr][INFO] - 	       [  2, 185,  20, 214,  72, 132,  10, 111,  20, 208],
[2024-06-20 19:30:47,008][flwr][INFO] - 	       [  2, 141,   5,  45, 133, 111,   3, 185,  16, 368]])),
[2024-06-20 19:30:47,008][flwr][INFO] - 	                      (4,
[2024-06-20 19:30:47,008][flwr][INFO] - 	                       array([[564,  17,   1, 168,  33, 107,  39,   3,   2,  46],
[2024-06-20 19:30:47,008][flwr][INFO] - 	       [  3, 801, 102,  88,  57,  35,   8,  10,   5,  26],
[2024-06-20 19:30:47,008][flwr][INFO] - 	       [ 45,  44, 116, 345, 119,  48,  39,  75,   8, 193],
[2024-06-20 19:30:47,008][flwr][INFO] - 	       [ 28,  21,   9, 626,  14, 240,  14,  31,   2,  25],
[2024-06-20 19:30:47,008][flwr][INFO] - 	       [132,  72,   9,  96, 227,  44,  97,  40,  12, 253],
[2024-06-20 19:30:47,008][flwr][INFO] - 	       [ 66,  41,   1, 359,  26, 297,  18,  12,   3,  69],
[2024-06-20 19:30:47,008][flwr][INFO] - 	       [175, 148,   3, 102,  77,  85, 296,   4,  30,  38],
[2024-06-20 19:30:47,008][flwr][INFO] - 	       [ 11,  63,  15,  89,  32,  18,  47, 214,   5, 534],
[2024-06-20 19:30:47,008][flwr][INFO] - 	       [ 38,  59,  23, 463,  48, 155,  62,  27,  13,  86],
[2024-06-20 19:30:47,008][flwr][INFO] - 	       [ 57,  40,  16, 156,  93,  74,  40,  64,  22, 447]])),
[2024-06-20 19:30:47,008][flwr][INFO] - 	                      (5,
[2024-06-20 19:30:47,008][flwr][INFO] - 	                       array([[497,  41,   8,   6, 108,  24, 161,   3,  13, 119],
[2024-06-20 19:30:47,008][flwr][INFO] - 	       [ 12, 825, 114,  17,  18,  75,  55,  15,   4,   0],
[2024-06-20 19:30:47,008][flwr][INFO] - 	       [  7,  90, 614,  40,  47,  23, 106,  50,  23,  32],
[2024-06-20 19:30:47,008][flwr][INFO] - 	       [ 75,  25, 105, 159,  41, 354, 113,  34,  83,  21],
[2024-06-20 19:30:47,008][flwr][INFO] - 	       [ 92, 139,  80,  14, 216,  62, 129,  60,  44, 146],
[2024-06-20 19:30:47,008][flwr][INFO] - 	       [144, 106,  30,  58,  35, 266, 128,  26,  78,  21],
[2024-06-20 19:30:47,008][flwr][INFO] - 	       [ 41, 176,   5,   4,  36,  54, 580,  16,  19,  27],
[2024-06-20 19:30:47,009][flwr][INFO] - 	       [ 21, 136, 382,   2,  24,  22,  30, 197,   3, 211],
[2024-06-20 19:30:47,009][flwr][INFO] - 	       [ 54, 236,  93,  66,  49,  85, 241,  52,  72,  26],
[2024-06-20 19:30:47,009][flwr][INFO] - 	       [ 54, 107, 245,  10,  62,  94,  76, 153,  25, 183]])),
[2024-06-20 19:30:47,009][flwr][INFO] - 	                      (6,
[2024-06-20 19:30:47,009][flwr][INFO] - 	                       array([[432,  53,  13,  58,  40,  53, 204,  16,  85,  26],
[2024-06-20 19:30:47,009][flwr][INFO] - 	       [  2, 748,  77,   2,  11,  86,  63, 126,  10,  10],
[2024-06-20 19:30:47,009][flwr][INFO] - 	       [ 15,  87, 401,  15,  35,  29,  98,  66, 254,  32],
[2024-06-20 19:30:47,009][flwr][INFO] - 	       [ 16,  44, 147, 141,  12, 253,  60,  45, 272,  20],
[2024-06-20 19:30:47,009][flwr][INFO] - 	       [128, 102,  67,   4, 177,  49, 184, 128,  87,  56],
[2024-06-20 19:30:47,009][flwr][INFO] - 	       [ 22, 128,  59,  88,  28, 223, 110,  82, 126,  26],
[2024-06-20 19:30:47,009][flwr][INFO] - 	       [ 22,  83,   2,   4,  30,  35, 694,  37,  39,  12],
[2024-06-20 19:30:47,009][flwr][INFO] - 	       [  4, 113, 148,   0,  36,  15,  26, 607,  24,  55],
[2024-06-20 19:30:47,009][flwr][INFO] - 	       [ 21, 142, 121,  32,  40,  58, 215,  63, 269,  13],
[2024-06-20 19:30:47,009][flwr][INFO] - 	       [ 43,  79, 167,   6,  77,  72,  64, 335,  35, 131]])),
[2024-06-20 19:30:47,009][flwr][INFO] - 	                      (7,
[2024-06-20 19:30:47,009][flwr][INFO] - 	                       array([[725,  33,   7,   1,  47,  26,  28,   5,  25,  83],
[2024-06-20 19:30:47,009][flwr][INFO] - 	       [  0, 614, 182,   1,   7, 184,   9,  81,  46,  11],
[2024-06-20 19:30:47,009][flwr][INFO] - 	       [ 73, 101, 389,   5,  56,  16,  27,  72, 168, 125],
[2024-06-20 19:30:47,009][flwr][INFO] - 	       [168,  20, 202,  33,  11, 182,  11,  74, 237,  72],
[2024-06-20 19:30:47,009][flwr][INFO] - 	       [161, 119,  50,   7, 300,  61,  51,  30,  41, 162],
[2024-06-20 19:30:47,009][flwr][INFO] - 	       [170, 126,  76,  11,  32, 278,  36,  40,  65,  58],
[2024-06-20 19:30:47,009][flwr][INFO] - 	       [ 68, 117,  15,   7,  67,  39, 484,  24,  73,  64],
[2024-06-20 19:30:47,009][flwr][INFO] - 	       [  9,  35, 147,   1, 278,  21,   7, 415,  32,  83],
[2024-06-20 19:30:47,009][flwr][INFO] - 	       [108, 152, 217,  16,  73,  47,  59,  39, 210,  53],
[2024-06-20 19:30:47,009][flwr][INFO] - 	       [ 55,  53, 130,   3, 139,  54,  25,  67,  53, 430]])),
[2024-06-20 19:30:47,009][flwr][INFO] - 	                      (8,
[2024-06-20 19:30:47,009][flwr][INFO] - 	                       array([[472,  74,   6,  11,  85, 140,  92,  27,  27,  46],
[2024-06-20 19:30:47,009][flwr][INFO] - 	       [  0, 953,  57,   3,   1,  34,  28,  34,  23,   2],
[2024-06-20 19:30:47,009][flwr][INFO] - 	       [ 14, 134, 278,  11,  45,  38,  87, 100, 191, 134],
[2024-06-20 19:30:47,009][flwr][INFO] - 	       [ 22,  22, 191,  41,   5, 382,  32,  69, 213,  33],
[2024-06-20 19:30:47,009][flwr][INFO] - 	       [ 88,  91,  29,   9, 219, 121,  97, 150,  44, 134],
[2024-06-20 19:30:47,009][flwr][INFO] - 	       [ 24, 106,  43,   8,  15, 488,  61,  75,  41,  31],
[2024-06-20 19:30:47,009][flwr][INFO] - 	       [ 25,  67,   9,   7,  27,  76, 588,  27, 101,  31],
[2024-06-20 19:30:47,009][flwr][INFO] - 	       [  0,  52,  56,  12,  62,  29,  15, 703,  29,  70],
[2024-06-20 19:30:47,009][flwr][INFO] - 	       [ 40,  88, 178,  27,  61,  91, 201,  46, 195,  47],
[2024-06-20 19:30:47,009][flwr][INFO] - 	       [ 23,  82,  22,  15,  59,  90,  84, 223,  25, 386]])),
[2024-06-20 19:30:47,009][flwr][INFO] - 	                      (9,
[2024-06-20 19:30:47,009][flwr][INFO] - 	                       array([[643,  47,   8,   2, 127,  22,  49,  17,  39,  26],
[2024-06-20 19:30:47,009][flwr][INFO] - 	       [  2, 985,  73,   2,   0,   1,   7,  29,  30,   6],
[2024-06-20 19:30:47,009][flwr][INFO] - 	       [ 28,  86, 397,   1,  43,  10,  36, 130, 186, 115],
[2024-06-20 19:30:47,009][flwr][INFO] - 	       [ 92,  37, 169,  26,   3, 206,  15, 175, 248,  39],
[2024-06-20 19:30:47,009][flwr][INFO] - 	       [126, 109,  56,   6, 267,  39,  58,  95,  85, 141],
[2024-06-20 19:30:47,009][flwr][INFO] - 	       [ 99,  86,  55,   3,  27, 343,  47,  71,  93,  68],
[2024-06-20 19:30:47,009][flwr][INFO] - 	       [ 83,  55,  19,   1,  38,  20, 542,  37, 115,  48],
[2024-06-20 19:30:47,010][flwr][INFO] - 	       [ 10,  84,  51,   6,  30,  17,  31, 586,  56, 157],
[2024-06-20 19:30:47,010][flwr][INFO] - 	       [ 57, 108, 183,   8,  37,  47,  95,  87, 298,  54],
[2024-06-20 19:30:47,010][flwr][INFO] - 	       [ 55,  92,  66,   3,  58,  37,  41, 196,  99, 362]])),
[2024-06-20 19:30:47,010][flwr][INFO] - 	                      (10,
[2024-06-20 19:30:47,010][flwr][INFO] - 	                       array([[596,  21,   3,  40, 117,  77,  82,  28,   7,   9],
[2024-06-20 19:30:47,010][flwr][INFO] - 	       [  1, 821,  38,  13,   5,  59,  38,  25, 133,   2],
[2024-06-20 19:30:47,010][flwr][INFO] - 	       [ 54,  78, 364,  10, 126,  55, 101,  36, 169,  39],
[2024-06-20 19:30:47,010][flwr][INFO] - 	       [ 62,  17,  91,  30,  11, 675,  27,  43,  42,  12],
[2024-06-20 19:30:47,010][flwr][INFO] - 	       [ 76,  40,  32,  17, 479, 159,  69,  59,  37,  14],
[2024-06-20 19:30:47,010][flwr][INFO] - 	       [ 75,  33,  18,  15,  38, 588,  65,  37,   5,  18],
[2024-06-20 19:30:47,010][flwr][INFO] - 	       [ 40,  13,  15,  12,  64, 107, 640,  19,  40,   8],
[2024-06-20 19:30:47,010][flwr][INFO] - 	       [ 52,  64,  65,  31,  68,  78,  43, 502,  57,  68],
[2024-06-20 19:30:47,010][flwr][INFO] - 	       [ 76,  69,  65,  25,  83, 317, 174,  32, 124,   9],
[2024-06-20 19:30:47,010][flwr][INFO] - 	       [134,  51,  98,  14, 209, 181,  48, 101,  54, 119]]))],
[2024-06-20 19:30:47,010][flwr][INFO] - 	 'f1': [(0, 0.03553137346181725),
[2024-06-20 19:30:47,010][flwr][INFO] - 	        (1, 0.07858505029936023),
[2024-06-20 19:30:47,010][flwr][INFO] - 	        (2, 0.11670785135774843),
[2024-06-20 19:30:47,010][flwr][INFO] - 	        (3, 0.25414779632117995),
[2024-06-20 19:30:47,010][flwr][INFO] - 	        (4, 0.33363828332018186),
[2024-06-20 19:30:47,010][flwr][INFO] - 	        (5, 0.3308467724981179),
[2024-06-20 19:30:47,010][flwr][INFO] - 	        (6, 0.3590954366142729),
[2024-06-20 19:30:47,010][flwr][INFO] - 	        (7, 0.36996498271447265),
[2024-06-20 19:30:47,010][flwr][INFO] - 	        (8, 0.40279336665613746),
[2024-06-20 19:30:47,010][flwr][INFO] - 	        (9, 0.41748188843006717),
[2024-06-20 19:30:47,010][flwr][INFO] - 	        (10, 0.39800845103511123)],
[2024-06-20 19:30:47,010][flwr][INFO] - 	 'precision': [(0, 0.12349967530374152),
[2024-06-20 19:30:47,010][flwr][INFO] - 	               (1, 0.10865320752253121),
[2024-06-20 19:30:47,010][flwr][INFO] - 	               (2, 0.1498068706895475),
[2024-06-20 19:30:47,010][flwr][INFO] - 	               (3, 0.3398097160303421),
[2024-06-20 19:30:47,010][flwr][INFO] - 	               (4, 0.3671594317596848),
[2024-06-20 19:30:47,010][flwr][INFO] - 	               (5, 0.3454031083524243),
[2024-06-20 19:30:47,010][flwr][INFO] - 	               (6, 0.38415374865357876),
[2024-06-20 19:30:47,010][flwr][INFO] - 	               (7, 0.39399312976131423),
[2024-06-20 19:30:47,010][flwr][INFO] - 	               (8, 0.41580700754554617),
[2024-06-20 19:30:47,010][flwr][INFO] - 	               (9, 0.44299247808614156),
[2024-06-20 19:30:47,010][flwr][INFO] - 	               (10, 0.41610733296752134)],
[2024-06-20 19:30:47,010][flwr][INFO] - 	 'recall': [(0, 0.1086),
[2024-06-20 19:30:47,010][flwr][INFO] - 	            (1, 0.1289),
[2024-06-20 19:30:47,010][flwr][INFO] - 	            (2, 0.1602),
[2024-06-20 19:30:47,010][flwr][INFO] - 	            (3, 0.2957),
[2024-06-20 19:30:47,010][flwr][INFO] - 	            (4, 0.3601),
[2024-06-20 19:30:47,010][flwr][INFO] - 	            (5, 0.3609),
[2024-06-20 19:30:47,010][flwr][INFO] - 	            (6, 0.3823),
[2024-06-20 19:30:47,011][flwr][INFO] - 	            (7, 0.3878),
[2024-06-20 19:30:47,011][flwr][INFO] - 	            (8, 0.4323),
[2024-06-20 19:30:47,011][flwr][INFO] - 	            (9, 0.4449),
[2024-06-20 19:30:47,011][flwr][INFO] - 	            (10, 0.4263)]}
[2024-06-20 19:30:47,011][flwr][INFO] - 
