[2024-06-20 20:05:39,467][flwr][INFO] - Starting Flower simulation, config: num_rounds=10, no round_timeout
[2024-06-20 20:05:40,544][flwr][INFO] - Flower VCE: Ray initialized with resources: {'memory': 10109412967.0, 'CPU': 12.0, 'node:__internal_head__': 1.0, 'object_store_memory': 2147483648.0, 'node:127.0.0.1': 1.0}
[2024-06-20 20:05:40,544][flwr][INFO] - Optimize your simulation with Flower VCE: https://flower.ai/docs/framework/how-to-run-simulations.html
[2024-06-20 20:05:40,544][flwr][INFO] - Flower VCE: Resources for each Virtual Client: {'num_cpus': 2, 'num_gpus': 0}
[2024-06-20 20:05:40,551][flwr][INFO] - Flower VCE: Creating VirtualClientEngineActorPool with 6 actors
[2024-06-20 20:05:40,551][flwr][INFO] - [INIT]
[2024-06-20 20:05:40,551][flwr][INFO] - Requesting initial parameters from one random client
[2024-06-20 20:05:42,529][flwr][INFO] - Received initial parameters from one random client
[2024-06-20 20:05:42,530][flwr][INFO] - Evaluating initial global parameters
[2024-06-20 20:05:42,956][flwr][INFO] - initial parameters (loss, other metrics): 181.76928067207336, {'accuracy': 0.1086, 'precision': 0.12349967530374152, 'recall': 0.1086, 'f1': 0.03553137346181725, 'confusion_matrix': array([[   0,    8,    0,  956,    0,    1,    0,   15,    0,    0],
       [   0,  122,    0, 1013,    0,    0,    0,    0,    0,    0],
       [   0,   38,    0,  971,    0,    0,    3,   19,    1,    0],
       [   0,   44,    0,  945,    1,    1,    0,   17,    2,    0],
       [   0,  143,    0,  816,    1,    0,    2,   20,    0,    0],
       [   0,  118,    0,  735,    1,    7,    0,   30,    1,    0],
       [   0,  144,    0,  749,   25,    0,    2,   38,    0,    0],
       [   0,  272,    0,  724,    8,    0,    0,    9,   15,    0],
       [   0,   81,    0,  859,    1,    0,    1,   32,    0,    0],
       [   0,  178,    0,  799,    1,    0,    0,   31,    0,    0]])}
[2024-06-20 20:05:42,956][flwr][INFO] - 
[2024-06-20 20:05:42,956][flwr][INFO] - [ROUND 1]
[2024-06-20 20:05:42,956][flwr][INFO] - configure_fit: strategy sampled 10 clients (out of 100)
[2024-06-20 20:05:50,329][flwr][INFO] - aggregate_fit: received 10 results and 0 failures
[2024-06-20 20:05:50,336][flwr][WARNING] - No fit_metrics_aggregation_fn provided
[2024-06-20 20:05:50,774][flwr][INFO] - fit progress: (1, 284520.46337890625, {'accuracy': 0.0855, 'precision': 0.07479021830658944, 'recall': 0.0855, 'f1': 0.04749842366126851, 'confusion_matrix': array([[ 20,  65, 234,   1,   4,  23, 627,   0,   2,   4],
       [100,  60, 949,   2,  13,   5,   3,   0,   2,   1],
       [ 57,  91, 413,  15,   8,   2, 403,   1,  36,   6],
       [ 16,  59, 697,   8,  19,   2, 178,   0,  25,   6],
       [ 18, 121, 306, 101,   2,   8, 392,   1,  27,   6],
       [  5,  73, 451,  14,   1,  23, 284,   1,  27,  13],
       [ 28, 100, 441,  28,   5,   7, 310,   0,  22,  17],
       [ 54,  99, 406,  24,   9,  11, 338,   0,  86,   1],
       [ 50,  65, 484,  19,   3,   2, 337,   0,  14,   0],
       [ 12, 185, 403,  32,   0,   2, 317,   0,  53,   5]])}, 7.818754709)
[2024-06-20 20:05:50,775][flwr][INFO] - configure_evaluate: no clients selected, skipping evaluation
[2024-06-20 20:05:50,775][flwr][INFO] - 
[2024-06-20 20:05:50,775][flwr][INFO] - [ROUND 2]
[2024-06-20 20:05:50,776][flwr][INFO] - configure_fit: strategy sampled 10 clients (out of 100)
[2024-06-20 20:05:56,029][flwr][INFO] - aggregate_fit: received 10 results and 0 failures
[2024-06-20 20:05:56,464][flwr][INFO] - fit progress: (2, 1136171.7802734375, {'accuracy': 0.2051, 'precision': 0.20043161446150645, 'recall': 0.2051, 'f1': 0.17009528721242617, 'confusion_matrix': array([[ 91, 113, 160, 368,  43,  60,  40,  34,  48,  23],
       [  4, 706,  45,  48,   3,  14,   0,  54,  11, 250],
       [ 16, 260,  55, 370,  11,  47,  92,  24,  19, 138],
       [ 11, 168,  52, 392,   4, 100,  19,  72, 110,  82],
       [ 17, 299,  43, 161,   7, 125,  20,  77,  72, 161],
       [  5, 125,  58, 258,   6, 167,   6,  67,  99, 101],
       [ 21, 251,  94, 193,   7,  39,  84,  21,  45, 203],
       [  5, 342,  36,  41,  37, 137,   5, 156,  20, 249],
       [ 25, 284,  64, 337,   8,  45,  21,  40,  55,  95],
       [ 29, 274,  55,  82,   5,  91,  37,  50,  48, 338]])}, 13.50844325)
[2024-06-20 20:05:56,465][flwr][INFO] - configure_evaluate: no clients selected, skipping evaluation
[2024-06-20 20:05:56,465][flwr][INFO] - 
[2024-06-20 20:05:56,465][flwr][INFO] - [ROUND 3]
[2024-06-20 20:05:56,465][flwr][INFO] - configure_fit: strategy sampled 10 clients (out of 100)
[2024-06-20 20:06:01,743][flwr][INFO] - aggregate_fit: received 10 results and 0 failures
[2024-06-20 20:06:02,190][flwr][INFO] - fit progress: (3, 6762337.203125, {'accuracy': 0.2848, 'precision': 0.2563628643316812, 'recall': 0.2848, 'f1': 0.24995753178767982, 'confusion_matrix': array([[287,  34,  76, 121,  50, 102,  73, 218,   8,  11],
       [ 22, 965,   2,  40,  29,   2,   1,  31,  14,  29],
       [ 83, 198, 103, 147,  56,  29, 244,  87,  12,  73],
       [ 56, 126,  31, 303,  38, 144,  86, 170,  29,  27],
       [ 27, 115,  38,  97,  79, 109,  87, 277,  62,  91],
       [  7,  82,  35, 196,  30, 175,  25, 215,  64,  63],
       [ 31,  74,  69, 132,  93,  42, 165, 210,  14, 128],
       [  5, 144,  27,  29, 103,  48,  15, 571,  15,  71],
       [ 74, 165,  38, 190,  75,  29,  77, 238,  27,  61],
       [ 34, 139,  29,  56,  74,  75,  47, 354,  28, 173]])}, 19.235157917)
[2024-06-20 20:06:02,191][flwr][INFO] - configure_evaluate: no clients selected, skipping evaluation
[2024-06-20 20:06:02,191][flwr][INFO] - 
[2024-06-20 20:06:02,191][flwr][INFO] - [ROUND 4]
[2024-06-20 20:06:02,192][flwr][INFO] - configure_fit: strategy sampled 10 clients (out of 100)
[2024-06-20 20:06:07,524][flwr][INFO] - aggregate_fit: received 10 results and 0 failures
[2024-06-20 20:06:07,963][flwr][INFO] - fit progress: (4, 46620946.96875, {'accuracy': 0.273, 'precision': 0.26275521076722463, 'recall': 0.273, 'f1': 0.26313329211227066, 'confusion_matrix': array([[401,  27,  43,  90,  43,  98, 111, 142,  17,   8],
       [109, 641,  13,  95, 106,  34,   2,   6,  29, 100],
       [114,  95, 148, 151,  48,  30, 279,  39,  39,  89],
       [ 92, 106,  23, 325,  26, 142, 101,  64, 101,  30],
       [ 25,  44,  59, 179,  33, 123, 141, 129, 151,  98],
       [ 15,  45,  36, 229,  15, 214,  31, 107, 150,  50],
       [ 51,  49,  65, 156,  57,  31, 287,  89,  53, 120],
       [ 13,  70,  65,  78, 126,  97,  33, 392,  54, 100],
       [ 92, 113,  50, 217,  55,  51, 125, 111,  92,  68],
       [ 40,  41,  68, 141,  62,  93,  80, 209,  78, 197]])}, 25.007791875)
[2024-06-20 20:06:07,963][flwr][INFO] - configure_evaluate: no clients selected, skipping evaluation
[2024-06-20 20:06:07,963][flwr][INFO] - 
[2024-06-20 20:06:07,963][flwr][INFO] - [ROUND 5]
[2024-06-20 20:06:07,964][flwr][INFO] - configure_fit: strategy sampled 10 clients (out of 100)
[2024-06-20 20:06:13,128][flwr][INFO] - aggregate_fit: received 10 results and 0 failures
[2024-06-20 20:06:13,575][flwr][INFO] - fit progress: (5, 344629599.625, {'accuracy': 0.2721, 'precision': 0.28164066449518227, 'recall': 0.2721, 'f1': 0.2695073597576801, 'confusion_matrix': array([[319,  31,  72,  67,  28,  83, 193, 146,  31,  10],
       [ 42, 631,  51,  35,  85, 103,   6,   2,  35, 145],
       [ 37, 109, 214,  86,  56,  47, 349,  18,  53,  63],
       [ 36,  93,  49, 269,  26, 134, 134,  30, 215,  24],
       [ 19,  62,  99,  97,  98,  91, 162,  68, 194,  92],
       [  9,  48,  52, 189,  18, 205,  51,  61, 216,  43],
       [ 29,  50,  71, 101,  46,  28, 428,  47,  75,  83],
       [  7,  96, 108,  55, 192, 102,  35, 214,  97, 122],
       [ 38, 142,  99, 160,  71,  69, 150,  30, 142,  73],
       [ 27,  59, 133, 103, 105,  82,  90,  81, 128, 201]])}, 30.620049792)
[2024-06-20 20:06:13,575][flwr][INFO] - configure_evaluate: no clients selected, skipping evaluation
[2024-06-20 20:06:13,575][flwr][INFO] - 
[2024-06-20 20:06:13,576][flwr][INFO] - [ROUND 6]
[2024-06-20 20:06:13,576][flwr][INFO] - configure_fit: strategy sampled 10 clients (out of 100)
[2024-06-20 20:06:19,043][flwr][INFO] - aggregate_fit: received 10 results and 0 failures
[2024-06-20 20:06:19,489][flwr][INFO] - fit progress: (6, 2531342125.0, {'accuracy': 0.2667, 'precision': 0.2859524951401068, 'recall': 0.2667, 'f1': 0.268951464933404, 'confusion_matrix': array([[371,  34,  82,  31,  13, 115, 160, 128,  37,   9],
       [ 34, 414,  72,  29, 105, 252,   4,  10,  31, 184],
       [ 53,  81, 272,  61,  47,  55, 312,  25,  54,  72],
       [ 57,  59,  66, 208,  18, 238,  93,  36, 190,  45],
       [  9,  27, 122,  99,  76, 214, 148,  95, 111,  81],
       [ 17,  35,  61, 113,  13, 295,  42,  70, 169,  77],
       [ 26,  30, 112,  71,  29,  57, 385,  58, 105,  85],
       [  2,  61, 107,  54, 157, 127,  30, 276,  52, 162],
       [ 40,  89, 133,  90,  67, 118, 131,  46, 132, 128],
       [ 21,  26, 110,  70,  94, 184,  83, 119,  64, 238]])}, 36.534060417000006)
[2024-06-20 20:06:19,489][flwr][INFO] - configure_evaluate: no clients selected, skipping evaluation
[2024-06-20 20:06:19,489][flwr][INFO] - 
[2024-06-20 20:06:19,489][flwr][INFO] - [ROUND 7]
[2024-06-20 20:06:19,490][flwr][INFO] - configure_fit: strategy sampled 10 clients (out of 100)
[2024-06-20 20:06:25,213][flwr][INFO] - aggregate_fit: received 10 results and 0 failures
[2024-06-20 20:06:25,672][flwr][INFO] - fit progress: (7, 20255902968.0, {'accuracy': 0.2672, 'precision': 0.28049533119249287, 'recall': 0.2672, 'f1': 0.26206772523528105, 'confusion_matrix': array([[423,  33,  71,  21,  12,  61, 216,  82,  41,  20],
       [ 21, 533,  58,  31,  32,  80,   1,   2,  24, 353],
       [ 45,  97, 232,  57,  26,  27, 358,  13,  41, 136],
       [ 81,  57,  71, 195,  18, 155, 192,  15, 154,  72],
       [ 11,  80, 140,  97,  78, 130, 150,  64,  77, 155],
       [ 24,  62,  68, 122,  10, 224,  66,  45, 150, 121],
       [ 31,  37, 107,  74,  27,  34, 360,  23,  79, 186],
       [  4, 147, 102,  36, 100,  53,  34, 188,  39, 325],
       [ 46, 129, 111,  75,  44,  63, 170,  33,  74, 229],
       [ 28,  78,  92,  59,  65, 108, 106,  71,  37, 365]])}, 42.71726375)
[2024-06-20 20:06:25,672][flwr][INFO] - configure_evaluate: no clients selected, skipping evaluation
[2024-06-20 20:06:25,672][flwr][INFO] - 
[2024-06-20 20:06:25,672][flwr][INFO] - [ROUND 8]
[2024-06-20 20:06:25,673][flwr][INFO] - configure_fit: strategy sampled 10 clients (out of 100)
[2024-06-20 20:06:30,956][flwr][INFO] - aggregate_fit: received 10 results and 0 failures
[2024-06-20 20:06:31,397][flwr][INFO] - fit progress: (8, 150051154688.0, {'accuracy': 0.2733, 'precision': 0.2924448360184446, 'recall': 0.2733, 'f1': 0.2751923959019222, 'confusion_matrix': array([[440,  28,  87,  40,  10,  72, 193,  58,  32,  20],
       [ 16, 416,  58,  69,  98,  79,   2,   6,  26, 365],
       [ 37,  85, 222,  89,  31,  30, 327,  26,  39, 146],
       [ 70,  39,  78, 243,  15, 184, 165,  20, 120,  76],
       [  9,  52, 111, 129,  98, 117, 112, 111, 104, 139],
       [ 22,  50,  84, 145,  15, 257,  44,  44, 120, 111],
       [ 22,  30, 123,  98,  29,  37, 334,  52,  80, 153],
       [  0, 103, 100,  51,  93,  62,  19, 306,  51, 243],
       [ 37,  96, 105, 124,  47,  82, 138,  52,  87, 206],
       [ 16,  59, 103, 100,  83,  99,  69, 107,  43, 330]])}, 48.4428135)
[2024-06-20 20:06:31,397][flwr][INFO] - configure_evaluate: no clients selected, skipping evaluation
[2024-06-20 20:06:31,397][flwr][INFO] - 
[2024-06-20 20:06:31,397][flwr][INFO] - [ROUND 9]
[2024-06-20 20:06:31,398][flwr][INFO] - configure_fit: strategy sampled 10 clients (out of 100)
[2024-06-20 20:06:36,742][flwr][INFO] - aggregate_fit: received 10 results and 0 failures
[2024-06-20 20:06:37,181][flwr][INFO] - fit progress: (9, 1162745251840.0, {'accuracy': 0.2746, 'precision': 0.2898984782619158, 'recall': 0.2746, 'f1': 0.2761302125556743, 'confusion_matrix': array([[437,  26,  80,  45,  12,  84, 168,  84,  31,  13],
       [ 16, 395,  60,  65,  97, 164,   1,  44,  20, 273],
       [ 30,  92, 242,  96,  34,  44, 260,  45,  26, 163],
       [ 65,  48,  86, 254,  15, 227, 127,  42,  95,  51],
       [  8,  49,  81, 123, 119, 188,  76, 153,  88,  97],
       [ 22,  43,  74, 175,  15, 275,  25,  57, 110,  96],
       [ 27,  22, 112,  81,  32,  54, 276,  75,  91, 188],
       [  0,  83,  57,  50,  96,  98,  12, 417,  49, 166],
       [ 34, 139, 104, 123,  59, 102,  91,  63,  77, 182],
       [ 20,  47,  65, 110, 101, 144,  51, 175,  42, 254]])}, 54.22758266700001)
[2024-06-20 20:06:37,182][flwr][INFO] - configure_evaluate: no clients selected, skipping evaluation
[2024-06-20 20:06:37,182][flwr][INFO] - 
[2024-06-20 20:06:37,182][flwr][INFO] - [ROUND 10]
[2024-06-20 20:06:37,182][flwr][INFO] - configure_fit: strategy sampled 10 clients (out of 100)
[2024-06-20 20:06:42,509][flwr][INFO] - aggregate_fit: received 10 results and 0 failures
[2024-06-20 20:06:42,952][flwr][INFO] - fit progress: (10, 9322285514752.0, {'accuracy': 0.2816, 'precision': 0.29513687250252546, 'recall': 0.2816, 'f1': 0.27926090789715885, 'confusion_matrix': array([[366,  46, 101,  51,  16,  49, 174, 142,  27,   8],
       [  5, 548,  37,  90,  61, 220,   9,  33,  26, 106],
       [ 24, 104, 291,  96,  32,  55, 247,  47,  20, 116],
       [ 42,  71, 100, 298,  12, 185, 145,  49,  70,  38],
       [  6,  49,  71, 136,  87, 188,  73, 177, 119,  76],
       [ 15,  56,  58, 202,  21, 225,  30,  80, 115,  90],
       [ 21,  47, 157,  80,  11,  46, 244,  94, 116, 142],
       [  2, 115,  54,  57,  73,  78,  24, 432,  85, 108],
       [ 25, 152, 105, 135,  77, 103, 107,  65,  65, 140],
       [ 12,  46,  56, 128,  55, 147,  49, 211,  45, 260]])}, 59.998187)
[2024-06-20 20:06:42,952][flwr][INFO] - configure_evaluate: no clients selected, skipping evaluation
[2024-06-20 20:06:42,953][flwr][INFO] - 
[2024-06-20 20:06:42,953][flwr][INFO] - [SUMMARY]
[2024-06-20 20:06:42,953][flwr][INFO] - Run finished 10 round(s) in 60.00s
[2024-06-20 20:06:42,957][flwr][INFO] - 	History (loss, centralized):
[2024-06-20 20:06:42,958][flwr][INFO] - 		round 0: 181.76928067207336
[2024-06-20 20:06:42,958][flwr][INFO] - 		round 1: 284520.46337890625
[2024-06-20 20:06:42,958][flwr][INFO] - 		round 2: 1136171.7802734375
[2024-06-20 20:06:42,958][flwr][INFO] - 		round 3: 6762337.203125
[2024-06-20 20:06:42,958][flwr][INFO] - 		round 4: 46620946.96875
[2024-06-20 20:06:42,958][flwr][INFO] - 		round 5: 344629599.625
[2024-06-20 20:06:42,958][flwr][INFO] - 		round 6: 2531342125.0
[2024-06-20 20:06:42,958][flwr][INFO] - 		round 7: 20255902968.0
[2024-06-20 20:06:42,958][flwr][INFO] - 		round 8: 150051154688.0
[2024-06-20 20:06:42,958][flwr][INFO] - 		round 9: 1162745251840.0
[2024-06-20 20:06:42,958][flwr][INFO] - 		round 10: 9322285514752.0
[2024-06-20 20:06:42,958][flwr][INFO] - 	History (metrics, centralized):
[2024-06-20 20:06:42,958][flwr][INFO] - 	{'accuracy': [(0, 0.1086),
[2024-06-20 20:06:42,958][flwr][INFO] - 	              (1, 0.0855),
[2024-06-20 20:06:42,958][flwr][INFO] - 	              (2, 0.2051),
[2024-06-20 20:06:42,958][flwr][INFO] - 	              (3, 0.2848),
[2024-06-20 20:06:42,958][flwr][INFO] - 	              (4, 0.273),
[2024-06-20 20:06:42,958][flwr][INFO] - 	              (5, 0.2721),
[2024-06-20 20:06:42,958][flwr][INFO] - 	              (6, 0.2667),
[2024-06-20 20:06:42,958][flwr][INFO] - 	              (7, 0.2672),
[2024-06-20 20:06:42,958][flwr][INFO] - 	              (8, 0.2733),
[2024-06-20 20:06:42,958][flwr][INFO] - 	              (9, 0.2746),
[2024-06-20 20:06:42,958][flwr][INFO] - 	              (10, 0.2816)],
[2024-06-20 20:06:42,958][flwr][INFO] - 	 'confusion_matrix': [(0,
[2024-06-20 20:06:42,958][flwr][INFO] - 	                       array([[   0,    8,    0,  956,    0,    1,    0,   15,    0,    0],
[2024-06-20 20:06:42,958][flwr][INFO] - 	       [   0,  122,    0, 1013,    0,    0,    0,    0,    0,    0],
[2024-06-20 20:06:42,958][flwr][INFO] - 	       [   0,   38,    0,  971,    0,    0,    3,   19,    1,    0],
[2024-06-20 20:06:42,958][flwr][INFO] - 	       [   0,   44,    0,  945,    1,    1,    0,   17,    2,    0],
[2024-06-20 20:06:42,958][flwr][INFO] - 	       [   0,  143,    0,  816,    1,    0,    2,   20,    0,    0],
[2024-06-20 20:06:42,958][flwr][INFO] - 	       [   0,  118,    0,  735,    1,    7,    0,   30,    1,    0],
[2024-06-20 20:06:42,958][flwr][INFO] - 	       [   0,  144,    0,  749,   25,    0,    2,   38,    0,    0],
[2024-06-20 20:06:42,958][flwr][INFO] - 	       [   0,  272,    0,  724,    8,    0,    0,    9,   15,    0],
[2024-06-20 20:06:42,958][flwr][INFO] - 	       [   0,   81,    0,  859,    1,    0,    1,   32,    0,    0],
[2024-06-20 20:06:42,958][flwr][INFO] - 	       [   0,  178,    0,  799,    1,    0,    0,   31,    0,    0]])),
[2024-06-20 20:06:42,958][flwr][INFO] - 	                      (1,
[2024-06-20 20:06:42,959][flwr][INFO] - 	                       array([[ 20,  65, 234,   1,   4,  23, 627,   0,   2,   4],
[2024-06-20 20:06:42,959][flwr][INFO] - 	       [100,  60, 949,   2,  13,   5,   3,   0,   2,   1],
[2024-06-20 20:06:42,959][flwr][INFO] - 	       [ 57,  91, 413,  15,   8,   2, 403,   1,  36,   6],
[2024-06-20 20:06:42,959][flwr][INFO] - 	       [ 16,  59, 697,   8,  19,   2, 178,   0,  25,   6],
[2024-06-20 20:06:42,959][flwr][INFO] - 	       [ 18, 121, 306, 101,   2,   8, 392,   1,  27,   6],
[2024-06-20 20:06:42,959][flwr][INFO] - 	       [  5,  73, 451,  14,   1,  23, 284,   1,  27,  13],
[2024-06-20 20:06:42,959][flwr][INFO] - 	       [ 28, 100, 441,  28,   5,   7, 310,   0,  22,  17],
[2024-06-20 20:06:42,959][flwr][INFO] - 	       [ 54,  99, 406,  24,   9,  11, 338,   0,  86,   1],
[2024-06-20 20:06:42,959][flwr][INFO] - 	       [ 50,  65, 484,  19,   3,   2, 337,   0,  14,   0],
[2024-06-20 20:06:42,959][flwr][INFO] - 	       [ 12, 185, 403,  32,   0,   2, 317,   0,  53,   5]])),
[2024-06-20 20:06:42,959][flwr][INFO] - 	                      (2,
[2024-06-20 20:06:42,959][flwr][INFO] - 	                       array([[ 91, 113, 160, 368,  43,  60,  40,  34,  48,  23],
[2024-06-20 20:06:42,959][flwr][INFO] - 	       [  4, 706,  45,  48,   3,  14,   0,  54,  11, 250],
[2024-06-20 20:06:42,959][flwr][INFO] - 	       [ 16, 260,  55, 370,  11,  47,  92,  24,  19, 138],
[2024-06-20 20:06:42,959][flwr][INFO] - 	       [ 11, 168,  52, 392,   4, 100,  19,  72, 110,  82],
[2024-06-20 20:06:42,959][flwr][INFO] - 	       [ 17, 299,  43, 161,   7, 125,  20,  77,  72, 161],
[2024-06-20 20:06:42,959][flwr][INFO] - 	       [  5, 125,  58, 258,   6, 167,   6,  67,  99, 101],
[2024-06-20 20:06:42,959][flwr][INFO] - 	       [ 21, 251,  94, 193,   7,  39,  84,  21,  45, 203],
[2024-06-20 20:06:42,959][flwr][INFO] - 	       [  5, 342,  36,  41,  37, 137,   5, 156,  20, 249],
[2024-06-20 20:06:42,959][flwr][INFO] - 	       [ 25, 284,  64, 337,   8,  45,  21,  40,  55,  95],
[2024-06-20 20:06:42,959][flwr][INFO] - 	       [ 29, 274,  55,  82,   5,  91,  37,  50,  48, 338]])),
[2024-06-20 20:06:42,959][flwr][INFO] - 	                      (3,
[2024-06-20 20:06:42,959][flwr][INFO] - 	                       array([[287,  34,  76, 121,  50, 102,  73, 218,   8,  11],
[2024-06-20 20:06:42,959][flwr][INFO] - 	       [ 22, 965,   2,  40,  29,   2,   1,  31,  14,  29],
[2024-06-20 20:06:42,959][flwr][INFO] - 	       [ 83, 198, 103, 147,  56,  29, 244,  87,  12,  73],
[2024-06-20 20:06:42,959][flwr][INFO] - 	       [ 56, 126,  31, 303,  38, 144,  86, 170,  29,  27],
[2024-06-20 20:06:42,959][flwr][INFO] - 	       [ 27, 115,  38,  97,  79, 109,  87, 277,  62,  91],
[2024-06-20 20:06:42,959][flwr][INFO] - 	       [  7,  82,  35, 196,  30, 175,  25, 215,  64,  63],
[2024-06-20 20:06:42,959][flwr][INFO] - 	       [ 31,  74,  69, 132,  93,  42, 165, 210,  14, 128],
[2024-06-20 20:06:42,959][flwr][INFO] - 	       [  5, 144,  27,  29, 103,  48,  15, 571,  15,  71],
[2024-06-20 20:06:42,959][flwr][INFO] - 	       [ 74, 165,  38, 190,  75,  29,  77, 238,  27,  61],
[2024-06-20 20:06:42,959][flwr][INFO] - 	       [ 34, 139,  29,  56,  74,  75,  47, 354,  28, 173]])),
[2024-06-20 20:06:42,959][flwr][INFO] - 	                      (4,
[2024-06-20 20:06:42,959][flwr][INFO] - 	                       array([[401,  27,  43,  90,  43,  98, 111, 142,  17,   8],
[2024-06-20 20:06:42,959][flwr][INFO] - 	       [109, 641,  13,  95, 106,  34,   2,   6,  29, 100],
[2024-06-20 20:06:42,959][flwr][INFO] - 	       [114,  95, 148, 151,  48,  30, 279,  39,  39,  89],
[2024-06-20 20:06:42,959][flwr][INFO] - 	       [ 92, 106,  23, 325,  26, 142, 101,  64, 101,  30],
[2024-06-20 20:06:42,959][flwr][INFO] - 	       [ 25,  44,  59, 179,  33, 123, 141, 129, 151,  98],
[2024-06-20 20:06:42,959][flwr][INFO] - 	       [ 15,  45,  36, 229,  15, 214,  31, 107, 150,  50],
[2024-06-20 20:06:42,959][flwr][INFO] - 	       [ 51,  49,  65, 156,  57,  31, 287,  89,  53, 120],
[2024-06-20 20:06:42,959][flwr][INFO] - 	       [ 13,  70,  65,  78, 126,  97,  33, 392,  54, 100],
[2024-06-20 20:06:42,959][flwr][INFO] - 	       [ 92, 113,  50, 217,  55,  51, 125, 111,  92,  68],
[2024-06-20 20:06:42,960][flwr][INFO] - 	       [ 40,  41,  68, 141,  62,  93,  80, 209,  78, 197]])),
[2024-06-20 20:06:42,960][flwr][INFO] - 	                      (5,
[2024-06-20 20:06:42,960][flwr][INFO] - 	                       array([[319,  31,  72,  67,  28,  83, 193, 146,  31,  10],
[2024-06-20 20:06:42,960][flwr][INFO] - 	       [ 42, 631,  51,  35,  85, 103,   6,   2,  35, 145],
[2024-06-20 20:06:42,960][flwr][INFO] - 	       [ 37, 109, 214,  86,  56,  47, 349,  18,  53,  63],
[2024-06-20 20:06:42,960][flwr][INFO] - 	       [ 36,  93,  49, 269,  26, 134, 134,  30, 215,  24],
[2024-06-20 20:06:42,960][flwr][INFO] - 	       [ 19,  62,  99,  97,  98,  91, 162,  68, 194,  92],
[2024-06-20 20:06:42,960][flwr][INFO] - 	       [  9,  48,  52, 189,  18, 205,  51,  61, 216,  43],
[2024-06-20 20:06:42,960][flwr][INFO] - 	       [ 29,  50,  71, 101,  46,  28, 428,  47,  75,  83],
[2024-06-20 20:06:42,960][flwr][INFO] - 	       [  7,  96, 108,  55, 192, 102,  35, 214,  97, 122],
[2024-06-20 20:06:42,960][flwr][INFO] - 	       [ 38, 142,  99, 160,  71,  69, 150,  30, 142,  73],
[2024-06-20 20:06:42,960][flwr][INFO] - 	       [ 27,  59, 133, 103, 105,  82,  90,  81, 128, 201]])),
[2024-06-20 20:06:42,960][flwr][INFO] - 	                      (6,
[2024-06-20 20:06:42,960][flwr][INFO] - 	                       array([[371,  34,  82,  31,  13, 115, 160, 128,  37,   9],
[2024-06-20 20:06:42,960][flwr][INFO] - 	       [ 34, 414,  72,  29, 105, 252,   4,  10,  31, 184],
[2024-06-20 20:06:42,960][flwr][INFO] - 	       [ 53,  81, 272,  61,  47,  55, 312,  25,  54,  72],
[2024-06-20 20:06:42,960][flwr][INFO] - 	       [ 57,  59,  66, 208,  18, 238,  93,  36, 190,  45],
[2024-06-20 20:06:42,960][flwr][INFO] - 	       [  9,  27, 122,  99,  76, 214, 148,  95, 111,  81],
[2024-06-20 20:06:42,960][flwr][INFO] - 	       [ 17,  35,  61, 113,  13, 295,  42,  70, 169,  77],
[2024-06-20 20:06:42,960][flwr][INFO] - 	       [ 26,  30, 112,  71,  29,  57, 385,  58, 105,  85],
[2024-06-20 20:06:42,960][flwr][INFO] - 	       [  2,  61, 107,  54, 157, 127,  30, 276,  52, 162],
[2024-06-20 20:06:42,960][flwr][INFO] - 	       [ 40,  89, 133,  90,  67, 118, 131,  46, 132, 128],
[2024-06-20 20:06:42,960][flwr][INFO] - 	       [ 21,  26, 110,  70,  94, 184,  83, 119,  64, 238]])),
[2024-06-20 20:06:42,960][flwr][INFO] - 	                      (7,
[2024-06-20 20:06:42,960][flwr][INFO] - 	                       array([[423,  33,  71,  21,  12,  61, 216,  82,  41,  20],
[2024-06-20 20:06:42,960][flwr][INFO] - 	       [ 21, 533,  58,  31,  32,  80,   1,   2,  24, 353],
[2024-06-20 20:06:42,960][flwr][INFO] - 	       [ 45,  97, 232,  57,  26,  27, 358,  13,  41, 136],
[2024-06-20 20:06:42,960][flwr][INFO] - 	       [ 81,  57,  71, 195,  18, 155, 192,  15, 154,  72],
[2024-06-20 20:06:42,960][flwr][INFO] - 	       [ 11,  80, 140,  97,  78, 130, 150,  64,  77, 155],
[2024-06-20 20:06:42,960][flwr][INFO] - 	       [ 24,  62,  68, 122,  10, 224,  66,  45, 150, 121],
[2024-06-20 20:06:42,960][flwr][INFO] - 	       [ 31,  37, 107,  74,  27,  34, 360,  23,  79, 186],
[2024-06-20 20:06:42,960][flwr][INFO] - 	       [  4, 147, 102,  36, 100,  53,  34, 188,  39, 325],
[2024-06-20 20:06:42,960][flwr][INFO] - 	       [ 46, 129, 111,  75,  44,  63, 170,  33,  74, 229],
[2024-06-20 20:06:42,960][flwr][INFO] - 	       [ 28,  78,  92,  59,  65, 108, 106,  71,  37, 365]])),
[2024-06-20 20:06:42,960][flwr][INFO] - 	                      (8,
[2024-06-20 20:06:42,960][flwr][INFO] - 	                       array([[440,  28,  87,  40,  10,  72, 193,  58,  32,  20],
[2024-06-20 20:06:42,960][flwr][INFO] - 	       [ 16, 416,  58,  69,  98,  79,   2,   6,  26, 365],
[2024-06-20 20:06:42,960][flwr][INFO] - 	       [ 37,  85, 222,  89,  31,  30, 327,  26,  39, 146],
[2024-06-20 20:06:42,960][flwr][INFO] - 	       [ 70,  39,  78, 243,  15, 184, 165,  20, 120,  76],
[2024-06-20 20:06:42,960][flwr][INFO] - 	       [  9,  52, 111, 129,  98, 117, 112, 111, 104, 139],
[2024-06-20 20:06:42,960][flwr][INFO] - 	       [ 22,  50,  84, 145,  15, 257,  44,  44, 120, 111],
[2024-06-20 20:06:42,960][flwr][INFO] - 	       [ 22,  30, 123,  98,  29,  37, 334,  52,  80, 153],
[2024-06-20 20:06:42,960][flwr][INFO] - 	       [  0, 103, 100,  51,  93,  62,  19, 306,  51, 243],
[2024-06-20 20:06:42,961][flwr][INFO] - 	       [ 37,  96, 105, 124,  47,  82, 138,  52,  87, 206],
[2024-06-20 20:06:42,961][flwr][INFO] - 	       [ 16,  59, 103, 100,  83,  99,  69, 107,  43, 330]])),
[2024-06-20 20:06:42,961][flwr][INFO] - 	                      (9,
[2024-06-20 20:06:42,961][flwr][INFO] - 	                       array([[437,  26,  80,  45,  12,  84, 168,  84,  31,  13],
[2024-06-20 20:06:42,961][flwr][INFO] - 	       [ 16, 395,  60,  65,  97, 164,   1,  44,  20, 273],
[2024-06-20 20:06:42,961][flwr][INFO] - 	       [ 30,  92, 242,  96,  34,  44, 260,  45,  26, 163],
[2024-06-20 20:06:42,961][flwr][INFO] - 	       [ 65,  48,  86, 254,  15, 227, 127,  42,  95,  51],
[2024-06-20 20:06:42,961][flwr][INFO] - 	       [  8,  49,  81, 123, 119, 188,  76, 153,  88,  97],
[2024-06-20 20:06:42,961][flwr][INFO] - 	       [ 22,  43,  74, 175,  15, 275,  25,  57, 110,  96],
[2024-06-20 20:06:42,961][flwr][INFO] - 	       [ 27,  22, 112,  81,  32,  54, 276,  75,  91, 188],
[2024-06-20 20:06:42,961][flwr][INFO] - 	       [  0,  83,  57,  50,  96,  98,  12, 417,  49, 166],
[2024-06-20 20:06:42,961][flwr][INFO] - 	       [ 34, 139, 104, 123,  59, 102,  91,  63,  77, 182],
[2024-06-20 20:06:42,961][flwr][INFO] - 	       [ 20,  47,  65, 110, 101, 144,  51, 175,  42, 254]])),
[2024-06-20 20:06:42,961][flwr][INFO] - 	                      (10,
[2024-06-20 20:06:42,961][flwr][INFO] - 	                       array([[366,  46, 101,  51,  16,  49, 174, 142,  27,   8],
[2024-06-20 20:06:42,961][flwr][INFO] - 	       [  5, 548,  37,  90,  61, 220,   9,  33,  26, 106],
[2024-06-20 20:06:42,961][flwr][INFO] - 	       [ 24, 104, 291,  96,  32,  55, 247,  47,  20, 116],
[2024-06-20 20:06:42,961][flwr][INFO] - 	       [ 42,  71, 100, 298,  12, 185, 145,  49,  70,  38],
[2024-06-20 20:06:42,961][flwr][INFO] - 	       [  6,  49,  71, 136,  87, 188,  73, 177, 119,  76],
[2024-06-20 20:06:42,961][flwr][INFO] - 	       [ 15,  56,  58, 202,  21, 225,  30,  80, 115,  90],
[2024-06-20 20:06:42,961][flwr][INFO] - 	       [ 21,  47, 157,  80,  11,  46, 244,  94, 116, 142],
[2024-06-20 20:06:42,961][flwr][INFO] - 	       [  2, 115,  54,  57,  73,  78,  24, 432,  85, 108],
[2024-06-20 20:06:42,961][flwr][INFO] - 	       [ 25, 152, 105, 135,  77, 103, 107,  65,  65, 140],
[2024-06-20 20:06:42,961][flwr][INFO] - 	       [ 12,  46,  56, 128,  55, 147,  49, 211,  45, 260]]))],
[2024-06-20 20:06:42,961][flwr][INFO] - 	 'f1': [(0, 0.03553137346181725),
[2024-06-20 20:06:42,961][flwr][INFO] - 	        (1, 0.04749842366126851),
[2024-06-20 20:06:42,961][flwr][INFO] - 	        (2, 0.17009528721242617),
[2024-06-20 20:06:42,961][flwr][INFO] - 	        (3, 0.24995753178767982),
[2024-06-20 20:06:42,961][flwr][INFO] - 	        (4, 0.26313329211227066),
[2024-06-20 20:06:42,961][flwr][INFO] - 	        (5, 0.2695073597576801),
[2024-06-20 20:06:42,961][flwr][INFO] - 	        (6, 0.268951464933404),
[2024-06-20 20:06:42,961][flwr][INFO] - 	        (7, 0.26206772523528105),
[2024-06-20 20:06:42,961][flwr][INFO] - 	        (8, 0.2751923959019222),
[2024-06-20 20:06:42,961][flwr][INFO] - 	        (9, 0.2761302125556743),
[2024-06-20 20:06:42,961][flwr][INFO] - 	        (10, 0.27926090789715885)],
[2024-06-20 20:06:42,961][flwr][INFO] - 	 'precision': [(0, 0.12349967530374152),
[2024-06-20 20:06:42,961][flwr][INFO] - 	               (1, 0.07479021830658944),
[2024-06-20 20:06:42,961][flwr][INFO] - 	               (2, 0.20043161446150645),
[2024-06-20 20:06:42,961][flwr][INFO] - 	               (3, 0.2563628643316812),
[2024-06-20 20:06:42,961][flwr][INFO] - 	               (4, 0.26275521076722463),
[2024-06-20 20:06:42,961][flwr][INFO] - 	               (5, 0.28164066449518227),
[2024-06-20 20:06:42,961][flwr][INFO] - 	               (6, 0.2859524951401068),
[2024-06-20 20:06:42,962][flwr][INFO] - 	               (7, 0.28049533119249287),
[2024-06-20 20:06:42,962][flwr][INFO] - 	               (8, 0.2924448360184446),
[2024-06-20 20:06:42,962][flwr][INFO] - 	               (9, 0.2898984782619158),
[2024-06-20 20:06:42,962][flwr][INFO] - 	               (10, 0.29513687250252546)],
[2024-06-20 20:06:42,962][flwr][INFO] - 	 'recall': [(0, 0.1086),
[2024-06-20 20:06:42,962][flwr][INFO] - 	            (1, 0.0855),
[2024-06-20 20:06:42,962][flwr][INFO] - 	            (2, 0.2051),
[2024-06-20 20:06:42,962][flwr][INFO] - 	            (3, 0.2848),
[2024-06-20 20:06:42,962][flwr][INFO] - 	            (4, 0.273),
[2024-06-20 20:06:42,962][flwr][INFO] - 	            (5, 0.2721),
[2024-06-20 20:06:42,962][flwr][INFO] - 	            (6, 0.2667),
[2024-06-20 20:06:42,962][flwr][INFO] - 	            (7, 0.2672),
[2024-06-20 20:06:42,962][flwr][INFO] - 	            (8, 0.2733),
[2024-06-20 20:06:42,962][flwr][INFO] - 	            (9, 0.2746),
[2024-06-20 20:06:42,962][flwr][INFO] - 	            (10, 0.2816)]}
[2024-06-20 20:06:42,962][flwr][INFO] - 
