[2024-06-21 13:49:36,142][flwr][INFO] - Starting Flower simulation, config: num_rounds=10, no round_timeout
[2024-06-21 13:49:38,146][flwr][INFO] - Flower VCE: Ray initialized with resources: {'memory': 10035522765.0, 'CPU': 12.0, 'node:__internal_head__': 1.0, 'object_store_memory': 2147483648.0, 'node:127.0.0.1': 1.0}
[2024-06-21 13:49:38,147][flwr][INFO] - Optimize your simulation with Flower VCE: https://flower.ai/docs/framework/how-to-run-simulations.html
[2024-06-21 13:49:38,147][flwr][INFO] - Flower VCE: Resources for each Virtual Client: {'num_cpus': 2, 'num_gpus': 0}
[2024-06-21 13:49:38,152][flwr][INFO] - Flower VCE: Creating VirtualClientEngineActorPool with 6 actors
[2024-06-21 13:49:38,153][flwr][INFO] - [INIT]
[2024-06-21 13:49:38,153][flwr][INFO] - Requesting initial parameters from one random client
[2024-06-21 13:49:39,694][flwr][INFO] - Received initial parameters from one random client
[2024-06-21 13:49:39,694][flwr][INFO] - Evaluating initial global parameters
[2024-06-21 13:49:40,014][flwr][INFO] - initial parameters (loss, other metrics): 181.76928067207336, {'accuracy': 0.1086, 'precision': 0.12349967530374152, 'recall': 0.1086, 'f1': 0.03553137346181725, 'confusion_matrix': array([[   0,    8,    0,  956,    0,    1,    0,   15,    0,    0],
       [   0,  122,    0, 1013,    0,    0,    0,    0,    0,    0],
       [   0,   38,    0,  971,    0,    0,    3,   19,    1,    0],
       [   0,   44,    0,  945,    1,    1,    0,   17,    2,    0],
       [   0,  143,    0,  816,    1,    0,    2,   20,    0,    0],
       [   0,  118,    0,  735,    1,    7,    0,   30,    1,    0],
       [   0,  144,    0,  749,   25,    0,    2,   38,    0,    0],
       [   0,  272,    0,  724,    8,    0,    0,    9,   15,    0],
       [   0,   81,    0,  859,    1,    0,    1,   32,    0,    0],
       [   0,  178,    0,  799,    1,    0,    0,   31,    0,    0]])}
[2024-06-21 13:49:40,015][flwr][INFO] - 
[2024-06-21 13:49:40,015][flwr][INFO] - [ROUND 1]
[2024-06-21 13:49:40,015][flwr][INFO] - configure_fit: strategy sampled 10 clients (out of 100)
[2024-06-21 13:49:46,341][flwr][INFO] - aggregate_fit: received 10 results and 0 failures
[2024-06-21 13:49:46,346][flwr][WARNING] - No fit_metrics_aggregation_fn provided
[2024-06-21 13:49:46,682][flwr][INFO] - fit progress: (1, 201.8823480606079, {'accuracy': 0.037, 'precision': 0.04122794608210709, 'recall': 0.037, 'f1': 0.03440777761347576, 'confusion_matrix': array([[  31,  853,    0,    4,   61,    2,   13,   14,    1,    1],
       [   0,    0, 1096,    9,   27,    0,    0,    3,    0,    0],
       [  15,   17,   34,  851,   45,   18,    2,   20,   28,    2],
       [   1,    2,    7,   52,  908,    0,    0,    0,   40,    0],
       [ 322,    4,    2,    4,  105,  516,    1,   13,   14,    1],
       [  47,   14,   20,   17,  505,   36,  236,    4,   11,    2],
       [   4,   25,   12,   34,   67,   14,   47,  755,    0,    0],
       [  95,    0,   25,   26,   11,    9,    0,    0,  862,    0],
       [  49,    5,   35,   51,  616,    1,    8,    6,   62,  141],
       [ 733,    3,    5,    4,   77,   32,    4,    2,  146,    3]])}, 6.667098167)
[2024-06-21 13:49:46,682][flwr][INFO] - configure_evaluate: no clients selected, skipping evaluation
[2024-06-21 13:49:46,682][flwr][INFO] - 
[2024-06-21 13:49:46,682][flwr][INFO] - [ROUND 2]
[2024-06-21 13:49:46,683][flwr][INFO] - configure_fit: strategy sampled 10 clients (out of 100)
[2024-06-21 13:49:51,569][flwr][INFO] - aggregate_fit: received 10 results and 0 failures
[2024-06-21 13:49:51,899][flwr][INFO] - fit progress: (2, 250.8955888748169, {'accuracy': 0.0814, 'precision': 0.07374475512320941, 'recall': 0.0814, 'f1': 0.07652091630536219, 'confusion_matrix': array([[ 187,  685,    1,   12,    1,   11,   53,   17,    1,   12],
       [   0,    0, 1124,    3,    0,    0,    2,    2,    1,    3],
       [  12,    5,  168,  763,    5,   16,    4,   27,   18,   14],
       [   1,    2,   58,  198,  643,    1,   17,    0,   45,   45],
       [  60,    0,    7,    0,    1,  875,    7,   13,    3,   16],
       [  53,    5,   32,   20,  133,   59,  507,    6,    5,   72],
       [   2,    3,   19,   12,    1,    8,   99,  812,    0,    2],
       [ 120,    0,   51,   14,    1,   16,    1,    0,  817,    8],
       [  20,    1,  100,   35,   36,   10,   31,    7,   10,  724],
       [ 739,    1,    8,    2,   10,  101,    2,    5,   49,   92]])}, 11.884236916999999)
[2024-06-21 13:49:51,899][flwr][INFO] - configure_evaluate: no clients selected, skipping evaluation
[2024-06-21 13:49:51,899][flwr][INFO] - 
[2024-06-21 13:49:51,899][flwr][INFO] - [ROUND 3]
[2024-06-21 13:49:51,899][flwr][INFO] - configure_fit: strategy sampled 10 clients (out of 100)
[2024-06-21 13:49:56,853][flwr][INFO] - aggregate_fit: received 10 results and 0 failures
[2024-06-21 13:49:57,193][flwr][INFO] - fit progress: (3, 217.42138957977295, {'accuracy': 0.1135, 'precision': 0.09945502351296562, 'recall': 0.1135, 'f1': 0.1055445011470512, 'confusion_matrix': array([[ 136,  806,    1,    4,    0,    4,   15,    7,    1,    6],
       [   0,    0, 1123,    3,    0,    0,    3,    1,    1,    4],
       [   9,    6,  142,  793,    2,   16,    9,   12,   16,   27],
       [   1,    5,   26,  297,  558,    1,   22,    0,   34,   66],
       [  46,    0,    3,    1,    1,  878,    8,    7,    1,   37],
       [  24,   11,   30,   22,   58,   42,  613,    2,    4,   86],
       [   7,    5,   13,    4,    1,   15,  249,  660,    0,    4],
       [  83,    0,   48,   15,    4,   16,    0,    0,  844,   18],
       [  10,    6,   70,   22,   17,   10,   34,    0,    4,  801],
       [ 621,    1,    7,    1,   13,   60,    3,    3,   36,  264]])}, 17.1783045)
[2024-06-21 13:49:57,193][flwr][INFO] - configure_evaluate: no clients selected, skipping evaluation
[2024-06-21 13:49:57,193][flwr][INFO] - 
[2024-06-21 13:49:57,193][flwr][INFO] - [ROUND 4]
[2024-06-21 13:49:57,194][flwr][INFO] - configure_fit: strategy sampled 10 clients (out of 100)
[2024-06-21 13:50:02,010][flwr][INFO] - aggregate_fit: received 10 results and 0 failures
[2024-06-21 13:50:02,337][flwr][INFO] - fit progress: (4, 217.11009788513184, {'accuracy': 0.0682, 'precision': 0.060936927545308994, 'recall': 0.0682, 'f1': 0.06418980016923605, 'confusion_matrix': array([[ 153,  795,    0,    3,    0,    3,    9,   11,    0,    6],
       [   0,    0, 1122,    3,    0,    0,    2,    4,    1,    3],
       [   8,    6,   66,  873,    4,   10,    1,   24,   10,   30],
       [   2,    3,   13,  179,  720,    0,   20,    3,   15,   55],
       [  65,    0,    2,    1,    6,  851,    5,   15,    0,   37],
       [  24,   11,   15,   22,   49,   21,  701,    3,    3,   43],
       [   4,    6,    3,    8,    2,    5,   89,  838,    0,    3],
       [ 131,    0,   39,   22,    4,   11,    0,    1,  792,   28],
       [   8,    4,   55,   21,   21,    7,   37,    5,    2,  814],
       [ 768,    1,    7,    3,   18,   31,    2,    3,   11,  165]])}, 22.322243957999998)
[2024-06-21 13:50:02,337][flwr][INFO] - configure_evaluate: no clients selected, skipping evaluation
[2024-06-21 13:50:02,337][flwr][INFO] - 
[2024-06-21 13:50:02,337][flwr][INFO] - [ROUND 5]
[2024-06-21 13:50:02,337][flwr][INFO] - configure_fit: strategy sampled 10 clients (out of 100)
[2024-06-21 13:50:07,091][flwr][INFO] - aggregate_fit: received 10 results and 0 failures
[2024-06-21 13:50:07,423][flwr][INFO] - fit progress: (5, 185.65416073799133, {'accuracy': 0.0965, 'precision': 0.07902042293691465, 'recall': 0.0965, 'f1': 0.08485269921984519, 'confusion_matrix': array([[  77,  870,    0,    1,    0,    4,   10,    9,    0,    9],
       [   0,    0, 1118,    3,    0,    1,    3,    2,    0,    8],
       [   4,    9,  173,  734,    5,   14,    2,   22,   15,   54],
       [   0,    7,   16,   88,  777,    2,   20,    5,   15,   80],
       [  28,    0,    1,    1,    5,  870,    7,    8,    0,   62],
       [  15,   12,    9,    9,   28,   28,  725,    5,    4,   57],
       [   3,    8,    4,    3,    1,    7,  112,  813,    1,    6],
       [  94,    0,   34,   15,    4,    9,    0,    7,  831,   34],
       [   1,    6,   27,    6,   15,    8,   32,    4,    4,  871],
       [ 467,    2,    7,    1,    8,   35,    4,    3,   11,  471]])}, 27.408960625)
[2024-06-21 13:50:07,424][flwr][INFO] - configure_evaluate: no clients selected, skipping evaluation
[2024-06-21 13:50:07,424][flwr][INFO] - 
[2024-06-21 13:50:07,424][flwr][INFO] - [ROUND 6]
[2024-06-21 13:50:07,424][flwr][INFO] - configure_fit: strategy sampled 10 clients (out of 100)
[2024-06-21 13:50:12,868][flwr][INFO] - aggregate_fit: received 10 results and 0 failures
[2024-06-21 13:50:13,232][flwr][INFO] - fit progress: (6, 194.67079162597656, {'accuracy': 0.0824, 'precision': 0.07012098940373214, 'recall': 0.0824, 'f1': 0.07550904852658957, 'confusion_matrix': array([[ 166,  776,    0,    0,    0,    3,   20,    7,    0,    8],
       [   0,    0, 1110,    3,    1,    0,    7,    1,    0,   13],
       [   8,    2,   56,  863,    4,   10,   11,   19,   12,   47],
       [   3,    3,    6,   95,  784,    0,   40,    2,   16,   61],
       [  45,    0,    2,    3,    8,  853,   17,    9,    0,   45],
       [  14,    5,    5,    7,   23,    8,  786,    5,    4,   35],
       [   6,    6,    3,    4,    0,    3,  288,  645,    0,    3],
       [  84,    0,   21,   22,    4,    3,    2,    9,  869,   14],
       [  10,    4,   11,    5,    8,    6,   39,    3,    5,  883],
       [ 758,    1,    5,    3,   11,   24,    5,    4,    9,  189]])}, 33.217754542)
[2024-06-21 13:50:13,233][flwr][INFO] - configure_evaluate: no clients selected, skipping evaluation
[2024-06-21 13:50:13,233][flwr][INFO] - 
[2024-06-21 13:50:13,233][flwr][INFO] - [ROUND 7]
[2024-06-21 13:50:13,233][flwr][INFO] - configure_fit: strategy sampled 10 clients (out of 100)
[2024-06-21 13:50:19,421][flwr][INFO] - aggregate_fit: received 10 results and 0 failures
[2024-06-21 13:50:19,775][flwr][INFO] - fit progress: (7, 186.19835209846497, {'accuracy': 0.0487, 'precision': 0.04471556954647546, 'recall': 0.0487, 'f1': 0.046233207109204116, 'confusion_matrix': array([[   8,  942,    0,    1,    0,    3,    5,    8,    2,   11],
       [   0,    0, 1109,    3,    0,    1,    3,    3,    0,   16],
       [   2,   11,   60,  862,   11,   19,    3,   18,   10,   36],
       [   4,    4,    4,   39,  873,    3,   17,    3,   12,   51],
       [  44,    0,    0,    3,    7,  869,    5,    8,    0,   46],
       [   9,    9,    3,    5,   38,   74,  667,    4,    4,   79],
       [   0,    7,    3,    2,    1,   13,   93,  828,    0,   11],
       [  60,    0,   19,   26,    3,    5,    0,   19,  883,   13],
       [   1,    7,   10,    6,   18,   11,   15,    6,    5,  895],
       [ 769,    3,    5,    1,   15,   27,    0,    3,    4,  182]])}, 39.760653792)
[2024-06-21 13:50:19,775][flwr][INFO] - configure_evaluate: no clients selected, skipping evaluation
[2024-06-21 13:50:19,775][flwr][INFO] - 
[2024-06-21 13:50:19,775][flwr][INFO] - [ROUND 8]
[2024-06-21 13:50:19,776][flwr][INFO] - configure_fit: strategy sampled 10 clients (out of 100)
[2024-06-21 13:50:25,517][flwr][INFO] - aggregate_fit: received 10 results and 0 failures
[2024-06-21 13:50:25,863][flwr][INFO] - fit progress: (8, 179.31575977802277, {'accuracy': 0.0671, 'precision': 0.05849872784100751, 'recall': 0.0671, 'f1': 0.06228493526211114, 'confusion_matrix': array([[ 108,  848,    0,    0,    0,    2,   12,    5,    0,    5],
       [   0,    0, 1112,    3,    0,    1,    4,    1,    0,   14],
       [   8,    5,   53,  874,    1,   11,    8,   19,   12,   41],
       [   7,    3,    7,  130,  737,    5,   28,    3,    9,   81],
       [  35,    0,    0,    3,    2,  865,   13,    7,    0,   57],
       [   9,    5,    3,    7,   15,   14,  776,    4,    1,   58],
       [   1,    4,    3,    2,    0,    3,  169,  767,    0,    9],
       [ 146,    0,   21,   23,    2,    7,    1,    7,  800,   21],
       [   7,    4,   12,    3,    6,    5,   17,    4,    1,  915],
       [ 783,    1,    6,    3,    2,   21,    3,    1,    2,  187]])}, 45.849010833)
[2024-06-21 13:50:25,864][flwr][INFO] - configure_evaluate: no clients selected, skipping evaluation
[2024-06-21 13:50:25,864][flwr][INFO] - 
[2024-06-21 13:50:25,864][flwr][INFO] - [ROUND 9]
[2024-06-21 13:50:25,864][flwr][INFO] - configure_fit: strategy sampled 10 clients (out of 100)
[2024-06-21 13:50:30,764][flwr][INFO] - aggregate_fit: received 10 results and 0 failures
[2024-06-21 13:50:31,103][flwr][INFO] - fit progress: (9, 198.68367457389832, {'accuracy': 0.0427, 'precision': 0.0407359598852874, 'recall': 0.0427, 'f1': 0.04158738045942352, 'confusion_matrix': array([[  17,  939,    0,    0,    0,    2,    5,    8,    2,    7],
       [   0,    0, 1117,    2,    2,    1,    3,    0,    0,   10],
       [   2,    9,   67,  886,    9,   13,    3,   13,    9,   21],
       [   4,    1,    6,   46,  871,    4,   15,    3,   13,   47],
       [  32,    0,    1,    4,    2,  907,    8,    5,    1,   22],
       [   5,    7,    3,    2,   38,   16,  778,    3,    5,   35],
       [   1,    5,    5,    1,    0,    8,  148,  785,    0,    5],
       [  49,    0,   19,   26,    4,    5,    0,   32,  882,   11],
       [   1,    4,   15,    2,   11,   12,   19,    4,    4,  902],
       [ 849,    3,    6,    2,    8,   34,    3,    3,    6,   95]])}, 51.089190167)
[2024-06-21 13:50:31,104][flwr][INFO] - configure_evaluate: no clients selected, skipping evaluation
[2024-06-21 13:50:31,104][flwr][INFO] - 
[2024-06-21 13:50:31,104][flwr][INFO] - [ROUND 10]
[2024-06-21 13:50:31,104][flwr][INFO] - configure_fit: strategy sampled 10 clients (out of 100)
[2024-06-21 13:50:36,278][flwr][INFO] - aggregate_fit: received 10 results and 0 failures
[2024-06-21 13:50:36,612][flwr][INFO] - fit progress: (10, 204.3478865623474, {'accuracy': 0.0346, 'precision': 0.032433811236907514, 'recall': 0.0346, 'f1': 0.0334173795410378, 'confusion_matrix': array([[  80,  876,    0,    0,    0,    1,    8,    6,    3,    6],
       [   1,    0, 1100,    3,    1,    1,    2,    1,    0,   26],
       [   8,    7,   48,  872,    8,   11,    5,   12,   16,   45],
       [   4,    1,    5,   40,  845,    5,   26,    1,   20,   63],
       [  49,    0,    2,    3,    4,  884,    2,    9,    0,   29],
       [  12,    4,    1,    1,   14,   14,  810,    4,    5,   27],
       [   3,    5,    3,    0,    0,    4,   77,  858,    0,    8],
       [  39,    0,   10,   19,    2,    4,    0,    5,  937,   12],
       [   7,    2,    5,    3,    9,    6,   17,    6,    6,  913],
       [ 882,    1,    4,    1,    8,   28,    3,    1,    9,   72]])}, 56.598044791999996)
[2024-06-21 13:50:36,613][flwr][INFO] - configure_evaluate: no clients selected, skipping evaluation
[2024-06-21 13:50:36,613][flwr][INFO] - 
[2024-06-21 13:50:36,613][flwr][INFO] - [SUMMARY]
[2024-06-21 13:50:36,613][flwr][INFO] - Run finished 10 round(s) in 56.60s
[2024-06-21 13:50:36,616][flwr][INFO] - 	History (loss, centralized):
[2024-06-21 13:50:36,617][flwr][INFO] - 		round 0: 181.76928067207336
[2024-06-21 13:50:36,617][flwr][INFO] - 		round 1: 201.8823480606079
[2024-06-21 13:50:36,617][flwr][INFO] - 		round 2: 250.8955888748169
[2024-06-21 13:50:36,617][flwr][INFO] - 		round 3: 217.42138957977295
[2024-06-21 13:50:36,617][flwr][INFO] - 		round 4: 217.11009788513184
[2024-06-21 13:50:36,617][flwr][INFO] - 		round 5: 185.65416073799133
[2024-06-21 13:50:36,617][flwr][INFO] - 		round 6: 194.67079162597656
[2024-06-21 13:50:36,617][flwr][INFO] - 		round 7: 186.19835209846497
[2024-06-21 13:50:36,617][flwr][INFO] - 		round 8: 179.31575977802277
[2024-06-21 13:50:36,617][flwr][INFO] - 		round 9: 198.68367457389832
[2024-06-21 13:50:36,617][flwr][INFO] - 		round 10: 204.3478865623474
[2024-06-21 13:50:36,617][flwr][INFO] - 	History (metrics, centralized):
[2024-06-21 13:50:36,617][flwr][INFO] - 	{'accuracy': [(0, 0.1086),
[2024-06-21 13:50:36,617][flwr][INFO] - 	              (1, 0.037),
[2024-06-21 13:50:36,617][flwr][INFO] - 	              (2, 0.0814),
[2024-06-21 13:50:36,617][flwr][INFO] - 	              (3, 0.1135),
[2024-06-21 13:50:36,617][flwr][INFO] - 	              (4, 0.0682),
[2024-06-21 13:50:36,617][flwr][INFO] - 	              (5, 0.0965),
[2024-06-21 13:50:36,617][flwr][INFO] - 	              (6, 0.0824),
[2024-06-21 13:50:36,617][flwr][INFO] - 	              (7, 0.0487),
[2024-06-21 13:50:36,617][flwr][INFO] - 	              (8, 0.0671),
[2024-06-21 13:50:36,617][flwr][INFO] - 	              (9, 0.0427),
[2024-06-21 13:50:36,617][flwr][INFO] - 	              (10, 0.0346)],
[2024-06-21 13:50:36,617][flwr][INFO] - 	 'confusion_matrix': [(0,
[2024-06-21 13:50:36,617][flwr][INFO] - 	                       array([[   0,    8,    0,  956,    0,    1,    0,   15,    0,    0],
[2024-06-21 13:50:36,617][flwr][INFO] - 	       [   0,  122,    0, 1013,    0,    0,    0,    0,    0,    0],
[2024-06-21 13:50:36,617][flwr][INFO] - 	       [   0,   38,    0,  971,    0,    0,    3,   19,    1,    0],
[2024-06-21 13:50:36,617][flwr][INFO] - 	       [   0,   44,    0,  945,    1,    1,    0,   17,    2,    0],
[2024-06-21 13:50:36,617][flwr][INFO] - 	       [   0,  143,    0,  816,    1,    0,    2,   20,    0,    0],
[2024-06-21 13:50:36,617][flwr][INFO] - 	       [   0,  118,    0,  735,    1,    7,    0,   30,    1,    0],
[2024-06-21 13:50:36,617][flwr][INFO] - 	       [   0,  144,    0,  749,   25,    0,    2,   38,    0,    0],
[2024-06-21 13:50:36,617][flwr][INFO] - 	       [   0,  272,    0,  724,    8,    0,    0,    9,   15,    0],
[2024-06-21 13:50:36,617][flwr][INFO] - 	       [   0,   81,    0,  859,    1,    0,    1,   32,    0,    0],
[2024-06-21 13:50:36,617][flwr][INFO] - 	       [   0,  178,    0,  799,    1,    0,    0,   31,    0,    0]])),
[2024-06-21 13:50:36,617][flwr][INFO] - 	                      (1,
[2024-06-21 13:50:36,617][flwr][INFO] - 	                       array([[  31,  853,    0,    4,   61,    2,   13,   14,    1,    1],
[2024-06-21 13:50:36,617][flwr][INFO] - 	       [   0,    0, 1096,    9,   27,    0,    0,    3,    0,    0],
[2024-06-21 13:50:36,617][flwr][INFO] - 	       [  15,   17,   34,  851,   45,   18,    2,   20,   28,    2],
[2024-06-21 13:50:36,617][flwr][INFO] - 	       [   1,    2,    7,   52,  908,    0,    0,    0,   40,    0],
[2024-06-21 13:50:36,617][flwr][INFO] - 	       [ 322,    4,    2,    4,  105,  516,    1,   13,   14,    1],
[2024-06-21 13:50:36,617][flwr][INFO] - 	       [  47,   14,   20,   17,  505,   36,  236,    4,   11,    2],
[2024-06-21 13:50:36,617][flwr][INFO] - 	       [   4,   25,   12,   34,   67,   14,   47,  755,    0,    0],
[2024-06-21 13:50:36,618][flwr][INFO] - 	       [  95,    0,   25,   26,   11,    9,    0,    0,  862,    0],
[2024-06-21 13:50:36,618][flwr][INFO] - 	       [  49,    5,   35,   51,  616,    1,    8,    6,   62,  141],
[2024-06-21 13:50:36,618][flwr][INFO] - 	       [ 733,    3,    5,    4,   77,   32,    4,    2,  146,    3]])),
[2024-06-21 13:50:36,618][flwr][INFO] - 	                      (2,
[2024-06-21 13:50:36,618][flwr][INFO] - 	                       array([[ 187,  685,    1,   12,    1,   11,   53,   17,    1,   12],
[2024-06-21 13:50:36,618][flwr][INFO] - 	       [   0,    0, 1124,    3,    0,    0,    2,    2,    1,    3],
[2024-06-21 13:50:36,618][flwr][INFO] - 	       [  12,    5,  168,  763,    5,   16,    4,   27,   18,   14],
[2024-06-21 13:50:36,618][flwr][INFO] - 	       [   1,    2,   58,  198,  643,    1,   17,    0,   45,   45],
[2024-06-21 13:50:36,618][flwr][INFO] - 	       [  60,    0,    7,    0,    1,  875,    7,   13,    3,   16],
[2024-06-21 13:50:36,618][flwr][INFO] - 	       [  53,    5,   32,   20,  133,   59,  507,    6,    5,   72],
[2024-06-21 13:50:36,618][flwr][INFO] - 	       [   2,    3,   19,   12,    1,    8,   99,  812,    0,    2],
[2024-06-21 13:50:36,618][flwr][INFO] - 	       [ 120,    0,   51,   14,    1,   16,    1,    0,  817,    8],
[2024-06-21 13:50:36,618][flwr][INFO] - 	       [  20,    1,  100,   35,   36,   10,   31,    7,   10,  724],
[2024-06-21 13:50:36,618][flwr][INFO] - 	       [ 739,    1,    8,    2,   10,  101,    2,    5,   49,   92]])),
[2024-06-21 13:50:36,618][flwr][INFO] - 	                      (3,
[2024-06-21 13:50:36,618][flwr][INFO] - 	                       array([[ 136,  806,    1,    4,    0,    4,   15,    7,    1,    6],
[2024-06-21 13:50:36,618][flwr][INFO] - 	       [   0,    0, 1123,    3,    0,    0,    3,    1,    1,    4],
[2024-06-21 13:50:36,618][flwr][INFO] - 	       [   9,    6,  142,  793,    2,   16,    9,   12,   16,   27],
[2024-06-21 13:50:36,618][flwr][INFO] - 	       [   1,    5,   26,  297,  558,    1,   22,    0,   34,   66],
[2024-06-21 13:50:36,618][flwr][INFO] - 	       [  46,    0,    3,    1,    1,  878,    8,    7,    1,   37],
[2024-06-21 13:50:36,618][flwr][INFO] - 	       [  24,   11,   30,   22,   58,   42,  613,    2,    4,   86],
[2024-06-21 13:50:36,618][flwr][INFO] - 	       [   7,    5,   13,    4,    1,   15,  249,  660,    0,    4],
[2024-06-21 13:50:36,618][flwr][INFO] - 	       [  83,    0,   48,   15,    4,   16,    0,    0,  844,   18],
[2024-06-21 13:50:36,618][flwr][INFO] - 	       [  10,    6,   70,   22,   17,   10,   34,    0,    4,  801],
[2024-06-21 13:50:36,618][flwr][INFO] - 	       [ 621,    1,    7,    1,   13,   60,    3,    3,   36,  264]])),
[2024-06-21 13:50:36,618][flwr][INFO] - 	                      (4,
[2024-06-21 13:50:36,618][flwr][INFO] - 	                       array([[ 153,  795,    0,    3,    0,    3,    9,   11,    0,    6],
[2024-06-21 13:50:36,618][flwr][INFO] - 	       [   0,    0, 1122,    3,    0,    0,    2,    4,    1,    3],
[2024-06-21 13:50:36,618][flwr][INFO] - 	       [   8,    6,   66,  873,    4,   10,    1,   24,   10,   30],
[2024-06-21 13:50:36,618][flwr][INFO] - 	       [   2,    3,   13,  179,  720,    0,   20,    3,   15,   55],
[2024-06-21 13:50:36,618][flwr][INFO] - 	       [  65,    0,    2,    1,    6,  851,    5,   15,    0,   37],
[2024-06-21 13:50:36,618][flwr][INFO] - 	       [  24,   11,   15,   22,   49,   21,  701,    3,    3,   43],
[2024-06-21 13:50:36,618][flwr][INFO] - 	       [   4,    6,    3,    8,    2,    5,   89,  838,    0,    3],
[2024-06-21 13:50:36,618][flwr][INFO] - 	       [ 131,    0,   39,   22,    4,   11,    0,    1,  792,   28],
[2024-06-21 13:50:36,618][flwr][INFO] - 	       [   8,    4,   55,   21,   21,    7,   37,    5,    2,  814],
[2024-06-21 13:50:36,618][flwr][INFO] - 	       [ 768,    1,    7,    3,   18,   31,    2,    3,   11,  165]])),
[2024-06-21 13:50:36,618][flwr][INFO] - 	                      (5,
[2024-06-21 13:50:36,618][flwr][INFO] - 	                       array([[  77,  870,    0,    1,    0,    4,   10,    9,    0,    9],
[2024-06-21 13:50:36,618][flwr][INFO] - 	       [   0,    0, 1118,    3,    0,    1,    3,    2,    0,    8],
[2024-06-21 13:50:36,618][flwr][INFO] - 	       [   4,    9,  173,  734,    5,   14,    2,   22,   15,   54],
[2024-06-21 13:50:36,618][flwr][INFO] - 	       [   0,    7,   16,   88,  777,    2,   20,    5,   15,   80],
[2024-06-21 13:50:36,618][flwr][INFO] - 	       [  28,    0,    1,    1,    5,  870,    7,    8,    0,   62],
[2024-06-21 13:50:36,618][flwr][INFO] - 	       [  15,   12,    9,    9,   28,   28,  725,    5,    4,   57],
[2024-06-21 13:50:36,618][flwr][INFO] - 	       [   3,    8,    4,    3,    1,    7,  112,  813,    1,    6],
[2024-06-21 13:50:36,618][flwr][INFO] - 	       [  94,    0,   34,   15,    4,    9,    0,    7,  831,   34],
[2024-06-21 13:50:36,618][flwr][INFO] - 	       [   1,    6,   27,    6,   15,    8,   32,    4,    4,  871],
[2024-06-21 13:50:36,618][flwr][INFO] - 	       [ 467,    2,    7,    1,    8,   35,    4,    3,   11,  471]])),
[2024-06-21 13:50:36,618][flwr][INFO] - 	                      (6,
[2024-06-21 13:50:36,618][flwr][INFO] - 	                       array([[ 166,  776,    0,    0,    0,    3,   20,    7,    0,    8],
[2024-06-21 13:50:36,619][flwr][INFO] - 	       [   0,    0, 1110,    3,    1,    0,    7,    1,    0,   13],
[2024-06-21 13:50:36,619][flwr][INFO] - 	       [   8,    2,   56,  863,    4,   10,   11,   19,   12,   47],
[2024-06-21 13:50:36,619][flwr][INFO] - 	       [   3,    3,    6,   95,  784,    0,   40,    2,   16,   61],
[2024-06-21 13:50:36,619][flwr][INFO] - 	       [  45,    0,    2,    3,    8,  853,   17,    9,    0,   45],
[2024-06-21 13:50:36,619][flwr][INFO] - 	       [  14,    5,    5,    7,   23,    8,  786,    5,    4,   35],
[2024-06-21 13:50:36,619][flwr][INFO] - 	       [   6,    6,    3,    4,    0,    3,  288,  645,    0,    3],
[2024-06-21 13:50:36,619][flwr][INFO] - 	       [  84,    0,   21,   22,    4,    3,    2,    9,  869,   14],
[2024-06-21 13:50:36,619][flwr][INFO] - 	       [  10,    4,   11,    5,    8,    6,   39,    3,    5,  883],
[2024-06-21 13:50:36,619][flwr][INFO] - 	       [ 758,    1,    5,    3,   11,   24,    5,    4,    9,  189]])),
[2024-06-21 13:50:36,619][flwr][INFO] - 	                      (7,
[2024-06-21 13:50:36,619][flwr][INFO] - 	                       array([[   8,  942,    0,    1,    0,    3,    5,    8,    2,   11],
[2024-06-21 13:50:36,619][flwr][INFO] - 	       [   0,    0, 1109,    3,    0,    1,    3,    3,    0,   16],
[2024-06-21 13:50:36,619][flwr][INFO] - 	       [   2,   11,   60,  862,   11,   19,    3,   18,   10,   36],
[2024-06-21 13:50:36,619][flwr][INFO] - 	       [   4,    4,    4,   39,  873,    3,   17,    3,   12,   51],
[2024-06-21 13:50:36,619][flwr][INFO] - 	       [  44,    0,    0,    3,    7,  869,    5,    8,    0,   46],
[2024-06-21 13:50:36,619][flwr][INFO] - 	       [   9,    9,    3,    5,   38,   74,  667,    4,    4,   79],
[2024-06-21 13:50:36,619][flwr][INFO] - 	       [   0,    7,    3,    2,    1,   13,   93,  828,    0,   11],
[2024-06-21 13:50:36,619][flwr][INFO] - 	       [  60,    0,   19,   26,    3,    5,    0,   19,  883,   13],
[2024-06-21 13:50:36,619][flwr][INFO] - 	       [   1,    7,   10,    6,   18,   11,   15,    6,    5,  895],
[2024-06-21 13:50:36,619][flwr][INFO] - 	       [ 769,    3,    5,    1,   15,   27,    0,    3,    4,  182]])),
[2024-06-21 13:50:36,619][flwr][INFO] - 	                      (8,
[2024-06-21 13:50:36,619][flwr][INFO] - 	                       array([[ 108,  848,    0,    0,    0,    2,   12,    5,    0,    5],
[2024-06-21 13:50:36,619][flwr][INFO] - 	       [   0,    0, 1112,    3,    0,    1,    4,    1,    0,   14],
[2024-06-21 13:50:36,619][flwr][INFO] - 	       [   8,    5,   53,  874,    1,   11,    8,   19,   12,   41],
[2024-06-21 13:50:36,619][flwr][INFO] - 	       [   7,    3,    7,  130,  737,    5,   28,    3,    9,   81],
[2024-06-21 13:50:36,619][flwr][INFO] - 	       [  35,    0,    0,    3,    2,  865,   13,    7,    0,   57],
[2024-06-21 13:50:36,619][flwr][INFO] - 	       [   9,    5,    3,    7,   15,   14,  776,    4,    1,   58],
[2024-06-21 13:50:36,619][flwr][INFO] - 	       [   1,    4,    3,    2,    0,    3,  169,  767,    0,    9],
[2024-06-21 13:50:36,619][flwr][INFO] - 	       [ 146,    0,   21,   23,    2,    7,    1,    7,  800,   21],
[2024-06-21 13:50:36,619][flwr][INFO] - 	       [   7,    4,   12,    3,    6,    5,   17,    4,    1,  915],
[2024-06-21 13:50:36,619][flwr][INFO] - 	       [ 783,    1,    6,    3,    2,   21,    3,    1,    2,  187]])),
[2024-06-21 13:50:36,619][flwr][INFO] - 	                      (9,
[2024-06-21 13:50:36,619][flwr][INFO] - 	                       array([[  17,  939,    0,    0,    0,    2,    5,    8,    2,    7],
[2024-06-21 13:50:36,619][flwr][INFO] - 	       [   0,    0, 1117,    2,    2,    1,    3,    0,    0,   10],
[2024-06-21 13:50:36,619][flwr][INFO] - 	       [   2,    9,   67,  886,    9,   13,    3,   13,    9,   21],
[2024-06-21 13:50:36,619][flwr][INFO] - 	       [   4,    1,    6,   46,  871,    4,   15,    3,   13,   47],
[2024-06-21 13:50:36,619][flwr][INFO] - 	       [  32,    0,    1,    4,    2,  907,    8,    5,    1,   22],
[2024-06-21 13:50:36,619][flwr][INFO] - 	       [   5,    7,    3,    2,   38,   16,  778,    3,    5,   35],
[2024-06-21 13:50:36,619][flwr][INFO] - 	       [   1,    5,    5,    1,    0,    8,  148,  785,    0,    5],
[2024-06-21 13:50:36,619][flwr][INFO] - 	       [  49,    0,   19,   26,    4,    5,    0,   32,  882,   11],
[2024-06-21 13:50:36,619][flwr][INFO] - 	       [   1,    4,   15,    2,   11,   12,   19,    4,    4,  902],
[2024-06-21 13:50:36,619][flwr][INFO] - 	       [ 849,    3,    6,    2,    8,   34,    3,    3,    6,   95]])),
[2024-06-21 13:50:36,619][flwr][INFO] - 	                      (10,
[2024-06-21 13:50:36,619][flwr][INFO] - 	                       array([[  80,  876,    0,    0,    0,    1,    8,    6,    3,    6],
[2024-06-21 13:50:36,619][flwr][INFO] - 	       [   1,    0, 1100,    3,    1,    1,    2,    1,    0,   26],
[2024-06-21 13:50:36,619][flwr][INFO] - 	       [   8,    7,   48,  872,    8,   11,    5,   12,   16,   45],
[2024-06-21 13:50:36,619][flwr][INFO] - 	       [   4,    1,    5,   40,  845,    5,   26,    1,   20,   63],
[2024-06-21 13:50:36,619][flwr][INFO] - 	       [  49,    0,    2,    3,    4,  884,    2,    9,    0,   29],
[2024-06-21 13:50:36,619][flwr][INFO] - 	       [  12,    4,    1,    1,   14,   14,  810,    4,    5,   27],
[2024-06-21 13:50:36,620][flwr][INFO] - 	       [   3,    5,    3,    0,    0,    4,   77,  858,    0,    8],
[2024-06-21 13:50:36,620][flwr][INFO] - 	       [  39,    0,   10,   19,    2,    4,    0,    5,  937,   12],
[2024-06-21 13:50:36,620][flwr][INFO] - 	       [   7,    2,    5,    3,    9,    6,   17,    6,    6,  913],
[2024-06-21 13:50:36,620][flwr][INFO] - 	       [ 882,    1,    4,    1,    8,   28,    3,    1,    9,   72]]))],
[2024-06-21 13:50:36,620][flwr][INFO] - 	 'f1': [(0, 0.03553137346181725),
[2024-06-21 13:50:36,620][flwr][INFO] - 	        (1, 0.03440777761347576),
[2024-06-21 13:50:36,620][flwr][INFO] - 	        (2, 0.07652091630536219),
[2024-06-21 13:50:36,620][flwr][INFO] - 	        (3, 0.1055445011470512),
[2024-06-21 13:50:36,620][flwr][INFO] - 	        (4, 0.06418980016923605),
[2024-06-21 13:50:36,620][flwr][INFO] - 	        (5, 0.08485269921984519),
[2024-06-21 13:50:36,620][flwr][INFO] - 	        (6, 0.07550904852658957),
[2024-06-21 13:50:36,620][flwr][INFO] - 	        (7, 0.046233207109204116),
[2024-06-21 13:50:36,620][flwr][INFO] - 	        (8, 0.06228493526211114),
[2024-06-21 13:50:36,620][flwr][INFO] - 	        (9, 0.04158738045942352),
[2024-06-21 13:50:36,620][flwr][INFO] - 	        (10, 0.0334173795410378)],
[2024-06-21 13:50:36,620][flwr][INFO] - 	 'precision': [(0, 0.12349967530374152),
[2024-06-21 13:50:36,620][flwr][INFO] - 	               (1, 0.04122794608210709),
[2024-06-21 13:50:36,620][flwr][INFO] - 	               (2, 0.07374475512320941),
[2024-06-21 13:50:36,620][flwr][INFO] - 	               (3, 0.09945502351296562),
[2024-06-21 13:50:36,620][flwr][INFO] - 	               (4, 0.060936927545308994),
[2024-06-21 13:50:36,620][flwr][INFO] - 	               (5, 0.07902042293691465),
[2024-06-21 13:50:36,620][flwr][INFO] - 	               (6, 0.07012098940373214),
[2024-06-21 13:50:36,620][flwr][INFO] - 	               (7, 0.04471556954647546),
[2024-06-21 13:50:36,620][flwr][INFO] - 	               (8, 0.05849872784100751),
[2024-06-21 13:50:36,620][flwr][INFO] - 	               (9, 0.0407359598852874),
[2024-06-21 13:50:36,620][flwr][INFO] - 	               (10, 0.032433811236907514)],
[2024-06-21 13:50:36,620][flwr][INFO] - 	 'recall': [(0, 0.1086),
[2024-06-21 13:50:36,620][flwr][INFO] - 	            (1, 0.037),
[2024-06-21 13:50:36,620][flwr][INFO] - 	            (2, 0.0814),
[2024-06-21 13:50:36,620][flwr][INFO] - 	            (3, 0.1135),
[2024-06-21 13:50:36,620][flwr][INFO] - 	            (4, 0.0682),
[2024-06-21 13:50:36,620][flwr][INFO] - 	            (5, 0.0965),
[2024-06-21 13:50:36,620][flwr][INFO] - 	            (6, 0.0824),
[2024-06-21 13:50:36,620][flwr][INFO] - 	            (7, 0.0487),
[2024-06-21 13:50:36,620][flwr][INFO] - 	            (8, 0.0671),
[2024-06-21 13:50:36,620][flwr][INFO] - 	            (9, 0.0427),
[2024-06-21 13:50:36,620][flwr][INFO] - 	            (10, 0.0346)]}
[2024-06-21 13:50:36,620][flwr][INFO] - 
