[2024-07-08 16:52:58,869][flwr][INFO] - Starting Flower simulation, config: num_rounds=10, no round_timeout
[2024-07-08 16:53:04,188][flwr][INFO] - Flower VCE: Ray initialized with resources: {'memory': 9057609319.0, 'node:127.0.0.1': 1.0, 'node:__internal_head__': 1.0, 'object_store_memory': 2147483648.0, 'CPU': 12.0}
[2024-07-08 16:53:04,189][flwr][INFO] - Optimize your simulation with Flower VCE: https://flower.ai/docs/framework/how-to-run-simulations.html
[2024-07-08 16:53:04,189][flwr][INFO] - Flower VCE: Resources for each Virtual Client: {'num_cpus': 2, 'num_gpus': 0}
[2024-07-08 16:53:04,212][flwr][INFO] - Flower VCE: Creating VirtualClientEngineActorPool with 6 actors
[2024-07-08 16:53:04,212][flwr][INFO] - [INIT]
[2024-07-08 16:53:04,212][flwr][INFO] - Requesting initial parameters from one random client
[2024-07-08 16:53:10,563][flwr][INFO] - Received initial parameters from one random client
[2024-07-08 16:53:10,563][flwr][INFO] - Evaluating initial global parameters
[2024-07-08 16:53:12,126][flwr][INFO] - initial parameters (loss, other metrics): 181.76928067207336, {'accuracy': 0.1086, 'precision': 0.12349967530374152, 'recall': 0.1086, 'f1': 0.03553137346181725, 'confusion_matrix': array([[   0,    8,    0,  956,    0,    1,    0,   15,    0,    0],
       [   0,  122,    0, 1013,    0,    0,    0,    0,    0,    0],
       [   0,   38,    0,  971,    0,    0,    3,   19,    1,    0],
       [   0,   44,    0,  945,    1,    1,    0,   17,    2,    0],
       [   0,  143,    0,  816,    1,    0,    2,   20,    0,    0],
       [   0,  118,    0,  735,    1,    7,    0,   30,    1,    0],
       [   0,  144,    0,  749,   25,    0,    2,   38,    0,    0],
       [   0,  272,    0,  724,    8,    0,    0,    9,   15,    0],
       [   0,   81,    0,  859,    1,    0,    1,   32,    0,    0],
       [   0,  178,    0,  799,    1,    0,    0,   31,    0,    0]])}
[2024-07-08 16:53:12,128][flwr][INFO] - 
[2024-07-08 16:53:12,128][flwr][INFO] - [ROUND 1]
[2024-07-08 16:53:12,129][flwr][INFO] - configure_fit: strategy sampled 10 clients (out of 10)
[2024-07-08 16:53:38,108][flwr][INFO] - aggregate_fit: received 10 results and 0 failures
[2024-07-08 16:53:38,135][flwr][WARNING] - No fit_metrics_aggregation_fn provided
[2024-07-08 16:53:40,113][flwr][INFO] - fit progress: (1, 120.91755521297455, {'accuracy': 0.6131, 'precision': 0.6745376819645362, 'recall': 0.6131, 'f1': 0.5662141179995122, 'confusion_matrix': array([[ 960,    0,    1,   11,    0,    3,    3,    2,    0,    0],
       [   1,    5, 1083,   18,    0,    0,   23,    4,    0,    1],
       [  28,    0,  829,   99,    7,    0,   10,   41,    7,   11],
       [  20,    0,   84,  739,   23,   34,   37,   17,   30,   26],
       [  61,    0,    2,    2,  487,    4,   55,  171,    0,  200],
       [ 197,    1,   10,   32,    3,  352,  280,    4,    8,    5],
       [  38,    1,   22,    2,    2,    1,  769,  122,    0,    1],
       [  40,    0,   22,   35,    2,    0,    0,  902,    3,   24],
       [ 122,    0,   50,   72,   17,   18,  143,   20,  260,  272],
       [  91,    1,    1,    5,   16,    2,    7,   55,    3,  828]])}, 27.984424334)
[2024-07-08 16:53:40,115][flwr][INFO] - configure_evaluate: no clients selected, skipping evaluation
[2024-07-08 16:53:40,115][flwr][INFO] - 
[2024-07-08 16:53:40,115][flwr][INFO] - [ROUND 2]
[2024-07-08 16:53:40,116][flwr][INFO] - configure_fit: strategy sampled 10 clients (out of 10)
[2024-07-08 16:54:02,280][flwr][INFO] - aggregate_fit: received 10 results and 0 failures
[2024-07-08 16:54:03,893][flwr][INFO] - fit progress: (2, 84.56611835956573, {'accuracy': 0.6647, 'precision': 0.6281775650469903, 'recall': 0.6647, 'f1': 0.6203318256823288, 'confusion_matrix': array([[ 943,    0,    3,    4,    1,    4,   21,    2,    1,    1],
       [   0,    0, 1120,    7,    0,    2,    5,    0,    0,    1],
       [   7,    0,  812,  177,   13,    1,    4,    4,   12,    2],
       [   0,    0,   13,  894,   29,   42,    4,    0,   18,   10],
       [   4,    0,    6,    0,  800,  114,   16,    0,    1,   41],
       [  12,    0,    4,   28,    0,  723,  106,    0,   17,    2],
       [   4,    0,    8,    0,    5,    3,  920,   18,    0,    0],
       [ 103,    0,   36,  224,    9,   12,    0,  339,  287,   18],
       [  12,    0,   35,   39,   15,   27,   75,    1,  420,  350],
       [  80,    0,    2,    8,   28,   63,    3,    0,   29,  796]])}, 51.764726167000006)
[2024-07-08 16:54:03,895][flwr][INFO] - configure_evaluate: no clients selected, skipping evaluation
[2024-07-08 16:54:03,895][flwr][INFO] - 
[2024-07-08 16:54:03,895][flwr][INFO] - [ROUND 3]
[2024-07-08 16:54:03,897][flwr][INFO] - configure_fit: strategy sampled 10 clients (out of 10)
[2024-07-08 16:54:23,338][flwr][INFO] - aggregate_fit: received 10 results and 0 failures
[2024-07-08 16:54:24,968][flwr][INFO] - fit progress: (3, 61.05331355333328, {'accuracy': 0.7277, 'precision': 0.7613753024731286, 'recall': 0.7277, 'f1': 0.7159198051712223, 'confusion_matrix': array([[884,  57,   0,   5,   0,   8,  20,   3,   0,   3],
       [  0, 724, 392,   6,   1,   1,   4,   0,   4,   3],
       [  3,   2, 693, 295,   8,   2,   5,   3,  17,   4],
       [  0,   2,   1, 907,  60,   9,   1,   0,   9,  21],
       [  0,   0,   4,   1, 688, 234,  13,   3,   1,  38],
       [  3,   0,   0,  28,   3, 760,  84,   0,   8,   6],
       [  1,   4,   4,   0,   1,   6, 927,  12,   1,   2],
       [ 14,   0,  24, 102,   3,  27,   0, 258, 565,  35],
       [  2,   0,  10,  21,  17,  36,  30,   0, 510, 348],
       [ 14,   1,   1,   4,  20,  34,   0,   2,   7, 926]])}, 72.839217084)
[2024-07-08 16:54:24,970][flwr][INFO] - configure_evaluate: no clients selected, skipping evaluation
[2024-07-08 16:54:24,970][flwr][INFO] - 
[2024-07-08 16:54:24,970][flwr][INFO] - [ROUND 4]
[2024-07-08 16:54:24,971][flwr][INFO] - configure_fit: strategy sampled 10 clients (out of 10)
[2024-07-08 16:54:43,265][flwr][INFO] - aggregate_fit: received 10 results and 0 failures
[2024-07-08 16:54:44,903][flwr][INFO] - fit progress: (4, 47.90754812955856, {'accuracy': 0.816, 'precision': 0.8362438340109256, 'recall': 0.816, 'f1': 0.8143570074409991, 'confusion_matrix': array([[943,  13,   1,   4,   0,   4,   9,   3,   0,   3],
       [  0, 918, 199,   4,   1,   0,   6,   0,   7,   0],
       [  5,   0, 793, 215,   6,   1,   5,   1,   5,   1],
       [  0,   1,   1, 954,  12,   9,   2,   0,   8,  23],
       [  1,   0,   5,   2, 654, 266,  14,   0,   5,  35],
       [  4,   1,   1,  22,   2, 732, 121,   0,   4,   5],
       [  2,   1,   5,   0,   1,   8, 934,   5,   1,   1],
       [ 18,   0,  32, 128,   3,  24,   0, 609, 197,  17],
       [  2,   0,  15,  26,   6,  24,  30,   0, 694, 177],
       [ 24,   3,   0,   7,  15,  26,   0,   3,   2, 929]])}, 92.773750625)
[2024-07-08 16:54:44,905][flwr][INFO] - configure_evaluate: no clients selected, skipping evaluation
[2024-07-08 16:54:44,905][flwr][INFO] - 
[2024-07-08 16:54:44,905][flwr][INFO] - [ROUND 5]
[2024-07-08 16:54:44,906][flwr][INFO] - configure_fit: strategy sampled 10 clients (out of 10)
[2024-07-08 16:54:52,948][flwr][INFO] - aggregate_fit: received 10 results and 0 failures
[2024-07-08 16:54:53,281][flwr][INFO] - fit progress: (5, 45.01696443557739, {'accuracy': 0.8161, 'precision': 0.8375469343206425, 'recall': 0.8161, 'f1': 0.8144840484007553, 'confusion_matrix': array([[958,   4,   1,   3,   1,   3,   5,   3,   1,   1],
       [  0, 644, 477,   4,   0,   0,   2,   0,   8,   0],
       [  4,   4, 815, 190,   3,   2,   3,   2,   6,   3],
       [  0,   2,   3, 941,  25,   8,   0,   0,  10,  21],
       [  1,   0,   8,   1, 815,  96,   5,   4,   7,  45],
       [  3,   2,   0,  21,   3, 736, 117,   0,   5,   5],
       [  3,   2,   5,   0,   3,   6, 922,  13,   3,   1],
       [ 21,   1,  33,  78,   2,   7,   0, 682, 192,  12],
       [  2,   0,  10,  28,   6,  11,  18,   1, 746, 152],
       [ 71,   5,   0,   2,   9,  13,   0,   1,   6, 902]])}, 101.151549375)
[2024-07-08 16:54:53,281][flwr][INFO] - configure_evaluate: no clients selected, skipping evaluation
[2024-07-08 16:54:53,281][flwr][INFO] - 
[2024-07-08 16:54:53,282][flwr][INFO] - [ROUND 6]
[2024-07-08 16:54:53,282][flwr][INFO] - configure_fit: strategy sampled 10 clients (out of 10)
[2024-07-08 16:54:59,622][flwr][INFO] - aggregate_fit: received 10 results and 0 failures
[2024-07-08 16:54:59,958][flwr][INFO] - fit progress: (6, 36.31426540017128, {'accuracy': 0.8708, 'precision': 0.8824323759196706, 'recall': 0.8708, 'f1': 0.8685576767252156, 'confusion_matrix': array([[ 947,   15,    1,    1,    2,    3,    4,    4,    0,    3],
       [   0, 1087,   36,    3,    1,    1,    4,    0,    3,    0],
       [   3,    4,  843,  166,    5,    0,    3,    1,    7,    0],
       [   0,    2,    0,  938,   32,   12,    0,    0,    8,   18],
       [   1,    0,    9,    0,  878,   47,    5,    0,    2,   40],
       [   3,    0,    0,   16,    6,  769,   89,    0,    6,    3],
       [   5,    3,    2,    0,    8,    6,  923,    7,    2,    2],
       [   9,    2,   13,   65,    1,    6,    0,  577,  332,   23],
       [   4,    1,    4,   18,    6,   11,   14,    0,  788,  128],
       [  22,    4,    0,    2,   11,    6,    0,    2,    4,  958]])}, 107.82869737499999)
[2024-07-08 16:54:59,959][flwr][INFO] - configure_evaluate: no clients selected, skipping evaluation
[2024-07-08 16:54:59,959][flwr][INFO] - 
[2024-07-08 16:54:59,959][flwr][INFO] - [ROUND 7]
[2024-07-08 16:54:59,959][flwr][INFO] - configure_fit: strategy sampled 10 clients (out of 10)
[2024-07-08 16:55:06,362][flwr][INFO] - aggregate_fit: received 10 results and 0 failures
[2024-07-08 16:55:06,697][flwr][INFO] - fit progress: (7, 36.97294229269028, {'accuracy': 0.86, 'precision': 0.8700630550645674, 'recall': 0.86, 'f1': 0.8601737789596767, 'confusion_matrix': array([[955,   9,   0,   2,   2,   1,   4,   3,   2,   2],
       [  0, 937, 186,   5,   1,   1,   2,   0,   3,   0],
       [  2,   7, 764, 248,   1,   2,   3,   2,   3,   0],
       [  0,   0,   0, 965,  18,   6,   0,   0,   5,  16],
       [  0,   1,   8,   0, 818, 112,   4,   3,   2,  34],
       [  2,   1,   0,  27,   4, 782,  65,   1,   5,   5],
       [  3,   3,   3,   1,   3,   6, 907,  26,   4,   2],
       [  7,   1,  12,  59,   1,   0,   0, 789, 137,  22],
       [  3,   0,   4,  23,   8,   8,   7,   1, 722, 198],
       [ 14,   3,   0,   1,  12,  12,   0,   3,   3, 961]])}, 114.56707491700001)
[2024-07-08 16:55:06,697][flwr][INFO] - configure_evaluate: no clients selected, skipping evaluation
[2024-07-08 16:55:06,697][flwr][INFO] - 
[2024-07-08 16:55:06,697][flwr][INFO] - [ROUND 8]
[2024-07-08 16:55:06,698][flwr][INFO] - configure_fit: strategy sampled 10 clients (out of 10)
[2024-07-08 16:55:13,119][flwr][INFO] - aggregate_fit: received 10 results and 0 failures
[2024-07-08 16:55:13,451][flwr][INFO] - fit progress: (8, 31.218428060412407, {'accuracy': 0.9011, 'precision': 0.9053127592387101, 'recall': 0.9011, 'f1': 0.9011281001687609, 'confusion_matrix': array([[ 937,   26,    2,    2,    3,    0,    4,    4,    1,    1],
       [   0, 1087,   40,    3,    0,    0,    4,    0,    1,    0],
       [   2,    6,  820,  189,    2,    2,    1,    6,    4,    0],
       [   0,    2,    2,  951,   17,    7,    0,    1,   11,   19],
       [   1,    0,    5,    1,  877,   50,    5,    4,    3,   36],
       [   2,    1,    0,   15,    2,  790,   72,    0,    5,    5],
       [   5,    4,    1,    1,    5,    5,  906,   25,    5,    1],
       [   9,    5,   16,   18,    0,    1,    0,  922,   47,   10],
       [   2,    3,    5,   18,    7,    7,    7,    1,  778,  146],
       [  29,    5,    0,    2,   13,    5,    0,    3,    9,  943]])}, 121.32134200000002)
[2024-07-08 16:55:13,451][flwr][INFO] - configure_evaluate: no clients selected, skipping evaluation
[2024-07-08 16:55:13,451][flwr][INFO] - 
[2024-07-08 16:55:13,452][flwr][INFO] - [ROUND 9]
[2024-07-08 16:55:13,452][flwr][INFO] - configure_fit: strategy sampled 10 clients (out of 10)
[2024-07-08 16:55:22,287][flwr][INFO] - aggregate_fit: received 10 results and 0 failures
[2024-07-08 16:55:23,983][flwr][INFO] - fit progress: (9, 32.53186400234699, {'accuracy': 0.8731, 'precision': 0.8830457162818076, 'recall': 0.8731, 'f1': 0.8732751676431526, 'confusion_matrix': array([[943,  17,   1,   2,   3,   1,   4,   7,   1,   1],
       [  0, 827, 298,   3,   1,   0,   3,   0,   3,   0],
       [  2,   4, 823, 189,   3,   2,   0,   6,   1,   2],
       [  0,   3,   4, 955,   6,  10,   0,   2,   7,  23],
       [  0,   0,   0,   2, 858,  68,   6,   4,   1,  43],
       [  2,   1,   0,  11,   2, 787,  82,   0,   3,   4],
       [  4,   2,   2,   0,   7,   3, 902,  33,   3,   2],
       [  6,   0,   7,  26,   1,   0,   0, 927,  42,  19],
       [  2,   0,   4,  14,   4,  11,   9,   2, 738, 190],
       [ 10,   5,   0,   1,   6,   7,   0,   5,   4, 971]])}, 131.853040709)
[2024-07-08 16:55:23,985][flwr][INFO] - configure_evaluate: no clients selected, skipping evaluation
[2024-07-08 16:55:23,985][flwr][INFO] - 
[2024-07-08 16:55:23,985][flwr][INFO] - [ROUND 10]
[2024-07-08 16:55:23,986][flwr][INFO] - configure_fit: strategy sampled 10 clients (out of 10)
[2024-07-08 16:55:41,652][flwr][INFO] - aggregate_fit: received 10 results and 0 failures
[2024-07-08 16:55:43,285][flwr][INFO] - fit progress: (10, 27.330976843833923, {'accuracy': 0.9186, 'precision': 0.9219731266347617, 'recall': 0.9186, 'f1': 0.9186236938743714, 'confusion_matrix': array([[ 957,   10,    0,    0,    3,    0,    5,    2,    2,    1],
       [   0, 1115,    8,    3,    0,    1,    3,    0,    4,    1],
       [   2,    9,  856,  130,    1,    3,    0,   21,    8,    2],
       [   0,    1,    1,  958,    7,    9,    1,    2,    6,   25],
       [   1,    0,    0,    1,  875,   61,    4,    3,    1,   36],
       [   2,    0,    0,    8,    1,  800,   69,    0,    6,    6],
       [   3,    5,    1,    1,    8,    4,  883,   48,    4,    1],
       [   6,    3,    2,   18,    0,    1,    0,  888,   78,   32],
       [   1,    1,    1,   10,    3,    3,    5,    1,  874,   75],
       [  10,    3,    0,    1,    5,    4,    0,    4,    2,  980]])}, 151.15439433400002)
[2024-07-08 16:55:43,286][flwr][INFO] - configure_evaluate: no clients selected, skipping evaluation
[2024-07-08 16:55:43,287][flwr][INFO] - 
[2024-07-08 16:55:43,287][flwr][INFO] - [SUMMARY]
[2024-07-08 16:55:43,287][flwr][INFO] - Run finished 10 round(s) in 151.16s
[2024-07-08 16:55:43,303][flwr][INFO] - 	History (loss, centralized):
[2024-07-08 16:55:43,305][flwr][INFO] - 		round 0: 181.76928067207336
[2024-07-08 16:55:43,305][flwr][INFO] - 		round 1: 120.91755521297455
[2024-07-08 16:55:43,305][flwr][INFO] - 		round 2: 84.56611835956573
[2024-07-08 16:55:43,305][flwr][INFO] - 		round 3: 61.05331355333328
[2024-07-08 16:55:43,305][flwr][INFO] - 		round 4: 47.90754812955856
[2024-07-08 16:55:43,305][flwr][INFO] - 		round 5: 45.01696443557739
[2024-07-08 16:55:43,305][flwr][INFO] - 		round 6: 36.31426540017128
[2024-07-08 16:55:43,305][flwr][INFO] - 		round 7: 36.97294229269028
[2024-07-08 16:55:43,305][flwr][INFO] - 		round 8: 31.218428060412407
[2024-07-08 16:55:43,306][flwr][INFO] - 		round 9: 32.53186400234699
[2024-07-08 16:55:43,306][flwr][INFO] - 		round 10: 27.330976843833923
[2024-07-08 16:55:43,306][flwr][INFO] - 	History (metrics, centralized):
[2024-07-08 16:55:43,306][flwr][INFO] - 	{'accuracy': [(0, 0.1086),
[2024-07-08 16:55:43,306][flwr][INFO] - 	              (1, 0.6131),
[2024-07-08 16:55:43,306][flwr][INFO] - 	              (2, 0.6647),
[2024-07-08 16:55:43,306][flwr][INFO] - 	              (3, 0.7277),
[2024-07-08 16:55:43,306][flwr][INFO] - 	              (4, 0.816),
[2024-07-08 16:55:43,306][flwr][INFO] - 	              (5, 0.8161),
[2024-07-08 16:55:43,306][flwr][INFO] - 	              (6, 0.8708),
[2024-07-08 16:55:43,306][flwr][INFO] - 	              (7, 0.86),
[2024-07-08 16:55:43,306][flwr][INFO] - 	              (8, 0.9011),
[2024-07-08 16:55:43,307][flwr][INFO] - 	              (9, 0.8731),
[2024-07-08 16:55:43,307][flwr][INFO] - 	              (10, 0.9186)],
[2024-07-08 16:55:43,307][flwr][INFO] - 	 'confusion_matrix': [(0,
[2024-07-08 16:55:43,307][flwr][INFO] - 	                       array([[   0,    8,    0,  956,    0,    1,    0,   15,    0,    0],
[2024-07-08 16:55:43,307][flwr][INFO] - 	       [   0,  122,    0, 1013,    0,    0,    0,    0,    0,    0],
[2024-07-08 16:55:43,307][flwr][INFO] - 	       [   0,   38,    0,  971,    0,    0,    3,   19,    1,    0],
[2024-07-08 16:55:43,307][flwr][INFO] - 	       [   0,   44,    0,  945,    1,    1,    0,   17,    2,    0],
[2024-07-08 16:55:43,307][flwr][INFO] - 	       [   0,  143,    0,  816,    1,    0,    2,   20,    0,    0],
[2024-07-08 16:55:43,307][flwr][INFO] - 	       [   0,  118,    0,  735,    1,    7,    0,   30,    1,    0],
[2024-07-08 16:55:43,307][flwr][INFO] - 	       [   0,  144,    0,  749,   25,    0,    2,   38,    0,    0],
[2024-07-08 16:55:43,308][flwr][INFO] - 	       [   0,  272,    0,  724,    8,    0,    0,    9,   15,    0],
[2024-07-08 16:55:43,308][flwr][INFO] - 	       [   0,   81,    0,  859,    1,    0,    1,   32,    0,    0],
[2024-07-08 16:55:43,308][flwr][INFO] - 	       [   0,  178,    0,  799,    1,    0,    0,   31,    0,    0]])),
[2024-07-08 16:55:43,308][flwr][INFO] - 	                      (1,
[2024-07-08 16:55:43,308][flwr][INFO] - 	                       array([[ 960,    0,    1,   11,    0,    3,    3,    2,    0,    0],
[2024-07-08 16:55:43,308][flwr][INFO] - 	       [   1,    5, 1083,   18,    0,    0,   23,    4,    0,    1],
[2024-07-08 16:55:43,308][flwr][INFO] - 	       [  28,    0,  829,   99,    7,    0,   10,   41,    7,   11],
[2024-07-08 16:55:43,308][flwr][INFO] - 	       [  20,    0,   84,  739,   23,   34,   37,   17,   30,   26],
[2024-07-08 16:55:43,308][flwr][INFO] - 	       [  61,    0,    2,    2,  487,    4,   55,  171,    0,  200],
[2024-07-08 16:55:43,308][flwr][INFO] - 	       [ 197,    1,   10,   32,    3,  352,  280,    4,    8,    5],
[2024-07-08 16:55:43,308][flwr][INFO] - 	       [  38,    1,   22,    2,    2,    1,  769,  122,    0,    1],
[2024-07-08 16:55:43,308][flwr][INFO] - 	       [  40,    0,   22,   35,    2,    0,    0,  902,    3,   24],
[2024-07-08 16:55:43,308][flwr][INFO] - 	       [ 122,    0,   50,   72,   17,   18,  143,   20,  260,  272],
[2024-07-08 16:55:43,309][flwr][INFO] - 	       [  91,    1,    1,    5,   16,    2,    7,   55,    3,  828]])),
[2024-07-08 16:55:43,309][flwr][INFO] - 	                      (2,
[2024-07-08 16:55:43,309][flwr][INFO] - 	                       array([[ 943,    0,    3,    4,    1,    4,   21,    2,    1,    1],
[2024-07-08 16:55:43,309][flwr][INFO] - 	       [   0,    0, 1120,    7,    0,    2,    5,    0,    0,    1],
[2024-07-08 16:55:43,309][flwr][INFO] - 	       [   7,    0,  812,  177,   13,    1,    4,    4,   12,    2],
[2024-07-08 16:55:43,309][flwr][INFO] - 	       [   0,    0,   13,  894,   29,   42,    4,    0,   18,   10],
[2024-07-08 16:55:43,309][flwr][INFO] - 	       [   4,    0,    6,    0,  800,  114,   16,    0,    1,   41],
[2024-07-08 16:55:43,309][flwr][INFO] - 	       [  12,    0,    4,   28,    0,  723,  106,    0,   17,    2],
[2024-07-08 16:55:43,309][flwr][INFO] - 	       [   4,    0,    8,    0,    5,    3,  920,   18,    0,    0],
[2024-07-08 16:55:43,309][flwr][INFO] - 	       [ 103,    0,   36,  224,    9,   12,    0,  339,  287,   18],
[2024-07-08 16:55:43,309][flwr][INFO] - 	       [  12,    0,   35,   39,   15,   27,   75,    1,  420,  350],
[2024-07-08 16:55:43,309][flwr][INFO] - 	       [  80,    0,    2,    8,   28,   63,    3,    0,   29,  796]])),
[2024-07-08 16:55:43,310][flwr][INFO] - 	                      (3,
[2024-07-08 16:55:43,310][flwr][INFO] - 	                       array([[884,  57,   0,   5,   0,   8,  20,   3,   0,   3],
[2024-07-08 16:55:43,310][flwr][INFO] - 	       [  0, 724, 392,   6,   1,   1,   4,   0,   4,   3],
[2024-07-08 16:55:43,310][flwr][INFO] - 	       [  3,   2, 693, 295,   8,   2,   5,   3,  17,   4],
[2024-07-08 16:55:43,310][flwr][INFO] - 	       [  0,   2,   1, 907,  60,   9,   1,   0,   9,  21],
[2024-07-08 16:55:43,310][flwr][INFO] - 	       [  0,   0,   4,   1, 688, 234,  13,   3,   1,  38],
[2024-07-08 16:55:43,310][flwr][INFO] - 	       [  3,   0,   0,  28,   3, 760,  84,   0,   8,   6],
[2024-07-08 16:55:43,310][flwr][INFO] - 	       [  1,   4,   4,   0,   1,   6, 927,  12,   1,   2],
[2024-07-08 16:55:43,310][flwr][INFO] - 	       [ 14,   0,  24, 102,   3,  27,   0, 258, 565,  35],
[2024-07-08 16:55:43,310][flwr][INFO] - 	       [  2,   0,  10,  21,  17,  36,  30,   0, 510, 348],
[2024-07-08 16:55:43,310][flwr][INFO] - 	       [ 14,   1,   1,   4,  20,  34,   0,   2,   7, 926]])),
[2024-07-08 16:55:43,311][flwr][INFO] - 	                      (4,
[2024-07-08 16:55:43,311][flwr][INFO] - 	                       array([[943,  13,   1,   4,   0,   4,   9,   3,   0,   3],
[2024-07-08 16:55:43,311][flwr][INFO] - 	       [  0, 918, 199,   4,   1,   0,   6,   0,   7,   0],
[2024-07-08 16:55:43,311][flwr][INFO] - 	       [  5,   0, 793, 215,   6,   1,   5,   1,   5,   1],
[2024-07-08 16:55:43,311][flwr][INFO] - 	       [  0,   1,   1, 954,  12,   9,   2,   0,   8,  23],
[2024-07-08 16:55:43,311][flwr][INFO] - 	       [  1,   0,   5,   2, 654, 266,  14,   0,   5,  35],
[2024-07-08 16:55:43,311][flwr][INFO] - 	       [  4,   1,   1,  22,   2, 732, 121,   0,   4,   5],
[2024-07-08 16:55:43,311][flwr][INFO] - 	       [  2,   1,   5,   0,   1,   8, 934,   5,   1,   1],
[2024-07-08 16:55:43,311][flwr][INFO] - 	       [ 18,   0,  32, 128,   3,  24,   0, 609, 197,  17],
[2024-07-08 16:55:43,311][flwr][INFO] - 	       [  2,   0,  15,  26,   6,  24,  30,   0, 694, 177],
[2024-07-08 16:55:43,311][flwr][INFO] - 	       [ 24,   3,   0,   7,  15,  26,   0,   3,   2, 929]])),
[2024-07-08 16:55:43,311][flwr][INFO] - 	                      (5,
[2024-07-08 16:55:43,312][flwr][INFO] - 	                       array([[958,   4,   1,   3,   1,   3,   5,   3,   1,   1],
[2024-07-08 16:55:43,312][flwr][INFO] - 	       [  0, 644, 477,   4,   0,   0,   2,   0,   8,   0],
[2024-07-08 16:55:43,312][flwr][INFO] - 	       [  4,   4, 815, 190,   3,   2,   3,   2,   6,   3],
[2024-07-08 16:55:43,312][flwr][INFO] - 	       [  0,   2,   3, 941,  25,   8,   0,   0,  10,  21],
[2024-07-08 16:55:43,312][flwr][INFO] - 	       [  1,   0,   8,   1, 815,  96,   5,   4,   7,  45],
[2024-07-08 16:55:43,312][flwr][INFO] - 	       [  3,   2,   0,  21,   3, 736, 117,   0,   5,   5],
[2024-07-08 16:55:43,312][flwr][INFO] - 	       [  3,   2,   5,   0,   3,   6, 922,  13,   3,   1],
[2024-07-08 16:55:43,312][flwr][INFO] - 	       [ 21,   1,  33,  78,   2,   7,   0, 682, 192,  12],
[2024-07-08 16:55:43,312][flwr][INFO] - 	       [  2,   0,  10,  28,   6,  11,  18,   1, 746, 152],
[2024-07-08 16:55:43,312][flwr][INFO] - 	       [ 71,   5,   0,   2,   9,  13,   0,   1,   6, 902]])),
[2024-07-08 16:55:43,312][flwr][INFO] - 	                      (6,
[2024-07-08 16:55:43,312][flwr][INFO] - 	                       array([[ 947,   15,    1,    1,    2,    3,    4,    4,    0,    3],
[2024-07-08 16:55:43,313][flwr][INFO] - 	       [   0, 1087,   36,    3,    1,    1,    4,    0,    3,    0],
[2024-07-08 16:55:43,313][flwr][INFO] - 	       [   3,    4,  843,  166,    5,    0,    3,    1,    7,    0],
[2024-07-08 16:55:43,313][flwr][INFO] - 	       [   0,    2,    0,  938,   32,   12,    0,    0,    8,   18],
[2024-07-08 16:55:43,313][flwr][INFO] - 	       [   1,    0,    9,    0,  878,   47,    5,    0,    2,   40],
[2024-07-08 16:55:43,313][flwr][INFO] - 	       [   3,    0,    0,   16,    6,  769,   89,    0,    6,    3],
[2024-07-08 16:55:43,313][flwr][INFO] - 	       [   5,    3,    2,    0,    8,    6,  923,    7,    2,    2],
[2024-07-08 16:55:43,313][flwr][INFO] - 	       [   9,    2,   13,   65,    1,    6,    0,  577,  332,   23],
[2024-07-08 16:55:43,313][flwr][INFO] - 	       [   4,    1,    4,   18,    6,   11,   14,    0,  788,  128],
[2024-07-08 16:55:43,313][flwr][INFO] - 	       [  22,    4,    0,    2,   11,    6,    0,    2,    4,  958]])),
[2024-07-08 16:55:43,313][flwr][INFO] - 	                      (7,
[2024-07-08 16:55:43,313][flwr][INFO] - 	                       array([[955,   9,   0,   2,   2,   1,   4,   3,   2,   2],
[2024-07-08 16:55:43,313][flwr][INFO] - 	       [  0, 937, 186,   5,   1,   1,   2,   0,   3,   0],
[2024-07-08 16:55:43,314][flwr][INFO] - 	       [  2,   7, 764, 248,   1,   2,   3,   2,   3,   0],
[2024-07-08 16:55:43,314][flwr][INFO] - 	       [  0,   0,   0, 965,  18,   6,   0,   0,   5,  16],
[2024-07-08 16:55:43,314][flwr][INFO] - 	       [  0,   1,   8,   0, 818, 112,   4,   3,   2,  34],
[2024-07-08 16:55:43,314][flwr][INFO] - 	       [  2,   1,   0,  27,   4, 782,  65,   1,   5,   5],
[2024-07-08 16:55:43,314][flwr][INFO] - 	       [  3,   3,   3,   1,   3,   6, 907,  26,   4,   2],
[2024-07-08 16:55:43,314][flwr][INFO] - 	       [  7,   1,  12,  59,   1,   0,   0, 789, 137,  22],
[2024-07-08 16:55:43,314][flwr][INFO] - 	       [  3,   0,   4,  23,   8,   8,   7,   1, 722, 198],
[2024-07-08 16:55:43,314][flwr][INFO] - 	       [ 14,   3,   0,   1,  12,  12,   0,   3,   3, 961]])),
[2024-07-08 16:55:43,314][flwr][INFO] - 	                      (8,
[2024-07-08 16:55:43,314][flwr][INFO] - 	                       array([[ 937,   26,    2,    2,    3,    0,    4,    4,    1,    1],
[2024-07-08 16:55:43,314][flwr][INFO] - 	       [   0, 1087,   40,    3,    0,    0,    4,    0,    1,    0],
[2024-07-08 16:55:43,314][flwr][INFO] - 	       [   2,    6,  820,  189,    2,    2,    1,    6,    4,    0],
[2024-07-08 16:55:43,315][flwr][INFO] - 	       [   0,    2,    2,  951,   17,    7,    0,    1,   11,   19],
[2024-07-08 16:55:43,315][flwr][INFO] - 	       [   1,    0,    5,    1,  877,   50,    5,    4,    3,   36],
[2024-07-08 16:55:43,315][flwr][INFO] - 	       [   2,    1,    0,   15,    2,  790,   72,    0,    5,    5],
[2024-07-08 16:55:43,315][flwr][INFO] - 	       [   5,    4,    1,    1,    5,    5,  906,   25,    5,    1],
[2024-07-08 16:55:43,315][flwr][INFO] - 	       [   9,    5,   16,   18,    0,    1,    0,  922,   47,   10],
[2024-07-08 16:55:43,315][flwr][INFO] - 	       [   2,    3,    5,   18,    7,    7,    7,    1,  778,  146],
[2024-07-08 16:55:43,315][flwr][INFO] - 	       [  29,    5,    0,    2,   13,    5,    0,    3,    9,  943]])),
[2024-07-08 16:55:43,315][flwr][INFO] - 	                      (9,
[2024-07-08 16:55:43,315][flwr][INFO] - 	                       array([[943,  17,   1,   2,   3,   1,   4,   7,   1,   1],
[2024-07-08 16:55:43,315][flwr][INFO] - 	       [  0, 827, 298,   3,   1,   0,   3,   0,   3,   0],
[2024-07-08 16:55:43,315][flwr][INFO] - 	       [  2,   4, 823, 189,   3,   2,   0,   6,   1,   2],
[2024-07-08 16:55:43,315][flwr][INFO] - 	       [  0,   3,   4, 955,   6,  10,   0,   2,   7,  23],
[2024-07-08 16:55:43,315][flwr][INFO] - 	       [  0,   0,   0,   2, 858,  68,   6,   4,   1,  43],
[2024-07-08 16:55:43,316][flwr][INFO] - 	       [  2,   1,   0,  11,   2, 787,  82,   0,   3,   4],
[2024-07-08 16:55:43,316][flwr][INFO] - 	       [  4,   2,   2,   0,   7,   3, 902,  33,   3,   2],
[2024-07-08 16:55:43,316][flwr][INFO] - 	       [  6,   0,   7,  26,   1,   0,   0, 927,  42,  19],
[2024-07-08 16:55:43,316][flwr][INFO] - 	       [  2,   0,   4,  14,   4,  11,   9,   2, 738, 190],
[2024-07-08 16:55:43,316][flwr][INFO] - 	       [ 10,   5,   0,   1,   6,   7,   0,   5,   4, 971]])),
[2024-07-08 16:55:43,316][flwr][INFO] - 	                      (10,
[2024-07-08 16:55:43,316][flwr][INFO] - 	                       array([[ 957,   10,    0,    0,    3,    0,    5,    2,    2,    1],
[2024-07-08 16:55:43,316][flwr][INFO] - 	       [   0, 1115,    8,    3,    0,    1,    3,    0,    4,    1],
[2024-07-08 16:55:43,316][flwr][INFO] - 	       [   2,    9,  856,  130,    1,    3,    0,   21,    8,    2],
[2024-07-08 16:55:43,316][flwr][INFO] - 	       [   0,    1,    1,  958,    7,    9,    1,    2,    6,   25],
[2024-07-08 16:55:43,316][flwr][INFO] - 	       [   1,    0,    0,    1,  875,   61,    4,    3,    1,   36],
[2024-07-08 16:55:43,316][flwr][INFO] - 	       [   2,    0,    0,    8,    1,  800,   69,    0,    6,    6],
[2024-07-08 16:55:43,317][flwr][INFO] - 	       [   3,    5,    1,    1,    8,    4,  883,   48,    4,    1],
[2024-07-08 16:55:43,317][flwr][INFO] - 	       [   6,    3,    2,   18,    0,    1,    0,  888,   78,   32],
[2024-07-08 16:55:43,317][flwr][INFO] - 	       [   1,    1,    1,   10,    3,    3,    5,    1,  874,   75],
[2024-07-08 16:55:43,317][flwr][INFO] - 	       [  10,    3,    0,    1,    5,    4,    0,    4,    2,  980]]))],
[2024-07-08 16:55:43,317][flwr][INFO] - 	 'f1': [(0, 0.03553137346181725),
[2024-07-08 16:55:43,317][flwr][INFO] - 	        (1, 0.5662141179995122),
[2024-07-08 16:55:43,317][flwr][INFO] - 	        (2, 0.6203318256823288),
[2024-07-08 16:55:43,317][flwr][INFO] - 	        (3, 0.7159198051712223),
[2024-07-08 16:55:43,317][flwr][INFO] - 	        (4, 0.8143570074409991),
[2024-07-08 16:55:43,317][flwr][INFO] - 	        (5, 0.8144840484007553),
[2024-07-08 16:55:43,317][flwr][INFO] - 	        (6, 0.8685576767252156),
[2024-07-08 16:55:43,317][flwr][INFO] - 	        (7, 0.8601737789596767),
[2024-07-08 16:55:43,318][flwr][INFO] - 	        (8, 0.9011281001687609),
[2024-07-08 16:55:43,318][flwr][INFO] - 	        (9, 0.8732751676431526),
[2024-07-08 16:55:43,318][flwr][INFO] - 	        (10, 0.9186236938743714)],
[2024-07-08 16:55:43,318][flwr][INFO] - 	 'precision': [(0, 0.12349967530374152),
[2024-07-08 16:55:43,318][flwr][INFO] - 	               (1, 0.6745376819645362),
[2024-07-08 16:55:43,318][flwr][INFO] - 	               (2, 0.6281775650469903),
[2024-07-08 16:55:43,318][flwr][INFO] - 	               (3, 0.7613753024731286),
[2024-07-08 16:55:43,318][flwr][INFO] - 	               (4, 0.8362438340109256),
[2024-07-08 16:55:43,318][flwr][INFO] - 	               (5, 0.8375469343206425),
[2024-07-08 16:55:43,318][flwr][INFO] - 	               (6, 0.8824323759196706),
[2024-07-08 16:55:43,318][flwr][INFO] - 	               (7, 0.8700630550645674),
[2024-07-08 16:55:43,318][flwr][INFO] - 	               (8, 0.9053127592387101),
[2024-07-08 16:55:43,319][flwr][INFO] - 	               (9, 0.8830457162818076),
[2024-07-08 16:55:43,319][flwr][INFO] - 	               (10, 0.9219731266347617)],
[2024-07-08 16:55:43,319][flwr][INFO] - 	 'recall': [(0, 0.1086),
[2024-07-08 16:55:43,319][flwr][INFO] - 	            (1, 0.6131),
[2024-07-08 16:55:43,319][flwr][INFO] - 	            (2, 0.6647),
[2024-07-08 16:55:43,319][flwr][INFO] - 	            (3, 0.7277),
[2024-07-08 16:55:43,319][flwr][INFO] - 	            (4, 0.816),
[2024-07-08 16:55:43,319][flwr][INFO] - 	            (5, 0.8161),
[2024-07-08 16:55:43,319][flwr][INFO] - 	            (6, 0.8708),
[2024-07-08 16:55:43,319][flwr][INFO] - 	            (7, 0.86),
[2024-07-08 16:55:43,319][flwr][INFO] - 	            (8, 0.9011),
[2024-07-08 16:55:43,319][flwr][INFO] - 	            (9, 0.8731),
[2024-07-08 16:55:43,320][flwr][INFO] - 	            (10, 0.9186)]}
[2024-07-08 16:55:43,320][flwr][INFO] - 
