[2024-06-20 20:33:48,136][flwr][INFO] - Starting Flower simulation, config: num_rounds=10, no round_timeout
[2024-06-20 20:33:50,204][flwr][INFO] - Flower VCE: Ray initialized with resources: {'CPU': 12.0, 'node:__internal_head__': 1.0, 'object_store_memory': 2147483648.0, 'node:127.0.0.1': 1.0, 'memory': 9394944410.0}
[2024-06-20 20:33:50,205][flwr][INFO] - Optimize your simulation with Flower VCE: https://flower.ai/docs/framework/how-to-run-simulations.html
[2024-06-20 20:33:50,205][flwr][INFO] - Flower VCE: Resources for each Virtual Client: {'num_cpus': 2, 'num_gpus': 0}
[2024-06-20 20:33:50,211][flwr][INFO] - Flower VCE: Creating VirtualClientEngineActorPool with 6 actors
[2024-06-20 20:33:50,211][flwr][INFO] - [INIT]
[2024-06-20 20:33:50,211][flwr][INFO] - Requesting initial parameters from one random client
[2024-06-20 20:33:52,188][flwr][INFO] - Received initial parameters from one random client
[2024-06-20 20:33:52,189][flwr][INFO] - Evaluating initial global parameters
[2024-06-20 20:33:52,619][flwr][INFO] - initial parameters (loss, other metrics): 181.76928067207336, {'accuracy': 0.1086, 'precision': 0.12349967530374152, 'recall': 0.1086, 'f1': 0.03553137346181725, 'confusion_matrix': array([[   0,    8,    0,  956,    0,    1,    0,   15,    0,    0],
       [   0,  122,    0, 1013,    0,    0,    0,    0,    0,    0],
       [   0,   38,    0,  971,    0,    0,    3,   19,    1,    0],
       [   0,   44,    0,  945,    1,    1,    0,   17,    2,    0],
       [   0,  143,    0,  816,    1,    0,    2,   20,    0,    0],
       [   0,  118,    0,  735,    1,    7,    0,   30,    1,    0],
       [   0,  144,    0,  749,   25,    0,    2,   38,    0,    0],
       [   0,  272,    0,  724,    8,    0,    0,    9,   15,    0],
       [   0,   81,    0,  859,    1,    0,    1,   32,    0,    0],
       [   0,  178,    0,  799,    1,    0,    0,   31,    0,    0]])}
[2024-06-20 20:33:52,619][flwr][INFO] - 
[2024-06-20 20:33:52,619][flwr][INFO] - [ROUND 1]
[2024-06-20 20:33:52,620][flwr][INFO] - configure_fit: strategy sampled 10 clients (out of 100)
[2024-06-20 20:33:59,867][flwr][INFO] - aggregate_fit: received 10 results and 0 failures
[2024-06-20 20:33:59,875][flwr][WARNING] - No fit_metrics_aggregation_fn provided
[2024-06-20 20:34:00,310][flwr][INFO] - fit progress: (1, 292336.2053222656, {'accuracy': 0.0779, 'precision': 0.07648329347505486, 'recall': 0.0779, 'f1': 0.05619464771191467, 'confusion_matrix': array([[  7, 331, 101,   1, 245, 111, 178,   0,   6,   0],
       [ 96, 292, 633,   0,  64,   4,  41,   0,   5,   0],
       [ 11, 643, 154,   3,  47,   9, 149,   0,  14,   2],
       [ 23, 289, 335,   2, 145,  24, 181,   0,   1,  10],
       [ 51, 524, 159,   9,  90,  22, 103,   0,  22,   2],
       [  8, 310, 324,   5,  89,  47,  66,   0,  25,  18],
       [ 15, 481, 204,   0,  53,   7, 170,   0,  19,   9],
       [ 17, 402, 395,   3,  52,  27,  93,   0,  38,   1],
       [ 35, 317, 395,   2, 134,   6,  70,   0,  14,   1],
       [ 19, 375, 308,   0,  30,   7, 239,   0,  28,   3]])}, 7.6908453329999995)
[2024-06-20 20:34:00,311][flwr][INFO] - configure_evaluate: no clients selected, skipping evaluation
[2024-06-20 20:34:00,311][flwr][INFO] - 
[2024-06-20 20:34:00,311][flwr][INFO] - [ROUND 2]
[2024-06-20 20:34:00,311][flwr][INFO] - configure_fit: strategy sampled 10 clients (out of 100)
[2024-06-20 20:34:05,595][flwr][INFO] - aggregate_fit: received 10 results and 0 failures
[2024-06-20 20:34:06,038][flwr][INFO] - fit progress: (2, 1659236.2158203125, {'accuracy': 0.2492, 'precision': 0.2552416959609438, 'recall': 0.2492, 'f1': 0.2315400299666348, 'confusion_matrix': array([[270,  73,  29, 131,  67, 124,  33, 146,  95,  12],
       [ 15, 571,   3,   9,   6,  28,  17, 423,  17,  46],
       [ 28, 181,  41, 174,  33, 148, 163, 102, 110,  52],
       [ 43,  76,  25, 192,  14, 297,  37, 244,  41,  41],
       [ 26,  49,  11,   7, 119, 158,  20, 345, 100, 147],
       [ 28,  87,  21, 118,  26, 194,  17, 200, 124,  77],
       [ 77, 117,  44,  51,  88, 142, 154,  89, 133,  63],
       [ 24, 130,  17,   5,  22,  44,  10, 613,  41, 122],
       [ 49,  93,  37,  84,  67, 156,  16, 232, 190,  50],
       [ 98,  44,  25,   6,  62,  18,  17, 479, 112, 148]])}, 13.419366375)
[2024-06-20 20:34:06,039][flwr][INFO] - configure_evaluate: no clients selected, skipping evaluation
[2024-06-20 20:34:06,039][flwr][INFO] - 
[2024-06-20 20:34:06,039][flwr][INFO] - [ROUND 3]
[2024-06-20 20:34:06,039][flwr][INFO] - configure_fit: strategy sampled 10 clients (out of 100)
[2024-06-20 20:34:11,220][flwr][INFO] - aggregate_fit: received 10 results and 0 failures
[2024-06-20 20:34:11,668][flwr][INFO] - fit progress: (3, 17387749.703125, {'accuracy': 0.282, 'precision': 0.34221109665844907, 'recall': 0.282, 'f1': 0.2823922404628862, 'confusion_matrix': array([[244,  25, 217,  35, 101,   8,  78, 129,  92,  51],
       [  2, 486,  54,  26,  85,   5,  37, 210,  46, 184],
       [  6,  39, 251, 105,  43,  15, 316,  36,  74, 147],
       [ 15,  30, 106, 185,  46,  61, 182, 162, 105, 118],
       [  2,   7,  47,   3, 322,   6,  30, 169,  45, 351],
       [ 14,  33,  85, 105,  51,  54,  32, 123, 170, 225],
       [ 31,  35, 163,  27, 129,  12, 294,  42,  83, 142],
       [  2,  42,  86,   2,  95,   1,  28, 386,  43, 343],
       [ 14,  27, 128,  92, 112,  13, 106,  70, 159, 253],
       [  9,  11, 129,   8, 112,   0,  27, 219,  55, 439]])}, 19.048886875)
[2024-06-20 20:34:11,668][flwr][INFO] - configure_evaluate: no clients selected, skipping evaluation
[2024-06-20 20:34:11,668][flwr][INFO] - 
[2024-06-20 20:34:11,668][flwr][INFO] - [ROUND 4]
[2024-06-20 20:34:11,669][flwr][INFO] - configure_fit: strategy sampled 10 clients (out of 100)
[2024-06-20 20:34:16,943][flwr][INFO] - aggregate_fit: received 10 results and 0 failures
[2024-06-20 20:34:17,383][flwr][INFO] - fit progress: (4, 192990870.875, {'accuracy': 0.3091, 'precision': 0.33653253881003886, 'recall': 0.3091, 'f1': 0.3029175451785362, 'confusion_matrix': array([[315,  40, 234,  28,  70,  17, 111,  91,  63,  11],
       [  5, 788, 125,  24,  47,  12,  39,  51,  32,  12],
       [  9,  68, 320, 104,  62,  20, 370,  25,  38,  16],
       [ 31,  47, 197, 152,  57,  80, 269,  87,  68,  22],
       [ 12,  23, 113,   3, 439,  12,  52, 125,  88, 115],
       [ 19,  45, 168, 115,  68, 108,  48,  92, 171,  58],
       [ 41,  49, 236,  30, 145,  12, 368,  14,  42,  21],
       [ 17, 101, 175,   2, 141,   4,  36, 376,  77,  99],
       [ 20,  60, 254,  99, 150,  23, 152,  50, 119,  47],
       [ 28,  25, 352,   6, 157,   2,  67, 175,  91, 106]])}, 24.764280291000002)
[2024-06-20 20:34:17,383][flwr][INFO] - configure_evaluate: no clients selected, skipping evaluation
[2024-06-20 20:34:17,383][flwr][INFO] - 
[2024-06-20 20:34:17,383][flwr][INFO] - [ROUND 5]
[2024-06-20 20:34:17,384][flwr][INFO] - configure_fit: strategy sampled 10 clients (out of 100)
[2024-06-20 20:34:22,939][flwr][INFO] - aggregate_fit: received 10 results and 0 failures
[2024-06-20 20:34:23,410][flwr][INFO] - fit progress: (5, 2344224658.0, {'accuracy': 0.299, 'precision': 0.33827563823009527, 'recall': 0.299, 'f1': 0.29620704280900834, 'confusion_matrix': array([[345,  25, 168,  63,  30,  24,  61, 188,  66,  10],
       [ 17, 616, 136,  32,  36,  10,  21, 215,  27,  25],
       [ 20,  40, 379, 170,  23,  29, 227,  67,  63,  14],
       [ 32,  21, 201, 205,  31, 105, 102, 208,  78,  27],
       [  9,  11,  84,  20, 210,  33,  34, 399,  66, 116],
       [ 15,  30, 137, 134,  34, 127,  12, 198, 146,  59],
       [ 70,  40, 262, 108,  68,  21, 232,  80,  60,  17],
       [ 18,  50, 124,   3,  47,  10,  15, 612,  53,  96],
       [ 29,  28, 224, 142,  42,  41,  65, 198, 166,  39],
       [ 20,  10, 225,  15,  51,   3,  26, 488,  73,  98]])}, 30.791521291000002)
[2024-06-20 20:34:23,410][flwr][INFO] - configure_evaluate: no clients selected, skipping evaluation
[2024-06-20 20:34:23,411][flwr][INFO] - 
[2024-06-20 20:34:23,411][flwr][INFO] - [ROUND 6]
[2024-06-20 20:34:23,411][flwr][INFO] - configure_fit: strategy sampled 10 clients (out of 100)
[2024-06-20 20:34:28,756][flwr][INFO] - aggregate_fit: received 10 results and 0 failures
[2024-06-20 20:34:29,197][flwr][INFO] - fit progress: (6, 27785555696.0, {'accuracy': 0.3087, 'precision': 0.3468686764166471, 'recall': 0.3087, 'f1': 0.3084901063843871, 'confusion_matrix': array([[327,  32,  94,  94,  34,  26,  79, 182, 101,  11],
       [ 23, 659, 116,  60,  55,  16,  27,  99,  27,  53],
       [ 12,  23, 359, 177,  32,  29, 248,  63,  65,  24],
       [ 27,  10, 145, 262,  37, 103, 136, 192,  70,  28],
       [  6,   9,  76,  47, 207,  46,  38, 361,  65, 127],
       [ 14,  18, 111, 174,  25, 131,  13, 179, 163,  64],
       [ 42,  31, 200, 139,  92,  21, 289,  69,  53,  22],
       [ 10,  44,  83,   7,  95,  26,  19, 583,  58, 103],
       [ 13,  14, 186, 179,  49,  46,  69, 204, 169,  45],
       [ 12,   7, 193,  31,  67,   8,  25, 484,  81, 101]])}, 36.578356458)
[2024-06-20 20:34:29,197][flwr][INFO] - configure_evaluate: no clients selected, skipping evaluation
[2024-06-20 20:34:29,197][flwr][INFO] - 
[2024-06-20 20:34:29,197][flwr][INFO] - [ROUND 7]
[2024-06-20 20:34:29,197][flwr][INFO] - configure_fit: strategy sampled 10 clients (out of 100)
[2024-06-20 20:34:34,561][flwr][INFO] - aggregate_fit: received 10 results and 0 failures
[2024-06-20 20:34:35,006][flwr][INFO] - fit progress: (7, 325898817024.0, {'accuracy': 0.3151, 'precision': 0.31865944842681876, 'recall': 0.3151, 'f1': 0.310615075341082, 'confusion_matrix': array([[415,  43,  44, 109,  47,  23,  83,  87, 116,  13],
       [ 33, 831,  49,  45,  42,   9,  15,  20,  34,  57],
       [ 37,  53, 216, 203,  39,  28, 296,  42,  89,  29],
       [ 61,  24,  85, 271,  39,  94, 203, 132,  64,  37],
       [ 19,  17,  44,  78, 312,  43,  47, 199,  85, 138],
       [ 28,  28,  74, 192,  38, 101,  16, 163, 174,  78],
       [ 70,  49, 104, 198, 134,  27, 248,  24,  82,  22],
       [ 31,  69,  66,  22, 132,  25,  24, 460,  66, 133],
       [ 43,  30, 144, 239,  56,  30,  83, 120, 184,  45],
       [ 30,   7, 143,  52, 135,  12,  47, 337, 133, 113]])}, 42.3875345)
[2024-06-20 20:34:35,006][flwr][INFO] - configure_evaluate: no clients selected, skipping evaluation
[2024-06-20 20:34:35,006][flwr][INFO] - 
[2024-06-20 20:34:35,006][flwr][INFO] - [ROUND 8]
[2024-06-20 20:34:35,007][flwr][INFO] - configure_fit: strategy sampled 10 clients (out of 100)
[2024-06-20 20:34:40,406][flwr][INFO] - aggregate_fit: received 10 results and 0 failures
[2024-06-20 20:34:40,852][flwr][INFO] - fit progress: (8, 4124542332928.0, {'accuracy': 0.3206, 'precision': 0.31414740078955394, 'recall': 0.3206, 'f1': 0.30539564497128885, 'confusion_matrix': array([[450,  60,  35,  67,  48,  16, 128,  41, 127,   8],
       [ 47, 889,  19,  40,  31,   4,   9,   8,  44,  44],
       [ 49,  67, 208, 171,  40,  17, 324,  43,  93,  20],
       [ 65,  31,  79, 219,  41,  40, 325, 110,  72,  28],
       [ 22,  29,  39,  53, 342,  10,  51, 238,  99,  99],
       [ 35,  38,  68, 169,  40,  54,  41, 160, 221,  66],
       [ 88,  64,  91, 146, 162,   7, 250,  33, 102,  15],
       [ 45,  87,  54,  16, 161,   9,  41, 466,  57,  92],
       [ 56,  32, 135, 161,  70,  13, 104, 114, 249,  40],
       [ 45,  16, 157,  39, 159,   6,  39, 357, 112,  79]])}, 48.233718333)
[2024-06-20 20:34:40,852][flwr][INFO] - configure_evaluate: no clients selected, skipping evaluation
[2024-06-20 20:34:40,852][flwr][INFO] - 
[2024-06-20 20:34:40,852][flwr][INFO] - [ROUND 9]
[2024-06-20 20:34:40,852][flwr][INFO] - configure_fit: strategy sampled 10 clients (out of 100)
[2024-06-20 20:34:46,504][flwr][INFO] - aggregate_fit: received 10 results and 0 failures
[2024-06-20 20:34:46,956][flwr][INFO] - fit progress: (9, 51458333048832.0, {'accuracy': 0.305, 'precision': 0.3071266211607259, 'recall': 0.305, 'f1': 0.28784388869997174, 'confusion_matrix': array([[361,  54,  22,  82,  38,  29, 158,  64, 164,   8],
       [ 20, 911,  19,  37,  28,   6,  23,  12,  44,  35],
       [ 23,  66, 164, 182,  22,  18, 390,  52,  90,  25],
       [ 39,  28,  52, 233,  25,  45, 348, 116,  89,  35],
       [ 15,  40,  34,  63, 140,  17,  83, 361, 108, 121],
       [ 22,  42,  64, 150,  24,  53,  63, 192, 202,  80],
       [ 61,  63,  69, 119,  76,  16, 348,  69, 114,  23],
       [ 25, 131,  31,  22,  64,  11,  45, 526,  55, 118],
       [ 26,  41, 137, 133,  40,  12, 153, 157, 203,  72],
       [ 28,  29, 110,  38,  67,   5,  64, 454, 103, 111]])}, 54.338601875)
[2024-06-20 20:34:46,957][flwr][INFO] - configure_evaluate: no clients selected, skipping evaluation
[2024-06-20 20:34:46,957][flwr][INFO] - 
[2024-06-20 20:34:46,957][flwr][INFO] - [ROUND 10]
[2024-06-20 20:34:46,958][flwr][INFO] - configure_fit: strategy sampled 10 clients (out of 100)
[2024-06-20 20:34:52,761][flwr][INFO] - aggregate_fit: received 10 results and 0 failures
[2024-06-20 20:34:53,300][flwr][INFO] - fit progress: (10, 649216154664960.0, {'accuracy': 0.293, 'precision': 0.3024560240233136, 'recall': 0.293, 'f1': 0.26751573240683385, 'confusion_matrix': array([[266,  64,  27, 120,  34,  39, 222,  50, 147,  11],
       [  4, 967,  16,  52,  20,   2,  15,  17,  32,  10],
       [  9,  97, 197, 201,  19,  18, 379,  41,  58,  13],
       [ 17,  54,  66, 279,  23,  56, 299, 119,  66,  31],
       [  1,  66,  50, 106, 136,  14,  73, 391,  48,  97],
       [ 12,  85,  82, 167,  22,  43,  62, 190, 152,  77],
       [ 21,  88,  80, 208,  46,   9, 374,  49,  63,  20],
       [  3, 216,  63,  28,  70,  15,  40, 472,  35,  86],
       [  8,  68, 171, 219,  30,  12, 151, 140, 129,  46],
       [  8,  70, 180,  62,  66,   1,  47, 452,  56,  67]])}, 60.68253395800001)
[2024-06-20 20:34:53,301][flwr][INFO] - configure_evaluate: no clients selected, skipping evaluation
[2024-06-20 20:34:53,301][flwr][INFO] - 
[2024-06-20 20:34:53,301][flwr][INFO] - [SUMMARY]
[2024-06-20 20:34:53,301][flwr][INFO] - Run finished 10 round(s) in 60.68s
[2024-06-20 20:34:53,306][flwr][INFO] - 	History (loss, centralized):
[2024-06-20 20:34:53,306][flwr][INFO] - 		round 0: 181.76928067207336
[2024-06-20 20:34:53,306][flwr][INFO] - 		round 1: 292336.2053222656
[2024-06-20 20:34:53,306][flwr][INFO] - 		round 2: 1659236.2158203125
[2024-06-20 20:34:53,306][flwr][INFO] - 		round 3: 17387749.703125
[2024-06-20 20:34:53,306][flwr][INFO] - 		round 4: 192990870.875
[2024-06-20 20:34:53,306][flwr][INFO] - 		round 5: 2344224658.0
[2024-06-20 20:34:53,306][flwr][INFO] - 		round 6: 27785555696.0
[2024-06-20 20:34:53,306][flwr][INFO] - 		round 7: 325898817024.0
[2024-06-20 20:34:53,306][flwr][INFO] - 		round 8: 4124542332928.0
[2024-06-20 20:34:53,306][flwr][INFO] - 		round 9: 51458333048832.0
[2024-06-20 20:34:53,306][flwr][INFO] - 		round 10: 649216154664960.0
[2024-06-20 20:34:53,307][flwr][INFO] - 	History (metrics, centralized):
[2024-06-20 20:34:53,307][flwr][INFO] - 	{'accuracy': [(0, 0.1086),
[2024-06-20 20:34:53,307][flwr][INFO] - 	              (1, 0.0779),
[2024-06-20 20:34:53,307][flwr][INFO] - 	              (2, 0.2492),
[2024-06-20 20:34:53,307][flwr][INFO] - 	              (3, 0.282),
[2024-06-20 20:34:53,307][flwr][INFO] - 	              (4, 0.3091),
[2024-06-20 20:34:53,307][flwr][INFO] - 	              (5, 0.299),
[2024-06-20 20:34:53,307][flwr][INFO] - 	              (6, 0.3087),
[2024-06-20 20:34:53,307][flwr][INFO] - 	              (7, 0.3151),
[2024-06-20 20:34:53,307][flwr][INFO] - 	              (8, 0.3206),
[2024-06-20 20:34:53,307][flwr][INFO] - 	              (9, 0.305),
[2024-06-20 20:34:53,307][flwr][INFO] - 	              (10, 0.293)],
[2024-06-20 20:34:53,307][flwr][INFO] - 	 'confusion_matrix': [(0,
[2024-06-20 20:34:53,307][flwr][INFO] - 	                       array([[   0,    8,    0,  956,    0,    1,    0,   15,    0,    0],
[2024-06-20 20:34:53,307][flwr][INFO] - 	       [   0,  122,    0, 1013,    0,    0,    0,    0,    0,    0],
[2024-06-20 20:34:53,307][flwr][INFO] - 	       [   0,   38,    0,  971,    0,    0,    3,   19,    1,    0],
[2024-06-20 20:34:53,307][flwr][INFO] - 	       [   0,   44,    0,  945,    1,    1,    0,   17,    2,    0],
[2024-06-20 20:34:53,307][flwr][INFO] - 	       [   0,  143,    0,  816,    1,    0,    2,   20,    0,    0],
[2024-06-20 20:34:53,307][flwr][INFO] - 	       [   0,  118,    0,  735,    1,    7,    0,   30,    1,    0],
[2024-06-20 20:34:53,307][flwr][INFO] - 	       [   0,  144,    0,  749,   25,    0,    2,   38,    0,    0],
[2024-06-20 20:34:53,307][flwr][INFO] - 	       [   0,  272,    0,  724,    8,    0,    0,    9,   15,    0],
[2024-06-20 20:34:53,307][flwr][INFO] - 	       [   0,   81,    0,  859,    1,    0,    1,   32,    0,    0],
[2024-06-20 20:34:53,307][flwr][INFO] - 	       [   0,  178,    0,  799,    1,    0,    0,   31,    0,    0]])),
[2024-06-20 20:34:53,307][flwr][INFO] - 	                      (1,
[2024-06-20 20:34:53,307][flwr][INFO] - 	                       array([[  7, 331, 101,   1, 245, 111, 178,   0,   6,   0],
[2024-06-20 20:34:53,307][flwr][INFO] - 	       [ 96, 292, 633,   0,  64,   4,  41,   0,   5,   0],
[2024-06-20 20:34:53,307][flwr][INFO] - 	       [ 11, 643, 154,   3,  47,   9, 149,   0,  14,   2],
[2024-06-20 20:34:53,307][flwr][INFO] - 	       [ 23, 289, 335,   2, 145,  24, 181,   0,   1,  10],
[2024-06-20 20:34:53,307][flwr][INFO] - 	       [ 51, 524, 159,   9,  90,  22, 103,   0,  22,   2],
[2024-06-20 20:34:53,307][flwr][INFO] - 	       [  8, 310, 324,   5,  89,  47,  66,   0,  25,  18],
[2024-06-20 20:34:53,307][flwr][INFO] - 	       [ 15, 481, 204,   0,  53,   7, 170,   0,  19,   9],
[2024-06-20 20:34:53,307][flwr][INFO] - 	       [ 17, 402, 395,   3,  52,  27,  93,   0,  38,   1],
[2024-06-20 20:34:53,307][flwr][INFO] - 	       [ 35, 317, 395,   2, 134,   6,  70,   0,  14,   1],
[2024-06-20 20:34:53,307][flwr][INFO] - 	       [ 19, 375, 308,   0,  30,   7, 239,   0,  28,   3]])),
[2024-06-20 20:34:53,307][flwr][INFO] - 	                      (2,
[2024-06-20 20:34:53,307][flwr][INFO] - 	                       array([[270,  73,  29, 131,  67, 124,  33, 146,  95,  12],
[2024-06-20 20:34:53,307][flwr][INFO] - 	       [ 15, 571,   3,   9,   6,  28,  17, 423,  17,  46],
[2024-06-20 20:34:53,307][flwr][INFO] - 	       [ 28, 181,  41, 174,  33, 148, 163, 102, 110,  52],
[2024-06-20 20:34:53,307][flwr][INFO] - 	       [ 43,  76,  25, 192,  14, 297,  37, 244,  41,  41],
[2024-06-20 20:34:53,307][flwr][INFO] - 	       [ 26,  49,  11,   7, 119, 158,  20, 345, 100, 147],
[2024-06-20 20:34:53,307][flwr][INFO] - 	       [ 28,  87,  21, 118,  26, 194,  17, 200, 124,  77],
[2024-06-20 20:34:53,308][flwr][INFO] - 	       [ 77, 117,  44,  51,  88, 142, 154,  89, 133,  63],
[2024-06-20 20:34:53,308][flwr][INFO] - 	       [ 24, 130,  17,   5,  22,  44,  10, 613,  41, 122],
[2024-06-20 20:34:53,308][flwr][INFO] - 	       [ 49,  93,  37,  84,  67, 156,  16, 232, 190,  50],
[2024-06-20 20:34:53,308][flwr][INFO] - 	       [ 98,  44,  25,   6,  62,  18,  17, 479, 112, 148]])),
[2024-06-20 20:34:53,308][flwr][INFO] - 	                      (3,
[2024-06-20 20:34:53,308][flwr][INFO] - 	                       array([[244,  25, 217,  35, 101,   8,  78, 129,  92,  51],
[2024-06-20 20:34:53,308][flwr][INFO] - 	       [  2, 486,  54,  26,  85,   5,  37, 210,  46, 184],
[2024-06-20 20:34:53,308][flwr][INFO] - 	       [  6,  39, 251, 105,  43,  15, 316,  36,  74, 147],
[2024-06-20 20:34:53,308][flwr][INFO] - 	       [ 15,  30, 106, 185,  46,  61, 182, 162, 105, 118],
[2024-06-20 20:34:53,308][flwr][INFO] - 	       [  2,   7,  47,   3, 322,   6,  30, 169,  45, 351],
[2024-06-20 20:34:53,308][flwr][INFO] - 	       [ 14,  33,  85, 105,  51,  54,  32, 123, 170, 225],
[2024-06-20 20:34:53,308][flwr][INFO] - 	       [ 31,  35, 163,  27, 129,  12, 294,  42,  83, 142],
[2024-06-20 20:34:53,308][flwr][INFO] - 	       [  2,  42,  86,   2,  95,   1,  28, 386,  43, 343],
[2024-06-20 20:34:53,308][flwr][INFO] - 	       [ 14,  27, 128,  92, 112,  13, 106,  70, 159, 253],
[2024-06-20 20:34:53,308][flwr][INFO] - 	       [  9,  11, 129,   8, 112,   0,  27, 219,  55, 439]])),
[2024-06-20 20:34:53,308][flwr][INFO] - 	                      (4,
[2024-06-20 20:34:53,308][flwr][INFO] - 	                       array([[315,  40, 234,  28,  70,  17, 111,  91,  63,  11],
[2024-06-20 20:34:53,308][flwr][INFO] - 	       [  5, 788, 125,  24,  47,  12,  39,  51,  32,  12],
[2024-06-20 20:34:53,308][flwr][INFO] - 	       [  9,  68, 320, 104,  62,  20, 370,  25,  38,  16],
[2024-06-20 20:34:53,308][flwr][INFO] - 	       [ 31,  47, 197, 152,  57,  80, 269,  87,  68,  22],
[2024-06-20 20:34:53,308][flwr][INFO] - 	       [ 12,  23, 113,   3, 439,  12,  52, 125,  88, 115],
[2024-06-20 20:34:53,308][flwr][INFO] - 	       [ 19,  45, 168, 115,  68, 108,  48,  92, 171,  58],
[2024-06-20 20:34:53,308][flwr][INFO] - 	       [ 41,  49, 236,  30, 145,  12, 368,  14,  42,  21],
[2024-06-20 20:34:53,308][flwr][INFO] - 	       [ 17, 101, 175,   2, 141,   4,  36, 376,  77,  99],
[2024-06-20 20:34:53,308][flwr][INFO] - 	       [ 20,  60, 254,  99, 150,  23, 152,  50, 119,  47],
[2024-06-20 20:34:53,308][flwr][INFO] - 	       [ 28,  25, 352,   6, 157,   2,  67, 175,  91, 106]])),
[2024-06-20 20:34:53,308][flwr][INFO] - 	                      (5,
[2024-06-20 20:34:53,308][flwr][INFO] - 	                       array([[345,  25, 168,  63,  30,  24,  61, 188,  66,  10],
[2024-06-20 20:34:53,308][flwr][INFO] - 	       [ 17, 616, 136,  32,  36,  10,  21, 215,  27,  25],
[2024-06-20 20:34:53,308][flwr][INFO] - 	       [ 20,  40, 379, 170,  23,  29, 227,  67,  63,  14],
[2024-06-20 20:34:53,308][flwr][INFO] - 	       [ 32,  21, 201, 205,  31, 105, 102, 208,  78,  27],
[2024-06-20 20:34:53,308][flwr][INFO] - 	       [  9,  11,  84,  20, 210,  33,  34, 399,  66, 116],
[2024-06-20 20:34:53,308][flwr][INFO] - 	       [ 15,  30, 137, 134,  34, 127,  12, 198, 146,  59],
[2024-06-20 20:34:53,308][flwr][INFO] - 	       [ 70,  40, 262, 108,  68,  21, 232,  80,  60,  17],
[2024-06-20 20:34:53,308][flwr][INFO] - 	       [ 18,  50, 124,   3,  47,  10,  15, 612,  53,  96],
[2024-06-20 20:34:53,308][flwr][INFO] - 	       [ 29,  28, 224, 142,  42,  41,  65, 198, 166,  39],
[2024-06-20 20:34:53,308][flwr][INFO] - 	       [ 20,  10, 225,  15,  51,   3,  26, 488,  73,  98]])),
[2024-06-20 20:34:53,308][flwr][INFO] - 	                      (6,
[2024-06-20 20:34:53,308][flwr][INFO] - 	                       array([[327,  32,  94,  94,  34,  26,  79, 182, 101,  11],
[2024-06-20 20:34:53,308][flwr][INFO] - 	       [ 23, 659, 116,  60,  55,  16,  27,  99,  27,  53],
[2024-06-20 20:34:53,308][flwr][INFO] - 	       [ 12,  23, 359, 177,  32,  29, 248,  63,  65,  24],
[2024-06-20 20:34:53,308][flwr][INFO] - 	       [ 27,  10, 145, 262,  37, 103, 136, 192,  70,  28],
[2024-06-20 20:34:53,308][flwr][INFO] - 	       [  6,   9,  76,  47, 207,  46,  38, 361,  65, 127],
[2024-06-20 20:34:53,309][flwr][INFO] - 	       [ 14,  18, 111, 174,  25, 131,  13, 179, 163,  64],
[2024-06-20 20:34:53,309][flwr][INFO] - 	       [ 42,  31, 200, 139,  92,  21, 289,  69,  53,  22],
[2024-06-20 20:34:53,309][flwr][INFO] - 	       [ 10,  44,  83,   7,  95,  26,  19, 583,  58, 103],
[2024-06-20 20:34:53,309][flwr][INFO] - 	       [ 13,  14, 186, 179,  49,  46,  69, 204, 169,  45],
[2024-06-20 20:34:53,309][flwr][INFO] - 	       [ 12,   7, 193,  31,  67,   8,  25, 484,  81, 101]])),
[2024-06-20 20:34:53,309][flwr][INFO] - 	                      (7,
[2024-06-20 20:34:53,309][flwr][INFO] - 	                       array([[415,  43,  44, 109,  47,  23,  83,  87, 116,  13],
[2024-06-20 20:34:53,309][flwr][INFO] - 	       [ 33, 831,  49,  45,  42,   9,  15,  20,  34,  57],
[2024-06-20 20:34:53,309][flwr][INFO] - 	       [ 37,  53, 216, 203,  39,  28, 296,  42,  89,  29],
[2024-06-20 20:34:53,309][flwr][INFO] - 	       [ 61,  24,  85, 271,  39,  94, 203, 132,  64,  37],
[2024-06-20 20:34:53,309][flwr][INFO] - 	       [ 19,  17,  44,  78, 312,  43,  47, 199,  85, 138],
[2024-06-20 20:34:53,309][flwr][INFO] - 	       [ 28,  28,  74, 192,  38, 101,  16, 163, 174,  78],
[2024-06-20 20:34:53,309][flwr][INFO] - 	       [ 70,  49, 104, 198, 134,  27, 248,  24,  82,  22],
[2024-06-20 20:34:53,309][flwr][INFO] - 	       [ 31,  69,  66,  22, 132,  25,  24, 460,  66, 133],
[2024-06-20 20:34:53,309][flwr][INFO] - 	       [ 43,  30, 144, 239,  56,  30,  83, 120, 184,  45],
[2024-06-20 20:34:53,309][flwr][INFO] - 	       [ 30,   7, 143,  52, 135,  12,  47, 337, 133, 113]])),
[2024-06-20 20:34:53,309][flwr][INFO] - 	                      (8,
[2024-06-20 20:34:53,309][flwr][INFO] - 	                       array([[450,  60,  35,  67,  48,  16, 128,  41, 127,   8],
[2024-06-20 20:34:53,309][flwr][INFO] - 	       [ 47, 889,  19,  40,  31,   4,   9,   8,  44,  44],
[2024-06-20 20:34:53,309][flwr][INFO] - 	       [ 49,  67, 208, 171,  40,  17, 324,  43,  93,  20],
[2024-06-20 20:34:53,309][flwr][INFO] - 	       [ 65,  31,  79, 219,  41,  40, 325, 110,  72,  28],
[2024-06-20 20:34:53,309][flwr][INFO] - 	       [ 22,  29,  39,  53, 342,  10,  51, 238,  99,  99],
[2024-06-20 20:34:53,309][flwr][INFO] - 	       [ 35,  38,  68, 169,  40,  54,  41, 160, 221,  66],
[2024-06-20 20:34:53,309][flwr][INFO] - 	       [ 88,  64,  91, 146, 162,   7, 250,  33, 102,  15],
[2024-06-20 20:34:53,309][flwr][INFO] - 	       [ 45,  87,  54,  16, 161,   9,  41, 466,  57,  92],
[2024-06-20 20:34:53,309][flwr][INFO] - 	       [ 56,  32, 135, 161,  70,  13, 104, 114, 249,  40],
[2024-06-20 20:34:53,309][flwr][INFO] - 	       [ 45,  16, 157,  39, 159,   6,  39, 357, 112,  79]])),
[2024-06-20 20:34:53,309][flwr][INFO] - 	                      (9,
[2024-06-20 20:34:53,309][flwr][INFO] - 	                       array([[361,  54,  22,  82,  38,  29, 158,  64, 164,   8],
[2024-06-20 20:34:53,309][flwr][INFO] - 	       [ 20, 911,  19,  37,  28,   6,  23,  12,  44,  35],
[2024-06-20 20:34:53,309][flwr][INFO] - 	       [ 23,  66, 164, 182,  22,  18, 390,  52,  90,  25],
[2024-06-20 20:34:53,309][flwr][INFO] - 	       [ 39,  28,  52, 233,  25,  45, 348, 116,  89,  35],
[2024-06-20 20:34:53,309][flwr][INFO] - 	       [ 15,  40,  34,  63, 140,  17,  83, 361, 108, 121],
[2024-06-20 20:34:53,309][flwr][INFO] - 	       [ 22,  42,  64, 150,  24,  53,  63, 192, 202,  80],
[2024-06-20 20:34:53,309][flwr][INFO] - 	       [ 61,  63,  69, 119,  76,  16, 348,  69, 114,  23],
[2024-06-20 20:34:53,309][flwr][INFO] - 	       [ 25, 131,  31,  22,  64,  11,  45, 526,  55, 118],
[2024-06-20 20:34:53,309][flwr][INFO] - 	       [ 26,  41, 137, 133,  40,  12, 153, 157, 203,  72],
[2024-06-20 20:34:53,309][flwr][INFO] - 	       [ 28,  29, 110,  38,  67,   5,  64, 454, 103, 111]])),
[2024-06-20 20:34:53,309][flwr][INFO] - 	                      (10,
[2024-06-20 20:34:53,309][flwr][INFO] - 	                       array([[266,  64,  27, 120,  34,  39, 222,  50, 147,  11],
[2024-06-20 20:34:53,309][flwr][INFO] - 	       [  4, 967,  16,  52,  20,   2,  15,  17,  32,  10],
[2024-06-20 20:34:53,309][flwr][INFO] - 	       [  9,  97, 197, 201,  19,  18, 379,  41,  58,  13],
[2024-06-20 20:34:53,309][flwr][INFO] - 	       [ 17,  54,  66, 279,  23,  56, 299, 119,  66,  31],
[2024-06-20 20:34:53,310][flwr][INFO] - 	       [  1,  66,  50, 106, 136,  14,  73, 391,  48,  97],
[2024-06-20 20:34:53,310][flwr][INFO] - 	       [ 12,  85,  82, 167,  22,  43,  62, 190, 152,  77],
[2024-06-20 20:34:53,310][flwr][INFO] - 	       [ 21,  88,  80, 208,  46,   9, 374,  49,  63,  20],
[2024-06-20 20:34:53,310][flwr][INFO] - 	       [  3, 216,  63,  28,  70,  15,  40, 472,  35,  86],
[2024-06-20 20:34:53,310][flwr][INFO] - 	       [  8,  68, 171, 219,  30,  12, 151, 140, 129,  46],
[2024-06-20 20:34:53,310][flwr][INFO] - 	       [  8,  70, 180,  62,  66,   1,  47, 452,  56,  67]]))],
[2024-06-20 20:34:53,310][flwr][INFO] - 	 'f1': [(0, 0.03553137346181725),
[2024-06-20 20:34:53,310][flwr][INFO] - 	        (1, 0.05619464771191467),
[2024-06-20 20:34:53,310][flwr][INFO] - 	        (2, 0.2315400299666348),
[2024-06-20 20:34:53,310][flwr][INFO] - 	        (3, 0.2823922404628862),
[2024-06-20 20:34:53,310][flwr][INFO] - 	        (4, 0.3029175451785362),
[2024-06-20 20:34:53,310][flwr][INFO] - 	        (5, 0.29620704280900834),
[2024-06-20 20:34:53,310][flwr][INFO] - 	        (6, 0.3084901063843871),
[2024-06-20 20:34:53,310][flwr][INFO] - 	        (7, 0.310615075341082),
[2024-06-20 20:34:53,310][flwr][INFO] - 	        (8, 0.30539564497128885),
[2024-06-20 20:34:53,310][flwr][INFO] - 	        (9, 0.28784388869997174),
[2024-06-20 20:34:53,310][flwr][INFO] - 	        (10, 0.26751573240683385)],
[2024-06-20 20:34:53,310][flwr][INFO] - 	 'precision': [(0, 0.12349967530374152),
[2024-06-20 20:34:53,310][flwr][INFO] - 	               (1, 0.07648329347505486),
[2024-06-20 20:34:53,310][flwr][INFO] - 	               (2, 0.2552416959609438),
[2024-06-20 20:34:53,310][flwr][INFO] - 	               (3, 0.34221109665844907),
[2024-06-20 20:34:53,310][flwr][INFO] - 	               (4, 0.33653253881003886),
[2024-06-20 20:34:53,310][flwr][INFO] - 	               (5, 0.33827563823009527),
[2024-06-20 20:34:53,310][flwr][INFO] - 	               (6, 0.3468686764166471),
[2024-06-20 20:34:53,310][flwr][INFO] - 	               (7, 0.31865944842681876),
[2024-06-20 20:34:53,310][flwr][INFO] - 	               (8, 0.31414740078955394),
[2024-06-20 20:34:53,310][flwr][INFO] - 	               (9, 0.3071266211607259),
[2024-06-20 20:34:53,310][flwr][INFO] - 	               (10, 0.3024560240233136)],
[2024-06-20 20:34:53,310][flwr][INFO] - 	 'recall': [(0, 0.1086),
[2024-06-20 20:34:53,310][flwr][INFO] - 	            (1, 0.0779),
[2024-06-20 20:34:53,310][flwr][INFO] - 	            (2, 0.2492),
[2024-06-20 20:34:53,310][flwr][INFO] - 	            (3, 0.282),
[2024-06-20 20:34:53,310][flwr][INFO] - 	            (4, 0.3091),
[2024-06-20 20:34:53,310][flwr][INFO] - 	            (5, 0.299),
[2024-06-20 20:34:53,310][flwr][INFO] - 	            (6, 0.3087),
[2024-06-20 20:34:53,310][flwr][INFO] - 	            (7, 0.3151),
[2024-06-20 20:34:53,310][flwr][INFO] - 	            (8, 0.3206),
[2024-06-20 20:34:53,310][flwr][INFO] - 	            (9, 0.305),
[2024-06-20 20:34:53,310][flwr][INFO] - 	            (10, 0.293)]}
[2024-06-20 20:34:53,310][flwr][INFO] - 
