[2024-07-08 18:28:57,410][flwr][INFO] - Starting Flower simulation, config: num_rounds=10, no round_timeout
[2024-07-08 18:28:59,379][flwr][INFO] - Flower VCE: Ray initialized with resources: {'memory': 8142910260.0, 'node:127.0.0.1': 1.0, 'object_store_memory': 2147483648.0, 'node:__internal_head__': 1.0, 'CPU': 12.0}
[2024-07-08 18:28:59,379][flwr][INFO] - Optimize your simulation with Flower VCE: https://flower.ai/docs/framework/how-to-run-simulations.html
[2024-07-08 18:28:59,379][flwr][INFO] - Flower VCE: Resources for each Virtual Client: {'num_cpus': 2, 'num_gpus': 0}
[2024-07-08 18:28:59,385][flwr][INFO] - Flower VCE: Creating VirtualClientEngineActorPool with 6 actors
[2024-07-08 18:28:59,385][flwr][INFO] - [INIT]
[2024-07-08 18:28:59,385][flwr][INFO] - Requesting initial parameters from one random client
[2024-07-08 18:29:00,838][flwr][INFO] - Received initial parameters from one random client
[2024-07-08 18:29:00,838][flwr][INFO] - Evaluating initial global parameters
[2024-07-08 18:29:01,172][flwr][INFO] - initial parameters (loss, other metrics): 181.76928067207336, {'accuracy': 0.1086, 'precision': 0.12349967530374152, 'recall': 0.1086, 'f1': 0.03553137346181725, 'confusion_matrix': array([[   0,    8,    0,  956,    0,    1,    0,   15,    0,    0],
       [   0,  122,    0, 1013,    0,    0,    0,    0,    0,    0],
       [   0,   38,    0,  971,    0,    0,    3,   19,    1,    0],
       [   0,   44,    0,  945,    1,    1,    0,   17,    2,    0],
       [   0,  143,    0,  816,    1,    0,    2,   20,    0,    0],
       [   0,  118,    0,  735,    1,    7,    0,   30,    1,    0],
       [   0,  144,    0,  749,   25,    0,    2,   38,    0,    0],
       [   0,  272,    0,  724,    8,    0,    0,    9,   15,    0],
       [   0,   81,    0,  859,    1,    0,    1,   32,    0,    0],
       [   0,  178,    0,  799,    1,    0,    0,   31,    0,    0]])}
[2024-07-08 18:29:01,172][flwr][INFO] - 
[2024-07-08 18:29:01,172][flwr][INFO] - [ROUND 1]
[2024-07-08 18:29:01,173][flwr][INFO] - configure_fit: strategy sampled 10 clients (out of 10)
[2024-07-08 18:29:10,832][flwr][INFO] - aggregate_fit: received 10 results and 0 failures
[2024-07-08 18:29:10,838][flwr][WARNING] - No fit_metrics_aggregation_fn provided
[2024-07-08 18:29:11,174][flwr][INFO] - fit progress: (1, 150.38327395915985, {'accuracy': 0.5636, 'precision': 0.7576974968245292, 'recall': 0.5636, 'f1': 0.5452635666882173, 'confusion_matrix': array([[506, 108,   0,  11,   0,   6,   4,   0,   1, 344],
       [  0, 946,   0, 157,   1,   1,   5,   0,   5,  20],
       [  0,  74, 404, 424,   6,   2,  43,   1,  10,  68],
       [  2,  33,   1, 880,   3,   4,   1,   3,   4,  79],
       [  0,   6,   0,   0, 643,   5,   9,   0,   0, 319],
       [  2,  96,   2,  68, 180,  85,   8,   0,   3, 448],
       [  0,  21,   0,   1,   7,   1, 819,   0,   0, 109],
       [ 18,  48,   1,  71,   3,   0,   0, 315,   0, 572],
       [  0,  58,   1,  31,  12,   2,   8,   1,  73, 788],
       [  0,   7,   0,   5,  29,   1,   2,   0,   0, 965]])}, 10.002312709000002)
[2024-07-08 18:29:11,175][flwr][INFO] - configure_evaluate: no clients selected, skipping evaluation
[2024-07-08 18:29:11,175][flwr][INFO] - 
[2024-07-08 18:29:11,175][flwr][INFO] - [ROUND 2]
[2024-07-08 18:29:11,175][flwr][INFO] - configure_fit: strategy sampled 10 clients (out of 10)
[2024-07-08 18:29:17,789][flwr][INFO] - aggregate_fit: received 10 results and 0 failures
[2024-07-08 18:29:18,130][flwr][INFO] - fit progress: (2, 79.98480188846588, {'accuracy': 0.8002, 'precision': 0.8410039381591314, 'recall': 0.8002, 'f1': 0.7997105594343864, 'confusion_matrix': array([[964,   1,   2,   1,   1,   0,   5,   1,   5,   0],
       [  0, 601, 387,  25,  12,   0,   4,   0, 106,   0],
       [ 17,   5, 941,  11,  28,   0,   4,   6,  19,   1],
       [ 11,   5, 106, 826,   7,   8,   5,   6,  34,   2],
       [  1,   0,   9,   0, 949,   1,   5,   0,   6,  11],
       [ 32,   5,   9,  86,  54, 556,  24,   4, 110,  12],
       [ 27,   3,  10,   1,  60,   4, 832,   3,  18,   0],
       [  6,   5,  69,  15,  41,   0,   0, 868,   4,  20],
       [ 11,   1, 102,   8,  18,   4,   7,   1, 817,   5],
       [ 20,   4,   9,  13, 269,   2,   0,  20,  24, 648]])}, 16.9579765)
[2024-07-08 18:29:18,130][flwr][INFO] - configure_evaluate: no clients selected, skipping evaluation
[2024-07-08 18:29:18,130][flwr][INFO] - 
[2024-07-08 18:29:18,130][flwr][INFO] - [ROUND 3]
[2024-07-08 18:29:18,131][flwr][INFO] - configure_fit: strategy sampled 10 clients (out of 10)
[2024-07-08 18:29:24,625][flwr][INFO] - aggregate_fit: received 10 results and 0 failures
[2024-07-08 18:29:24,976][flwr][INFO] - fit progress: (3, 39.03909157216549, {'accuracy': 0.8595, 'precision': 0.885179214859525, 'recall': 0.8595, 'f1': 0.8551060969896512, 'confusion_matrix': array([[964,   0,   0,   1,   0,   2,   4,   3,   6,   0],
       [  0, 978, 108,   5,   1,   1,   3,   2,  37,   0],
       [ 12,   2, 930,  10,  14,   0,   6,  15,  43,   0],
       [  6,   4,  41, 871,   1,  26,   2,  15,  43,   1],
       [  1,   2,   6,   1, 907,   4,  15,   4,  32,  10],
       [  9,   1,   1,  29,   4, 758,  19,   6,  65,   0],
       [ 22,   1,   2,   1,  23,   7, 873,   2,  27,   0],
       [  1,   3,  39,   1,   5,   0,   0, 967,  10,   2],
       [  6,   3,   3,   6,   5,   2,   5,   4, 939,   1],
       [ 12,   5,   0,   7,  62,  17,   0, 111, 387, 408]])}, 23.804179709)
[2024-07-08 18:29:24,977][flwr][INFO] - configure_evaluate: no clients selected, skipping evaluation
[2024-07-08 18:29:24,977][flwr][INFO] - 
[2024-07-08 18:29:24,977][flwr][INFO] - [ROUND 4]
[2024-07-08 18:29:24,977][flwr][INFO] - configure_fit: strategy sampled 10 clients (out of 10)
[2024-07-08 18:29:31,489][flwr][INFO] - aggregate_fit: received 10 results and 0 failures
[2024-07-08 18:29:31,853][flwr][INFO] - fit progress: (4, 26.027846567332745, {'accuracy': 0.9122, 'precision': 0.9180573844544051, 'recall': 0.9122, 'f1': 0.9127617200211383, 'confusion_matrix': array([[ 964,    0,    2,    1,    0,    2,    3,    2,    5,    1],
       [   0, 1097,    6,    3,    1,    1,    3,    3,   21,    0],
       [  12,    3,  931,   14,    4,    0,    3,   19,   45,    1],
       [   7,    5,   31,  876,    0,   18,    1,   21,   51,    0],
       [   1,    2,    9,    0,  870,    7,   24,    5,   25,   39],
       [   9,    1,    1,   22,    2,  775,   17,    6,   57,    2],
       [  15,    3,    4,    1,    5,   14,  899,    5,   11,    1],
       [   1,    4,   31,    1,    0,    0,    0,  981,    4,    6],
       [   9,    2,    2,    5,    5,    4,    8,   11,  922,    6],
       [  12,    3,    0,    5,   18,    5,    0,   61,   98,  807]])}, 30.680722625)
[2024-07-08 18:29:31,853][flwr][INFO] - configure_evaluate: no clients selected, skipping evaluation
[2024-07-08 18:29:31,853][flwr][INFO] - 
[2024-07-08 18:29:31,853][flwr][INFO] - [ROUND 5]
[2024-07-08 18:29:31,853][flwr][INFO] - configure_fit: strategy sampled 10 clients (out of 10)
[2024-07-08 18:29:38,091][flwr][INFO] - aggregate_fit: received 10 results and 0 failures
[2024-07-08 18:29:38,425][flwr][INFO] - fit progress: (5, 22.35750950872898, {'accuracy': 0.9271, 'precision': 0.9283966217675932, 'recall': 0.9271, 'f1': 0.9272033382609054, 'confusion_matrix': array([[ 968,    0,    2,    1,    0,    2,    2,    2,    3,    0],
       [   0, 1104,    6,    4,    1,    1,    3,    1,   14,    1],
       [  14,    2,  921,   29,    6,    0,    4,   12,   42,    2],
       [   6,    0,   23,  911,    2,   17,    1,   14,   32,    4],
       [   1,    0,    2,    2,  924,    0,   11,    2,    6,   34],
       [   8,    1,    1,   25,    2,  802,   13,    5,   29,    6],
       [  17,    3,    2,    2,   13,   10,  898,    1,   11,    1],
       [   3,    4,   22,    4,    3,    1,    0,  963,    4,   24],
       [  13,    2,    3,   11,    9,    6,    6,    5,  904,   15],
       [  11,    4,    1,    7,   52,    5,    0,   13,   40,  876]])}, 37.253406125)
[2024-07-08 18:29:38,426][flwr][INFO] - configure_evaluate: no clients selected, skipping evaluation
[2024-07-08 18:29:38,426][flwr][INFO] - 
[2024-07-08 18:29:38,426][flwr][INFO] - [ROUND 6]
[2024-07-08 18:29:38,426][flwr][INFO] - configure_fit: strategy sampled 10 clients (out of 10)
[2024-07-08 18:29:44,333][flwr][INFO] - aggregate_fit: received 10 results and 0 failures
[2024-07-08 18:29:44,668][flwr][INFO] - fit progress: (6, 23.174496434628963, {'accuracy': 0.9183, 'precision': 0.9231914391649186, 'recall': 0.9183, 'f1': 0.9191541353768132, 'confusion_matrix': array([[ 960,    0,    1,    1,    2,    4,    3,    1,    6,    2],
       [   0, 1091,    1,    5,    1,    1,    3,    2,   30,    1],
       [  10,    1,  917,    9,    8,    1,    3,   18,   65,    0],
       [   5,    1,   22,  879,    1,   33,    1,   13,   49,    6],
       [   1,    1,    4,    1,  903,    1,    8,    2,   12,   49],
       [   5,    0,    1,   13,    2,  826,   12,    4,   25,    4],
       [  10,    2,    2,    1,   17,   17,  891,    1,   16,    1],
       [   1,    4,   21,    2,    4,    1,    0,  971,    2,   22],
       [   6,    0,    1,    4,    5,    9,    7,    5,  917,   20],
       [   7,    2,    1,    4,   22,   15,    0,   25,  105,  828]])}, 43.496646334)
[2024-07-08 18:29:44,669][flwr][INFO] - configure_evaluate: no clients selected, skipping evaluation
[2024-07-08 18:29:44,669][flwr][INFO] - 
[2024-07-08 18:29:44,669][flwr][INFO] - [ROUND 7]
[2024-07-08 18:29:44,669][flwr][INFO] - configure_fit: strategy sampled 10 clients (out of 10)
[2024-07-08 18:29:50,961][flwr][INFO] - aggregate_fit: received 10 results and 0 failures
[2024-07-08 18:29:51,296][flwr][INFO] - fit progress: (7, 21.93822541087866, {'accuracy': 0.9265, 'precision': 0.9290162250618265, 'recall': 0.9265, 'f1': 0.9270219566879323, 'confusion_matrix': array([[ 964,    0,    3,    1,    1,    2,    1,    2,    4,    2],
       [   0, 1093,    0,    7,    1,    1,    3,    1,   27,    2],
       [  11,    2,  913,   27,    9,    0,    2,   16,   51,    1],
       [   4,    0,   19,  898,    0,   24,    1,   12,   42,   10],
       [   1,    0,    7,    1,  913,    1,    7,    2,   14,   36],
       [   5,    0,    1,   13,    5,  825,   10,    3,   24,    6],
       [  15,    3,    1,    1,   16,   11,  898,    1,   11,    1],
       [   1,    5,   20,    7,    3,    0,    0,  959,    2,   31],
       [  11,    0,    1,    7,    8,    6,    7,    2,  906,   26],
       [   9,    3,    1,    5,   28,    6,    0,    7,   54,  896]])}, 50.123832459)
[2024-07-08 18:29:51,296][flwr][INFO] - configure_evaluate: no clients selected, skipping evaluation
[2024-07-08 18:29:51,296][flwr][INFO] - 
[2024-07-08 18:29:51,296][flwr][INFO] - [ROUND 8]
[2024-07-08 18:29:51,296][flwr][INFO] - configure_fit: strategy sampled 10 clients (out of 10)
[2024-07-08 18:29:57,932][flwr][INFO] - aggregate_fit: received 10 results and 0 failures
[2024-07-08 18:29:58,272][flwr][INFO] - fit progress: (8, 21.476228676736355, {'accuracy': 0.9253, 'precision': 0.9276109384625013, 'recall': 0.9253, 'f1': 0.9257682794333137, 'confusion_matrix': array([[ 962,    0,    2,    1,    1,    4,    1,    2,    3,    4],
       [   0, 1099,    0,    8,    1,    1,    3,    1,   19,    3],
       [   8,    3,  899,   55,    9,    0,    2,   20,   34,    2],
       [   2,    0,   10,  906,    0,   15,    0,   19,   54,    4],
       [   1,    1,    3,    3,  907,    1,    9,    2,   13,   42],
       [   4,    0,    0,   18,    3,  824,    7,    4,   25,    7],
       [  14,    4,    2,    2,   12,   20,  884,    4,   15,    1],
       [   1,    4,   14,   10,    0,    1,    0,  973,    0,   25],
       [   5,    0,    0,   13,    9,    9,    6,    3,  892,   37],
       [   9,    4,    0,    2,   17,    6,    0,   18,   46,  907]])}, 57.10060275)
[2024-07-08 18:29:58,273][flwr][INFO] - configure_evaluate: no clients selected, skipping evaluation
[2024-07-08 18:29:58,273][flwr][INFO] - 
[2024-07-08 18:29:58,273][flwr][INFO] - [ROUND 9]
[2024-07-08 18:29:58,273][flwr][INFO] - configure_fit: strategy sampled 10 clients (out of 10)
[2024-07-08 18:30:04,497][flwr][INFO] - aggregate_fit: received 10 results and 0 failures
[2024-07-08 18:30:04,839][flwr][INFO] - fit progress: (9, 21.549067225307226, {'accuracy': 0.9261, 'precision': 0.9273941725202145, 'recall': 0.9261, 'f1': 0.9263071883459143, 'confusion_matrix': array([[ 966,    0,    2,    1,    0,    2,    1,    2,    4,    2],
       [   0, 1104,    2,    7,    1,    1,    2,    1,   14,    3],
       [   8,    2,  947,   32,    9,    0,    2,    9,   20,    3],
       [   4,    0,   24,  864,    0,   36,    1,   18,   54,    9],
       [   1,    1,    4,    3,  905,    0,    8,    2,    7,   51],
       [   7,    0,    0,   15,    4,  831,    7,    3,   16,    9],
       [  18,    3,    7,    2,   14,   16,  881,    1,   14,    2],
       [   1,    4,   19,    9,    0,    1,    0,  964,    2,   28],
       [  12,    1,    1,   16,    6,    7,    9,    3,  864,   55],
       [  11,    4,    1,    3,   16,    4,    0,    8,   27,  935]])}, 63.667801125)
[2024-07-08 18:30:04,840][flwr][INFO] - configure_evaluate: no clients selected, skipping evaluation
[2024-07-08 18:30:04,840][flwr][INFO] - 
[2024-07-08 18:30:04,840][flwr][INFO] - [ROUND 10]
[2024-07-08 18:30:04,840][flwr][INFO] - configure_fit: strategy sampled 10 clients (out of 10)
[2024-07-08 18:30:10,843][flwr][INFO] - aggregate_fit: received 10 results and 0 failures
[2024-07-08 18:30:11,209][flwr][INFO] - fit progress: (10, 20.088759100064635, {'accuracy': 0.9309, 'precision': 0.9323842302400898, 'recall': 0.9309, 'f1': 0.9311642823059868, 'confusion_matrix': array([[ 960,    0,    1,    1,    1,    2,    1,    2,    8,    4],
       [   0, 1113,    1,    4,    1,    1,    2,    1,   10,    2],
       [   5,    3,  915,   55,    7,    1,    3,   12,   29,    2],
       [   0,    0,   13,  885,    0,   27,    0,   22,   55,    8],
       [   1,    2,    2,    4,  910,    0,    9,    3,   10,   41],
       [   4,    1,    0,   12,    2,  838,    5,    5,   21,    4],
       [  12,    3,    4,    1,    7,   23,  890,    2,   15,    1],
       [   0,    6,   14,    4,    1,    1,    0,  982,    3,   17],
       [   6,    1,    1,    9,    8,    8,    9,    5,  888,   39],
       [   8,    4,    1,    5,   14,    3,    0,   14,   32,  928]])}, 70.037933375)
[2024-07-08 18:30:11,210][flwr][INFO] - configure_evaluate: no clients selected, skipping evaluation
[2024-07-08 18:30:11,210][flwr][INFO] - 
[2024-07-08 18:30:11,210][flwr][INFO] - [SUMMARY]
[2024-07-08 18:30:11,210][flwr][INFO] - Run finished 10 round(s) in 70.04s
[2024-07-08 18:30:11,214][flwr][INFO] - 	History (loss, centralized):
[2024-07-08 18:30:11,214][flwr][INFO] - 		round 0: 181.76928067207336
[2024-07-08 18:30:11,214][flwr][INFO] - 		round 1: 150.38327395915985
[2024-07-08 18:30:11,214][flwr][INFO] - 		round 2: 79.98480188846588
[2024-07-08 18:30:11,214][flwr][INFO] - 		round 3: 39.03909157216549
[2024-07-08 18:30:11,214][flwr][INFO] - 		round 4: 26.027846567332745
[2024-07-08 18:30:11,214][flwr][INFO] - 		round 5: 22.35750950872898
[2024-07-08 18:30:11,214][flwr][INFO] - 		round 6: 23.174496434628963
[2024-07-08 18:30:11,214][flwr][INFO] - 		round 7: 21.93822541087866
[2024-07-08 18:30:11,214][flwr][INFO] - 		round 8: 21.476228676736355
[2024-07-08 18:30:11,214][flwr][INFO] - 		round 9: 21.549067225307226
[2024-07-08 18:30:11,214][flwr][INFO] - 		round 10: 20.088759100064635
[2024-07-08 18:30:11,214][flwr][INFO] - 	History (metrics, centralized):
[2024-07-08 18:30:11,214][flwr][INFO] - 	{'accuracy': [(0, 0.1086),
[2024-07-08 18:30:11,214][flwr][INFO] - 	              (1, 0.5636),
[2024-07-08 18:30:11,214][flwr][INFO] - 	              (2, 0.8002),
[2024-07-08 18:30:11,214][flwr][INFO] - 	              (3, 0.8595),
[2024-07-08 18:30:11,214][flwr][INFO] - 	              (4, 0.9122),
[2024-07-08 18:30:11,214][flwr][INFO] - 	              (5, 0.9271),
[2024-07-08 18:30:11,214][flwr][INFO] - 	              (6, 0.9183),
[2024-07-08 18:30:11,214][flwr][INFO] - 	              (7, 0.9265),
[2024-07-08 18:30:11,214][flwr][INFO] - 	              (8, 0.9253),
[2024-07-08 18:30:11,214][flwr][INFO] - 	              (9, 0.9261),
[2024-07-08 18:30:11,214][flwr][INFO] - 	              (10, 0.9309)],
[2024-07-08 18:30:11,214][flwr][INFO] - 	 'confusion_matrix': [(0,
[2024-07-08 18:30:11,214][flwr][INFO] - 	                       array([[   0,    8,    0,  956,    0,    1,    0,   15,    0,    0],
[2024-07-08 18:30:11,214][flwr][INFO] - 	       [   0,  122,    0, 1013,    0,    0,    0,    0,    0,    0],
[2024-07-08 18:30:11,215][flwr][INFO] - 	       [   0,   38,    0,  971,    0,    0,    3,   19,    1,    0],
[2024-07-08 18:30:11,215][flwr][INFO] - 	       [   0,   44,    0,  945,    1,    1,    0,   17,    2,    0],
[2024-07-08 18:30:11,215][flwr][INFO] - 	       [   0,  143,    0,  816,    1,    0,    2,   20,    0,    0],
[2024-07-08 18:30:11,215][flwr][INFO] - 	       [   0,  118,    0,  735,    1,    7,    0,   30,    1,    0],
[2024-07-08 18:30:11,215][flwr][INFO] - 	       [   0,  144,    0,  749,   25,    0,    2,   38,    0,    0],
[2024-07-08 18:30:11,215][flwr][INFO] - 	       [   0,  272,    0,  724,    8,    0,    0,    9,   15,    0],
[2024-07-08 18:30:11,215][flwr][INFO] - 	       [   0,   81,    0,  859,    1,    0,    1,   32,    0,    0],
[2024-07-08 18:30:11,215][flwr][INFO] - 	       [   0,  178,    0,  799,    1,    0,    0,   31,    0,    0]])),
[2024-07-08 18:30:11,215][flwr][INFO] - 	                      (1,
[2024-07-08 18:30:11,215][flwr][INFO] - 	                       array([[506, 108,   0,  11,   0,   6,   4,   0,   1, 344],
[2024-07-08 18:30:11,215][flwr][INFO] - 	       [  0, 946,   0, 157,   1,   1,   5,   0,   5,  20],
[2024-07-08 18:30:11,215][flwr][INFO] - 	       [  0,  74, 404, 424,   6,   2,  43,   1,  10,  68],
[2024-07-08 18:30:11,215][flwr][INFO] - 	       [  2,  33,   1, 880,   3,   4,   1,   3,   4,  79],
[2024-07-08 18:30:11,215][flwr][INFO] - 	       [  0,   6,   0,   0, 643,   5,   9,   0,   0, 319],
[2024-07-08 18:30:11,215][flwr][INFO] - 	       [  2,  96,   2,  68, 180,  85,   8,   0,   3, 448],
[2024-07-08 18:30:11,215][flwr][INFO] - 	       [  0,  21,   0,   1,   7,   1, 819,   0,   0, 109],
[2024-07-08 18:30:11,215][flwr][INFO] - 	       [ 18,  48,   1,  71,   3,   0,   0, 315,   0, 572],
[2024-07-08 18:30:11,215][flwr][INFO] - 	       [  0,  58,   1,  31,  12,   2,   8,   1,  73, 788],
[2024-07-08 18:30:11,215][flwr][INFO] - 	       [  0,   7,   0,   5,  29,   1,   2,   0,   0, 965]])),
[2024-07-08 18:30:11,215][flwr][INFO] - 	                      (2,
[2024-07-08 18:30:11,215][flwr][INFO] - 	                       array([[964,   1,   2,   1,   1,   0,   5,   1,   5,   0],
[2024-07-08 18:30:11,215][flwr][INFO] - 	       [  0, 601, 387,  25,  12,   0,   4,   0, 106,   0],
[2024-07-08 18:30:11,215][flwr][INFO] - 	       [ 17,   5, 941,  11,  28,   0,   4,   6,  19,   1],
[2024-07-08 18:30:11,215][flwr][INFO] - 	       [ 11,   5, 106, 826,   7,   8,   5,   6,  34,   2],
[2024-07-08 18:30:11,215][flwr][INFO] - 	       [  1,   0,   9,   0, 949,   1,   5,   0,   6,  11],
[2024-07-08 18:30:11,215][flwr][INFO] - 	       [ 32,   5,   9,  86,  54, 556,  24,   4, 110,  12],
[2024-07-08 18:30:11,215][flwr][INFO] - 	       [ 27,   3,  10,   1,  60,   4, 832,   3,  18,   0],
[2024-07-08 18:30:11,215][flwr][INFO] - 	       [  6,   5,  69,  15,  41,   0,   0, 868,   4,  20],
[2024-07-08 18:30:11,215][flwr][INFO] - 	       [ 11,   1, 102,   8,  18,   4,   7,   1, 817,   5],
[2024-07-08 18:30:11,215][flwr][INFO] - 	       [ 20,   4,   9,  13, 269,   2,   0,  20,  24, 648]])),
[2024-07-08 18:30:11,215][flwr][INFO] - 	                      (3,
[2024-07-08 18:30:11,215][flwr][INFO] - 	                       array([[964,   0,   0,   1,   0,   2,   4,   3,   6,   0],
[2024-07-08 18:30:11,215][flwr][INFO] - 	       [  0, 978, 108,   5,   1,   1,   3,   2,  37,   0],
[2024-07-08 18:30:11,215][flwr][INFO] - 	       [ 12,   2, 930,  10,  14,   0,   6,  15,  43,   0],
[2024-07-08 18:30:11,215][flwr][INFO] - 	       [  6,   4,  41, 871,   1,  26,   2,  15,  43,   1],
[2024-07-08 18:30:11,215][flwr][INFO] - 	       [  1,   2,   6,   1, 907,   4,  15,   4,  32,  10],
[2024-07-08 18:30:11,215][flwr][INFO] - 	       [  9,   1,   1,  29,   4, 758,  19,   6,  65,   0],
[2024-07-08 18:30:11,215][flwr][INFO] - 	       [ 22,   1,   2,   1,  23,   7, 873,   2,  27,   0],
[2024-07-08 18:30:11,215][flwr][INFO] - 	       [  1,   3,  39,   1,   5,   0,   0, 967,  10,   2],
[2024-07-08 18:30:11,215][flwr][INFO] - 	       [  6,   3,   3,   6,   5,   2,   5,   4, 939,   1],
[2024-07-08 18:30:11,215][flwr][INFO] - 	       [ 12,   5,   0,   7,  62,  17,   0, 111, 387, 408]])),
[2024-07-08 18:30:11,215][flwr][INFO] - 	                      (4,
[2024-07-08 18:30:11,215][flwr][INFO] - 	                       array([[ 964,    0,    2,    1,    0,    2,    3,    2,    5,    1],
[2024-07-08 18:30:11,215][flwr][INFO] - 	       [   0, 1097,    6,    3,    1,    1,    3,    3,   21,    0],
[2024-07-08 18:30:11,215][flwr][INFO] - 	       [  12,    3,  931,   14,    4,    0,    3,   19,   45,    1],
[2024-07-08 18:30:11,215][flwr][INFO] - 	       [   7,    5,   31,  876,    0,   18,    1,   21,   51,    0],
[2024-07-08 18:30:11,215][flwr][INFO] - 	       [   1,    2,    9,    0,  870,    7,   24,    5,   25,   39],
[2024-07-08 18:30:11,215][flwr][INFO] - 	       [   9,    1,    1,   22,    2,  775,   17,    6,   57,    2],
[2024-07-08 18:30:11,216][flwr][INFO] - 	       [  15,    3,    4,    1,    5,   14,  899,    5,   11,    1],
[2024-07-08 18:30:11,216][flwr][INFO] - 	       [   1,    4,   31,    1,    0,    0,    0,  981,    4,    6],
[2024-07-08 18:30:11,216][flwr][INFO] - 	       [   9,    2,    2,    5,    5,    4,    8,   11,  922,    6],
[2024-07-08 18:30:11,216][flwr][INFO] - 	       [  12,    3,    0,    5,   18,    5,    0,   61,   98,  807]])),
[2024-07-08 18:30:11,216][flwr][INFO] - 	                      (5,
[2024-07-08 18:30:11,216][flwr][INFO] - 	                       array([[ 968,    0,    2,    1,    0,    2,    2,    2,    3,    0],
[2024-07-08 18:30:11,216][flwr][INFO] - 	       [   0, 1104,    6,    4,    1,    1,    3,    1,   14,    1],
[2024-07-08 18:30:11,216][flwr][INFO] - 	       [  14,    2,  921,   29,    6,    0,    4,   12,   42,    2],
[2024-07-08 18:30:11,216][flwr][INFO] - 	       [   6,    0,   23,  911,    2,   17,    1,   14,   32,    4],
[2024-07-08 18:30:11,216][flwr][INFO] - 	       [   1,    0,    2,    2,  924,    0,   11,    2,    6,   34],
[2024-07-08 18:30:11,216][flwr][INFO] - 	       [   8,    1,    1,   25,    2,  802,   13,    5,   29,    6],
[2024-07-08 18:30:11,216][flwr][INFO] - 	       [  17,    3,    2,    2,   13,   10,  898,    1,   11,    1],
[2024-07-08 18:30:11,216][flwr][INFO] - 	       [   3,    4,   22,    4,    3,    1,    0,  963,    4,   24],
[2024-07-08 18:30:11,216][flwr][INFO] - 	       [  13,    2,    3,   11,    9,    6,    6,    5,  904,   15],
[2024-07-08 18:30:11,216][flwr][INFO] - 	       [  11,    4,    1,    7,   52,    5,    0,   13,   40,  876]])),
[2024-07-08 18:30:11,216][flwr][INFO] - 	                      (6,
[2024-07-08 18:30:11,216][flwr][INFO] - 	                       array([[ 960,    0,    1,    1,    2,    4,    3,    1,    6,    2],
[2024-07-08 18:30:11,216][flwr][INFO] - 	       [   0, 1091,    1,    5,    1,    1,    3,    2,   30,    1],
[2024-07-08 18:30:11,216][flwr][INFO] - 	       [  10,    1,  917,    9,    8,    1,    3,   18,   65,    0],
[2024-07-08 18:30:11,216][flwr][INFO] - 	       [   5,    1,   22,  879,    1,   33,    1,   13,   49,    6],
[2024-07-08 18:30:11,216][flwr][INFO] - 	       [   1,    1,    4,    1,  903,    1,    8,    2,   12,   49],
[2024-07-08 18:30:11,216][flwr][INFO] - 	       [   5,    0,    1,   13,    2,  826,   12,    4,   25,    4],
[2024-07-08 18:30:11,216][flwr][INFO] - 	       [  10,    2,    2,    1,   17,   17,  891,    1,   16,    1],
[2024-07-08 18:30:11,216][flwr][INFO] - 	       [   1,    4,   21,    2,    4,    1,    0,  971,    2,   22],
[2024-07-08 18:30:11,216][flwr][INFO] - 	       [   6,    0,    1,    4,    5,    9,    7,    5,  917,   20],
[2024-07-08 18:30:11,216][flwr][INFO] - 	       [   7,    2,    1,    4,   22,   15,    0,   25,  105,  828]])),
[2024-07-08 18:30:11,216][flwr][INFO] - 	                      (7,
[2024-07-08 18:30:11,216][flwr][INFO] - 	                       array([[ 964,    0,    3,    1,    1,    2,    1,    2,    4,    2],
[2024-07-08 18:30:11,216][flwr][INFO] - 	       [   0, 1093,    0,    7,    1,    1,    3,    1,   27,    2],
[2024-07-08 18:30:11,216][flwr][INFO] - 	       [  11,    2,  913,   27,    9,    0,    2,   16,   51,    1],
[2024-07-08 18:30:11,216][flwr][INFO] - 	       [   4,    0,   19,  898,    0,   24,    1,   12,   42,   10],
[2024-07-08 18:30:11,216][flwr][INFO] - 	       [   1,    0,    7,    1,  913,    1,    7,    2,   14,   36],
[2024-07-08 18:30:11,216][flwr][INFO] - 	       [   5,    0,    1,   13,    5,  825,   10,    3,   24,    6],
[2024-07-08 18:30:11,216][flwr][INFO] - 	       [  15,    3,    1,    1,   16,   11,  898,    1,   11,    1],
[2024-07-08 18:30:11,216][flwr][INFO] - 	       [   1,    5,   20,    7,    3,    0,    0,  959,    2,   31],
[2024-07-08 18:30:11,216][flwr][INFO] - 	       [  11,    0,    1,    7,    8,    6,    7,    2,  906,   26],
[2024-07-08 18:30:11,216][flwr][INFO] - 	       [   9,    3,    1,    5,   28,    6,    0,    7,   54,  896]])),
[2024-07-08 18:30:11,216][flwr][INFO] - 	                      (8,
[2024-07-08 18:30:11,216][flwr][INFO] - 	                       array([[ 962,    0,    2,    1,    1,    4,    1,    2,    3,    4],
[2024-07-08 18:30:11,216][flwr][INFO] - 	       [   0, 1099,    0,    8,    1,    1,    3,    1,   19,    3],
[2024-07-08 18:30:11,216][flwr][INFO] - 	       [   8,    3,  899,   55,    9,    0,    2,   20,   34,    2],
[2024-07-08 18:30:11,216][flwr][INFO] - 	       [   2,    0,   10,  906,    0,   15,    0,   19,   54,    4],
[2024-07-08 18:30:11,216][flwr][INFO] - 	       [   1,    1,    3,    3,  907,    1,    9,    2,   13,   42],
[2024-07-08 18:30:11,216][flwr][INFO] - 	       [   4,    0,    0,   18,    3,  824,    7,    4,   25,    7],
[2024-07-08 18:30:11,216][flwr][INFO] - 	       [  14,    4,    2,    2,   12,   20,  884,    4,   15,    1],
[2024-07-08 18:30:11,216][flwr][INFO] - 	       [   1,    4,   14,   10,    0,    1,    0,  973,    0,   25],
[2024-07-08 18:30:11,216][flwr][INFO] - 	       [   5,    0,    0,   13,    9,    9,    6,    3,  892,   37],
[2024-07-08 18:30:11,216][flwr][INFO] - 	       [   9,    4,    0,    2,   17,    6,    0,   18,   46,  907]])),
[2024-07-08 18:30:11,216][flwr][INFO] - 	                      (9,
[2024-07-08 18:30:11,217][flwr][INFO] - 	                       array([[ 966,    0,    2,    1,    0,    2,    1,    2,    4,    2],
[2024-07-08 18:30:11,217][flwr][INFO] - 	       [   0, 1104,    2,    7,    1,    1,    2,    1,   14,    3],
[2024-07-08 18:30:11,217][flwr][INFO] - 	       [   8,    2,  947,   32,    9,    0,    2,    9,   20,    3],
[2024-07-08 18:30:11,217][flwr][INFO] - 	       [   4,    0,   24,  864,    0,   36,    1,   18,   54,    9],
[2024-07-08 18:30:11,217][flwr][INFO] - 	       [   1,    1,    4,    3,  905,    0,    8,    2,    7,   51],
[2024-07-08 18:30:11,217][flwr][INFO] - 	       [   7,    0,    0,   15,    4,  831,    7,    3,   16,    9],
[2024-07-08 18:30:11,217][flwr][INFO] - 	       [  18,    3,    7,    2,   14,   16,  881,    1,   14,    2],
[2024-07-08 18:30:11,217][flwr][INFO] - 	       [   1,    4,   19,    9,    0,    1,    0,  964,    2,   28],
[2024-07-08 18:30:11,217][flwr][INFO] - 	       [  12,    1,    1,   16,    6,    7,    9,    3,  864,   55],
[2024-07-08 18:30:11,217][flwr][INFO] - 	       [  11,    4,    1,    3,   16,    4,    0,    8,   27,  935]])),
[2024-07-08 18:30:11,217][flwr][INFO] - 	                      (10,
[2024-07-08 18:30:11,217][flwr][INFO] - 	                       array([[ 960,    0,    1,    1,    1,    2,    1,    2,    8,    4],
[2024-07-08 18:30:11,217][flwr][INFO] - 	       [   0, 1113,    1,    4,    1,    1,    2,    1,   10,    2],
[2024-07-08 18:30:11,217][flwr][INFO] - 	       [   5,    3,  915,   55,    7,    1,    3,   12,   29,    2],
[2024-07-08 18:30:11,217][flwr][INFO] - 	       [   0,    0,   13,  885,    0,   27,    0,   22,   55,    8],
[2024-07-08 18:30:11,217][flwr][INFO] - 	       [   1,    2,    2,    4,  910,    0,    9,    3,   10,   41],
[2024-07-08 18:30:11,217][flwr][INFO] - 	       [   4,    1,    0,   12,    2,  838,    5,    5,   21,    4],
[2024-07-08 18:30:11,217][flwr][INFO] - 	       [  12,    3,    4,    1,    7,   23,  890,    2,   15,    1],
[2024-07-08 18:30:11,217][flwr][INFO] - 	       [   0,    6,   14,    4,    1,    1,    0,  982,    3,   17],
[2024-07-08 18:30:11,217][flwr][INFO] - 	       [   6,    1,    1,    9,    8,    8,    9,    5,  888,   39],
[2024-07-08 18:30:11,217][flwr][INFO] - 	       [   8,    4,    1,    5,   14,    3,    0,   14,   32,  928]]))],
[2024-07-08 18:30:11,217][flwr][INFO] - 	 'f1': [(0, 0.03553137346181725),
[2024-07-08 18:30:11,217][flwr][INFO] - 	        (1, 0.5452635666882173),
[2024-07-08 18:30:11,217][flwr][INFO] - 	        (2, 0.7997105594343864),
[2024-07-08 18:30:11,217][flwr][INFO] - 	        (3, 0.8551060969896512),
[2024-07-08 18:30:11,217][flwr][INFO] - 	        (4, 0.9127617200211383),
[2024-07-08 18:30:11,217][flwr][INFO] - 	        (5, 0.9272033382609054),
[2024-07-08 18:30:11,217][flwr][INFO] - 	        (6, 0.9191541353768132),
[2024-07-08 18:30:11,217][flwr][INFO] - 	        (7, 0.9270219566879323),
[2024-07-08 18:30:11,217][flwr][INFO] - 	        (8, 0.9257682794333137),
[2024-07-08 18:30:11,217][flwr][INFO] - 	        (9, 0.9263071883459143),
[2024-07-08 18:30:11,217][flwr][INFO] - 	        (10, 0.9311642823059868)],
[2024-07-08 18:30:11,217][flwr][INFO] - 	 'precision': [(0, 0.12349967530374152),
[2024-07-08 18:30:11,217][flwr][INFO] - 	               (1, 0.7576974968245292),
[2024-07-08 18:30:11,217][flwr][INFO] - 	               (2, 0.8410039381591314),
[2024-07-08 18:30:11,217][flwr][INFO] - 	               (3, 0.885179214859525),
[2024-07-08 18:30:11,217][flwr][INFO] - 	               (4, 0.9180573844544051),
[2024-07-08 18:30:11,217][flwr][INFO] - 	               (5, 0.9283966217675932),
[2024-07-08 18:30:11,217][flwr][INFO] - 	               (6, 0.9231914391649186),
[2024-07-08 18:30:11,217][flwr][INFO] - 	               (7, 0.9290162250618265),
[2024-07-08 18:30:11,217][flwr][INFO] - 	               (8, 0.9276109384625013),
[2024-07-08 18:30:11,217][flwr][INFO] - 	               (9, 0.9273941725202145),
[2024-07-08 18:30:11,217][flwr][INFO] - 	               (10, 0.9323842302400898)],
[2024-07-08 18:30:11,217][flwr][INFO] - 	 'recall': [(0, 0.1086),
[2024-07-08 18:30:11,217][flwr][INFO] - 	            (1, 0.5636),
[2024-07-08 18:30:11,217][flwr][INFO] - 	            (2, 0.8002),
[2024-07-08 18:30:11,217][flwr][INFO] - 	            (3, 0.8595),
[2024-07-08 18:30:11,217][flwr][INFO] - 	            (4, 0.9122),
[2024-07-08 18:30:11,217][flwr][INFO] - 	            (5, 0.9271),
[2024-07-08 18:30:11,218][flwr][INFO] - 	            (6, 0.9183),
[2024-07-08 18:30:11,218][flwr][INFO] - 	            (7, 0.9265),
[2024-07-08 18:30:11,218][flwr][INFO] - 	            (8, 0.9253),
[2024-07-08 18:30:11,218][flwr][INFO] - 	            (9, 0.9261),
[2024-07-08 18:30:11,218][flwr][INFO] - 	            (10, 0.9309)]}
[2024-07-08 18:30:11,218][flwr][INFO] - 
