[2024-07-08 18:40:19,637][flwr][INFO] - Starting Flower simulation, config: num_rounds=10, no round_timeout
[2024-07-08 18:40:20,508][flwr][INFO] - Flower VCE: Ray initialized with resources: {'memory': 8870119015.0, 'object_store_memory': 2147483648.0, 'node:127.0.0.1': 1.0, 'CPU': 12.0, 'node:__internal_head__': 1.0}
[2024-07-08 18:40:20,509][flwr][INFO] - Optimize your simulation with Flower VCE: https://flower.ai/docs/framework/how-to-run-simulations.html
[2024-07-08 18:40:20,509][flwr][INFO] - Flower VCE: Resources for each Virtual Client: {'num_cpus': 2, 'num_gpus': 0}
[2024-07-08 18:40:20,515][flwr][INFO] - Flower VCE: Creating VirtualClientEngineActorPool with 6 actors
[2024-07-08 18:40:20,515][flwr][INFO] - [INIT]
[2024-07-08 18:40:20,515][flwr][INFO] - Requesting initial parameters from one random client
[2024-07-08 18:40:22,310][flwr][INFO] - Received initial parameters from one random client
[2024-07-08 18:40:22,311][flwr][INFO] - Evaluating initial global parameters
[2024-07-08 18:40:22,652][flwr][INFO] - initial parameters (loss, other metrics): 181.76928067207336, {'accuracy': 0.1086, 'precision': 0.12349967530374152, 'recall': 0.1086, 'f1': 0.03553137346181725, 'confusion_matrix': array([[   0,    8,    0,  956,    0,    1,    0,   15,    0,    0],
       [   0,  122,    0, 1013,    0,    0,    0,    0,    0,    0],
       [   0,   38,    0,  971,    0,    0,    3,   19,    1,    0],
       [   0,   44,    0,  945,    1,    1,    0,   17,    2,    0],
       [   0,  143,    0,  816,    1,    0,    2,   20,    0,    0],
       [   0,  118,    0,  735,    1,    7,    0,   30,    1,    0],
       [   0,  144,    0,  749,   25,    0,    2,   38,    0,    0],
       [   0,  272,    0,  724,    8,    0,    0,    9,   15,    0],
       [   0,   81,    0,  859,    1,    0,    1,   32,    0,    0],
       [   0,  178,    0,  799,    1,    0,    0,   31,    0,    0]])}
[2024-07-08 18:40:22,652][flwr][INFO] - 
[2024-07-08 18:40:22,652][flwr][INFO] - [ROUND 1]
[2024-07-08 18:40:22,653][flwr][INFO] - configure_fit: strategy sampled 10 clients (out of 10)
[2024-07-08 18:40:29,896][flwr][INFO] - aggregate_fit: received 10 results and 0 failures
[2024-07-08 18:40:29,901][flwr][WARNING] - No fit_metrics_aggregation_fn provided
[2024-07-08 18:40:30,247][flwr][INFO] - fit progress: (1, 132.20679450035095, {'accuracy': 0.6781, 'precision': 0.7868715272712541, 'recall': 0.6781, 'f1': 0.67428406163912, 'confusion_matrix': array([[901,   1,   0,   3,   3,  25,   8,   0,   0,  39],
       [  0, 851,   4, 156,   0,  96,   5,   0,   5,  18],
       [ 16,  10, 665, 213,   7,  16,  21,   5,   6,  73],
       [  5,   2,   3, 851,   5,  78,   4,   2,   0,  60],
       [  0,   0,   0,   1, 656,   8,   4,   0,   0, 313],
       [ 24,   3,   0,  31, 183, 593,  10,   0,   1,  47],
       [ 10,   4,   0,   3,  20,  89, 786,   2,   0,  44],
       [  2,   2,   9,  82,   2,   4,   0, 524,   0, 403],
       [  6,   4,   0,  47,  84,  65,   5,   1,  82, 680],
       [  2,   1,   0,   3, 118,  11,   1,   1,   0, 872]])}, 7.595270125)
[2024-07-08 18:40:30,248][flwr][INFO] - configure_evaluate: no clients selected, skipping evaluation
[2024-07-08 18:40:30,248][flwr][INFO] - 
[2024-07-08 18:40:30,248][flwr][INFO] - [ROUND 2]
[2024-07-08 18:40:30,248][flwr][INFO] - configure_fit: strategy sampled 10 clients (out of 10)
[2024-07-08 18:40:36,339][flwr][INFO] - aggregate_fit: received 10 results and 0 failures
[2024-07-08 18:40:36,691][flwr][INFO] - fit progress: (2, 50.18986877799034, {'accuracy': 0.8672, 'precision': 0.8893305072186315, 'recall': 0.8672, 'f1': 0.8702497204559744, 'confusion_matrix': array([[ 903,    0,    0,    7,    0,    6,    8,    3,   53,    0],
       [   0, 1056,    2,   10,    1,    0,    3,    0,   63,    0],
       [   4,    3,  859,   43,   20,    1,    9,   13,   80,    0],
       [   0,    0,   18,  920,    3,    5,    1,    6,   53,    4],
       [   0,    1,    2,    1,  930,    3,    7,    0,   27,   11],
       [   5,    5,    1,   82,   24,  626,   12,    8,  123,    6],
       [   9,    2,    0,    1,   44,   16,  807,    2,   77,    0],
       [   2,    9,   57,   12,   14,    0,    0,  871,   24,   39],
       [   0,    3,    2,   14,   10,    4,    1,    2,  937,    1],
       [   5,    2,    1,   11,  126,    3,    1,    5,   92,  763]])}, 14.039192374999999)
[2024-07-08 18:40:36,692][flwr][INFO] - configure_evaluate: no clients selected, skipping evaluation
[2024-07-08 18:40:36,692][flwr][INFO] - 
[2024-07-08 18:40:36,692][flwr][INFO] - [ROUND 3]
[2024-07-08 18:40:36,692][flwr][INFO] - configure_fit: strategy sampled 10 clients (out of 10)
[2024-07-08 18:40:42,474][flwr][INFO] - aggregate_fit: received 10 results and 0 failures
[2024-07-08 18:40:42,827][flwr][INFO] - fit progress: (3, 27.66911419853568, {'accuracy': 0.9082, 'precision': 0.9138766056934317, 'recall': 0.9082, 'f1': 0.9077890477359729, 'confusion_matrix': array([[ 957,    1,    0,    1,    1,    1,   10,    1,    8,    0],
       [   0, 1114,    2,    4,    1,    0,    3,    0,   11,    0],
       [  10,   23,  831,   67,   20,    1,   10,   26,   44,    0],
       [   1,    3,   11,  947,    3,    3,    1,    9,   29,    3],
       [   1,    2,    2,    1,  938,    1,    8,    0,   11,   18],
       [  10,    2,    0,   74,   26,  689,   17,   11,   59,    4],
       [  10,    4,    0,    2,   16,   16,  892,    2,   16,    0],
       [   3,   17,   14,    9,   11,    0,    1,  954,    5,   14],
       [   3,    8,    2,   17,   15,    0,    9,    4,  912,    4],
       [   8,    7,    0,   15,   89,    0,    1,   14,   27,  848]])}, 20.175394416)
[2024-07-08 18:40:42,828][flwr][INFO] - configure_evaluate: no clients selected, skipping evaluation
[2024-07-08 18:40:42,828][flwr][INFO] - 
[2024-07-08 18:40:42,828][flwr][INFO] - [ROUND 4]
[2024-07-08 18:40:42,828][flwr][INFO] - configure_fit: strategy sampled 10 clients (out of 10)
[2024-07-08 18:40:49,521][flwr][INFO] - aggregate_fit: received 10 results and 0 failures
[2024-07-08 18:40:49,871][flwr][INFO] - fit progress: (4, 20.59250241331756, {'accuracy': 0.928, 'precision': 0.929917780242781, 'recall': 0.928, 'f1': 0.9279183043263387, 'confusion_matrix': array([[ 962,    0,    0,    1,    0,    3,    6,    1,    7,    0],
       [   0, 1114,    2,    3,    1,    1,    3,    0,   11,    0],
       [  12,    8,  887,   30,    6,    1,   12,   21,   54,    1],
       [   2,    1,    9,  921,    2,   18,    1,   13,   40,    3],
       [   1,    1,    2,    0,  930,    2,   14,    2,   11,   19],
       [   7,    1,    0,   28,    6,  808,   14,    6,   20,    2],
       [   7,    3,    1,    0,   10,   18,  906,    3,   10,    0],
       [   2,   14,   16,    3,    6,    0,    0,  973,    3,   11],
       [   3,    4,    1,   12,    8,    7,   13,    6,  917,    3],
       [  12,    7,    0,    9,   71,   10,    0,   14,   24,  862]])}, 27.219426582999997)
[2024-07-08 18:40:49,872][flwr][INFO] - configure_evaluate: no clients selected, skipping evaluation
[2024-07-08 18:40:49,872][flwr][INFO] - 
[2024-07-08 18:40:49,872][flwr][INFO] - [ROUND 5]
[2024-07-08 18:40:49,872][flwr][INFO] - configure_fit: strategy sampled 10 clients (out of 10)
[2024-07-08 18:40:55,863][flwr][INFO] - aggregate_fit: received 10 results and 0 failures
[2024-07-08 18:40:56,219][flwr][INFO] - fit progress: (5, 18.81208991073072, {'accuracy': 0.9347, 'precision': 0.9359311132301412, 'recall': 0.9347, 'f1': 0.9345595338946594, 'confusion_matrix': array([[ 967,    0,    0,    1,    0,    3,    5,    1,    3,    0],
       [   0, 1117,    1,    3,    1,    0,    3,    1,    9,    0],
       [  18,   10,  895,   44,   10,    0,    7,   20,   27,    1],
       [   2,    0,    5,  964,    1,    6,    0,   10,   21,    1],
       [   1,    1,    3,    1,  926,    1,   11,    3,    8,   27],
       [  10,    1,    0,   40,    6,  793,   13,    6,   17,    6],
       [  12,    3,    1,    2,   14,   14,  905,    2,    4,    1],
       [   3,   11,   11,    7,    3,    1,    0,  976,    0,   16],
       [   8,    6,    1,   25,    9,    5,   11,   10,  889,   10],
       [  13,    6,    0,   15,   39,    2,    0,   10,    9,  915]])}, 33.567126958)
[2024-07-08 18:40:56,219][flwr][INFO] - configure_evaluate: no clients selected, skipping evaluation
[2024-07-08 18:40:56,219][flwr][INFO] - 
[2024-07-08 18:40:56,219][flwr][INFO] - [ROUND 6]
[2024-07-08 18:40:56,220][flwr][INFO] - configure_fit: strategy sampled 10 clients (out of 10)
[2024-07-08 18:41:02,082][flwr][INFO] - aggregate_fit: received 10 results and 0 failures
[2024-07-08 18:41:02,432][flwr][INFO] - fit progress: (6, 18.194302026182413, {'accuracy': 0.9391, 'precision': 0.9393773276130105, 'recall': 0.9391, 'f1': 0.9389025464001237, 'confusion_matrix': array([[ 969,    0,    0,    1,    1,    2,    4,    2,    1,    0],
       [   0, 1123,    2,    3,    1,    1,    3,    0,    2,    0],
       [  17,   10,  951,   19,    9,    0,    6,   11,    9,    0],
       [   3,    2,   16,  949,    3,    8,    1,   10,   15,    3],
       [   1,    0,    8,    0,  928,    1,    5,    1,    3,   35],
       [  11,    1,    2,   32,    5,  804,   12,    8,    9,    8],
       [  13,    3,    5,    1,   11,   18,  901,    5,    1,    0],
       [   3,   14,   17,    5,    3,    0,    0,  972,    0,   14],
       [  14,    7,    3,   20,   10,   14,   14,   11,  861,   20],
       [  13,    6,    0,   14,   31,    2,    0,    5,    5,  933]])}, 39.780684833)
[2024-07-08 18:41:02,433][flwr][INFO] - configure_evaluate: no clients selected, skipping evaluation
[2024-07-08 18:41:02,433][flwr][INFO] - 
[2024-07-08 18:41:02,433][flwr][INFO] - [ROUND 7]
[2024-07-08 18:41:02,433][flwr][INFO] - configure_fit: strategy sampled 10 clients (out of 10)
[2024-07-08 18:41:08,728][flwr][INFO] - aggregate_fit: received 10 results and 0 failures
[2024-07-08 18:41:09,074][flwr][INFO] - fit progress: (7, 16.120045317336917, {'accuracy': 0.9407, 'precision': 0.940928815032053, 'recall': 0.9407, 'f1': 0.9406661495498191, 'confusion_matrix': array([[ 967,    0,    0,    1,    0,    3,    4,    1,    3,    1],
       [   0, 1114,    2,    3,    1,    1,    3,    1,   10,    0],
       [  10,    5,  951,   26,    6,    2,    7,   13,   10,    2],
       [   3,    1,   15,  931,    1,   24,    2,    8,   21,    4],
       [   1,    0,    9,    0,  908,    1,    7,    1,    7,   48],
       [   7,    1,    2,   22,    2,  828,    9,    5,    8,    8],
       [  11,    3,    2,    0,    9,   21,  906,    3,    3,    0],
       [   2,    9,   16,    6,    3,    0,    0,  966,    0,   26],
       [   8,    4,    1,   16,    8,   18,   15,    6,  884,   14],
       [   9,    5,    0,   11,   16,    2,    0,    5,    9,  952]])}, 46.422517666000005)
[2024-07-08 18:41:09,075][flwr][INFO] - configure_evaluate: no clients selected, skipping evaluation
[2024-07-08 18:41:09,075][flwr][INFO] - 
[2024-07-08 18:41:09,075][flwr][INFO] - [ROUND 8]
[2024-07-08 18:41:09,075][flwr][INFO] - configure_fit: strategy sampled 10 clients (out of 10)
[2024-07-08 18:41:14,858][flwr][INFO] - aggregate_fit: received 10 results and 0 failures
[2024-07-08 18:41:15,212][flwr][INFO] - fit progress: (8, 15.531087988987565, {'accuracy': 0.9475, 'precision': 0.9475377545494926, 'recall': 0.9475, 'f1': 0.9474351642265583, 'confusion_matrix': array([[ 967,    0,    1,    1,    0,    4,    3,    1,    2,    1],
       [   0, 1120,    2,    3,    0,    1,    3,    0,    6,    0],
       [   7,    5,  973,   13,    6,    1,    7,   11,    9,    0],
       [   2,    0,   16,  927,    2,   11,    0,   13,   32,    7],
       [   1,    0,    6,    0,  923,    2,    8,    1,    5,   36],
       [   4,    1,    3,   26,    2,  815,   14,    5,   14,    8],
       [  10,    3,    2,    1,    7,   14,  916,    2,    3,    0],
       [   1,   10,   18,    4,    1,    0,    0,  978,    2,   14],
       [   6,    2,    2,   11,    6,    9,   16,    3,  916,    3],
       [   8,    5,    0,   10,   22,    2,    1,    6,   15,  940]])}, 52.560726833000004)
[2024-07-08 18:41:15,213][flwr][INFO] - configure_evaluate: no clients selected, skipping evaluation
[2024-07-08 18:41:15,213][flwr][INFO] - 
[2024-07-08 18:41:15,213][flwr][INFO] - [ROUND 9]
[2024-07-08 18:41:15,213][flwr][INFO] - configure_fit: strategy sampled 10 clients (out of 10)
[2024-07-08 18:41:21,174][flwr][INFO] - aggregate_fit: received 10 results and 0 failures
[2024-07-08 18:41:21,525][flwr][INFO] - fit progress: (9, 15.160269362851977, {'accuracy': 0.9471, 'precision': 0.9471235765988675, 'recall': 0.9471, 'f1': 0.946989382897298, 'confusion_matrix': array([[ 968,    0,    0,    1,    1,    3,    4,    1,    1,    1],
       [   0, 1118,    4,    3,    0,    1,    3,    1,    5,    0],
       [   8,    3,  980,   13,    4,    1,    7,    8,    7,    1],
       [   3,    1,   17,  937,    1,    8,    2,   11,   24,    6],
       [   1,    0,    5,    1,  932,    1,    7,    2,    3,   30],
       [   8,    1,    3,   27,    2,  817,   10,    6,   11,    7],
       [  13,    3,    2,    1,    9,   12,  917,    0,    1,    0],
       [   2,    9,   16,    4,    1,    1,    0,  977,    0,   18],
       [  12,    3,    7,   14,    9,   10,   14,    9,  880,   16],
       [  10,    5,    0,   10,   24,    2,    1,    5,    7,  945]])}, 58.873229458)
[2024-07-08 18:41:21,525][flwr][INFO] - configure_evaluate: no clients selected, skipping evaluation
[2024-07-08 18:41:21,525][flwr][INFO] - 
[2024-07-08 18:41:21,525][flwr][INFO] - [ROUND 10]
[2024-07-08 18:41:21,526][flwr][INFO] - configure_fit: strategy sampled 10 clients (out of 10)
[2024-07-08 18:41:27,534][flwr][INFO] - aggregate_fit: received 10 results and 0 failures
[2024-07-08 18:41:27,876][flwr][INFO] - fit progress: (10, 14.9740259218961, {'accuracy': 0.948, 'precision': 0.9479726009485167, 'recall': 0.948, 'f1': 0.9478954214512856, 'confusion_matrix': array([[ 966,    0,    1,    1,    0,    4,    3,    2,    2,    1],
       [   0, 1121,    2,    2,    0,    1,    3,    1,    5,    0],
       [   8,    8,  977,    8,    4,    2,    6,    9,   10,    0],
       [   1,    2,   21,  913,    2,   26,    0,   13,   24,    8],
       [   1,    0,    7,    0,  939,    4,    2,    1,    1,   27],
       [   5,    1,    3,   20,    2,  828,   10,    5,   11,    7],
       [  11,    3,    2,    1,    8,   20,  908,    1,    4,    0],
       [   1,   10,   18,    3,    0,    0,    0,  984,    0,   12],
       [   5,    3,    5,   11,    9,   17,    7,    6,  895,   16],
       [   7,    9,    0,    8,   20,    2,    1,    7,    6,  949]])}, 65.224145375)
[2024-07-08 18:41:27,876][flwr][INFO] - configure_evaluate: no clients selected, skipping evaluation
[2024-07-08 18:41:27,876][flwr][INFO] - 
[2024-07-08 18:41:27,876][flwr][INFO] - [SUMMARY]
[2024-07-08 18:41:27,876][flwr][INFO] - Run finished 10 round(s) in 65.22s
[2024-07-08 18:41:27,880][flwr][INFO] - 	History (loss, centralized):
[2024-07-08 18:41:27,880][flwr][INFO] - 		round 0: 181.76928067207336
[2024-07-08 18:41:27,880][flwr][INFO] - 		round 1: 132.20679450035095
[2024-07-08 18:41:27,880][flwr][INFO] - 		round 2: 50.18986877799034
[2024-07-08 18:41:27,880][flwr][INFO] - 		round 3: 27.66911419853568
[2024-07-08 18:41:27,880][flwr][INFO] - 		round 4: 20.59250241331756
[2024-07-08 18:41:27,880][flwr][INFO] - 		round 5: 18.81208991073072
[2024-07-08 18:41:27,880][flwr][INFO] - 		round 6: 18.194302026182413
[2024-07-08 18:41:27,880][flwr][INFO] - 		round 7: 16.120045317336917
[2024-07-08 18:41:27,880][flwr][INFO] - 		round 8: 15.531087988987565
[2024-07-08 18:41:27,880][flwr][INFO] - 		round 9: 15.160269362851977
[2024-07-08 18:41:27,880][flwr][INFO] - 		round 10: 14.9740259218961
[2024-07-08 18:41:27,880][flwr][INFO] - 	History (metrics, centralized):
[2024-07-08 18:41:27,880][flwr][INFO] - 	{'accuracy': [(0, 0.1086),
[2024-07-08 18:41:27,881][flwr][INFO] - 	              (1, 0.6781),
[2024-07-08 18:41:27,881][flwr][INFO] - 	              (2, 0.8672),
[2024-07-08 18:41:27,881][flwr][INFO] - 	              (3, 0.9082),
[2024-07-08 18:41:27,881][flwr][INFO] - 	              (4, 0.928),
[2024-07-08 18:41:27,881][flwr][INFO] - 	              (5, 0.9347),
[2024-07-08 18:41:27,881][flwr][INFO] - 	              (6, 0.9391),
[2024-07-08 18:41:27,881][flwr][INFO] - 	              (7, 0.9407),
[2024-07-08 18:41:27,881][flwr][INFO] - 	              (8, 0.9475),
[2024-07-08 18:41:27,881][flwr][INFO] - 	              (9, 0.9471),
[2024-07-08 18:41:27,881][flwr][INFO] - 	              (10, 0.948)],
[2024-07-08 18:41:27,881][flwr][INFO] - 	 'confusion_matrix': [(0,
[2024-07-08 18:41:27,881][flwr][INFO] - 	                       array([[   0,    8,    0,  956,    0,    1,    0,   15,    0,    0],
[2024-07-08 18:41:27,881][flwr][INFO] - 	       [   0,  122,    0, 1013,    0,    0,    0,    0,    0,    0],
[2024-07-08 18:41:27,881][flwr][INFO] - 	       [   0,   38,    0,  971,    0,    0,    3,   19,    1,    0],
[2024-07-08 18:41:27,881][flwr][INFO] - 	       [   0,   44,    0,  945,    1,    1,    0,   17,    2,    0],
[2024-07-08 18:41:27,881][flwr][INFO] - 	       [   0,  143,    0,  816,    1,    0,    2,   20,    0,    0],
[2024-07-08 18:41:27,881][flwr][INFO] - 	       [   0,  118,    0,  735,    1,    7,    0,   30,    1,    0],
[2024-07-08 18:41:27,881][flwr][INFO] - 	       [   0,  144,    0,  749,   25,    0,    2,   38,    0,    0],
[2024-07-08 18:41:27,881][flwr][INFO] - 	       [   0,  272,    0,  724,    8,    0,    0,    9,   15,    0],
[2024-07-08 18:41:27,881][flwr][INFO] - 	       [   0,   81,    0,  859,    1,    0,    1,   32,    0,    0],
[2024-07-08 18:41:27,881][flwr][INFO] - 	       [   0,  178,    0,  799,    1,    0,    0,   31,    0,    0]])),
[2024-07-08 18:41:27,881][flwr][INFO] - 	                      (1,
[2024-07-08 18:41:27,881][flwr][INFO] - 	                       array([[901,   1,   0,   3,   3,  25,   8,   0,   0,  39],
[2024-07-08 18:41:27,881][flwr][INFO] - 	       [  0, 851,   4, 156,   0,  96,   5,   0,   5,  18],
[2024-07-08 18:41:27,881][flwr][INFO] - 	       [ 16,  10, 665, 213,   7,  16,  21,   5,   6,  73],
[2024-07-08 18:41:27,881][flwr][INFO] - 	       [  5,   2,   3, 851,   5,  78,   4,   2,   0,  60],
[2024-07-08 18:41:27,881][flwr][INFO] - 	       [  0,   0,   0,   1, 656,   8,   4,   0,   0, 313],
[2024-07-08 18:41:27,881][flwr][INFO] - 	       [ 24,   3,   0,  31, 183, 593,  10,   0,   1,  47],
[2024-07-08 18:41:27,881][flwr][INFO] - 	       [ 10,   4,   0,   3,  20,  89, 786,   2,   0,  44],
[2024-07-08 18:41:27,881][flwr][INFO] - 	       [  2,   2,   9,  82,   2,   4,   0, 524,   0, 403],
[2024-07-08 18:41:27,881][flwr][INFO] - 	       [  6,   4,   0,  47,  84,  65,   5,   1,  82, 680],
[2024-07-08 18:41:27,881][flwr][INFO] - 	       [  2,   1,   0,   3, 118,  11,   1,   1,   0, 872]])),
[2024-07-08 18:41:27,881][flwr][INFO] - 	                      (2,
[2024-07-08 18:41:27,881][flwr][INFO] - 	                       array([[ 903,    0,    0,    7,    0,    6,    8,    3,   53,    0],
[2024-07-08 18:41:27,881][flwr][INFO] - 	       [   0, 1056,    2,   10,    1,    0,    3,    0,   63,    0],
[2024-07-08 18:41:27,881][flwr][INFO] - 	       [   4,    3,  859,   43,   20,    1,    9,   13,   80,    0],
[2024-07-08 18:41:27,881][flwr][INFO] - 	       [   0,    0,   18,  920,    3,    5,    1,    6,   53,    4],
[2024-07-08 18:41:27,881][flwr][INFO] - 	       [   0,    1,    2,    1,  930,    3,    7,    0,   27,   11],
[2024-07-08 18:41:27,881][flwr][INFO] - 	       [   5,    5,    1,   82,   24,  626,   12,    8,  123,    6],
[2024-07-08 18:41:27,881][flwr][INFO] - 	       [   9,    2,    0,    1,   44,   16,  807,    2,   77,    0],
[2024-07-08 18:41:27,881][flwr][INFO] - 	       [   2,    9,   57,   12,   14,    0,    0,  871,   24,   39],
[2024-07-08 18:41:27,881][flwr][INFO] - 	       [   0,    3,    2,   14,   10,    4,    1,    2,  937,    1],
[2024-07-08 18:41:27,881][flwr][INFO] - 	       [   5,    2,    1,   11,  126,    3,    1,    5,   92,  763]])),
[2024-07-08 18:41:27,881][flwr][INFO] - 	                      (3,
[2024-07-08 18:41:27,881][flwr][INFO] - 	                       array([[ 957,    1,    0,    1,    1,    1,   10,    1,    8,    0],
[2024-07-08 18:41:27,881][flwr][INFO] - 	       [   0, 1114,    2,    4,    1,    0,    3,    0,   11,    0],
[2024-07-08 18:41:27,881][flwr][INFO] - 	       [  10,   23,  831,   67,   20,    1,   10,   26,   44,    0],
[2024-07-08 18:41:27,882][flwr][INFO] - 	       [   1,    3,   11,  947,    3,    3,    1,    9,   29,    3],
[2024-07-08 18:41:27,882][flwr][INFO] - 	       [   1,    2,    2,    1,  938,    1,    8,    0,   11,   18],
[2024-07-08 18:41:27,882][flwr][INFO] - 	       [  10,    2,    0,   74,   26,  689,   17,   11,   59,    4],
[2024-07-08 18:41:27,882][flwr][INFO] - 	       [  10,    4,    0,    2,   16,   16,  892,    2,   16,    0],
[2024-07-08 18:41:27,882][flwr][INFO] - 	       [   3,   17,   14,    9,   11,    0,    1,  954,    5,   14],
[2024-07-08 18:41:27,882][flwr][INFO] - 	       [   3,    8,    2,   17,   15,    0,    9,    4,  912,    4],
[2024-07-08 18:41:27,882][flwr][INFO] - 	       [   8,    7,    0,   15,   89,    0,    1,   14,   27,  848]])),
[2024-07-08 18:41:27,882][flwr][INFO] - 	                      (4,
[2024-07-08 18:41:27,882][flwr][INFO] - 	                       array([[ 962,    0,    0,    1,    0,    3,    6,    1,    7,    0],
[2024-07-08 18:41:27,882][flwr][INFO] - 	       [   0, 1114,    2,    3,    1,    1,    3,    0,   11,    0],
[2024-07-08 18:41:27,882][flwr][INFO] - 	       [  12,    8,  887,   30,    6,    1,   12,   21,   54,    1],
[2024-07-08 18:41:27,882][flwr][INFO] - 	       [   2,    1,    9,  921,    2,   18,    1,   13,   40,    3],
[2024-07-08 18:41:27,882][flwr][INFO] - 	       [   1,    1,    2,    0,  930,    2,   14,    2,   11,   19],
[2024-07-08 18:41:27,882][flwr][INFO] - 	       [   7,    1,    0,   28,    6,  808,   14,    6,   20,    2],
[2024-07-08 18:41:27,882][flwr][INFO] - 	       [   7,    3,    1,    0,   10,   18,  906,    3,   10,    0],
[2024-07-08 18:41:27,882][flwr][INFO] - 	       [   2,   14,   16,    3,    6,    0,    0,  973,    3,   11],
[2024-07-08 18:41:27,882][flwr][INFO] - 	       [   3,    4,    1,   12,    8,    7,   13,    6,  917,    3],
[2024-07-08 18:41:27,882][flwr][INFO] - 	       [  12,    7,    0,    9,   71,   10,    0,   14,   24,  862]])),
[2024-07-08 18:41:27,882][flwr][INFO] - 	                      (5,
[2024-07-08 18:41:27,882][flwr][INFO] - 	                       array([[ 967,    0,    0,    1,    0,    3,    5,    1,    3,    0],
[2024-07-08 18:41:27,882][flwr][INFO] - 	       [   0, 1117,    1,    3,    1,    0,    3,    1,    9,    0],
[2024-07-08 18:41:27,882][flwr][INFO] - 	       [  18,   10,  895,   44,   10,    0,    7,   20,   27,    1],
[2024-07-08 18:41:27,882][flwr][INFO] - 	       [   2,    0,    5,  964,    1,    6,    0,   10,   21,    1],
[2024-07-08 18:41:27,882][flwr][INFO] - 	       [   1,    1,    3,    1,  926,    1,   11,    3,    8,   27],
[2024-07-08 18:41:27,882][flwr][INFO] - 	       [  10,    1,    0,   40,    6,  793,   13,    6,   17,    6],
[2024-07-08 18:41:27,882][flwr][INFO] - 	       [  12,    3,    1,    2,   14,   14,  905,    2,    4,    1],
[2024-07-08 18:41:27,882][flwr][INFO] - 	       [   3,   11,   11,    7,    3,    1,    0,  976,    0,   16],
[2024-07-08 18:41:27,882][flwr][INFO] - 	       [   8,    6,    1,   25,    9,    5,   11,   10,  889,   10],
[2024-07-08 18:41:27,882][flwr][INFO] - 	       [  13,    6,    0,   15,   39,    2,    0,   10,    9,  915]])),
[2024-07-08 18:41:27,882][flwr][INFO] - 	                      (6,
[2024-07-08 18:41:27,882][flwr][INFO] - 	                       array([[ 969,    0,    0,    1,    1,    2,    4,    2,    1,    0],
[2024-07-08 18:41:27,882][flwr][INFO] - 	       [   0, 1123,    2,    3,    1,    1,    3,    0,    2,    0],
[2024-07-08 18:41:27,882][flwr][INFO] - 	       [  17,   10,  951,   19,    9,    0,    6,   11,    9,    0],
[2024-07-08 18:41:27,882][flwr][INFO] - 	       [   3,    2,   16,  949,    3,    8,    1,   10,   15,    3],
[2024-07-08 18:41:27,882][flwr][INFO] - 	       [   1,    0,    8,    0,  928,    1,    5,    1,    3,   35],
[2024-07-08 18:41:27,882][flwr][INFO] - 	       [  11,    1,    2,   32,    5,  804,   12,    8,    9,    8],
[2024-07-08 18:41:27,882][flwr][INFO] - 	       [  13,    3,    5,    1,   11,   18,  901,    5,    1,    0],
[2024-07-08 18:41:27,882][flwr][INFO] - 	       [   3,   14,   17,    5,    3,    0,    0,  972,    0,   14],
[2024-07-08 18:41:27,882][flwr][INFO] - 	       [  14,    7,    3,   20,   10,   14,   14,   11,  861,   20],
[2024-07-08 18:41:27,882][flwr][INFO] - 	       [  13,    6,    0,   14,   31,    2,    0,    5,    5,  933]])),
[2024-07-08 18:41:27,882][flwr][INFO] - 	                      (7,
[2024-07-08 18:41:27,882][flwr][INFO] - 	                       array([[ 967,    0,    0,    1,    0,    3,    4,    1,    3,    1],
[2024-07-08 18:41:27,882][flwr][INFO] - 	       [   0, 1114,    2,    3,    1,    1,    3,    1,   10,    0],
[2024-07-08 18:41:27,882][flwr][INFO] - 	       [  10,    5,  951,   26,    6,    2,    7,   13,   10,    2],
[2024-07-08 18:41:27,882][flwr][INFO] - 	       [   3,    1,   15,  931,    1,   24,    2,    8,   21,    4],
[2024-07-08 18:41:27,882][flwr][INFO] - 	       [   1,    0,    9,    0,  908,    1,    7,    1,    7,   48],
[2024-07-08 18:41:27,882][flwr][INFO] - 	       [   7,    1,    2,   22,    2,  828,    9,    5,    8,    8],
[2024-07-08 18:41:27,882][flwr][INFO] - 	       [  11,    3,    2,    0,    9,   21,  906,    3,    3,    0],
[2024-07-08 18:41:27,883][flwr][INFO] - 	       [   2,    9,   16,    6,    3,    0,    0,  966,    0,   26],
[2024-07-08 18:41:27,883][flwr][INFO] - 	       [   8,    4,    1,   16,    8,   18,   15,    6,  884,   14],
[2024-07-08 18:41:27,883][flwr][INFO] - 	       [   9,    5,    0,   11,   16,    2,    0,    5,    9,  952]])),
[2024-07-08 18:41:27,883][flwr][INFO] - 	                      (8,
[2024-07-08 18:41:27,883][flwr][INFO] - 	                       array([[ 967,    0,    1,    1,    0,    4,    3,    1,    2,    1],
[2024-07-08 18:41:27,883][flwr][INFO] - 	       [   0, 1120,    2,    3,    0,    1,    3,    0,    6,    0],
[2024-07-08 18:41:27,883][flwr][INFO] - 	       [   7,    5,  973,   13,    6,    1,    7,   11,    9,    0],
[2024-07-08 18:41:27,883][flwr][INFO] - 	       [   2,    0,   16,  927,    2,   11,    0,   13,   32,    7],
[2024-07-08 18:41:27,883][flwr][INFO] - 	       [   1,    0,    6,    0,  923,    2,    8,    1,    5,   36],
[2024-07-08 18:41:27,883][flwr][INFO] - 	       [   4,    1,    3,   26,    2,  815,   14,    5,   14,    8],
[2024-07-08 18:41:27,883][flwr][INFO] - 	       [  10,    3,    2,    1,    7,   14,  916,    2,    3,    0],
[2024-07-08 18:41:27,883][flwr][INFO] - 	       [   1,   10,   18,    4,    1,    0,    0,  978,    2,   14],
[2024-07-08 18:41:27,883][flwr][INFO] - 	       [   6,    2,    2,   11,    6,    9,   16,    3,  916,    3],
[2024-07-08 18:41:27,883][flwr][INFO] - 	       [   8,    5,    0,   10,   22,    2,    1,    6,   15,  940]])),
[2024-07-08 18:41:27,883][flwr][INFO] - 	                      (9,
[2024-07-08 18:41:27,883][flwr][INFO] - 	                       array([[ 968,    0,    0,    1,    1,    3,    4,    1,    1,    1],
[2024-07-08 18:41:27,883][flwr][INFO] - 	       [   0, 1118,    4,    3,    0,    1,    3,    1,    5,    0],
[2024-07-08 18:41:27,883][flwr][INFO] - 	       [   8,    3,  980,   13,    4,    1,    7,    8,    7,    1],
[2024-07-08 18:41:27,883][flwr][INFO] - 	       [   3,    1,   17,  937,    1,    8,    2,   11,   24,    6],
[2024-07-08 18:41:27,883][flwr][INFO] - 	       [   1,    0,    5,    1,  932,    1,    7,    2,    3,   30],
[2024-07-08 18:41:27,883][flwr][INFO] - 	       [   8,    1,    3,   27,    2,  817,   10,    6,   11,    7],
[2024-07-08 18:41:27,883][flwr][INFO] - 	       [  13,    3,    2,    1,    9,   12,  917,    0,    1,    0],
[2024-07-08 18:41:27,883][flwr][INFO] - 	       [   2,    9,   16,    4,    1,    1,    0,  977,    0,   18],
[2024-07-08 18:41:27,883][flwr][INFO] - 	       [  12,    3,    7,   14,    9,   10,   14,    9,  880,   16],
[2024-07-08 18:41:27,883][flwr][INFO] - 	       [  10,    5,    0,   10,   24,    2,    1,    5,    7,  945]])),
[2024-07-08 18:41:27,883][flwr][INFO] - 	                      (10,
[2024-07-08 18:41:27,883][flwr][INFO] - 	                       array([[ 966,    0,    1,    1,    0,    4,    3,    2,    2,    1],
[2024-07-08 18:41:27,883][flwr][INFO] - 	       [   0, 1121,    2,    2,    0,    1,    3,    1,    5,    0],
[2024-07-08 18:41:27,883][flwr][INFO] - 	       [   8,    8,  977,    8,    4,    2,    6,    9,   10,    0],
[2024-07-08 18:41:27,883][flwr][INFO] - 	       [   1,    2,   21,  913,    2,   26,    0,   13,   24,    8],
[2024-07-08 18:41:27,883][flwr][INFO] - 	       [   1,    0,    7,    0,  939,    4,    2,    1,    1,   27],
[2024-07-08 18:41:27,883][flwr][INFO] - 	       [   5,    1,    3,   20,    2,  828,   10,    5,   11,    7],
[2024-07-08 18:41:27,883][flwr][INFO] - 	       [  11,    3,    2,    1,    8,   20,  908,    1,    4,    0],
[2024-07-08 18:41:27,883][flwr][INFO] - 	       [   1,   10,   18,    3,    0,    0,    0,  984,    0,   12],
[2024-07-08 18:41:27,883][flwr][INFO] - 	       [   5,    3,    5,   11,    9,   17,    7,    6,  895,   16],
[2024-07-08 18:41:27,883][flwr][INFO] - 	       [   7,    9,    0,    8,   20,    2,    1,    7,    6,  949]]))],
[2024-07-08 18:41:27,883][flwr][INFO] - 	 'f1': [(0, 0.03553137346181725),
[2024-07-08 18:41:27,883][flwr][INFO] - 	        (1, 0.67428406163912),
[2024-07-08 18:41:27,883][flwr][INFO] - 	        (2, 0.8702497204559744),
[2024-07-08 18:41:27,883][flwr][INFO] - 	        (3, 0.9077890477359729),
[2024-07-08 18:41:27,883][flwr][INFO] - 	        (4, 0.9279183043263387),
[2024-07-08 18:41:27,883][flwr][INFO] - 	        (5, 0.9345595338946594),
[2024-07-08 18:41:27,883][flwr][INFO] - 	        (6, 0.9389025464001237),
[2024-07-08 18:41:27,883][flwr][INFO] - 	        (7, 0.9406661495498191),
[2024-07-08 18:41:27,883][flwr][INFO] - 	        (8, 0.9474351642265583),
[2024-07-08 18:41:27,883][flwr][INFO] - 	        (9, 0.946989382897298),
[2024-07-08 18:41:27,883][flwr][INFO] - 	        (10, 0.9478954214512856)],
[2024-07-08 18:41:27,883][flwr][INFO] - 	 'precision': [(0, 0.12349967530374152),
[2024-07-08 18:41:27,883][flwr][INFO] - 	               (1, 0.7868715272712541),
[2024-07-08 18:41:27,884][flwr][INFO] - 	               (2, 0.8893305072186315),
[2024-07-08 18:41:27,884][flwr][INFO] - 	               (3, 0.9138766056934317),
[2024-07-08 18:41:27,884][flwr][INFO] - 	               (4, 0.929917780242781),
[2024-07-08 18:41:27,884][flwr][INFO] - 	               (5, 0.9359311132301412),
[2024-07-08 18:41:27,884][flwr][INFO] - 	               (6, 0.9393773276130105),
[2024-07-08 18:41:27,884][flwr][INFO] - 	               (7, 0.940928815032053),
[2024-07-08 18:41:27,884][flwr][INFO] - 	               (8, 0.9475377545494926),
[2024-07-08 18:41:27,884][flwr][INFO] - 	               (9, 0.9471235765988675),
[2024-07-08 18:41:27,884][flwr][INFO] - 	               (10, 0.9479726009485167)],
[2024-07-08 18:41:27,884][flwr][INFO] - 	 'recall': [(0, 0.1086),
[2024-07-08 18:41:27,884][flwr][INFO] - 	            (1, 0.6781),
[2024-07-08 18:41:27,884][flwr][INFO] - 	            (2, 0.8672),
[2024-07-08 18:41:27,884][flwr][INFO] - 	            (3, 0.9082),
[2024-07-08 18:41:27,884][flwr][INFO] - 	            (4, 0.928),
[2024-07-08 18:41:27,884][flwr][INFO] - 	            (5, 0.9347),
[2024-07-08 18:41:27,884][flwr][INFO] - 	            (6, 0.9391),
[2024-07-08 18:41:27,884][flwr][INFO] - 	            (7, 0.9407),
[2024-07-08 18:41:27,884][flwr][INFO] - 	            (8, 0.9475),
[2024-07-08 18:41:27,884][flwr][INFO] - 	            (9, 0.9471),
[2024-07-08 18:41:27,884][flwr][INFO] - 	            (10, 0.948)]}
[2024-07-08 18:41:27,884][flwr][INFO] - 
