[2024-07-22 13:26:55,356][flwr][INFO] - Starting Flower simulation, config: num_rounds=10, no round_timeout
[2024-07-22 13:26:57,418][flwr][INFO] - Flower VCE: Ray initialized with resources: {'memory': 7469375488.0, 'node:__internal_head__': 1.0, 'node:127.0.0.1': 1.0, 'object_store_memory': 2147483648.0, 'CPU': 12.0}
[2024-07-22 13:26:57,418][flwr][INFO] - Optimize your simulation with Flower VCE: https://flower.ai/docs/framework/how-to-run-simulations.html
[2024-07-22 13:26:57,418][flwr][INFO] - Flower VCE: Resources for each Virtual Client: {'num_cpus': 2, 'num_gpus': 0}
[2024-07-22 13:26:57,426][flwr][INFO] - Flower VCE: Creating VirtualClientEngineActorPool with 6 actors
[2024-07-22 13:26:57,426][flwr][INFO] - [INIT]
[2024-07-22 13:26:57,426][flwr][INFO] - Requesting initial parameters from one random client
[2024-07-22 13:26:58,952][flwr][INFO] - Received initial parameters from one random client
[2024-07-22 13:26:58,952][flwr][INFO] - Evaluating initial global parameters
[2024-07-22 13:26:59,311][flwr][INFO] - initial parameters (loss, other metrics): 181.76928067207336, {'accuracy': 0.1086, 'precision': 0.12349967530374152, 'recall': 0.1086, 'f1': 0.03553137346181725, 'confusion_matrix': array([[   0,    8,    0,  956,    0,    1,    0,   15,    0,    0],
       [   0,  122,    0, 1013,    0,    0,    0,    0,    0,    0],
       [   0,   38,    0,  971,    0,    0,    3,   19,    1,    0],
       [   0,   44,    0,  945,    1,    1,    0,   17,    2,    0],
       [   0,  143,    0,  816,    1,    0,    2,   20,    0,    0],
       [   0,  118,    0,  735,    1,    7,    0,   30,    1,    0],
       [   0,  144,    0,  749,   25,    0,    2,   38,    0,    0],
       [   0,  272,    0,  724,    8,    0,    0,    9,   15,    0],
       [   0,   81,    0,  859,    1,    0,    1,   32,    0,    0],
       [   0,  178,    0,  799,    1,    0,    0,   31,    0,    0]])}
[2024-07-22 13:26:59,312][flwr][INFO] - 
[2024-07-22 13:26:59,312][flwr][INFO] - [ROUND 1]
[2024-07-22 13:26:59,312][flwr][INFO] - configure_fit: strategy sampled 10 clients (out of 80)
[2024-07-22 13:27:06,138][flwr][INFO] - aggregate_fit: received 10 results and 0 failures
[2024-07-22 13:27:06,144][flwr][WARNING] - No fit_metrics_aggregation_fn provided
[2024-07-22 13:27:06,483][flwr][INFO] - fit progress: (1, 67.73696488142014, {'accuracy': 0.7188, 'precision': 0.7879055356830569, 'recall': 0.7188, 'f1': 0.701274672826109, 'confusion_matrix': array([[ 819,    0,   60,   50,    0,    3,   36,    9,    0,    3],
       [   0, 1066,   42,   10,    0,    0,    0,    2,   13,    2],
       [   4,    3,  900,   62,    5,    0,   10,   16,   11,   21],
       [   2,    1,   68,  869,    1,    0,    0,   33,   14,   22],
       [   0,    3,   17,    0,  243,    0,    9,    4,    4,  702],
       [   6,   15,   64,  417,   34,  197,   13,   40,   47,   59],
       [   5,    5,  145,    9,   13,    3,  771,    0,    1,    6],
       [   0,    6,   35,    2,    4,    0,    0,  924,    1,   56],
       [   4,   17,  100,  187,    4,    2,    1,   15,  504,  140],
       [   4,    4,    8,   16,    1,    0,    1,   78,    2,  895]])}, 7.171675875000001)
[2024-07-22 13:27:06,484][flwr][INFO] - configure_evaluate: no clients selected, skipping evaluation
[2024-07-22 13:27:06,484][flwr][INFO] - 
[2024-07-22 13:27:06,484][flwr][INFO] - [ROUND 2]
[2024-07-22 13:27:06,484][flwr][INFO] - configure_fit: strategy sampled 10 clients (out of 80)
[2024-07-22 13:27:11,022][flwr][INFO] - aggregate_fit: received 10 results and 0 failures
[2024-07-22 13:27:11,363][flwr][INFO] - fit progress: (2, 30.242315597832203, {'accuracy': 0.8935, 'precision': 0.8945120153442198, 'recall': 0.8935, 'f1': 0.8931429154709524, 'confusion_matrix': array([[ 945,    0,    1,    7,    0,   10,   13,    1,    3,    0],
       [   0, 1098,    3,    5,    1,    1,    3,    1,   23,    0],
       [  13,    8,  865,   42,   19,    1,   32,   11,   32,    9],
       [   3,    3,   23,  912,    2,   14,    2,   14,   27,   10],
       [   0,    1,    4,    0,  908,    1,   20,    0,    4,   44],
       [  12,    4,    6,   74,   22,  707,   20,    8,   31,    8],
       [  14,    3,    3,    0,   11,   18,  907,    0,    2,    0],
       [   1,   15,   32,    5,   10,    0,    0,  903,    6,   56],
       [   4,    8,    8,   47,   18,   35,   16,    2,  816,   20],
       [   9,    7,    2,   13,   51,    8,    3,   23,   19,  874]])}, 12.050971584000003)
[2024-07-22 13:27:11,363][flwr][INFO] - configure_evaluate: no clients selected, skipping evaluation
[2024-07-22 13:27:11,363][flwr][INFO] - 
[2024-07-22 13:27:11,363][flwr][INFO] - [ROUND 3]
[2024-07-22 13:27:11,363][flwr][INFO] - configure_fit: strategy sampled 10 clients (out of 80)
[2024-07-22 13:27:15,642][flwr][INFO] - aggregate_fit: received 10 results and 0 failures
[2024-07-22 13:27:15,976][flwr][INFO] - fit progress: (3, 25.59786831215024, {'accuracy': 0.9084, 'precision': 0.908591401882822, 'recall': 0.9084, 'f1': 0.9080741777561354, 'confusion_matrix': array([[ 963,    0,    0,    1,    0,    8,    6,    1,    1,    0],
       [   0, 1107,    2,    3,    1,    1,    5,    0,   16,    0],
       [  13,    4,  913,   23,   15,    0,   21,   16,   22,    5],
       [   3,    1,   23,  911,    0,   25,    3,   14,   20,   10],
       [   2,    1,    4,    0,  891,    2,   21,    0,    3,   58],
       [  16,    3,    5,   56,    9,  748,   23,    6,   20,    6],
       [  17,    3,    4,    0,   11,   14,  906,    1,    2,    0],
       [   3,   12,   31,    2,    7,    0,    0,  923,    3,   47],
       [   8,    7,   11,   24,   11,   58,   16,    1,  812,   26],
       [  16,    7,    3,   10,   33,    9,    0,   17,    4,  910]])}, 16.6638825)
[2024-07-22 13:27:15,976][flwr][INFO] - configure_evaluate: no clients selected, skipping evaluation
[2024-07-22 13:27:15,976][flwr][INFO] - 
[2024-07-22 13:27:15,976][flwr][INFO] - [ROUND 4]
[2024-07-22 13:27:15,976][flwr][INFO] - configure_fit: strategy sampled 10 clients (out of 80)
[2024-07-22 13:27:20,318][flwr][INFO] - aggregate_fit: received 10 results and 0 failures
[2024-07-22 13:27:20,649][flwr][INFO] - fit progress: (4, 22.971405619755387, {'accuracy': 0.9178, 'precision': 0.9185759050850489, 'recall': 0.9178, 'f1': 0.9177293148444107, 'confusion_matrix': array([[ 950,    0,    1,    1,    0,    8,   14,    2,    4,    0],
       [   0, 1100,    4,    3,    1,    0,    5,    1,   21,    0],
       [  10,    3,  917,   17,   17,    3,   17,   13,   30,    5],
       [   2,    1,   22,  914,    1,   23,    3,   11,   24,    9],
       [   0,    1,    3,    0,  914,    0,   18,    0,    4,   42],
       [   7,    2,    4,   40,   14,  757,   24,    9,   29,    6],
       [   7,    3,    3,    0,   10,    9,  923,    1,    2,    0],
       [   1,    9,   29,    5,    8,    1,    0,  917,    3,   55],
       [   4,    2,    7,   16,   18,   17,   15,    2,  871,   22],
       [  12,    6,    1,   11,   43,    3,    1,    9,    8,  915]])}, 21.337751167)
[2024-07-22 13:27:20,650][flwr][INFO] - configure_evaluate: no clients selected, skipping evaluation
[2024-07-22 13:27:20,650][flwr][INFO] - 
[2024-07-22 13:27:20,650][flwr][INFO] - [ROUND 5]
[2024-07-22 13:27:20,650][flwr][INFO] - configure_fit: strategy sampled 10 clients (out of 80)
[2024-07-22 13:27:25,319][flwr][INFO] - aggregate_fit: received 10 results and 0 failures
[2024-07-22 13:27:25,690][flwr][INFO] - fit progress: (5, 20.580673594027758, {'accuracy': 0.9235, 'precision': 0.9245648148669623, 'recall': 0.9235, 'f1': 0.9235078979079672, 'confusion_matrix': array([[ 964,    0,    1,    2,    0,    3,    6,    1,    3,    0],
       [   0, 1108,    1,    3,    1,    0,    4,    1,   17,    0],
       [  13,    3,  895,   25,   16,    2,   13,   22,   39,    4],
       [   1,    2,   11,  943,    0,   15,    2,   10,   18,    8],
       [   1,    1,    4,    0,  896,    1,   12,    0,    3,   64],
       [   7,    1,    2,   39,    5,  797,    9,    4,   20,    8],
       [  17,    3,    3,    0,   13,   15,  900,    1,    6,    0],
       [   2,   12,   19,   11,    5,    1,    0,  928,    0,   50],
       [   6,    3,    1,   25,   10,   17,    9,    4,  876,   23],
       [  12,    6,    0,   12,   28,    4,    1,   12,    6,  928]])}, 26.377931874999998)
[2024-07-22 13:27:25,690][flwr][INFO] - configure_evaluate: no clients selected, skipping evaluation
[2024-07-22 13:27:25,690][flwr][INFO] - 
[2024-07-22 13:27:25,690][flwr][INFO] - [ROUND 6]
[2024-07-22 13:27:25,690][flwr][INFO] - configure_fit: strategy sampled 10 clients (out of 80)
[2024-07-22 13:27:30,392][flwr][INFO] - aggregate_fit: received 10 results and 0 failures
[2024-07-22 13:27:30,797][flwr][INFO] - fit progress: (6, 18.658391452394426, {'accuracy': 0.9294, 'precision': 0.9307150467879414, 'recall': 0.9294, 'f1': 0.9293836645614343, 'confusion_matrix': array([[ 963,    0,    0,    2,    0,    3,    8,    1,    3,    0],
       [   0, 1118,    1,    3,    1,    1,    4,    1,    6,    0],
       [  10,    5,  936,   27,   11,    1,   12,   15,   11,    4],
       [   1,    2,    9,  962,    0,    9,    2,    9,    8,    8],
       [   0,    1,    4,    0,  888,    2,   18,    1,    3,   65],
       [   7,    1,    0,   48,    4,  791,   12,    6,   14,    9],
       [  12,    3,    0,    0,    8,   13,  918,    1,    3,    0],
       [   3,   12,   22,   13,    5,    0,    0,  925,    0,   48],
       [   6,    6,    6,   31,   12,   21,    7,    3,  859,   23],
       [  12,    8,    0,   13,   21,    5,    1,   10,    5,  934]])}, 31.485083334)
[2024-07-22 13:27:30,797][flwr][INFO] - configure_evaluate: no clients selected, skipping evaluation
[2024-07-22 13:27:30,797][flwr][INFO] - 
[2024-07-22 13:27:30,797][flwr][INFO] - [ROUND 7]
[2024-07-22 13:27:30,797][flwr][INFO] - configure_fit: strategy sampled 10 clients (out of 80)
[2024-07-22 13:27:35,507][flwr][INFO] - aggregate_fit: received 10 results and 0 failures
[2024-07-22 13:27:35,855][flwr][INFO] - fit progress: (7, 17.750288747251034, {'accuracy': 0.9357, 'precision': 0.9360830450555008, 'recall': 0.9357, 'f1': 0.935691900360158, 'confusion_matrix': array([[ 966,    0,    1,    2,    0,    4,    3,    1,    3,    0],
       [   0, 1105,    3,    2,    1,    1,    4,    0,   18,    1],
       [   8,    1,  958,   11,   17,    2,    8,   10,   15,    2],
       [   3,    1,   23,  909,    0,   30,    2,   15,   21,    6],
       [   0,    1,    3,    0,  928,    1,   14,    1,    3,   31],
       [  12,    1,    3,   14,    5,  817,    7,    4,   21,    8],
       [  19,    3,    1,    0,    9,   18,  900,    1,    7,    0],
       [   0,    8,   33,    6,    3,    0,    0,  940,    0,   38],
       [   6,    2,    4,   12,    9,   16,    5,    3,  906,   11],
       [   7,    5,    2,    4,   34,   13,    1,    6,    9,  928]])}, 36.543396916999995)
[2024-07-22 13:27:35,856][flwr][INFO] - configure_evaluate: no clients selected, skipping evaluation
[2024-07-22 13:27:35,856][flwr][INFO] - 
[2024-07-22 13:27:35,856][flwr][INFO] - [ROUND 8]
[2024-07-22 13:27:35,856][flwr][INFO] - configure_fit: strategy sampled 10 clients (out of 80)
[2024-07-22 13:27:40,595][flwr][INFO] - aggregate_fit: received 10 results and 0 failures
[2024-07-22 13:27:40,928][flwr][INFO] - fit progress: (8, 17.147677071392536, {'accuracy': 0.9376, 'precision': 0.9382802771138391, 'recall': 0.9376, 'f1': 0.9375420758445292, 'confusion_matrix': array([[ 963,    0,    1,    1,    0,    3,    8,    1,    3,    0],
       [   0, 1111,    3,    2,    1,    0,    5,    0,   12,    1],
       [  10,    1,  970,    8,    8,    2,   11,    7,   14,    1],
       [   2,    2,   20,  885,    0,   37,    3,   13,   40,    8],
       [   0,    1,    3,    0,  918,    0,   18,    1,    5,   36],
       [   7,    1,    2,    9,    5,  820,   18,    3,   22,    5],
       [   9,    3,    1,    0,    8,    6,  928,    0,    3,    0],
       [   0,    7,   32,    6,    3,    0,    0,  937,    0,   43],
       [   6,    3,    6,   11,    7,    7,   11,    3,  911,    9],
       [   9,    5,    0,    5,   27,    5,    1,    6,   18,  933]])}, 41.616255875)
[2024-07-22 13:27:40,928][flwr][INFO] - configure_evaluate: no clients selected, skipping evaluation
[2024-07-22 13:27:40,928][flwr][INFO] - 
[2024-07-22 13:27:40,928][flwr][INFO] - [ROUND 9]
[2024-07-22 13:27:40,929][flwr][INFO] - configure_fit: strategy sampled 10 clients (out of 80)
[2024-07-22 13:27:45,772][flwr][INFO] - aggregate_fit: received 10 results and 0 failures
[2024-07-22 13:27:46,153][flwr][INFO] - fit progress: (9, 16.412291767075658, {'accuracy': 0.9358, 'precision': 0.9376218809509442, 'recall': 0.9358, 'f1': 0.9359064609676921, 'confusion_matrix': array([[ 965,    0,    1,    1,    0,    3,    5,    1,    4,    0],
       [   0, 1115,    1,    3,    1,    0,    3,    1,   11,    0],
       [  12,    9,  949,    5,    8,    2,    4,   15,   21,    7],
       [   2,    3,   12,  896,    0,   29,    2,   20,   31,   15],
       [   1,    2,    5,    0,  859,    0,   11,    2,    4,   98],
       [   8,    4,    3,   11,    4,  828,    9,    3,   15,    7],
       [   9,    5,    1,    0,    9,   18,  913,    0,    3,    0],
       [   0,    8,   18,    3,    2,    0,    0,  962,    0,   35],
       [   6,    4,    3,    5,   10,    5,    5,    6,  909,   21],
       [   7,    6,    0,    3,    7,    2,    1,    8,   13,  962]])}, 46.841099709)
[2024-07-22 13:27:46,153][flwr][INFO] - configure_evaluate: no clients selected, skipping evaluation
[2024-07-22 13:27:46,153][flwr][INFO] - 
[2024-07-22 13:27:46,153][flwr][INFO] - [ROUND 10]
[2024-07-22 13:27:46,154][flwr][INFO] - configure_fit: strategy sampled 10 clients (out of 80)
[2024-07-22 13:27:50,927][flwr][INFO] - aggregate_fit: received 10 results and 0 failures
[2024-07-22 13:27:51,285][flwr][INFO] - fit progress: (10, 15.277240813709795, {'accuracy': 0.9432, 'precision': 0.9441030124095472, 'recall': 0.9432, 'f1': 0.9432292687908315, 'confusion_matrix': array([[ 971,    0,    1,    1,    0,    2,    2,    1,    2,    0],
       [   0, 1111,    3,    4,    1,    0,    4,    0,   11,    1],
       [  12,    1,  976,    8,    9,    1,    6,    4,   14,    1],
       [   3,    1,   18,  924,    0,   16,    1,    7,   27,   13],
       [   1,    1,    5,    0,  914,    0,   13,    1,    3,   44],
       [  17,    1,    2,   23,    5,  808,    8,    1,   22,    5],
       [  18,    3,    2,    1,    9,    6,  914,    0,    5,    0],
       [   1,    7,   27,    7,    2,    0,    0,  940,    0,   44],
       [   9,    2,    5,   10,    9,    3,    5,    3,  920,    8],
       [   8,    5,    1,    6,   15,    1,    1,    5,   13,  954]])}, 51.973844416999995)
[2024-07-22 13:27:51,286][flwr][INFO] - configure_evaluate: no clients selected, skipping evaluation
[2024-07-22 13:27:51,286][flwr][INFO] - 
[2024-07-22 13:27:51,286][flwr][INFO] - [SUMMARY]
[2024-07-22 13:27:51,286][flwr][INFO] - Run finished 10 round(s) in 51.97s
[2024-07-22 13:27:51,290][flwr][INFO] - 	History (loss, centralized):
[2024-07-22 13:27:51,290][flwr][INFO] - 		round 0: 181.76928067207336
[2024-07-22 13:27:51,290][flwr][INFO] - 		round 1: 67.73696488142014
[2024-07-22 13:27:51,290][flwr][INFO] - 		round 2: 30.242315597832203
[2024-07-22 13:27:51,290][flwr][INFO] - 		round 3: 25.59786831215024
[2024-07-22 13:27:51,290][flwr][INFO] - 		round 4: 22.971405619755387
[2024-07-22 13:27:51,290][flwr][INFO] - 		round 5: 20.580673594027758
[2024-07-22 13:27:51,290][flwr][INFO] - 		round 6: 18.658391452394426
[2024-07-22 13:27:51,290][flwr][INFO] - 		round 7: 17.750288747251034
[2024-07-22 13:27:51,290][flwr][INFO] - 		round 8: 17.147677071392536
[2024-07-22 13:27:51,290][flwr][INFO] - 		round 9: 16.412291767075658
[2024-07-22 13:27:51,290][flwr][INFO] - 		round 10: 15.277240813709795
[2024-07-22 13:27:51,290][flwr][INFO] - 	History (metrics, centralized):
[2024-07-22 13:27:51,290][flwr][INFO] - 	{'accuracy': [(0, 0.1086),
[2024-07-22 13:27:51,290][flwr][INFO] - 	              (1, 0.7188),
[2024-07-22 13:27:51,290][flwr][INFO] - 	              (2, 0.8935),
[2024-07-22 13:27:51,290][flwr][INFO] - 	              (3, 0.9084),
[2024-07-22 13:27:51,290][flwr][INFO] - 	              (4, 0.9178),
[2024-07-22 13:27:51,290][flwr][INFO] - 	              (5, 0.9235),
[2024-07-22 13:27:51,290][flwr][INFO] - 	              (6, 0.9294),
[2024-07-22 13:27:51,290][flwr][INFO] - 	              (7, 0.9357),
[2024-07-22 13:27:51,291][flwr][INFO] - 	              (8, 0.9376),
[2024-07-22 13:27:51,291][flwr][INFO] - 	              (9, 0.9358),
[2024-07-22 13:27:51,291][flwr][INFO] - 	              (10, 0.9432)],
[2024-07-22 13:27:51,291][flwr][INFO] - 	 'confusion_matrix': [(0,
[2024-07-22 13:27:51,291][flwr][INFO] - 	                       array([[   0,    8,    0,  956,    0,    1,    0,   15,    0,    0],
[2024-07-22 13:27:51,291][flwr][INFO] - 	       [   0,  122,    0, 1013,    0,    0,    0,    0,    0,    0],
[2024-07-22 13:27:51,291][flwr][INFO] - 	       [   0,   38,    0,  971,    0,    0,    3,   19,    1,    0],
[2024-07-22 13:27:51,291][flwr][INFO] - 	       [   0,   44,    0,  945,    1,    1,    0,   17,    2,    0],
[2024-07-22 13:27:51,291][flwr][INFO] - 	       [   0,  143,    0,  816,    1,    0,    2,   20,    0,    0],
[2024-07-22 13:27:51,291][flwr][INFO] - 	       [   0,  118,    0,  735,    1,    7,    0,   30,    1,    0],
[2024-07-22 13:27:51,291][flwr][INFO] - 	       [   0,  144,    0,  749,   25,    0,    2,   38,    0,    0],
[2024-07-22 13:27:51,291][flwr][INFO] - 	       [   0,  272,    0,  724,    8,    0,    0,    9,   15,    0],
[2024-07-22 13:27:51,291][flwr][INFO] - 	       [   0,   81,    0,  859,    1,    0,    1,   32,    0,    0],
[2024-07-22 13:27:51,291][flwr][INFO] - 	       [   0,  178,    0,  799,    1,    0,    0,   31,    0,    0]])),
[2024-07-22 13:27:51,291][flwr][INFO] - 	                      (1,
[2024-07-22 13:27:51,291][flwr][INFO] - 	                       array([[ 819,    0,   60,   50,    0,    3,   36,    9,    0,    3],
[2024-07-22 13:27:51,291][flwr][INFO] - 	       [   0, 1066,   42,   10,    0,    0,    0,    2,   13,    2],
[2024-07-22 13:27:51,291][flwr][INFO] - 	       [   4,    3,  900,   62,    5,    0,   10,   16,   11,   21],
[2024-07-22 13:27:51,291][flwr][INFO] - 	       [   2,    1,   68,  869,    1,    0,    0,   33,   14,   22],
[2024-07-22 13:27:51,291][flwr][INFO] - 	       [   0,    3,   17,    0,  243,    0,    9,    4,    4,  702],
[2024-07-22 13:27:51,291][flwr][INFO] - 	       [   6,   15,   64,  417,   34,  197,   13,   40,   47,   59],
[2024-07-22 13:27:51,291][flwr][INFO] - 	       [   5,    5,  145,    9,   13,    3,  771,    0,    1,    6],
[2024-07-22 13:27:51,291][flwr][INFO] - 	       [   0,    6,   35,    2,    4,    0,    0,  924,    1,   56],
[2024-07-22 13:27:51,291][flwr][INFO] - 	       [   4,   17,  100,  187,    4,    2,    1,   15,  504,  140],
[2024-07-22 13:27:51,291][flwr][INFO] - 	       [   4,    4,    8,   16,    1,    0,    1,   78,    2,  895]])),
[2024-07-22 13:27:51,291][flwr][INFO] - 	                      (2,
[2024-07-22 13:27:51,291][flwr][INFO] - 	                       array([[ 945,    0,    1,    7,    0,   10,   13,    1,    3,    0],
[2024-07-22 13:27:51,291][flwr][INFO] - 	       [   0, 1098,    3,    5,    1,    1,    3,    1,   23,    0],
[2024-07-22 13:27:51,291][flwr][INFO] - 	       [  13,    8,  865,   42,   19,    1,   32,   11,   32,    9],
[2024-07-22 13:27:51,291][flwr][INFO] - 	       [   3,    3,   23,  912,    2,   14,    2,   14,   27,   10],
[2024-07-22 13:27:51,291][flwr][INFO] - 	       [   0,    1,    4,    0,  908,    1,   20,    0,    4,   44],
[2024-07-22 13:27:51,291][flwr][INFO] - 	       [  12,    4,    6,   74,   22,  707,   20,    8,   31,    8],
[2024-07-22 13:27:51,291][flwr][INFO] - 	       [  14,    3,    3,    0,   11,   18,  907,    0,    2,    0],
[2024-07-22 13:27:51,291][flwr][INFO] - 	       [   1,   15,   32,    5,   10,    0,    0,  903,    6,   56],
[2024-07-22 13:27:51,291][flwr][INFO] - 	       [   4,    8,    8,   47,   18,   35,   16,    2,  816,   20],
[2024-07-22 13:27:51,291][flwr][INFO] - 	       [   9,    7,    2,   13,   51,    8,    3,   23,   19,  874]])),
[2024-07-22 13:27:51,291][flwr][INFO] - 	                      (3,
[2024-07-22 13:27:51,291][flwr][INFO] - 	                       array([[ 963,    0,    0,    1,    0,    8,    6,    1,    1,    0],
[2024-07-22 13:27:51,291][flwr][INFO] - 	       [   0, 1107,    2,    3,    1,    1,    5,    0,   16,    0],
[2024-07-22 13:27:51,291][flwr][INFO] - 	       [  13,    4,  913,   23,   15,    0,   21,   16,   22,    5],
[2024-07-22 13:27:51,292][flwr][INFO] - 	       [   3,    1,   23,  911,    0,   25,    3,   14,   20,   10],
[2024-07-22 13:27:51,292][flwr][INFO] - 	       [   2,    1,    4,    0,  891,    2,   21,    0,    3,   58],
[2024-07-22 13:27:51,292][flwr][INFO] - 	       [  16,    3,    5,   56,    9,  748,   23,    6,   20,    6],
[2024-07-22 13:27:51,292][flwr][INFO] - 	       [  17,    3,    4,    0,   11,   14,  906,    1,    2,    0],
[2024-07-22 13:27:51,292][flwr][INFO] - 	       [   3,   12,   31,    2,    7,    0,    0,  923,    3,   47],
[2024-07-22 13:27:51,292][flwr][INFO] - 	       [   8,    7,   11,   24,   11,   58,   16,    1,  812,   26],
[2024-07-22 13:27:51,292][flwr][INFO] - 	       [  16,    7,    3,   10,   33,    9,    0,   17,    4,  910]])),
[2024-07-22 13:27:51,292][flwr][INFO] - 	                      (4,
[2024-07-22 13:27:51,292][flwr][INFO] - 	                       array([[ 950,    0,    1,    1,    0,    8,   14,    2,    4,    0],
[2024-07-22 13:27:51,292][flwr][INFO] - 	       [   0, 1100,    4,    3,    1,    0,    5,    1,   21,    0],
[2024-07-22 13:27:51,292][flwr][INFO] - 	       [  10,    3,  917,   17,   17,    3,   17,   13,   30,    5],
[2024-07-22 13:27:51,292][flwr][INFO] - 	       [   2,    1,   22,  914,    1,   23,    3,   11,   24,    9],
[2024-07-22 13:27:51,292][flwr][INFO] - 	       [   0,    1,    3,    0,  914,    0,   18,    0,    4,   42],
[2024-07-22 13:27:51,292][flwr][INFO] - 	       [   7,    2,    4,   40,   14,  757,   24,    9,   29,    6],
[2024-07-22 13:27:51,292][flwr][INFO] - 	       [   7,    3,    3,    0,   10,    9,  923,    1,    2,    0],
[2024-07-22 13:27:51,292][flwr][INFO] - 	       [   1,    9,   29,    5,    8,    1,    0,  917,    3,   55],
[2024-07-22 13:27:51,292][flwr][INFO] - 	       [   4,    2,    7,   16,   18,   17,   15,    2,  871,   22],
[2024-07-22 13:27:51,292][flwr][INFO] - 	       [  12,    6,    1,   11,   43,    3,    1,    9,    8,  915]])),
[2024-07-22 13:27:51,292][flwr][INFO] - 	                      (5,
[2024-07-22 13:27:51,292][flwr][INFO] - 	                       array([[ 964,    0,    1,    2,    0,    3,    6,    1,    3,    0],
[2024-07-22 13:27:51,292][flwr][INFO] - 	       [   0, 1108,    1,    3,    1,    0,    4,    1,   17,    0],
[2024-07-22 13:27:51,292][flwr][INFO] - 	       [  13,    3,  895,   25,   16,    2,   13,   22,   39,    4],
[2024-07-22 13:27:51,292][flwr][INFO] - 	       [   1,    2,   11,  943,    0,   15,    2,   10,   18,    8],
[2024-07-22 13:27:51,292][flwr][INFO] - 	       [   1,    1,    4,    0,  896,    1,   12,    0,    3,   64],
[2024-07-22 13:27:51,292][flwr][INFO] - 	       [   7,    1,    2,   39,    5,  797,    9,    4,   20,    8],
[2024-07-22 13:27:51,292][flwr][INFO] - 	       [  17,    3,    3,    0,   13,   15,  900,    1,    6,    0],
[2024-07-22 13:27:51,292][flwr][INFO] - 	       [   2,   12,   19,   11,    5,    1,    0,  928,    0,   50],
[2024-07-22 13:27:51,292][flwr][INFO] - 	       [   6,    3,    1,   25,   10,   17,    9,    4,  876,   23],
[2024-07-22 13:27:51,292][flwr][INFO] - 	       [  12,    6,    0,   12,   28,    4,    1,   12,    6,  928]])),
[2024-07-22 13:27:51,292][flwr][INFO] - 	                      (6,
[2024-07-22 13:27:51,292][flwr][INFO] - 	                       array([[ 963,    0,    0,    2,    0,    3,    8,    1,    3,    0],
[2024-07-22 13:27:51,292][flwr][INFO] - 	       [   0, 1118,    1,    3,    1,    1,    4,    1,    6,    0],
[2024-07-22 13:27:51,292][flwr][INFO] - 	       [  10,    5,  936,   27,   11,    1,   12,   15,   11,    4],
[2024-07-22 13:27:51,292][flwr][INFO] - 	       [   1,    2,    9,  962,    0,    9,    2,    9,    8,    8],
[2024-07-22 13:27:51,292][flwr][INFO] - 	       [   0,    1,    4,    0,  888,    2,   18,    1,    3,   65],
[2024-07-22 13:27:51,292][flwr][INFO] - 	       [   7,    1,    0,   48,    4,  791,   12,    6,   14,    9],
[2024-07-22 13:27:51,292][flwr][INFO] - 	       [  12,    3,    0,    0,    8,   13,  918,    1,    3,    0],
[2024-07-22 13:27:51,292][flwr][INFO] - 	       [   3,   12,   22,   13,    5,    0,    0,  925,    0,   48],
[2024-07-22 13:27:51,292][flwr][INFO] - 	       [   6,    6,    6,   31,   12,   21,    7,    3,  859,   23],
[2024-07-22 13:27:51,292][flwr][INFO] - 	       [  12,    8,    0,   13,   21,    5,    1,   10,    5,  934]])),
[2024-07-22 13:27:51,292][flwr][INFO] - 	                      (7,
[2024-07-22 13:27:51,292][flwr][INFO] - 	                       array([[ 966,    0,    1,    2,    0,    4,    3,    1,    3,    0],
[2024-07-22 13:27:51,292][flwr][INFO] - 	       [   0, 1105,    3,    2,    1,    1,    4,    0,   18,    1],
[2024-07-22 13:27:51,292][flwr][INFO] - 	       [   8,    1,  958,   11,   17,    2,    8,   10,   15,    2],
[2024-07-22 13:27:51,293][flwr][INFO] - 	       [   3,    1,   23,  909,    0,   30,    2,   15,   21,    6],
[2024-07-22 13:27:51,293][flwr][INFO] - 	       [   0,    1,    3,    0,  928,    1,   14,    1,    3,   31],
[2024-07-22 13:27:51,293][flwr][INFO] - 	       [  12,    1,    3,   14,    5,  817,    7,    4,   21,    8],
[2024-07-22 13:27:51,293][flwr][INFO] - 	       [  19,    3,    1,    0,    9,   18,  900,    1,    7,    0],
[2024-07-22 13:27:51,293][flwr][INFO] - 	       [   0,    8,   33,    6,    3,    0,    0,  940,    0,   38],
[2024-07-22 13:27:51,293][flwr][INFO] - 	       [   6,    2,    4,   12,    9,   16,    5,    3,  906,   11],
[2024-07-22 13:27:51,293][flwr][INFO] - 	       [   7,    5,    2,    4,   34,   13,    1,    6,    9,  928]])),
[2024-07-22 13:27:51,293][flwr][INFO] - 	                      (8,
[2024-07-22 13:27:51,293][flwr][INFO] - 	                       array([[ 963,    0,    1,    1,    0,    3,    8,    1,    3,    0],
[2024-07-22 13:27:51,293][flwr][INFO] - 	       [   0, 1111,    3,    2,    1,    0,    5,    0,   12,    1],
[2024-07-22 13:27:51,293][flwr][INFO] - 	       [  10,    1,  970,    8,    8,    2,   11,    7,   14,    1],
[2024-07-22 13:27:51,293][flwr][INFO] - 	       [   2,    2,   20,  885,    0,   37,    3,   13,   40,    8],
[2024-07-22 13:27:51,293][flwr][INFO] - 	       [   0,    1,    3,    0,  918,    0,   18,    1,    5,   36],
[2024-07-22 13:27:51,293][flwr][INFO] - 	       [   7,    1,    2,    9,    5,  820,   18,    3,   22,    5],
[2024-07-22 13:27:51,293][flwr][INFO] - 	       [   9,    3,    1,    0,    8,    6,  928,    0,    3,    0],
[2024-07-22 13:27:51,293][flwr][INFO] - 	       [   0,    7,   32,    6,    3,    0,    0,  937,    0,   43],
[2024-07-22 13:27:51,293][flwr][INFO] - 	       [   6,    3,    6,   11,    7,    7,   11,    3,  911,    9],
[2024-07-22 13:27:51,293][flwr][INFO] - 	       [   9,    5,    0,    5,   27,    5,    1,    6,   18,  933]])),
[2024-07-22 13:27:51,293][flwr][INFO] - 	                      (9,
[2024-07-22 13:27:51,293][flwr][INFO] - 	                       array([[ 965,    0,    1,    1,    0,    3,    5,    1,    4,    0],
[2024-07-22 13:27:51,293][flwr][INFO] - 	       [   0, 1115,    1,    3,    1,    0,    3,    1,   11,    0],
[2024-07-22 13:27:51,293][flwr][INFO] - 	       [  12,    9,  949,    5,    8,    2,    4,   15,   21,    7],
[2024-07-22 13:27:51,293][flwr][INFO] - 	       [   2,    3,   12,  896,    0,   29,    2,   20,   31,   15],
[2024-07-22 13:27:51,293][flwr][INFO] - 	       [   1,    2,    5,    0,  859,    0,   11,    2,    4,   98],
[2024-07-22 13:27:51,293][flwr][INFO] - 	       [   8,    4,    3,   11,    4,  828,    9,    3,   15,    7],
[2024-07-22 13:27:51,293][flwr][INFO] - 	       [   9,    5,    1,    0,    9,   18,  913,    0,    3,    0],
[2024-07-22 13:27:51,293][flwr][INFO] - 	       [   0,    8,   18,    3,    2,    0,    0,  962,    0,   35],
[2024-07-22 13:27:51,293][flwr][INFO] - 	       [   6,    4,    3,    5,   10,    5,    5,    6,  909,   21],
[2024-07-22 13:27:51,293][flwr][INFO] - 	       [   7,    6,    0,    3,    7,    2,    1,    8,   13,  962]])),
[2024-07-22 13:27:51,293][flwr][INFO] - 	                      (10,
[2024-07-22 13:27:51,293][flwr][INFO] - 	                       array([[ 971,    0,    1,    1,    0,    2,    2,    1,    2,    0],
[2024-07-22 13:27:51,293][flwr][INFO] - 	       [   0, 1111,    3,    4,    1,    0,    4,    0,   11,    1],
[2024-07-22 13:27:51,293][flwr][INFO] - 	       [  12,    1,  976,    8,    9,    1,    6,    4,   14,    1],
[2024-07-22 13:27:51,293][flwr][INFO] - 	       [   3,    1,   18,  924,    0,   16,    1,    7,   27,   13],
[2024-07-22 13:27:51,293][flwr][INFO] - 	       [   1,    1,    5,    0,  914,    0,   13,    1,    3,   44],
[2024-07-22 13:27:51,293][flwr][INFO] - 	       [  17,    1,    2,   23,    5,  808,    8,    1,   22,    5],
[2024-07-22 13:27:51,293][flwr][INFO] - 	       [  18,    3,    2,    1,    9,    6,  914,    0,    5,    0],
[2024-07-22 13:27:51,293][flwr][INFO] - 	       [   1,    7,   27,    7,    2,    0,    0,  940,    0,   44],
[2024-07-22 13:27:51,293][flwr][INFO] - 	       [   9,    2,    5,   10,    9,    3,    5,    3,  920,    8],
[2024-07-22 13:27:51,293][flwr][INFO] - 	       [   8,    5,    1,    6,   15,    1,    1,    5,   13,  954]]))],
[2024-07-22 13:27:51,293][flwr][INFO] - 	 'f1': [(0, 0.03553137346181725),
[2024-07-22 13:27:51,293][flwr][INFO] - 	        (1, 0.701274672826109),
[2024-07-22 13:27:51,293][flwr][INFO] - 	        (2, 0.8931429154709524),
[2024-07-22 13:27:51,293][flwr][INFO] - 	        (3, 0.9080741777561354),
[2024-07-22 13:27:51,293][flwr][INFO] - 	        (4, 0.9177293148444107),
[2024-07-22 13:27:51,293][flwr][INFO] - 	        (5, 0.9235078979079672),
[2024-07-22 13:27:51,293][flwr][INFO] - 	        (6, 0.9293836645614343),
[2024-07-22 13:27:51,294][flwr][INFO] - 	        (7, 0.935691900360158),
[2024-07-22 13:27:51,294][flwr][INFO] - 	        (8, 0.9375420758445292),
[2024-07-22 13:27:51,294][flwr][INFO] - 	        (9, 0.9359064609676921),
[2024-07-22 13:27:51,294][flwr][INFO] - 	        (10, 0.9432292687908315)],
[2024-07-22 13:27:51,294][flwr][INFO] - 	 'precision': [(0, 0.12349967530374152),
[2024-07-22 13:27:51,294][flwr][INFO] - 	               (1, 0.7879055356830569),
[2024-07-22 13:27:51,294][flwr][INFO] - 	               (2, 0.8945120153442198),
[2024-07-22 13:27:51,294][flwr][INFO] - 	               (3, 0.908591401882822),
[2024-07-22 13:27:51,294][flwr][INFO] - 	               (4, 0.9185759050850489),
[2024-07-22 13:27:51,294][flwr][INFO] - 	               (5, 0.9245648148669623),
[2024-07-22 13:27:51,294][flwr][INFO] - 	               (6, 0.9307150467879414),
[2024-07-22 13:27:51,294][flwr][INFO] - 	               (7, 0.9360830450555008),
[2024-07-22 13:27:51,294][flwr][INFO] - 	               (8, 0.9382802771138391),
[2024-07-22 13:27:51,294][flwr][INFO] - 	               (9, 0.9376218809509442),
[2024-07-22 13:27:51,294][flwr][INFO] - 	               (10, 0.9441030124095472)],
[2024-07-22 13:27:51,294][flwr][INFO] - 	 'recall': [(0, 0.1086),
[2024-07-22 13:27:51,294][flwr][INFO] - 	            (1, 0.7188),
[2024-07-22 13:27:51,294][flwr][INFO] - 	            (2, 0.8935),
[2024-07-22 13:27:51,294][flwr][INFO] - 	            (3, 0.9084),
[2024-07-22 13:27:51,294][flwr][INFO] - 	            (4, 0.9178),
[2024-07-22 13:27:51,294][flwr][INFO] - 	            (5, 0.9235),
[2024-07-22 13:27:51,294][flwr][INFO] - 	            (6, 0.9294),
[2024-07-22 13:27:51,294][flwr][INFO] - 	            (7, 0.9357),
[2024-07-22 13:27:51,294][flwr][INFO] - 	            (8, 0.9376),
[2024-07-22 13:27:51,294][flwr][INFO] - 	            (9, 0.9358),
[2024-07-22 13:27:51,294][flwr][INFO] - 	            (10, 0.9432)]}
[2024-07-22 13:27:51,294][flwr][INFO] - 
