[2024-07-08 18:17:34,906][flwr][INFO] - Starting Flower simulation, config: num_rounds=10, no round_timeout
[2024-07-08 18:17:35,876][flwr][INFO] - Flower VCE: Ray initialized with resources: {'object_store_memory': 2147483648.0, 'node:__internal_head__': 1.0, 'CPU': 12.0, 'node:127.0.0.1': 1.0, 'memory': 8692110132.0}
[2024-07-08 18:17:35,876][flwr][INFO] - Optimize your simulation with Flower VCE: https://flower.ai/docs/framework/how-to-run-simulations.html
[2024-07-08 18:17:35,876][flwr][INFO] - Flower VCE: Resources for each Virtual Client: {'num_cpus': 2, 'num_gpus': 0}
[2024-07-08 18:17:35,881][flwr][INFO] - Flower VCE: Creating VirtualClientEngineActorPool with 6 actors
[2024-07-08 18:17:35,881][flwr][INFO] - [INIT]
[2024-07-08 18:17:35,881][flwr][INFO] - Requesting initial parameters from one random client
[2024-07-08 18:17:37,349][flwr][INFO] - Received initial parameters from one random client
[2024-07-08 18:17:37,350][flwr][INFO] - Evaluating initial global parameters
[2024-07-08 18:17:37,698][flwr][INFO] - initial parameters (loss, other metrics): 181.76928067207336, {'accuracy': 0.1086, 'precision': 0.12349967530374152, 'recall': 0.1086, 'f1': 0.03553137346181725, 'confusion_matrix': array([[   0,    8,    0,  956,    0,    1,    0,   15,    0,    0],
       [   0,  122,    0, 1013,    0,    0,    0,    0,    0,    0],
       [   0,   38,    0,  971,    0,    0,    3,   19,    1,    0],
       [   0,   44,    0,  945,    1,    1,    0,   17,    2,    0],
       [   0,  143,    0,  816,    1,    0,    2,   20,    0,    0],
       [   0,  118,    0,  735,    1,    7,    0,   30,    1,    0],
       [   0,  144,    0,  749,   25,    0,    2,   38,    0,    0],
       [   0,  272,    0,  724,    8,    0,    0,    9,   15,    0],
       [   0,   81,    0,  859,    1,    0,    1,   32,    0,    0],
       [   0,  178,    0,  799,    1,    0,    0,   31,    0,    0]])}
[2024-07-08 18:17:37,698][flwr][INFO] - 
[2024-07-08 18:17:37,698][flwr][INFO] - [ROUND 1]
[2024-07-08 18:17:37,699][flwr][INFO] - configure_fit: strategy sampled 10 clients (out of 10)
[2024-07-08 18:17:45,837][flwr][INFO] - aggregate_fit: received 10 results and 0 failures
[2024-07-08 18:17:45,843][flwr][WARNING] - No fit_metrics_aggregation_fn provided
[2024-07-08 18:17:46,194][flwr][INFO] - fit progress: (1, 245.6827745437622, {'accuracy': 0.0225, 'precision': 0.020048583213460543, 'recall': 0.0225, 'f1': 0.02108724796170934, 'confusion_matrix': array([[  41,  805,    0,    4,    0,    3,   61,   58,    3,    5],
       [   0,    0, 1120,    5,    0,    0,    2,    4,    2,    2],
       [   3,    4,   62,  884,    8,    1,    2,   56,    9,    3],
       [   5,    2,   15,   68,  856,    0,   25,    5,   19,   15],
       [ 240,    0,    7,    6,    9,  600,   32,   79,    3,    6],
       [  20,    8,   11,    9,   20,    2,  784,   22,    6,   10],
       [   0,    5,    4,    6,    0,    0,   19,  923,    0,    1],
       [  80,    0,   19,   50,    1,    2,    2,    0,  873,    1],
       [  32,    4,   43,   38,   41,    2,   56,   29,   17,  712],
       [ 922,    2,    8,    5,   15,    3,   18,    8,   21,    7]])}, 8.495498375)
[2024-07-08 18:17:46,194][flwr][INFO] - configure_evaluate: no clients selected, skipping evaluation
[2024-07-08 18:17:46,194][flwr][INFO] - 
[2024-07-08 18:17:46,194][flwr][INFO] - [ROUND 2]
[2024-07-08 18:17:46,194][flwr][INFO] - configure_fit: strategy sampled 10 clients (out of 10)
[2024-07-08 18:17:52,918][flwr][INFO] - aggregate_fit: received 10 results and 0 failures
[2024-07-08 18:17:53,267][flwr][INFO] - fit progress: (2, 394.19137048721313, {'accuracy': 0.0139, 'precision': 0.013815490215547874, 'recall': 0.0139, 'f1': 0.013824983944674796, 'confusion_matrix': array([[   1,  965,    1,    1,    0,    0,    3,    6,    1,    2],
       [   0,    0, 1118,    5,    2,    0,    1,    3,    0,    6],
       [   1,   11,    4,  976,    9,    4,    0,   13,    4,   10],
       [   1,    3,    1,   45,  911,    0,    8,    0,   16,   25],
       [  73,    1,    2,    7,    2,  857,    1,   14,    2,   23],
       [   4,   17,    1,    7,   52,    5,  771,    8,    3,   24],
       [   0,   11,    3,    2,    1,    1,   33,  899,    0,    8],
       [  37,    2,   12,   52,    1,    8,    0,    0,  911,    5],
       [   2,    5,    7,   20,   13,    8,    7,    8,    6,  898],
       [ 915,    5,    6,    1,   14,   11,    2,    2,   10,   43]])}, 15.56918725)
[2024-07-08 18:17:53,268][flwr][INFO] - configure_evaluate: no clients selected, skipping evaluation
[2024-07-08 18:17:53,268][flwr][INFO] - 
[2024-07-08 18:17:53,268][flwr][INFO] - [ROUND 3]
[2024-07-08 18:17:53,268][flwr][INFO] - configure_fit: strategy sampled 10 clients (out of 10)
[2024-07-08 18:17:59,770][flwr][INFO] - aggregate_fit: received 10 results and 0 failures
[2024-07-08 18:18:00,256][flwr][INFO] - fit progress: (3, 394.3493757247925, {'accuracy': 0.0153, 'precision': 0.015202805075654462, 'recall': 0.0153, 'f1': 0.015234774717050484, 'confusion_matrix': array([[   5,  961,    0,    2,    0,    0,    3,    6,    1,    2],
       [   0,    0, 1121,    5,    0,    0,    1,    2,    0,    6],
       [   0,    7,    1,  997,    7,    4,    1,    5,    4,    6],
       [   2,    0,    1,   44,  921,    1,    8,    0,   13,   20],
       [  48,    1,    2,    3,    3,  899,    0,   14,    2,   10],
       [   6,    6,    1,    6,   34,    2,  819,    4,    0,   14],
       [   0,    8,    3,    1,    1,    3,   61,  877,    0,    4],
       [  37,    1,   16,   38,    1,    7,    0,    0,  924,    4],
       [   1,    4,    4,   24,   11,    6,   11,    4,    6,  903],
       [ 926,    3,    6,    0,   13,   17,    3,    1,    9,   31]])}, 22.557653666999997)
[2024-07-08 18:18:00,256][flwr][INFO] - configure_evaluate: no clients selected, skipping evaluation
[2024-07-08 18:18:00,256][flwr][INFO] - 
[2024-07-08 18:18:00,256][flwr][INFO] - [ROUND 4]
[2024-07-08 18:18:00,257][flwr][INFO] - configure_fit: strategy sampled 10 clients (out of 10)
[2024-07-08 18:18:06,923][flwr][INFO] - aggregate_fit: received 10 results and 0 failures
[2024-07-08 18:18:07,262][flwr][INFO] - fit progress: (4, 433.29769372940063, {'accuracy': 0.0081, 'precision': 0.008096642712028845, 'recall': 0.0081, 'f1': 0.008089187513266144, 'confusion_matrix': array([[   7,  957,    0,    1,    1,    0,    4,    8,    1,    1],
       [   0,    0, 1124,    4,    0,    0,    1,    3,    0,    3],
       [   0,    6,    3, 1002,    7,    3,    0,    5,    4,    2],
       [   2,    0,    3,   26,  942,    0,   12,    1,   13,   11],
       [  30,    1,    1,    5,    1,  921,    0,   17,    1,    5],
       [   3,    4,    0,    2,   25,    4,  836,    7,    1,   10],
       [   0,    5,    3,    0,    1,    2,   21,  924,    0,    2],
       [  15,    1,   10,   28,    2,    4,    0,    0,  966,    2],
       [   1,    6,    7,   16,   14,    4,    9,    7,    3,  907],
       [ 932,    4,    6,    1,   13,   22,    3,    2,   10,   16]])}, 29.564555625000004)
[2024-07-08 18:18:07,263][flwr][INFO] - configure_evaluate: no clients selected, skipping evaluation
[2024-07-08 18:18:07,263][flwr][INFO] - 
[2024-07-08 18:18:07,263][flwr][INFO] - [ROUND 5]
[2024-07-08 18:18:07,263][flwr][INFO] - configure_fit: strategy sampled 10 clients (out of 10)
[2024-07-08 18:18:13,862][flwr][INFO] - aggregate_fit: received 10 results and 0 failures
[2024-07-08 18:18:14,213][flwr][INFO] - fit progress: (5, 476.4006233215332, {'accuracy': 0.0096, 'precision': 0.009582383489788448, 'recall': 0.0096, 'f1': 0.009585673215068494, 'confusion_matrix': array([[   6,  947,    1,    2,    1,    0,    4,   10,    4,    5],
       [   0,    0, 1122,    4,    1,    0,    1,    3,    0,    4],
       [   1,    2,    2, 1006,    6,    3,    2,    3,    4,    3],
       [   2,    0,    2,   22,  951,    0,   14,    0,    9,   10],
       [  32,    1,    2,    7,    1,  903,    0,   23,    1,   12],
       [   1,    2,    0,    3,   15,    4,  856,    2,    2,    7],
       [   0,    3,    3,    0,    1,    3,   35,  911,    0,    2],
       [   7,    1,   11,   31,    2,    4,    0,    2,  968,    2],
       [   1,    2,    4,   10,   14,    3,    9,    8,    5,  918],
       [ 941,    3,    5,    1,   12,   17,    2,    2,    7,   19]])}, 36.515079292)
[2024-07-08 18:18:14,213][flwr][INFO] - configure_evaluate: no clients selected, skipping evaluation
[2024-07-08 18:18:14,213][flwr][INFO] - 
[2024-07-08 18:18:14,213][flwr][INFO] - [ROUND 6]
[2024-07-08 18:18:14,214][flwr][INFO] - configure_fit: strategy sampled 10 clients (out of 10)
[2024-07-08 18:18:20,560][flwr][INFO] - aggregate_fit: received 10 results and 0 failures
[2024-07-08 18:18:20,900][flwr][INFO] - fit progress: (6, 488.2884740829468, {'accuracy': 0.0129, 'precision': 0.012804811988510469, 'recall': 0.0129, 'f1': 0.012847415763904482, 'confusion_matrix': array([[  15,  948,    0,    1,    0,    0,    5,    5,    1,    5],
       [   0,    0, 1122,    3,    2,    0,    1,    1,    0,    6],
       [   2,    2,    3, 1005,    8,    3,    1,    3,    3,    2],
       [   1,    0,    1,   15,  961,    0,   10,    0,    8,   14],
       [  19,    1,    1,    6,    1,  930,    0,   11,    1,   12],
       [   1,    2,    0,    2,   14,    5,  859,    3,    1,    5],
       [   0,    5,    4,    0,    1,    3,   35,  908,    0,    2],
       [   9,    1,    9,   22,    3,    7,    0,    3,  967,    7],
       [   2,    2,    3,    5,   13,    3,   11,    2,    2,  931],
       [ 914,    2,    4,    2,    9,   16,    5,    1,    6,   50]])}, 43.201839500000006)
[2024-07-08 18:18:20,900][flwr][INFO] - configure_evaluate: no clients selected, skipping evaluation
[2024-07-08 18:18:20,900][flwr][INFO] - 
[2024-07-08 18:18:20,900][flwr][INFO] - [ROUND 7]
[2024-07-08 18:18:20,900][flwr][INFO] - configure_fit: strategy sampled 10 clients (out of 10)
[2024-07-08 18:18:27,351][flwr][INFO] - aggregate_fit: received 10 results and 0 failures
[2024-07-08 18:18:27,700][flwr][INFO] - fit progress: (7, 518.2908182144165, {'accuracy': 0.0067, 'precision': 0.006745827827697937, 'recall': 0.0067, 'f1': 0.006716322956344263, 'confusion_matrix': array([[   7,  958,    1,    1,    1,    0,    1,    3,    2,    6],
       [   0,    0, 1118,    4,    2,    0,    0,    2,    1,    8],
       [   1,    1,    1, 1004,    9,    5,    1,    3,    4,    3],
       [   2,    0,    0,   13,  966,    0,   11,    0,    8,   10],
       [  27,    1,    0,    2,    2,  940,    0,    4,    1,    5],
       [   6,    2,    1,    2,   15,    6,  850,    3,    2,    5],
       [   0,    4,    3,    0,    1,    5,   22,  915,    0,    8],
       [  13,    0,    7,   29,    3,    8,    0,    3,  961,    4],
       [   3,    2,    2,    6,   12,    4,    5,    4,    2,  934],
       [ 964,    2,    3,    1,    6,   16,    0,    1,    5,   11]])}, 50.00245425)
[2024-07-08 18:18:27,701][flwr][INFO] - configure_evaluate: no clients selected, skipping evaluation
[2024-07-08 18:18:27,701][flwr][INFO] - 
[2024-07-08 18:18:27,701][flwr][INFO] - [ROUND 8]
[2024-07-08 18:18:27,701][flwr][INFO] - configure_fit: strategy sampled 10 clients (out of 10)
[2024-07-08 18:18:34,368][flwr][INFO] - aggregate_fit: received 10 results and 0 failures
[2024-07-08 18:18:34,747][flwr][INFO] - fit progress: (8, 522.1181287765503, {'accuracy': 0.0092, 'precision': 0.009146141827448025, 'recall': 0.0092, 'f1': 0.009167628467002368, 'confusion_matrix': array([[   3,  968,    1,    0,    1,    0,    1,    2,    1,    3],
       [   0,    0, 1121,    5,    1,    0,    0,    2,    0,    6],
       [   1,    1,    1, 1011,    3,    3,    1,    2,    5,    4],
       [   2,    0,    0,   20,  952,    0,   15,    0,    8,   13],
       [  21,    1,    0,    3,    1,  941,    0,    7,    1,    7],
       [   2,    2,    1,    3,   17,    4,  855,    2,    2,    4],
       [   0,    7,    3,    1,    1,    3,   22,  918,    0,    3],
       [  11,    0,    7,   23,    1,    7,    0,    2,  973,    4],
       [   1,    2,    4,    7,    9,    2,    8,    2,    1,  938],
       [ 935,    2,    3,    1,    3,   19,    1,    1,    6,   38]])}, 57.049212250000004)
[2024-07-08 18:18:34,747][flwr][INFO] - configure_evaluate: no clients selected, skipping evaluation
[2024-07-08 18:18:34,747][flwr][INFO] - 
[2024-07-08 18:18:34,747][flwr][INFO] - [ROUND 9]
[2024-07-08 18:18:34,748][flwr][INFO] - configure_fit: strategy sampled 10 clients (out of 10)
[2024-07-08 18:18:41,278][flwr][INFO] - aggregate_fit: received 10 results and 0 failures
[2024-07-08 18:18:41,627][flwr][INFO] - fit progress: (9, 596.5504775047302, {'accuracy': 0.0078, 'precision': 0.007860816055900955, 'recall': 0.0078, 'f1': 0.007825860035323458, 'confusion_matrix': array([[   5,  958,    0,    1,    1,    0,    4,    3,    2,    6],
       [   0,    0, 1120,    3,    2,    0,    0,    2,    0,    8],
       [   0,    2,    2, 1007,    4,    3,    1,    3,    6,    4],
       [   1,    0,    0,   11,  974,    0,    5,    0,    9,   10],
       [  18,    2,    0,    6,    0,  944,    0,    5,    1,    6],
       [   1,    1,    2,    1,   19,    4,  855,    2,    2,    5],
       [   0,    4,    3,    1,    2,    3,   31,  908,    0,    6],
       [  11,    1,    6,   21,    1,    8,    0,    0,  977,    3],
       [   2,    2,    1,    6,    9,    2,    9,    0,    4,  939],
       [ 953,    1,    2,    1,    8,   14,    0,    1,    8,   21]])}, 63.929073625)
[2024-07-08 18:18:41,627][flwr][INFO] - configure_evaluate: no clients selected, skipping evaluation
[2024-07-08 18:18:41,627][flwr][INFO] - 
[2024-07-08 18:18:41,627][flwr][INFO] - [ROUND 10]
[2024-07-08 18:18:41,627][flwr][INFO] - configure_fit: strategy sampled 10 clients (out of 10)
[2024-07-08 18:18:48,710][flwr][INFO] - aggregate_fit: received 10 results and 0 failures
[2024-07-08 18:18:49,056][flwr][INFO] - fit progress: (10, 592.9256262779236, {'accuracy': 0.0059, 'precision': 0.005824132816221655, 'recall': 0.0059, 'f1': 0.005856701830050676, 'confusion_matrix': array([[   6,  962,    1,    0,    1,    0,    0,    4,    1,    5],
       [   0,    0, 1121,    4,    1,    0,    0,    3,    0,    6],
       [   0,    2,    2, 1010,    3,    3,    0,    4,    6,    2],
       [   2,    0,    0,   16,  974,    1,    3,    0,    7,    7],
       [  20,    1,    0,    4,    0,  946,    0,    5,    1,    5],
       [   1,    3,    1,    1,   23,    6,  843,    5,    2,    7],
       [   0,    5,    4,    1,    1,    3,    7,  932,    0,    5],
       [  15,    1,    5,   22,    2,    5,    0,    1,  974,    3],
       [   2,    2,    1,    8,    7,    2,    6,    0,    2,  944],
       [ 950,    3,    4,    1,    6,   17,    1,    1,    7,   19]])}, 71.35801275)
[2024-07-08 18:18:49,056][flwr][INFO] - configure_evaluate: no clients selected, skipping evaluation
[2024-07-08 18:18:49,056][flwr][INFO] - 
[2024-07-08 18:18:49,056][flwr][INFO] - [SUMMARY]
[2024-07-08 18:18:49,056][flwr][INFO] - Run finished 10 round(s) in 71.36s
[2024-07-08 18:18:49,060][flwr][INFO] - 	History (loss, centralized):
[2024-07-08 18:18:49,060][flwr][INFO] - 		round 0: 181.76928067207336
[2024-07-08 18:18:49,060][flwr][INFO] - 		round 1: 245.6827745437622
[2024-07-08 18:18:49,060][flwr][INFO] - 		round 2: 394.19137048721313
[2024-07-08 18:18:49,060][flwr][INFO] - 		round 3: 394.3493757247925
[2024-07-08 18:18:49,060][flwr][INFO] - 		round 4: 433.29769372940063
[2024-07-08 18:18:49,060][flwr][INFO] - 		round 5: 476.4006233215332
[2024-07-08 18:18:49,060][flwr][INFO] - 		round 6: 488.2884740829468
[2024-07-08 18:18:49,060][flwr][INFO] - 		round 7: 518.2908182144165
[2024-07-08 18:18:49,060][flwr][INFO] - 		round 8: 522.1181287765503
[2024-07-08 18:18:49,060][flwr][INFO] - 		round 9: 596.5504775047302
[2024-07-08 18:18:49,060][flwr][INFO] - 		round 10: 592.9256262779236
[2024-07-08 18:18:49,060][flwr][INFO] - 	History (metrics, centralized):
[2024-07-08 18:18:49,060][flwr][INFO] - 	{'accuracy': [(0, 0.1086),
[2024-07-08 18:18:49,060][flwr][INFO] - 	              (1, 0.0225),
[2024-07-08 18:18:49,060][flwr][INFO] - 	              (2, 0.0139),
[2024-07-08 18:18:49,060][flwr][INFO] - 	              (3, 0.0153),
[2024-07-08 18:18:49,060][flwr][INFO] - 	              (4, 0.0081),
[2024-07-08 18:18:49,060][flwr][INFO] - 	              (5, 0.0096),
[2024-07-08 18:18:49,060][flwr][INFO] - 	              (6, 0.0129),
[2024-07-08 18:18:49,060][flwr][INFO] - 	              (7, 0.0067),
[2024-07-08 18:18:49,060][flwr][INFO] - 	              (8, 0.0092),
[2024-07-08 18:18:49,060][flwr][INFO] - 	              (9, 0.0078),
[2024-07-08 18:18:49,060][flwr][INFO] - 	              (10, 0.0059)],
[2024-07-08 18:18:49,060][flwr][INFO] - 	 'confusion_matrix': [(0,
[2024-07-08 18:18:49,060][flwr][INFO] - 	                       array([[   0,    8,    0,  956,    0,    1,    0,   15,    0,    0],
[2024-07-08 18:18:49,060][flwr][INFO] - 	       [   0,  122,    0, 1013,    0,    0,    0,    0,    0,    0],
[2024-07-08 18:18:49,060][flwr][INFO] - 	       [   0,   38,    0,  971,    0,    0,    3,   19,    1,    0],
[2024-07-08 18:18:49,060][flwr][INFO] - 	       [   0,   44,    0,  945,    1,    1,    0,   17,    2,    0],
[2024-07-08 18:18:49,060][flwr][INFO] - 	       [   0,  143,    0,  816,    1,    0,    2,   20,    0,    0],
[2024-07-08 18:18:49,061][flwr][INFO] - 	       [   0,  118,    0,  735,    1,    7,    0,   30,    1,    0],
[2024-07-08 18:18:49,061][flwr][INFO] - 	       [   0,  144,    0,  749,   25,    0,    2,   38,    0,    0],
[2024-07-08 18:18:49,061][flwr][INFO] - 	       [   0,  272,    0,  724,    8,    0,    0,    9,   15,    0],
[2024-07-08 18:18:49,061][flwr][INFO] - 	       [   0,   81,    0,  859,    1,    0,    1,   32,    0,    0],
[2024-07-08 18:18:49,061][flwr][INFO] - 	       [   0,  178,    0,  799,    1,    0,    0,   31,    0,    0]])),
[2024-07-08 18:18:49,061][flwr][INFO] - 	                      (1,
[2024-07-08 18:18:49,061][flwr][INFO] - 	                       array([[  41,  805,    0,    4,    0,    3,   61,   58,    3,    5],
[2024-07-08 18:18:49,061][flwr][INFO] - 	       [   0,    0, 1120,    5,    0,    0,    2,    4,    2,    2],
[2024-07-08 18:18:49,061][flwr][INFO] - 	       [   3,    4,   62,  884,    8,    1,    2,   56,    9,    3],
[2024-07-08 18:18:49,061][flwr][INFO] - 	       [   5,    2,   15,   68,  856,    0,   25,    5,   19,   15],
[2024-07-08 18:18:49,061][flwr][INFO] - 	       [ 240,    0,    7,    6,    9,  600,   32,   79,    3,    6],
[2024-07-08 18:18:49,061][flwr][INFO] - 	       [  20,    8,   11,    9,   20,    2,  784,   22,    6,   10],
[2024-07-08 18:18:49,061][flwr][INFO] - 	       [   0,    5,    4,    6,    0,    0,   19,  923,    0,    1],
[2024-07-08 18:18:49,061][flwr][INFO] - 	       [  80,    0,   19,   50,    1,    2,    2,    0,  873,    1],
[2024-07-08 18:18:49,061][flwr][INFO] - 	       [  32,    4,   43,   38,   41,    2,   56,   29,   17,  712],
[2024-07-08 18:18:49,061][flwr][INFO] - 	       [ 922,    2,    8,    5,   15,    3,   18,    8,   21,    7]])),
[2024-07-08 18:18:49,061][flwr][INFO] - 	                      (2,
[2024-07-08 18:18:49,061][flwr][INFO] - 	                       array([[   1,  965,    1,    1,    0,    0,    3,    6,    1,    2],
[2024-07-08 18:18:49,061][flwr][INFO] - 	       [   0,    0, 1118,    5,    2,    0,    1,    3,    0,    6],
[2024-07-08 18:18:49,061][flwr][INFO] - 	       [   1,   11,    4,  976,    9,    4,    0,   13,    4,   10],
[2024-07-08 18:18:49,061][flwr][INFO] - 	       [   1,    3,    1,   45,  911,    0,    8,    0,   16,   25],
[2024-07-08 18:18:49,061][flwr][INFO] - 	       [  73,    1,    2,    7,    2,  857,    1,   14,    2,   23],
[2024-07-08 18:18:49,061][flwr][INFO] - 	       [   4,   17,    1,    7,   52,    5,  771,    8,    3,   24],
[2024-07-08 18:18:49,061][flwr][INFO] - 	       [   0,   11,    3,    2,    1,    1,   33,  899,    0,    8],
[2024-07-08 18:18:49,061][flwr][INFO] - 	       [  37,    2,   12,   52,    1,    8,    0,    0,  911,    5],
[2024-07-08 18:18:49,061][flwr][INFO] - 	       [   2,    5,    7,   20,   13,    8,    7,    8,    6,  898],
[2024-07-08 18:18:49,061][flwr][INFO] - 	       [ 915,    5,    6,    1,   14,   11,    2,    2,   10,   43]])),
[2024-07-08 18:18:49,061][flwr][INFO] - 	                      (3,
[2024-07-08 18:18:49,061][flwr][INFO] - 	                       array([[   5,  961,    0,    2,    0,    0,    3,    6,    1,    2],
[2024-07-08 18:18:49,061][flwr][INFO] - 	       [   0,    0, 1121,    5,    0,    0,    1,    2,    0,    6],
[2024-07-08 18:18:49,061][flwr][INFO] - 	       [   0,    7,    1,  997,    7,    4,    1,    5,    4,    6],
[2024-07-08 18:18:49,061][flwr][INFO] - 	       [   2,    0,    1,   44,  921,    1,    8,    0,   13,   20],
[2024-07-08 18:18:49,061][flwr][INFO] - 	       [  48,    1,    2,    3,    3,  899,    0,   14,    2,   10],
[2024-07-08 18:18:49,061][flwr][INFO] - 	       [   6,    6,    1,    6,   34,    2,  819,    4,    0,   14],
[2024-07-08 18:18:49,061][flwr][INFO] - 	       [   0,    8,    3,    1,    1,    3,   61,  877,    0,    4],
[2024-07-08 18:18:49,061][flwr][INFO] - 	       [  37,    1,   16,   38,    1,    7,    0,    0,  924,    4],
[2024-07-08 18:18:49,061][flwr][INFO] - 	       [   1,    4,    4,   24,   11,    6,   11,    4,    6,  903],
[2024-07-08 18:18:49,061][flwr][INFO] - 	       [ 926,    3,    6,    0,   13,   17,    3,    1,    9,   31]])),
[2024-07-08 18:18:49,061][flwr][INFO] - 	                      (4,
[2024-07-08 18:18:49,061][flwr][INFO] - 	                       array([[   7,  957,    0,    1,    1,    0,    4,    8,    1,    1],
[2024-07-08 18:18:49,061][flwr][INFO] - 	       [   0,    0, 1124,    4,    0,    0,    1,    3,    0,    3],
[2024-07-08 18:18:49,061][flwr][INFO] - 	       [   0,    6,    3, 1002,    7,    3,    0,    5,    4,    2],
[2024-07-08 18:18:49,061][flwr][INFO] - 	       [   2,    0,    3,   26,  942,    0,   12,    1,   13,   11],
[2024-07-08 18:18:49,061][flwr][INFO] - 	       [  30,    1,    1,    5,    1,  921,    0,   17,    1,    5],
[2024-07-08 18:18:49,061][flwr][INFO] - 	       [   3,    4,    0,    2,   25,    4,  836,    7,    1,   10],
[2024-07-08 18:18:49,061][flwr][INFO] - 	       [   0,    5,    3,    0,    1,    2,   21,  924,    0,    2],
[2024-07-08 18:18:49,061][flwr][INFO] - 	       [  15,    1,   10,   28,    2,    4,    0,    0,  966,    2],
[2024-07-08 18:18:49,061][flwr][INFO] - 	       [   1,    6,    7,   16,   14,    4,    9,    7,    3,  907],
[2024-07-08 18:18:49,062][flwr][INFO] - 	       [ 932,    4,    6,    1,   13,   22,    3,    2,   10,   16]])),
[2024-07-08 18:18:49,062][flwr][INFO] - 	                      (5,
[2024-07-08 18:18:49,062][flwr][INFO] - 	                       array([[   6,  947,    1,    2,    1,    0,    4,   10,    4,    5],
[2024-07-08 18:18:49,062][flwr][INFO] - 	       [   0,    0, 1122,    4,    1,    0,    1,    3,    0,    4],
[2024-07-08 18:18:49,062][flwr][INFO] - 	       [   1,    2,    2, 1006,    6,    3,    2,    3,    4,    3],
[2024-07-08 18:18:49,062][flwr][INFO] - 	       [   2,    0,    2,   22,  951,    0,   14,    0,    9,   10],
[2024-07-08 18:18:49,062][flwr][INFO] - 	       [  32,    1,    2,    7,    1,  903,    0,   23,    1,   12],
[2024-07-08 18:18:49,062][flwr][INFO] - 	       [   1,    2,    0,    3,   15,    4,  856,    2,    2,    7],
[2024-07-08 18:18:49,062][flwr][INFO] - 	       [   0,    3,    3,    0,    1,    3,   35,  911,    0,    2],
[2024-07-08 18:18:49,062][flwr][INFO] - 	       [   7,    1,   11,   31,    2,    4,    0,    2,  968,    2],
[2024-07-08 18:18:49,062][flwr][INFO] - 	       [   1,    2,    4,   10,   14,    3,    9,    8,    5,  918],
[2024-07-08 18:18:49,062][flwr][INFO] - 	       [ 941,    3,    5,    1,   12,   17,    2,    2,    7,   19]])),
[2024-07-08 18:18:49,062][flwr][INFO] - 	                      (6,
[2024-07-08 18:18:49,062][flwr][INFO] - 	                       array([[  15,  948,    0,    1,    0,    0,    5,    5,    1,    5],
[2024-07-08 18:18:49,062][flwr][INFO] - 	       [   0,    0, 1122,    3,    2,    0,    1,    1,    0,    6],
[2024-07-08 18:18:49,062][flwr][INFO] - 	       [   2,    2,    3, 1005,    8,    3,    1,    3,    3,    2],
[2024-07-08 18:18:49,062][flwr][INFO] - 	       [   1,    0,    1,   15,  961,    0,   10,    0,    8,   14],
[2024-07-08 18:18:49,062][flwr][INFO] - 	       [  19,    1,    1,    6,    1,  930,    0,   11,    1,   12],
[2024-07-08 18:18:49,062][flwr][INFO] - 	       [   1,    2,    0,    2,   14,    5,  859,    3,    1,    5],
[2024-07-08 18:18:49,062][flwr][INFO] - 	       [   0,    5,    4,    0,    1,    3,   35,  908,    0,    2],
[2024-07-08 18:18:49,062][flwr][INFO] - 	       [   9,    1,    9,   22,    3,    7,    0,    3,  967,    7],
[2024-07-08 18:18:49,062][flwr][INFO] - 	       [   2,    2,    3,    5,   13,    3,   11,    2,    2,  931],
[2024-07-08 18:18:49,062][flwr][INFO] - 	       [ 914,    2,    4,    2,    9,   16,    5,    1,    6,   50]])),
[2024-07-08 18:18:49,062][flwr][INFO] - 	                      (7,
[2024-07-08 18:18:49,062][flwr][INFO] - 	                       array([[   7,  958,    1,    1,    1,    0,    1,    3,    2,    6],
[2024-07-08 18:18:49,062][flwr][INFO] - 	       [   0,    0, 1118,    4,    2,    0,    0,    2,    1,    8],
[2024-07-08 18:18:49,062][flwr][INFO] - 	       [   1,    1,    1, 1004,    9,    5,    1,    3,    4,    3],
[2024-07-08 18:18:49,062][flwr][INFO] - 	       [   2,    0,    0,   13,  966,    0,   11,    0,    8,   10],
[2024-07-08 18:18:49,062][flwr][INFO] - 	       [  27,    1,    0,    2,    2,  940,    0,    4,    1,    5],
[2024-07-08 18:18:49,062][flwr][INFO] - 	       [   6,    2,    1,    2,   15,    6,  850,    3,    2,    5],
[2024-07-08 18:18:49,062][flwr][INFO] - 	       [   0,    4,    3,    0,    1,    5,   22,  915,    0,    8],
[2024-07-08 18:18:49,062][flwr][INFO] - 	       [  13,    0,    7,   29,    3,    8,    0,    3,  961,    4],
[2024-07-08 18:18:49,062][flwr][INFO] - 	       [   3,    2,    2,    6,   12,    4,    5,    4,    2,  934],
[2024-07-08 18:18:49,062][flwr][INFO] - 	       [ 964,    2,    3,    1,    6,   16,    0,    1,    5,   11]])),
[2024-07-08 18:18:49,062][flwr][INFO] - 	                      (8,
[2024-07-08 18:18:49,062][flwr][INFO] - 	                       array([[   3,  968,    1,    0,    1,    0,    1,    2,    1,    3],
[2024-07-08 18:18:49,062][flwr][INFO] - 	       [   0,    0, 1121,    5,    1,    0,    0,    2,    0,    6],
[2024-07-08 18:18:49,062][flwr][INFO] - 	       [   1,    1,    1, 1011,    3,    3,    1,    2,    5,    4],
[2024-07-08 18:18:49,062][flwr][INFO] - 	       [   2,    0,    0,   20,  952,    0,   15,    0,    8,   13],
[2024-07-08 18:18:49,062][flwr][INFO] - 	       [  21,    1,    0,    3,    1,  941,    0,    7,    1,    7],
[2024-07-08 18:18:49,062][flwr][INFO] - 	       [   2,    2,    1,    3,   17,    4,  855,    2,    2,    4],
[2024-07-08 18:18:49,062][flwr][INFO] - 	       [   0,    7,    3,    1,    1,    3,   22,  918,    0,    3],
[2024-07-08 18:18:49,062][flwr][INFO] - 	       [  11,    0,    7,   23,    1,    7,    0,    2,  973,    4],
[2024-07-08 18:18:49,062][flwr][INFO] - 	       [   1,    2,    4,    7,    9,    2,    8,    2,    1,  938],
[2024-07-08 18:18:49,062][flwr][INFO] - 	       [ 935,    2,    3,    1,    3,   19,    1,    1,    6,   38]])),
[2024-07-08 18:18:49,062][flwr][INFO] - 	                      (9,
[2024-07-08 18:18:49,062][flwr][INFO] - 	                       array([[   5,  958,    0,    1,    1,    0,    4,    3,    2,    6],
[2024-07-08 18:18:49,062][flwr][INFO] - 	       [   0,    0, 1120,    3,    2,    0,    0,    2,    0,    8],
[2024-07-08 18:18:49,062][flwr][INFO] - 	       [   0,    2,    2, 1007,    4,    3,    1,    3,    6,    4],
[2024-07-08 18:18:49,063][flwr][INFO] - 	       [   1,    0,    0,   11,  974,    0,    5,    0,    9,   10],
[2024-07-08 18:18:49,063][flwr][INFO] - 	       [  18,    2,    0,    6,    0,  944,    0,    5,    1,    6],
[2024-07-08 18:18:49,063][flwr][INFO] - 	       [   1,    1,    2,    1,   19,    4,  855,    2,    2,    5],
[2024-07-08 18:18:49,063][flwr][INFO] - 	       [   0,    4,    3,    1,    2,    3,   31,  908,    0,    6],
[2024-07-08 18:18:49,063][flwr][INFO] - 	       [  11,    1,    6,   21,    1,    8,    0,    0,  977,    3],
[2024-07-08 18:18:49,063][flwr][INFO] - 	       [   2,    2,    1,    6,    9,    2,    9,    0,    4,  939],
[2024-07-08 18:18:49,063][flwr][INFO] - 	       [ 953,    1,    2,    1,    8,   14,    0,    1,    8,   21]])),
[2024-07-08 18:18:49,063][flwr][INFO] - 	                      (10,
[2024-07-08 18:18:49,063][flwr][INFO] - 	                       array([[   6,  962,    1,    0,    1,    0,    0,    4,    1,    5],
[2024-07-08 18:18:49,063][flwr][INFO] - 	       [   0,    0, 1121,    4,    1,    0,    0,    3,    0,    6],
[2024-07-08 18:18:49,063][flwr][INFO] - 	       [   0,    2,    2, 1010,    3,    3,    0,    4,    6,    2],
[2024-07-08 18:18:49,063][flwr][INFO] - 	       [   2,    0,    0,   16,  974,    1,    3,    0,    7,    7],
[2024-07-08 18:18:49,063][flwr][INFO] - 	       [  20,    1,    0,    4,    0,  946,    0,    5,    1,    5],
[2024-07-08 18:18:49,063][flwr][INFO] - 	       [   1,    3,    1,    1,   23,    6,  843,    5,    2,    7],
[2024-07-08 18:18:49,063][flwr][INFO] - 	       [   0,    5,    4,    1,    1,    3,    7,  932,    0,    5],
[2024-07-08 18:18:49,063][flwr][INFO] - 	       [  15,    1,    5,   22,    2,    5,    0,    1,  974,    3],
[2024-07-08 18:18:49,063][flwr][INFO] - 	       [   2,    2,    1,    8,    7,    2,    6,    0,    2,  944],
[2024-07-08 18:18:49,063][flwr][INFO] - 	       [ 950,    3,    4,    1,    6,   17,    1,    1,    7,   19]]))],
[2024-07-08 18:18:49,063][flwr][INFO] - 	 'f1': [(0, 0.03553137346181725),
[2024-07-08 18:18:49,063][flwr][INFO] - 	        (1, 0.02108724796170934),
[2024-07-08 18:18:49,063][flwr][INFO] - 	        (2, 0.013824983944674796),
[2024-07-08 18:18:49,063][flwr][INFO] - 	        (3, 0.015234774717050484),
[2024-07-08 18:18:49,063][flwr][INFO] - 	        (4, 0.008089187513266144),
[2024-07-08 18:18:49,063][flwr][INFO] - 	        (5, 0.009585673215068494),
[2024-07-08 18:18:49,063][flwr][INFO] - 	        (6, 0.012847415763904482),
[2024-07-08 18:18:49,063][flwr][INFO] - 	        (7, 0.006716322956344263),
[2024-07-08 18:18:49,063][flwr][INFO] - 	        (8, 0.009167628467002368),
[2024-07-08 18:18:49,063][flwr][INFO] - 	        (9, 0.007825860035323458),
[2024-07-08 18:18:49,063][flwr][INFO] - 	        (10, 0.005856701830050676)],
[2024-07-08 18:18:49,063][flwr][INFO] - 	 'precision': [(0, 0.12349967530374152),
[2024-07-08 18:18:49,063][flwr][INFO] - 	               (1, 0.020048583213460543),
[2024-07-08 18:18:49,063][flwr][INFO] - 	               (2, 0.013815490215547874),
[2024-07-08 18:18:49,063][flwr][INFO] - 	               (3, 0.015202805075654462),
[2024-07-08 18:18:49,063][flwr][INFO] - 	               (4, 0.008096642712028845),
[2024-07-08 18:18:49,063][flwr][INFO] - 	               (5, 0.009582383489788448),
[2024-07-08 18:18:49,063][flwr][INFO] - 	               (6, 0.012804811988510469),
[2024-07-08 18:18:49,063][flwr][INFO] - 	               (7, 0.006745827827697937),
[2024-07-08 18:18:49,063][flwr][INFO] - 	               (8, 0.009146141827448025),
[2024-07-08 18:18:49,063][flwr][INFO] - 	               (9, 0.007860816055900955),
[2024-07-08 18:18:49,063][flwr][INFO] - 	               (10, 0.005824132816221655)],
[2024-07-08 18:18:49,063][flwr][INFO] - 	 'recall': [(0, 0.1086),
[2024-07-08 18:18:49,063][flwr][INFO] - 	            (1, 0.0225),
[2024-07-08 18:18:49,063][flwr][INFO] - 	            (2, 0.0139),
[2024-07-08 18:18:49,063][flwr][INFO] - 	            (3, 0.0153),
[2024-07-08 18:18:49,063][flwr][INFO] - 	            (4, 0.0081),
[2024-07-08 18:18:49,063][flwr][INFO] - 	            (5, 0.0096),
[2024-07-08 18:18:49,063][flwr][INFO] - 	            (6, 0.0129),
[2024-07-08 18:18:49,063][flwr][INFO] - 	            (7, 0.0067),
[2024-07-08 18:18:49,064][flwr][INFO] - 	            (8, 0.0092),
[2024-07-08 18:18:49,064][flwr][INFO] - 	            (9, 0.0078),
[2024-07-08 18:18:49,064][flwr][INFO] - 	            (10, 0.0059)]}
[2024-07-08 18:18:49,064][flwr][INFO] - 
