[2024-06-21 13:57:31,813][flwr][INFO] - Starting Flower simulation, config: num_rounds=10, no round_timeout
[2024-06-21 13:57:33,760][flwr][INFO] - Flower VCE: Ray initialized with resources: {'memory': 9137766400.0, 'object_store_memory': 2147483648.0, 'CPU': 12.0, 'node:__internal_head__': 1.0, 'node:127.0.0.1': 1.0}
[2024-06-21 13:57:33,760][flwr][INFO] - Optimize your simulation with Flower VCE: https://flower.ai/docs/framework/how-to-run-simulations.html
[2024-06-21 13:57:33,760][flwr][INFO] - Flower VCE: Resources for each Virtual Client: {'num_cpus': 2, 'num_gpus': 0}
[2024-06-21 13:57:33,766][flwr][INFO] - Flower VCE: Creating VirtualClientEngineActorPool with 6 actors
[2024-06-21 13:57:33,766][flwr][INFO] - [INIT]
[2024-06-21 13:57:33,766][flwr][INFO] - Requesting initial parameters from one random client
[2024-06-21 13:57:35,206][flwr][INFO] - Received initial parameters from one random client
[2024-06-21 13:57:35,206][flwr][INFO] - Evaluating initial global parameters
[2024-06-21 13:57:35,539][flwr][INFO] - initial parameters (loss, other metrics): 181.76928067207336, {'accuracy': 0.1086, 'precision': 0.12349967530374152, 'recall': 0.1086, 'f1': 0.03553137346181725, 'confusion_matrix': array([[   0,    8,    0,  956,    0,    1,    0,   15,    0,    0],
       [   0,  122,    0, 1013,    0,    0,    0,    0,    0,    0],
       [   0,   38,    0,  971,    0,    0,    3,   19,    1,    0],
       [   0,   44,    0,  945,    1,    1,    0,   17,    2,    0],
       [   0,  143,    0,  816,    1,    0,    2,   20,    0,    0],
       [   0,  118,    0,  735,    1,    7,    0,   30,    1,    0],
       [   0,  144,    0,  749,   25,    0,    2,   38,    0,    0],
       [   0,  272,    0,  724,    8,    0,    0,    9,   15,    0],
       [   0,   81,    0,  859,    1,    0,    1,   32,    0,    0],
       [   0,  178,    0,  799,    1,    0,    0,   31,    0,    0]])}
[2024-06-21 13:57:35,540][flwr][INFO] - 
[2024-06-21 13:57:35,540][flwr][INFO] - [ROUND 1]
[2024-06-21 13:57:35,540][flwr][INFO] - configure_fit: strategy sampled 10 clients (out of 100)
[2024-06-21 13:57:42,054][flwr][INFO] - aggregate_fit: received 10 results and 0 failures
[2024-06-21 13:57:42,059][flwr][WARNING] - No fit_metrics_aggregation_fn provided
[2024-06-21 13:57:42,383][flwr][INFO] - fit progress: (1, 233.60012769699097, {'accuracy': 0.0339, 'precision': 0.04990744657630272, 'recall': 0.0339, 'f1': 0.030773854359080782, 'confusion_matrix': array([[  61,  835,    1,    0,    4,    0,   56,   21,    2,    0],
       [   1,    0, 1107,    2,    5,    0,    0,    4,    1,   15],
       [  37,   29,  119,  646,   34,    0,   11,   73,   53,   30],
       [  21,    5,   15,   18,  848,    0,    8,    9,   68,   18],
       [ 921,    2,    4,    1,    0,    9,    4,   15,   19,    7],
       [ 148,   15,   37,    2,  161,    3,  466,   19,   26,   15],
       [   7,   15,   13,    5,    0,    1,   69,  846,    2,    0],
       [  73,    0,   24,    6,    2,    0,    1,    0,  919,    3],
       [ 100,    6,   48,    3,  117,    0,   92,   18,   64,  526],
       [ 869,    2,    4,    1,    7,    0,    2,    2,  117,    5]])}, 6.843618417)
[2024-06-21 13:57:42,384][flwr][INFO] - configure_evaluate: no clients selected, skipping evaluation
[2024-06-21 13:57:42,384][flwr][INFO] - 
[2024-06-21 13:57:42,384][flwr][INFO] - [ROUND 2]
[2024-06-21 13:57:42,384][flwr][INFO] - configure_fit: strategy sampled 10 clients (out of 100)
[2024-06-21 13:57:47,227][flwr][INFO] - aggregate_fit: received 10 results and 0 failures
[2024-06-21 13:57:47,623][flwr][INFO] - fit progress: (2, 332.31263732910156, {'accuracy': 0.0278, 'precision': 0.026565622535815483, 'recall': 0.0278, 'f1': 0.027093861655907363, 'confusion_matrix': array([[  11,  728,    1,   14,   13,    4,  150,   13,    1,   45],
       [   0,    0, 1117,    4,    3,    0,    1,    3,    0,    7],
       [   3,    3,   45,  882,   16,   11,    6,   24,   13,   29],
       [   1,    0,    7,   49,  895,    0,   12,    0,   15,   31],
       [ 175,    0,    4,    4,   15,  692,   14,   29,    2,   47],
       [  27,    3,   21,   10,  150,    7,  611,    4,    5,   54],
       [   0,    2,   10,   12,    3,    8,   86,  831,    1,    5],
       [  69,    0,   35,   26,    6,    8,    0,    0,  866,   18],
       [   5,    1,   32,   19,   82,    1,   25,    7,    4,  798],
       [ 862,    1,    6,    2,   19,   12,    5,    7,   34,   61]])}, 12.083217750000001)
[2024-06-21 13:57:47,623][flwr][INFO] - configure_evaluate: no clients selected, skipping evaluation
[2024-06-21 13:57:47,623][flwr][INFO] - 
[2024-06-21 13:57:47,623][flwr][INFO] - [ROUND 3]
[2024-06-21 13:57:47,624][flwr][INFO] - configure_fit: strategy sampled 10 clients (out of 100)
[2024-06-21 13:57:52,708][flwr][INFO] - aggregate_fit: received 10 results and 0 failures
[2024-06-21 13:57:53,048][flwr][INFO] - fit progress: (3, 327.67596983909607, {'accuracy': 0.0353, 'precision': 0.03228035911127143, 'recall': 0.0353, 'f1': 0.033622724571566044, 'confusion_matrix': array([[  34,  821,    1,    3,    1,    1,   77,   10,    1,   31],
       [   0,    0, 1119,    4,    0,    0,    2,    2,    1,    7],
       [   7,    4,   83,  842,    7,    7,    5,   19,   11,   47],
       [   1,    2,   19,   79,  796,    1,   44,    0,   20,   48],
       [  57,    0,   13,    3,    3,  851,    5,   18,    1,   31],
       [  14,   10,   17,   11,   40,    5,  739,    3,    4,   49],
       [   0,    3,   13,    4,    1,    7,   82,  844,    0,    4],
       [  92,    0,   38,   21,    3,   12,    0,    0,  851,   11],
       [   2,    3,   41,    9,   20,    4,   37,    6,    3,  849],
       [ 857,    2,    8,    1,   15,   30,   10,    3,   19,   64]])}, 17.50873225)
[2024-06-21 13:57:53,049][flwr][INFO] - configure_evaluate: no clients selected, skipping evaluation
[2024-06-21 13:57:53,049][flwr][INFO] - 
[2024-06-21 13:57:53,049][flwr][INFO] - [ROUND 4]
[2024-06-21 13:57:53,049][flwr][INFO] - configure_fit: strategy sampled 10 clients (out of 100)
[2024-06-21 13:57:58,121][flwr][INFO] - aggregate_fit: received 10 results and 0 failures
[2024-06-21 13:57:58,543][flwr][INFO] - fit progress: (4, 304.8129155635834, {'accuracy': 0.0235, 'precision': 0.022549492649430986, 'recall': 0.0235, 'f1': 0.02296985766433165, 'confusion_matrix': array([[  23,  903,    0,    0,    1,    2,   42,    4,    1,    4],
       [   1,    0, 1105,    3,    2,    1,    5,    2,    0,   16],
       [  15,   15,   47,  830,   20,   16,    4,   13,   18,   54],
       [   7,    4,    6,   27,  889,    2,   19,    1,   20,   35],
       [  67,    0,    0,    2,    2,  885,    9,    7,    1,    9],
       [  19,   14,    4,    5,   61,   13,  744,    4,    6,   22],
       [   3,    8,    3,    3,    1,   16,   98,  821,    1,    4],
       [  82,    0,   16,   17,    2,   12,    0,    0,  889,   10],
       [  22,    6,   12,    3,   28,   12,   49,    8,   10,  824],
       [ 920,    2,    4,    1,   10,   32,    9,    2,   14,   15]])}, 23.003212083)
[2024-06-21 13:57:58,543][flwr][INFO] - configure_evaluate: no clients selected, skipping evaluation
[2024-06-21 13:57:58,543][flwr][INFO] - 
[2024-06-21 13:57:58,543][flwr][INFO] - [ROUND 5]
[2024-06-21 13:57:58,544][flwr][INFO] - configure_fit: strategy sampled 10 clients (out of 100)
[2024-06-21 13:58:03,625][flwr][INFO] - aggregate_fit: received 10 results and 0 failures
[2024-06-21 13:58:03,962][flwr][INFO] - fit progress: (5, 319.1531481742859, {'accuracy': 0.0215, 'precision': 0.020993469691520585, 'recall': 0.0215, 'f1': 0.02118038933606428, 'confusion_matrix': array([[  10,  924,    0,    1,    3,    2,   11,   10,    2,   17],
       [   1,    0, 1108,    3,    2,    1,    1,    3,    1,   15],
       [   5,    9,   27,  884,   11,   14,    1,   15,   20,   46],
       [   3,    2,    3,   26,  901,    2,   18,    0,   22,   33],
       [  34,    0,    2,    3,    2,  904,    0,   12,    1,   24],
       [   9,   13,    4,    4,   46,   16,  742,    6,    7,   45],
       [   0,    7,    3,    4,    2,    7,   56,  871,    0,    8],
       [  25,    0,   13,   16,    5,    9,    0,    0,  943,   17],
       [   1,    5,   11,    6,   19,    7,   25,    7,   12,  881],
       [ 853,    4,    4,    2,   12,   36,    0,    1,   31,   66]])}, 28.422914333)
[2024-06-21 13:58:03,963][flwr][INFO] - configure_evaluate: no clients selected, skipping evaluation
[2024-06-21 13:58:03,963][flwr][INFO] - 
[2024-06-21 13:58:03,963][flwr][INFO] - [ROUND 6]
[2024-06-21 13:58:03,963][flwr][INFO] - configure_fit: strategy sampled 10 clients (out of 100)
[2024-06-21 13:58:09,071][flwr][INFO] - aggregate_fit: received 10 results and 0 failures
[2024-06-21 13:58:09,425][flwr][INFO] - fit progress: (6, 303.1157784461975, {'accuracy': 0.0244, 'precision': 0.02378306597953837, 'recall': 0.0244, 'f1': 0.023999684189047066, 'confusion_matrix': array([[  43,  907,    0,    0,    1,    2,   10,    8,    0,    9],
       [   1,    0, 1114,    3,    1,    0,    0,    3,    0,   13],
       [  11,    8,   47,  875,   11,   14,    1,   11,   13,   41],
       [  11,    2,    5,   42,  878,    0,   11,    0,   21,   40],
       [  46,    1,    2,    3,    2,  906,    1,    7,    2,   12],
       [  19,   12,    3,    5,   40,   19,  741,    5,    6,   42],
       [   2,    9,    4,    6,    2,   11,   61,  856,    0,    7],
       [  80,    0,   17,   21,    2,    7,    0,    1,  889,   11],
       [  11,    5,   15,   10,   12,   11,   17,    3,    8,  882],
       [ 927,    3,    5,    3,    9,   34,    0,    0,    7,   21]])}, 33.885794375)
[2024-06-21 13:58:09,426][flwr][INFO] - configure_evaluate: no clients selected, skipping evaluation
[2024-06-21 13:58:09,426][flwr][INFO] - 
[2024-06-21 13:58:09,426][flwr][INFO] - [ROUND 7]
[2024-06-21 13:58:09,426][flwr][INFO] - configure_fit: strategy sampled 10 clients (out of 100)
[2024-06-21 13:58:14,402][flwr][INFO] - aggregate_fit: received 10 results and 0 failures
[2024-06-21 13:58:14,735][flwr][INFO] - fit progress: (7, 308.0603551864624, {'accuracy': 0.02, 'precision': 0.01928438479859097, 'recall': 0.02, 'f1': 0.019605686063457486, 'confusion_matrix': array([[  17,  932,    0,    0,    0,    1,    7,   11,    1,   11],
       [   1,    0, 1109,    4,    0,    1,    0,    3,    2,   15],
       [   7,    7,    9,  922,    6,   14,    1,    9,   13,   44],
       [   6,    0,    3,   65,  847,    2,   26,    2,   20,   39],
       [  21,    0,    2,    3,    1,  931,    1,    9,    2,   12],
       [   9,    9,    2,    5,   22,   18,  781,    9,    5,   32],
       [   0,    6,    3,    4,    2,   10,   28,  900,    0,    5],
       [  41,    1,   10,   20,    2,   11,    0,    1,  927,   15],
       [   7,    5,   10,   10,    7,    8,   22,    9,    9,  887],
       [ 857,    3,    4,    4,    5,   70,    0,    0,   14,   52]])}, 39.195573375)
[2024-06-21 13:58:14,735][flwr][INFO] - configure_evaluate: no clients selected, skipping evaluation
[2024-06-21 13:58:14,735][flwr][INFO] - 
[2024-06-21 13:58:14,735][flwr][INFO] - [ROUND 8]
[2024-06-21 13:58:14,736][flwr][INFO] - configure_fit: strategy sampled 10 clients (out of 100)
[2024-06-21 13:58:19,846][flwr][INFO] - aggregate_fit: received 10 results and 0 failures
[2024-06-21 13:58:20,184][flwr][INFO] - fit progress: (8, 273.4191565513611, {'accuracy': 0.0262, 'precision': 0.024288617887285043, 'recall': 0.0262, 'f1': 0.025184029564017767, 'confusion_matrix': array([[  29,  932,    0,    0,    1,    1,    6,    7,    0,    4],
       [   1,    0, 1113,    3,    0,    1,    6,    0,    0,   11],
       [  12,    8,   12,  921,    9,   12,    5,   11,   11,   31],
       [   7,    3,    3,   36,  871,    1,   43,    1,   17,   28],
       [  73,    1,    1,    3,    2,  867,    7,    7,    0,   21],
       [  10,    9,    2,    1,   20,   12,  814,    3,    2,   19],
       [   1,    7,    3,    3,    1,    9,  133,  798,    0,    3],
       [  80,    0,    9,   25,    2,    8,    1,    2,  892,    9],
       [  11,    4,    8,   13,   11,    6,   42,    3,    5,  871],
       [ 932,    4,    4,    2,    8,   16,    7,    1,    4,   31]])}, 44.644814292)
[2024-06-21 13:58:20,185][flwr][INFO] - configure_evaluate: no clients selected, skipping evaluation
[2024-06-21 13:58:20,185][flwr][INFO] - 
[2024-06-21 13:58:20,185][flwr][INFO] - [ROUND 9]
[2024-06-21 13:58:20,185][flwr][INFO] - configure_fit: strategy sampled 10 clients (out of 100)
[2024-06-21 13:58:25,661][flwr][INFO] - aggregate_fit: received 10 results and 0 failures
[2024-06-21 13:58:26,003][flwr][INFO] - fit progress: (9, 295.39103865623474, {'accuracy': 0.0165, 'precision': 0.016187418938310646, 'recall': 0.0165, 'f1': 0.016307379267504918, 'confusion_matrix': array([[  18,  942,    0,    0,    0,    0,    5,    8,    1,    6],
       [   2,    0, 1115,    3,    0,    1,    0,    3,    0,   11],
       [   7,    8,   23,  902,    6,   12,    0,   20,    9,   45],
       [   5,    3,    4,   36,  882,    0,   17,    3,   18,   42],
       [  66,    2,    1,    2,    1,  875,    1,   12,    2,   20],
       [  14,    7,    2,    0,   25,   12,  786,    7,    3,   36],
       [   1,    8,    3,    3,    1,    8,   36,  892,    0,    6],
       [  50,    0,   10,   32,    2,   10,    0,    2,  914,    8],
       [   8,    4,    6,    7,    6,    5,   12,    7,    5,  914],
       [ 935,    4,    4,    1,    7,   19,    0,    1,    6,   32]])}, 50.464001625)
[2024-06-21 13:58:26,004][flwr][INFO] - configure_evaluate: no clients selected, skipping evaluation
[2024-06-21 13:58:26,004][flwr][INFO] - 
[2024-06-21 13:58:26,004][flwr][INFO] - [ROUND 10]
[2024-06-21 13:58:26,004][flwr][INFO] - configure_fit: strategy sampled 10 clients (out of 100)
[2024-06-21 13:58:31,052][flwr][INFO] - aggregate_fit: received 10 results and 0 failures
[2024-06-21 13:58:31,390][flwr][INFO] - fit progress: (10, 285.6989178657532, {'accuracy': 0.0187, 'precision': 0.01802896631246238, 'recall': 0.0187, 'f1': 0.018334517552314772, 'confusion_matrix': array([[   3,  940,    0,    1,    1,    0,   13,   11,    1,   10],
       [   1,    1, 1113,    3,    1,    1,    1,    4,    0,   10],
       [   2,    4,    4,  947,    9,    8,    3,   17,    7,   31],
       [   3,    1,    1,   25,  904,    0,   18,    3,   16,   39],
       [  32,    1,    3,    2,    4,  903,    1,   13,    3,   20],
       [   5,    7,    1,    0,   23,   12,  804,    5,    4,   31],
       [   0,    4,    3,    2,    1,    4,   63,  876,    0,    5],
       [  41,    0,   11,   25,    2,    9,    3,    0,  927,   10],
       [   1,    3,    8,    5,   12,    7,   17,    9,    4,  908],
       [ 871,    4,    6,    1,   10,   39,    0,    1,    6,   71]])}, 55.85068025)
[2024-06-21 13:58:31,390][flwr][INFO] - configure_evaluate: no clients selected, skipping evaluation
[2024-06-21 13:58:31,391][flwr][INFO] - 
[2024-06-21 13:58:31,391][flwr][INFO] - [SUMMARY]
[2024-06-21 13:58:31,391][flwr][INFO] - Run finished 10 round(s) in 55.85s
[2024-06-21 13:58:31,394][flwr][INFO] - 	History (loss, centralized):
[2024-06-21 13:58:31,395][flwr][INFO] - 		round 0: 181.76928067207336
[2024-06-21 13:58:31,395][flwr][INFO] - 		round 1: 233.60012769699097
[2024-06-21 13:58:31,395][flwr][INFO] - 		round 2: 332.31263732910156
[2024-06-21 13:58:31,395][flwr][INFO] - 		round 3: 327.67596983909607
[2024-06-21 13:58:31,395][flwr][INFO] - 		round 4: 304.8129155635834
[2024-06-21 13:58:31,395][flwr][INFO] - 		round 5: 319.1531481742859
[2024-06-21 13:58:31,395][flwr][INFO] - 		round 6: 303.1157784461975
[2024-06-21 13:58:31,395][flwr][INFO] - 		round 7: 308.0603551864624
[2024-06-21 13:58:31,395][flwr][INFO] - 		round 8: 273.4191565513611
[2024-06-21 13:58:31,395][flwr][INFO] - 		round 9: 295.39103865623474
[2024-06-21 13:58:31,395][flwr][INFO] - 		round 10: 285.6989178657532
[2024-06-21 13:58:31,395][flwr][INFO] - 	History (metrics, centralized):
[2024-06-21 13:58:31,395][flwr][INFO] - 	{'accuracy': [(0, 0.1086),
[2024-06-21 13:58:31,395][flwr][INFO] - 	              (1, 0.0339),
[2024-06-21 13:58:31,395][flwr][INFO] - 	              (2, 0.0278),
[2024-06-21 13:58:31,395][flwr][INFO] - 	              (3, 0.0353),
[2024-06-21 13:58:31,395][flwr][INFO] - 	              (4, 0.0235),
[2024-06-21 13:58:31,395][flwr][INFO] - 	              (5, 0.0215),
[2024-06-21 13:58:31,395][flwr][INFO] - 	              (6, 0.0244),
[2024-06-21 13:58:31,395][flwr][INFO] - 	              (7, 0.02),
[2024-06-21 13:58:31,395][flwr][INFO] - 	              (8, 0.0262),
[2024-06-21 13:58:31,395][flwr][INFO] - 	              (9, 0.0165),
[2024-06-21 13:58:31,395][flwr][INFO] - 	              (10, 0.0187)],
[2024-06-21 13:58:31,395][flwr][INFO] - 	 'confusion_matrix': [(0,
[2024-06-21 13:58:31,395][flwr][INFO] - 	                       array([[   0,    8,    0,  956,    0,    1,    0,   15,    0,    0],
[2024-06-21 13:58:31,395][flwr][INFO] - 	       [   0,  122,    0, 1013,    0,    0,    0,    0,    0,    0],
[2024-06-21 13:58:31,395][flwr][INFO] - 	       [   0,   38,    0,  971,    0,    0,    3,   19,    1,    0],
[2024-06-21 13:58:31,395][flwr][INFO] - 	       [   0,   44,    0,  945,    1,    1,    0,   17,    2,    0],
[2024-06-21 13:58:31,395][flwr][INFO] - 	       [   0,  143,    0,  816,    1,    0,    2,   20,    0,    0],
[2024-06-21 13:58:31,395][flwr][INFO] - 	       [   0,  118,    0,  735,    1,    7,    0,   30,    1,    0],
[2024-06-21 13:58:31,395][flwr][INFO] - 	       [   0,  144,    0,  749,   25,    0,    2,   38,    0,    0],
[2024-06-21 13:58:31,395][flwr][INFO] - 	       [   0,  272,    0,  724,    8,    0,    0,    9,   15,    0],
[2024-06-21 13:58:31,395][flwr][INFO] - 	       [   0,   81,    0,  859,    1,    0,    1,   32,    0,    0],
[2024-06-21 13:58:31,395][flwr][INFO] - 	       [   0,  178,    0,  799,    1,    0,    0,   31,    0,    0]])),
[2024-06-21 13:58:31,395][flwr][INFO] - 	                      (1,
[2024-06-21 13:58:31,395][flwr][INFO] - 	                       array([[  61,  835,    1,    0,    4,    0,   56,   21,    2,    0],
[2024-06-21 13:58:31,395][flwr][INFO] - 	       [   1,    0, 1107,    2,    5,    0,    0,    4,    1,   15],
[2024-06-21 13:58:31,395][flwr][INFO] - 	       [  37,   29,  119,  646,   34,    0,   11,   73,   53,   30],
[2024-06-21 13:58:31,395][flwr][INFO] - 	       [  21,    5,   15,   18,  848,    0,    8,    9,   68,   18],
[2024-06-21 13:58:31,395][flwr][INFO] - 	       [ 921,    2,    4,    1,    0,    9,    4,   15,   19,    7],
[2024-06-21 13:58:31,395][flwr][INFO] - 	       [ 148,   15,   37,    2,  161,    3,  466,   19,   26,   15],
[2024-06-21 13:58:31,395][flwr][INFO] - 	       [   7,   15,   13,    5,    0,    1,   69,  846,    2,    0],
[2024-06-21 13:58:31,395][flwr][INFO] - 	       [  73,    0,   24,    6,    2,    0,    1,    0,  919,    3],
[2024-06-21 13:58:31,395][flwr][INFO] - 	       [ 100,    6,   48,    3,  117,    0,   92,   18,   64,  526],
[2024-06-21 13:58:31,395][flwr][INFO] - 	       [ 869,    2,    4,    1,    7,    0,    2,    2,  117,    5]])),
[2024-06-21 13:58:31,396][flwr][INFO] - 	                      (2,
[2024-06-21 13:58:31,396][flwr][INFO] - 	                       array([[  11,  728,    1,   14,   13,    4,  150,   13,    1,   45],
[2024-06-21 13:58:31,396][flwr][INFO] - 	       [   0,    0, 1117,    4,    3,    0,    1,    3,    0,    7],
[2024-06-21 13:58:31,396][flwr][INFO] - 	       [   3,    3,   45,  882,   16,   11,    6,   24,   13,   29],
[2024-06-21 13:58:31,396][flwr][INFO] - 	       [   1,    0,    7,   49,  895,    0,   12,    0,   15,   31],
[2024-06-21 13:58:31,396][flwr][INFO] - 	       [ 175,    0,    4,    4,   15,  692,   14,   29,    2,   47],
[2024-06-21 13:58:31,396][flwr][INFO] - 	       [  27,    3,   21,   10,  150,    7,  611,    4,    5,   54],
[2024-06-21 13:58:31,396][flwr][INFO] - 	       [   0,    2,   10,   12,    3,    8,   86,  831,    1,    5],
[2024-06-21 13:58:31,396][flwr][INFO] - 	       [  69,    0,   35,   26,    6,    8,    0,    0,  866,   18],
[2024-06-21 13:58:31,396][flwr][INFO] - 	       [   5,    1,   32,   19,   82,    1,   25,    7,    4,  798],
[2024-06-21 13:58:31,396][flwr][INFO] - 	       [ 862,    1,    6,    2,   19,   12,    5,    7,   34,   61]])),
[2024-06-21 13:58:31,396][flwr][INFO] - 	                      (3,
[2024-06-21 13:58:31,396][flwr][INFO] - 	                       array([[  34,  821,    1,    3,    1,    1,   77,   10,    1,   31],
[2024-06-21 13:58:31,396][flwr][INFO] - 	       [   0,    0, 1119,    4,    0,    0,    2,    2,    1,    7],
[2024-06-21 13:58:31,396][flwr][INFO] - 	       [   7,    4,   83,  842,    7,    7,    5,   19,   11,   47],
[2024-06-21 13:58:31,396][flwr][INFO] - 	       [   1,    2,   19,   79,  796,    1,   44,    0,   20,   48],
[2024-06-21 13:58:31,396][flwr][INFO] - 	       [  57,    0,   13,    3,    3,  851,    5,   18,    1,   31],
[2024-06-21 13:58:31,396][flwr][INFO] - 	       [  14,   10,   17,   11,   40,    5,  739,    3,    4,   49],
[2024-06-21 13:58:31,396][flwr][INFO] - 	       [   0,    3,   13,    4,    1,    7,   82,  844,    0,    4],
[2024-06-21 13:58:31,396][flwr][INFO] - 	       [  92,    0,   38,   21,    3,   12,    0,    0,  851,   11],
[2024-06-21 13:58:31,396][flwr][INFO] - 	       [   2,    3,   41,    9,   20,    4,   37,    6,    3,  849],
[2024-06-21 13:58:31,396][flwr][INFO] - 	       [ 857,    2,    8,    1,   15,   30,   10,    3,   19,   64]])),
[2024-06-21 13:58:31,396][flwr][INFO] - 	                      (4,
[2024-06-21 13:58:31,396][flwr][INFO] - 	                       array([[  23,  903,    0,    0,    1,    2,   42,    4,    1,    4],
[2024-06-21 13:58:31,396][flwr][INFO] - 	       [   1,    0, 1105,    3,    2,    1,    5,    2,    0,   16],
[2024-06-21 13:58:31,396][flwr][INFO] - 	       [  15,   15,   47,  830,   20,   16,    4,   13,   18,   54],
[2024-06-21 13:58:31,396][flwr][INFO] - 	       [   7,    4,    6,   27,  889,    2,   19,    1,   20,   35],
[2024-06-21 13:58:31,396][flwr][INFO] - 	       [  67,    0,    0,    2,    2,  885,    9,    7,    1,    9],
[2024-06-21 13:58:31,396][flwr][INFO] - 	       [  19,   14,    4,    5,   61,   13,  744,    4,    6,   22],
[2024-06-21 13:58:31,396][flwr][INFO] - 	       [   3,    8,    3,    3,    1,   16,   98,  821,    1,    4],
[2024-06-21 13:58:31,396][flwr][INFO] - 	       [  82,    0,   16,   17,    2,   12,    0,    0,  889,   10],
[2024-06-21 13:58:31,396][flwr][INFO] - 	       [  22,    6,   12,    3,   28,   12,   49,    8,   10,  824],
[2024-06-21 13:58:31,396][flwr][INFO] - 	       [ 920,    2,    4,    1,   10,   32,    9,    2,   14,   15]])),
[2024-06-21 13:58:31,396][flwr][INFO] - 	                      (5,
[2024-06-21 13:58:31,396][flwr][INFO] - 	                       array([[  10,  924,    0,    1,    3,    2,   11,   10,    2,   17],
[2024-06-21 13:58:31,396][flwr][INFO] - 	       [   1,    0, 1108,    3,    2,    1,    1,    3,    1,   15],
[2024-06-21 13:58:31,396][flwr][INFO] - 	       [   5,    9,   27,  884,   11,   14,    1,   15,   20,   46],
[2024-06-21 13:58:31,396][flwr][INFO] - 	       [   3,    2,    3,   26,  901,    2,   18,    0,   22,   33],
[2024-06-21 13:58:31,396][flwr][INFO] - 	       [  34,    0,    2,    3,    2,  904,    0,   12,    1,   24],
[2024-06-21 13:58:31,396][flwr][INFO] - 	       [   9,   13,    4,    4,   46,   16,  742,    6,    7,   45],
[2024-06-21 13:58:31,396][flwr][INFO] - 	       [   0,    7,    3,    4,    2,    7,   56,  871,    0,    8],
[2024-06-21 13:58:31,396][flwr][INFO] - 	       [  25,    0,   13,   16,    5,    9,    0,    0,  943,   17],
[2024-06-21 13:58:31,396][flwr][INFO] - 	       [   1,    5,   11,    6,   19,    7,   25,    7,   12,  881],
[2024-06-21 13:58:31,396][flwr][INFO] - 	       [ 853,    4,    4,    2,   12,   36,    0,    1,   31,   66]])),
[2024-06-21 13:58:31,396][flwr][INFO] - 	                      (6,
[2024-06-21 13:58:31,396][flwr][INFO] - 	                       array([[  43,  907,    0,    0,    1,    2,   10,    8,    0,    9],
[2024-06-21 13:58:31,396][flwr][INFO] - 	       [   1,    0, 1114,    3,    1,    0,    0,    3,    0,   13],
[2024-06-21 13:58:31,396][flwr][INFO] - 	       [  11,    8,   47,  875,   11,   14,    1,   11,   13,   41],
[2024-06-21 13:58:31,396][flwr][INFO] - 	       [  11,    2,    5,   42,  878,    0,   11,    0,   21,   40],
[2024-06-21 13:58:31,396][flwr][INFO] - 	       [  46,    1,    2,    3,    2,  906,    1,    7,    2,   12],
[2024-06-21 13:58:31,396][flwr][INFO] - 	       [  19,   12,    3,    5,   40,   19,  741,    5,    6,   42],
[2024-06-21 13:58:31,397][flwr][INFO] - 	       [   2,    9,    4,    6,    2,   11,   61,  856,    0,    7],
[2024-06-21 13:58:31,397][flwr][INFO] - 	       [  80,    0,   17,   21,    2,    7,    0,    1,  889,   11],
[2024-06-21 13:58:31,397][flwr][INFO] - 	       [  11,    5,   15,   10,   12,   11,   17,    3,    8,  882],
[2024-06-21 13:58:31,397][flwr][INFO] - 	       [ 927,    3,    5,    3,    9,   34,    0,    0,    7,   21]])),
[2024-06-21 13:58:31,397][flwr][INFO] - 	                      (7,
[2024-06-21 13:58:31,397][flwr][INFO] - 	                       array([[  17,  932,    0,    0,    0,    1,    7,   11,    1,   11],
[2024-06-21 13:58:31,397][flwr][INFO] - 	       [   1,    0, 1109,    4,    0,    1,    0,    3,    2,   15],
[2024-06-21 13:58:31,397][flwr][INFO] - 	       [   7,    7,    9,  922,    6,   14,    1,    9,   13,   44],
[2024-06-21 13:58:31,397][flwr][INFO] - 	       [   6,    0,    3,   65,  847,    2,   26,    2,   20,   39],
[2024-06-21 13:58:31,397][flwr][INFO] - 	       [  21,    0,    2,    3,    1,  931,    1,    9,    2,   12],
[2024-06-21 13:58:31,397][flwr][INFO] - 	       [   9,    9,    2,    5,   22,   18,  781,    9,    5,   32],
[2024-06-21 13:58:31,397][flwr][INFO] - 	       [   0,    6,    3,    4,    2,   10,   28,  900,    0,    5],
[2024-06-21 13:58:31,397][flwr][INFO] - 	       [  41,    1,   10,   20,    2,   11,    0,    1,  927,   15],
[2024-06-21 13:58:31,397][flwr][INFO] - 	       [   7,    5,   10,   10,    7,    8,   22,    9,    9,  887],
[2024-06-21 13:58:31,397][flwr][INFO] - 	       [ 857,    3,    4,    4,    5,   70,    0,    0,   14,   52]])),
[2024-06-21 13:58:31,397][flwr][INFO] - 	                      (8,
[2024-06-21 13:58:31,397][flwr][INFO] - 	                       array([[  29,  932,    0,    0,    1,    1,    6,    7,    0,    4],
[2024-06-21 13:58:31,397][flwr][INFO] - 	       [   1,    0, 1113,    3,    0,    1,    6,    0,    0,   11],
[2024-06-21 13:58:31,397][flwr][INFO] - 	       [  12,    8,   12,  921,    9,   12,    5,   11,   11,   31],
[2024-06-21 13:58:31,397][flwr][INFO] - 	       [   7,    3,    3,   36,  871,    1,   43,    1,   17,   28],
[2024-06-21 13:58:31,397][flwr][INFO] - 	       [  73,    1,    1,    3,    2,  867,    7,    7,    0,   21],
[2024-06-21 13:58:31,397][flwr][INFO] - 	       [  10,    9,    2,    1,   20,   12,  814,    3,    2,   19],
[2024-06-21 13:58:31,397][flwr][INFO] - 	       [   1,    7,    3,    3,    1,    9,  133,  798,    0,    3],
[2024-06-21 13:58:31,397][flwr][INFO] - 	       [  80,    0,    9,   25,    2,    8,    1,    2,  892,    9],
[2024-06-21 13:58:31,397][flwr][INFO] - 	       [  11,    4,    8,   13,   11,    6,   42,    3,    5,  871],
[2024-06-21 13:58:31,397][flwr][INFO] - 	       [ 932,    4,    4,    2,    8,   16,    7,    1,    4,   31]])),
[2024-06-21 13:58:31,397][flwr][INFO] - 	                      (9,
[2024-06-21 13:58:31,397][flwr][INFO] - 	                       array([[  18,  942,    0,    0,    0,    0,    5,    8,    1,    6],
[2024-06-21 13:58:31,397][flwr][INFO] - 	       [   2,    0, 1115,    3,    0,    1,    0,    3,    0,   11],
[2024-06-21 13:58:31,397][flwr][INFO] - 	       [   7,    8,   23,  902,    6,   12,    0,   20,    9,   45],
[2024-06-21 13:58:31,397][flwr][INFO] - 	       [   5,    3,    4,   36,  882,    0,   17,    3,   18,   42],
[2024-06-21 13:58:31,397][flwr][INFO] - 	       [  66,    2,    1,    2,    1,  875,    1,   12,    2,   20],
[2024-06-21 13:58:31,397][flwr][INFO] - 	       [  14,    7,    2,    0,   25,   12,  786,    7,    3,   36],
[2024-06-21 13:58:31,397][flwr][INFO] - 	       [   1,    8,    3,    3,    1,    8,   36,  892,    0,    6],
[2024-06-21 13:58:31,397][flwr][INFO] - 	       [  50,    0,   10,   32,    2,   10,    0,    2,  914,    8],
[2024-06-21 13:58:31,397][flwr][INFO] - 	       [   8,    4,    6,    7,    6,    5,   12,    7,    5,  914],
[2024-06-21 13:58:31,397][flwr][INFO] - 	       [ 935,    4,    4,    1,    7,   19,    0,    1,    6,   32]])),
[2024-06-21 13:58:31,397][flwr][INFO] - 	                      (10,
[2024-06-21 13:58:31,397][flwr][INFO] - 	                       array([[   3,  940,    0,    1,    1,    0,   13,   11,    1,   10],
[2024-06-21 13:58:31,397][flwr][INFO] - 	       [   1,    1, 1113,    3,    1,    1,    1,    4,    0,   10],
[2024-06-21 13:58:31,397][flwr][INFO] - 	       [   2,    4,    4,  947,    9,    8,    3,   17,    7,   31],
[2024-06-21 13:58:31,397][flwr][INFO] - 	       [   3,    1,    1,   25,  904,    0,   18,    3,   16,   39],
[2024-06-21 13:58:31,397][flwr][INFO] - 	       [  32,    1,    3,    2,    4,  903,    1,   13,    3,   20],
[2024-06-21 13:58:31,397][flwr][INFO] - 	       [   5,    7,    1,    0,   23,   12,  804,    5,    4,   31],
[2024-06-21 13:58:31,397][flwr][INFO] - 	       [   0,    4,    3,    2,    1,    4,   63,  876,    0,    5],
[2024-06-21 13:58:31,397][flwr][INFO] - 	       [  41,    0,   11,   25,    2,    9,    3,    0,  927,   10],
[2024-06-21 13:58:31,397][flwr][INFO] - 	       [   1,    3,    8,    5,   12,    7,   17,    9,    4,  908],
[2024-06-21 13:58:31,397][flwr][INFO] - 	       [ 871,    4,    6,    1,   10,   39,    0,    1,    6,   71]]))],
[2024-06-21 13:58:31,397][flwr][INFO] - 	 'f1': [(0, 0.03553137346181725),
[2024-06-21 13:58:31,397][flwr][INFO] - 	        (1, 0.030773854359080782),
[2024-06-21 13:58:31,397][flwr][INFO] - 	        (2, 0.027093861655907363),
[2024-06-21 13:58:31,397][flwr][INFO] - 	        (3, 0.033622724571566044),
[2024-06-21 13:58:31,398][flwr][INFO] - 	        (4, 0.02296985766433165),
[2024-06-21 13:58:31,398][flwr][INFO] - 	        (5, 0.02118038933606428),
[2024-06-21 13:58:31,398][flwr][INFO] - 	        (6, 0.023999684189047066),
[2024-06-21 13:58:31,398][flwr][INFO] - 	        (7, 0.019605686063457486),
[2024-06-21 13:58:31,398][flwr][INFO] - 	        (8, 0.025184029564017767),
[2024-06-21 13:58:31,398][flwr][INFO] - 	        (9, 0.016307379267504918),
[2024-06-21 13:58:31,398][flwr][INFO] - 	        (10, 0.018334517552314772)],
[2024-06-21 13:58:31,398][flwr][INFO] - 	 'precision': [(0, 0.12349967530374152),
[2024-06-21 13:58:31,398][flwr][INFO] - 	               (1, 0.04990744657630272),
[2024-06-21 13:58:31,398][flwr][INFO] - 	               (2, 0.026565622535815483),
[2024-06-21 13:58:31,398][flwr][INFO] - 	               (3, 0.03228035911127143),
[2024-06-21 13:58:31,398][flwr][INFO] - 	               (4, 0.022549492649430986),
[2024-06-21 13:58:31,398][flwr][INFO] - 	               (5, 0.020993469691520585),
[2024-06-21 13:58:31,398][flwr][INFO] - 	               (6, 0.02378306597953837),
[2024-06-21 13:58:31,398][flwr][INFO] - 	               (7, 0.01928438479859097),
[2024-06-21 13:58:31,398][flwr][INFO] - 	               (8, 0.024288617887285043),
[2024-06-21 13:58:31,398][flwr][INFO] - 	               (9, 0.016187418938310646),
[2024-06-21 13:58:31,398][flwr][INFO] - 	               (10, 0.01802896631246238)],
[2024-06-21 13:58:31,398][flwr][INFO] - 	 'recall': [(0, 0.1086),
[2024-06-21 13:58:31,398][flwr][INFO] - 	            (1, 0.0339),
[2024-06-21 13:58:31,398][flwr][INFO] - 	            (2, 0.0278),
[2024-06-21 13:58:31,398][flwr][INFO] - 	            (3, 0.0353),
[2024-06-21 13:58:31,398][flwr][INFO] - 	            (4, 0.0235),
[2024-06-21 13:58:31,398][flwr][INFO] - 	            (5, 0.0215),
[2024-06-21 13:58:31,398][flwr][INFO] - 	            (6, 0.0244),
[2024-06-21 13:58:31,398][flwr][INFO] - 	            (7, 0.02),
[2024-06-21 13:58:31,398][flwr][INFO] - 	            (8, 0.0262),
[2024-06-21 13:58:31,398][flwr][INFO] - 	            (9, 0.0165),
[2024-06-21 13:58:31,398][flwr][INFO] - 	            (10, 0.0187)]}
[2024-06-21 13:58:31,398][flwr][INFO] - 
