[2024-06-20 19:28:25,468][flwr][INFO] - Starting Flower simulation, config: num_rounds=10, no round_timeout
[2024-06-20 19:28:26,522][flwr][INFO] - Flower VCE: Ray initialized with resources: {'memory': 9662591796.0, 'CPU': 12.0, 'object_store_memory': 2147483648.0, 'node:127.0.0.1': 1.0, 'node:__internal_head__': 1.0}
[2024-06-20 19:28:26,522][flwr][INFO] - Optimize your simulation with Flower VCE: https://flower.ai/docs/framework/how-to-run-simulations.html
[2024-06-20 19:28:26,522][flwr][INFO] - Flower VCE: Resources for each Virtual Client: {'num_cpus': 2, 'num_gpus': 0}
[2024-06-20 19:28:26,529][flwr][INFO] - Flower VCE: Creating VirtualClientEngineActorPool with 6 actors
[2024-06-20 19:28:26,529][flwr][INFO] - [INIT]
[2024-06-20 19:28:26,529][flwr][INFO] - Requesting initial parameters from one random client
[2024-06-20 19:28:28,593][flwr][INFO] - Received initial parameters from one random client
[2024-06-20 19:28:28,593][flwr][INFO] - Evaluating initial global parameters
[2024-06-20 19:28:29,021][flwr][INFO] - initial parameters (loss, other metrics): 181.76928067207336, {'accuracy': 0.1086, 'precision': 0.12349967530374152, 'recall': 0.1086, 'f1': 0.03553137346181725, 'confusion_matrix': array([[   0,    8,    0,  956,    0,    1,    0,   15,    0,    0],
       [   0,  122,    0, 1013,    0,    0,    0,    0,    0,    0],
       [   0,   38,    0,  971,    0,    0,    3,   19,    1,    0],
       [   0,   44,    0,  945,    1,    1,    0,   17,    2,    0],
       [   0,  143,    0,  816,    1,    0,    2,   20,    0,    0],
       [   0,  118,    0,  735,    1,    7,    0,   30,    1,    0],
       [   0,  144,    0,  749,   25,    0,    2,   38,    0,    0],
       [   0,  272,    0,  724,    8,    0,    0,    9,   15,    0],
       [   0,   81,    0,  859,    1,    0,    1,   32,    0,    0],
       [   0,  178,    0,  799,    1,    0,    0,   31,    0,    0]])}
[2024-06-20 19:28:29,022][flwr][INFO] - 
[2024-06-20 19:28:29,022][flwr][INFO] - [ROUND 1]
[2024-06-20 19:28:29,022][flwr][INFO] - configure_fit: strategy sampled 10 clients (out of 100)
[2024-06-20 19:28:36,135][flwr][INFO] - aggregate_fit: received 10 results and 0 failures
[2024-06-20 19:28:36,142][flwr][WARNING] - No fit_metrics_aggregation_fn provided
[2024-06-20 19:28:36,588][flwr][INFO] - fit progress: (1, 1161.0774793624878, {'accuracy': 0.1313, 'precision': 0.16870824034041315, 'recall': 0.1313, 'f1': 0.10896871132666966, 'confusion_matrix': array([[  5, 194,  16,   6,  36, 464,  15,  57,  42, 145],
       [ 37,  59,  16,   6, 261,   9,   0, 745,   2,   0],
       [  1, 443, 108,   3,  81, 166,   1, 205,  21,   3],
       [ 15, 188,  84,  47, 148,  82,   1, 274, 154,  17],
       [ 26, 463,  10,   5,  94, 288,   0,  65,  21,  10],
       [ 12, 319,  81,  16,  62, 138,   0, 101,  93,  70],
       [ 16, 374,  77,   6,  26, 305,   7,  98,  23,  26],
       [  0,  55,  11,   3, 117, 183,   0, 644,   4,  11],
       [  1, 258,  22,  44,  78, 117,   1, 240, 207,   6],
       [  2, 341,  10,   1, 136, 245,   0, 237,  33,   4]])}, 7.566778500000001)
[2024-06-20 19:28:36,589][flwr][INFO] - configure_evaluate: no clients selected, skipping evaluation
[2024-06-20 19:28:36,589][flwr][INFO] - 
[2024-06-20 19:28:36,589][flwr][INFO] - [ROUND 2]
[2024-06-20 19:28:36,589][flwr][INFO] - configure_fit: strategy sampled 10 clients (out of 100)
[2024-06-20 19:28:41,910][flwr][INFO] - aggregate_fit: received 10 results and 0 failures
[2024-06-20 19:28:42,356][flwr][INFO] - fit progress: (2, 1889.4754829406738, {'accuracy': 0.2659, 'precision': 0.3270711115063588, 'recall': 0.2659, 'f1': 0.23291404400178936, 'confusion_matrix': array([[596,  45,  13,  53,   3, 200,   0,  65,   2,   3],
       [  0, 266,   0,   5,   4,  14,   0, 844,   2,   0],
       [117, 182, 345,  36,   9,  88,   0, 221,  12,  22],
       [121, 138,  23, 287,   3,  87,   1, 255,  19,  76],
       [ 17, 246,  72, 126,  87,  69,   0, 323,  12,  30],
       [ 62, 154,  14, 160,   5, 220,   1, 215,  27,  34],
       [129,  98, 111, 425,   3,  55,   1, 118,   1,  17],
       [  7, 216,  33,  13,   4,  14,   0, 725,   1,  15],
       [ 22, 183,  87,  58,  28, 122,   0, 288,  45, 141],
       [ 11, 222,  40, 166,  12,  28,   0, 442,   1,  87]])}, 13.335083041)
[2024-06-20 19:28:42,357][flwr][INFO] - configure_evaluate: no clients selected, skipping evaluation
[2024-06-20 19:28:42,357][flwr][INFO] - 
[2024-06-20 19:28:42,357][flwr][INFO] - [ROUND 3]
[2024-06-20 19:28:42,357][flwr][INFO] - configure_fit: strategy sampled 10 clients (out of 100)
[2024-06-20 19:28:48,653][flwr][INFO] - aggregate_fit: received 10 results and 0 failures
[2024-06-20 19:28:49,117][flwr][INFO] - fit progress: (3, 1954.4777164459229, {'accuracy': 0.3841, 'precision': 0.4667564263477656, 'recall': 0.3841, 'f1': 0.36434957765518167, 'confusion_matrix': array([[643,   4,  17,   9,  78,   8,  90,  73,  58,   0],
       [119, 528, 414,   2,  18,   0,   1,  11,  42,   0],
       [192,  10, 416,   6, 128,   0, 150,  29, 100,   1],
       [215,  41, 323, 228,  16,   1,  12,  80,  94,   0],
       [ 24,   7,  71,  24, 491,   1,  10, 235,  76,  43],
       [128,  24, 160,  53,  81, 114,  34, 102, 195,   1],
       [ 98,  11, 151,  23, 246,   2, 296,  25, 102,   4],
       [ 21,  13,  64,   3,  43,   0,   1, 740, 141,   2],
       [ 81,  11, 254,  61, 109,   5,  69,  32, 351,   1],
       [ 19,  17, 177,  79, 343,   0,   7, 161, 172,  34]])}, 20.096012124999998)
[2024-06-20 19:28:49,117][flwr][INFO] - configure_evaluate: no clients selected, skipping evaluation
[2024-06-20 19:28:49,118][flwr][INFO] - 
[2024-06-20 19:28:49,118][flwr][INFO] - [ROUND 4]
[2024-06-20 19:28:49,118][flwr][INFO] - configure_fit: strategy sampled 10 clients (out of 100)
[2024-06-20 19:28:54,395][flwr][INFO] - aggregate_fit: received 10 results and 0 failures
[2024-06-20 19:28:54,850][flwr][INFO] - fit progress: (4, 2433.2919883728027, {'accuracy': 0.415, 'precision': 0.4640009500428416, 'recall': 0.415, 'f1': 0.3824572145883402, 'confusion_matrix': array([[742,   1,   0,  55,  20,   7,  78,  32,  41,   4],
       [ 24, 643,   0, 349,   5,   0,   1,  38,  34,  41],
       [198,  32,  81, 252,  27,  14, 106,  89, 169,  64],
       [ 49,  44,   2, 622,  14,  92,   9,  35,  59,  84],
       [ 65,  35,   3,  81, 554,   2,   9,  73,  43, 117],
       [ 83,   9,   1, 229,  71, 180,  12,  81, 212,  14],
       [445,  18,   1, 158,  58,  32, 134,  11,  91,  10],
       [ 18,  12,   2,  80,  43,  14,   1, 768,  32,  58],
       [ 77,  19,   7, 274,  68,  36,  19,  84, 300,  90],
       [ 61,  35,   2, 116, 340,  11,   3, 275,  40, 126]])}, 25.829755332999998)
[2024-06-20 19:28:54,851][flwr][INFO] - configure_evaluate: no clients selected, skipping evaluation
[2024-06-20 19:28:54,851][flwr][INFO] - 
[2024-06-20 19:28:54,851][flwr][INFO] - [ROUND 5]
[2024-06-20 19:28:54,851][flwr][INFO] - configure_fit: strategy sampled 10 clients (out of 100)
[2024-06-20 19:29:00,064][flwr][INFO] - aggregate_fit: received 10 results and 0 failures
[2024-06-20 19:29:00,511][flwr][INFO] - fit progress: (5, 3297.0722370147705, {'accuracy': 0.4531, 'precision': 0.5262414148862296, 'recall': 0.4531, 'f1': 0.4408694247992869, 'confusion_matrix': array([[530,  19,   8,  29,  88,   3, 190,  16,  25,  72],
       [  3, 476, 130,   4,  19,   0,  20,   7, 385,  91],
       [ 12,  36, 190,  23,  53,   7, 347,  26, 300,  38],
       [  5, 181,  23, 417,  32,  14,  32,  22, 110, 174],
       [  2,  16,   0,   4, 654,   0,  48,  18, 139, 101],
       [ 11,  30,  17, 112, 104,  39, 110,  37, 288, 144],
       [  7,  14,   1,   5, 175,   2, 632,   7, 104,  11],
       [  4,  51,   9,  10,  37,   3,   9, 505, 148, 252],
       [ 16,  16,   8,  19,  54,   2,  60,  20, 684,  95],
       [  7,  71,   0,  13, 214,   3,  14,  67, 216, 404]])}, 31.490937625)
[2024-06-20 19:29:00,512][flwr][INFO] - configure_evaluate: no clients selected, skipping evaluation
[2024-06-20 19:29:00,512][flwr][INFO] - 
[2024-06-20 19:29:00,512][flwr][INFO] - [ROUND 6]
[2024-06-20 19:29:00,512][flwr][INFO] - configure_fit: strategy sampled 10 clients (out of 100)
[2024-06-20 19:29:05,776][flwr][INFO] - aggregate_fit: received 10 results and 0 failures
[2024-06-20 19:29:06,234][flwr][INFO] - fit progress: (6, 3616.5607719421387, {'accuracy': 0.4969, 'precision': 0.5099229539440804, 'recall': 0.4969, 'f1': 0.48585855216468127, 'confusion_matrix': array([[590,  19,  61,  57,  94,  17,  91,  12,  12,  27],
       [  2, 849,  65,  81,   3,   0,  25,  15,  46,  49],
       [  9,  40, 700,  73,  21,   3,  64,  16,  76,  30],
       [ 12,  39,  88, 530,   5,  56,   6,  24, 128, 122],
       [ 20,  26,  58,  70, 483,   4,  63,  15,  39, 204],
       [ 38,  29,  90, 164,  57,  86,  25,  60, 207, 136],
       [ 21,  24, 472,  41, 106,  14, 200,  11,  49,  20],
       [ 30,   7,  41,  19,  23,   6,   7, 601,  18, 276],
       [ 54,  17,  98, 161,  33,  17,  81,  19, 347, 147],
       [ 43,  13,  56,  45,  92,  11,  26,  83,  57, 583]])}, 37.213401666)
[2024-06-20 19:29:06,234][flwr][INFO] - configure_evaluate: no clients selected, skipping evaluation
[2024-06-20 19:29:06,234][flwr][INFO] - 
[2024-06-20 19:29:06,234][flwr][INFO] - [ROUND 7]
[2024-06-20 19:29:06,235][flwr][INFO] - configure_fit: strategy sampled 10 clients (out of 100)
[2024-06-20 19:29:11,730][flwr][INFO] - aggregate_fit: received 10 results and 0 failures
[2024-06-20 19:29:12,186][flwr][INFO] - fit progress: (7, 4756.010738372803, {'accuracy': 0.5244, 'precision': 0.540653032243633, 'recall': 0.5244, 'f1': 0.5082239383587839, 'confusion_matrix': array([[781,   5,  29,  17,  56,  34,   6,  42,   5,   5],
       [  6, 859,  15,  44,  13,  19,   0, 109,  56,  14],
       [ 39,  38, 544, 139,  55,  20,  25, 123,  28,  21],
       [ 65,  30,  31, 508,  36, 117,  21, 125,  54,  23],
       [ 13,  29,  12,  12, 698,  12,  11,  92,   7,  96],
       [108,   8,  45,  68, 130, 174,  54, 209,  85,  11],
       [120,  57, 120,  53,  79,  72, 307, 117,  22,  11],
       [ 22,  12,   9,  15,  54,  28,   0, 806,  20,  62],
       [160,  21,  73,  49,  60,  42,  32, 195, 307,  35],
       [ 54,  14,   8,   5, 313,  31,  12, 285,  27, 260]])}, 43.165611458)
[2024-06-20 19:29:12,186][flwr][INFO] - configure_evaluate: no clients selected, skipping evaluation
[2024-06-20 19:29:12,186][flwr][INFO] - 
[2024-06-20 19:29:12,186][flwr][INFO] - [ROUND 8]
[2024-06-20 19:29:12,187][flwr][INFO] - configure_fit: strategy sampled 10 clients (out of 100)
[2024-06-20 19:29:17,461][flwr][INFO] - aggregate_fit: received 10 results and 0 failures
[2024-06-20 19:29:17,901][flwr][INFO] - fit progress: (8, 6876.425636291504, {'accuracy': 0.5271, 'precision': 0.5624980843331053, 'recall': 0.5271, 'f1': 0.5024722339416439, 'confusion_matrix': array([[ 300,   55,  392,   92,   13,   26,   29,   36,   31,    6],
       [   1, 1040,   13,   18,    7,    2,    2,   17,   24,   11],
       [   2,   64,  860,   17,   22,    3,    5,   22,   20,   17],
       [   2,  320,   94,  457,    5,   11,   12,   16,   45,   48],
       [   7,   73,   42,   19,  522,    9,   19,   50,   17,  224],
       [  19,  136,  115,  189,   21,  110,   27,   38,  162,   75],
       [  27,   99,  428,   22,   20,   23,  250,    9,   45,   35],
       [   2,   17,   67,   20,   20,    6,    1,  771,   26,   98],
       [  53,   73,  259,   72,    8,   24,   19,   21,  377,   68],
       [  16,   46,   30,   23,   83,   26,    1,  169,   31,  584]])}, 48.881410791)
[2024-06-20 19:29:17,902][flwr][INFO] - configure_evaluate: no clients selected, skipping evaluation
[2024-06-20 19:29:17,902][flwr][INFO] - 
[2024-06-20 19:29:17,902][flwr][INFO] - [ROUND 9]
[2024-06-20 19:29:17,902][flwr][INFO] - configure_fit: strategy sampled 10 clients (out of 100)
[2024-06-20 19:29:23,163][flwr][INFO] - aggregate_fit: received 10 results and 0 failures
[2024-06-20 19:29:23,618][flwr][INFO] - fit progress: (9, 8999.19533920288, {'accuracy': 0.5434, 'precision': 0.6071313930153687, 'recall': 0.5434, 'f1': 0.5301526933204341, 'confusion_matrix': array([[819,   5,   5,  12,  13,  21,  98,   2,   4,   1],
       [ 14, 907,   3,   8,  63,  23,  68,  15,  33,   1],
       [ 36,  22, 512,  12, 130,  37, 237,   1,  35,  10],
       [ 59, 142,  16, 423,  34, 147, 125,   7,  48,   9],
       [ 18,  44,   1,   2, 744,  25, 116,   1,  11,  20],
       [ 97,  59,   8,  81,  52, 357, 175,   5,  54,   4],
       [ 77,  19,  11,   7,  81,  24, 731,   0,   5,   3],
       [ 67,  32,  28,  28, 173, 137,  53, 449,  36,  25],
       [122,  51,  32,  26,  89, 102, 194,   2, 333,  23],
       [ 56,  68,   8,  16, 341, 182, 130,  34,  15, 159]])}, 54.597996125)
[2024-06-20 19:29:23,618][flwr][INFO] - configure_evaluate: no clients selected, skipping evaluation
[2024-06-20 19:29:23,618][flwr][INFO] - 
[2024-06-20 19:29:23,618][flwr][INFO] - [ROUND 10]
[2024-06-20 19:29:23,618][flwr][INFO] - configure_fit: strategy sampled 10 clients (out of 100)
[2024-06-20 19:29:28,807][flwr][INFO] - aggregate_fit: received 10 results and 0 failures
[2024-06-20 19:29:29,263][flwr][INFO] - fit progress: (10, 9620.782386779785, {'accuracy': 0.58, 'precision': 0.6073213477261349, 'recall': 0.58, 'f1': 0.5665958285118733, 'confusion_matrix': array([[ 742,   39,   39,   31,   23,   58,   11,   14,   20,    3],
       [   2, 1029,    1,   19,    1,   14,    6,   22,   31,   10],
       [  10,   84,  665,   40,   44,   62,   15,   29,   61,   22],
       [   7,  191,   17,  543,    9,  120,    1,   21,   63,   38],
       [  13,  111,    9,   12,  580,   69,    5,   37,   39,  107],
       [  36,  153,   13,  124,   36,  404,    5,   31,   74,   16],
       [  30,  131,   57,   56,  172,  274,  153,    8,   22,   55],
       [  21,   33,   12,   13,   21,   33,    1,  793,   30,   71],
       [  36,   80,   33,  117,   23,  105,    2,   30,  486,   62],
       [  30,   68,    6,   13,   88,  107,    4,  247,   41,  405]])}, 60.24339779099999)
[2024-06-20 19:29:29,263][flwr][INFO] - configure_evaluate: no clients selected, skipping evaluation
[2024-06-20 19:29:29,264][flwr][INFO] - 
[2024-06-20 19:29:29,264][flwr][INFO] - [SUMMARY]
[2024-06-20 19:29:29,264][flwr][INFO] - Run finished 10 round(s) in 60.24s
[2024-06-20 19:29:29,268][flwr][INFO] - 	History (loss, centralized):
[2024-06-20 19:29:29,269][flwr][INFO] - 		round 0: 181.76928067207336
[2024-06-20 19:29:29,269][flwr][INFO] - 		round 1: 1161.0774793624878
[2024-06-20 19:29:29,269][flwr][INFO] - 		round 2: 1889.4754829406738
[2024-06-20 19:29:29,269][flwr][INFO] - 		round 3: 1954.4777164459229
[2024-06-20 19:29:29,269][flwr][INFO] - 		round 4: 2433.2919883728027
[2024-06-20 19:29:29,269][flwr][INFO] - 		round 5: 3297.0722370147705
[2024-06-20 19:29:29,269][flwr][INFO] - 		round 6: 3616.5607719421387
[2024-06-20 19:29:29,269][flwr][INFO] - 		round 7: 4756.010738372803
[2024-06-20 19:29:29,269][flwr][INFO] - 		round 8: 6876.425636291504
[2024-06-20 19:29:29,269][flwr][INFO] - 		round 9: 8999.19533920288
[2024-06-20 19:29:29,269][flwr][INFO] - 		round 10: 9620.782386779785
[2024-06-20 19:29:29,269][flwr][INFO] - 	History (metrics, centralized):
[2024-06-20 19:29:29,269][flwr][INFO] - 	{'accuracy': [(0, 0.1086),
[2024-06-20 19:29:29,269][flwr][INFO] - 	              (1, 0.1313),
[2024-06-20 19:29:29,269][flwr][INFO] - 	              (2, 0.2659),
[2024-06-20 19:29:29,269][flwr][INFO] - 	              (3, 0.3841),
[2024-06-20 19:29:29,269][flwr][INFO] - 	              (4, 0.415),
[2024-06-20 19:29:29,269][flwr][INFO] - 	              (5, 0.4531),
[2024-06-20 19:29:29,269][flwr][INFO] - 	              (6, 0.4969),
[2024-06-20 19:29:29,269][flwr][INFO] - 	              (7, 0.5244),
[2024-06-20 19:29:29,269][flwr][INFO] - 	              (8, 0.5271),
[2024-06-20 19:29:29,269][flwr][INFO] - 	              (9, 0.5434),
[2024-06-20 19:29:29,269][flwr][INFO] - 	              (10, 0.58)],
[2024-06-20 19:29:29,269][flwr][INFO] - 	 'confusion_matrix': [(0,
[2024-06-20 19:29:29,269][flwr][INFO] - 	                       array([[   0,    8,    0,  956,    0,    1,    0,   15,    0,    0],
[2024-06-20 19:29:29,269][flwr][INFO] - 	       [   0,  122,    0, 1013,    0,    0,    0,    0,    0,    0],
[2024-06-20 19:29:29,269][flwr][INFO] - 	       [   0,   38,    0,  971,    0,    0,    3,   19,    1,    0],
[2024-06-20 19:29:29,269][flwr][INFO] - 	       [   0,   44,    0,  945,    1,    1,    0,   17,    2,    0],
[2024-06-20 19:29:29,269][flwr][INFO] - 	       [   0,  143,    0,  816,    1,    0,    2,   20,    0,    0],
[2024-06-20 19:29:29,269][flwr][INFO] - 	       [   0,  118,    0,  735,    1,    7,    0,   30,    1,    0],
[2024-06-20 19:29:29,269][flwr][INFO] - 	       [   0,  144,    0,  749,   25,    0,    2,   38,    0,    0],
[2024-06-20 19:29:29,269][flwr][INFO] - 	       [   0,  272,    0,  724,    8,    0,    0,    9,   15,    0],
[2024-06-20 19:29:29,269][flwr][INFO] - 	       [   0,   81,    0,  859,    1,    0,    1,   32,    0,    0],
[2024-06-20 19:29:29,269][flwr][INFO] - 	       [   0,  178,    0,  799,    1,    0,    0,   31,    0,    0]])),
[2024-06-20 19:29:29,270][flwr][INFO] - 	                      (1,
[2024-06-20 19:29:29,270][flwr][INFO] - 	                       array([[  5, 194,  16,   6,  36, 464,  15,  57,  42, 145],
[2024-06-20 19:29:29,270][flwr][INFO] - 	       [ 37,  59,  16,   6, 261,   9,   0, 745,   2,   0],
[2024-06-20 19:29:29,270][flwr][INFO] - 	       [  1, 443, 108,   3,  81, 166,   1, 205,  21,   3],
[2024-06-20 19:29:29,270][flwr][INFO] - 	       [ 15, 188,  84,  47, 148,  82,   1, 274, 154,  17],
[2024-06-20 19:29:29,270][flwr][INFO] - 	       [ 26, 463,  10,   5,  94, 288,   0,  65,  21,  10],
[2024-06-20 19:29:29,270][flwr][INFO] - 	       [ 12, 319,  81,  16,  62, 138,   0, 101,  93,  70],
[2024-06-20 19:29:29,270][flwr][INFO] - 	       [ 16, 374,  77,   6,  26, 305,   7,  98,  23,  26],
[2024-06-20 19:29:29,270][flwr][INFO] - 	       [  0,  55,  11,   3, 117, 183,   0, 644,   4,  11],
[2024-06-20 19:29:29,270][flwr][INFO] - 	       [  1, 258,  22,  44,  78, 117,   1, 240, 207,   6],
[2024-06-20 19:29:29,270][flwr][INFO] - 	       [  2, 341,  10,   1, 136, 245,   0, 237,  33,   4]])),
[2024-06-20 19:29:29,270][flwr][INFO] - 	                      (2,
[2024-06-20 19:29:29,270][flwr][INFO] - 	                       array([[596,  45,  13,  53,   3, 200,   0,  65,   2,   3],
[2024-06-20 19:29:29,270][flwr][INFO] - 	       [  0, 266,   0,   5,   4,  14,   0, 844,   2,   0],
[2024-06-20 19:29:29,270][flwr][INFO] - 	       [117, 182, 345,  36,   9,  88,   0, 221,  12,  22],
[2024-06-20 19:29:29,270][flwr][INFO] - 	       [121, 138,  23, 287,   3,  87,   1, 255,  19,  76],
[2024-06-20 19:29:29,270][flwr][INFO] - 	       [ 17, 246,  72, 126,  87,  69,   0, 323,  12,  30],
[2024-06-20 19:29:29,270][flwr][INFO] - 	       [ 62, 154,  14, 160,   5, 220,   1, 215,  27,  34],
[2024-06-20 19:29:29,270][flwr][INFO] - 	       [129,  98, 111, 425,   3,  55,   1, 118,   1,  17],
[2024-06-20 19:29:29,270][flwr][INFO] - 	       [  7, 216,  33,  13,   4,  14,   0, 725,   1,  15],
[2024-06-20 19:29:29,270][flwr][INFO] - 	       [ 22, 183,  87,  58,  28, 122,   0, 288,  45, 141],
[2024-06-20 19:29:29,270][flwr][INFO] - 	       [ 11, 222,  40, 166,  12,  28,   0, 442,   1,  87]])),
[2024-06-20 19:29:29,270][flwr][INFO] - 	                      (3,
[2024-06-20 19:29:29,270][flwr][INFO] - 	                       array([[643,   4,  17,   9,  78,   8,  90,  73,  58,   0],
[2024-06-20 19:29:29,270][flwr][INFO] - 	       [119, 528, 414,   2,  18,   0,   1,  11,  42,   0],
[2024-06-20 19:29:29,270][flwr][INFO] - 	       [192,  10, 416,   6, 128,   0, 150,  29, 100,   1],
[2024-06-20 19:29:29,270][flwr][INFO] - 	       [215,  41, 323, 228,  16,   1,  12,  80,  94,   0],
[2024-06-20 19:29:29,270][flwr][INFO] - 	       [ 24,   7,  71,  24, 491,   1,  10, 235,  76,  43],
[2024-06-20 19:29:29,270][flwr][INFO] - 	       [128,  24, 160,  53,  81, 114,  34, 102, 195,   1],
[2024-06-20 19:29:29,270][flwr][INFO] - 	       [ 98,  11, 151,  23, 246,   2, 296,  25, 102,   4],
[2024-06-20 19:29:29,270][flwr][INFO] - 	       [ 21,  13,  64,   3,  43,   0,   1, 740, 141,   2],
[2024-06-20 19:29:29,270][flwr][INFO] - 	       [ 81,  11, 254,  61, 109,   5,  69,  32, 351,   1],
[2024-06-20 19:29:29,270][flwr][INFO] - 	       [ 19,  17, 177,  79, 343,   0,   7, 161, 172,  34]])),
[2024-06-20 19:29:29,270][flwr][INFO] - 	                      (4,
[2024-06-20 19:29:29,270][flwr][INFO] - 	                       array([[742,   1,   0,  55,  20,   7,  78,  32,  41,   4],
[2024-06-20 19:29:29,270][flwr][INFO] - 	       [ 24, 643,   0, 349,   5,   0,   1,  38,  34,  41],
[2024-06-20 19:29:29,270][flwr][INFO] - 	       [198,  32,  81, 252,  27,  14, 106,  89, 169,  64],
[2024-06-20 19:29:29,270][flwr][INFO] - 	       [ 49,  44,   2, 622,  14,  92,   9,  35,  59,  84],
[2024-06-20 19:29:29,270][flwr][INFO] - 	       [ 65,  35,   3,  81, 554,   2,   9,  73,  43, 117],
[2024-06-20 19:29:29,270][flwr][INFO] - 	       [ 83,   9,   1, 229,  71, 180,  12,  81, 212,  14],
[2024-06-20 19:29:29,270][flwr][INFO] - 	       [445,  18,   1, 158,  58,  32, 134,  11,  91,  10],
[2024-06-20 19:29:29,270][flwr][INFO] - 	       [ 18,  12,   2,  80,  43,  14,   1, 768,  32,  58],
[2024-06-20 19:29:29,271][flwr][INFO] - 	       [ 77,  19,   7, 274,  68,  36,  19,  84, 300,  90],
[2024-06-20 19:29:29,271][flwr][INFO] - 	       [ 61,  35,   2, 116, 340,  11,   3, 275,  40, 126]])),
[2024-06-20 19:29:29,271][flwr][INFO] - 	                      (5,
[2024-06-20 19:29:29,271][flwr][INFO] - 	                       array([[530,  19,   8,  29,  88,   3, 190,  16,  25,  72],
[2024-06-20 19:29:29,271][flwr][INFO] - 	       [  3, 476, 130,   4,  19,   0,  20,   7, 385,  91],
[2024-06-20 19:29:29,271][flwr][INFO] - 	       [ 12,  36, 190,  23,  53,   7, 347,  26, 300,  38],
[2024-06-20 19:29:29,271][flwr][INFO] - 	       [  5, 181,  23, 417,  32,  14,  32,  22, 110, 174],
[2024-06-20 19:29:29,271][flwr][INFO] - 	       [  2,  16,   0,   4, 654,   0,  48,  18, 139, 101],
[2024-06-20 19:29:29,271][flwr][INFO] - 	       [ 11,  30,  17, 112, 104,  39, 110,  37, 288, 144],
[2024-06-20 19:29:29,271][flwr][INFO] - 	       [  7,  14,   1,   5, 175,   2, 632,   7, 104,  11],
[2024-06-20 19:29:29,271][flwr][INFO] - 	       [  4,  51,   9,  10,  37,   3,   9, 505, 148, 252],
[2024-06-20 19:29:29,271][flwr][INFO] - 	       [ 16,  16,   8,  19,  54,   2,  60,  20, 684,  95],
[2024-06-20 19:29:29,271][flwr][INFO] - 	       [  7,  71,   0,  13, 214,   3,  14,  67, 216, 404]])),
[2024-06-20 19:29:29,271][flwr][INFO] - 	                      (6,
[2024-06-20 19:29:29,271][flwr][INFO] - 	                       array([[590,  19,  61,  57,  94,  17,  91,  12,  12,  27],
[2024-06-20 19:29:29,271][flwr][INFO] - 	       [  2, 849,  65,  81,   3,   0,  25,  15,  46,  49],
[2024-06-20 19:29:29,271][flwr][INFO] - 	       [  9,  40, 700,  73,  21,   3,  64,  16,  76,  30],
[2024-06-20 19:29:29,271][flwr][INFO] - 	       [ 12,  39,  88, 530,   5,  56,   6,  24, 128, 122],
[2024-06-20 19:29:29,271][flwr][INFO] - 	       [ 20,  26,  58,  70, 483,   4,  63,  15,  39, 204],
[2024-06-20 19:29:29,271][flwr][INFO] - 	       [ 38,  29,  90, 164,  57,  86,  25,  60, 207, 136],
[2024-06-20 19:29:29,271][flwr][INFO] - 	       [ 21,  24, 472,  41, 106,  14, 200,  11,  49,  20],
[2024-06-20 19:29:29,271][flwr][INFO] - 	       [ 30,   7,  41,  19,  23,   6,   7, 601,  18, 276],
[2024-06-20 19:29:29,271][flwr][INFO] - 	       [ 54,  17,  98, 161,  33,  17,  81,  19, 347, 147],
[2024-06-20 19:29:29,271][flwr][INFO] - 	       [ 43,  13,  56,  45,  92,  11,  26,  83,  57, 583]])),
[2024-06-20 19:29:29,271][flwr][INFO] - 	                      (7,
[2024-06-20 19:29:29,271][flwr][INFO] - 	                       array([[781,   5,  29,  17,  56,  34,   6,  42,   5,   5],
[2024-06-20 19:29:29,271][flwr][INFO] - 	       [  6, 859,  15,  44,  13,  19,   0, 109,  56,  14],
[2024-06-20 19:29:29,271][flwr][INFO] - 	       [ 39,  38, 544, 139,  55,  20,  25, 123,  28,  21],
[2024-06-20 19:29:29,271][flwr][INFO] - 	       [ 65,  30,  31, 508,  36, 117,  21, 125,  54,  23],
[2024-06-20 19:29:29,271][flwr][INFO] - 	       [ 13,  29,  12,  12, 698,  12,  11,  92,   7,  96],
[2024-06-20 19:29:29,271][flwr][INFO] - 	       [108,   8,  45,  68, 130, 174,  54, 209,  85,  11],
[2024-06-20 19:29:29,271][flwr][INFO] - 	       [120,  57, 120,  53,  79,  72, 307, 117,  22,  11],
[2024-06-20 19:29:29,271][flwr][INFO] - 	       [ 22,  12,   9,  15,  54,  28,   0, 806,  20,  62],
[2024-06-20 19:29:29,271][flwr][INFO] - 	       [160,  21,  73,  49,  60,  42,  32, 195, 307,  35],
[2024-06-20 19:29:29,271][flwr][INFO] - 	       [ 54,  14,   8,   5, 313,  31,  12, 285,  27, 260]])),
[2024-06-20 19:29:29,271][flwr][INFO] - 	                      (8,
[2024-06-20 19:29:29,271][flwr][INFO] - 	                       array([[ 300,   55,  392,   92,   13,   26,   29,   36,   31,    6],
[2024-06-20 19:29:29,271][flwr][INFO] - 	       [   1, 1040,   13,   18,    7,    2,    2,   17,   24,   11],
[2024-06-20 19:29:29,271][flwr][INFO] - 	       [   2,   64,  860,   17,   22,    3,    5,   22,   20,   17],
[2024-06-20 19:29:29,271][flwr][INFO] - 	       [   2,  320,   94,  457,    5,   11,   12,   16,   45,   48],
[2024-06-20 19:29:29,271][flwr][INFO] - 	       [   7,   73,   42,   19,  522,    9,   19,   50,   17,  224],
[2024-06-20 19:29:29,271][flwr][INFO] - 	       [  19,  136,  115,  189,   21,  110,   27,   38,  162,   75],
[2024-06-20 19:29:29,271][flwr][INFO] - 	       [  27,   99,  428,   22,   20,   23,  250,    9,   45,   35],
[2024-06-20 19:29:29,271][flwr][INFO] - 	       [   2,   17,   67,   20,   20,    6,    1,  771,   26,   98],
[2024-06-20 19:29:29,272][flwr][INFO] - 	       [  53,   73,  259,   72,    8,   24,   19,   21,  377,   68],
[2024-06-20 19:29:29,272][flwr][INFO] - 	       [  16,   46,   30,   23,   83,   26,    1,  169,   31,  584]])),
[2024-06-20 19:29:29,272][flwr][INFO] - 	                      (9,
[2024-06-20 19:29:29,272][flwr][INFO] - 	                       array([[819,   5,   5,  12,  13,  21,  98,   2,   4,   1],
[2024-06-20 19:29:29,272][flwr][INFO] - 	       [ 14, 907,   3,   8,  63,  23,  68,  15,  33,   1],
[2024-06-20 19:29:29,272][flwr][INFO] - 	       [ 36,  22, 512,  12, 130,  37, 237,   1,  35,  10],
[2024-06-20 19:29:29,272][flwr][INFO] - 	       [ 59, 142,  16, 423,  34, 147, 125,   7,  48,   9],
[2024-06-20 19:29:29,272][flwr][INFO] - 	       [ 18,  44,   1,   2, 744,  25, 116,   1,  11,  20],
[2024-06-20 19:29:29,272][flwr][INFO] - 	       [ 97,  59,   8,  81,  52, 357, 175,   5,  54,   4],
[2024-06-20 19:29:29,272][flwr][INFO] - 	       [ 77,  19,  11,   7,  81,  24, 731,   0,   5,   3],
[2024-06-20 19:29:29,272][flwr][INFO] - 	       [ 67,  32,  28,  28, 173, 137,  53, 449,  36,  25],
[2024-06-20 19:29:29,272][flwr][INFO] - 	       [122,  51,  32,  26,  89, 102, 194,   2, 333,  23],
[2024-06-20 19:29:29,272][flwr][INFO] - 	       [ 56,  68,   8,  16, 341, 182, 130,  34,  15, 159]])),
[2024-06-20 19:29:29,272][flwr][INFO] - 	                      (10,
[2024-06-20 19:29:29,272][flwr][INFO] - 	                       array([[ 742,   39,   39,   31,   23,   58,   11,   14,   20,    3],
[2024-06-20 19:29:29,272][flwr][INFO] - 	       [   2, 1029,    1,   19,    1,   14,    6,   22,   31,   10],
[2024-06-20 19:29:29,272][flwr][INFO] - 	       [  10,   84,  665,   40,   44,   62,   15,   29,   61,   22],
[2024-06-20 19:29:29,272][flwr][INFO] - 	       [   7,  191,   17,  543,    9,  120,    1,   21,   63,   38],
[2024-06-20 19:29:29,272][flwr][INFO] - 	       [  13,  111,    9,   12,  580,   69,    5,   37,   39,  107],
[2024-06-20 19:29:29,272][flwr][INFO] - 	       [  36,  153,   13,  124,   36,  404,    5,   31,   74,   16],
[2024-06-20 19:29:29,272][flwr][INFO] - 	       [  30,  131,   57,   56,  172,  274,  153,    8,   22,   55],
[2024-06-20 19:29:29,272][flwr][INFO] - 	       [  21,   33,   12,   13,   21,   33,    1,  793,   30,   71],
[2024-06-20 19:29:29,272][flwr][INFO] - 	       [  36,   80,   33,  117,   23,  105,    2,   30,  486,   62],
[2024-06-20 19:29:29,272][flwr][INFO] - 	       [  30,   68,    6,   13,   88,  107,    4,  247,   41,  405]]))],
[2024-06-20 19:29:29,272][flwr][INFO] - 	 'f1': [(0, 0.03553137346181725),
[2024-06-20 19:29:29,272][flwr][INFO] - 	        (1, 0.10896871132666966),
[2024-06-20 19:29:29,272][flwr][INFO] - 	        (2, 0.23291404400178936),
[2024-06-20 19:29:29,272][flwr][INFO] - 	        (3, 0.36434957765518167),
[2024-06-20 19:29:29,272][flwr][INFO] - 	        (4, 0.3824572145883402),
[2024-06-20 19:29:29,272][flwr][INFO] - 	        (5, 0.4408694247992869),
[2024-06-20 19:29:29,272][flwr][INFO] - 	        (6, 0.48585855216468127),
[2024-06-20 19:29:29,272][flwr][INFO] - 	        (7, 0.5082239383587839),
[2024-06-20 19:29:29,272][flwr][INFO] - 	        (8, 0.5024722339416439),
[2024-06-20 19:29:29,272][flwr][INFO] - 	        (9, 0.5301526933204341),
[2024-06-20 19:29:29,272][flwr][INFO] - 	        (10, 0.5665958285118733)],
[2024-06-20 19:29:29,272][flwr][INFO] - 	 'precision': [(0, 0.12349967530374152),
[2024-06-20 19:29:29,272][flwr][INFO] - 	               (1, 0.16870824034041315),
[2024-06-20 19:29:29,272][flwr][INFO] - 	               (2, 0.3270711115063588),
[2024-06-20 19:29:29,272][flwr][INFO] - 	               (3, 0.4667564263477656),
[2024-06-20 19:29:29,272][flwr][INFO] - 	               (4, 0.4640009500428416),
[2024-06-20 19:29:29,272][flwr][INFO] - 	               (5, 0.5262414148862296),
[2024-06-20 19:29:29,272][flwr][INFO] - 	               (6, 0.5099229539440804),
[2024-06-20 19:29:29,272][flwr][INFO] - 	               (7, 0.540653032243633),
[2024-06-20 19:29:29,273][flwr][INFO] - 	               (8, 0.5624980843331053),
[2024-06-20 19:29:29,273][flwr][INFO] - 	               (9, 0.6071313930153687),
[2024-06-20 19:29:29,273][flwr][INFO] - 	               (10, 0.6073213477261349)],
[2024-06-20 19:29:29,273][flwr][INFO] - 	 'recall': [(0, 0.1086),
[2024-06-20 19:29:29,273][flwr][INFO] - 	            (1, 0.1313),
[2024-06-20 19:29:29,273][flwr][INFO] - 	            (2, 0.2659),
[2024-06-20 19:29:29,273][flwr][INFO] - 	            (3, 0.3841),
[2024-06-20 19:29:29,273][flwr][INFO] - 	            (4, 0.415),
[2024-06-20 19:29:29,273][flwr][INFO] - 	            (5, 0.4531),
[2024-06-20 19:29:29,273][flwr][INFO] - 	            (6, 0.4969),
[2024-06-20 19:29:29,273][flwr][INFO] - 	            (7, 0.5244),
[2024-06-20 19:29:29,273][flwr][INFO] - 	            (8, 0.5271),
[2024-06-20 19:29:29,273][flwr][INFO] - 	            (9, 0.5434),
[2024-06-20 19:29:29,273][flwr][INFO] - 	            (10, 0.58)]}
[2024-06-20 19:29:29,273][flwr][INFO] - 
