[2024-07-08 18:12:09,026][flwr][INFO] - Starting Flower simulation, config: num_rounds=10, no round_timeout
[2024-07-08 18:12:10,860][flwr][INFO] - Flower VCE: Ray initialized with resources: {'memory': 9491159450.0, 'node:127.0.0.1': 1.0, 'node:__internal_head__': 1.0, 'object_store_memory': 2147483648.0, 'CPU': 12.0}
[2024-07-08 18:12:10,860][flwr][INFO] - Optimize your simulation with Flower VCE: https://flower.ai/docs/framework/how-to-run-simulations.html
[2024-07-08 18:12:10,860][flwr][INFO] - Flower VCE: Resources for each Virtual Client: {'num_cpus': 2, 'num_gpus': 0}
[2024-07-08 18:12:10,866][flwr][INFO] - Flower VCE: Creating VirtualClientEngineActorPool with 6 actors
[2024-07-08 18:12:10,866][flwr][INFO] - [INIT]
[2024-07-08 18:12:10,866][flwr][INFO] - Requesting initial parameters from one random client
[2024-07-08 18:12:12,370][flwr][INFO] - Received initial parameters from one random client
[2024-07-08 18:12:12,370][flwr][INFO] - Evaluating initial global parameters
[2024-07-08 18:12:12,694][flwr][INFO] - initial parameters (loss, other metrics): 181.76928067207336, {'accuracy': 0.1086, 'precision': 0.12349967530374152, 'recall': 0.1086, 'f1': 0.03553137346181725, 'confusion_matrix': array([[   0,    8,    0,  956,    0,    1,    0,   15,    0,    0],
       [   0,  122,    0, 1013,    0,    0,    0,    0,    0,    0],
       [   0,   38,    0,  971,    0,    0,    3,   19,    1,    0],
       [   0,   44,    0,  945,    1,    1,    0,   17,    2,    0],
       [   0,  143,    0,  816,    1,    0,    2,   20,    0,    0],
       [   0,  118,    0,  735,    1,    7,    0,   30,    1,    0],
       [   0,  144,    0,  749,   25,    0,    2,   38,    0,    0],
       [   0,  272,    0,  724,    8,    0,    0,    9,   15,    0],
       [   0,   81,    0,  859,    1,    0,    1,   32,    0,    0],
       [   0,  178,    0,  799,    1,    0,    0,   31,    0,    0]])}
[2024-07-08 18:12:12,695][flwr][INFO] - 
[2024-07-08 18:12:12,695][flwr][INFO] - [ROUND 1]
[2024-07-08 18:12:12,695][flwr][INFO] - configure_fit: strategy sampled 10 clients (out of 10)
[2024-07-08 18:12:19,582][flwr][INFO] - aggregate_fit: received 10 results and 0 failures
[2024-07-08 18:12:19,588][flwr][WARNING] - No fit_metrics_aggregation_fn provided
[2024-07-08 18:12:19,912][flwr][INFO] - fit progress: (1, 145.42898380756378, {'accuracy': 0.6405, 'precision': 0.734970860792539, 'recall': 0.6405, 'f1': 0.6207671218552681, 'confusion_matrix': array([[941,   2,   0,   5,   0,  19,   4,   0,   0,   9],
       [  0, 918,  41, 122,   0,  27,   5,   0,   6,  16],
       [ 14,  30, 557, 300,  12,  11,  23,   1,  15,  69],
       [ 12,  15,   2, 864,   5,  51,   2,   0,   0,  59],
       [  1,   0,   0,   8, 854,  56,   8,   0,   0,  55],
       [ 47,  16,   1,  48, 102, 630,   5,   0,   3,  40],
       [ 27,   6,   5,   5,   8,  74, 824,   0,   0,   9],
       [ 49,   6,   2, 237,  19,  74,   0, 246,   2, 393],
       [ 10,   2,   1,  65,  75,  51,   1,   0,  72, 697],
       [ 14,   1,   0,  11, 412,  71,   1,   0,   0, 499]])}, 7.217422709000001)
[2024-07-08 18:12:19,913][flwr][INFO] - configure_evaluate: no clients selected, skipping evaluation
[2024-07-08 18:12:19,913][flwr][INFO] - 
[2024-07-08 18:12:19,913][flwr][INFO] - [ROUND 2]
[2024-07-08 18:12:19,913][flwr][INFO] - configure_fit: strategy sampled 10 clients (out of 10)
[2024-07-08 18:12:25,427][flwr][INFO] - aggregate_fit: received 10 results and 0 failures
[2024-07-08 18:12:25,759][flwr][INFO] - fit progress: (2, 47.6417031288147, {'accuracy': 0.8739, 'precision': 0.8871501820552794, 'recall': 0.8739, 'f1': 0.8731842492212345, 'confusion_matrix': array([[ 954,    0,    0,    2,    1,    5,    3,    2,   13,    0],
       [   0, 1093,    4,    3,    1,    0,    3,    0,   31,    0],
       [   7,   10,  880,   27,   27,    2,    5,   20,   50,    4],
       [   4,    4,   16,  909,    7,    1,    1,   14,   49,    5],
       [   1,    1,    3,    0,  929,    1,    7,    0,   10,   30],
       [  14,    6,    4,   99,   76,  543,   11,   11,  109,   19],
       [  20,    3,    3,    2,   37,    5,  841,    9,   38,    0],
       [   2,   15,   20,    4,   11,    1,    0,  919,   23,   33],
       [   5,    7,    5,   11,   16,    4,    3,    3,  908,   12],
       [   9,    5,    2,    8,  175,    1,    0,   16,   30,  763]])}, 13.063987916999999)
[2024-07-08 18:12:25,759][flwr][INFO] - configure_evaluate: no clients selected, skipping evaluation
[2024-07-08 18:12:25,759][flwr][INFO] - 
[2024-07-08 18:12:25,759][flwr][INFO] - [ROUND 3]
[2024-07-08 18:12:25,759][flwr][INFO] - configure_fit: strategy sampled 10 clients (out of 10)
[2024-07-08 18:12:31,784][flwr][INFO] - aggregate_fit: received 10 results and 0 failures
[2024-07-08 18:12:32,118][flwr][INFO] - fit progress: (3, 34.42193293571472, {'accuracy': 0.8882, 'precision': 0.9000036665086544, 'recall': 0.8882, 'f1': 0.8865624493945737, 'confusion_matrix': array([[ 953,    1,    0,    2,    0,    4,   11,    3,    6,    0],
       [   0, 1122,    1,    5,    0,    1,    0,    0,    6,    0],
       [   7,   44,  851,   70,   12,    2,   11,   16,   19,    0],
       [   0,    1,    6,  970,    2,    0,    1,    8,   21,    1],
       [   1,    5,    2,    5,  937,    3,    6,    0,    9,   14],
       [   5,    7,    0,  185,   57,  552,   19,    5,   52,   10],
       [   6,    7,    2,    3,   23,    3,  907,    1,    6,    0],
       [   0,   16,   21,   15,    9,    1,    1,  952,    3,   10],
       [   3,   12,    8,   37,   15,    7,   10,    4,  874,    4],
       [  11,    8,    0,   27,  155,    2,    0,   15,   27,  764]])}, 19.423038875)
[2024-07-08 18:12:32,118][flwr][INFO] - configure_evaluate: no clients selected, skipping evaluation
[2024-07-08 18:12:32,118][flwr][INFO] - 
[2024-07-08 18:12:32,118][flwr][INFO] - [ROUND 4]
[2024-07-08 18:12:32,119][flwr][INFO] - configure_fit: strategy sampled 10 clients (out of 10)
[2024-07-08 18:12:37,747][flwr][INFO] - aggregate_fit: received 10 results and 0 failures
[2024-07-08 18:12:38,073][flwr][INFO] - fit progress: (4, 23.685025230050087, {'accuracy': 0.9255, 'precision': 0.9268193066859836, 'recall': 0.9255, 'f1': 0.9252510440989586, 'confusion_matrix': array([[ 964,    1,    1,    0,    0,    3,    3,    2,    6,    0],
       [   0, 1123,    1,    3,    0,    1,    0,    0,    7,    0],
       [  12,   28,  912,   23,   12,    1,    5,   21,   17,    1],
       [   1,    7,   14,  930,    3,    4,    1,   11,   25,   14],
       [   1,    3,    6,    0,  932,    1,    5,    0,    6,   28],
       [  12,    2,    1,   64,   18,  744,   11,    6,   24,   10],
       [  18,    5,    4,    2,   27,    7,  884,    1,   10,    0],
       [   2,   12,   22,    1,    6,    0,    0,  959,    5,   21],
       [   4,    9,    7,   11,   13,    4,    5,    4,  895,   22],
       [  10,    9,    0,   11,   48,    3,    0,    5,   11,  912]])}, 25.378548625)
[2024-07-08 18:12:38,074][flwr][INFO] - configure_evaluate: no clients selected, skipping evaluation
[2024-07-08 18:12:38,074][flwr][INFO] - 
[2024-07-08 18:12:38,074][flwr][INFO] - [ROUND 5]
[2024-07-08 18:12:38,074][flwr][INFO] - configure_fit: strategy sampled 10 clients (out of 10)
[2024-07-08 18:12:44,153][flwr][INFO] - aggregate_fit: received 10 results and 0 failures
[2024-07-08 18:12:44,487][flwr][INFO] - fit progress: (5, 19.50962221994996, {'accuracy': 0.9339, 'precision': 0.9345580561053691, 'recall': 0.9339, 'f1': 0.9336088911321129, 'confusion_matrix': array([[ 965,    0,    1,    0,    0,    4,    3,    3,    3,    1],
       [   0, 1125,    3,    4,    0,    1,    0,    1,    1,    0],
       [  11,   26,  914,   32,    9,    0,    5,   23,   12,    0],
       [   1,    4,   14,  950,    1,    2,    1,   17,   15,    5],
       [   1,    3,    5,    0,  930,    0,    4,    1,    3,   35],
       [   7,    2,    1,   49,    7,  778,   12,    7,   20,    9],
       [  14,    6,    3,    1,   14,    6,  908,    0,    6,    0],
       [   1,    9,   19,    2,    2,    0,    0,  981,    1,   13],
       [   4,   17,   12,   16,   14,    7,   10,   16,  862,   16],
       [  12,   11,    0,   12,   31,    0,    0,   10,    7,  926]])}, 31.792014959)
[2024-07-08 18:12:44,487][flwr][INFO] - configure_evaluate: no clients selected, skipping evaluation
[2024-07-08 18:12:44,487][flwr][INFO] - 
[2024-07-08 18:12:44,487][flwr][INFO] - [ROUND 6]
[2024-07-08 18:12:44,488][flwr][INFO] - configure_fit: strategy sampled 10 clients (out of 10)
[2024-07-08 18:12:50,513][flwr][INFO] - aggregate_fit: received 10 results and 0 failures
[2024-07-08 18:12:50,850][flwr][INFO] - fit progress: (6, 17.66929540410638, {'accuracy': 0.9413, 'precision': 0.9414357427829789, 'recall': 0.9413, 'f1': 0.9411185609121029, 'confusion_matrix': array([[ 968,    1,    0,    1,    0,    4,    2,    2,    2,    0],
       [   0, 1127,    3,    2,    0,    1,    0,    0,    2,    0],
       [  11,   14,  946,   17,    8,    1,    3,   23,    9,    0],
       [   1,    1,   23,  941,    0,    4,    0,   19,   14,    7],
       [   1,    2,    4,    1,  917,    1,    5,    1,    4,   46],
       [   6,    2,    1,   31,    3,  816,   13,    7,    6,    7],
       [  16,    4,    3,    1,   12,   11,  907,    0,    4,    0],
       [   1,    8,   17,    2,    2,    2,    0,  984,    0,   12],
       [   9,   11,   12,   15,   12,   10,    8,   18,  874,    5],
       [  14,    9,    1,   11,   18,    4,    0,   10,    9,  933]])}, 38.155132417)
[2024-07-08 18:12:50,851][flwr][INFO] - configure_evaluate: no clients selected, skipping evaluation
[2024-07-08 18:12:50,851][flwr][INFO] - 
[2024-07-08 18:12:50,851][flwr][INFO] - [ROUND 7]
[2024-07-08 18:12:50,851][flwr][INFO] - configure_fit: strategy sampled 10 clients (out of 10)
[2024-07-08 18:12:56,494][flwr][INFO] - aggregate_fit: received 10 results and 0 failures
[2024-07-08 18:12:56,825][flwr][INFO] - fit progress: (7, 16.47188625484705, {'accuracy': 0.9442, 'precision': 0.9444371466438244, 'recall': 0.9442, 'f1': 0.9441056829774925, 'confusion_matrix': array([[ 967,    0,    2,    1,    0,    2,    3,    2,    3,    0],
       [   0, 1122,    3,    3,    0,    1,    1,    1,    4,    0],
       [   9,    9,  930,   31,    7,    1,    4,   21,   20,    0],
       [   1,    0,   11,  946,    0,    4,    0,   20,   22,    6],
       [   1,    2,    5,    0,  914,    1,    4,    2,    4,   49],
       [   6,    2,    1,   26,    6,  818,   10,    6,   10,    7],
       [  13,    3,    1,    3,    6,    9,  919,    0,    4,    0],
       [   0,    6,   19,    1,    3,    1,    0,  986,    0,   12],
       [   9,    3,    6,   12,   12,    8,    5,   12,  901,    6],
       [  14,    5,    0,    9,   22,    1,    0,    8,   11,  939]])}, 44.130358834)
[2024-07-08 18:12:56,826][flwr][INFO] - configure_evaluate: no clients selected, skipping evaluation
[2024-07-08 18:12:56,826][flwr][INFO] - 
[2024-07-08 18:12:56,826][flwr][INFO] - [ROUND 8]
[2024-07-08 18:12:56,826][flwr][INFO] - configure_fit: strategy sampled 10 clients (out of 10)
[2024-07-08 18:13:02,357][flwr][INFO] - aggregate_fit: received 10 results and 0 failures
[2024-07-08 18:13:02,692][flwr][INFO] - fit progress: (8, 15.690263194963336, {'accuracy': 0.9485, 'precision': 0.9486244296009885, 'recall': 0.9485, 'f1': 0.9484233061723265, 'confusion_matrix': array([[ 968,    0,    0,    1,    0,    4,    3,    2,    2,    0],
       [   0, 1122,    3,    3,    0,    1,    1,    0,    5,    0],
       [  10,   10,  949,   12,    6,    1,    4,   23,   17,    0],
       [   1,    0,    7,  943,    1,   15,    0,   12,   23,    8],
       [   1,    1,    5,    1,  920,    3,    4,    2,    3,   42],
       [   5,    2,    0,   11,    1,  849,   10,    2,    7,    5],
       [  13,    3,    2,    1,    8,   15,  912,    0,    4,    0],
       [   1,    9,   14,    2,    4,    1,    0,  984,    1,   12],
       [   9,    3,    5,   10,   10,   18,    6,   10,  898,    5],
       [  14,    4,    0,    6,   20,    6,    0,    6,   13,  940]])}, 49.997181084)
[2024-07-08 18:13:02,693][flwr][INFO] - configure_evaluate: no clients selected, skipping evaluation
[2024-07-08 18:13:02,693][flwr][INFO] - 
[2024-07-08 18:13:02,693][flwr][INFO] - [ROUND 9]
[2024-07-08 18:13:02,693][flwr][INFO] - configure_fit: strategy sampled 10 clients (out of 10)
[2024-07-08 18:13:08,155][flwr][INFO] - aggregate_fit: received 10 results and 0 failures
[2024-07-08 18:13:08,491][flwr][INFO] - fit progress: (9, 16.58825447410345, {'accuracy': 0.9466, 'precision': 0.9466839078078414, 'recall': 0.9466, 'f1': 0.9464291496776602, 'confusion_matrix': array([[ 967,    0,    2,    0,    0,    3,    2,    3,    2,    1],
       [   0, 1125,    4,    1,    0,    1,    1,    0,    3,    0],
       [   8,   11,  968,    9,    6,    1,    2,   20,    7,    0],
       [   1,    9,   27,  921,    1,    7,    0,   22,   19,    3],
       [   1,    0,    3,    0,  934,    0,    5,    1,    3,   35],
       [   5,    3,    0,   14,    1,  843,   10,    3,    6,    7],
       [  16,    3,    3,    1,    9,   13,  908,    0,    5,    0],
       [   1,   10,   19,    0,    2,    1,    0,  986,    1,    8],
       [  11,    7,   10,   11,   13,   17,    9,   18,  876,    2],
       [  15,    6,    0,    7,   19,    3,    0,    9,   12,  938]])}, 55.795805875)
[2024-07-08 18:13:08,491][flwr][INFO] - configure_evaluate: no clients selected, skipping evaluation
[2024-07-08 18:13:08,491][flwr][INFO] - 
[2024-07-08 18:13:08,491][flwr][INFO] - [ROUND 10]
[2024-07-08 18:13:08,492][flwr][INFO] - configure_fit: strategy sampled 10 clients (out of 10)
[2024-07-08 18:13:14,476][flwr][INFO] - aggregate_fit: received 10 results and 0 failures
[2024-07-08 18:13:14,818][flwr][INFO] - fit progress: (10, 14.073641317896545, {'accuracy': 0.9512, 'precision': 0.9512149534851347, 'recall': 0.9512, 'f1': 0.9511410535421226, 'confusion_matrix': array([[ 966,    0,    1,    2,    0,    1,    5,    3,    2,    0],
       [   0, 1119,    2,    5,    0,    1,    2,    1,    5,    0],
       [   7,    6,  968,   10,    6,    1,    2,   23,    9,    0],
       [   1,    0,   18,  938,    0,    8,    0,   17,   25,    3],
       [   1,    0,    4,    1,  931,    1,    5,    2,    0,   37],
       [   5,    1,    0,   13,    2,  838,   12,    3,   10,    8],
       [  11,    3,    2,    1,    6,   14,  917,    0,    4,    0],
       [   0,    6,   16,    1,    2,    1,    0,  986,    1,   15],
       [   7,    2,    6,   11,   10,   11,   11,   13,  896,    7],
       [  10,    4,    0,    6,   18,    2,    0,    6,   10,  953]])}, 62.122879084000004)
[2024-07-08 18:13:14,818][flwr][INFO] - configure_evaluate: no clients selected, skipping evaluation
[2024-07-08 18:13:14,819][flwr][INFO] - 
[2024-07-08 18:13:14,819][flwr][INFO] - [SUMMARY]
[2024-07-08 18:13:14,819][flwr][INFO] - Run finished 10 round(s) in 62.12s
[2024-07-08 18:13:14,822][flwr][INFO] - 	History (loss, centralized):
[2024-07-08 18:13:14,823][flwr][INFO] - 		round 0: 181.76928067207336
[2024-07-08 18:13:14,823][flwr][INFO] - 		round 1: 145.42898380756378
[2024-07-08 18:13:14,823][flwr][INFO] - 		round 2: 47.6417031288147
[2024-07-08 18:13:14,823][flwr][INFO] - 		round 3: 34.42193293571472
[2024-07-08 18:13:14,823][flwr][INFO] - 		round 4: 23.685025230050087
[2024-07-08 18:13:14,823][flwr][INFO] - 		round 5: 19.50962221994996
[2024-07-08 18:13:14,823][flwr][INFO] - 		round 6: 17.66929540410638
[2024-07-08 18:13:14,823][flwr][INFO] - 		round 7: 16.47188625484705
[2024-07-08 18:13:14,823][flwr][INFO] - 		round 8: 15.690263194963336
[2024-07-08 18:13:14,823][flwr][INFO] - 		round 9: 16.58825447410345
[2024-07-08 18:13:14,823][flwr][INFO] - 		round 10: 14.073641317896545
[2024-07-08 18:13:14,823][flwr][INFO] - 	History (metrics, centralized):
[2024-07-08 18:13:14,823][flwr][INFO] - 	{'accuracy': [(0, 0.1086),
[2024-07-08 18:13:14,823][flwr][INFO] - 	              (1, 0.6405),
[2024-07-08 18:13:14,823][flwr][INFO] - 	              (2, 0.8739),
[2024-07-08 18:13:14,823][flwr][INFO] - 	              (3, 0.8882),
[2024-07-08 18:13:14,823][flwr][INFO] - 	              (4, 0.9255),
[2024-07-08 18:13:14,823][flwr][INFO] - 	              (5, 0.9339),
[2024-07-08 18:13:14,823][flwr][INFO] - 	              (6, 0.9413),
[2024-07-08 18:13:14,823][flwr][INFO] - 	              (7, 0.9442),
[2024-07-08 18:13:14,823][flwr][INFO] - 	              (8, 0.9485),
[2024-07-08 18:13:14,823][flwr][INFO] - 	              (9, 0.9466),
[2024-07-08 18:13:14,823][flwr][INFO] - 	              (10, 0.9512)],
[2024-07-08 18:13:14,823][flwr][INFO] - 	 'confusion_matrix': [(0,
[2024-07-08 18:13:14,823][flwr][INFO] - 	                       array([[   0,    8,    0,  956,    0,    1,    0,   15,    0,    0],
[2024-07-08 18:13:14,823][flwr][INFO] - 	       [   0,  122,    0, 1013,    0,    0,    0,    0,    0,    0],
[2024-07-08 18:13:14,823][flwr][INFO] - 	       [   0,   38,    0,  971,    0,    0,    3,   19,    1,    0],
[2024-07-08 18:13:14,823][flwr][INFO] - 	       [   0,   44,    0,  945,    1,    1,    0,   17,    2,    0],
[2024-07-08 18:13:14,823][flwr][INFO] - 	       [   0,  143,    0,  816,    1,    0,    2,   20,    0,    0],
[2024-07-08 18:13:14,823][flwr][INFO] - 	       [   0,  118,    0,  735,    1,    7,    0,   30,    1,    0],
[2024-07-08 18:13:14,823][flwr][INFO] - 	       [   0,  144,    0,  749,   25,    0,    2,   38,    0,    0],
[2024-07-08 18:13:14,823][flwr][INFO] - 	       [   0,  272,    0,  724,    8,    0,    0,    9,   15,    0],
[2024-07-08 18:13:14,823][flwr][INFO] - 	       [   0,   81,    0,  859,    1,    0,    1,   32,    0,    0],
[2024-07-08 18:13:14,823][flwr][INFO] - 	       [   0,  178,    0,  799,    1,    0,    0,   31,    0,    0]])),
[2024-07-08 18:13:14,823][flwr][INFO] - 	                      (1,
[2024-07-08 18:13:14,823][flwr][INFO] - 	                       array([[941,   2,   0,   5,   0,  19,   4,   0,   0,   9],
[2024-07-08 18:13:14,823][flwr][INFO] - 	       [  0, 918,  41, 122,   0,  27,   5,   0,   6,  16],
[2024-07-08 18:13:14,824][flwr][INFO] - 	       [ 14,  30, 557, 300,  12,  11,  23,   1,  15,  69],
[2024-07-08 18:13:14,824][flwr][INFO] - 	       [ 12,  15,   2, 864,   5,  51,   2,   0,   0,  59],
[2024-07-08 18:13:14,824][flwr][INFO] - 	       [  1,   0,   0,   8, 854,  56,   8,   0,   0,  55],
[2024-07-08 18:13:14,824][flwr][INFO] - 	       [ 47,  16,   1,  48, 102, 630,   5,   0,   3,  40],
[2024-07-08 18:13:14,824][flwr][INFO] - 	       [ 27,   6,   5,   5,   8,  74, 824,   0,   0,   9],
[2024-07-08 18:13:14,824][flwr][INFO] - 	       [ 49,   6,   2, 237,  19,  74,   0, 246,   2, 393],
[2024-07-08 18:13:14,824][flwr][INFO] - 	       [ 10,   2,   1,  65,  75,  51,   1,   0,  72, 697],
[2024-07-08 18:13:14,824][flwr][INFO] - 	       [ 14,   1,   0,  11, 412,  71,   1,   0,   0, 499]])),
[2024-07-08 18:13:14,824][flwr][INFO] - 	                      (2,
[2024-07-08 18:13:14,824][flwr][INFO] - 	                       array([[ 954,    0,    0,    2,    1,    5,    3,    2,   13,    0],
[2024-07-08 18:13:14,824][flwr][INFO] - 	       [   0, 1093,    4,    3,    1,    0,    3,    0,   31,    0],
[2024-07-08 18:13:14,824][flwr][INFO] - 	       [   7,   10,  880,   27,   27,    2,    5,   20,   50,    4],
[2024-07-08 18:13:14,824][flwr][INFO] - 	       [   4,    4,   16,  909,    7,    1,    1,   14,   49,    5],
[2024-07-08 18:13:14,824][flwr][INFO] - 	       [   1,    1,    3,    0,  929,    1,    7,    0,   10,   30],
[2024-07-08 18:13:14,824][flwr][INFO] - 	       [  14,    6,    4,   99,   76,  543,   11,   11,  109,   19],
[2024-07-08 18:13:14,824][flwr][INFO] - 	       [  20,    3,    3,    2,   37,    5,  841,    9,   38,    0],
[2024-07-08 18:13:14,824][flwr][INFO] - 	       [   2,   15,   20,    4,   11,    1,    0,  919,   23,   33],
[2024-07-08 18:13:14,824][flwr][INFO] - 	       [   5,    7,    5,   11,   16,    4,    3,    3,  908,   12],
[2024-07-08 18:13:14,824][flwr][INFO] - 	       [   9,    5,    2,    8,  175,    1,    0,   16,   30,  763]])),
[2024-07-08 18:13:14,824][flwr][INFO] - 	                      (3,
[2024-07-08 18:13:14,824][flwr][INFO] - 	                       array([[ 953,    1,    0,    2,    0,    4,   11,    3,    6,    0],
[2024-07-08 18:13:14,824][flwr][INFO] - 	       [   0, 1122,    1,    5,    0,    1,    0,    0,    6,    0],
[2024-07-08 18:13:14,824][flwr][INFO] - 	       [   7,   44,  851,   70,   12,    2,   11,   16,   19,    0],
[2024-07-08 18:13:14,824][flwr][INFO] - 	       [   0,    1,    6,  970,    2,    0,    1,    8,   21,    1],
[2024-07-08 18:13:14,824][flwr][INFO] - 	       [   1,    5,    2,    5,  937,    3,    6,    0,    9,   14],
[2024-07-08 18:13:14,824][flwr][INFO] - 	       [   5,    7,    0,  185,   57,  552,   19,    5,   52,   10],
[2024-07-08 18:13:14,824][flwr][INFO] - 	       [   6,    7,    2,    3,   23,    3,  907,    1,    6,    0],
[2024-07-08 18:13:14,824][flwr][INFO] - 	       [   0,   16,   21,   15,    9,    1,    1,  952,    3,   10],
[2024-07-08 18:13:14,824][flwr][INFO] - 	       [   3,   12,    8,   37,   15,    7,   10,    4,  874,    4],
[2024-07-08 18:13:14,824][flwr][INFO] - 	       [  11,    8,    0,   27,  155,    2,    0,   15,   27,  764]])),
[2024-07-08 18:13:14,824][flwr][INFO] - 	                      (4,
[2024-07-08 18:13:14,824][flwr][INFO] - 	                       array([[ 964,    1,    1,    0,    0,    3,    3,    2,    6,    0],
[2024-07-08 18:13:14,824][flwr][INFO] - 	       [   0, 1123,    1,    3,    0,    1,    0,    0,    7,    0],
[2024-07-08 18:13:14,824][flwr][INFO] - 	       [  12,   28,  912,   23,   12,    1,    5,   21,   17,    1],
[2024-07-08 18:13:14,824][flwr][INFO] - 	       [   1,    7,   14,  930,    3,    4,    1,   11,   25,   14],
[2024-07-08 18:13:14,824][flwr][INFO] - 	       [   1,    3,    6,    0,  932,    1,    5,    0,    6,   28],
[2024-07-08 18:13:14,824][flwr][INFO] - 	       [  12,    2,    1,   64,   18,  744,   11,    6,   24,   10],
[2024-07-08 18:13:14,824][flwr][INFO] - 	       [  18,    5,    4,    2,   27,    7,  884,    1,   10,    0],
[2024-07-08 18:13:14,824][flwr][INFO] - 	       [   2,   12,   22,    1,    6,    0,    0,  959,    5,   21],
[2024-07-08 18:13:14,824][flwr][INFO] - 	       [   4,    9,    7,   11,   13,    4,    5,    4,  895,   22],
[2024-07-08 18:13:14,824][flwr][INFO] - 	       [  10,    9,    0,   11,   48,    3,    0,    5,   11,  912]])),
[2024-07-08 18:13:14,824][flwr][INFO] - 	                      (5,
[2024-07-08 18:13:14,824][flwr][INFO] - 	                       array([[ 965,    0,    1,    0,    0,    4,    3,    3,    3,    1],
[2024-07-08 18:13:14,824][flwr][INFO] - 	       [   0, 1125,    3,    4,    0,    1,    0,    1,    1,    0],
[2024-07-08 18:13:14,824][flwr][INFO] - 	       [  11,   26,  914,   32,    9,    0,    5,   23,   12,    0],
[2024-07-08 18:13:14,824][flwr][INFO] - 	       [   1,    4,   14,  950,    1,    2,    1,   17,   15,    5],
[2024-07-08 18:13:14,824][flwr][INFO] - 	       [   1,    3,    5,    0,  930,    0,    4,    1,    3,   35],
[2024-07-08 18:13:14,824][flwr][INFO] - 	       [   7,    2,    1,   49,    7,  778,   12,    7,   20,    9],
[2024-07-08 18:13:14,824][flwr][INFO] - 	       [  14,    6,    3,    1,   14,    6,  908,    0,    6,    0],
[2024-07-08 18:13:14,825][flwr][INFO] - 	       [   1,    9,   19,    2,    2,    0,    0,  981,    1,   13],
[2024-07-08 18:13:14,825][flwr][INFO] - 	       [   4,   17,   12,   16,   14,    7,   10,   16,  862,   16],
[2024-07-08 18:13:14,825][flwr][INFO] - 	       [  12,   11,    0,   12,   31,    0,    0,   10,    7,  926]])),
[2024-07-08 18:13:14,825][flwr][INFO] - 	                      (6,
[2024-07-08 18:13:14,825][flwr][INFO] - 	                       array([[ 968,    1,    0,    1,    0,    4,    2,    2,    2,    0],
[2024-07-08 18:13:14,825][flwr][INFO] - 	       [   0, 1127,    3,    2,    0,    1,    0,    0,    2,    0],
[2024-07-08 18:13:14,825][flwr][INFO] - 	       [  11,   14,  946,   17,    8,    1,    3,   23,    9,    0],
[2024-07-08 18:13:14,825][flwr][INFO] - 	       [   1,    1,   23,  941,    0,    4,    0,   19,   14,    7],
[2024-07-08 18:13:14,825][flwr][INFO] - 	       [   1,    2,    4,    1,  917,    1,    5,    1,    4,   46],
[2024-07-08 18:13:14,825][flwr][INFO] - 	       [   6,    2,    1,   31,    3,  816,   13,    7,    6,    7],
[2024-07-08 18:13:14,825][flwr][INFO] - 	       [  16,    4,    3,    1,   12,   11,  907,    0,    4,    0],
[2024-07-08 18:13:14,825][flwr][INFO] - 	       [   1,    8,   17,    2,    2,    2,    0,  984,    0,   12],
[2024-07-08 18:13:14,825][flwr][INFO] - 	       [   9,   11,   12,   15,   12,   10,    8,   18,  874,    5],
[2024-07-08 18:13:14,825][flwr][INFO] - 	       [  14,    9,    1,   11,   18,    4,    0,   10,    9,  933]])),
[2024-07-08 18:13:14,825][flwr][INFO] - 	                      (7,
[2024-07-08 18:13:14,825][flwr][INFO] - 	                       array([[ 967,    0,    2,    1,    0,    2,    3,    2,    3,    0],
[2024-07-08 18:13:14,825][flwr][INFO] - 	       [   0, 1122,    3,    3,    0,    1,    1,    1,    4,    0],
[2024-07-08 18:13:14,825][flwr][INFO] - 	       [   9,    9,  930,   31,    7,    1,    4,   21,   20,    0],
[2024-07-08 18:13:14,825][flwr][INFO] - 	       [   1,    0,   11,  946,    0,    4,    0,   20,   22,    6],
[2024-07-08 18:13:14,825][flwr][INFO] - 	       [   1,    2,    5,    0,  914,    1,    4,    2,    4,   49],
[2024-07-08 18:13:14,825][flwr][INFO] - 	       [   6,    2,    1,   26,    6,  818,   10,    6,   10,    7],
[2024-07-08 18:13:14,825][flwr][INFO] - 	       [  13,    3,    1,    3,    6,    9,  919,    0,    4,    0],
[2024-07-08 18:13:14,825][flwr][INFO] - 	       [   0,    6,   19,    1,    3,    1,    0,  986,    0,   12],
[2024-07-08 18:13:14,825][flwr][INFO] - 	       [   9,    3,    6,   12,   12,    8,    5,   12,  901,    6],
[2024-07-08 18:13:14,825][flwr][INFO] - 	       [  14,    5,    0,    9,   22,    1,    0,    8,   11,  939]])),
[2024-07-08 18:13:14,825][flwr][INFO] - 	                      (8,
[2024-07-08 18:13:14,825][flwr][INFO] - 	                       array([[ 968,    0,    0,    1,    0,    4,    3,    2,    2,    0],
[2024-07-08 18:13:14,825][flwr][INFO] - 	       [   0, 1122,    3,    3,    0,    1,    1,    0,    5,    0],
[2024-07-08 18:13:14,825][flwr][INFO] - 	       [  10,   10,  949,   12,    6,    1,    4,   23,   17,    0],
[2024-07-08 18:13:14,825][flwr][INFO] - 	       [   1,    0,    7,  943,    1,   15,    0,   12,   23,    8],
[2024-07-08 18:13:14,825][flwr][INFO] - 	       [   1,    1,    5,    1,  920,    3,    4,    2,    3,   42],
[2024-07-08 18:13:14,825][flwr][INFO] - 	       [   5,    2,    0,   11,    1,  849,   10,    2,    7,    5],
[2024-07-08 18:13:14,825][flwr][INFO] - 	       [  13,    3,    2,    1,    8,   15,  912,    0,    4,    0],
[2024-07-08 18:13:14,825][flwr][INFO] - 	       [   1,    9,   14,    2,    4,    1,    0,  984,    1,   12],
[2024-07-08 18:13:14,825][flwr][INFO] - 	       [   9,    3,    5,   10,   10,   18,    6,   10,  898,    5],
[2024-07-08 18:13:14,825][flwr][INFO] - 	       [  14,    4,    0,    6,   20,    6,    0,    6,   13,  940]])),
[2024-07-08 18:13:14,825][flwr][INFO] - 	                      (9,
[2024-07-08 18:13:14,825][flwr][INFO] - 	                       array([[ 967,    0,    2,    0,    0,    3,    2,    3,    2,    1],
[2024-07-08 18:13:14,825][flwr][INFO] - 	       [   0, 1125,    4,    1,    0,    1,    1,    0,    3,    0],
[2024-07-08 18:13:14,825][flwr][INFO] - 	       [   8,   11,  968,    9,    6,    1,    2,   20,    7,    0],
[2024-07-08 18:13:14,825][flwr][INFO] - 	       [   1,    9,   27,  921,    1,    7,    0,   22,   19,    3],
[2024-07-08 18:13:14,825][flwr][INFO] - 	       [   1,    0,    3,    0,  934,    0,    5,    1,    3,   35],
[2024-07-08 18:13:14,825][flwr][INFO] - 	       [   5,    3,    0,   14,    1,  843,   10,    3,    6,    7],
[2024-07-08 18:13:14,825][flwr][INFO] - 	       [  16,    3,    3,    1,    9,   13,  908,    0,    5,    0],
[2024-07-08 18:13:14,825][flwr][INFO] - 	       [   1,   10,   19,    0,    2,    1,    0,  986,    1,    8],
[2024-07-08 18:13:14,825][flwr][INFO] - 	       [  11,    7,   10,   11,   13,   17,    9,   18,  876,    2],
[2024-07-08 18:13:14,825][flwr][INFO] - 	       [  15,    6,    0,    7,   19,    3,    0,    9,   12,  938]])),
[2024-07-08 18:13:14,825][flwr][INFO] - 	                      (10,
[2024-07-08 18:13:14,825][flwr][INFO] - 	                       array([[ 966,    0,    1,    2,    0,    1,    5,    3,    2,    0],
[2024-07-08 18:13:14,826][flwr][INFO] - 	       [   0, 1119,    2,    5,    0,    1,    2,    1,    5,    0],
[2024-07-08 18:13:14,826][flwr][INFO] - 	       [   7,    6,  968,   10,    6,    1,    2,   23,    9,    0],
[2024-07-08 18:13:14,826][flwr][INFO] - 	       [   1,    0,   18,  938,    0,    8,    0,   17,   25,    3],
[2024-07-08 18:13:14,826][flwr][INFO] - 	       [   1,    0,    4,    1,  931,    1,    5,    2,    0,   37],
[2024-07-08 18:13:14,826][flwr][INFO] - 	       [   5,    1,    0,   13,    2,  838,   12,    3,   10,    8],
[2024-07-08 18:13:14,826][flwr][INFO] - 	       [  11,    3,    2,    1,    6,   14,  917,    0,    4,    0],
[2024-07-08 18:13:14,826][flwr][INFO] - 	       [   0,    6,   16,    1,    2,    1,    0,  986,    1,   15],
[2024-07-08 18:13:14,826][flwr][INFO] - 	       [   7,    2,    6,   11,   10,   11,   11,   13,  896,    7],
[2024-07-08 18:13:14,826][flwr][INFO] - 	       [  10,    4,    0,    6,   18,    2,    0,    6,   10,  953]]))],
[2024-07-08 18:13:14,826][flwr][INFO] - 	 'f1': [(0, 0.03553137346181725),
[2024-07-08 18:13:14,826][flwr][INFO] - 	        (1, 0.6207671218552681),
[2024-07-08 18:13:14,826][flwr][INFO] - 	        (2, 0.8731842492212345),
[2024-07-08 18:13:14,826][flwr][INFO] - 	        (3, 0.8865624493945737),
[2024-07-08 18:13:14,826][flwr][INFO] - 	        (4, 0.9252510440989586),
[2024-07-08 18:13:14,826][flwr][INFO] - 	        (5, 0.9336088911321129),
[2024-07-08 18:13:14,826][flwr][INFO] - 	        (6, 0.9411185609121029),
[2024-07-08 18:13:14,826][flwr][INFO] - 	        (7, 0.9441056829774925),
[2024-07-08 18:13:14,826][flwr][INFO] - 	        (8, 0.9484233061723265),
[2024-07-08 18:13:14,826][flwr][INFO] - 	        (9, 0.9464291496776602),
[2024-07-08 18:13:14,826][flwr][INFO] - 	        (10, 0.9511410535421226)],
[2024-07-08 18:13:14,826][flwr][INFO] - 	 'precision': [(0, 0.12349967530374152),
[2024-07-08 18:13:14,826][flwr][INFO] - 	               (1, 0.734970860792539),
[2024-07-08 18:13:14,826][flwr][INFO] - 	               (2, 0.8871501820552794),
[2024-07-08 18:13:14,826][flwr][INFO] - 	               (3, 0.9000036665086544),
[2024-07-08 18:13:14,826][flwr][INFO] - 	               (4, 0.9268193066859836),
[2024-07-08 18:13:14,826][flwr][INFO] - 	               (5, 0.9345580561053691),
[2024-07-08 18:13:14,826][flwr][INFO] - 	               (6, 0.9414357427829789),
[2024-07-08 18:13:14,826][flwr][INFO] - 	               (7, 0.9444371466438244),
[2024-07-08 18:13:14,826][flwr][INFO] - 	               (8, 0.9486244296009885),
[2024-07-08 18:13:14,826][flwr][INFO] - 	               (9, 0.9466839078078414),
[2024-07-08 18:13:14,826][flwr][INFO] - 	               (10, 0.9512149534851347)],
[2024-07-08 18:13:14,826][flwr][INFO] - 	 'recall': [(0, 0.1086),
[2024-07-08 18:13:14,826][flwr][INFO] - 	            (1, 0.6405),
[2024-07-08 18:13:14,826][flwr][INFO] - 	            (2, 0.8739),
[2024-07-08 18:13:14,826][flwr][INFO] - 	            (3, 0.8882),
[2024-07-08 18:13:14,826][flwr][INFO] - 	            (4, 0.9255),
[2024-07-08 18:13:14,826][flwr][INFO] - 	            (5, 0.9339),
[2024-07-08 18:13:14,826][flwr][INFO] - 	            (6, 0.9413),
[2024-07-08 18:13:14,826][flwr][INFO] - 	            (7, 0.9442),
[2024-07-08 18:13:14,826][flwr][INFO] - 	            (8, 0.9485),
[2024-07-08 18:13:14,826][flwr][INFO] - 	            (9, 0.9466),
[2024-07-08 18:13:14,826][flwr][INFO] - 	            (10, 0.9512)]}
[2024-07-08 18:13:14,826][flwr][INFO] - 
