[2024-07-08 16:27:26,948][flwr][INFO] - Starting Flower simulation, config: num_rounds=10, no round_timeout
[2024-07-08 16:27:28,766][flwr][INFO] - Flower VCE: Ray initialized with resources: {'memory': 10936980276.0, 'CPU': 12.0, 'object_store_memory': 2147483648.0, 'node:127.0.0.1': 1.0, 'node:__internal_head__': 1.0}
[2024-07-08 16:27:28,766][flwr][INFO] - Optimize your simulation with Flower VCE: https://flower.ai/docs/framework/how-to-run-simulations.html
[2024-07-08 16:27:28,766][flwr][INFO] - Flower VCE: Resources for each Virtual Client: {'num_cpus': 2, 'num_gpus': 0}
[2024-07-08 16:27:28,771][flwr][INFO] - Flower VCE: Creating VirtualClientEngineActorPool with 6 actors
[2024-07-08 16:27:28,772][flwr][INFO] - [INIT]
[2024-07-08 16:27:28,772][flwr][INFO] - Requesting initial parameters from one random client
[2024-07-08 16:27:30,185][flwr][INFO] - Received initial parameters from one random client
[2024-07-08 16:27:30,185][flwr][INFO] - Evaluating initial global parameters
[2024-07-08 16:27:30,509][flwr][INFO] - initial parameters (loss, other metrics): 181.76928067207336, {'accuracy': 0.1086, 'precision': 0.12349967530374152, 'recall': 0.1086, 'f1': 0.03553137346181725, 'confusion_matrix': array([[   0,    8,    0,  956,    0,    1,    0,   15,    0,    0],
       [   0,  122,    0, 1013,    0,    0,    0,    0,    0,    0],
       [   0,   38,    0,  971,    0,    0,    3,   19,    1,    0],
       [   0,   44,    0,  945,    1,    1,    0,   17,    2,    0],
       [   0,  143,    0,  816,    1,    0,    2,   20,    0,    0],
       [   0,  118,    0,  735,    1,    7,    0,   30,    1,    0],
       [   0,  144,    0,  749,   25,    0,    2,   38,    0,    0],
       [   0,  272,    0,  724,    8,    0,    0,    9,   15,    0],
       [   0,   81,    0,  859,    1,    0,    1,   32,    0,    0],
       [   0,  178,    0,  799,    1,    0,    0,   31,    0,    0]])}
[2024-07-08 16:27:30,510][flwr][INFO] - 
[2024-07-08 16:27:30,510][flwr][INFO] - [ROUND 1]
[2024-07-08 16:27:30,510][flwr][INFO] - configure_fit: strategy sampled 10 clients (out of 10)
[2024-07-08 16:27:36,846][flwr][INFO] - aggregate_fit: received 10 results and 0 failures
[2024-07-08 16:27:36,851][flwr][WARNING] - No fit_metrics_aggregation_fn provided
[2024-07-08 16:27:37,175][flwr][INFO] - fit progress: (1, 143.87099611759186, {'accuracy': 0.7065, 'precision': 0.7999595660295882, 'recall': 0.7065, 'f1': 0.6895119541765623, 'confusion_matrix': array([[974,   1,   0,   3,   0,   0,   0,   1,   0,   1],
       [  0, 890,  30, 211,   0,   1,   3,   0,   0,   0],
       [ 21,  11, 739, 219,   3,   0,   8,  11,   1,  19],
       [ 40,  21,  10, 894,   4,   1,   2,   7,   1,  30],
       [ 22,  14,   2,  29, 759,   0,   7,   1,   0, 148],
       [388,  31,   0, 142,  10, 243,  28,  16,   3,  31],
       [136,  13,  16,  34,   9,   4, 725,   0,   0,  21],
       [  7,   6,  15, 117,   4,   0,   0, 791,   0,  88],
       [113,  79,   1, 197,   5,   3,  11,   6, 164, 395],
       [ 36,   9,   1,  23,  14,   1,   2,  36,   1, 886]])}, 6.664913707999999)
[2024-07-08 16:27:37,175][flwr][INFO] - configure_evaluate: no clients selected, skipping evaluation
[2024-07-08 16:27:37,175][flwr][INFO] - 
[2024-07-08 16:27:37,175][flwr][INFO] - [ROUND 2]
[2024-07-08 16:27:37,176][flwr][INFO] - configure_fit: strategy sampled 10 clients (out of 10)
[2024-07-08 16:27:43,092][flwr][INFO] - aggregate_fit: received 10 results and 0 failures
[2024-07-08 16:27:43,445][flwr][INFO] - fit progress: (2, 67.48331940174103, {'accuracy': 0.83, 'precision': 0.8502967098775709, 'recall': 0.83, 'f1': 0.8266794380257386, 'confusion_matrix': array([[ 925,    0,    0,    3,    4,   21,   15,    3,    1,    8],
       [   0, 1007,   64,   30,    5,    1,    9,    0,   17,    2],
       [   9,    7,  855,   93,   21,    2,    8,   12,   12,   13],
       [   1,    0,    8,  939,    7,   27,    4,    6,    3,   15],
       [   1,    0,    2,    0,  962,    2,   10,    0,    2,    3],
       [  10,    0,    0,   63,   26,  748,   15,    3,    5,   22],
       [   8,    3,    1,    1,   26,   14,  901,    0,    0,    4],
       [   1,    3,   32,   23,   38,    2,    1,  903,    0,   25],
       [   5,    2,    4,   98,   63,   32,   16,    1,  418,  335],
       [   5,    4,    1,   13,  332,    4,    0,    7,    1,  642]])}, 12.935290291000001)
[2024-07-08 16:27:43,446][flwr][INFO] - configure_evaluate: no clients selected, skipping evaluation
[2024-07-08 16:27:43,446][flwr][INFO] - 
[2024-07-08 16:27:43,446][flwr][INFO] - [ROUND 3]
[2024-07-08 16:27:43,446][flwr][INFO] - configure_fit: strategy sampled 10 clients (out of 10)
[2024-07-08 16:27:48,528][flwr][INFO] - aggregate_fit: received 10 results and 0 failures
[2024-07-08 16:27:48,862][flwr][INFO] - fit progress: (3, 32.620305955410004, {'accuracy': 0.92, 'precision': 0.9224431084823281, 'recall': 0.92, 'f1': 0.9199825352397384, 'confusion_matrix': array([[ 954,    0,    3,    0,    2,    5,    5,    2,    6,    3],
       [   0, 1092,   31,    2,    0,    1,    1,    1,    7,    0],
       [   5,    2,  974,   13,   12,    1,    0,   11,   10,    4],
       [   0,    2,   28,  917,    4,   20,    0,   16,   18,    5],
       [   1,    3,    7,    0,  949,    0,    4,    1,    4,   13],
       [   4,    3,    2,   45,   15,  775,    7,    5,   28,    8],
       [   7,    6,    8,    1,   29,   20,  872,    4,   11,    0],
       [   0,    6,   43,    2,   10,    1,    0,  954,    3,    9],
       [   3,    3,   12,   21,   10,    9,    2,   10,  890,   14],
       [   3,    8,    0,   13,  108,    3,    1,   31,   19,  823]])}, 18.351735958)
[2024-07-08 16:27:48,862][flwr][INFO] - configure_evaluate: no clients selected, skipping evaluation
[2024-07-08 16:27:48,862][flwr][INFO] - 
[2024-07-08 16:27:48,862][flwr][INFO] - [ROUND 4]
[2024-07-08 16:27:48,862][flwr][INFO] - configure_fit: strategy sampled 10 clients (out of 10)
[2024-07-08 16:27:54,017][flwr][INFO] - aggregate_fit: received 10 results and 0 failures
[2024-07-08 16:27:54,352][flwr][INFO] - fit progress: (4, 25.673361748456955, {'accuracy': 0.9274, 'precision': 0.9298515164103431, 'recall': 0.9274, 'f1': 0.9270965733792753, 'confusion_matrix': array([[ 968,    0,    1,    0,    0,    2,    3,    2,    4,    0],
       [   0, 1121,    1,    4,    1,    1,    1,    1,    5,    0],
       [  11,    2,  956,    8,    9,    1,    1,   23,   20,    1],
       [  11,    8,   22,  914,    3,    7,    0,   20,   21,    4],
       [   2,    0,    7,    0,  952,    0,    4,    2,    5,   10],
       [  15,    2,    0,   43,   14,  774,    7,    6,   27,    4],
       [  23,    5,    7,    1,   17,   15,  878,    2,   10,    0],
       [   1,    9,   23,    4,    7,    0,    0,  981,    1,    2],
       [  12,    3,    4,    8,   14,    5,    6,   17,  900,    5],
       [  15,   10,    0,   12,   99,    0,    0,   34,    9,  830]])}, 23.841846625000002)
[2024-07-08 16:27:54,352][flwr][INFO] - configure_evaluate: no clients selected, skipping evaluation
[2024-07-08 16:27:54,352][flwr][INFO] - 
[2024-07-08 16:27:54,352][flwr][INFO] - [ROUND 5]
[2024-07-08 16:27:54,353][flwr][INFO] - configure_fit: strategy sampled 10 clients (out of 10)
[2024-07-08 16:27:59,532][flwr][INFO] - aggregate_fit: received 10 results and 0 failures
[2024-07-08 16:27:59,860][flwr][INFO] - fit progress: (5, 23.052224822342396, {'accuracy': 0.9319, 'precision': 0.9336268490482589, 'recall': 0.9319, 'f1': 0.9313692387636353, 'confusion_matrix': array([[ 962,    0,    3,    0,    1,    5,    3,    1,    5,    0],
       [   0, 1123,    3,    4,    0,    1,    1,    0,    3,    0],
       [   7,    4,  978,   11,    5,    0,    3,   12,   11,    1],
       [   2,    5,   24,  949,    0,    4,    0,   15,   11,    0],
       [   1,    5,    5,    1,  936,    1,   10,    4,    8,   11],
       [   6,    0,    1,   68,    6,  773,   15,    2,   18,    3],
       [   6,    4,    6,    2,   11,    8,  915,    2,    4,    0],
       [   1,   10,   25,    5,    2,    1,    0,  981,    1,    2],
       [   8,    5,   11,   17,    6,    8,   11,   16,  890,    2],
       [  11,   13,    2,   24,   77,    1,    0,   55,   14,  812]])}, 29.350201083)
[2024-07-08 16:27:59,861][flwr][INFO] - configure_evaluate: no clients selected, skipping evaluation
[2024-07-08 16:27:59,861][flwr][INFO] - 
[2024-07-08 16:27:59,861][flwr][INFO] - [ROUND 6]
[2024-07-08 16:27:59,861][flwr][INFO] - configure_fit: strategy sampled 10 clients (out of 10)
[2024-07-08 16:28:05,218][flwr][INFO] - aggregate_fit: received 10 results and 0 failures
[2024-07-08 16:28:05,552][flwr][INFO] - fit progress: (6, 17.911317951977253, {'accuracy': 0.94, 'precision': 0.9404600617804961, 'recall': 0.94, 'f1': 0.9397508391939882, 'confusion_matrix': array([[ 966,    1,    1,    1,    0,    4,    3,    1,    3,    0],
       [   0, 1126,    3,    3,    0,    1,    1,    0,    1,    0],
       [   9,    7,  975,   12,    6,    0,    1,   12,    9,    1],
       [   2,    4,   23,  943,    2,    6,    0,   17,   12,    1],
       [   1,    3,    5,    1,  934,    1,   10,    3,    6,   18],
       [   5,    0,    0,   42,    4,  810,   11,    2,   12,    6],
       [  10,    4,    5,    1,   11,   21,  899,    0,    7,    0],
       [   1,    9,   20,    5,    2,    1,    0,  982,    1,    7],
       [   9,    3,    6,   14,    8,    8,    7,   16,  898,    5],
       [   9,   12,    1,   22,   51,    3,    0,   38,    6,  867]])}, 35.04140125)
[2024-07-08 16:28:05,552][flwr][INFO] - configure_evaluate: no clients selected, skipping evaluation
[2024-07-08 16:28:05,552][flwr][INFO] - 
[2024-07-08 16:28:05,552][flwr][INFO] - [ROUND 7]
[2024-07-08 16:28:05,552][flwr][INFO] - configure_fit: strategy sampled 10 clients (out of 10)
[2024-07-08 16:28:11,376][flwr][INFO] - aggregate_fit: received 10 results and 0 failures
[2024-07-08 16:28:11,726][flwr][INFO] - fit progress: (7, 15.767719799652696, {'accuracy': 0.944, 'precision': 0.9452583572618422, 'recall': 0.944, 'f1': 0.9440523896281895, 'confusion_matrix': array([[ 960,    0,    1,    0,    1,    2,    3,    3,    9,    1],
       [   0, 1117,    2,    3,    0,    1,    1,    0,   11,    0],
       [   3,    5,  959,   23,    6,    1,    1,   12,   20,    2],
       [   0,    3,    6,  965,    1,    4,    0,   10,   15,    6],
       [   1,    0,    3,    1,  937,    1,   10,    1,    8,   20],
       [   3,    0,    0,   46,    4,  787,   13,    2,   31,    6],
       [   6,    3,    1,    2,   13,    8,  910,    2,   13,    0],
       [   0,    7,   16,    9,    8,    1,    0,  969,    3,   15],
       [   3,    0,    2,   13,    5,    1,    6,    5,  931,    8],
       [   7,    7,    0,   22,   45,    2,    0,   13,    8,  905]])}, 41.215248666)
[2024-07-08 16:28:11,726][flwr][INFO] - configure_evaluate: no clients selected, skipping evaluation
[2024-07-08 16:28:11,726][flwr][INFO] - 
[2024-07-08 16:28:11,726][flwr][INFO] - [ROUND 8]
[2024-07-08 16:28:11,726][flwr][INFO] - configure_fit: strategy sampled 10 clients (out of 10)
[2024-07-08 16:28:17,083][flwr][INFO] - aggregate_fit: received 10 results and 0 failures
[2024-07-08 16:28:17,416][flwr][INFO] - fit progress: (8, 15.201289122924209, {'accuracy': 0.9468, 'precision': 0.9481014571278366, 'recall': 0.9468, 'f1': 0.9469855106788353, 'confusion_matrix': array([[ 952,    0,    2,    0,    1,    8,    6,    0,    9,    2],
       [   0, 1120,    1,    7,    0,    1,    1,    0,    5,    0],
       [   4,    5,  948,   35,    6,    1,    3,   12,   15,    3],
       [   0,    1,    4,  970,    1,    3,    0,    6,   16,    9],
       [   1,    0,    2,    2,  926,    1,    9,    1,    5,   35],
       [   1,    0,    0,   39,    2,  806,   10,    0,   28,    6],
       [   3,    3,    1,    0,    8,   11,  922,    0,   10,    0],
       [   0,    6,    9,   11,    7,    0,    0,  959,    6,   30],
       [   3,    0,    2,   14,    8,    5,    3,    2,  927,   10],
       [   6,    6,    0,   21,   25,    1,    0,    7,    5,  938]])}, 46.905740041)
[2024-07-08 16:28:17,417][flwr][INFO] - configure_evaluate: no clients selected, skipping evaluation
[2024-07-08 16:28:17,417][flwr][INFO] - 
[2024-07-08 16:28:17,417][flwr][INFO] - [ROUND 9]
[2024-07-08 16:28:17,417][flwr][INFO] - configure_fit: strategy sampled 10 clients (out of 10)
[2024-07-08 16:28:28,856][flwr][INFO] - aggregate_fit: received 10 results and 0 failures
[2024-07-08 16:28:30,585][flwr][INFO] - fit progress: (9, 15.076872511766851, {'accuracy': 0.9463, 'precision': 0.9469820295580362, 'recall': 0.9463, 'f1': 0.9463360836840068, 'confusion_matrix': array([[ 962,    1,    1,    1,    1,    4,    1,    3,    5,    1],
       [   0, 1125,    1,    5,    0,    1,    1,    1,    1,    0],
       [  11,    7,  950,   27,    5,    1,    0,   16,   13,    2],
       [   0,    2,    6,  962,    1,    6,    0,    7,   18,    8],
       [   1,    2,    0,    1,  924,    1,   11,    1,    8,   33],
       [   4,    3,    0,   31,    2,  816,    7,    0,   23,    6],
       [  10,    4,    0,    0,   13,   14,  900,    2,   15,    0],
       [   1,    7,   10,    2,    5,    0,    0,  977,    6,   20],
       [   8,    1,    2,   10,    6,    4,    4,    5,  920,   14],
       [   8,    5,    0,   23,   26,    0,    0,   13,    7,  927]])}, 60.074464291000005)
[2024-07-08 16:28:30,587][flwr][INFO] - configure_evaluate: no clients selected, skipping evaluation
[2024-07-08 16:28:30,587][flwr][INFO] - 
[2024-07-08 16:28:30,587][flwr][INFO] - [ROUND 10]
[2024-07-08 16:28:30,588][flwr][INFO] - configure_fit: strategy sampled 10 clients (out of 10)
[2024-07-08 16:28:51,275][flwr][INFO] - aggregate_fit: received 10 results and 0 failures
[2024-07-08 16:28:52,948][flwr][INFO] - fit progress: (10, 15.739264289848506, {'accuracy': 0.944, 'precision': 0.9462570568989542, 'recall': 0.944, 'f1': 0.9443619878041877, 'confusion_matrix': array([[ 954,    0,    1,    0,    1,    4,    2,    2,   14,    2],
       [   0, 1120,    2,    3,    0,    2,    1,    0,    7,    0],
       [   8,    4,  955,   16,    6,    1,    0,   18,   22,    2],
       [   1,    2,    7,  948,    1,    4,    0,    6,   34,    7],
       [   1,    2,    2,    0,  891,    1,   11,    2,   16,   56],
       [   1,    0,    0,   29,    2,  810,   10,    0,   33,    7],
       [   6,    3,    0,    1,    8,    7,  914,    1,   18,    0],
       [   1,    6,   11,    2,    3,    0,    0,  955,    8,   42],
       [   5,    0,    1,    6,    3,    2,    2,    3,  941,   11],
       [   5,    5,    0,   17,    7,    0,    0,    9,   14,  952]])}, 82.4370005)
[2024-07-08 16:28:52,950][flwr][INFO] - configure_evaluate: no clients selected, skipping evaluation
[2024-07-08 16:28:52,950][flwr][INFO] - 
[2024-07-08 16:28:52,950][flwr][INFO] - [SUMMARY]
[2024-07-08 16:28:52,950][flwr][INFO] - Run finished 10 round(s) in 82.44s
[2024-07-08 16:28:52,967][flwr][INFO] - 	History (loss, centralized):
[2024-07-08 16:28:52,968][flwr][INFO] - 		round 0: 181.76928067207336
[2024-07-08 16:28:52,968][flwr][INFO] - 		round 1: 143.87099611759186
[2024-07-08 16:28:52,968][flwr][INFO] - 		round 2: 67.48331940174103
[2024-07-08 16:28:52,968][flwr][INFO] - 		round 3: 32.620305955410004
[2024-07-08 16:28:52,968][flwr][INFO] - 		round 4: 25.673361748456955
[2024-07-08 16:28:52,968][flwr][INFO] - 		round 5: 23.052224822342396
[2024-07-08 16:28:52,969][flwr][INFO] - 		round 6: 17.911317951977253
[2024-07-08 16:28:52,969][flwr][INFO] - 		round 7: 15.767719799652696
[2024-07-08 16:28:52,969][flwr][INFO] - 		round 8: 15.201289122924209
[2024-07-08 16:28:52,969][flwr][INFO] - 		round 9: 15.076872511766851
[2024-07-08 16:28:52,969][flwr][INFO] - 		round 10: 15.739264289848506
[2024-07-08 16:28:52,969][flwr][INFO] - 	History (metrics, centralized):
[2024-07-08 16:28:52,969][flwr][INFO] - 	{'accuracy': [(0, 0.1086),
[2024-07-08 16:28:52,969][flwr][INFO] - 	              (1, 0.7065),
[2024-07-08 16:28:52,969][flwr][INFO] - 	              (2, 0.83),
[2024-07-08 16:28:52,969][flwr][INFO] - 	              (3, 0.92),
[2024-07-08 16:28:52,969][flwr][INFO] - 	              (4, 0.9274),
[2024-07-08 16:28:52,969][flwr][INFO] - 	              (5, 0.9319),
[2024-07-08 16:28:52,970][flwr][INFO] - 	              (6, 0.94),
[2024-07-08 16:28:52,970][flwr][INFO] - 	              (7, 0.944),
[2024-07-08 16:28:52,970][flwr][INFO] - 	              (8, 0.9468),
[2024-07-08 16:28:52,970][flwr][INFO] - 	              (9, 0.9463),
[2024-07-08 16:28:52,970][flwr][INFO] - 	              (10, 0.944)],
[2024-07-08 16:28:52,970][flwr][INFO] - 	 'confusion_matrix': [(0,
[2024-07-08 16:28:52,970][flwr][INFO] - 	                       array([[   0,    8,    0,  956,    0,    1,    0,   15,    0,    0],
[2024-07-08 16:28:52,970][flwr][INFO] - 	       [   0,  122,    0, 1013,    0,    0,    0,    0,    0,    0],
[2024-07-08 16:28:52,970][flwr][INFO] - 	       [   0,   38,    0,  971,    0,    0,    3,   19,    1,    0],
[2024-07-08 16:28:52,970][flwr][INFO] - 	       [   0,   44,    0,  945,    1,    1,    0,   17,    2,    0],
[2024-07-08 16:28:52,970][flwr][INFO] - 	       [   0,  143,    0,  816,    1,    0,    2,   20,    0,    0],
[2024-07-08 16:28:52,971][flwr][INFO] - 	       [   0,  118,    0,  735,    1,    7,    0,   30,    1,    0],
[2024-07-08 16:28:52,971][flwr][INFO] - 	       [   0,  144,    0,  749,   25,    0,    2,   38,    0,    0],
[2024-07-08 16:28:52,971][flwr][INFO] - 	       [   0,  272,    0,  724,    8,    0,    0,    9,   15,    0],
[2024-07-08 16:28:52,971][flwr][INFO] - 	       [   0,   81,    0,  859,    1,    0,    1,   32,    0,    0],
[2024-07-08 16:28:52,971][flwr][INFO] - 	       [   0,  178,    0,  799,    1,    0,    0,   31,    0,    0]])),
[2024-07-08 16:28:52,971][flwr][INFO] - 	                      (1,
[2024-07-08 16:28:52,971][flwr][INFO] - 	                       array([[974,   1,   0,   3,   0,   0,   0,   1,   0,   1],
[2024-07-08 16:28:52,971][flwr][INFO] - 	       [  0, 890,  30, 211,   0,   1,   3,   0,   0,   0],
[2024-07-08 16:28:52,971][flwr][INFO] - 	       [ 21,  11, 739, 219,   3,   0,   8,  11,   1,  19],
[2024-07-08 16:28:52,971][flwr][INFO] - 	       [ 40,  21,  10, 894,   4,   1,   2,   7,   1,  30],
[2024-07-08 16:28:52,971][flwr][INFO] - 	       [ 22,  14,   2,  29, 759,   0,   7,   1,   0, 148],
[2024-07-08 16:28:52,971][flwr][INFO] - 	       [388,  31,   0, 142,  10, 243,  28,  16,   3,  31],
[2024-07-08 16:28:52,971][flwr][INFO] - 	       [136,  13,  16,  34,   9,   4, 725,   0,   0,  21],
[2024-07-08 16:28:52,972][flwr][INFO] - 	       [  7,   6,  15, 117,   4,   0,   0, 791,   0,  88],
[2024-07-08 16:28:52,972][flwr][INFO] - 	       [113,  79,   1, 197,   5,   3,  11,   6, 164, 395],
[2024-07-08 16:28:52,972][flwr][INFO] - 	       [ 36,   9,   1,  23,  14,   1,   2,  36,   1, 886]])),
[2024-07-08 16:28:52,972][flwr][INFO] - 	                      (2,
[2024-07-08 16:28:52,972][flwr][INFO] - 	                       array([[ 925,    0,    0,    3,    4,   21,   15,    3,    1,    8],
[2024-07-08 16:28:52,972][flwr][INFO] - 	       [   0, 1007,   64,   30,    5,    1,    9,    0,   17,    2],
[2024-07-08 16:28:52,972][flwr][INFO] - 	       [   9,    7,  855,   93,   21,    2,    8,   12,   12,   13],
[2024-07-08 16:28:52,972][flwr][INFO] - 	       [   1,    0,    8,  939,    7,   27,    4,    6,    3,   15],
[2024-07-08 16:28:52,972][flwr][INFO] - 	       [   1,    0,    2,    0,  962,    2,   10,    0,    2,    3],
[2024-07-08 16:28:52,972][flwr][INFO] - 	       [  10,    0,    0,   63,   26,  748,   15,    3,    5,   22],
[2024-07-08 16:28:52,972][flwr][INFO] - 	       [   8,    3,    1,    1,   26,   14,  901,    0,    0,    4],
[2024-07-08 16:28:52,972][flwr][INFO] - 	       [   1,    3,   32,   23,   38,    2,    1,  903,    0,   25],
[2024-07-08 16:28:52,973][flwr][INFO] - 	       [   5,    2,    4,   98,   63,   32,   16,    1,  418,  335],
[2024-07-08 16:28:52,973][flwr][INFO] - 	       [   5,    4,    1,   13,  332,    4,    0,    7,    1,  642]])),
[2024-07-08 16:28:52,973][flwr][INFO] - 	                      (3,
[2024-07-08 16:28:52,973][flwr][INFO] - 	                       array([[ 954,    0,    3,    0,    2,    5,    5,    2,    6,    3],
[2024-07-08 16:28:52,973][flwr][INFO] - 	       [   0, 1092,   31,    2,    0,    1,    1,    1,    7,    0],
[2024-07-08 16:28:52,973][flwr][INFO] - 	       [   5,    2,  974,   13,   12,    1,    0,   11,   10,    4],
[2024-07-08 16:28:52,973][flwr][INFO] - 	       [   0,    2,   28,  917,    4,   20,    0,   16,   18,    5],
[2024-07-08 16:28:52,973][flwr][INFO] - 	       [   1,    3,    7,    0,  949,    0,    4,    1,    4,   13],
[2024-07-08 16:28:52,973][flwr][INFO] - 	       [   4,    3,    2,   45,   15,  775,    7,    5,   28,    8],
[2024-07-08 16:28:52,973][flwr][INFO] - 	       [   7,    6,    8,    1,   29,   20,  872,    4,   11,    0],
[2024-07-08 16:28:52,973][flwr][INFO] - 	       [   0,    6,   43,    2,   10,    1,    0,  954,    3,    9],
[2024-07-08 16:28:52,973][flwr][INFO] - 	       [   3,    3,   12,   21,   10,    9,    2,   10,  890,   14],
[2024-07-08 16:28:52,973][flwr][INFO] - 	       [   3,    8,    0,   13,  108,    3,    1,   31,   19,  823]])),
[2024-07-08 16:28:52,974][flwr][INFO] - 	                      (4,
[2024-07-08 16:28:52,974][flwr][INFO] - 	                       array([[ 968,    0,    1,    0,    0,    2,    3,    2,    4,    0],
[2024-07-08 16:28:52,974][flwr][INFO] - 	       [   0, 1121,    1,    4,    1,    1,    1,    1,    5,    0],
[2024-07-08 16:28:52,974][flwr][INFO] - 	       [  11,    2,  956,    8,    9,    1,    1,   23,   20,    1],
[2024-07-08 16:28:52,974][flwr][INFO] - 	       [  11,    8,   22,  914,    3,    7,    0,   20,   21,    4],
[2024-07-08 16:28:52,974][flwr][INFO] - 	       [   2,    0,    7,    0,  952,    0,    4,    2,    5,   10],
[2024-07-08 16:28:52,974][flwr][INFO] - 	       [  15,    2,    0,   43,   14,  774,    7,    6,   27,    4],
[2024-07-08 16:28:52,974][flwr][INFO] - 	       [  23,    5,    7,    1,   17,   15,  878,    2,   10,    0],
[2024-07-08 16:28:52,974][flwr][INFO] - 	       [   1,    9,   23,    4,    7,    0,    0,  981,    1,    2],
[2024-07-08 16:28:52,974][flwr][INFO] - 	       [  12,    3,    4,    8,   14,    5,    6,   17,  900,    5],
[2024-07-08 16:28:52,974][flwr][INFO] - 	       [  15,   10,    0,   12,   99,    0,    0,   34,    9,  830]])),
[2024-07-08 16:28:52,974][flwr][INFO] - 	                      (5,
[2024-07-08 16:28:52,975][flwr][INFO] - 	                       array([[ 962,    0,    3,    0,    1,    5,    3,    1,    5,    0],
[2024-07-08 16:28:52,975][flwr][INFO] - 	       [   0, 1123,    3,    4,    0,    1,    1,    0,    3,    0],
[2024-07-08 16:28:52,975][flwr][INFO] - 	       [   7,    4,  978,   11,    5,    0,    3,   12,   11,    1],
[2024-07-08 16:28:52,975][flwr][INFO] - 	       [   2,    5,   24,  949,    0,    4,    0,   15,   11,    0],
[2024-07-08 16:28:52,975][flwr][INFO] - 	       [   1,    5,    5,    1,  936,    1,   10,    4,    8,   11],
[2024-07-08 16:28:52,975][flwr][INFO] - 	       [   6,    0,    1,   68,    6,  773,   15,    2,   18,    3],
[2024-07-08 16:28:52,975][flwr][INFO] - 	       [   6,    4,    6,    2,   11,    8,  915,    2,    4,    0],
[2024-07-08 16:28:52,975][flwr][INFO] - 	       [   1,   10,   25,    5,    2,    1,    0,  981,    1,    2],
[2024-07-08 16:28:52,975][flwr][INFO] - 	       [   8,    5,   11,   17,    6,    8,   11,   16,  890,    2],
[2024-07-08 16:28:52,975][flwr][INFO] - 	       [  11,   13,    2,   24,   77,    1,    0,   55,   14,  812]])),
[2024-07-08 16:28:52,975][flwr][INFO] - 	                      (6,
[2024-07-08 16:28:52,975][flwr][INFO] - 	                       array([[ 966,    1,    1,    1,    0,    4,    3,    1,    3,    0],
[2024-07-08 16:28:52,976][flwr][INFO] - 	       [   0, 1126,    3,    3,    0,    1,    1,    0,    1,    0],
[2024-07-08 16:28:52,976][flwr][INFO] - 	       [   9,    7,  975,   12,    6,    0,    1,   12,    9,    1],
[2024-07-08 16:28:52,976][flwr][INFO] - 	       [   2,    4,   23,  943,    2,    6,    0,   17,   12,    1],
[2024-07-08 16:28:52,976][flwr][INFO] - 	       [   1,    3,    5,    1,  934,    1,   10,    3,    6,   18],
[2024-07-08 16:28:52,976][flwr][INFO] - 	       [   5,    0,    0,   42,    4,  810,   11,    2,   12,    6],
[2024-07-08 16:28:52,976][flwr][INFO] - 	       [  10,    4,    5,    1,   11,   21,  899,    0,    7,    0],
[2024-07-08 16:28:52,976][flwr][INFO] - 	       [   1,    9,   20,    5,    2,    1,    0,  982,    1,    7],
[2024-07-08 16:28:52,976][flwr][INFO] - 	       [   9,    3,    6,   14,    8,    8,    7,   16,  898,    5],
[2024-07-08 16:28:52,976][flwr][INFO] - 	       [   9,   12,    1,   22,   51,    3,    0,   38,    6,  867]])),
[2024-07-08 16:28:52,976][flwr][INFO] - 	                      (7,
[2024-07-08 16:28:52,976][flwr][INFO] - 	                       array([[ 960,    0,    1,    0,    1,    2,    3,    3,    9,    1],
[2024-07-08 16:28:52,976][flwr][INFO] - 	       [   0, 1117,    2,    3,    0,    1,    1,    0,   11,    0],
[2024-07-08 16:28:52,976][flwr][INFO] - 	       [   3,    5,  959,   23,    6,    1,    1,   12,   20,    2],
[2024-07-08 16:28:52,977][flwr][INFO] - 	       [   0,    3,    6,  965,    1,    4,    0,   10,   15,    6],
[2024-07-08 16:28:52,977][flwr][INFO] - 	       [   1,    0,    3,    1,  937,    1,   10,    1,    8,   20],
[2024-07-08 16:28:52,977][flwr][INFO] - 	       [   3,    0,    0,   46,    4,  787,   13,    2,   31,    6],
[2024-07-08 16:28:52,977][flwr][INFO] - 	       [   6,    3,    1,    2,   13,    8,  910,    2,   13,    0],
[2024-07-08 16:28:52,977][flwr][INFO] - 	       [   0,    7,   16,    9,    8,    1,    0,  969,    3,   15],
[2024-07-08 16:28:52,977][flwr][INFO] - 	       [   3,    0,    2,   13,    5,    1,    6,    5,  931,    8],
[2024-07-08 16:28:52,977][flwr][INFO] - 	       [   7,    7,    0,   22,   45,    2,    0,   13,    8,  905]])),
[2024-07-08 16:28:52,977][flwr][INFO] - 	                      (8,
[2024-07-08 16:28:52,977][flwr][INFO] - 	                       array([[ 952,    0,    2,    0,    1,    8,    6,    0,    9,    2],
[2024-07-08 16:28:52,977][flwr][INFO] - 	       [   0, 1120,    1,    7,    0,    1,    1,    0,    5,    0],
[2024-07-08 16:28:52,977][flwr][INFO] - 	       [   4,    5,  948,   35,    6,    1,    3,   12,   15,    3],
[2024-07-08 16:28:52,977][flwr][INFO] - 	       [   0,    1,    4,  970,    1,    3,    0,    6,   16,    9],
[2024-07-08 16:28:52,978][flwr][INFO] - 	       [   1,    0,    2,    2,  926,    1,    9,    1,    5,   35],
[2024-07-08 16:28:52,978][flwr][INFO] - 	       [   1,    0,    0,   39,    2,  806,   10,    0,   28,    6],
[2024-07-08 16:28:52,978][flwr][INFO] - 	       [   3,    3,    1,    0,    8,   11,  922,    0,   10,    0],
[2024-07-08 16:28:52,978][flwr][INFO] - 	       [   0,    6,    9,   11,    7,    0,    0,  959,    6,   30],
[2024-07-08 16:28:52,978][flwr][INFO] - 	       [   3,    0,    2,   14,    8,    5,    3,    2,  927,   10],
[2024-07-08 16:28:52,978][flwr][INFO] - 	       [   6,    6,    0,   21,   25,    1,    0,    7,    5,  938]])),
[2024-07-08 16:28:52,978][flwr][INFO] - 	                      (9,
[2024-07-08 16:28:52,978][flwr][INFO] - 	                       array([[ 962,    1,    1,    1,    1,    4,    1,    3,    5,    1],
[2024-07-08 16:28:52,978][flwr][INFO] - 	       [   0, 1125,    1,    5,    0,    1,    1,    1,    1,    0],
[2024-07-08 16:28:52,978][flwr][INFO] - 	       [  11,    7,  950,   27,    5,    1,    0,   16,   13,    2],
[2024-07-08 16:28:52,978][flwr][INFO] - 	       [   0,    2,    6,  962,    1,    6,    0,    7,   18,    8],
[2024-07-08 16:28:52,978][flwr][INFO] - 	       [   1,    2,    0,    1,  924,    1,   11,    1,    8,   33],
[2024-07-08 16:28:52,979][flwr][INFO] - 	       [   4,    3,    0,   31,    2,  816,    7,    0,   23,    6],
[2024-07-08 16:28:52,979][flwr][INFO] - 	       [  10,    4,    0,    0,   13,   14,  900,    2,   15,    0],
[2024-07-08 16:28:52,979][flwr][INFO] - 	       [   1,    7,   10,    2,    5,    0,    0,  977,    6,   20],
[2024-07-08 16:28:52,979][flwr][INFO] - 	       [   8,    1,    2,   10,    6,    4,    4,    5,  920,   14],
[2024-07-08 16:28:52,979][flwr][INFO] - 	       [   8,    5,    0,   23,   26,    0,    0,   13,    7,  927]])),
[2024-07-08 16:28:52,979][flwr][INFO] - 	                      (10,
[2024-07-08 16:28:52,979][flwr][INFO] - 	                       array([[ 954,    0,    1,    0,    1,    4,    2,    2,   14,    2],
[2024-07-08 16:28:52,979][flwr][INFO] - 	       [   0, 1120,    2,    3,    0,    2,    1,    0,    7,    0],
[2024-07-08 16:28:52,979][flwr][INFO] - 	       [   8,    4,  955,   16,    6,    1,    0,   18,   22,    2],
[2024-07-08 16:28:52,979][flwr][INFO] - 	       [   1,    2,    7,  948,    1,    4,    0,    6,   34,    7],
[2024-07-08 16:28:52,979][flwr][INFO] - 	       [   1,    2,    2,    0,  891,    1,   11,    2,   16,   56],
[2024-07-08 16:28:52,979][flwr][INFO] - 	       [   1,    0,    0,   29,    2,  810,   10,    0,   33,    7],
[2024-07-08 16:28:52,980][flwr][INFO] - 	       [   6,    3,    0,    1,    8,    7,  914,    1,   18,    0],
[2024-07-08 16:28:52,980][flwr][INFO] - 	       [   1,    6,   11,    2,    3,    0,    0,  955,    8,   42],
[2024-07-08 16:28:52,980][flwr][INFO] - 	       [   5,    0,    1,    6,    3,    2,    2,    3,  941,   11],
[2024-07-08 16:28:52,980][flwr][INFO] - 	       [   5,    5,    0,   17,    7,    0,    0,    9,   14,  952]]))],
[2024-07-08 16:28:52,980][flwr][INFO] - 	 'f1': [(0, 0.03553137346181725),
[2024-07-08 16:28:52,980][flwr][INFO] - 	        (1, 0.6895119541765623),
[2024-07-08 16:28:52,980][flwr][INFO] - 	        (2, 0.8266794380257386),
[2024-07-08 16:28:52,980][flwr][INFO] - 	        (3, 0.9199825352397384),
[2024-07-08 16:28:52,980][flwr][INFO] - 	        (4, 0.9270965733792753),
[2024-07-08 16:28:52,980][flwr][INFO] - 	        (5, 0.9313692387636353),
[2024-07-08 16:28:52,980][flwr][INFO] - 	        (6, 0.9397508391939882),
[2024-07-08 16:28:52,980][flwr][INFO] - 	        (7, 0.9440523896281895),
[2024-07-08 16:28:52,980][flwr][INFO] - 	        (8, 0.9469855106788353),
[2024-07-08 16:28:52,981][flwr][INFO] - 	        (9, 0.9463360836840068),
[2024-07-08 16:28:52,981][flwr][INFO] - 	        (10, 0.9443619878041877)],
[2024-07-08 16:28:52,981][flwr][INFO] - 	 'precision': [(0, 0.12349967530374152),
[2024-07-08 16:28:52,981][flwr][INFO] - 	               (1, 0.7999595660295882),
[2024-07-08 16:28:52,981][flwr][INFO] - 	               (2, 0.8502967098775709),
[2024-07-08 16:28:52,981][flwr][INFO] - 	               (3, 0.9224431084823281),
[2024-07-08 16:28:52,981][flwr][INFO] - 	               (4, 0.9298515164103431),
[2024-07-08 16:28:52,981][flwr][INFO] - 	               (5, 0.9336268490482589),
[2024-07-08 16:28:52,981][flwr][INFO] - 	               (6, 0.9404600617804961),
[2024-07-08 16:28:52,981][flwr][INFO] - 	               (7, 0.9452583572618422),
[2024-07-08 16:28:52,981][flwr][INFO] - 	               (8, 0.9481014571278366),
[2024-07-08 16:28:52,981][flwr][INFO] - 	               (9, 0.9469820295580362),
[2024-07-08 16:28:52,982][flwr][INFO] - 	               (10, 0.9462570568989542)],
[2024-07-08 16:28:52,982][flwr][INFO] - 	 'recall': [(0, 0.1086),
[2024-07-08 16:28:52,982][flwr][INFO] - 	            (1, 0.7065),
[2024-07-08 16:28:52,982][flwr][INFO] - 	            (2, 0.83),
[2024-07-08 16:28:52,982][flwr][INFO] - 	            (3, 0.92),
[2024-07-08 16:28:52,982][flwr][INFO] - 	            (4, 0.9274),
[2024-07-08 16:28:52,982][flwr][INFO] - 	            (5, 0.9319),
[2024-07-08 16:28:52,982][flwr][INFO] - 	            (6, 0.94),
[2024-07-08 16:28:52,982][flwr][INFO] - 	            (7, 0.944),
[2024-07-08 16:28:52,982][flwr][INFO] - 	            (8, 0.9468),
[2024-07-08 16:28:52,982][flwr][INFO] - 	            (9, 0.9463),
[2024-07-08 16:28:52,982][flwr][INFO] - 	            (10, 0.944)]}
[2024-07-08 16:28:52,982][flwr][INFO] - 
