[2024-06-19 17:32:58,374][flwr][INFO] - Starting Flower simulation, config: num_rounds=10, no round_timeout
[2024-06-19 17:33:00,411][flwr][INFO] - Flower VCE: Ray initialized with resources: {'memory': 9151420826.0, 'object_store_memory': 2147483648.0, 'node:127.0.0.1': 1.0, 'node:__internal_head__': 1.0, 'CPU': 12.0}
[2024-06-19 17:33:00,411][flwr][INFO] - Optimize your simulation with Flower VCE: https://flower.ai/docs/framework/how-to-run-simulations.html
[2024-06-19 17:33:00,411][flwr][INFO] - Flower VCE: Resources for each Virtual Client: {'num_cpus': 2, 'num_gpus': 0}
[2024-06-19 17:33:00,419][flwr][INFO] - Flower VCE: Creating VirtualClientEngineActorPool with 6 actors
[2024-06-19 17:33:00,419][flwr][INFO] - [INIT]
[2024-06-19 17:33:00,419][flwr][INFO] - Requesting initial parameters from one random client
[2024-06-19 17:33:02,407][flwr][INFO] - Received initial parameters from one random client
[2024-06-19 17:33:02,407][flwr][INFO] - Evaluating initial global parameters
[2024-06-19 17:33:02,877][flwr][INFO] - initial parameters (loss, other metrics): 181.76928067207336, {'accuracy': 0.1086, 'precision': 0.12349967530374152, 'recall': 0.1086, 'f1': 0.03553137346181725, 'confusion_matrix': array([[   0,    8,    0,  956,    0,    1,    0,   15,    0,    0],
       [   0,  122,    0, 1013,    0,    0,    0,    0,    0,    0],
       [   0,   38,    0,  971,    0,    0,    3,   19,    1,    0],
       [   0,   44,    0,  945,    1,    1,    0,   17,    2,    0],
       [   0,  143,    0,  816,    1,    0,    2,   20,    0,    0],
       [   0,  118,    0,  735,    1,    7,    0,   30,    1,    0],
       [   0,  144,    0,  749,   25,    0,    2,   38,    0,    0],
       [   0,  272,    0,  724,    8,    0,    0,    9,   15,    0],
       [   0,   81,    0,  859,    1,    0,    1,   32,    0,    0],
       [   0,  178,    0,  799,    1,    0,    0,   31,    0,    0]])}
[2024-06-19 17:33:02,878][flwr][INFO] - 
[2024-06-19 17:33:02,878][flwr][INFO] - [ROUND 1]
[2024-06-19 17:33:02,878][flwr][INFO] - configure_fit: strategy sampled 10 clients (out of 100)
[2024-06-19 17:33:09,963][flwr][INFO] - aggregate_fit: received 10 results and 0 failures
[2024-06-19 17:33:09,974][flwr][WARNING] - No fit_metrics_aggregation_fn provided
[2024-06-19 17:33:10,422][flwr][INFO] - fit progress: (1, 68.98504096269608, {'accuracy': 0.7239, 'precision': 0.7710926879110289, 'recall': 0.7239, 'f1': 0.7074334082286751, 'confusion_matrix': array([[ 876,    0,   31,    2,    0,    0,   52,   14,    1,    4],
       [   0, 1091,   32,    1,    0,    0,    3,    3,    1,    4],
       [   8,   12,  921,   12,    4,    0,   30,   22,    9,   14],
       [   3,   23,  206,  657,    0,    5,    2,   68,   17,   29],
       [   0,    7,   11,    0,  377,    0,   42,    7,    0,  538],
       [  33,   31,   99,  149,   30,  259,   59,  102,   74,   56],
       [   7,    9,   26,    0,    5,    6,  900,    1,    0,    4],
       [   0,   18,   28,    1,    4,    0,    2,  939,    0,   36],
       [  13,   44,  228,   38,    3,    5,   11,   51,  411,  170],
       [  12,   12,    7,    3,   12,    0,    3,  148,    4,  808]])}, 7.544679875)
[2024-06-19 17:33:10,423][flwr][INFO] - configure_evaluate: no clients selected, skipping evaluation
[2024-06-19 17:33:10,423][flwr][INFO] - 
[2024-06-19 17:33:10,423][flwr][INFO] - [ROUND 2]
[2024-06-19 17:33:10,423][flwr][INFO] - configure_fit: strategy sampled 10 clients (out of 100)
[2024-06-19 17:33:15,645][flwr][INFO] - aggregate_fit: received 10 results and 0 failures
[2024-06-19 17:33:16,096][flwr][INFO] - fit progress: (2, 33.90787532925606, {'accuracy': 0.879, 'precision': 0.8806464406923001, 'recall': 0.879, 'f1': 0.8788379107501371, 'confusion_matrix': array([[ 937,    0,    2,    4,    0,   13,   19,    1,    4,    0],
       [   0, 1087,    3,    5,    0,    1,    4,    0,   34,    1],
       [   9,    5,  857,   39,   16,    0,   39,   13,   43,   11],
       [   3,    1,   30,  889,    0,   26,    4,   17,   30,   10],
       [   0,    2,    4,    0,  842,    1,   16,    0,    5,  112],
       [  19,    5,    7,   81,   16,  679,   27,   12,   35,   11],
       [  14,    4,    3,    0,   12,   23,  900,    0,    2,    0],
       [   2,   17,   25,    2,    5,    0,    1,  904,   10,   62],
       [   6,    6,   14,   42,   13,   31,   15,    9,  808,   30],
       [   7,    5,    2,    8,   44,    8,    4,   29,   15,  887]])}, 13.218975167)
[2024-06-19 17:33:16,097][flwr][INFO] - configure_evaluate: no clients selected, skipping evaluation
[2024-06-19 17:33:16,097][flwr][INFO] - 
[2024-06-19 17:33:16,097][flwr][INFO] - [ROUND 3]
[2024-06-19 17:33:16,097][flwr][INFO] - configure_fit: strategy sampled 10 clients (out of 100)
[2024-06-19 17:33:21,667][flwr][INFO] - aggregate_fit: received 10 results and 0 failures
[2024-06-19 17:33:22,121][flwr][INFO] - fit progress: (3, 27.57429777085781, {'accuracy': 0.9014, 'precision': 0.9017494300509041, 'recall': 0.9014, 'f1': 0.9010607518574009, 'confusion_matrix': array([[ 956,    0,    1,    1,    0,    9,   11,    1,    1,    0],
       [   0, 1108,    3,    2,    0,    2,    3,    0,   17,    0],
       [  12,   11,  901,   12,   18,    0,   19,   15,   36,    8],
       [   6,    8,   32,  868,    1,   34,    2,   14,   31,   14],
       [   0,    4,    5,    0,  898,    2,   15,    0,    3,   55],
       [  19,    6,    8,   37,   20,  744,   18,   10,   21,    9],
       [  12,    5,    3,    0,   13,   24,  900,    0,    1,    0],
       [   2,   19,   30,    0,    7,    0,    0,  909,    7,   54],
       [  10,   12,   13,   10,   18,   41,   14,    7,  821,   28],
       [  14,    6,    3,    6,   41,    9,    2,   10,    9,  909]])}, 19.24334925)
[2024-06-19 17:33:22,121][flwr][INFO] - configure_evaluate: no clients selected, skipping evaluation
[2024-06-19 17:33:22,121][flwr][INFO] - 
[2024-06-19 17:33:22,121][flwr][INFO] - [ROUND 4]
[2024-06-19 17:33:22,122][flwr][INFO] - configure_fit: strategy sampled 10 clients (out of 100)
[2024-06-19 17:33:27,473][flwr][INFO] - aggregate_fit: received 10 results and 0 failures
[2024-06-19 17:33:27,929][flwr][INFO] - fit progress: (4, 25.420202061533928, {'accuracy': 0.9087, 'precision': 0.9096444566198395, 'recall': 0.9087, 'f1': 0.9083082165079491, 'confusion_matrix': array([[ 959,    0,    0,    1,    0,    5,   10,    1,    4,    0],
       [   0, 1106,    1,    4,    1,    1,    4,    1,   17,    0],
       [  15,    9,  864,   45,   14,    0,   26,   17,   37,    5],
       [   3,    2,   12,  934,    0,   16,    4,   14,   18,    7],
       [   0,    2,    5,    0,  913,    0,   16,    1,    5,   40],
       [  16,    3,    2,   59,   15,  740,   15,    8,   28,    6],
       [  11,    3,    3,    0,    8,   21,  909,    0,    3,    0],
       [   3,   19,   17,   10,   10,    0,    0,  938,    2,   29],
       [   6,    4,    7,   41,   12,   26,   15,   10,  841,   12],
       [  12,    7,    1,   11,   59,    7,    1,   17,   11,  883]])}, 25.051962334)
[2024-06-19 17:33:27,930][flwr][INFO] - configure_evaluate: no clients selected, skipping evaluation
[2024-06-19 17:33:27,930][flwr][INFO] - 
[2024-06-19 17:33:27,930][flwr][INFO] - [ROUND 5]
[2024-06-19 17:33:27,930][flwr][INFO] - configure_fit: strategy sampled 10 clients (out of 100)
[2024-06-19 17:33:33,117][flwr][INFO] - aggregate_fit: received 10 results and 0 failures
[2024-06-19 17:33:33,573][flwr][INFO] - fit progress: (5, 22.470709891989827, {'accuracy': 0.9177, 'precision': 0.9178065063799797, 'recall': 0.9177, 'f1': 0.91752820200492, 'confusion_matrix': array([[ 964,    0,    1,    2,    0,    3,    6,    1,    3,    0],
       [   0, 1102,    5,    1,    1,    1,    5,    3,   17,    0],
       [  10,    3,  938,   20,    9,    0,   13,   19,   15,    5],
       [   2,    1,   20,  906,    0,   31,    1,   22,   18,    9],
       [   2,    1,    6,    0,  865,    1,   13,    3,    8,   83],
       [  15,    1,    8,   26,    6,  784,   13,    6,   26,    7],
       [  13,    3,    6,    0,   11,   15,  907,    1,    2,    0],
       [   1,   10,   22,    7,    5,    1,    0,  958,    2,   22],
       [   6,    4,   13,   35,   10,   29,   12,   12,  839,   14],
       [  13,    6,    2,    8,   20,    7,    0,   29,   10,  914]])}, 30.695625125)
[2024-06-19 17:33:33,573][flwr][INFO] - configure_evaluate: no clients selected, skipping evaluation
[2024-06-19 17:33:33,573][flwr][INFO] - 
[2024-06-19 17:33:33,573][flwr][INFO] - [ROUND 6]
[2024-06-19 17:33:33,574][flwr][INFO] - configure_fit: strategy sampled 10 clients (out of 100)
[2024-06-19 17:33:38,759][flwr][INFO] - aggregate_fit: received 10 results and 0 failures
[2024-06-19 17:33:39,215][flwr][INFO] - fit progress: (6, 20.358192185871303, {'accuracy': 0.9239, 'precision': 0.9245029225625876, 'recall': 0.9239, 'f1': 0.9239085884128466, 'confusion_matrix': array([[ 964,    0,    1,    1,    0,    4,    5,    1,    4,    0],
       [   0, 1108,    2,    3,    1,    0,    4,    1,   15,    1],
       [  14,    2,  936,   18,   15,    2,    9,   13,   19,    4],
       [   4,    1,   16,  903,    0,   38,    2,   16,   20,   10],
       [   1,    1,    6,    0,  897,    0,   12,    0,    5,   60],
       [  14,    2,    4,   17,    7,  801,    9,    5,   26,    7],
       [  21,    3,    4,    0,   12,   19,  895,    0,    4,    0],
       [   2,    7,   22,    6,    7,    1,    0,  931,    1,   51],
       [   8,    4,    8,   25,    8,   21,    9,    6,  872,   13],
       [  13,    6,    0,    6,   31,    8,    0,    6,    7,  932]])}, 36.337888709)
[2024-06-19 17:33:39,216][flwr][INFO] - configure_evaluate: no clients selected, skipping evaluation
[2024-06-19 17:33:39,216][flwr][INFO] - 
[2024-06-19 17:33:39,216][flwr][INFO] - [ROUND 7]
[2024-06-19 17:33:39,216][flwr][INFO] - configure_fit: strategy sampled 10 clients (out of 100)
[2024-06-19 17:33:44,385][flwr][INFO] - aggregate_fit: received 10 results and 0 failures
[2024-06-19 17:33:44,836][flwr][INFO] - fit progress: (7, 20.129288896918297, {'accuracy': 0.9251, 'precision': 0.925677140198038, 'recall': 0.9251, 'f1': 0.9249001956912931, 'confusion_matrix': array([[ 961,    0,    0,    2,    0,    7,    6,    3,    1,    0],
       [   0, 1122,    1,    3,    0,    1,    4,    0,    4,    0],
       [   8,   11,  934,   17,    8,    3,   17,   11,   19,    4],
       [   2,    3,   11,  917,    0,   31,    4,   19,   16,    7],
       [   1,    3,    4,    0,  900,    0,   18,    0,    2,   54],
       [   7,    3,    2,   21,    8,  815,   12,    5,   13,    6],
       [  16,    4,    0,    0,    7,   23,  908,    0,    0,    0],
       [   0,   18,   19,    5,    6,    1,    0,  945,    1,   33],
       [   8,   21,    5,   16,   14,   42,   14,    5,  824,   25],
       [   8,    7,    0,    4,   34,   14,    0,    8,    9,  925]])}, 41.959390667)
[2024-06-19 17:33:44,837][flwr][INFO] - configure_evaluate: no clients selected, skipping evaluation
[2024-06-19 17:33:44,837][flwr][INFO] - 
[2024-06-19 17:33:44,837][flwr][INFO] - [ROUND 8]
[2024-06-19 17:33:44,837][flwr][INFO] - configure_fit: strategy sampled 10 clients (out of 100)
[2024-06-19 17:33:50,058][flwr][INFO] - aggregate_fit: received 10 results and 0 failures
[2024-06-19 17:33:50,516][flwr][INFO] - fit progress: (8, 18.061823649331927, {'accuracy': 0.9348, 'precision': 0.9348837322187222, 'recall': 0.9348, 'f1': 0.9346118002920272, 'confusion_matrix': array([[ 961,    0,    1,    1,    0,    2,   11,    1,    3,    0],
       [   0, 1118,    3,    3,    1,    1,    3,    0,    6,    0],
       [   8,    3,  959,   13,    7,    2,   13,   12,   14,    1],
       [   1,    1,   14,  936,    0,   16,    2,   14,   19,    7],
       [   0,    2,    6,    0,  926,    0,   19,    1,    4,   24],
       [   8,    1,    4,   23,    8,  805,   13,    6,   20,    4],
       [   9,    3,    1,    0,    4,   15,  923,    0,    3,    0],
       [   1,   15,   24,   10,    8,    1,    0,  950,    1,   18],
       [   6,    5,    6,   17,   10,   18,   14,    8,  882,    8],
       [  10,    8,    0,    9,   62,    8,    2,    9,   13,  888]])}, 47.639088667)
[2024-06-19 17:33:50,516][flwr][INFO] - configure_evaluate: no clients selected, skipping evaluation
[2024-06-19 17:33:50,517][flwr][INFO] - 
[2024-06-19 17:33:50,517][flwr][INFO] - [ROUND 9]
[2024-06-19 17:33:50,517][flwr][INFO] - configure_fit: strategy sampled 10 clients (out of 100)
[2024-06-19 17:33:55,674][flwr][INFO] - aggregate_fit: received 10 results and 0 failures
[2024-06-19 17:33:56,126][flwr][INFO] - fit progress: (9, 17.084364854730666, {'accuracy': 0.9382, 'precision': 0.9383068939534438, 'recall': 0.9382, 'f1': 0.9381166864068909, 'confusion_matrix': array([[ 962,    0,    1,    0,    0,    3,    8,    1,    5,    0],
       [   0, 1120,    3,    3,    0,    1,    3,    0,    5,    0],
       [  11,    4,  955,    8,   12,    1,    6,   16,   17,    2],
       [   3,    1,   13,  939,    1,   11,    1,   13,   20,    8],
       [   0,    1,    6,    0,  914,    0,   12,    1,    7,   41],
       [  11,    2,    2,   23,    5,  810,    9,    2,   22,    6],
       [  10,    3,    1,    0,   11,   16,  911,    0,    6,    0],
       [   2,   19,   14,   12,    6,    0,    0,  950,    0,   25],
       [   8,    6,    4,   16,   10,   14,    6,    8,  888,   14],
       [  10,    7,    0,   10,   31,    4,    2,    5,    7,  933]])}, 53.249486)
[2024-06-19 17:33:56,127][flwr][INFO] - configure_evaluate: no clients selected, skipping evaluation
[2024-06-19 17:33:56,127][flwr][INFO] - 
[2024-06-19 17:33:56,127][flwr][INFO] - [ROUND 10]
[2024-06-19 17:33:56,127][flwr][INFO] - configure_fit: strategy sampled 10 clients (out of 100)
[2024-06-19 17:34:01,480][flwr][INFO] - aggregate_fit: received 10 results and 0 failures
[2024-06-19 17:34:01,936][flwr][INFO] - fit progress: (10, 16.597354114986956, {'accuracy': 0.9406, 'precision': 0.9408598499077269, 'recall': 0.9406, 'f1': 0.9405453321323072, 'confusion_matrix': array([[ 965,    0,    1,    0,    0,    3,    8,    1,    2,    0],
       [   0, 1116,    2,    3,    1,    1,    4,    0,    8,    0],
       [   8,    4,  957,   15,   10,    1,    7,   15,   14,    1],
       [   2,    0,   10,  937,    0,   14,    3,   18,   20,    6],
       [   1,    1,    4,    0,  928,    0,   13,    1,    9,   25],
       [  12,    1,    0,   19,    6,  804,   11,    4,   27,    8],
       [  10,    3,    0,    1,    9,   12,  917,    0,    6,    0],
       [   2,    9,   17,    7,    7,    0,    0,  960,    0,   26],
       [   8,    3,    2,   11,   10,    8,    9,    9,  902,   12],
       [   7,    7,    0,    6,   40,    2,    1,    8,   18,  920]])}, 59.059659124999996)
[2024-06-19 17:34:01,937][flwr][INFO] - configure_evaluate: no clients selected, skipping evaluation
[2024-06-19 17:34:01,937][flwr][INFO] - 
[2024-06-19 17:34:01,937][flwr][INFO] - [SUMMARY]
[2024-06-19 17:34:01,937][flwr][INFO] - Run finished 10 round(s) in 59.06s
[2024-06-19 17:34:01,942][flwr][INFO] - 	History (loss, centralized):
[2024-06-19 17:34:01,942][flwr][INFO] - 		round 0: 181.76928067207336
[2024-06-19 17:34:01,942][flwr][INFO] - 		round 1: 68.98504096269608
[2024-06-19 17:34:01,942][flwr][INFO] - 		round 2: 33.90787532925606
[2024-06-19 17:34:01,942][flwr][INFO] - 		round 3: 27.57429777085781
[2024-06-19 17:34:01,942][flwr][INFO] - 		round 4: 25.420202061533928
[2024-06-19 17:34:01,942][flwr][INFO] - 		round 5: 22.470709891989827
[2024-06-19 17:34:01,942][flwr][INFO] - 		round 6: 20.358192185871303
[2024-06-19 17:34:01,942][flwr][INFO] - 		round 7: 20.129288896918297
[2024-06-19 17:34:01,942][flwr][INFO] - 		round 8: 18.061823649331927
[2024-06-19 17:34:01,942][flwr][INFO] - 		round 9: 17.084364854730666
[2024-06-19 17:34:01,942][flwr][INFO] - 		round 10: 16.597354114986956
[2024-06-19 17:34:01,942][flwr][INFO] - 	History (metrics, centralized):
[2024-06-19 17:34:01,942][flwr][INFO] - 	{'accuracy': [(0, 0.1086),
[2024-06-19 17:34:01,942][flwr][INFO] - 	              (1, 0.7239),
[2024-06-19 17:34:01,943][flwr][INFO] - 	              (2, 0.879),
[2024-06-19 17:34:01,943][flwr][INFO] - 	              (3, 0.9014),
[2024-06-19 17:34:01,943][flwr][INFO] - 	              (4, 0.9087),
[2024-06-19 17:34:01,943][flwr][INFO] - 	              (5, 0.9177),
[2024-06-19 17:34:01,943][flwr][INFO] - 	              (6, 0.9239),
[2024-06-19 17:34:01,943][flwr][INFO] - 	              (7, 0.9251),
[2024-06-19 17:34:01,943][flwr][INFO] - 	              (8, 0.9348),
[2024-06-19 17:34:01,943][flwr][INFO] - 	              (9, 0.9382),
[2024-06-19 17:34:01,943][flwr][INFO] - 	              (10, 0.9406)],
[2024-06-19 17:34:01,943][flwr][INFO] - 	 'confusion_matrix': [(0,
[2024-06-19 17:34:01,943][flwr][INFO] - 	                       array([[   0,    8,    0,  956,    0,    1,    0,   15,    0,    0],
[2024-06-19 17:34:01,943][flwr][INFO] - 	       [   0,  122,    0, 1013,    0,    0,    0,    0,    0,    0],
[2024-06-19 17:34:01,943][flwr][INFO] - 	       [   0,   38,    0,  971,    0,    0,    3,   19,    1,    0],
[2024-06-19 17:34:01,943][flwr][INFO] - 	       [   0,   44,    0,  945,    1,    1,    0,   17,    2,    0],
[2024-06-19 17:34:01,943][flwr][INFO] - 	       [   0,  143,    0,  816,    1,    0,    2,   20,    0,    0],
[2024-06-19 17:34:01,943][flwr][INFO] - 	       [   0,  118,    0,  735,    1,    7,    0,   30,    1,    0],
[2024-06-19 17:34:01,943][flwr][INFO] - 	       [   0,  144,    0,  749,   25,    0,    2,   38,    0,    0],
[2024-06-19 17:34:01,943][flwr][INFO] - 	       [   0,  272,    0,  724,    8,    0,    0,    9,   15,    0],
[2024-06-19 17:34:01,943][flwr][INFO] - 	       [   0,   81,    0,  859,    1,    0,    1,   32,    0,    0],
[2024-06-19 17:34:01,943][flwr][INFO] - 	       [   0,  178,    0,  799,    1,    0,    0,   31,    0,    0]])),
[2024-06-19 17:34:01,943][flwr][INFO] - 	                      (1,
[2024-06-19 17:34:01,943][flwr][INFO] - 	                       array([[ 876,    0,   31,    2,    0,    0,   52,   14,    1,    4],
[2024-06-19 17:34:01,943][flwr][INFO] - 	       [   0, 1091,   32,    1,    0,    0,    3,    3,    1,    4],
[2024-06-19 17:34:01,943][flwr][INFO] - 	       [   8,   12,  921,   12,    4,    0,   30,   22,    9,   14],
[2024-06-19 17:34:01,943][flwr][INFO] - 	       [   3,   23,  206,  657,    0,    5,    2,   68,   17,   29],
[2024-06-19 17:34:01,943][flwr][INFO] - 	       [   0,    7,   11,    0,  377,    0,   42,    7,    0,  538],
[2024-06-19 17:34:01,943][flwr][INFO] - 	       [  33,   31,   99,  149,   30,  259,   59,  102,   74,   56],
[2024-06-19 17:34:01,943][flwr][INFO] - 	       [   7,    9,   26,    0,    5,    6,  900,    1,    0,    4],
[2024-06-19 17:34:01,943][flwr][INFO] - 	       [   0,   18,   28,    1,    4,    0,    2,  939,    0,   36],
[2024-06-19 17:34:01,943][flwr][INFO] - 	       [  13,   44,  228,   38,    3,    5,   11,   51,  411,  170],
[2024-06-19 17:34:01,943][flwr][INFO] - 	       [  12,   12,    7,    3,   12,    0,    3,  148,    4,  808]])),
[2024-06-19 17:34:01,943][flwr][INFO] - 	                      (2,
[2024-06-19 17:34:01,943][flwr][INFO] - 	                       array([[ 937,    0,    2,    4,    0,   13,   19,    1,    4,    0],
[2024-06-19 17:34:01,943][flwr][INFO] - 	       [   0, 1087,    3,    5,    0,    1,    4,    0,   34,    1],
[2024-06-19 17:34:01,944][flwr][INFO] - 	       [   9,    5,  857,   39,   16,    0,   39,   13,   43,   11],
[2024-06-19 17:34:01,944][flwr][INFO] - 	       [   3,    1,   30,  889,    0,   26,    4,   17,   30,   10],
[2024-06-19 17:34:01,944][flwr][INFO] - 	       [   0,    2,    4,    0,  842,    1,   16,    0,    5,  112],
[2024-06-19 17:34:01,944][flwr][INFO] - 	       [  19,    5,    7,   81,   16,  679,   27,   12,   35,   11],
[2024-06-19 17:34:01,944][flwr][INFO] - 	       [  14,    4,    3,    0,   12,   23,  900,    0,    2,    0],
[2024-06-19 17:34:01,944][flwr][INFO] - 	       [   2,   17,   25,    2,    5,    0,    1,  904,   10,   62],
[2024-06-19 17:34:01,944][flwr][INFO] - 	       [   6,    6,   14,   42,   13,   31,   15,    9,  808,   30],
[2024-06-19 17:34:01,944][flwr][INFO] - 	       [   7,    5,    2,    8,   44,    8,    4,   29,   15,  887]])),
[2024-06-19 17:34:01,944][flwr][INFO] - 	                      (3,
[2024-06-19 17:34:01,944][flwr][INFO] - 	                       array([[ 956,    0,    1,    1,    0,    9,   11,    1,    1,    0],
[2024-06-19 17:34:01,944][flwr][INFO] - 	       [   0, 1108,    3,    2,    0,    2,    3,    0,   17,    0],
[2024-06-19 17:34:01,944][flwr][INFO] - 	       [  12,   11,  901,   12,   18,    0,   19,   15,   36,    8],
[2024-06-19 17:34:01,944][flwr][INFO] - 	       [   6,    8,   32,  868,    1,   34,    2,   14,   31,   14],
[2024-06-19 17:34:01,944][flwr][INFO] - 	       [   0,    4,    5,    0,  898,    2,   15,    0,    3,   55],
[2024-06-19 17:34:01,944][flwr][INFO] - 	       [  19,    6,    8,   37,   20,  744,   18,   10,   21,    9],
[2024-06-19 17:34:01,944][flwr][INFO] - 	       [  12,    5,    3,    0,   13,   24,  900,    0,    1,    0],
[2024-06-19 17:34:01,944][flwr][INFO] - 	       [   2,   19,   30,    0,    7,    0,    0,  909,    7,   54],
[2024-06-19 17:34:01,944][flwr][INFO] - 	       [  10,   12,   13,   10,   18,   41,   14,    7,  821,   28],
[2024-06-19 17:34:01,944][flwr][INFO] - 	       [  14,    6,    3,    6,   41,    9,    2,   10,    9,  909]])),
[2024-06-19 17:34:01,944][flwr][INFO] - 	                      (4,
[2024-06-19 17:34:01,944][flwr][INFO] - 	                       array([[ 959,    0,    0,    1,    0,    5,   10,    1,    4,    0],
[2024-06-19 17:34:01,944][flwr][INFO] - 	       [   0, 1106,    1,    4,    1,    1,    4,    1,   17,    0],
[2024-06-19 17:34:01,944][flwr][INFO] - 	       [  15,    9,  864,   45,   14,    0,   26,   17,   37,    5],
[2024-06-19 17:34:01,944][flwr][INFO] - 	       [   3,    2,   12,  934,    0,   16,    4,   14,   18,    7],
[2024-06-19 17:34:01,944][flwr][INFO] - 	       [   0,    2,    5,    0,  913,    0,   16,    1,    5,   40],
[2024-06-19 17:34:01,944][flwr][INFO] - 	       [  16,    3,    2,   59,   15,  740,   15,    8,   28,    6],
[2024-06-19 17:34:01,944][flwr][INFO] - 	       [  11,    3,    3,    0,    8,   21,  909,    0,    3,    0],
[2024-06-19 17:34:01,944][flwr][INFO] - 	       [   3,   19,   17,   10,   10,    0,    0,  938,    2,   29],
[2024-06-19 17:34:01,945][flwr][INFO] - 	       [   6,    4,    7,   41,   12,   26,   15,   10,  841,   12],
[2024-06-19 17:34:01,945][flwr][INFO] - 	       [  12,    7,    1,   11,   59,    7,    1,   17,   11,  883]])),
[2024-06-19 17:34:01,945][flwr][INFO] - 	                      (5,
[2024-06-19 17:34:01,945][flwr][INFO] - 	                       array([[ 964,    0,    1,    2,    0,    3,    6,    1,    3,    0],
[2024-06-19 17:34:01,945][flwr][INFO] - 	       [   0, 1102,    5,    1,    1,    1,    5,    3,   17,    0],
[2024-06-19 17:34:01,945][flwr][INFO] - 	       [  10,    3,  938,   20,    9,    0,   13,   19,   15,    5],
[2024-06-19 17:34:01,945][flwr][INFO] - 	       [   2,    1,   20,  906,    0,   31,    1,   22,   18,    9],
[2024-06-19 17:34:01,945][flwr][INFO] - 	       [   2,    1,    6,    0,  865,    1,   13,    3,    8,   83],
[2024-06-19 17:34:01,945][flwr][INFO] - 	       [  15,    1,    8,   26,    6,  784,   13,    6,   26,    7],
[2024-06-19 17:34:01,945][flwr][INFO] - 	       [  13,    3,    6,    0,   11,   15,  907,    1,    2,    0],
[2024-06-19 17:34:01,945][flwr][INFO] - 	       [   1,   10,   22,    7,    5,    1,    0,  958,    2,   22],
[2024-06-19 17:34:01,945][flwr][INFO] - 	       [   6,    4,   13,   35,   10,   29,   12,   12,  839,   14],
[2024-06-19 17:34:01,945][flwr][INFO] - 	       [  13,    6,    2,    8,   20,    7,    0,   29,   10,  914]])),
[2024-06-19 17:34:01,945][flwr][INFO] - 	                      (6,
[2024-06-19 17:34:01,945][flwr][INFO] - 	                       array([[ 964,    0,    1,    1,    0,    4,    5,    1,    4,    0],
[2024-06-19 17:34:01,948][flwr][INFO] - 	       [   0, 1108,    2,    3,    1,    0,    4,    1,   15,    1],
[2024-06-19 17:34:01,948][flwr][INFO] - 	       [  14,    2,  936,   18,   15,    2,    9,   13,   19,    4],
[2024-06-19 17:34:01,948][flwr][INFO] - 	       [   4,    1,   16,  903,    0,   38,    2,   16,   20,   10],
[2024-06-19 17:34:01,948][flwr][INFO] - 	       [   1,    1,    6,    0,  897,    0,   12,    0,    5,   60],
[2024-06-19 17:34:01,948][flwr][INFO] - 	       [  14,    2,    4,   17,    7,  801,    9,    5,   26,    7],
[2024-06-19 17:34:01,948][flwr][INFO] - 	       [  21,    3,    4,    0,   12,   19,  895,    0,    4,    0],
[2024-06-19 17:34:01,949][flwr][INFO] - 	       [   2,    7,   22,    6,    7,    1,    0,  931,    1,   51],
[2024-06-19 17:34:01,949][flwr][INFO] - 	       [   8,    4,    8,   25,    8,   21,    9,    6,  872,   13],
[2024-06-19 17:34:01,949][flwr][INFO] - 	       [  13,    6,    0,    6,   31,    8,    0,    6,    7,  932]])),
[2024-06-19 17:34:01,949][flwr][INFO] - 	                      (7,
[2024-06-19 17:34:01,949][flwr][INFO] - 	                       array([[ 961,    0,    0,    2,    0,    7,    6,    3,    1,    0],
[2024-06-19 17:34:01,949][flwr][INFO] - 	       [   0, 1122,    1,    3,    0,    1,    4,    0,    4,    0],
[2024-06-19 17:34:01,949][flwr][INFO] - 	       [   8,   11,  934,   17,    8,    3,   17,   11,   19,    4],
[2024-06-19 17:34:01,949][flwr][INFO] - 	       [   2,    3,   11,  917,    0,   31,    4,   19,   16,    7],
[2024-06-19 17:34:01,949][flwr][INFO] - 	       [   1,    3,    4,    0,  900,    0,   18,    0,    2,   54],
[2024-06-19 17:34:01,949][flwr][INFO] - 	       [   7,    3,    2,   21,    8,  815,   12,    5,   13,    6],
[2024-06-19 17:34:01,949][flwr][INFO] - 	       [  16,    4,    0,    0,    7,   23,  908,    0,    0,    0],
[2024-06-19 17:34:01,949][flwr][INFO] - 	       [   0,   18,   19,    5,    6,    1,    0,  945,    1,   33],
[2024-06-19 17:34:01,949][flwr][INFO] - 	       [   8,   21,    5,   16,   14,   42,   14,    5,  824,   25],
[2024-06-19 17:34:01,949][flwr][INFO] - 	       [   8,    7,    0,    4,   34,   14,    0,    8,    9,  925]])),
[2024-06-19 17:34:01,949][flwr][INFO] - 	                      (8,
[2024-06-19 17:34:01,949][flwr][INFO] - 	                       array([[ 961,    0,    1,    1,    0,    2,   11,    1,    3,    0],
[2024-06-19 17:34:01,949][flwr][INFO] - 	       [   0, 1118,    3,    3,    1,    1,    3,    0,    6,    0],
[2024-06-19 17:34:01,949][flwr][INFO] - 	       [   8,    3,  959,   13,    7,    2,   13,   12,   14,    1],
[2024-06-19 17:34:01,949][flwr][INFO] - 	       [   1,    1,   14,  936,    0,   16,    2,   14,   19,    7],
[2024-06-19 17:34:01,949][flwr][INFO] - 	       [   0,    2,    6,    0,  926,    0,   19,    1,    4,   24],
[2024-06-19 17:34:01,949][flwr][INFO] - 	       [   8,    1,    4,   23,    8,  805,   13,    6,   20,    4],
[2024-06-19 17:34:01,949][flwr][INFO] - 	       [   9,    3,    1,    0,    4,   15,  923,    0,    3,    0],
[2024-06-19 17:34:01,949][flwr][INFO] - 	       [   1,   15,   24,   10,    8,    1,    0,  950,    1,   18],
[2024-06-19 17:34:01,949][flwr][INFO] - 	       [   6,    5,    6,   17,   10,   18,   14,    8,  882,    8],
[2024-06-19 17:34:01,949][flwr][INFO] - 	       [  10,    8,    0,    9,   62,    8,    2,    9,   13,  888]])),
[2024-06-19 17:34:01,949][flwr][INFO] - 	                      (9,
[2024-06-19 17:34:01,949][flwr][INFO] - 	                       array([[ 962,    0,    1,    0,    0,    3,    8,    1,    5,    0],
[2024-06-19 17:34:01,949][flwr][INFO] - 	       [   0, 1120,    3,    3,    0,    1,    3,    0,    5,    0],
[2024-06-19 17:34:01,949][flwr][INFO] - 	       [  11,    4,  955,    8,   12,    1,    6,   16,   17,    2],
[2024-06-19 17:34:01,949][flwr][INFO] - 	       [   3,    1,   13,  939,    1,   11,    1,   13,   20,    8],
[2024-06-19 17:34:01,949][flwr][INFO] - 	       [   0,    1,    6,    0,  914,    0,   12,    1,    7,   41],
[2024-06-19 17:34:01,949][flwr][INFO] - 	       [  11,    2,    2,   23,    5,  810,    9,    2,   22,    6],
[2024-06-19 17:34:01,949][flwr][INFO] - 	       [  10,    3,    1,    0,   11,   16,  911,    0,    6,    0],
[2024-06-19 17:34:01,949][flwr][INFO] - 	       [   2,   19,   14,   12,    6,    0,    0,  950,    0,   25],
[2024-06-19 17:34:01,949][flwr][INFO] - 	       [   8,    6,    4,   16,   10,   14,    6,    8,  888,   14],
[2024-06-19 17:34:01,949][flwr][INFO] - 	       [  10,    7,    0,   10,   31,    4,    2,    5,    7,  933]])),
[2024-06-19 17:34:01,949][flwr][INFO] - 	                      (10,
[2024-06-19 17:34:01,949][flwr][INFO] - 	                       array([[ 965,    0,    1,    0,    0,    3,    8,    1,    2,    0],
[2024-06-19 17:34:01,949][flwr][INFO] - 	       [   0, 1116,    2,    3,    1,    1,    4,    0,    8,    0],
[2024-06-19 17:34:01,950][flwr][INFO] - 	       [   8,    4,  957,   15,   10,    1,    7,   15,   14,    1],
[2024-06-19 17:34:01,950][flwr][INFO] - 	       [   2,    0,   10,  937,    0,   14,    3,   18,   20,    6],
[2024-06-19 17:34:01,950][flwr][INFO] - 	       [   1,    1,    4,    0,  928,    0,   13,    1,    9,   25],
[2024-06-19 17:34:01,950][flwr][INFO] - 	       [  12,    1,    0,   19,    6,  804,   11,    4,   27,    8],
[2024-06-19 17:34:01,950][flwr][INFO] - 	       [  10,    3,    0,    1,    9,   12,  917,    0,    6,    0],
[2024-06-19 17:34:01,950][flwr][INFO] - 	       [   2,    9,   17,    7,    7,    0,    0,  960,    0,   26],
[2024-06-19 17:34:01,950][flwr][INFO] - 	       [   8,    3,    2,   11,   10,    8,    9,    9,  902,   12],
[2024-06-19 17:34:01,950][flwr][INFO] - 	       [   7,    7,    0,    6,   40,    2,    1,    8,   18,  920]]))],
[2024-06-19 17:34:01,950][flwr][INFO] - 	 'f1': [(0, 0.03553137346181725),
[2024-06-19 17:34:01,950][flwr][INFO] - 	        (1, 0.7074334082286751),
[2024-06-19 17:34:01,950][flwr][INFO] - 	        (2, 0.8788379107501371),
[2024-06-19 17:34:01,950][flwr][INFO] - 	        (3, 0.9010607518574009),
[2024-06-19 17:34:01,950][flwr][INFO] - 	        (4, 0.9083082165079491),
[2024-06-19 17:34:01,950][flwr][INFO] - 	        (5, 0.91752820200492),
[2024-06-19 17:34:01,950][flwr][INFO] - 	        (6, 0.9239085884128466),
[2024-06-19 17:34:01,950][flwr][INFO] - 	        (7, 0.9249001956912931),
[2024-06-19 17:34:01,950][flwr][INFO] - 	        (8, 0.9346118002920272),
[2024-06-19 17:34:01,950][flwr][INFO] - 	        (9, 0.9381166864068909),
[2024-06-19 17:34:01,950][flwr][INFO] - 	        (10, 0.9405453321323072)],
[2024-06-19 17:34:01,950][flwr][INFO] - 	 'precision': [(0, 0.12349967530374152),
[2024-06-19 17:34:01,950][flwr][INFO] - 	               (1, 0.7710926879110289),
[2024-06-19 17:34:01,950][flwr][INFO] - 	               (2, 0.8806464406923001),
[2024-06-19 17:34:01,950][flwr][INFO] - 	               (3, 0.9017494300509041),
[2024-06-19 17:34:01,950][flwr][INFO] - 	               (4, 0.9096444566198395),
[2024-06-19 17:34:01,950][flwr][INFO] - 	               (5, 0.9178065063799797),
[2024-06-19 17:34:01,950][flwr][INFO] - 	               (6, 0.9245029225625876),
[2024-06-19 17:34:01,950][flwr][INFO] - 	               (7, 0.925677140198038),
[2024-06-19 17:34:01,950][flwr][INFO] - 	               (8, 0.9348837322187222),
[2024-06-19 17:34:01,950][flwr][INFO] - 	               (9, 0.9383068939534438),
[2024-06-19 17:34:01,950][flwr][INFO] - 	               (10, 0.9408598499077269)],
[2024-06-19 17:34:01,950][flwr][INFO] - 	 'recall': [(0, 0.1086),
[2024-06-19 17:34:01,950][flwr][INFO] - 	            (1, 0.7239),
[2024-06-19 17:34:01,950][flwr][INFO] - 	            (2, 0.879),
[2024-06-19 17:34:01,950][flwr][INFO] - 	            (3, 0.9014),
[2024-06-19 17:34:01,950][flwr][INFO] - 	            (4, 0.9087),
[2024-06-19 17:34:01,950][flwr][INFO] - 	            (5, 0.9177),
[2024-06-19 17:34:01,950][flwr][INFO] - 	            (6, 0.9239),
[2024-06-19 17:34:01,950][flwr][INFO] - 	            (7, 0.9251),
[2024-06-19 17:34:01,950][flwr][INFO] - 	            (8, 0.9348),
[2024-06-19 17:34:01,950][flwr][INFO] - 	            (9, 0.9382),
[2024-06-19 17:34:01,950][flwr][INFO] - 	            (10, 0.9406)]}
[2024-06-19 17:34:01,950][flwr][INFO] - 
