[2024-07-08 18:44:18,969][flwr][INFO] - Starting Flower simulation, config: num_rounds=10, no round_timeout
[2024-07-08 18:44:21,957][flwr][INFO] - Flower VCE: Ray initialized with resources: {'CPU': 12.0, 'node:__internal_head__': 1.0, 'node:127.0.0.1': 1.0, 'object_store_memory': 2147483648.0, 'memory': 8556789760.0}
[2024-07-08 18:44:21,957][flwr][INFO] - Optimize your simulation with Flower VCE: https://flower.ai/docs/framework/how-to-run-simulations.html
[2024-07-08 18:44:21,957][flwr][INFO] - Flower VCE: Resources for each Virtual Client: {'num_cpus': 2, 'num_gpus': 0}
[2024-07-08 18:44:21,963][flwr][INFO] - Flower VCE: Creating VirtualClientEngineActorPool with 6 actors
[2024-07-08 18:44:21,964][flwr][INFO] - [INIT]
[2024-07-08 18:44:21,964][flwr][INFO] - Requesting initial parameters from one random client
[2024-07-08 18:44:23,458][flwr][INFO] - Received initial parameters from one random client
[2024-07-08 18:44:23,458][flwr][INFO] - Evaluating initial global parameters
[2024-07-08 18:44:23,789][flwr][INFO] - initial parameters (loss, other metrics): 181.76928067207336, {'accuracy': 0.1086, 'precision': 0.12349967530374152, 'recall': 0.1086, 'f1': 0.03553137346181725, 'confusion_matrix': array([[   0,    8,    0,  956,    0,    1,    0,   15,    0,    0],
       [   0,  122,    0, 1013,    0,    0,    0,    0,    0,    0],
       [   0,   38,    0,  971,    0,    0,    3,   19,    1,    0],
       [   0,   44,    0,  945,    1,    1,    0,   17,    2,    0],
       [   0,  143,    0,  816,    1,    0,    2,   20,    0,    0],
       [   0,  118,    0,  735,    1,    7,    0,   30,    1,    0],
       [   0,  144,    0,  749,   25,    0,    2,   38,    0,    0],
       [   0,  272,    0,  724,    8,    0,    0,    9,   15,    0],
       [   0,   81,    0,  859,    1,    0,    1,   32,    0,    0],
       [   0,  178,    0,  799,    1,    0,    0,   31,    0,    0]])}
[2024-07-08 18:44:23,789][flwr][INFO] - 
[2024-07-08 18:44:23,789][flwr][INFO] - [ROUND 1]
[2024-07-08 18:44:23,790][flwr][INFO] - configure_fit: strategy sampled 10 clients (out of 10)
[2024-07-08 18:44:31,525][flwr][INFO] - aggregate_fit: received 10 results and 0 failures
[2024-07-08 18:44:31,530][flwr][WARNING] - No fit_metrics_aggregation_fn provided
[2024-07-08 18:44:31,863][flwr][INFO] - fit progress: (1, 155.2929811477661, {'accuracy': 0.5336, 'precision': 0.7277694170419124, 'recall': 0.5336, 'f1': 0.4965559774344579, 'confusion_matrix': array([[909,  24,   0,  12,   1,   2,   0,   0,   3,  29],
       [  6, 946,   1, 138,   1,   0,   0,   0,   0,  43],
       [ 25,  45, 691, 203,   0,   0,   0,   7,   4,  57],
       [ 19,  52,  22, 739,  30,   3,   0,   3,   0, 142],
       [ 11,  10,   0,   1, 480,   3,   0,   0,   0, 477],
       [ 54, 102,   3,  16, 349,  54,   0,   0,   0, 314],
       [294,  43,  19,   4,   4,   4,  37,   0,   0, 553],
       [ 27,  24,   2,  97,   0,   1,   0, 572,   0, 305],
       [ 13,   8,   9,  50,  19,   0,   0,   1,  57, 817],
       [ 23,   3,   0,   7, 124,   0,   1,   0,   0, 851]])}, 8.073510834)
[2024-07-08 18:44:31,863][flwr][INFO] - configure_evaluate: no clients selected, skipping evaluation
[2024-07-08 18:44:31,864][flwr][INFO] - 
[2024-07-08 18:44:31,864][flwr][INFO] - [ROUND 2]
[2024-07-08 18:44:31,864][flwr][INFO] - configure_fit: strategy sampled 10 clients (out of 10)
[2024-07-08 18:44:38,443][flwr][INFO] - aggregate_fit: received 10 results and 0 failures
[2024-07-08 18:44:38,786][flwr][INFO] - fit progress: (2, 97.83007162809372, {'accuracy': 0.7567, 'precision': 0.7801583412457348, 'recall': 0.7567, 'f1': 0.7532627346957733, 'confusion_matrix': array([[854,  27,   5,  16,   7,   8,  24,   9,   3,  27],
       [  0, 602, 134,   1,   3, 133, 168,   0,  85,   9],
       [  4,   6, 928,  13,  20,   7,  21,   2,  22,   9],
       [  1,  18, 142, 745,  46,  11,  18,   3,   9,  17],
       [  0,   0,   1,   1, 909,  13,   7,   0,   1,  50],
       [  4,  30,   8,  68,  78, 581,  62,   5,   3,  53],
       [  2,  15,   5,   1,  15,  19, 894,   1,   1,   5],
       [  1,  24, 109,   7,  21,   6,   1, 660,  77, 122],
       [  0,  17,  75,   6,  49,  19,   7,   2, 531, 268],
       [  1,   2,   2,   8, 114,  10,   1,   3,   5, 863]])}, 14.995962459000001)
[2024-07-08 18:44:38,786][flwr][INFO] - configure_evaluate: no clients selected, skipping evaluation
[2024-07-08 18:44:38,786][flwr][INFO] - 
[2024-07-08 18:44:38,786][flwr][INFO] - [ROUND 3]
[2024-07-08 18:44:38,786][flwr][INFO] - configure_fit: strategy sampled 10 clients (out of 10)
[2024-07-08 18:44:45,071][flwr][INFO] - aggregate_fit: received 10 results and 0 failures
[2024-07-08 18:44:45,555][flwr][INFO] - fit progress: (3, 68.17210459709167, {'accuracy': 0.8009, 'precision': 0.818868738600802, 'recall': 0.8009, 'f1': 0.8011735134911216, 'confusion_matrix': array([[961,   3,   0,   0,   1,   5,   4,   1,   0,   5],
       [  0, 609,   3,   2,   0, 361, 141,   0,  19,   0],
       [ 30,  25, 832,  33,  31,   9,  17,  19,  33,   3],
       [ 13,  12,  20, 810,  50,  23,  15,  17,  22,  28],
       [  1,   0,   0,   1, 907,  53,   4,   0,   0,  16],
       [ 17,  12,   0,  52,  73, 573,  49,  12,  44,  60],
       [ 16,  10,   2,   1,  31,  29, 861,   6,   1,   1],
       [  4,   9,  22,   1,  14,  14,   1, 930,  19,  14],
       [  9,   8,   3,   4,  30,  63,   7,   2, 766,  82],
       [ 26,   2,   0,   2, 161,  30,   0,  25,   3, 760]])}, 21.765854375)
[2024-07-08 18:44:45,556][flwr][INFO] - configure_evaluate: no clients selected, skipping evaluation
[2024-07-08 18:44:45,556][flwr][INFO] - 
[2024-07-08 18:44:45,556][flwr][INFO] - [ROUND 4]
[2024-07-08 18:44:45,556][flwr][INFO] - configure_fit: strategy sampled 10 clients (out of 10)
[2024-07-08 18:44:52,920][flwr][INFO] - aggregate_fit: received 10 results and 0 failures
[2024-07-08 18:44:53,266][flwr][INFO] - fit progress: (4, 40.40920366346836, {'accuracy': 0.8643, 'precision': 0.8742030473581716, 'recall': 0.8643, 'f1': 0.8604038935813254, 'confusion_matrix': array([[ 930,   13,   17,    5,    0,    1,    5,    1,    8,    0],
       [   0, 1080,    5,    2,    0,    9,    6,    1,   32,    0],
       [  11,    9,  936,   10,   11,    1,   11,   15,   28,    0],
       [   4,    7,   55,  853,    5,    7,    6,   22,   50,    1],
       [   3,    1,    6,    0,  907,   27,    9,    0,   19,   10],
       [   8,   20,    7,   65,   32,  596,   56,   10,   97,    1],
       [  11,    9,    3,    0,    6,    5,  917,    3,    3,    1],
       [   3,   11,   28,    1,    8,    3,    0,  962,    9,    3],
       [   9,    7,    6,    7,    8,   18,   11,    6,  898,    4],
       [  12,    6,    3,    9,  139,   23,    0,  114,  139,  564]])}, 29.476658709)
[2024-07-08 18:44:53,267][flwr][INFO] - configure_evaluate: no clients selected, skipping evaluation
[2024-07-08 18:44:53,267][flwr][INFO] - 
[2024-07-08 18:44:53,267][flwr][INFO] - [ROUND 5]
[2024-07-08 18:44:53,267][flwr][INFO] - configure_fit: strategy sampled 10 clients (out of 10)
[2024-07-08 18:45:00,132][flwr][INFO] - aggregate_fit: received 10 results and 0 failures
[2024-07-08 18:45:00,475][flwr][INFO] - fit progress: (5, 38.12797424197197, {'accuracy': 0.8624, 'precision': 0.8751744391165793, 'recall': 0.8624, 'f1': 0.8594092540821406, 'confusion_matrix': array([[ 938,    4,   16,    6,    0,    2,    3,    1,   10,    0],
       [   0, 1105,    5,    0,    0,    0,    4,    3,   18,    0],
       [   5,   19,  933,   18,    8,    0,   10,   12,   24,    3],
       [   2,   19,   37,  862,    3,    2,    1,   25,   58,    1],
       [   1,    2,    3,    5,  878,   14,    7,    1,   28,   43],
       [   4,   37,   12,   95,   32,  518,   26,   12,  150,    6],
       [   7,   24,    1,    3,    5,    4,  902,    2,    8,    2],
       [   1,    8,   21,    0,    7,    0,    0,  971,   10,   10],
       [   2,   19,    2,   16,    7,    9,    7,    6,  899,    7],
       [   7,    9,    4,    8,   57,    2,    0,  118,  186,  618]])}, 36.685619209)
[2024-07-08 18:45:00,476][flwr][INFO] - configure_evaluate: no clients selected, skipping evaluation
[2024-07-08 18:45:00,476][flwr][INFO] - 
[2024-07-08 18:45:00,476][flwr][INFO] - [ROUND 6]
[2024-07-08 18:45:00,476][flwr][INFO] - configure_fit: strategy sampled 10 clients (out of 10)
[2024-07-08 18:45:07,568][flwr][INFO] - aggregate_fit: received 10 results and 0 failures
[2024-07-08 18:45:07,910][flwr][INFO] - fit progress: (6, 36.05035337805748, {'accuracy': 0.8766, 'precision': 0.8872040452130592, 'recall': 0.8766, 'f1': 0.8756972064405134, 'confusion_matrix': array([[ 937,    3,   22,    3,    0,    2,    5,    2,    6,    0],
       [   0, 1104,    5,    0,    0,    0,    4,    2,   20,    0],
       [   3,   14,  949,   14,    4,    1,    6,   13,   28,    0],
       [   2,   18,   64,  811,    2,    5,    2,   23,   79,    4],
       [   1,    4,    6,    5,  865,    7,    7,    1,   34,   52],
       [   5,   20,   19,   50,    9,  669,   32,    9,   78,    1],
       [   6,   10,    2,    3,    1,    4,  920,    4,    6,    2],
       [   0,   10,   22,    0,    5,    0,    0,  970,   11,   10],
       [   4,   12,    5,   14,    6,   10,   10,    7,  905,    1],
       [   6,    8,    8,   10,   40,   15,    0,   85,  201,  636]])}, 44.120168667)
[2024-07-08 18:45:07,910][flwr][INFO] - configure_evaluate: no clients selected, skipping evaluation
[2024-07-08 18:45:07,910][flwr][INFO] - 
[2024-07-08 18:45:07,910][flwr][INFO] - [ROUND 7]
[2024-07-08 18:45:07,911][flwr][INFO] - configure_fit: strategy sampled 10 clients (out of 10)
[2024-07-08 18:45:14,075][flwr][INFO] - aggregate_fit: received 10 results and 0 failures
[2024-07-08 18:45:14,418][flwr][INFO] - fit progress: (7, 32.57593758404255, {'accuracy': 0.8791, 'precision': 0.8862330553819368, 'recall': 0.8791, 'f1': 0.8772665485375657, 'confusion_matrix': array([[ 946,    3,   17,    3,    0,    5,    2,    1,    3,    0],
       [   0, 1100,    4,    4,    0,    3,    4,    2,   18,    0],
       [   3,    9,  925,   39,    4,    1,    7,   13,   30,    1],
       [   2,    3,   60,  824,    1,   15,    1,   14,   86,    4],
       [   1,    0,    2,   13,  872,    6,   10,    1,   16,   61],
       [   4,    4,    8,   30,    2,  799,   19,    4,   21,    1],
       [   9,    4,    3,    3,    2,   15,  913,    1,    6,    2],
       [   1,   11,   18,    2,    5,    1,    0,  963,   15,   12],
       [   5,    3,    5,   18,    5,   18,    9,    2,  893,   16],
       [   9,    6,    6,   19,   49,   55,    1,   46,  262,  556]])}, 50.628140584)
[2024-07-08 18:45:14,418][flwr][INFO] - configure_evaluate: no clients selected, skipping evaluation
[2024-07-08 18:45:14,418][flwr][INFO] - 
[2024-07-08 18:45:14,418][flwr][INFO] - [ROUND 8]
[2024-07-08 18:45:14,419][flwr][INFO] - configure_fit: strategy sampled 10 clients (out of 10)
[2024-07-08 18:45:20,621][flwr][INFO] - aggregate_fit: received 10 results and 0 failures
[2024-07-08 18:45:20,967][flwr][INFO] - fit progress: (8, 34.68193681538105, {'accuracy': 0.8752, 'precision': 0.8837116999629725, 'recall': 0.8752, 'f1': 0.8745627261162561, 'confusion_matrix': array([[ 938,    3,   17,    5,    0,    6,    3,    3,    4,    1],
       [   0, 1112,    4,    2,    0,    3,    3,    0,   11,    0],
       [   1,   16,  940,   34,    1,    1,    7,   12,   18,    2],
       [   0,    5,   84,  807,    1,   20,    0,   12,   80,    1],
       [   0,   17,    5,   17,  658,   13,   24,    5,   48,  195],
       [   3,    2,   13,   21,    0,  813,   17,    3,   18,    2],
       [   6,    8,    2,    3,    1,   22,  902,    5,    4,    5],
       [   1,   15,   22,    5,    0,    0,    1,  962,   11,   11],
       [   2,    4,    7,   15,    2,   28,    5,    3,  894,   14],
       [   4,    9,   10,   12,    4,   36,    0,   16,  192,  726]])}, 57.177456084000006)
[2024-07-08 18:45:20,968][flwr][INFO] - configure_evaluate: no clients selected, skipping evaluation
[2024-07-08 18:45:20,968][flwr][INFO] - 
[2024-07-08 18:45:20,968][flwr][INFO] - [ROUND 9]
[2024-07-08 18:45:20,968][flwr][INFO] - configure_fit: strategy sampled 10 clients (out of 10)
[2024-07-08 18:45:27,824][flwr][INFO] - aggregate_fit: received 10 results and 0 failures
[2024-07-08 18:45:28,165][flwr][INFO] - fit progress: (9, 30.560696855187416, {'accuracy': 0.8982, 'precision': 0.902946318734087, 'recall': 0.8982, 'f1': 0.898687020171592, 'confusion_matrix': array([[ 962,    2,    2,    3,    0,    2,    1,    3,    4,    1],
       [   0, 1111,    2,    2,    0,    1,    3,    2,   13,    1],
       [   4,   14,  938,   28,    3,    1,    3,   17,   23,    1],
       [   2,    3,   67,  826,    1,   15,    0,   10,   84,    2],
       [   0,    5,    6,    5,  813,    1,    7,    3,   16,  126],
       [   6,    4,    4,   27,    1,  800,   14,    5,   27,    4],
       [   8,    7,    2,    1,    1,   24,  894,    8,    8,    5],
       [   1,   20,   28,    2,    0,    1,    0,  944,   19,   13],
       [   4,    4,    5,   21,    4,   14,    3,    5,  896,   18],
       [   7,   10,    4,    6,   13,   12,    0,   31,  128,  798]])}, 64.375308709)
[2024-07-08 18:45:28,165][flwr][INFO] - configure_evaluate: no clients selected, skipping evaluation
[2024-07-08 18:45:28,165][flwr][INFO] - 
[2024-07-08 18:45:28,165][flwr][INFO] - [ROUND 10]
[2024-07-08 18:45:28,166][flwr][INFO] - configure_fit: strategy sampled 10 clients (out of 10)
[2024-07-08 18:45:34,330][flwr][INFO] - aggregate_fit: received 10 results and 0 failures
[2024-07-08 18:45:34,670][flwr][INFO] - fit progress: (10, 26.954398818314075, {'accuracy': 0.9098, 'precision': 0.9141249092007314, 'recall': 0.9098, 'f1': 0.9104578705644133, 'confusion_matrix': array([[ 958,    2,    2,    1,    0,    5,    3,    2,    7,    0],
       [   0, 1105,    2,    3,    0,    1,    3,    2,   19,    0],
       [   4,    8,  919,   41,    3,    0,    5,   14,   36,    2],
       [   2,    2,   32,  863,    0,   26,    0,    8,   73,    4],
       [   2,    3,    1,    6,  818,    3,    9,    2,   11,  127],
       [   5,    1,    2,   18,    2,  815,   13,    3,   25,    8],
       [   5,    4,    2,    1,    0,   18,  918,    4,    4,    2],
       [   1,   18,   20,    4,    0,    3,    1,  945,   26,   10],
       [   4,    1,    4,   12,    5,   21,   14,    3,  895,   15],
       [   7,    8,    0,    4,    5,   16,    0,   24,   83,  862]])}, 70.88011770899999)
[2024-07-08 18:45:34,670][flwr][INFO] - configure_evaluate: no clients selected, skipping evaluation
[2024-07-08 18:45:34,670][flwr][INFO] - 
[2024-07-08 18:45:34,670][flwr][INFO] - [SUMMARY]
[2024-07-08 18:45:34,671][flwr][INFO] - Run finished 10 round(s) in 70.88s
[2024-07-08 18:45:34,674][flwr][INFO] - 	History (loss, centralized):
[2024-07-08 18:45:34,674][flwr][INFO] - 		round 0: 181.76928067207336
[2024-07-08 18:45:34,674][flwr][INFO] - 		round 1: 155.2929811477661
[2024-07-08 18:45:34,674][flwr][INFO] - 		round 2: 97.83007162809372
[2024-07-08 18:45:34,674][flwr][INFO] - 		round 3: 68.17210459709167
[2024-07-08 18:45:34,674][flwr][INFO] - 		round 4: 40.40920366346836
[2024-07-08 18:45:34,674][flwr][INFO] - 		round 5: 38.12797424197197
[2024-07-08 18:45:34,675][flwr][INFO] - 		round 6: 36.05035337805748
[2024-07-08 18:45:34,675][flwr][INFO] - 		round 7: 32.57593758404255
[2024-07-08 18:45:34,675][flwr][INFO] - 		round 8: 34.68193681538105
[2024-07-08 18:45:34,675][flwr][INFO] - 		round 9: 30.560696855187416
[2024-07-08 18:45:34,675][flwr][INFO] - 		round 10: 26.954398818314075
[2024-07-08 18:45:34,675][flwr][INFO] - 	History (metrics, centralized):
[2024-07-08 18:45:34,675][flwr][INFO] - 	{'accuracy': [(0, 0.1086),
[2024-07-08 18:45:34,675][flwr][INFO] - 	              (1, 0.5336),
[2024-07-08 18:45:34,675][flwr][INFO] - 	              (2, 0.7567),
[2024-07-08 18:45:34,675][flwr][INFO] - 	              (3, 0.8009),
[2024-07-08 18:45:34,675][flwr][INFO] - 	              (4, 0.8643),
[2024-07-08 18:45:34,675][flwr][INFO] - 	              (5, 0.8624),
[2024-07-08 18:45:34,675][flwr][INFO] - 	              (6, 0.8766),
[2024-07-08 18:45:34,675][flwr][INFO] - 	              (7, 0.8791),
[2024-07-08 18:45:34,675][flwr][INFO] - 	              (8, 0.8752),
[2024-07-08 18:45:34,675][flwr][INFO] - 	              (9, 0.8982),
[2024-07-08 18:45:34,675][flwr][INFO] - 	              (10, 0.9098)],
[2024-07-08 18:45:34,675][flwr][INFO] - 	 'confusion_matrix': [(0,
[2024-07-08 18:45:34,675][flwr][INFO] - 	                       array([[   0,    8,    0,  956,    0,    1,    0,   15,    0,    0],
[2024-07-08 18:45:34,675][flwr][INFO] - 	       [   0,  122,    0, 1013,    0,    0,    0,    0,    0,    0],
[2024-07-08 18:45:34,675][flwr][INFO] - 	       [   0,   38,    0,  971,    0,    0,    3,   19,    1,    0],
[2024-07-08 18:45:34,675][flwr][INFO] - 	       [   0,   44,    0,  945,    1,    1,    0,   17,    2,    0],
[2024-07-08 18:45:34,675][flwr][INFO] - 	       [   0,  143,    0,  816,    1,    0,    2,   20,    0,    0],
[2024-07-08 18:45:34,675][flwr][INFO] - 	       [   0,  118,    0,  735,    1,    7,    0,   30,    1,    0],
[2024-07-08 18:45:34,675][flwr][INFO] - 	       [   0,  144,    0,  749,   25,    0,    2,   38,    0,    0],
[2024-07-08 18:45:34,675][flwr][INFO] - 	       [   0,  272,    0,  724,    8,    0,    0,    9,   15,    0],
[2024-07-08 18:45:34,675][flwr][INFO] - 	       [   0,   81,    0,  859,    1,    0,    1,   32,    0,    0],
[2024-07-08 18:45:34,675][flwr][INFO] - 	       [   0,  178,    0,  799,    1,    0,    0,   31,    0,    0]])),
[2024-07-08 18:45:34,675][flwr][INFO] - 	                      (1,
[2024-07-08 18:45:34,675][flwr][INFO] - 	                       array([[909,  24,   0,  12,   1,   2,   0,   0,   3,  29],
[2024-07-08 18:45:34,675][flwr][INFO] - 	       [  6, 946,   1, 138,   1,   0,   0,   0,   0,  43],
[2024-07-08 18:45:34,675][flwr][INFO] - 	       [ 25,  45, 691, 203,   0,   0,   0,   7,   4,  57],
[2024-07-08 18:45:34,675][flwr][INFO] - 	       [ 19,  52,  22, 739,  30,   3,   0,   3,   0, 142],
[2024-07-08 18:45:34,675][flwr][INFO] - 	       [ 11,  10,   0,   1, 480,   3,   0,   0,   0, 477],
[2024-07-08 18:45:34,675][flwr][INFO] - 	       [ 54, 102,   3,  16, 349,  54,   0,   0,   0, 314],
[2024-07-08 18:45:34,675][flwr][INFO] - 	       [294,  43,  19,   4,   4,   4,  37,   0,   0, 553],
[2024-07-08 18:45:34,675][flwr][INFO] - 	       [ 27,  24,   2,  97,   0,   1,   0, 572,   0, 305],
[2024-07-08 18:45:34,675][flwr][INFO] - 	       [ 13,   8,   9,  50,  19,   0,   0,   1,  57, 817],
[2024-07-08 18:45:34,675][flwr][INFO] - 	       [ 23,   3,   0,   7, 124,   0,   1,   0,   0, 851]])),
[2024-07-08 18:45:34,675][flwr][INFO] - 	                      (2,
[2024-07-08 18:45:34,675][flwr][INFO] - 	                       array([[854,  27,   5,  16,   7,   8,  24,   9,   3,  27],
[2024-07-08 18:45:34,675][flwr][INFO] - 	       [  0, 602, 134,   1,   3, 133, 168,   0,  85,   9],
[2024-07-08 18:45:34,675][flwr][INFO] - 	       [  4,   6, 928,  13,  20,   7,  21,   2,  22,   9],
[2024-07-08 18:45:34,675][flwr][INFO] - 	       [  1,  18, 142, 745,  46,  11,  18,   3,   9,  17],
[2024-07-08 18:45:34,675][flwr][INFO] - 	       [  0,   0,   1,   1, 909,  13,   7,   0,   1,  50],
[2024-07-08 18:45:34,675][flwr][INFO] - 	       [  4,  30,   8,  68,  78, 581,  62,   5,   3,  53],
[2024-07-08 18:45:34,675][flwr][INFO] - 	       [  2,  15,   5,   1,  15,  19, 894,   1,   1,   5],
[2024-07-08 18:45:34,676][flwr][INFO] - 	       [  1,  24, 109,   7,  21,   6,   1, 660,  77, 122],
[2024-07-08 18:45:34,676][flwr][INFO] - 	       [  0,  17,  75,   6,  49,  19,   7,   2, 531, 268],
[2024-07-08 18:45:34,676][flwr][INFO] - 	       [  1,   2,   2,   8, 114,  10,   1,   3,   5, 863]])),
[2024-07-08 18:45:34,676][flwr][INFO] - 	                      (3,
[2024-07-08 18:45:34,676][flwr][INFO] - 	                       array([[961,   3,   0,   0,   1,   5,   4,   1,   0,   5],
[2024-07-08 18:45:34,676][flwr][INFO] - 	       [  0, 609,   3,   2,   0, 361, 141,   0,  19,   0],
[2024-07-08 18:45:34,676][flwr][INFO] - 	       [ 30,  25, 832,  33,  31,   9,  17,  19,  33,   3],
[2024-07-08 18:45:34,676][flwr][INFO] - 	       [ 13,  12,  20, 810,  50,  23,  15,  17,  22,  28],
[2024-07-08 18:45:34,676][flwr][INFO] - 	       [  1,   0,   0,   1, 907,  53,   4,   0,   0,  16],
[2024-07-08 18:45:34,676][flwr][INFO] - 	       [ 17,  12,   0,  52,  73, 573,  49,  12,  44,  60],
[2024-07-08 18:45:34,676][flwr][INFO] - 	       [ 16,  10,   2,   1,  31,  29, 861,   6,   1,   1],
[2024-07-08 18:45:34,676][flwr][INFO] - 	       [  4,   9,  22,   1,  14,  14,   1, 930,  19,  14],
[2024-07-08 18:45:34,676][flwr][INFO] - 	       [  9,   8,   3,   4,  30,  63,   7,   2, 766,  82],
[2024-07-08 18:45:34,676][flwr][INFO] - 	       [ 26,   2,   0,   2, 161,  30,   0,  25,   3, 760]])),
[2024-07-08 18:45:34,676][flwr][INFO] - 	                      (4,
[2024-07-08 18:45:34,676][flwr][INFO] - 	                       array([[ 930,   13,   17,    5,    0,    1,    5,    1,    8,    0],
[2024-07-08 18:45:34,676][flwr][INFO] - 	       [   0, 1080,    5,    2,    0,    9,    6,    1,   32,    0],
[2024-07-08 18:45:34,676][flwr][INFO] - 	       [  11,    9,  936,   10,   11,    1,   11,   15,   28,    0],
[2024-07-08 18:45:34,676][flwr][INFO] - 	       [   4,    7,   55,  853,    5,    7,    6,   22,   50,    1],
[2024-07-08 18:45:34,676][flwr][INFO] - 	       [   3,    1,    6,    0,  907,   27,    9,    0,   19,   10],
[2024-07-08 18:45:34,676][flwr][INFO] - 	       [   8,   20,    7,   65,   32,  596,   56,   10,   97,    1],
[2024-07-08 18:45:34,676][flwr][INFO] - 	       [  11,    9,    3,    0,    6,    5,  917,    3,    3,    1],
[2024-07-08 18:45:34,676][flwr][INFO] - 	       [   3,   11,   28,    1,    8,    3,    0,  962,    9,    3],
[2024-07-08 18:45:34,676][flwr][INFO] - 	       [   9,    7,    6,    7,    8,   18,   11,    6,  898,    4],
[2024-07-08 18:45:34,676][flwr][INFO] - 	       [  12,    6,    3,    9,  139,   23,    0,  114,  139,  564]])),
[2024-07-08 18:45:34,676][flwr][INFO] - 	                      (5,
[2024-07-08 18:45:34,676][flwr][INFO] - 	                       array([[ 938,    4,   16,    6,    0,    2,    3,    1,   10,    0],
[2024-07-08 18:45:34,676][flwr][INFO] - 	       [   0, 1105,    5,    0,    0,    0,    4,    3,   18,    0],
[2024-07-08 18:45:34,676][flwr][INFO] - 	       [   5,   19,  933,   18,    8,    0,   10,   12,   24,    3],
[2024-07-08 18:45:34,676][flwr][INFO] - 	       [   2,   19,   37,  862,    3,    2,    1,   25,   58,    1],
[2024-07-08 18:45:34,676][flwr][INFO] - 	       [   1,    2,    3,    5,  878,   14,    7,    1,   28,   43],
[2024-07-08 18:45:34,676][flwr][INFO] - 	       [   4,   37,   12,   95,   32,  518,   26,   12,  150,    6],
[2024-07-08 18:45:34,676][flwr][INFO] - 	       [   7,   24,    1,    3,    5,    4,  902,    2,    8,    2],
[2024-07-08 18:45:34,676][flwr][INFO] - 	       [   1,    8,   21,    0,    7,    0,    0,  971,   10,   10],
[2024-07-08 18:45:34,676][flwr][INFO] - 	       [   2,   19,    2,   16,    7,    9,    7,    6,  899,    7],
[2024-07-08 18:45:34,676][flwr][INFO] - 	       [   7,    9,    4,    8,   57,    2,    0,  118,  186,  618]])),
[2024-07-08 18:45:34,676][flwr][INFO] - 	                      (6,
[2024-07-08 18:45:34,676][flwr][INFO] - 	                       array([[ 937,    3,   22,    3,    0,    2,    5,    2,    6,    0],
[2024-07-08 18:45:34,676][flwr][INFO] - 	       [   0, 1104,    5,    0,    0,    0,    4,    2,   20,    0],
[2024-07-08 18:45:34,676][flwr][INFO] - 	       [   3,   14,  949,   14,    4,    1,    6,   13,   28,    0],
[2024-07-08 18:45:34,676][flwr][INFO] - 	       [   2,   18,   64,  811,    2,    5,    2,   23,   79,    4],
[2024-07-08 18:45:34,676][flwr][INFO] - 	       [   1,    4,    6,    5,  865,    7,    7,    1,   34,   52],
[2024-07-08 18:45:34,676][flwr][INFO] - 	       [   5,   20,   19,   50,    9,  669,   32,    9,   78,    1],
[2024-07-08 18:45:34,676][flwr][INFO] - 	       [   6,   10,    2,    3,    1,    4,  920,    4,    6,    2],
[2024-07-08 18:45:34,676][flwr][INFO] - 	       [   0,   10,   22,    0,    5,    0,    0,  970,   11,   10],
[2024-07-08 18:45:34,676][flwr][INFO] - 	       [   4,   12,    5,   14,    6,   10,   10,    7,  905,    1],
[2024-07-08 18:45:34,676][flwr][INFO] - 	       [   6,    8,    8,   10,   40,   15,    0,   85,  201,  636]])),
[2024-07-08 18:45:34,676][flwr][INFO] - 	                      (7,
[2024-07-08 18:45:34,677][flwr][INFO] - 	                       array([[ 946,    3,   17,    3,    0,    5,    2,    1,    3,    0],
[2024-07-08 18:45:34,677][flwr][INFO] - 	       [   0, 1100,    4,    4,    0,    3,    4,    2,   18,    0],
[2024-07-08 18:45:34,677][flwr][INFO] - 	       [   3,    9,  925,   39,    4,    1,    7,   13,   30,    1],
[2024-07-08 18:45:34,677][flwr][INFO] - 	       [   2,    3,   60,  824,    1,   15,    1,   14,   86,    4],
[2024-07-08 18:45:34,677][flwr][INFO] - 	       [   1,    0,    2,   13,  872,    6,   10,    1,   16,   61],
[2024-07-08 18:45:34,677][flwr][INFO] - 	       [   4,    4,    8,   30,    2,  799,   19,    4,   21,    1],
[2024-07-08 18:45:34,677][flwr][INFO] - 	       [   9,    4,    3,    3,    2,   15,  913,    1,    6,    2],
[2024-07-08 18:45:34,677][flwr][INFO] - 	       [   1,   11,   18,    2,    5,    1,    0,  963,   15,   12],
[2024-07-08 18:45:34,677][flwr][INFO] - 	       [   5,    3,    5,   18,    5,   18,    9,    2,  893,   16],
[2024-07-08 18:45:34,677][flwr][INFO] - 	       [   9,    6,    6,   19,   49,   55,    1,   46,  262,  556]])),
[2024-07-08 18:45:34,677][flwr][INFO] - 	                      (8,
[2024-07-08 18:45:34,677][flwr][INFO] - 	                       array([[ 938,    3,   17,    5,    0,    6,    3,    3,    4,    1],
[2024-07-08 18:45:34,677][flwr][INFO] - 	       [   0, 1112,    4,    2,    0,    3,    3,    0,   11,    0],
[2024-07-08 18:45:34,677][flwr][INFO] - 	       [   1,   16,  940,   34,    1,    1,    7,   12,   18,    2],
[2024-07-08 18:45:34,677][flwr][INFO] - 	       [   0,    5,   84,  807,    1,   20,    0,   12,   80,    1],
[2024-07-08 18:45:34,677][flwr][INFO] - 	       [   0,   17,    5,   17,  658,   13,   24,    5,   48,  195],
[2024-07-08 18:45:34,677][flwr][INFO] - 	       [   3,    2,   13,   21,    0,  813,   17,    3,   18,    2],
[2024-07-08 18:45:34,677][flwr][INFO] - 	       [   6,    8,    2,    3,    1,   22,  902,    5,    4,    5],
[2024-07-08 18:45:34,677][flwr][INFO] - 	       [   1,   15,   22,    5,    0,    0,    1,  962,   11,   11],
[2024-07-08 18:45:34,677][flwr][INFO] - 	       [   2,    4,    7,   15,    2,   28,    5,    3,  894,   14],
[2024-07-08 18:45:34,677][flwr][INFO] - 	       [   4,    9,   10,   12,    4,   36,    0,   16,  192,  726]])),
[2024-07-08 18:45:34,677][flwr][INFO] - 	                      (9,
[2024-07-08 18:45:34,677][flwr][INFO] - 	                       array([[ 962,    2,    2,    3,    0,    2,    1,    3,    4,    1],
[2024-07-08 18:45:34,677][flwr][INFO] - 	       [   0, 1111,    2,    2,    0,    1,    3,    2,   13,    1],
[2024-07-08 18:45:34,677][flwr][INFO] - 	       [   4,   14,  938,   28,    3,    1,    3,   17,   23,    1],
[2024-07-08 18:45:34,677][flwr][INFO] - 	       [   2,    3,   67,  826,    1,   15,    0,   10,   84,    2],
[2024-07-08 18:45:34,677][flwr][INFO] - 	       [   0,    5,    6,    5,  813,    1,    7,    3,   16,  126],
[2024-07-08 18:45:34,677][flwr][INFO] - 	       [   6,    4,    4,   27,    1,  800,   14,    5,   27,    4],
[2024-07-08 18:45:34,677][flwr][INFO] - 	       [   8,    7,    2,    1,    1,   24,  894,    8,    8,    5],
[2024-07-08 18:45:34,677][flwr][INFO] - 	       [   1,   20,   28,    2,    0,    1,    0,  944,   19,   13],
[2024-07-08 18:45:34,677][flwr][INFO] - 	       [   4,    4,    5,   21,    4,   14,    3,    5,  896,   18],
[2024-07-08 18:45:34,677][flwr][INFO] - 	       [   7,   10,    4,    6,   13,   12,    0,   31,  128,  798]])),
[2024-07-08 18:45:34,677][flwr][INFO] - 	                      (10,
[2024-07-08 18:45:34,677][flwr][INFO] - 	                       array([[ 958,    2,    2,    1,    0,    5,    3,    2,    7,    0],
[2024-07-08 18:45:34,677][flwr][INFO] - 	       [   0, 1105,    2,    3,    0,    1,    3,    2,   19,    0],
[2024-07-08 18:45:34,677][flwr][INFO] - 	       [   4,    8,  919,   41,    3,    0,    5,   14,   36,    2],
[2024-07-08 18:45:34,677][flwr][INFO] - 	       [   2,    2,   32,  863,    0,   26,    0,    8,   73,    4],
[2024-07-08 18:45:34,677][flwr][INFO] - 	       [   2,    3,    1,    6,  818,    3,    9,    2,   11,  127],
[2024-07-08 18:45:34,677][flwr][INFO] - 	       [   5,    1,    2,   18,    2,  815,   13,    3,   25,    8],
[2024-07-08 18:45:34,677][flwr][INFO] - 	       [   5,    4,    2,    1,    0,   18,  918,    4,    4,    2],
[2024-07-08 18:45:34,677][flwr][INFO] - 	       [   1,   18,   20,    4,    0,    3,    1,  945,   26,   10],
[2024-07-08 18:45:34,677][flwr][INFO] - 	       [   4,    1,    4,   12,    5,   21,   14,    3,  895,   15],
[2024-07-08 18:45:34,677][flwr][INFO] - 	       [   7,    8,    0,    4,    5,   16,    0,   24,   83,  862]]))],
[2024-07-08 18:45:34,677][flwr][INFO] - 	 'f1': [(0, 0.03553137346181725),
[2024-07-08 18:45:34,677][flwr][INFO] - 	        (1, 0.4965559774344579),
[2024-07-08 18:45:34,677][flwr][INFO] - 	        (2, 0.7532627346957733),
[2024-07-08 18:45:34,677][flwr][INFO] - 	        (3, 0.8011735134911216),
[2024-07-08 18:45:34,677][flwr][INFO] - 	        (4, 0.8604038935813254),
[2024-07-08 18:45:34,678][flwr][INFO] - 	        (5, 0.8594092540821406),
[2024-07-08 18:45:34,678][flwr][INFO] - 	        (6, 0.8756972064405134),
[2024-07-08 18:45:34,678][flwr][INFO] - 	        (7, 0.8772665485375657),
[2024-07-08 18:45:34,678][flwr][INFO] - 	        (8, 0.8745627261162561),
[2024-07-08 18:45:34,678][flwr][INFO] - 	        (9, 0.898687020171592),
[2024-07-08 18:45:34,678][flwr][INFO] - 	        (10, 0.9104578705644133)],
[2024-07-08 18:45:34,678][flwr][INFO] - 	 'precision': [(0, 0.12349967530374152),
[2024-07-08 18:45:34,678][flwr][INFO] - 	               (1, 0.7277694170419124),
[2024-07-08 18:45:34,678][flwr][INFO] - 	               (2, 0.7801583412457348),
[2024-07-08 18:45:34,678][flwr][INFO] - 	               (3, 0.818868738600802),
[2024-07-08 18:45:34,678][flwr][INFO] - 	               (4, 0.8742030473581716),
[2024-07-08 18:45:34,678][flwr][INFO] - 	               (5, 0.8751744391165793),
[2024-07-08 18:45:34,678][flwr][INFO] - 	               (6, 0.8872040452130592),
[2024-07-08 18:45:34,678][flwr][INFO] - 	               (7, 0.8862330553819368),
[2024-07-08 18:45:34,678][flwr][INFO] - 	               (8, 0.8837116999629725),
[2024-07-08 18:45:34,678][flwr][INFO] - 	               (9, 0.902946318734087),
[2024-07-08 18:45:34,678][flwr][INFO] - 	               (10, 0.9141249092007314)],
[2024-07-08 18:45:34,678][flwr][INFO] - 	 'recall': [(0, 0.1086),
[2024-07-08 18:45:34,678][flwr][INFO] - 	            (1, 0.5336),
[2024-07-08 18:45:34,678][flwr][INFO] - 	            (2, 0.7567),
[2024-07-08 18:45:34,678][flwr][INFO] - 	            (3, 0.8009),
[2024-07-08 18:45:34,678][flwr][INFO] - 	            (4, 0.8643),
[2024-07-08 18:45:34,678][flwr][INFO] - 	            (5, 0.8624),
[2024-07-08 18:45:34,678][flwr][INFO] - 	            (6, 0.8766),
[2024-07-08 18:45:34,678][flwr][INFO] - 	            (7, 0.8791),
[2024-07-08 18:45:34,678][flwr][INFO] - 	            (8, 0.8752),
[2024-07-08 18:45:34,678][flwr][INFO] - 	            (9, 0.8982),
[2024-07-08 18:45:34,678][flwr][INFO] - 	            (10, 0.9098)]}
[2024-07-08 18:45:34,678][flwr][INFO] - 
