[2024-06-21 13:33:36,971][flwr][INFO] - Starting Flower simulation, config: num_rounds=10, no round_timeout
[2024-06-21 13:33:38,970][flwr][INFO] - Flower VCE: Ray initialized with resources: {'memory': 9885427303.0, 'object_store_memory': 2147483648.0, 'CPU': 12.0, 'node:__internal_head__': 1.0, 'node:127.0.0.1': 1.0}
[2024-06-21 13:33:38,970][flwr][INFO] - Optimize your simulation with Flower VCE: https://flower.ai/docs/framework/how-to-run-simulations.html
[2024-06-21 13:33:38,970][flwr][INFO] - Flower VCE: Resources for each Virtual Client: {'num_cpus': 2, 'num_gpus': 0}
[2024-06-21 13:33:38,975][flwr][INFO] - Flower VCE: Creating VirtualClientEngineActorPool with 6 actors
[2024-06-21 13:33:38,976][flwr][INFO] - [INIT]
[2024-06-21 13:33:38,976][flwr][INFO] - Requesting initial parameters from one random client
[2024-06-21 13:33:40,538][flwr][INFO] - Received initial parameters from one random client
[2024-06-21 13:33:40,538][flwr][INFO] - Evaluating initial global parameters
[2024-06-21 13:33:40,917][flwr][INFO] - initial parameters (loss, other metrics): 181.76928067207336, {'accuracy': 0.1086, 'precision': 0.12349967530374152, 'recall': 0.1086, 'f1': 0.03553137346181725, 'confusion_matrix': array([[   0,    8,    0,  956,    0,    1,    0,   15,    0,    0],
       [   0,  122,    0, 1013,    0,    0,    0,    0,    0,    0],
       [   0,   38,    0,  971,    0,    0,    3,   19,    1,    0],
       [   0,   44,    0,  945,    1,    1,    0,   17,    2,    0],
       [   0,  143,    0,  816,    1,    0,    2,   20,    0,    0],
       [   0,  118,    0,  735,    1,    7,    0,   30,    1,    0],
       [   0,  144,    0,  749,   25,    0,    2,   38,    0,    0],
       [   0,  272,    0,  724,    8,    0,    0,    9,   15,    0],
       [   0,   81,    0,  859,    1,    0,    1,   32,    0,    0],
       [   0,  178,    0,  799,    1,    0,    0,   31,    0,    0]])}
[2024-06-21 13:33:40,917][flwr][INFO] - 
[2024-06-21 13:33:40,917][flwr][INFO] - [ROUND 1]
[2024-06-21 13:33:40,918][flwr][INFO] - configure_fit: strategy sampled 10 clients (out of 100)
[2024-06-21 13:33:47,605][flwr][INFO] - aggregate_fit: received 10 results and 0 failures
[2024-06-21 13:33:47,612][flwr][WARNING] - No fit_metrics_aggregation_fn provided
[2024-06-21 13:33:47,941][flwr][INFO] - fit progress: (1, 166.004368185997, {'accuracy': 0.2554, 'precision': 0.156076756653571, 'recall': 0.2554, 'f1': 0.18180676943171545, 'confusion_matrix': array([[ 781,   56,    2,    3,    0,    0,  135,    2,    1,    0],
       [   0,    0, 1124,    3,    0,    0,    5,    0,    2,    1],
       [  38,    1,  307,  541,    0,    0,   53,   51,   37,    4],
       [  57,    0,   64,  382,  212,    0,  170,    4,  121,    0],
       [ 512,    0,   20,    1,   36,  133,  122,   21,  134,    3],
       [ 191,    0,   41,   12,    9,    3,  588,    7,   40,    1],
       [  32,    0,   27,    8,    0,    0,  680,  210,    1,    0],
       [  96,    0,   45,    8,    2,    0,    2,    3,  871,    1],
       [  87,    0,  123,   26,   43,    0,  218,    6,  360,  111],
       [ 613,    0,    6,    2,    4,    0,   14,    9,  359,    2]])}, 7.023542)
[2024-06-21 13:33:47,941][flwr][INFO] - configure_evaluate: no clients selected, skipping evaluation
[2024-06-21 13:33:47,941][flwr][INFO] - 
[2024-06-21 13:33:47,941][flwr][INFO] - [ROUND 2]
[2024-06-21 13:33:47,942][flwr][INFO] - configure_fit: strategy sampled 10 clients (out of 100)
[2024-06-21 13:33:53,697][flwr][INFO] - aggregate_fit: received 10 results and 0 failures
[2024-06-21 13:33:54,104][flwr][INFO] - fit progress: (2, 169.29022300243378, {'accuracy': 0.2268, 'precision': 0.176277544863961, 'recall': 0.2268, 'f1': 0.19425782866290803, 'confusion_matrix': array([[ 420,  451,    1,    8,    2,    3,   89,    1,    2,    3],
       [   0,    0, 1115,    3,    0,    0,   12,    0,    1,    4],
       [   7,    6,  157,  769,    5,    6,   40,    7,   21,   14],
       [   0,    1,   19,  348,  510,    1,   73,    1,   25,   32],
       [  14,    0,    2,    2,   42,  776,   69,    2,    1,   74],
       [  21,    9,   13,   24,   78,   58,  646,    1,   23,   19],
       [   4,    4,    4,   15,    1,    6,  776,  147,    0,    1],
       [  72,    0,   31,   25,    5,    9,    4,    0,  854,   28],
       [   7,    4,   41,   30,  120,    5,  117,    0,   11,  639],
       [ 312,    1,    3,    7,   42,  131,   16,    2,   39,  456]])}, 13.187041500000003)
[2024-06-21 13:33:54,105][flwr][INFO] - configure_evaluate: no clients selected, skipping evaluation
[2024-06-21 13:33:54,105][flwr][INFO] - 
[2024-06-21 13:33:54,105][flwr][INFO] - [ROUND 3]
[2024-06-21 13:33:54,105][flwr][INFO] - configure_fit: strategy sampled 10 clients (out of 100)
[2024-06-21 13:33:59,704][flwr][INFO] - aggregate_fit: received 10 results and 0 failures
[2024-06-21 13:34:00,067][flwr][INFO] - fit progress: (3, 146.11402583122253, {'accuracy': 0.2441, 'precision': 0.20678127726746123, 'recall': 0.2441, 'f1': 0.22042517465878078, 'confusion_matrix': array([[ 335,  595,    0,    4,    0,    4,   33,    5,    1,    3],
       [   0,    0, 1118,    3,    1,    0,    8,    0,    1,    4],
       [   9,   10,  360,  556,    3,   18,   20,   16,   21,   19],
       [   0,    5,   26,  354,  512,   17,   19,    3,   40,   34],
       [   6,    0,    2,    0,   22,  899,   13,    5,    0,   35],
       [  22,   19,   10,   23,   51,  307,  425,    2,   19,   14],
       [   2,    6,    3,    4,    2,    7,  632,  300,    0,    2],
       [  91,    0,   39,   16,    4,   20,    3,    2,  821,   32],
       [  12,    8,   56,   31,   44,   31,   53,    1,   20,  718],
       [ 315,    1,    4,    5,   14,  232,    1,    3,   25,  409]])}, 19.149690959)
[2024-06-21 13:34:00,067][flwr][INFO] - configure_evaluate: no clients selected, skipping evaluation
[2024-06-21 13:34:00,067][flwr][INFO] - 
[2024-06-21 13:34:00,067][flwr][INFO] - [ROUND 4]
[2024-06-21 13:34:00,068][flwr][INFO] - configure_fit: strategy sampled 10 clients (out of 100)
[2024-06-21 13:34:04,986][flwr][INFO] - aggregate_fit: received 10 results and 0 failures
[2024-06-21 13:34:05,325][flwr][INFO] - fit progress: (4, 139.9985692501068, {'accuracy': 0.1787, 'precision': 0.16366179396424185, 'recall': 0.1787, 'f1': 0.16719359881780355, 'confusion_matrix': array([[ 233,  717,    0,    1,    0,    5,   13,    8,    1,    2],
       [   0,    3, 1109,    4,    5,    0,    4,    2,    1,    7],
       [   8,    8,  118,  806,    8,   19,    9,   22,   16,   18],
       [   0,    3,    7,  265,  654,    5,   17,    6,   14,   39],
       [   8,    0,    0,    1,   86,  833,    7,    7,    0,   40],
       [  10,   21,    6,   24,   61,  175,  562,    4,   10,   19],
       [   2,   10,    4,    3,    2,    8,  278,  650,    0,    1],
       [  94,    0,   26,   26,    8,   15,    0,   27,  781,   51],
       [   5,   14,   22,   38,   47,   27,   41,    5,   14,  761],
       [ 283,    1,    2,    3,   28,   87,    4,    3,   10,  588]])}, 24.408340584)
[2024-06-21 13:34:05,326][flwr][INFO] - configure_evaluate: no clients selected, skipping evaluation
[2024-06-21 13:34:05,326][flwr][INFO] - 
[2024-06-21 13:34:05,326][flwr][INFO] - [ROUND 5]
[2024-06-21 13:34:05,326][flwr][INFO] - configure_fit: strategy sampled 10 clients (out of 100)
[2024-06-21 13:34:10,066][flwr][INFO] - aggregate_fit: received 10 results and 0 failures
[2024-06-21 13:34:10,412][flwr][INFO] - fit progress: (5, 130.93783950805664, {'accuracy': 0.223, 'precision': 0.18394159082833011, 'recall': 0.223, 'f1': 0.20054559558736232, 'confusion_matrix': array([[ 619,  335,    0,    2,    0,    4,   10,    6,    2,    2],
       [   0,    6, 1104,    3,    1,    2,    8,    0,    1,   10],
       [  16,    2,  263,  667,    8,   14,   10,    8,   27,   17],
       [   0,    3,    6,  253,  682,    6,   10,    2,   23,   25],
       [  19,    0,    1,    1,   43,  866,   11,    2,    0,   39],
       [  18,   10,    6,   22,   81,  133,  580,    2,   20,   20],
       [  12,   10,    3,    3,    2,    7,  516,  401,    0,    4],
       [  41,    0,   26,   11,    6,    8,    0,    1,  912,   23],
       [  10,    5,   21,   24,   41,   25,   36,    0,   38,  774],
       [ 522,    0,    3,    3,   28,   63,    6,    1,   25,  358]])}, 29.495143709000004)
[2024-06-21 13:34:10,413][flwr][INFO] - configure_evaluate: no clients selected, skipping evaluation
[2024-06-21 13:34:10,413][flwr][INFO] - 
[2024-06-21 13:34:10,413][flwr][INFO] - [ROUND 6]
[2024-06-21 13:34:10,413][flwr][INFO] - configure_fit: strategy sampled 10 clients (out of 100)
[2024-06-21 13:34:15,150][flwr][INFO] - aggregate_fit: received 10 results and 0 failures
[2024-06-21 13:34:15,485][flwr][INFO] - fit progress: (6, 130.97101438045502, {'accuracy': 0.1705, 'precision': 0.15913963346485657, 'recall': 0.1705, 'f1': 0.16153354029717998, 'confusion_matrix': array([[117, 834,   0,   3,   0,   4,   7,   9,   3,   3],
       [  0, 126, 986,   6,   0,   1,   6,   2,   1,   7],
       [  2,  10,  66, 881,   8,  13,   5,  18,  22,   7],
       [  0,   4,   3, 289, 639,   6,  13,   3,  21,  32],
       [ 13,   0,   0,   2,  37, 864,   9,   8,   2,  47],
       [  5,  14,   3,  19,  50, 191, 559,   6,  31,  14],
       [  0,  13,   2,   4,   0,   4, 277, 657,   0,   1],
       [  7,   1,  15,  44,   3,   6,   0,  13, 920,  19],
       [  4,   9,  16,  37,  17,  18,  39,   2,  91, 741],
       [388,   4,   2,   4,  12,  43,   3,   4,  51, 498]])}, 34.567788209)
[2024-06-21 13:34:15,485][flwr][INFO] - configure_evaluate: no clients selected, skipping evaluation
[2024-06-21 13:34:15,485][flwr][INFO] - 
[2024-06-21 13:34:15,485][flwr][INFO] - [ROUND 7]
[2024-06-21 13:34:15,485][flwr][INFO] - configure_fit: strategy sampled 10 clients (out of 100)
[2024-06-21 13:34:20,372][flwr][INFO] - aggregate_fit: received 10 results and 0 failures
[2024-06-21 13:34:20,702][flwr][INFO] - fit progress: (7, 121.46518170833588, {'accuracy': 0.2006, 'precision': 0.16420498369453834, 'recall': 0.2006, 'f1': 0.17563914908981018, 'confusion_matrix': array([[ 31, 930,   0,   0,   0,   1,  11,   2,   4,   1],
       [  0, 158, 957,   3,   0,   0,   7,   0,   1,   9],
       [  2,  12, 173, 774,  12,   9,   8,  10,  21,  11],
       [  0,   5,   7, 113, 789,   0,  37,   5,  22,  32],
       [  8,   1,   1,   2,  63, 841,  10,   1,   1,  54],
       [  1,  10,   2,   4,  27,  68, 735,   2,  23,  20],
       [  0,  14,   3,   1,   1,   6, 538, 391,   0,   4],
       [ 11,   1,  24,  30,   4,   4,   0,  11, 920,  23],
       [  1,  10,  22,  11,  18,  13,  43,   0, 157, 699],
       [231,   6,   1,   1,  13,  26,   9,   2,  26, 694]])}, 39.785431125)
[2024-06-21 13:34:20,703][flwr][INFO] - configure_evaluate: no clients selected, skipping evaluation
[2024-06-21 13:34:20,703][flwr][INFO] - 
[2024-06-21 13:34:20,703][flwr][INFO] - [ROUND 8]
[2024-06-21 13:34:20,703][flwr][INFO] - configure_fit: strategy sampled 10 clients (out of 100)
[2024-06-21 13:34:25,771][flwr][INFO] - aggregate_fit: received 10 results and 0 failures
[2024-06-21 13:34:26,115][flwr][INFO] - fit progress: (8, 138.61348176002502, {'accuracy': 0.1321, 'precision': 0.10021297372030025, 'recall': 0.1321, 'f1': 0.11198916850618121, 'confusion_matrix': array([[ 703,  255,    0,    1,    0,    3,    7,    9,    1,    1],
       [   0,    1, 1111,    3,    1,    2,    4,    2,    0,   11],
       [  16,    2,   96,  850,    5,   13,    5,   18,   14,   13],
       [   5,    1,    4,  139,  803,    1,   13,    3,   14,   27],
       [  20,    0,    0,    1,    9,  917,    4,    9,    1,   21],
       [  20,    4,    2,    6,   55,  111,  664,    4,   10,   16],
       [   3,    9,    2,    3,    0,    7,  132,  799,    0,    3],
       [  59,    0,   24,   29,    3,   11,    0,    9,  882,   11],
       [  21,    3,   14,   20,   15,   27,   32,    3,   19,  820],
       [ 822,    0,    4,    3,   11,   58,    1,    2,    6,  102]])}, 45.19790125)
[2024-06-21 13:34:26,115][flwr][INFO] - configure_evaluate: no clients selected, skipping evaluation
[2024-06-21 13:34:26,115][flwr][INFO] - 
[2024-06-21 13:34:26,115][flwr][INFO] - [ROUND 9]
[2024-06-21 13:34:26,116][flwr][INFO] - configure_fit: strategy sampled 10 clients (out of 100)
[2024-06-21 13:34:30,916][flwr][INFO] - aggregate_fit: received 10 results and 0 failures
[2024-06-21 13:34:31,255][flwr][INFO] - fit progress: (9, 119.56707966327667, {'accuracy': 0.1415, 'precision': 0.12900585631234204, 'recall': 0.1415, 'f1': 0.1344143606443238, 'confusion_matrix': array([[ 23, 936,   0,   0,   0,   1,   7,   9,   2,   2],
       [  1, 311, 792,   3,   0,   2,   8,   0,   4,  14],
       [  2,   8,  67, 895,   9,   8,   5,  11,  18,   9],
       [  2,   4,   0, 138, 788,   1,  23,   4,  15,  35],
       [  3,   1,   0,   3,  31, 894,  12,   4,   2,  32],
       [  4,   9,   0,   6,  27,  63, 755,   2,   9,  17],
       [  0,   9,   2,   4,   0,   5, 278, 657,   0,   3],
       [ 33,   2,  16,  33,   4,   4,   0,  30, 889,  17],
       [  5,  10,   6,  18,  16,  13,  37,   1, 152, 716],
       [596,   9,   0,   4,  13,  47,   2,   4,  12, 322]])}, 50.337804459000004)
[2024-06-21 13:34:31,255][flwr][INFO] - configure_evaluate: no clients selected, skipping evaluation
[2024-06-21 13:34:31,255][flwr][INFO] - 
[2024-06-21 13:34:31,255][flwr][INFO] - [ROUND 10]
[2024-06-21 13:34:31,255][flwr][INFO] - configure_fit: strategy sampled 10 clients (out of 100)
[2024-06-21 13:34:36,134][flwr][INFO] - aggregate_fit: received 10 results and 0 failures
[2024-06-21 13:34:36,471][flwr][INFO] - fit progress: (10, 135.56689822673798, {'accuracy': 0.148, 'precision': 0.11872801085434483, 'recall': 0.148, 'f1': 0.13074004940596567, 'confusion_matrix': array([[ 330,  633,    0,    0,    1,    1,    8,    4,    1,    2],
       [   0,    5, 1108,    3,    2,    2,    7,    0,    2,    6],
       [  10,    3,   48,  914,    8,   11,    6,    6,   18,    8],
       [   5,    2,    2,  103,  831,    5,   18,    2,   21,   21],
       [  14,    0,    0,    2,    8,  921,   12,    1,    1,   23],
       [  14,    6,    1,    4,   38,  107,  694,    2,    9,   17],
       [   3,    8,    3,    4,    0,   10,  637,  288,    0,    5],
       [  23,    0,   12,   31,    4,    6,    0,    4,  938,   10],
       [  11,    5,   11,   22,   17,   22,   24,    0,   43,  819],
       [ 730,    3,    2,    2,    8,   52,    1,    0,   16,  195]])}, 55.554016375)
[2024-06-21 13:34:36,471][flwr][INFO] - configure_evaluate: no clients selected, skipping evaluation
[2024-06-21 13:34:36,471][flwr][INFO] - 
[2024-06-21 13:34:36,471][flwr][INFO] - [SUMMARY]
[2024-06-21 13:34:36,471][flwr][INFO] - Run finished 10 round(s) in 55.55s
[2024-06-21 13:34:36,475][flwr][INFO] - 	History (loss, centralized):
[2024-06-21 13:34:36,475][flwr][INFO] - 		round 0: 181.76928067207336
[2024-06-21 13:34:36,475][flwr][INFO] - 		round 1: 166.004368185997
[2024-06-21 13:34:36,475][flwr][INFO] - 		round 2: 169.29022300243378
[2024-06-21 13:34:36,475][flwr][INFO] - 		round 3: 146.11402583122253
[2024-06-21 13:34:36,475][flwr][INFO] - 		round 4: 139.9985692501068
[2024-06-21 13:34:36,475][flwr][INFO] - 		round 5: 130.93783950805664
[2024-06-21 13:34:36,475][flwr][INFO] - 		round 6: 130.97101438045502
[2024-06-21 13:34:36,475][flwr][INFO] - 		round 7: 121.46518170833588
[2024-06-21 13:34:36,475][flwr][INFO] - 		round 8: 138.61348176002502
[2024-06-21 13:34:36,475][flwr][INFO] - 		round 9: 119.56707966327667
[2024-06-21 13:34:36,476][flwr][INFO] - 		round 10: 135.56689822673798
[2024-06-21 13:34:36,476][flwr][INFO] - 	History (metrics, centralized):
[2024-06-21 13:34:36,476][flwr][INFO] - 	{'accuracy': [(0, 0.1086),
[2024-06-21 13:34:36,476][flwr][INFO] - 	              (1, 0.2554),
[2024-06-21 13:34:36,476][flwr][INFO] - 	              (2, 0.2268),
[2024-06-21 13:34:36,476][flwr][INFO] - 	              (3, 0.2441),
[2024-06-21 13:34:36,476][flwr][INFO] - 	              (4, 0.1787),
[2024-06-21 13:34:36,476][flwr][INFO] - 	              (5, 0.223),
[2024-06-21 13:34:36,476][flwr][INFO] - 	              (6, 0.1705),
[2024-06-21 13:34:36,476][flwr][INFO] - 	              (7, 0.2006),
[2024-06-21 13:34:36,476][flwr][INFO] - 	              (8, 0.1321),
[2024-06-21 13:34:36,476][flwr][INFO] - 	              (9, 0.1415),
[2024-06-21 13:34:36,476][flwr][INFO] - 	              (10, 0.148)],
[2024-06-21 13:34:36,476][flwr][INFO] - 	 'confusion_matrix': [(0,
[2024-06-21 13:34:36,476][flwr][INFO] - 	                       array([[   0,    8,    0,  956,    0,    1,    0,   15,    0,    0],
[2024-06-21 13:34:36,476][flwr][INFO] - 	       [   0,  122,    0, 1013,    0,    0,    0,    0,    0,    0],
[2024-06-21 13:34:36,476][flwr][INFO] - 	       [   0,   38,    0,  971,    0,    0,    3,   19,    1,    0],
[2024-06-21 13:34:36,476][flwr][INFO] - 	       [   0,   44,    0,  945,    1,    1,    0,   17,    2,    0],
[2024-06-21 13:34:36,476][flwr][INFO] - 	       [   0,  143,    0,  816,    1,    0,    2,   20,    0,    0],
[2024-06-21 13:34:36,476][flwr][INFO] - 	       [   0,  118,    0,  735,    1,    7,    0,   30,    1,    0],
[2024-06-21 13:34:36,476][flwr][INFO] - 	       [   0,  144,    0,  749,   25,    0,    2,   38,    0,    0],
[2024-06-21 13:34:36,476][flwr][INFO] - 	       [   0,  272,    0,  724,    8,    0,    0,    9,   15,    0],
[2024-06-21 13:34:36,476][flwr][INFO] - 	       [   0,   81,    0,  859,    1,    0,    1,   32,    0,    0],
[2024-06-21 13:34:36,476][flwr][INFO] - 	       [   0,  178,    0,  799,    1,    0,    0,   31,    0,    0]])),
[2024-06-21 13:34:36,476][flwr][INFO] - 	                      (1,
[2024-06-21 13:34:36,476][flwr][INFO] - 	                       array([[ 781,   56,    2,    3,    0,    0,  135,    2,    1,    0],
[2024-06-21 13:34:36,476][flwr][INFO] - 	       [   0,    0, 1124,    3,    0,    0,    5,    0,    2,    1],
[2024-06-21 13:34:36,476][flwr][INFO] - 	       [  38,    1,  307,  541,    0,    0,   53,   51,   37,    4],
[2024-06-21 13:34:36,476][flwr][INFO] - 	       [  57,    0,   64,  382,  212,    0,  170,    4,  121,    0],
[2024-06-21 13:34:36,476][flwr][INFO] - 	       [ 512,    0,   20,    1,   36,  133,  122,   21,  134,    3],
[2024-06-21 13:34:36,476][flwr][INFO] - 	       [ 191,    0,   41,   12,    9,    3,  588,    7,   40,    1],
[2024-06-21 13:34:36,476][flwr][INFO] - 	       [  32,    0,   27,    8,    0,    0,  680,  210,    1,    0],
[2024-06-21 13:34:36,476][flwr][INFO] - 	       [  96,    0,   45,    8,    2,    0,    2,    3,  871,    1],
[2024-06-21 13:34:36,476][flwr][INFO] - 	       [  87,    0,  123,   26,   43,    0,  218,    6,  360,  111],
[2024-06-21 13:34:36,476][flwr][INFO] - 	       [ 613,    0,    6,    2,    4,    0,   14,    9,  359,    2]])),
[2024-06-21 13:34:36,476][flwr][INFO] - 	                      (2,
[2024-06-21 13:34:36,476][flwr][INFO] - 	                       array([[ 420,  451,    1,    8,    2,    3,   89,    1,    2,    3],
[2024-06-21 13:34:36,476][flwr][INFO] - 	       [   0,    0, 1115,    3,    0,    0,   12,    0,    1,    4],
[2024-06-21 13:34:36,476][flwr][INFO] - 	       [   7,    6,  157,  769,    5,    6,   40,    7,   21,   14],
[2024-06-21 13:34:36,476][flwr][INFO] - 	       [   0,    1,   19,  348,  510,    1,   73,    1,   25,   32],
[2024-06-21 13:34:36,476][flwr][INFO] - 	       [  14,    0,    2,    2,   42,  776,   69,    2,    1,   74],
[2024-06-21 13:34:36,476][flwr][INFO] - 	       [  21,    9,   13,   24,   78,   58,  646,    1,   23,   19],
[2024-06-21 13:34:36,476][flwr][INFO] - 	       [   4,    4,    4,   15,    1,    6,  776,  147,    0,    1],
[2024-06-21 13:34:36,476][flwr][INFO] - 	       [  72,    0,   31,   25,    5,    9,    4,    0,  854,   28],
[2024-06-21 13:34:36,476][flwr][INFO] - 	       [   7,    4,   41,   30,  120,    5,  117,    0,   11,  639],
[2024-06-21 13:34:36,476][flwr][INFO] - 	       [ 312,    1,    3,    7,   42,  131,   16,    2,   39,  456]])),
[2024-06-21 13:34:36,476][flwr][INFO] - 	                      (3,
[2024-06-21 13:34:36,477][flwr][INFO] - 	                       array([[ 335,  595,    0,    4,    0,    4,   33,    5,    1,    3],
[2024-06-21 13:34:36,477][flwr][INFO] - 	       [   0,    0, 1118,    3,    1,    0,    8,    0,    1,    4],
[2024-06-21 13:34:36,477][flwr][INFO] - 	       [   9,   10,  360,  556,    3,   18,   20,   16,   21,   19],
[2024-06-21 13:34:36,477][flwr][INFO] - 	       [   0,    5,   26,  354,  512,   17,   19,    3,   40,   34],
[2024-06-21 13:34:36,477][flwr][INFO] - 	       [   6,    0,    2,    0,   22,  899,   13,    5,    0,   35],
[2024-06-21 13:34:36,477][flwr][INFO] - 	       [  22,   19,   10,   23,   51,  307,  425,    2,   19,   14],
[2024-06-21 13:34:36,477][flwr][INFO] - 	       [   2,    6,    3,    4,    2,    7,  632,  300,    0,    2],
[2024-06-21 13:34:36,477][flwr][INFO] - 	       [  91,    0,   39,   16,    4,   20,    3,    2,  821,   32],
[2024-06-21 13:34:36,477][flwr][INFO] - 	       [  12,    8,   56,   31,   44,   31,   53,    1,   20,  718],
[2024-06-21 13:34:36,477][flwr][INFO] - 	       [ 315,    1,    4,    5,   14,  232,    1,    3,   25,  409]])),
[2024-06-21 13:34:36,477][flwr][INFO] - 	                      (4,
[2024-06-21 13:34:36,477][flwr][INFO] - 	                       array([[ 233,  717,    0,    1,    0,    5,   13,    8,    1,    2],
[2024-06-21 13:34:36,477][flwr][INFO] - 	       [   0,    3, 1109,    4,    5,    0,    4,    2,    1,    7],
[2024-06-21 13:34:36,477][flwr][INFO] - 	       [   8,    8,  118,  806,    8,   19,    9,   22,   16,   18],
[2024-06-21 13:34:36,477][flwr][INFO] - 	       [   0,    3,    7,  265,  654,    5,   17,    6,   14,   39],
[2024-06-21 13:34:36,477][flwr][INFO] - 	       [   8,    0,    0,    1,   86,  833,    7,    7,    0,   40],
[2024-06-21 13:34:36,477][flwr][INFO] - 	       [  10,   21,    6,   24,   61,  175,  562,    4,   10,   19],
[2024-06-21 13:34:36,477][flwr][INFO] - 	       [   2,   10,    4,    3,    2,    8,  278,  650,    0,    1],
[2024-06-21 13:34:36,477][flwr][INFO] - 	       [  94,    0,   26,   26,    8,   15,    0,   27,  781,   51],
[2024-06-21 13:34:36,477][flwr][INFO] - 	       [   5,   14,   22,   38,   47,   27,   41,    5,   14,  761],
[2024-06-21 13:34:36,477][flwr][INFO] - 	       [ 283,    1,    2,    3,   28,   87,    4,    3,   10,  588]])),
[2024-06-21 13:34:36,477][flwr][INFO] - 	                      (5,
[2024-06-21 13:34:36,477][flwr][INFO] - 	                       array([[ 619,  335,    0,    2,    0,    4,   10,    6,    2,    2],
[2024-06-21 13:34:36,477][flwr][INFO] - 	       [   0,    6, 1104,    3,    1,    2,    8,    0,    1,   10],
[2024-06-21 13:34:36,477][flwr][INFO] - 	       [  16,    2,  263,  667,    8,   14,   10,    8,   27,   17],
[2024-06-21 13:34:36,477][flwr][INFO] - 	       [   0,    3,    6,  253,  682,    6,   10,    2,   23,   25],
[2024-06-21 13:34:36,477][flwr][INFO] - 	       [  19,    0,    1,    1,   43,  866,   11,    2,    0,   39],
[2024-06-21 13:34:36,477][flwr][INFO] - 	       [  18,   10,    6,   22,   81,  133,  580,    2,   20,   20],
[2024-06-21 13:34:36,477][flwr][INFO] - 	       [  12,   10,    3,    3,    2,    7,  516,  401,    0,    4],
[2024-06-21 13:34:36,477][flwr][INFO] - 	       [  41,    0,   26,   11,    6,    8,    0,    1,  912,   23],
[2024-06-21 13:34:36,477][flwr][INFO] - 	       [  10,    5,   21,   24,   41,   25,   36,    0,   38,  774],
[2024-06-21 13:34:36,477][flwr][INFO] - 	       [ 522,    0,    3,    3,   28,   63,    6,    1,   25,  358]])),
[2024-06-21 13:34:36,477][flwr][INFO] - 	                      (6,
[2024-06-21 13:34:36,477][flwr][INFO] - 	                       array([[117, 834,   0,   3,   0,   4,   7,   9,   3,   3],
[2024-06-21 13:34:36,477][flwr][INFO] - 	       [  0, 126, 986,   6,   0,   1,   6,   2,   1,   7],
[2024-06-21 13:34:36,477][flwr][INFO] - 	       [  2,  10,  66, 881,   8,  13,   5,  18,  22,   7],
[2024-06-21 13:34:36,477][flwr][INFO] - 	       [  0,   4,   3, 289, 639,   6,  13,   3,  21,  32],
[2024-06-21 13:34:36,477][flwr][INFO] - 	       [ 13,   0,   0,   2,  37, 864,   9,   8,   2,  47],
[2024-06-21 13:34:36,477][flwr][INFO] - 	       [  5,  14,   3,  19,  50, 191, 559,   6,  31,  14],
[2024-06-21 13:34:36,477][flwr][INFO] - 	       [  0,  13,   2,   4,   0,   4, 277, 657,   0,   1],
[2024-06-21 13:34:36,477][flwr][INFO] - 	       [  7,   1,  15,  44,   3,   6,   0,  13, 920,  19],
[2024-06-21 13:34:36,477][flwr][INFO] - 	       [  4,   9,  16,  37,  17,  18,  39,   2,  91, 741],
[2024-06-21 13:34:36,477][flwr][INFO] - 	       [388,   4,   2,   4,  12,  43,   3,   4,  51, 498]])),
[2024-06-21 13:34:36,477][flwr][INFO] - 	                      (7,
[2024-06-21 13:34:36,477][flwr][INFO] - 	                       array([[ 31, 930,   0,   0,   0,   1,  11,   2,   4,   1],
[2024-06-21 13:34:36,477][flwr][INFO] - 	       [  0, 158, 957,   3,   0,   0,   7,   0,   1,   9],
[2024-06-21 13:34:36,477][flwr][INFO] - 	       [  2,  12, 173, 774,  12,   9,   8,  10,  21,  11],
[2024-06-21 13:34:36,477][flwr][INFO] - 	       [  0,   5,   7, 113, 789,   0,  37,   5,  22,  32],
[2024-06-21 13:34:36,478][flwr][INFO] - 	       [  8,   1,   1,   2,  63, 841,  10,   1,   1,  54],
[2024-06-21 13:34:36,478][flwr][INFO] - 	       [  1,  10,   2,   4,  27,  68, 735,   2,  23,  20],
[2024-06-21 13:34:36,478][flwr][INFO] - 	       [  0,  14,   3,   1,   1,   6, 538, 391,   0,   4],
[2024-06-21 13:34:36,478][flwr][INFO] - 	       [ 11,   1,  24,  30,   4,   4,   0,  11, 920,  23],
[2024-06-21 13:34:36,478][flwr][INFO] - 	       [  1,  10,  22,  11,  18,  13,  43,   0, 157, 699],
[2024-06-21 13:34:36,478][flwr][INFO] - 	       [231,   6,   1,   1,  13,  26,   9,   2,  26, 694]])),
[2024-06-21 13:34:36,478][flwr][INFO] - 	                      (8,
[2024-06-21 13:34:36,478][flwr][INFO] - 	                       array([[ 703,  255,    0,    1,    0,    3,    7,    9,    1,    1],
[2024-06-21 13:34:36,478][flwr][INFO] - 	       [   0,    1, 1111,    3,    1,    2,    4,    2,    0,   11],
[2024-06-21 13:34:36,478][flwr][INFO] - 	       [  16,    2,   96,  850,    5,   13,    5,   18,   14,   13],
[2024-06-21 13:34:36,478][flwr][INFO] - 	       [   5,    1,    4,  139,  803,    1,   13,    3,   14,   27],
[2024-06-21 13:34:36,478][flwr][INFO] - 	       [  20,    0,    0,    1,    9,  917,    4,    9,    1,   21],
[2024-06-21 13:34:36,478][flwr][INFO] - 	       [  20,    4,    2,    6,   55,  111,  664,    4,   10,   16],
[2024-06-21 13:34:36,478][flwr][INFO] - 	       [   3,    9,    2,    3,    0,    7,  132,  799,    0,    3],
[2024-06-21 13:34:36,478][flwr][INFO] - 	       [  59,    0,   24,   29,    3,   11,    0,    9,  882,   11],
[2024-06-21 13:34:36,478][flwr][INFO] - 	       [  21,    3,   14,   20,   15,   27,   32,    3,   19,  820],
[2024-06-21 13:34:36,478][flwr][INFO] - 	       [ 822,    0,    4,    3,   11,   58,    1,    2,    6,  102]])),
[2024-06-21 13:34:36,478][flwr][INFO] - 	                      (9,
[2024-06-21 13:34:36,478][flwr][INFO] - 	                       array([[ 23, 936,   0,   0,   0,   1,   7,   9,   2,   2],
[2024-06-21 13:34:36,478][flwr][INFO] - 	       [  1, 311, 792,   3,   0,   2,   8,   0,   4,  14],
[2024-06-21 13:34:36,478][flwr][INFO] - 	       [  2,   8,  67, 895,   9,   8,   5,  11,  18,   9],
[2024-06-21 13:34:36,478][flwr][INFO] - 	       [  2,   4,   0, 138, 788,   1,  23,   4,  15,  35],
[2024-06-21 13:34:36,478][flwr][INFO] - 	       [  3,   1,   0,   3,  31, 894,  12,   4,   2,  32],
[2024-06-21 13:34:36,478][flwr][INFO] - 	       [  4,   9,   0,   6,  27,  63, 755,   2,   9,  17],
[2024-06-21 13:34:36,478][flwr][INFO] - 	       [  0,   9,   2,   4,   0,   5, 278, 657,   0,   3],
[2024-06-21 13:34:36,478][flwr][INFO] - 	       [ 33,   2,  16,  33,   4,   4,   0,  30, 889,  17],
[2024-06-21 13:34:36,478][flwr][INFO] - 	       [  5,  10,   6,  18,  16,  13,  37,   1, 152, 716],
[2024-06-21 13:34:36,478][flwr][INFO] - 	       [596,   9,   0,   4,  13,  47,   2,   4,  12, 322]])),
[2024-06-21 13:34:36,478][flwr][INFO] - 	                      (10,
[2024-06-21 13:34:36,478][flwr][INFO] - 	                       array([[ 330,  633,    0,    0,    1,    1,    8,    4,    1,    2],
[2024-06-21 13:34:36,478][flwr][INFO] - 	       [   0,    5, 1108,    3,    2,    2,    7,    0,    2,    6],
[2024-06-21 13:34:36,478][flwr][INFO] - 	       [  10,    3,   48,  914,    8,   11,    6,    6,   18,    8],
[2024-06-21 13:34:36,478][flwr][INFO] - 	       [   5,    2,    2,  103,  831,    5,   18,    2,   21,   21],
[2024-06-21 13:34:36,478][flwr][INFO] - 	       [  14,    0,    0,    2,    8,  921,   12,    1,    1,   23],
[2024-06-21 13:34:36,478][flwr][INFO] - 	       [  14,    6,    1,    4,   38,  107,  694,    2,    9,   17],
[2024-06-21 13:34:36,478][flwr][INFO] - 	       [   3,    8,    3,    4,    0,   10,  637,  288,    0,    5],
[2024-06-21 13:34:36,478][flwr][INFO] - 	       [  23,    0,   12,   31,    4,    6,    0,    4,  938,   10],
[2024-06-21 13:34:36,478][flwr][INFO] - 	       [  11,    5,   11,   22,   17,   22,   24,    0,   43,  819],
[2024-06-21 13:34:36,478][flwr][INFO] - 	       [ 730,    3,    2,    2,    8,   52,    1,    0,   16,  195]]))],
[2024-06-21 13:34:36,478][flwr][INFO] - 	 'f1': [(0, 0.03553137346181725),
[2024-06-21 13:34:36,478][flwr][INFO] - 	        (1, 0.18180676943171545),
[2024-06-21 13:34:36,478][flwr][INFO] - 	        (2, 0.19425782866290803),
[2024-06-21 13:34:36,478][flwr][INFO] - 	        (3, 0.22042517465878078),
[2024-06-21 13:34:36,478][flwr][INFO] - 	        (4, 0.16719359881780355),
[2024-06-21 13:34:36,478][flwr][INFO] - 	        (5, 0.20054559558736232),
[2024-06-21 13:34:36,478][flwr][INFO] - 	        (6, 0.16153354029717998),
[2024-06-21 13:34:36,478][flwr][INFO] - 	        (7, 0.17563914908981018),
[2024-06-21 13:34:36,478][flwr][INFO] - 	        (8, 0.11198916850618121),
[2024-06-21 13:34:36,478][flwr][INFO] - 	        (9, 0.1344143606443238),
[2024-06-21 13:34:36,479][flwr][INFO] - 	        (10, 0.13074004940596567)],
[2024-06-21 13:34:36,479][flwr][INFO] - 	 'precision': [(0, 0.12349967530374152),
[2024-06-21 13:34:36,479][flwr][INFO] - 	               (1, 0.156076756653571),
[2024-06-21 13:34:36,479][flwr][INFO] - 	               (2, 0.176277544863961),
[2024-06-21 13:34:36,479][flwr][INFO] - 	               (3, 0.20678127726746123),
[2024-06-21 13:34:36,479][flwr][INFO] - 	               (4, 0.16366179396424185),
[2024-06-21 13:34:36,479][flwr][INFO] - 	               (5, 0.18394159082833011),
[2024-06-21 13:34:36,479][flwr][INFO] - 	               (6, 0.15913963346485657),
[2024-06-21 13:34:36,479][flwr][INFO] - 	               (7, 0.16420498369453834),
[2024-06-21 13:34:36,479][flwr][INFO] - 	               (8, 0.10021297372030025),
[2024-06-21 13:34:36,479][flwr][INFO] - 	               (9, 0.12900585631234204),
[2024-06-21 13:34:36,479][flwr][INFO] - 	               (10, 0.11872801085434483)],
[2024-06-21 13:34:36,479][flwr][INFO] - 	 'recall': [(0, 0.1086),
[2024-06-21 13:34:36,479][flwr][INFO] - 	            (1, 0.2554),
[2024-06-21 13:34:36,479][flwr][INFO] - 	            (2, 0.2268),
[2024-06-21 13:34:36,479][flwr][INFO] - 	            (3, 0.2441),
[2024-06-21 13:34:36,479][flwr][INFO] - 	            (4, 0.1787),
[2024-06-21 13:34:36,479][flwr][INFO] - 	            (5, 0.223),
[2024-06-21 13:34:36,479][flwr][INFO] - 	            (6, 0.1705),
[2024-06-21 13:34:36,479][flwr][INFO] - 	            (7, 0.2006),
[2024-06-21 13:34:36,479][flwr][INFO] - 	            (8, 0.1321),
[2024-06-21 13:34:36,479][flwr][INFO] - 	            (9, 0.1415),
[2024-06-21 13:34:36,479][flwr][INFO] - 	            (10, 0.148)]}
[2024-06-21 13:34:36,479][flwr][INFO] - 
