[2024-06-20 19:34:50,983][flwr][INFO] - Starting Flower simulation, config: num_rounds=10, no round_timeout
[2024-06-20 19:34:53,098][flwr][INFO] - Flower VCE: Ray initialized with resources: {'memory': 8670522573.0, 'object_store_memory': 2147483648.0, 'CPU': 12.0, 'node:127.0.0.1': 1.0, 'node:__internal_head__': 1.0}
[2024-06-20 19:34:53,098][flwr][INFO] - Optimize your simulation with Flower VCE: https://flower.ai/docs/framework/how-to-run-simulations.html
[2024-06-20 19:34:53,098][flwr][INFO] - Flower VCE: Resources for each Virtual Client: {'num_cpus': 2, 'num_gpus': 0}
[2024-06-20 19:34:53,106][flwr][INFO] - Flower VCE: Creating VirtualClientEngineActorPool with 6 actors
[2024-06-20 19:34:53,107][flwr][INFO] - [INIT]
[2024-06-20 19:34:53,107][flwr][INFO] - Requesting initial parameters from one random client
[2024-06-20 19:34:55,672][flwr][INFO] - Received initial parameters from one random client
[2024-06-20 19:34:55,672][flwr][INFO] - Evaluating initial global parameters
[2024-06-20 19:34:56,127][flwr][INFO] - initial parameters (loss, other metrics): 181.76928067207336, {'accuracy': 0.1086, 'precision': 0.12349967530374152, 'recall': 0.1086, 'f1': 0.03553137346181725, 'confusion_matrix': array([[   0,    8,    0,  956,    0,    1,    0,   15,    0,    0],
       [   0,  122,    0, 1013,    0,    0,    0,    0,    0,    0],
       [   0,   38,    0,  971,    0,    0,    3,   19,    1,    0],
       [   0,   44,    0,  945,    1,    1,    0,   17,    2,    0],
       [   0,  143,    0,  816,    1,    0,    2,   20,    0,    0],
       [   0,  118,    0,  735,    1,    7,    0,   30,    1,    0],
       [   0,  144,    0,  749,   25,    0,    2,   38,    0,    0],
       [   0,  272,    0,  724,    8,    0,    0,    9,   15,    0],
       [   0,   81,    0,  859,    1,    0,    1,   32,    0,    0],
       [   0,  178,    0,  799,    1,    0,    0,   31,    0,    0]])}
[2024-06-20 19:34:56,127][flwr][INFO] - 
[2024-06-20 19:34:56,127][flwr][INFO] - [ROUND 1]
[2024-06-20 19:34:56,128][flwr][INFO] - configure_fit: strategy sampled 10 clients (out of 100)
[2024-06-20 19:35:04,251][flwr][INFO] - aggregate_fit: received 10 results and 0 failures
[2024-06-20 19:35:04,260][flwr][WARNING] - No fit_metrics_aggregation_fn provided
[2024-06-20 19:35:04,712][flwr][INFO] - fit progress: (1, 42244.26806640625, {'accuracy': 0.0904, 'precision': 0.06499263530452065, 'recall': 0.0904, 'f1': 0.05482926362466542, 'confusion_matrix': array([[133, 184, 253,   3, 158,   0, 241,   0,   2,   6],
       [ 65, 140, 921,   0,   0,   0,   9,   0,   0,   0],
       [ 52, 313, 517,   0,  32,   0, 115,   0,   2,   1],
       [ 49,  96, 791,   0,  30,   0,  43,   0,   1,   0],
       [115, 251, 520,   0,  10,   0,  69,   1,  16,   0],
       [ 28, 124, 609,   1,  34,   0,  85,   0,   3,   8],
       [ 51, 391, 339,   0,  64,   0, 101,   1,   3,   8],
       [ 25, 331, 485,   0, 139,   0,  45,   0,   3,   0],
       [ 19, 255, 668,   0,  13,   0,  19,   0,   0,   0],
       [ 31, 341, 537,   0,  48,   0,  45,   0,   4,   3]])}, 8.584802042)
[2024-06-20 19:35:04,712][flwr][INFO] - configure_evaluate: no clients selected, skipping evaluation
[2024-06-20 19:35:04,712][flwr][INFO] - 
[2024-06-20 19:35:04,712][flwr][INFO] - [ROUND 2]
[2024-06-20 19:35:04,713][flwr][INFO] - configure_fit: strategy sampled 10 clients (out of 100)
[2024-06-20 19:35:10,077][flwr][INFO] - aggregate_fit: received 10 results and 0 failures
[2024-06-20 19:35:10,536][flwr][INFO] - fit progress: (2, 79802.72637939453, {'accuracy': 0.2064, 'precision': 0.22810776680560507, 'recall': 0.2064, 'f1': 0.1804972475989035, 'confusion_matrix': array([[165,   3,   3, 348,   5, 312,  21,  68,   9,  46],
       [  5, 345,   0, 146,   0,   2,   1, 552,   1,  83],
       [ 22,  35,  12, 521,  23,  65,  83,  80,  25, 166],
       [ 10,  39,   3, 342,   4, 352,  20, 198,  16,  26],
       [ 76,  21,  35, 126,  14, 223, 141, 152, 148,  46],
       [ 24,  11,   1, 206,   8, 365,  31, 182,  11,  53],
       [ 52,  42,   1, 309,  11,  46, 179,  41,  43, 234],
       [ 21,  29,   3, 154,   5,  70,  51, 545,  55,  95],
       [ 40,  71,   0, 305,   1, 155,  39, 218,  27, 118],
       [ 68,  39,   5, 113,   6, 159,  77, 328, 144,  70]])}, 14.409182542)
[2024-06-20 19:35:10,536][flwr][INFO] - configure_evaluate: no clients selected, skipping evaluation
[2024-06-20 19:35:10,536][flwr][INFO] - 
[2024-06-20 19:35:10,536][flwr][INFO] - [ROUND 3]
[2024-06-20 19:35:10,537][flwr][INFO] - configure_fit: strategy sampled 10 clients (out of 100)
[2024-06-20 19:35:15,918][flwr][INFO] - aggregate_fit: received 10 results and 0 failures
[2024-06-20 19:35:16,370][flwr][INFO] - fit progress: (3, 171454.77490234375, {'accuracy': 0.3157, 'precision': 0.2999811997971615, 'recall': 0.3157, 'f1': 0.29060144518745856, 'confusion_matrix': array([[505,  44, 106,  69,  36,  87,  36,  45,  36,  16],
       [ 19, 779,   2,  49,  11,   0,  13, 251,   6,   5],
       [ 81,  70, 187, 235, 173,   5, 122,  71,  59,  29],
       [ 47, 105, 119, 271,  23, 102,  54, 186,  97,   6],
       [ 70,  38,  88, 101,  78,  35,  78, 195, 255,  44],
       [105,  41,  24, 188,  58,  83,  47, 212, 113,  21],
       [ 63,  73,  25,  94, 116,   9, 346,  47, 124,  61],
       [ 42,  83,  33,  61,  31,   4,  17, 651,  37,  69],
       [117,  92,  11, 221,  29,  19,  82, 201, 175,  27],
       [105,  88,  21,  42,  51,   1,  28, 430, 161,  82]])}, 20.2432825)
[2024-06-20 19:35:16,370][flwr][INFO] - configure_evaluate: no clients selected, skipping evaluation
[2024-06-20 19:35:16,370][flwr][INFO] - 
[2024-06-20 19:35:16,370][flwr][INFO] - [ROUND 4]
[2024-06-20 19:35:16,370][flwr][INFO] - configure_fit: strategy sampled 10 clients (out of 100)
[2024-06-20 19:35:21,668][flwr][INFO] - aggregate_fit: received 10 results and 0 failures
[2024-06-20 19:35:22,127][flwr][INFO] - fit progress: (4, 469679.8095703125, {'accuracy': 0.3157, 'precision': 0.3456783143211736, 'recall': 0.3157, 'f1': 0.31887282810413164, 'confusion_matrix': array([[391,   7,  89,  41,  80, 221,  64,  24,  49,  14],
       [ 43, 508,  22, 190,  25,   2,  31, 189,  30,  95],
       [ 32,   7, 169,  91, 228,  21, 219,  34, 160,  71],
       [ 42,  11,  98, 279,  58, 117,  67, 133, 169,  36],
       [ 22,   7,  79,  43, 175,  16, 157, 183, 189, 111],
       [ 52,  13,  36, 116,  57, 140, 104, 152, 181,  41],
       [ 29,   5,  54,  26, 142,  18, 406,  30, 196,  52],
       [ 25,  55, 143,  44,  60,   2,  22, 447,  61, 169],
       [ 42,  11,  16,  91,  49,  21, 151,  97, 382, 114],
       [ 32,  25,  59,  21, 116,   5,  61, 279, 151, 260]])}, 26.001237875)
[2024-06-20 19:35:22,128][flwr][INFO] - configure_evaluate: no clients selected, skipping evaluation
[2024-06-20 19:35:22,128][flwr][INFO] - 
[2024-06-20 19:35:22,128][flwr][INFO] - [ROUND 5]
[2024-06-20 19:35:22,128][flwr][INFO] - configure_fit: strategy sampled 10 clients (out of 100)
[2024-06-20 19:35:27,483][flwr][INFO] - aggregate_fit: received 10 results and 0 failures
[2024-06-20 19:35:27,947][flwr][INFO] - fit progress: (5, 1469611.3994140625, {'accuracy': 0.3509, 'precision': 0.37785728343750025, 'recall': 0.3509, 'f1': 0.3408128598786101, 'confusion_matrix': array([[350,  56, 143,  63,  28, 201,  93,  13,  24,   9],
       [ 10, 992,   9,  23,  16,   4,   5,   3,  35,  38],
       [ 24,  30, 266,  81,  89,  21, 229,   9, 239,  44],
       [ 17,  44, 274, 274,  26, 146,  50,  18, 123,  38],
       [ 13,  43, 212,  62, 218,  22, 115,  14, 122, 161],
       [ 29,  68, 122, 199,  32, 163,  72,  24, 147,  36],
       [ 26,  67, 153,  46,  41,  24, 379,  12, 175,  35],
       [  8, 176, 255,  48,  84,   1,  31, 138,  49, 238],
       [ 18,  81,  53, 140,  22,  28, 155,  15, 323, 139],
       [ 13, 117,  97,  24, 139,  11,  75,  20, 107, 406]])}, 31.821352792)
[2024-06-20 19:35:27,948][flwr][INFO] - configure_evaluate: no clients selected, skipping evaluation
[2024-06-20 19:35:27,948][flwr][INFO] - 
[2024-06-20 19:35:27,948][flwr][INFO] - [ROUND 6]
[2024-06-20 19:35:27,948][flwr][INFO] - configure_fit: strategy sampled 10 clients (out of 100)
[2024-06-20 19:35:33,434][flwr][INFO] - aggregate_fit: received 10 results and 0 failures
[2024-06-20 19:35:33,891][flwr][INFO] - fit progress: (6, 4323295.12890625, {'accuracy': 0.393, 'precision': 0.3956466649479998, 'recall': 0.393, 'f1': 0.3860568881828317, 'confusion_matrix': array([[466,  36,  39,  73,  14, 239,  54,  32,  10,  17],
       [  1, 998,   3,  29,   6,   7,  24,  20,  26,  21],
       [ 32,  42, 273, 117, 107,  42, 182,  21, 148,  68],
       [ 34,  30, 155, 372,  32, 122,  34,  73,  99,  59],
       [ 15,  42, 144, 123, 231,  48, 117,  13,  68, 181],
       [ 42,  59,  83, 197,  25, 212,  63,  70,  99,  42],
       [ 30,  49, 105,  85,  44,  46, 434,  11, 118,  36],
       [ 12, 140,  66,  72, 134,   5,  18, 265,  30, 286],
       [ 21,  62,  40, 168,  36,  48, 144,  44, 279, 132],
       [ 18,  82,  41,  38, 229,  16,  67,  29,  89, 400]])}, 37.765366458)
[2024-06-20 19:35:33,892][flwr][INFO] - configure_evaluate: no clients selected, skipping evaluation
[2024-06-20 19:35:33,892][flwr][INFO] - 
[2024-06-20 19:35:33,892][flwr][INFO] - [ROUND 7]
[2024-06-20 19:35:33,892][flwr][INFO] - configure_fit: strategy sampled 10 clients (out of 100)
[2024-06-20 19:35:39,178][flwr][INFO] - aggregate_fit: received 10 results and 0 failures
[2024-06-20 19:35:39,634][flwr][INFO] - fit progress: (7, 14198854.6015625, {'accuracy': 0.4141, 'precision': 0.4130671733105208, 'recall': 0.4141, 'f1': 0.4031391295534606, 'confusion_matrix': array([[507,  51,  26,  73,  32, 106,  74,  71,   9,  31],
       [  3, 939,   4,  75,   2,   3,  11,  72,   7,  19],
       [ 60,  41, 217, 146, 136,  18, 157,  62, 124,  71],
       [ 26,  19,  52, 386,  54,  63,  36, 278,  47,  49],
       [ 33,  32,  94, 106, 370,  29,  84,  56,  21, 157],
       [ 38,  40,  40, 209,  60, 139,  53, 189,  61,  63],
       [ 38,  46, 115,  93,  78,  36, 409,  25,  81,  37],
       [ 10,  48,  39,  47, 117,   3,  11, 610,   5, 138],
       [ 31,  43,  21, 238,  73,  26, 109, 130, 178, 125],
       [ 38,  27,  40,  44, 311,   8,  35,  86,  34, 386]])}, 43.508379458)
[2024-06-20 19:35:39,634][flwr][INFO] - configure_evaluate: no clients selected, skipping evaluation
[2024-06-20 19:35:39,634][flwr][INFO] - 
[2024-06-20 19:35:39,634][flwr][INFO] - [ROUND 8]
[2024-06-20 19:35:39,635][flwr][INFO] - configure_fit: strategy sampled 10 clients (out of 100)
[2024-06-20 19:35:45,218][flwr][INFO] - aggregate_fit: received 10 results and 0 failures
[2024-06-20 19:35:45,685][flwr][INFO] - fit progress: (8, 49120173.0, {'accuracy': 0.3993, 'precision': 0.41852832549450275, 'recall': 0.3993, 'f1': 0.3898797623001083, 'confusion_matrix': array([[575,  12,  16,  88,  17,  37,  62, 105,  24,  44],
       [  0, 830,  23, 127,   1,   5,  31,  89,  14,  15],
       [ 55,  24, 220, 157,  47,  10, 145,  90, 202,  82],
       [ 57,  13,  62, 428,  26,  35,  65, 215,  69,  40],
       [ 58,  11, 121, 194, 198,  26,  61, 100,  47, 166],
       [ 50,  10,  38, 290,  27,  78,  64, 170,  89,  76],
       [ 66,  18, 108, 135,  35,  11, 363,  58, 110,  54],
       [ 19,  21,  37,  90,  26,   0,  15, 670,  17, 133],
       [ 50,  24,  17, 326,  17,  14,  88, 130, 245,  63],
       [ 50,   8,  35, 111, 126,   4,  31, 190,  68, 386]])}, 49.560005667)
[2024-06-20 19:35:45,686][flwr][INFO] - configure_evaluate: no clients selected, skipping evaluation
[2024-06-20 19:35:45,686][flwr][INFO] - 
[2024-06-20 19:35:45,686][flwr][INFO] - [ROUND 9]
[2024-06-20 19:35:45,686][flwr][INFO] - configure_fit: strategy sampled 10 clients (out of 100)
[2024-06-20 19:35:50,971][flwr][INFO] - aggregate_fit: received 10 results and 0 failures
[2024-06-20 19:35:51,434][flwr][INFO] - fit progress: (9, 175857648.375, {'accuracy': 0.3958, 'precision': 0.4014793543667699, 'recall': 0.3958, 'f1': 0.3830957828135125, 'confusion_matrix': array([[576,  14,  36,  84,   6,  18,  46, 111,  38,  51],
       [  2, 972,   7,  94,   1,   3,  25,  12,  11,   8],
       [ 72,  29, 242, 166,  46,   6, 119,  72, 185,  95],
       [ 60,  13, 131, 423,  32,  21,  62, 185,  34,  49],
       [ 57,  21, 130, 173, 243,  22,  58,  73,  60, 145],
       [ 56,  23,  83, 249,  27,  55,  71, 149,  91,  88],
       [ 53,  23, 132, 140,  26,   9, 318,  65, 121,  71],
       [ 32,  49,  95,  82,  50,   1,  11, 565,  22, 121],
       [ 38,  25,  22, 342,  28,  12, 113,  96, 237,  61],
       [ 61,  28,  47,  93, 196,   2,  37, 129,  89, 327]])}, 55.308716833)
[2024-06-20 19:35:51,434][flwr][INFO] - configure_evaluate: no clients selected, skipping evaluation
[2024-06-20 19:35:51,434][flwr][INFO] - 
[2024-06-20 19:35:51,434][flwr][INFO] - [ROUND 10]
[2024-06-20 19:35:51,435][flwr][INFO] - configure_fit: strategy sampled 10 clients (out of 100)
[2024-06-20 19:35:56,934][flwr][INFO] - aggregate_fit: received 10 results and 0 failures
[2024-06-20 19:35:57,399][flwr][INFO] - fit progress: (10, 669687871.5, {'accuracy': 0.3905, 'precision': 0.42874413217077106, 'recall': 0.3905, 'f1': 0.3648904572147522, 'confusion_matrix': array([[609,  18,  12, 127,   1,  12,  33, 132,  10,  26],
       [  7, 963,   0, 132,   1,   1,   6,   7,  13,   5],
       [106,  35, 164, 287,  29,   2,  96,  91, 153,  69],
       [ 60,  18,  31, 624,  13,  13,  19, 192,  14,  26],
       [ 59,  30,  54, 301, 197,  15,  47, 122,  72,  85],
       [ 77,  31,  19, 434,   9,  51,  29, 139,  41,  62],
       [ 56,  28,  74, 263,  20,   2, 276,  88, 108,  43],
       [ 55,  51,  16, 136,   9,   1,  10, 664,  19,  67],
       [ 53,  38,   6, 511,   8,   8,  40, 121, 144,  45],
       [ 61,  69,  17, 199, 143,   1,  27, 208,  71, 213]])}, 61.27410866699999)
[2024-06-20 19:35:57,400][flwr][INFO] - configure_evaluate: no clients selected, skipping evaluation
[2024-06-20 19:35:57,400][flwr][INFO] - 
[2024-06-20 19:35:57,401][flwr][INFO] - [SUMMARY]
[2024-06-20 19:35:57,401][flwr][INFO] - Run finished 10 round(s) in 61.27s
[2024-06-20 19:35:57,405][flwr][INFO] - 	History (loss, centralized):
[2024-06-20 19:35:57,406][flwr][INFO] - 		round 0: 181.76928067207336
[2024-06-20 19:35:57,406][flwr][INFO] - 		round 1: 42244.26806640625
[2024-06-20 19:35:57,406][flwr][INFO] - 		round 2: 79802.72637939453
[2024-06-20 19:35:57,406][flwr][INFO] - 		round 3: 171454.77490234375
[2024-06-20 19:35:57,406][flwr][INFO] - 		round 4: 469679.8095703125
[2024-06-20 19:35:57,406][flwr][INFO] - 		round 5: 1469611.3994140625
[2024-06-20 19:35:57,406][flwr][INFO] - 		round 6: 4323295.12890625
[2024-06-20 19:35:57,406][flwr][INFO] - 		round 7: 14198854.6015625
[2024-06-20 19:35:57,406][flwr][INFO] - 		round 8: 49120173.0
[2024-06-20 19:35:57,406][flwr][INFO] - 		round 9: 175857648.375
[2024-06-20 19:35:57,406][flwr][INFO] - 		round 10: 669687871.5
[2024-06-20 19:35:57,406][flwr][INFO] - 	History (metrics, centralized):
[2024-06-20 19:35:57,406][flwr][INFO] - 	{'accuracy': [(0, 0.1086),
[2024-06-20 19:35:57,406][flwr][INFO] - 	              (1, 0.0904),
[2024-06-20 19:35:57,406][flwr][INFO] - 	              (2, 0.2064),
[2024-06-20 19:35:57,406][flwr][INFO] - 	              (3, 0.3157),
[2024-06-20 19:35:57,406][flwr][INFO] - 	              (4, 0.3157),
[2024-06-20 19:35:57,406][flwr][INFO] - 	              (5, 0.3509),
[2024-06-20 19:35:57,406][flwr][INFO] - 	              (6, 0.393),
[2024-06-20 19:35:57,406][flwr][INFO] - 	              (7, 0.4141),
[2024-06-20 19:35:57,406][flwr][INFO] - 	              (8, 0.3993),
[2024-06-20 19:35:57,406][flwr][INFO] - 	              (9, 0.3958),
[2024-06-20 19:35:57,406][flwr][INFO] - 	              (10, 0.3905)],
[2024-06-20 19:35:57,406][flwr][INFO] - 	 'confusion_matrix': [(0,
[2024-06-20 19:35:57,406][flwr][INFO] - 	                       array([[   0,    8,    0,  956,    0,    1,    0,   15,    0,    0],
[2024-06-20 19:35:57,406][flwr][INFO] - 	       [   0,  122,    0, 1013,    0,    0,    0,    0,    0,    0],
[2024-06-20 19:35:57,406][flwr][INFO] - 	       [   0,   38,    0,  971,    0,    0,    3,   19,    1,    0],
[2024-06-20 19:35:57,406][flwr][INFO] - 	       [   0,   44,    0,  945,    1,    1,    0,   17,    2,    0],
[2024-06-20 19:35:57,406][flwr][INFO] - 	       [   0,  143,    0,  816,    1,    0,    2,   20,    0,    0],
[2024-06-20 19:35:57,406][flwr][INFO] - 	       [   0,  118,    0,  735,    1,    7,    0,   30,    1,    0],
[2024-06-20 19:35:57,406][flwr][INFO] - 	       [   0,  144,    0,  749,   25,    0,    2,   38,    0,    0],
[2024-06-20 19:35:57,406][flwr][INFO] - 	       [   0,  272,    0,  724,    8,    0,    0,    9,   15,    0],
[2024-06-20 19:35:57,406][flwr][INFO] - 	       [   0,   81,    0,  859,    1,    0,    1,   32,    0,    0],
[2024-06-20 19:35:57,407][flwr][INFO] - 	       [   0,  178,    0,  799,    1,    0,    0,   31,    0,    0]])),
[2024-06-20 19:35:57,407][flwr][INFO] - 	                      (1,
[2024-06-20 19:35:57,407][flwr][INFO] - 	                       array([[133, 184, 253,   3, 158,   0, 241,   0,   2,   6],
[2024-06-20 19:35:57,407][flwr][INFO] - 	       [ 65, 140, 921,   0,   0,   0,   9,   0,   0,   0],
[2024-06-20 19:35:57,407][flwr][INFO] - 	       [ 52, 313, 517,   0,  32,   0, 115,   0,   2,   1],
[2024-06-20 19:35:57,407][flwr][INFO] - 	       [ 49,  96, 791,   0,  30,   0,  43,   0,   1,   0],
[2024-06-20 19:35:57,407][flwr][INFO] - 	       [115, 251, 520,   0,  10,   0,  69,   1,  16,   0],
[2024-06-20 19:35:57,407][flwr][INFO] - 	       [ 28, 124, 609,   1,  34,   0,  85,   0,   3,   8],
[2024-06-20 19:35:57,407][flwr][INFO] - 	       [ 51, 391, 339,   0,  64,   0, 101,   1,   3,   8],
[2024-06-20 19:35:57,407][flwr][INFO] - 	       [ 25, 331, 485,   0, 139,   0,  45,   0,   3,   0],
[2024-06-20 19:35:57,407][flwr][INFO] - 	       [ 19, 255, 668,   0,  13,   0,  19,   0,   0,   0],
[2024-06-20 19:35:57,407][flwr][INFO] - 	       [ 31, 341, 537,   0,  48,   0,  45,   0,   4,   3]])),
[2024-06-20 19:35:57,407][flwr][INFO] - 	                      (2,
[2024-06-20 19:35:57,407][flwr][INFO] - 	                       array([[165,   3,   3, 348,   5, 312,  21,  68,   9,  46],
[2024-06-20 19:35:57,407][flwr][INFO] - 	       [  5, 345,   0, 146,   0,   2,   1, 552,   1,  83],
[2024-06-20 19:35:57,407][flwr][INFO] - 	       [ 22,  35,  12, 521,  23,  65,  83,  80,  25, 166],
[2024-06-20 19:35:57,407][flwr][INFO] - 	       [ 10,  39,   3, 342,   4, 352,  20, 198,  16,  26],
[2024-06-20 19:35:57,407][flwr][INFO] - 	       [ 76,  21,  35, 126,  14, 223, 141, 152, 148,  46],
[2024-06-20 19:35:57,407][flwr][INFO] - 	       [ 24,  11,   1, 206,   8, 365,  31, 182,  11,  53],
[2024-06-20 19:35:57,407][flwr][INFO] - 	       [ 52,  42,   1, 309,  11,  46, 179,  41,  43, 234],
[2024-06-20 19:35:57,407][flwr][INFO] - 	       [ 21,  29,   3, 154,   5,  70,  51, 545,  55,  95],
[2024-06-20 19:35:57,407][flwr][INFO] - 	       [ 40,  71,   0, 305,   1, 155,  39, 218,  27, 118],
[2024-06-20 19:35:57,407][flwr][INFO] - 	       [ 68,  39,   5, 113,   6, 159,  77, 328, 144,  70]])),
[2024-06-20 19:35:57,407][flwr][INFO] - 	                      (3,
[2024-06-20 19:35:57,407][flwr][INFO] - 	                       array([[505,  44, 106,  69,  36,  87,  36,  45,  36,  16],
[2024-06-20 19:35:57,407][flwr][INFO] - 	       [ 19, 779,   2,  49,  11,   0,  13, 251,   6,   5],
[2024-06-20 19:35:57,407][flwr][INFO] - 	       [ 81,  70, 187, 235, 173,   5, 122,  71,  59,  29],
[2024-06-20 19:35:57,407][flwr][INFO] - 	       [ 47, 105, 119, 271,  23, 102,  54, 186,  97,   6],
[2024-06-20 19:35:57,407][flwr][INFO] - 	       [ 70,  38,  88, 101,  78,  35,  78, 195, 255,  44],
[2024-06-20 19:35:57,407][flwr][INFO] - 	       [105,  41,  24, 188,  58,  83,  47, 212, 113,  21],
[2024-06-20 19:35:57,407][flwr][INFO] - 	       [ 63,  73,  25,  94, 116,   9, 346,  47, 124,  61],
[2024-06-20 19:35:57,407][flwr][INFO] - 	       [ 42,  83,  33,  61,  31,   4,  17, 651,  37,  69],
[2024-06-20 19:35:57,407][flwr][INFO] - 	       [117,  92,  11, 221,  29,  19,  82, 201, 175,  27],
[2024-06-20 19:35:57,407][flwr][INFO] - 	       [105,  88,  21,  42,  51,   1,  28, 430, 161,  82]])),
[2024-06-20 19:35:57,407][flwr][INFO] - 	                      (4,
[2024-06-20 19:35:57,407][flwr][INFO] - 	                       array([[391,   7,  89,  41,  80, 221,  64,  24,  49,  14],
[2024-06-20 19:35:57,407][flwr][INFO] - 	       [ 43, 508,  22, 190,  25,   2,  31, 189,  30,  95],
[2024-06-20 19:35:57,407][flwr][INFO] - 	       [ 32,   7, 169,  91, 228,  21, 219,  34, 160,  71],
[2024-06-20 19:35:57,407][flwr][INFO] - 	       [ 42,  11,  98, 279,  58, 117,  67, 133, 169,  36],
[2024-06-20 19:35:57,407][flwr][INFO] - 	       [ 22,   7,  79,  43, 175,  16, 157, 183, 189, 111],
[2024-06-20 19:35:57,407][flwr][INFO] - 	       [ 52,  13,  36, 116,  57, 140, 104, 152, 181,  41],
[2024-06-20 19:35:57,407][flwr][INFO] - 	       [ 29,   5,  54,  26, 142,  18, 406,  30, 196,  52],
[2024-06-20 19:35:57,408][flwr][INFO] - 	       [ 25,  55, 143,  44,  60,   2,  22, 447,  61, 169],
[2024-06-20 19:35:57,408][flwr][INFO] - 	       [ 42,  11,  16,  91,  49,  21, 151,  97, 382, 114],
[2024-06-20 19:35:57,408][flwr][INFO] - 	       [ 32,  25,  59,  21, 116,   5,  61, 279, 151, 260]])),
[2024-06-20 19:35:57,408][flwr][INFO] - 	                      (5,
[2024-06-20 19:35:57,408][flwr][INFO] - 	                       array([[350,  56, 143,  63,  28, 201,  93,  13,  24,   9],
[2024-06-20 19:35:57,408][flwr][INFO] - 	       [ 10, 992,   9,  23,  16,   4,   5,   3,  35,  38],
[2024-06-20 19:35:57,408][flwr][INFO] - 	       [ 24,  30, 266,  81,  89,  21, 229,   9, 239,  44],
[2024-06-20 19:35:57,408][flwr][INFO] - 	       [ 17,  44, 274, 274,  26, 146,  50,  18, 123,  38],
[2024-06-20 19:35:57,408][flwr][INFO] - 	       [ 13,  43, 212,  62, 218,  22, 115,  14, 122, 161],
[2024-06-20 19:35:57,408][flwr][INFO] - 	       [ 29,  68, 122, 199,  32, 163,  72,  24, 147,  36],
[2024-06-20 19:35:57,408][flwr][INFO] - 	       [ 26,  67, 153,  46,  41,  24, 379,  12, 175,  35],
[2024-06-20 19:35:57,408][flwr][INFO] - 	       [  8, 176, 255,  48,  84,   1,  31, 138,  49, 238],
[2024-06-20 19:35:57,408][flwr][INFO] - 	       [ 18,  81,  53, 140,  22,  28, 155,  15, 323, 139],
[2024-06-20 19:35:57,408][flwr][INFO] - 	       [ 13, 117,  97,  24, 139,  11,  75,  20, 107, 406]])),
[2024-06-20 19:35:57,408][flwr][INFO] - 	                      (6,
[2024-06-20 19:35:57,408][flwr][INFO] - 	                       array([[466,  36,  39,  73,  14, 239,  54,  32,  10,  17],
[2024-06-20 19:35:57,408][flwr][INFO] - 	       [  1, 998,   3,  29,   6,   7,  24,  20,  26,  21],
[2024-06-20 19:35:57,408][flwr][INFO] - 	       [ 32,  42, 273, 117, 107,  42, 182,  21, 148,  68],
[2024-06-20 19:35:57,408][flwr][INFO] - 	       [ 34,  30, 155, 372,  32, 122,  34,  73,  99,  59],
[2024-06-20 19:35:57,408][flwr][INFO] - 	       [ 15,  42, 144, 123, 231,  48, 117,  13,  68, 181],
[2024-06-20 19:35:57,408][flwr][INFO] - 	       [ 42,  59,  83, 197,  25, 212,  63,  70,  99,  42],
[2024-06-20 19:35:57,408][flwr][INFO] - 	       [ 30,  49, 105,  85,  44,  46, 434,  11, 118,  36],
[2024-06-20 19:35:57,408][flwr][INFO] - 	       [ 12, 140,  66,  72, 134,   5,  18, 265,  30, 286],
[2024-06-20 19:35:57,408][flwr][INFO] - 	       [ 21,  62,  40, 168,  36,  48, 144,  44, 279, 132],
[2024-06-20 19:35:57,408][flwr][INFO] - 	       [ 18,  82,  41,  38, 229,  16,  67,  29,  89, 400]])),
[2024-06-20 19:35:57,408][flwr][INFO] - 	                      (7,
[2024-06-20 19:35:57,408][flwr][INFO] - 	                       array([[507,  51,  26,  73,  32, 106,  74,  71,   9,  31],
[2024-06-20 19:35:57,408][flwr][INFO] - 	       [  3, 939,   4,  75,   2,   3,  11,  72,   7,  19],
[2024-06-20 19:35:57,408][flwr][INFO] - 	       [ 60,  41, 217, 146, 136,  18, 157,  62, 124,  71],
[2024-06-20 19:35:57,408][flwr][INFO] - 	       [ 26,  19,  52, 386,  54,  63,  36, 278,  47,  49],
[2024-06-20 19:35:57,408][flwr][INFO] - 	       [ 33,  32,  94, 106, 370,  29,  84,  56,  21, 157],
[2024-06-20 19:35:57,408][flwr][INFO] - 	       [ 38,  40,  40, 209,  60, 139,  53, 189,  61,  63],
[2024-06-20 19:35:57,408][flwr][INFO] - 	       [ 38,  46, 115,  93,  78,  36, 409,  25,  81,  37],
[2024-06-20 19:35:57,408][flwr][INFO] - 	       [ 10,  48,  39,  47, 117,   3,  11, 610,   5, 138],
[2024-06-20 19:35:57,408][flwr][INFO] - 	       [ 31,  43,  21, 238,  73,  26, 109, 130, 178, 125],
[2024-06-20 19:35:57,408][flwr][INFO] - 	       [ 38,  27,  40,  44, 311,   8,  35,  86,  34, 386]])),
[2024-06-20 19:35:57,408][flwr][INFO] - 	                      (8,
[2024-06-20 19:35:57,408][flwr][INFO] - 	                       array([[575,  12,  16,  88,  17,  37,  62, 105,  24,  44],
[2024-06-20 19:35:57,408][flwr][INFO] - 	       [  0, 830,  23, 127,   1,   5,  31,  89,  14,  15],
[2024-06-20 19:35:57,408][flwr][INFO] - 	       [ 55,  24, 220, 157,  47,  10, 145,  90, 202,  82],
[2024-06-20 19:35:57,408][flwr][INFO] - 	       [ 57,  13,  62, 428,  26,  35,  65, 215,  69,  40],
[2024-06-20 19:35:57,408][flwr][INFO] - 	       [ 58,  11, 121, 194, 198,  26,  61, 100,  47, 166],
[2024-06-20 19:35:57,408][flwr][INFO] - 	       [ 50,  10,  38, 290,  27,  78,  64, 170,  89,  76],
[2024-06-20 19:35:57,409][flwr][INFO] - 	       [ 66,  18, 108, 135,  35,  11, 363,  58, 110,  54],
[2024-06-20 19:35:57,409][flwr][INFO] - 	       [ 19,  21,  37,  90,  26,   0,  15, 670,  17, 133],
[2024-06-20 19:35:57,409][flwr][INFO] - 	       [ 50,  24,  17, 326,  17,  14,  88, 130, 245,  63],
[2024-06-20 19:35:57,409][flwr][INFO] - 	       [ 50,   8,  35, 111, 126,   4,  31, 190,  68, 386]])),
[2024-06-20 19:35:57,409][flwr][INFO] - 	                      (9,
[2024-06-20 19:35:57,409][flwr][INFO] - 	                       array([[576,  14,  36,  84,   6,  18,  46, 111,  38,  51],
[2024-06-20 19:35:57,409][flwr][INFO] - 	       [  2, 972,   7,  94,   1,   3,  25,  12,  11,   8],
[2024-06-20 19:35:57,409][flwr][INFO] - 	       [ 72,  29, 242, 166,  46,   6, 119,  72, 185,  95],
[2024-06-20 19:35:57,409][flwr][INFO] - 	       [ 60,  13, 131, 423,  32,  21,  62, 185,  34,  49],
[2024-06-20 19:35:57,409][flwr][INFO] - 	       [ 57,  21, 130, 173, 243,  22,  58,  73,  60, 145],
[2024-06-20 19:35:57,409][flwr][INFO] - 	       [ 56,  23,  83, 249,  27,  55,  71, 149,  91,  88],
[2024-06-20 19:35:57,409][flwr][INFO] - 	       [ 53,  23, 132, 140,  26,   9, 318,  65, 121,  71],
[2024-06-20 19:35:57,409][flwr][INFO] - 	       [ 32,  49,  95,  82,  50,   1,  11, 565,  22, 121],
[2024-06-20 19:35:57,409][flwr][INFO] - 	       [ 38,  25,  22, 342,  28,  12, 113,  96, 237,  61],
[2024-06-20 19:35:57,409][flwr][INFO] - 	       [ 61,  28,  47,  93, 196,   2,  37, 129,  89, 327]])),
[2024-06-20 19:35:57,409][flwr][INFO] - 	                      (10,
[2024-06-20 19:35:57,409][flwr][INFO] - 	                       array([[609,  18,  12, 127,   1,  12,  33, 132,  10,  26],
[2024-06-20 19:35:57,409][flwr][INFO] - 	       [  7, 963,   0, 132,   1,   1,   6,   7,  13,   5],
[2024-06-20 19:35:57,409][flwr][INFO] - 	       [106,  35, 164, 287,  29,   2,  96,  91, 153,  69],
[2024-06-20 19:35:57,409][flwr][INFO] - 	       [ 60,  18,  31, 624,  13,  13,  19, 192,  14,  26],
[2024-06-20 19:35:57,409][flwr][INFO] - 	       [ 59,  30,  54, 301, 197,  15,  47, 122,  72,  85],
[2024-06-20 19:35:57,409][flwr][INFO] - 	       [ 77,  31,  19, 434,   9,  51,  29, 139,  41,  62],
[2024-06-20 19:35:57,409][flwr][INFO] - 	       [ 56,  28,  74, 263,  20,   2, 276,  88, 108,  43],
[2024-06-20 19:35:57,409][flwr][INFO] - 	       [ 55,  51,  16, 136,   9,   1,  10, 664,  19,  67],
[2024-06-20 19:35:57,409][flwr][INFO] - 	       [ 53,  38,   6, 511,   8,   8,  40, 121, 144,  45],
[2024-06-20 19:35:57,409][flwr][INFO] - 	       [ 61,  69,  17, 199, 143,   1,  27, 208,  71, 213]]))],
[2024-06-20 19:35:57,409][flwr][INFO] - 	 'f1': [(0, 0.03553137346181725),
[2024-06-20 19:35:57,409][flwr][INFO] - 	        (1, 0.05482926362466542),
[2024-06-20 19:35:57,409][flwr][INFO] - 	        (2, 0.1804972475989035),
[2024-06-20 19:35:57,409][flwr][INFO] - 	        (3, 0.29060144518745856),
[2024-06-20 19:35:57,409][flwr][INFO] - 	        (4, 0.31887282810413164),
[2024-06-20 19:35:57,409][flwr][INFO] - 	        (5, 0.3408128598786101),
[2024-06-20 19:35:57,409][flwr][INFO] - 	        (6, 0.3860568881828317),
[2024-06-20 19:35:57,409][flwr][INFO] - 	        (7, 0.4031391295534606),
[2024-06-20 19:35:57,409][flwr][INFO] - 	        (8, 0.3898797623001083),
[2024-06-20 19:35:57,409][flwr][INFO] - 	        (9, 0.3830957828135125),
[2024-06-20 19:35:57,409][flwr][INFO] - 	        (10, 0.3648904572147522)],
[2024-06-20 19:35:57,409][flwr][INFO] - 	 'precision': [(0, 0.12349967530374152),
[2024-06-20 19:35:57,409][flwr][INFO] - 	               (1, 0.06499263530452065),
[2024-06-20 19:35:57,409][flwr][INFO] - 	               (2, 0.22810776680560507),
[2024-06-20 19:35:57,409][flwr][INFO] - 	               (3, 0.2999811997971615),
[2024-06-20 19:35:57,409][flwr][INFO] - 	               (4, 0.3456783143211736),
[2024-06-20 19:35:57,409][flwr][INFO] - 	               (5, 0.37785728343750025),
[2024-06-20 19:35:57,410][flwr][INFO] - 	               (6, 0.3956466649479998),
[2024-06-20 19:35:57,410][flwr][INFO] - 	               (7, 0.4130671733105208),
[2024-06-20 19:35:57,410][flwr][INFO] - 	               (8, 0.41852832549450275),
[2024-06-20 19:35:57,410][flwr][INFO] - 	               (9, 0.4014793543667699),
[2024-06-20 19:35:57,410][flwr][INFO] - 	               (10, 0.42874413217077106)],
[2024-06-20 19:35:57,410][flwr][INFO] - 	 'recall': [(0, 0.1086),
[2024-06-20 19:35:57,410][flwr][INFO] - 	            (1, 0.0904),
[2024-06-20 19:35:57,410][flwr][INFO] - 	            (2, 0.2064),
[2024-06-20 19:35:57,410][flwr][INFO] - 	            (3, 0.3157),
[2024-06-20 19:35:57,410][flwr][INFO] - 	            (4, 0.3157),
[2024-06-20 19:35:57,410][flwr][INFO] - 	            (5, 0.3509),
[2024-06-20 19:35:57,410][flwr][INFO] - 	            (6, 0.393),
[2024-06-20 19:35:57,410][flwr][INFO] - 	            (7, 0.4141),
[2024-06-20 19:35:57,410][flwr][INFO] - 	            (8, 0.3993),
[2024-06-20 19:35:57,410][flwr][INFO] - 	            (9, 0.3958),
[2024-06-20 19:35:57,410][flwr][INFO] - 	            (10, 0.3905)]}
[2024-06-20 19:35:57,410][flwr][INFO] - 
