[2024-06-20 20:08:13,112][flwr][INFO] - Starting Flower simulation, config: num_rounds=10, no round_timeout
[2024-06-20 20:08:14,201][flwr][INFO] - Flower VCE: Ray initialized with resources: {'memory': 10059041997.0, 'object_store_memory': 2147483648.0, 'node:__internal_head__': 1.0, 'CPU': 12.0, 'node:127.0.0.1': 1.0}
[2024-06-20 20:08:14,201][flwr][INFO] - Optimize your simulation with Flower VCE: https://flower.ai/docs/framework/how-to-run-simulations.html
[2024-06-20 20:08:14,201][flwr][INFO] - Flower VCE: Resources for each Virtual Client: {'num_cpus': 2, 'num_gpus': 0}
[2024-06-20 20:08:14,208][flwr][INFO] - Flower VCE: Creating VirtualClientEngineActorPool with 6 actors
[2024-06-20 20:08:14,208][flwr][INFO] - [INIT]
[2024-06-20 20:08:14,208][flwr][INFO] - Requesting initial parameters from one random client
[2024-06-20 20:08:16,178][flwr][INFO] - Received initial parameters from one random client
[2024-06-20 20:08:16,178][flwr][INFO] - Evaluating initial global parameters
[2024-06-20 20:08:16,611][flwr][INFO] - initial parameters (loss, other metrics): 181.76928067207336, {'accuracy': 0.1086, 'precision': 0.12349967530374152, 'recall': 0.1086, 'f1': 0.03553137346181725, 'confusion_matrix': array([[   0,    8,    0,  956,    0,    1,    0,   15,    0,    0],
       [   0,  122,    0, 1013,    0,    0,    0,    0,    0,    0],
       [   0,   38,    0,  971,    0,    0,    3,   19,    1,    0],
       [   0,   44,    0,  945,    1,    1,    0,   17,    2,    0],
       [   0,  143,    0,  816,    1,    0,    2,   20,    0,    0],
       [   0,  118,    0,  735,    1,    7,    0,   30,    1,    0],
       [   0,  144,    0,  749,   25,    0,    2,   38,    0,    0],
       [   0,  272,    0,  724,    8,    0,    0,    9,   15,    0],
       [   0,   81,    0,  859,    1,    0,    1,   32,    0,    0],
       [   0,  178,    0,  799,    1,    0,    0,   31,    0,    0]])}
[2024-06-20 20:08:16,611][flwr][INFO] - 
[2024-06-20 20:08:16,611][flwr][INFO] - [ROUND 1]
[2024-06-20 20:08:16,612][flwr][INFO] - configure_fit: strategy sampled 10 clients (out of 100)
[2024-06-20 20:08:23,577][flwr][INFO] - aggregate_fit: received 10 results and 0 failures
[2024-06-20 20:08:23,584][flwr][WARNING] - No fit_metrics_aggregation_fn provided
[2024-06-20 20:08:24,024][flwr][INFO] - fit progress: (1, 425921.3857421875, {'accuracy': 0.0927, 'precision': 0.07179314262262994, 'recall': 0.0927, 'f1': 0.06351619327477473, 'confusion_matrix': array([[ 70,  69, 154,   7,  39, 100, 538,   0,   0,   3],
       [322, 161, 564,   2,  63,   2,  15,   0,   6,   0],
       [129, 191, 201,  48,  59,   6, 376,   1,  19,   2],
       [ 60,  92, 477,  24,  76,  10, 246,   0,  15,  10],
       [102, 229, 111, 171,   6,  10, 338,   1,  10,   4],
       [ 44,  98, 284,  57,  22,  39, 307,   0,  26,  15],
       [ 91, 125, 231,  31,  30,   6, 410,   2,  21,  11],
       [ 67, 133, 153, 266,  68,  17, 309,   0,  14,   1],
       [122,  92, 246,  72,  31,   2, 392,   0,  16,   1],
       [ 88, 185, 119, 109,  12,   9, 467,   1,  19,   0]])}, 7.4131779159999995)
[2024-06-20 20:08:24,025][flwr][INFO] - configure_evaluate: no clients selected, skipping evaluation
[2024-06-20 20:08:24,025][flwr][INFO] - 
[2024-06-20 20:08:24,025][flwr][INFO] - [ROUND 2]
[2024-06-20 20:08:24,025][flwr][INFO] - configure_fit: strategy sampled 10 clients (out of 100)
[2024-06-20 20:08:29,266][flwr][INFO] - aggregate_fit: received 10 results and 0 failures
[2024-06-20 20:08:29,700][flwr][INFO] - fit progress: (2, 2413170.541015625, {'accuracy': 0.2302, 'precision': 0.2083593805391671, 'recall': 0.2302, 'f1': 0.19887028348704372, 'confusion_matrix': array([[268, 122, 163, 176,  46,  88,  37,  33,  37,  10],
       [ 29, 867,  42,   6,   7,  36,   2,  21,  42,  83],
       [ 67, 273, 125, 234,  23,  50, 122,   8,  30, 100],
       [ 13, 192,  72, 259,   4, 244,  33,  38, 103,  52],
       [ 92, 188, 102, 201,  14, 130,  53,  63,  61,  78],
       [ 17, 128,  79, 202,   2, 258,  13,  39,  65,  89],
       [167, 209,  82,  89,  11,  55, 109,  14,  79, 143],
       [ 25, 397,  73,  58,  38, 154,  43, 110,  43,  87],
       [ 56, 240, 109, 211,   5,  75,  80,  20,  99,  79],
       [106, 155, 114,  85,  18, 122,  94,  34,  88, 193]])}, 13.089410166)
[2024-06-20 20:08:29,701][flwr][INFO] - configure_evaluate: no clients selected, skipping evaluation
[2024-06-20 20:08:29,701][flwr][INFO] - 
[2024-06-20 20:08:29,701][flwr][INFO] - [ROUND 3]
[2024-06-20 20:08:29,701][flwr][INFO] - configure_fit: strategy sampled 10 clients (out of 100)
[2024-06-20 20:08:35,083][flwr][INFO] - aggregate_fit: received 10 results and 0 failures
[2024-06-20 20:08:35,530][flwr][INFO] - fit progress: (3, 21136826.375, {'accuracy': 0.2786, 'precision': 0.2630752796948786, 'recall': 0.2786, 'f1': 0.2600712593327205, 'confusion_matrix': array([[227,  55, 165,  98,  27,  51,  85, 167,  97,   8],
       [ 21, 795,  27,   6,  24,  20,   9, 170,  41,  22],
       [ 28, 107, 152, 207,  43,  34, 219,  71,  83,  88],
       [ 13,  87,  42, 250,  10, 145,  54, 135, 216,  58],
       [ 65,  44,  73, 118,  15,  56, 153, 176, 173, 109],
       [ 10,  41,  71, 141,  11, 149,  30, 150, 173, 116],
       [ 87,  65, 105,  86,  18,  15, 272, 102, 124,  84],
       [ 10, 105,  26,  22,  39,  35,  59, 537, 134,  61],
       [ 35,  90,  61, 135,  10,  34, 198, 132, 208,  71],
       [ 74,  23,  86,  30,  15,  42, 131, 256, 171, 181]])}, 18.919678291)
[2024-06-20 20:08:35,531][flwr][INFO] - configure_evaluate: no clients selected, skipping evaluation
[2024-06-20 20:08:35,531][flwr][INFO] - 
[2024-06-20 20:08:35,531][flwr][INFO] - [ROUND 4]
[2024-06-20 20:08:35,531][flwr][INFO] - configure_fit: strategy sampled 10 clients (out of 100)
[2024-06-20 20:08:40,824][flwr][INFO] - aggregate_fit: received 10 results and 0 failures
[2024-06-20 20:08:41,262][flwr][INFO] - fit progress: (4, 199152900.5, {'accuracy': 0.2936, 'precision': 0.28374405255018015, 'recall': 0.2936, 'f1': 0.2810642702502383, 'confusion_matrix': array([[314,  53, 173,  85,  37,  38,  90, 124,  59,   7],
       [ 24, 732,  54,   4,  34,  22,   6, 165,  42,  52],
       [ 40,  83, 275, 169,  46,  31, 195,  52,  68,  73],
       [ 17, 104,  77, 261,  10, 124,  73,  95, 198,  51],
       [ 63,  57, 133, 115,  33,  51, 138, 142, 143, 107],
       [ 20,  48, 116, 144,  12, 140,  43, 101, 149, 119],
       [ 95,  63, 152,  67,  25,  11, 298,  83,  97,  67],
       [ 14, 115,  53,  20,  56,  43,  50, 472, 125,  80],
       [ 36,  99, 105, 127,  11,  32, 188,  98, 205,  73],
       [ 75,  22, 172,  28,  24,  40, 124, 173, 145, 206]])}, 24.651778958)
[2024-06-20 20:08:41,262][flwr][INFO] - configure_evaluate: no clients selected, skipping evaluation
[2024-06-20 20:08:41,263][flwr][INFO] - 
[2024-06-20 20:08:41,263][flwr][INFO] - [ROUND 5]
[2024-06-20 20:08:41,263][flwr][INFO] - configure_fit: strategy sampled 10 clients (out of 100)
[2024-06-20 20:08:46,724][flwr][INFO] - aggregate_fit: received 10 results and 0 failures
[2024-06-20 20:08:47,179][flwr][INFO] - fit progress: (5, 2006633404.0, {'accuracy': 0.3035, 'precision': 0.2946162741010755, 'recall': 0.3035, 'f1': 0.29175547272489105, 'confusion_matrix': array([[359,  54, 164,  71,  34,  33,  86, 123,  50,   6],
       [ 20, 749,  60,   2,  46,  19,   6, 145,  35,  53],
       [ 45,  86, 288, 139,  49,  30, 208,  51,  70,  66],
       [ 23,  95,  87, 245,  14, 131,  75, 102, 190,  48],
       [ 71,  59, 139,  86,  54,  52, 146, 140, 125, 110],
       [ 24,  45, 131, 123,  17, 150,  47, 100, 144, 111],
       [104,  59, 155,  58,  35,  12, 313,  76,  80,  66],
       [ 16, 116,  59,  13,  72,  35,  48, 488, 102,  79],
       [ 36,  98, 116, 124,  13,  33, 193,  99, 189,  73],
       [ 72,  20, 188,  27,  43,  41, 119, 180, 119, 200]])}, 30.568690416)
[2024-06-20 20:08:47,179][flwr][INFO] - configure_evaluate: no clients selected, skipping evaluation
[2024-06-20 20:08:47,179][flwr][INFO] - 
[2024-06-20 20:08:47,179][flwr][INFO] - [ROUND 6]
[2024-06-20 20:08:47,180][flwr][INFO] - configure_fit: strategy sampled 10 clients (out of 100)
[2024-06-20 20:08:52,499][flwr][INFO] - aggregate_fit: received 10 results and 0 failures
[2024-06-20 20:08:52,948][flwr][INFO] - fit progress: (6, 20759257776.0, {'accuracy': 0.3093, 'precision': 0.3003596916177233, 'recall': 0.3093, 'f1': 0.2989369997587234, 'confusion_matrix': array([[379,  53, 159,  71,  32,  30,  88, 111,  51,   6],
       [ 23, 758,  56,   4,  60,  20,   6, 114,  36,  58],
       [ 46,  73, 299, 143,  51,  30, 209,  45,  69,  67],
       [ 25,  94,  85, 259,  15, 131,  73,  87, 192,  49],
       [ 70,  51, 137,  99,  61,  61, 142, 126, 118, 117],
       [ 25,  41, 130, 132,  17, 152,  47,  94, 141, 113],
       [106,  58, 151,  62,  37,  11, 321,  71,  75,  66],
       [ 17, 121,  56,  17,  76,  37,  49, 462, 106,  87],
       [ 39,  89, 114, 132,  15,  35, 197,  89, 193,  71],
       [ 75,  20, 182,  29,  47,  44, 125, 158, 120, 209]])}, 36.338492040999995)
[2024-06-20 20:08:52,949][flwr][INFO] - configure_evaluate: no clients selected, skipping evaluation
[2024-06-20 20:08:52,949][flwr][INFO] - 
[2024-06-20 20:08:52,949][flwr][INFO] - [ROUND 7]
[2024-06-20 20:08:52,949][flwr][INFO] - configure_fit: strategy sampled 10 clients (out of 100)
[2024-06-20 20:08:58,070][flwr][INFO] - aggregate_fit: received 10 results and 0 failures
[2024-06-20 20:08:58,514][flwr][INFO] - fit progress: (7, 218404424704.0, {'accuracy': 0.3116, 'precision': 0.3030140360097148, 'recall': 0.3116, 'f1': 0.3017879045210452, 'confusion_matrix': array([[391,  53, 156,  72,  31,  30,  84, 108,  49,   6],
       [ 23, 755,  55,   4,  63,  20,   6, 113,  38,  58],
       [ 47,  72, 297, 152,  52,  27, 201,  45,  70,  69],
       [ 26,  93,  83, 266,  16, 131,  68,  85, 194,  48],
       [ 70,  50, 133, 103,  68,  58, 142, 123, 119, 116],
       [ 25,  42, 125, 135,  18, 151,  48,  95, 142, 111],
       [110,  57, 142,  63,  37,  13, 318,  70,  79,  69],
       [ 19, 118,  54,  17,  80,  36,  47, 462, 106,  89],
       [ 40,  87, 104, 140,  15,  34, 195,  87, 198,  74],
       [ 75,  19, 179,  30,  52,  43, 123, 156, 122, 210]])}, 41.904045624999995)
[2024-06-20 20:08:58,514][flwr][INFO] - configure_evaluate: no clients selected, skipping evaluation
[2024-06-20 20:08:58,514][flwr][INFO] - 
[2024-06-20 20:08:58,514][flwr][INFO] - [ROUND 8]
[2024-06-20 20:08:58,514][flwr][INFO] - configure_fit: strategy sampled 10 clients (out of 100)
[2024-06-20 20:09:03,787][flwr][INFO] - aggregate_fit: received 10 results and 0 failures
[2024-06-20 20:09:04,238][flwr][INFO] - fit progress: (8, 2313120225280.0, {'accuracy': 0.3137, 'precision': 0.3045766962856396, 'recall': 0.3137, 'f1': 0.30373064615382567, 'confusion_matrix': array([[393,  53, 153,  72,  32,  30,  85, 107,  49,   6],
       [ 23, 761,  54,   4,  64,  20,   6, 106,  39,  58],
       [ 48,  74, 295, 152,  52,  29, 200,  43,  70,  69],
       [ 27,  94,  81, 269,  15, 134,  68,  83, 192,  47],
       [ 71,  50, 131, 103,  70,  57, 142, 124, 118, 116],
       [ 26,  44, 123, 135,  19, 152,  49,  91, 143, 110],
       [110,  57, 137,  64,  37,  13, 324,  68,  79,  69],
       [ 18, 120,  54,  17,  80,  36,  49, 461, 105,  88],
       [ 40,  87,  99, 142,  16,  34, 197,  86, 201,  72],
       [ 76,  19, 176,  31,  54,  42, 124, 154, 122, 211]])}, 47.628506916)
[2024-06-20 20:09:04,238][flwr][INFO] - configure_evaluate: no clients selected, skipping evaluation
[2024-06-20 20:09:04,238][flwr][INFO] - 
[2024-06-20 20:09:04,238][flwr][INFO] - [ROUND 9]
[2024-06-20 20:09:04,239][flwr][INFO] - configure_fit: strategy sampled 10 clients (out of 100)
[2024-06-20 20:09:09,473][flwr][INFO] - aggregate_fit: received 10 results and 0 failures
[2024-06-20 20:09:09,919][flwr][INFO] - fit progress: (9, 24562363334656.0, {'accuracy': 0.314, 'precision': 0.30501010270130074, 'recall': 0.314, 'f1': 0.3041811101903765, 'confusion_matrix': array([[394,  53, 153,  72,  32,  30,  86, 106,  49,   5],
       [ 23, 761,  54,   3,  67,  20,   6, 104,  39,  58],
       [ 47,  73, 296, 152,  52,  28, 202,  43,  70,  69],
       [ 26,  94,  81, 270,  15, 134,  68,  83, 192,  47],
       [ 70,  50, 132, 103,  70,  57, 143, 123, 117, 117],
       [ 26,  44, 123, 134,  20, 152,  49,  91, 143, 110],
       [109,  56, 140,  63,  38,  11, 326,  68,  78,  69],
       [ 18, 120,  54,  17,  80,  36,  48, 461, 105,  89],
       [ 39,  87, 101, 142,  17,  35, 197,  82, 199,  75],
       [ 76,  19, 177,  31,  57,  42, 124, 152, 120, 211]])}, 53.310208415999995)
[2024-06-20 20:09:09,920][flwr][INFO] - configure_evaluate: no clients selected, skipping evaluation
[2024-06-20 20:09:09,920][flwr][INFO] - 
[2024-06-20 20:09:09,920][flwr][INFO] - [ROUND 10]
[2024-06-20 20:09:09,920][flwr][INFO] - configure_fit: strategy sampled 10 clients (out of 100)
[2024-06-20 20:09:15,365][flwr][INFO] - aggregate_fit: received 10 results and 0 failures
[2024-06-20 20:09:15,817][flwr][INFO] - fit progress: (10, 261288151351296.0, {'accuracy': 0.3146, 'precision': 0.30561649981313804, 'recall': 0.3146, 'f1': 0.3048219062838972, 'confusion_matrix': array([[396,  53, 153,  71,  32,  30,  86, 105,  49,   5],
       [ 23, 761,  54,   3,  67,  20,   6, 104,  39,  58],
       [ 47,  72, 298, 151,  52,  29, 201,  43,  70,  69],
       [ 26,  94,  81, 270,  15, 134,  68,  83, 192,  47],
       [ 70,  50, 132, 103,  70,  57, 143, 123, 117, 117],
       [ 26,  44, 123, 133,  20, 153,  49,  91, 143, 110],
       [109,  55, 140,  63,  38,  11, 326,  68,  78,  70],
       [ 18, 120,  54,  17,  80,  36,  48, 461, 105,  89],
       [ 39,  87, 100, 142,  17,  35, 197,  82, 200,  75],
       [ 75,  19, 177,  32,  57,  43, 123, 152, 120, 211]])}, 59.20843566599999)
[2024-06-20 20:09:15,818][flwr][INFO] - configure_evaluate: no clients selected, skipping evaluation
[2024-06-20 20:09:15,818][flwr][INFO] - 
[2024-06-20 20:09:15,818][flwr][INFO] - [SUMMARY]
[2024-06-20 20:09:15,818][flwr][INFO] - Run finished 10 round(s) in 59.21s
[2024-06-20 20:09:15,823][flwr][INFO] - 	History (loss, centralized):
[2024-06-20 20:09:15,823][flwr][INFO] - 		round 0: 181.76928067207336
[2024-06-20 20:09:15,823][flwr][INFO] - 		round 1: 425921.3857421875
[2024-06-20 20:09:15,823][flwr][INFO] - 		round 2: 2413170.541015625
[2024-06-20 20:09:15,823][flwr][INFO] - 		round 3: 21136826.375
[2024-06-20 20:09:15,823][flwr][INFO] - 		round 4: 199152900.5
[2024-06-20 20:09:15,823][flwr][INFO] - 		round 5: 2006633404.0
[2024-06-20 20:09:15,823][flwr][INFO] - 		round 6: 20759257776.0
[2024-06-20 20:09:15,823][flwr][INFO] - 		round 7: 218404424704.0
[2024-06-20 20:09:15,823][flwr][INFO] - 		round 8: 2313120225280.0
[2024-06-20 20:09:15,823][flwr][INFO] - 		round 9: 24562363334656.0
[2024-06-20 20:09:15,823][flwr][INFO] - 		round 10: 261288151351296.0
[2024-06-20 20:09:15,824][flwr][INFO] - 	History (metrics, centralized):
[2024-06-20 20:09:15,824][flwr][INFO] - 	{'accuracy': [(0, 0.1086),
[2024-06-20 20:09:15,824][flwr][INFO] - 	              (1, 0.0927),
[2024-06-20 20:09:15,824][flwr][INFO] - 	              (2, 0.2302),
[2024-06-20 20:09:15,824][flwr][INFO] - 	              (3, 0.2786),
[2024-06-20 20:09:15,824][flwr][INFO] - 	              (4, 0.2936),
[2024-06-20 20:09:15,824][flwr][INFO] - 	              (5, 0.3035),
[2024-06-20 20:09:15,824][flwr][INFO] - 	              (6, 0.3093),
[2024-06-20 20:09:15,824][flwr][INFO] - 	              (7, 0.3116),
[2024-06-20 20:09:15,824][flwr][INFO] - 	              (8, 0.3137),
[2024-06-20 20:09:15,824][flwr][INFO] - 	              (9, 0.314),
[2024-06-20 20:09:15,824][flwr][INFO] - 	              (10, 0.3146)],
[2024-06-20 20:09:15,824][flwr][INFO] - 	 'confusion_matrix': [(0,
[2024-06-20 20:09:15,824][flwr][INFO] - 	                       array([[   0,    8,    0,  956,    0,    1,    0,   15,    0,    0],
[2024-06-20 20:09:15,824][flwr][INFO] - 	       [   0,  122,    0, 1013,    0,    0,    0,    0,    0,    0],
[2024-06-20 20:09:15,824][flwr][INFO] - 	       [   0,   38,    0,  971,    0,    0,    3,   19,    1,    0],
[2024-06-20 20:09:15,824][flwr][INFO] - 	       [   0,   44,    0,  945,    1,    1,    0,   17,    2,    0],
[2024-06-20 20:09:15,824][flwr][INFO] - 	       [   0,  143,    0,  816,    1,    0,    2,   20,    0,    0],
[2024-06-20 20:09:15,824][flwr][INFO] - 	       [   0,  118,    0,  735,    1,    7,    0,   30,    1,    0],
[2024-06-20 20:09:15,824][flwr][INFO] - 	       [   0,  144,    0,  749,   25,    0,    2,   38,    0,    0],
[2024-06-20 20:09:15,824][flwr][INFO] - 	       [   0,  272,    0,  724,    8,    0,    0,    9,   15,    0],
[2024-06-20 20:09:15,824][flwr][INFO] - 	       [   0,   81,    0,  859,    1,    0,    1,   32,    0,    0],
[2024-06-20 20:09:15,824][flwr][INFO] - 	       [   0,  178,    0,  799,    1,    0,    0,   31,    0,    0]])),
[2024-06-20 20:09:15,824][flwr][INFO] - 	                      (1,
[2024-06-20 20:09:15,824][flwr][INFO] - 	                       array([[ 70,  69, 154,   7,  39, 100, 538,   0,   0,   3],
[2024-06-20 20:09:15,824][flwr][INFO] - 	       [322, 161, 564,   2,  63,   2,  15,   0,   6,   0],
[2024-06-20 20:09:15,824][flwr][INFO] - 	       [129, 191, 201,  48,  59,   6, 376,   1,  19,   2],
[2024-06-20 20:09:15,824][flwr][INFO] - 	       [ 60,  92, 477,  24,  76,  10, 246,   0,  15,  10],
[2024-06-20 20:09:15,824][flwr][INFO] - 	       [102, 229, 111, 171,   6,  10, 338,   1,  10,   4],
[2024-06-20 20:09:15,824][flwr][INFO] - 	       [ 44,  98, 284,  57,  22,  39, 307,   0,  26,  15],
[2024-06-20 20:09:15,824][flwr][INFO] - 	       [ 91, 125, 231,  31,  30,   6, 410,   2,  21,  11],
[2024-06-20 20:09:15,824][flwr][INFO] - 	       [ 67, 133, 153, 266,  68,  17, 309,   0,  14,   1],
[2024-06-20 20:09:15,824][flwr][INFO] - 	       [122,  92, 246,  72,  31,   2, 392,   0,  16,   1],
[2024-06-20 20:09:15,824][flwr][INFO] - 	       [ 88, 185, 119, 109,  12,   9, 467,   1,  19,   0]])),
[2024-06-20 20:09:15,824][flwr][INFO] - 	                      (2,
[2024-06-20 20:09:15,824][flwr][INFO] - 	                       array([[268, 122, 163, 176,  46,  88,  37,  33,  37,  10],
[2024-06-20 20:09:15,824][flwr][INFO] - 	       [ 29, 867,  42,   6,   7,  36,   2,  21,  42,  83],
[2024-06-20 20:09:15,824][flwr][INFO] - 	       [ 67, 273, 125, 234,  23,  50, 122,   8,  30, 100],
[2024-06-20 20:09:15,824][flwr][INFO] - 	       [ 13, 192,  72, 259,   4, 244,  33,  38, 103,  52],
[2024-06-20 20:09:15,825][flwr][INFO] - 	       [ 92, 188, 102, 201,  14, 130,  53,  63,  61,  78],
[2024-06-20 20:09:15,825][flwr][INFO] - 	       [ 17, 128,  79, 202,   2, 258,  13,  39,  65,  89],
[2024-06-20 20:09:15,825][flwr][INFO] - 	       [167, 209,  82,  89,  11,  55, 109,  14,  79, 143],
[2024-06-20 20:09:15,825][flwr][INFO] - 	       [ 25, 397,  73,  58,  38, 154,  43, 110,  43,  87],
[2024-06-20 20:09:15,825][flwr][INFO] - 	       [ 56, 240, 109, 211,   5,  75,  80,  20,  99,  79],
[2024-06-20 20:09:15,825][flwr][INFO] - 	       [106, 155, 114,  85,  18, 122,  94,  34,  88, 193]])),
[2024-06-20 20:09:15,825][flwr][INFO] - 	                      (3,
[2024-06-20 20:09:15,825][flwr][INFO] - 	                       array([[227,  55, 165,  98,  27,  51,  85, 167,  97,   8],
[2024-06-20 20:09:15,825][flwr][INFO] - 	       [ 21, 795,  27,   6,  24,  20,   9, 170,  41,  22],
[2024-06-20 20:09:15,825][flwr][INFO] - 	       [ 28, 107, 152, 207,  43,  34, 219,  71,  83,  88],
[2024-06-20 20:09:15,825][flwr][INFO] - 	       [ 13,  87,  42, 250,  10, 145,  54, 135, 216,  58],
[2024-06-20 20:09:15,825][flwr][INFO] - 	       [ 65,  44,  73, 118,  15,  56, 153, 176, 173, 109],
[2024-06-20 20:09:15,825][flwr][INFO] - 	       [ 10,  41,  71, 141,  11, 149,  30, 150, 173, 116],
[2024-06-20 20:09:15,825][flwr][INFO] - 	       [ 87,  65, 105,  86,  18,  15, 272, 102, 124,  84],
[2024-06-20 20:09:15,825][flwr][INFO] - 	       [ 10, 105,  26,  22,  39,  35,  59, 537, 134,  61],
[2024-06-20 20:09:15,825][flwr][INFO] - 	       [ 35,  90,  61, 135,  10,  34, 198, 132, 208,  71],
[2024-06-20 20:09:15,825][flwr][INFO] - 	       [ 74,  23,  86,  30,  15,  42, 131, 256, 171, 181]])),
[2024-06-20 20:09:15,825][flwr][INFO] - 	                      (4,
[2024-06-20 20:09:15,825][flwr][INFO] - 	                       array([[314,  53, 173,  85,  37,  38,  90, 124,  59,   7],
[2024-06-20 20:09:15,825][flwr][INFO] - 	       [ 24, 732,  54,   4,  34,  22,   6, 165,  42,  52],
[2024-06-20 20:09:15,825][flwr][INFO] - 	       [ 40,  83, 275, 169,  46,  31, 195,  52,  68,  73],
[2024-06-20 20:09:15,825][flwr][INFO] - 	       [ 17, 104,  77, 261,  10, 124,  73,  95, 198,  51],
[2024-06-20 20:09:15,825][flwr][INFO] - 	       [ 63,  57, 133, 115,  33,  51, 138, 142, 143, 107],
[2024-06-20 20:09:15,825][flwr][INFO] - 	       [ 20,  48, 116, 144,  12, 140,  43, 101, 149, 119],
[2024-06-20 20:09:15,825][flwr][INFO] - 	       [ 95,  63, 152,  67,  25,  11, 298,  83,  97,  67],
[2024-06-20 20:09:15,825][flwr][INFO] - 	       [ 14, 115,  53,  20,  56,  43,  50, 472, 125,  80],
[2024-06-20 20:09:15,825][flwr][INFO] - 	       [ 36,  99, 105, 127,  11,  32, 188,  98, 205,  73],
[2024-06-20 20:09:15,825][flwr][INFO] - 	       [ 75,  22, 172,  28,  24,  40, 124, 173, 145, 206]])),
[2024-06-20 20:09:15,825][flwr][INFO] - 	                      (5,
[2024-06-20 20:09:15,825][flwr][INFO] - 	                       array([[359,  54, 164,  71,  34,  33,  86, 123,  50,   6],
[2024-06-20 20:09:15,825][flwr][INFO] - 	       [ 20, 749,  60,   2,  46,  19,   6, 145,  35,  53],
[2024-06-20 20:09:15,825][flwr][INFO] - 	       [ 45,  86, 288, 139,  49,  30, 208,  51,  70,  66],
[2024-06-20 20:09:15,825][flwr][INFO] - 	       [ 23,  95,  87, 245,  14, 131,  75, 102, 190,  48],
[2024-06-20 20:09:15,825][flwr][INFO] - 	       [ 71,  59, 139,  86,  54,  52, 146, 140, 125, 110],
[2024-06-20 20:09:15,825][flwr][INFO] - 	       [ 24,  45, 131, 123,  17, 150,  47, 100, 144, 111],
[2024-06-20 20:09:15,825][flwr][INFO] - 	       [104,  59, 155,  58,  35,  12, 313,  76,  80,  66],
[2024-06-20 20:09:15,825][flwr][INFO] - 	       [ 16, 116,  59,  13,  72,  35,  48, 488, 102,  79],
[2024-06-20 20:09:15,825][flwr][INFO] - 	       [ 36,  98, 116, 124,  13,  33, 193,  99, 189,  73],
[2024-06-20 20:09:15,825][flwr][INFO] - 	       [ 72,  20, 188,  27,  43,  41, 119, 180, 119, 200]])),
[2024-06-20 20:09:15,825][flwr][INFO] - 	                      (6,
[2024-06-20 20:09:15,825][flwr][INFO] - 	                       array([[379,  53, 159,  71,  32,  30,  88, 111,  51,   6],
[2024-06-20 20:09:15,825][flwr][INFO] - 	       [ 23, 758,  56,   4,  60,  20,   6, 114,  36,  58],
[2024-06-20 20:09:15,825][flwr][INFO] - 	       [ 46,  73, 299, 143,  51,  30, 209,  45,  69,  67],
[2024-06-20 20:09:15,826][flwr][INFO] - 	       [ 25,  94,  85, 259,  15, 131,  73,  87, 192,  49],
[2024-06-20 20:09:15,826][flwr][INFO] - 	       [ 70,  51, 137,  99,  61,  61, 142, 126, 118, 117],
[2024-06-20 20:09:15,826][flwr][INFO] - 	       [ 25,  41, 130, 132,  17, 152,  47,  94, 141, 113],
[2024-06-20 20:09:15,826][flwr][INFO] - 	       [106,  58, 151,  62,  37,  11, 321,  71,  75,  66],
[2024-06-20 20:09:15,826][flwr][INFO] - 	       [ 17, 121,  56,  17,  76,  37,  49, 462, 106,  87],
[2024-06-20 20:09:15,826][flwr][INFO] - 	       [ 39,  89, 114, 132,  15,  35, 197,  89, 193,  71],
[2024-06-20 20:09:15,826][flwr][INFO] - 	       [ 75,  20, 182,  29,  47,  44, 125, 158, 120, 209]])),
[2024-06-20 20:09:15,826][flwr][INFO] - 	                      (7,
[2024-06-20 20:09:15,826][flwr][INFO] - 	                       array([[391,  53, 156,  72,  31,  30,  84, 108,  49,   6],
[2024-06-20 20:09:15,826][flwr][INFO] - 	       [ 23, 755,  55,   4,  63,  20,   6, 113,  38,  58],
[2024-06-20 20:09:15,826][flwr][INFO] - 	       [ 47,  72, 297, 152,  52,  27, 201,  45,  70,  69],
[2024-06-20 20:09:15,826][flwr][INFO] - 	       [ 26,  93,  83, 266,  16, 131,  68,  85, 194,  48],
[2024-06-20 20:09:15,826][flwr][INFO] - 	       [ 70,  50, 133, 103,  68,  58, 142, 123, 119, 116],
[2024-06-20 20:09:15,826][flwr][INFO] - 	       [ 25,  42, 125, 135,  18, 151,  48,  95, 142, 111],
[2024-06-20 20:09:15,826][flwr][INFO] - 	       [110,  57, 142,  63,  37,  13, 318,  70,  79,  69],
[2024-06-20 20:09:15,826][flwr][INFO] - 	       [ 19, 118,  54,  17,  80,  36,  47, 462, 106,  89],
[2024-06-20 20:09:15,826][flwr][INFO] - 	       [ 40,  87, 104, 140,  15,  34, 195,  87, 198,  74],
[2024-06-20 20:09:15,826][flwr][INFO] - 	       [ 75,  19, 179,  30,  52,  43, 123, 156, 122, 210]])),
[2024-06-20 20:09:15,826][flwr][INFO] - 	                      (8,
[2024-06-20 20:09:15,826][flwr][INFO] - 	                       array([[393,  53, 153,  72,  32,  30,  85, 107,  49,   6],
[2024-06-20 20:09:15,826][flwr][INFO] - 	       [ 23, 761,  54,   4,  64,  20,   6, 106,  39,  58],
[2024-06-20 20:09:15,826][flwr][INFO] - 	       [ 48,  74, 295, 152,  52,  29, 200,  43,  70,  69],
[2024-06-20 20:09:15,826][flwr][INFO] - 	       [ 27,  94,  81, 269,  15, 134,  68,  83, 192,  47],
[2024-06-20 20:09:15,826][flwr][INFO] - 	       [ 71,  50, 131, 103,  70,  57, 142, 124, 118, 116],
[2024-06-20 20:09:15,826][flwr][INFO] - 	       [ 26,  44, 123, 135,  19, 152,  49,  91, 143, 110],
[2024-06-20 20:09:15,826][flwr][INFO] - 	       [110,  57, 137,  64,  37,  13, 324,  68,  79,  69],
[2024-06-20 20:09:15,826][flwr][INFO] - 	       [ 18, 120,  54,  17,  80,  36,  49, 461, 105,  88],
[2024-06-20 20:09:15,826][flwr][INFO] - 	       [ 40,  87,  99, 142,  16,  34, 197,  86, 201,  72],
[2024-06-20 20:09:15,826][flwr][INFO] - 	       [ 76,  19, 176,  31,  54,  42, 124, 154, 122, 211]])),
[2024-06-20 20:09:15,826][flwr][INFO] - 	                      (9,
[2024-06-20 20:09:15,826][flwr][INFO] - 	                       array([[394,  53, 153,  72,  32,  30,  86, 106,  49,   5],
[2024-06-20 20:09:15,826][flwr][INFO] - 	       [ 23, 761,  54,   3,  67,  20,   6, 104,  39,  58],
[2024-06-20 20:09:15,826][flwr][INFO] - 	       [ 47,  73, 296, 152,  52,  28, 202,  43,  70,  69],
[2024-06-20 20:09:15,826][flwr][INFO] - 	       [ 26,  94,  81, 270,  15, 134,  68,  83, 192,  47],
[2024-06-20 20:09:15,826][flwr][INFO] - 	       [ 70,  50, 132, 103,  70,  57, 143, 123, 117, 117],
[2024-06-20 20:09:15,826][flwr][INFO] - 	       [ 26,  44, 123, 134,  20, 152,  49,  91, 143, 110],
[2024-06-20 20:09:15,826][flwr][INFO] - 	       [109,  56, 140,  63,  38,  11, 326,  68,  78,  69],
[2024-06-20 20:09:15,826][flwr][INFO] - 	       [ 18, 120,  54,  17,  80,  36,  48, 461, 105,  89],
[2024-06-20 20:09:15,826][flwr][INFO] - 	       [ 39,  87, 101, 142,  17,  35, 197,  82, 199,  75],
[2024-06-20 20:09:15,826][flwr][INFO] - 	       [ 76,  19, 177,  31,  57,  42, 124, 152, 120, 211]])),
[2024-06-20 20:09:15,826][flwr][INFO] - 	                      (10,
[2024-06-20 20:09:15,826][flwr][INFO] - 	                       array([[396,  53, 153,  71,  32,  30,  86, 105,  49,   5],
[2024-06-20 20:09:15,827][flwr][INFO] - 	       [ 23, 761,  54,   3,  67,  20,   6, 104,  39,  58],
[2024-06-20 20:09:15,827][flwr][INFO] - 	       [ 47,  72, 298, 151,  52,  29, 201,  43,  70,  69],
[2024-06-20 20:09:15,827][flwr][INFO] - 	       [ 26,  94,  81, 270,  15, 134,  68,  83, 192,  47],
[2024-06-20 20:09:15,827][flwr][INFO] - 	       [ 70,  50, 132, 103,  70,  57, 143, 123, 117, 117],
[2024-06-20 20:09:15,827][flwr][INFO] - 	       [ 26,  44, 123, 133,  20, 153,  49,  91, 143, 110],
[2024-06-20 20:09:15,827][flwr][INFO] - 	       [109,  55, 140,  63,  38,  11, 326,  68,  78,  70],
[2024-06-20 20:09:15,827][flwr][INFO] - 	       [ 18, 120,  54,  17,  80,  36,  48, 461, 105,  89],
[2024-06-20 20:09:15,827][flwr][INFO] - 	       [ 39,  87, 100, 142,  17,  35, 197,  82, 200,  75],
[2024-06-20 20:09:15,827][flwr][INFO] - 	       [ 75,  19, 177,  32,  57,  43, 123, 152, 120, 211]]))],
[2024-06-20 20:09:15,827][flwr][INFO] - 	 'f1': [(0, 0.03553137346181725),
[2024-06-20 20:09:15,827][flwr][INFO] - 	        (1, 0.06351619327477473),
[2024-06-20 20:09:15,827][flwr][INFO] - 	        (2, 0.19887028348704372),
[2024-06-20 20:09:15,827][flwr][INFO] - 	        (3, 0.2600712593327205),
[2024-06-20 20:09:15,827][flwr][INFO] - 	        (4, 0.2810642702502383),
[2024-06-20 20:09:15,827][flwr][INFO] - 	        (5, 0.29175547272489105),
[2024-06-20 20:09:15,827][flwr][INFO] - 	        (6, 0.2989369997587234),
[2024-06-20 20:09:15,827][flwr][INFO] - 	        (7, 0.3017879045210452),
[2024-06-20 20:09:15,827][flwr][INFO] - 	        (8, 0.30373064615382567),
[2024-06-20 20:09:15,827][flwr][INFO] - 	        (9, 0.3041811101903765),
[2024-06-20 20:09:15,827][flwr][INFO] - 	        (10, 0.3048219062838972)],
[2024-06-20 20:09:15,827][flwr][INFO] - 	 'precision': [(0, 0.12349967530374152),
[2024-06-20 20:09:15,827][flwr][INFO] - 	               (1, 0.07179314262262994),
[2024-06-20 20:09:15,827][flwr][INFO] - 	               (2, 0.2083593805391671),
[2024-06-20 20:09:15,827][flwr][INFO] - 	               (3, 0.2630752796948786),
[2024-06-20 20:09:15,827][flwr][INFO] - 	               (4, 0.28374405255018015),
[2024-06-20 20:09:15,827][flwr][INFO] - 	               (5, 0.2946162741010755),
[2024-06-20 20:09:15,827][flwr][INFO] - 	               (6, 0.3003596916177233),
[2024-06-20 20:09:15,827][flwr][INFO] - 	               (7, 0.3030140360097148),
[2024-06-20 20:09:15,827][flwr][INFO] - 	               (8, 0.3045766962856396),
[2024-06-20 20:09:15,827][flwr][INFO] - 	               (9, 0.30501010270130074),
[2024-06-20 20:09:15,827][flwr][INFO] - 	               (10, 0.30561649981313804)],
[2024-06-20 20:09:15,827][flwr][INFO] - 	 'recall': [(0, 0.1086),
[2024-06-20 20:09:15,827][flwr][INFO] - 	            (1, 0.0927),
[2024-06-20 20:09:15,827][flwr][INFO] - 	            (2, 0.2302),
[2024-06-20 20:09:15,827][flwr][INFO] - 	            (3, 0.2786),
[2024-06-20 20:09:15,827][flwr][INFO] - 	            (4, 0.2936),
[2024-06-20 20:09:15,827][flwr][INFO] - 	            (5, 0.3035),
[2024-06-20 20:09:15,827][flwr][INFO] - 	            (6, 0.3093),
[2024-06-20 20:09:15,827][flwr][INFO] - 	            (7, 0.3116),
[2024-06-20 20:09:15,827][flwr][INFO] - 	            (8, 0.3137),
[2024-06-20 20:09:15,827][flwr][INFO] - 	            (9, 0.314),
[2024-06-20 20:09:15,827][flwr][INFO] - 	            (10, 0.3146)]}
[2024-06-20 20:09:15,828][flwr][INFO] - 
