[2024-06-20 20:24:52,002][flwr][INFO] - Starting Flower simulation, config: num_rounds=10, no round_timeout
[2024-06-20 20:24:53,069][flwr][INFO] - Flower VCE: Ray initialized with resources: {'memory': 9122976564.0, 'CPU': 12.0, 'object_store_memory': 2147483648.0, 'node:127.0.0.1': 1.0, 'node:__internal_head__': 1.0}
[2024-06-20 20:24:53,070][flwr][INFO] - Optimize your simulation with Flower VCE: https://flower.ai/docs/framework/how-to-run-simulations.html
[2024-06-20 20:24:53,070][flwr][INFO] - Flower VCE: Resources for each Virtual Client: {'num_cpus': 2, 'num_gpus': 0}
[2024-06-20 20:24:53,076][flwr][INFO] - Flower VCE: Creating VirtualClientEngineActorPool with 6 actors
[2024-06-20 20:24:53,077][flwr][INFO] - [INIT]
[2024-06-20 20:24:53,077][flwr][INFO] - Requesting initial parameters from one random client
[2024-06-20 20:24:55,016][flwr][INFO] - Received initial parameters from one random client
[2024-06-20 20:24:55,016][flwr][INFO] - Evaluating initial global parameters
[2024-06-20 20:24:55,465][flwr][INFO] - initial parameters (loss, other metrics): 181.76928067207336, {'accuracy': 0.1086, 'precision': 0.12349967530374152, 'recall': 0.1086, 'f1': 0.03553137346181725, 'confusion_matrix': array([[   0,    8,    0,  956,    0,    1,    0,   15,    0,    0],
       [   0,  122,    0, 1013,    0,    0,    0,    0,    0,    0],
       [   0,   38,    0,  971,    0,    0,    3,   19,    1,    0],
       [   0,   44,    0,  945,    1,    1,    0,   17,    2,    0],
       [   0,  143,    0,  816,    1,    0,    2,   20,    0,    0],
       [   0,  118,    0,  735,    1,    7,    0,   30,    1,    0],
       [   0,  144,    0,  749,   25,    0,    2,   38,    0,    0],
       [   0,  272,    0,  724,    8,    0,    0,    9,   15,    0],
       [   0,   81,    0,  859,    1,    0,    1,   32,    0,    0],
       [   0,  178,    0,  799,    1,    0,    0,   31,    0,    0]])}
[2024-06-20 20:24:55,465][flwr][INFO] - 
[2024-06-20 20:24:55,465][flwr][INFO] - [ROUND 1]
[2024-06-20 20:24:55,466][flwr][INFO] - configure_fit: strategy sampled 10 clients (out of 100)
[2024-06-20 20:25:02,610][flwr][INFO] - aggregate_fit: received 10 results and 0 failures
[2024-06-20 20:25:02,622][flwr][WARNING] - No fit_metrics_aggregation_fn provided
[2024-06-20 20:25:03,070][flwr][INFO] - fit progress: (1, 3364.72371673584, {'accuracy': 0.1292, 'precision': 0.1055275055504992, 'recall': 0.1292, 'f1': 0.1030288481513222, 'confusion_matrix': array([[  1,  24,   3, 159,  23, 712,  35,   0,  23,   0],
       [  1, 407,  92, 134, 473,   5,   2,  21,   0,   0],
       [  7,  95,  29, 153, 442, 276,   7,   1,  21,   1],
       [  3,  57, 137, 439, 114, 129, 115,   5,  10,   1],
       [ 15,  72,  25, 112, 230, 377, 129,   3,  18,   1],
       [  1, 163,  64, 240,  50, 115, 212,   9,  38,   0],
       [  7, 139,  55,  42, 342, 318,  42,   0,  13,   0],
       [  5,  40,  34, 397, 197, 277,  68,   1,   8,   1],
       [  6,  58,  57, 232, 100, 374,  74,  45,  28,   0],
       [  9,  33,  27, 195, 212, 264, 239,   8,  22,   0]])}, 7.605047542)
[2024-06-20 20:25:03,071][flwr][INFO] - configure_evaluate: no clients selected, skipping evaluation
[2024-06-20 20:25:03,071][flwr][INFO] - 
[2024-06-20 20:25:03,071][flwr][INFO] - [ROUND 2]
[2024-06-20 20:25:03,071][flwr][INFO] - configure_fit: strategy sampled 10 clients (out of 100)
[2024-06-20 20:25:08,403][flwr][INFO] - aggregate_fit: received 10 results and 0 failures
[2024-06-20 20:25:08,854][flwr][INFO] - fit progress: (2, 4845.831092834473, {'accuracy': 0.2316, 'precision': 0.3284247349614801, 'recall': 0.2316, 'f1': 0.2158134886038519, 'confusion_matrix': array([[  7,  15, 121, 307, 115,  41, 132,  56,  21, 165],
       [  0, 312,   6, 106, 196,   2,  12, 380,   0, 121],
       [  0,  17, 316,  77, 131,   9, 108, 286,   2,  86],
       [  0,  49,  70, 380, 140,  46,  56,  67,   6, 196],
       [  2,  12,   8,  52,  99,   8,  48, 515,   3, 235],
       [  1,  46,  53, 169, 180, 145,  38, 101,   6, 153],
       [  0,  63, 120,  60, 124,  12, 228, 121,   2, 228],
       [  0,  16,  13,  14, 228,  24,  13, 628,   3,  89],
       [  1,  39,  25, 135, 163, 115,  41, 222,  23, 210],
       [  0,   9,   2,  37,  94,  60,  13, 614,   2, 178]])}, 13.388719250000001)
[2024-06-20 20:25:08,854][flwr][INFO] - configure_evaluate: no clients selected, skipping evaluation
[2024-06-20 20:25:08,854][flwr][INFO] - 
[2024-06-20 20:25:08,854][flwr][INFO] - [ROUND 3]
[2024-06-20 20:25:08,855][flwr][INFO] - configure_fit: strategy sampled 10 clients (out of 100)
[2024-06-20 20:25:14,429][flwr][INFO] - aggregate_fit: received 10 results and 0 failures
[2024-06-20 20:25:14,893][flwr][INFO] - fit progress: (3, 9079.229942321777, {'accuracy': 0.2643, 'precision': 0.3801950181479846, 'recall': 0.2643, 'f1': 0.24549339179505875, 'confusion_matrix': array([[ 96, 135,  17,   2, 300,  24,   2, 388,  14,   2],
       [  0,  47,  55,   1,  24,   1,   2, 989,  15,   1],
       [  6,  14, 493,   1, 127,   4,  40, 314,  32,   1],
       [  8, 150,  96,  68, 106,  44,  12, 349, 145,  32],
       [ 52,   7,  22,   1, 193,   4,  11, 511,  43, 138],
       [ 25, 137,  36,  11, 102,  74,  23, 346, 106,  32],
       [ 14,   8, 164,   2, 231,   6, 264, 245,  18,   6],
       [ 11,   5,  13,   0,  68,   2,   0, 875,  18,  36],
       [  6,  55,  54,  18,  69,  14,  46, 463, 208,  41],
       [ 19,  12,  27,   0,  66,   1,  43, 476,  40, 325]])}, 19.428501375)
[2024-06-20 20:25:14,894][flwr][INFO] - configure_evaluate: no clients selected, skipping evaluation
[2024-06-20 20:25:14,894][flwr][INFO] - 
[2024-06-20 20:25:14,894][flwr][INFO] - [ROUND 4]
[2024-06-20 20:25:14,894][flwr][INFO] - configure_fit: strategy sampled 10 clients (out of 100)
[2024-06-20 20:25:20,146][flwr][INFO] - aggregate_fit: received 10 results and 0 failures
[2024-06-20 20:25:20,594][flwr][INFO] - fit progress: (4, 12556.442504882812, {'accuracy': 0.4196, 'precision': 0.5048836377863046, 'recall': 0.4196, 'f1': 0.3775007247078659, 'confusion_matrix': array([[353,  58,  70,   7,  52,   4,   1, 406,   7,  22],
       [  0, 993,  94,   3,   0,   1,   1,  38,   3,   2],
       [  3,  70, 809,  14,  32,  14,   2,  48,  11,  29],
       [  3, 200, 214, 312,  17,  69,   2, 104,  51,  38],
       [  2,  94, 158,   2, 331,   3,   1, 164,  55, 172],
       [ 20, 124, 137, 114,  39, 118,   3, 196,  48,  93],
       [ 20,  51, 545,   3,  65,   5,  65, 125,  16,  63],
       [  1,  41,  84,   1,  35,   1,   0, 797,  10,  58],
       [ 10, 162, 168,  53,  50,  29,   0, 219, 119, 164],
       [  4, 261,  47,   4,  41,   3,   2, 288,  60, 299]])}, 25.129386625000002)
[2024-06-20 20:25:20,594][flwr][INFO] - configure_evaluate: no clients selected, skipping evaluation
[2024-06-20 20:25:20,594][flwr][INFO] - 
[2024-06-20 20:25:20,594][flwr][INFO] - [ROUND 5]
[2024-06-20 20:25:20,595][flwr][INFO] - configure_fit: strategy sampled 10 clients (out of 100)
[2024-06-20 20:25:25,849][flwr][INFO] - aggregate_fit: received 10 results and 0 failures
[2024-06-20 20:25:26,296][flwr][INFO] - fit progress: (5, 18028.049240112305, {'accuracy': 0.4561, 'precision': 0.5140632274874917, 'recall': 0.4561, 'f1': 0.4404980455815253, 'confusion_matrix': array([[358,  36,  65,  29,  29,  24,  48, 377,  10,   4],
       [  0, 742, 302,   7,   2,  12,  12,  36,  13,   9],
       [  1,  23, 601,  72,  68,  30,  22, 174,  27,  14],
       [  0,  40, 114, 606,   3, 107,  23,  76,  32,   9],
       [  1,  13, 155,   6, 631,  23,  10,  96,  29,  18],
       [ 10,  37, 143, 185,  30, 267,  19, 148,  30,  23],
       [ 10,  12, 408,  18,  77,  10, 288,  85,  42,   8],
       [  2,  20,  95,  14,  40,  25,   8, 777,  34,  13],
       [  9,  22, 157, 166,  62, 129,  12, 170, 216,  31],
       [  5,  50,  65,  45, 308,  85,  25, 296,  55,  75]])}, 30.83121575)
[2024-06-20 20:25:26,296][flwr][INFO] - configure_evaluate: no clients selected, skipping evaluation
[2024-06-20 20:25:26,296][flwr][INFO] - 
[2024-06-20 20:25:26,296][flwr][INFO] - [ROUND 6]
[2024-06-20 20:25:26,296][flwr][INFO] - configure_fit: strategy sampled 10 clients (out of 100)
[2024-06-20 20:25:31,468][flwr][INFO] - aggregate_fit: received 10 results and 0 failures
[2024-06-20 20:25:31,916][flwr][INFO] - fit progress: (6, 34709.26062011719, {'accuracy': 0.4326, 'precision': 0.5315838983268428, 'recall': 0.4326, 'f1': 0.43586744491252366, 'confusion_matrix': array([[729,  38,  75,   4,   5,  21,  29,  68,   1,  10],
       [  0, 645, 399,   4,   3,   6,   5,  16,   9,  48],
       [  7,  25, 853,  21,   6,   7,  31,  26,  11,  45],
       [ 13,  25, 319, 414,   0,  93,  32,  61,   9,  44],
       [  9,   4, 520,   2, 264,   7,  36,  60,  20,  60],
       [ 85,  29, 262,  72,   5, 251,  58,  77,  22,  31],
       [ 40,  10, 560,   6,   9,   7, 265,  27,   4,  30],
       [  4,   9, 242,   5,  25,   7,  10, 520,  31, 175],
       [ 27,  31, 337,  88,  27,  63,  24,  93, 125, 159],
       [ 50,  24, 342,   9,  97,  14,  25, 162,  26, 260]])}, 36.451990083)
[2024-06-20 20:25:31,917][flwr][INFO] - configure_evaluate: no clients selected, skipping evaluation
[2024-06-20 20:25:31,917][flwr][INFO] - 
[2024-06-20 20:25:31,917][flwr][INFO] - [ROUND 7]
[2024-06-20 20:25:31,917][flwr][INFO] - configure_fit: strategy sampled 10 clients (out of 100)
[2024-06-20 20:25:37,318][flwr][INFO] - aggregate_fit: received 10 results and 0 failures
[2024-06-20 20:25:37,758][flwr][INFO] - fit progress: (7, 51580.279067993164, {'accuracy': 0.5245, 'precision': 0.5419873977188921, 'recall': 0.5245, 'f1': 0.4962242901102275, 'confusion_matrix': array([[790,  14,  39,  10,  17,  16,  35,  53,   1,   5],
       [  0, 720, 150,  45, 152,   3,  30,   7,   1,  27],
       [ 22,  11, 573, 136,  86,   3, 103,  45,   3,  50],
       [ 14,  11, 102, 721,  20,  19,  52,  40,   4,  27],
       [  5,   6,  63,  22, 721,   0,  37,  50,   1,  77],
       [ 62,  17, 113, 175,  80, 189, 140,  75,   9,  32],
       [ 41,   9,  99,  83, 103,   2, 575,  23,   0,  23],
       [  3,  12, 103,  17, 164,   6,  18, 632,   4,  69],
       [ 16,  16,  83, 292, 221,  25, 117,  93,  11, 100],
       [ 14,   9,  24,  35, 348,   3,  76, 181,   6, 313]])}, 42.293532375)
[2024-06-20 20:25:37,758][flwr][INFO] - configure_evaluate: no clients selected, skipping evaluation
[2024-06-20 20:25:37,758][flwr][INFO] - 
[2024-06-20 20:25:37,758][flwr][INFO] - [ROUND 8]
[2024-06-20 20:25:37,759][flwr][INFO] - configure_fit: strategy sampled 10 clients (out of 100)
[2024-06-20 20:25:42,927][flwr][INFO] - aggregate_fit: received 10 results and 0 failures
[2024-06-20 20:25:43,367][flwr][INFO] - fit progress: (8, 70989.93142700195, {'accuracy': 0.4951, 'precision': 0.5296420409162697, 'recall': 0.4951, 'f1': 0.4936958827105491, 'confusion_matrix': array([[694,  62,  54,   0,  13,  66,   6,  48,   4,  33],
       [  0, 858, 137,  19,  31,   3,   8,   9,  10,  60],
       [ 41,  24, 649,  54,  47,  16,  44,  42,  49,  66],
       [ 14,  13, 172, 372,  16,  90,  30,  36,  89, 178],
       [  7,   5, 124,   4, 445,  13,  17,  27,  35, 305],
       [ 53,  27, 114,  63,  46, 220,  25,  35,  86, 223],
       [ 54,  16, 156,  86, 105,  25, 387,  30,  14,  85],
       [  1,  20, 161,   5, 152,  13,  14, 458,  44, 160],
       [ 12,  12, 121,  81, 118,  49,  25,  90, 216, 250],
       [ 11,   8,  46,   1, 132,   4,  13,  86,  56, 652]])}, 47.902718875)
[2024-06-20 20:25:43,367][flwr][INFO] - configure_evaluate: no clients selected, skipping evaluation
[2024-06-20 20:25:43,367][flwr][INFO] - 
[2024-06-20 20:25:43,367][flwr][INFO] - [ROUND 9]
[2024-06-20 20:25:43,367][flwr][INFO] - configure_fit: strategy sampled 10 clients (out of 100)
[2024-06-20 20:25:49,705][flwr][INFO] - aggregate_fit: received 10 results and 0 failures
[2024-06-20 20:25:50,167][flwr][INFO] - fit progress: (9, 116982.90563964844, {'accuracy': 0.4906, 'precision': 0.5577433438378069, 'recall': 0.4906, 'f1': 0.482340538637559, 'confusion_matrix': array([[336,  39,  44,   0,  29, 486,   5,  24,   2,  15],
       [ 17, 862, 214,   3,   4,  11,   4,  10,   1,   9],
       [ 16,  14, 807,  21,  43,  64,   8,  18,   9,  32],
       [ 11,  15, 232, 372,  30, 186,  15,  31,  34,  84],
       [  2,  10,  32,   2, 558,  93,  22,  32,  31, 200],
       [ 24,  23,  93,  54,  54, 505,  15,  16,  22,  86],
       [ 16,  16, 228,  43, 233, 126, 259,  15,   1,  21],
       [  0,  20,  91,   3, 128,  60,  15, 632,  20,  59],
       [  6,  18, 404,  45, 113, 176,   4,  43,  90,  75],
       [  4,  16,  32,   3, 221,  61,  18,  88,  81, 485]])}, 54.702933792)
[2024-06-20 20:25:50,167][flwr][INFO] - configure_evaluate: no clients selected, skipping evaluation
[2024-06-20 20:25:50,167][flwr][INFO] - 
[2024-06-20 20:25:50,167][flwr][INFO] - [ROUND 10]
[2024-06-20 20:25:50,168][flwr][INFO] - configure_fit: strategy sampled 10 clients (out of 100)
[2024-06-20 20:25:55,445][flwr][INFO] - aggregate_fit: received 10 results and 0 failures
[2024-06-20 20:25:55,893][flwr][INFO] - fit progress: (10, 178818.92712402344, {'accuracy': 0.5291, 'precision': 0.5091683676584563, 'recall': 0.5291, 'f1': 0.4999637227362802, 'confusion_matrix': array([[ 578,  241,   20,    8,   22,   57,   23,   24,    1,    6],
       [   4, 1000,   40,   19,    4,    0,    7,   52,    2,    7],
       [  48,   86,  545,  140,   32,   30,   57,   60,   11,   23],
       [  40,   54,   50,  675,   18,   46,   33,   39,    8,   47],
       [  12,   15,   22,   17,  578,   18,   85,   73,   32,  130],
       [  98,   93,   53,  202,   82,  219,   27,   37,   14,   67],
       [  51,   20,   45,  147,   67,   20,  561,   36,    2,    9],
       [   3,   30,   39,   12,   91,   12,   27,  765,   20,   29],
       [  54,   98,  154,  249,  105,   56,   52,   78,   70,   58],
       [  12,   57,    7,   31,  263,   11,  107,  155,   66,  300]])}, 60.42988008300001)
[2024-06-20 20:25:55,894][flwr][INFO] - configure_evaluate: no clients selected, skipping evaluation
[2024-06-20 20:25:55,894][flwr][INFO] - 
[2024-06-20 20:25:55,894][flwr][INFO] - [SUMMARY]
[2024-06-20 20:25:55,894][flwr][INFO] - Run finished 10 round(s) in 60.43s
[2024-06-20 20:25:55,899][flwr][INFO] - 	History (loss, centralized):
[2024-06-20 20:25:55,899][flwr][INFO] - 		round 0: 181.76928067207336
[2024-06-20 20:25:55,899][flwr][INFO] - 		round 1: 3364.72371673584
[2024-06-20 20:25:55,899][flwr][INFO] - 		round 2: 4845.831092834473
[2024-06-20 20:25:55,899][flwr][INFO] - 		round 3: 9079.229942321777
[2024-06-20 20:25:55,899][flwr][INFO] - 		round 4: 12556.442504882812
[2024-06-20 20:25:55,899][flwr][INFO] - 		round 5: 18028.049240112305
[2024-06-20 20:25:55,899][flwr][INFO] - 		round 6: 34709.26062011719
[2024-06-20 20:25:55,899][flwr][INFO] - 		round 7: 51580.279067993164
[2024-06-20 20:25:55,899][flwr][INFO] - 		round 8: 70989.93142700195
[2024-06-20 20:25:55,899][flwr][INFO] - 		round 9: 116982.90563964844
[2024-06-20 20:25:55,899][flwr][INFO] - 		round 10: 178818.92712402344
[2024-06-20 20:25:55,899][flwr][INFO] - 	History (metrics, centralized):
[2024-06-20 20:25:55,899][flwr][INFO] - 	{'accuracy': [(0, 0.1086),
[2024-06-20 20:25:55,899][flwr][INFO] - 	              (1, 0.1292),
[2024-06-20 20:25:55,900][flwr][INFO] - 	              (2, 0.2316),
[2024-06-20 20:25:55,900][flwr][INFO] - 	              (3, 0.2643),
[2024-06-20 20:25:55,900][flwr][INFO] - 	              (4, 0.4196),
[2024-06-20 20:25:55,900][flwr][INFO] - 	              (5, 0.4561),
[2024-06-20 20:25:55,900][flwr][INFO] - 	              (6, 0.4326),
[2024-06-20 20:25:55,900][flwr][INFO] - 	              (7, 0.5245),
[2024-06-20 20:25:55,900][flwr][INFO] - 	              (8, 0.4951),
[2024-06-20 20:25:55,900][flwr][INFO] - 	              (9, 0.4906),
[2024-06-20 20:25:55,900][flwr][INFO] - 	              (10, 0.5291)],
[2024-06-20 20:25:55,900][flwr][INFO] - 	 'confusion_matrix': [(0,
[2024-06-20 20:25:55,900][flwr][INFO] - 	                       array([[   0,    8,    0,  956,    0,    1,    0,   15,    0,    0],
[2024-06-20 20:25:55,900][flwr][INFO] - 	       [   0,  122,    0, 1013,    0,    0,    0,    0,    0,    0],
[2024-06-20 20:25:55,900][flwr][INFO] - 	       [   0,   38,    0,  971,    0,    0,    3,   19,    1,    0],
[2024-06-20 20:25:55,900][flwr][INFO] - 	       [   0,   44,    0,  945,    1,    1,    0,   17,    2,    0],
[2024-06-20 20:25:55,900][flwr][INFO] - 	       [   0,  143,    0,  816,    1,    0,    2,   20,    0,    0],
[2024-06-20 20:25:55,900][flwr][INFO] - 	       [   0,  118,    0,  735,    1,    7,    0,   30,    1,    0],
[2024-06-20 20:25:55,900][flwr][INFO] - 	       [   0,  144,    0,  749,   25,    0,    2,   38,    0,    0],
[2024-06-20 20:25:55,900][flwr][INFO] - 	       [   0,  272,    0,  724,    8,    0,    0,    9,   15,    0],
[2024-06-20 20:25:55,900][flwr][INFO] - 	       [   0,   81,    0,  859,    1,    0,    1,   32,    0,    0],
[2024-06-20 20:25:55,900][flwr][INFO] - 	       [   0,  178,    0,  799,    1,    0,    0,   31,    0,    0]])),
[2024-06-20 20:25:55,900][flwr][INFO] - 	                      (1,
[2024-06-20 20:25:55,900][flwr][INFO] - 	                       array([[  1,  24,   3, 159,  23, 712,  35,   0,  23,   0],
[2024-06-20 20:25:55,900][flwr][INFO] - 	       [  1, 407,  92, 134, 473,   5,   2,  21,   0,   0],
[2024-06-20 20:25:55,900][flwr][INFO] - 	       [  7,  95,  29, 153, 442, 276,   7,   1,  21,   1],
[2024-06-20 20:25:55,900][flwr][INFO] - 	       [  3,  57, 137, 439, 114, 129, 115,   5,  10,   1],
[2024-06-20 20:25:55,900][flwr][INFO] - 	       [ 15,  72,  25, 112, 230, 377, 129,   3,  18,   1],
[2024-06-20 20:25:55,900][flwr][INFO] - 	       [  1, 163,  64, 240,  50, 115, 212,   9,  38,   0],
[2024-06-20 20:25:55,900][flwr][INFO] - 	       [  7, 139,  55,  42, 342, 318,  42,   0,  13,   0],
[2024-06-20 20:25:55,900][flwr][INFO] - 	       [  5,  40,  34, 397, 197, 277,  68,   1,   8,   1],
[2024-06-20 20:25:55,900][flwr][INFO] - 	       [  6,  58,  57, 232, 100, 374,  74,  45,  28,   0],
[2024-06-20 20:25:55,900][flwr][INFO] - 	       [  9,  33,  27, 195, 212, 264, 239,   8,  22,   0]])),
[2024-06-20 20:25:55,900][flwr][INFO] - 	                      (2,
[2024-06-20 20:25:55,900][flwr][INFO] - 	                       array([[  7,  15, 121, 307, 115,  41, 132,  56,  21, 165],
[2024-06-20 20:25:55,900][flwr][INFO] - 	       [  0, 312,   6, 106, 196,   2,  12, 380,   0, 121],
[2024-06-20 20:25:55,900][flwr][INFO] - 	       [  0,  17, 316,  77, 131,   9, 108, 286,   2,  86],
[2024-06-20 20:25:55,900][flwr][INFO] - 	       [  0,  49,  70, 380, 140,  46,  56,  67,   6, 196],
[2024-06-20 20:25:55,900][flwr][INFO] - 	       [  2,  12,   8,  52,  99,   8,  48, 515,   3, 235],
[2024-06-20 20:25:55,900][flwr][INFO] - 	       [  1,  46,  53, 169, 180, 145,  38, 101,   6, 153],
[2024-06-20 20:25:55,900][flwr][INFO] - 	       [  0,  63, 120,  60, 124,  12, 228, 121,   2, 228],
[2024-06-20 20:25:55,900][flwr][INFO] - 	       [  0,  16,  13,  14, 228,  24,  13, 628,   3,  89],
[2024-06-20 20:25:55,900][flwr][INFO] - 	       [  1,  39,  25, 135, 163, 115,  41, 222,  23, 210],
[2024-06-20 20:25:55,901][flwr][INFO] - 	       [  0,   9,   2,  37,  94,  60,  13, 614,   2, 178]])),
[2024-06-20 20:25:55,901][flwr][INFO] - 	                      (3,
[2024-06-20 20:25:55,901][flwr][INFO] - 	                       array([[ 96, 135,  17,   2, 300,  24,   2, 388,  14,   2],
[2024-06-20 20:25:55,901][flwr][INFO] - 	       [  0,  47,  55,   1,  24,   1,   2, 989,  15,   1],
[2024-06-20 20:25:55,901][flwr][INFO] - 	       [  6,  14, 493,   1, 127,   4,  40, 314,  32,   1],
[2024-06-20 20:25:55,901][flwr][INFO] - 	       [  8, 150,  96,  68, 106,  44,  12, 349, 145,  32],
[2024-06-20 20:25:55,901][flwr][INFO] - 	       [ 52,   7,  22,   1, 193,   4,  11, 511,  43, 138],
[2024-06-20 20:25:55,901][flwr][INFO] - 	       [ 25, 137,  36,  11, 102,  74,  23, 346, 106,  32],
[2024-06-20 20:25:55,901][flwr][INFO] - 	       [ 14,   8, 164,   2, 231,   6, 264, 245,  18,   6],
[2024-06-20 20:25:55,901][flwr][INFO] - 	       [ 11,   5,  13,   0,  68,   2,   0, 875,  18,  36],
[2024-06-20 20:25:55,901][flwr][INFO] - 	       [  6,  55,  54,  18,  69,  14,  46, 463, 208,  41],
[2024-06-20 20:25:55,901][flwr][INFO] - 	       [ 19,  12,  27,   0,  66,   1,  43, 476,  40, 325]])),
[2024-06-20 20:25:55,901][flwr][INFO] - 	                      (4,
[2024-06-20 20:25:55,901][flwr][INFO] - 	                       array([[353,  58,  70,   7,  52,   4,   1, 406,   7,  22],
[2024-06-20 20:25:55,901][flwr][INFO] - 	       [  0, 993,  94,   3,   0,   1,   1,  38,   3,   2],
[2024-06-20 20:25:55,901][flwr][INFO] - 	       [  3,  70, 809,  14,  32,  14,   2,  48,  11,  29],
[2024-06-20 20:25:55,901][flwr][INFO] - 	       [  3, 200, 214, 312,  17,  69,   2, 104,  51,  38],
[2024-06-20 20:25:55,901][flwr][INFO] - 	       [  2,  94, 158,   2, 331,   3,   1, 164,  55, 172],
[2024-06-20 20:25:55,901][flwr][INFO] - 	       [ 20, 124, 137, 114,  39, 118,   3, 196,  48,  93],
[2024-06-20 20:25:55,901][flwr][INFO] - 	       [ 20,  51, 545,   3,  65,   5,  65, 125,  16,  63],
[2024-06-20 20:25:55,901][flwr][INFO] - 	       [  1,  41,  84,   1,  35,   1,   0, 797,  10,  58],
[2024-06-20 20:25:55,901][flwr][INFO] - 	       [ 10, 162, 168,  53,  50,  29,   0, 219, 119, 164],
[2024-06-20 20:25:55,901][flwr][INFO] - 	       [  4, 261,  47,   4,  41,   3,   2, 288,  60, 299]])),
[2024-06-20 20:25:55,901][flwr][INFO] - 	                      (5,
[2024-06-20 20:25:55,901][flwr][INFO] - 	                       array([[358,  36,  65,  29,  29,  24,  48, 377,  10,   4],
[2024-06-20 20:25:55,901][flwr][INFO] - 	       [  0, 742, 302,   7,   2,  12,  12,  36,  13,   9],
[2024-06-20 20:25:55,901][flwr][INFO] - 	       [  1,  23, 601,  72,  68,  30,  22, 174,  27,  14],
[2024-06-20 20:25:55,901][flwr][INFO] - 	       [  0,  40, 114, 606,   3, 107,  23,  76,  32,   9],
[2024-06-20 20:25:55,901][flwr][INFO] - 	       [  1,  13, 155,   6, 631,  23,  10,  96,  29,  18],
[2024-06-20 20:25:55,901][flwr][INFO] - 	       [ 10,  37, 143, 185,  30, 267,  19, 148,  30,  23],
[2024-06-20 20:25:55,901][flwr][INFO] - 	       [ 10,  12, 408,  18,  77,  10, 288,  85,  42,   8],
[2024-06-20 20:25:55,901][flwr][INFO] - 	       [  2,  20,  95,  14,  40,  25,   8, 777,  34,  13],
[2024-06-20 20:25:55,901][flwr][INFO] - 	       [  9,  22, 157, 166,  62, 129,  12, 170, 216,  31],
[2024-06-20 20:25:55,901][flwr][INFO] - 	       [  5,  50,  65,  45, 308,  85,  25, 296,  55,  75]])),
[2024-06-20 20:25:55,901][flwr][INFO] - 	                      (6,
[2024-06-20 20:25:55,901][flwr][INFO] - 	                       array([[729,  38,  75,   4,   5,  21,  29,  68,   1,  10],
[2024-06-20 20:25:55,901][flwr][INFO] - 	       [  0, 645, 399,   4,   3,   6,   5,  16,   9,  48],
[2024-06-20 20:25:55,901][flwr][INFO] - 	       [  7,  25, 853,  21,   6,   7,  31,  26,  11,  45],
[2024-06-20 20:25:55,901][flwr][INFO] - 	       [ 13,  25, 319, 414,   0,  93,  32,  61,   9,  44],
[2024-06-20 20:25:55,901][flwr][INFO] - 	       [  9,   4, 520,   2, 264,   7,  36,  60,  20,  60],
[2024-06-20 20:25:55,901][flwr][INFO] - 	       [ 85,  29, 262,  72,   5, 251,  58,  77,  22,  31],
[2024-06-20 20:25:55,901][flwr][INFO] - 	       [ 40,  10, 560,   6,   9,   7, 265,  27,   4,  30],
[2024-06-20 20:25:55,902][flwr][INFO] - 	       [  4,   9, 242,   5,  25,   7,  10, 520,  31, 175],
[2024-06-20 20:25:55,902][flwr][INFO] - 	       [ 27,  31, 337,  88,  27,  63,  24,  93, 125, 159],
[2024-06-20 20:25:55,902][flwr][INFO] - 	       [ 50,  24, 342,   9,  97,  14,  25, 162,  26, 260]])),
[2024-06-20 20:25:55,902][flwr][INFO] - 	                      (7,
[2024-06-20 20:25:55,902][flwr][INFO] - 	                       array([[790,  14,  39,  10,  17,  16,  35,  53,   1,   5],
[2024-06-20 20:25:55,902][flwr][INFO] - 	       [  0, 720, 150,  45, 152,   3,  30,   7,   1,  27],
[2024-06-20 20:25:55,902][flwr][INFO] - 	       [ 22,  11, 573, 136,  86,   3, 103,  45,   3,  50],
[2024-06-20 20:25:55,902][flwr][INFO] - 	       [ 14,  11, 102, 721,  20,  19,  52,  40,   4,  27],
[2024-06-20 20:25:55,902][flwr][INFO] - 	       [  5,   6,  63,  22, 721,   0,  37,  50,   1,  77],
[2024-06-20 20:25:55,902][flwr][INFO] - 	       [ 62,  17, 113, 175,  80, 189, 140,  75,   9,  32],
[2024-06-20 20:25:55,902][flwr][INFO] - 	       [ 41,   9,  99,  83, 103,   2, 575,  23,   0,  23],
[2024-06-20 20:25:55,902][flwr][INFO] - 	       [  3,  12, 103,  17, 164,   6,  18, 632,   4,  69],
[2024-06-20 20:25:55,902][flwr][INFO] - 	       [ 16,  16,  83, 292, 221,  25, 117,  93,  11, 100],
[2024-06-20 20:25:55,902][flwr][INFO] - 	       [ 14,   9,  24,  35, 348,   3,  76, 181,   6, 313]])),
[2024-06-20 20:25:55,902][flwr][INFO] - 	                      (8,
[2024-06-20 20:25:55,902][flwr][INFO] - 	                       array([[694,  62,  54,   0,  13,  66,   6,  48,   4,  33],
[2024-06-20 20:25:55,902][flwr][INFO] - 	       [  0, 858, 137,  19,  31,   3,   8,   9,  10,  60],
[2024-06-20 20:25:55,902][flwr][INFO] - 	       [ 41,  24, 649,  54,  47,  16,  44,  42,  49,  66],
[2024-06-20 20:25:55,902][flwr][INFO] - 	       [ 14,  13, 172, 372,  16,  90,  30,  36,  89, 178],
[2024-06-20 20:25:55,902][flwr][INFO] - 	       [  7,   5, 124,   4, 445,  13,  17,  27,  35, 305],
[2024-06-20 20:25:55,902][flwr][INFO] - 	       [ 53,  27, 114,  63,  46, 220,  25,  35,  86, 223],
[2024-06-20 20:25:55,902][flwr][INFO] - 	       [ 54,  16, 156,  86, 105,  25, 387,  30,  14,  85],
[2024-06-20 20:25:55,902][flwr][INFO] - 	       [  1,  20, 161,   5, 152,  13,  14, 458,  44, 160],
[2024-06-20 20:25:55,902][flwr][INFO] - 	       [ 12,  12, 121,  81, 118,  49,  25,  90, 216, 250],
[2024-06-20 20:25:55,902][flwr][INFO] - 	       [ 11,   8,  46,   1, 132,   4,  13,  86,  56, 652]])),
[2024-06-20 20:25:55,902][flwr][INFO] - 	                      (9,
[2024-06-20 20:25:55,902][flwr][INFO] - 	                       array([[336,  39,  44,   0,  29, 486,   5,  24,   2,  15],
[2024-06-20 20:25:55,902][flwr][INFO] - 	       [ 17, 862, 214,   3,   4,  11,   4,  10,   1,   9],
[2024-06-20 20:25:55,902][flwr][INFO] - 	       [ 16,  14, 807,  21,  43,  64,   8,  18,   9,  32],
[2024-06-20 20:25:55,902][flwr][INFO] - 	       [ 11,  15, 232, 372,  30, 186,  15,  31,  34,  84],
[2024-06-20 20:25:55,902][flwr][INFO] - 	       [  2,  10,  32,   2, 558,  93,  22,  32,  31, 200],
[2024-06-20 20:25:55,902][flwr][INFO] - 	       [ 24,  23,  93,  54,  54, 505,  15,  16,  22,  86],
[2024-06-20 20:25:55,902][flwr][INFO] - 	       [ 16,  16, 228,  43, 233, 126, 259,  15,   1,  21],
[2024-06-20 20:25:55,902][flwr][INFO] - 	       [  0,  20,  91,   3, 128,  60,  15, 632,  20,  59],
[2024-06-20 20:25:55,902][flwr][INFO] - 	       [  6,  18, 404,  45, 113, 176,   4,  43,  90,  75],
[2024-06-20 20:25:55,902][flwr][INFO] - 	       [  4,  16,  32,   3, 221,  61,  18,  88,  81, 485]])),
[2024-06-20 20:25:55,902][flwr][INFO] - 	                      (10,
[2024-06-20 20:25:55,902][flwr][INFO] - 	                       array([[ 578,  241,   20,    8,   22,   57,   23,   24,    1,    6],
[2024-06-20 20:25:55,902][flwr][INFO] - 	       [   4, 1000,   40,   19,    4,    0,    7,   52,    2,    7],
[2024-06-20 20:25:55,902][flwr][INFO] - 	       [  48,   86,  545,  140,   32,   30,   57,   60,   11,   23],
[2024-06-20 20:25:55,902][flwr][INFO] - 	       [  40,   54,   50,  675,   18,   46,   33,   39,    8,   47],
[2024-06-20 20:25:55,902][flwr][INFO] - 	       [  12,   15,   22,   17,  578,   18,   85,   73,   32,  130],
[2024-06-20 20:25:55,903][flwr][INFO] - 	       [  98,   93,   53,  202,   82,  219,   27,   37,   14,   67],
[2024-06-20 20:25:55,903][flwr][INFO] - 	       [  51,   20,   45,  147,   67,   20,  561,   36,    2,    9],
[2024-06-20 20:25:55,903][flwr][INFO] - 	       [   3,   30,   39,   12,   91,   12,   27,  765,   20,   29],
[2024-06-20 20:25:55,903][flwr][INFO] - 	       [  54,   98,  154,  249,  105,   56,   52,   78,   70,   58],
[2024-06-20 20:25:55,903][flwr][INFO] - 	       [  12,   57,    7,   31,  263,   11,  107,  155,   66,  300]]))],
[2024-06-20 20:25:55,903][flwr][INFO] - 	 'f1': [(0, 0.03553137346181725),
[2024-06-20 20:25:55,903][flwr][INFO] - 	        (1, 0.1030288481513222),
[2024-06-20 20:25:55,903][flwr][INFO] - 	        (2, 0.2158134886038519),
[2024-06-20 20:25:55,903][flwr][INFO] - 	        (3, 0.24549339179505875),
[2024-06-20 20:25:55,903][flwr][INFO] - 	        (4, 0.3775007247078659),
[2024-06-20 20:25:55,903][flwr][INFO] - 	        (5, 0.4404980455815253),
[2024-06-20 20:25:55,903][flwr][INFO] - 	        (6, 0.43586744491252366),
[2024-06-20 20:25:55,903][flwr][INFO] - 	        (7, 0.4962242901102275),
[2024-06-20 20:25:55,903][flwr][INFO] - 	        (8, 0.4936958827105491),
[2024-06-20 20:25:55,903][flwr][INFO] - 	        (9, 0.482340538637559),
[2024-06-20 20:25:55,903][flwr][INFO] - 	        (10, 0.4999637227362802)],
[2024-06-20 20:25:55,903][flwr][INFO] - 	 'precision': [(0, 0.12349967530374152),
[2024-06-20 20:25:55,903][flwr][INFO] - 	               (1, 0.1055275055504992),
[2024-06-20 20:25:55,903][flwr][INFO] - 	               (2, 0.3284247349614801),
[2024-06-20 20:25:55,903][flwr][INFO] - 	               (3, 0.3801950181479846),
[2024-06-20 20:25:55,903][flwr][INFO] - 	               (4, 0.5048836377863046),
[2024-06-20 20:25:55,903][flwr][INFO] - 	               (5, 0.5140632274874917),
[2024-06-20 20:25:55,903][flwr][INFO] - 	               (6, 0.5315838983268428),
[2024-06-20 20:25:55,903][flwr][INFO] - 	               (7, 0.5419873977188921),
[2024-06-20 20:25:55,903][flwr][INFO] - 	               (8, 0.5296420409162697),
[2024-06-20 20:25:55,903][flwr][INFO] - 	               (9, 0.5577433438378069),
[2024-06-20 20:25:55,903][flwr][INFO] - 	               (10, 0.5091683676584563)],
[2024-06-20 20:25:55,903][flwr][INFO] - 	 'recall': [(0, 0.1086),
[2024-06-20 20:25:55,903][flwr][INFO] - 	            (1, 0.1292),
[2024-06-20 20:25:55,903][flwr][INFO] - 	            (2, 0.2316),
[2024-06-20 20:25:55,903][flwr][INFO] - 	            (3, 0.2643),
[2024-06-20 20:25:55,903][flwr][INFO] - 	            (4, 0.4196),
[2024-06-20 20:25:55,903][flwr][INFO] - 	            (5, 0.4561),
[2024-06-20 20:25:55,903][flwr][INFO] - 	            (6, 0.4326),
[2024-06-20 20:25:55,903][flwr][INFO] - 	            (7, 0.5245),
[2024-06-20 20:25:55,903][flwr][INFO] - 	            (8, 0.4951),
[2024-06-20 20:25:55,903][flwr][INFO] - 	            (9, 0.4906),
[2024-06-20 20:25:55,903][flwr][INFO] - 	            (10, 0.5291)]}
[2024-06-20 20:25:55,903][flwr][INFO] - 
