[2024-07-08 15:19:25,253][flwr][INFO] - Starting Flower simulation, config: num_rounds=10, no round_timeout
[2024-07-08 15:19:26,730][flwr][INFO] - Flower VCE: Ray initialized with resources: {'memory': 10503312180.0, 'CPU': 12.0, 'node:__internal_head__': 1.0, 'node:127.0.0.1': 1.0, 'object_store_memory': 2147483648.0}
[2024-07-08 15:19:26,731][flwr][INFO] - Optimize your simulation with Flower VCE: https://flower.ai/docs/framework/how-to-run-simulations.html
[2024-07-08 15:19:26,731][flwr][INFO] - Flower VCE: Resources for each Virtual Client: {'num_cpus': 2, 'num_gpus': 0}
[2024-07-08 15:19:26,744][flwr][INFO] - Flower VCE: Creating VirtualClientEngineActorPool with 6 actors
[2024-07-08 15:19:26,744][flwr][INFO] - [INIT]
[2024-07-08 15:19:26,744][flwr][INFO] - Requesting initial parameters from one random client
[2024-07-08 15:19:28,971][flwr][INFO] - Received initial parameters from one random client
[2024-07-08 15:19:28,971][flwr][INFO] - Evaluating initial global parameters
[2024-07-08 15:19:29,359][flwr][INFO] - initial parameters (loss, other metrics): 181.76928067207336, {'accuracy': 0.1086, 'precision': 0.12349967530374152, 'recall': 0.1086, 'f1': 0.03553137346181725, 'confusion_matrix': array([[   0,    8,    0,  956,    0,    1,    0,   15,    0,    0],
       [   0,  122,    0, 1013,    0,    0,    0,    0,    0,    0],
       [   0,   38,    0,  971,    0,    0,    3,   19,    1,    0],
       [   0,   44,    0,  945,    1,    1,    0,   17,    2,    0],
       [   0,  143,    0,  816,    1,    0,    2,   20,    0,    0],
       [   0,  118,    0,  735,    1,    7,    0,   30,    1,    0],
       [   0,  144,    0,  749,   25,    0,    2,   38,    0,    0],
       [   0,  272,    0,  724,    8,    0,    0,    9,   15,    0],
       [   0,   81,    0,  859,    1,    0,    1,   32,    0,    0],
       [   0,  178,    0,  799,    1,    0,    0,   31,    0,    0]])}
[2024-07-08 15:19:29,359][flwr][INFO] - 
[2024-07-08 15:19:29,359][flwr][INFO] - [ROUND 1]
[2024-07-08 15:19:29,359][flwr][INFO] - configure_fit: strategy sampled 10 clients (out of 10)
[2024-07-08 15:19:47,205][flwr][INFO] - aggregate_fit: received 10 results and 0 failures
[2024-07-08 15:19:47,213][flwr][WARNING] - No fit_metrics_aggregation_fn provided
[2024-07-08 15:19:47,609][flwr][INFO] - fit progress: (1, 70.76222187280655, {'accuracy': 0.8843, 'precision': 0.8911376701009034, 'recall': 0.8843, 'f1': 0.8817470662227325, 'confusion_matrix': array([[ 930,    0,    5,   15,    1,    9,   11,    5,    4,    0],
       [   0, 1114,    6,    2,    1,    0,    3,    4,    5,    0],
       [   6,    9,  899,   39,   13,    0,   16,   31,   11,    8],
       [   2,    4,   16,  939,    4,    7,    0,   22,   10,    6],
       [   0,    0,    1,    0,  914,    0,   17,    7,    1,   42],
       [  10,   18,   10,  155,   37,  545,   32,   36,   30,   19],
       [   9,    4,    9,    2,   15,    4,  908,    5,    1,    1],
       [   0,    9,   13,    7,    5,    0,    0,  980,    0,   14],
       [   4,   32,    9,   69,   23,    3,   23,   19,  722,   70],
       [   4,    7,    0,   15,   41,    1,    1,   47,    1,  892]])}, 18.250536584)
[2024-07-08 15:19:47,610][flwr][INFO] - configure_evaluate: no clients selected, skipping evaluation
[2024-07-08 15:19:47,610][flwr][INFO] - 
[2024-07-08 15:19:47,610][flwr][INFO] - [ROUND 2]
[2024-07-08 15:19:47,610][flwr][INFO] - configure_fit: strategy sampled 10 clients (out of 10)
[2024-07-08 15:20:03,967][flwr][INFO] - aggregate_fit: received 10 results and 0 failures
[2024-07-08 15:20:04,387][flwr][INFO] - fit progress: (2, 26.013546094298363, {'accuracy': 0.9217, 'precision': 0.9240915739049964, 'recall': 0.9217, 'f1': 0.9217641088090922, 'confusion_matrix': array([[ 954,    0,    1,    0,    0,    4,   16,    2,    3,    0],
       [   0, 1047,   58,    2,    1,    1,    4,    1,   21,    0],
       [   6,    0,  934,   32,   15,    2,    9,    3,   27,    4],
       [   0,    0,    7,  921,    4,   31,    2,    4,   27,   14],
       [   0,    0,    4,    0,  919,    2,   18,    1,    5,   33],
       [   7,    1,    0,   12,    2,  820,   20,    0,   21,    9],
       [   5,    1,    3,    0,   10,    6,  932,    0,    1,    0],
       [   1,    2,   29,   46,    7,    2,    1,  851,   10,   79],
       [   8,    0,    4,    7,   12,   11,   20,    2,  898,   12],
       [   3,    4,    0,    2,   28,   11,    1,    3,   16,  941]])}, 35.028420959)
[2024-07-08 15:20:04,387][flwr][INFO] - configure_evaluate: no clients selected, skipping evaluation
[2024-07-08 15:20:04,388][flwr][INFO] - 
[2024-07-08 15:20:04,388][flwr][INFO] - [ROUND 3]
[2024-07-08 15:20:04,388][flwr][INFO] - configure_fit: strategy sampled 10 clients (out of 10)
[2024-07-08 15:20:19,895][flwr][INFO] - aggregate_fit: received 10 results and 0 failures
[2024-07-08 15:20:20,307][flwr][INFO] - fit progress: (3, 20.140479128807783, {'accuracy': 0.9375, 'precision': 0.9385322025575837, 'recall': 0.9375, 'f1': 0.9374926515978014, 'confusion_matrix': array([[ 968,    0,    1,    0,    0,    3,    3,    3,    2,    0],
       [   0, 1112,    4,    3,    1,    1,    2,    1,   11,    0],
       [   7,    1,  917,   63,   13,    1,    3,    8,   18,    1],
       [   1,    2,    5,  901,    2,   52,    0,    3,   31,   13],
       [   1,    0,    5,    0,  934,    3,    9,    1,    5,   24],
       [   6,    2,    0,   11,    2,  840,   12,    0,   13,    6],
       [   7,    4,    1,    1,   11,    6,  923,    0,    5,    0],
       [   1,    5,   15,   20,    8,    2,    0,  918,   10,   49],
       [   6,    0,    3,    6,   11,    7,    7,    1,  927,    6],
       [   6,    2,    0,    2,   35,   12,    1,    4,   12,  935]])}, 50.948440708999996)
[2024-07-08 15:20:20,307][flwr][INFO] - configure_evaluate: no clients selected, skipping evaluation
[2024-07-08 15:20:20,307][flwr][INFO] - 
[2024-07-08 15:20:20,307][flwr][INFO] - [ROUND 4]
[2024-07-08 15:20:20,308][flwr][INFO] - configure_fit: strategy sampled 10 clients (out of 10)
[2024-07-08 15:20:36,471][flwr][INFO] - aggregate_fit: received 10 results and 0 failures
[2024-07-08 15:20:36,912][flwr][INFO] - fit progress: (4, 17.346665430814028, {'accuracy': 0.9474, 'precision': 0.9484768156322445, 'recall': 0.9474, 'f1': 0.9474958676154518, 'confusion_matrix': array([[ 964,    0,    1,    0,    0,    6,    5,    2,    2,    0],
       [   0, 1120,    3,    3,    0,    1,    2,    0,    6,    0],
       [   6,    0,  947,   44,    3,    1,    4,    7,   18,    2],
       [   0,    1,    3,  916,    2,   61,    0,    2,   12,   13],
       [   1,    0,    9,    0,  921,    3,    8,    0,    4,   36],
       [   2,    4,    0,    7,    1,  855,   11,    0,    7,    5],
       [   4,    5,    3,    1,    7,    6,  929,    0,    3,    0],
       [   3,    7,   10,   17,    3,    4,    0,  939,   11,   34],
       [   5,    2,    2,    5,    5,   14,    8,    0,  923,   10],
       [   5,    3,    0,    1,   13,   19,    1,    4,    3,  960]])}, 67.554258167)
[2024-07-08 15:20:36,913][flwr][INFO] - configure_evaluate: no clients selected, skipping evaluation
[2024-07-08 15:20:36,913][flwr][INFO] - 
[2024-07-08 15:20:36,913][flwr][INFO] - [ROUND 5]
[2024-07-08 15:20:36,913][flwr][INFO] - configure_fit: strategy sampled 10 clients (out of 10)
[2024-07-08 15:20:52,362][flwr][INFO] - aggregate_fit: received 10 results and 0 failures
[2024-07-08 15:20:52,782][flwr][INFO] - fit progress: (5, 14.812684478238225, {'accuracy': 0.9541, 'precision': 0.9548009093697841, 'recall': 0.9541, 'f1': 0.9541514929494671, 'confusion_matrix': array([[ 963,    0,    1,    1,    0,    3,    7,    2,    3,    0],
       [   0, 1120,    5,    1,    0,    1,    2,    0,    6,    0],
       [   4,    1,  957,   35,    2,    2,    3,   10,   17,    1],
       [   0,    0,    2,  960,    0,   17,    0,    4,   19,    8],
       [   1,    0,    5,    0,  917,    1,   15,    3,    5,   35],
       [   1,    1,    0,   11,    2,  836,   22,    1,   14,    4],
       [   4,    5,    2,    1,    5,    4,  934,    0,    3,    0],
       [   2,    6,   12,   20,    4,    0,    0,  955,   15,   14],
       [   2,    1,    2,    8,    4,    5,    8,    1,  942,    1],
       [   5,    4,    0,    3,   10,    9,    0,    4,   17,  957]])}, 83.423669459)
[2024-07-08 15:20:52,782][flwr][INFO] - configure_evaluate: no clients selected, skipping evaluation
[2024-07-08 15:20:52,782][flwr][INFO] - 
[2024-07-08 15:20:52,782][flwr][INFO] - [ROUND 6]
[2024-07-08 15:20:52,783][flwr][INFO] - configure_fit: strategy sampled 10 clients (out of 10)
[2024-07-08 15:21:11,275][flwr][INFO] - aggregate_fit: received 10 results and 0 failures
[2024-07-08 15:21:11,711][flwr][INFO] - fit progress: (6, 14.058994142338634, {'accuracy': 0.9535, 'precision': 0.9549744076071905, 'recall': 0.9535, 'f1': 0.953612126169306, 'confusion_matrix': array([[ 967,    0,    0,    2,    1,    2,    3,    1,    4,    0],
       [   0, 1122,    1,    4,    0,    1,    2,    0,    5,    0],
       [   3,    1,  946,   54,    3,    1,    1,    5,   17,    1],
       [   0,    1,    2,  960,    1,   19,    0,    2,   14,   11],
       [   1,    0,    5,    0,  914,    1,    4,    0,    6,   51],
       [   3,    1,    0,    8,    2,  851,   10,    1,   11,    5],
       [   6,    7,    2,    1,   10,    5,  917,    0,   10,    0],
       [   2,    7,    5,   33,    3,    0,    0,  933,   19,   26],
       [   4,    2,    1,    4,    4,    4,    0,    0,  952,    3],
       [   5,    4,    0,    3,    7,    6,    0,    2,    9,  973]])}, 102.352819709)
[2024-07-08 15:21:11,711][flwr][INFO] - configure_evaluate: no clients selected, skipping evaluation
[2024-07-08 15:21:11,711][flwr][INFO] - 
[2024-07-08 15:21:11,711][flwr][INFO] - [ROUND 7]
[2024-07-08 15:21:11,711][flwr][INFO] - configure_fit: strategy sampled 10 clients (out of 10)
[2024-07-08 15:21:26,830][flwr][INFO] - aggregate_fit: received 10 results and 0 failures
[2024-07-08 15:21:27,244][flwr][INFO] - fit progress: (7, 13.003637796267867, {'accuracy': 0.9529, 'precision': 0.9546162384604892, 'recall': 0.9529, 'f1': 0.9531016959169083, 'confusion_matrix': array([[ 952,    1,    1,    2,    0,    2,    3,    4,   12,    3],
       [   0, 1112,    2,    3,    0,    1,    2,    1,   14,    0],
       [   2,    1,  944,   50,    3,    0,    1,    9,   20,    2],
       [   0,    1,    1,  960,    0,   23,    0,    2,   12,   11],
       [   2,    0,    5,    0,  893,    0,    3,    1,    7,   71],
       [   2,    0,    0,    6,    2,  858,    7,    0,   14,    3],
       [   5,    7,    1,    0,    7,    8,  917,    0,   13,    0],
       [   1,    4,    4,   27,    1,    0,    0,  965,   11,   15],
       [   2,    1,    1,    4,    4,    5,    0,    1,  953,    3],
       [   5,    3,    0,    3,    3,    7,    0,    5,    8,  975]])}, 117.886693125)
[2024-07-08 15:21:27,245][flwr][INFO] - configure_evaluate: no clients selected, skipping evaluation
[2024-07-08 15:21:27,245][flwr][INFO] - 
[2024-07-08 15:21:27,245][flwr][INFO] - [ROUND 8]
[2024-07-08 15:21:27,245][flwr][INFO] - configure_fit: strategy sampled 10 clients (out of 10)
[2024-07-08 15:21:43,592][flwr][INFO] - aggregate_fit: received 10 results and 0 failures
[2024-07-08 15:21:44,015][flwr][INFO] - fit progress: (8, 11.766824945807457, {'accuracy': 0.9638, 'precision': 0.9645508477051957, 'recall': 0.9638, 'f1': 0.9638736061864224, 'confusion_matrix': array([[ 966,    1,    0,    2,    0,    1,    1,    1,    8,    0],
       [   0, 1120,    5,    1,    0,    1,    1,    0,    7,    0],
       [   2,    0,  991,   18,    3,    3,    0,    4,   10,    1],
       [   0,    1,    3,  959,    0,   21,    0,    4,   11,   11],
       [   2,    0,    3,    0,  921,    2,    6,    3,    9,   36],
       [   3,    1,    0,    6,    1,  856,    7,    1,   15,    2],
       [   5,    5,    0,    0,    3,    7,  928,    1,    9,    0],
       [   2,    7,    9,   16,    1,    0,    0,  961,   18,   14],
       [   3,    1,    2,    2,    2,    4,    0,    0,  959,    1],
       [   4,    3,    0,    2,    4,    4,    1,    5,    9,  977]])}, 134.658096042)
[2024-07-08 15:21:44,016][flwr][INFO] - configure_evaluate: no clients selected, skipping evaluation
[2024-07-08 15:21:44,016][flwr][INFO] - 
[2024-07-08 15:21:44,016][flwr][INFO] - [ROUND 9]
[2024-07-08 15:21:44,016][flwr][INFO] - configure_fit: strategy sampled 10 clients (out of 10)
[2024-07-08 15:22:01,317][flwr][INFO] - aggregate_fit: received 10 results and 0 failures
[2024-07-08 15:22:01,750][flwr][INFO] - fit progress: (9, 12.039183872751892, {'accuracy': 0.9623, 'precision': 0.963026026749343, 'recall': 0.9623, 'f1': 0.9623897586192665, 'confusion_matrix': array([[ 962,    1,    1,    2,    0,    2,    2,    2,    8,    0],
       [   0, 1118,    3,    2,    0,    0,    2,    1,    9,    0],
       [   2,    2,  965,   36,    4,    0,    0,   14,    8,    1],
       [   0,    2,    1,  955,    0,   20,    0,    3,   11,   18],
       [   1,    0,    2,    0,  936,    1,    4,    0,    8,   30],
       [   2,    0,    0,    2,    2,  861,    8,    0,   12,    5],
       [   4,    5,    3,    0,    4,   12,  922,    0,    8,    0],
       [   0,    4,    4,   15,    3,    1,    0,  969,   11,   21],
       [   1,    0,    1,    3,    3,    6,    1,    1,  955,    3],
       [   3,    3,    0,    2,    7,    1,    1,    3,    9,  980]])}, 152.466141292)
[2024-07-08 15:22:01,750][flwr][INFO] - configure_evaluate: no clients selected, skipping evaluation
[2024-07-08 15:22:01,750][flwr][INFO] - 
[2024-07-08 15:22:01,750][flwr][INFO] - [ROUND 10]
[2024-07-08 15:22:01,751][flwr][INFO] - configure_fit: strategy sampled 10 clients (out of 10)
[2024-07-08 15:22:18,788][flwr][INFO] - aggregate_fit: received 10 results and 0 failures
[2024-07-08 15:22:19,221][flwr][INFO] - fit progress: (10, 11.994706684723496, {'accuracy': 0.9564, 'precision': 0.9583279894917889, 'recall': 0.9564, 'f1': 0.9566752421045243, 'confusion_matrix': array([[ 954,    1,    1,    2,    1,    1,    3,    3,   14,    0],
       [   0, 1111,    5,    3,    0,    1,    1,    1,   13,    0],
       [   1,    1,  962,   38,    2,    0,    0,    9,   18,    1],
       [   0,    1,    1,  962,    0,   13,    0,    4,   15,   14],
       [   2,    0,    2,    0,  901,    1,    3,    3,   12,   58],
       [   1,    0,    0,    4,    1,  857,    5,    0,   16,    8],
       [   6,    4,    3,    1,    6,    9,  914,    0,   15,    0],
       [   0,    3,    6,   18,    1,    1,    0,  961,   19,   19],
       [   0,    0,    1,    2,    3,    2,    0,    1,  962,    3],
       [   3,    3,    0,    3,    5,    0,    1,    2,   12,  980]])}, 169.93774816700002)
[2024-07-08 15:22:19,221][flwr][INFO] - configure_evaluate: no clients selected, skipping evaluation
[2024-07-08 15:22:19,221][flwr][INFO] - 
[2024-07-08 15:22:19,221][flwr][INFO] - [SUMMARY]
[2024-07-08 15:22:19,221][flwr][INFO] - Run finished 10 round(s) in 169.94s
[2024-07-08 15:22:19,225][flwr][INFO] - 	History (loss, centralized):
[2024-07-08 15:22:19,226][flwr][INFO] - 		round 0: 181.76928067207336
[2024-07-08 15:22:19,226][flwr][INFO] - 		round 1: 70.76222187280655
[2024-07-08 15:22:19,226][flwr][INFO] - 		round 2: 26.013546094298363
[2024-07-08 15:22:19,226][flwr][INFO] - 		round 3: 20.140479128807783
[2024-07-08 15:22:19,226][flwr][INFO] - 		round 4: 17.346665430814028
[2024-07-08 15:22:19,226][flwr][INFO] - 		round 5: 14.812684478238225
[2024-07-08 15:22:19,226][flwr][INFO] - 		round 6: 14.058994142338634
[2024-07-08 15:22:19,226][flwr][INFO] - 		round 7: 13.003637796267867
[2024-07-08 15:22:19,226][flwr][INFO] - 		round 8: 11.766824945807457
[2024-07-08 15:22:19,226][flwr][INFO] - 		round 9: 12.039183872751892
[2024-07-08 15:22:19,226][flwr][INFO] - 		round 10: 11.994706684723496
[2024-07-08 15:22:19,226][flwr][INFO] - 	History (metrics, centralized):
[2024-07-08 15:22:19,226][flwr][INFO] - 	{'accuracy': [(0, 0.1086),
[2024-07-08 15:22:19,226][flwr][INFO] - 	              (1, 0.8843),
[2024-07-08 15:22:19,226][flwr][INFO] - 	              (2, 0.9217),
[2024-07-08 15:22:19,226][flwr][INFO] - 	              (3, 0.9375),
[2024-07-08 15:22:19,226][flwr][INFO] - 	              (4, 0.9474),
[2024-07-08 15:22:19,226][flwr][INFO] - 	              (5, 0.9541),
[2024-07-08 15:22:19,226][flwr][INFO] - 	              (6, 0.9535),
[2024-07-08 15:22:19,226][flwr][INFO] - 	              (7, 0.9529),
[2024-07-08 15:22:19,226][flwr][INFO] - 	              (8, 0.9638),
[2024-07-08 15:22:19,226][flwr][INFO] - 	              (9, 0.9623),
[2024-07-08 15:22:19,226][flwr][INFO] - 	              (10, 0.9564)],
[2024-07-08 15:22:19,226][flwr][INFO] - 	 'confusion_matrix': [(0,
[2024-07-08 15:22:19,226][flwr][INFO] - 	                       array([[   0,    8,    0,  956,    0,    1,    0,   15,    0,    0],
[2024-07-08 15:22:19,226][flwr][INFO] - 	       [   0,  122,    0, 1013,    0,    0,    0,    0,    0,    0],
[2024-07-08 15:22:19,226][flwr][INFO] - 	       [   0,   38,    0,  971,    0,    0,    3,   19,    1,    0],
[2024-07-08 15:22:19,226][flwr][INFO] - 	       [   0,   44,    0,  945,    1,    1,    0,   17,    2,    0],
[2024-07-08 15:22:19,226][flwr][INFO] - 	       [   0,  143,    0,  816,    1,    0,    2,   20,    0,    0],
[2024-07-08 15:22:19,226][flwr][INFO] - 	       [   0,  118,    0,  735,    1,    7,    0,   30,    1,    0],
[2024-07-08 15:22:19,226][flwr][INFO] - 	       [   0,  144,    0,  749,   25,    0,    2,   38,    0,    0],
[2024-07-08 15:22:19,226][flwr][INFO] - 	       [   0,  272,    0,  724,    8,    0,    0,    9,   15,    0],
[2024-07-08 15:22:19,226][flwr][INFO] - 	       [   0,   81,    0,  859,    1,    0,    1,   32,    0,    0],
[2024-07-08 15:22:19,226][flwr][INFO] - 	       [   0,  178,    0,  799,    1,    0,    0,   31,    0,    0]])),
[2024-07-08 15:22:19,226][flwr][INFO] - 	                      (1,
[2024-07-08 15:22:19,226][flwr][INFO] - 	                       array([[ 930,    0,    5,   15,    1,    9,   11,    5,    4,    0],
[2024-07-08 15:22:19,226][flwr][INFO] - 	       [   0, 1114,    6,    2,    1,    0,    3,    4,    5,    0],
[2024-07-08 15:22:19,226][flwr][INFO] - 	       [   6,    9,  899,   39,   13,    0,   16,   31,   11,    8],
[2024-07-08 15:22:19,226][flwr][INFO] - 	       [   2,    4,   16,  939,    4,    7,    0,   22,   10,    6],
[2024-07-08 15:22:19,226][flwr][INFO] - 	       [   0,    0,    1,    0,  914,    0,   17,    7,    1,   42],
[2024-07-08 15:22:19,226][flwr][INFO] - 	       [  10,   18,   10,  155,   37,  545,   32,   36,   30,   19],
[2024-07-08 15:22:19,226][flwr][INFO] - 	       [   9,    4,    9,    2,   15,    4,  908,    5,    1,    1],
[2024-07-08 15:22:19,226][flwr][INFO] - 	       [   0,    9,   13,    7,    5,    0,    0,  980,    0,   14],
[2024-07-08 15:22:19,226][flwr][INFO] - 	       [   4,   32,    9,   69,   23,    3,   23,   19,  722,   70],
[2024-07-08 15:22:19,226][flwr][INFO] - 	       [   4,    7,    0,   15,   41,    1,    1,   47,    1,  892]])),
[2024-07-08 15:22:19,226][flwr][INFO] - 	                      (2,
[2024-07-08 15:22:19,226][flwr][INFO] - 	                       array([[ 954,    0,    1,    0,    0,    4,   16,    2,    3,    0],
[2024-07-08 15:22:19,227][flwr][INFO] - 	       [   0, 1047,   58,    2,    1,    1,    4,    1,   21,    0],
[2024-07-08 15:22:19,227][flwr][INFO] - 	       [   6,    0,  934,   32,   15,    2,    9,    3,   27,    4],
[2024-07-08 15:22:19,227][flwr][INFO] - 	       [   0,    0,    7,  921,    4,   31,    2,    4,   27,   14],
[2024-07-08 15:22:19,227][flwr][INFO] - 	       [   0,    0,    4,    0,  919,    2,   18,    1,    5,   33],
[2024-07-08 15:22:19,227][flwr][INFO] - 	       [   7,    1,    0,   12,    2,  820,   20,    0,   21,    9],
[2024-07-08 15:22:19,227][flwr][INFO] - 	       [   5,    1,    3,    0,   10,    6,  932,    0,    1,    0],
[2024-07-08 15:22:19,227][flwr][INFO] - 	       [   1,    2,   29,   46,    7,    2,    1,  851,   10,   79],
[2024-07-08 15:22:19,227][flwr][INFO] - 	       [   8,    0,    4,    7,   12,   11,   20,    2,  898,   12],
[2024-07-08 15:22:19,227][flwr][INFO] - 	       [   3,    4,    0,    2,   28,   11,    1,    3,   16,  941]])),
[2024-07-08 15:22:19,227][flwr][INFO] - 	                      (3,
[2024-07-08 15:22:19,227][flwr][INFO] - 	                       array([[ 968,    0,    1,    0,    0,    3,    3,    3,    2,    0],
[2024-07-08 15:22:19,227][flwr][INFO] - 	       [   0, 1112,    4,    3,    1,    1,    2,    1,   11,    0],
[2024-07-08 15:22:19,227][flwr][INFO] - 	       [   7,    1,  917,   63,   13,    1,    3,    8,   18,    1],
[2024-07-08 15:22:19,227][flwr][INFO] - 	       [   1,    2,    5,  901,    2,   52,    0,    3,   31,   13],
[2024-07-08 15:22:19,227][flwr][INFO] - 	       [   1,    0,    5,    0,  934,    3,    9,    1,    5,   24],
[2024-07-08 15:22:19,227][flwr][INFO] - 	       [   6,    2,    0,   11,    2,  840,   12,    0,   13,    6],
[2024-07-08 15:22:19,227][flwr][INFO] - 	       [   7,    4,    1,    1,   11,    6,  923,    0,    5,    0],
[2024-07-08 15:22:19,227][flwr][INFO] - 	       [   1,    5,   15,   20,    8,    2,    0,  918,   10,   49],
[2024-07-08 15:22:19,227][flwr][INFO] - 	       [   6,    0,    3,    6,   11,    7,    7,    1,  927,    6],
[2024-07-08 15:22:19,227][flwr][INFO] - 	       [   6,    2,    0,    2,   35,   12,    1,    4,   12,  935]])),
[2024-07-08 15:22:19,227][flwr][INFO] - 	                      (4,
[2024-07-08 15:22:19,227][flwr][INFO] - 	                       array([[ 964,    0,    1,    0,    0,    6,    5,    2,    2,    0],
[2024-07-08 15:22:19,227][flwr][INFO] - 	       [   0, 1120,    3,    3,    0,    1,    2,    0,    6,    0],
[2024-07-08 15:22:19,227][flwr][INFO] - 	       [   6,    0,  947,   44,    3,    1,    4,    7,   18,    2],
[2024-07-08 15:22:19,227][flwr][INFO] - 	       [   0,    1,    3,  916,    2,   61,    0,    2,   12,   13],
[2024-07-08 15:22:19,227][flwr][INFO] - 	       [   1,    0,    9,    0,  921,    3,    8,    0,    4,   36],
[2024-07-08 15:22:19,227][flwr][INFO] - 	       [   2,    4,    0,    7,    1,  855,   11,    0,    7,    5],
[2024-07-08 15:22:19,227][flwr][INFO] - 	       [   4,    5,    3,    1,    7,    6,  929,    0,    3,    0],
[2024-07-08 15:22:19,227][flwr][INFO] - 	       [   3,    7,   10,   17,    3,    4,    0,  939,   11,   34],
[2024-07-08 15:22:19,227][flwr][INFO] - 	       [   5,    2,    2,    5,    5,   14,    8,    0,  923,   10],
[2024-07-08 15:22:19,227][flwr][INFO] - 	       [   5,    3,    0,    1,   13,   19,    1,    4,    3,  960]])),
[2024-07-08 15:22:19,227][flwr][INFO] - 	                      (5,
[2024-07-08 15:22:19,227][flwr][INFO] - 	                       array([[ 963,    0,    1,    1,    0,    3,    7,    2,    3,    0],
[2024-07-08 15:22:19,227][flwr][INFO] - 	       [   0, 1120,    5,    1,    0,    1,    2,    0,    6,    0],
[2024-07-08 15:22:19,227][flwr][INFO] - 	       [   4,    1,  957,   35,    2,    2,    3,   10,   17,    1],
[2024-07-08 15:22:19,227][flwr][INFO] - 	       [   0,    0,    2,  960,    0,   17,    0,    4,   19,    8],
[2024-07-08 15:22:19,227][flwr][INFO] - 	       [   1,    0,    5,    0,  917,    1,   15,    3,    5,   35],
[2024-07-08 15:22:19,227][flwr][INFO] - 	       [   1,    1,    0,   11,    2,  836,   22,    1,   14,    4],
[2024-07-08 15:22:19,227][flwr][INFO] - 	       [   4,    5,    2,    1,    5,    4,  934,    0,    3,    0],
[2024-07-08 15:22:19,227][flwr][INFO] - 	       [   2,    6,   12,   20,    4,    0,    0,  955,   15,   14],
[2024-07-08 15:22:19,227][flwr][INFO] - 	       [   2,    1,    2,    8,    4,    5,    8,    1,  942,    1],
[2024-07-08 15:22:19,227][flwr][INFO] - 	       [   5,    4,    0,    3,   10,    9,    0,    4,   17,  957]])),
[2024-07-08 15:22:19,227][flwr][INFO] - 	                      (6,
[2024-07-08 15:22:19,227][flwr][INFO] - 	                       array([[ 967,    0,    0,    2,    1,    2,    3,    1,    4,    0],
[2024-07-08 15:22:19,227][flwr][INFO] - 	       [   0, 1122,    1,    4,    0,    1,    2,    0,    5,    0],
[2024-07-08 15:22:19,227][flwr][INFO] - 	       [   3,    1,  946,   54,    3,    1,    1,    5,   17,    1],
[2024-07-08 15:22:19,227][flwr][INFO] - 	       [   0,    1,    2,  960,    1,   19,    0,    2,   14,   11],
[2024-07-08 15:22:19,227][flwr][INFO] - 	       [   1,    0,    5,    0,  914,    1,    4,    0,    6,   51],
[2024-07-08 15:22:19,227][flwr][INFO] - 	       [   3,    1,    0,    8,    2,  851,   10,    1,   11,    5],
[2024-07-08 15:22:19,227][flwr][INFO] - 	       [   6,    7,    2,    1,   10,    5,  917,    0,   10,    0],
[2024-07-08 15:22:19,227][flwr][INFO] - 	       [   2,    7,    5,   33,    3,    0,    0,  933,   19,   26],
[2024-07-08 15:22:19,228][flwr][INFO] - 	       [   4,    2,    1,    4,    4,    4,    0,    0,  952,    3],
[2024-07-08 15:22:19,228][flwr][INFO] - 	       [   5,    4,    0,    3,    7,    6,    0,    2,    9,  973]])),
[2024-07-08 15:22:19,228][flwr][INFO] - 	                      (7,
[2024-07-08 15:22:19,228][flwr][INFO] - 	                       array([[ 952,    1,    1,    2,    0,    2,    3,    4,   12,    3],
[2024-07-08 15:22:19,228][flwr][INFO] - 	       [   0, 1112,    2,    3,    0,    1,    2,    1,   14,    0],
[2024-07-08 15:22:19,228][flwr][INFO] - 	       [   2,    1,  944,   50,    3,    0,    1,    9,   20,    2],
[2024-07-08 15:22:19,228][flwr][INFO] - 	       [   0,    1,    1,  960,    0,   23,    0,    2,   12,   11],
[2024-07-08 15:22:19,228][flwr][INFO] - 	       [   2,    0,    5,    0,  893,    0,    3,    1,    7,   71],
[2024-07-08 15:22:19,228][flwr][INFO] - 	       [   2,    0,    0,    6,    2,  858,    7,    0,   14,    3],
[2024-07-08 15:22:19,228][flwr][INFO] - 	       [   5,    7,    1,    0,    7,    8,  917,    0,   13,    0],
[2024-07-08 15:22:19,228][flwr][INFO] - 	       [   1,    4,    4,   27,    1,    0,    0,  965,   11,   15],
[2024-07-08 15:22:19,228][flwr][INFO] - 	       [   2,    1,    1,    4,    4,    5,    0,    1,  953,    3],
[2024-07-08 15:22:19,228][flwr][INFO] - 	       [   5,    3,    0,    3,    3,    7,    0,    5,    8,  975]])),
[2024-07-08 15:22:19,228][flwr][INFO] - 	                      (8,
[2024-07-08 15:22:19,228][flwr][INFO] - 	                       array([[ 966,    1,    0,    2,    0,    1,    1,    1,    8,    0],
[2024-07-08 15:22:19,228][flwr][INFO] - 	       [   0, 1120,    5,    1,    0,    1,    1,    0,    7,    0],
[2024-07-08 15:22:19,228][flwr][INFO] - 	       [   2,    0,  991,   18,    3,    3,    0,    4,   10,    1],
[2024-07-08 15:22:19,228][flwr][INFO] - 	       [   0,    1,    3,  959,    0,   21,    0,    4,   11,   11],
[2024-07-08 15:22:19,228][flwr][INFO] - 	       [   2,    0,    3,    0,  921,    2,    6,    3,    9,   36],
[2024-07-08 15:22:19,228][flwr][INFO] - 	       [   3,    1,    0,    6,    1,  856,    7,    1,   15,    2],
[2024-07-08 15:22:19,228][flwr][INFO] - 	       [   5,    5,    0,    0,    3,    7,  928,    1,    9,    0],
[2024-07-08 15:22:19,228][flwr][INFO] - 	       [   2,    7,    9,   16,    1,    0,    0,  961,   18,   14],
[2024-07-08 15:22:19,228][flwr][INFO] - 	       [   3,    1,    2,    2,    2,    4,    0,    0,  959,    1],
[2024-07-08 15:22:19,228][flwr][INFO] - 	       [   4,    3,    0,    2,    4,    4,    1,    5,    9,  977]])),
[2024-07-08 15:22:19,228][flwr][INFO] - 	                      (9,
[2024-07-08 15:22:19,228][flwr][INFO] - 	                       array([[ 962,    1,    1,    2,    0,    2,    2,    2,    8,    0],
[2024-07-08 15:22:19,228][flwr][INFO] - 	       [   0, 1118,    3,    2,    0,    0,    2,    1,    9,    0],
[2024-07-08 15:22:19,228][flwr][INFO] - 	       [   2,    2,  965,   36,    4,    0,    0,   14,    8,    1],
[2024-07-08 15:22:19,228][flwr][INFO] - 	       [   0,    2,    1,  955,    0,   20,    0,    3,   11,   18],
[2024-07-08 15:22:19,228][flwr][INFO] - 	       [   1,    0,    2,    0,  936,    1,    4,    0,    8,   30],
[2024-07-08 15:22:19,228][flwr][INFO] - 	       [   2,    0,    0,    2,    2,  861,    8,    0,   12,    5],
[2024-07-08 15:22:19,228][flwr][INFO] - 	       [   4,    5,    3,    0,    4,   12,  922,    0,    8,    0],
[2024-07-08 15:22:19,228][flwr][INFO] - 	       [   0,    4,    4,   15,    3,    1,    0,  969,   11,   21],
[2024-07-08 15:22:19,228][flwr][INFO] - 	       [   1,    0,    1,    3,    3,    6,    1,    1,  955,    3],
[2024-07-08 15:22:19,228][flwr][INFO] - 	       [   3,    3,    0,    2,    7,    1,    1,    3,    9,  980]])),
[2024-07-08 15:22:19,228][flwr][INFO] - 	                      (10,
[2024-07-08 15:22:19,228][flwr][INFO] - 	                       array([[ 954,    1,    1,    2,    1,    1,    3,    3,   14,    0],
[2024-07-08 15:22:19,228][flwr][INFO] - 	       [   0, 1111,    5,    3,    0,    1,    1,    1,   13,    0],
[2024-07-08 15:22:19,228][flwr][INFO] - 	       [   1,    1,  962,   38,    2,    0,    0,    9,   18,    1],
[2024-07-08 15:22:19,228][flwr][INFO] - 	       [   0,    1,    1,  962,    0,   13,    0,    4,   15,   14],
[2024-07-08 15:22:19,228][flwr][INFO] - 	       [   2,    0,    2,    0,  901,    1,    3,    3,   12,   58],
[2024-07-08 15:22:19,228][flwr][INFO] - 	       [   1,    0,    0,    4,    1,  857,    5,    0,   16,    8],
[2024-07-08 15:22:19,228][flwr][INFO] - 	       [   6,    4,    3,    1,    6,    9,  914,    0,   15,    0],
[2024-07-08 15:22:19,228][flwr][INFO] - 	       [   0,    3,    6,   18,    1,    1,    0,  961,   19,   19],
[2024-07-08 15:22:19,228][flwr][INFO] - 	       [   0,    0,    1,    2,    3,    2,    0,    1,  962,    3],
[2024-07-08 15:22:19,228][flwr][INFO] - 	       [   3,    3,    0,    3,    5,    0,    1,    2,   12,  980]]))],
[2024-07-08 15:22:19,228][flwr][INFO] - 	 'f1': [(0, 0.03553137346181725),
[2024-07-08 15:22:19,228][flwr][INFO] - 	        (1, 0.8817470662227325),
[2024-07-08 15:22:19,228][flwr][INFO] - 	        (2, 0.9217641088090922),
[2024-07-08 15:22:19,228][flwr][INFO] - 	        (3, 0.9374926515978014),
[2024-07-08 15:22:19,228][flwr][INFO] - 	        (4, 0.9474958676154518),
[2024-07-08 15:22:19,229][flwr][INFO] - 	        (5, 0.9541514929494671),
[2024-07-08 15:22:19,229][flwr][INFO] - 	        (6, 0.953612126169306),
[2024-07-08 15:22:19,229][flwr][INFO] - 	        (7, 0.9531016959169083),
[2024-07-08 15:22:19,229][flwr][INFO] - 	        (8, 0.9638736061864224),
[2024-07-08 15:22:19,229][flwr][INFO] - 	        (9, 0.9623897586192665),
[2024-07-08 15:22:19,229][flwr][INFO] - 	        (10, 0.9566752421045243)],
[2024-07-08 15:22:19,229][flwr][INFO] - 	 'precision': [(0, 0.12349967530374152),
[2024-07-08 15:22:19,229][flwr][INFO] - 	               (1, 0.8911376701009034),
[2024-07-08 15:22:19,229][flwr][INFO] - 	               (2, 0.9240915739049964),
[2024-07-08 15:22:19,229][flwr][INFO] - 	               (3, 0.9385322025575837),
[2024-07-08 15:22:19,229][flwr][INFO] - 	               (4, 0.9484768156322445),
[2024-07-08 15:22:19,229][flwr][INFO] - 	               (5, 0.9548009093697841),
[2024-07-08 15:22:19,229][flwr][INFO] - 	               (6, 0.9549744076071905),
[2024-07-08 15:22:19,229][flwr][INFO] - 	               (7, 0.9546162384604892),
[2024-07-08 15:22:19,229][flwr][INFO] - 	               (8, 0.9645508477051957),
[2024-07-08 15:22:19,229][flwr][INFO] - 	               (9, 0.963026026749343),
[2024-07-08 15:22:19,229][flwr][INFO] - 	               (10, 0.9583279894917889)],
[2024-07-08 15:22:19,229][flwr][INFO] - 	 'recall': [(0, 0.1086),
[2024-07-08 15:22:19,229][flwr][INFO] - 	            (1, 0.8843),
[2024-07-08 15:22:19,229][flwr][INFO] - 	            (2, 0.9217),
[2024-07-08 15:22:19,229][flwr][INFO] - 	            (3, 0.9375),
[2024-07-08 15:22:19,229][flwr][INFO] - 	            (4, 0.9474),
[2024-07-08 15:22:19,229][flwr][INFO] - 	            (5, 0.9541),
[2024-07-08 15:22:19,229][flwr][INFO] - 	            (6, 0.9535),
[2024-07-08 15:22:19,229][flwr][INFO] - 	            (7, 0.9529),
[2024-07-08 15:22:19,229][flwr][INFO] - 	            (8, 0.9638),
[2024-07-08 15:22:19,229][flwr][INFO] - 	            (9, 0.9623),
[2024-07-08 15:22:19,229][flwr][INFO] - 	            (10, 0.9564)]}
[2024-07-08 15:22:19,229][flwr][INFO] - 
