[2024-06-19 15:01:48,854][flwr][INFO] - Starting Flower simulation, config: num_rounds=10, no round_timeout
[2024-06-19 15:01:50,999][flwr][INFO] - Flower VCE: Ray initialized with resources: {'memory': 8016378266.0, 'CPU': 12.0, 'object_store_memory': 2147483648.0, 'node:127.0.0.1': 1.0, 'node:__internal_head__': 1.0}
[2024-06-19 15:01:50,999][flwr][INFO] - Optimize your simulation with Flower VCE: https://flower.ai/docs/framework/how-to-run-simulations.html
[2024-06-19 15:01:50,999][flwr][INFO] - Flower VCE: Resources for each Virtual Client: {'num_cpus': 2, 'num_gpus': 0}
[2024-06-19 15:01:51,007][flwr][INFO] - Flower VCE: Creating VirtualClientEngineActorPool with 6 actors
[2024-06-19 15:01:51,008][flwr][INFO] - [INIT]
[2024-06-19 15:01:51,008][flwr][INFO] - Requesting initial parameters from one random client
[2024-06-19 15:01:53,028][flwr][INFO] - Received initial parameters from one random client
[2024-06-19 15:01:53,028][flwr][INFO] - Evaluating initial global parameters
[2024-06-19 15:01:53,474][flwr][INFO] - initial parameters (loss, other metrics): 181.76928067207336, {'accuracy': 0.1086, 'precision': 0.12349967530374152, 'recall': 0.1086, 'f1': 0.03553137346181725, 'confusion_matrix': array([[   0,    8,    0,  956,    0,    1,    0,   15,    0,    0],
       [   0,  122,    0, 1013,    0,    0,    0,    0,    0,    0],
       [   0,   38,    0,  971,    0,    0,    3,   19,    1,    0],
       [   0,   44,    0,  945,    1,    1,    0,   17,    2,    0],
       [   0,  143,    0,  816,    1,    0,    2,   20,    0,    0],
       [   0,  118,    0,  735,    1,    7,    0,   30,    1,    0],
       [   0,  144,    0,  749,   25,    0,    2,   38,    0,    0],
       [   0,  272,    0,  724,    8,    0,    0,    9,   15,    0],
       [   0,   81,    0,  859,    1,    0,    1,   32,    0,    0],
       [   0,  178,    0,  799,    1,    0,    0,   31,    0,    0]])}
[2024-06-19 15:01:53,475][flwr][INFO] - 
[2024-06-19 15:01:53,475][flwr][INFO] - [ROUND 1]
[2024-06-19 15:01:53,475][flwr][INFO] - configure_fit: strategy sampled 10 clients (out of 100)
[2024-06-19 15:02:00,794][flwr][INFO] - aggregate_fit: received 10 results and 0 failures
[2024-06-19 15:02:00,807][flwr][WARNING] - No fit_metrics_aggregation_fn provided
[2024-06-19 15:02:01,254][flwr][INFO] - fit progress: (1, 68.69184523820877, {'accuracy': 0.7817, 'precision': 0.8000057913196988, 'recall': 0.7817, 'f1': 0.7760912506466564, 'confusion_matrix': array([[ 896,    0,   20,   13,    1,   16,   14,   13,    0,    7],
       [   0, 1063,   34,   11,    3,    0,    1,    3,   16,    4],
       [   6,    6,  900,   42,   20,    0,   10,   25,    9,   14],
       [   4,    2,   98,  783,    2,   28,    0,   49,   10,   34],
       [   0,    2,   10,    0,  746,    0,    8,    9,    1,  206],
       [  17,   18,   35,  131,   86,  513,   10,   58,    8,   16],
       [  17,    7,   69,    1,   61,   19,  781,    1,    1,    1],
       [   0,    7,   29,    2,    8,    0,    0,  944,    0,   38],
       [   9,   19,  101,  157,   35,   67,    2,   30,  387,  167],
       [   8,    4,    7,    6,   29,    4,    1,  145,    1,  804]])}, 7.778614875000001)
[2024-06-19 15:02:01,254][flwr][INFO] - configure_evaluate: no clients selected, skipping evaluation
[2024-06-19 15:02:01,254][flwr][INFO] - 
[2024-06-19 15:02:01,254][flwr][INFO] - [ROUND 2]
[2024-06-19 15:02:01,255][flwr][INFO] - configure_fit: strategy sampled 10 clients (out of 100)
[2024-06-19 15:02:07,245][flwr][INFO] - aggregate_fit: received 10 results and 0 failures
[2024-06-19 15:02:07,704][flwr][INFO] - fit progress: (2, 33.995441637933254, {'accuracy': 0.8809, 'precision': 0.8831630695125287, 'recall': 0.8809, 'f1': 0.8798023321755496, 'confusion_matrix': array([[ 962,    0,    1,    4,    0,    5,    4,    1,    3,    0],
       [   0, 1103,    4,    7,    1,    0,    3,    1,   16,    0],
       [  21,    8,  848,   63,   20,    0,   21,   17,   24,   10],
       [   8,    3,   19,  903,    1,   23,    1,   21,   23,    8],
       [   1,    3,    4,    0,  922,    0,   14,    1,    6,   31],
       [  30,    7,    7,   97,   28,  646,   16,   17,   37,    7],
       [  32,    5,    8,    0,   23,   15,  872,    1,    2,    0],
       [   2,   19,   23,    3,    9,    0,    0,  938,    4,   30],
       [  12,   11,   17,   62,   19,   24,    9,   13,  787,   20],
       [  15,    7,    2,   11,   82,    3,    0,   46,   15,  828]])}, 14.228577499999998)
[2024-06-19 15:02:07,704][flwr][INFO] - configure_evaluate: no clients selected, skipping evaluation
[2024-06-19 15:02:07,704][flwr][INFO] - 
[2024-06-19 15:02:07,704][flwr][INFO] - [ROUND 3]
[2024-06-19 15:02:07,705][flwr][INFO] - configure_fit: strategy sampled 10 clients (out of 100)
[2024-06-19 15:02:13,612][flwr][INFO] - aggregate_fit: received 10 results and 0 failures
[2024-06-19 15:02:14,067][flwr][INFO] - fit progress: (3, 27.978073067963123, {'accuracy': 0.9012, 'precision': 0.9018590622987421, 'recall': 0.9012, 'f1': 0.9011541815619112, 'confusion_matrix': array([[ 955,    0,    3,    2,    0,    7,   10,    1,    2,    0],
       [   0, 1075,   11,    4,    1,    2,    4,    1,   36,    1],
       [  15,    3,  884,   36,   18,    3,   20,   16,   30,    7],
       [   3,    1,   19,  898,    1,   42,    2,   15,   18,   11],
       [   0,    0,    5,    0,  888,    0,   17,    0,    4,   68],
       [   9,    2,    5,   43,   18,  753,   17,   11,   24,   10],
       [  14,    2,    3,    0,   14,   14,  905,    1,    5,    0],
       [   2,    7,   34,    5,    7,    0,    0,  926,    2,   45],
       [   7,    2,   11,   34,   15,   35,   14,    6,  814,   36],
       [  12,    3,    2,   11,   31,    7,    1,   20,    8,  914]])}, 20.591904665999998)
[2024-06-19 15:02:14,068][flwr][INFO] - configure_evaluate: no clients selected, skipping evaluation
[2024-06-19 15:02:14,068][flwr][INFO] - 
[2024-06-19 15:02:14,068][flwr][INFO] - [ROUND 4]
[2024-06-19 15:02:14,068][flwr][INFO] - configure_fit: strategy sampled 10 clients (out of 100)
[2024-06-19 15:02:19,856][flwr][INFO] - aggregate_fit: received 10 results and 0 failures
[2024-06-19 15:02:20,329][flwr][INFO] - fit progress: (4, 24.03063230216503, {'accuracy': 0.9139, 'precision': 0.914082038844034, 'recall': 0.9139, 'f1': 0.9136520116377125, 'confusion_matrix': array([[ 966,    0,    0,    3,    0,    2,    4,    1,    4,    0],
       [   0, 1106,    4,    5,    1,    0,    3,    2,   14,    0],
       [  15,    3,  913,   26,   17,    1,   14,   18,   22,    3],
       [   4,    2,   17,  917,    0,   24,    2,   20,   15,    9],
       [   1,    3,    5,    0,  906,    1,   11,    1,    4,   50],
       [  14,    3,    4,   45,    9,  766,    8,   11,   23,    9],
       [  23,    3,    3,    0,   16,   14,  893,    1,    5,    0],
       [   2,    9,   28,    4,    7,    0,    0,  941,    1,   36],
       [   5,    6,   10,   34,   19,   27,   11,    8,  827,   27],
       [  14,    5,    3,   11,   36,    6,    1,   22,    7,  904]])}, 26.853510166)
[2024-06-19 15:02:20,329][flwr][INFO] - configure_evaluate: no clients selected, skipping evaluation
[2024-06-19 15:02:20,329][flwr][INFO] - 
[2024-06-19 15:02:20,329][flwr][INFO] - [ROUND 5]
[2024-06-19 15:02:20,330][flwr][INFO] - configure_fit: strategy sampled 10 clients (out of 100)
[2024-06-19 15:02:26,280][flwr][INFO] - aggregate_fit: received 10 results and 0 failures
[2024-06-19 15:02:26,733][flwr][INFO] - fit progress: (5, 21.822469532489777, {'accuracy': 0.9212, 'precision': 0.9216899322435913, 'recall': 0.9212, 'f1': 0.9211264972651035, 'confusion_matrix': array([[ 965,    0,    0,    2,    0,    2,    5,    1,    5,    0],
       [   0, 1109,    3,    3,    1,    0,    3,    1,   14,    1],
       [  10,    4,  932,   20,   15,    0,   11,   15,   21,    4],
       [   3,    2,   19,  906,    0,   27,    1,   21,   22,    9],
       [   1,    3,    6,    0,  881,    0,   11,    0,    6,   74],
       [   8,    3,    4,   33,    8,  773,    8,   13,   31,   11],
       [  19,    4,    4,    1,   11,   13,  899,    1,    6,    0],
       [   2,   10,   28,    3,    6,    0,    0,  939,    0,   40],
       [   5,    4,   11,   16,   13,   18,   11,    7,  871,   18],
       [  11,    4,    2,    9,   21,    5,    1,   11,    8,  937]])}, 33.258262166)
[2024-06-19 15:02:26,734][flwr][INFO] - configure_evaluate: no clients selected, skipping evaluation
[2024-06-19 15:02:26,734][flwr][INFO] - 
[2024-06-19 15:02:26,734][flwr][INFO] - [ROUND 6]
[2024-06-19 15:02:26,734][flwr][INFO] - configure_fit: strategy sampled 10 clients (out of 100)
[2024-06-19 15:02:32,290][flwr][INFO] - aggregate_fit: received 10 results and 0 failures
[2024-06-19 15:02:32,775][flwr][INFO] - fit progress: (6, 20.83753971941769, {'accuracy': 0.9223, 'precision': 0.9232639038232308, 'recall': 0.9223, 'f1': 0.9222263920185071, 'confusion_matrix': array([[ 967,    0,    1,    2,    0,    2,    4,    1,    3,    0],
       [   0, 1109,    4,    4,    1,    2,    3,    0,   12,    0],
       [  14,    2,  946,   11,   12,    0,   13,   13,   17,    4],
       [   3,    1,   21,  932,    0,   21,    2,    9,   14,    7],
       [   1,    2,    5,    0,  891,    1,   13,    0,    6,   63],
       [  16,    1,    2,   31,    7,  782,   13,    8,   21,   11],
       [  21,    3,    4,    0,   10,   11,  905,    0,    4,    0],
       [   4,   12,   28,   10,    6,    0,    0,  909,    0,   59],
       [  10,    3,    8,   26,   10,   25,   15,    3,  849,   25],
       [  15,    6,    1,   10,   27,    7,    1,    4,    5,  933]])}, 39.299686791)
[2024-06-19 15:02:32,775][flwr][INFO] - configure_evaluate: no clients selected, skipping evaluation
[2024-06-19 15:02:32,776][flwr][INFO] - 
[2024-06-19 15:02:32,776][flwr][INFO] - [ROUND 7]
[2024-06-19 15:02:32,776][flwr][INFO] - configure_fit: strategy sampled 10 clients (out of 100)
[2024-06-19 15:02:39,422][flwr][INFO] - aggregate_fit: received 10 results and 0 failures
[2024-06-19 15:02:39,873][flwr][INFO] - fit progress: (7, 19.758569166995585, {'accuracy': 0.9249, 'precision': 0.9259272929440251, 'recall': 0.9249, 'f1': 0.924860091347235, 'confusion_matrix': array([[ 965,    0,    0,    2,    0,    2,    7,    1,    3,    0],
       [   0, 1113,    2,    3,    1,    0,    3,    1,   12,    0],
       [  15,    7,  898,   21,   14,    2,   13,   22,   30,   10],
       [   1,    3,    6,  905,    0,   41,    2,   16,   27,    9],
       [   1,    3,    5,    0,  878,    1,   13,    1,    9,   71],
       [   8,    3,    1,   12,    3,  823,    8,    6,   21,    7],
       [  14,    3,    2,    0,   10,   18,  904,    1,    6,    0],
       [   3,   15,   16,    9,    6,    0,    0,  943,    0,   36],
       [   5,    5,    3,    9,    7,   30,    9,    3,  888,   15],
       [  13,    7,    0,    4,   26,   11,    1,    7,    8,  932]])}, 46.397529708)
[2024-06-19 15:02:39,873][flwr][INFO] - configure_evaluate: no clients selected, skipping evaluation
[2024-06-19 15:02:39,873][flwr][INFO] - 
[2024-06-19 15:02:39,873][flwr][INFO] - [ROUND 8]
[2024-06-19 15:02:39,874][flwr][INFO] - configure_fit: strategy sampled 10 clients (out of 100)
[2024-06-19 15:02:46,147][flwr][INFO] - aggregate_fit: received 10 results and 0 failures
[2024-06-19 15:02:46,604][flwr][INFO] - fit progress: (8, 17.801113607361913, {'accuracy': 0.9337, 'precision': 0.9337957978093993, 'recall': 0.9337, 'f1': 0.933551066642139, 'confusion_matrix': array([[ 969,    0,    0,    2,    0,    2,    3,    1,    3,    0],
       [   0, 1114,    3,    3,    1,    0,    4,    1,    9,    0],
       [  12,    3,  946,   11,   14,    1,    9,   22,   10,    4],
       [   1,    2,   16,  917,    0,   27,    1,   22,   13,   11],
       [   1,    1,    5,    0,  920,    0,   12,    2,    3,   38],
       [   8,    2,    3,   18,    4,  807,   14,   11,   15,   10],
       [  21,    3,    4,    0,   10,    9,  907,    0,    4,    0],
       [   4,   10,   17,    5,    7,    0,    0,  965,    0,   20],
       [   4,    3,    7,   18,   10,   23,   10,   10,  866,   23],
       [  10,    6,    0,    4,   35,    8,    1,   15,    4,  926]])}, 53.129173791)
[2024-06-19 15:02:46,605][flwr][INFO] - configure_evaluate: no clients selected, skipping evaluation
[2024-06-19 15:02:46,605][flwr][INFO] - 
[2024-06-19 15:02:46,605][flwr][INFO] - [ROUND 9]
[2024-06-19 15:02:46,605][flwr][INFO] - configure_fit: strategy sampled 10 clients (out of 100)
[2024-06-19 15:02:52,108][flwr][INFO] - aggregate_fit: received 10 results and 0 failures
[2024-06-19 15:02:52,568][flwr][INFO] - fit progress: (9, 17.4988557160832, {'accuracy': 0.9348, 'precision': 0.9353818095386794, 'recall': 0.9348, 'f1': 0.9347973710832271, 'confusion_matrix': array([[ 970,    0,    0,    0,    0,    3,    1,    1,    5,    0],
       [   0, 1110,    3,    3,    1,    1,    3,    0,   13,    1],
       [  13,    0,  955,    7,   16,    1,    7,   13,   19,    1],
       [   4,    0,   17,  913,    0,   38,    2,   13,   14,    9],
       [   1,    1,    4,    0,  917,    0,    8,    1,   10,   40],
       [  13,    1,    1,   14,    5,  815,    5,    6,   24,    8],
       [  24,    3,    3,    1,   12,   21,  888,    0,    6,    0],
       [   4,   11,   30,    7,    7,    0,    0,  939,    0,   30],
       [   7,    3,    4,   13,   10,   18,    4,    6,  902,    7],
       [  13,    5,    0,    4,   25,    9,    1,    5,    8,  939]])}, 59.092867125)
[2024-06-19 15:02:52,569][flwr][INFO] - configure_evaluate: no clients selected, skipping evaluation
[2024-06-19 15:02:52,569][flwr][INFO] - 
[2024-06-19 15:02:52,569][flwr][INFO] - [ROUND 10]
[2024-06-19 15:02:52,569][flwr][INFO] - configure_fit: strategy sampled 10 clients (out of 100)
[2024-06-19 15:02:58,239][flwr][INFO] - aggregate_fit: received 10 results and 0 failures
[2024-06-19 15:02:58,711][flwr][INFO] - fit progress: (10, 16.773119333665818, {'accuracy': 0.9379, 'precision': 0.9385755835294234, 'recall': 0.9379, 'f1': 0.9378212890731537, 'confusion_matrix': array([[ 966,    0,    0,    0,    0,    2,    7,    1,    4,    0],
       [   0, 1114,    3,    2,    1,    3,    3,    0,    9,    0],
       [  13,    2,  933,    9,   13,    2,   10,   17,   32,    1],
       [   3,    0,   10,  906,    0,   44,    2,   12,   24,    9],
       [   1,    0,    4,    0,  944,    0,   13,    1,    3,   16],
       [   7,    1,    1,    9,    4,  836,   12,    3,   15,    4],
       [  12,    3,    1,    0,    9,    8,  921,    0,    4,    0],
       [   3,   10,   19,    6,   10,    0,    0,  948,    0,   32],
       [   5,    3,    3,    9,   10,   19,    9,    4,  901,   11],
       [  11,    5,    0,    4,   55,    9,    1,    4,   10,  910]])}, 65.235812625)
[2024-06-19 15:02:58,712][flwr][INFO] - configure_evaluate: no clients selected, skipping evaluation
[2024-06-19 15:02:58,713][flwr][INFO] - 
[2024-06-19 15:02:58,713][flwr][INFO] - [SUMMARY]
[2024-06-19 15:02:58,713][flwr][INFO] - Run finished 10 round(s) in 65.24s
[2024-06-19 15:02:58,719][flwr][INFO] - 	History (loss, centralized):
[2024-06-19 15:02:58,720][flwr][INFO] - 		round 0: 181.76928067207336
[2024-06-19 15:02:58,720][flwr][INFO] - 		round 1: 68.69184523820877
[2024-06-19 15:02:58,720][flwr][INFO] - 		round 2: 33.995441637933254
[2024-06-19 15:02:58,720][flwr][INFO] - 		round 3: 27.978073067963123
[2024-06-19 15:02:58,720][flwr][INFO] - 		round 4: 24.03063230216503
[2024-06-19 15:02:58,720][flwr][INFO] - 		round 5: 21.822469532489777
[2024-06-19 15:02:58,720][flwr][INFO] - 		round 6: 20.83753971941769
[2024-06-19 15:02:58,720][flwr][INFO] - 		round 7: 19.758569166995585
[2024-06-19 15:02:58,720][flwr][INFO] - 		round 8: 17.801113607361913
[2024-06-19 15:02:58,720][flwr][INFO] - 		round 9: 17.4988557160832
[2024-06-19 15:02:58,720][flwr][INFO] - 		round 10: 16.773119333665818
[2024-06-19 15:02:58,720][flwr][INFO] - 	History (metrics, centralized):
[2024-06-19 15:02:58,720][flwr][INFO] - 	{'accuracy': [(0, 0.1086),
[2024-06-19 15:02:58,720][flwr][INFO] - 	              (1, 0.7817),
[2024-06-19 15:02:58,720][flwr][INFO] - 	              (2, 0.8809),
[2024-06-19 15:02:58,720][flwr][INFO] - 	              (3, 0.9012),
[2024-06-19 15:02:58,720][flwr][INFO] - 	              (4, 0.9139),
[2024-06-19 15:02:58,720][flwr][INFO] - 	              (5, 0.9212),
[2024-06-19 15:02:58,720][flwr][INFO] - 	              (6, 0.9223),
[2024-06-19 15:02:58,720][flwr][INFO] - 	              (7, 0.9249),
[2024-06-19 15:02:58,720][flwr][INFO] - 	              (8, 0.9337),
[2024-06-19 15:02:58,720][flwr][INFO] - 	              (9, 0.9348),
[2024-06-19 15:02:58,720][flwr][INFO] - 	              (10, 0.9379)],
[2024-06-19 15:02:58,720][flwr][INFO] - 	 'confusion_matrix': [(0,
[2024-06-19 15:02:58,720][flwr][INFO] - 	                       array([[   0,    8,    0,  956,    0,    1,    0,   15,    0,    0],
[2024-06-19 15:02:58,720][flwr][INFO] - 	       [   0,  122,    0, 1013,    0,    0,    0,    0,    0,    0],
[2024-06-19 15:02:58,720][flwr][INFO] - 	       [   0,   38,    0,  971,    0,    0,    3,   19,    1,    0],
[2024-06-19 15:02:58,720][flwr][INFO] - 	       [   0,   44,    0,  945,    1,    1,    0,   17,    2,    0],
[2024-06-19 15:02:58,720][flwr][INFO] - 	       [   0,  143,    0,  816,    1,    0,    2,   20,    0,    0],
[2024-06-19 15:02:58,720][flwr][INFO] - 	       [   0,  118,    0,  735,    1,    7,    0,   30,    1,    0],
[2024-06-19 15:02:58,720][flwr][INFO] - 	       [   0,  144,    0,  749,   25,    0,    2,   38,    0,    0],
[2024-06-19 15:02:58,720][flwr][INFO] - 	       [   0,  272,    0,  724,    8,    0,    0,    9,   15,    0],
[2024-06-19 15:02:58,720][flwr][INFO] - 	       [   0,   81,    0,  859,    1,    0,    1,   32,    0,    0],
[2024-06-19 15:02:58,720][flwr][INFO] - 	       [   0,  178,    0,  799,    1,    0,    0,   31,    0,    0]])),
[2024-06-19 15:02:58,721][flwr][INFO] - 	                      (1,
[2024-06-19 15:02:58,721][flwr][INFO] - 	                       array([[ 896,    0,   20,   13,    1,   16,   14,   13,    0,    7],
[2024-06-19 15:02:58,721][flwr][INFO] - 	       [   0, 1063,   34,   11,    3,    0,    1,    3,   16,    4],
[2024-06-19 15:02:58,721][flwr][INFO] - 	       [   6,    6,  900,   42,   20,    0,   10,   25,    9,   14],
[2024-06-19 15:02:58,721][flwr][INFO] - 	       [   4,    2,   98,  783,    2,   28,    0,   49,   10,   34],
[2024-06-19 15:02:58,721][flwr][INFO] - 	       [   0,    2,   10,    0,  746,    0,    8,    9,    1,  206],
[2024-06-19 15:02:58,721][flwr][INFO] - 	       [  17,   18,   35,  131,   86,  513,   10,   58,    8,   16],
[2024-06-19 15:02:58,721][flwr][INFO] - 	       [  17,    7,   69,    1,   61,   19,  781,    1,    1,    1],
[2024-06-19 15:02:58,721][flwr][INFO] - 	       [   0,    7,   29,    2,    8,    0,    0,  944,    0,   38],
[2024-06-19 15:02:58,721][flwr][INFO] - 	       [   9,   19,  101,  157,   35,   67,    2,   30,  387,  167],
[2024-06-19 15:02:58,721][flwr][INFO] - 	       [   8,    4,    7,    6,   29,    4,    1,  145,    1,  804]])),
[2024-06-19 15:02:58,721][flwr][INFO] - 	                      (2,
[2024-06-19 15:02:58,721][flwr][INFO] - 	                       array([[ 962,    0,    1,    4,    0,    5,    4,    1,    3,    0],
[2024-06-19 15:02:58,721][flwr][INFO] - 	       [   0, 1103,    4,    7,    1,    0,    3,    1,   16,    0],
[2024-06-19 15:02:58,721][flwr][INFO] - 	       [  21,    8,  848,   63,   20,    0,   21,   17,   24,   10],
[2024-06-19 15:02:58,721][flwr][INFO] - 	       [   8,    3,   19,  903,    1,   23,    1,   21,   23,    8],
[2024-06-19 15:02:58,721][flwr][INFO] - 	       [   1,    3,    4,    0,  922,    0,   14,    1,    6,   31],
[2024-06-19 15:02:58,721][flwr][INFO] - 	       [  30,    7,    7,   97,   28,  646,   16,   17,   37,    7],
[2024-06-19 15:02:58,721][flwr][INFO] - 	       [  32,    5,    8,    0,   23,   15,  872,    1,    2,    0],
[2024-06-19 15:02:58,721][flwr][INFO] - 	       [   2,   19,   23,    3,    9,    0,    0,  938,    4,   30],
[2024-06-19 15:02:58,721][flwr][INFO] - 	       [  12,   11,   17,   62,   19,   24,    9,   13,  787,   20],
[2024-06-19 15:02:58,721][flwr][INFO] - 	       [  15,    7,    2,   11,   82,    3,    0,   46,   15,  828]])),
[2024-06-19 15:02:58,721][flwr][INFO] - 	                      (3,
[2024-06-19 15:02:58,721][flwr][INFO] - 	                       array([[ 955,    0,    3,    2,    0,    7,   10,    1,    2,    0],
[2024-06-19 15:02:58,721][flwr][INFO] - 	       [   0, 1075,   11,    4,    1,    2,    4,    1,   36,    1],
[2024-06-19 15:02:58,721][flwr][INFO] - 	       [  15,    3,  884,   36,   18,    3,   20,   16,   30,    7],
[2024-06-19 15:02:58,721][flwr][INFO] - 	       [   3,    1,   19,  898,    1,   42,    2,   15,   18,   11],
[2024-06-19 15:02:58,721][flwr][INFO] - 	       [   0,    0,    5,    0,  888,    0,   17,    0,    4,   68],
[2024-06-19 15:02:58,721][flwr][INFO] - 	       [   9,    2,    5,   43,   18,  753,   17,   11,   24,   10],
[2024-06-19 15:02:58,721][flwr][INFO] - 	       [  14,    2,    3,    0,   14,   14,  905,    1,    5,    0],
[2024-06-19 15:02:58,721][flwr][INFO] - 	       [   2,    7,   34,    5,    7,    0,    0,  926,    2,   45],
[2024-06-19 15:02:58,721][flwr][INFO] - 	       [   7,    2,   11,   34,   15,   35,   14,    6,  814,   36],
[2024-06-19 15:02:58,721][flwr][INFO] - 	       [  12,    3,    2,   11,   31,    7,    1,   20,    8,  914]])),
[2024-06-19 15:02:58,721][flwr][INFO] - 	                      (4,
[2024-06-19 15:02:58,721][flwr][INFO] - 	                       array([[ 966,    0,    0,    3,    0,    2,    4,    1,    4,    0],
[2024-06-19 15:02:58,721][flwr][INFO] - 	       [   0, 1106,    4,    5,    1,    0,    3,    2,   14,    0],
[2024-06-19 15:02:58,721][flwr][INFO] - 	       [  15,    3,  913,   26,   17,    1,   14,   18,   22,    3],
[2024-06-19 15:02:58,721][flwr][INFO] - 	       [   4,    2,   17,  917,    0,   24,    2,   20,   15,    9],
[2024-06-19 15:02:58,722][flwr][INFO] - 	       [   1,    3,    5,    0,  906,    1,   11,    1,    4,   50],
[2024-06-19 15:02:58,722][flwr][INFO] - 	       [  14,    3,    4,   45,    9,  766,    8,   11,   23,    9],
[2024-06-19 15:02:58,722][flwr][INFO] - 	       [  23,    3,    3,    0,   16,   14,  893,    1,    5,    0],
[2024-06-19 15:02:58,722][flwr][INFO] - 	       [   2,    9,   28,    4,    7,    0,    0,  941,    1,   36],
[2024-06-19 15:02:58,722][flwr][INFO] - 	       [   5,    6,   10,   34,   19,   27,   11,    8,  827,   27],
[2024-06-19 15:02:58,722][flwr][INFO] - 	       [  14,    5,    3,   11,   36,    6,    1,   22,    7,  904]])),
[2024-06-19 15:02:58,722][flwr][INFO] - 	                      (5,
[2024-06-19 15:02:58,722][flwr][INFO] - 	                       array([[ 965,    0,    0,    2,    0,    2,    5,    1,    5,    0],
[2024-06-19 15:02:58,722][flwr][INFO] - 	       [   0, 1109,    3,    3,    1,    0,    3,    1,   14,    1],
[2024-06-19 15:02:58,722][flwr][INFO] - 	       [  10,    4,  932,   20,   15,    0,   11,   15,   21,    4],
[2024-06-19 15:02:58,722][flwr][INFO] - 	       [   3,    2,   19,  906,    0,   27,    1,   21,   22,    9],
[2024-06-19 15:02:58,722][flwr][INFO] - 	       [   1,    3,    6,    0,  881,    0,   11,    0,    6,   74],
[2024-06-19 15:02:58,722][flwr][INFO] - 	       [   8,    3,    4,   33,    8,  773,    8,   13,   31,   11],
[2024-06-19 15:02:58,722][flwr][INFO] - 	       [  19,    4,    4,    1,   11,   13,  899,    1,    6,    0],
[2024-06-19 15:02:58,722][flwr][INFO] - 	       [   2,   10,   28,    3,    6,    0,    0,  939,    0,   40],
[2024-06-19 15:02:58,722][flwr][INFO] - 	       [   5,    4,   11,   16,   13,   18,   11,    7,  871,   18],
[2024-06-19 15:02:58,722][flwr][INFO] - 	       [  11,    4,    2,    9,   21,    5,    1,   11,    8,  937]])),
[2024-06-19 15:02:58,722][flwr][INFO] - 	                      (6,
[2024-06-19 15:02:58,722][flwr][INFO] - 	                       array([[ 967,    0,    1,    2,    0,    2,    4,    1,    3,    0],
[2024-06-19 15:02:58,722][flwr][INFO] - 	       [   0, 1109,    4,    4,    1,    2,    3,    0,   12,    0],
[2024-06-19 15:02:58,722][flwr][INFO] - 	       [  14,    2,  946,   11,   12,    0,   13,   13,   17,    4],
[2024-06-19 15:02:58,722][flwr][INFO] - 	       [   3,    1,   21,  932,    0,   21,    2,    9,   14,    7],
[2024-06-19 15:02:58,722][flwr][INFO] - 	       [   1,    2,    5,    0,  891,    1,   13,    0,    6,   63],
[2024-06-19 15:02:58,722][flwr][INFO] - 	       [  16,    1,    2,   31,    7,  782,   13,    8,   21,   11],
[2024-06-19 15:02:58,722][flwr][INFO] - 	       [  21,    3,    4,    0,   10,   11,  905,    0,    4,    0],
[2024-06-19 15:02:58,722][flwr][INFO] - 	       [   4,   12,   28,   10,    6,    0,    0,  909,    0,   59],
[2024-06-19 15:02:58,722][flwr][INFO] - 	       [  10,    3,    8,   26,   10,   25,   15,    3,  849,   25],
[2024-06-19 15:02:58,722][flwr][INFO] - 	       [  15,    6,    1,   10,   27,    7,    1,    4,    5,  933]])),
[2024-06-19 15:02:58,722][flwr][INFO] - 	                      (7,
[2024-06-19 15:02:58,722][flwr][INFO] - 	                       array([[ 965,    0,    0,    2,    0,    2,    7,    1,    3,    0],
[2024-06-19 15:02:58,722][flwr][INFO] - 	       [   0, 1113,    2,    3,    1,    0,    3,    1,   12,    0],
[2024-06-19 15:02:58,722][flwr][INFO] - 	       [  15,    7,  898,   21,   14,    2,   13,   22,   30,   10],
[2024-06-19 15:02:58,722][flwr][INFO] - 	       [   1,    3,    6,  905,    0,   41,    2,   16,   27,    9],
[2024-06-19 15:02:58,722][flwr][INFO] - 	       [   1,    3,    5,    0,  878,    1,   13,    1,    9,   71],
[2024-06-19 15:02:58,722][flwr][INFO] - 	       [   8,    3,    1,   12,    3,  823,    8,    6,   21,    7],
[2024-06-19 15:02:58,722][flwr][INFO] - 	       [  14,    3,    2,    0,   10,   18,  904,    1,    6,    0],
[2024-06-19 15:02:58,723][flwr][INFO] - 	       [   3,   15,   16,    9,    6,    0,    0,  943,    0,   36],
[2024-06-19 15:02:58,723][flwr][INFO] - 	       [   5,    5,    3,    9,    7,   30,    9,    3,  888,   15],
[2024-06-19 15:02:58,723][flwr][INFO] - 	       [  13,    7,    0,    4,   26,   11,    1,    7,    8,  932]])),
[2024-06-19 15:02:58,723][flwr][INFO] - 	                      (8,
[2024-06-19 15:02:58,723][flwr][INFO] - 	                       array([[ 969,    0,    0,    2,    0,    2,    3,    1,    3,    0],
[2024-06-19 15:02:58,723][flwr][INFO] - 	       [   0, 1114,    3,    3,    1,    0,    4,    1,    9,    0],
[2024-06-19 15:02:58,723][flwr][INFO] - 	       [  12,    3,  946,   11,   14,    1,    9,   22,   10,    4],
[2024-06-19 15:02:58,723][flwr][INFO] - 	       [   1,    2,   16,  917,    0,   27,    1,   22,   13,   11],
[2024-06-19 15:02:58,723][flwr][INFO] - 	       [   1,    1,    5,    0,  920,    0,   12,    2,    3,   38],
[2024-06-19 15:02:58,723][flwr][INFO] - 	       [   8,    2,    3,   18,    4,  807,   14,   11,   15,   10],
[2024-06-19 15:02:58,723][flwr][INFO] - 	       [  21,    3,    4,    0,   10,    9,  907,    0,    4,    0],
[2024-06-19 15:02:58,723][flwr][INFO] - 	       [   4,   10,   17,    5,    7,    0,    0,  965,    0,   20],
[2024-06-19 15:02:58,723][flwr][INFO] - 	       [   4,    3,    7,   18,   10,   23,   10,   10,  866,   23],
[2024-06-19 15:02:58,723][flwr][INFO] - 	       [  10,    6,    0,    4,   35,    8,    1,   15,    4,  926]])),
[2024-06-19 15:02:58,723][flwr][INFO] - 	                      (9,
[2024-06-19 15:02:58,723][flwr][INFO] - 	                       array([[ 970,    0,    0,    0,    0,    3,    1,    1,    5,    0],
[2024-06-19 15:02:58,723][flwr][INFO] - 	       [   0, 1110,    3,    3,    1,    1,    3,    0,   13,    1],
[2024-06-19 15:02:58,723][flwr][INFO] - 	       [  13,    0,  955,    7,   16,    1,    7,   13,   19,    1],
[2024-06-19 15:02:58,723][flwr][INFO] - 	       [   4,    0,   17,  913,    0,   38,    2,   13,   14,    9],
[2024-06-19 15:02:58,723][flwr][INFO] - 	       [   1,    1,    4,    0,  917,    0,    8,    1,   10,   40],
[2024-06-19 15:02:58,723][flwr][INFO] - 	       [  13,    1,    1,   14,    5,  815,    5,    6,   24,    8],
[2024-06-19 15:02:58,723][flwr][INFO] - 	       [  24,    3,    3,    1,   12,   21,  888,    0,    6,    0],
[2024-06-19 15:02:58,723][flwr][INFO] - 	       [   4,   11,   30,    7,    7,    0,    0,  939,    0,   30],
[2024-06-19 15:02:58,723][flwr][INFO] - 	       [   7,    3,    4,   13,   10,   18,    4,    6,  902,    7],
[2024-06-19 15:02:58,723][flwr][INFO] - 	       [  13,    5,    0,    4,   25,    9,    1,    5,    8,  939]])),
[2024-06-19 15:02:58,723][flwr][INFO] - 	                      (10,
[2024-06-19 15:02:58,723][flwr][INFO] - 	                       array([[ 966,    0,    0,    0,    0,    2,    7,    1,    4,    0],
[2024-06-19 15:02:58,723][flwr][INFO] - 	       [   0, 1114,    3,    2,    1,    3,    3,    0,    9,    0],
[2024-06-19 15:02:58,723][flwr][INFO] - 	       [  13,    2,  933,    9,   13,    2,   10,   17,   32,    1],
[2024-06-19 15:02:58,723][flwr][INFO] - 	       [   3,    0,   10,  906,    0,   44,    2,   12,   24,    9],
[2024-06-19 15:02:58,723][flwr][INFO] - 	       [   1,    0,    4,    0,  944,    0,   13,    1,    3,   16],
[2024-06-19 15:02:58,723][flwr][INFO] - 	       [   7,    1,    1,    9,    4,  836,   12,    3,   15,    4],
[2024-06-19 15:02:58,723][flwr][INFO] - 	       [  12,    3,    1,    0,    9,    8,  921,    0,    4,    0],
[2024-06-19 15:02:58,723][flwr][INFO] - 	       [   3,   10,   19,    6,   10,    0,    0,  948,    0,   32],
[2024-06-19 15:02:58,723][flwr][INFO] - 	       [   5,    3,    3,    9,   10,   19,    9,    4,  901,   11],
[2024-06-19 15:02:58,723][flwr][INFO] - 	       [  11,    5,    0,    4,   55,    9,    1,    4,   10,  910]]))],
[2024-06-19 15:02:58,724][flwr][INFO] - 	 'f1': [(0, 0.03553137346181725),
[2024-06-19 15:02:58,724][flwr][INFO] - 	        (1, 0.7760912506466564),
[2024-06-19 15:02:58,724][flwr][INFO] - 	        (2, 0.8798023321755496),
[2024-06-19 15:02:58,724][flwr][INFO] - 	        (3, 0.9011541815619112),
[2024-06-19 15:02:58,724][flwr][INFO] - 	        (4, 0.9136520116377125),
[2024-06-19 15:02:58,724][flwr][INFO] - 	        (5, 0.9211264972651035),
[2024-06-19 15:02:58,724][flwr][INFO] - 	        (6, 0.9222263920185071),
[2024-06-19 15:02:58,724][flwr][INFO] - 	        (7, 0.924860091347235),
[2024-06-19 15:02:58,724][flwr][INFO] - 	        (8, 0.933551066642139),
[2024-06-19 15:02:58,724][flwr][INFO] - 	        (9, 0.9347973710832271),
[2024-06-19 15:02:58,724][flwr][INFO] - 	        (10, 0.9378212890731537)],
[2024-06-19 15:02:58,724][flwr][INFO] - 	 'precision': [(0, 0.12349967530374152),
[2024-06-19 15:02:58,724][flwr][INFO] - 	               (1, 0.8000057913196988),
[2024-06-19 15:02:58,724][flwr][INFO] - 	               (2, 0.8831630695125287),
[2024-06-19 15:02:58,724][flwr][INFO] - 	               (3, 0.9018590622987421),
[2024-06-19 15:02:58,724][flwr][INFO] - 	               (4, 0.914082038844034),
[2024-06-19 15:02:58,724][flwr][INFO] - 	               (5, 0.9216899322435913),
[2024-06-19 15:02:58,724][flwr][INFO] - 	               (6, 0.9232639038232308),
[2024-06-19 15:02:58,724][flwr][INFO] - 	               (7, 0.9259272929440251),
[2024-06-19 15:02:58,724][flwr][INFO] - 	               (8, 0.9337957978093993),
[2024-06-19 15:02:58,724][flwr][INFO] - 	               (9, 0.9353818095386794),
[2024-06-19 15:02:58,724][flwr][INFO] - 	               (10, 0.9385755835294234)],
[2024-06-19 15:02:58,724][flwr][INFO] - 	 'recall': [(0, 0.1086),
[2024-06-19 15:02:58,724][flwr][INFO] - 	            (1, 0.7817),
[2024-06-19 15:02:58,724][flwr][INFO] - 	            (2, 0.8809),
[2024-06-19 15:02:58,724][flwr][INFO] - 	            (3, 0.9012),
[2024-06-19 15:02:58,724][flwr][INFO] - 	            (4, 0.9139),
[2024-06-19 15:02:58,724][flwr][INFO] - 	            (5, 0.9212),
[2024-06-19 15:02:58,724][flwr][INFO] - 	            (6, 0.9223),
[2024-06-19 15:02:58,724][flwr][INFO] - 	            (7, 0.9249),
[2024-06-19 15:02:58,724][flwr][INFO] - 	            (8, 0.9337),
[2024-06-19 15:02:58,724][flwr][INFO] - 	            (9, 0.9348),
[2024-06-19 15:02:58,725][flwr][INFO] - 	            (10, 0.9379)]}
[2024-06-19 15:02:58,726][flwr][INFO] - 
