[2024-07-08 18:02:23,017][flwr][INFO] - Starting Flower simulation, config: num_rounds=10, no round_timeout
[2024-07-08 18:02:25,998][flwr][INFO] - Flower VCE: Ray initialized with resources: {'memory': 8894390272.0, 'node:__internal_head__': 1.0, 'CPU': 12.0, 'node:127.0.0.1': 1.0, 'object_store_memory': 2147483648.0}
[2024-07-08 18:02:25,999][flwr][INFO] - Optimize your simulation with Flower VCE: https://flower.ai/docs/framework/how-to-run-simulations.html
[2024-07-08 18:02:25,999][flwr][INFO] - Flower VCE: Resources for each Virtual Client: {'num_cpus': 2, 'num_gpus': 0}
[2024-07-08 18:02:26,004][flwr][INFO] - Flower VCE: Creating VirtualClientEngineActorPool with 6 actors
[2024-07-08 18:02:26,004][flwr][INFO] - [INIT]
[2024-07-08 18:02:26,004][flwr][INFO] - Requesting initial parameters from one random client
[2024-07-08 18:02:27,568][flwr][INFO] - Received initial parameters from one random client
[2024-07-08 18:02:27,568][flwr][INFO] - Evaluating initial global parameters
[2024-07-08 18:02:27,897][flwr][INFO] - initial parameters (loss, other metrics): 181.76928067207336, {'accuracy': 0.1086, 'precision': 0.12349967530374152, 'recall': 0.1086, 'f1': 0.03553137346181725, 'confusion_matrix': array([[   0,    8,    0,  956,    0,    1,    0,   15,    0,    0],
       [   0,  122,    0, 1013,    0,    0,    0,    0,    0,    0],
       [   0,   38,    0,  971,    0,    0,    3,   19,    1,    0],
       [   0,   44,    0,  945,    1,    1,    0,   17,    2,    0],
       [   0,  143,    0,  816,    1,    0,    2,   20,    0,    0],
       [   0,  118,    0,  735,    1,    7,    0,   30,    1,    0],
       [   0,  144,    0,  749,   25,    0,    2,   38,    0,    0],
       [   0,  272,    0,  724,    8,    0,    0,    9,   15,    0],
       [   0,   81,    0,  859,    1,    0,    1,   32,    0,    0],
       [   0,  178,    0,  799,    1,    0,    0,   31,    0,    0]])}
[2024-07-08 18:02:27,897][flwr][INFO] - 
[2024-07-08 18:02:27,897][flwr][INFO] - [ROUND 1]
[2024-07-08 18:02:27,898][flwr][INFO] - configure_fit: strategy sampled 10 clients (out of 10)
[2024-07-08 18:02:35,430][flwr][INFO] - aggregate_fit: received 10 results and 0 failures
[2024-07-08 18:02:35,438][flwr][WARNING] - No fit_metrics_aggregation_fn provided
[2024-07-08 18:02:35,775][flwr][INFO] - fit progress: (1, 160.7930748462677, {'accuracy': 0.3465, 'precision': 0.48356482103104137, 'recall': 0.3465, 'f1': 0.2989508796402617, 'confusion_matrix': array([[920,  37,   0,  22,   0,   0,   0,   1,   0,   0],
       [  4, 459,   0, 672,   0,   0,   0,   0,   0,   0],
       [ 32,  23, 140, 818,   0,   0,   1,   7,   0,  11],
       [ 48,  39,   1, 901,   1,   0,   0,   9,   0,  11],
       [641,  22,   0,  28,  76, 211,   0,   0,   0,   4],
       [567, 108,   0,  66,  16,  71,  38,   3,   0,  23],
       [515, 114,   5,  49,   3,  14, 236,   0,   0,  22],
       [224,   5,   0, 153,   0,   2,   0, 644,   0,   0],
       [288,  26,   0, 188,   3,   3,   2,   3,   0, 461],
       [923,   9,   0,  17,  10,  10,   0,  22,   0,  18]])}, 7.877563959)
[2024-07-08 18:02:35,775][flwr][INFO] - configure_evaluate: no clients selected, skipping evaluation
[2024-07-08 18:02:35,775][flwr][INFO] - 
[2024-07-08 18:02:35,775][flwr][INFO] - [ROUND 2]
[2024-07-08 18:02:35,776][flwr][INFO] - configure_fit: strategy sampled 10 clients (out of 10)
[2024-07-08 18:02:42,259][flwr][INFO] - aggregate_fit: received 10 results and 0 failures
[2024-07-08 18:02:42,602][flwr][INFO] - fit progress: (2, 92.08514034748077, {'accuracy': 0.8008, 'precision': 0.8369498369149188, 'recall': 0.8008, 'f1': 0.79396287491288, 'confusion_matrix': array([[ 926,    7,    2,    5,    0,    8,   14,    3,   11,    4],
       [   0, 1066,    1,    3,    0,    3,    3,    0,   12,   47],
       [   4,   39,  892,   31,    1,    3,   21,    4,   33,    4],
       [   2,    9,   27,  848,    2,   70,    4,    4,   12,   32],
       [   1,   19,    8,    2,  287,  450,   16,    7,   18,  174],
       [   5,   16,    1,   50,    5,  742,   13,    0,   38,   22],
       [  12,   10,    4,    1,    1,   29,  854,    3,   11,   33],
       [  15,   48,   72,    3,    1,    9,    2,  712,   24,  142],
       [   2,   30,   14,   16,    4,   19,    1,    0,  778,  110],
       [  11,    6,    3,    8,    3,   51,    2,    8,   14,  903]])}, 14.705233042000001)
[2024-07-08 18:02:42,603][flwr][INFO] - configure_evaluate: no clients selected, skipping evaluation
[2024-07-08 18:02:42,603][flwr][INFO] - 
[2024-07-08 18:02:42,603][flwr][INFO] - [ROUND 3]
[2024-07-08 18:02:42,603][flwr][INFO] - configure_fit: strategy sampled 10 clients (out of 10)
[2024-07-08 18:02:49,421][flwr][INFO] - aggregate_fit: received 10 results and 0 failures
[2024-07-08 18:02:49,790][flwr][INFO] - fit progress: (3, 48.429670602083206, {'accuracy': 0.8736, 'precision': 0.8923765588448664, 'recall': 0.8736, 'f1': 0.8738097975406459, 'confusion_matrix': array([[ 951,    0,    1,    1,    0,    0,    4,    4,   18,    1],
       [   0, 1053,   41,    2,    0,    0,    3,    2,   34,    0],
       [  12,    2,  937,   12,   12,    0,   10,   14,   33,    0],
       [   7,    9,   48,  843,    6,    9,    0,   17,   70,    1],
       [   1,    0,    4,    4,  906,    0,   12,    1,   24,   30],
       [  13,    2,    0,   44,   17,  526,   16,   17,  245,   12],
       [   8,    2,    5,    3,   17,    9,  878,    1,   35,    0],
       [   0,    6,   35,    3,    5,    0,    0,  960,    8,   11],
       [   5,    1,    7,    3,    5,    2,    3,    2,  939,    7],
       [  10,    4,    2,    2,   92,    1,    2,   46,  107,  743]])}, 21.893031834)
[2024-07-08 18:02:49,791][flwr][INFO] - configure_evaluate: no clients selected, skipping evaluation
[2024-07-08 18:02:49,791][flwr][INFO] - 
[2024-07-08 18:02:49,791][flwr][INFO] - [ROUND 4]
[2024-07-08 18:02:49,791][flwr][INFO] - configure_fit: strategy sampled 10 clients (out of 10)
[2024-07-08 18:02:56,059][flwr][INFO] - aggregate_fit: received 10 results and 0 failures
[2024-07-08 18:02:56,405][flwr][INFO] - fit progress: (4, 32.52422860264778, {'accuracy': 0.8964, 'precision': 0.9062423417238333, 'recall': 0.8964, 'f1': 0.8971212369773875, 'confusion_matrix': array([[ 948,    1,   11,    0,    0,    1,    7,    2,   10,    0],
       [   0, 1109,    7,    1,    0,    0,    4,    0,   14,    0],
       [  22,    2,  917,    4,    4,    0,   41,   16,   25,    1],
       [   6,   13,   32,  789,    3,   36,    8,   20,   97,    6],
       [   1,    1,   11,    2,  847,    0,   41,    5,   36,   38],
       [  12,    1,    2,   14,    1,  758,   29,    7,   67,    1],
       [   5,    3,    8,    0,    2,    9,  922,    0,    9,    0],
       [   1,   10,   19,    1,    1,    0,    1,  974,    2,   19],
       [   3,    6,    5,    1,    4,    8,   19,    3,  917,    8],
       [  13,    7,    1,    1,   17,    8,    6,   29,  144,  783]])}, 28.507334542000002)
[2024-07-08 18:02:56,405][flwr][INFO] - configure_evaluate: no clients selected, skipping evaluation
[2024-07-08 18:02:56,405][flwr][INFO] - 
[2024-07-08 18:02:56,405][flwr][INFO] - [ROUND 5]
[2024-07-08 18:02:56,406][flwr][INFO] - configure_fit: strategy sampled 10 clients (out of 10)
[2024-07-08 18:03:02,757][flwr][INFO] - aggregate_fit: received 10 results and 0 failures
[2024-07-08 18:03:03,102][flwr][INFO] - fit progress: (5, 30.716540217399597, {'accuracy': 0.8911, 'precision': 0.90095470437446, 'recall': 0.8911, 'f1': 0.8903077873599626, 'confusion_matrix': array([[ 953,    0,    4,    0,    0,    1,    8,    2,   12,    0],
       [   0, 1108,    8,    3,    0,    0,    3,    1,   12,    0],
       [   6,    2,  961,    6,    0,    0,   14,   20,   22,    1],
       [   0,    0,   38,  857,    1,   40,    1,   24,   43,    6],
       [   1,    0,   18,    2,  628,    3,   57,    7,   51,  215],
       [   7,    1,    1,   27,    0,  742,   20,    6,   80,    8],
       [   6,    2,    3,    1,    1,    6,  929,    1,    9,    0],
       [   1,    6,   18,    1,    0,    0,    0,  965,    2,   35],
       [   0,    2,    2,    7,    2,   17,   17,    7,  910,   10],
       [   9,    5,    1,    3,    3,   15,    6,   12,   97,  858]])}, 35.204311959)
[2024-07-08 18:03:03,102][flwr][INFO] - configure_evaluate: no clients selected, skipping evaluation
[2024-07-08 18:03:03,102][flwr][INFO] - 
[2024-07-08 18:03:03,102][flwr][INFO] - [ROUND 6]
[2024-07-08 18:03:03,103][flwr][INFO] - configure_fit: strategy sampled 10 clients (out of 10)
[2024-07-08 18:03:09,240][flwr][INFO] - aggregate_fit: received 10 results and 0 failures
[2024-07-08 18:03:09,701][flwr][INFO] - fit progress: (6, 25.950066722929478, {'accuracy': 0.9172, 'precision': 0.9212946055140208, 'recall': 0.9172, 'f1': 0.9174209208182467, 'confusion_matrix': array([[ 960,    0,    2,    0,    0,    0,    4,    2,   11,    1],
       [   0, 1104,    4,    8,    0,    1,    1,    2,   15,    0],
       [   6,    1,  967,    9,    1,    1,    9,   16,   21,    1],
       [   0,    0,   32,  895,    1,   23,    0,   19,   33,    7],
       [   3,    0,    7,    4,  779,    2,   37,    5,   30,  115],
       [   7,    1,    0,   24,    1,  787,   12,    6,   49,    5],
       [   7,    2,    3,    1,    1,   17,  920,    1,    6,    0],
       [   1,    4,   15,    1,    0,    0,    0,  974,    1,   32],
       [   1,    0,    2,    9,    3,   13,   12,    7,  913,   14],
       [  10,    3,    0,    4,    4,   18,    1,   19,   77,  873]])}, 41.803199209)
[2024-07-08 18:03:09,701][flwr][INFO] - configure_evaluate: no clients selected, skipping evaluation
[2024-07-08 18:03:09,701][flwr][INFO] - 
[2024-07-08 18:03:09,701][flwr][INFO] - [ROUND 7]
[2024-07-08 18:03:09,701][flwr][INFO] - configure_fit: strategy sampled 10 clients (out of 10)
[2024-07-08 18:03:16,054][flwr][INFO] - aggregate_fit: received 10 results and 0 failures
[2024-07-08 18:03:16,396][flwr][INFO] - fit progress: (7, 27.845967814326286, {'accuracy': 0.9052, 'precision': 0.9142963112753201, 'recall': 0.9052, 'f1': 0.9060225844609154, 'confusion_matrix': array([[ 960,    1,    2,    0,    0,    1,    6,    1,    9,    0],
       [   0, 1109,    5,    7,    0,    1,    1,    1,   11,    0],
       [   5,    1,  972,   10,    1,    0,    9,    8,   26,    0],
       [   1,    0,   29,  900,    0,   30,    0,   14,   31,    5],
       [   2,    0,    9,    6,  801,    2,   30,    2,   55,   75],
       [   8,    1,    0,   22,    1,  793,   10,    3,   49,    5],
       [   7,    2,    2,    1,    3,   16,  915,    2,   10,    0],
       [   1,    5,   27,    1,    0,    0,    0,  955,    8,   31],
       [   2,    0,    3,    8,    3,   12,    7,    4,  930,    5],
       [  12,    5,    0,    6,    3,   29,    1,    9,  227,  717]])}, 48.498609959)
[2024-07-08 18:03:16,397][flwr][INFO] - configure_evaluate: no clients selected, skipping evaluation
[2024-07-08 18:03:16,397][flwr][INFO] - 
[2024-07-08 18:03:16,397][flwr][INFO] - [ROUND 8]
[2024-07-08 18:03:16,397][flwr][INFO] - configure_fit: strategy sampled 10 clients (out of 10)
[2024-07-08 18:03:22,708][flwr][INFO] - aggregate_fit: received 10 results and 0 failures
[2024-07-08 18:03:23,052][flwr][INFO] - fit progress: (8, 27.528025321662426, {'accuracy': 0.9049, 'precision': 0.9153211199094332, 'recall': 0.9049, 'f1': 0.9052363306933532, 'confusion_matrix': array([[ 964,    0,    3,    0,    0,    0,    5,    1,    7,    0],
       [   0, 1111,    5,    3,    0,    1,    1,    1,   13,    0],
       [   7,    2,  955,   12,    0,    0,    6,   14,   36,    0],
       [   0,    0,   24,  886,    0,   23,    0,   16,   49,   12],
       [   1,    2,    7,   15,  686,    8,   46,    4,  110,  103],
       [   5,    1,    0,   16,    0,  822,   11,    5,   28,    4],
       [   4,    3,    1,    1,    3,   14,  920,    3,    9,    0],
       [   2,    4,   17,    0,    0,    1,    0,  970,    5,   29],
       [   2,    0,    2,    4,    1,    5,    7,    6,  936,   11],
       [  12,    6,    0,    4,    0,   17,    1,   12,  158,  799]])}, 55.15431075)
[2024-07-08 18:03:23,052][flwr][INFO] - configure_evaluate: no clients selected, skipping evaluation
[2024-07-08 18:03:23,052][flwr][INFO] - 
[2024-07-08 18:03:23,052][flwr][INFO] - [ROUND 9]
[2024-07-08 18:03:23,053][flwr][INFO] - configure_fit: strategy sampled 10 clients (out of 10)
[2024-07-08 18:03:29,459][flwr][INFO] - aggregate_fit: received 10 results and 0 failures
[2024-07-08 18:03:29,803][flwr][INFO] - fit progress: (9, 27.276511773467064, {'accuracy': 0.9102, 'precision': 0.9188451614933161, 'recall': 0.9102, 'f1': 0.9105266545593755, 'confusion_matrix': array([[ 964,    1,    3,    0,    1,    1,    6,    1,    3,    0],
       [   0, 1125,    5,    1,    0,    1,    1,    0,    2,    0],
       [   6,    3,  981,    7,    2,    0,    7,    7,   18,    1],
       [   0,    3,   19,  923,    1,   11,    0,   10,   32,   11],
       [   4,    7,    6,   28,  760,    4,   30,    2,   79,   62],
       [   7,    2,    0,   27,    0,  806,   12,    5,   29,    4],
       [   5,    4,    0,    1,    3,    9,  926,    2,    7,    1],
       [   2,   12,   29,    1,    1,    1,    1,  945,   14,   22],
       [   5,    3,    6,    6,    1,    7,    8,    0,  932,    6],
       [  12,    7,    0,    7,    4,   11,    1,    7,  220,  740]])}, 61.905679792)
[2024-07-08 18:03:29,804][flwr][INFO] - configure_evaluate: no clients selected, skipping evaluation
[2024-07-08 18:03:29,804][flwr][INFO] - 
[2024-07-08 18:03:29,804][flwr][INFO] - [ROUND 10]
[2024-07-08 18:03:29,804][flwr][INFO] - configure_fit: strategy sampled 10 clients (out of 10)
[2024-07-08 18:03:35,993][flwr][INFO] - aggregate_fit: received 10 results and 0 failures
[2024-07-08 18:03:36,339][flwr][INFO] - fit progress: (10, 26.09748901426792, {'accuracy': 0.906, 'precision': 0.9168273770808689, 'recall': 0.906, 'f1': 0.9065016972133333, 'confusion_matrix': array([[ 967,    0,    1,    0,    1,    0,    3,    2,    4,    2],
       [   0, 1115,    5,    2,    1,    1,    2,    0,    9,    0],
       [   6,    4,  978,    4,    3,    0,    3,   19,   15,    0],
       [   0,    4,   27,  879,    1,   22,    0,    7,   55,   15],
       [   2,    4,    5,    3,  842,    2,   22,    7,   29,   66],
       [   6,    1,    1,   12,    1,  836,   12,    4,   17,    2],
       [   7,    3,    0,    1,    8,   18,  912,    1,    8,    0],
       [   2,   13,   37,    0,    2,    0,    1,  928,   40,    5],
       [   7,    1,    3,    3,    2,    8,   10,    1,  938,    1],
       [  12,    5,    1,    3,    7,   19,    1,    7,  289,  665]])}, 68.441648959)
[2024-07-08 18:03:36,340][flwr][INFO] - configure_evaluate: no clients selected, skipping evaluation
[2024-07-08 18:03:36,340][flwr][INFO] - 
[2024-07-08 18:03:36,340][flwr][INFO] - [SUMMARY]
[2024-07-08 18:03:36,340][flwr][INFO] - Run finished 10 round(s) in 68.44s
[2024-07-08 18:03:36,344][flwr][INFO] - 	History (loss, centralized):
[2024-07-08 18:03:36,344][flwr][INFO] - 		round 0: 181.76928067207336
[2024-07-08 18:03:36,344][flwr][INFO] - 		round 1: 160.7930748462677
[2024-07-08 18:03:36,344][flwr][INFO] - 		round 2: 92.08514034748077
[2024-07-08 18:03:36,344][flwr][INFO] - 		round 3: 48.429670602083206
[2024-07-08 18:03:36,344][flwr][INFO] - 		round 4: 32.52422860264778
[2024-07-08 18:03:36,344][flwr][INFO] - 		round 5: 30.716540217399597
[2024-07-08 18:03:36,344][flwr][INFO] - 		round 6: 25.950066722929478
[2024-07-08 18:03:36,344][flwr][INFO] - 		round 7: 27.845967814326286
[2024-07-08 18:03:36,344][flwr][INFO] - 		round 8: 27.528025321662426
[2024-07-08 18:03:36,344][flwr][INFO] - 		round 9: 27.276511773467064
[2024-07-08 18:03:36,344][flwr][INFO] - 		round 10: 26.09748901426792
[2024-07-08 18:03:36,345][flwr][INFO] - 	History (metrics, centralized):
[2024-07-08 18:03:36,345][flwr][INFO] - 	{'accuracy': [(0, 0.1086),
[2024-07-08 18:03:36,345][flwr][INFO] - 	              (1, 0.3465),
[2024-07-08 18:03:36,345][flwr][INFO] - 	              (2, 0.8008),
[2024-07-08 18:03:36,345][flwr][INFO] - 	              (3, 0.8736),
[2024-07-08 18:03:36,345][flwr][INFO] - 	              (4, 0.8964),
[2024-07-08 18:03:36,345][flwr][INFO] - 	              (5, 0.8911),
[2024-07-08 18:03:36,345][flwr][INFO] - 	              (6, 0.9172),
[2024-07-08 18:03:36,345][flwr][INFO] - 	              (7, 0.9052),
[2024-07-08 18:03:36,345][flwr][INFO] - 	              (8, 0.9049),
[2024-07-08 18:03:36,345][flwr][INFO] - 	              (9, 0.9102),
[2024-07-08 18:03:36,345][flwr][INFO] - 	              (10, 0.906)],
[2024-07-08 18:03:36,345][flwr][INFO] - 	 'confusion_matrix': [(0,
[2024-07-08 18:03:36,345][flwr][INFO] - 	                       array([[   0,    8,    0,  956,    0,    1,    0,   15,    0,    0],
[2024-07-08 18:03:36,345][flwr][INFO] - 	       [   0,  122,    0, 1013,    0,    0,    0,    0,    0,    0],
[2024-07-08 18:03:36,345][flwr][INFO] - 	       [   0,   38,    0,  971,    0,    0,    3,   19,    1,    0],
[2024-07-08 18:03:36,345][flwr][INFO] - 	       [   0,   44,    0,  945,    1,    1,    0,   17,    2,    0],
[2024-07-08 18:03:36,345][flwr][INFO] - 	       [   0,  143,    0,  816,    1,    0,    2,   20,    0,    0],
[2024-07-08 18:03:36,345][flwr][INFO] - 	       [   0,  118,    0,  735,    1,    7,    0,   30,    1,    0],
[2024-07-08 18:03:36,345][flwr][INFO] - 	       [   0,  144,    0,  749,   25,    0,    2,   38,    0,    0],
[2024-07-08 18:03:36,345][flwr][INFO] - 	       [   0,  272,    0,  724,    8,    0,    0,    9,   15,    0],
[2024-07-08 18:03:36,345][flwr][INFO] - 	       [   0,   81,    0,  859,    1,    0,    1,   32,    0,    0],
[2024-07-08 18:03:36,345][flwr][INFO] - 	       [   0,  178,    0,  799,    1,    0,    0,   31,    0,    0]])),
[2024-07-08 18:03:36,345][flwr][INFO] - 	                      (1,
[2024-07-08 18:03:36,345][flwr][INFO] - 	                       array([[920,  37,   0,  22,   0,   0,   0,   1,   0,   0],
[2024-07-08 18:03:36,345][flwr][INFO] - 	       [  4, 459,   0, 672,   0,   0,   0,   0,   0,   0],
[2024-07-08 18:03:36,345][flwr][INFO] - 	       [ 32,  23, 140, 818,   0,   0,   1,   7,   0,  11],
[2024-07-08 18:03:36,345][flwr][INFO] - 	       [ 48,  39,   1, 901,   1,   0,   0,   9,   0,  11],
[2024-07-08 18:03:36,345][flwr][INFO] - 	       [641,  22,   0,  28,  76, 211,   0,   0,   0,   4],
[2024-07-08 18:03:36,345][flwr][INFO] - 	       [567, 108,   0,  66,  16,  71,  38,   3,   0,  23],
[2024-07-08 18:03:36,345][flwr][INFO] - 	       [515, 114,   5,  49,   3,  14, 236,   0,   0,  22],
[2024-07-08 18:03:36,345][flwr][INFO] - 	       [224,   5,   0, 153,   0,   2,   0, 644,   0,   0],
[2024-07-08 18:03:36,345][flwr][INFO] - 	       [288,  26,   0, 188,   3,   3,   2,   3,   0, 461],
[2024-07-08 18:03:36,345][flwr][INFO] - 	       [923,   9,   0,  17,  10,  10,   0,  22,   0,  18]])),
[2024-07-08 18:03:36,345][flwr][INFO] - 	                      (2,
[2024-07-08 18:03:36,345][flwr][INFO] - 	                       array([[ 926,    7,    2,    5,    0,    8,   14,    3,   11,    4],
[2024-07-08 18:03:36,345][flwr][INFO] - 	       [   0, 1066,    1,    3,    0,    3,    3,    0,   12,   47],
[2024-07-08 18:03:36,345][flwr][INFO] - 	       [   4,   39,  892,   31,    1,    3,   21,    4,   33,    4],
[2024-07-08 18:03:36,345][flwr][INFO] - 	       [   2,    9,   27,  848,    2,   70,    4,    4,   12,   32],
[2024-07-08 18:03:36,345][flwr][INFO] - 	       [   1,   19,    8,    2,  287,  450,   16,    7,   18,  174],
[2024-07-08 18:03:36,345][flwr][INFO] - 	       [   5,   16,    1,   50,    5,  742,   13,    0,   38,   22],
[2024-07-08 18:03:36,345][flwr][INFO] - 	       [  12,   10,    4,    1,    1,   29,  854,    3,   11,   33],
[2024-07-08 18:03:36,345][flwr][INFO] - 	       [  15,   48,   72,    3,    1,    9,    2,  712,   24,  142],
[2024-07-08 18:03:36,345][flwr][INFO] - 	       [   2,   30,   14,   16,    4,   19,    1,    0,  778,  110],
[2024-07-08 18:03:36,345][flwr][INFO] - 	       [  11,    6,    3,    8,    3,   51,    2,    8,   14,  903]])),
[2024-07-08 18:03:36,345][flwr][INFO] - 	                      (3,
[2024-07-08 18:03:36,346][flwr][INFO] - 	                       array([[ 951,    0,    1,    1,    0,    0,    4,    4,   18,    1],
[2024-07-08 18:03:36,346][flwr][INFO] - 	       [   0, 1053,   41,    2,    0,    0,    3,    2,   34,    0],
[2024-07-08 18:03:36,346][flwr][INFO] - 	       [  12,    2,  937,   12,   12,    0,   10,   14,   33,    0],
[2024-07-08 18:03:36,346][flwr][INFO] - 	       [   7,    9,   48,  843,    6,    9,    0,   17,   70,    1],
[2024-07-08 18:03:36,346][flwr][INFO] - 	       [   1,    0,    4,    4,  906,    0,   12,    1,   24,   30],
[2024-07-08 18:03:36,346][flwr][INFO] - 	       [  13,    2,    0,   44,   17,  526,   16,   17,  245,   12],
[2024-07-08 18:03:36,346][flwr][INFO] - 	       [   8,    2,    5,    3,   17,    9,  878,    1,   35,    0],
[2024-07-08 18:03:36,346][flwr][INFO] - 	       [   0,    6,   35,    3,    5,    0,    0,  960,    8,   11],
[2024-07-08 18:03:36,346][flwr][INFO] - 	       [   5,    1,    7,    3,    5,    2,    3,    2,  939,    7],
[2024-07-08 18:03:36,346][flwr][INFO] - 	       [  10,    4,    2,    2,   92,    1,    2,   46,  107,  743]])),
[2024-07-08 18:03:36,346][flwr][INFO] - 	                      (4,
[2024-07-08 18:03:36,346][flwr][INFO] - 	                       array([[ 948,    1,   11,    0,    0,    1,    7,    2,   10,    0],
[2024-07-08 18:03:36,346][flwr][INFO] - 	       [   0, 1109,    7,    1,    0,    0,    4,    0,   14,    0],
[2024-07-08 18:03:36,346][flwr][INFO] - 	       [  22,    2,  917,    4,    4,    0,   41,   16,   25,    1],
[2024-07-08 18:03:36,346][flwr][INFO] - 	       [   6,   13,   32,  789,    3,   36,    8,   20,   97,    6],
[2024-07-08 18:03:36,346][flwr][INFO] - 	       [   1,    1,   11,    2,  847,    0,   41,    5,   36,   38],
[2024-07-08 18:03:36,346][flwr][INFO] - 	       [  12,    1,    2,   14,    1,  758,   29,    7,   67,    1],
[2024-07-08 18:03:36,346][flwr][INFO] - 	       [   5,    3,    8,    0,    2,    9,  922,    0,    9,    0],
[2024-07-08 18:03:36,346][flwr][INFO] - 	       [   1,   10,   19,    1,    1,    0,    1,  974,    2,   19],
[2024-07-08 18:03:36,346][flwr][INFO] - 	       [   3,    6,    5,    1,    4,    8,   19,    3,  917,    8],
[2024-07-08 18:03:36,346][flwr][INFO] - 	       [  13,    7,    1,    1,   17,    8,    6,   29,  144,  783]])),
[2024-07-08 18:03:36,346][flwr][INFO] - 	                      (5,
[2024-07-08 18:03:36,346][flwr][INFO] - 	                       array([[ 953,    0,    4,    0,    0,    1,    8,    2,   12,    0],
[2024-07-08 18:03:36,346][flwr][INFO] - 	       [   0, 1108,    8,    3,    0,    0,    3,    1,   12,    0],
[2024-07-08 18:03:36,346][flwr][INFO] - 	       [   6,    2,  961,    6,    0,    0,   14,   20,   22,    1],
[2024-07-08 18:03:36,346][flwr][INFO] - 	       [   0,    0,   38,  857,    1,   40,    1,   24,   43,    6],
[2024-07-08 18:03:36,346][flwr][INFO] - 	       [   1,    0,   18,    2,  628,    3,   57,    7,   51,  215],
[2024-07-08 18:03:36,346][flwr][INFO] - 	       [   7,    1,    1,   27,    0,  742,   20,    6,   80,    8],
[2024-07-08 18:03:36,346][flwr][INFO] - 	       [   6,    2,    3,    1,    1,    6,  929,    1,    9,    0],
[2024-07-08 18:03:36,346][flwr][INFO] - 	       [   1,    6,   18,    1,    0,    0,    0,  965,    2,   35],
[2024-07-08 18:03:36,346][flwr][INFO] - 	       [   0,    2,    2,    7,    2,   17,   17,    7,  910,   10],
[2024-07-08 18:03:36,346][flwr][INFO] - 	       [   9,    5,    1,    3,    3,   15,    6,   12,   97,  858]])),
[2024-07-08 18:03:36,346][flwr][INFO] - 	                      (6,
[2024-07-08 18:03:36,346][flwr][INFO] - 	                       array([[ 960,    0,    2,    0,    0,    0,    4,    2,   11,    1],
[2024-07-08 18:03:36,346][flwr][INFO] - 	       [   0, 1104,    4,    8,    0,    1,    1,    2,   15,    0],
[2024-07-08 18:03:36,346][flwr][INFO] - 	       [   6,    1,  967,    9,    1,    1,    9,   16,   21,    1],
[2024-07-08 18:03:36,346][flwr][INFO] - 	       [   0,    0,   32,  895,    1,   23,    0,   19,   33,    7],
[2024-07-08 18:03:36,346][flwr][INFO] - 	       [   3,    0,    7,    4,  779,    2,   37,    5,   30,  115],
[2024-07-08 18:03:36,346][flwr][INFO] - 	       [   7,    1,    0,   24,    1,  787,   12,    6,   49,    5],
[2024-07-08 18:03:36,346][flwr][INFO] - 	       [   7,    2,    3,    1,    1,   17,  920,    1,    6,    0],
[2024-07-08 18:03:36,346][flwr][INFO] - 	       [   1,    4,   15,    1,    0,    0,    0,  974,    1,   32],
[2024-07-08 18:03:36,346][flwr][INFO] - 	       [   1,    0,    2,    9,    3,   13,   12,    7,  913,   14],
[2024-07-08 18:03:36,346][flwr][INFO] - 	       [  10,    3,    0,    4,    4,   18,    1,   19,   77,  873]])),
[2024-07-08 18:03:36,346][flwr][INFO] - 	                      (7,
[2024-07-08 18:03:36,346][flwr][INFO] - 	                       array([[ 960,    1,    2,    0,    0,    1,    6,    1,    9,    0],
[2024-07-08 18:03:36,346][flwr][INFO] - 	       [   0, 1109,    5,    7,    0,    1,    1,    1,   11,    0],
[2024-07-08 18:03:36,346][flwr][INFO] - 	       [   5,    1,  972,   10,    1,    0,    9,    8,   26,    0],
[2024-07-08 18:03:36,347][flwr][INFO] - 	       [   1,    0,   29,  900,    0,   30,    0,   14,   31,    5],
[2024-07-08 18:03:36,347][flwr][INFO] - 	       [   2,    0,    9,    6,  801,    2,   30,    2,   55,   75],
[2024-07-08 18:03:36,347][flwr][INFO] - 	       [   8,    1,    0,   22,    1,  793,   10,    3,   49,    5],
[2024-07-08 18:03:36,347][flwr][INFO] - 	       [   7,    2,    2,    1,    3,   16,  915,    2,   10,    0],
[2024-07-08 18:03:36,347][flwr][INFO] - 	       [   1,    5,   27,    1,    0,    0,    0,  955,    8,   31],
[2024-07-08 18:03:36,347][flwr][INFO] - 	       [   2,    0,    3,    8,    3,   12,    7,    4,  930,    5],
[2024-07-08 18:03:36,347][flwr][INFO] - 	       [  12,    5,    0,    6,    3,   29,    1,    9,  227,  717]])),
[2024-07-08 18:03:36,347][flwr][INFO] - 	                      (8,
[2024-07-08 18:03:36,347][flwr][INFO] - 	                       array([[ 964,    0,    3,    0,    0,    0,    5,    1,    7,    0],
[2024-07-08 18:03:36,347][flwr][INFO] - 	       [   0, 1111,    5,    3,    0,    1,    1,    1,   13,    0],
[2024-07-08 18:03:36,347][flwr][INFO] - 	       [   7,    2,  955,   12,    0,    0,    6,   14,   36,    0],
[2024-07-08 18:03:36,347][flwr][INFO] - 	       [   0,    0,   24,  886,    0,   23,    0,   16,   49,   12],
[2024-07-08 18:03:36,347][flwr][INFO] - 	       [   1,    2,    7,   15,  686,    8,   46,    4,  110,  103],
[2024-07-08 18:03:36,347][flwr][INFO] - 	       [   5,    1,    0,   16,    0,  822,   11,    5,   28,    4],
[2024-07-08 18:03:36,347][flwr][INFO] - 	       [   4,    3,    1,    1,    3,   14,  920,    3,    9,    0],
[2024-07-08 18:03:36,347][flwr][INFO] - 	       [   2,    4,   17,    0,    0,    1,    0,  970,    5,   29],
[2024-07-08 18:03:36,347][flwr][INFO] - 	       [   2,    0,    2,    4,    1,    5,    7,    6,  936,   11],
[2024-07-08 18:03:36,347][flwr][INFO] - 	       [  12,    6,    0,    4,    0,   17,    1,   12,  158,  799]])),
[2024-07-08 18:03:36,347][flwr][INFO] - 	                      (9,
[2024-07-08 18:03:36,347][flwr][INFO] - 	                       array([[ 964,    1,    3,    0,    1,    1,    6,    1,    3,    0],
[2024-07-08 18:03:36,347][flwr][INFO] - 	       [   0, 1125,    5,    1,    0,    1,    1,    0,    2,    0],
[2024-07-08 18:03:36,347][flwr][INFO] - 	       [   6,    3,  981,    7,    2,    0,    7,    7,   18,    1],
[2024-07-08 18:03:36,347][flwr][INFO] - 	       [   0,    3,   19,  923,    1,   11,    0,   10,   32,   11],
[2024-07-08 18:03:36,347][flwr][INFO] - 	       [   4,    7,    6,   28,  760,    4,   30,    2,   79,   62],
[2024-07-08 18:03:36,347][flwr][INFO] - 	       [   7,    2,    0,   27,    0,  806,   12,    5,   29,    4],
[2024-07-08 18:03:36,347][flwr][INFO] - 	       [   5,    4,    0,    1,    3,    9,  926,    2,    7,    1],
[2024-07-08 18:03:36,347][flwr][INFO] - 	       [   2,   12,   29,    1,    1,    1,    1,  945,   14,   22],
[2024-07-08 18:03:36,347][flwr][INFO] - 	       [   5,    3,    6,    6,    1,    7,    8,    0,  932,    6],
[2024-07-08 18:03:36,347][flwr][INFO] - 	       [  12,    7,    0,    7,    4,   11,    1,    7,  220,  740]])),
[2024-07-08 18:03:36,347][flwr][INFO] - 	                      (10,
[2024-07-08 18:03:36,347][flwr][INFO] - 	                       array([[ 967,    0,    1,    0,    1,    0,    3,    2,    4,    2],
[2024-07-08 18:03:36,347][flwr][INFO] - 	       [   0, 1115,    5,    2,    1,    1,    2,    0,    9,    0],
[2024-07-08 18:03:36,347][flwr][INFO] - 	       [   6,    4,  978,    4,    3,    0,    3,   19,   15,    0],
[2024-07-08 18:03:36,347][flwr][INFO] - 	       [   0,    4,   27,  879,    1,   22,    0,    7,   55,   15],
[2024-07-08 18:03:36,347][flwr][INFO] - 	       [   2,    4,    5,    3,  842,    2,   22,    7,   29,   66],
[2024-07-08 18:03:36,347][flwr][INFO] - 	       [   6,    1,    1,   12,    1,  836,   12,    4,   17,    2],
[2024-07-08 18:03:36,347][flwr][INFO] - 	       [   7,    3,    0,    1,    8,   18,  912,    1,    8,    0],
[2024-07-08 18:03:36,347][flwr][INFO] - 	       [   2,   13,   37,    0,    2,    0,    1,  928,   40,    5],
[2024-07-08 18:03:36,347][flwr][INFO] - 	       [   7,    1,    3,    3,    2,    8,   10,    1,  938,    1],
[2024-07-08 18:03:36,347][flwr][INFO] - 	       [  12,    5,    1,    3,    7,   19,    1,    7,  289,  665]]))],
[2024-07-08 18:03:36,347][flwr][INFO] - 	 'f1': [(0, 0.03553137346181725),
[2024-07-08 18:03:36,347][flwr][INFO] - 	        (1, 0.2989508796402617),
[2024-07-08 18:03:36,347][flwr][INFO] - 	        (2, 0.79396287491288),
[2024-07-08 18:03:36,347][flwr][INFO] - 	        (3, 0.8738097975406459),
[2024-07-08 18:03:36,347][flwr][INFO] - 	        (4, 0.8971212369773875),
[2024-07-08 18:03:36,347][flwr][INFO] - 	        (5, 0.8903077873599626),
[2024-07-08 18:03:36,347][flwr][INFO] - 	        (6, 0.9174209208182467),
[2024-07-08 18:03:36,347][flwr][INFO] - 	        (7, 0.9060225844609154),
[2024-07-08 18:03:36,348][flwr][INFO] - 	        (8, 0.9052363306933532),
[2024-07-08 18:03:36,348][flwr][INFO] - 	        (9, 0.9105266545593755),
[2024-07-08 18:03:36,348][flwr][INFO] - 	        (10, 0.9065016972133333)],
[2024-07-08 18:03:36,348][flwr][INFO] - 	 'precision': [(0, 0.12349967530374152),
[2024-07-08 18:03:36,348][flwr][INFO] - 	               (1, 0.48356482103104137),
[2024-07-08 18:03:36,348][flwr][INFO] - 	               (2, 0.8369498369149188),
[2024-07-08 18:03:36,348][flwr][INFO] - 	               (3, 0.8923765588448664),
[2024-07-08 18:03:36,348][flwr][INFO] - 	               (4, 0.9062423417238333),
[2024-07-08 18:03:36,348][flwr][INFO] - 	               (5, 0.90095470437446),
[2024-07-08 18:03:36,348][flwr][INFO] - 	               (6, 0.9212946055140208),
[2024-07-08 18:03:36,348][flwr][INFO] - 	               (7, 0.9142963112753201),
[2024-07-08 18:03:36,348][flwr][INFO] - 	               (8, 0.9153211199094332),
[2024-07-08 18:03:36,348][flwr][INFO] - 	               (9, 0.9188451614933161),
[2024-07-08 18:03:36,348][flwr][INFO] - 	               (10, 0.9168273770808689)],
[2024-07-08 18:03:36,348][flwr][INFO] - 	 'recall': [(0, 0.1086),
[2024-07-08 18:03:36,348][flwr][INFO] - 	            (1, 0.3465),
[2024-07-08 18:03:36,348][flwr][INFO] - 	            (2, 0.8008),
[2024-07-08 18:03:36,348][flwr][INFO] - 	            (3, 0.8736),
[2024-07-08 18:03:36,348][flwr][INFO] - 	            (4, 0.8964),
[2024-07-08 18:03:36,348][flwr][INFO] - 	            (5, 0.8911),
[2024-07-08 18:03:36,348][flwr][INFO] - 	            (6, 0.9172),
[2024-07-08 18:03:36,348][flwr][INFO] - 	            (7, 0.9052),
[2024-07-08 18:03:36,348][flwr][INFO] - 	            (8, 0.9049),
[2024-07-08 18:03:36,348][flwr][INFO] - 	            (9, 0.9102),
[2024-07-08 18:03:36,348][flwr][INFO] - 	            (10, 0.906)]}
[2024-07-08 18:03:36,348][flwr][INFO] - 
