[2024-07-08 15:02:19,853][flwr][INFO] - Starting Flower simulation, config: num_rounds=10, no round_timeout
[2024-07-08 15:02:22,208][flwr][INFO] - Flower VCE: Ray initialized with resources: {'object_store_memory': 2147483648.0, 'CPU': 12.0, 'node:__internal_head__': 1.0, 'node:127.0.0.1': 1.0, 'memory': 10227068109.0}
[2024-07-08 15:02:22,208][flwr][INFO] - Optimize your simulation with Flower VCE: https://flower.ai/docs/framework/how-to-run-simulations.html
[2024-07-08 15:02:22,208][flwr][INFO] - Flower VCE: Resources for each Virtual Client: {'num_cpus': 2, 'num_gpus': 0}
[2024-07-08 15:02:22,221][flwr][INFO] - Flower VCE: Creating VirtualClientEngineActorPool with 6 actors
[2024-07-08 15:02:22,222][flwr][INFO] - [INIT]
[2024-07-08 15:02:22,222][flwr][INFO] - Requesting initial parameters from one random client
[2024-07-08 15:02:24,427][flwr][INFO] - Received initial parameters from one random client
[2024-07-08 15:02:24,427][flwr][INFO] - Evaluating initial global parameters
[2024-07-08 15:02:24,798][flwr][INFO] - initial parameters (loss, other metrics): 181.76928067207336, {'accuracy': 0.1086, 'precision': 0.12349967530374152, 'recall': 0.1086, 'f1': 0.03553137346181725, 'confusion_matrix': array([[   0,    8,    0,  956,    0,    1,    0,   15,    0,    0],
       [   0,  122,    0, 1013,    0,    0,    0,    0,    0,    0],
       [   0,   38,    0,  971,    0,    0,    3,   19,    1,    0],
       [   0,   44,    0,  945,    1,    1,    0,   17,    2,    0],
       [   0,  143,    0,  816,    1,    0,    2,   20,    0,    0],
       [   0,  118,    0,  735,    1,    7,    0,   30,    1,    0],
       [   0,  144,    0,  749,   25,    0,    2,   38,    0,    0],
       [   0,  272,    0,  724,    8,    0,    0,    9,   15,    0],
       [   0,   81,    0,  859,    1,    0,    1,   32,    0,    0],
       [   0,  178,    0,  799,    1,    0,    0,   31,    0,    0]])}
[2024-07-08 15:02:24,799][flwr][INFO] - 
[2024-07-08 15:02:24,799][flwr][INFO] - [ROUND 1]
[2024-07-08 15:02:24,799][flwr][INFO] - configure_fit: strategy sampled 10 clients (out of 10)
[2024-07-08 15:02:43,819][flwr][INFO] - aggregate_fit: received 10 results and 0 failures
[2024-07-08 15:02:43,829][flwr][WARNING] - No fit_metrics_aggregation_fn provided
[2024-07-08 15:02:44,224][flwr][INFO] - fit progress: (1, 83.17970967292786, {'accuracy': 0.8695, 'precision': 0.8752220335995615, 'recall': 0.8695, 'f1': 0.8649716443746139, 'confusion_matrix': array([[ 927,    0,    8,   11,    0,   15,   15,    4,    0,    0],
       [   0, 1096,   30,    1,    1,    1,    3,    2,    1,    0],
       [   6,    7,  947,   27,   12,    0,   19,    8,    4,    2],
       [   3,    4,   36,  884,    5,   38,    3,   19,    8,   10],
       [   0,    3,    6,    0,  916,    0,   21,    2,    1,   33],
       [  21,    8,    5,   62,   39,  697,   28,   16,    6,   10],
       [   8,    2,   18,    3,    9,    6,  912,    0,    0,    0],
       [   1,   13,   45,    3,   11,    0,    0,  928,    0,   27],
       [   9,   61,   48,  117,   39,   42,   24,   22,  514,   98],
       [   6,    7,    2,   12,   75,    3,    0,   30,    0,  874]])}, 19.425390917)
[2024-07-08 15:02:44,224][flwr][INFO] - configure_evaluate: no clients selected, skipping evaluation
[2024-07-08 15:02:44,224][flwr][INFO] - 
[2024-07-08 15:02:44,224][flwr][INFO] - [ROUND 2]
[2024-07-08 15:02:44,225][flwr][INFO] - configure_fit: strategy sampled 10 clients (out of 10)
[2024-07-08 15:02:58,893][flwr][INFO] - aggregate_fit: received 10 results and 0 failures
[2024-07-08 15:02:59,279][flwr][INFO] - fit progress: (2, 24.545292057096958, {'accuracy': 0.9211, 'precision': 0.9240578225860648, 'recall': 0.9211, 'f1': 0.9210288140359099, 'confusion_matrix': array([[ 963,    0,    0,    1,    0,    3,   10,    1,    2,    0],
       [   0, 1111,    7,    1,    1,    2,    3,    0,   10,    0],
       [   8,    1,  975,    9,   11,    1,   12,    3,   10,    2],
       [   1,    2,   25,  909,    4,   41,    2,    6,   10,   10],
       [   0,    0,    4,    0,  948,    0,   15,    0,    2,   13],
       [   9,    1,    0,   11,    9,  825,   16,    1,   13,    7],
       [   8,    3,    1,    0,   14,   12,  919,    0,    1,    0],
       [   1,    7,   53,   12,   22,    3,    1,  884,    1,   44],
       [   7,    4,   11,   20,   26,   17,   19,    4,  851,   15],
       [   5,    6,    0,    6,  139,   16,    1,    4,    6,  826]])}, 34.480403667)
[2024-07-08 15:02:59,279][flwr][INFO] - configure_evaluate: no clients selected, skipping evaluation
[2024-07-08 15:02:59,279][flwr][INFO] - 
[2024-07-08 15:02:59,279][flwr][INFO] - [ROUND 3]
[2024-07-08 15:02:59,280][flwr][INFO] - configure_fit: strategy sampled 10 clients (out of 10)
[2024-07-08 15:03:13,276][flwr][INFO] - aggregate_fit: received 10 results and 0 failures
[2024-07-08 15:03:13,666][flwr][INFO] - fit progress: (3, 18.049476258456707, {'accuracy': 0.943, 'precision': 0.9437891563691323, 'recall': 0.943, 'f1': 0.9428989749585184, 'confusion_matrix': array([[ 964,    0,    1,    1,    0,    4,    6,    2,    2,    0],
       [   0, 1116,    5,    1,    1,    1,    4,    0,    7,    0],
       [   7,    1,  988,    9,    7,    1,    7,    4,    8,    0],
       [   2,    4,   20,  910,    3,   33,    0,    9,   22,    7],
       [   1,    1,    4,    0,  944,    0,   11,    1,    6,   14],
       [   8,    1,    1,   11,    4,  835,   15,    1,   11,    5],
       [   5,    3,    0,    1,   10,    8,  926,    1,    4,    0],
       [   0,   11,   34,    6,    9,    3,    0,  949,    3,   13],
       [   5,    3,    7,    8,   14,    8,   12,    4,  910,    3],
       [   5,    6,    0,    7,   77,    9,    1,    8,    8,  888]])}, 48.867452)
[2024-07-08 15:03:13,666][flwr][INFO] - configure_evaluate: no clients selected, skipping evaluation
[2024-07-08 15:03:13,666][flwr][INFO] - 
[2024-07-08 15:03:13,666][flwr][INFO] - [ROUND 4]
[2024-07-08 15:03:13,666][flwr][INFO] - configure_fit: strategy sampled 10 clients (out of 10)
[2024-07-08 15:03:28,125][flwr][INFO] - aggregate_fit: received 10 results and 0 failures
[2024-07-08 15:03:28,512][flwr][INFO] - fit progress: (4, 14.664267918094993, {'accuracy': 0.9517, 'precision': 0.9524269483423533, 'recall': 0.9517, 'f1': 0.9517312286829678, 'confusion_matrix': array([[ 956,    1,    1,    0,    0,    7,    4,    3,    6,    2],
       [   0, 1120,    5,    0,    0,    1,    3,    0,    6,    0],
       [   4,    3,  991,    6,    4,    4,    4,    3,   11,    2],
       [   0,    1,   10,  937,    0,   24,    0,    4,   27,    7],
       [   0,    1,    5,    0,  936,    0,    9,    1,    9,   21],
       [   2,    2,    0,   12,    4,  843,    7,    1,   18,    3],
       [   4,    3,    1,    1,    8,   13,  922,    0,    6,    0],
       [   0,   13,   29,   10,    7,    1,    0,  947,    7,   14],
       [   0,    2,    4,    4,    3,    7,    6,    3,  945,    0],
       [   3,    6,    0,    6,   38,   10,    1,    5,   20,  920]])}, 63.714230084)
[2024-07-08 15:03:28,513][flwr][INFO] - configure_evaluate: no clients selected, skipping evaluation
[2024-07-08 15:03:28,513][flwr][INFO] - 
[2024-07-08 15:03:28,513][flwr][INFO] - [ROUND 5]
[2024-07-08 15:03:28,513][flwr][INFO] - configure_fit: strategy sampled 10 clients (out of 10)
[2024-07-08 15:03:41,634][flwr][INFO] - aggregate_fit: received 10 results and 0 failures
[2024-07-08 15:03:42,025][flwr][INFO] - fit progress: (5, 13.274098582565784, {'accuracy': 0.9564, 'precision': 0.957189360503702, 'recall': 0.9564, 'f1': 0.9564586816550403, 'confusion_matrix': array([[ 971,    0,    0,    3,    0,    1,    2,    1,    2,    0],
       [   0, 1119,    4,    1,    0,    1,    2,    0,    8,    0],
       [   6,    1, 1000,    8,    3,    0,    2,    5,    7,    0],
       [   0,    0,   10,  948,    0,   14,    0,    4,   29,    5],
       [   1,    1,    5,    0,  934,    0,    7,    2,   12,   20],
       [   6,    1,    0,   13,    3,  844,    5,    0,   16,    4],
       [  12,    3,    2,    1,   10,   10,  914,    0,    6,    0],
       [   2,    9,   20,    8,    4,    0,    0,  962,   12,   11],
       [   3,    2,    4,    5,    4,    6,    3,    1,  946,    0],
       [   7,    5,    0,    4,   30,    4,    0,    5,   28,  926]])}, 77.227342584)
[2024-07-08 15:03:42,026][flwr][INFO] - configure_evaluate: no clients selected, skipping evaluation
[2024-07-08 15:03:42,026][flwr][INFO] - 
[2024-07-08 15:03:42,026][flwr][INFO] - [ROUND 6]
[2024-07-08 15:03:42,026][flwr][INFO] - configure_fit: strategy sampled 10 clients (out of 10)
[2024-07-08 15:03:56,226][flwr][INFO] - aggregate_fit: received 10 results and 0 failures
[2024-07-08 15:03:56,647][flwr][INFO] - fit progress: (6, 11.98566300375387, {'accuracy': 0.9572, 'precision': 0.9579601123085031, 'recall': 0.9572, 'f1': 0.9572957626336404, 'confusion_matrix': array([[ 964,    0,    0,    3,    0,    2,    5,    1,    5,    0],
       [   0, 1116,    4,    2,    0,    0,    3,    0,   10,    0],
       [   3,    0,  992,   10,    2,    2,    4,    7,   12,    0],
       [   0,    0,    7,  946,    0,   20,    0,    3,   25,    9],
       [   1,    1,    9,    0,  909,    1,    6,    3,    8,   44],
       [   6,    0,    1,   11,    1,  846,    5,    1,   16,    5],
       [   5,    3,    0,    1,    3,   13,  927,    0,    6,    0],
       [   1,    8,   19,    3,    3,    0,    1,  966,    9,   18],
       [   3,    2,    3,    6,    3,    6,    3,    2,  945,    1],
       [   5,    4,    0,    4,    9,    2,    1,    5,   18,  961]])}, 91.849233834)
[2024-07-08 15:03:56,647][flwr][INFO] - configure_evaluate: no clients selected, skipping evaluation
[2024-07-08 15:03:56,647][flwr][INFO] - 
[2024-07-08 15:03:56,647][flwr][INFO] - [ROUND 7]
[2024-07-08 15:03:56,648][flwr][INFO] - configure_fit: strategy sampled 10 clients (out of 10)
[2024-07-08 15:04:11,761][flwr][INFO] - aggregate_fit: received 10 results and 0 failures
[2024-07-08 15:04:12,139][flwr][INFO] - fit progress: (7, 11.819184236228466, {'accuracy': 0.9623, 'precision': 0.9630760329668446, 'recall': 0.9623, 'f1': 0.9623884075968603, 'confusion_matrix': array([[ 972,    1,    1,    1,    0,    0,    1,    1,    3,    0],
       [   0, 1113,    5,    0,    0,    1,    1,    0,   15,    0],
       [   4,    0, 1006,    5,    3,    1,    2,    3,    7,    1],
       [   0,    0,    7,  947,    0,   21,    0,    5,   24,    6],
       [   0,    0,    7,    0,  938,    1,    3,    3,   11,   19],
       [   4,    1,    0,    6,    1,  859,    7,    0,   11,    3],
       [   5,    3,    0,    1,    6,   10,  923,    0,   10,    0],
       [   2,    6,   20,    4,    5,    0,    1,  971,    8,   11],
       [   2,    0,    2,    4,    3,    6,    2,    2,  953,    0],
       [   7,    4,    0,    4,   18,    7,    0,    5,   23,  941]])}, 107.341585042)
[2024-07-08 15:04:12,139][flwr][INFO] - configure_evaluate: no clients selected, skipping evaluation
[2024-07-08 15:04:12,139][flwr][INFO] - 
[2024-07-08 15:04:12,139][flwr][INFO] - [ROUND 8]
[2024-07-08 15:04:12,140][flwr][INFO] - configure_fit: strategy sampled 10 clients (out of 10)
[2024-07-08 15:04:26,365][flwr][INFO] - aggregate_fit: received 10 results and 0 failures
[2024-07-08 15:04:26,769][flwr][INFO] - fit progress: (8, 11.231463650241494, {'accuracy': 0.9629, 'precision': 0.9636227146601375, 'recall': 0.9629, 'f1': 0.9629893274892184, 'confusion_matrix': array([[ 964,    0,    0,    2,    0,    1,    1,    3,    8,    1],
       [   0, 1118,    4,    0,    0,    1,    1,    0,   11,    0],
       [   2,    0, 1006,    6,    4,    2,    2,    4,    6,    0],
       [   0,    2,    8,  959,    0,   14,    0,    6,   19,    2],
       [   1,    0,    3,    0,  943,    1,    6,    0,   10,   18],
       [   2,    1,    0,   11,    1,  850,    7,    0,   17,    3],
       [   6,    3,    0,    1,    7,    5,  928,    0,    8,    0],
       [   1,    8,   24,    3,    5,    0,    2,  965,   10,   10],
       [   1,    0,    3,    3,    3,    4,    5,    2,  953,    0],
       [   5,    5,    0,    5,   15,    6,    0,    6,   24,  943]])}, 121.97156570900002)
[2024-07-08 15:04:26,769][flwr][INFO] - configure_evaluate: no clients selected, skipping evaluation
[2024-07-08 15:04:26,769][flwr][INFO] - 
[2024-07-08 15:04:26,769][flwr][INFO] - [ROUND 9]
[2024-07-08 15:04:26,770][flwr][INFO] - configure_fit: strategy sampled 10 clients (out of 10)
[2024-07-08 15:04:40,494][flwr][INFO] - aggregate_fit: received 10 results and 0 failures
[2024-07-08 15:04:40,846][flwr][INFO] - fit progress: (9, 10.97293027304113, {'accuracy': 0.964, 'precision': 0.9647264603851998, 'recall': 0.964, 'f1': 0.9640942010892013, 'confusion_matrix': array([[ 967,    1,    2,    0,    0,    1,    1,    2,    5,    1],
       [   0, 1120,    4,    0,    0,    1,    1,    0,    9,    0],
       [   3,    0, 1010,    4,    6,    0,    2,    3,    4,    0],
       [   0,    1,    8,  955,    0,   11,    0,    9,   21,    5],
       [   1,    0,    3,    0,  938,    0,    4,    3,   11,   22],
       [   2,    1,    1,   13,    1,  847,    7,    2,   15,    3],
       [   6,    3,    0,    1,    5,    8,  922,    0,   13,    0],
       [   2,   10,   18,    3,    4,    0,    0,  976,    8,    7],
       [   4,    1,    1,    3,    3,    5,    0,    2,  955,    0],
       [   4,    4,    1,    5,    8,    4,    0,    6,   27,  950]])}, 136.048934584)
[2024-07-08 15:04:40,846][flwr][INFO] - configure_evaluate: no clients selected, skipping evaluation
[2024-07-08 15:04:40,846][flwr][INFO] - 
[2024-07-08 15:04:40,846][flwr][INFO] - [ROUND 10]
[2024-07-08 15:04:40,847][flwr][INFO] - configure_fit: strategy sampled 10 clients (out of 10)
[2024-07-08 15:04:55,565][flwr][INFO] - aggregate_fit: received 10 results and 0 failures
[2024-07-08 15:04:55,957][flwr][INFO] - fit progress: (10, 11.032628810498863, {'accuracy': 0.9639, 'precision': 0.9647122914771867, 'recall': 0.9639, 'f1': 0.9640026434836522, 'confusion_matrix': array([[ 963,    1,    2,    1,    0,    0,    4,    2,    4,    3],
       [   0, 1118,    3,    0,    0,    0,    2,    0,   12,    0],
       [   5,    3,  992,    2,    5,    0,    4,   10,   11,    0],
       [   0,    1,    8,  948,    0,   23,    0,    4,   24,    2],
       [   0,    0,    3,    0,  952,    0,    5,    2,    6,   14],
       [   2,    0,    0,    8,    1,  858,    6,    1,   14,    2],
       [   6,    3,    0,    0,    7,   12,  918,    0,   12,    0],
       [   2,    8,   16,    3,    4,    0,    0,  976,   11,    8],
       [   0,    1,    1,    2,    3,    3,    1,    2,  961,    0],
       [   3,    4,    0,    5,   14,    4,    0,    7,   19,  953]])}, 151.16061366699998)
[2024-07-08 15:04:55,958][flwr][INFO] - configure_evaluate: no clients selected, skipping evaluation
[2024-07-08 15:04:55,958][flwr][INFO] - 
[2024-07-08 15:04:55,958][flwr][INFO] - [SUMMARY]
[2024-07-08 15:04:55,958][flwr][INFO] - Run finished 10 round(s) in 151.16s
[2024-07-08 15:04:55,962][flwr][INFO] - 	History (loss, centralized):
[2024-07-08 15:04:55,963][flwr][INFO] - 		round 0: 181.76928067207336
[2024-07-08 15:04:55,963][flwr][INFO] - 		round 1: 83.17970967292786
[2024-07-08 15:04:55,963][flwr][INFO] - 		round 2: 24.545292057096958
[2024-07-08 15:04:55,963][flwr][INFO] - 		round 3: 18.049476258456707
[2024-07-08 15:04:55,963][flwr][INFO] - 		round 4: 14.664267918094993
[2024-07-08 15:04:55,963][flwr][INFO] - 		round 5: 13.274098582565784
[2024-07-08 15:04:55,963][flwr][INFO] - 		round 6: 11.98566300375387
[2024-07-08 15:04:55,963][flwr][INFO] - 		round 7: 11.819184236228466
[2024-07-08 15:04:55,963][flwr][INFO] - 		round 8: 11.231463650241494
[2024-07-08 15:04:55,963][flwr][INFO] - 		round 9: 10.97293027304113
[2024-07-08 15:04:55,963][flwr][INFO] - 		round 10: 11.032628810498863
[2024-07-08 15:04:55,963][flwr][INFO] - 	History (metrics, centralized):
[2024-07-08 15:04:55,963][flwr][INFO] - 	{'accuracy': [(0, 0.1086),
[2024-07-08 15:04:55,963][flwr][INFO] - 	              (1, 0.8695),
[2024-07-08 15:04:55,963][flwr][INFO] - 	              (2, 0.9211),
[2024-07-08 15:04:55,963][flwr][INFO] - 	              (3, 0.943),
[2024-07-08 15:04:55,963][flwr][INFO] - 	              (4, 0.9517),
[2024-07-08 15:04:55,963][flwr][INFO] - 	              (5, 0.9564),
[2024-07-08 15:04:55,964][flwr][INFO] - 	              (6, 0.9572),
[2024-07-08 15:04:55,964][flwr][INFO] - 	              (7, 0.9623),
[2024-07-08 15:04:55,964][flwr][INFO] - 	              (8, 0.9629),
[2024-07-08 15:04:55,964][flwr][INFO] - 	              (9, 0.964),
[2024-07-08 15:04:55,964][flwr][INFO] - 	              (10, 0.9639)],
[2024-07-08 15:04:55,964][flwr][INFO] - 	 'confusion_matrix': [(0,
[2024-07-08 15:04:55,964][flwr][INFO] - 	                       array([[   0,    8,    0,  956,    0,    1,    0,   15,    0,    0],
[2024-07-08 15:04:55,964][flwr][INFO] - 	       [   0,  122,    0, 1013,    0,    0,    0,    0,    0,    0],
[2024-07-08 15:04:55,964][flwr][INFO] - 	       [   0,   38,    0,  971,    0,    0,    3,   19,    1,    0],
[2024-07-08 15:04:55,964][flwr][INFO] - 	       [   0,   44,    0,  945,    1,    1,    0,   17,    2,    0],
[2024-07-08 15:04:55,964][flwr][INFO] - 	       [   0,  143,    0,  816,    1,    0,    2,   20,    0,    0],
[2024-07-08 15:04:55,964][flwr][INFO] - 	       [   0,  118,    0,  735,    1,    7,    0,   30,    1,    0],
[2024-07-08 15:04:55,964][flwr][INFO] - 	       [   0,  144,    0,  749,   25,    0,    2,   38,    0,    0],
[2024-07-08 15:04:55,964][flwr][INFO] - 	       [   0,  272,    0,  724,    8,    0,    0,    9,   15,    0],
[2024-07-08 15:04:55,964][flwr][INFO] - 	       [   0,   81,    0,  859,    1,    0,    1,   32,    0,    0],
[2024-07-08 15:04:55,964][flwr][INFO] - 	       [   0,  178,    0,  799,    1,    0,    0,   31,    0,    0]])),
[2024-07-08 15:04:55,964][flwr][INFO] - 	                      (1,
[2024-07-08 15:04:55,964][flwr][INFO] - 	                       array([[ 927,    0,    8,   11,    0,   15,   15,    4,    0,    0],
[2024-07-08 15:04:55,964][flwr][INFO] - 	       [   0, 1096,   30,    1,    1,    1,    3,    2,    1,    0],
[2024-07-08 15:04:55,964][flwr][INFO] - 	       [   6,    7,  947,   27,   12,    0,   19,    8,    4,    2],
[2024-07-08 15:04:55,964][flwr][INFO] - 	       [   3,    4,   36,  884,    5,   38,    3,   19,    8,   10],
[2024-07-08 15:04:55,964][flwr][INFO] - 	       [   0,    3,    6,    0,  916,    0,   21,    2,    1,   33],
[2024-07-08 15:04:55,964][flwr][INFO] - 	       [  21,    8,    5,   62,   39,  697,   28,   16,    6,   10],
[2024-07-08 15:04:55,964][flwr][INFO] - 	       [   8,    2,   18,    3,    9,    6,  912,    0,    0,    0],
[2024-07-08 15:04:55,964][flwr][INFO] - 	       [   1,   13,   45,    3,   11,    0,    0,  928,    0,   27],
[2024-07-08 15:04:55,964][flwr][INFO] - 	       [   9,   61,   48,  117,   39,   42,   24,   22,  514,   98],
[2024-07-08 15:04:55,964][flwr][INFO] - 	       [   6,    7,    2,   12,   75,    3,    0,   30,    0,  874]])),
[2024-07-08 15:04:55,964][flwr][INFO] - 	                      (2,
[2024-07-08 15:04:55,964][flwr][INFO] - 	                       array([[ 963,    0,    0,    1,    0,    3,   10,    1,    2,    0],
[2024-07-08 15:04:55,964][flwr][INFO] - 	       [   0, 1111,    7,    1,    1,    2,    3,    0,   10,    0],
[2024-07-08 15:04:55,964][flwr][INFO] - 	       [   8,    1,  975,    9,   11,    1,   12,    3,   10,    2],
[2024-07-08 15:04:55,964][flwr][INFO] - 	       [   1,    2,   25,  909,    4,   41,    2,    6,   10,   10],
[2024-07-08 15:04:55,964][flwr][INFO] - 	       [   0,    0,    4,    0,  948,    0,   15,    0,    2,   13],
[2024-07-08 15:04:55,964][flwr][INFO] - 	       [   9,    1,    0,   11,    9,  825,   16,    1,   13,    7],
[2024-07-08 15:04:55,964][flwr][INFO] - 	       [   8,    3,    1,    0,   14,   12,  919,    0,    1,    0],
[2024-07-08 15:04:55,964][flwr][INFO] - 	       [   1,    7,   53,   12,   22,    3,    1,  884,    1,   44],
[2024-07-08 15:04:55,964][flwr][INFO] - 	       [   7,    4,   11,   20,   26,   17,   19,    4,  851,   15],
[2024-07-08 15:04:55,964][flwr][INFO] - 	       [   5,    6,    0,    6,  139,   16,    1,    4,    6,  826]])),
[2024-07-08 15:04:55,964][flwr][INFO] - 	                      (3,
[2024-07-08 15:04:55,964][flwr][INFO] - 	                       array([[ 964,    0,    1,    1,    0,    4,    6,    2,    2,    0],
[2024-07-08 15:04:55,964][flwr][INFO] - 	       [   0, 1116,    5,    1,    1,    1,    4,    0,    7,    0],
[2024-07-08 15:04:55,964][flwr][INFO] - 	       [   7,    1,  988,    9,    7,    1,    7,    4,    8,    0],
[2024-07-08 15:04:55,964][flwr][INFO] - 	       [   2,    4,   20,  910,    3,   33,    0,    9,   22,    7],
[2024-07-08 15:04:55,964][flwr][INFO] - 	       [   1,    1,    4,    0,  944,    0,   11,    1,    6,   14],
[2024-07-08 15:04:55,964][flwr][INFO] - 	       [   8,    1,    1,   11,    4,  835,   15,    1,   11,    5],
[2024-07-08 15:04:55,964][flwr][INFO] - 	       [   5,    3,    0,    1,   10,    8,  926,    1,    4,    0],
[2024-07-08 15:04:55,964][flwr][INFO] - 	       [   0,   11,   34,    6,    9,    3,    0,  949,    3,   13],
[2024-07-08 15:04:55,964][flwr][INFO] - 	       [   5,    3,    7,    8,   14,    8,   12,    4,  910,    3],
[2024-07-08 15:04:55,964][flwr][INFO] - 	       [   5,    6,    0,    7,   77,    9,    1,    8,    8,  888]])),
[2024-07-08 15:04:55,964][flwr][INFO] - 	                      (4,
[2024-07-08 15:04:55,964][flwr][INFO] - 	                       array([[ 956,    1,    1,    0,    0,    7,    4,    3,    6,    2],
[2024-07-08 15:04:55,964][flwr][INFO] - 	       [   0, 1120,    5,    0,    0,    1,    3,    0,    6,    0],
[2024-07-08 15:04:55,964][flwr][INFO] - 	       [   4,    3,  991,    6,    4,    4,    4,    3,   11,    2],
[2024-07-08 15:04:55,964][flwr][INFO] - 	       [   0,    1,   10,  937,    0,   24,    0,    4,   27,    7],
[2024-07-08 15:04:55,964][flwr][INFO] - 	       [   0,    1,    5,    0,  936,    0,    9,    1,    9,   21],
[2024-07-08 15:04:55,965][flwr][INFO] - 	       [   2,    2,    0,   12,    4,  843,    7,    1,   18,    3],
[2024-07-08 15:04:55,965][flwr][INFO] - 	       [   4,    3,    1,    1,    8,   13,  922,    0,    6,    0],
[2024-07-08 15:04:55,965][flwr][INFO] - 	       [   0,   13,   29,   10,    7,    1,    0,  947,    7,   14],
[2024-07-08 15:04:55,965][flwr][INFO] - 	       [   0,    2,    4,    4,    3,    7,    6,    3,  945,    0],
[2024-07-08 15:04:55,965][flwr][INFO] - 	       [   3,    6,    0,    6,   38,   10,    1,    5,   20,  920]])),
[2024-07-08 15:04:55,965][flwr][INFO] - 	                      (5,
[2024-07-08 15:04:55,965][flwr][INFO] - 	                       array([[ 971,    0,    0,    3,    0,    1,    2,    1,    2,    0],
[2024-07-08 15:04:55,965][flwr][INFO] - 	       [   0, 1119,    4,    1,    0,    1,    2,    0,    8,    0],
[2024-07-08 15:04:55,965][flwr][INFO] - 	       [   6,    1, 1000,    8,    3,    0,    2,    5,    7,    0],
[2024-07-08 15:04:55,965][flwr][INFO] - 	       [   0,    0,   10,  948,    0,   14,    0,    4,   29,    5],
[2024-07-08 15:04:55,965][flwr][INFO] - 	       [   1,    1,    5,    0,  934,    0,    7,    2,   12,   20],
[2024-07-08 15:04:55,965][flwr][INFO] - 	       [   6,    1,    0,   13,    3,  844,    5,    0,   16,    4],
[2024-07-08 15:04:55,965][flwr][INFO] - 	       [  12,    3,    2,    1,   10,   10,  914,    0,    6,    0],
[2024-07-08 15:04:55,965][flwr][INFO] - 	       [   2,    9,   20,    8,    4,    0,    0,  962,   12,   11],
[2024-07-08 15:04:55,965][flwr][INFO] - 	       [   3,    2,    4,    5,    4,    6,    3,    1,  946,    0],
[2024-07-08 15:04:55,965][flwr][INFO] - 	       [   7,    5,    0,    4,   30,    4,    0,    5,   28,  926]])),
[2024-07-08 15:04:55,965][flwr][INFO] - 	                      (6,
[2024-07-08 15:04:55,965][flwr][INFO] - 	                       array([[ 964,    0,    0,    3,    0,    2,    5,    1,    5,    0],
[2024-07-08 15:04:55,965][flwr][INFO] - 	       [   0, 1116,    4,    2,    0,    0,    3,    0,   10,    0],
[2024-07-08 15:04:55,965][flwr][INFO] - 	       [   3,    0,  992,   10,    2,    2,    4,    7,   12,    0],
[2024-07-08 15:04:55,965][flwr][INFO] - 	       [   0,    0,    7,  946,    0,   20,    0,    3,   25,    9],
[2024-07-08 15:04:55,965][flwr][INFO] - 	       [   1,    1,    9,    0,  909,    1,    6,    3,    8,   44],
[2024-07-08 15:04:55,965][flwr][INFO] - 	       [   6,    0,    1,   11,    1,  846,    5,    1,   16,    5],
[2024-07-08 15:04:55,965][flwr][INFO] - 	       [   5,    3,    0,    1,    3,   13,  927,    0,    6,    0],
[2024-07-08 15:04:55,965][flwr][INFO] - 	       [   1,    8,   19,    3,    3,    0,    1,  966,    9,   18],
[2024-07-08 15:04:55,965][flwr][INFO] - 	       [   3,    2,    3,    6,    3,    6,    3,    2,  945,    1],
[2024-07-08 15:04:55,965][flwr][INFO] - 	       [   5,    4,    0,    4,    9,    2,    1,    5,   18,  961]])),
[2024-07-08 15:04:55,965][flwr][INFO] - 	                      (7,
[2024-07-08 15:04:55,965][flwr][INFO] - 	                       array([[ 972,    1,    1,    1,    0,    0,    1,    1,    3,    0],
[2024-07-08 15:04:55,965][flwr][INFO] - 	       [   0, 1113,    5,    0,    0,    1,    1,    0,   15,    0],
[2024-07-08 15:04:55,965][flwr][INFO] - 	       [   4,    0, 1006,    5,    3,    1,    2,    3,    7,    1],
[2024-07-08 15:04:55,965][flwr][INFO] - 	       [   0,    0,    7,  947,    0,   21,    0,    5,   24,    6],
[2024-07-08 15:04:55,965][flwr][INFO] - 	       [   0,    0,    7,    0,  938,    1,    3,    3,   11,   19],
[2024-07-08 15:04:55,965][flwr][INFO] - 	       [   4,    1,    0,    6,    1,  859,    7,    0,   11,    3],
[2024-07-08 15:04:55,965][flwr][INFO] - 	       [   5,    3,    0,    1,    6,   10,  923,    0,   10,    0],
[2024-07-08 15:04:55,965][flwr][INFO] - 	       [   2,    6,   20,    4,    5,    0,    1,  971,    8,   11],
[2024-07-08 15:04:55,965][flwr][INFO] - 	       [   2,    0,    2,    4,    3,    6,    2,    2,  953,    0],
[2024-07-08 15:04:55,965][flwr][INFO] - 	       [   7,    4,    0,    4,   18,    7,    0,    5,   23,  941]])),
[2024-07-08 15:04:55,965][flwr][INFO] - 	                      (8,
[2024-07-08 15:04:55,965][flwr][INFO] - 	                       array([[ 964,    0,    0,    2,    0,    1,    1,    3,    8,    1],
[2024-07-08 15:04:55,965][flwr][INFO] - 	       [   0, 1118,    4,    0,    0,    1,    1,    0,   11,    0],
[2024-07-08 15:04:55,965][flwr][INFO] - 	       [   2,    0, 1006,    6,    4,    2,    2,    4,    6,    0],
[2024-07-08 15:04:55,965][flwr][INFO] - 	       [   0,    2,    8,  959,    0,   14,    0,    6,   19,    2],
[2024-07-08 15:04:55,965][flwr][INFO] - 	       [   1,    0,    3,    0,  943,    1,    6,    0,   10,   18],
[2024-07-08 15:04:55,965][flwr][INFO] - 	       [   2,    1,    0,   11,    1,  850,    7,    0,   17,    3],
[2024-07-08 15:04:55,965][flwr][INFO] - 	       [   6,    3,    0,    1,    7,    5,  928,    0,    8,    0],
[2024-07-08 15:04:55,965][flwr][INFO] - 	       [   1,    8,   24,    3,    5,    0,    2,  965,   10,   10],
[2024-07-08 15:04:55,965][flwr][INFO] - 	       [   1,    0,    3,    3,    3,    4,    5,    2,  953,    0],
[2024-07-08 15:04:55,965][flwr][INFO] - 	       [   5,    5,    0,    5,   15,    6,    0,    6,   24,  943]])),
[2024-07-08 15:04:55,965][flwr][INFO] - 	                      (9,
[2024-07-08 15:04:55,965][flwr][INFO] - 	                       array([[ 967,    1,    2,    0,    0,    1,    1,    2,    5,    1],
[2024-07-08 15:04:55,965][flwr][INFO] - 	       [   0, 1120,    4,    0,    0,    1,    1,    0,    9,    0],
[2024-07-08 15:04:55,965][flwr][INFO] - 	       [   3,    0, 1010,    4,    6,    0,    2,    3,    4,    0],
[2024-07-08 15:04:55,965][flwr][INFO] - 	       [   0,    1,    8,  955,    0,   11,    0,    9,   21,    5],
[2024-07-08 15:04:55,965][flwr][INFO] - 	       [   1,    0,    3,    0,  938,    0,    4,    3,   11,   22],
[2024-07-08 15:04:55,966][flwr][INFO] - 	       [   2,    1,    1,   13,    1,  847,    7,    2,   15,    3],
[2024-07-08 15:04:55,966][flwr][INFO] - 	       [   6,    3,    0,    1,    5,    8,  922,    0,   13,    0],
[2024-07-08 15:04:55,966][flwr][INFO] - 	       [   2,   10,   18,    3,    4,    0,    0,  976,    8,    7],
[2024-07-08 15:04:55,966][flwr][INFO] - 	       [   4,    1,    1,    3,    3,    5,    0,    2,  955,    0],
[2024-07-08 15:04:55,966][flwr][INFO] - 	       [   4,    4,    1,    5,    8,    4,    0,    6,   27,  950]])),
[2024-07-08 15:04:55,966][flwr][INFO] - 	                      (10,
[2024-07-08 15:04:55,966][flwr][INFO] - 	                       array([[ 963,    1,    2,    1,    0,    0,    4,    2,    4,    3],
[2024-07-08 15:04:55,966][flwr][INFO] - 	       [   0, 1118,    3,    0,    0,    0,    2,    0,   12,    0],
[2024-07-08 15:04:55,966][flwr][INFO] - 	       [   5,    3,  992,    2,    5,    0,    4,   10,   11,    0],
[2024-07-08 15:04:55,966][flwr][INFO] - 	       [   0,    1,    8,  948,    0,   23,    0,    4,   24,    2],
[2024-07-08 15:04:55,966][flwr][INFO] - 	       [   0,    0,    3,    0,  952,    0,    5,    2,    6,   14],
[2024-07-08 15:04:55,966][flwr][INFO] - 	       [   2,    0,    0,    8,    1,  858,    6,    1,   14,    2],
[2024-07-08 15:04:55,966][flwr][INFO] - 	       [   6,    3,    0,    0,    7,   12,  918,    0,   12,    0],
[2024-07-08 15:04:55,966][flwr][INFO] - 	       [   2,    8,   16,    3,    4,    0,    0,  976,   11,    8],
[2024-07-08 15:04:55,966][flwr][INFO] - 	       [   0,    1,    1,    2,    3,    3,    1,    2,  961,    0],
[2024-07-08 15:04:55,966][flwr][INFO] - 	       [   3,    4,    0,    5,   14,    4,    0,    7,   19,  953]]))],
[2024-07-08 15:04:55,966][flwr][INFO] - 	 'f1': [(0, 0.03553137346181725),
[2024-07-08 15:04:55,966][flwr][INFO] - 	        (1, 0.8649716443746139),
[2024-07-08 15:04:55,966][flwr][INFO] - 	        (2, 0.9210288140359099),
[2024-07-08 15:04:55,966][flwr][INFO] - 	        (3, 0.9428989749585184),
[2024-07-08 15:04:55,966][flwr][INFO] - 	        (4, 0.9517312286829678),
[2024-07-08 15:04:55,966][flwr][INFO] - 	        (5, 0.9564586816550403),
[2024-07-08 15:04:55,966][flwr][INFO] - 	        (6, 0.9572957626336404),
[2024-07-08 15:04:55,966][flwr][INFO] - 	        (7, 0.9623884075968603),
[2024-07-08 15:04:55,966][flwr][INFO] - 	        (8, 0.9629893274892184),
[2024-07-08 15:04:55,966][flwr][INFO] - 	        (9, 0.9640942010892013),
[2024-07-08 15:04:55,966][flwr][INFO] - 	        (10, 0.9640026434836522)],
[2024-07-08 15:04:55,966][flwr][INFO] - 	 'precision': [(0, 0.12349967530374152),
[2024-07-08 15:04:55,966][flwr][INFO] - 	               (1, 0.8752220335995615),
[2024-07-08 15:04:55,966][flwr][INFO] - 	               (2, 0.9240578225860648),
[2024-07-08 15:04:55,966][flwr][INFO] - 	               (3, 0.9437891563691323),
[2024-07-08 15:04:55,966][flwr][INFO] - 	               (4, 0.9524269483423533),
[2024-07-08 15:04:55,966][flwr][INFO] - 	               (5, 0.957189360503702),
[2024-07-08 15:04:55,966][flwr][INFO] - 	               (6, 0.9579601123085031),
[2024-07-08 15:04:55,966][flwr][INFO] - 	               (7, 0.9630760329668446),
[2024-07-08 15:04:55,966][flwr][INFO] - 	               (8, 0.9636227146601375),
[2024-07-08 15:04:55,966][flwr][INFO] - 	               (9, 0.9647264603851998),
[2024-07-08 15:04:55,966][flwr][INFO] - 	               (10, 0.9647122914771867)],
[2024-07-08 15:04:55,966][flwr][INFO] - 	 'recall': [(0, 0.1086),
[2024-07-08 15:04:55,966][flwr][INFO] - 	            (1, 0.8695),
[2024-07-08 15:04:55,966][flwr][INFO] - 	            (2, 0.9211),
[2024-07-08 15:04:55,966][flwr][INFO] - 	            (3, 0.943),
[2024-07-08 15:04:55,966][flwr][INFO] - 	            (4, 0.9517),
[2024-07-08 15:04:55,966][flwr][INFO] - 	            (5, 0.9564),
[2024-07-08 15:04:55,966][flwr][INFO] - 	            (6, 0.9572),
[2024-07-08 15:04:55,966][flwr][INFO] - 	            (7, 0.9623),
[2024-07-08 15:04:55,966][flwr][INFO] - 	            (8, 0.9629),
[2024-07-08 15:04:55,966][flwr][INFO] - 	            (9, 0.964),
[2024-07-08 15:04:55,966][flwr][INFO] - 	            (10, 0.9639)]}
[2024-07-08 15:04:55,966][flwr][INFO] - 
