[2024-06-20 17:03:22,221][flwr][INFO] - Starting Flower simulation, config: num_rounds=10, no round_timeout
[2024-06-20 17:03:23,258][flwr][INFO] - Flower VCE: Ray initialized with resources: {'CPU': 12.0, 'object_store_memory': 2147483648.0, 'node:127.0.0.1': 1.0, 'node:__internal_head__': 1.0, 'memory': 10078933812.0}
[2024-06-20 17:03:23,258][flwr][INFO] - Optimize your simulation with Flower VCE: https://flower.ai/docs/framework/how-to-run-simulations.html
[2024-06-20 17:03:23,258][flwr][INFO] - Flower VCE: Resources for each Virtual Client: {'num_cpus': 2, 'num_gpus': 0}
[2024-06-20 17:03:23,265][flwr][INFO] - Flower VCE: Creating VirtualClientEngineActorPool with 6 actors
[2024-06-20 17:03:23,265][flwr][INFO] - [INIT]
[2024-06-20 17:03:23,265][flwr][INFO] - Requesting initial parameters from one random client
[2024-06-20 17:03:25,157][flwr][INFO] - Received initial parameters from one random client
[2024-06-20 17:03:25,157][flwr][INFO] - Evaluating initial global parameters
[2024-06-20 17:03:25,588][flwr][INFO] - initial parameters (loss, other metrics): 181.76928067207336, {'accuracy': 0.1086, 'precision': 0.12349967530374152, 'recall': 0.1086, 'f1': 0.03553137346181725, 'confusion_matrix': array([[   0,    8,    0,  956,    0,    1,    0,   15,    0,    0],
       [   0,  122,    0, 1013,    0,    0,    0,    0,    0,    0],
       [   0,   38,    0,  971,    0,    0,    3,   19,    1,    0],
       [   0,   44,    0,  945,    1,    1,    0,   17,    2,    0],
       [   0,  143,    0,  816,    1,    0,    2,   20,    0,    0],
       [   0,  118,    0,  735,    1,    7,    0,   30,    1,    0],
       [   0,  144,    0,  749,   25,    0,    2,   38,    0,    0],
       [   0,  272,    0,  724,    8,    0,    0,    9,   15,    0],
       [   0,   81,    0,  859,    1,    0,    1,   32,    0,    0],
       [   0,  178,    0,  799,    1,    0,    0,   31,    0,    0]])}
[2024-06-20 17:03:25,588][flwr][INFO] - 
[2024-06-20 17:03:25,588][flwr][INFO] - [ROUND 1]
[2024-06-20 17:03:25,589][flwr][INFO] - configure_fit: strategy sampled 10 clients (out of 100)
[2024-06-20 17:03:32,485][flwr][INFO] - aggregate_fit: received 10 results and 0 failures
[2024-06-20 17:03:32,495][flwr][WARNING] - No fit_metrics_aggregation_fn provided
[2024-06-20 17:03:32,931][flwr][INFO] - fit progress: (1, 62.975776851177216, {'accuracy': 0.7859, 'precision': 0.8003926072925018, 'recall': 0.7859, 'f1': 0.7762675755051898, 'confusion_matrix': array([[ 933,    0,    5,    4,    0,    2,   28,    4,    4,    0],
       [   0, 1111,    6,    5,    0,    0,    3,    1,    9,    0],
       [  31,   15,  831,   68,    7,    0,   47,   22,    9,    2],
       [  25,   14,   52,  844,    0,    9,    9,   32,   20,    5],
       [   0,   11,    6,    0,  785,    0,   53,   14,    4,  109],
       [  67,   40,   18,  171,   50,  412,   64,   45,   25,    0],
       [  19,   10,    3,    1,    8,    7,  908,    1,    1,    0],
       [   3,   25,   29,    5,    6,    0,    0,  950,    2,    8],
       [  27,   44,   46,  148,   24,   11,   29,   37,  568,   40],
       [  19,   13,    5,   10,  100,    1,    5,  329,   10,  517]])}, 7.342235334)
[2024-06-20 17:03:32,931][flwr][INFO] - configure_evaluate: no clients selected, skipping evaluation
[2024-06-20 17:03:32,931][flwr][INFO] - 
[2024-06-20 17:03:32,931][flwr][INFO] - [ROUND 2]
[2024-06-20 17:03:32,932][flwr][INFO] - configure_fit: strategy sampled 10 clients (out of 100)
[2024-06-20 17:03:38,041][flwr][INFO] - aggregate_fit: received 10 results and 0 failures
[2024-06-20 17:03:38,476][flwr][INFO] - fit progress: (2, 32.599581480026245, {'accuracy': 0.8841, 'precision': 0.8844800015067045, 'recall': 0.8841, 'f1': 0.8832751879297517, 'confusion_matrix': array([[ 950,    0,    2,    7,    0,    7,    8,    1,    5,    0],
       [   0, 1109,    1,    4,    0,    1,    3,    0,   17,    0],
       [  10,   13,  864,   55,   10,    1,   33,   12,   29,    5],
       [   4,    7,   20,  914,    0,   20,    1,   19,   21,    4],
       [   0,   11,    4,    0,  874,    2,   27,    1,   14,   49],
       [  18,   13,    9,   83,   14,  696,   17,   14,   24,    4],
       [  24,    8,    3,    0,    6,   22,  893,    1,    1,    0],
       [   2,   22,   33,    5,    8,    0,    0,  919,    5,   34],
       [   8,   20,   13,   51,    6,   42,   17,    7,  792,   18],
       [  14,   12,    4,   12,   68,    8,    2,   40,   19,  830]])}, 12.888226292)
[2024-06-20 17:03:38,477][flwr][INFO] - configure_evaluate: no clients selected, skipping evaluation
[2024-06-20 17:03:38,477][flwr][INFO] - 
[2024-06-20 17:03:38,477][flwr][INFO] - [ROUND 3]
[2024-06-20 17:03:38,477][flwr][INFO] - configure_fit: strategy sampled 10 clients (out of 100)
[2024-06-20 17:03:43,596][flwr][INFO] - aggregate_fit: received 10 results and 0 failures
[2024-06-20 17:03:44,262][flwr][INFO] - fit progress: (3, 27.6642771884799, {'accuracy': 0.9027, 'precision': 0.902917013098443, 'recall': 0.9027, 'f1': 0.9024973377732569, 'confusion_matrix': array([[ 957,    0,    0,    3,    0,    7,    8,    1,    4,    0],
       [   0, 1100,    3,    2,    0,    0,    3,    0,   26,    1],
       [   9,    7,  875,   36,   17,    1,   22,   12,   49,    4],
       [   3,    2,   20,  876,    0,   45,    1,   21,   35,    7],
       [   0,    2,    5,    0,  903,    3,   16,    1,    9,   43],
       [  13,    3,    6,   37,   15,  760,   15,    9,   28,    6],
       [  19,    3,    5,    0,   13,   17,  895,    2,    4,    0],
       [   1,   16,   33,    5,    6,    0,    0,  929,    4,   34],
       [   5,    5,    3,   16,   12,   35,   12,    6,  859,   21],
       [  12,    6,    5,    7,   56,   10,    1,   30,    9,  873]])}, 18.673789458999998)
[2024-06-20 17:03:44,263][flwr][INFO] - configure_evaluate: no clients selected, skipping evaluation
[2024-06-20 17:03:44,263][flwr][INFO] - 
[2024-06-20 17:03:44,263][flwr][INFO] - [ROUND 4]
[2024-06-20 17:03:44,263][flwr][INFO] - configure_fit: strategy sampled 10 clients (out of 100)
[2024-06-20 17:03:49,821][flwr][INFO] - aggregate_fit: received 10 results and 0 failures
[2024-06-20 17:03:50,256][flwr][INFO] - fit progress: (4, 24.612880516797304, {'accuracy': 0.9086, 'precision': 0.9089822868201191, 'recall': 0.9086, 'f1': 0.9084734301228374, 'confusion_matrix': array([[ 956,    0,    0,    1,    0,    8,   11,    1,    3,    0],
       [   0, 1101,    5,    4,    1,    1,    3,    2,   18,    0],
       [  15,    2,  902,   31,   19,    1,   18,   13,   25,    6],
       [   3,    2,   17,  905,    1,   36,    1,   19,   17,    9],
       [   0,    1,    5,    0,  878,    0,   16,    0,    4,   78],
       [  11,    2,    7,   37,   17,  769,   13,    8,   19,    9],
       [  13,    3,    3,    0,   15,   15,  906,    1,    2,    0],
       [   2,    7,   23,    5,    8,    0,    0,  942,    3,   38],
       [   9,    4,   10,   31,   17,   49,   12,    6,  815,   21],
       [   9,    6,    1,    7,   35,   13,    3,   17,    6,  912]])}, 24.668183667)
[2024-06-20 17:03:50,257][flwr][INFO] - configure_evaluate: no clients selected, skipping evaluation
[2024-06-20 17:03:50,257][flwr][INFO] - 
[2024-06-20 17:03:50,257][flwr][INFO] - [ROUND 5]
[2024-06-20 17:03:50,257][flwr][INFO] - configure_fit: strategy sampled 10 clients (out of 100)
[2024-06-20 17:06:51,322][flwr][INFO] - aggregate_fit: received 10 results and 0 failures
[2024-06-20 17:06:51,780][flwr][INFO] - fit progress: (5, 22.64296899549663, {'accuracy': 0.9139, 'precision': 0.914889962928221, 'recall': 0.9139, 'f1': 0.9137333328215785, 'confusion_matrix': array([[ 967,    0,    1,    1,    0,    5,    3,    1,    2,    0],
       [   0, 1111,    3,    4,    0,    2,    3,    2,   10,    0],
       [  15,    9,  911,   26,    9,    1,   13,   19,   21,    8],
       [   4,    3,   14,  912,    0,   28,    2,   26,   15,    6],
       [   1,    2,    6,    0,  855,    1,   12,    1,    3,  101],
       [  10,    2,    5,   27,    6,  785,   10,   13,   20,   14],
       [  25,    4,    6,    0,   17,   18,  886,    1,    1,    0],
       [   1,    9,   20,    7,    5,    0,    0,  963,    0,   23],
       [   9,    8,    6,   28,    7,   34,   13,   12,  826,   31],
       [  13,    5,    1,    8,   14,   10,    1,   31,    3,  923]])}, 31.581765167)
[2024-06-20 17:06:51,780][flwr][INFO] - configure_evaluate: no clients selected, skipping evaluation
[2024-06-20 17:06:51,780][flwr][INFO] - 
[2024-06-20 17:06:51,780][flwr][INFO] - [ROUND 6]
[2024-06-20 17:06:51,781][flwr][INFO] - configure_fit: strategy sampled 10 clients (out of 100)
[2024-06-20 17:06:58,145][flwr][INFO] - aggregate_fit: received 10 results and 0 failures
[2024-06-20 17:06:58,603][flwr][INFO] - fit progress: (6, 20.26467270217836, {'accuracy': 0.9237, 'precision': 0.9246130368083024, 'recall': 0.9237, 'f1': 0.9239439370298225, 'confusion_matrix': array([[ 945,    0,    5,    2,    1,   16,    6,    1,    4,    0],
       [   0, 1089,    6,    3,    1,    1,    3,    1,   30,    1],
       [   4,    1,  955,   10,   17,    5,    6,    7,   25,    2],
       [   3,    1,   34,  900,    0,   26,    0,   15,   24,    7],
       [   1,    1,    7,    0,  908,    1,   10,    1,    3,   50],
       [   4,    1,    9,   24,    9,  803,    5,    5,   25,    7],
       [  11,    2,    4,    0,   16,   18,  902,    1,    4,    0],
       [   1,    8,   33,    3,    7,    1,    0,  936,    0,   39],
       [   4,    2,    8,   17,    9,   28,    6,    3,  885,   12],
       [   6,    4,    2,    7,   38,   16,    1,   10,   11,  914]])}, 38.405011875)
[2024-06-20 17:06:58,604][flwr][INFO] - configure_evaluate: no clients selected, skipping evaluation
[2024-06-20 17:06:58,604][flwr][INFO] - 
[2024-06-20 17:06:58,604][flwr][INFO] - [ROUND 7]
[2024-06-20 17:06:58,604][flwr][INFO] - configure_fit: strategy sampled 10 clients (out of 100)
[2024-06-20 17:07:03,785][flwr][INFO] - aggregate_fit: received 10 results and 0 failures
[2024-06-20 17:07:04,220][flwr][INFO] - fit progress: (7, 19.285431440919638, {'accuracy': 0.9273, 'precision': 0.9282458801812771, 'recall': 0.9273, 'f1': 0.9272846885967762, 'confusion_matrix': array([[ 964,    0,    0,    2,    1,    3,    4,    1,    5,    0],
       [   0, 1114,    4,    2,    1,    1,    3,    0,    9,    1],
       [  11,    3,  935,   18,   14,    0,   12,   14,   21,    4],
       [   3,    1,   14,  933,    1,   16,    2,   16,   14,   10],
       [   1,    1,    5,    0,  896,    0,   15,    0,    2,   62],
       [  11,    1,    3,   30,    5,  790,   15,    7,   19,   11],
       [  17,    3,    1,    1,   10,   12,  913,    1,    0,    0],
       [   3,    9,   21,    8,    4,    0,    0,  931,    0,   52],
       [   9,    5,    3,   25,    8,   22,   13,    3,  857,   29],
       [  12,    7,    0,   10,   26,    5,    0,    5,    4,  940]])}, 44.021670709)
[2024-06-20 17:07:04,220][flwr][INFO] - configure_evaluate: no clients selected, skipping evaluation
[2024-06-20 17:07:04,220][flwr][INFO] - 
[2024-06-20 17:07:04,220][flwr][INFO] - [ROUND 8]
[2024-06-20 17:07:04,220][flwr][INFO] - configure_fit: strategy sampled 10 clients (out of 100)
[2024-06-20 17:07:09,529][flwr][INFO] - aggregate_fit: received 10 results and 0 failures
[2024-06-20 17:07:09,980][flwr][INFO] - fit progress: (8, 17.755575882270932, {'accuracy': 0.936, 'precision': 0.9368189395719481, 'recall': 0.936, 'f1': 0.9360227483746472, 'confusion_matrix': array([[ 965,    0,    1,    2,    0,    4,    4,    1,    3,    0],
       [   0, 1113,    2,    3,    1,    0,    3,    1,   11,    1],
       [  10,    2,  925,   26,    9,    5,   11,   15,   22,    7],
       [   3,    1,    5,  953,    0,   16,    1,    7,   16,    8],
       [   1,    1,    3,    0,  905,    1,   15,    0,    8,   48],
       [   5,    1,    0,   26,    4,  811,   11,    4,   24,    6],
       [  14,    3,    0,    0,    9,   13,  913,    1,    5,    0],
       [   2,    9,   17,   15,    4,    2,    0,  934,    1,   44],
       [   4,    3,    2,   19,    6,   16,   10,    4,  901,    9],
       [   8,    6,    0,   11,   23,    7,    1,    5,    8,  940]])}, 49.781807625)
[2024-06-20 17:07:09,980][flwr][INFO] - configure_evaluate: no clients selected, skipping evaluation
[2024-06-20 17:07:09,980][flwr][INFO] - 
[2024-06-20 17:07:09,980][flwr][INFO] - [ROUND 9]
[2024-06-20 17:07:09,981][flwr][INFO] - configure_fit: strategy sampled 10 clients (out of 100)
[2024-06-20 17:07:15,320][flwr][INFO] - aggregate_fit: received 10 results and 0 failures
[2024-06-20 17:07:15,767][flwr][INFO] - fit progress: (9, 16.915494604967535, {'accuracy': 0.9397, 'precision': 0.9399462574733507, 'recall': 0.9397, 'f1': 0.9396159518654942, 'confusion_matrix': array([[ 966,    0,    1,    1,    0,    3,    5,    1,    3,    0],
       [   0, 1116,    3,    3,    0,    0,    3,    0,    9,    1],
       [  12,    1,  962,   12,    8,    0,    7,   10,   18,    2],
       [   4,    0,   16,  927,    1,   15,    3,   15,   19,   10],
       [   0,    1,    5,    0,  919,    0,   18,    0,    3,   36],
       [  11,    1,    1,   20,    6,  800,   13,    7,   22,   11],
       [   9,    3,    1,    1,    5,    8,  926,    1,    4,    0],
       [   2,   10,   24,    5,    7,    0,    0,  948,    0,   32],
       [   8,    4,    4,   11,    7,   12,    8,    6,  897,   17],
       [  11,    6,    0,    7,   31,    4,    2,    5,    7,  936]])}, 55.569514084)
[2024-06-20 17:07:15,768][flwr][INFO] - configure_evaluate: no clients selected, skipping evaluation
[2024-06-20 17:07:15,768][flwr][INFO] - 
[2024-06-20 17:07:15,768][flwr][INFO] - [ROUND 10]
[2024-06-20 17:07:15,768][flwr][INFO] - configure_fit: strategy sampled 10 clients (out of 100)
[2024-06-20 17:07:21,545][flwr][INFO] - aggregate_fit: received 10 results and 0 failures
[2024-06-20 17:07:21,988][flwr][INFO] - fit progress: (10, 16.08137577958405, {'accuracy': 0.9448, 'precision': 0.9449205968452983, 'recall': 0.9448, 'f1': 0.9447486929333694, 'confusion_matrix': array([[ 970,    0,    1,    1,    0,    3,    2,    1,    2,    0],
       [   0, 1118,    4,    2,    0,    0,    3,    1,    7,    0],
       [  12,    1,  971,    7,    7,    1,    4,   12,   16,    1],
       [   2,    1,   21,  928,    0,   14,    1,   13,   22,    8],
       [   1,    1,    6,    0,  918,    2,   13,    1,    4,   36],
       [  10,    1,    0,   18,    3,  824,   11,    2,   16,    7],
       [  12,    3,    2,    1,    9,   10,  915,    1,    5,    0],
       [   2,    5,   21,    5,    3,    0,    0,  962,    0,   30],
       [   9,    3,    4,   10,    6,   17,    7,    5,  903,   10],
       [  10,    6,    0,    5,   24,    9,    1,    8,    7,  939]])}, 61.790708917)
[2024-06-20 17:07:21,989][flwr][INFO] - configure_evaluate: no clients selected, skipping evaluation
[2024-06-20 17:07:21,989][flwr][INFO] - 
[2024-06-20 17:07:21,989][flwr][INFO] - [SUMMARY]
[2024-06-20 17:07:21,989][flwr][INFO] - Run finished 10 round(s) in 61.79s
[2024-06-20 17:07:21,994][flwr][INFO] - 	History (loss, centralized):
[2024-06-20 17:07:21,994][flwr][INFO] - 		round 0: 181.76928067207336
[2024-06-20 17:07:21,994][flwr][INFO] - 		round 1: 62.975776851177216
[2024-06-20 17:07:21,994][flwr][INFO] - 		round 2: 32.599581480026245
[2024-06-20 17:07:21,994][flwr][INFO] - 		round 3: 27.6642771884799
[2024-06-20 17:07:21,994][flwr][INFO] - 		round 4: 24.612880516797304
[2024-06-20 17:07:21,994][flwr][INFO] - 		round 5: 22.64296899549663
[2024-06-20 17:07:21,994][flwr][INFO] - 		round 6: 20.26467270217836
[2024-06-20 17:07:21,994][flwr][INFO] - 		round 7: 19.285431440919638
[2024-06-20 17:07:21,994][flwr][INFO] - 		round 8: 17.755575882270932
[2024-06-20 17:07:21,994][flwr][INFO] - 		round 9: 16.915494604967535
[2024-06-20 17:07:21,995][flwr][INFO] - 		round 10: 16.08137577958405
[2024-06-20 17:07:21,995][flwr][INFO] - 	History (metrics, centralized):
[2024-06-20 17:07:21,995][flwr][INFO] - 	{'accuracy': [(0, 0.1086),
[2024-06-20 17:07:21,995][flwr][INFO] - 	              (1, 0.7859),
[2024-06-20 17:07:21,995][flwr][INFO] - 	              (2, 0.8841),
[2024-06-20 17:07:21,995][flwr][INFO] - 	              (3, 0.9027),
[2024-06-20 17:07:21,995][flwr][INFO] - 	              (4, 0.9086),
[2024-06-20 17:07:21,995][flwr][INFO] - 	              (5, 0.9139),
[2024-06-20 17:07:21,995][flwr][INFO] - 	              (6, 0.9237),
[2024-06-20 17:07:21,995][flwr][INFO] - 	              (7, 0.9273),
[2024-06-20 17:07:21,995][flwr][INFO] - 	              (8, 0.936),
[2024-06-20 17:07:21,995][flwr][INFO] - 	              (9, 0.9397),
[2024-06-20 17:07:21,995][flwr][INFO] - 	              (10, 0.9448)],
[2024-06-20 17:07:21,995][flwr][INFO] - 	 'confusion_matrix': [(0,
[2024-06-20 17:07:21,995][flwr][INFO] - 	                       array([[   0,    8,    0,  956,    0,    1,    0,   15,    0,    0],
[2024-06-20 17:07:21,995][flwr][INFO] - 	       [   0,  122,    0, 1013,    0,    0,    0,    0,    0,    0],
[2024-06-20 17:07:21,995][flwr][INFO] - 	       [   0,   38,    0,  971,    0,    0,    3,   19,    1,    0],
[2024-06-20 17:07:21,995][flwr][INFO] - 	       [   0,   44,    0,  945,    1,    1,    0,   17,    2,    0],
[2024-06-20 17:07:21,995][flwr][INFO] - 	       [   0,  143,    0,  816,    1,    0,    2,   20,    0,    0],
[2024-06-20 17:07:21,995][flwr][INFO] - 	       [   0,  118,    0,  735,    1,    7,    0,   30,    1,    0],
[2024-06-20 17:07:21,995][flwr][INFO] - 	       [   0,  144,    0,  749,   25,    0,    2,   38,    0,    0],
[2024-06-20 17:07:21,995][flwr][INFO] - 	       [   0,  272,    0,  724,    8,    0,    0,    9,   15,    0],
[2024-06-20 17:07:21,995][flwr][INFO] - 	       [   0,   81,    0,  859,    1,    0,    1,   32,    0,    0],
[2024-06-20 17:07:21,995][flwr][INFO] - 	       [   0,  178,    0,  799,    1,    0,    0,   31,    0,    0]])),
[2024-06-20 17:07:21,995][flwr][INFO] - 	                      (1,
[2024-06-20 17:07:21,995][flwr][INFO] - 	                       array([[ 933,    0,    5,    4,    0,    2,   28,    4,    4,    0],
[2024-06-20 17:07:21,995][flwr][INFO] - 	       [   0, 1111,    6,    5,    0,    0,    3,    1,    9,    0],
[2024-06-20 17:07:21,995][flwr][INFO] - 	       [  31,   15,  831,   68,    7,    0,   47,   22,    9,    2],
[2024-06-20 17:07:21,995][flwr][INFO] - 	       [  25,   14,   52,  844,    0,    9,    9,   32,   20,    5],
[2024-06-20 17:07:21,995][flwr][INFO] - 	       [   0,   11,    6,    0,  785,    0,   53,   14,    4,  109],
[2024-06-20 17:07:21,995][flwr][INFO] - 	       [  67,   40,   18,  171,   50,  412,   64,   45,   25,    0],
[2024-06-20 17:07:21,995][flwr][INFO] - 	       [  19,   10,    3,    1,    8,    7,  908,    1,    1,    0],
[2024-06-20 17:07:21,995][flwr][INFO] - 	       [   3,   25,   29,    5,    6,    0,    0,  950,    2,    8],
[2024-06-20 17:07:21,995][flwr][INFO] - 	       [  27,   44,   46,  148,   24,   11,   29,   37,  568,   40],
[2024-06-20 17:07:21,995][flwr][INFO] - 	       [  19,   13,    5,   10,  100,    1,    5,  329,   10,  517]])),
[2024-06-20 17:07:21,995][flwr][INFO] - 	                      (2,
[2024-06-20 17:07:21,995][flwr][INFO] - 	                       array([[ 950,    0,    2,    7,    0,    7,    8,    1,    5,    0],
[2024-06-20 17:07:21,995][flwr][INFO] - 	       [   0, 1109,    1,    4,    0,    1,    3,    0,   17,    0],
[2024-06-20 17:07:21,995][flwr][INFO] - 	       [  10,   13,  864,   55,   10,    1,   33,   12,   29,    5],
[2024-06-20 17:07:21,995][flwr][INFO] - 	       [   4,    7,   20,  914,    0,   20,    1,   19,   21,    4],
[2024-06-20 17:07:21,995][flwr][INFO] - 	       [   0,   11,    4,    0,  874,    2,   27,    1,   14,   49],
[2024-06-20 17:07:21,996][flwr][INFO] - 	       [  18,   13,    9,   83,   14,  696,   17,   14,   24,    4],
[2024-06-20 17:07:21,996][flwr][INFO] - 	       [  24,    8,    3,    0,    6,   22,  893,    1,    1,    0],
[2024-06-20 17:07:21,996][flwr][INFO] - 	       [   2,   22,   33,    5,    8,    0,    0,  919,    5,   34],
[2024-06-20 17:07:21,996][flwr][INFO] - 	       [   8,   20,   13,   51,    6,   42,   17,    7,  792,   18],
[2024-06-20 17:07:21,996][flwr][INFO] - 	       [  14,   12,    4,   12,   68,    8,    2,   40,   19,  830]])),
[2024-06-20 17:07:21,996][flwr][INFO] - 	                      (3,
[2024-06-20 17:07:21,996][flwr][INFO] - 	                       array([[ 957,    0,    0,    3,    0,    7,    8,    1,    4,    0],
[2024-06-20 17:07:21,996][flwr][INFO] - 	       [   0, 1100,    3,    2,    0,    0,    3,    0,   26,    1],
[2024-06-20 17:07:21,996][flwr][INFO] - 	       [   9,    7,  875,   36,   17,    1,   22,   12,   49,    4],
[2024-06-20 17:07:21,996][flwr][INFO] - 	       [   3,    2,   20,  876,    0,   45,    1,   21,   35,    7],
[2024-06-20 17:07:21,996][flwr][INFO] - 	       [   0,    2,    5,    0,  903,    3,   16,    1,    9,   43],
[2024-06-20 17:07:21,996][flwr][INFO] - 	       [  13,    3,    6,   37,   15,  760,   15,    9,   28,    6],
[2024-06-20 17:07:21,996][flwr][INFO] - 	       [  19,    3,    5,    0,   13,   17,  895,    2,    4,    0],
[2024-06-20 17:07:21,996][flwr][INFO] - 	       [   1,   16,   33,    5,    6,    0,    0,  929,    4,   34],
[2024-06-20 17:07:21,996][flwr][INFO] - 	       [   5,    5,    3,   16,   12,   35,   12,    6,  859,   21],
[2024-06-20 17:07:21,996][flwr][INFO] - 	       [  12,    6,    5,    7,   56,   10,    1,   30,    9,  873]])),
[2024-06-20 17:07:21,996][flwr][INFO] - 	                      (4,
[2024-06-20 17:07:21,996][flwr][INFO] - 	                       array([[ 956,    0,    0,    1,    0,    8,   11,    1,    3,    0],
[2024-06-20 17:07:21,996][flwr][INFO] - 	       [   0, 1101,    5,    4,    1,    1,    3,    2,   18,    0],
[2024-06-20 17:07:21,996][flwr][INFO] - 	       [  15,    2,  902,   31,   19,    1,   18,   13,   25,    6],
[2024-06-20 17:07:21,996][flwr][INFO] - 	       [   3,    2,   17,  905,    1,   36,    1,   19,   17,    9],
[2024-06-20 17:07:21,996][flwr][INFO] - 	       [   0,    1,    5,    0,  878,    0,   16,    0,    4,   78],
[2024-06-20 17:07:21,996][flwr][INFO] - 	       [  11,    2,    7,   37,   17,  769,   13,    8,   19,    9],
[2024-06-20 17:07:21,996][flwr][INFO] - 	       [  13,    3,    3,    0,   15,   15,  906,    1,    2,    0],
[2024-06-20 17:07:21,996][flwr][INFO] - 	       [   2,    7,   23,    5,    8,    0,    0,  942,    3,   38],
[2024-06-20 17:07:21,996][flwr][INFO] - 	       [   9,    4,   10,   31,   17,   49,   12,    6,  815,   21],
[2024-06-20 17:07:21,996][flwr][INFO] - 	       [   9,    6,    1,    7,   35,   13,    3,   17,    6,  912]])),
[2024-06-20 17:07:21,996][flwr][INFO] - 	                      (5,
[2024-06-20 17:07:21,996][flwr][INFO] - 	                       array([[ 967,    0,    1,    1,    0,    5,    3,    1,    2,    0],
[2024-06-20 17:07:21,996][flwr][INFO] - 	       [   0, 1111,    3,    4,    0,    2,    3,    2,   10,    0],
[2024-06-20 17:07:21,996][flwr][INFO] - 	       [  15,    9,  911,   26,    9,    1,   13,   19,   21,    8],
[2024-06-20 17:07:21,996][flwr][INFO] - 	       [   4,    3,   14,  912,    0,   28,    2,   26,   15,    6],
[2024-06-20 17:07:21,996][flwr][INFO] - 	       [   1,    2,    6,    0,  855,    1,   12,    1,    3,  101],
[2024-06-20 17:07:21,996][flwr][INFO] - 	       [  10,    2,    5,   27,    6,  785,   10,   13,   20,   14],
[2024-06-20 17:07:21,996][flwr][INFO] - 	       [  25,    4,    6,    0,   17,   18,  886,    1,    1,    0],
[2024-06-20 17:07:21,996][flwr][INFO] - 	       [   1,    9,   20,    7,    5,    0,    0,  963,    0,   23],
[2024-06-20 17:07:21,996][flwr][INFO] - 	       [   9,    8,    6,   28,    7,   34,   13,   12,  826,   31],
[2024-06-20 17:07:21,996][flwr][INFO] - 	       [  13,    5,    1,    8,   14,   10,    1,   31,    3,  923]])),
[2024-06-20 17:07:21,996][flwr][INFO] - 	                      (6,
[2024-06-20 17:07:21,996][flwr][INFO] - 	                       array([[ 945,    0,    5,    2,    1,   16,    6,    1,    4,    0],
[2024-06-20 17:07:21,996][flwr][INFO] - 	       [   0, 1089,    6,    3,    1,    1,    3,    1,   30,    1],
[2024-06-20 17:07:21,996][flwr][INFO] - 	       [   4,    1,  955,   10,   17,    5,    6,    7,   25,    2],
[2024-06-20 17:07:21,996][flwr][INFO] - 	       [   3,    1,   34,  900,    0,   26,    0,   15,   24,    7],
[2024-06-20 17:07:21,997][flwr][INFO] - 	       [   1,    1,    7,    0,  908,    1,   10,    1,    3,   50],
[2024-06-20 17:07:21,997][flwr][INFO] - 	       [   4,    1,    9,   24,    9,  803,    5,    5,   25,    7],
[2024-06-20 17:07:21,997][flwr][INFO] - 	       [  11,    2,    4,    0,   16,   18,  902,    1,    4,    0],
[2024-06-20 17:07:21,997][flwr][INFO] - 	       [   1,    8,   33,    3,    7,    1,    0,  936,    0,   39],
[2024-06-20 17:07:21,997][flwr][INFO] - 	       [   4,    2,    8,   17,    9,   28,    6,    3,  885,   12],
[2024-06-20 17:07:21,997][flwr][INFO] - 	       [   6,    4,    2,    7,   38,   16,    1,   10,   11,  914]])),
[2024-06-20 17:07:21,997][flwr][INFO] - 	                      (7,
[2024-06-20 17:07:21,997][flwr][INFO] - 	                       array([[ 964,    0,    0,    2,    1,    3,    4,    1,    5,    0],
[2024-06-20 17:07:21,997][flwr][INFO] - 	       [   0, 1114,    4,    2,    1,    1,    3,    0,    9,    1],
[2024-06-20 17:07:21,997][flwr][INFO] - 	       [  11,    3,  935,   18,   14,    0,   12,   14,   21,    4],
[2024-06-20 17:07:21,997][flwr][INFO] - 	       [   3,    1,   14,  933,    1,   16,    2,   16,   14,   10],
[2024-06-20 17:07:21,997][flwr][INFO] - 	       [   1,    1,    5,    0,  896,    0,   15,    0,    2,   62],
[2024-06-20 17:07:21,997][flwr][INFO] - 	       [  11,    1,    3,   30,    5,  790,   15,    7,   19,   11],
[2024-06-20 17:07:21,997][flwr][INFO] - 	       [  17,    3,    1,    1,   10,   12,  913,    1,    0,    0],
[2024-06-20 17:07:21,997][flwr][INFO] - 	       [   3,    9,   21,    8,    4,    0,    0,  931,    0,   52],
[2024-06-20 17:07:21,997][flwr][INFO] - 	       [   9,    5,    3,   25,    8,   22,   13,    3,  857,   29],
[2024-06-20 17:07:21,997][flwr][INFO] - 	       [  12,    7,    0,   10,   26,    5,    0,    5,    4,  940]])),
[2024-06-20 17:07:21,997][flwr][INFO] - 	                      (8,
[2024-06-20 17:07:21,997][flwr][INFO] - 	                       array([[ 965,    0,    1,    2,    0,    4,    4,    1,    3,    0],
[2024-06-20 17:07:21,997][flwr][INFO] - 	       [   0, 1113,    2,    3,    1,    0,    3,    1,   11,    1],
[2024-06-20 17:07:21,997][flwr][INFO] - 	       [  10,    2,  925,   26,    9,    5,   11,   15,   22,    7],
[2024-06-20 17:07:21,997][flwr][INFO] - 	       [   3,    1,    5,  953,    0,   16,    1,    7,   16,    8],
[2024-06-20 17:07:21,997][flwr][INFO] - 	       [   1,    1,    3,    0,  905,    1,   15,    0,    8,   48],
[2024-06-20 17:07:21,997][flwr][INFO] - 	       [   5,    1,    0,   26,    4,  811,   11,    4,   24,    6],
[2024-06-20 17:07:21,997][flwr][INFO] - 	       [  14,    3,    0,    0,    9,   13,  913,    1,    5,    0],
[2024-06-20 17:07:21,997][flwr][INFO] - 	       [   2,    9,   17,   15,    4,    2,    0,  934,    1,   44],
[2024-06-20 17:07:21,997][flwr][INFO] - 	       [   4,    3,    2,   19,    6,   16,   10,    4,  901,    9],
[2024-06-20 17:07:21,997][flwr][INFO] - 	       [   8,    6,    0,   11,   23,    7,    1,    5,    8,  940]])),
[2024-06-20 17:07:21,997][flwr][INFO] - 	                      (9,
[2024-06-20 17:07:21,997][flwr][INFO] - 	                       array([[ 966,    0,    1,    1,    0,    3,    5,    1,    3,    0],
[2024-06-20 17:07:21,997][flwr][INFO] - 	       [   0, 1116,    3,    3,    0,    0,    3,    0,    9,    1],
[2024-06-20 17:07:21,997][flwr][INFO] - 	       [  12,    1,  962,   12,    8,    0,    7,   10,   18,    2],
[2024-06-20 17:07:21,997][flwr][INFO] - 	       [   4,    0,   16,  927,    1,   15,    3,   15,   19,   10],
[2024-06-20 17:07:21,997][flwr][INFO] - 	       [   0,    1,    5,    0,  919,    0,   18,    0,    3,   36],
[2024-06-20 17:07:21,997][flwr][INFO] - 	       [  11,    1,    1,   20,    6,  800,   13,    7,   22,   11],
[2024-06-20 17:07:21,997][flwr][INFO] - 	       [   9,    3,    1,    1,    5,    8,  926,    1,    4,    0],
[2024-06-20 17:07:21,997][flwr][INFO] - 	       [   2,   10,   24,    5,    7,    0,    0,  948,    0,   32],
[2024-06-20 17:07:21,997][flwr][INFO] - 	       [   8,    4,    4,   11,    7,   12,    8,    6,  897,   17],
[2024-06-20 17:07:21,997][flwr][INFO] - 	       [  11,    6,    0,    7,   31,    4,    2,    5,    7,  936]])),
[2024-06-20 17:07:21,997][flwr][INFO] - 	                      (10,
[2024-06-20 17:07:21,997][flwr][INFO] - 	                       array([[ 970,    0,    1,    1,    0,    3,    2,    1,    2,    0],
[2024-06-20 17:07:21,997][flwr][INFO] - 	       [   0, 1118,    4,    2,    0,    0,    3,    1,    7,    0],
[2024-06-20 17:07:21,997][flwr][INFO] - 	       [  12,    1,  971,    7,    7,    1,    4,   12,   16,    1],
[2024-06-20 17:07:21,998][flwr][INFO] - 	       [   2,    1,   21,  928,    0,   14,    1,   13,   22,    8],
[2024-06-20 17:07:21,998][flwr][INFO] - 	       [   1,    1,    6,    0,  918,    2,   13,    1,    4,   36],
[2024-06-20 17:07:21,998][flwr][INFO] - 	       [  10,    1,    0,   18,    3,  824,   11,    2,   16,    7],
[2024-06-20 17:07:21,998][flwr][INFO] - 	       [  12,    3,    2,    1,    9,   10,  915,    1,    5,    0],
[2024-06-20 17:07:21,998][flwr][INFO] - 	       [   2,    5,   21,    5,    3,    0,    0,  962,    0,   30],
[2024-06-20 17:07:21,998][flwr][INFO] - 	       [   9,    3,    4,   10,    6,   17,    7,    5,  903,   10],
[2024-06-20 17:07:21,998][flwr][INFO] - 	       [  10,    6,    0,    5,   24,    9,    1,    8,    7,  939]]))],
[2024-06-20 17:07:21,998][flwr][INFO] - 	 'f1': [(0, 0.03553137346181725),
[2024-06-20 17:07:21,998][flwr][INFO] - 	        (1, 0.7762675755051898),
[2024-06-20 17:07:21,998][flwr][INFO] - 	        (2, 0.8832751879297517),
[2024-06-20 17:07:21,998][flwr][INFO] - 	        (3, 0.9024973377732569),
[2024-06-20 17:07:21,998][flwr][INFO] - 	        (4, 0.9084734301228374),
[2024-06-20 17:07:21,998][flwr][INFO] - 	        (5, 0.9137333328215785),
[2024-06-20 17:07:21,998][flwr][INFO] - 	        (6, 0.9239439370298225),
[2024-06-20 17:07:21,998][flwr][INFO] - 	        (7, 0.9272846885967762),
[2024-06-20 17:07:21,998][flwr][INFO] - 	        (8, 0.9360227483746472),
[2024-06-20 17:07:21,998][flwr][INFO] - 	        (9, 0.9396159518654942),
[2024-06-20 17:07:21,998][flwr][INFO] - 	        (10, 0.9447486929333694)],
[2024-06-20 17:07:21,998][flwr][INFO] - 	 'precision': [(0, 0.12349967530374152),
[2024-06-20 17:07:21,998][flwr][INFO] - 	               (1, 0.8003926072925018),
[2024-06-20 17:07:21,998][flwr][INFO] - 	               (2, 0.8844800015067045),
[2024-06-20 17:07:21,998][flwr][INFO] - 	               (3, 0.902917013098443),
[2024-06-20 17:07:21,998][flwr][INFO] - 	               (4, 0.9089822868201191),
[2024-06-20 17:07:21,998][flwr][INFO] - 	               (5, 0.914889962928221),
[2024-06-20 17:07:21,998][flwr][INFO] - 	               (6, 0.9246130368083024),
[2024-06-20 17:07:21,998][flwr][INFO] - 	               (7, 0.9282458801812771),
[2024-06-20 17:07:21,998][flwr][INFO] - 	               (8, 0.9368189395719481),
[2024-06-20 17:07:21,998][flwr][INFO] - 	               (9, 0.9399462574733507),
[2024-06-20 17:07:21,998][flwr][INFO] - 	               (10, 0.9449205968452983)],
[2024-06-20 17:07:21,998][flwr][INFO] - 	 'recall': [(0, 0.1086),
[2024-06-20 17:07:21,998][flwr][INFO] - 	            (1, 0.7859),
[2024-06-20 17:07:21,998][flwr][INFO] - 	            (2, 0.8841),
[2024-06-20 17:07:21,998][flwr][INFO] - 	            (3, 0.9027),
[2024-06-20 17:07:21,998][flwr][INFO] - 	            (4, 0.9086),
[2024-06-20 17:07:21,998][flwr][INFO] - 	            (5, 0.9139),
[2024-06-20 17:07:21,998][flwr][INFO] - 	            (6, 0.9237),
[2024-06-20 17:07:21,998][flwr][INFO] - 	            (7, 0.9273),
[2024-06-20 17:07:21,998][flwr][INFO] - 	            (8, 0.936),
[2024-06-20 17:07:21,998][flwr][INFO] - 	            (9, 0.9397),
[2024-06-20 17:07:21,998][flwr][INFO] - 	            (10, 0.9448)]}
[2024-06-20 17:07:21,998][flwr][INFO] - 
