[2024-06-21 13:22:22,320][flwr][INFO] - Starting Flower simulation, config: num_rounds=10, no round_timeout
[2024-06-21 13:22:24,311][flwr][INFO] - Flower VCE: Ray initialized with resources: {'memory': 9421383271.0, 'object_store_memory': 2147483648.0, 'CPU': 12.0, 'node:__internal_head__': 1.0, 'node:127.0.0.1': 1.0}
[2024-06-21 13:22:24,311][flwr][INFO] - Optimize your simulation with Flower VCE: https://flower.ai/docs/framework/how-to-run-simulations.html
[2024-06-21 13:22:24,311][flwr][INFO] - Flower VCE: Resources for each Virtual Client: {'num_cpus': 2, 'num_gpus': 0}
[2024-06-21 13:22:24,317][flwr][INFO] - Flower VCE: Creating VirtualClientEngineActorPool with 6 actors
[2024-06-21 13:22:24,317][flwr][INFO] - [INIT]
[2024-06-21 13:22:24,317][flwr][INFO] - Requesting initial parameters from one random client
[2024-06-21 13:22:25,745][flwr][INFO] - Received initial parameters from one random client
[2024-06-21 13:22:25,746][flwr][INFO] - Evaluating initial global parameters
[2024-06-21 13:22:26,098][flwr][INFO] - initial parameters (loss, other metrics): 181.76928067207336, {'accuracy': 0.1086, 'precision': 0.12349967530374152, 'recall': 0.1086, 'f1': 0.03553137346181725, 'confusion_matrix': array([[   0,    8,    0,  956,    0,    1,    0,   15,    0,    0],
       [   0,  122,    0, 1013,    0,    0,    0,    0,    0,    0],
       [   0,   38,    0,  971,    0,    0,    3,   19,    1,    0],
       [   0,   44,    0,  945,    1,    1,    0,   17,    2,    0],
       [   0,  143,    0,  816,    1,    0,    2,   20,    0,    0],
       [   0,  118,    0,  735,    1,    7,    0,   30,    1,    0],
       [   0,  144,    0,  749,   25,    0,    2,   38,    0,    0],
       [   0,  272,    0,  724,    8,    0,    0,    9,   15,    0],
       [   0,   81,    0,  859,    1,    0,    1,   32,    0,    0],
       [   0,  178,    0,  799,    1,    0,    0,   31,    0,    0]])}
[2024-06-21 13:22:26,098][flwr][INFO] - 
[2024-06-21 13:22:26,098][flwr][INFO] - [ROUND 1]
[2024-06-21 13:22:26,098][flwr][INFO] - configure_fit: strategy sampled 10 clients (out of 100)
[2024-06-21 13:22:32,513][flwr][INFO] - aggregate_fit: received 10 results and 0 failures
[2024-06-21 13:22:32,518][flwr][WARNING] - No fit_metrics_aggregation_fn provided
[2024-06-21 13:22:32,845][flwr][INFO] - fit progress: (1, 137.81638431549072, {'accuracy': 0.4318, 'precision': 0.4065747160728987, 'recall': 0.4318, 'f1': 0.3813667505249194, 'confusion_matrix': array([[ 889,    7,    2,    3,    0,    1,   73,    4,    1,    0],
       [   0,    0, 1101,    3,   17,    0,    7,    1,    2,    4],
       [  43,    2,  441,  304,   14,    1,   91,   90,   23,   23],
       [  63,    2,   17,  301,  404,    2,  110,    9,   49,   53],
       [ 184,    0,    2,    0,  576,   32,   52,   43,    5,   88],
       [ 302,    8,   15,    9,   71,   93,  369,    8,   12,    5],
       [  16,    0,    7,    3,   26,    1,  755,  148,    0,    2],
       [ 101,    0,   27,    5,    7,    1,    1,  536,  241,  109],
       [ 106,    0,   31,   29,  178,    2,   94,    6,  177,  351],
       [ 210,    0,    2,    2,  165,    2,    1,   58,   19,  550]])}, 6.746672167)
[2024-06-21 13:22:32,845][flwr][INFO] - configure_evaluate: no clients selected, skipping evaluation
[2024-06-21 13:22:32,845][flwr][INFO] - 
[2024-06-21 13:22:32,845][flwr][INFO] - [ROUND 2]
[2024-06-21 13:22:32,846][flwr][INFO] - configure_fit: strategy sampled 10 clients (out of 100)
[2024-06-21 13:22:37,548][flwr][INFO] - aggregate_fit: received 10 results and 0 failures
[2024-06-21 13:22:37,881][flwr][INFO] - fit progress: (2, 127.22939467430115, {'accuracy': 0.4227, 'precision': 0.3397301502351015, 'recall': 0.4227, 'f1': 0.3679945633758448, 'confusion_matrix': array([[ 925,    4,    2,   19,    0,    5,   17,    1,    3,    4],
       [   0,    0, 1117,    3,    0,    0,    5,    0,    3,    7],
       [  10,    1,  338,  584,    4,    7,   17,    7,   39,   25],
       [   8,    0,   19,  632,  189,    5,   15,    6,   88,   48],
       [  30,    0,    1,    1,  115,  604,   18,    2,    4,  207],
       [  87,   11,   17,   70,   41,  413,  140,    1,   84,   28],
       [  35,    0,   12,   10,    5,    4,  773,  104,    0,   15],
       [  79,    0,   33,   13,    0,    9,    2,    1,  852,   39],
       [  25,    1,   42,   75,   14,   13,   27,    0,  335,  442],
       [ 154,    0,    2,    2,    8,   40,    0,    4,  104,  695]])}, 11.783443458)
[2024-06-21 13:22:37,882][flwr][INFO] - configure_evaluate: no clients selected, skipping evaluation
[2024-06-21 13:22:37,882][flwr][INFO] - 
[2024-06-21 13:22:37,882][flwr][INFO] - [ROUND 3]
[2024-06-21 13:22:37,882][flwr][INFO] - configure_fit: strategy sampled 10 clients (out of 100)
[2024-06-21 13:22:42,718][flwr][INFO] - aggregate_fit: received 10 results and 0 failures
[2024-06-21 13:22:43,054][flwr][INFO] - fit progress: (3, 109.36081516742706, {'accuracy': 0.4337, 'precision': 0.37121548347431615, 'recall': 0.4337, 'f1': 0.3857918386052844, 'confusion_matrix': array([[ 818,  116,    1,    4,    1,    5,   24,    3,    1,    7],
       [   0,    3, 1110,    5,    2,    2,    4,    0,    1,    8],
       [   6,    2,  508,  427,   15,   10,   10,    8,   29,   17],
       [   2,    7,   14,  575,  289,    7,   14,    5,   20,   77],
       [   3,    0,    2,    0,  257,  553,   11,    0,    0,  156],
       [  27,   18,    9,   51,   42,  525,  143,    1,   26,   50],
       [  10,    2,   15,    4,   24,   14,  731,  145,    0,   13],
       [  50,    0,   39,   19,    6,   15,    0,   20,  784,   95],
       [   7,    3,   33,   44,   31,   19,   21,    0,   25,  791],
       [  52,    0,    2,    6,   15,   51,    0,    1,    7,  875]])}, 16.956339083)
[2024-06-21 13:22:43,055][flwr][INFO] - configure_evaluate: no clients selected, skipping evaluation
[2024-06-21 13:22:43,055][flwr][INFO] - 
[2024-06-21 13:22:43,055][flwr][INFO] - [ROUND 4]
[2024-06-21 13:22:43,055][flwr][INFO] - configure_fit: strategy sampled 10 clients (out of 100)
[2024-06-21 13:22:47,792][flwr][INFO] - aggregate_fit: received 10 results and 0 failures
[2024-06-21 13:22:48,141][flwr][INFO] - fit progress: (4, 100.7815887928009, {'accuracy': 0.4071, 'precision': 0.3712797047819533, 'recall': 0.4071, 'f1': 0.379735359835596, 'confusion_matrix': array([[ 732,  221,    0,    3,    0,    6,    9,    3,    2,    4],
       [   0,    4, 1103,    4,    1,    2,    4,    0,    4,   13],
       [   4,    6,  263,  658,   11,    9,   11,   12,   44,   14],
       [   0,    7,    6,  539,  362,    8,    9,    4,   40,   35],
       [   9,    0,    0,    2,  327,  551,    8,    3,    1,   81],
       [  23,   17,    2,   45,   44,  552,  127,    6,   57,   19],
       [  13,    4,    4,    4,    9,    9,  583,  323,    0,    9],
       [  53,    0,   25,   27,    7,    6,    0,   47,  827,   36],
       [   5,    5,   11,   32,   25,   27,   17,    1,  236,  615],
       [  99,    0,    3,    3,   23,   43,    0,    1,   49,  788]])}, 22.042744083)
[2024-06-21 13:22:48,141][flwr][INFO] - configure_evaluate: no clients selected, skipping evaluation
[2024-06-21 13:22:48,141][flwr][INFO] - 
[2024-06-21 13:22:48,141][flwr][INFO] - [ROUND 5]
[2024-06-21 13:22:48,142][flwr][INFO] - configure_fit: strategy sampled 10 clients (out of 100)
[2024-06-21 13:22:52,863][flwr][INFO] - aggregate_fit: received 10 results and 0 failures
[2024-06-21 13:22:53,203][flwr][INFO] - fit progress: (5, 96.30316430330276, {'accuracy': 0.3986, 'precision': 0.3850665277189371, 'recall': 0.3986, 'f1': 0.3680562479139816, 'confusion_matrix': array([[ 413,  519,    0,    3,    0,    5,   31,    7,    1,    1],
       [   0,  108, 1008,    5,    1,    1,    7,    0,    4,    1],
       [   2,    7,  338,  618,    4,   14,   13,    9,   26,    1],
       [   0,    6,    5,  767,  142,   20,   21,    3,   27,   19],
       [   2,    0,    1,    3,  143,  789,   12,    3,    2,   27],
       [   3,   20,    2,   45,    9,  296,  479,    2,   32,    4],
       [   4,    6,    6,    3,    1,   14,  751,  173,    0,    0],
       [  20,    1,   31,   52,    4,   19,    0,   20,  856,   25],
       [   3,    9,   31,   80,    5,   43,   68,    0,  398,  337],
       [  87,    1,    5,    9,   17,  107,    3,    3,   25,  752]])}, 27.104958292)
[2024-06-21 13:22:53,203][flwr][INFO] - configure_evaluate: no clients selected, skipping evaluation
[2024-06-21 13:22:53,203][flwr][INFO] - 
[2024-06-21 13:22:53,203][flwr][INFO] - [ROUND 6]
[2024-06-21 13:22:53,204][flwr][INFO] - configure_fit: strategy sampled 10 clients (out of 100)
[2024-06-21 13:22:57,910][flwr][INFO] - aggregate_fit: received 10 results and 0 failures
[2024-06-21 13:22:58,264][flwr][INFO] - fit progress: (6, 87.80357021093369, {'accuracy': 0.4326, 'precision': 0.4267093934339481, 'recall': 0.4326, 'f1': 0.41920765460770426, 'confusion_matrix': array([[405, 550,   0,   2,   0,   4,   4,  11,   1,   3],
       [  0, 195, 920,   5,   0,   2,   6,   1,   1,   5],
       [  2,  11, 436, 506,  12,   9,  12,  12,  20,  12],
       [  1,   6,   3, 370, 562,  15,   6,   6,  11,  30],
       [  4,   0,   0,   3, 218, 691,  13,   2,   1,  50],
       [ 10,  24,   1,  29,  26, 515, 244,   4,  24,  15],
       [  1,   9,   3,   3,   2,   7, 780, 149,   0,   4],
       [ 31,   3,  25,  42,   3,   6,   0, 640, 258,  20],
       [  3,  10,  16,  40,  11,  33,  34,   1, 105, 721],
       [242,   3,   3,   5,  19,  45,   1,  10,  19, 662]])}, 32.165812125)
[2024-06-21 13:22:58,264][flwr][INFO] - configure_evaluate: no clients selected, skipping evaluation
[2024-06-21 13:22:58,264][flwr][INFO] - 
[2024-06-21 13:22:58,264][flwr][INFO] - [ROUND 7]
[2024-06-21 13:22:58,264][flwr][INFO] - configure_fit: strategy sampled 10 clients (out of 100)
[2024-06-21 13:23:02,921][flwr][INFO] - aggregate_fit: received 10 results and 0 failures
[2024-06-21 13:23:03,258][flwr][INFO] - fit progress: (7, 84.03077334165573, {'accuracy': 0.4773, 'precision': 0.4678315647611039, 'recall': 0.4773, 'f1': 0.45554029891273223, 'confusion_matrix': array([[527, 421,   0,   2,   0,   5,   4,  14,   1,   6],
       [  0, 285, 832,   6,   0,   1,   6,   0,   2,   3],
       [  1,   6, 290, 668,  11,   6,  11,   8,  26,   5],
       [  0,   2,   3, 746, 211,  10,   5,   1,  16,  16],
       [  1,   0,   0,   2, 550, 357,  18,   3,   2,  49],
       [  2,   9,   2,  63,  11, 462, 296,   3,  27,  17],
       [  0,   7,   3,   3,   2,   3, 759, 176,   0,   5],
       [  9,   6,  26,  39,   3,   9,   0,  22, 889,  25],
       [  1,   6,  25,  56,   7,  22,  33,   1, 248, 575],
       [ 30,   1,   6,   5,  24,  31,   2,   1,  25, 884]])}, 37.159758042)
[2024-06-21 13:23:03,258][flwr][INFO] - configure_evaluate: no clients selected, skipping evaluation
[2024-06-21 13:23:03,258][flwr][INFO] - 
[2024-06-21 13:23:03,258][flwr][INFO] - [ROUND 8]
[2024-06-21 13:23:03,258][flwr][INFO] - configure_fit: strategy sampled 10 clients (out of 100)
[2024-06-21 13:23:08,037][flwr][INFO] - aggregate_fit: received 10 results and 0 failures
[2024-06-21 13:23:08,375][flwr][INFO] - fit progress: (8, 87.40390449762344, {'accuracy': 0.4176, 'precision': 0.3998760202298964, 'recall': 0.4176, 'f1': 0.3876715784868501, 'confusion_matrix': array([[608, 352,   0,   1,   0,   5,   3,   7,   1,   3],
       [  0, 460, 652,   6,   0,   5,   5,   0,   1,   6],
       [  4,  10, 405, 549,   4,  18,   6,  10,  16,  10],
       [  1,   6,   2, 747, 177,  28,   6,   2,  10,  31],
       [ 10,   0,   0,   2,  25, 916,  11,   1,   0,  17],
       [ 16,  13,   1,  32,   4, 626, 176,   2,   7,  15],
       [  7,  10,   3,   3,   0,  16, 779, 137,   0,   3],
       [ 65,   4,  27,  35,   2,  17,   0, 195, 662,  21],
       [  9,   9,  13,  41,   2,  56,  17,   1,  58, 768],
       [627,   4,   1,   4,   6,  86,   0,   3,   5, 273]])}, 42.27722025)
[2024-06-21 13:23:08,376][flwr][INFO] - configure_evaluate: no clients selected, skipping evaluation
[2024-06-21 13:23:08,376][flwr][INFO] - 
[2024-06-21 13:23:08,376][flwr][INFO] - [ROUND 9]
[2024-06-21 13:23:08,376][flwr][INFO] - configure_fit: strategy sampled 10 clients (out of 100)
[2024-06-21 13:23:13,441][flwr][INFO] - aggregate_fit: received 10 results and 0 failures
[2024-06-21 13:23:13,781][flwr][INFO] - fit progress: (9, 78.57901591062546, {'accuracy': 0.5113, 'precision': 0.5164089709151255, 'recall': 0.5113, 'f1': 0.4875318400657161, 'confusion_matrix': array([[665, 293,   0,   1,   0,   5,   1,   9,   2,   4],
       [  0, 450, 660,   5,   0,   2,   4,   0,  10,   4],
       [  3,   5, 216, 732,   8,  12,   5,   7,  37,   7],
       [  0,   3,   0, 909,  37,  12,   2,   1,  19,  27],
       [  5,   0,   0,   4, 324, 594,   9,   0,   2,  44],
       [  6,   9,   0,  62,   3, 659, 110,   4,  23,  16],
       [  3,  12,   3,   4,   1,  13, 674, 242,   0,   6],
       [  9,   3,  10,  28,   2,   5,   0,  20, 934,  17],
       [  2,   7,   7,  42,   4,  32,  10,   0, 365, 505],
       [ 93,   4,   0,   9,  17,  22,   0,   1,  32, 831]])}, 47.683316958)
[2024-06-21 13:23:13,782][flwr][INFO] - configure_evaluate: no clients selected, skipping evaluation
[2024-06-21 13:23:13,782][flwr][INFO] - 
[2024-06-21 13:23:13,782][flwr][INFO] - [ROUND 10]
[2024-06-21 13:23:13,782][flwr][INFO] - configure_fit: strategy sampled 10 clients (out of 100)
[2024-06-21 13:23:18,996][flwr][INFO] - aggregate_fit: received 10 results and 0 failures
[2024-06-21 13:23:19,332][flwr][INFO] - fit progress: (10, 83.15281480550766, {'accuracy': 0.3949, 'precision': 0.3878217022590631, 'recall': 0.3949, 'f1': 0.37287558770395074, 'confusion_matrix': array([[237, 720,   0,   1,   0,   3,   2,  13,   1,   3],
       [  0, 423, 693,   5,   0,   1,   5,   0,   1,   7],
       [  0,   9,  73, 889,   9,   5,   7,  12,  19,   9],
       [  1,   4,   1, 846, 114,   8,   4,   4,   9,  19],
       [  8,   0,   1,   3, 147, 777,  11,   3,   0,  32],
       [ 10,  15,   0,  46,  15, 388, 386,   5,  13,  14],
       [  1,   8,   2,   5,   1,   5, 601, 330,   0,   5],
       [ 17,   3,  12,  50,   2,   5,   0, 513, 406,  20],
       [  3,  10,   9,  37,   5,  15,  18,   3, 192, 682],
       [389,   9,   2,  11,  19,  35,   1,   6,   8, 529]])}, 53.234499167)
[2024-06-21 13:23:19,333][flwr][INFO] - configure_evaluate: no clients selected, skipping evaluation
[2024-06-21 13:23:19,333][flwr][INFO] - 
[2024-06-21 13:23:19,333][flwr][INFO] - [SUMMARY]
[2024-06-21 13:23:19,333][flwr][INFO] - Run finished 10 round(s) in 53.23s
[2024-06-21 13:23:19,336][flwr][INFO] - 	History (loss, centralized):
[2024-06-21 13:23:19,337][flwr][INFO] - 		round 0: 181.76928067207336
[2024-06-21 13:23:19,337][flwr][INFO] - 		round 1: 137.81638431549072
[2024-06-21 13:23:19,337][flwr][INFO] - 		round 2: 127.22939467430115
[2024-06-21 13:23:19,337][flwr][INFO] - 		round 3: 109.36081516742706
[2024-06-21 13:23:19,337][flwr][INFO] - 		round 4: 100.7815887928009
[2024-06-21 13:23:19,337][flwr][INFO] - 		round 5: 96.30316430330276
[2024-06-21 13:23:19,337][flwr][INFO] - 		round 6: 87.80357021093369
[2024-06-21 13:23:19,337][flwr][INFO] - 		round 7: 84.03077334165573
[2024-06-21 13:23:19,337][flwr][INFO] - 		round 8: 87.40390449762344
[2024-06-21 13:23:19,337][flwr][INFO] - 		round 9: 78.57901591062546
[2024-06-21 13:23:19,337][flwr][INFO] - 		round 10: 83.15281480550766
[2024-06-21 13:23:19,337][flwr][INFO] - 	History (metrics, centralized):
[2024-06-21 13:23:19,337][flwr][INFO] - 	{'accuracy': [(0, 0.1086),
[2024-06-21 13:23:19,337][flwr][INFO] - 	              (1, 0.4318),
[2024-06-21 13:23:19,337][flwr][INFO] - 	              (2, 0.4227),
[2024-06-21 13:23:19,337][flwr][INFO] - 	              (3, 0.4337),
[2024-06-21 13:23:19,337][flwr][INFO] - 	              (4, 0.4071),
[2024-06-21 13:23:19,337][flwr][INFO] - 	              (5, 0.3986),
[2024-06-21 13:23:19,337][flwr][INFO] - 	              (6, 0.4326),
[2024-06-21 13:23:19,337][flwr][INFO] - 	              (7, 0.4773),
[2024-06-21 13:23:19,337][flwr][INFO] - 	              (8, 0.4176),
[2024-06-21 13:23:19,337][flwr][INFO] - 	              (9, 0.5113),
[2024-06-21 13:23:19,337][flwr][INFO] - 	              (10, 0.3949)],
[2024-06-21 13:23:19,337][flwr][INFO] - 	 'confusion_matrix': [(0,
[2024-06-21 13:23:19,337][flwr][INFO] - 	                       array([[   0,    8,    0,  956,    0,    1,    0,   15,    0,    0],
[2024-06-21 13:23:19,337][flwr][INFO] - 	       [   0,  122,    0, 1013,    0,    0,    0,    0,    0,    0],
[2024-06-21 13:23:19,337][flwr][INFO] - 	       [   0,   38,    0,  971,    0,    0,    3,   19,    1,    0],
[2024-06-21 13:23:19,337][flwr][INFO] - 	       [   0,   44,    0,  945,    1,    1,    0,   17,    2,    0],
[2024-06-21 13:23:19,337][flwr][INFO] - 	       [   0,  143,    0,  816,    1,    0,    2,   20,    0,    0],
[2024-06-21 13:23:19,337][flwr][INFO] - 	       [   0,  118,    0,  735,    1,    7,    0,   30,    1,    0],
[2024-06-21 13:23:19,337][flwr][INFO] - 	       [   0,  144,    0,  749,   25,    0,    2,   38,    0,    0],
[2024-06-21 13:23:19,337][flwr][INFO] - 	       [   0,  272,    0,  724,    8,    0,    0,    9,   15,    0],
[2024-06-21 13:23:19,338][flwr][INFO] - 	       [   0,   81,    0,  859,    1,    0,    1,   32,    0,    0],
[2024-06-21 13:23:19,338][flwr][INFO] - 	       [   0,  178,    0,  799,    1,    0,    0,   31,    0,    0]])),
[2024-06-21 13:23:19,338][flwr][INFO] - 	                      (1,
[2024-06-21 13:23:19,338][flwr][INFO] - 	                       array([[ 889,    7,    2,    3,    0,    1,   73,    4,    1,    0],
[2024-06-21 13:23:19,338][flwr][INFO] - 	       [   0,    0, 1101,    3,   17,    0,    7,    1,    2,    4],
[2024-06-21 13:23:19,338][flwr][INFO] - 	       [  43,    2,  441,  304,   14,    1,   91,   90,   23,   23],
[2024-06-21 13:23:19,338][flwr][INFO] - 	       [  63,    2,   17,  301,  404,    2,  110,    9,   49,   53],
[2024-06-21 13:23:19,338][flwr][INFO] - 	       [ 184,    0,    2,    0,  576,   32,   52,   43,    5,   88],
[2024-06-21 13:23:19,338][flwr][INFO] - 	       [ 302,    8,   15,    9,   71,   93,  369,    8,   12,    5],
[2024-06-21 13:23:19,338][flwr][INFO] - 	       [  16,    0,    7,    3,   26,    1,  755,  148,    0,    2],
[2024-06-21 13:23:19,338][flwr][INFO] - 	       [ 101,    0,   27,    5,    7,    1,    1,  536,  241,  109],
[2024-06-21 13:23:19,338][flwr][INFO] - 	       [ 106,    0,   31,   29,  178,    2,   94,    6,  177,  351],
[2024-06-21 13:23:19,338][flwr][INFO] - 	       [ 210,    0,    2,    2,  165,    2,    1,   58,   19,  550]])),
[2024-06-21 13:23:19,338][flwr][INFO] - 	                      (2,
[2024-06-21 13:23:19,338][flwr][INFO] - 	                       array([[ 925,    4,    2,   19,    0,    5,   17,    1,    3,    4],
[2024-06-21 13:23:19,338][flwr][INFO] - 	       [   0,    0, 1117,    3,    0,    0,    5,    0,    3,    7],
[2024-06-21 13:23:19,338][flwr][INFO] - 	       [  10,    1,  338,  584,    4,    7,   17,    7,   39,   25],
[2024-06-21 13:23:19,338][flwr][INFO] - 	       [   8,    0,   19,  632,  189,    5,   15,    6,   88,   48],
[2024-06-21 13:23:19,338][flwr][INFO] - 	       [  30,    0,    1,    1,  115,  604,   18,    2,    4,  207],
[2024-06-21 13:23:19,338][flwr][INFO] - 	       [  87,   11,   17,   70,   41,  413,  140,    1,   84,   28],
[2024-06-21 13:23:19,338][flwr][INFO] - 	       [  35,    0,   12,   10,    5,    4,  773,  104,    0,   15],
[2024-06-21 13:23:19,338][flwr][INFO] - 	       [  79,    0,   33,   13,    0,    9,    2,    1,  852,   39],
[2024-06-21 13:23:19,338][flwr][INFO] - 	       [  25,    1,   42,   75,   14,   13,   27,    0,  335,  442],
[2024-06-21 13:23:19,338][flwr][INFO] - 	       [ 154,    0,    2,    2,    8,   40,    0,    4,  104,  695]])),
[2024-06-21 13:23:19,338][flwr][INFO] - 	                      (3,
[2024-06-21 13:23:19,338][flwr][INFO] - 	                       array([[ 818,  116,    1,    4,    1,    5,   24,    3,    1,    7],
[2024-06-21 13:23:19,338][flwr][INFO] - 	       [   0,    3, 1110,    5,    2,    2,    4,    0,    1,    8],
[2024-06-21 13:23:19,338][flwr][INFO] - 	       [   6,    2,  508,  427,   15,   10,   10,    8,   29,   17],
[2024-06-21 13:23:19,338][flwr][INFO] - 	       [   2,    7,   14,  575,  289,    7,   14,    5,   20,   77],
[2024-06-21 13:23:19,338][flwr][INFO] - 	       [   3,    0,    2,    0,  257,  553,   11,    0,    0,  156],
[2024-06-21 13:23:19,338][flwr][INFO] - 	       [  27,   18,    9,   51,   42,  525,  143,    1,   26,   50],
[2024-06-21 13:23:19,338][flwr][INFO] - 	       [  10,    2,   15,    4,   24,   14,  731,  145,    0,   13],
[2024-06-21 13:23:19,338][flwr][INFO] - 	       [  50,    0,   39,   19,    6,   15,    0,   20,  784,   95],
[2024-06-21 13:23:19,338][flwr][INFO] - 	       [   7,    3,   33,   44,   31,   19,   21,    0,   25,  791],
[2024-06-21 13:23:19,338][flwr][INFO] - 	       [  52,    0,    2,    6,   15,   51,    0,    1,    7,  875]])),
[2024-06-21 13:23:19,338][flwr][INFO] - 	                      (4,
[2024-06-21 13:23:19,338][flwr][INFO] - 	                       array([[ 732,  221,    0,    3,    0,    6,    9,    3,    2,    4],
[2024-06-21 13:23:19,338][flwr][INFO] - 	       [   0,    4, 1103,    4,    1,    2,    4,    0,    4,   13],
[2024-06-21 13:23:19,338][flwr][INFO] - 	       [   4,    6,  263,  658,   11,    9,   11,   12,   44,   14],
[2024-06-21 13:23:19,338][flwr][INFO] - 	       [   0,    7,    6,  539,  362,    8,    9,    4,   40,   35],
[2024-06-21 13:23:19,338][flwr][INFO] - 	       [   9,    0,    0,    2,  327,  551,    8,    3,    1,   81],
[2024-06-21 13:23:19,338][flwr][INFO] - 	       [  23,   17,    2,   45,   44,  552,  127,    6,   57,   19],
[2024-06-21 13:23:19,338][flwr][INFO] - 	       [  13,    4,    4,    4,    9,    9,  583,  323,    0,    9],
[2024-06-21 13:23:19,338][flwr][INFO] - 	       [  53,    0,   25,   27,    7,    6,    0,   47,  827,   36],
[2024-06-21 13:23:19,338][flwr][INFO] - 	       [   5,    5,   11,   32,   25,   27,   17,    1,  236,  615],
[2024-06-21 13:23:19,338][flwr][INFO] - 	       [  99,    0,    3,    3,   23,   43,    0,    1,   49,  788]])),
[2024-06-21 13:23:19,338][flwr][INFO] - 	                      (5,
[2024-06-21 13:23:19,338][flwr][INFO] - 	                       array([[ 413,  519,    0,    3,    0,    5,   31,    7,    1,    1],
[2024-06-21 13:23:19,338][flwr][INFO] - 	       [   0,  108, 1008,    5,    1,    1,    7,    0,    4,    1],
[2024-06-21 13:23:19,339][flwr][INFO] - 	       [   2,    7,  338,  618,    4,   14,   13,    9,   26,    1],
[2024-06-21 13:23:19,339][flwr][INFO] - 	       [   0,    6,    5,  767,  142,   20,   21,    3,   27,   19],
[2024-06-21 13:23:19,339][flwr][INFO] - 	       [   2,    0,    1,    3,  143,  789,   12,    3,    2,   27],
[2024-06-21 13:23:19,339][flwr][INFO] - 	       [   3,   20,    2,   45,    9,  296,  479,    2,   32,    4],
[2024-06-21 13:23:19,339][flwr][INFO] - 	       [   4,    6,    6,    3,    1,   14,  751,  173,    0,    0],
[2024-06-21 13:23:19,339][flwr][INFO] - 	       [  20,    1,   31,   52,    4,   19,    0,   20,  856,   25],
[2024-06-21 13:23:19,339][flwr][INFO] - 	       [   3,    9,   31,   80,    5,   43,   68,    0,  398,  337],
[2024-06-21 13:23:19,339][flwr][INFO] - 	       [  87,    1,    5,    9,   17,  107,    3,    3,   25,  752]])),
[2024-06-21 13:23:19,339][flwr][INFO] - 	                      (6,
[2024-06-21 13:23:19,339][flwr][INFO] - 	                       array([[405, 550,   0,   2,   0,   4,   4,  11,   1,   3],
[2024-06-21 13:23:19,339][flwr][INFO] - 	       [  0, 195, 920,   5,   0,   2,   6,   1,   1,   5],
[2024-06-21 13:23:19,339][flwr][INFO] - 	       [  2,  11, 436, 506,  12,   9,  12,  12,  20,  12],
[2024-06-21 13:23:19,339][flwr][INFO] - 	       [  1,   6,   3, 370, 562,  15,   6,   6,  11,  30],
[2024-06-21 13:23:19,339][flwr][INFO] - 	       [  4,   0,   0,   3, 218, 691,  13,   2,   1,  50],
[2024-06-21 13:23:19,339][flwr][INFO] - 	       [ 10,  24,   1,  29,  26, 515, 244,   4,  24,  15],
[2024-06-21 13:23:19,339][flwr][INFO] - 	       [  1,   9,   3,   3,   2,   7, 780, 149,   0,   4],
[2024-06-21 13:23:19,339][flwr][INFO] - 	       [ 31,   3,  25,  42,   3,   6,   0, 640, 258,  20],
[2024-06-21 13:23:19,339][flwr][INFO] - 	       [  3,  10,  16,  40,  11,  33,  34,   1, 105, 721],
[2024-06-21 13:23:19,339][flwr][INFO] - 	       [242,   3,   3,   5,  19,  45,   1,  10,  19, 662]])),
[2024-06-21 13:23:19,339][flwr][INFO] - 	                      (7,
[2024-06-21 13:23:19,339][flwr][INFO] - 	                       array([[527, 421,   0,   2,   0,   5,   4,  14,   1,   6],
[2024-06-21 13:23:19,339][flwr][INFO] - 	       [  0, 285, 832,   6,   0,   1,   6,   0,   2,   3],
[2024-06-21 13:23:19,339][flwr][INFO] - 	       [  1,   6, 290, 668,  11,   6,  11,   8,  26,   5],
[2024-06-21 13:23:19,339][flwr][INFO] - 	       [  0,   2,   3, 746, 211,  10,   5,   1,  16,  16],
[2024-06-21 13:23:19,339][flwr][INFO] - 	       [  1,   0,   0,   2, 550, 357,  18,   3,   2,  49],
[2024-06-21 13:23:19,339][flwr][INFO] - 	       [  2,   9,   2,  63,  11, 462, 296,   3,  27,  17],
[2024-06-21 13:23:19,339][flwr][INFO] - 	       [  0,   7,   3,   3,   2,   3, 759, 176,   0,   5],
[2024-06-21 13:23:19,339][flwr][INFO] - 	       [  9,   6,  26,  39,   3,   9,   0,  22, 889,  25],
[2024-06-21 13:23:19,339][flwr][INFO] - 	       [  1,   6,  25,  56,   7,  22,  33,   1, 248, 575],
[2024-06-21 13:23:19,339][flwr][INFO] - 	       [ 30,   1,   6,   5,  24,  31,   2,   1,  25, 884]])),
[2024-06-21 13:23:19,339][flwr][INFO] - 	                      (8,
[2024-06-21 13:23:19,339][flwr][INFO] - 	                       array([[608, 352,   0,   1,   0,   5,   3,   7,   1,   3],
[2024-06-21 13:23:19,339][flwr][INFO] - 	       [  0, 460, 652,   6,   0,   5,   5,   0,   1,   6],
[2024-06-21 13:23:19,339][flwr][INFO] - 	       [  4,  10, 405, 549,   4,  18,   6,  10,  16,  10],
[2024-06-21 13:23:19,339][flwr][INFO] - 	       [  1,   6,   2, 747, 177,  28,   6,   2,  10,  31],
[2024-06-21 13:23:19,339][flwr][INFO] - 	       [ 10,   0,   0,   2,  25, 916,  11,   1,   0,  17],
[2024-06-21 13:23:19,339][flwr][INFO] - 	       [ 16,  13,   1,  32,   4, 626, 176,   2,   7,  15],
[2024-06-21 13:23:19,339][flwr][INFO] - 	       [  7,  10,   3,   3,   0,  16, 779, 137,   0,   3],
[2024-06-21 13:23:19,339][flwr][INFO] - 	       [ 65,   4,  27,  35,   2,  17,   0, 195, 662,  21],
[2024-06-21 13:23:19,339][flwr][INFO] - 	       [  9,   9,  13,  41,   2,  56,  17,   1,  58, 768],
[2024-06-21 13:23:19,339][flwr][INFO] - 	       [627,   4,   1,   4,   6,  86,   0,   3,   5, 273]])),
[2024-06-21 13:23:19,339][flwr][INFO] - 	                      (9,
[2024-06-21 13:23:19,339][flwr][INFO] - 	                       array([[665, 293,   0,   1,   0,   5,   1,   9,   2,   4],
[2024-06-21 13:23:19,339][flwr][INFO] - 	       [  0, 450, 660,   5,   0,   2,   4,   0,  10,   4],
[2024-06-21 13:23:19,339][flwr][INFO] - 	       [  3,   5, 216, 732,   8,  12,   5,   7,  37,   7],
[2024-06-21 13:23:19,339][flwr][INFO] - 	       [  0,   3,   0, 909,  37,  12,   2,   1,  19,  27],
[2024-06-21 13:23:19,339][flwr][INFO] - 	       [  5,   0,   0,   4, 324, 594,   9,   0,   2,  44],
[2024-06-21 13:23:19,339][flwr][INFO] - 	       [  6,   9,   0,  62,   3, 659, 110,   4,  23,  16],
[2024-06-21 13:23:19,340][flwr][INFO] - 	       [  3,  12,   3,   4,   1,  13, 674, 242,   0,   6],
[2024-06-21 13:23:19,340][flwr][INFO] - 	       [  9,   3,  10,  28,   2,   5,   0,  20, 934,  17],
[2024-06-21 13:23:19,340][flwr][INFO] - 	       [  2,   7,   7,  42,   4,  32,  10,   0, 365, 505],
[2024-06-21 13:23:19,340][flwr][INFO] - 	       [ 93,   4,   0,   9,  17,  22,   0,   1,  32, 831]])),
[2024-06-21 13:23:19,340][flwr][INFO] - 	                      (10,
[2024-06-21 13:23:19,340][flwr][INFO] - 	                       array([[237, 720,   0,   1,   0,   3,   2,  13,   1,   3],
[2024-06-21 13:23:19,340][flwr][INFO] - 	       [  0, 423, 693,   5,   0,   1,   5,   0,   1,   7],
[2024-06-21 13:23:19,340][flwr][INFO] - 	       [  0,   9,  73, 889,   9,   5,   7,  12,  19,   9],
[2024-06-21 13:23:19,340][flwr][INFO] - 	       [  1,   4,   1, 846, 114,   8,   4,   4,   9,  19],
[2024-06-21 13:23:19,340][flwr][INFO] - 	       [  8,   0,   1,   3, 147, 777,  11,   3,   0,  32],
[2024-06-21 13:23:19,340][flwr][INFO] - 	       [ 10,  15,   0,  46,  15, 388, 386,   5,  13,  14],
[2024-06-21 13:23:19,340][flwr][INFO] - 	       [  1,   8,   2,   5,   1,   5, 601, 330,   0,   5],
[2024-06-21 13:23:19,340][flwr][INFO] - 	       [ 17,   3,  12,  50,   2,   5,   0, 513, 406,  20],
[2024-06-21 13:23:19,340][flwr][INFO] - 	       [  3,  10,   9,  37,   5,  15,  18,   3, 192, 682],
[2024-06-21 13:23:19,340][flwr][INFO] - 	       [389,   9,   2,  11,  19,  35,   1,   6,   8, 529]]))],
[2024-06-21 13:23:19,340][flwr][INFO] - 	 'f1': [(0, 0.03553137346181725),
[2024-06-21 13:23:19,340][flwr][INFO] - 	        (1, 0.3813667505249194),
[2024-06-21 13:23:19,340][flwr][INFO] - 	        (2, 0.3679945633758448),
[2024-06-21 13:23:19,340][flwr][INFO] - 	        (3, 0.3857918386052844),
[2024-06-21 13:23:19,340][flwr][INFO] - 	        (4, 0.379735359835596),
[2024-06-21 13:23:19,340][flwr][INFO] - 	        (5, 0.3680562479139816),
[2024-06-21 13:23:19,340][flwr][INFO] - 	        (6, 0.41920765460770426),
[2024-06-21 13:23:19,340][flwr][INFO] - 	        (7, 0.45554029891273223),
[2024-06-21 13:23:19,340][flwr][INFO] - 	        (8, 0.3876715784868501),
[2024-06-21 13:23:19,340][flwr][INFO] - 	        (9, 0.4875318400657161),
[2024-06-21 13:23:19,340][flwr][INFO] - 	        (10, 0.37287558770395074)],
[2024-06-21 13:23:19,340][flwr][INFO] - 	 'precision': [(0, 0.12349967530374152),
[2024-06-21 13:23:19,340][flwr][INFO] - 	               (1, 0.4065747160728987),
[2024-06-21 13:23:19,340][flwr][INFO] - 	               (2, 0.3397301502351015),
[2024-06-21 13:23:19,340][flwr][INFO] - 	               (3, 0.37121548347431615),
[2024-06-21 13:23:19,340][flwr][INFO] - 	               (4, 0.3712797047819533),
[2024-06-21 13:23:19,340][flwr][INFO] - 	               (5, 0.3850665277189371),
[2024-06-21 13:23:19,340][flwr][INFO] - 	               (6, 0.4267093934339481),
[2024-06-21 13:23:19,340][flwr][INFO] - 	               (7, 0.4678315647611039),
[2024-06-21 13:23:19,340][flwr][INFO] - 	               (8, 0.3998760202298964),
[2024-06-21 13:23:19,340][flwr][INFO] - 	               (9, 0.5164089709151255),
[2024-06-21 13:23:19,340][flwr][INFO] - 	               (10, 0.3878217022590631)],
[2024-06-21 13:23:19,340][flwr][INFO] - 	 'recall': [(0, 0.1086),
[2024-06-21 13:23:19,340][flwr][INFO] - 	            (1, 0.4318),
[2024-06-21 13:23:19,340][flwr][INFO] - 	            (2, 0.4227),
[2024-06-21 13:23:19,340][flwr][INFO] - 	            (3, 0.4337),
[2024-06-21 13:23:19,340][flwr][INFO] - 	            (4, 0.4071),
[2024-06-21 13:23:19,340][flwr][INFO] - 	            (5, 0.3986),
[2024-06-21 13:23:19,340][flwr][INFO] - 	            (6, 0.4326),
[2024-06-21 13:23:19,340][flwr][INFO] - 	            (7, 0.4773),
[2024-06-21 13:23:19,340][flwr][INFO] - 	            (8, 0.4176),
[2024-06-21 13:23:19,340][flwr][INFO] - 	            (9, 0.5113),
[2024-06-21 13:23:19,340][flwr][INFO] - 	            (10, 0.3949)]}
[2024-06-21 13:23:19,341][flwr][INFO] - 
