[2024-06-20 19:04:02,567][flwr][INFO] - Starting Flower simulation, config: num_rounds=10, no round_timeout
[2024-06-20 19:04:04,622][flwr][INFO] - Flower VCE: Ray initialized with resources: {'node:__internal_head__': 1.0, 'object_store_memory': 2147483648.0, 'node:127.0.0.1': 1.0, 'CPU': 12.0, 'memory': 9883657831.0}
[2024-06-20 19:04:04,622][flwr][INFO] - Optimize your simulation with Flower VCE: https://flower.ai/docs/framework/how-to-run-simulations.html
[2024-06-20 19:04:04,622][flwr][INFO] - Flower VCE: Resources for each Virtual Client: {'num_cpus': 2, 'num_gpus': 0}
[2024-06-20 19:04:04,629][flwr][INFO] - Flower VCE: Creating VirtualClientEngineActorPool with 6 actors
[2024-06-20 19:04:04,629][flwr][INFO] - [INIT]
[2024-06-20 19:04:04,629][flwr][INFO] - Requesting initial parameters from one random client
[2024-06-20 19:04:06,580][flwr][INFO] - Received initial parameters from one random client
[2024-06-20 19:04:06,580][flwr][INFO] - Evaluating initial global parameters
[2024-06-20 19:04:07,022][flwr][INFO] - initial parameters (loss, other metrics): 181.76928067207336, {'accuracy': 0.1086, 'precision': 0.12349967530374152, 'recall': 0.1086, 'f1': 0.03553137346181725, 'confusion_matrix': array([[   0,    8,    0,  956,    0,    1,    0,   15,    0,    0],
       [   0,  122,    0, 1013,    0,    0,    0,    0,    0,    0],
       [   0,   38,    0,  971,    0,    0,    3,   19,    1,    0],
       [   0,   44,    0,  945,    1,    1,    0,   17,    2,    0],
       [   0,  143,    0,  816,    1,    0,    2,   20,    0,    0],
       [   0,  118,    0,  735,    1,    7,    0,   30,    1,    0],
       [   0,  144,    0,  749,   25,    0,    2,   38,    0,    0],
       [   0,  272,    0,  724,    8,    0,    0,    9,   15,    0],
       [   0,   81,    0,  859,    1,    0,    1,   32,    0,    0],
       [   0,  178,    0,  799,    1,    0,    0,   31,    0,    0]])}
[2024-06-20 19:04:07,022][flwr][INFO] - 
[2024-06-20 19:04:07,022][flwr][INFO] - [ROUND 1]
[2024-06-20 19:04:07,023][flwr][INFO] - configure_fit: strategy sampled 10 clients (out of 100)
[2024-06-20 19:04:13,958][flwr][INFO] - aggregate_fit: received 10 results and 0 failures
[2024-06-20 19:04:13,965][flwr][WARNING] - No fit_metrics_aggregation_fn provided
[2024-06-20 19:04:14,407][flwr][INFO] - fit progress: (1, 5282.274143218994, {'accuracy': 0.1194, 'precision': 0.06523745946036939, 'recall': 0.1194, 'f1': 0.03782311853959585, 'confusion_matrix': array([[   4,  967,    0,    8,    1,    0,    0,    0,    0,    0],
       [   2, 1104,    0,   29,    0,    0,    0,    0,    0,    0],
       [  37,  960,    0,   31,    1,    0,    0,    0,    2,    1],
       [   9,  907,    0,   84,    0,    0,    0,    0,    5,    5],
       [   7,  967,    0,    7,    1,    0,    0,    0,    0,    0],
       [   8,  834,    0,   33,    5,    0,    0,    0,    0,   12],
       [  19,  931,    0,    7,    1,    0,    0,    0,    0,    0],
       [   5, 1006,    0,   12,    2,    0,    0,    0,    3,    0],
       [   2,  924,    0,   37,    1,    0,    0,    0,    1,    9],
       [   4,  988,    0,   15,    2,    0,    0,    0,    0,    0]])}, 7.384965750000001)
[2024-06-20 19:04:14,407][flwr][INFO] - configure_evaluate: no clients selected, skipping evaluation
[2024-06-20 19:04:14,408][flwr][INFO] - 
[2024-06-20 19:04:14,408][flwr][INFO] - [ROUND 2]
[2024-06-20 19:04:14,408][flwr][INFO] - configure_fit: strategy sampled 10 clients (out of 100)
[2024-06-20 19:04:19,810][flwr][INFO] - aggregate_fit: received 10 results and 0 failures
[2024-06-20 19:04:20,470][flwr][INFO] - fit progress: (2, 5514.719589233398, {'accuracy': 0.1694, 'precision': 0.2839578129691011, 'recall': 0.1694, 'f1': 0.13842500391514817, 'confusion_matrix': array([[ 50,   4,  20, 633,   0,  21,   0,   0,   3, 249],
       [  2,  68, 710, 108,  42,  92,   0,   0,   0, 113],
       [ 12,   6, 172, 612,   2, 113,   0,   8,  14,  93],
       [ 23,   0,  60, 822,   2,  60,   0,   5,   9,  29],
       [  9,  15, 376, 221, 108,  44,  10,  22,  56, 121],
       [  5,  12,  66, 518,   2,  73,   1,   2,  13, 200],
       [ 69,  12, 402, 241,   4,  45,   3,   1,  14, 167],
       [ 27,   5, 347, 271,  10,  34,   1, 220,  19,  94],
       [  4,   5, 101, 490,   3,  14,   0,   8,   7, 342],
       [ 16,   6, 420, 299,  20,  17,   2,  26,  32, 171]])}, 13.448311208000002)
[2024-06-20 19:04:20,471][flwr][INFO] - configure_evaluate: no clients selected, skipping evaluation
[2024-06-20 19:04:20,471][flwr][INFO] - 
[2024-06-20 19:04:20,471][flwr][INFO] - [ROUND 3]
[2024-06-20 19:04:20,471][flwr][INFO] - configure_fit: strategy sampled 10 clients (out of 100)
[2024-06-20 19:04:26,072][flwr][INFO] - aggregate_fit: received 10 results and 0 failures
[2024-06-20 19:04:26,529][flwr][INFO] - fit progress: (3, 7425.49267578125, {'accuracy': 0.2314, 'precision': 0.2652501345819203, 'recall': 0.2314, 'f1': 0.19847490927431863, 'confusion_matrix': array([[225,  38,   4, 112,   1,  76,  81,   5,   0, 438],
       [ 40,  12, 168,  34, 109,  67,  35,   4,   0, 666],
       [ 95,   3, 111, 160,   4, 211,  96,   8,  23, 321],
       [ 53,   0,  76, 282,   4, 332,  39,  12,  20, 192],
       [145,   5,   5,  12,  25,   7,  79,   6,  22, 676],
       [ 38,  13,  33, 107,   2, 344,  52,  19,  29, 255],
       [133,   6,   4,  16,   1,  30, 367,   0,   6, 395],
       [ 66,   1,  88,  21,   6,  17,  24, 190,   5, 610],
       [ 94,   4,  34, 101,   2, 132, 102,  18,  18, 469],
       [ 95,   3,  11,   9,   4,  19,  76,  30,  22, 740]])}, 19.507378707999997)
[2024-06-20 19:04:26,530][flwr][INFO] - configure_evaluate: no clients selected, skipping evaluation
[2024-06-20 19:04:26,530][flwr][INFO] - 
[2024-06-20 19:04:26,530][flwr][INFO] - [ROUND 4]
[2024-06-20 19:04:26,530][flwr][INFO] - configure_fit: strategy sampled 10 clients (out of 100)
[2024-06-20 19:04:31,868][flwr][INFO] - aggregate_fit: received 10 results and 0 failures
[2024-06-20 19:04:32,308][flwr][INFO] - fit progress: (4, 12594.27212524414, {'accuracy': 0.3063, 'precision': 0.3402926969407246, 'recall': 0.3063, 'f1': 0.28650410234264073, 'confusion_matrix': array([[281,  55, 228,   5,   2,  63, 244,   9,   5,  88],
       [ 15, 582,  55,  44,   9,  26,  58,  10,   8, 328],
       [116,  86, 458,  69,  25,  16, 176,   9,  11,  66],
       [ 49,  28, 304, 405,   3,  81,  47,  31,   9,  53],
       [144,  11,  11,   9,  57,   5, 571,  15,  12, 147],
       [ 73,  92, 136, 123,   5,  84, 159,  47,  27, 146],
       [173,  46,  33,  12,  19,  12, 602,   2,   6,  53],
       [286,  31, 149,  11,   9,   1, 195, 293,   4,  49],
       [138,  45, 273, 188,  13,  23, 116,  34,  39, 105],
       [183,  29,  57,  48,  63,  25, 293,  28,  21, 262]])}, 25.286830875)
[2024-06-20 19:04:32,309][flwr][INFO] - configure_evaluate: no clients selected, skipping evaluation
[2024-06-20 19:04:32,309][flwr][INFO] - 
[2024-06-20 19:04:32,309][flwr][INFO] - [ROUND 5]
[2024-06-20 19:04:32,309][flwr][INFO] - configure_fit: strategy sampled 10 clients (out of 100)
[2024-06-20 19:04:37,889][flwr][INFO] - aggregate_fit: received 10 results and 0 failures
[2024-06-20 19:04:38,342][flwr][INFO] - fit progress: (5, 14864.104095458984, {'accuracy': 0.389, 'precision': 0.4228111308426947, 'recall': 0.389, 'f1': 0.3871576666211907, 'confusion_matrix': array([[437,  13,  27,   8,  22, 110,  68, 118, 146,  31],
       [  5, 323, 131,  15,  87, 304,  38,  21,  34, 177],
       [ 79,  31, 309,  72,  87,  84, 126, 101, 123,  20],
       [ 63,   3,  27, 476,  22, 240,  13, 114,  35,  17],
       [ 17,   2,  13,  85, 467,  66, 163,  69,  29,  71],
       [ 22,  14,  32,  97,  75, 319,  60, 119,  97,  57],
       [ 48,   5,  27,  11,  92,  61, 590,  25,  75,  24],
       [ 28,   8,  70,  49, 127,  65,  32, 559,  31,  59],
       [ 22,  31,  64, 181,  57, 115,  55, 125, 226,  98],
       [ 17,   9,  17,  69, 359,  99,  60, 145,  50, 184]])}, 31.320432540999995)
[2024-06-20 19:04:38,342][flwr][INFO] - configure_evaluate: no clients selected, skipping evaluation
[2024-06-20 19:04:38,342][flwr][INFO] - 
[2024-06-20 19:04:38,342][flwr][INFO] - [ROUND 6]
[2024-06-20 19:04:38,343][flwr][INFO] - configure_fit: strategy sampled 10 clients (out of 100)
[2024-06-20 19:04:43,600][flwr][INFO] - aggregate_fit: received 10 results and 0 failures
[2024-06-20 19:04:44,038][flwr][INFO] - fit progress: (6, 27741.66145324707, {'accuracy': 0.419, 'precision': 0.4864099551683251, 'recall': 0.419, 'f1': 0.40981219085790516, 'confusion_matrix': array([[419,  46, 403,   4,  11,  32,   8,  33,  12,  12],
       [ 13, 608, 273,   0,   9,  33,  12, 182,   5,   0],
       [ 40,  22, 873,   1,  41,   8,   6,  22,   9,  10],
       [ 68,  28, 367, 229,  18, 119,   8, 135,  23,  15],
       [ 32,  14, 121,  17, 592,   4,  39,  25,   5, 133],
       [ 33,  64, 222,  37,  98, 178,  22,  87, 102,  49],
       [102,  27, 249,   4,  88,  18, 327,  11,  43,  89],
       [121,   4, 217,  22,  95,   2,  21, 481,  15,  50],
       [ 49,  51, 443,  40,  53,  14,  29,  89, 160,  46],
       [ 60,  12, 119,  16, 375,   4,  11,  75,  14, 323]])}, 37.016755875)
[2024-06-20 19:04:44,038][flwr][INFO] - configure_evaluate: no clients selected, skipping evaluation
[2024-06-20 19:04:44,038][flwr][INFO] - 
[2024-06-20 19:04:44,039][flwr][INFO] - [ROUND 7]
[2024-06-20 19:04:44,039][flwr][INFO] - configure_fit: strategy sampled 10 clients (out of 100)
[2024-06-20 19:04:49,974][flwr][INFO] - aggregate_fit: received 10 results and 0 failures
[2024-06-20 19:04:50,430][flwr][INFO] - fit progress: (7, 36832.62644958496, {'accuracy': 0.4661, 'precision': 0.5019690383743567, 'recall': 0.4661, 'f1': 0.4680134878797453, 'confusion_matrix': array([[273,  12, 364,  48,   7, 107,  14,   5,  96,  54],
       [ 41, 671,  34,  34, 108, 118,  23,  49,  49,   8],
       [ 13,  40, 685,  58,  64,  40,  46,   8,  59,  19],
       [ 43,   7,  88, 544,  14, 116,  45,  29,  77,  47],
       [  3,   1,  42,  66, 412,  19,  96,  11,  63, 269],
       [ 18,  19,  82, 157,  39, 291,  18,  16, 183,  69],
       [ 25,  12, 164,  23,  57,  74, 464,   4,  72,  63],
       [ 77,  11,  95,  85,  24,   6,  52, 404, 153, 121],
       [ 20,  27,  96, 141,  42,  67, 102,  16, 358, 105],
       [ 16,   3,  51, 128, 144,  10,  17,  21,  60, 559]])}, 43.40856125)
[2024-06-20 19:04:50,430][flwr][INFO] - configure_evaluate: no clients selected, skipping evaluation
[2024-06-20 19:04:50,430][flwr][INFO] - 
[2024-06-20 19:04:50,430][flwr][INFO] - [ROUND 8]
[2024-06-20 19:04:50,431][flwr][INFO] - configure_fit: strategy sampled 10 clients (out of 100)
[2024-06-20 19:04:55,778][flwr][INFO] - aggregate_fit: received 10 results and 0 failures
[2024-06-20 19:04:56,216][flwr][INFO] - fit progress: (8, 53176.26193237305, {'accuracy': 0.494, 'precision': 0.5276573076907816, 'recall': 0.494, 'f1': 0.49219283009240533, 'confusion_matrix': array([[752,   2,  78,   8,   3,  70,   7,  10,  22,  28],
       [ 70, 550,  82,  27,   4, 260,  31,  94,  14,   3],
       [ 94,  38, 671,  32,  31,  48,  27,  44,  38,   9],
       [169,  14,  99, 388,  11, 168,   7,  92,  23,  39],
       [ 45,   4,  43,  40, 351,  72, 111,  69,  69, 178],
       [104,  14,  59,  56,  40, 429,  18,  55,  77,  40],
       [118,  18, 104,   6,  21,  99, 490,  21,  62,  19],
       [195,   8,  46,  27,  10,  21,  19, 611,  32,  59],
       [141,  22,  61,  62,  54, 162,  55,  97, 254,  66],
       [175,   6,  32,  49, 107,  60,  32,  61,  43, 444]])}, 49.194832583)
[2024-06-20 19:04:56,216][flwr][INFO] - configure_evaluate: no clients selected, skipping evaluation
[2024-06-20 19:04:56,216][flwr][INFO] - 
[2024-06-20 19:04:56,216][flwr][INFO] - [ROUND 9]
[2024-06-20 19:04:56,217][flwr][INFO] - configure_fit: strategy sampled 10 clients (out of 100)
[2024-06-20 19:05:01,528][flwr][INFO] - aggregate_fit: received 10 results and 0 failures
[2024-06-20 19:05:01,981][flwr][INFO] - fit progress: (9, 83161.13293457031, {'accuracy': 0.5267, 'precision': 0.5368681641618488, 'recall': 0.5267, 'f1': 0.5199713180235931, 'confusion_matrix': array([[571,   6, 147,  20,   9,  76,  50,   3,  62,  36],
       [ 23, 874,  51,  45,   4,  16,   9,   6,  94,  13],
       [ 24,  53, 637,  84,  38,  18,  44,  23, 106,   5],
       [ 93,  36,  62, 577,  16,  51,  16,  42,  76,  41],
       [ 24,  11,  32,  62, 363,  11, 218,  13,  87, 161],
       [ 54,  49,  38, 130,  57, 301,  31,  25, 163,  44],
       [ 20,  18,  91,  10,  14,  51, 701,   5,  33,  15],
       [276,  23,  35,  45,  36,   5,  64, 323,  64, 157],
       [ 48,  41,  81, 110,  51,  40,  38,  36, 499,  30],
       [136,  23,  33,  77, 176,  10,  51,  14,  68, 421]])}, 54.959889165999996)
[2024-06-20 19:05:01,981][flwr][INFO] - configure_evaluate: no clients selected, skipping evaluation
[2024-06-20 19:05:01,981][flwr][INFO] - 
[2024-06-20 19:05:01,981][flwr][INFO] - [ROUND 10]
[2024-06-20 19:05:01,982][flwr][INFO] - configure_fit: strategy sampled 10 clients (out of 100)
[2024-06-20 19:05:07,357][flwr][INFO] - aggregate_fit: received 10 results and 0 failures
[2024-06-20 19:05:07,804][flwr][INFO] - fit progress: (10, 127249.22381591797, {'accuracy': 0.5308, 'precision': 0.5552588093518047, 'recall': 0.5308, 'f1': 0.5303328230528994, 'confusion_matrix': array([[ 616,   13,   34,    5,    9,  144,   30,    6,   55,   68],
       [   2, 1006,   21,    1,    6,   56,    3,    6,   22,   12],
       [  31,   71,  567,  112,   39,   66,   38,   22,   81,    5],
       [  47,   71,   58,  404,   37,  247,    5,   35,   57,   49],
       [  40,    8,   27,   22,  415,   96,   94,   36,  104,  140],
       [  30,   36,   20,   33,   49,  557,   10,   24,  101,   32],
       [  39,   26,   41,    3,   21,  140,  540,    5,  131,   12],
       [ 251,   26,   34,   15,   30,   46,   28,  413,   43,  142],
       [  27,   59,   47,   40,  102,  193,   14,   31,  432,   29],
       [ 148,   10,   33,   13,  246,   86,   23,   23,   69,  358]])}, 60.783008583)
[2024-06-20 19:05:07,804][flwr][INFO] - configure_evaluate: no clients selected, skipping evaluation
[2024-06-20 19:05:07,805][flwr][INFO] - 
[2024-06-20 19:05:07,805][flwr][INFO] - [SUMMARY]
[2024-06-20 19:05:07,805][flwr][INFO] - Run finished 10 round(s) in 60.78s
[2024-06-20 19:05:07,809][flwr][INFO] - 	History (loss, centralized):
[2024-06-20 19:05:07,810][flwr][INFO] - 		round 0: 181.76928067207336
[2024-06-20 19:05:07,810][flwr][INFO] - 		round 1: 5282.274143218994
[2024-06-20 19:05:07,810][flwr][INFO] - 		round 2: 5514.719589233398
[2024-06-20 19:05:07,810][flwr][INFO] - 		round 3: 7425.49267578125
[2024-06-20 19:05:07,810][flwr][INFO] - 		round 4: 12594.27212524414
[2024-06-20 19:05:07,810][flwr][INFO] - 		round 5: 14864.104095458984
[2024-06-20 19:05:07,810][flwr][INFO] - 		round 6: 27741.66145324707
[2024-06-20 19:05:07,810][flwr][INFO] - 		round 7: 36832.62644958496
[2024-06-20 19:05:07,810][flwr][INFO] - 		round 8: 53176.26193237305
[2024-06-20 19:05:07,810][flwr][INFO] - 		round 9: 83161.13293457031
[2024-06-20 19:05:07,810][flwr][INFO] - 		round 10: 127249.22381591797
[2024-06-20 19:05:07,810][flwr][INFO] - 	History (metrics, centralized):
[2024-06-20 19:05:07,810][flwr][INFO] - 	{'accuracy': [(0, 0.1086),
[2024-06-20 19:05:07,810][flwr][INFO] - 	              (1, 0.1194),
[2024-06-20 19:05:07,810][flwr][INFO] - 	              (2, 0.1694),
[2024-06-20 19:05:07,810][flwr][INFO] - 	              (3, 0.2314),
[2024-06-20 19:05:07,810][flwr][INFO] - 	              (4, 0.3063),
[2024-06-20 19:05:07,810][flwr][INFO] - 	              (5, 0.389),
[2024-06-20 19:05:07,810][flwr][INFO] - 	              (6, 0.419),
[2024-06-20 19:05:07,810][flwr][INFO] - 	              (7, 0.4661),
[2024-06-20 19:05:07,810][flwr][INFO] - 	              (8, 0.494),
[2024-06-20 19:05:07,810][flwr][INFO] - 	              (9, 0.5267),
[2024-06-20 19:05:07,810][flwr][INFO] - 	              (10, 0.5308)],
[2024-06-20 19:05:07,810][flwr][INFO] - 	 'confusion_matrix': [(0,
[2024-06-20 19:05:07,810][flwr][INFO] - 	                       array([[   0,    8,    0,  956,    0,    1,    0,   15,    0,    0],
[2024-06-20 19:05:07,810][flwr][INFO] - 	       [   0,  122,    0, 1013,    0,    0,    0,    0,    0,    0],
[2024-06-20 19:05:07,811][flwr][INFO] - 	       [   0,   38,    0,  971,    0,    0,    3,   19,    1,    0],
[2024-06-20 19:05:07,811][flwr][INFO] - 	       [   0,   44,    0,  945,    1,    1,    0,   17,    2,    0],
[2024-06-20 19:05:07,811][flwr][INFO] - 	       [   0,  143,    0,  816,    1,    0,    2,   20,    0,    0],
[2024-06-20 19:05:07,811][flwr][INFO] - 	       [   0,  118,    0,  735,    1,    7,    0,   30,    1,    0],
[2024-06-20 19:05:07,811][flwr][INFO] - 	       [   0,  144,    0,  749,   25,    0,    2,   38,    0,    0],
[2024-06-20 19:05:07,811][flwr][INFO] - 	       [   0,  272,    0,  724,    8,    0,    0,    9,   15,    0],
[2024-06-20 19:05:07,811][flwr][INFO] - 	       [   0,   81,    0,  859,    1,    0,    1,   32,    0,    0],
[2024-06-20 19:05:07,811][flwr][INFO] - 	       [   0,  178,    0,  799,    1,    0,    0,   31,    0,    0]])),
[2024-06-20 19:05:07,811][flwr][INFO] - 	                      (1,
[2024-06-20 19:05:07,811][flwr][INFO] - 	                       array([[   4,  967,    0,    8,    1,    0,    0,    0,    0,    0],
[2024-06-20 19:05:07,811][flwr][INFO] - 	       [   2, 1104,    0,   29,    0,    0,    0,    0,    0,    0],
[2024-06-20 19:05:07,811][flwr][INFO] - 	       [  37,  960,    0,   31,    1,    0,    0,    0,    2,    1],
[2024-06-20 19:05:07,811][flwr][INFO] - 	       [   9,  907,    0,   84,    0,    0,    0,    0,    5,    5],
[2024-06-20 19:05:07,811][flwr][INFO] - 	       [   7,  967,    0,    7,    1,    0,    0,    0,    0,    0],
[2024-06-20 19:05:07,811][flwr][INFO] - 	       [   8,  834,    0,   33,    5,    0,    0,    0,    0,   12],
[2024-06-20 19:05:07,811][flwr][INFO] - 	       [  19,  931,    0,    7,    1,    0,    0,    0,    0,    0],
[2024-06-20 19:05:07,811][flwr][INFO] - 	       [   5, 1006,    0,   12,    2,    0,    0,    0,    3,    0],
[2024-06-20 19:05:07,811][flwr][INFO] - 	       [   2,  924,    0,   37,    1,    0,    0,    0,    1,    9],
[2024-06-20 19:05:07,811][flwr][INFO] - 	       [   4,  988,    0,   15,    2,    0,    0,    0,    0,    0]])),
[2024-06-20 19:05:07,811][flwr][INFO] - 	                      (2,
[2024-06-20 19:05:07,811][flwr][INFO] - 	                       array([[ 50,   4,  20, 633,   0,  21,   0,   0,   3, 249],
[2024-06-20 19:05:07,811][flwr][INFO] - 	       [  2,  68, 710, 108,  42,  92,   0,   0,   0, 113],
[2024-06-20 19:05:07,811][flwr][INFO] - 	       [ 12,   6, 172, 612,   2, 113,   0,   8,  14,  93],
[2024-06-20 19:05:07,811][flwr][INFO] - 	       [ 23,   0,  60, 822,   2,  60,   0,   5,   9,  29],
[2024-06-20 19:05:07,811][flwr][INFO] - 	       [  9,  15, 376, 221, 108,  44,  10,  22,  56, 121],
[2024-06-20 19:05:07,811][flwr][INFO] - 	       [  5,  12,  66, 518,   2,  73,   1,   2,  13, 200],
[2024-06-20 19:05:07,811][flwr][INFO] - 	       [ 69,  12, 402, 241,   4,  45,   3,   1,  14, 167],
[2024-06-20 19:05:07,811][flwr][INFO] - 	       [ 27,   5, 347, 271,  10,  34,   1, 220,  19,  94],
[2024-06-20 19:05:07,811][flwr][INFO] - 	       [  4,   5, 101, 490,   3,  14,   0,   8,   7, 342],
[2024-06-20 19:05:07,811][flwr][INFO] - 	       [ 16,   6, 420, 299,  20,  17,   2,  26,  32, 171]])),
[2024-06-20 19:05:07,811][flwr][INFO] - 	                      (3,
[2024-06-20 19:05:07,811][flwr][INFO] - 	                       array([[225,  38,   4, 112,   1,  76,  81,   5,   0, 438],
[2024-06-20 19:05:07,811][flwr][INFO] - 	       [ 40,  12, 168,  34, 109,  67,  35,   4,   0, 666],
[2024-06-20 19:05:07,811][flwr][INFO] - 	       [ 95,   3, 111, 160,   4, 211,  96,   8,  23, 321],
[2024-06-20 19:05:07,811][flwr][INFO] - 	       [ 53,   0,  76, 282,   4, 332,  39,  12,  20, 192],
[2024-06-20 19:05:07,811][flwr][INFO] - 	       [145,   5,   5,  12,  25,   7,  79,   6,  22, 676],
[2024-06-20 19:05:07,811][flwr][INFO] - 	       [ 38,  13,  33, 107,   2, 344,  52,  19,  29, 255],
[2024-06-20 19:05:07,811][flwr][INFO] - 	       [133,   6,   4,  16,   1,  30, 367,   0,   6, 395],
[2024-06-20 19:05:07,811][flwr][INFO] - 	       [ 66,   1,  88,  21,   6,  17,  24, 190,   5, 610],
[2024-06-20 19:05:07,811][flwr][INFO] - 	       [ 94,   4,  34, 101,   2, 132, 102,  18,  18, 469],
[2024-06-20 19:05:07,811][flwr][INFO] - 	       [ 95,   3,  11,   9,   4,  19,  76,  30,  22, 740]])),
[2024-06-20 19:05:07,812][flwr][INFO] - 	                      (4,
[2024-06-20 19:05:07,812][flwr][INFO] - 	                       array([[281,  55, 228,   5,   2,  63, 244,   9,   5,  88],
[2024-06-20 19:05:07,812][flwr][INFO] - 	       [ 15, 582,  55,  44,   9,  26,  58,  10,   8, 328],
[2024-06-20 19:05:07,812][flwr][INFO] - 	       [116,  86, 458,  69,  25,  16, 176,   9,  11,  66],
[2024-06-20 19:05:07,812][flwr][INFO] - 	       [ 49,  28, 304, 405,   3,  81,  47,  31,   9,  53],
[2024-06-20 19:05:07,812][flwr][INFO] - 	       [144,  11,  11,   9,  57,   5, 571,  15,  12, 147],
[2024-06-20 19:05:07,812][flwr][INFO] - 	       [ 73,  92, 136, 123,   5,  84, 159,  47,  27, 146],
[2024-06-20 19:05:07,812][flwr][INFO] - 	       [173,  46,  33,  12,  19,  12, 602,   2,   6,  53],
[2024-06-20 19:05:07,812][flwr][INFO] - 	       [286,  31, 149,  11,   9,   1, 195, 293,   4,  49],
[2024-06-20 19:05:07,812][flwr][INFO] - 	       [138,  45, 273, 188,  13,  23, 116,  34,  39, 105],
[2024-06-20 19:05:07,812][flwr][INFO] - 	       [183,  29,  57,  48,  63,  25, 293,  28,  21, 262]])),
[2024-06-20 19:05:07,812][flwr][INFO] - 	                      (5,
[2024-06-20 19:05:07,812][flwr][INFO] - 	                       array([[437,  13,  27,   8,  22, 110,  68, 118, 146,  31],
[2024-06-20 19:05:07,812][flwr][INFO] - 	       [  5, 323, 131,  15,  87, 304,  38,  21,  34, 177],
[2024-06-20 19:05:07,812][flwr][INFO] - 	       [ 79,  31, 309,  72,  87,  84, 126, 101, 123,  20],
[2024-06-20 19:05:07,812][flwr][INFO] - 	       [ 63,   3,  27, 476,  22, 240,  13, 114,  35,  17],
[2024-06-20 19:05:07,812][flwr][INFO] - 	       [ 17,   2,  13,  85, 467,  66, 163,  69,  29,  71],
[2024-06-20 19:05:07,812][flwr][INFO] - 	       [ 22,  14,  32,  97,  75, 319,  60, 119,  97,  57],
[2024-06-20 19:05:07,812][flwr][INFO] - 	       [ 48,   5,  27,  11,  92,  61, 590,  25,  75,  24],
[2024-06-20 19:05:07,812][flwr][INFO] - 	       [ 28,   8,  70,  49, 127,  65,  32, 559,  31,  59],
[2024-06-20 19:05:07,812][flwr][INFO] - 	       [ 22,  31,  64, 181,  57, 115,  55, 125, 226,  98],
[2024-06-20 19:05:07,812][flwr][INFO] - 	       [ 17,   9,  17,  69, 359,  99,  60, 145,  50, 184]])),
[2024-06-20 19:05:07,812][flwr][INFO] - 	                      (6,
[2024-06-20 19:05:07,812][flwr][INFO] - 	                       array([[419,  46, 403,   4,  11,  32,   8,  33,  12,  12],
[2024-06-20 19:05:07,812][flwr][INFO] - 	       [ 13, 608, 273,   0,   9,  33,  12, 182,   5,   0],
[2024-06-20 19:05:07,812][flwr][INFO] - 	       [ 40,  22, 873,   1,  41,   8,   6,  22,   9,  10],
[2024-06-20 19:05:07,812][flwr][INFO] - 	       [ 68,  28, 367, 229,  18, 119,   8, 135,  23,  15],
[2024-06-20 19:05:07,812][flwr][INFO] - 	       [ 32,  14, 121,  17, 592,   4,  39,  25,   5, 133],
[2024-06-20 19:05:07,812][flwr][INFO] - 	       [ 33,  64, 222,  37,  98, 178,  22,  87, 102,  49],
[2024-06-20 19:05:07,812][flwr][INFO] - 	       [102,  27, 249,   4,  88,  18, 327,  11,  43,  89],
[2024-06-20 19:05:07,812][flwr][INFO] - 	       [121,   4, 217,  22,  95,   2,  21, 481,  15,  50],
[2024-06-20 19:05:07,812][flwr][INFO] - 	       [ 49,  51, 443,  40,  53,  14,  29,  89, 160,  46],
[2024-06-20 19:05:07,812][flwr][INFO] - 	       [ 60,  12, 119,  16, 375,   4,  11,  75,  14, 323]])),
[2024-06-20 19:05:07,812][flwr][INFO] - 	                      (7,
[2024-06-20 19:05:07,812][flwr][INFO] - 	                       array([[273,  12, 364,  48,   7, 107,  14,   5,  96,  54],
[2024-06-20 19:05:07,812][flwr][INFO] - 	       [ 41, 671,  34,  34, 108, 118,  23,  49,  49,   8],
[2024-06-20 19:05:07,812][flwr][INFO] - 	       [ 13,  40, 685,  58,  64,  40,  46,   8,  59,  19],
[2024-06-20 19:05:07,812][flwr][INFO] - 	       [ 43,   7,  88, 544,  14, 116,  45,  29,  77,  47],
[2024-06-20 19:05:07,812][flwr][INFO] - 	       [  3,   1,  42,  66, 412,  19,  96,  11,  63, 269],
[2024-06-20 19:05:07,812][flwr][INFO] - 	       [ 18,  19,  82, 157,  39, 291,  18,  16, 183,  69],
[2024-06-20 19:05:07,812][flwr][INFO] - 	       [ 25,  12, 164,  23,  57,  74, 464,   4,  72,  63],
[2024-06-20 19:05:07,812][flwr][INFO] - 	       [ 77,  11,  95,  85,  24,   6,  52, 404, 153, 121],
[2024-06-20 19:05:07,813][flwr][INFO] - 	       [ 20,  27,  96, 141,  42,  67, 102,  16, 358, 105],
[2024-06-20 19:05:07,813][flwr][INFO] - 	       [ 16,   3,  51, 128, 144,  10,  17,  21,  60, 559]])),
[2024-06-20 19:05:07,813][flwr][INFO] - 	                      (8,
[2024-06-20 19:05:07,813][flwr][INFO] - 	                       array([[752,   2,  78,   8,   3,  70,   7,  10,  22,  28],
[2024-06-20 19:05:07,813][flwr][INFO] - 	       [ 70, 550,  82,  27,   4, 260,  31,  94,  14,   3],
[2024-06-20 19:05:07,813][flwr][INFO] - 	       [ 94,  38, 671,  32,  31,  48,  27,  44,  38,   9],
[2024-06-20 19:05:07,813][flwr][INFO] - 	       [169,  14,  99, 388,  11, 168,   7,  92,  23,  39],
[2024-06-20 19:05:07,813][flwr][INFO] - 	       [ 45,   4,  43,  40, 351,  72, 111,  69,  69, 178],
[2024-06-20 19:05:07,813][flwr][INFO] - 	       [104,  14,  59,  56,  40, 429,  18,  55,  77,  40],
[2024-06-20 19:05:07,813][flwr][INFO] - 	       [118,  18, 104,   6,  21,  99, 490,  21,  62,  19],
[2024-06-20 19:05:07,813][flwr][INFO] - 	       [195,   8,  46,  27,  10,  21,  19, 611,  32,  59],
[2024-06-20 19:05:07,813][flwr][INFO] - 	       [141,  22,  61,  62,  54, 162,  55,  97, 254,  66],
[2024-06-20 19:05:07,813][flwr][INFO] - 	       [175,   6,  32,  49, 107,  60,  32,  61,  43, 444]])),
[2024-06-20 19:05:07,813][flwr][INFO] - 	                      (9,
[2024-06-20 19:05:07,813][flwr][INFO] - 	                       array([[571,   6, 147,  20,   9,  76,  50,   3,  62,  36],
[2024-06-20 19:05:07,813][flwr][INFO] - 	       [ 23, 874,  51,  45,   4,  16,   9,   6,  94,  13],
[2024-06-20 19:05:07,813][flwr][INFO] - 	       [ 24,  53, 637,  84,  38,  18,  44,  23, 106,   5],
[2024-06-20 19:05:07,813][flwr][INFO] - 	       [ 93,  36,  62, 577,  16,  51,  16,  42,  76,  41],
[2024-06-20 19:05:07,813][flwr][INFO] - 	       [ 24,  11,  32,  62, 363,  11, 218,  13,  87, 161],
[2024-06-20 19:05:07,813][flwr][INFO] - 	       [ 54,  49,  38, 130,  57, 301,  31,  25, 163,  44],
[2024-06-20 19:05:07,813][flwr][INFO] - 	       [ 20,  18,  91,  10,  14,  51, 701,   5,  33,  15],
[2024-06-20 19:05:07,813][flwr][INFO] - 	       [276,  23,  35,  45,  36,   5,  64, 323,  64, 157],
[2024-06-20 19:05:07,813][flwr][INFO] - 	       [ 48,  41,  81, 110,  51,  40,  38,  36, 499,  30],
[2024-06-20 19:05:07,813][flwr][INFO] - 	       [136,  23,  33,  77, 176,  10,  51,  14,  68, 421]])),
[2024-06-20 19:05:07,813][flwr][INFO] - 	                      (10,
[2024-06-20 19:05:07,813][flwr][INFO] - 	                       array([[ 616,   13,   34,    5,    9,  144,   30,    6,   55,   68],
[2024-06-20 19:05:07,813][flwr][INFO] - 	       [   2, 1006,   21,    1,    6,   56,    3,    6,   22,   12],
[2024-06-20 19:05:07,813][flwr][INFO] - 	       [  31,   71,  567,  112,   39,   66,   38,   22,   81,    5],
[2024-06-20 19:05:07,813][flwr][INFO] - 	       [  47,   71,   58,  404,   37,  247,    5,   35,   57,   49],
[2024-06-20 19:05:07,813][flwr][INFO] - 	       [  40,    8,   27,   22,  415,   96,   94,   36,  104,  140],
[2024-06-20 19:05:07,813][flwr][INFO] - 	       [  30,   36,   20,   33,   49,  557,   10,   24,  101,   32],
[2024-06-20 19:05:07,813][flwr][INFO] - 	       [  39,   26,   41,    3,   21,  140,  540,    5,  131,   12],
[2024-06-20 19:05:07,813][flwr][INFO] - 	       [ 251,   26,   34,   15,   30,   46,   28,  413,   43,  142],
[2024-06-20 19:05:07,813][flwr][INFO] - 	       [  27,   59,   47,   40,  102,  193,   14,   31,  432,   29],
[2024-06-20 19:05:07,813][flwr][INFO] - 	       [ 148,   10,   33,   13,  246,   86,   23,   23,   69,  358]]))],
[2024-06-20 19:05:07,813][flwr][INFO] - 	 'f1': [(0, 0.03553137346181725),
[2024-06-20 19:05:07,813][flwr][INFO] - 	        (1, 0.03782311853959585),
[2024-06-20 19:05:07,813][flwr][INFO] - 	        (2, 0.13842500391514817),
[2024-06-20 19:05:07,813][flwr][INFO] - 	        (3, 0.19847490927431863),
[2024-06-20 19:05:07,813][flwr][INFO] - 	        (4, 0.28650410234264073),
[2024-06-20 19:05:07,813][flwr][INFO] - 	        (5, 0.3871576666211907),
[2024-06-20 19:05:07,813][flwr][INFO] - 	        (6, 0.40981219085790516),
[2024-06-20 19:05:07,814][flwr][INFO] - 	        (7, 0.4680134878797453),
[2024-06-20 19:05:07,814][flwr][INFO] - 	        (8, 0.49219283009240533),
[2024-06-20 19:05:07,814][flwr][INFO] - 	        (9, 0.5199713180235931),
[2024-06-20 19:05:07,814][flwr][INFO] - 	        (10, 0.5303328230528994)],
[2024-06-20 19:05:07,814][flwr][INFO] - 	 'precision': [(0, 0.12349967530374152),
[2024-06-20 19:05:07,814][flwr][INFO] - 	               (1, 0.06523745946036939),
[2024-06-20 19:05:07,814][flwr][INFO] - 	               (2, 0.2839578129691011),
[2024-06-20 19:05:07,814][flwr][INFO] - 	               (3, 0.2652501345819203),
[2024-06-20 19:05:07,814][flwr][INFO] - 	               (4, 0.3402926969407246),
[2024-06-20 19:05:07,814][flwr][INFO] - 	               (5, 0.4228111308426947),
[2024-06-20 19:05:07,814][flwr][INFO] - 	               (6, 0.4864099551683251),
[2024-06-20 19:05:07,814][flwr][INFO] - 	               (7, 0.5019690383743567),
[2024-06-20 19:05:07,814][flwr][INFO] - 	               (8, 0.5276573076907816),
[2024-06-20 19:05:07,814][flwr][INFO] - 	               (9, 0.5368681641618488),
[2024-06-20 19:05:07,814][flwr][INFO] - 	               (10, 0.5552588093518047)],
[2024-06-20 19:05:07,814][flwr][INFO] - 	 'recall': [(0, 0.1086),
[2024-06-20 19:05:07,814][flwr][INFO] - 	            (1, 0.1194),
[2024-06-20 19:05:07,814][flwr][INFO] - 	            (2, 0.1694),
[2024-06-20 19:05:07,814][flwr][INFO] - 	            (3, 0.2314),
[2024-06-20 19:05:07,814][flwr][INFO] - 	            (4, 0.3063),
[2024-06-20 19:05:07,814][flwr][INFO] - 	            (5, 0.389),
[2024-06-20 19:05:07,814][flwr][INFO] - 	            (6, 0.419),
[2024-06-20 19:05:07,814][flwr][INFO] - 	            (7, 0.4661),
[2024-06-20 19:05:07,814][flwr][INFO] - 	            (8, 0.494),
[2024-06-20 19:05:07,814][flwr][INFO] - 	            (9, 0.5267),
[2024-06-20 19:05:07,814][flwr][INFO] - 	            (10, 0.5308)]}
[2024-06-20 19:05:07,814][flwr][INFO] - 
