[2024-07-08 15:37:42,088][flwr][INFO] - Starting Flower simulation, config: num_rounds=10, no round_timeout
[2024-07-08 15:37:44,328][flwr][INFO] - Flower VCE: Ray initialized with resources: {'memory': 10257340826.0, 'CPU': 12.0, 'node:127.0.0.1': 1.0, 'node:__internal_head__': 1.0, 'object_store_memory': 2147483648.0}
[2024-07-08 15:37:44,329][flwr][INFO] - Optimize your simulation with Flower VCE: https://flower.ai/docs/framework/how-to-run-simulations.html
[2024-07-08 15:37:44,329][flwr][INFO] - Flower VCE: Resources for each Virtual Client: {'num_cpus': 2, 'num_gpus': 0}
[2024-07-08 15:37:44,343][flwr][INFO] - Flower VCE: Creating VirtualClientEngineActorPool with 6 actors
[2024-07-08 15:37:44,343][flwr][INFO] - [INIT]
[2024-07-08 15:37:44,343][flwr][INFO] - Requesting initial parameters from one random client
[2024-07-08 15:37:46,804][flwr][INFO] - Received initial parameters from one random client
[2024-07-08 15:37:46,804][flwr][INFO] - Evaluating initial global parameters
[2024-07-08 15:37:47,202][flwr][INFO] - initial parameters (loss, other metrics): 181.76928067207336, {'accuracy': 0.1086, 'precision': 0.12349967530374152, 'recall': 0.1086, 'f1': 0.03553137346181725, 'confusion_matrix': array([[   0,    8,    0,  956,    0,    1,    0,   15,    0,    0],
       [   0,  122,    0, 1013,    0,    0,    0,    0,    0,    0],
       [   0,   38,    0,  971,    0,    0,    3,   19,    1,    0],
       [   0,   44,    0,  945,    1,    1,    0,   17,    2,    0],
       [   0,  143,    0,  816,    1,    0,    2,   20,    0,    0],
       [   0,  118,    0,  735,    1,    7,    0,   30,    1,    0],
       [   0,  144,    0,  749,   25,    0,    2,   38,    0,    0],
       [   0,  272,    0,  724,    8,    0,    0,    9,   15,    0],
       [   0,   81,    0,  859,    1,    0,    1,   32,    0,    0],
       [   0,  178,    0,  799,    1,    0,    0,   31,    0,    0]])}
[2024-07-08 15:37:47,203][flwr][INFO] - 
[2024-07-08 15:37:47,203][flwr][INFO] - [ROUND 1]
[2024-07-08 15:37:47,203][flwr][INFO] - configure_fit: strategy sampled 10 clients (out of 10)
[2024-07-08 15:38:07,652][flwr][INFO] - aggregate_fit: received 10 results and 0 failures
[2024-07-08 15:38:07,663][flwr][WARNING] - No fit_metrics_aggregation_fn provided
[2024-07-08 15:38:08,072][flwr][INFO] - fit progress: (1, 120.63139164447784, {'accuracy': 0.7754, 'precision': 0.8225978615342592, 'recall': 0.7754, 'f1': 0.7476159436225301, 'confusion_matrix': array([[ 955,    0,    0,    4,    0,    4,    0,    9,    0,    8],
       [   0, 1108,    4,    8,    1,    4,    4,    2,    0,    4],
       [  14,   33,  690,  134,   19,    1,   28,   38,    1,   74],
       [  15,    2,    4,  900,    4,   15,    1,   52,    0,   17],
       [   2,    3,    1,    3,  840,    1,   10,    4,    0,  118],
       [  37,    6,    1,  170,   27,  569,   14,   32,    0,   36],
       [  47,    4,    5,    3,   15,    5,  869,    0,    0,   10],
       [   2,   10,    3,   15,    6,    0,    0,  967,    0,   25],
       [  34,   31,   18,  250,    9,   55,   36,   83,   58,  400],
       [   8,    3,    0,   20,   16,    2,    1,  161,    0,  798]])}, 20.869773417)
[2024-07-08 15:38:08,072][flwr][INFO] - configure_evaluate: no clients selected, skipping evaluation
[2024-07-08 15:38:08,072][flwr][INFO] - 
[2024-07-08 15:38:08,072][flwr][INFO] - [ROUND 2]
[2024-07-08 15:38:08,073][flwr][INFO] - configure_fit: strategy sampled 10 clients (out of 10)
[2024-07-08 15:38:24,201][flwr][INFO] - aggregate_fit: received 10 results and 0 failures
[2024-07-08 15:38:24,580][flwr][INFO] - fit progress: (2, 39.23811246454716, {'accuracy': 0.9181, 'precision': 0.9199829755930843, 'recall': 0.9181, 'f1': 0.9179045981178177, 'confusion_matrix': array([[ 968,    0,    0,    1,    0,    4,    3,    2,    2,    0],
       [   0, 1089,   14,    2,    1,    0,    4,    2,   23,    0],
       [   7,    1,  926,   31,   22,    0,    5,   19,   20,    1],
       [   5,    0,   14,  923,    2,   21,    1,   19,   18,    7],
       [   1,    0,    4,    0,  952,    0,    8,    1,    6,   10],
       [  21,    1,    2,   41,   15,  749,   22,    8,   28,    5],
       [  17,    2,    2,    1,   26,    9,  896,    0,    5,    0],
       [   1,    6,   19,    6,    9,    1,    0,  959,    2,   25],
       [  11,    3,    6,   14,   20,    6,   20,   16,  868,   10],
       [  11,    5,    1,   10,   85,    4,    1,   29,   12,  851]])}, 37.378590292)
[2024-07-08 15:38:24,580][flwr][INFO] - configure_evaluate: no clients selected, skipping evaluation
[2024-07-08 15:38:24,581][flwr][INFO] - 
[2024-07-08 15:38:24,581][flwr][INFO] - [ROUND 3]
[2024-07-08 15:38:24,581][flwr][INFO] - configure_fit: strategy sampled 10 clients (out of 10)
[2024-07-08 15:38:40,013][flwr][INFO] - aggregate_fit: received 10 results and 0 failures
[2024-07-08 15:38:41,021][flwr][INFO] - fit progress: (3, 29.45527920126915, {'accuracy': 0.9144, 'precision': 0.918078619788124, 'recall': 0.9144, 'f1': 0.9135486057103362, 'confusion_matrix': array([[ 969,    0,    1,    1,    0,    3,    3,    1,    2,    0],
       [   0, 1101,    5,    1,    0,    6,    8,    0,   14,    0],
       [  10,    4,  959,   16,    9,    1,    5,    6,   22,    0],
       [  19,    2,   28,  829,    0,   72,    1,   18,   38,    3],
       [   1,    1,    5,    0,  940,    2,   16,    1,   11,    5],
       [  18,    0,    0,    8,    3,  839,   10,    0,   13,    1],
       [  12,    3,    3,    0,    8,   22,  903,    2,    5,    0],
       [   5,   11,   32,    1,    8,    2,    0,  951,    4,   14],
       [  16,    3,    4,    5,    8,   19,   14,   10,  895,    0],
       [  17,    5,    0,    6,  119,   19,    1,   35,   49,  758]])}, 53.81962716700001)
[2024-07-08 15:38:41,021][flwr][INFO] - configure_evaluate: no clients selected, skipping evaluation
[2024-07-08 15:38:41,021][flwr][INFO] - 
[2024-07-08 15:38:41,021][flwr][INFO] - [ROUND 4]
[2024-07-08 15:38:41,022][flwr][INFO] - configure_fit: strategy sampled 10 clients (out of 10)
[2024-07-08 15:38:56,522][flwr][INFO] - aggregate_fit: received 10 results and 0 failures
[2024-07-08 15:38:56,922][flwr][INFO] - fit progress: (4, 21.373417273163795, {'accuracy': 0.9356, 'precision': 0.9377156186775799, 'recall': 0.9356, 'f1': 0.9356018870015136, 'confusion_matrix': array([[ 960,    0,    4,    2,    0,    2,    5,    1,    5,    1],
       [   0, 1106,    3,    2,    1,    1,    2,    1,   19,    0],
       [   5,    4,  948,   23,    7,    1,    2,   17,   25,    0],
       [   0,    0,    9,  946,    0,   10,    0,   13,   24,    8],
       [   0,    0,    8,    0,  947,    0,    7,    0,    9,   11],
       [   6,    1,    0,   24,    5,  820,    8,    1,   24,    3],
       [   8,    3,    1,    1,    9,   23,  903,    2,    8,    0],
       [   0,    8,   20,    7,    9,    1,    0,  960,    4,   19],
       [   4,    1,    3,    9,    9,    3,    5,    4,  933,    3],
       [   4,    4,    0,    9,  124,    5,    1,    8,   21,  833]])}, 69.721712333)
[2024-07-08 15:38:56,922][flwr][INFO] - configure_evaluate: no clients selected, skipping evaluation
[2024-07-08 15:38:56,922][flwr][INFO] - 
[2024-07-08 15:38:56,923][flwr][INFO] - [ROUND 5]
[2024-07-08 15:38:56,923][flwr][INFO] - configure_fit: strategy sampled 10 clients (out of 10)
[2024-07-08 15:39:14,156][flwr][INFO] - aggregate_fit: received 10 results and 0 failures
[2024-07-08 15:39:14,856][flwr][INFO] - fit progress: (5, 16.535965664312243, {'accuracy': 0.9445, 'precision': 0.9451805712835063, 'recall': 0.9445, 'f1': 0.9444467967453245, 'confusion_matrix': array([[ 967,    0,    2,    1,    0,    2,    3,    1,    3,    1],
       [   0, 1112,    3,    3,    1,    1,    6,    0,    9,    0],
       [   6,    4,  979,   12,    6,    0,    2,   11,   12,    0],
       [   1,    2,   13,  946,    0,   13,    0,   12,   17,    6],
       [   1,    0,    6,    0,  930,    2,   18,    1,   13,   11],
       [   5,    1,    0,   17,    5,  828,   11,    0,   22,    3],
       [   8,    3,    1,    1,    9,    9,  924,    0,    3,    0],
       [   2,    6,   27,    5,    7,    1,    0,  950,   11,   19],
       [   9,    3,    3,    6,    5,    4,   10,    5,  925,    4],
       [   7,    5,    0,    7,   67,    3,    1,   10,   25,  884]])}, 87.656521833)
[2024-07-08 15:39:14,857][flwr][INFO] - configure_evaluate: no clients selected, skipping evaluation
[2024-07-08 15:39:14,857][flwr][INFO] - 
[2024-07-08 15:39:14,857][flwr][INFO] - [ROUND 6]
[2024-07-08 15:39:14,857][flwr][INFO] - configure_fit: strategy sampled 10 clients (out of 10)
[2024-07-08 15:39:32,684][flwr][INFO] - aggregate_fit: received 10 results and 0 failures
[2024-07-08 15:39:33,128][flwr][INFO] - fit progress: (6, 15.804548444226384, {'accuracy': 0.9438, 'precision': 0.9455198654147986, 'recall': 0.9438, 'f1': 0.9438440110276146, 'confusion_matrix': array([[ 967,    0,    1,    1,    0,    2,    5,    1,    3,    0],
       [   0, 1106,    3,    2,    1,    2,    5,    1,   15,    0],
       [   7,    3,  978,    9,    5,    1,    5,    6,   17,    1],
       [   0,    1,    9,  940,    0,   22,    0,   10,   24,    4],
       [   1,    0,    4,    0,  942,    0,   11,    2,   14,    8],
       [   4,    0,    0,   11,    2,  839,    9,    0,   24,    3],
       [   6,    3,    1,    0,    8,   13,  919,    1,    7,    0],
       [   0,    8,   30,    5,    7,    1,    0,  951,   12,   14],
       [   5,    2,    3,    6,    6,    6,    4,    4,  936,    2],
       [   5,    3,    0,    7,   84,    5,    1,    7,   37,  860]])}, 105.929379417)
[2024-07-08 15:39:33,129][flwr][INFO] - configure_evaluate: no clients selected, skipping evaluation
[2024-07-08 15:39:33,129][flwr][INFO] - 
[2024-07-08 15:39:33,129][flwr][INFO] - [ROUND 7]
[2024-07-08 15:39:33,129][flwr][INFO] - configure_fit: strategy sampled 10 clients (out of 10)
[2024-07-08 15:39:50,791][flwr][INFO] - aggregate_fit: received 10 results and 0 failures
[2024-07-08 15:39:51,195][flwr][INFO] - fit progress: (7, 17.344469409435987, {'accuracy': 0.9368, 'precision': 0.9410122201333581, 'recall': 0.9368, 'f1': 0.9365566124730312, 'confusion_matrix': array([[ 967,    0,    0,    2,    0,    2,    5,    1,    3,    0],
       [   0, 1085,    3,    3,    0,    4,   10,    1,   29,    0],
       [   5,    1,  988,    7,    5,    1,    2,    9,   14,    0],
       [   1,    0,    8,  944,    0,   27,    0,    9,   21,    0],
       [   1,    0,    6,    0,  934,    1,   13,    3,   20,    4],
       [   4,    0,    0,    8,    2,  859,    6,    0,   12,    1],
       [   8,    4,    3,    0,    6,   19,  911,    0,    7,    0],
       [   1,    5,   31,    6,    5,    2,    0,  967,    7,    4],
       [   5,    0,    1,    7,    3,    6,    3,    6,  943,    0],
       [   8,    2,    0,   12,   70,   15,    1,   15,  116,  770]])}, 123.99638808300001)
[2024-07-08 15:39:51,195][flwr][INFO] - configure_evaluate: no clients selected, skipping evaluation
[2024-07-08 15:39:51,195][flwr][INFO] - 
[2024-07-08 15:39:51,195][flwr][INFO] - [ROUND 8]
[2024-07-08 15:39:51,196][flwr][INFO] - configure_fit: strategy sampled 10 clients (out of 10)
[2024-07-08 15:40:10,337][flwr][INFO] - aggregate_fit: received 10 results and 0 failures
[2024-07-08 15:40:10,769][flwr][INFO] - fit progress: (8, 14.020216092467308, {'accuracy': 0.9534, 'precision': 0.954131500891818, 'recall': 0.9534, 'f1': 0.9534515336786425, 'confusion_matrix': array([[ 967,    0,    1,    2,    0,    1,    5,    1,    3,    0],
       [   0, 1108,    2,    4,    0,    1,    5,    0,   15,    0],
       [   5,    1,  987,   12,    5,    1,    2,    9,    9,    1],
       [   0,    0,    7,  968,    0,   12,    0,    8,   12,    3],
       [   0,    1,    6,    0,  931,    0,   12,    6,   13,   13],
       [   5,    0,    0,   17,    3,  839,   11,    1,   14,    2],
       [   9,    3,    3,    0,    6,    8,  921,    0,    8,    0],
       [   1,    6,   28,    7,    5,    1,    0,  970,    5,    5],
       [   6,    2,    5,    9,    3,    2,    5,    8,  933,    1],
       [   6,    5,    0,   12,   27,    2,    1,    7,   39,  910]])}, 143.57075337499998)
[2024-07-08 15:40:10,769][flwr][INFO] - configure_evaluate: no clients selected, skipping evaluation
[2024-07-08 15:40:10,769][flwr][INFO] - 
[2024-07-08 15:40:10,769][flwr][INFO] - [ROUND 9]
[2024-07-08 15:40:10,769][flwr][INFO] - configure_fit: strategy sampled 10 clients (out of 10)
[2024-07-08 15:40:28,055][flwr][INFO] - aggregate_fit: received 10 results and 0 failures
[2024-07-08 15:40:28,452][flwr][INFO] - fit progress: (9, 15.323538921773434, {'accuracy': 0.9493, 'precision': 0.9518944623747606, 'recall': 0.9493, 'f1': 0.9495968591480624, 'confusion_matrix': array([[ 961,    0,    1,    1,    0,    4,    6,    1,    6,    0],
       [   0, 1112,    1,    4,    0,    0,    4,    0,   14,    0],
       [   3,    2,  983,   13,    5,    1,    2,    9,   14,    0],
       [   0,    0,    6,  966,    0,   10,    1,    6,   20,    1],
       [   0,    3,    6,    0,  934,    0,   10,    2,   17,   10],
       [   4,    1,    0,   10,    1,  848,    6,    0,   20,    2],
       [   7,    4,    2,    0,    7,   20,  904,    0,   14,    0],
       [   1,    9,   25,    5,    6,    0,    0,  963,   10,    9],
       [   0,    1,    3,    7,    4,    3,    2,    3,  951,    0],
       [   6,    2,    0,    7,   29,    5,    1,    4,   84,  871]])}, 161.255308542)
[2024-07-08 15:40:28,453][flwr][INFO] - configure_evaluate: no clients selected, skipping evaluation
[2024-07-08 15:40:28,453][flwr][INFO] - 
[2024-07-08 15:40:28,453][flwr][INFO] - [ROUND 10]
[2024-07-08 15:40:28,453][flwr][INFO] - configure_fit: strategy sampled 10 clients (out of 10)
[2024-07-08 15:40:45,583][flwr][INFO] - aggregate_fit: received 10 results and 0 failures
[2024-07-08 15:40:46,036][flwr][INFO] - fit progress: (10, 13.904753185808659, {'accuracy': 0.954, 'precision': 0.9552480656019819, 'recall': 0.954, 'f1': 0.9541361919087346, 'confusion_matrix': array([[ 965,    0,    0,    1,    0,    1,    5,    2,    6,    0],
       [   0, 1109,    1,    3,    0,    0,    6,    0,   16,    0],
       [   6,    4,  984,    8,    5,    1,    4,    6,   14,    0],
       [   1,    0,    5,  953,    0,   23,    1,    5,   16,    6],
       [   0,    1,    4,    0,  941,    0,    9,    1,   11,   15],
       [   6,    0,    1,    7,    1,  855,    4,    0,   15,    3],
       [   8,    4,    0,    0,    8,   22,  905,    0,   11,    0],
       [   1,    6,   31,    6,    5,    0,    0,  953,   14,   12],
       [   2,    0,    1,    5,    4,    3,    1,    2,  955,    1],
       [   7,    1,    0,   10,   25,    5,    0,    4,   37,  920]])}, 178.839814125)
[2024-07-08 15:40:46,037][flwr][INFO] - configure_evaluate: no clients selected, skipping evaluation
[2024-07-08 15:40:46,037][flwr][INFO] - 
[2024-07-08 15:40:46,037][flwr][INFO] - [SUMMARY]
[2024-07-08 15:40:46,037][flwr][INFO] - Run finished 10 round(s) in 178.84s
[2024-07-08 15:40:46,041][flwr][INFO] - 	History (loss, centralized):
[2024-07-08 15:40:46,042][flwr][INFO] - 		round 0: 181.76928067207336
[2024-07-08 15:40:46,042][flwr][INFO] - 		round 1: 120.63139164447784
[2024-07-08 15:40:46,042][flwr][INFO] - 		round 2: 39.23811246454716
[2024-07-08 15:40:46,042][flwr][INFO] - 		round 3: 29.45527920126915
[2024-07-08 15:40:46,042][flwr][INFO] - 		round 4: 21.373417273163795
[2024-07-08 15:40:46,042][flwr][INFO] - 		round 5: 16.535965664312243
[2024-07-08 15:40:46,042][flwr][INFO] - 		round 6: 15.804548444226384
[2024-07-08 15:40:46,042][flwr][INFO] - 		round 7: 17.344469409435987
[2024-07-08 15:40:46,042][flwr][INFO] - 		round 8: 14.020216092467308
[2024-07-08 15:40:46,042][flwr][INFO] - 		round 9: 15.323538921773434
[2024-07-08 15:40:46,042][flwr][INFO] - 		round 10: 13.904753185808659
[2024-07-08 15:40:46,042][flwr][INFO] - 	History (metrics, centralized):
[2024-07-08 15:40:46,042][flwr][INFO] - 	{'accuracy': [(0, 0.1086),
[2024-07-08 15:40:46,042][flwr][INFO] - 	              (1, 0.7754),
[2024-07-08 15:40:46,042][flwr][INFO] - 	              (2, 0.9181),
[2024-07-08 15:40:46,042][flwr][INFO] - 	              (3, 0.9144),
[2024-07-08 15:40:46,042][flwr][INFO] - 	              (4, 0.9356),
[2024-07-08 15:40:46,042][flwr][INFO] - 	              (5, 0.9445),
[2024-07-08 15:40:46,042][flwr][INFO] - 	              (6, 0.9438),
[2024-07-08 15:40:46,042][flwr][INFO] - 	              (7, 0.9368),
[2024-07-08 15:40:46,042][flwr][INFO] - 	              (8, 0.9534),
[2024-07-08 15:40:46,042][flwr][INFO] - 	              (9, 0.9493),
[2024-07-08 15:40:46,042][flwr][INFO] - 	              (10, 0.954)],
[2024-07-08 15:40:46,042][flwr][INFO] - 	 'confusion_matrix': [(0,
[2024-07-08 15:40:46,042][flwr][INFO] - 	                       array([[   0,    8,    0,  956,    0,    1,    0,   15,    0,    0],
[2024-07-08 15:40:46,042][flwr][INFO] - 	       [   0,  122,    0, 1013,    0,    0,    0,    0,    0,    0],
[2024-07-08 15:40:46,042][flwr][INFO] - 	       [   0,   38,    0,  971,    0,    0,    3,   19,    1,    0],
[2024-07-08 15:40:46,042][flwr][INFO] - 	       [   0,   44,    0,  945,    1,    1,    0,   17,    2,    0],
[2024-07-08 15:40:46,042][flwr][INFO] - 	       [   0,  143,    0,  816,    1,    0,    2,   20,    0,    0],
[2024-07-08 15:40:46,042][flwr][INFO] - 	       [   0,  118,    0,  735,    1,    7,    0,   30,    1,    0],
[2024-07-08 15:40:46,042][flwr][INFO] - 	       [   0,  144,    0,  749,   25,    0,    2,   38,    0,    0],
[2024-07-08 15:40:46,042][flwr][INFO] - 	       [   0,  272,    0,  724,    8,    0,    0,    9,   15,    0],
[2024-07-08 15:40:46,042][flwr][INFO] - 	       [   0,   81,    0,  859,    1,    0,    1,   32,    0,    0],
[2024-07-08 15:40:46,042][flwr][INFO] - 	       [   0,  178,    0,  799,    1,    0,    0,   31,    0,    0]])),
[2024-07-08 15:40:46,043][flwr][INFO] - 	                      (1,
[2024-07-08 15:40:46,043][flwr][INFO] - 	                       array([[ 955,    0,    0,    4,    0,    4,    0,    9,    0,    8],
[2024-07-08 15:40:46,043][flwr][INFO] - 	       [   0, 1108,    4,    8,    1,    4,    4,    2,    0,    4],
[2024-07-08 15:40:46,043][flwr][INFO] - 	       [  14,   33,  690,  134,   19,    1,   28,   38,    1,   74],
[2024-07-08 15:40:46,043][flwr][INFO] - 	       [  15,    2,    4,  900,    4,   15,    1,   52,    0,   17],
[2024-07-08 15:40:46,043][flwr][INFO] - 	       [   2,    3,    1,    3,  840,    1,   10,    4,    0,  118],
[2024-07-08 15:40:46,043][flwr][INFO] - 	       [  37,    6,    1,  170,   27,  569,   14,   32,    0,   36],
[2024-07-08 15:40:46,043][flwr][INFO] - 	       [  47,    4,    5,    3,   15,    5,  869,    0,    0,   10],
[2024-07-08 15:40:46,043][flwr][INFO] - 	       [   2,   10,    3,   15,    6,    0,    0,  967,    0,   25],
[2024-07-08 15:40:46,043][flwr][INFO] - 	       [  34,   31,   18,  250,    9,   55,   36,   83,   58,  400],
[2024-07-08 15:40:46,043][flwr][INFO] - 	       [   8,    3,    0,   20,   16,    2,    1,  161,    0,  798]])),
[2024-07-08 15:40:46,043][flwr][INFO] - 	                      (2,
[2024-07-08 15:40:46,043][flwr][INFO] - 	                       array([[ 968,    0,    0,    1,    0,    4,    3,    2,    2,    0],
[2024-07-08 15:40:46,043][flwr][INFO] - 	       [   0, 1089,   14,    2,    1,    0,    4,    2,   23,    0],
[2024-07-08 15:40:46,043][flwr][INFO] - 	       [   7,    1,  926,   31,   22,    0,    5,   19,   20,    1],
[2024-07-08 15:40:46,043][flwr][INFO] - 	       [   5,    0,   14,  923,    2,   21,    1,   19,   18,    7],
[2024-07-08 15:40:46,043][flwr][INFO] - 	       [   1,    0,    4,    0,  952,    0,    8,    1,    6,   10],
[2024-07-08 15:40:46,043][flwr][INFO] - 	       [  21,    1,    2,   41,   15,  749,   22,    8,   28,    5],
[2024-07-08 15:40:46,043][flwr][INFO] - 	       [  17,    2,    2,    1,   26,    9,  896,    0,    5,    0],
[2024-07-08 15:40:46,043][flwr][INFO] - 	       [   1,    6,   19,    6,    9,    1,    0,  959,    2,   25],
[2024-07-08 15:40:46,043][flwr][INFO] - 	       [  11,    3,    6,   14,   20,    6,   20,   16,  868,   10],
[2024-07-08 15:40:46,043][flwr][INFO] - 	       [  11,    5,    1,   10,   85,    4,    1,   29,   12,  851]])),
[2024-07-08 15:40:46,043][flwr][INFO] - 	                      (3,
[2024-07-08 15:40:46,043][flwr][INFO] - 	                       array([[ 969,    0,    1,    1,    0,    3,    3,    1,    2,    0],
[2024-07-08 15:40:46,043][flwr][INFO] - 	       [   0, 1101,    5,    1,    0,    6,    8,    0,   14,    0],
[2024-07-08 15:40:46,043][flwr][INFO] - 	       [  10,    4,  959,   16,    9,    1,    5,    6,   22,    0],
[2024-07-08 15:40:46,043][flwr][INFO] - 	       [  19,    2,   28,  829,    0,   72,    1,   18,   38,    3],
[2024-07-08 15:40:46,043][flwr][INFO] - 	       [   1,    1,    5,    0,  940,    2,   16,    1,   11,    5],
[2024-07-08 15:40:46,043][flwr][INFO] - 	       [  18,    0,    0,    8,    3,  839,   10,    0,   13,    1],
[2024-07-08 15:40:46,043][flwr][INFO] - 	       [  12,    3,    3,    0,    8,   22,  903,    2,    5,    0],
[2024-07-08 15:40:46,043][flwr][INFO] - 	       [   5,   11,   32,    1,    8,    2,    0,  951,    4,   14],
[2024-07-08 15:40:46,043][flwr][INFO] - 	       [  16,    3,    4,    5,    8,   19,   14,   10,  895,    0],
[2024-07-08 15:40:46,043][flwr][INFO] - 	       [  17,    5,    0,    6,  119,   19,    1,   35,   49,  758]])),
[2024-07-08 15:40:46,043][flwr][INFO] - 	                      (4,
[2024-07-08 15:40:46,043][flwr][INFO] - 	                       array([[ 960,    0,    4,    2,    0,    2,    5,    1,    5,    1],
[2024-07-08 15:40:46,043][flwr][INFO] - 	       [   0, 1106,    3,    2,    1,    1,    2,    1,   19,    0],
[2024-07-08 15:40:46,043][flwr][INFO] - 	       [   5,    4,  948,   23,    7,    1,    2,   17,   25,    0],
[2024-07-08 15:40:46,043][flwr][INFO] - 	       [   0,    0,    9,  946,    0,   10,    0,   13,   24,    8],
[2024-07-08 15:40:46,043][flwr][INFO] - 	       [   0,    0,    8,    0,  947,    0,    7,    0,    9,   11],
[2024-07-08 15:40:46,043][flwr][INFO] - 	       [   6,    1,    0,   24,    5,  820,    8,    1,   24,    3],
[2024-07-08 15:40:46,043][flwr][INFO] - 	       [   8,    3,    1,    1,    9,   23,  903,    2,    8,    0],
[2024-07-08 15:40:46,043][flwr][INFO] - 	       [   0,    8,   20,    7,    9,    1,    0,  960,    4,   19],
[2024-07-08 15:40:46,043][flwr][INFO] - 	       [   4,    1,    3,    9,    9,    3,    5,    4,  933,    3],
[2024-07-08 15:40:46,043][flwr][INFO] - 	       [   4,    4,    0,    9,  124,    5,    1,    8,   21,  833]])),
[2024-07-08 15:40:46,043][flwr][INFO] - 	                      (5,
[2024-07-08 15:40:46,043][flwr][INFO] - 	                       array([[ 967,    0,    2,    1,    0,    2,    3,    1,    3,    1],
[2024-07-08 15:40:46,043][flwr][INFO] - 	       [   0, 1112,    3,    3,    1,    1,    6,    0,    9,    0],
[2024-07-08 15:40:46,043][flwr][INFO] - 	       [   6,    4,  979,   12,    6,    0,    2,   11,   12,    0],
[2024-07-08 15:40:46,043][flwr][INFO] - 	       [   1,    2,   13,  946,    0,   13,    0,   12,   17,    6],
[2024-07-08 15:40:46,044][flwr][INFO] - 	       [   1,    0,    6,    0,  930,    2,   18,    1,   13,   11],
[2024-07-08 15:40:46,044][flwr][INFO] - 	       [   5,    1,    0,   17,    5,  828,   11,    0,   22,    3],
[2024-07-08 15:40:46,044][flwr][INFO] - 	       [   8,    3,    1,    1,    9,    9,  924,    0,    3,    0],
[2024-07-08 15:40:46,044][flwr][INFO] - 	       [   2,    6,   27,    5,    7,    1,    0,  950,   11,   19],
[2024-07-08 15:40:46,044][flwr][INFO] - 	       [   9,    3,    3,    6,    5,    4,   10,    5,  925,    4],
[2024-07-08 15:40:46,044][flwr][INFO] - 	       [   7,    5,    0,    7,   67,    3,    1,   10,   25,  884]])),
[2024-07-08 15:40:46,044][flwr][INFO] - 	                      (6,
[2024-07-08 15:40:46,044][flwr][INFO] - 	                       array([[ 967,    0,    1,    1,    0,    2,    5,    1,    3,    0],
[2024-07-08 15:40:46,044][flwr][INFO] - 	       [   0, 1106,    3,    2,    1,    2,    5,    1,   15,    0],
[2024-07-08 15:40:46,044][flwr][INFO] - 	       [   7,    3,  978,    9,    5,    1,    5,    6,   17,    1],
[2024-07-08 15:40:46,044][flwr][INFO] - 	       [   0,    1,    9,  940,    0,   22,    0,   10,   24,    4],
[2024-07-08 15:40:46,044][flwr][INFO] - 	       [   1,    0,    4,    0,  942,    0,   11,    2,   14,    8],
[2024-07-08 15:40:46,044][flwr][INFO] - 	       [   4,    0,    0,   11,    2,  839,    9,    0,   24,    3],
[2024-07-08 15:40:46,044][flwr][INFO] - 	       [   6,    3,    1,    0,    8,   13,  919,    1,    7,    0],
[2024-07-08 15:40:46,044][flwr][INFO] - 	       [   0,    8,   30,    5,    7,    1,    0,  951,   12,   14],
[2024-07-08 15:40:46,044][flwr][INFO] - 	       [   5,    2,    3,    6,    6,    6,    4,    4,  936,    2],
[2024-07-08 15:40:46,044][flwr][INFO] - 	       [   5,    3,    0,    7,   84,    5,    1,    7,   37,  860]])),
[2024-07-08 15:40:46,044][flwr][INFO] - 	                      (7,
[2024-07-08 15:40:46,044][flwr][INFO] - 	                       array([[ 967,    0,    0,    2,    0,    2,    5,    1,    3,    0],
[2024-07-08 15:40:46,044][flwr][INFO] - 	       [   0, 1085,    3,    3,    0,    4,   10,    1,   29,    0],
[2024-07-08 15:40:46,044][flwr][INFO] - 	       [   5,    1,  988,    7,    5,    1,    2,    9,   14,    0],
[2024-07-08 15:40:46,044][flwr][INFO] - 	       [   1,    0,    8,  944,    0,   27,    0,    9,   21,    0],
[2024-07-08 15:40:46,044][flwr][INFO] - 	       [   1,    0,    6,    0,  934,    1,   13,    3,   20,    4],
[2024-07-08 15:40:46,044][flwr][INFO] - 	       [   4,    0,    0,    8,    2,  859,    6,    0,   12,    1],
[2024-07-08 15:40:46,044][flwr][INFO] - 	       [   8,    4,    3,    0,    6,   19,  911,    0,    7,    0],
[2024-07-08 15:40:46,044][flwr][INFO] - 	       [   1,    5,   31,    6,    5,    2,    0,  967,    7,    4],
[2024-07-08 15:40:46,044][flwr][INFO] - 	       [   5,    0,    1,    7,    3,    6,    3,    6,  943,    0],
[2024-07-08 15:40:46,044][flwr][INFO] - 	       [   8,    2,    0,   12,   70,   15,    1,   15,  116,  770]])),
[2024-07-08 15:40:46,044][flwr][INFO] - 	                      (8,
[2024-07-08 15:40:46,044][flwr][INFO] - 	                       array([[ 967,    0,    1,    2,    0,    1,    5,    1,    3,    0],
[2024-07-08 15:40:46,044][flwr][INFO] - 	       [   0, 1108,    2,    4,    0,    1,    5,    0,   15,    0],
[2024-07-08 15:40:46,044][flwr][INFO] - 	       [   5,    1,  987,   12,    5,    1,    2,    9,    9,    1],
[2024-07-08 15:40:46,044][flwr][INFO] - 	       [   0,    0,    7,  968,    0,   12,    0,    8,   12,    3],
[2024-07-08 15:40:46,044][flwr][INFO] - 	       [   0,    1,    6,    0,  931,    0,   12,    6,   13,   13],
[2024-07-08 15:40:46,044][flwr][INFO] - 	       [   5,    0,    0,   17,    3,  839,   11,    1,   14,    2],
[2024-07-08 15:40:46,044][flwr][INFO] - 	       [   9,    3,    3,    0,    6,    8,  921,    0,    8,    0],
[2024-07-08 15:40:46,044][flwr][INFO] - 	       [   1,    6,   28,    7,    5,    1,    0,  970,    5,    5],
[2024-07-08 15:40:46,044][flwr][INFO] - 	       [   6,    2,    5,    9,    3,    2,    5,    8,  933,    1],
[2024-07-08 15:40:46,044][flwr][INFO] - 	       [   6,    5,    0,   12,   27,    2,    1,    7,   39,  910]])),
[2024-07-08 15:40:46,044][flwr][INFO] - 	                      (9,
[2024-07-08 15:40:46,044][flwr][INFO] - 	                       array([[ 961,    0,    1,    1,    0,    4,    6,    1,    6,    0],
[2024-07-08 15:40:46,044][flwr][INFO] - 	       [   0, 1112,    1,    4,    0,    0,    4,    0,   14,    0],
[2024-07-08 15:40:46,044][flwr][INFO] - 	       [   3,    2,  983,   13,    5,    1,    2,    9,   14,    0],
[2024-07-08 15:40:46,044][flwr][INFO] - 	       [   0,    0,    6,  966,    0,   10,    1,    6,   20,    1],
[2024-07-08 15:40:46,044][flwr][INFO] - 	       [   0,    3,    6,    0,  934,    0,   10,    2,   17,   10],
[2024-07-08 15:40:46,044][flwr][INFO] - 	       [   4,    1,    0,   10,    1,  848,    6,    0,   20,    2],
[2024-07-08 15:40:46,044][flwr][INFO] - 	       [   7,    4,    2,    0,    7,   20,  904,    0,   14,    0],
[2024-07-08 15:40:46,044][flwr][INFO] - 	       [   1,    9,   25,    5,    6,    0,    0,  963,   10,    9],
[2024-07-08 15:40:46,044][flwr][INFO] - 	       [   0,    1,    3,    7,    4,    3,    2,    3,  951,    0],
[2024-07-08 15:40:46,044][flwr][INFO] - 	       [   6,    2,    0,    7,   29,    5,    1,    4,   84,  871]])),
[2024-07-08 15:40:46,045][flwr][INFO] - 	                      (10,
[2024-07-08 15:40:46,045][flwr][INFO] - 	                       array([[ 965,    0,    0,    1,    0,    1,    5,    2,    6,    0],
[2024-07-08 15:40:46,045][flwr][INFO] - 	       [   0, 1109,    1,    3,    0,    0,    6,    0,   16,    0],
[2024-07-08 15:40:46,045][flwr][INFO] - 	       [   6,    4,  984,    8,    5,    1,    4,    6,   14,    0],
[2024-07-08 15:40:46,045][flwr][INFO] - 	       [   1,    0,    5,  953,    0,   23,    1,    5,   16,    6],
[2024-07-08 15:40:46,045][flwr][INFO] - 	       [   0,    1,    4,    0,  941,    0,    9,    1,   11,   15],
[2024-07-08 15:40:46,045][flwr][INFO] - 	       [   6,    0,    1,    7,    1,  855,    4,    0,   15,    3],
[2024-07-08 15:40:46,045][flwr][INFO] - 	       [   8,    4,    0,    0,    8,   22,  905,    0,   11,    0],
[2024-07-08 15:40:46,045][flwr][INFO] - 	       [   1,    6,   31,    6,    5,    0,    0,  953,   14,   12],
[2024-07-08 15:40:46,045][flwr][INFO] - 	       [   2,    0,    1,    5,    4,    3,    1,    2,  955,    1],
[2024-07-08 15:40:46,045][flwr][INFO] - 	       [   7,    1,    0,   10,   25,    5,    0,    4,   37,  920]]))],
[2024-07-08 15:40:46,045][flwr][INFO] - 	 'f1': [(0, 0.03553137346181725),
[2024-07-08 15:40:46,045][flwr][INFO] - 	        (1, 0.7476159436225301),
[2024-07-08 15:40:46,045][flwr][INFO] - 	        (2, 0.9179045981178177),
[2024-07-08 15:40:46,045][flwr][INFO] - 	        (3, 0.9135486057103362),
[2024-07-08 15:40:46,045][flwr][INFO] - 	        (4, 0.9356018870015136),
[2024-07-08 15:40:46,045][flwr][INFO] - 	        (5, 0.9444467967453245),
[2024-07-08 15:40:46,045][flwr][INFO] - 	        (6, 0.9438440110276146),
[2024-07-08 15:40:46,045][flwr][INFO] - 	        (7, 0.9365566124730312),
[2024-07-08 15:40:46,045][flwr][INFO] - 	        (8, 0.9534515336786425),
[2024-07-08 15:40:46,045][flwr][INFO] - 	        (9, 0.9495968591480624),
[2024-07-08 15:40:46,045][flwr][INFO] - 	        (10, 0.9541361919087346)],
[2024-07-08 15:40:46,045][flwr][INFO] - 	 'precision': [(0, 0.12349967530374152),
[2024-07-08 15:40:46,045][flwr][INFO] - 	               (1, 0.8225978615342592),
[2024-07-08 15:40:46,045][flwr][INFO] - 	               (2, 0.9199829755930843),
[2024-07-08 15:40:46,045][flwr][INFO] - 	               (3, 0.918078619788124),
[2024-07-08 15:40:46,045][flwr][INFO] - 	               (4, 0.9377156186775799),
[2024-07-08 15:40:46,045][flwr][INFO] - 	               (5, 0.9451805712835063),
[2024-07-08 15:40:46,045][flwr][INFO] - 	               (6, 0.9455198654147986),
[2024-07-08 15:40:46,045][flwr][INFO] - 	               (7, 0.9410122201333581),
[2024-07-08 15:40:46,045][flwr][INFO] - 	               (8, 0.954131500891818),
[2024-07-08 15:40:46,045][flwr][INFO] - 	               (9, 0.9518944623747606),
[2024-07-08 15:40:46,045][flwr][INFO] - 	               (10, 0.9552480656019819)],
[2024-07-08 15:40:46,045][flwr][INFO] - 	 'recall': [(0, 0.1086),
[2024-07-08 15:40:46,045][flwr][INFO] - 	            (1, 0.7754),
[2024-07-08 15:40:46,045][flwr][INFO] - 	            (2, 0.9181),
[2024-07-08 15:40:46,045][flwr][INFO] - 	            (3, 0.9144),
[2024-07-08 15:40:46,045][flwr][INFO] - 	            (4, 0.9356),
[2024-07-08 15:40:46,045][flwr][INFO] - 	            (5, 0.9445),
[2024-07-08 15:40:46,045][flwr][INFO] - 	            (6, 0.9438),
[2024-07-08 15:40:46,045][flwr][INFO] - 	            (7, 0.9368),
[2024-07-08 15:40:46,045][flwr][INFO] - 	            (8, 0.9534),
[2024-07-08 15:40:46,045][flwr][INFO] - 	            (9, 0.9493),
[2024-07-08 15:40:46,045][flwr][INFO] - 	            (10, 0.954)]}
[2024-07-08 15:40:46,045][flwr][INFO] - 
