[2024-06-21 12:59:30,727][flwr][INFO] - Starting Flower simulation, config: num_rounds=10, no round_timeout
[2024-06-21 12:59:33,335][flwr][INFO] - Flower VCE: Ray initialized with resources: {'memory': 9536266240.0, 'node:__internal_head__': 1.0, 'node:127.0.0.1': 1.0, 'object_store_memory': 2147483648.0, 'CPU': 12.0}
[2024-06-21 12:59:33,335][flwr][INFO] - Optimize your simulation with Flower VCE: https://flower.ai/docs/framework/how-to-run-simulations.html
[2024-06-21 12:59:33,335][flwr][INFO] - Flower VCE: Resources for each Virtual Client: {'num_cpus': 2, 'num_gpus': 0}
[2024-06-21 12:59:33,349][flwr][INFO] - Flower VCE: Creating VirtualClientEngineActorPool with 6 actors
[2024-06-21 12:59:33,350][flwr][INFO] - [INIT]
[2024-06-21 12:59:33,350][flwr][INFO] - Requesting initial parameters from one random client
[2024-06-21 12:59:35,893][flwr][INFO] - Received initial parameters from one random client
[2024-06-21 12:59:35,894][flwr][INFO] - Evaluating initial global parameters
[2024-06-21 12:59:36,211][flwr][INFO] - initial parameters (loss, other metrics): 181.76928067207336, {'accuracy': 0.1086, 'precision': 0.12349967530374152, 'recall': 0.1086, 'f1': 0.03553137346181725, 'confusion_matrix': array([[   0,    8,    0,  956,    0,    1,    0,   15,    0,    0],
       [   0,  122,    0, 1013,    0,    0,    0,    0,    0,    0],
       [   0,   38,    0,  971,    0,    0,    3,   19,    1,    0],
       [   0,   44,    0,  945,    1,    1,    0,   17,    2,    0],
       [   0,  143,    0,  816,    1,    0,    2,   20,    0,    0],
       [   0,  118,    0,  735,    1,    7,    0,   30,    1,    0],
       [   0,  144,    0,  749,   25,    0,    2,   38,    0,    0],
       [   0,  272,    0,  724,    8,    0,    0,    9,   15,    0],
       [   0,   81,    0,  859,    1,    0,    1,   32,    0,    0],
       [   0,  178,    0,  799,    1,    0,    0,   31,    0,    0]])}
[2024-06-21 12:59:36,212][flwr][INFO] - 
[2024-06-21 12:59:36,212][flwr][INFO] - [ROUND 1]
[2024-06-21 12:59:36,212][flwr][INFO] - configure_fit: strategy sampled 10 clients (out of 100)
[2024-06-21 12:59:45,648][flwr][INFO] - aggregate_fit: received 10 results and 0 failures
[2024-06-21 12:59:45,656][flwr][WARNING] - No fit_metrics_aggregation_fn provided
[2024-06-21 12:59:46,046][flwr][INFO] - fit progress: (1, 98.95663261413574, {'accuracy': 0.6638, 'precision': 0.7489589931932835, 'recall': 0.6638, 'f1': 0.6399546980868425, 'confusion_matrix': array([[971,   0,   2,   0,   0,   0,   4,   1,   2,   0],
       [  0, 491, 554,  20,   0,   0,   6,   1,  59,   4],
       [ 39,   0, 873,  26,   0,   0,  47,  19,  16,  12],
       [ 75,   0,  63, 655,   0,  51,  16,  22,  95,  33],
       [ 61,   0,  15,   0, 150,   2,  89,   6,   6, 653],
       [352,   1,  23,  37,   0, 323,  85,  19,  22,  30],
       [ 45,   1,  17,   1,   1,   3, 889,   1,   0,   0],
       [ 14,   1,  38,   1,   0,   0,   2, 907,  10,  55],
       [ 80,   0, 105,  53,   2,  12,  37,  12, 546, 127],
       [ 52,   0,   8,   3,   3,   2,   4,  90,  14, 833]])}, 9.834515209)
[2024-06-21 12:59:46,047][flwr][INFO] - configure_evaluate: no clients selected, skipping evaluation
[2024-06-21 12:59:46,047][flwr][INFO] - 
[2024-06-21 12:59:46,047][flwr][INFO] - [ROUND 2]
[2024-06-21 12:59:46,047][flwr][INFO] - configure_fit: strategy sampled 10 clients (out of 100)
[2024-06-21 12:59:53,380][flwr][INFO] - aggregate_fit: received 10 results and 0 failures
[2024-06-21 12:59:54,105][flwr][INFO] - fit progress: (2, 67.67611780762672, {'accuracy': 0.7299, 'precision': 0.8068244092418402, 'recall': 0.7299, 'f1': 0.7142526383856025, 'confusion_matrix': array([[ 958,    0,    2,    7,    0,    6,    1,    2,    4,    0],
       [   0,  121, 1003,    3,    1,    2,    2,    0,    3,    0],
       [  11,    0,  870,   91,    9,    5,   10,   14,   13,    9],
       [   5,    0,   42,  844,    1,   49,    1,    9,   30,   29],
       [  14,    0,   11,    0,  699,   56,   17,    0,    3,  182],
       [  36,    2,   24,   86,    1,  687,    9,    4,   27,   16],
       [  64,    1,   70,    2,   12,   16,  787,    4,    0,    2],
       [  23,    1,   75,    7,    4,    5,    0,  772,   19,  122],
       [  12,    0,   78,   86,    7,   50,    6,    1,  652,   82],
       [  36,    0,    6,    5,   15,   21,    0,    8,    9,  909]])}, 17.893389042)
[2024-06-21 12:59:54,110][flwr][INFO] - configure_evaluate: no clients selected, skipping evaluation
[2024-06-21 12:59:54,111][flwr][INFO] - 
[2024-06-21 12:59:54,111][flwr][INFO] - [ROUND 3]
[2024-06-21 12:59:54,114][flwr][INFO] - configure_fit: strategy sampled 10 clients (out of 100)
[2024-06-21 13:00:07,258][flwr][INFO] - aggregate_fit: received 10 results and 0 failures
[2024-06-21 13:00:07,816][flwr][INFO] - fit progress: (3, 51.2205593585968, {'accuracy': 0.8417, 'precision': 0.8511175369352327, 'recall': 0.8417, 'f1': 0.8425501885291867, 'confusion_matrix': array([[950,   0,   0,   3,   1,  15,   6,   1,   4,   0],
       [  0, 950, 167,   4,   1,   2,   3,   0,   7,   1],
       [ 11,   4, 798, 119,  15,   5,  15,  15,  40,  10],
       [  5,   3,  16, 819,   1,  88,   3,  11,  31,  33],
       [  1,   2,   3,   0, 871,  17,  14,   0,   3,  71],
       [ 22,  12,   3,  31,   5, 754,  19,   3,  22,  21],
       [ 21,   3,  13,   1,  10,  20, 881,   6,   0,   3],
       [ 11,  10,  41,  12,   6,   7,   0, 759,  26, 156],
       [  9,   4,  21,  30,  13,  58,  10,   0, 720, 109],
       [ 24,   7,   3,   3,  31,  17,   0,   6,   3, 915]])}, 31.603248459000003)
[2024-06-21 13:00:07,816][flwr][INFO] - configure_evaluate: no clients selected, skipping evaluation
[2024-06-21 13:00:07,816][flwr][INFO] - 
[2024-06-21 13:00:07,816][flwr][INFO] - [ROUND 4]
[2024-06-21 13:00:07,817][flwr][INFO] - configure_fit: strategy sampled 10 clients (out of 100)
[2024-06-21 13:00:18,797][flwr][INFO] - aggregate_fit: received 10 results and 0 failures
[2024-06-21 13:00:19,383][flwr][INFO] - fit progress: (4, 50.71008902788162, {'accuracy': 0.8297, 'precision': 0.844767896084259, 'recall': 0.8297, 'f1': 0.8305173130449226, 'confusion_matrix': array([[951,   1,   0,   5,   0,   9,   8,   2,   4,   0],
       [  0, 742, 378,   3,   1,   4,   3,   0,   2,   2],
       [ 10,   1, 835, 103,  19,   2,  12,  21,  23,   6],
       [  1,   0,  23, 879,   3,  41,   2,  15,  28,  18],
       [  1,   0,   5,   1, 863,  51,  11,   0,   2,  48],
       [ 23,   8,   4,  52,   3, 740,  23,   6,  21,  12],
       [ 21,   3,  10,   0,  26,   9, 876,  11,   0,   2],
       [ 19,   2,  50,  11,   5,  13,   0, 820,  32,  76],
       [  9,   0,  41,  44,  12,  53,   9,   2, 703, 101],
       [ 28,   4,   4,   7,  32,  29,   0,  12,   5, 888]])}, 43.170288209)
[2024-06-21 13:00:19,385][flwr][INFO] - configure_evaluate: no clients selected, skipping evaluation
[2024-06-21 13:00:19,385][flwr][INFO] - 
[2024-06-21 13:00:19,385][flwr][INFO] - [ROUND 5]
[2024-06-21 13:00:19,387][flwr][INFO] - configure_fit: strategy sampled 10 clients (out of 100)
[2024-06-21 13:00:31,840][flwr][INFO] - aggregate_fit: received 10 results and 0 failures
[2024-06-21 13:00:32,356][flwr][INFO] - fit progress: (5, 42.89006669819355, {'accuracy': 0.8665, 'precision': 0.8745980148048378, 'recall': 0.8665, 'f1': 0.866962903250208, 'confusion_matrix': array([[ 935,    6,    1,   10,    0,   10,    9,    5,    4,    0],
       [   0, 1067,   45,    5,    1,    1,    3,    0,   11,    2],
       [   6,    4,  791,  154,   15,    4,   14,   16,   25,    3],
       [   0,    1,    5,  921,    5,   35,    2,   10,   16,   15],
       [   1,    1,    3,    3,  800,   64,   10,    0,    4,   96],
       [   6,    5,    2,   48,    2,  773,   22,    4,   18,   12],
       [   8,    3,    6,    1,   11,   18,  896,   12,    1,    2],
       [   5,   11,   35,   26,    3,    6,    0,  832,   32,   78],
       [   3,    4,   16,   72,    5,   60,   11,    1,  720,   82],
       [  17,    5,    3,    9,   18,   17,    0,    9,    1,  930]])}, 56.14343483399999)
[2024-06-21 13:00:32,357][flwr][INFO] - configure_evaluate: no clients selected, skipping evaluation
[2024-06-21 13:00:32,357][flwr][INFO] - 
[2024-06-21 13:00:32,357][flwr][INFO] - [ROUND 6]
[2024-06-21 13:00:32,358][flwr][INFO] - configure_fit: strategy sampled 10 clients (out of 100)
[2024-06-21 13:00:42,949][flwr][INFO] - aggregate_fit: received 10 results and 0 failures
[2024-06-21 13:00:43,485][flwr][INFO] - fit progress: (6, 43.766022354364395, {'accuracy': 0.8788, 'precision': 0.8828579053547464, 'recall': 0.8788, 'f1': 0.8793711845915606, 'confusion_matrix': array([[ 949,    5,    0,    4,    0,    8,    3,    4,    7,    0],
       [   0, 1027,   85,    3,    1,    2,    3,    1,   12,    1],
       [  10,    0,  830,  108,   18,    4,    5,   13,   41,    3],
       [   1,    1,    8,  903,    2,   32,    2,    8,   40,   13],
       [   1,    2,    2,    4,  854,   38,    7,    0,    6,   68],
       [   4,    6,    4,   30,    2,  784,   16,    1,   33,   12],
       [  14,    3,   14,    1,   29,   19,  852,   19,    5,    2],
       [   8,    7,   31,   19,    5,    5,    0,  830,   50,   73],
       [   1,    4,   15,   30,    7,   40,    4,    0,  837,   36],
       [  11,    6,    1,    6,   25,   16,    0,    8,   14,  922]])}, 67.271612375)
[2024-06-21 13:00:43,485][flwr][INFO] - configure_evaluate: no clients selected, skipping evaluation
[2024-06-21 13:00:43,485][flwr][INFO] - 
[2024-06-21 13:00:43,485][flwr][INFO] - [ROUND 7]
[2024-06-21 13:00:43,486][flwr][INFO] - configure_fit: strategy sampled 10 clients (out of 100)
[2024-06-21 13:00:54,692][flwr][INFO] - aggregate_fit: received 10 results and 0 failures
[2024-06-21 13:00:55,175][flwr][INFO] - fit progress: (7, 40.09493809938431, {'accuracy': 0.881, 'precision': 0.8866922539601776, 'recall': 0.881, 'f1': 0.8811621967285515, 'confusion_matrix': array([[ 960,    0,    0,    1,    0,    7,    7,    2,    3,    0],
       [   0, 1045,   66,    2,    1,    1,    4,    0,   13,    3],
       [  13,    0,  897,   68,    9,    4,    9,    8,   22,    2],
       [   1,    1,   10,  914,    0,   41,    3,    7,   15,   18],
       [   2,    0,    3,    2,  812,   77,   16,    0,    3,   67],
       [  11,    1,    2,   27,    1,  799,   29,    5,   12,    5],
       [  18,    2,    7,    1,    9,    6,  906,    9,    0,    0],
       [  12,    7,   53,   14,    2,    7,    0,  844,   24,   65],
       [   7,    2,   17,   40,    6,   72,   17,    0,  729,   84],
       [  39,    6,    3,    8,   20,   24,    0,    4,    1,  904]])}, 78.961341792)
[2024-06-21 13:00:55,179][flwr][INFO] - configure_evaluate: no clients selected, skipping evaluation
[2024-06-21 13:00:55,179][flwr][INFO] - 
[2024-06-21 13:00:55,179][flwr][INFO] - [ROUND 8]
[2024-06-21 13:00:55,180][flwr][INFO] - configure_fit: strategy sampled 10 clients (out of 100)
[2024-06-21 13:01:06,874][flwr][INFO] - aggregate_fit: received 10 results and 0 failures
[2024-06-21 13:01:07,443][flwr][INFO] - fit progress: (8, 37.236289605498314, {'accuracy': 0.8907, 'precision': 0.896189616760683, 'recall': 0.8907, 'f1': 0.8910065653469099, 'confusion_matrix': array([[ 956,    2,    0,    3,    0,    4,    7,    2,    6,    0],
       [   0, 1084,   20,    3,    1,    0,    5,    0,   21,    1],
       [   9,    2,  811,  139,   15,    5,   10,    9,   27,    5],
       [   0,    0,    4,  944,    2,   17,    1,    6,   19,   17],
       [   1,    0,    1,    3,  888,   31,   11,    0,    4,   43],
       [   9,    4,    1,   63,    3,  742,   35,    2,   21,   12],
       [  12,    1,    6,    3,   15,    6,  909,    3,    2,    1],
       [   6,    2,   32,   29,    5,    7,    0,  850,   21,   76],
       [   2,    3,   12,   49,    7,   23,   11,    1,  807,   59],
       [  18,    6,    3,   10,   34,   11,    0,    3,    8,  916]])}, 91.228897459)
[2024-06-21 13:01:07,443][flwr][INFO] - configure_evaluate: no clients selected, skipping evaluation
[2024-06-21 13:01:07,443][flwr][INFO] - 
[2024-06-21 13:01:07,443][flwr][INFO] - [ROUND 9]
[2024-06-21 13:01:07,444][flwr][INFO] - configure_fit: strategy sampled 10 clients (out of 100)
[2024-06-21 13:01:16,651][flwr][INFO] - aggregate_fit: received 10 results and 0 failures
[2024-06-21 13:01:17,071][flwr][INFO] - fit progress: (9, 35.393937796354294, {'accuracy': 0.9034, 'precision': 0.9071281485787945, 'recall': 0.9034, 'f1': 0.903876331515287, 'confusion_matrix': array([[ 966,    1,    0,    2,    0,    4,    0,    3,    4,    0],
       [   0, 1091,   12,    6,    1,    1,    4,    1,   18,    1],
       [   8,    2,  862,   97,    8,    7,    5,   10,   28,    5],
       [   1,    1,    3,  902,    2,   53,    2,    6,   28,   12],
       [   1,    0,    2,    2,  840,   65,    8,    0,    4,   60],
       [   9,    1,    3,   18,    0,  818,   13,    4,   19,    7],
       [  18,    2,    9,    1,   14,   21,  881,   11,    0,    1],
       [   5,    6,   19,   23,    5,    5,    0,  900,   16,   49],
       [   5,    1,    6,   27,    6,   35,    9,    0,  857,   28],
       [  27,    5,    2,    8,   22,   15,    0,    5,    8,  917]])}, 100.856690375)
[2024-06-21 13:01:17,071][flwr][INFO] - configure_evaluate: no clients selected, skipping evaluation
[2024-06-21 13:01:17,071][flwr][INFO] - 
[2024-06-21 13:01:17,071][flwr][INFO] - [ROUND 10]
[2024-06-21 13:01:17,072][flwr][INFO] - configure_fit: strategy sampled 10 clients (out of 100)
[2024-06-21 13:01:26,521][flwr][INFO] - aggregate_fit: received 10 results and 0 failures
[2024-06-21 13:01:27,546][flwr][INFO] - fit progress: (10, 39.53584998846054, {'accuracy': 0.847, 'precision': 0.8637315344856029, 'recall': 0.847, 'f1': 0.8453218677494313, 'confusion_matrix': array([[925,  32,   0,   4,   0,   7,   4,   4,   4,   0],
       [  0, 571, 526,   3,   1,   0,   2,   1,  31,   0],
       [  5,   2, 874,  89,   6,   4,   4,  16,  29,   3],
       [  0,   1,   6, 923,   0,  27,   0,   4,  40,   9],
       [  1,   0,   5,   1, 854,  36,   5,   3,  10,  67],
       [  4,   3,   0,  28,   0, 812,  11,   4,  25,   5],
       [ 10,   4,  12,   1,  14,  16, 832,  63,   4,   2],
       [  3,   0,  26,  30,   4,   6,   0, 879,  44,  36],
       [  1,   5,   8,  20,   4,  22,   8,   0, 888,  18],
       [ 19,   5,   0,  10,  18,  19,   1,   5,  20, 912]])}, 111.331207334)
[2024-06-21 13:01:27,546][flwr][INFO] - configure_evaluate: no clients selected, skipping evaluation
[2024-06-21 13:01:27,547][flwr][INFO] - 
[2024-06-21 13:01:27,547][flwr][INFO] - [SUMMARY]
[2024-06-21 13:01:27,547][flwr][INFO] - Run finished 10 round(s) in 111.33s
[2024-06-21 13:01:27,554][flwr][INFO] - 	History (loss, centralized):
[2024-06-21 13:01:27,556][flwr][INFO] - 		round 0: 181.76928067207336
[2024-06-21 13:01:27,556][flwr][INFO] - 		round 1: 98.95663261413574
[2024-06-21 13:01:27,556][flwr][INFO] - 		round 2: 67.67611780762672
[2024-06-21 13:01:27,556][flwr][INFO] - 		round 3: 51.2205593585968
[2024-06-21 13:01:27,556][flwr][INFO] - 		round 4: 50.71008902788162
[2024-06-21 13:01:27,556][flwr][INFO] - 		round 5: 42.89006669819355
[2024-06-21 13:01:27,556][flwr][INFO] - 		round 6: 43.766022354364395
[2024-06-21 13:01:27,556][flwr][INFO] - 		round 7: 40.09493809938431
[2024-06-21 13:01:27,556][flwr][INFO] - 		round 8: 37.236289605498314
[2024-06-21 13:01:27,556][flwr][INFO] - 		round 9: 35.393937796354294
[2024-06-21 13:01:27,560][flwr][INFO] - 		round 10: 39.53584998846054
[2024-06-21 13:01:27,560][flwr][INFO] - 	History (metrics, centralized):
[2024-06-21 13:01:27,560][flwr][INFO] - 	{'accuracy': [(0, 0.1086),
[2024-06-21 13:01:27,560][flwr][INFO] - 	              (1, 0.6638),
[2024-06-21 13:01:27,560][flwr][INFO] - 	              (2, 0.7299),
[2024-06-21 13:01:27,560][flwr][INFO] - 	              (3, 0.8417),
[2024-06-21 13:01:27,560][flwr][INFO] - 	              (4, 0.8297),
[2024-06-21 13:01:27,560][flwr][INFO] - 	              (5, 0.8665),
[2024-06-21 13:01:27,560][flwr][INFO] - 	              (6, 0.8788),
[2024-06-21 13:01:27,560][flwr][INFO] - 	              (7, 0.881),
[2024-06-21 13:01:27,560][flwr][INFO] - 	              (8, 0.8907),
[2024-06-21 13:01:27,560][flwr][INFO] - 	              (9, 0.9034),
[2024-06-21 13:01:27,560][flwr][INFO] - 	              (10, 0.847)],
[2024-06-21 13:01:27,560][flwr][INFO] - 	 'confusion_matrix': [(0,
[2024-06-21 13:01:27,560][flwr][INFO] - 	                       array([[   0,    8,    0,  956,    0,    1,    0,   15,    0,    0],
[2024-06-21 13:01:27,561][flwr][INFO] - 	       [   0,  122,    0, 1013,    0,    0,    0,    0,    0,    0],
[2024-06-21 13:01:27,561][flwr][INFO] - 	       [   0,   38,    0,  971,    0,    0,    3,   19,    1,    0],
[2024-06-21 13:01:27,561][flwr][INFO] - 	       [   0,   44,    0,  945,    1,    1,    0,   17,    2,    0],
[2024-06-21 13:01:27,561][flwr][INFO] - 	       [   0,  143,    0,  816,    1,    0,    2,   20,    0,    0],
[2024-06-21 13:01:27,561][flwr][INFO] - 	       [   0,  118,    0,  735,    1,    7,    0,   30,    1,    0],
[2024-06-21 13:01:27,561][flwr][INFO] - 	       [   0,  144,    0,  749,   25,    0,    2,   38,    0,    0],
[2024-06-21 13:01:27,561][flwr][INFO] - 	       [   0,  272,    0,  724,    8,    0,    0,    9,   15,    0],
[2024-06-21 13:01:27,561][flwr][INFO] - 	       [   0,   81,    0,  859,    1,    0,    1,   32,    0,    0],
[2024-06-21 13:01:27,561][flwr][INFO] - 	       [   0,  178,    0,  799,    1,    0,    0,   31,    0,    0]])),
[2024-06-21 13:01:27,561][flwr][INFO] - 	                      (1,
[2024-06-21 13:01:27,561][flwr][INFO] - 	                       array([[971,   0,   2,   0,   0,   0,   4,   1,   2,   0],
[2024-06-21 13:01:27,561][flwr][INFO] - 	       [  0, 491, 554,  20,   0,   0,   6,   1,  59,   4],
[2024-06-21 13:01:27,561][flwr][INFO] - 	       [ 39,   0, 873,  26,   0,   0,  47,  19,  16,  12],
[2024-06-21 13:01:27,561][flwr][INFO] - 	       [ 75,   0,  63, 655,   0,  51,  16,  22,  95,  33],
[2024-06-21 13:01:27,561][flwr][INFO] - 	       [ 61,   0,  15,   0, 150,   2,  89,   6,   6, 653],
[2024-06-21 13:01:27,561][flwr][INFO] - 	       [352,   1,  23,  37,   0, 323,  85,  19,  22,  30],
[2024-06-21 13:01:27,561][flwr][INFO] - 	       [ 45,   1,  17,   1,   1,   3, 889,   1,   0,   0],
[2024-06-21 13:01:27,561][flwr][INFO] - 	       [ 14,   1,  38,   1,   0,   0,   2, 907,  10,  55],
[2024-06-21 13:01:27,561][flwr][INFO] - 	       [ 80,   0, 105,  53,   2,  12,  37,  12, 546, 127],
[2024-06-21 13:01:27,562][flwr][INFO] - 	       [ 52,   0,   8,   3,   3,   2,   4,  90,  14, 833]])),
[2024-06-21 13:01:27,562][flwr][INFO] - 	                      (2,
[2024-06-21 13:01:27,562][flwr][INFO] - 	                       array([[ 958,    0,    2,    7,    0,    6,    1,    2,    4,    0],
[2024-06-21 13:01:27,562][flwr][INFO] - 	       [   0,  121, 1003,    3,    1,    2,    2,    0,    3,    0],
[2024-06-21 13:01:27,562][flwr][INFO] - 	       [  11,    0,  870,   91,    9,    5,   10,   14,   13,    9],
[2024-06-21 13:01:27,562][flwr][INFO] - 	       [   5,    0,   42,  844,    1,   49,    1,    9,   30,   29],
[2024-06-21 13:01:27,562][flwr][INFO] - 	       [  14,    0,   11,    0,  699,   56,   17,    0,    3,  182],
[2024-06-21 13:01:27,562][flwr][INFO] - 	       [  36,    2,   24,   86,    1,  687,    9,    4,   27,   16],
[2024-06-21 13:01:27,562][flwr][INFO] - 	       [  64,    1,   70,    2,   12,   16,  787,    4,    0,    2],
[2024-06-21 13:01:27,562][flwr][INFO] - 	       [  23,    1,   75,    7,    4,    5,    0,  772,   19,  122],
[2024-06-21 13:01:27,562][flwr][INFO] - 	       [  12,    0,   78,   86,    7,   50,    6,    1,  652,   82],
[2024-06-21 13:01:27,562][flwr][INFO] - 	       [  36,    0,    6,    5,   15,   21,    0,    8,    9,  909]])),
[2024-06-21 13:01:27,562][flwr][INFO] - 	                      (3,
[2024-06-21 13:01:27,562][flwr][INFO] - 	                       array([[950,   0,   0,   3,   1,  15,   6,   1,   4,   0],
[2024-06-21 13:01:27,562][flwr][INFO] - 	       [  0, 950, 167,   4,   1,   2,   3,   0,   7,   1],
[2024-06-21 13:01:27,562][flwr][INFO] - 	       [ 11,   4, 798, 119,  15,   5,  15,  15,  40,  10],
[2024-06-21 13:01:27,562][flwr][INFO] - 	       [  5,   3,  16, 819,   1,  88,   3,  11,  31,  33],
[2024-06-21 13:01:27,563][flwr][INFO] - 	       [  1,   2,   3,   0, 871,  17,  14,   0,   3,  71],
[2024-06-21 13:01:27,563][flwr][INFO] - 	       [ 22,  12,   3,  31,   5, 754,  19,   3,  22,  21],
[2024-06-21 13:01:27,563][flwr][INFO] - 	       [ 21,   3,  13,   1,  10,  20, 881,   6,   0,   3],
[2024-06-21 13:01:27,563][flwr][INFO] - 	       [ 11,  10,  41,  12,   6,   7,   0, 759,  26, 156],
[2024-06-21 13:01:27,563][flwr][INFO] - 	       [  9,   4,  21,  30,  13,  58,  10,   0, 720, 109],
[2024-06-21 13:01:27,563][flwr][INFO] - 	       [ 24,   7,   3,   3,  31,  17,   0,   6,   3, 915]])),
[2024-06-21 13:01:27,563][flwr][INFO] - 	                      (4,
[2024-06-21 13:01:27,563][flwr][INFO] - 	                       array([[951,   1,   0,   5,   0,   9,   8,   2,   4,   0],
[2024-06-21 13:01:27,563][flwr][INFO] - 	       [  0, 742, 378,   3,   1,   4,   3,   0,   2,   2],
[2024-06-21 13:01:27,563][flwr][INFO] - 	       [ 10,   1, 835, 103,  19,   2,  12,  21,  23,   6],
[2024-06-21 13:01:27,563][flwr][INFO] - 	       [  1,   0,  23, 879,   3,  41,   2,  15,  28,  18],
[2024-06-21 13:01:27,563][flwr][INFO] - 	       [  1,   0,   5,   1, 863,  51,  11,   0,   2,  48],
[2024-06-21 13:01:27,563][flwr][INFO] - 	       [ 23,   8,   4,  52,   3, 740,  23,   6,  21,  12],
[2024-06-21 13:01:27,563][flwr][INFO] - 	       [ 21,   3,  10,   0,  26,   9, 876,  11,   0,   2],
[2024-06-21 13:01:27,563][flwr][INFO] - 	       [ 19,   2,  50,  11,   5,  13,   0, 820,  32,  76],
[2024-06-21 13:01:27,563][flwr][INFO] - 	       [  9,   0,  41,  44,  12,  53,   9,   2, 703, 101],
[2024-06-21 13:01:27,563][flwr][INFO] - 	       [ 28,   4,   4,   7,  32,  29,   0,  12,   5, 888]])),
[2024-06-21 13:01:27,563][flwr][INFO] - 	                      (5,
[2024-06-21 13:01:27,563][flwr][INFO] - 	                       array([[ 935,    6,    1,   10,    0,   10,    9,    5,    4,    0],
[2024-06-21 13:01:27,563][flwr][INFO] - 	       [   0, 1067,   45,    5,    1,    1,    3,    0,   11,    2],
[2024-06-21 13:01:27,563][flwr][INFO] - 	       [   6,    4,  791,  154,   15,    4,   14,   16,   25,    3],
[2024-06-21 13:01:27,563][flwr][INFO] - 	       [   0,    1,    5,  921,    5,   35,    2,   10,   16,   15],
[2024-06-21 13:01:27,563][flwr][INFO] - 	       [   1,    1,    3,    3,  800,   64,   10,    0,    4,   96],
[2024-06-21 13:01:27,563][flwr][INFO] - 	       [   6,    5,    2,   48,    2,  773,   22,    4,   18,   12],
[2024-06-21 13:01:27,563][flwr][INFO] - 	       [   8,    3,    6,    1,   11,   18,  896,   12,    1,    2],
[2024-06-21 13:01:27,563][flwr][INFO] - 	       [   5,   11,   35,   26,    3,    6,    0,  832,   32,   78],
[2024-06-21 13:01:27,563][flwr][INFO] - 	       [   3,    4,   16,   72,    5,   60,   11,    1,  720,   82],
[2024-06-21 13:01:27,563][flwr][INFO] - 	       [  17,    5,    3,    9,   18,   17,    0,    9,    1,  930]])),
[2024-06-21 13:01:27,563][flwr][INFO] - 	                      (6,
[2024-06-21 13:01:27,563][flwr][INFO] - 	                       array([[ 949,    5,    0,    4,    0,    8,    3,    4,    7,    0],
[2024-06-21 13:01:27,564][flwr][INFO] - 	       [   0, 1027,   85,    3,    1,    2,    3,    1,   12,    1],
[2024-06-21 13:01:27,564][flwr][INFO] - 	       [  10,    0,  830,  108,   18,    4,    5,   13,   41,    3],
[2024-06-21 13:01:27,564][flwr][INFO] - 	       [   1,    1,    8,  903,    2,   32,    2,    8,   40,   13],
[2024-06-21 13:01:27,564][flwr][INFO] - 	       [   1,    2,    2,    4,  854,   38,    7,    0,    6,   68],
[2024-06-21 13:01:27,564][flwr][INFO] - 	       [   4,    6,    4,   30,    2,  784,   16,    1,   33,   12],
[2024-06-21 13:01:27,564][flwr][INFO] - 	       [  14,    3,   14,    1,   29,   19,  852,   19,    5,    2],
[2024-06-21 13:01:27,564][flwr][INFO] - 	       [   8,    7,   31,   19,    5,    5,    0,  830,   50,   73],
[2024-06-21 13:01:27,564][flwr][INFO] - 	       [   1,    4,   15,   30,    7,   40,    4,    0,  837,   36],
[2024-06-21 13:01:27,564][flwr][INFO] - 	       [  11,    6,    1,    6,   25,   16,    0,    8,   14,  922]])),
[2024-06-21 13:01:27,564][flwr][INFO] - 	                      (7,
[2024-06-21 13:01:27,564][flwr][INFO] - 	                       array([[ 960,    0,    0,    1,    0,    7,    7,    2,    3,    0],
[2024-06-21 13:01:27,564][flwr][INFO] - 	       [   0, 1045,   66,    2,    1,    1,    4,    0,   13,    3],
[2024-06-21 13:01:27,564][flwr][INFO] - 	       [  13,    0,  897,   68,    9,    4,    9,    8,   22,    2],
[2024-06-21 13:01:27,564][flwr][INFO] - 	       [   1,    1,   10,  914,    0,   41,    3,    7,   15,   18],
[2024-06-21 13:01:27,564][flwr][INFO] - 	       [   2,    0,    3,    2,  812,   77,   16,    0,    3,   67],
[2024-06-21 13:01:27,564][flwr][INFO] - 	       [  11,    1,    2,   27,    1,  799,   29,    5,   12,    5],
[2024-06-21 13:01:27,564][flwr][INFO] - 	       [  18,    2,    7,    1,    9,    6,  906,    9,    0,    0],
[2024-06-21 13:01:27,564][flwr][INFO] - 	       [  12,    7,   53,   14,    2,    7,    0,  844,   24,   65],
[2024-06-21 13:01:27,564][flwr][INFO] - 	       [   7,    2,   17,   40,    6,   72,   17,    0,  729,   84],
[2024-06-21 13:01:27,564][flwr][INFO] - 	       [  39,    6,    3,    8,   20,   24,    0,    4,    1,  904]])),
[2024-06-21 13:01:27,564][flwr][INFO] - 	                      (8,
[2024-06-21 13:01:27,564][flwr][INFO] - 	                       array([[ 956,    2,    0,    3,    0,    4,    7,    2,    6,    0],
[2024-06-21 13:01:27,564][flwr][INFO] - 	       [   0, 1084,   20,    3,    1,    0,    5,    0,   21,    1],
[2024-06-21 13:01:27,564][flwr][INFO] - 	       [   9,    2,  811,  139,   15,    5,   10,    9,   27,    5],
[2024-06-21 13:01:27,564][flwr][INFO] - 	       [   0,    0,    4,  944,    2,   17,    1,    6,   19,   17],
[2024-06-21 13:01:27,564][flwr][INFO] - 	       [   1,    0,    1,    3,  888,   31,   11,    0,    4,   43],
[2024-06-21 13:01:27,564][flwr][INFO] - 	       [   9,    4,    1,   63,    3,  742,   35,    2,   21,   12],
[2024-06-21 13:01:27,564][flwr][INFO] - 	       [  12,    1,    6,    3,   15,    6,  909,    3,    2,    1],
[2024-06-21 13:01:27,564][flwr][INFO] - 	       [   6,    2,   32,   29,    5,    7,    0,  850,   21,   76],
[2024-06-21 13:01:27,564][flwr][INFO] - 	       [   2,    3,   12,   49,    7,   23,   11,    1,  807,   59],
[2024-06-21 13:01:27,564][flwr][INFO] - 	       [  18,    6,    3,   10,   34,   11,    0,    3,    8,  916]])),
[2024-06-21 13:01:27,564][flwr][INFO] - 	                      (9,
[2024-06-21 13:01:27,564][flwr][INFO] - 	                       array([[ 966,    1,    0,    2,    0,    4,    0,    3,    4,    0],
[2024-06-21 13:01:27,564][flwr][INFO] - 	       [   0, 1091,   12,    6,    1,    1,    4,    1,   18,    1],
[2024-06-21 13:01:27,564][flwr][INFO] - 	       [   8,    2,  862,   97,    8,    7,    5,   10,   28,    5],
[2024-06-21 13:01:27,564][flwr][INFO] - 	       [   1,    1,    3,  902,    2,   53,    2,    6,   28,   12],
[2024-06-21 13:01:27,565][flwr][INFO] - 	       [   1,    0,    2,    2,  840,   65,    8,    0,    4,   60],
[2024-06-21 13:01:27,565][flwr][INFO] - 	       [   9,    1,    3,   18,    0,  818,   13,    4,   19,    7],
[2024-06-21 13:01:27,565][flwr][INFO] - 	       [  18,    2,    9,    1,   14,   21,  881,   11,    0,    1],
[2024-06-21 13:01:27,565][flwr][INFO] - 	       [   5,    6,   19,   23,    5,    5,    0,  900,   16,   49],
[2024-06-21 13:01:27,565][flwr][INFO] - 	       [   5,    1,    6,   27,    6,   35,    9,    0,  857,   28],
[2024-06-21 13:01:27,565][flwr][INFO] - 	       [  27,    5,    2,    8,   22,   15,    0,    5,    8,  917]])),
[2024-06-21 13:01:27,565][flwr][INFO] - 	                      (10,
[2024-06-21 13:01:27,565][flwr][INFO] - 	                       array([[925,  32,   0,   4,   0,   7,   4,   4,   4,   0],
[2024-06-21 13:01:27,565][flwr][INFO] - 	       [  0, 571, 526,   3,   1,   0,   2,   1,  31,   0],
[2024-06-21 13:01:27,565][flwr][INFO] - 	       [  5,   2, 874,  89,   6,   4,   4,  16,  29,   3],
[2024-06-21 13:01:27,565][flwr][INFO] - 	       [  0,   1,   6, 923,   0,  27,   0,   4,  40,   9],
[2024-06-21 13:01:27,565][flwr][INFO] - 	       [  1,   0,   5,   1, 854,  36,   5,   3,  10,  67],
[2024-06-21 13:01:27,565][flwr][INFO] - 	       [  4,   3,   0,  28,   0, 812,  11,   4,  25,   5],
[2024-06-21 13:01:27,565][flwr][INFO] - 	       [ 10,   4,  12,   1,  14,  16, 832,  63,   4,   2],
[2024-06-21 13:01:27,565][flwr][INFO] - 	       [  3,   0,  26,  30,   4,   6,   0, 879,  44,  36],
[2024-06-21 13:01:27,565][flwr][INFO] - 	       [  1,   5,   8,  20,   4,  22,   8,   0, 888,  18],
[2024-06-21 13:01:27,565][flwr][INFO] - 	       [ 19,   5,   0,  10,  18,  19,   1,   5,  20, 912]]))],
[2024-06-21 13:01:27,565][flwr][INFO] - 	 'f1': [(0, 0.03553137346181725),
[2024-06-21 13:01:27,565][flwr][INFO] - 	        (1, 0.6399546980868425),
[2024-06-21 13:01:27,565][flwr][INFO] - 	        (2, 0.7142526383856025),
[2024-06-21 13:01:27,565][flwr][INFO] - 	        (3, 0.8425501885291867),
[2024-06-21 13:01:27,565][flwr][INFO] - 	        (4, 0.8305173130449226),
[2024-06-21 13:01:27,565][flwr][INFO] - 	        (5, 0.866962903250208),
[2024-06-21 13:01:27,565][flwr][INFO] - 	        (6, 0.8793711845915606),
[2024-06-21 13:01:27,565][flwr][INFO] - 	        (7, 0.8811621967285515),
[2024-06-21 13:01:27,565][flwr][INFO] - 	        (8, 0.8910065653469099),
[2024-06-21 13:01:27,565][flwr][INFO] - 	        (9, 0.903876331515287),
[2024-06-21 13:01:27,565][flwr][INFO] - 	        (10, 0.8453218677494313)],
[2024-06-21 13:01:27,565][flwr][INFO] - 	 'precision': [(0, 0.12349967530374152),
[2024-06-21 13:01:27,565][flwr][INFO] - 	               (1, 0.7489589931932835),
[2024-06-21 13:01:27,565][flwr][INFO] - 	               (2, 0.8068244092418402),
[2024-06-21 13:01:27,565][flwr][INFO] - 	               (3, 0.8511175369352327),
[2024-06-21 13:01:27,565][flwr][INFO] - 	               (4, 0.844767896084259),
[2024-06-21 13:01:27,565][flwr][INFO] - 	               (5, 0.8745980148048378),
[2024-06-21 13:01:27,565][flwr][INFO] - 	               (6, 0.8828579053547464),
[2024-06-21 13:01:27,565][flwr][INFO] - 	               (7, 0.8866922539601776),
[2024-06-21 13:01:27,565][flwr][INFO] - 	               (8, 0.896189616760683),
[2024-06-21 13:01:27,565][flwr][INFO] - 	               (9, 0.9071281485787945),
[2024-06-21 13:01:27,565][flwr][INFO] - 	               (10, 0.8637315344856029)],
[2024-06-21 13:01:27,565][flwr][INFO] - 	 'recall': [(0, 0.1086),
[2024-06-21 13:01:27,565][flwr][INFO] - 	            (1, 0.6638),
[2024-06-21 13:01:27,565][flwr][INFO] - 	            (2, 0.7299),
[2024-06-21 13:01:27,565][flwr][INFO] - 	            (3, 0.8417),
[2024-06-21 13:01:27,565][flwr][INFO] - 	            (4, 0.8297),
[2024-06-21 13:01:27,565][flwr][INFO] - 	            (5, 0.8665),
[2024-06-21 13:01:27,565][flwr][INFO] - 	            (6, 0.8788),
[2024-06-21 13:01:27,565][flwr][INFO] - 	            (7, 0.881),
[2024-06-21 13:01:27,565][flwr][INFO] - 	            (8, 0.8907),
[2024-06-21 13:01:27,565][flwr][INFO] - 	            (9, 0.9034),
[2024-06-21 13:01:27,566][flwr][INFO] - 	            (10, 0.847)]}
[2024-06-21 13:01:27,567][flwr][INFO] - 
