[2024-06-20 20:23:34,454][flwr][INFO] - Starting Flower simulation, config: num_rounds=10, no round_timeout
[2024-06-20 20:23:36,540][flwr][INFO] - Flower VCE: Ray initialized with resources: {'memory': 9735641498.0, 'node:127.0.0.1': 1.0, 'CPU': 12.0, 'node:__internal_head__': 1.0, 'object_store_memory': 2147483648.0}
[2024-06-20 20:23:36,541][flwr][INFO] - Optimize your simulation with Flower VCE: https://flower.ai/docs/framework/how-to-run-simulations.html
[2024-06-20 20:23:36,541][flwr][INFO] - Flower VCE: Resources for each Virtual Client: {'num_cpus': 2, 'num_gpus': 0}
[2024-06-20 20:23:36,548][flwr][INFO] - Flower VCE: Creating VirtualClientEngineActorPool with 6 actors
[2024-06-20 20:23:36,548][flwr][INFO] - [INIT]
[2024-06-20 20:23:36,549][flwr][INFO] - Requesting initial parameters from one random client
[2024-06-20 20:23:38,530][flwr][INFO] - Received initial parameters from one random client
[2024-06-20 20:23:38,531][flwr][INFO] - Evaluating initial global parameters
[2024-06-20 20:23:38,970][flwr][INFO] - initial parameters (loss, other metrics): 181.76928067207336, {'accuracy': 0.1086, 'precision': 0.12349967530374152, 'recall': 0.1086, 'f1': 0.03553137346181725, 'confusion_matrix': array([[   0,    8,    0,  956,    0,    1,    0,   15,    0,    0],
       [   0,  122,    0, 1013,    0,    0,    0,    0,    0,    0],
       [   0,   38,    0,  971,    0,    0,    3,   19,    1,    0],
       [   0,   44,    0,  945,    1,    1,    0,   17,    2,    0],
       [   0,  143,    0,  816,    1,    0,    2,   20,    0,    0],
       [   0,  118,    0,  735,    1,    7,    0,   30,    1,    0],
       [   0,  144,    0,  749,   25,    0,    2,   38,    0,    0],
       [   0,  272,    0,  724,    8,    0,    0,    9,   15,    0],
       [   0,   81,    0,  859,    1,    0,    1,   32,    0,    0],
       [   0,  178,    0,  799,    1,    0,    0,   31,    0,    0]])}
[2024-06-20 20:23:38,971][flwr][INFO] - 
[2024-06-20 20:23:38,971][flwr][INFO] - [ROUND 1]
[2024-06-20 20:23:38,971][flwr][INFO] - configure_fit: strategy sampled 10 clients (out of 100)
[2024-06-20 20:23:46,221][flwr][INFO] - aggregate_fit: received 10 results and 0 failures
[2024-06-20 20:23:46,232][flwr][WARNING] - No fit_metrics_aggregation_fn provided
[2024-06-20 20:23:46,677][flwr][INFO] - fit progress: (1, 63.240348786115646, {'accuracy': 0.784, 'precision': 0.8080887311750794, 'recall': 0.784, 'f1': 0.7717049321422251, 'confusion_matrix': array([[ 899,    0,   15,    2,    0,   12,   44,    3,    5,    0],
       [   0, 1079,   16,    7,    0,    0,    4,    1,   28,    0],
       [  16,    6,  891,   33,    6,    0,   36,   15,   17,   12],
       [   5,    3,   78,  829,    0,   21,    1,   26,   43,    4],
       [   0,    8,   18,    0,  235,    2,   47,    3,   17,  652],
       [  24,   18,   30,  114,   10,  575,   34,   24,   52,   11],
       [   7,    6,   36,    2,    4,   14,  884,    0,    1,    4],
       [   2,   18,   37,    0,    2,    1,    1,  932,    7,   28],
       [  12,    9,   63,   78,    1,   38,   18,   17,  690,   48],
       [  12,    8,    9,    8,    5,    8,    3,  103,   27,  826]])}, 7.706999958)
[2024-06-20 20:23:46,678][flwr][INFO] - configure_evaluate: no clients selected, skipping evaluation
[2024-06-20 20:23:46,678][flwr][INFO] - 
[2024-06-20 20:23:46,678][flwr][INFO] - [ROUND 2]
[2024-06-20 20:23:46,679][flwr][INFO] - configure_fit: strategy sampled 10 clients (out of 100)
[2024-06-20 20:23:51,978][flwr][INFO] - aggregate_fit: received 10 results and 0 failures
[2024-06-20 20:23:52,425][flwr][INFO] - fit progress: (2, 32.49839973449707, {'accuracy': 0.8862, 'precision': 0.8866669475828141, 'recall': 0.8862, 'f1': 0.8855237331886019, 'confusion_matrix': array([[ 956,    0,    1,    2,    0,    7,   10,    1,    3,    0],
       [   0, 1095,    1,    7,    0,    2,    3,    1,   26,    0],
       [  17,   11,  849,   33,   16,    2,   30,   15,   48,   11],
       [  12,    4,   21,  872,    0,   51,    1,   21,   24,    4],
       [   1,    6,    5,    0,  888,    2,   24,    2,   14,   40],
       [  23,    3,    5,   43,   15,  747,   18,   10,   24,    4],
       [  26,    5,    4,    0,   11,   16,  894,    1,    1,    0],
       [   3,   18,   18,    6,    6,    0,    0,  948,    6,   23],
       [   7,    7,    7,   35,   10,   51,   18,   10,  814,   15],
       [  12,    5,    1,    8,   84,   17,    3,   59,   21,  799]])}, 13.454788292)
[2024-06-20 20:23:52,426][flwr][INFO] - configure_evaluate: no clients selected, skipping evaluation
[2024-06-20 20:23:52,426][flwr][INFO] - 
[2024-06-20 20:23:52,426][flwr][INFO] - [ROUND 3]
[2024-06-20 20:23:52,426][flwr][INFO] - configure_fit: strategy sampled 10 clients (out of 100)
[2024-06-20 20:23:57,629][flwr][INFO] - aggregate_fit: received 10 results and 0 failures
[2024-06-20 20:23:58,080][flwr][INFO] - fit progress: (3, 27.45379825308919, {'accuracy': 0.8998, 'precision': 0.9004503037498611, 'recall': 0.8998, 'f1': 0.8993251342781161, 'confusion_matrix': array([[ 954,    0,    0,    1,    0,    8,   14,    1,    2,    0],
       [   0, 1104,    3,    3,    1,    2,    4,    1,   17,    0],
       [  15,    7,  884,   22,   21,    2,   25,   15,   35,    6],
       [   8,    5,   23,  889,    1,   36,    4,   17,   23,    4],
       [   0,    5,    5,    0,  923,    0,   16,    0,    7,   26],
       [  19,    3,    4,   42,   18,  756,   20,    6,   19,    5],
       [   9,    5,    3,    0,   14,   20,  906,    0,    1,    0],
       [   2,   19,   28,    4,   12,    0,    1,  931,    4,   27],
       [  10,    8,   10,   20,   20,   45,   19,    6,  817,   19],
       [  12,    7,    1,   10,   95,   11,    3,   27,    9,  834]])}, 19.110022750000002)
[2024-06-20 20:23:58,081][flwr][INFO] - configure_evaluate: no clients selected, skipping evaluation
[2024-06-20 20:23:58,081][flwr][INFO] - 
[2024-06-20 20:23:58,081][flwr][INFO] - [ROUND 4]
[2024-06-20 20:23:58,081][flwr][INFO] - configure_fit: strategy sampled 10 clients (out of 100)
[2024-06-20 20:24:03,548][flwr][INFO] - aggregate_fit: received 10 results and 0 failures
[2024-06-20 20:24:04,005][flwr][INFO] - fit progress: (4, 24.123876933008432, {'accuracy': 0.9126, 'precision': 0.9128788670156253, 'recall': 0.9126, 'f1': 0.9124464327920716, 'confusion_matrix': array([[ 967,    0,    0,    2,    0,    3,    4,    1,    3,    0],
       [   0, 1102,    4,    3,    1,    2,    3,    1,   19,    0],
       [  11,    5,  897,   24,   12,    0,   20,   21,   39,    3],
       [   4,    1,   19,  898,    1,   37,    3,   22,   21,    4],
       [   2,    3,    5,    0,  866,    3,   18,    1,   11,   73],
       [  15,    1,   10,   31,    4,  789,    8,    5,   25,    4],
       [  22,    5,    7,    0,    7,   19,  893,    1,    4,    0],
       [   4,   11,   23,    4,    6,    0,    0,  944,    3,   33],
       [   7,    7,    8,   20,    7,   28,   13,   10,  861,   13],
       [  13,    5,    2,   12,   20,    9,    2,   25,   12,  909]])}, 25.035494625000002)
[2024-06-20 20:24:04,006][flwr][INFO] - configure_evaluate: no clients selected, skipping evaluation
[2024-06-20 20:24:04,006][flwr][INFO] - 
[2024-06-20 20:24:04,006][flwr][INFO] - [ROUND 5]
[2024-06-20 20:24:04,006][flwr][INFO] - configure_fit: strategy sampled 10 clients (out of 100)
[2024-06-20 20:24:09,207][flwr][INFO] - aggregate_fit: received 10 results and 0 failures
[2024-06-20 20:24:09,650][flwr][INFO] - fit progress: (5, 21.599787855520844, {'accuracy': 0.92, 'precision': 0.9206474943598377, 'recall': 0.92, 'f1': 0.9199920442713299, 'confusion_matrix': array([[ 963,    0,    0,    1,    1,    4,    7,    1,    3,    0],
       [   0, 1104,    5,    2,    1,    1,    3,    1,   17,    1],
       [  11,    1,  929,   15,   18,    0,   15,   14,   24,    5],
       [   3,    1,   21,  901,    2,   41,    1,   12,   18,   10],
       [   1,    1,    4,    0,  915,    0,   12,    0,    4,   45],
       [   9,    1,    7,   25,   14,  794,    8,    7,   20,    7],
       [  12,    4,    3,    0,   12,   16,  906,    1,    4,    0],
       [   1,    8,   27,    6,    8,    1,    0,  915,    1,   61],
       [   6,    4,    6,   26,   16,   25,   11,    4,  853,   23],
       [  10,    7,    0,   10,   45,    7,    1,    4,    5,  920]])}, 30.680596083000005)
[2024-06-20 20:24:09,651][flwr][INFO] - configure_evaluate: no clients selected, skipping evaluation
[2024-06-20 20:24:09,651][flwr][INFO] - 
[2024-06-20 20:24:09,651][flwr][INFO] - [ROUND 6]
[2024-06-20 20:24:09,651][flwr][INFO] - configure_fit: strategy sampled 10 clients (out of 100)
[2024-06-20 20:24:14,959][flwr][INFO] - aggregate_fit: received 10 results and 0 failures
[2024-06-20 20:24:15,422][flwr][INFO] - fit progress: (6, 19.89761396870017, {'accuracy': 0.9264, 'precision': 0.9272530735834158, 'recall': 0.9264, 'f1': 0.9265151919691329, 'confusion_matrix': array([[ 962,    0,    0,    2,    0,    4,    6,    1,    5,    0],
       [   0, 1108,    3,    4,    1,    2,    3,    0,   14,    0],
       [  13,    3,  936,   16,   10,    0,    8,   15,   25,    6],
       [   3,    1,   17,  919,    0,   26,    0,   15,   23,    6],
       [   1,    1,    7,    0,  877,    2,   12,    1,   13,   68],
       [   8,    1,    7,   25,    4,  810,    6,    4,   22,    5],
       [  14,    4,    6,    0,    8,   21,  894,    0,   11,    0],
       [   2,   10,   23,    6,    5,    1,    0,  936,    0,   45],
       [   4,    3,    4,   15,    9,   23,    5,    4,  889,   18],
       [   7,    6,    0,    9,   23,   10,    1,    6,   14,  933]])}, 36.452229083)
[2024-06-20 20:24:15,422][flwr][INFO] - configure_evaluate: no clients selected, skipping evaluation
[2024-06-20 20:24:15,423][flwr][INFO] - 
[2024-06-20 20:24:15,423][flwr][INFO] - [ROUND 7]
[2024-06-20 20:24:15,423][flwr][INFO] - configure_fit: strategy sampled 10 clients (out of 100)
[2024-06-20 20:24:20,810][flwr][INFO] - aggregate_fit: received 10 results and 0 failures
[2024-06-20 20:24:21,256][flwr][INFO] - fit progress: (7, 19.405963469296694, {'accuracy': 0.9287, 'precision': 0.9292931669762398, 'recall': 0.9287, 'f1': 0.9287194461554884, 'confusion_matrix': array([[ 965,    0,    0,    1,    0,    3,    7,    1,    3,    0],
       [   0, 1109,    1,    5,    1,    2,    4,    0,   13,    0],
       [  12,    1,  919,   26,   15,    1,   13,   11,   33,    1],
       [   3,    0,   15,  933,    0,   30,    1,   10,   13,    5],
       [   2,    1,    4,    0,  888,    1,   12,    1,   13,   60],
       [   8,    1,    1,   21,    2,  818,    9,    5,   22,    5],
       [  12,    3,    2,    0,   11,   19,  905,    0,    6,    0],
       [   1,   13,   21,    9,    7,    1,    0,  935,    0,   41],
       [   3,    2,    4,   16,    9,   26,    9,    4,  890,   11],
       [  10,    7,    0,   11,   29,   11,    1,    6,    9,  925]])}, 42.286514333)
[2024-06-20 20:24:21,256][flwr][INFO] - configure_evaluate: no clients selected, skipping evaluation
[2024-06-20 20:24:21,257][flwr][INFO] - 
[2024-06-20 20:24:21,257][flwr][INFO] - [ROUND 8]
[2024-06-20 20:24:21,257][flwr][INFO] - configure_fit: strategy sampled 10 clients (out of 100)
[2024-06-20 20:24:26,607][flwr][INFO] - aggregate_fit: received 10 results and 0 failures
[2024-06-20 20:24:27,064][flwr][INFO] - fit progress: (8, 17.667503816075623, {'accuracy': 0.9339, 'precision': 0.9341200266623002, 'recall': 0.9339, 'f1': 0.9338358864775382, 'confusion_matrix': array([[ 963,    0,    0,    1,    0,    3,    7,    1,    5,    0],
       [   0, 1117,    3,    3,    1,    1,    3,    1,    6,    0],
       [  10,    3,  949,   10,   13,    1,    8,   16,   20,    2],
       [   2,    2,   18,  904,    1,   24,    1,   20,   29,    9],
       [   1,    1,    6,    0,  917,    1,   11,    1,    5,   39],
       [   8,    2,    4,   17,    5,  817,    6,    8,   17,    8],
       [  10,    3,    4,    0,    7,   18,  912,    0,    4,    0],
       [   2,   11,   19,    4,    8,    2,    0,  950,    0,   32],
       [   4,    6,    3,    8,   11,   24,    9,    4,  881,   24],
       [  11,    7,    1,    2,   35,    6,    1,    8,    9,  929]])}, 48.094398917)
[2024-06-20 20:24:27,064][flwr][INFO] - configure_evaluate: no clients selected, skipping evaluation
[2024-06-20 20:24:27,064][flwr][INFO] - 
[2024-06-20 20:24:27,064][flwr][INFO] - [ROUND 9]
[2024-06-20 20:24:27,065][flwr][INFO] - configure_fit: strategy sampled 10 clients (out of 100)
[2024-06-20 20:24:32,338][flwr][INFO] - aggregate_fit: received 10 results and 0 failures
[2024-06-20 20:24:32,792][flwr][INFO] - fit progress: (9, 16.709896283224225, {'accuracy': 0.9396, 'precision': 0.9396037866296261, 'recall': 0.9396, 'f1': 0.9395264650780265, 'confusion_matrix': array([[ 967,    0,    1,    0,    0,    3,    4,    1,    4,    0],
       [   0, 1114,    3,    3,    1,    1,    3,    1,    9,    0],
       [  10,    3,  954,   10,   12,    1,    8,   14,   19,    1],
       [   2,    0,   18,  937,    0,   24,    1,   13,   11,    4],
       [   1,    1,    5,    0,  900,    2,   12,    2,    9,   50],
       [   7,    1,    1,   19,    4,  819,   11,    3,   20,    7],
       [  12,    3,    3,    0,    8,    9,  918,    0,    5,    0],
       [   2,   13,   14,    9,    6,    2,    0,  961,    0,   21],
       [   5,    2,    5,   24,    6,   10,    7,    8,  897,   10],
       [  10,    6,    1,   11,   25,    6,    1,   12,    8,  929]])}, 53.822560167)
[2024-06-20 20:24:32,792][flwr][INFO] - configure_evaluate: no clients selected, skipping evaluation
[2024-06-20 20:24:32,792][flwr][INFO] - 
[2024-06-20 20:24:32,792][flwr][INFO] - [ROUND 10]
[2024-06-20 20:24:32,793][flwr][INFO] - configure_fit: strategy sampled 10 clients (out of 100)
[2024-06-20 20:24:38,523][flwr][INFO] - aggregate_fit: received 10 results and 0 failures
[2024-06-20 20:24:38,977][flwr][INFO] - fit progress: (10, 16.009144792333245, {'accuracy': 0.94, 'precision': 0.9402264805004211, 'recall': 0.94, 'f1': 0.9399782876852032, 'confusion_matrix': array([[ 967,    0,    1,    2,    0,    3,    3,    1,    3,    0],
       [   0, 1112,    4,    2,    1,    2,    3,    1,   10,    0],
       [  12,    2,  966,    8,   12,    1,    7,   13,   11,    0],
       [   2,    0,   19,  912,    1,   40,    0,   12,   18,    6],
       [   1,    1,    7,    0,  911,    3,    8,    2,    8,   41],
       [   6,    1,    2,   11,    3,  833,    9,    5,   15,    7],
       [   8,    3,    1,    0,   10,   15,  913,    0,    8,    0],
       [   0,    8,   23,    5,    6,    1,    0,  958,    0,   27],
       [   6,    4,    2,   12,    4,   18,    4,    7,  908,    9],
       [   7,    7,    2,    4,   40,    9,    1,   11,    8,  920]])}, 60.007662833)
[2024-06-20 20:24:38,977][flwr][INFO] - configure_evaluate: no clients selected, skipping evaluation
[2024-06-20 20:24:38,977][flwr][INFO] - 
[2024-06-20 20:24:38,977][flwr][INFO] - [SUMMARY]
[2024-06-20 20:24:38,977][flwr][INFO] - Run finished 10 round(s) in 60.01s
[2024-06-20 20:24:38,982][flwr][INFO] - 	History (loss, centralized):
[2024-06-20 20:24:38,982][flwr][INFO] - 		round 0: 181.76928067207336
[2024-06-20 20:24:38,982][flwr][INFO] - 		round 1: 63.240348786115646
[2024-06-20 20:24:38,982][flwr][INFO] - 		round 2: 32.49839973449707
[2024-06-20 20:24:38,982][flwr][INFO] - 		round 3: 27.45379825308919
[2024-06-20 20:24:38,983][flwr][INFO] - 		round 4: 24.123876933008432
[2024-06-20 20:24:38,983][flwr][INFO] - 		round 5: 21.599787855520844
[2024-06-20 20:24:38,983][flwr][INFO] - 		round 6: 19.89761396870017
[2024-06-20 20:24:38,983][flwr][INFO] - 		round 7: 19.405963469296694
[2024-06-20 20:24:38,983][flwr][INFO] - 		round 8: 17.667503816075623
[2024-06-20 20:24:38,983][flwr][INFO] - 		round 9: 16.709896283224225
[2024-06-20 20:24:38,983][flwr][INFO] - 		round 10: 16.009144792333245
[2024-06-20 20:24:38,983][flwr][INFO] - 	History (metrics, centralized):
[2024-06-20 20:24:38,983][flwr][INFO] - 	{'accuracy': [(0, 0.1086),
[2024-06-20 20:24:38,983][flwr][INFO] - 	              (1, 0.784),
[2024-06-20 20:24:38,983][flwr][INFO] - 	              (2, 0.8862),
[2024-06-20 20:24:38,983][flwr][INFO] - 	              (3, 0.8998),
[2024-06-20 20:24:38,983][flwr][INFO] - 	              (4, 0.9126),
[2024-06-20 20:24:38,983][flwr][INFO] - 	              (5, 0.92),
[2024-06-20 20:24:38,983][flwr][INFO] - 	              (6, 0.9264),
[2024-06-20 20:24:38,983][flwr][INFO] - 	              (7, 0.9287),
[2024-06-20 20:24:38,983][flwr][INFO] - 	              (8, 0.9339),
[2024-06-20 20:24:38,983][flwr][INFO] - 	              (9, 0.9396),
[2024-06-20 20:24:38,983][flwr][INFO] - 	              (10, 0.94)],
[2024-06-20 20:24:38,983][flwr][INFO] - 	 'confusion_matrix': [(0,
[2024-06-20 20:24:38,983][flwr][INFO] - 	                       array([[   0,    8,    0,  956,    0,    1,    0,   15,    0,    0],
[2024-06-20 20:24:38,983][flwr][INFO] - 	       [   0,  122,    0, 1013,    0,    0,    0,    0,    0,    0],
[2024-06-20 20:24:38,983][flwr][INFO] - 	       [   0,   38,    0,  971,    0,    0,    3,   19,    1,    0],
[2024-06-20 20:24:38,983][flwr][INFO] - 	       [   0,   44,    0,  945,    1,    1,    0,   17,    2,    0],
[2024-06-20 20:24:38,983][flwr][INFO] - 	       [   0,  143,    0,  816,    1,    0,    2,   20,    0,    0],
[2024-06-20 20:24:38,983][flwr][INFO] - 	       [   0,  118,    0,  735,    1,    7,    0,   30,    1,    0],
[2024-06-20 20:24:38,983][flwr][INFO] - 	       [   0,  144,    0,  749,   25,    0,    2,   38,    0,    0],
[2024-06-20 20:24:38,983][flwr][INFO] - 	       [   0,  272,    0,  724,    8,    0,    0,    9,   15,    0],
[2024-06-20 20:24:38,983][flwr][INFO] - 	       [   0,   81,    0,  859,    1,    0,    1,   32,    0,    0],
[2024-06-20 20:24:38,983][flwr][INFO] - 	       [   0,  178,    0,  799,    1,    0,    0,   31,    0,    0]])),
[2024-06-20 20:24:38,983][flwr][INFO] - 	                      (1,
[2024-06-20 20:24:38,983][flwr][INFO] - 	                       array([[ 899,    0,   15,    2,    0,   12,   44,    3,    5,    0],
[2024-06-20 20:24:38,983][flwr][INFO] - 	       [   0, 1079,   16,    7,    0,    0,    4,    1,   28,    0],
[2024-06-20 20:24:38,983][flwr][INFO] - 	       [  16,    6,  891,   33,    6,    0,   36,   15,   17,   12],
[2024-06-20 20:24:38,983][flwr][INFO] - 	       [   5,    3,   78,  829,    0,   21,    1,   26,   43,    4],
[2024-06-20 20:24:38,983][flwr][INFO] - 	       [   0,    8,   18,    0,  235,    2,   47,    3,   17,  652],
[2024-06-20 20:24:38,983][flwr][INFO] - 	       [  24,   18,   30,  114,   10,  575,   34,   24,   52,   11],
[2024-06-20 20:24:38,983][flwr][INFO] - 	       [   7,    6,   36,    2,    4,   14,  884,    0,    1,    4],
[2024-06-20 20:24:38,983][flwr][INFO] - 	       [   2,   18,   37,    0,    2,    1,    1,  932,    7,   28],
[2024-06-20 20:24:38,983][flwr][INFO] - 	       [  12,    9,   63,   78,    1,   38,   18,   17,  690,   48],
[2024-06-20 20:24:38,983][flwr][INFO] - 	       [  12,    8,    9,    8,    5,    8,    3,  103,   27,  826]])),
[2024-06-20 20:24:38,984][flwr][INFO] - 	                      (2,
[2024-06-20 20:24:38,984][flwr][INFO] - 	                       array([[ 956,    0,    1,    2,    0,    7,   10,    1,    3,    0],
[2024-06-20 20:24:38,984][flwr][INFO] - 	       [   0, 1095,    1,    7,    0,    2,    3,    1,   26,    0],
[2024-06-20 20:24:38,984][flwr][INFO] - 	       [  17,   11,  849,   33,   16,    2,   30,   15,   48,   11],
[2024-06-20 20:24:38,984][flwr][INFO] - 	       [  12,    4,   21,  872,    0,   51,    1,   21,   24,    4],
[2024-06-20 20:24:38,984][flwr][INFO] - 	       [   1,    6,    5,    0,  888,    2,   24,    2,   14,   40],
[2024-06-20 20:24:38,984][flwr][INFO] - 	       [  23,    3,    5,   43,   15,  747,   18,   10,   24,    4],
[2024-06-20 20:24:38,984][flwr][INFO] - 	       [  26,    5,    4,    0,   11,   16,  894,    1,    1,    0],
[2024-06-20 20:24:38,984][flwr][INFO] - 	       [   3,   18,   18,    6,    6,    0,    0,  948,    6,   23],
[2024-06-20 20:24:38,984][flwr][INFO] - 	       [   7,    7,    7,   35,   10,   51,   18,   10,  814,   15],
[2024-06-20 20:24:38,984][flwr][INFO] - 	       [  12,    5,    1,    8,   84,   17,    3,   59,   21,  799]])),
[2024-06-20 20:24:38,984][flwr][INFO] - 	                      (3,
[2024-06-20 20:24:38,984][flwr][INFO] - 	                       array([[ 954,    0,    0,    1,    0,    8,   14,    1,    2,    0],
[2024-06-20 20:24:38,984][flwr][INFO] - 	       [   0, 1104,    3,    3,    1,    2,    4,    1,   17,    0],
[2024-06-20 20:24:38,984][flwr][INFO] - 	       [  15,    7,  884,   22,   21,    2,   25,   15,   35,    6],
[2024-06-20 20:24:38,984][flwr][INFO] - 	       [   8,    5,   23,  889,    1,   36,    4,   17,   23,    4],
[2024-06-20 20:24:38,984][flwr][INFO] - 	       [   0,    5,    5,    0,  923,    0,   16,    0,    7,   26],
[2024-06-20 20:24:38,984][flwr][INFO] - 	       [  19,    3,    4,   42,   18,  756,   20,    6,   19,    5],
[2024-06-20 20:24:38,984][flwr][INFO] - 	       [   9,    5,    3,    0,   14,   20,  906,    0,    1,    0],
[2024-06-20 20:24:38,984][flwr][INFO] - 	       [   2,   19,   28,    4,   12,    0,    1,  931,    4,   27],
[2024-06-20 20:24:38,984][flwr][INFO] - 	       [  10,    8,   10,   20,   20,   45,   19,    6,  817,   19],
[2024-06-20 20:24:38,984][flwr][INFO] - 	       [  12,    7,    1,   10,   95,   11,    3,   27,    9,  834]])),
[2024-06-20 20:24:38,984][flwr][INFO] - 	                      (4,
[2024-06-20 20:24:38,984][flwr][INFO] - 	                       array([[ 967,    0,    0,    2,    0,    3,    4,    1,    3,    0],
[2024-06-20 20:24:38,984][flwr][INFO] - 	       [   0, 1102,    4,    3,    1,    2,    3,    1,   19,    0],
[2024-06-20 20:24:38,984][flwr][INFO] - 	       [  11,    5,  897,   24,   12,    0,   20,   21,   39,    3],
[2024-06-20 20:24:38,984][flwr][INFO] - 	       [   4,    1,   19,  898,    1,   37,    3,   22,   21,    4],
[2024-06-20 20:24:38,984][flwr][INFO] - 	       [   2,    3,    5,    0,  866,    3,   18,    1,   11,   73],
[2024-06-20 20:24:38,984][flwr][INFO] - 	       [  15,    1,   10,   31,    4,  789,    8,    5,   25,    4],
[2024-06-20 20:24:38,984][flwr][INFO] - 	       [  22,    5,    7,    0,    7,   19,  893,    1,    4,    0],
[2024-06-20 20:24:38,984][flwr][INFO] - 	       [   4,   11,   23,    4,    6,    0,    0,  944,    3,   33],
[2024-06-20 20:24:38,984][flwr][INFO] - 	       [   7,    7,    8,   20,    7,   28,   13,   10,  861,   13],
[2024-06-20 20:24:38,984][flwr][INFO] - 	       [  13,    5,    2,   12,   20,    9,    2,   25,   12,  909]])),
[2024-06-20 20:24:38,984][flwr][INFO] - 	                      (5,
[2024-06-20 20:24:38,984][flwr][INFO] - 	                       array([[ 963,    0,    0,    1,    1,    4,    7,    1,    3,    0],
[2024-06-20 20:24:38,984][flwr][INFO] - 	       [   0, 1104,    5,    2,    1,    1,    3,    1,   17,    1],
[2024-06-20 20:24:38,984][flwr][INFO] - 	       [  11,    1,  929,   15,   18,    0,   15,   14,   24,    5],
[2024-06-20 20:24:38,984][flwr][INFO] - 	       [   3,    1,   21,  901,    2,   41,    1,   12,   18,   10],
[2024-06-20 20:24:38,984][flwr][INFO] - 	       [   1,    1,    4,    0,  915,    0,   12,    0,    4,   45],
[2024-06-20 20:24:38,984][flwr][INFO] - 	       [   9,    1,    7,   25,   14,  794,    8,    7,   20,    7],
[2024-06-20 20:24:38,984][flwr][INFO] - 	       [  12,    4,    3,    0,   12,   16,  906,    1,    4,    0],
[2024-06-20 20:24:38,984][flwr][INFO] - 	       [   1,    8,   27,    6,    8,    1,    0,  915,    1,   61],
[2024-06-20 20:24:38,984][flwr][INFO] - 	       [   6,    4,    6,   26,   16,   25,   11,    4,  853,   23],
[2024-06-20 20:24:38,985][flwr][INFO] - 	       [  10,    7,    0,   10,   45,    7,    1,    4,    5,  920]])),
[2024-06-20 20:24:38,985][flwr][INFO] - 	                      (6,
[2024-06-20 20:24:38,985][flwr][INFO] - 	                       array([[ 962,    0,    0,    2,    0,    4,    6,    1,    5,    0],
[2024-06-20 20:24:38,985][flwr][INFO] - 	       [   0, 1108,    3,    4,    1,    2,    3,    0,   14,    0],
[2024-06-20 20:24:38,985][flwr][INFO] - 	       [  13,    3,  936,   16,   10,    0,    8,   15,   25,    6],
[2024-06-20 20:24:38,985][flwr][INFO] - 	       [   3,    1,   17,  919,    0,   26,    0,   15,   23,    6],
[2024-06-20 20:24:38,985][flwr][INFO] - 	       [   1,    1,    7,    0,  877,    2,   12,    1,   13,   68],
[2024-06-20 20:24:38,985][flwr][INFO] - 	       [   8,    1,    7,   25,    4,  810,    6,    4,   22,    5],
[2024-06-20 20:24:38,985][flwr][INFO] - 	       [  14,    4,    6,    0,    8,   21,  894,    0,   11,    0],
[2024-06-20 20:24:38,985][flwr][INFO] - 	       [   2,   10,   23,    6,    5,    1,    0,  936,    0,   45],
[2024-06-20 20:24:38,985][flwr][INFO] - 	       [   4,    3,    4,   15,    9,   23,    5,    4,  889,   18],
[2024-06-20 20:24:38,985][flwr][INFO] - 	       [   7,    6,    0,    9,   23,   10,    1,    6,   14,  933]])),
[2024-06-20 20:24:38,985][flwr][INFO] - 	                      (7,
[2024-06-20 20:24:38,985][flwr][INFO] - 	                       array([[ 965,    0,    0,    1,    0,    3,    7,    1,    3,    0],
[2024-06-20 20:24:38,985][flwr][INFO] - 	       [   0, 1109,    1,    5,    1,    2,    4,    0,   13,    0],
[2024-06-20 20:24:38,985][flwr][INFO] - 	       [  12,    1,  919,   26,   15,    1,   13,   11,   33,    1],
[2024-06-20 20:24:38,985][flwr][INFO] - 	       [   3,    0,   15,  933,    0,   30,    1,   10,   13,    5],
[2024-06-20 20:24:38,985][flwr][INFO] - 	       [   2,    1,    4,    0,  888,    1,   12,    1,   13,   60],
[2024-06-20 20:24:38,985][flwr][INFO] - 	       [   8,    1,    1,   21,    2,  818,    9,    5,   22,    5],
[2024-06-20 20:24:38,985][flwr][INFO] - 	       [  12,    3,    2,    0,   11,   19,  905,    0,    6,    0],
[2024-06-20 20:24:38,985][flwr][INFO] - 	       [   1,   13,   21,    9,    7,    1,    0,  935,    0,   41],
[2024-06-20 20:24:38,985][flwr][INFO] - 	       [   3,    2,    4,   16,    9,   26,    9,    4,  890,   11],
[2024-06-20 20:24:38,985][flwr][INFO] - 	       [  10,    7,    0,   11,   29,   11,    1,    6,    9,  925]])),
[2024-06-20 20:24:38,985][flwr][INFO] - 	                      (8,
[2024-06-20 20:24:38,985][flwr][INFO] - 	                       array([[ 963,    0,    0,    1,    0,    3,    7,    1,    5,    0],
[2024-06-20 20:24:38,985][flwr][INFO] - 	       [   0, 1117,    3,    3,    1,    1,    3,    1,    6,    0],
[2024-06-20 20:24:38,985][flwr][INFO] - 	       [  10,    3,  949,   10,   13,    1,    8,   16,   20,    2],
[2024-06-20 20:24:38,985][flwr][INFO] - 	       [   2,    2,   18,  904,    1,   24,    1,   20,   29,    9],
[2024-06-20 20:24:38,985][flwr][INFO] - 	       [   1,    1,    6,    0,  917,    1,   11,    1,    5,   39],
[2024-06-20 20:24:38,985][flwr][INFO] - 	       [   8,    2,    4,   17,    5,  817,    6,    8,   17,    8],
[2024-06-20 20:24:38,985][flwr][INFO] - 	       [  10,    3,    4,    0,    7,   18,  912,    0,    4,    0],
[2024-06-20 20:24:38,985][flwr][INFO] - 	       [   2,   11,   19,    4,    8,    2,    0,  950,    0,   32],
[2024-06-20 20:24:38,985][flwr][INFO] - 	       [   4,    6,    3,    8,   11,   24,    9,    4,  881,   24],
[2024-06-20 20:24:38,985][flwr][INFO] - 	       [  11,    7,    1,    2,   35,    6,    1,    8,    9,  929]])),
[2024-06-20 20:24:38,985][flwr][INFO] - 	                      (9,
[2024-06-20 20:24:38,985][flwr][INFO] - 	                       array([[ 967,    0,    1,    0,    0,    3,    4,    1,    4,    0],
[2024-06-20 20:24:38,985][flwr][INFO] - 	       [   0, 1114,    3,    3,    1,    1,    3,    1,    9,    0],
[2024-06-20 20:24:38,985][flwr][INFO] - 	       [  10,    3,  954,   10,   12,    1,    8,   14,   19,    1],
[2024-06-20 20:24:38,985][flwr][INFO] - 	       [   2,    0,   18,  937,    0,   24,    1,   13,   11,    4],
[2024-06-20 20:24:38,985][flwr][INFO] - 	       [   1,    1,    5,    0,  900,    2,   12,    2,    9,   50],
[2024-06-20 20:24:38,985][flwr][INFO] - 	       [   7,    1,    1,   19,    4,  819,   11,    3,   20,    7],
[2024-06-20 20:24:38,985][flwr][INFO] - 	       [  12,    3,    3,    0,    8,    9,  918,    0,    5,    0],
[2024-06-20 20:24:38,985][flwr][INFO] - 	       [   2,   13,   14,    9,    6,    2,    0,  961,    0,   21],
[2024-06-20 20:24:38,986][flwr][INFO] - 	       [   5,    2,    5,   24,    6,   10,    7,    8,  897,   10],
[2024-06-20 20:24:38,986][flwr][INFO] - 	       [  10,    6,    1,   11,   25,    6,    1,   12,    8,  929]])),
[2024-06-20 20:24:38,986][flwr][INFO] - 	                      (10,
[2024-06-20 20:24:38,986][flwr][INFO] - 	                       array([[ 967,    0,    1,    2,    0,    3,    3,    1,    3,    0],
[2024-06-20 20:24:38,986][flwr][INFO] - 	       [   0, 1112,    4,    2,    1,    2,    3,    1,   10,    0],
[2024-06-20 20:24:38,986][flwr][INFO] - 	       [  12,    2,  966,    8,   12,    1,    7,   13,   11,    0],
[2024-06-20 20:24:38,986][flwr][INFO] - 	       [   2,    0,   19,  912,    1,   40,    0,   12,   18,    6],
[2024-06-20 20:24:38,986][flwr][INFO] - 	       [   1,    1,    7,    0,  911,    3,    8,    2,    8,   41],
[2024-06-20 20:24:38,986][flwr][INFO] - 	       [   6,    1,    2,   11,    3,  833,    9,    5,   15,    7],
[2024-06-20 20:24:38,986][flwr][INFO] - 	       [   8,    3,    1,    0,   10,   15,  913,    0,    8,    0],
[2024-06-20 20:24:38,986][flwr][INFO] - 	       [   0,    8,   23,    5,    6,    1,    0,  958,    0,   27],
[2024-06-20 20:24:38,986][flwr][INFO] - 	       [   6,    4,    2,   12,    4,   18,    4,    7,  908,    9],
[2024-06-20 20:24:38,986][flwr][INFO] - 	       [   7,    7,    2,    4,   40,    9,    1,   11,    8,  920]]))],
[2024-06-20 20:24:38,986][flwr][INFO] - 	 'f1': [(0, 0.03553137346181725),
[2024-06-20 20:24:38,986][flwr][INFO] - 	        (1, 0.7717049321422251),
[2024-06-20 20:24:38,986][flwr][INFO] - 	        (2, 0.8855237331886019),
[2024-06-20 20:24:38,986][flwr][INFO] - 	        (3, 0.8993251342781161),
[2024-06-20 20:24:38,986][flwr][INFO] - 	        (4, 0.9124464327920716),
[2024-06-20 20:24:38,986][flwr][INFO] - 	        (5, 0.9199920442713299),
[2024-06-20 20:24:38,986][flwr][INFO] - 	        (6, 0.9265151919691329),
[2024-06-20 20:24:38,986][flwr][INFO] - 	        (7, 0.9287194461554884),
[2024-06-20 20:24:38,986][flwr][INFO] - 	        (8, 0.9338358864775382),
[2024-06-20 20:24:38,986][flwr][INFO] - 	        (9, 0.9395264650780265),
[2024-06-20 20:24:38,986][flwr][INFO] - 	        (10, 0.9399782876852032)],
[2024-06-20 20:24:38,986][flwr][INFO] - 	 'precision': [(0, 0.12349967530374152),
[2024-06-20 20:24:38,986][flwr][INFO] - 	               (1, 0.8080887311750794),
[2024-06-20 20:24:38,986][flwr][INFO] - 	               (2, 0.8866669475828141),
[2024-06-20 20:24:38,986][flwr][INFO] - 	               (3, 0.9004503037498611),
[2024-06-20 20:24:38,986][flwr][INFO] - 	               (4, 0.9128788670156253),
[2024-06-20 20:24:38,986][flwr][INFO] - 	               (5, 0.9206474943598377),
[2024-06-20 20:24:38,986][flwr][INFO] - 	               (6, 0.9272530735834158),
[2024-06-20 20:24:38,986][flwr][INFO] - 	               (7, 0.9292931669762398),
[2024-06-20 20:24:38,986][flwr][INFO] - 	               (8, 0.9341200266623002),
[2024-06-20 20:24:38,986][flwr][INFO] - 	               (9, 0.9396037866296261),
[2024-06-20 20:24:38,986][flwr][INFO] - 	               (10, 0.9402264805004211)],
[2024-06-20 20:24:38,986][flwr][INFO] - 	 'recall': [(0, 0.1086),
[2024-06-20 20:24:38,986][flwr][INFO] - 	            (1, 0.784),
[2024-06-20 20:24:38,986][flwr][INFO] - 	            (2, 0.8862),
[2024-06-20 20:24:38,986][flwr][INFO] - 	            (3, 0.8998),
[2024-06-20 20:24:38,986][flwr][INFO] - 	            (4, 0.9126),
[2024-06-20 20:24:38,986][flwr][INFO] - 	            (5, 0.92),
[2024-06-20 20:24:38,986][flwr][INFO] - 	            (6, 0.9264),
[2024-06-20 20:24:38,986][flwr][INFO] - 	            (7, 0.9287),
[2024-06-20 20:24:38,987][flwr][INFO] - 	            (8, 0.9339),
[2024-06-20 20:24:38,987][flwr][INFO] - 	            (9, 0.9396),
[2024-06-20 20:24:38,987][flwr][INFO] - 	            (10, 0.94)]}
[2024-06-20 20:24:38,987][flwr][INFO] - 
