[2024-07-08 15:31:36,511][flwr][INFO] - Starting Flower simulation, config: num_rounds=10, no round_timeout
[2024-07-08 15:31:38,756][flwr][INFO] - Flower VCE: Ray initialized with resources: {'node:__internal_head__': 1.0, 'CPU': 12.0, 'node:127.0.0.1': 1.0, 'object_store_memory': 2147483648.0, 'memory': 10000752640.0}
[2024-07-08 15:31:38,756][flwr][INFO] - Optimize your simulation with Flower VCE: https://flower.ai/docs/framework/how-to-run-simulations.html
[2024-07-08 15:31:38,756][flwr][INFO] - Flower VCE: Resources for each Virtual Client: {'num_cpus': 2, 'num_gpus': 0}
[2024-07-08 15:31:38,771][flwr][INFO] - Flower VCE: Creating VirtualClientEngineActorPool with 6 actors
[2024-07-08 15:31:38,771][flwr][INFO] - [INIT]
[2024-07-08 15:31:38,771][flwr][INFO] - Requesting initial parameters from one random client
[2024-07-08 15:31:40,996][flwr][INFO] - Received initial parameters from one random client
[2024-07-08 15:31:40,996][flwr][INFO] - Evaluating initial global parameters
[2024-07-08 15:31:41,383][flwr][INFO] - initial parameters (loss, other metrics): 181.76928067207336, {'accuracy': 0.1086, 'precision': 0.12349967530374152, 'recall': 0.1086, 'f1': 0.03553137346181725, 'confusion_matrix': array([[   0,    8,    0,  956,    0,    1,    0,   15,    0,    0],
       [   0,  122,    0, 1013,    0,    0,    0,    0,    0,    0],
       [   0,   38,    0,  971,    0,    0,    3,   19,    1,    0],
       [   0,   44,    0,  945,    1,    1,    0,   17,    2,    0],
       [   0,  143,    0,  816,    1,    0,    2,   20,    0,    0],
       [   0,  118,    0,  735,    1,    7,    0,   30,    1,    0],
       [   0,  144,    0,  749,   25,    0,    2,   38,    0,    0],
       [   0,  272,    0,  724,    8,    0,    0,    9,   15,    0],
       [   0,   81,    0,  859,    1,    0,    1,   32,    0,    0],
       [   0,  178,    0,  799,    1,    0,    0,   31,    0,    0]])}
[2024-07-08 15:31:41,383][flwr][INFO] - 
[2024-07-08 15:31:41,383][flwr][INFO] - [ROUND 1]
[2024-07-08 15:31:41,383][flwr][INFO] - configure_fit: strategy sampled 10 clients (out of 10)
[2024-07-08 15:31:59,012][flwr][INFO] - aggregate_fit: received 10 results and 0 failures
[2024-07-08 15:31:59,020][flwr][WARNING] - No fit_metrics_aggregation_fn provided
[2024-07-08 15:31:59,394][flwr][INFO] - fit progress: (1, 112.11968576908112, {'accuracy': 0.761, 'precision': 0.8312954165128648, 'recall': 0.761, 'f1': 0.7298281551081682, 'confusion_matrix': array([[944,   0,   0,  17,   1,   0,  10,   3,   0,   5],
       [  0, 976,  30, 104,   0,   2,   5,   2,   1,  15],
       [ 12,   2, 841,  92,  10,   0,  25,  29,   2,  19],
       [  5,   3,   8, 933,   0,   2,   3,  17,   0,  39],
       [  0,   0,   1,   1, 849,   0,  19,   0,   0, 112],
       [109,   8,   2, 295,  38, 293,  44,  49,   0,  54],
       [  9,   2,   3,   6,  10,   2, 925,   0,   0,   1],
       [  2,   0,  10,  20,   5,   0,   1, 851,   0, 139],
       [ 15,   2,  19, 476,  35,   5,  41,  18,  45, 318],
       [  8,   0,   0,  13,  22,   1,   1,  11,   0, 953]])}, 18.011541417000004)
[2024-07-08 15:31:59,394][flwr][INFO] - configure_evaluate: no clients selected, skipping evaluation
[2024-07-08 15:31:59,394][flwr][INFO] - 
[2024-07-08 15:31:59,394][flwr][INFO] - [ROUND 2]
[2024-07-08 15:31:59,395][flwr][INFO] - configure_fit: strategy sampled 10 clients (out of 10)
[2024-07-08 15:32:15,019][flwr][INFO] - aggregate_fit: received 10 results and 0 failures
[2024-07-08 15:32:15,416][flwr][INFO] - fit progress: (2, 36.04532536864281, {'accuracy': 0.9113, 'precision': 0.9160279276019911, 'recall': 0.9113, 'f1': 0.9108962268642228, 'confusion_matrix': array([[ 954,    0,    2,    4,    1,    3,    9,    1,    6,    0],
       [   0, 1117,    5,    1,    1,    1,    3,    0,    7,    0],
       [   8,    6,  957,   20,   11,    1,    7,    3,   18,    1],
       [   0,    3,   15,  950,    2,   13,    0,    2,   19,    6],
       [   1,    1,    3,    0,  952,    0,    9,    0,    7,    9],
       [   5,    4,    0,   61,   11,  766,   16,    0,   26,    3],
       [   3,    4,    2,    2,   17,    9,  915,    0,    6,    0],
       [   2,   23,   45,   13,   34,    1,    0,  830,    2,   78],
       [   5,    8,   11,   17,   19,    4,   13,    1,  895,    1],
       [   6,    9,    0,   15,  171,    7,    1,    1,   22,  777]])}, 34.033953624999995)
[2024-07-08 15:32:15,416][flwr][INFO] - configure_evaluate: no clients selected, skipping evaluation
[2024-07-08 15:32:15,416][flwr][INFO] - 
[2024-07-08 15:32:15,416][flwr][INFO] - [ROUND 3]
[2024-07-08 15:32:15,417][flwr][INFO] - configure_fit: strategy sampled 10 clients (out of 10)
[2024-07-08 15:32:29,106][flwr][INFO] - aggregate_fit: received 10 results and 0 failures
[2024-07-08 15:32:29,474][flwr][INFO] - fit progress: (3, 24.807304106652737, {'accuracy': 0.9365, 'precision': 0.9375565834378018, 'recall': 0.9365, 'f1': 0.9364121280503866, 'confusion_matrix': array([[ 956,    0,    2,    0,    1,    7,    5,    3,    6,    0],
       [   0, 1122,    6,    0,    0,    1,    1,    0,    4,    1],
       [   5,    2,  984,   16,    8,    0,    5,    4,    8,    0],
       [   0,    3,   17,  950,    1,   11,    0,    3,   17,    8],
       [   1,    1,    7,    2,  945,    1,    8,    0,    8,    9],
       [   2,    3,    0,   33,    4,  818,   11,    0,   16,    5],
       [   3,    5,    4,    2,   10,   22,  908,    0,    4,    0],
       [   2,   14,   45,    8,   10,    1,    0,  932,    1,   15],
       [   1,   17,   15,   12,   21,   12,   12,    3,  868,   13],
       [   7,    7,    0,   18,   76,    4,    1,    5,    9,  882]])}, 48.093024667)
[2024-07-08 15:32:29,475][flwr][INFO] - configure_evaluate: no clients selected, skipping evaluation
[2024-07-08 15:32:29,475][flwr][INFO] - 
[2024-07-08 15:32:29,475][flwr][INFO] - [ROUND 4]
[2024-07-08 15:32:29,475][flwr][INFO] - configure_fit: strategy sampled 10 clients (out of 10)
[2024-07-08 15:32:45,378][flwr][INFO] - aggregate_fit: received 10 results and 0 failures
[2024-07-08 15:32:45,758][flwr][INFO] - fit progress: (4, 18.88386582955718, {'accuracy': 0.9436, 'precision': 0.9444121586332606, 'recall': 0.9436, 'f1': 0.9436412023629654, 'confusion_matrix': array([[ 942,    0,    2,    7,    3,    9,    5,    4,    8,    0],
       [   0, 1122,    4,    2,    0,    1,    0,    1,    5,    0],
       [   3,    6,  976,   23,    5,    0,    3,    8,    8,    0],
       [   0,    2,    7,  975,    0,    6,    0,    4,    7,    9],
       [   0,    1,   10,    0,  941,    0,    5,    0,    6,   19],
       [   1,    4,    0,   37,    4,  824,    9,    0,   10,    3],
       [   3,    5,    3,    2,   10,   31,  898,    1,    5,    0],
       [   1,    7,   29,   11,    9,    0,    0,  948,    0,   23],
       [   0,   12,   10,   15,    9,   12,   10,    2,  898,    6],
       [   3,    5,    0,   17,   53,    3,    1,    5,   10,  912]])}, 64.377372375)
[2024-07-08 15:32:45,759][flwr][INFO] - configure_evaluate: no clients selected, skipping evaluation
[2024-07-08 15:32:45,759][flwr][INFO] - 
[2024-07-08 15:32:45,759][flwr][INFO] - [ROUND 5]
[2024-07-08 15:32:45,759][flwr][INFO] - configure_fit: strategy sampled 10 clients (out of 10)
[2024-07-08 15:32:59,679][flwr][INFO] - aggregate_fit: received 10 results and 0 failures
[2024-07-08 15:33:00,217][flwr][INFO] - fit progress: (5, 13.602277277037501, {'accuracy': 0.957, 'precision': 0.957198778220958, 'recall': 0.957, 'f1': 0.9570095108590909, 'confusion_matrix': array([[ 962,    0,    2,    2,    0,    4,    3,    2,    4,    1],
       [   0, 1115,    5,    1,    0,    1,    1,    1,   11,    0],
       [   4,    1,  991,   11,    6,    2,    2,    8,    7,    0],
       [   0,    4,    8,  975,    0,    5,    0,    8,    6,    4],
       [   1,    0,    8,    0,  936,    2,    5,    2,    5,   23],
       [   1,    1,    1,   30,    2,  830,   11,    0,   10,    6],
       [   6,    3,    1,    1,   13,    8,  922,    0,    4,    0],
       [   1,    6,   19,    9,    4,    1,    0,  972,    3,   13],
       [   1,    3,   10,   13,    5,    5,    7,    5,  919,    6],
       [   5,    4,    0,   10,   24,    2,    1,    6,    9,  948]])}, 78.836847375)
[2024-07-08 15:33:00,218][flwr][INFO] - configure_evaluate: no clients selected, skipping evaluation
[2024-07-08 15:33:00,218][flwr][INFO] - 
[2024-07-08 15:33:00,218][flwr][INFO] - [ROUND 6]
[2024-07-08 15:33:00,218][flwr][INFO] - configure_fit: strategy sampled 10 clients (out of 10)
[2024-07-08 15:33:14,653][flwr][INFO] - aggregate_fit: received 10 results and 0 failures
[2024-07-08 15:33:15,046][flwr][INFO] - fit progress: (6, 14.660669146105647, {'accuracy': 0.9577, 'precision': 0.9583116077836388, 'recall': 0.9577, 'f1': 0.9576978596576682, 'confusion_matrix': array([[ 963,    0,    2,    2,    0,    4,    3,    2,    2,    2],
       [   0, 1109,    6,    2,    0,    1,    2,    0,   15,    0],
       [   6,    4,  995,    9,    7,    0,    2,    3,    6,    0],
       [   0,    0,    4,  990,    0,    3,    0,    2,    9,    2],
       [   1,    0,    7,    1,  948,    1,    3,    3,    5,   13],
       [   4,    1,    0,   27,    2,  835,   12,    0,    9,    2],
       [   6,    3,    0,    1,    8,   11,  925,    0,    4,    0],
       [   3,    7,   26,   19,    5,    0,    0,  949,    3,   16],
       [   1,    2,    5,   15,    4,    4,    9,    1,  931,    2],
       [   7,    4,    0,   15,   31,    3,    0,    4,   13,  932]])}, 93.666247167)
[2024-07-08 15:33:15,046][flwr][INFO] - configure_evaluate: no clients selected, skipping evaluation
[2024-07-08 15:33:15,046][flwr][INFO] - 
[2024-07-08 15:33:15,046][flwr][INFO] - [ROUND 7]
[2024-07-08 15:33:15,047][flwr][INFO] - configure_fit: strategy sampled 10 clients (out of 10)
[2024-07-08 15:33:30,520][flwr][INFO] - aggregate_fit: received 10 results and 0 failures
[2024-07-08 15:33:30,913][flwr][INFO] - fit progress: (7, 12.20271180011332, {'accuracy': 0.96, 'precision': 0.9603829027541063, 'recall': 0.96, 'f1': 0.9599809961873581, 'confusion_matrix': array([[ 963,    0,    3,    1,    0,    5,    2,    1,    3,    2],
       [   0, 1113,    5,    2,    0,    2,    3,    0,   10,    0],
       [   4,    2,  997,    7,    7,    0,    4,    5,    6,    0],
       [   0,    1,    9,  971,    1,    7,    1,    4,   15,    1],
       [   1,    0,    5,    0,  955,    1,    7,    2,    5,    6],
       [   1,    1,    0,   18,    1,  851,   11,    1,    6,    2],
       [   7,    3,    0,    1,    8,   11,  924,    0,    4,    0],
       [   1,   10,   19,    9,    5,    1,    0,  971,    3,    9],
       [   0,    1,    8,    8,    3,    4,   11,    3,  935,    1],
       [   5,    6,    0,   13,   32,    7,    0,    5,   21,  920]])}, 109.533390834)
[2024-07-08 15:33:30,913][flwr][INFO] - configure_evaluate: no clients selected, skipping evaluation
[2024-07-08 15:33:30,913][flwr][INFO] - 
[2024-07-08 15:33:30,913][flwr][INFO] - [ROUND 8]
[2024-07-08 15:33:30,913][flwr][INFO] - configure_fit: strategy sampled 10 clients (out of 10)
[2024-07-08 15:33:46,642][flwr][INFO] - aggregate_fit: received 10 results and 0 failures
[2024-07-08 15:33:47,025][flwr][INFO] - fit progress: (8, 11.708635062910616, {'accuracy': 0.9642, 'precision': 0.9643783316017425, 'recall': 0.9642, 'f1': 0.9642319657913587, 'confusion_matrix': array([[ 961,    0,    2,    2,    0,    4,    3,    1,    4,    3],
       [   0, 1111,    8,    2,    0,    1,    2,    0,   11,    0],
       [   6,    2, 1005,    4,    4,    0,    3,    4,    4,    0],
       [   0,    1,    7,  977,    0,    5,    1,    5,   10,    4],
       [   1,    0,    8,    0,  940,    0,    2,    2,    3,   26],
       [   3,    0,    1,   15,    1,  855,    6,    0,    6,    5],
       [   9,    3,    0,    1,    7,   14,  919,    0,    5,    0],
       [   1,    4,   16,    4,    1,    0,    0,  981,    4,   17],
       [   0,    0,    6,    9,    3,    4,    6,    4,  937,    5],
       [   5,    5,    0,   10,   13,    2,    0,    6,   12,  956]])}, 125.646160292)
[2024-07-08 15:33:47,025][flwr][INFO] - configure_evaluate: no clients selected, skipping evaluation
[2024-07-08 15:33:47,025][flwr][INFO] - 
[2024-07-08 15:33:47,025][flwr][INFO] - [ROUND 9]
[2024-07-08 15:33:47,026][flwr][INFO] - configure_fit: strategy sampled 10 clients (out of 10)
[2024-07-08 15:34:04,185][flwr][INFO] - aggregate_fit: received 10 results and 0 failures
[2024-07-08 15:34:04,639][flwr][INFO] - fit progress: (9, 11.277589011006057, {'accuracy': 0.9623, 'precision': 0.9627671040210007, 'recall': 0.9623, 'f1': 0.9623740897436981, 'confusion_matrix': array([[ 960,    0,    3,    1,    0,    2,    3,    1,    7,    3],
       [   0, 1113,   10,    1,    0,    1,    0,    0,   10,    0],
       [   4,    4,  998,    4,    3,    0,    3,   10,    6,    0],
       [   0,    2,    7,  963,    0,    9,    0,    7,   19,    3],
       [   1,    0,    9,    0,  931,    0,    3,    2,    7,   29],
       [   3,    1,    0,   14,    2,  853,    4,    2,   11,    2],
       [  10,    3,    0,    1,    9,   13,  912,    0,   10,    0],
       [   0,    3,   19,    3,    1,    0,    0,  987,    5,   10],
       [   4,    0,    4,    4,    3,    2,    1,    5,  949,    2],
       [   3,    6,    0,    8,    7,    5,    0,    6,   17,  957]])}, 143.26068054200002)
[2024-07-08 15:34:04,639][flwr][INFO] - configure_evaluate: no clients selected, skipping evaluation
[2024-07-08 15:34:04,639][flwr][INFO] - 
[2024-07-08 15:34:04,639][flwr][INFO] - [ROUND 10]
[2024-07-08 15:34:04,640][flwr][INFO] - configure_fit: strategy sampled 10 clients (out of 10)
[2024-07-08 15:34:20,107][flwr][INFO] - aggregate_fit: received 10 results and 0 failures
[2024-07-08 15:34:20,521][flwr][INFO] - fit progress: (10, 12.114171743392944, {'accuracy': 0.9638, 'precision': 0.9640379814044274, 'recall': 0.9638, 'f1': 0.9638100485317905, 'confusion_matrix': array([[ 964,    0,    1,    0,    0,    2,    5,    1,    4,    3],
       [   0, 1117,   10,    0,    0,    1,    2,    1,    4,    0],
       [   3,    4, 1005,    3,    2,    0,    4,    4,    7,    0],
       [   0,    3,   12,  967,    1,    9,    0,    5,   11,    2],
       [   1,    0,    5,    1,  926,    0,   10,    2,    5,   32],
       [   1,    1,    0,   12,    1,  863,    7,    0,    5,    2],
       [   6,    4,    0,    1,    6,    8,  929,    0,    4,    0],
       [   2,    3,   29,    4,    1,    0,    0,  971,    6,   12],
       [   2,    2,    9,    5,    3,    6,    5,    2,  937,    3],
       [   4,    6,    0,   10,    8,    6,    0,    5,   11,  959]])}, 159.14391108400002)
[2024-07-08 15:34:20,522][flwr][INFO] - configure_evaluate: no clients selected, skipping evaluation
[2024-07-08 15:34:20,522][flwr][INFO] - 
[2024-07-08 15:34:20,522][flwr][INFO] - [SUMMARY]
[2024-07-08 15:34:20,522][flwr][INFO] - Run finished 10 round(s) in 159.14s
[2024-07-08 15:34:20,526][flwr][INFO] - 	History (loss, centralized):
[2024-07-08 15:34:20,526][flwr][INFO] - 		round 0: 181.76928067207336
[2024-07-08 15:34:20,526][flwr][INFO] - 		round 1: 112.11968576908112
[2024-07-08 15:34:20,526][flwr][INFO] - 		round 2: 36.04532536864281
[2024-07-08 15:34:20,526][flwr][INFO] - 		round 3: 24.807304106652737
[2024-07-08 15:34:20,526][flwr][INFO] - 		round 4: 18.88386582955718
[2024-07-08 15:34:20,526][flwr][INFO] - 		round 5: 13.602277277037501
[2024-07-08 15:34:20,526][flwr][INFO] - 		round 6: 14.660669146105647
[2024-07-08 15:34:20,526][flwr][INFO] - 		round 7: 12.20271180011332
[2024-07-08 15:34:20,526][flwr][INFO] - 		round 8: 11.708635062910616
[2024-07-08 15:34:20,526][flwr][INFO] - 		round 9: 11.277589011006057
[2024-07-08 15:34:20,526][flwr][INFO] - 		round 10: 12.114171743392944
[2024-07-08 15:34:20,526][flwr][INFO] - 	History (metrics, centralized):
[2024-07-08 15:34:20,526][flwr][INFO] - 	{'accuracy': [(0, 0.1086),
[2024-07-08 15:34:20,526][flwr][INFO] - 	              (1, 0.761),
[2024-07-08 15:34:20,526][flwr][INFO] - 	              (2, 0.9113),
[2024-07-08 15:34:20,526][flwr][INFO] - 	              (3, 0.9365),
[2024-07-08 15:34:20,527][flwr][INFO] - 	              (4, 0.9436),
[2024-07-08 15:34:20,527][flwr][INFO] - 	              (5, 0.957),
[2024-07-08 15:34:20,527][flwr][INFO] - 	              (6, 0.9577),
[2024-07-08 15:34:20,527][flwr][INFO] - 	              (7, 0.96),
[2024-07-08 15:34:20,527][flwr][INFO] - 	              (8, 0.9642),
[2024-07-08 15:34:20,527][flwr][INFO] - 	              (9, 0.9623),
[2024-07-08 15:34:20,527][flwr][INFO] - 	              (10, 0.9638)],
[2024-07-08 15:34:20,527][flwr][INFO] - 	 'confusion_matrix': [(0,
[2024-07-08 15:34:20,527][flwr][INFO] - 	                       array([[   0,    8,    0,  956,    0,    1,    0,   15,    0,    0],
[2024-07-08 15:34:20,527][flwr][INFO] - 	       [   0,  122,    0, 1013,    0,    0,    0,    0,    0,    0],
[2024-07-08 15:34:20,527][flwr][INFO] - 	       [   0,   38,    0,  971,    0,    0,    3,   19,    1,    0],
[2024-07-08 15:34:20,527][flwr][INFO] - 	       [   0,   44,    0,  945,    1,    1,    0,   17,    2,    0],
[2024-07-08 15:34:20,527][flwr][INFO] - 	       [   0,  143,    0,  816,    1,    0,    2,   20,    0,    0],
[2024-07-08 15:34:20,527][flwr][INFO] - 	       [   0,  118,    0,  735,    1,    7,    0,   30,    1,    0],
[2024-07-08 15:34:20,527][flwr][INFO] - 	       [   0,  144,    0,  749,   25,    0,    2,   38,    0,    0],
[2024-07-08 15:34:20,527][flwr][INFO] - 	       [   0,  272,    0,  724,    8,    0,    0,    9,   15,    0],
[2024-07-08 15:34:20,527][flwr][INFO] - 	       [   0,   81,    0,  859,    1,    0,    1,   32,    0,    0],
[2024-07-08 15:34:20,527][flwr][INFO] - 	       [   0,  178,    0,  799,    1,    0,    0,   31,    0,    0]])),
[2024-07-08 15:34:20,527][flwr][INFO] - 	                      (1,
[2024-07-08 15:34:20,527][flwr][INFO] - 	                       array([[944,   0,   0,  17,   1,   0,  10,   3,   0,   5],
[2024-07-08 15:34:20,527][flwr][INFO] - 	       [  0, 976,  30, 104,   0,   2,   5,   2,   1,  15],
[2024-07-08 15:34:20,527][flwr][INFO] - 	       [ 12,   2, 841,  92,  10,   0,  25,  29,   2,  19],
[2024-07-08 15:34:20,527][flwr][INFO] - 	       [  5,   3,   8, 933,   0,   2,   3,  17,   0,  39],
[2024-07-08 15:34:20,527][flwr][INFO] - 	       [  0,   0,   1,   1, 849,   0,  19,   0,   0, 112],
[2024-07-08 15:34:20,527][flwr][INFO] - 	       [109,   8,   2, 295,  38, 293,  44,  49,   0,  54],
[2024-07-08 15:34:20,527][flwr][INFO] - 	       [  9,   2,   3,   6,  10,   2, 925,   0,   0,   1],
[2024-07-08 15:34:20,527][flwr][INFO] - 	       [  2,   0,  10,  20,   5,   0,   1, 851,   0, 139],
[2024-07-08 15:34:20,527][flwr][INFO] - 	       [ 15,   2,  19, 476,  35,   5,  41,  18,  45, 318],
[2024-07-08 15:34:20,527][flwr][INFO] - 	       [  8,   0,   0,  13,  22,   1,   1,  11,   0, 953]])),
[2024-07-08 15:34:20,527][flwr][INFO] - 	                      (2,
[2024-07-08 15:34:20,527][flwr][INFO] - 	                       array([[ 954,    0,    2,    4,    1,    3,    9,    1,    6,    0],
[2024-07-08 15:34:20,527][flwr][INFO] - 	       [   0, 1117,    5,    1,    1,    1,    3,    0,    7,    0],
[2024-07-08 15:34:20,527][flwr][INFO] - 	       [   8,    6,  957,   20,   11,    1,    7,    3,   18,    1],
[2024-07-08 15:34:20,527][flwr][INFO] - 	       [   0,    3,   15,  950,    2,   13,    0,    2,   19,    6],
[2024-07-08 15:34:20,527][flwr][INFO] - 	       [   1,    1,    3,    0,  952,    0,    9,    0,    7,    9],
[2024-07-08 15:34:20,527][flwr][INFO] - 	       [   5,    4,    0,   61,   11,  766,   16,    0,   26,    3],
[2024-07-08 15:34:20,527][flwr][INFO] - 	       [   3,    4,    2,    2,   17,    9,  915,    0,    6,    0],
[2024-07-08 15:34:20,527][flwr][INFO] - 	       [   2,   23,   45,   13,   34,    1,    0,  830,    2,   78],
[2024-07-08 15:34:20,527][flwr][INFO] - 	       [   5,    8,   11,   17,   19,    4,   13,    1,  895,    1],
[2024-07-08 15:34:20,527][flwr][INFO] - 	       [   6,    9,    0,   15,  171,    7,    1,    1,   22,  777]])),
[2024-07-08 15:34:20,527][flwr][INFO] - 	                      (3,
[2024-07-08 15:34:20,527][flwr][INFO] - 	                       array([[ 956,    0,    2,    0,    1,    7,    5,    3,    6,    0],
[2024-07-08 15:34:20,527][flwr][INFO] - 	       [   0, 1122,    6,    0,    0,    1,    1,    0,    4,    1],
[2024-07-08 15:34:20,527][flwr][INFO] - 	       [   5,    2,  984,   16,    8,    0,    5,    4,    8,    0],
[2024-07-08 15:34:20,527][flwr][INFO] - 	       [   0,    3,   17,  950,    1,   11,    0,    3,   17,    8],
[2024-07-08 15:34:20,527][flwr][INFO] - 	       [   1,    1,    7,    2,  945,    1,    8,    0,    8,    9],
[2024-07-08 15:34:20,527][flwr][INFO] - 	       [   2,    3,    0,   33,    4,  818,   11,    0,   16,    5],
[2024-07-08 15:34:20,527][flwr][INFO] - 	       [   3,    5,    4,    2,   10,   22,  908,    0,    4,    0],
[2024-07-08 15:34:20,528][flwr][INFO] - 	       [   2,   14,   45,    8,   10,    1,    0,  932,    1,   15],
[2024-07-08 15:34:20,528][flwr][INFO] - 	       [   1,   17,   15,   12,   21,   12,   12,    3,  868,   13],
[2024-07-08 15:34:20,528][flwr][INFO] - 	       [   7,    7,    0,   18,   76,    4,    1,    5,    9,  882]])),
[2024-07-08 15:34:20,528][flwr][INFO] - 	                      (4,
[2024-07-08 15:34:20,528][flwr][INFO] - 	                       array([[ 942,    0,    2,    7,    3,    9,    5,    4,    8,    0],
[2024-07-08 15:34:20,528][flwr][INFO] - 	       [   0, 1122,    4,    2,    0,    1,    0,    1,    5,    0],
[2024-07-08 15:34:20,528][flwr][INFO] - 	       [   3,    6,  976,   23,    5,    0,    3,    8,    8,    0],
[2024-07-08 15:34:20,528][flwr][INFO] - 	       [   0,    2,    7,  975,    0,    6,    0,    4,    7,    9],
[2024-07-08 15:34:20,528][flwr][INFO] - 	       [   0,    1,   10,    0,  941,    0,    5,    0,    6,   19],
[2024-07-08 15:34:20,528][flwr][INFO] - 	       [   1,    4,    0,   37,    4,  824,    9,    0,   10,    3],
[2024-07-08 15:34:20,528][flwr][INFO] - 	       [   3,    5,    3,    2,   10,   31,  898,    1,    5,    0],
[2024-07-08 15:34:20,528][flwr][INFO] - 	       [   1,    7,   29,   11,    9,    0,    0,  948,    0,   23],
[2024-07-08 15:34:20,528][flwr][INFO] - 	       [   0,   12,   10,   15,    9,   12,   10,    2,  898,    6],
[2024-07-08 15:34:20,528][flwr][INFO] - 	       [   3,    5,    0,   17,   53,    3,    1,    5,   10,  912]])),
[2024-07-08 15:34:20,528][flwr][INFO] - 	                      (5,
[2024-07-08 15:34:20,528][flwr][INFO] - 	                       array([[ 962,    0,    2,    2,    0,    4,    3,    2,    4,    1],
[2024-07-08 15:34:20,528][flwr][INFO] - 	       [   0, 1115,    5,    1,    0,    1,    1,    1,   11,    0],
[2024-07-08 15:34:20,528][flwr][INFO] - 	       [   4,    1,  991,   11,    6,    2,    2,    8,    7,    0],
[2024-07-08 15:34:20,528][flwr][INFO] - 	       [   0,    4,    8,  975,    0,    5,    0,    8,    6,    4],
[2024-07-08 15:34:20,528][flwr][INFO] - 	       [   1,    0,    8,    0,  936,    2,    5,    2,    5,   23],
[2024-07-08 15:34:20,528][flwr][INFO] - 	       [   1,    1,    1,   30,    2,  830,   11,    0,   10,    6],
[2024-07-08 15:34:20,528][flwr][INFO] - 	       [   6,    3,    1,    1,   13,    8,  922,    0,    4,    0],
[2024-07-08 15:34:20,528][flwr][INFO] - 	       [   1,    6,   19,    9,    4,    1,    0,  972,    3,   13],
[2024-07-08 15:34:20,528][flwr][INFO] - 	       [   1,    3,   10,   13,    5,    5,    7,    5,  919,    6],
[2024-07-08 15:34:20,528][flwr][INFO] - 	       [   5,    4,    0,   10,   24,    2,    1,    6,    9,  948]])),
[2024-07-08 15:34:20,528][flwr][INFO] - 	                      (6,
[2024-07-08 15:34:20,528][flwr][INFO] - 	                       array([[ 963,    0,    2,    2,    0,    4,    3,    2,    2,    2],
[2024-07-08 15:34:20,528][flwr][INFO] - 	       [   0, 1109,    6,    2,    0,    1,    2,    0,   15,    0],
[2024-07-08 15:34:20,528][flwr][INFO] - 	       [   6,    4,  995,    9,    7,    0,    2,    3,    6,    0],
[2024-07-08 15:34:20,528][flwr][INFO] - 	       [   0,    0,    4,  990,    0,    3,    0,    2,    9,    2],
[2024-07-08 15:34:20,528][flwr][INFO] - 	       [   1,    0,    7,    1,  948,    1,    3,    3,    5,   13],
[2024-07-08 15:34:20,528][flwr][INFO] - 	       [   4,    1,    0,   27,    2,  835,   12,    0,    9,    2],
[2024-07-08 15:34:20,528][flwr][INFO] - 	       [   6,    3,    0,    1,    8,   11,  925,    0,    4,    0],
[2024-07-08 15:34:20,528][flwr][INFO] - 	       [   3,    7,   26,   19,    5,    0,    0,  949,    3,   16],
[2024-07-08 15:34:20,528][flwr][INFO] - 	       [   1,    2,    5,   15,    4,    4,    9,    1,  931,    2],
[2024-07-08 15:34:20,528][flwr][INFO] - 	       [   7,    4,    0,   15,   31,    3,    0,    4,   13,  932]])),
[2024-07-08 15:34:20,528][flwr][INFO] - 	                      (7,
[2024-07-08 15:34:20,528][flwr][INFO] - 	                       array([[ 963,    0,    3,    1,    0,    5,    2,    1,    3,    2],
[2024-07-08 15:34:20,528][flwr][INFO] - 	       [   0, 1113,    5,    2,    0,    2,    3,    0,   10,    0],
[2024-07-08 15:34:20,528][flwr][INFO] - 	       [   4,    2,  997,    7,    7,    0,    4,    5,    6,    0],
[2024-07-08 15:34:20,528][flwr][INFO] - 	       [   0,    1,    9,  971,    1,    7,    1,    4,   15,    1],
[2024-07-08 15:34:20,528][flwr][INFO] - 	       [   1,    0,    5,    0,  955,    1,    7,    2,    5,    6],
[2024-07-08 15:34:20,528][flwr][INFO] - 	       [   1,    1,    0,   18,    1,  851,   11,    1,    6,    2],
[2024-07-08 15:34:20,528][flwr][INFO] - 	       [   7,    3,    0,    1,    8,   11,  924,    0,    4,    0],
[2024-07-08 15:34:20,528][flwr][INFO] - 	       [   1,   10,   19,    9,    5,    1,    0,  971,    3,    9],
[2024-07-08 15:34:20,528][flwr][INFO] - 	       [   0,    1,    8,    8,    3,    4,   11,    3,  935,    1],
[2024-07-08 15:34:20,528][flwr][INFO] - 	       [   5,    6,    0,   13,   32,    7,    0,    5,   21,  920]])),
[2024-07-08 15:34:20,528][flwr][INFO] - 	                      (8,
[2024-07-08 15:34:20,528][flwr][INFO] - 	                       array([[ 961,    0,    2,    2,    0,    4,    3,    1,    4,    3],
[2024-07-08 15:34:20,529][flwr][INFO] - 	       [   0, 1111,    8,    2,    0,    1,    2,    0,   11,    0],
[2024-07-08 15:34:20,529][flwr][INFO] - 	       [   6,    2, 1005,    4,    4,    0,    3,    4,    4,    0],
[2024-07-08 15:34:20,529][flwr][INFO] - 	       [   0,    1,    7,  977,    0,    5,    1,    5,   10,    4],
[2024-07-08 15:34:20,529][flwr][INFO] - 	       [   1,    0,    8,    0,  940,    0,    2,    2,    3,   26],
[2024-07-08 15:34:20,529][flwr][INFO] - 	       [   3,    0,    1,   15,    1,  855,    6,    0,    6,    5],
[2024-07-08 15:34:20,529][flwr][INFO] - 	       [   9,    3,    0,    1,    7,   14,  919,    0,    5,    0],
[2024-07-08 15:34:20,529][flwr][INFO] - 	       [   1,    4,   16,    4,    1,    0,    0,  981,    4,   17],
[2024-07-08 15:34:20,529][flwr][INFO] - 	       [   0,    0,    6,    9,    3,    4,    6,    4,  937,    5],
[2024-07-08 15:34:20,529][flwr][INFO] - 	       [   5,    5,    0,   10,   13,    2,    0,    6,   12,  956]])),
[2024-07-08 15:34:20,529][flwr][INFO] - 	                      (9,
[2024-07-08 15:34:20,529][flwr][INFO] - 	                       array([[ 960,    0,    3,    1,    0,    2,    3,    1,    7,    3],
[2024-07-08 15:34:20,529][flwr][INFO] - 	       [   0, 1113,   10,    1,    0,    1,    0,    0,   10,    0],
[2024-07-08 15:34:20,529][flwr][INFO] - 	       [   4,    4,  998,    4,    3,    0,    3,   10,    6,    0],
[2024-07-08 15:34:20,529][flwr][INFO] - 	       [   0,    2,    7,  963,    0,    9,    0,    7,   19,    3],
[2024-07-08 15:34:20,529][flwr][INFO] - 	       [   1,    0,    9,    0,  931,    0,    3,    2,    7,   29],
[2024-07-08 15:34:20,529][flwr][INFO] - 	       [   3,    1,    0,   14,    2,  853,    4,    2,   11,    2],
[2024-07-08 15:34:20,529][flwr][INFO] - 	       [  10,    3,    0,    1,    9,   13,  912,    0,   10,    0],
[2024-07-08 15:34:20,529][flwr][INFO] - 	       [   0,    3,   19,    3,    1,    0,    0,  987,    5,   10],
[2024-07-08 15:34:20,529][flwr][INFO] - 	       [   4,    0,    4,    4,    3,    2,    1,    5,  949,    2],
[2024-07-08 15:34:20,529][flwr][INFO] - 	       [   3,    6,    0,    8,    7,    5,    0,    6,   17,  957]])),
[2024-07-08 15:34:20,529][flwr][INFO] - 	                      (10,
[2024-07-08 15:34:20,529][flwr][INFO] - 	                       array([[ 964,    0,    1,    0,    0,    2,    5,    1,    4,    3],
[2024-07-08 15:34:20,529][flwr][INFO] - 	       [   0, 1117,   10,    0,    0,    1,    2,    1,    4,    0],
[2024-07-08 15:34:20,529][flwr][INFO] - 	       [   3,    4, 1005,    3,    2,    0,    4,    4,    7,    0],
[2024-07-08 15:34:20,529][flwr][INFO] - 	       [   0,    3,   12,  967,    1,    9,    0,    5,   11,    2],
[2024-07-08 15:34:20,529][flwr][INFO] - 	       [   1,    0,    5,    1,  926,    0,   10,    2,    5,   32],
[2024-07-08 15:34:20,529][flwr][INFO] - 	       [   1,    1,    0,   12,    1,  863,    7,    0,    5,    2],
[2024-07-08 15:34:20,529][flwr][INFO] - 	       [   6,    4,    0,    1,    6,    8,  929,    0,    4,    0],
[2024-07-08 15:34:20,529][flwr][INFO] - 	       [   2,    3,   29,    4,    1,    0,    0,  971,    6,   12],
[2024-07-08 15:34:20,529][flwr][INFO] - 	       [   2,    2,    9,    5,    3,    6,    5,    2,  937,    3],
[2024-07-08 15:34:20,529][flwr][INFO] - 	       [   4,    6,    0,   10,    8,    6,    0,    5,   11,  959]]))],
[2024-07-08 15:34:20,529][flwr][INFO] - 	 'f1': [(0, 0.03553137346181725),
[2024-07-08 15:34:20,529][flwr][INFO] - 	        (1, 0.7298281551081682),
[2024-07-08 15:34:20,529][flwr][INFO] - 	        (2, 0.9108962268642228),
[2024-07-08 15:34:20,529][flwr][INFO] - 	        (3, 0.9364121280503866),
[2024-07-08 15:34:20,529][flwr][INFO] - 	        (4, 0.9436412023629654),
[2024-07-08 15:34:20,529][flwr][INFO] - 	        (5, 0.9570095108590909),
[2024-07-08 15:34:20,529][flwr][INFO] - 	        (6, 0.9576978596576682),
[2024-07-08 15:34:20,529][flwr][INFO] - 	        (7, 0.9599809961873581),
[2024-07-08 15:34:20,529][flwr][INFO] - 	        (8, 0.9642319657913587),
[2024-07-08 15:34:20,529][flwr][INFO] - 	        (9, 0.9623740897436981),
[2024-07-08 15:34:20,529][flwr][INFO] - 	        (10, 0.9638100485317905)],
[2024-07-08 15:34:20,529][flwr][INFO] - 	 'precision': [(0, 0.12349967530374152),
[2024-07-08 15:34:20,529][flwr][INFO] - 	               (1, 0.8312954165128648),
[2024-07-08 15:34:20,529][flwr][INFO] - 	               (2, 0.9160279276019911),
[2024-07-08 15:34:20,529][flwr][INFO] - 	               (3, 0.9375565834378018),
[2024-07-08 15:34:20,529][flwr][INFO] - 	               (4, 0.9444121586332606),
[2024-07-08 15:34:20,529][flwr][INFO] - 	               (5, 0.957198778220958),
[2024-07-08 15:34:20,530][flwr][INFO] - 	               (6, 0.9583116077836388),
[2024-07-08 15:34:20,530][flwr][INFO] - 	               (7, 0.9603829027541063),
[2024-07-08 15:34:20,530][flwr][INFO] - 	               (8, 0.9643783316017425),
[2024-07-08 15:34:20,530][flwr][INFO] - 	               (9, 0.9627671040210007),
[2024-07-08 15:34:20,530][flwr][INFO] - 	               (10, 0.9640379814044274)],
[2024-07-08 15:34:20,530][flwr][INFO] - 	 'recall': [(0, 0.1086),
[2024-07-08 15:34:20,530][flwr][INFO] - 	            (1, 0.761),
[2024-07-08 15:34:20,530][flwr][INFO] - 	            (2, 0.9113),
[2024-07-08 15:34:20,530][flwr][INFO] - 	            (3, 0.9365),
[2024-07-08 15:34:20,530][flwr][INFO] - 	            (4, 0.9436),
[2024-07-08 15:34:20,530][flwr][INFO] - 	            (5, 0.957),
[2024-07-08 15:34:20,530][flwr][INFO] - 	            (6, 0.9577),
[2024-07-08 15:34:20,530][flwr][INFO] - 	            (7, 0.96),
[2024-07-08 15:34:20,530][flwr][INFO] - 	            (8, 0.9642),
[2024-07-08 15:34:20,530][flwr][INFO] - 	            (9, 0.9623),
[2024-07-08 15:34:20,530][flwr][INFO] - 	            (10, 0.9638)]}
[2024-07-08 15:34:20,530][flwr][INFO] - 
