[2024-06-21 12:36:49,130][flwr][INFO] - Starting Flower simulation, config: num_rounds=10, no round_timeout
[2024-06-21 12:36:51,166][flwr][INFO] - Flower VCE: Ray initialized with resources: {'CPU': 12.0, 'object_store_memory': 2147483648.0, 'node:__internal_head__': 1.0, 'node:127.0.0.1': 1.0, 'memory': 8189005005.0}
[2024-06-21 12:36:51,166][flwr][INFO] - Optimize your simulation with Flower VCE: https://flower.ai/docs/framework/how-to-run-simulations.html
[2024-06-21 12:36:51,166][flwr][INFO] - Flower VCE: Resources for each Virtual Client: {'num_cpus': 2, 'num_gpus': 0}
[2024-06-21 12:36:51,172][flwr][INFO] - Flower VCE: Creating VirtualClientEngineActorPool with 6 actors
[2024-06-21 12:36:51,172][flwr][INFO] - [INIT]
[2024-06-21 12:36:51,172][flwr][INFO] - Requesting initial parameters from one random client
[2024-06-21 12:36:52,703][flwr][INFO] - Received initial parameters from one random client
[2024-06-21 12:36:52,703][flwr][INFO] - Evaluating initial global parameters
[2024-06-21 12:36:53,029][flwr][INFO] - initial parameters (loss, other metrics): 181.76928067207336, {'accuracy': 0.1086, 'precision': 0.12349967530374152, 'recall': 0.1086, 'f1': 0.03553137346181725, 'confusion_matrix': array([[   0,    8,    0,  956,    0,    1,    0,   15,    0,    0],
       [   0,  122,    0, 1013,    0,    0,    0,    0,    0,    0],
       [   0,   38,    0,  971,    0,    0,    3,   19,    1,    0],
       [   0,   44,    0,  945,    1,    1,    0,   17,    2,    0],
       [   0,  143,    0,  816,    1,    0,    2,   20,    0,    0],
       [   0,  118,    0,  735,    1,    7,    0,   30,    1,    0],
       [   0,  144,    0,  749,   25,    0,    2,   38,    0,    0],
       [   0,  272,    0,  724,    8,    0,    0,    9,   15,    0],
       [   0,   81,    0,  859,    1,    0,    1,   32,    0,    0],
       [   0,  178,    0,  799,    1,    0,    0,   31,    0,    0]])}
[2024-06-21 12:36:53,029][flwr][INFO] - 
[2024-06-21 12:36:53,029][flwr][INFO] - [ROUND 1]
[2024-06-21 12:36:53,030][flwr][INFO] - configure_fit: strategy sampled 10 clients (out of 100)
[2024-06-21 12:36:59,993][flwr][INFO] - aggregate_fit: received 10 results and 0 failures
[2024-06-21 12:36:59,999][flwr][WARNING] - No fit_metrics_aggregation_fn provided
[2024-06-21 12:37:00,336][flwr][INFO] - fit progress: (1, 92.17757612466812, {'accuracy': 0.6648, 'precision': 0.740783628718732, 'recall': 0.6648, 'f1': 0.635655378616176, 'confusion_matrix': array([[ 958,    0,    8,    8,    0,    1,    1,    2,    2,    0],
       [   0, 1036,   88,    8,    0,    1,    1,    1,    0,    0],
       [  21,    4,  932,   22,    6,    1,    8,   21,    4,   13],
       [  18,    0,  127,  806,    1,    4,    0,   30,    2,   22],
       [  19,    5,   27,    2,  200,    1,    5,   37,    1,  685],
       [ 178,   14,   46,  274,   21,  227,    3,   82,   16,   31],
       [ 103,    6,  150,    4,    5,    9,  663,    2,    1,   15],
       [   3,   13,   52,    2,    1,    0,    0,  933,    0,   24],
       [  40,    5,  174,  339,    5,    9,    1,   38,  246,  117],
       [  22,    7,   11,   12,    5,    0,    0,  303,    2,  647]])}, 7.306408917)
[2024-06-21 12:37:00,336][flwr][INFO] - configure_evaluate: no clients selected, skipping evaluation
[2024-06-21 12:37:00,336][flwr][INFO] - 
[2024-06-21 12:37:00,336][flwr][INFO] - [ROUND 2]
[2024-06-21 12:37:00,337][flwr][INFO] - configure_fit: strategy sampled 10 clients (out of 100)
[2024-06-21 12:37:06,203][flwr][INFO] - aggregate_fit: received 10 results and 0 failures
[2024-06-21 12:37:06,570][flwr][INFO] - fit progress: (2, 43.73886303603649, {'accuracy': 0.859, 'precision': 0.8641492658640824, 'recall': 0.859, 'f1': 0.8570126202890553, 'confusion_matrix': array([[ 953,    0,    3,    9,    0,    6,    5,    1,    3,    0],
       [   0, 1098,   25,    2,    1,    1,    3,    1,    4,    0],
       [  12,    9,  893,   44,   20,    1,   16,   15,   14,    8],
       [   2,    3,   48,  870,    3,   20,    1,   18,   36,    9],
       [   2,    1,    6,    0,  937,    0,    8,    1,    3,   24],
       [  26,   13,   16,  142,   67,  558,   16,   16,   23,   15],
       [  30,    5,   14,    4,   20,   13,  867,    2,    3,    0],
       [   1,   17,   44,    2,   18,    0,    0,  913,    0,   33],
       [   8,   16,   44,   64,   31,   27,   10,   10,  720,   44],
       [  12,    6,    2,    7,  147,    2,    1,   42,    9,  781]])}, 13.540103834)
[2024-06-21 12:37:06,571][flwr][INFO] - configure_evaluate: no clients selected, skipping evaluation
[2024-06-21 12:37:06,571][flwr][INFO] - 
[2024-06-21 12:37:06,571][flwr][INFO] - [ROUND 3]
[2024-06-21 12:37:06,571][flwr][INFO] - configure_fit: strategy sampled 10 clients (out of 100)
[2024-06-21 12:37:12,057][flwr][INFO] - aggregate_fit: received 10 results and 0 failures
[2024-06-21 12:37:12,403][flwr][INFO] - fit progress: (3, 41.01491038501263, {'accuracy': 0.8811, 'precision': 0.8833186866112441, 'recall': 0.8811, 'f1': 0.8810683503989752, 'confusion_matrix': array([[ 951,    0,    1,    6,    0,    4,   13,    1,    4,    0],
       [   0, 1057,   42,    3,    0,    0,    4,    1,   26,    2],
       [  13,    4,  866,   36,   12,    0,   26,   16,   51,    8],
       [   3,    1,   34,  856,    2,   34,    4,   22,   44,   10],
       [   0,    1,    5,    0,  856,    1,   20,    1,    4,   94],
       [  24,    2,    8,   61,   19,  691,   27,    9,   38,   13],
       [  19,    3,    3,    1,    6,   17,  905,    1,    3,    0],
       [   2,    8,   32,    1,    7,    0,    2,  885,   12,   79],
       [   9,    1,   19,   19,   17,   25,   15,    5,  832,   32],
       [  13,    5,    0,    5,   34,    3,    3,   21,   13,  912]])}, 19.373166209)
[2024-06-21 12:37:12,403][flwr][INFO] - configure_evaluate: no clients selected, skipping evaluation
[2024-06-21 12:37:12,403][flwr][INFO] - 
[2024-06-21 12:37:12,403][flwr][INFO] - [ROUND 4]
[2024-06-21 12:37:12,404][flwr][INFO] - configure_fit: strategy sampled 10 clients (out of 100)
[2024-06-21 12:37:17,511][flwr][INFO] - aggregate_fit: received 10 results and 0 failures
[2024-06-21 12:37:17,860][flwr][INFO] - fit progress: (4, 35.027329236269, {'accuracy': 0.8985, 'precision': 0.8993199492672398, 'recall': 0.8985, 'f1': 0.898125859601989, 'confusion_matrix': array([[ 962,    0,    1,    1,    0,    6,    7,    1,    2,    0],
       [   0, 1099,   14,    3,    1,    4,    3,    0,   11,    0],
       [  13,    6,  928,   21,   17,    1,   10,   14,   17,    5],
       [   5,    2,   32,  844,    1,   71,    3,   16,   28,    8],
       [   1,    3,    4,    1,  927,    2,   10,    0,    5,   29],
       [  24,    5,    5,   31,   10,  773,   14,    7,   18,    5],
       [  23,    3,    5,    0,    7,   23,  892,    2,    3,    0],
       [   5,   14,   40,    3,   14,    0,    0,  890,    2,   60],
       [  12,    7,   24,   28,   18,   55,   13,    6,  794,   17],
       [  12,    5,    1,    7,   67,   15,    1,   17,    8,  876]])}, 24.830261334)
[2024-06-21 12:37:17,861][flwr][INFO] - configure_evaluate: no clients selected, skipping evaluation
[2024-06-21 12:37:17,861][flwr][INFO] - 
[2024-06-21 12:37:17,861][flwr][INFO] - [ROUND 5]
[2024-06-21 12:37:17,861][flwr][INFO] - configure_fit: strategy sampled 10 clients (out of 100)
[2024-06-21 12:37:24,184][flwr][INFO] - aggregate_fit: received 10 results and 0 failures
[2024-06-21 12:37:24,564][flwr][INFO] - fit progress: (5, 32.260523192584515, {'accuracy': 0.8986, 'precision': 0.9013488796712325, 'recall': 0.8986, 'f1': 0.89847141261708, 'confusion_matrix': array([[ 955,    0,    1,    4,    0,    9,    7,    1,    3,    0],
       [   0, 1094,   18,    2,    1,    2,    3,    0,   14,    1],
       [   8,    3,  925,   25,   19,    0,   11,    7,   30,    4],
       [   2,    0,   33,  883,    2,   33,    3,   12,   28,   14],
       [   1,    0,    3,    1,  930,    0,    8,    0,    4,   35],
       [  15,    3,    6,   51,   16,  750,   16,    5,   22,    8],
       [  16,    3,    4,    1,   14,   23,  893,    1,    3,    0],
       [   4,   10,   46,    3,   18,    0,    0,  813,    1,  133],
       [   6,    3,   14,   25,   23,   28,   10,    1,  833,   31],
       [  10,    4,    0,    8,   60,    6,    1,    3,    7,  910]])}, 31.534104584)
[2024-06-21 12:37:24,565][flwr][INFO] - configure_evaluate: no clients selected, skipping evaluation
[2024-06-21 12:37:24,565][flwr][INFO] - 
[2024-06-21 12:37:24,565][flwr][INFO] - [ROUND 6]
[2024-06-21 12:37:24,565][flwr][INFO] - configure_fit: strategy sampled 10 clients (out of 100)
[2024-06-21 12:37:30,154][flwr][INFO] - aggregate_fit: received 10 results and 0 failures
[2024-06-21 12:37:30,547][flwr][INFO] - fit progress: (6, 31.3249708712101, {'accuracy': 0.9091, 'precision': 0.9118976471208078, 'recall': 0.9091, 'f1': 0.9095154528546953, 'confusion_matrix': array([[ 960,    0,    0,    1,    0,    4,    7,    1,    6,    1],
       [   0, 1072,   13,    1,    1,    0,    4,    2,   42,    0],
       [  11,    2,  900,   37,   13,    1,   11,    7,   46,    4],
       [   4,    1,   15,  890,    0,   29,    3,   14,   41,   13],
       [   1,    0,    4,    1,  881,    3,   13,    0,    7,   72],
       [  15,    2,    5,   30,    4,  782,   12,    4,   32,    6],
       [  22,    2,    3,    0,    8,   24,  885,    1,   13,    0],
       [   5,    7,   35,    3,    8,    0,    1,  893,    3,   73],
       [   4,    0,    9,   21,    8,   22,    6,    2,  890,   12],
       [  11,    3,    0,    9,   21,    7,    1,    5,   14,  938]])}, 37.517004084)
[2024-06-21 12:37:30,548][flwr][INFO] - configure_evaluate: no clients selected, skipping evaluation
[2024-06-21 12:37:30,548][flwr][INFO] - 
[2024-06-21 12:37:30,548][flwr][INFO] - [ROUND 7]
[2024-06-21 12:37:30,548][flwr][INFO] - configure_fit: strategy sampled 10 clients (out of 100)
[2024-06-21 12:37:38,913][flwr][INFO] - aggregate_fit: received 10 results and 0 failures
[2024-06-21 12:37:39,295][flwr][INFO] - fit progress: (7, 27.40427729487419, {'accuracy': 0.9159, 'precision': 0.9164924554009849, 'recall': 0.9159, 'f1': 0.9155461726285538, 'confusion_matrix': array([[ 960,    0,    0,    2,    0,    4,    9,    1,    3,    1],
       [   0, 1118,    4,    2,    0,    0,    3,    0,    8,    0],
       [   8,   13,  913,   26,   16,    1,   12,   12,   30,    1],
       [   4,    2,   20,  899,    2,   30,    3,   17,   25,    8],
       [   1,    2,    3,    1,  928,    1,   14,    0,    4,   28],
       [  16,    7,    2,   17,    8,  794,   14,    5,   24,    5],
       [  22,    3,    1,    0,    8,   16,  902,    0,    6,    0],
       [   5,   26,   31,    4,   14,    1,    1,  873,    0,   73],
       [   6,   11,    7,   16,   17,   26,   10,    4,  854,   23],
       [  11,    6,    0,    8,   50,    6,    1,    6,    3,  918]])}, 46.264013625000004)
[2024-06-21 12:37:39,295][flwr][INFO] - configure_evaluate: no clients selected, skipping evaluation
[2024-06-21 12:37:39,295][flwr][INFO] - 
[2024-06-21 12:37:39,295][flwr][INFO] - [ROUND 8]
[2024-06-21 12:37:39,296][flwr][INFO] - configure_fit: strategy sampled 10 clients (out of 100)
[2024-06-21 12:37:47,889][flwr][INFO] - aggregate_fit: received 10 results and 0 failures
[2024-06-21 12:37:48,624][flwr][INFO] - fit progress: (8, 27.590119421482086, {'accuracy': 0.9125, 'precision': 0.9147569760255397, 'recall': 0.9125, 'f1': 0.9122792253055367, 'confusion_matrix': array([[ 965,    0,    0,    2,    0,    4,    5,    1,    3,    0],
       [   0, 1102,   15,    2,    0,    1,    3,    0,   12,    0],
       [   7,    2,  954,   21,   16,    4,    7,    6,   14,    1],
       [   5,    1,   23,  874,    1,   68,    2,    8,   23,    5],
       [   1,    0,    3,    2,  923,    3,   15,    0,    6,   29],
       [  10,    3,    2,   11,    6,  830,   11,    0,   16,    3],
       [  23,    3,    1,    0,    8,   25,  894,    0,    4,    0],
       [   5,    6,   76,   13,   12,    3,    0,  827,    1,   85],
       [   5,    2,   14,   22,   15,   32,   10,    2,  860,   12],
       [   9,    6,    0,    6,   54,   21,    2,    4,   11,  896]])}, 55.593473542000005)
[2024-06-21 12:37:48,625][flwr][INFO] - configure_evaluate: no clients selected, skipping evaluation
[2024-06-21 12:37:48,625][flwr][INFO] - 
[2024-06-21 12:37:48,625][flwr][INFO] - [ROUND 9]
[2024-06-21 12:37:48,626][flwr][INFO] - configure_fit: strategy sampled 10 clients (out of 100)
[2024-06-21 12:38:01,190][flwr][INFO] - aggregate_fit: received 10 results and 0 failures
[2024-06-21 12:38:01,628][flwr][INFO] - fit progress: (9, 24.233316976577044, {'accuracy': 0.9232, 'precision': 0.9242056220951217, 'recall': 0.9232, 'f1': 0.9232080432471088, 'confusion_matrix': array([[ 962,    0,    1,    2,    0,    5,    6,    1,    3,    0],
       [   0, 1111,    2,    3,    0,    1,    6,    0,   12,    0],
       [  10,    7,  898,   50,    9,    4,    7,   13,   33,    1],
       [   2,    1,   11,  905,    1,   42,    2,   13,   22,   11],
       [   1,    1,    5,    2,  901,    4,   12,    0,    7,   49],
       [   6,    2,    0,   17,    2,  823,   12,    5,   16,    9],
       [  15,    3,    1,    0,    8,   25,  902,    0,    4,    0],
       [   4,   11,   25,   12,    9,    1,    0,  918,    0,   48],
       [   5,    4,    4,   19,   11,   29,    6,    3,  873,   20],
       [  10,    5,    0,    6,   26,   12,    1,    5,    5,  939]])}, 68.59703316699999)
[2024-06-21 12:38:01,629][flwr][INFO] - configure_evaluate: no clients selected, skipping evaluation
[2024-06-21 12:38:01,629][flwr][INFO] - 
[2024-06-21 12:38:01,629][flwr][INFO] - [ROUND 10]
[2024-06-21 12:38:01,630][flwr][INFO] - configure_fit: strategy sampled 10 clients (out of 100)
[2024-06-21 12:38:07,717][flwr][INFO] - aggregate_fit: received 10 results and 0 failures
[2024-06-21 12:38:08,119][flwr][INFO] - fit progress: (10, 23.86084096133709, {'accuracy': 0.9294, 'precision': 0.9308609106931565, 'recall': 0.9294, 'f1': 0.9295954865345022, 'confusion_matrix': array([[ 962,    0,    1,    0,    0,    3,    6,    0,    6,    2],
       [   0, 1103,    4,    1,    0,    0,    5,    0,   22,    0],
       [   9,    3,  938,   23,    7,    2,    4,   10,   35,    1],
       [   1,    2,   11,  900,    2,   35,    0,   14,   40,    5],
       [   2,    0,    5,    2,  910,    4,    7,    0,   10,   42],
       [   7,    2,    3,   13,    6,  814,   12,    5,   26,    4],
       [  20,    3,    4,    1,    9,   10,  898,    0,   12,    1],
       [   2,    8,   26,    9,    6,    1,    0,  925,    3,   48],
       [   3,    3,    4,   14,   11,    8,    3,    2,  919,    7],
       [  10,    5,    0,    5,   32,    8,    1,    3,   20,  925]])}, 75.087836375)
[2024-06-21 12:38:08,120][flwr][INFO] - configure_evaluate: no clients selected, skipping evaluation
[2024-06-21 12:38:08,120][flwr][INFO] - 
[2024-06-21 12:38:08,120][flwr][INFO] - [SUMMARY]
[2024-06-21 12:38:08,120][flwr][INFO] - Run finished 10 round(s) in 75.09s
[2024-06-21 12:38:08,125][flwr][INFO] - 	History (loss, centralized):
[2024-06-21 12:38:08,126][flwr][INFO] - 		round 0: 181.76928067207336
[2024-06-21 12:38:08,126][flwr][INFO] - 		round 1: 92.17757612466812
[2024-06-21 12:38:08,126][flwr][INFO] - 		round 2: 43.73886303603649
[2024-06-21 12:38:08,126][flwr][INFO] - 		round 3: 41.01491038501263
[2024-06-21 12:38:08,126][flwr][INFO] - 		round 4: 35.027329236269
[2024-06-21 12:38:08,126][flwr][INFO] - 		round 5: 32.260523192584515
[2024-06-21 12:38:08,126][flwr][INFO] - 		round 6: 31.3249708712101
[2024-06-21 12:38:08,126][flwr][INFO] - 		round 7: 27.40427729487419
[2024-06-21 12:38:08,126][flwr][INFO] - 		round 8: 27.590119421482086
[2024-06-21 12:38:08,126][flwr][INFO] - 		round 9: 24.233316976577044
[2024-06-21 12:38:08,126][flwr][INFO] - 		round 10: 23.86084096133709
[2024-06-21 12:38:08,127][flwr][INFO] - 	History (metrics, centralized):
[2024-06-21 12:38:08,127][flwr][INFO] - 	{'accuracy': [(0, 0.1086),
[2024-06-21 12:38:08,127][flwr][INFO] - 	              (1, 0.6648),
[2024-06-21 12:38:08,127][flwr][INFO] - 	              (2, 0.859),
[2024-06-21 12:38:08,127][flwr][INFO] - 	              (3, 0.8811),
[2024-06-21 12:38:08,127][flwr][INFO] - 	              (4, 0.8985),
[2024-06-21 12:38:08,127][flwr][INFO] - 	              (5, 0.8986),
[2024-06-21 12:38:08,127][flwr][INFO] - 	              (6, 0.9091),
[2024-06-21 12:38:08,127][flwr][INFO] - 	              (7, 0.9159),
[2024-06-21 12:38:08,127][flwr][INFO] - 	              (8, 0.9125),
[2024-06-21 12:38:08,127][flwr][INFO] - 	              (9, 0.9232),
[2024-06-21 12:38:08,127][flwr][INFO] - 	              (10, 0.9294)],
[2024-06-21 12:38:08,127][flwr][INFO] - 	 'confusion_matrix': [(0,
[2024-06-21 12:38:08,127][flwr][INFO] - 	                       array([[   0,    8,    0,  956,    0,    1,    0,   15,    0,    0],
[2024-06-21 12:38:08,127][flwr][INFO] - 	       [   0,  122,    0, 1013,    0,    0,    0,    0,    0,    0],
[2024-06-21 12:38:08,127][flwr][INFO] - 	       [   0,   38,    0,  971,    0,    0,    3,   19,    1,    0],
[2024-06-21 12:38:08,127][flwr][INFO] - 	       [   0,   44,    0,  945,    1,    1,    0,   17,    2,    0],
[2024-06-21 12:38:08,127][flwr][INFO] - 	       [   0,  143,    0,  816,    1,    0,    2,   20,    0,    0],
[2024-06-21 12:38:08,127][flwr][INFO] - 	       [   0,  118,    0,  735,    1,    7,    0,   30,    1,    0],
[2024-06-21 12:38:08,127][flwr][INFO] - 	       [   0,  144,    0,  749,   25,    0,    2,   38,    0,    0],
[2024-06-21 12:38:08,127][flwr][INFO] - 	       [   0,  272,    0,  724,    8,    0,    0,    9,   15,    0],
[2024-06-21 12:38:08,127][flwr][INFO] - 	       [   0,   81,    0,  859,    1,    0,    1,   32,    0,    0],
[2024-06-21 12:38:08,127][flwr][INFO] - 	       [   0,  178,    0,  799,    1,    0,    0,   31,    0,    0]])),
[2024-06-21 12:38:08,127][flwr][INFO] - 	                      (1,
[2024-06-21 12:38:08,127][flwr][INFO] - 	                       array([[ 958,    0,    8,    8,    0,    1,    1,    2,    2,    0],
[2024-06-21 12:38:08,127][flwr][INFO] - 	       [   0, 1036,   88,    8,    0,    1,    1,    1,    0,    0],
[2024-06-21 12:38:08,127][flwr][INFO] - 	       [  21,    4,  932,   22,    6,    1,    8,   21,    4,   13],
[2024-06-21 12:38:08,127][flwr][INFO] - 	       [  18,    0,  127,  806,    1,    4,    0,   30,    2,   22],
[2024-06-21 12:38:08,127][flwr][INFO] - 	       [  19,    5,   27,    2,  200,    1,    5,   37,    1,  685],
[2024-06-21 12:38:08,127][flwr][INFO] - 	       [ 178,   14,   46,  274,   21,  227,    3,   82,   16,   31],
[2024-06-21 12:38:08,127][flwr][INFO] - 	       [ 103,    6,  150,    4,    5,    9,  663,    2,    1,   15],
[2024-06-21 12:38:08,127][flwr][INFO] - 	       [   3,   13,   52,    2,    1,    0,    0,  933,    0,   24],
[2024-06-21 12:38:08,127][flwr][INFO] - 	       [  40,    5,  174,  339,    5,    9,    1,   38,  246,  117],
[2024-06-21 12:38:08,127][flwr][INFO] - 	       [  22,    7,   11,   12,    5,    0,    0,  303,    2,  647]])),
[2024-06-21 12:38:08,127][flwr][INFO] - 	                      (2,
[2024-06-21 12:38:08,127][flwr][INFO] - 	                       array([[ 953,    0,    3,    9,    0,    6,    5,    1,    3,    0],
[2024-06-21 12:38:08,127][flwr][INFO] - 	       [   0, 1098,   25,    2,    1,    1,    3,    1,    4,    0],
[2024-06-21 12:38:08,127][flwr][INFO] - 	       [  12,    9,  893,   44,   20,    1,   16,   15,   14,    8],
[2024-06-21 12:38:08,127][flwr][INFO] - 	       [   2,    3,   48,  870,    3,   20,    1,   18,   36,    9],
[2024-06-21 12:38:08,127][flwr][INFO] - 	       [   2,    1,    6,    0,  937,    0,    8,    1,    3,   24],
[2024-06-21 12:38:08,127][flwr][INFO] - 	       [  26,   13,   16,  142,   67,  558,   16,   16,   23,   15],
[2024-06-21 12:38:08,127][flwr][INFO] - 	       [  30,    5,   14,    4,   20,   13,  867,    2,    3,    0],
[2024-06-21 12:38:08,127][flwr][INFO] - 	       [   1,   17,   44,    2,   18,    0,    0,  913,    0,   33],
[2024-06-21 12:38:08,127][flwr][INFO] - 	       [   8,   16,   44,   64,   31,   27,   10,   10,  720,   44],
[2024-06-21 12:38:08,127][flwr][INFO] - 	       [  12,    6,    2,    7,  147,    2,    1,   42,    9,  781]])),
[2024-06-21 12:38:08,127][flwr][INFO] - 	                      (3,
[2024-06-21 12:38:08,128][flwr][INFO] - 	                       array([[ 951,    0,    1,    6,    0,    4,   13,    1,    4,    0],
[2024-06-21 12:38:08,128][flwr][INFO] - 	       [   0, 1057,   42,    3,    0,    0,    4,    1,   26,    2],
[2024-06-21 12:38:08,128][flwr][INFO] - 	       [  13,    4,  866,   36,   12,    0,   26,   16,   51,    8],
[2024-06-21 12:38:08,128][flwr][INFO] - 	       [   3,    1,   34,  856,    2,   34,    4,   22,   44,   10],
[2024-06-21 12:38:08,128][flwr][INFO] - 	       [   0,    1,    5,    0,  856,    1,   20,    1,    4,   94],
[2024-06-21 12:38:08,128][flwr][INFO] - 	       [  24,    2,    8,   61,   19,  691,   27,    9,   38,   13],
[2024-06-21 12:38:08,128][flwr][INFO] - 	       [  19,    3,    3,    1,    6,   17,  905,    1,    3,    0],
[2024-06-21 12:38:08,128][flwr][INFO] - 	       [   2,    8,   32,    1,    7,    0,    2,  885,   12,   79],
[2024-06-21 12:38:08,128][flwr][INFO] - 	       [   9,    1,   19,   19,   17,   25,   15,    5,  832,   32],
[2024-06-21 12:38:08,128][flwr][INFO] - 	       [  13,    5,    0,    5,   34,    3,    3,   21,   13,  912]])),
[2024-06-21 12:38:08,128][flwr][INFO] - 	                      (4,
[2024-06-21 12:38:08,128][flwr][INFO] - 	                       array([[ 962,    0,    1,    1,    0,    6,    7,    1,    2,    0],
[2024-06-21 12:38:08,128][flwr][INFO] - 	       [   0, 1099,   14,    3,    1,    4,    3,    0,   11,    0],
[2024-06-21 12:38:08,128][flwr][INFO] - 	       [  13,    6,  928,   21,   17,    1,   10,   14,   17,    5],
[2024-06-21 12:38:08,128][flwr][INFO] - 	       [   5,    2,   32,  844,    1,   71,    3,   16,   28,    8],
[2024-06-21 12:38:08,128][flwr][INFO] - 	       [   1,    3,    4,    1,  927,    2,   10,    0,    5,   29],
[2024-06-21 12:38:08,128][flwr][INFO] - 	       [  24,    5,    5,   31,   10,  773,   14,    7,   18,    5],
[2024-06-21 12:38:08,128][flwr][INFO] - 	       [  23,    3,    5,    0,    7,   23,  892,    2,    3,    0],
[2024-06-21 12:38:08,128][flwr][INFO] - 	       [   5,   14,   40,    3,   14,    0,    0,  890,    2,   60],
[2024-06-21 12:38:08,128][flwr][INFO] - 	       [  12,    7,   24,   28,   18,   55,   13,    6,  794,   17],
[2024-06-21 12:38:08,128][flwr][INFO] - 	       [  12,    5,    1,    7,   67,   15,    1,   17,    8,  876]])),
[2024-06-21 12:38:08,128][flwr][INFO] - 	                      (5,
[2024-06-21 12:38:08,128][flwr][INFO] - 	                       array([[ 955,    0,    1,    4,    0,    9,    7,    1,    3,    0],
[2024-06-21 12:38:08,128][flwr][INFO] - 	       [   0, 1094,   18,    2,    1,    2,    3,    0,   14,    1],
[2024-06-21 12:38:08,128][flwr][INFO] - 	       [   8,    3,  925,   25,   19,    0,   11,    7,   30,    4],
[2024-06-21 12:38:08,128][flwr][INFO] - 	       [   2,    0,   33,  883,    2,   33,    3,   12,   28,   14],
[2024-06-21 12:38:08,128][flwr][INFO] - 	       [   1,    0,    3,    1,  930,    0,    8,    0,    4,   35],
[2024-06-21 12:38:08,128][flwr][INFO] - 	       [  15,    3,    6,   51,   16,  750,   16,    5,   22,    8],
[2024-06-21 12:38:08,128][flwr][INFO] - 	       [  16,    3,    4,    1,   14,   23,  893,    1,    3,    0],
[2024-06-21 12:38:08,128][flwr][INFO] - 	       [   4,   10,   46,    3,   18,    0,    0,  813,    1,  133],
[2024-06-21 12:38:08,128][flwr][INFO] - 	       [   6,    3,   14,   25,   23,   28,   10,    1,  833,   31],
[2024-06-21 12:38:08,128][flwr][INFO] - 	       [  10,    4,    0,    8,   60,    6,    1,    3,    7,  910]])),
[2024-06-21 12:38:08,128][flwr][INFO] - 	                      (6,
[2024-06-21 12:38:08,128][flwr][INFO] - 	                       array([[ 960,    0,    0,    1,    0,    4,    7,    1,    6,    1],
[2024-06-21 12:38:08,128][flwr][INFO] - 	       [   0, 1072,   13,    1,    1,    0,    4,    2,   42,    0],
[2024-06-21 12:38:08,128][flwr][INFO] - 	       [  11,    2,  900,   37,   13,    1,   11,    7,   46,    4],
[2024-06-21 12:38:08,128][flwr][INFO] - 	       [   4,    1,   15,  890,    0,   29,    3,   14,   41,   13],
[2024-06-21 12:38:08,128][flwr][INFO] - 	       [   1,    0,    4,    1,  881,    3,   13,    0,    7,   72],
[2024-06-21 12:38:08,128][flwr][INFO] - 	       [  15,    2,    5,   30,    4,  782,   12,    4,   32,    6],
[2024-06-21 12:38:08,128][flwr][INFO] - 	       [  22,    2,    3,    0,    8,   24,  885,    1,   13,    0],
[2024-06-21 12:38:08,128][flwr][INFO] - 	       [   5,    7,   35,    3,    8,    0,    1,  893,    3,   73],
[2024-06-21 12:38:08,128][flwr][INFO] - 	       [   4,    0,    9,   21,    8,   22,    6,    2,  890,   12],
[2024-06-21 12:38:08,128][flwr][INFO] - 	       [  11,    3,    0,    9,   21,    7,    1,    5,   14,  938]])),
[2024-06-21 12:38:08,128][flwr][INFO] - 	                      (7,
[2024-06-21 12:38:08,128][flwr][INFO] - 	                       array([[ 960,    0,    0,    2,    0,    4,    9,    1,    3,    1],
[2024-06-21 12:38:08,128][flwr][INFO] - 	       [   0, 1118,    4,    2,    0,    0,    3,    0,    8,    0],
[2024-06-21 12:38:08,129][flwr][INFO] - 	       [   8,   13,  913,   26,   16,    1,   12,   12,   30,    1],
[2024-06-21 12:38:08,129][flwr][INFO] - 	       [   4,    2,   20,  899,    2,   30,    3,   17,   25,    8],
[2024-06-21 12:38:08,129][flwr][INFO] - 	       [   1,    2,    3,    1,  928,    1,   14,    0,    4,   28],
[2024-06-21 12:38:08,129][flwr][INFO] - 	       [  16,    7,    2,   17,    8,  794,   14,    5,   24,    5],
[2024-06-21 12:38:08,129][flwr][INFO] - 	       [  22,    3,    1,    0,    8,   16,  902,    0,    6,    0],
[2024-06-21 12:38:08,129][flwr][INFO] - 	       [   5,   26,   31,    4,   14,    1,    1,  873,    0,   73],
[2024-06-21 12:38:08,129][flwr][INFO] - 	       [   6,   11,    7,   16,   17,   26,   10,    4,  854,   23],
[2024-06-21 12:38:08,129][flwr][INFO] - 	       [  11,    6,    0,    8,   50,    6,    1,    6,    3,  918]])),
[2024-06-21 12:38:08,129][flwr][INFO] - 	                      (8,
[2024-06-21 12:38:08,129][flwr][INFO] - 	                       array([[ 965,    0,    0,    2,    0,    4,    5,    1,    3,    0],
[2024-06-21 12:38:08,129][flwr][INFO] - 	       [   0, 1102,   15,    2,    0,    1,    3,    0,   12,    0],
[2024-06-21 12:38:08,129][flwr][INFO] - 	       [   7,    2,  954,   21,   16,    4,    7,    6,   14,    1],
[2024-06-21 12:38:08,129][flwr][INFO] - 	       [   5,    1,   23,  874,    1,   68,    2,    8,   23,    5],
[2024-06-21 12:38:08,129][flwr][INFO] - 	       [   1,    0,    3,    2,  923,    3,   15,    0,    6,   29],
[2024-06-21 12:38:08,129][flwr][INFO] - 	       [  10,    3,    2,   11,    6,  830,   11,    0,   16,    3],
[2024-06-21 12:38:08,129][flwr][INFO] - 	       [  23,    3,    1,    0,    8,   25,  894,    0,    4,    0],
[2024-06-21 12:38:08,129][flwr][INFO] - 	       [   5,    6,   76,   13,   12,    3,    0,  827,    1,   85],
[2024-06-21 12:38:08,129][flwr][INFO] - 	       [   5,    2,   14,   22,   15,   32,   10,    2,  860,   12],
[2024-06-21 12:38:08,129][flwr][INFO] - 	       [   9,    6,    0,    6,   54,   21,    2,    4,   11,  896]])),
[2024-06-21 12:38:08,129][flwr][INFO] - 	                      (9,
[2024-06-21 12:38:08,129][flwr][INFO] - 	                       array([[ 962,    0,    1,    2,    0,    5,    6,    1,    3,    0],
[2024-06-21 12:38:08,129][flwr][INFO] - 	       [   0, 1111,    2,    3,    0,    1,    6,    0,   12,    0],
[2024-06-21 12:38:08,129][flwr][INFO] - 	       [  10,    7,  898,   50,    9,    4,    7,   13,   33,    1],
[2024-06-21 12:38:08,129][flwr][INFO] - 	       [   2,    1,   11,  905,    1,   42,    2,   13,   22,   11],
[2024-06-21 12:38:08,129][flwr][INFO] - 	       [   1,    1,    5,    2,  901,    4,   12,    0,    7,   49],
[2024-06-21 12:38:08,129][flwr][INFO] - 	       [   6,    2,    0,   17,    2,  823,   12,    5,   16,    9],
[2024-06-21 12:38:08,129][flwr][INFO] - 	       [  15,    3,    1,    0,    8,   25,  902,    0,    4,    0],
[2024-06-21 12:38:08,129][flwr][INFO] - 	       [   4,   11,   25,   12,    9,    1,    0,  918,    0,   48],
[2024-06-21 12:38:08,129][flwr][INFO] - 	       [   5,    4,    4,   19,   11,   29,    6,    3,  873,   20],
[2024-06-21 12:38:08,129][flwr][INFO] - 	       [  10,    5,    0,    6,   26,   12,    1,    5,    5,  939]])),
[2024-06-21 12:38:08,129][flwr][INFO] - 	                      (10,
[2024-06-21 12:38:08,129][flwr][INFO] - 	                       array([[ 962,    0,    1,    0,    0,    3,    6,    0,    6,    2],
[2024-06-21 12:38:08,129][flwr][INFO] - 	       [   0, 1103,    4,    1,    0,    0,    5,    0,   22,    0],
[2024-06-21 12:38:08,129][flwr][INFO] - 	       [   9,    3,  938,   23,    7,    2,    4,   10,   35,    1],
[2024-06-21 12:38:08,129][flwr][INFO] - 	       [   1,    2,   11,  900,    2,   35,    0,   14,   40,    5],
[2024-06-21 12:38:08,129][flwr][INFO] - 	       [   2,    0,    5,    2,  910,    4,    7,    0,   10,   42],
[2024-06-21 12:38:08,129][flwr][INFO] - 	       [   7,    2,    3,   13,    6,  814,   12,    5,   26,    4],
[2024-06-21 12:38:08,129][flwr][INFO] - 	       [  20,    3,    4,    1,    9,   10,  898,    0,   12,    1],
[2024-06-21 12:38:08,129][flwr][INFO] - 	       [   2,    8,   26,    9,    6,    1,    0,  925,    3,   48],
[2024-06-21 12:38:08,129][flwr][INFO] - 	       [   3,    3,    4,   14,   11,    8,    3,    2,  919,    7],
[2024-06-21 12:38:08,129][flwr][INFO] - 	       [  10,    5,    0,    5,   32,    8,    1,    3,   20,  925]]))],
[2024-06-21 12:38:08,129][flwr][INFO] - 	 'f1': [(0, 0.03553137346181725),
[2024-06-21 12:38:08,129][flwr][INFO] - 	        (1, 0.635655378616176),
[2024-06-21 12:38:08,129][flwr][INFO] - 	        (2, 0.8570126202890553),
[2024-06-21 12:38:08,129][flwr][INFO] - 	        (3, 0.8810683503989752),
[2024-06-21 12:38:08,129][flwr][INFO] - 	        (4, 0.898125859601989),
[2024-06-21 12:38:08,129][flwr][INFO] - 	        (5, 0.89847141261708),
[2024-06-21 12:38:08,129][flwr][INFO] - 	        (6, 0.9095154528546953),
[2024-06-21 12:38:08,129][flwr][INFO] - 	        (7, 0.9155461726285538),
[2024-06-21 12:38:08,129][flwr][INFO] - 	        (8, 0.9122792253055367),
[2024-06-21 12:38:08,129][flwr][INFO] - 	        (9, 0.9232080432471088),
[2024-06-21 12:38:08,130][flwr][INFO] - 	        (10, 0.9295954865345022)],
[2024-06-21 12:38:08,130][flwr][INFO] - 	 'precision': [(0, 0.12349967530374152),
[2024-06-21 12:38:08,130][flwr][INFO] - 	               (1, 0.740783628718732),
[2024-06-21 12:38:08,130][flwr][INFO] - 	               (2, 0.8641492658640824),
[2024-06-21 12:38:08,130][flwr][INFO] - 	               (3, 0.8833186866112441),
[2024-06-21 12:38:08,130][flwr][INFO] - 	               (4, 0.8993199492672398),
[2024-06-21 12:38:08,130][flwr][INFO] - 	               (5, 0.9013488796712325),
[2024-06-21 12:38:08,130][flwr][INFO] - 	               (6, 0.9118976471208078),
[2024-06-21 12:38:08,130][flwr][INFO] - 	               (7, 0.9164924554009849),
[2024-06-21 12:38:08,130][flwr][INFO] - 	               (8, 0.9147569760255397),
[2024-06-21 12:38:08,130][flwr][INFO] - 	               (9, 0.9242056220951217),
[2024-06-21 12:38:08,130][flwr][INFO] - 	               (10, 0.9308609106931565)],
[2024-06-21 12:38:08,130][flwr][INFO] - 	 'recall': [(0, 0.1086),
[2024-06-21 12:38:08,130][flwr][INFO] - 	            (1, 0.6648),
[2024-06-21 12:38:08,130][flwr][INFO] - 	            (2, 0.859),
[2024-06-21 12:38:08,130][flwr][INFO] - 	            (3, 0.8811),
[2024-06-21 12:38:08,130][flwr][INFO] - 	            (4, 0.8985),
[2024-06-21 12:38:08,130][flwr][INFO] - 	            (5, 0.8986),
[2024-06-21 12:38:08,130][flwr][INFO] - 	            (6, 0.9091),
[2024-06-21 12:38:08,130][flwr][INFO] - 	            (7, 0.9159),
[2024-06-21 12:38:08,130][flwr][INFO] - 	            (8, 0.9125),
[2024-06-21 12:38:08,130][flwr][INFO] - 	            (9, 0.9232),
[2024-06-21 12:38:08,130][flwr][INFO] - 	            (10, 0.9294)]}
[2024-06-21 12:38:08,130][flwr][INFO] - 
