[2024-06-20 20:29:59,195][flwr][INFO] - Starting Flower simulation, config: num_rounds=10, no round_timeout
[2024-06-20 20:30:00,258][flwr][INFO] - Flower VCE: Ray initialized with resources: {'memory': 9338203341.0, 'node:127.0.0.1': 1.0, 'CPU': 12.0, 'node:__internal_head__': 1.0, 'object_store_memory': 2147483648.0}
[2024-06-20 20:30:00,258][flwr][INFO] - Optimize your simulation with Flower VCE: https://flower.ai/docs/framework/how-to-run-simulations.html
[2024-06-20 20:30:00,258][flwr][INFO] - Flower VCE: Resources for each Virtual Client: {'num_cpus': 2, 'num_gpus': 0}
[2024-06-20 20:30:00,264][flwr][INFO] - Flower VCE: Creating VirtualClientEngineActorPool with 6 actors
[2024-06-20 20:30:00,265][flwr][INFO] - [INIT]
[2024-06-20 20:30:00,265][flwr][INFO] - Requesting initial parameters from one random client
[2024-06-20 20:30:02,049][flwr][INFO] - Received initial parameters from one random client
[2024-06-20 20:30:02,049][flwr][INFO] - Evaluating initial global parameters
[2024-06-20 20:30:02,485][flwr][INFO] - initial parameters (loss, other metrics): 181.76928067207336, {'accuracy': 0.1086, 'precision': 0.12349967530374152, 'recall': 0.1086, 'f1': 0.03553137346181725, 'confusion_matrix': array([[   0,    8,    0,  956,    0,    1,    0,   15,    0,    0],
       [   0,  122,    0, 1013,    0,    0,    0,    0,    0,    0],
       [   0,   38,    0,  971,    0,    0,    3,   19,    1,    0],
       [   0,   44,    0,  945,    1,    1,    0,   17,    2,    0],
       [   0,  143,    0,  816,    1,    0,    2,   20,    0,    0],
       [   0,  118,    0,  735,    1,    7,    0,   30,    1,    0],
       [   0,  144,    0,  749,   25,    0,    2,   38,    0,    0],
       [   0,  272,    0,  724,    8,    0,    0,    9,   15,    0],
       [   0,   81,    0,  859,    1,    0,    1,   32,    0,    0],
       [   0,  178,    0,  799,    1,    0,    0,   31,    0,    0]])}
[2024-06-20 20:30:02,485][flwr][INFO] - 
[2024-06-20 20:30:02,485][flwr][INFO] - [ROUND 1]
[2024-06-20 20:30:02,486][flwr][INFO] - configure_fit: strategy sampled 10 clients (out of 100)
[2024-06-20 20:30:09,520][flwr][INFO] - aggregate_fit: received 10 results and 0 failures
[2024-06-20 20:30:09,528][flwr][WARNING] - No fit_metrics_aggregation_fn provided
[2024-06-20 20:30:09,964][flwr][INFO] - fit progress: (1, 98736.78186035156, {'accuracy': 0.0482, 'precision': 0.05416406465557584, 'recall': 0.0482, 'f1': 0.038813123249066925, 'confusion_matrix': array([[208, 450,  36,  51,  71,  53,  19,  79,   1,  12],
       [459,  33, 213, 168,   5,   0,   1, 255,   0,   1],
       [430, 392,  56,  78,  12,   6,   8,  41,   0,   9],
       [310, 252,  87,  65,  35,  14,  32, 141,   0,  74],
       [477, 323,   8,  54,   2,  10,  12,  96,   0,   0],
       [210, 229,  72, 189,  21,  28,  39,  56,   0,  48],
       [398, 278,  30,  78,  33,   9,   5, 110,   0,  17],
       [474, 322,  41,  53,  33,  13,   7,  85,   0,   0],
       [506, 225,  40,  68,   7,   1,  79,  39,   0,   9],
       [751, 127,  40,  28,  10,   2,  12,  39,   0,   0]])}, 7.47863625)
[2024-06-20 20:30:09,964][flwr][INFO] - configure_evaluate: no clients selected, skipping evaluation
[2024-06-20 20:30:09,964][flwr][INFO] - 
[2024-06-20 20:30:09,964][flwr][INFO] - [ROUND 2]
[2024-06-20 20:30:09,965][flwr][INFO] - configure_fit: strategy sampled 10 clients (out of 100)
[2024-06-20 20:30:15,116][flwr][INFO] - aggregate_fit: received 10 results and 0 failures
[2024-06-20 20:30:15,560][flwr][INFO] - fit progress: (2, 441612.5625, {'accuracy': 0.185, 'precision': 0.18712146904980254, 'recall': 0.185, 'f1': 0.131738286490529, 'confusion_matrix': array([[  2, 133,  62, 108,  27, 306,   2, 228,  81,  31],
       [  0, 609,  48,  17,   0,  65,   0, 384,   1,  11],
       [  5, 234, 153, 130,   1, 207,  10, 121,  33, 138],
       [ 13, 110,  42, 133,   0, 370,   1, 256,   6,  79],
       [  1, 613,   3,   1,  11, 128,   1, 171,   6,  47],
       [  4, 131,  27,  59,   5, 235,   3, 331,  26,  71],
       [  3, 318, 116,  20,   8, 236,  15, 106,  10, 126],
       [  0, 285,   3,   2,   1,  52,   0, 636,  13,  36],
       [  2, 180,  38,  55,   2, 294,   7, 332,  26,  38],
       [  2, 433,   3,   3,   7,  88,   2, 412,  29,  30]])}, 13.075157)
[2024-06-20 20:30:15,561][flwr][INFO] - configure_evaluate: no clients selected, skipping evaluation
[2024-06-20 20:30:15,561][flwr][INFO] - 
[2024-06-20 20:30:15,561][flwr][INFO] - [ROUND 3]
[2024-06-20 20:30:15,561][flwr][INFO] - configure_fit: strategy sampled 10 clients (out of 100)
[2024-06-20 20:30:20,791][flwr][INFO] - aggregate_fit: received 10 results and 0 failures
[2024-06-20 20:30:21,237][flwr][INFO] - fit progress: (3, 1908954.05859375, {'accuracy': 0.25, 'precision': 0.26395517274282837, 'recall': 0.25, 'f1': 0.2303278333497094, 'confusion_matrix': array([[ 89,  60, 311, 146, 100,  11,  40, 113,  71,  39],
       [ 14, 547, 447,  17,   1,   4,   2,  45,   8,  50],
       [ 29, 133, 621,  48,  13,  26,  14,  43,  40,  65],
       [ 71,  74, 275, 169,   2, 116,  37,  58,  37, 171],
       [ 39, 116, 348,  13, 188,  47,  27,  64,  23, 117],
       [ 15,  55, 386, 121,  13,  59,  38,  91,  29,  85],
       [  4,  88, 545,  30,  77,   7,  82,  56,   5,  64],
       [ 20, 183, 107,   1,  30,  16,   4, 482,  36, 149],
       [ 48,  47, 395,  41,  23,  91,  58,  61,  92, 118],
       [ 86,  71, 308,   9, 132,  52,  28,  94,  58, 171]])}, 18.752215)
[2024-06-20 20:30:21,238][flwr][INFO] - configure_evaluate: no clients selected, skipping evaluation
[2024-06-20 20:30:21,238][flwr][INFO] - 
[2024-06-20 20:30:21,238][flwr][INFO] - [ROUND 4]
[2024-06-20 20:30:21,238][flwr][INFO] - configure_fit: strategy sampled 10 clients (out of 100)
[2024-06-20 20:30:26,546][flwr][INFO] - aggregate_fit: received 10 results and 0 failures
[2024-06-20 20:30:26,995][flwr][INFO] - fit progress: (4, 9591413.8984375, {'accuracy': 0.2699, 'precision': 0.2841087982368475, 'recall': 0.2699, 'f1': 0.26303918868991216, 'confusion_matrix': array([[202,  27, 104, 152, 195,  10,  70,  98,  66,  56],
       [  4, 416, 323,  61,  12,   9,   1, 194,  12, 103],
       [ 41, 124, 367,  64,  62,  29,  59,  75,  77, 134],
       [ 64,  47, 116, 226,  10, 161,  46,  94,  45, 201],
       [ 36,  42,  88,  19, 387, 101,  73,  51,  21, 164],
       [ 30,  32, 183, 161,  46,  76,  34, 132,  49, 149],
       [ 17,  49, 330,  67, 226,   9, 160,  40,  11,  49],
       [ 25,  50,  39,   9, 101,  38,   9, 514,   9, 234],
       [ 63,  22, 171,  64, 172,  67,  26, 150, 104, 135],
       [ 50,  28, 107,  22, 242, 117,  56, 105,  35, 247]])}, 24.510094374999998)
[2024-06-20 20:30:26,995][flwr][INFO] - configure_evaluate: no clients selected, skipping evaluation
[2024-06-20 20:30:26,995][flwr][INFO] - 
[2024-06-20 20:30:26,995][flwr][INFO] - [ROUND 5]
[2024-06-20 20:30:26,996][flwr][INFO] - configure_fit: strategy sampled 10 clients (out of 100)
[2024-06-20 20:30:32,250][flwr][INFO] - aggregate_fit: received 10 results and 0 failures
[2024-06-20 20:30:32,707][flwr][INFO] - fit progress: (5, 61997083.125, {'accuracy': 0.2477, 'precision': 0.2975242701549429, 'recall': 0.2477, 'f1': 0.24786125466480116, 'confusion_matrix': array([[355,  23, 153, 135, 112,  44,  50,  46,  39,  23],
       [ 50, 424, 437,  65,   6,  52,   0,  19,  15,  67],
       [ 73,  65, 470, 107,  56, 111,  15,  45,  37,  53],
       [102,  39, 227, 163,   6, 294,  21,  69,  21,  68],
       [ 65,  52, 137,  41, 206, 363,  40,  21,  20,  37],
       [ 54,  25, 207, 162,  25, 243,  21,  76,  20,  59],
       [ 61,  24, 395,  91, 131, 111, 116,  18,   5,   6],
       [ 49,  35, 106,  23,  69, 265,   8, 340,  25, 108],
       [104,  21, 233,  63, 120, 241,  11,  67,  73,  41],
       [ 63,  20, 169,  31, 108, 434,  39,  39,  19,  87]])}, 30.222750792)
[2024-06-20 20:30:32,708][flwr][INFO] - configure_evaluate: no clients selected, skipping evaluation
[2024-06-20 20:30:32,708][flwr][INFO] - 
[2024-06-20 20:30:32,708][flwr][INFO] - [ROUND 6]
[2024-06-20 20:30:32,708][flwr][INFO] - configure_fit: strategy sampled 10 clients (out of 100)
[2024-06-20 20:30:38,043][flwr][INFO] - aggregate_fit: received 10 results and 0 failures
[2024-06-20 20:30:38,483][flwr][INFO] - fit progress: (6, 378415431.5, {'accuracy': 0.257, 'precision': 0.29049120000856044, 'recall': 0.257, 'f1': 0.24417867084019595, 'confusion_matrix': array([[418,   7, 139,  41,  93,  17, 104, 107,  13,  41],
       [ 75, 393, 444,  19,  13,   9,   1,  62,   4, 115],
       [ 81,  32, 547,  30,  62,  85,  42,  58,  32,  63],
       [107,  17, 245,  81,   9, 176,  58, 122,   8, 187],
       [ 68,  30, 185,  26, 213, 260,  74,  59,  16,  51],
       [ 78,   3, 218,  95,  37, 114,  42, 165,  13, 127],
       [ 63,  10, 445,  35, 162,  60, 129,  35,   1,  18],
       [ 25,  20, 112,   9,  73, 126,   9, 523,   8, 123],
       [115,   7, 278,  27, 113, 127,  25, 171,  31,  80],
       [ 62,   6, 207,  21, 135, 252,  58, 136,  11, 121]])}, 35.9991585)
[2024-06-20 20:30:38,484][flwr][INFO] - configure_evaluate: no clients selected, skipping evaluation
[2024-06-20 20:30:38,484][flwr][INFO] - 
[2024-06-20 20:30:38,484][flwr][INFO] - [ROUND 7]
[2024-06-20 20:30:38,484][flwr][INFO] - configure_fit: strategy sampled 10 clients (out of 100)
[2024-06-20 20:30:43,730][flwr][INFO] - aggregate_fit: received 10 results and 0 failures
[2024-06-20 20:30:44,175][flwr][INFO] - fit progress: (7, 2337733666.0, {'accuracy': 0.2437, 'precision': 0.2810053880068476, 'recall': 0.2437, 'f1': 0.2473738136908102, 'confusion_matrix': array([[140,   8,  50, 107, 276,  43, 110,  97,  29, 120],
       [ 41, 676, 137,  11,  42,  42,   0,  60,  22, 104],
       [ 65,  57, 359,  50, 121, 133,  73,  43,  36,  95],
       [ 86,  35, 108,  94,  11, 184,  36, 100,  13, 343],
       [ 56,  13,  28,  22, 222, 448,  62,  20,  26,  85],
       [ 51,   7,  54,  81,  61, 174,  28, 103,  18, 315],
       [ 64,  16, 228,  32, 160, 174, 199,  39,   7,  39],
       [ 60,  62,  40,   7, 112, 199,   7, 233,   4, 304],
       [116,   4,  78,  33, 148, 193,  35, 132,  48, 187],
       [ 93,   7,  26,  17, 157, 318,  36,  54,   9, 292]])}, 41.691352208)
[2024-06-20 20:30:44,176][flwr][INFO] - configure_evaluate: no clients selected, skipping evaluation
[2024-06-20 20:30:44,176][flwr][INFO] - 
[2024-06-20 20:30:44,176][flwr][INFO] - [ROUND 8]
[2024-06-20 20:30:44,176][flwr][INFO] - configure_fit: strategy sampled 10 clients (out of 100)
[2024-06-20 20:30:49,983][flwr][INFO] - aggregate_fit: received 10 results and 0 failures
[2024-06-20 20:30:50,433][flwr][INFO] - fit progress: (8, 16133583136.0, {'accuracy': 0.2322, 'precision': 0.2692145698369867, 'recall': 0.2322, 'f1': 0.2253185204209154, 'confusion_matrix': array([[ 55,   9,  48,  71, 322,  91,  78, 142,  41, 123],
       [  6, 742, 102,   5,  21,  80,   1,  51,  50,  77],
       [ 31,  79, 410,  27, 107, 186,  10,  29,  53, 100],
       [ 35,  38, 121,  61,  24, 280,  15,  57,  16, 363],
       [ 24,   9,  43,   7, 289, 444,  32,  18,  23,  93],
       [ 19,  11,  62,  40,  53, 257,  27,  55,  37, 331],
       [ 32,  14, 272,  21, 146, 312,  65,  49,   9,  38],
       [  5,  62,  46,   5, 151, 369,   0, 149,   6, 235],
       [ 66,  12, 110,  16, 190, 267,  17,  65,  67, 164],
       [ 25,   3,  58,   7, 198, 425,  23,  30,  13, 227]])}, 47.948769958)
[2024-06-20 20:30:50,433][flwr][INFO] - configure_evaluate: no clients selected, skipping evaluation
[2024-06-20 20:30:50,433][flwr][INFO] - 
[2024-06-20 20:30:50,433][flwr][INFO] - [ROUND 9]
[2024-06-20 20:30:50,434][flwr][INFO] - configure_fit: strategy sampled 10 clients (out of 100)
[2024-06-20 20:30:55,567][flwr][INFO] - aggregate_fit: received 10 results and 0 failures
[2024-06-20 20:30:56,017][flwr][INFO] - fit progress: (9, 101840433472.0, {'accuracy': 0.2455, 'precision': 0.24480096970969834, 'recall': 0.2455, 'f1': 0.21954246955561685, 'confusion_matrix': array([[  19,   33,   14,   92,  132,  148,  152,  199,   66,  125],
       [   1, 1013,    6,    2,    8,   10,    0,   10,   54,   31],
       [   8,  191,  269,   46,   60,  124,   48,   70,   83,  133],
       [  10,  108,   89,   62,    7,  232,   17,   76,   12,  397],
       [   9,   21,   41,   10,  200,  463,   48,   24,   39,  127],
       [   6,   37,   35,   46,   37,  220,   32,  126,   28,  325],
       [   8,   66,  164,   39,   72,  370,   90,   89,   21,   39],
       [   2,  192,   45,    3,   79,  259,    1,  182,   20,  245],
       [  15,   59,   72,   34,  155,  229,   30,  125,   61,  194],
       [   5,   22,   36,    5,  105,  402,   47,   31,   17,  339]])}, 53.532746833)
[2024-06-20 20:30:56,017][flwr][INFO] - configure_evaluate: no clients selected, skipping evaluation
[2024-06-20 20:30:56,017][flwr][INFO] - 
[2024-06-20 20:30:56,017][flwr][INFO] - [ROUND 10]
[2024-06-20 20:30:56,017][flwr][INFO] - configure_fit: strategy sampled 10 clients (out of 100)
[2024-06-20 20:31:01,311][flwr][INFO] - aggregate_fit: received 10 results and 0 failures
[2024-06-20 20:31:01,765][flwr][INFO] - fit progress: (10, 631099302400.0, {'accuracy': 0.2403, 'precision': 0.25619375657899657, 'recall': 0.2403, 'f1': 0.22666779340445864, 'confusion_matrix': array([[  6,  18,   5, 171,  76, 195,  81, 202,  61, 165],
       [  0, 858,  59,   0,   6,  13,   0,  30,  70,  99],
       [  8, 106, 386,  47,  25, 147,  12,  50, 114, 137],
       [  7,  83,  95,  64,   5, 270,   8,  97,  31, 350],
       [  3,   5,  25,  13, 157, 474,  42,  31,  70, 162],
       [  4,  14,  29,  38,  27, 278,  17, 121,  36, 328],
       [  3,  25, 110,  61,  50, 433,  51, 100,  48,  77],
       [  2,  76,  50,   3,  58, 346,   1, 189,  30, 273],
       [  9,  25,  68,  23,  81, 270,  22, 147,  83, 246],
       [  7,  13,  27,  13,  83, 443,  36,  32,  24, 331]])}, 59.281785875000004)
[2024-06-20 20:31:01,766][flwr][INFO] - configure_evaluate: no clients selected, skipping evaluation
[2024-06-20 20:31:01,766][flwr][INFO] - 
[2024-06-20 20:31:01,766][flwr][INFO] - [SUMMARY]
[2024-06-20 20:31:01,766][flwr][INFO] - Run finished 10 round(s) in 59.28s
[2024-06-20 20:31:01,771][flwr][INFO] - 	History (loss, centralized):
[2024-06-20 20:31:01,771][flwr][INFO] - 		round 0: 181.76928067207336
[2024-06-20 20:31:01,771][flwr][INFO] - 		round 1: 98736.78186035156
[2024-06-20 20:31:01,771][flwr][INFO] - 		round 2: 441612.5625
[2024-06-20 20:31:01,772][flwr][INFO] - 		round 3: 1908954.05859375
[2024-06-20 20:31:01,772][flwr][INFO] - 		round 4: 9591413.8984375
[2024-06-20 20:31:01,772][flwr][INFO] - 		round 5: 61997083.125
[2024-06-20 20:31:01,772][flwr][INFO] - 		round 6: 378415431.5
[2024-06-20 20:31:01,772][flwr][INFO] - 		round 7: 2337733666.0
[2024-06-20 20:31:01,772][flwr][INFO] - 		round 8: 16133583136.0
[2024-06-20 20:31:01,772][flwr][INFO] - 		round 9: 101840433472.0
[2024-06-20 20:31:01,772][flwr][INFO] - 		round 10: 631099302400.0
[2024-06-20 20:31:01,772][flwr][INFO] - 	History (metrics, centralized):
[2024-06-20 20:31:01,772][flwr][INFO] - 	{'accuracy': [(0, 0.1086),
[2024-06-20 20:31:01,772][flwr][INFO] - 	              (1, 0.0482),
[2024-06-20 20:31:01,772][flwr][INFO] - 	              (2, 0.185),
[2024-06-20 20:31:01,772][flwr][INFO] - 	              (3, 0.25),
[2024-06-20 20:31:01,772][flwr][INFO] - 	              (4, 0.2699),
[2024-06-20 20:31:01,772][flwr][INFO] - 	              (5, 0.2477),
[2024-06-20 20:31:01,772][flwr][INFO] - 	              (6, 0.257),
[2024-06-20 20:31:01,772][flwr][INFO] - 	              (7, 0.2437),
[2024-06-20 20:31:01,772][flwr][INFO] - 	              (8, 0.2322),
[2024-06-20 20:31:01,772][flwr][INFO] - 	              (9, 0.2455),
[2024-06-20 20:31:01,772][flwr][INFO] - 	              (10, 0.2403)],
[2024-06-20 20:31:01,772][flwr][INFO] - 	 'confusion_matrix': [(0,
[2024-06-20 20:31:01,772][flwr][INFO] - 	                       array([[   0,    8,    0,  956,    0,    1,    0,   15,    0,    0],
[2024-06-20 20:31:01,772][flwr][INFO] - 	       [   0,  122,    0, 1013,    0,    0,    0,    0,    0,    0],
[2024-06-20 20:31:01,772][flwr][INFO] - 	       [   0,   38,    0,  971,    0,    0,    3,   19,    1,    0],
[2024-06-20 20:31:01,772][flwr][INFO] - 	       [   0,   44,    0,  945,    1,    1,    0,   17,    2,    0],
[2024-06-20 20:31:01,772][flwr][INFO] - 	       [   0,  143,    0,  816,    1,    0,    2,   20,    0,    0],
[2024-06-20 20:31:01,772][flwr][INFO] - 	       [   0,  118,    0,  735,    1,    7,    0,   30,    1,    0],
[2024-06-20 20:31:01,772][flwr][INFO] - 	       [   0,  144,    0,  749,   25,    0,    2,   38,    0,    0],
[2024-06-20 20:31:01,772][flwr][INFO] - 	       [   0,  272,    0,  724,    8,    0,    0,    9,   15,    0],
[2024-06-20 20:31:01,772][flwr][INFO] - 	       [   0,   81,    0,  859,    1,    0,    1,   32,    0,    0],
[2024-06-20 20:31:01,772][flwr][INFO] - 	       [   0,  178,    0,  799,    1,    0,    0,   31,    0,    0]])),
[2024-06-20 20:31:01,772][flwr][INFO] - 	                      (1,
[2024-06-20 20:31:01,772][flwr][INFO] - 	                       array([[208, 450,  36,  51,  71,  53,  19,  79,   1,  12],
[2024-06-20 20:31:01,772][flwr][INFO] - 	       [459,  33, 213, 168,   5,   0,   1, 255,   0,   1],
[2024-06-20 20:31:01,772][flwr][INFO] - 	       [430, 392,  56,  78,  12,   6,   8,  41,   0,   9],
[2024-06-20 20:31:01,772][flwr][INFO] - 	       [310, 252,  87,  65,  35,  14,  32, 141,   0,  74],
[2024-06-20 20:31:01,772][flwr][INFO] - 	       [477, 323,   8,  54,   2,  10,  12,  96,   0,   0],
[2024-06-20 20:31:01,772][flwr][INFO] - 	       [210, 229,  72, 189,  21,  28,  39,  56,   0,  48],
[2024-06-20 20:31:01,772][flwr][INFO] - 	       [398, 278,  30,  78,  33,   9,   5, 110,   0,  17],
[2024-06-20 20:31:01,772][flwr][INFO] - 	       [474, 322,  41,  53,  33,  13,   7,  85,   0,   0],
[2024-06-20 20:31:01,773][flwr][INFO] - 	       [506, 225,  40,  68,   7,   1,  79,  39,   0,   9],
[2024-06-20 20:31:01,773][flwr][INFO] - 	       [751, 127,  40,  28,  10,   2,  12,  39,   0,   0]])),
[2024-06-20 20:31:01,773][flwr][INFO] - 	                      (2,
[2024-06-20 20:31:01,773][flwr][INFO] - 	                       array([[  2, 133,  62, 108,  27, 306,   2, 228,  81,  31],
[2024-06-20 20:31:01,773][flwr][INFO] - 	       [  0, 609,  48,  17,   0,  65,   0, 384,   1,  11],
[2024-06-20 20:31:01,773][flwr][INFO] - 	       [  5, 234, 153, 130,   1, 207,  10, 121,  33, 138],
[2024-06-20 20:31:01,773][flwr][INFO] - 	       [ 13, 110,  42, 133,   0, 370,   1, 256,   6,  79],
[2024-06-20 20:31:01,773][flwr][INFO] - 	       [  1, 613,   3,   1,  11, 128,   1, 171,   6,  47],
[2024-06-20 20:31:01,773][flwr][INFO] - 	       [  4, 131,  27,  59,   5, 235,   3, 331,  26,  71],
[2024-06-20 20:31:01,773][flwr][INFO] - 	       [  3, 318, 116,  20,   8, 236,  15, 106,  10, 126],
[2024-06-20 20:31:01,773][flwr][INFO] - 	       [  0, 285,   3,   2,   1,  52,   0, 636,  13,  36],
[2024-06-20 20:31:01,773][flwr][INFO] - 	       [  2, 180,  38,  55,   2, 294,   7, 332,  26,  38],
[2024-06-20 20:31:01,773][flwr][INFO] - 	       [  2, 433,   3,   3,   7,  88,   2, 412,  29,  30]])),
[2024-06-20 20:31:01,773][flwr][INFO] - 	                      (3,
[2024-06-20 20:31:01,773][flwr][INFO] - 	                       array([[ 89,  60, 311, 146, 100,  11,  40, 113,  71,  39],
[2024-06-20 20:31:01,773][flwr][INFO] - 	       [ 14, 547, 447,  17,   1,   4,   2,  45,   8,  50],
[2024-06-20 20:31:01,773][flwr][INFO] - 	       [ 29, 133, 621,  48,  13,  26,  14,  43,  40,  65],
[2024-06-20 20:31:01,773][flwr][INFO] - 	       [ 71,  74, 275, 169,   2, 116,  37,  58,  37, 171],
[2024-06-20 20:31:01,773][flwr][INFO] - 	       [ 39, 116, 348,  13, 188,  47,  27,  64,  23, 117],
[2024-06-20 20:31:01,773][flwr][INFO] - 	       [ 15,  55, 386, 121,  13,  59,  38,  91,  29,  85],
[2024-06-20 20:31:01,773][flwr][INFO] - 	       [  4,  88, 545,  30,  77,   7,  82,  56,   5,  64],
[2024-06-20 20:31:01,773][flwr][INFO] - 	       [ 20, 183, 107,   1,  30,  16,   4, 482,  36, 149],
[2024-06-20 20:31:01,773][flwr][INFO] - 	       [ 48,  47, 395,  41,  23,  91,  58,  61,  92, 118],
[2024-06-20 20:31:01,773][flwr][INFO] - 	       [ 86,  71, 308,   9, 132,  52,  28,  94,  58, 171]])),
[2024-06-20 20:31:01,773][flwr][INFO] - 	                      (4,
[2024-06-20 20:31:01,773][flwr][INFO] - 	                       array([[202,  27, 104, 152, 195,  10,  70,  98,  66,  56],
[2024-06-20 20:31:01,773][flwr][INFO] - 	       [  4, 416, 323,  61,  12,   9,   1, 194,  12, 103],
[2024-06-20 20:31:01,773][flwr][INFO] - 	       [ 41, 124, 367,  64,  62,  29,  59,  75,  77, 134],
[2024-06-20 20:31:01,773][flwr][INFO] - 	       [ 64,  47, 116, 226,  10, 161,  46,  94,  45, 201],
[2024-06-20 20:31:01,773][flwr][INFO] - 	       [ 36,  42,  88,  19, 387, 101,  73,  51,  21, 164],
[2024-06-20 20:31:01,773][flwr][INFO] - 	       [ 30,  32, 183, 161,  46,  76,  34, 132,  49, 149],
[2024-06-20 20:31:01,773][flwr][INFO] - 	       [ 17,  49, 330,  67, 226,   9, 160,  40,  11,  49],
[2024-06-20 20:31:01,773][flwr][INFO] - 	       [ 25,  50,  39,   9, 101,  38,   9, 514,   9, 234],
[2024-06-20 20:31:01,773][flwr][INFO] - 	       [ 63,  22, 171,  64, 172,  67,  26, 150, 104, 135],
[2024-06-20 20:31:01,773][flwr][INFO] - 	       [ 50,  28, 107,  22, 242, 117,  56, 105,  35, 247]])),
[2024-06-20 20:31:01,773][flwr][INFO] - 	                      (5,
[2024-06-20 20:31:01,773][flwr][INFO] - 	                       array([[355,  23, 153, 135, 112,  44,  50,  46,  39,  23],
[2024-06-20 20:31:01,773][flwr][INFO] - 	       [ 50, 424, 437,  65,   6,  52,   0,  19,  15,  67],
[2024-06-20 20:31:01,773][flwr][INFO] - 	       [ 73,  65, 470, 107,  56, 111,  15,  45,  37,  53],
[2024-06-20 20:31:01,773][flwr][INFO] - 	       [102,  39, 227, 163,   6, 294,  21,  69,  21,  68],
[2024-06-20 20:31:01,773][flwr][INFO] - 	       [ 65,  52, 137,  41, 206, 363,  40,  21,  20,  37],
[2024-06-20 20:31:01,773][flwr][INFO] - 	       [ 54,  25, 207, 162,  25, 243,  21,  76,  20,  59],
[2024-06-20 20:31:01,773][flwr][INFO] - 	       [ 61,  24, 395,  91, 131, 111, 116,  18,   5,   6],
[2024-06-20 20:31:01,774][flwr][INFO] - 	       [ 49,  35, 106,  23,  69, 265,   8, 340,  25, 108],
[2024-06-20 20:31:01,774][flwr][INFO] - 	       [104,  21, 233,  63, 120, 241,  11,  67,  73,  41],
[2024-06-20 20:31:01,774][flwr][INFO] - 	       [ 63,  20, 169,  31, 108, 434,  39,  39,  19,  87]])),
[2024-06-20 20:31:01,774][flwr][INFO] - 	                      (6,
[2024-06-20 20:31:01,774][flwr][INFO] - 	                       array([[418,   7, 139,  41,  93,  17, 104, 107,  13,  41],
[2024-06-20 20:31:01,774][flwr][INFO] - 	       [ 75, 393, 444,  19,  13,   9,   1,  62,   4, 115],
[2024-06-20 20:31:01,774][flwr][INFO] - 	       [ 81,  32, 547,  30,  62,  85,  42,  58,  32,  63],
[2024-06-20 20:31:01,774][flwr][INFO] - 	       [107,  17, 245,  81,   9, 176,  58, 122,   8, 187],
[2024-06-20 20:31:01,774][flwr][INFO] - 	       [ 68,  30, 185,  26, 213, 260,  74,  59,  16,  51],
[2024-06-20 20:31:01,774][flwr][INFO] - 	       [ 78,   3, 218,  95,  37, 114,  42, 165,  13, 127],
[2024-06-20 20:31:01,774][flwr][INFO] - 	       [ 63,  10, 445,  35, 162,  60, 129,  35,   1,  18],
[2024-06-20 20:31:01,774][flwr][INFO] - 	       [ 25,  20, 112,   9,  73, 126,   9, 523,   8, 123],
[2024-06-20 20:31:01,774][flwr][INFO] - 	       [115,   7, 278,  27, 113, 127,  25, 171,  31,  80],
[2024-06-20 20:31:01,774][flwr][INFO] - 	       [ 62,   6, 207,  21, 135, 252,  58, 136,  11, 121]])),
[2024-06-20 20:31:01,774][flwr][INFO] - 	                      (7,
[2024-06-20 20:31:01,774][flwr][INFO] - 	                       array([[140,   8,  50, 107, 276,  43, 110,  97,  29, 120],
[2024-06-20 20:31:01,774][flwr][INFO] - 	       [ 41, 676, 137,  11,  42,  42,   0,  60,  22, 104],
[2024-06-20 20:31:01,774][flwr][INFO] - 	       [ 65,  57, 359,  50, 121, 133,  73,  43,  36,  95],
[2024-06-20 20:31:01,774][flwr][INFO] - 	       [ 86,  35, 108,  94,  11, 184,  36, 100,  13, 343],
[2024-06-20 20:31:01,774][flwr][INFO] - 	       [ 56,  13,  28,  22, 222, 448,  62,  20,  26,  85],
[2024-06-20 20:31:01,774][flwr][INFO] - 	       [ 51,   7,  54,  81,  61, 174,  28, 103,  18, 315],
[2024-06-20 20:31:01,774][flwr][INFO] - 	       [ 64,  16, 228,  32, 160, 174, 199,  39,   7,  39],
[2024-06-20 20:31:01,774][flwr][INFO] - 	       [ 60,  62,  40,   7, 112, 199,   7, 233,   4, 304],
[2024-06-20 20:31:01,774][flwr][INFO] - 	       [116,   4,  78,  33, 148, 193,  35, 132,  48, 187],
[2024-06-20 20:31:01,774][flwr][INFO] - 	       [ 93,   7,  26,  17, 157, 318,  36,  54,   9, 292]])),
[2024-06-20 20:31:01,774][flwr][INFO] - 	                      (8,
[2024-06-20 20:31:01,774][flwr][INFO] - 	                       array([[ 55,   9,  48,  71, 322,  91,  78, 142,  41, 123],
[2024-06-20 20:31:01,774][flwr][INFO] - 	       [  6, 742, 102,   5,  21,  80,   1,  51,  50,  77],
[2024-06-20 20:31:01,774][flwr][INFO] - 	       [ 31,  79, 410,  27, 107, 186,  10,  29,  53, 100],
[2024-06-20 20:31:01,774][flwr][INFO] - 	       [ 35,  38, 121,  61,  24, 280,  15,  57,  16, 363],
[2024-06-20 20:31:01,774][flwr][INFO] - 	       [ 24,   9,  43,   7, 289, 444,  32,  18,  23,  93],
[2024-06-20 20:31:01,774][flwr][INFO] - 	       [ 19,  11,  62,  40,  53, 257,  27,  55,  37, 331],
[2024-06-20 20:31:01,774][flwr][INFO] - 	       [ 32,  14, 272,  21, 146, 312,  65,  49,   9,  38],
[2024-06-20 20:31:01,774][flwr][INFO] - 	       [  5,  62,  46,   5, 151, 369,   0, 149,   6, 235],
[2024-06-20 20:31:01,774][flwr][INFO] - 	       [ 66,  12, 110,  16, 190, 267,  17,  65,  67, 164],
[2024-06-20 20:31:01,774][flwr][INFO] - 	       [ 25,   3,  58,   7, 198, 425,  23,  30,  13, 227]])),
[2024-06-20 20:31:01,774][flwr][INFO] - 	                      (9,
[2024-06-20 20:31:01,774][flwr][INFO] - 	                       array([[  19,   33,   14,   92,  132,  148,  152,  199,   66,  125],
[2024-06-20 20:31:01,774][flwr][INFO] - 	       [   1, 1013,    6,    2,    8,   10,    0,   10,   54,   31],
[2024-06-20 20:31:01,774][flwr][INFO] - 	       [   8,  191,  269,   46,   60,  124,   48,   70,   83,  133],
[2024-06-20 20:31:01,774][flwr][INFO] - 	       [  10,  108,   89,   62,    7,  232,   17,   76,   12,  397],
[2024-06-20 20:31:01,774][flwr][INFO] - 	       [   9,   21,   41,   10,  200,  463,   48,   24,   39,  127],
[2024-06-20 20:31:01,774][flwr][INFO] - 	       [   6,   37,   35,   46,   37,  220,   32,  126,   28,  325],
[2024-06-20 20:31:01,775][flwr][INFO] - 	       [   8,   66,  164,   39,   72,  370,   90,   89,   21,   39],
[2024-06-20 20:31:01,775][flwr][INFO] - 	       [   2,  192,   45,    3,   79,  259,    1,  182,   20,  245],
[2024-06-20 20:31:01,775][flwr][INFO] - 	       [  15,   59,   72,   34,  155,  229,   30,  125,   61,  194],
[2024-06-20 20:31:01,775][flwr][INFO] - 	       [   5,   22,   36,    5,  105,  402,   47,   31,   17,  339]])),
[2024-06-20 20:31:01,775][flwr][INFO] - 	                      (10,
[2024-06-20 20:31:01,775][flwr][INFO] - 	                       array([[  6,  18,   5, 171,  76, 195,  81, 202,  61, 165],
[2024-06-20 20:31:01,775][flwr][INFO] - 	       [  0, 858,  59,   0,   6,  13,   0,  30,  70,  99],
[2024-06-20 20:31:01,775][flwr][INFO] - 	       [  8, 106, 386,  47,  25, 147,  12,  50, 114, 137],
[2024-06-20 20:31:01,775][flwr][INFO] - 	       [  7,  83,  95,  64,   5, 270,   8,  97,  31, 350],
[2024-06-20 20:31:01,775][flwr][INFO] - 	       [  3,   5,  25,  13, 157, 474,  42,  31,  70, 162],
[2024-06-20 20:31:01,775][flwr][INFO] - 	       [  4,  14,  29,  38,  27, 278,  17, 121,  36, 328],
[2024-06-20 20:31:01,775][flwr][INFO] - 	       [  3,  25, 110,  61,  50, 433,  51, 100,  48,  77],
[2024-06-20 20:31:01,775][flwr][INFO] - 	       [  2,  76,  50,   3,  58, 346,   1, 189,  30, 273],
[2024-06-20 20:31:01,775][flwr][INFO] - 	       [  9,  25,  68,  23,  81, 270,  22, 147,  83, 246],
[2024-06-20 20:31:01,775][flwr][INFO] - 	       [  7,  13,  27,  13,  83, 443,  36,  32,  24, 331]]))],
[2024-06-20 20:31:01,775][flwr][INFO] - 	 'f1': [(0, 0.03553137346181725),
[2024-06-20 20:31:01,775][flwr][INFO] - 	        (1, 0.038813123249066925),
[2024-06-20 20:31:01,775][flwr][INFO] - 	        (2, 0.131738286490529),
[2024-06-20 20:31:01,775][flwr][INFO] - 	        (3, 0.2303278333497094),
[2024-06-20 20:31:01,775][flwr][INFO] - 	        (4, 0.26303918868991216),
[2024-06-20 20:31:01,775][flwr][INFO] - 	        (5, 0.24786125466480116),
[2024-06-20 20:31:01,775][flwr][INFO] - 	        (6, 0.24417867084019595),
[2024-06-20 20:31:01,775][flwr][INFO] - 	        (7, 0.2473738136908102),
[2024-06-20 20:31:01,775][flwr][INFO] - 	        (8, 0.2253185204209154),
[2024-06-20 20:31:01,775][flwr][INFO] - 	        (9, 0.21954246955561685),
[2024-06-20 20:31:01,775][flwr][INFO] - 	        (10, 0.22666779340445864)],
[2024-06-20 20:31:01,775][flwr][INFO] - 	 'precision': [(0, 0.12349967530374152),
[2024-06-20 20:31:01,775][flwr][INFO] - 	               (1, 0.05416406465557584),
[2024-06-20 20:31:01,775][flwr][INFO] - 	               (2, 0.18712146904980254),
[2024-06-20 20:31:01,775][flwr][INFO] - 	               (3, 0.26395517274282837),
[2024-06-20 20:31:01,775][flwr][INFO] - 	               (4, 0.2841087982368475),
[2024-06-20 20:31:01,775][flwr][INFO] - 	               (5, 0.2975242701549429),
[2024-06-20 20:31:01,775][flwr][INFO] - 	               (6, 0.29049120000856044),
[2024-06-20 20:31:01,775][flwr][INFO] - 	               (7, 0.2810053880068476),
[2024-06-20 20:31:01,775][flwr][INFO] - 	               (8, 0.2692145698369867),
[2024-06-20 20:31:01,775][flwr][INFO] - 	               (9, 0.24480096970969834),
[2024-06-20 20:31:01,775][flwr][INFO] - 	               (10, 0.25619375657899657)],
[2024-06-20 20:31:01,775][flwr][INFO] - 	 'recall': [(0, 0.1086),
[2024-06-20 20:31:01,775][flwr][INFO] - 	            (1, 0.0482),
[2024-06-20 20:31:01,775][flwr][INFO] - 	            (2, 0.185),
[2024-06-20 20:31:01,775][flwr][INFO] - 	            (3, 0.25),
[2024-06-20 20:31:01,775][flwr][INFO] - 	            (4, 0.2699),
[2024-06-20 20:31:01,775][flwr][INFO] - 	            (5, 0.2477),
[2024-06-20 20:31:01,776][flwr][INFO] - 	            (6, 0.257),
[2024-06-20 20:31:01,776][flwr][INFO] - 	            (7, 0.2437),
[2024-06-20 20:31:01,776][flwr][INFO] - 	            (8, 0.2322),
[2024-06-20 20:31:01,776][flwr][INFO] - 	            (9, 0.2455),
[2024-06-20 20:31:01,776][flwr][INFO] - 	            (10, 0.2403)]}
[2024-06-20 20:31:01,776][flwr][INFO] - 
