[2024-06-20 19:05:19,745][flwr][INFO] - Starting Flower simulation, config: num_rounds=10, no round_timeout
[2024-06-20 19:05:21,818][flwr][INFO] - Flower VCE: Ray initialized with resources: {'memory': 9753601639.0, 'node:127.0.0.1': 1.0, 'node:__internal_head__': 1.0, 'object_store_memory': 2147483648.0, 'CPU': 12.0}
[2024-06-20 19:05:21,818][flwr][INFO] - Optimize your simulation with Flower VCE: https://flower.ai/docs/framework/how-to-run-simulations.html
[2024-06-20 19:05:21,818][flwr][INFO] - Flower VCE: Resources for each Virtual Client: {'num_cpus': 2, 'num_gpus': 0}
[2024-06-20 19:05:21,825][flwr][INFO] - Flower VCE: Creating VirtualClientEngineActorPool with 6 actors
[2024-06-20 19:05:21,825][flwr][INFO] - [INIT]
[2024-06-20 19:05:21,825][flwr][INFO] - Requesting initial parameters from one random client
[2024-06-20 19:05:23,746][flwr][INFO] - Received initial parameters from one random client
[2024-06-20 19:05:23,746][flwr][INFO] - Evaluating initial global parameters
[2024-06-20 19:05:24,177][flwr][INFO] - initial parameters (loss, other metrics): 181.76928067207336, {'accuracy': 0.1086, 'precision': 0.12349967530374152, 'recall': 0.1086, 'f1': 0.03553137346181725, 'confusion_matrix': array([[   0,    8,    0,  956,    0,    1,    0,   15,    0,    0],
       [   0,  122,    0, 1013,    0,    0,    0,    0,    0,    0],
       [   0,   38,    0,  971,    0,    0,    3,   19,    1,    0],
       [   0,   44,    0,  945,    1,    1,    0,   17,    2,    0],
       [   0,  143,    0,  816,    1,    0,    2,   20,    0,    0],
       [   0,  118,    0,  735,    1,    7,    0,   30,    1,    0],
       [   0,  144,    0,  749,   25,    0,    2,   38,    0,    0],
       [   0,  272,    0,  724,    8,    0,    0,    9,   15,    0],
       [   0,   81,    0,  859,    1,    0,    1,   32,    0,    0],
       [   0,  178,    0,  799,    1,    0,    0,   31,    0,    0]])}
[2024-06-20 19:05:24,177][flwr][INFO] - 
[2024-06-20 19:05:24,178][flwr][INFO] - [ROUND 1]
[2024-06-20 19:05:24,178][flwr][INFO] - configure_fit: strategy sampled 10 clients (out of 100)
[2024-06-20 19:05:31,249][flwr][INFO] - aggregate_fit: received 10 results and 0 failures
[2024-06-20 19:05:31,256][flwr][WARNING] - No fit_metrics_aggregation_fn provided
[2024-06-20 19:05:31,700][flwr][INFO] - fit progress: (1, 4637.311447143555, {'accuracy': 0.1102, 'precision': 0.19165054875742027, 'recall': 0.1102, 'f1': 0.049898917693316454, 'confusion_matrix': array([[  13,  648,  207,    5,   91,    0,    0,    8,    4,    4],
       [  36,    1, 1093,    0,    4,    0,    0,    0,    0,    1],
       [   7,   55,  924,    1,   45,    0,    0,    0,    0,    0],
       [  12,   72,  762,   73,   85,    0,    0,    0,    4,    2],
       [ 127,   79,  640,   26,   85,    0,    0,    3,   22,    0],
       [ 120,  107,  536,   20,   78,    0,    0,    0,    7,   24],
       [  51,  149,  732,    0,   20,    0,    1,    1,    4,    0],
       [  13,  402,  553,    2,   54,    0,    0,    1,    0,    3],
       [  46,   29,  795,   10,   88,    0,    0,    0,    3,    3],
       [  39,  110,  771,    8,   70,    0,    0,    2,    8,    1]])}, 7.522888750000001)
[2024-06-20 19:05:31,701][flwr][INFO] - configure_evaluate: no clients selected, skipping evaluation
[2024-06-20 19:05:31,701][flwr][INFO] - 
[2024-06-20 19:05:31,701][flwr][INFO] - [ROUND 2]
[2024-06-20 19:05:31,701][flwr][INFO] - configure_fit: strategy sampled 10 clients (out of 100)
[2024-06-20 19:05:37,010][flwr][INFO] - aggregate_fit: received 10 results and 0 failures
[2024-06-20 19:05:37,449][flwr][INFO] - fit progress: (2, 10356.70719909668, {'accuracy': 0.1761, 'precision': 0.17920558639532286, 'recall': 0.1761, 'f1': 0.1136285132771315, 'confusion_matrix': array([[ 85, 256,   4,  19,   1,   4,   5,   0, 583,  23],
       [  8, 817,  11, 113,  98,   1,   1,  18,  58,  10],
       [ 39, 440,  98, 126,  14,   8,   2,   8, 282,  15],
       [ 32, 488,  20,  90,  13,   2,   6,   1, 245, 113],
       [  6, 340,   4,  65,   6,   2,   0,   0, 502,  57],
       [ 21, 255,   7,  17,   3,   6,   5,   0, 534,  44],
       [ 18, 358,  59,  49,   2,   0,   3,   0, 461,   8],
       [ 17, 683,  88,  20,  22,   2,   0,   1, 190,   5],
       [ 24, 299,  12,  30,  10,   2,   0,   1, 553,  43],
       [ 14, 420,  11,  16,  14,   1,   0,   0, 431, 102]])}, 13.27174625)
[2024-06-20 19:05:37,449][flwr][INFO] - configure_evaluate: no clients selected, skipping evaluation
[2024-06-20 19:05:37,449][flwr][INFO] - 
[2024-06-20 19:05:37,449][flwr][INFO] - [ROUND 3]
[2024-06-20 19:05:37,450][flwr][INFO] - configure_fit: strategy sampled 10 clients (out of 100)
[2024-06-20 19:05:42,768][flwr][INFO] - aggregate_fit: received 10 results and 0 failures
[2024-06-20 19:05:43,241][flwr][INFO] - fit progress: (3, 11034.957168579102, {'accuracy': 0.3032, 'precision': 0.34518183322445567, 'recall': 0.3032, 'f1': 0.2867026232363811, 'confusion_matrix': array([[421,   2, 197,  59,  60,   7, 222,   1,  10,   1],
       [ 71, 255, 107,  32, 436,   9,  79,  63,  79,   4],
       [147,   6, 508,  49,  73,  79,  68,  63,  35,   4],
       [ 45,  21, 310, 229, 245,  30,  41,  65,  17,   7],
       [ 37,   2, 105,  16, 543,  42,   6,  73,  79,  79],
       [ 91,  12, 140, 141, 253,  68, 105,  31,  41,  10],
       [ 77,   1, 207,  29, 189,  17, 403,   3,  31,   1],
       [ 23,  23, 252,   2, 168,  43,   8, 458,  13,  38],
       [ 61,  38, 136, 118, 342,  50,  59,  96,  44,  30],
       [ 39,   4,  70,  31, 449, 101,   2, 172,  38, 103]])}, 19.064397792)
[2024-06-20 19:05:43,242][flwr][INFO] - configure_evaluate: no clients selected, skipping evaluation
[2024-06-20 19:05:43,242][flwr][INFO] - 
[2024-06-20 19:05:43,242][flwr][INFO] - [ROUND 4]
[2024-06-20 19:05:43,242][flwr][INFO] - configure_fit: strategy sampled 10 clients (out of 100)
[2024-06-20 19:05:49,667][flwr][INFO] - aggregate_fit: received 10 results and 0 failures
[2024-06-20 19:05:50,124][flwr][INFO] - fit progress: (4, 17335.428466796875, {'accuracy': 0.3683, 'precision': 0.379874732757895, 'recall': 0.3683, 'f1': 0.3258377166002673, 'confusion_matrix': array([[629,  28,  44,  23,   2,  13, 144,   1,  63,  33],
       [  5, 879,  33,   2,   5,   0,  15,   0,   8, 188],
       [175,  98, 313,  20,   4,  13,  84,   4,  19, 302],
       [113, 269, 122, 163,  22,   9,  47,  15,  51, 199],
       [ 22, 121,   7,   4, 219,  64,  70,   0,  28, 447],
       [127, 206,  41,  74,  24,  61, 171,  11, 101,  76],
       [ 69,  45,  60,  28,  27,   8, 643,   1,   8,  69],
       [ 81,  91,  17,   6,  26,  68,  29,  25,  39, 646],
       [ 97, 195,  47,  85,  59,  20,  87,   9, 170, 205],
       [ 32, 174,   5,  16,  96,  55,  24,   1,  25, 581]])}, 25.947191042000004)
[2024-06-20 19:05:50,124][flwr][INFO] - configure_evaluate: no clients selected, skipping evaluation
[2024-06-20 19:05:50,124][flwr][INFO] - 
[2024-06-20 19:05:50,124][flwr][INFO] - [ROUND 5]
[2024-06-20 19:05:50,125][flwr][INFO] - configure_fit: strategy sampled 10 clients (out of 100)
[2024-06-20 19:05:55,495][flwr][INFO] - aggregate_fit: received 10 results and 0 failures
[2024-06-20 19:05:55,938][flwr][INFO] - fit progress: (5, 27073.632110595703, {'accuracy': 0.3687, 'precision': 0.45496670508505466, 'recall': 0.3687, 'f1': 0.36145598952238517, 'confusion_matrix': array([[262,  21, 370,  12,   7,  49,  15,  15, 208,  21],
       [  9, 409, 404,   1,  19,   8,   8, 100,  54, 123],
       [ 18,  17, 823,   8,   8,  16,   4,  44,  59,  35],
       [ 53,  33, 440,  95,  14,  30,  15,  42, 132, 156],
       [ 18,  61, 117,   2, 427,  23,   3,  33,  98, 200],
       [ 49,  31, 211,  14,  41, 166,  42,  39, 245,  54],
       [ 77,  28, 322,   6,  71,  50, 310,  10,  62,  22],
       [ 25,  34, 170,   2,  47,   8,   8, 413,  67, 254],
       [ 59,  19, 236,  16,  65, 101,  10,  71, 289, 108],
       [ 19,  67, 125,   7, 147,  13,   4,  16, 118, 493]])}, 31.761619292000002)
[2024-06-20 19:05:55,939][flwr][INFO] - configure_evaluate: no clients selected, skipping evaluation
[2024-06-20 19:05:55,939][flwr][INFO] - 
[2024-06-20 19:05:55,939][flwr][INFO] - [ROUND 6]
[2024-06-20 19:05:55,939][flwr][INFO] - configure_fit: strategy sampled 10 clients (out of 100)
[2024-06-20 19:06:01,372][flwr][INFO] - aggregate_fit: received 10 results and 0 failures
[2024-06-20 19:06:01,819][flwr][INFO] - fit progress: (6, 39557.40476989746, {'accuracy': 0.4392, 'precision': 0.4862255354699284, 'recall': 0.4392, 'f1': 0.4461271553614377, 'confusion_matrix': array([[564,  23,  60,  33,  20,  85,  36,  30,  98,  31],
       [  2, 587, 140,  38,  25,   3,  14, 160, 124,  42],
       [ 78,  21, 530,  39,  21,  45,  21,  56, 135,  86],
       [ 74,  21, 150, 352,  26,  57,   9,  77,  99, 145],
       [  5,  22,  27,   7, 384,  20,   5,  43, 182, 287],
       [ 71,  14, 132,  27,  44, 227,  40,  53, 163, 121],
       [ 73,  41, 125,  15, 131,  56, 397,  17,  77,  26],
       [  2,  32,  47,  19,  61,  14,   3, 402,  86, 362],
       [ 45,   9,  67,  52,  60,  99,  19,  82, 320, 221],
       [  5,  38,  27,  11, 126,  31,   3,  29, 110, 629]])}, 37.643172166999996)
[2024-06-20 19:06:01,820][flwr][INFO] - configure_evaluate: no clients selected, skipping evaluation
[2024-06-20 19:06:01,820][flwr][INFO] - 
[2024-06-20 19:06:01,820][flwr][INFO] - [ROUND 7]
[2024-06-20 19:06:01,821][flwr][INFO] - configure_fit: strategy sampled 10 clients (out of 100)
[2024-06-20 19:06:07,490][flwr][INFO] - aggregate_fit: received 10 results and 0 failures
[2024-06-20 19:06:07,938][flwr][INFO] - fit progress: (7, 60520.82009887695, {'accuracy': 0.506, 'precision': 0.5243329542464084, 'recall': 0.506, 'f1': 0.503139334016584, 'confusion_matrix': array([[792,   8,  30,  37,   7,  19,  24,   5,  45,  13],
       [ 19, 772,  52, 185,   3,  10,   6,  39,  47,   2],
       [119,  17, 503, 117,  13,  76,  45,  14, 107,  21],
       [104,  19,  94, 581,   9,  38,  11,  38,  47,  69],
       [ 23,  38,  49,  55, 378,  26,  21,  40, 203, 149],
       [214,  26,  95,  99,  17, 181,  39,  35, 131,  55],
       [130,  17,  94,  34,  61,  27, 548,   5,  33,   9],
       [ 21,  42,  41, 174,  65,  33,   4, 455,  70, 123],
       [112,  21,  79, 166,  21,  59,  23,  49, 382,  62],
       [ 33,  56,  27,  70, 119,  41,   5,  50, 140, 468]])}, 43.762054125)
[2024-06-20 19:06:07,939][flwr][INFO] - configure_evaluate: no clients selected, skipping evaluation
[2024-06-20 19:06:07,939][flwr][INFO] - 
[2024-06-20 19:06:07,939][flwr][INFO] - [ROUND 8]
[2024-06-20 19:06:07,939][flwr][INFO] - configure_fit: strategy sampled 10 clients (out of 100)
[2024-06-20 19:06:13,334][flwr][INFO] - aggregate_fit: received 10 results and 0 failures
[2024-06-20 19:06:13,779][flwr][INFO] - fit progress: (8, 96943.67715454102, {'accuracy': 0.5553, 'precision': 0.5650547872601295, 'recall': 0.5553, 'f1': 0.5536262918487451, 'confusion_matrix': array([[613,   5,  39,  51,  33,  17, 145,  16,  39,  22],
       [  4, 885,  32,  70,   5,  23,  23,  34,  48,  11],
       [ 46,  19, 536,  91,  33,  22,  84,  46, 115,  40],
       [ 32,  10,  89, 539,  13,  47,  45,  53,  78, 104],
       [ 13,  37,  15,  10, 463,  12,  16,  35, 117, 264],
       [116,  17,  37,  74,  44, 220, 104,  64, 119,  97],
       [ 24,  18,  69,  21, 117,  21, 648,   6,  27,   7],
       [ 17,  30,   8,  95,  36,   9,   9, 611,  65, 148],
       [ 62,  14,  33,  70,  44,  48,  53,  56, 479, 115],
       [ 17,  24,  10,  34, 188,  16,  11,  58,  92, 559]])}, 49.602860917)
[2024-06-20 19:06:13,779][flwr][INFO] - configure_evaluate: no clients selected, skipping evaluation
[2024-06-20 19:06:13,779][flwr][INFO] - 
[2024-06-20 19:06:13,779][flwr][INFO] - [ROUND 9]
[2024-06-20 19:06:13,780][flwr][INFO] - configure_fit: strategy sampled 10 clients (out of 100)
[2024-06-20 19:06:19,625][flwr][INFO] - aggregate_fit: received 10 results and 0 failures
[2024-06-20 19:06:20,128][flwr][INFO] - fit progress: (9, 149837.4020690918, {'accuracy': 0.5829, 'precision': 0.5782794766800269, 'recall': 0.5829, 'f1': 0.5769864870175088, 'confusion_matrix': array([[620,   9,  29,  59,  20,  11, 153,  38,  28,  13],
       [  1, 997,  25,  15,   1,  36,   8,  24,  22,   6],
       [ 33,  74, 587,  49,  27,  25,  65,  61,  86,  25],
       [ 16,  28,  95, 466,   6, 152,  38,  90,  70,  49],
       [ 32,  50,  33,  12, 465,  11,  21,  34,  77, 247],
       [106,  35,  15,  44,  31, 357, 101,  53, 104,  46],
       [ 23,  20,  74,   5,  55,  30, 717,  14,  13,   7],
       [ 38,  54,  12,  38,  34,  12,   6, 679,  39, 116],
       [101,  33,  29,  51,  31,  58,  74, 106, 432,  59],
       [ 31,  60,  22,  39, 186,  25,   5,  61,  71, 509]])}, 55.952650917)
[2024-06-20 19:06:20,129][flwr][INFO] - configure_evaluate: no clients selected, skipping evaluation
[2024-06-20 19:06:20,129][flwr][INFO] - 
[2024-06-20 19:06:20,129][flwr][INFO] - [ROUND 10]
[2024-06-20 19:06:20,130][flwr][INFO] - configure_fit: strategy sampled 10 clients (out of 100)
[2024-06-20 19:06:25,785][flwr][INFO] - aggregate_fit: received 10 results and 0 failures
[2024-06-20 19:06:26,233][flwr][INFO] - fit progress: (10, 265842.42712402344, {'accuracy': 0.5822, 'precision': 0.5836165170006509, 'recall': 0.5822, 'f1': 0.578287150039235, 'confusion_matrix': array([[ 630,    9,   22,   90,   13,   38,  117,   23,   20,   18],
       [   0, 1043,    6,    8,    1,   58,    6,    1,    7,    5],
       [  28,   78,  579,   63,   15,   87,   46,   58,   50,   28],
       [   7,   25,   61,  471,    7,  257,   32,   49,   66,   35],
       [  28,   59,   44,    9,  514,   22,    7,   21,   43,  235],
       [  48,   29,   19,   42,   27,  484,   89,   40,   85,   29],
       [  44,   27,   99,    4,   46,   59,  636,   18,   14,   11],
       [  81,   80,   12,   74,   37,   31,    9,  580,   27,   97],
       [  83,   54,   26,   48,   22,  133,   73,   72,  373,   90],
       [  26,   68,   24,   29,  197,   46,    6,   48,   53,  512]])}, 62.05716829199999)
[2024-06-20 19:06:26,233][flwr][INFO] - configure_evaluate: no clients selected, skipping evaluation
[2024-06-20 19:06:26,234][flwr][INFO] - 
[2024-06-20 19:06:26,234][flwr][INFO] - [SUMMARY]
[2024-06-20 19:06:26,234][flwr][INFO] - Run finished 10 round(s) in 62.06s
[2024-06-20 19:06:26,238][flwr][INFO] - 	History (loss, centralized):
[2024-06-20 19:06:26,239][flwr][INFO] - 		round 0: 181.76928067207336
[2024-06-20 19:06:26,239][flwr][INFO] - 		round 1: 4637.311447143555
[2024-06-20 19:06:26,239][flwr][INFO] - 		round 2: 10356.70719909668
[2024-06-20 19:06:26,239][flwr][INFO] - 		round 3: 11034.957168579102
[2024-06-20 19:06:26,239][flwr][INFO] - 		round 4: 17335.428466796875
[2024-06-20 19:06:26,239][flwr][INFO] - 		round 5: 27073.632110595703
[2024-06-20 19:06:26,239][flwr][INFO] - 		round 6: 39557.40476989746
[2024-06-20 19:06:26,239][flwr][INFO] - 		round 7: 60520.82009887695
[2024-06-20 19:06:26,239][flwr][INFO] - 		round 8: 96943.67715454102
[2024-06-20 19:06:26,239][flwr][INFO] - 		round 9: 149837.4020690918
[2024-06-20 19:06:26,239][flwr][INFO] - 		round 10: 265842.42712402344
[2024-06-20 19:06:26,239][flwr][INFO] - 	History (metrics, centralized):
[2024-06-20 19:06:26,239][flwr][INFO] - 	{'accuracy': [(0, 0.1086),
[2024-06-20 19:06:26,239][flwr][INFO] - 	              (1, 0.1102),
[2024-06-20 19:06:26,239][flwr][INFO] - 	              (2, 0.1761),
[2024-06-20 19:06:26,239][flwr][INFO] - 	              (3, 0.3032),
[2024-06-20 19:06:26,239][flwr][INFO] - 	              (4, 0.3683),
[2024-06-20 19:06:26,239][flwr][INFO] - 	              (5, 0.3687),
[2024-06-20 19:06:26,239][flwr][INFO] - 	              (6, 0.4392),
[2024-06-20 19:06:26,239][flwr][INFO] - 	              (7, 0.506),
[2024-06-20 19:06:26,239][flwr][INFO] - 	              (8, 0.5553),
[2024-06-20 19:06:26,239][flwr][INFO] - 	              (9, 0.5829),
[2024-06-20 19:06:26,239][flwr][INFO] - 	              (10, 0.5822)],
[2024-06-20 19:06:26,239][flwr][INFO] - 	 'confusion_matrix': [(0,
[2024-06-20 19:06:26,240][flwr][INFO] - 	                       array([[   0,    8,    0,  956,    0,    1,    0,   15,    0,    0],
[2024-06-20 19:06:26,240][flwr][INFO] - 	       [   0,  122,    0, 1013,    0,    0,    0,    0,    0,    0],
[2024-06-20 19:06:26,240][flwr][INFO] - 	       [   0,   38,    0,  971,    0,    0,    3,   19,    1,    0],
[2024-06-20 19:06:26,240][flwr][INFO] - 	       [   0,   44,    0,  945,    1,    1,    0,   17,    2,    0],
[2024-06-20 19:06:26,240][flwr][INFO] - 	       [   0,  143,    0,  816,    1,    0,    2,   20,    0,    0],
[2024-06-20 19:06:26,240][flwr][INFO] - 	       [   0,  118,    0,  735,    1,    7,    0,   30,    1,    0],
[2024-06-20 19:06:26,240][flwr][INFO] - 	       [   0,  144,    0,  749,   25,    0,    2,   38,    0,    0],
[2024-06-20 19:06:26,240][flwr][INFO] - 	       [   0,  272,    0,  724,    8,    0,    0,    9,   15,    0],
[2024-06-20 19:06:26,240][flwr][INFO] - 	       [   0,   81,    0,  859,    1,    0,    1,   32,    0,    0],
[2024-06-20 19:06:26,240][flwr][INFO] - 	       [   0,  178,    0,  799,    1,    0,    0,   31,    0,    0]])),
[2024-06-20 19:06:26,240][flwr][INFO] - 	                      (1,
[2024-06-20 19:06:26,240][flwr][INFO] - 	                       array([[  13,  648,  207,    5,   91,    0,    0,    8,    4,    4],
[2024-06-20 19:06:26,240][flwr][INFO] - 	       [  36,    1, 1093,    0,    4,    0,    0,    0,    0,    1],
[2024-06-20 19:06:26,240][flwr][INFO] - 	       [   7,   55,  924,    1,   45,    0,    0,    0,    0,    0],
[2024-06-20 19:06:26,240][flwr][INFO] - 	       [  12,   72,  762,   73,   85,    0,    0,    0,    4,    2],
[2024-06-20 19:06:26,240][flwr][INFO] - 	       [ 127,   79,  640,   26,   85,    0,    0,    3,   22,    0],
[2024-06-20 19:06:26,240][flwr][INFO] - 	       [ 120,  107,  536,   20,   78,    0,    0,    0,    7,   24],
[2024-06-20 19:06:26,240][flwr][INFO] - 	       [  51,  149,  732,    0,   20,    0,    1,    1,    4,    0],
[2024-06-20 19:06:26,240][flwr][INFO] - 	       [  13,  402,  553,    2,   54,    0,    0,    1,    0,    3],
[2024-06-20 19:06:26,240][flwr][INFO] - 	       [  46,   29,  795,   10,   88,    0,    0,    0,    3,    3],
[2024-06-20 19:06:26,240][flwr][INFO] - 	       [  39,  110,  771,    8,   70,    0,    0,    2,    8,    1]])),
[2024-06-20 19:06:26,240][flwr][INFO] - 	                      (2,
[2024-06-20 19:06:26,240][flwr][INFO] - 	                       array([[ 85, 256,   4,  19,   1,   4,   5,   0, 583,  23],
[2024-06-20 19:06:26,240][flwr][INFO] - 	       [  8, 817,  11, 113,  98,   1,   1,  18,  58,  10],
[2024-06-20 19:06:26,240][flwr][INFO] - 	       [ 39, 440,  98, 126,  14,   8,   2,   8, 282,  15],
[2024-06-20 19:06:26,240][flwr][INFO] - 	       [ 32, 488,  20,  90,  13,   2,   6,   1, 245, 113],
[2024-06-20 19:06:26,240][flwr][INFO] - 	       [  6, 340,   4,  65,   6,   2,   0,   0, 502,  57],
[2024-06-20 19:06:26,240][flwr][INFO] - 	       [ 21, 255,   7,  17,   3,   6,   5,   0, 534,  44],
[2024-06-20 19:06:26,240][flwr][INFO] - 	       [ 18, 358,  59,  49,   2,   0,   3,   0, 461,   8],
[2024-06-20 19:06:26,240][flwr][INFO] - 	       [ 17, 683,  88,  20,  22,   2,   0,   1, 190,   5],
[2024-06-20 19:06:26,240][flwr][INFO] - 	       [ 24, 299,  12,  30,  10,   2,   0,   1, 553,  43],
[2024-06-20 19:06:26,240][flwr][INFO] - 	       [ 14, 420,  11,  16,  14,   1,   0,   0, 431, 102]])),
[2024-06-20 19:06:26,240][flwr][INFO] - 	                      (3,
[2024-06-20 19:06:26,240][flwr][INFO] - 	                       array([[421,   2, 197,  59,  60,   7, 222,   1,  10,   1],
[2024-06-20 19:06:26,240][flwr][INFO] - 	       [ 71, 255, 107,  32, 436,   9,  79,  63,  79,   4],
[2024-06-20 19:06:26,240][flwr][INFO] - 	       [147,   6, 508,  49,  73,  79,  68,  63,  35,   4],
[2024-06-20 19:06:26,240][flwr][INFO] - 	       [ 45,  21, 310, 229, 245,  30,  41,  65,  17,   7],
[2024-06-20 19:06:26,240][flwr][INFO] - 	       [ 37,   2, 105,  16, 543,  42,   6,  73,  79,  79],
[2024-06-20 19:06:26,240][flwr][INFO] - 	       [ 91,  12, 140, 141, 253,  68, 105,  31,  41,  10],
[2024-06-20 19:06:26,240][flwr][INFO] - 	       [ 77,   1, 207,  29, 189,  17, 403,   3,  31,   1],
[2024-06-20 19:06:26,241][flwr][INFO] - 	       [ 23,  23, 252,   2, 168,  43,   8, 458,  13,  38],
[2024-06-20 19:06:26,241][flwr][INFO] - 	       [ 61,  38, 136, 118, 342,  50,  59,  96,  44,  30],
[2024-06-20 19:06:26,241][flwr][INFO] - 	       [ 39,   4,  70,  31, 449, 101,   2, 172,  38, 103]])),
[2024-06-20 19:06:26,241][flwr][INFO] - 	                      (4,
[2024-06-20 19:06:26,241][flwr][INFO] - 	                       array([[629,  28,  44,  23,   2,  13, 144,   1,  63,  33],
[2024-06-20 19:06:26,241][flwr][INFO] - 	       [  5, 879,  33,   2,   5,   0,  15,   0,   8, 188],
[2024-06-20 19:06:26,241][flwr][INFO] - 	       [175,  98, 313,  20,   4,  13,  84,   4,  19, 302],
[2024-06-20 19:06:26,241][flwr][INFO] - 	       [113, 269, 122, 163,  22,   9,  47,  15,  51, 199],
[2024-06-20 19:06:26,241][flwr][INFO] - 	       [ 22, 121,   7,   4, 219,  64,  70,   0,  28, 447],
[2024-06-20 19:06:26,241][flwr][INFO] - 	       [127, 206,  41,  74,  24,  61, 171,  11, 101,  76],
[2024-06-20 19:06:26,241][flwr][INFO] - 	       [ 69,  45,  60,  28,  27,   8, 643,   1,   8,  69],
[2024-06-20 19:06:26,241][flwr][INFO] - 	       [ 81,  91,  17,   6,  26,  68,  29,  25,  39, 646],
[2024-06-20 19:06:26,241][flwr][INFO] - 	       [ 97, 195,  47,  85,  59,  20,  87,   9, 170, 205],
[2024-06-20 19:06:26,241][flwr][INFO] - 	       [ 32, 174,   5,  16,  96,  55,  24,   1,  25, 581]])),
[2024-06-20 19:06:26,241][flwr][INFO] - 	                      (5,
[2024-06-20 19:06:26,241][flwr][INFO] - 	                       array([[262,  21, 370,  12,   7,  49,  15,  15, 208,  21],
[2024-06-20 19:06:26,241][flwr][INFO] - 	       [  9, 409, 404,   1,  19,   8,   8, 100,  54, 123],
[2024-06-20 19:06:26,241][flwr][INFO] - 	       [ 18,  17, 823,   8,   8,  16,   4,  44,  59,  35],
[2024-06-20 19:06:26,241][flwr][INFO] - 	       [ 53,  33, 440,  95,  14,  30,  15,  42, 132, 156],
[2024-06-20 19:06:26,241][flwr][INFO] - 	       [ 18,  61, 117,   2, 427,  23,   3,  33,  98, 200],
[2024-06-20 19:06:26,241][flwr][INFO] - 	       [ 49,  31, 211,  14,  41, 166,  42,  39, 245,  54],
[2024-06-20 19:06:26,241][flwr][INFO] - 	       [ 77,  28, 322,   6,  71,  50, 310,  10,  62,  22],
[2024-06-20 19:06:26,241][flwr][INFO] - 	       [ 25,  34, 170,   2,  47,   8,   8, 413,  67, 254],
[2024-06-20 19:06:26,241][flwr][INFO] - 	       [ 59,  19, 236,  16,  65, 101,  10,  71, 289, 108],
[2024-06-20 19:06:26,241][flwr][INFO] - 	       [ 19,  67, 125,   7, 147,  13,   4,  16, 118, 493]])),
[2024-06-20 19:06:26,241][flwr][INFO] - 	                      (6,
[2024-06-20 19:06:26,241][flwr][INFO] - 	                       array([[564,  23,  60,  33,  20,  85,  36,  30,  98,  31],
[2024-06-20 19:06:26,241][flwr][INFO] - 	       [  2, 587, 140,  38,  25,   3,  14, 160, 124,  42],
[2024-06-20 19:06:26,241][flwr][INFO] - 	       [ 78,  21, 530,  39,  21,  45,  21,  56, 135,  86],
[2024-06-20 19:06:26,241][flwr][INFO] - 	       [ 74,  21, 150, 352,  26,  57,   9,  77,  99, 145],
[2024-06-20 19:06:26,241][flwr][INFO] - 	       [  5,  22,  27,   7, 384,  20,   5,  43, 182, 287],
[2024-06-20 19:06:26,241][flwr][INFO] - 	       [ 71,  14, 132,  27,  44, 227,  40,  53, 163, 121],
[2024-06-20 19:06:26,241][flwr][INFO] - 	       [ 73,  41, 125,  15, 131,  56, 397,  17,  77,  26],
[2024-06-20 19:06:26,241][flwr][INFO] - 	       [  2,  32,  47,  19,  61,  14,   3, 402,  86, 362],
[2024-06-20 19:06:26,241][flwr][INFO] - 	       [ 45,   9,  67,  52,  60,  99,  19,  82, 320, 221],
[2024-06-20 19:06:26,241][flwr][INFO] - 	       [  5,  38,  27,  11, 126,  31,   3,  29, 110, 629]])),
[2024-06-20 19:06:26,241][flwr][INFO] - 	                      (7,
[2024-06-20 19:06:26,241][flwr][INFO] - 	                       array([[792,   8,  30,  37,   7,  19,  24,   5,  45,  13],
[2024-06-20 19:06:26,241][flwr][INFO] - 	       [ 19, 772,  52, 185,   3,  10,   6,  39,  47,   2],
[2024-06-20 19:06:26,241][flwr][INFO] - 	       [119,  17, 503, 117,  13,  76,  45,  14, 107,  21],
[2024-06-20 19:06:26,241][flwr][INFO] - 	       [104,  19,  94, 581,   9,  38,  11,  38,  47,  69],
[2024-06-20 19:06:26,241][flwr][INFO] - 	       [ 23,  38,  49,  55, 378,  26,  21,  40, 203, 149],
[2024-06-20 19:06:26,241][flwr][INFO] - 	       [214,  26,  95,  99,  17, 181,  39,  35, 131,  55],
[2024-06-20 19:06:26,242][flwr][INFO] - 	       [130,  17,  94,  34,  61,  27, 548,   5,  33,   9],
[2024-06-20 19:06:26,242][flwr][INFO] - 	       [ 21,  42,  41, 174,  65,  33,   4, 455,  70, 123],
[2024-06-20 19:06:26,242][flwr][INFO] - 	       [112,  21,  79, 166,  21,  59,  23,  49, 382,  62],
[2024-06-20 19:06:26,242][flwr][INFO] - 	       [ 33,  56,  27,  70, 119,  41,   5,  50, 140, 468]])),
[2024-06-20 19:06:26,242][flwr][INFO] - 	                      (8,
[2024-06-20 19:06:26,242][flwr][INFO] - 	                       array([[613,   5,  39,  51,  33,  17, 145,  16,  39,  22],
[2024-06-20 19:06:26,242][flwr][INFO] - 	       [  4, 885,  32,  70,   5,  23,  23,  34,  48,  11],
[2024-06-20 19:06:26,242][flwr][INFO] - 	       [ 46,  19, 536,  91,  33,  22,  84,  46, 115,  40],
[2024-06-20 19:06:26,242][flwr][INFO] - 	       [ 32,  10,  89, 539,  13,  47,  45,  53,  78, 104],
[2024-06-20 19:06:26,242][flwr][INFO] - 	       [ 13,  37,  15,  10, 463,  12,  16,  35, 117, 264],
[2024-06-20 19:06:26,242][flwr][INFO] - 	       [116,  17,  37,  74,  44, 220, 104,  64, 119,  97],
[2024-06-20 19:06:26,242][flwr][INFO] - 	       [ 24,  18,  69,  21, 117,  21, 648,   6,  27,   7],
[2024-06-20 19:06:26,242][flwr][INFO] - 	       [ 17,  30,   8,  95,  36,   9,   9, 611,  65, 148],
[2024-06-20 19:06:26,242][flwr][INFO] - 	       [ 62,  14,  33,  70,  44,  48,  53,  56, 479, 115],
[2024-06-20 19:06:26,242][flwr][INFO] - 	       [ 17,  24,  10,  34, 188,  16,  11,  58,  92, 559]])),
[2024-06-20 19:06:26,242][flwr][INFO] - 	                      (9,
[2024-06-20 19:06:26,242][flwr][INFO] - 	                       array([[620,   9,  29,  59,  20,  11, 153,  38,  28,  13],
[2024-06-20 19:06:26,242][flwr][INFO] - 	       [  1, 997,  25,  15,   1,  36,   8,  24,  22,   6],
[2024-06-20 19:06:26,242][flwr][INFO] - 	       [ 33,  74, 587,  49,  27,  25,  65,  61,  86,  25],
[2024-06-20 19:06:26,242][flwr][INFO] - 	       [ 16,  28,  95, 466,   6, 152,  38,  90,  70,  49],
[2024-06-20 19:06:26,242][flwr][INFO] - 	       [ 32,  50,  33,  12, 465,  11,  21,  34,  77, 247],
[2024-06-20 19:06:26,242][flwr][INFO] - 	       [106,  35,  15,  44,  31, 357, 101,  53, 104,  46],
[2024-06-20 19:06:26,242][flwr][INFO] - 	       [ 23,  20,  74,   5,  55,  30, 717,  14,  13,   7],
[2024-06-20 19:06:26,242][flwr][INFO] - 	       [ 38,  54,  12,  38,  34,  12,   6, 679,  39, 116],
[2024-06-20 19:06:26,242][flwr][INFO] - 	       [101,  33,  29,  51,  31,  58,  74, 106, 432,  59],
[2024-06-20 19:06:26,242][flwr][INFO] - 	       [ 31,  60,  22,  39, 186,  25,   5,  61,  71, 509]])),
[2024-06-20 19:06:26,242][flwr][INFO] - 	                      (10,
[2024-06-20 19:06:26,242][flwr][INFO] - 	                       array([[ 630,    9,   22,   90,   13,   38,  117,   23,   20,   18],
[2024-06-20 19:06:26,242][flwr][INFO] - 	       [   0, 1043,    6,    8,    1,   58,    6,    1,    7,    5],
[2024-06-20 19:06:26,242][flwr][INFO] - 	       [  28,   78,  579,   63,   15,   87,   46,   58,   50,   28],
[2024-06-20 19:06:26,242][flwr][INFO] - 	       [   7,   25,   61,  471,    7,  257,   32,   49,   66,   35],
[2024-06-20 19:06:26,242][flwr][INFO] - 	       [  28,   59,   44,    9,  514,   22,    7,   21,   43,  235],
[2024-06-20 19:06:26,242][flwr][INFO] - 	       [  48,   29,   19,   42,   27,  484,   89,   40,   85,   29],
[2024-06-20 19:06:26,242][flwr][INFO] - 	       [  44,   27,   99,    4,   46,   59,  636,   18,   14,   11],
[2024-06-20 19:06:26,242][flwr][INFO] - 	       [  81,   80,   12,   74,   37,   31,    9,  580,   27,   97],
[2024-06-20 19:06:26,242][flwr][INFO] - 	       [  83,   54,   26,   48,   22,  133,   73,   72,  373,   90],
[2024-06-20 19:06:26,242][flwr][INFO] - 	       [  26,   68,   24,   29,  197,   46,    6,   48,   53,  512]]))],
[2024-06-20 19:06:26,242][flwr][INFO] - 	 'f1': [(0, 0.03553137346181725),
[2024-06-20 19:06:26,242][flwr][INFO] - 	        (1, 0.049898917693316454),
[2024-06-20 19:06:26,242][flwr][INFO] - 	        (2, 0.1136285132771315),
[2024-06-20 19:06:26,242][flwr][INFO] - 	        (3, 0.2867026232363811),
[2024-06-20 19:06:26,242][flwr][INFO] - 	        (4, 0.3258377166002673),
[2024-06-20 19:06:26,243][flwr][INFO] - 	        (5, 0.36145598952238517),
[2024-06-20 19:06:26,243][flwr][INFO] - 	        (6, 0.4461271553614377),
[2024-06-20 19:06:26,243][flwr][INFO] - 	        (7, 0.503139334016584),
[2024-06-20 19:06:26,243][flwr][INFO] - 	        (8, 0.5536262918487451),
[2024-06-20 19:06:26,243][flwr][INFO] - 	        (9, 0.5769864870175088),
[2024-06-20 19:06:26,243][flwr][INFO] - 	        (10, 0.578287150039235)],
[2024-06-20 19:06:26,243][flwr][INFO] - 	 'precision': [(0, 0.12349967530374152),
[2024-06-20 19:06:26,243][flwr][INFO] - 	               (1, 0.19165054875742027),
[2024-06-20 19:06:26,243][flwr][INFO] - 	               (2, 0.17920558639532286),
[2024-06-20 19:06:26,243][flwr][INFO] - 	               (3, 0.34518183322445567),
[2024-06-20 19:06:26,243][flwr][INFO] - 	               (4, 0.379874732757895),
[2024-06-20 19:06:26,243][flwr][INFO] - 	               (5, 0.45496670508505466),
[2024-06-20 19:06:26,243][flwr][INFO] - 	               (6, 0.4862255354699284),
[2024-06-20 19:06:26,243][flwr][INFO] - 	               (7, 0.5243329542464084),
[2024-06-20 19:06:26,243][flwr][INFO] - 	               (8, 0.5650547872601295),
[2024-06-20 19:06:26,243][flwr][INFO] - 	               (9, 0.5782794766800269),
[2024-06-20 19:06:26,243][flwr][INFO] - 	               (10, 0.5836165170006509)],
[2024-06-20 19:06:26,243][flwr][INFO] - 	 'recall': [(0, 0.1086),
[2024-06-20 19:06:26,243][flwr][INFO] - 	            (1, 0.1102),
[2024-06-20 19:06:26,243][flwr][INFO] - 	            (2, 0.1761),
[2024-06-20 19:06:26,243][flwr][INFO] - 	            (3, 0.3032),
[2024-06-20 19:06:26,243][flwr][INFO] - 	            (4, 0.3683),
[2024-06-20 19:06:26,243][flwr][INFO] - 	            (5, 0.3687),
[2024-06-20 19:06:26,243][flwr][INFO] - 	            (6, 0.4392),
[2024-06-20 19:06:26,243][flwr][INFO] - 	            (7, 0.506),
[2024-06-20 19:06:26,243][flwr][INFO] - 	            (8, 0.5553),
[2024-06-20 19:06:26,243][flwr][INFO] - 	            (9, 0.5829),
[2024-06-20 19:06:26,243][flwr][INFO] - 	            (10, 0.5822)]}
[2024-06-20 19:06:26,243][flwr][INFO] - 
