[2024-06-20 19:39:58,000][flwr][INFO] - Starting Flower simulation, config: num_rounds=10, no round_timeout
[2024-06-20 19:40:00,047][flwr][INFO] - Flower VCE: Ray initialized with resources: {'memory': 9239717479.0, 'node:127.0.0.1': 1.0, 'node:__internal_head__': 1.0, 'CPU': 12.0, 'object_store_memory': 2147483648.0}
[2024-06-20 19:40:00,047][flwr][INFO] - Optimize your simulation with Flower VCE: https://flower.ai/docs/framework/how-to-run-simulations.html
[2024-06-20 19:40:00,047][flwr][INFO] - Flower VCE: Resources for each Virtual Client: {'num_cpus': 2, 'num_gpus': 0}
[2024-06-20 19:40:00,054][flwr][INFO] - Flower VCE: Creating VirtualClientEngineActorPool with 6 actors
[2024-06-20 19:40:00,054][flwr][INFO] - [INIT]
[2024-06-20 19:40:00,054][flwr][INFO] - Requesting initial parameters from one random client
[2024-06-20 19:40:01,968][flwr][INFO] - Received initial parameters from one random client
[2024-06-20 19:40:01,968][flwr][INFO] - Evaluating initial global parameters
[2024-06-20 19:40:02,410][flwr][INFO] - initial parameters (loss, other metrics): 181.76928067207336, {'accuracy': 0.1086, 'precision': 0.12349967530374152, 'recall': 0.1086, 'f1': 0.03553137346181725, 'confusion_matrix': array([[   0,    8,    0,  956,    0,    1,    0,   15,    0,    0],
       [   0,  122,    0, 1013,    0,    0,    0,    0,    0,    0],
       [   0,   38,    0,  971,    0,    0,    3,   19,    1,    0],
       [   0,   44,    0,  945,    1,    1,    0,   17,    2,    0],
       [   0,  143,    0,  816,    1,    0,    2,   20,    0,    0],
       [   0,  118,    0,  735,    1,    7,    0,   30,    1,    0],
       [   0,  144,    0,  749,   25,    0,    2,   38,    0,    0],
       [   0,  272,    0,  724,    8,    0,    0,    9,   15,    0],
       [   0,   81,    0,  859,    1,    0,    1,   32,    0,    0],
       [   0,  178,    0,  799,    1,    0,    0,   31,    0,    0]])}
[2024-06-20 19:40:02,411][flwr][INFO] - 
[2024-06-20 19:40:02,411][flwr][INFO] - [ROUND 1]
[2024-06-20 19:40:02,411][flwr][INFO] - configure_fit: strategy sampled 10 clients (out of 100)
[2024-06-20 19:40:09,479][flwr][INFO] - aggregate_fit: received 10 results and 0 failures
[2024-06-20 19:40:09,491][flwr][WARNING] - No fit_metrics_aggregation_fn provided
[2024-06-20 19:40:09,930][flwr][INFO] - fit progress: (1, 100416.9228515625, {'accuracy': 0.0876, 'precision': 0.08813715916298497, 'recall': 0.0876, 'f1': 0.05860615167693858, 'confusion_matrix': array([[ 79, 176, 140,   5,  25,  77, 475,   0,   0,   3],
       [251, 144, 683,   1,  53,   1,   2,   0,   0,   0],
       [161, 283, 307,  30,  28,   4, 209,   1,   6,   3],
       [ 73, 113, 584,  16,  53,   4, 159,   0,   3,   5],
       [181, 340, 108, 127,   6,   7, 203,   1,   4,   5],
       [ 55, 130, 348,  50,  27,  26, 239,   0,   4,  13],
       [163, 218, 236,  11,  30,   3, 285,   0,   9,   3],
       [128, 235, 226, 176,  45,  10, 206,   0,   1,   1],
       [188, 116, 341,  55,  37,   1, 227,   0,   9,   0],
       [ 94, 332, 150,  95,   8,   2, 315,   1,   8,   4]])}, 7.51989925)
[2024-06-20 19:40:09,931][flwr][INFO] - configure_evaluate: no clients selected, skipping evaluation
[2024-06-20 19:40:09,931][flwr][INFO] - 
[2024-06-20 19:40:09,931][flwr][INFO] - [ROUND 2]
[2024-06-20 19:40:09,931][flwr][INFO] - configure_fit: strategy sampled 10 clients (out of 100)
[2024-06-20 19:40:15,126][flwr][INFO] - aggregate_fit: received 10 results and 0 failures
[2024-06-20 19:40:15,570][flwr][INFO] - fit progress: (2, 351780.8483886719, {'accuracy': 0.2899, 'precision': 0.2448935014229399, 'recall': 0.2899, 'f1': 0.2344669898638595, 'confusion_matrix': array([[512, 170,  35,  78,   3,  48,  46,  86,   0,   2],
       [ 38, 744,  93,  14,   0,   2,   8, 196,  27,  13],
       [ 84, 305, 104, 214,   7,  12, 195,  73,  10,  28],
       [ 55, 218,  34, 458,   3,  80,  38,  99,  19,   6],
       [339, 164,  69,  46,   1,  18,  33, 260,  37,  15],
       [ 83, 244,  45, 147,   1, 140,  23, 191,   4,  14],
       [198, 134,  52,  75,   9,  10, 261,  93,  10, 116],
       [102, 181,  45,   9,   0,  29,  10, 619,  17,  16],
       [149, 295,  56, 129,   0,  20,  81, 204,  32,   8],
       [208, 185,  55,  28,   4,  38,  45, 409,   9,  28]])}, 13.160184249999999)
[2024-06-20 19:40:15,571][flwr][INFO] - configure_evaluate: no clients selected, skipping evaluation
[2024-06-20 19:40:15,571][flwr][INFO] - 
[2024-06-20 19:40:15,571][flwr][INFO] - [ROUND 3]
[2024-06-20 19:40:15,571][flwr][INFO] - configure_fit: strategy sampled 10 clients (out of 100)
[2024-06-20 19:40:20,802][flwr][INFO] - aggregate_fit: received 10 results and 0 failures
[2024-06-20 19:40:21,253][flwr][INFO] - fit progress: (3, 1429010.923828125, {'accuracy': 0.3542, 'precision': 0.344290636873101, 'recall': 0.3542, 'f1': 0.3204849081950299, 'confusion_matrix': array([[405,  72,  38,  66,  14,  70, 118, 194,   2,   1],
       [ 22, 841,  59,  20,  16,   8,   0, 101,  56,  12],
       [ 28, 159, 128, 123,  46,  26, 310, 120,  46,  46],
       [ 31, 139,   5, 403,  14, 119,  57, 180,  49,  13],
       [ 90,  55,  31,  41,  27,  37, 103, 374, 119, 105],
       [ 34, 102,   8, 156,   9, 170,  41, 288,  45,  39],
       [ 50,  42,  31,  35, 106,  21, 373, 140,  20, 140],
       [ 23,  41,  12,  10,  10,  25,   9, 824,  32,  42],
       [ 37, 116,  17, 131,  10,  27, 100, 292, 195,  49],
       [ 46,  45,  16,  28,  21,  31,  83, 496,  67, 176]])}, 18.843047417)
[2024-06-20 19:40:21,254][flwr][INFO] - configure_evaluate: no clients selected, skipping evaluation
[2024-06-20 19:40:21,254][flwr][INFO] - 
[2024-06-20 19:40:21,254][flwr][INFO] - [ROUND 4]
[2024-06-20 19:40:21,254][flwr][INFO] - configure_fit: strategy sampled 10 clients (out of 100)
[2024-06-20 19:40:26,542][flwr][INFO] - aggregate_fit: received 10 results and 0 failures
[2024-06-20 19:40:27,004][flwr][INFO] - fit progress: (4, 6381524.76953125, {'accuracy': 0.3999, 'precision': 0.3922898521509017, 'recall': 0.3999, 'f1': 0.3819730990748358, 'confusion_matrix': array([[458,  53, 128, 114,  23,  99,  48,  41,   8,   8],
       [  0, 950,  77,  15,  34,   6,   1,   5,  36,  11],
       [ 23, 131, 471, 112,  40,  36, 105,  19,  39,  56],
       [ 44, 166,  27, 417,  26, 181,  22,  39,  48,  40],
       [ 88, 113, 163,  43,  91,  29,  31,  52, 111, 261],
       [ 40, 185,  50, 158,  32, 247,   8,  74,  45,  53],
       [ 72,  88,  72,  50, 130,  19, 253,  42,  25, 207],
       [ 27, 137,  95,  34,  22,  51,   7, 418,  38, 199],
       [ 38, 166,  82, 186,  18,  50,  56,  45, 242,  91],
       [ 62,  97,  93,  42,  60,  37,  43,  60,  63, 452]])}, 24.594353208999998)
[2024-06-20 19:40:27,005][flwr][INFO] - configure_evaluate: no clients selected, skipping evaluation
[2024-06-20 19:40:27,005][flwr][INFO] - 
[2024-06-20 19:40:27,005][flwr][INFO] - [ROUND 5]
[2024-06-20 19:40:27,005][flwr][INFO] - configure_fit: strategy sampled 10 clients (out of 100)
[2024-06-20 19:40:32,298][flwr][INFO] - aggregate_fit: received 10 results and 0 failures
[2024-06-20 19:40:32,749][flwr][INFO] - fit progress: (5, 33100590.265625, {'accuracy': 0.4283, 'precision': 0.42577047173551774, 'recall': 0.4283, 'f1': 0.4173380025341554, 'confusion_matrix': array([[444,  42,  97, 151,  25, 105,  68,  35,  10,   3],
       [  1, 920,  68,  29,  55,  13,   1,   8,  32,   8],
       [ 16,  77, 488, 138,  36,  62, 111,  28,  31,  45],
       [ 30, 108,  23, 445,  21, 248,  22,  38,  45,  30],
       [ 72,  78, 121,  66, 124,  38,  48,  90,  85, 260],
       [ 31, 123,  31, 169,  35, 314,  17,  88,  42,  42],
       [ 48,  62,  66,  77, 124,  27, 315,  45,  22, 172],
       [ 23,  84,  68,  44,  29,  62,  10, 531,  31, 146],
       [ 19, 113,  62, 244,  23,  90,  40,  52, 263,  68],
       [ 50,  71,  60,  65,  73,  48,  56,  92,  55, 439]])}, 30.338955500000004)
[2024-06-20 19:40:32,749][flwr][INFO] - configure_evaluate: no clients selected, skipping evaluation
[2024-06-20 19:40:32,749][flwr][INFO] - 
[2024-06-20 19:40:32,749][flwr][INFO] - [ROUND 6]
[2024-06-20 19:40:32,750][flwr][INFO] - configure_fit: strategy sampled 10 clients (out of 100)
[2024-06-20 19:40:38,089][flwr][INFO] - aggregate_fit: received 10 results and 0 failures
[2024-06-20 19:40:38,543][flwr][INFO] - fit progress: (6, 181926679.875, {'accuracy': 0.4401, 'precision': 0.438963052412225, 'recall': 0.4401, 'f1': 0.43133638280099384, 'confusion_matrix': array([[470,  29, 106, 152,  21,  88,  62,  42,   8,   2],
       [  5, 888,  62,  31,  81,  16,   0,  11,  32,   9],
       [ 15,  62, 523, 133,  35,  58,  94,  36,  35,  41],
       [ 36,  86,  27, 443,  22, 251,  20,  51,  45,  29],
       [ 68,  51, 137,  64, 156,  39,  39, 108,  81, 239],
       [ 33,  84,  36, 187,  34, 306,  21, 105,  45,  41],
       [ 52,  51,  74,  91, 103,  22, 317,  56,  29, 163],
       [ 23,  59,  66,  40,  31,  53,   9, 603,  24, 120],
       [ 21,  90,  73, 239,  24,  81,  36,  72, 272,  66],
       [ 54,  45,  66,  62,  95,  42,  45, 128,  49, 423]])}, 36.133464542)
[2024-06-20 19:40:38,543][flwr][INFO] - configure_evaluate: no clients selected, skipping evaluation
[2024-06-20 19:40:38,543][flwr][INFO] - 
[2024-06-20 19:40:38,543][flwr][INFO] - [ROUND 7]
[2024-06-20 19:40:38,544][flwr][INFO] - configure_fit: strategy sampled 10 clients (out of 100)
[2024-06-20 19:40:43,975][flwr][INFO] - aggregate_fit: received 10 results and 0 failures
[2024-06-20 19:40:44,425][flwr][INFO] - fit progress: (7, 1038578176.0, {'accuracy': 0.4457, 'precision': 0.4387344728713212, 'recall': 0.4457, 'f1': 0.4341763524183061, 'confusion_matrix': array([[520,  26,  96, 130,  20,  79,  61,  39,   8,   1],
       [  8, 920,  57,  25,  61,  16,   0,   9,  30,   9],
       [ 18,  66, 538, 116,  40,  56,  95,  36,  31,  36],
       [ 43,  89,  32, 437,  18, 246,  21,  53,  44,  27],
       [ 85,  51, 145,  65, 155,  40,  36, 109,  77, 219],
       [ 48,  82,  38, 176,  31, 313,  19, 103,  45,  37],
       [ 64,  54,  83,  86, 108,  26, 313,  59,  27, 138],
       [ 28,  65,  67,  46,  30,  48,  10, 605,  26, 103],
       [ 29, 100,  79, 230,  22,  79,  42,  70, 267,  56],
       [ 65,  44,  80,  60,  91,  45,  50, 136,  49, 389]])}, 42.015631375)
[2024-06-20 19:40:44,425][flwr][INFO] - configure_evaluate: no clients selected, skipping evaluation
[2024-06-20 19:40:44,425][flwr][INFO] - 
[2024-06-20 19:40:44,425][flwr][INFO] - [ROUND 8]
[2024-06-20 19:40:44,426][flwr][INFO] - configure_fit: strategy sampled 10 clients (out of 100)
[2024-06-20 19:40:50,075][flwr][INFO] - aggregate_fit: received 10 results and 0 failures
[2024-06-20 19:40:50,526][flwr][INFO] - fit progress: (8, 5960107952.0, {'accuracy': 0.4533, 'precision': 0.44622836279168515, 'recall': 0.4533, 'f1': 0.44278117979773185, 'confusion_matrix': array([[515,  25,  98, 130,  21,  79,  70,  33,   8,   1],
       [  8, 928,  54,  25,  57,  16,   0,   8,  31,   8],
       [ 17,  63, 538, 117,  36,  56, 104,  32,  36,  33],
       [ 42,  91,  31, 431,  20, 252,  25,  46,  46,  26],
       [ 78,  57, 143,  65, 162,  37,  43, 104,  74, 219],
       [ 42,  85,  37, 168,  33, 325,  20,  98,  47,  37],
       [ 59,  52,  77,  75, 104,  25, 353,  56,  27, 130],
       [ 28,  67,  67,  46,  30,  49,  10, 603,  27, 101],
       [ 27,  98,  71, 220,  22,  78,  50,  69, 282,  57],
       [ 63,  47,  74,  55,  96,  40,  57, 134,  47, 396]])}, 48.117098375000005)
[2024-06-20 19:40:50,527][flwr][INFO] - configure_evaluate: no clients selected, skipping evaluation
[2024-06-20 19:40:50,527][flwr][INFO] - 
[2024-06-20 19:40:50,527][flwr][INFO] - [ROUND 9]
[2024-06-20 19:40:50,527][flwr][INFO] - configure_fit: strategy sampled 10 clients (out of 100)
[2024-06-20 19:40:55,804][flwr][INFO] - aggregate_fit: received 10 results and 0 failures
[2024-06-20 19:40:56,254][flwr][INFO] - fit progress: (9, 34376560992.0, {'accuracy': 0.454, 'precision': 0.44767486891112984, 'recall': 0.454, 'f1': 0.444608178892621, 'confusion_matrix': array([[516,  27,  94, 131,  21,  78,  70,  32,  10,   1],
       [  7, 916,  57,  27,  65,  16,   0,   9,  30,   8],
       [ 17,  58, 539, 115,  37,  55, 107,  32,  39,  33],
       [ 40,  90,  32, 434,  21, 251,  26,  44,  46,  26],
       [ 76,  51, 148,  68, 167,  37,  48,  99,  79, 209],
       [ 39,  82,  37, 171,  35, 326,  23,  93,  49,  37],
       [ 59,  51,  74,  76, 102,  25, 360,  55,  29, 127],
       [ 27,  67,  68,  47,  30,  49,  12, 598,  28, 102],
       [ 27,  96,  77, 220,  22,  77,  49,  63, 289,  54],
       [ 61,  45,  77,  59,  98,  40,  61, 123,  50, 395]])}, 53.844805625)
[2024-06-20 19:40:56,254][flwr][INFO] - configure_evaluate: no clients selected, skipping evaluation
[2024-06-20 19:40:56,254][flwr][INFO] - 
[2024-06-20 19:40:56,254][flwr][INFO] - [ROUND 10]
[2024-06-20 19:40:56,254][flwr][INFO] - configure_fit: strategy sampled 10 clients (out of 100)
[2024-06-20 19:41:01,490][flwr][INFO] - aggregate_fit: received 10 results and 0 failures
[2024-06-20 19:41:01,941][flwr][INFO] - fit progress: (10, 199213669248.0, {'accuracy': 0.4558, 'precision': 0.4485519164819621, 'recall': 0.4558, 'f1': 0.4461574857965231, 'confusion_matrix': array([[521,  25,  95, 127,  21,  79,  69,  32,  10,   1],
       [  8, 919,  56,  26,  62,  16,   0,  10,  30,   8],
       [ 17,  59, 538, 113,  36,  54, 111,  32,  40,  32],
       [ 42,  89,  31, 425,  21, 258,  26,  45,  46,  27],
       [ 77,  50, 148,  65, 167,  37,  52, 103,  77, 206],
       [ 42,  81,  36, 165,  34, 330,  24,  94,  49,  37],
       [ 60,  51,  74,  69, 102,  25, 372,  55,  28, 122],
       [ 27,  65,  68,  43,  31,  50,  12, 603,  28, 101],
       [ 27,  97,  77, 214,  22,  81,  50,  64, 288,  54],
       [ 61,  46,  75,  56,  98,  40,  63, 126,  49, 395]])}, 59.532006334)
[2024-06-20 19:41:01,941][flwr][INFO] - configure_evaluate: no clients selected, skipping evaluation
[2024-06-20 19:41:01,942][flwr][INFO] - 
[2024-06-20 19:41:01,942][flwr][INFO] - [SUMMARY]
[2024-06-20 19:41:01,942][flwr][INFO] - Run finished 10 round(s) in 59.53s
[2024-06-20 19:41:01,946][flwr][INFO] - 	History (loss, centralized):
[2024-06-20 19:41:01,947][flwr][INFO] - 		round 0: 181.76928067207336
[2024-06-20 19:41:01,947][flwr][INFO] - 		round 1: 100416.9228515625
[2024-06-20 19:41:01,947][flwr][INFO] - 		round 2: 351780.8483886719
[2024-06-20 19:41:01,947][flwr][INFO] - 		round 3: 1429010.923828125
[2024-06-20 19:41:01,947][flwr][INFO] - 		round 4: 6381524.76953125
[2024-06-20 19:41:01,947][flwr][INFO] - 		round 5: 33100590.265625
[2024-06-20 19:41:01,947][flwr][INFO] - 		round 6: 181926679.875
[2024-06-20 19:41:01,947][flwr][INFO] - 		round 7: 1038578176.0
[2024-06-20 19:41:01,947][flwr][INFO] - 		round 8: 5960107952.0
[2024-06-20 19:41:01,947][flwr][INFO] - 		round 9: 34376560992.0
[2024-06-20 19:41:01,947][flwr][INFO] - 		round 10: 199213669248.0
[2024-06-20 19:41:01,947][flwr][INFO] - 	History (metrics, centralized):
[2024-06-20 19:41:01,947][flwr][INFO] - 	{'accuracy': [(0, 0.1086),
[2024-06-20 19:41:01,947][flwr][INFO] - 	              (1, 0.0876),
[2024-06-20 19:41:01,947][flwr][INFO] - 	              (2, 0.2899),
[2024-06-20 19:41:01,947][flwr][INFO] - 	              (3, 0.3542),
[2024-06-20 19:41:01,947][flwr][INFO] - 	              (4, 0.3999),
[2024-06-20 19:41:01,947][flwr][INFO] - 	              (5, 0.4283),
[2024-06-20 19:41:01,947][flwr][INFO] - 	              (6, 0.4401),
[2024-06-20 19:41:01,947][flwr][INFO] - 	              (7, 0.4457),
[2024-06-20 19:41:01,947][flwr][INFO] - 	              (8, 0.4533),
[2024-06-20 19:41:01,947][flwr][INFO] - 	              (9, 0.454),
[2024-06-20 19:41:01,947][flwr][INFO] - 	              (10, 0.4558)],
[2024-06-20 19:41:01,947][flwr][INFO] - 	 'confusion_matrix': [(0,
[2024-06-20 19:41:01,947][flwr][INFO] - 	                       array([[   0,    8,    0,  956,    0,    1,    0,   15,    0,    0],
[2024-06-20 19:41:01,947][flwr][INFO] - 	       [   0,  122,    0, 1013,    0,    0,    0,    0,    0,    0],
[2024-06-20 19:41:01,947][flwr][INFO] - 	       [   0,   38,    0,  971,    0,    0,    3,   19,    1,    0],
[2024-06-20 19:41:01,947][flwr][INFO] - 	       [   0,   44,    0,  945,    1,    1,    0,   17,    2,    0],
[2024-06-20 19:41:01,947][flwr][INFO] - 	       [   0,  143,    0,  816,    1,    0,    2,   20,    0,    0],
[2024-06-20 19:41:01,947][flwr][INFO] - 	       [   0,  118,    0,  735,    1,    7,    0,   30,    1,    0],
[2024-06-20 19:41:01,947][flwr][INFO] - 	       [   0,  144,    0,  749,   25,    0,    2,   38,    0,    0],
[2024-06-20 19:41:01,947][flwr][INFO] - 	       [   0,  272,    0,  724,    8,    0,    0,    9,   15,    0],
[2024-06-20 19:41:01,947][flwr][INFO] - 	       [   0,   81,    0,  859,    1,    0,    1,   32,    0,    0],
[2024-06-20 19:41:01,947][flwr][INFO] - 	       [   0,  178,    0,  799,    1,    0,    0,   31,    0,    0]])),
[2024-06-20 19:41:01,947][flwr][INFO] - 	                      (1,
[2024-06-20 19:41:01,948][flwr][INFO] - 	                       array([[ 79, 176, 140,   5,  25,  77, 475,   0,   0,   3],
[2024-06-20 19:41:01,948][flwr][INFO] - 	       [251, 144, 683,   1,  53,   1,   2,   0,   0,   0],
[2024-06-20 19:41:01,948][flwr][INFO] - 	       [161, 283, 307,  30,  28,   4, 209,   1,   6,   3],
[2024-06-20 19:41:01,948][flwr][INFO] - 	       [ 73, 113, 584,  16,  53,   4, 159,   0,   3,   5],
[2024-06-20 19:41:01,948][flwr][INFO] - 	       [181, 340, 108, 127,   6,   7, 203,   1,   4,   5],
[2024-06-20 19:41:01,948][flwr][INFO] - 	       [ 55, 130, 348,  50,  27,  26, 239,   0,   4,  13],
[2024-06-20 19:41:01,948][flwr][INFO] - 	       [163, 218, 236,  11,  30,   3, 285,   0,   9,   3],
[2024-06-20 19:41:01,948][flwr][INFO] - 	       [128, 235, 226, 176,  45,  10, 206,   0,   1,   1],
[2024-06-20 19:41:01,948][flwr][INFO] - 	       [188, 116, 341,  55,  37,   1, 227,   0,   9,   0],
[2024-06-20 19:41:01,948][flwr][INFO] - 	       [ 94, 332, 150,  95,   8,   2, 315,   1,   8,   4]])),
[2024-06-20 19:41:01,948][flwr][INFO] - 	                      (2,
[2024-06-20 19:41:01,948][flwr][INFO] - 	                       array([[512, 170,  35,  78,   3,  48,  46,  86,   0,   2],
[2024-06-20 19:41:01,948][flwr][INFO] - 	       [ 38, 744,  93,  14,   0,   2,   8, 196,  27,  13],
[2024-06-20 19:41:01,948][flwr][INFO] - 	       [ 84, 305, 104, 214,   7,  12, 195,  73,  10,  28],
[2024-06-20 19:41:01,948][flwr][INFO] - 	       [ 55, 218,  34, 458,   3,  80,  38,  99,  19,   6],
[2024-06-20 19:41:01,948][flwr][INFO] - 	       [339, 164,  69,  46,   1,  18,  33, 260,  37,  15],
[2024-06-20 19:41:01,948][flwr][INFO] - 	       [ 83, 244,  45, 147,   1, 140,  23, 191,   4,  14],
[2024-06-20 19:41:01,948][flwr][INFO] - 	       [198, 134,  52,  75,   9,  10, 261,  93,  10, 116],
[2024-06-20 19:41:01,948][flwr][INFO] - 	       [102, 181,  45,   9,   0,  29,  10, 619,  17,  16],
[2024-06-20 19:41:01,948][flwr][INFO] - 	       [149, 295,  56, 129,   0,  20,  81, 204,  32,   8],
[2024-06-20 19:41:01,948][flwr][INFO] - 	       [208, 185,  55,  28,   4,  38,  45, 409,   9,  28]])),
[2024-06-20 19:41:01,948][flwr][INFO] - 	                      (3,
[2024-06-20 19:41:01,948][flwr][INFO] - 	                       array([[405,  72,  38,  66,  14,  70, 118, 194,   2,   1],
[2024-06-20 19:41:01,948][flwr][INFO] - 	       [ 22, 841,  59,  20,  16,   8,   0, 101,  56,  12],
[2024-06-20 19:41:01,948][flwr][INFO] - 	       [ 28, 159, 128, 123,  46,  26, 310, 120,  46,  46],
[2024-06-20 19:41:01,948][flwr][INFO] - 	       [ 31, 139,   5, 403,  14, 119,  57, 180,  49,  13],
[2024-06-20 19:41:01,948][flwr][INFO] - 	       [ 90,  55,  31,  41,  27,  37, 103, 374, 119, 105],
[2024-06-20 19:41:01,948][flwr][INFO] - 	       [ 34, 102,   8, 156,   9, 170,  41, 288,  45,  39],
[2024-06-20 19:41:01,948][flwr][INFO] - 	       [ 50,  42,  31,  35, 106,  21, 373, 140,  20, 140],
[2024-06-20 19:41:01,948][flwr][INFO] - 	       [ 23,  41,  12,  10,  10,  25,   9, 824,  32,  42],
[2024-06-20 19:41:01,948][flwr][INFO] - 	       [ 37, 116,  17, 131,  10,  27, 100, 292, 195,  49],
[2024-06-20 19:41:01,948][flwr][INFO] - 	       [ 46,  45,  16,  28,  21,  31,  83, 496,  67, 176]])),
[2024-06-20 19:41:01,948][flwr][INFO] - 	                      (4,
[2024-06-20 19:41:01,948][flwr][INFO] - 	                       array([[458,  53, 128, 114,  23,  99,  48,  41,   8,   8],
[2024-06-20 19:41:01,948][flwr][INFO] - 	       [  0, 950,  77,  15,  34,   6,   1,   5,  36,  11],
[2024-06-20 19:41:01,948][flwr][INFO] - 	       [ 23, 131, 471, 112,  40,  36, 105,  19,  39,  56],
[2024-06-20 19:41:01,948][flwr][INFO] - 	       [ 44, 166,  27, 417,  26, 181,  22,  39,  48,  40],
[2024-06-20 19:41:01,948][flwr][INFO] - 	       [ 88, 113, 163,  43,  91,  29,  31,  52, 111, 261],
[2024-06-20 19:41:01,948][flwr][INFO] - 	       [ 40, 185,  50, 158,  32, 247,   8,  74,  45,  53],
[2024-06-20 19:41:01,948][flwr][INFO] - 	       [ 72,  88,  72,  50, 130,  19, 253,  42,  25, 207],
[2024-06-20 19:41:01,948][flwr][INFO] - 	       [ 27, 137,  95,  34,  22,  51,   7, 418,  38, 199],
[2024-06-20 19:41:01,948][flwr][INFO] - 	       [ 38, 166,  82, 186,  18,  50,  56,  45, 242,  91],
[2024-06-20 19:41:01,948][flwr][INFO] - 	       [ 62,  97,  93,  42,  60,  37,  43,  60,  63, 452]])),
[2024-06-20 19:41:01,949][flwr][INFO] - 	                      (5,
[2024-06-20 19:41:01,949][flwr][INFO] - 	                       array([[444,  42,  97, 151,  25, 105,  68,  35,  10,   3],
[2024-06-20 19:41:01,949][flwr][INFO] - 	       [  1, 920,  68,  29,  55,  13,   1,   8,  32,   8],
[2024-06-20 19:41:01,949][flwr][INFO] - 	       [ 16,  77, 488, 138,  36,  62, 111,  28,  31,  45],
[2024-06-20 19:41:01,949][flwr][INFO] - 	       [ 30, 108,  23, 445,  21, 248,  22,  38,  45,  30],
[2024-06-20 19:41:01,949][flwr][INFO] - 	       [ 72,  78, 121,  66, 124,  38,  48,  90,  85, 260],
[2024-06-20 19:41:01,949][flwr][INFO] - 	       [ 31, 123,  31, 169,  35, 314,  17,  88,  42,  42],
[2024-06-20 19:41:01,949][flwr][INFO] - 	       [ 48,  62,  66,  77, 124,  27, 315,  45,  22, 172],
[2024-06-20 19:41:01,949][flwr][INFO] - 	       [ 23,  84,  68,  44,  29,  62,  10, 531,  31, 146],
[2024-06-20 19:41:01,949][flwr][INFO] - 	       [ 19, 113,  62, 244,  23,  90,  40,  52, 263,  68],
[2024-06-20 19:41:01,949][flwr][INFO] - 	       [ 50,  71,  60,  65,  73,  48,  56,  92,  55, 439]])),
[2024-06-20 19:41:01,949][flwr][INFO] - 	                      (6,
[2024-06-20 19:41:01,949][flwr][INFO] - 	                       array([[470,  29, 106, 152,  21,  88,  62,  42,   8,   2],
[2024-06-20 19:41:01,949][flwr][INFO] - 	       [  5, 888,  62,  31,  81,  16,   0,  11,  32,   9],
[2024-06-20 19:41:01,949][flwr][INFO] - 	       [ 15,  62, 523, 133,  35,  58,  94,  36,  35,  41],
[2024-06-20 19:41:01,949][flwr][INFO] - 	       [ 36,  86,  27, 443,  22, 251,  20,  51,  45,  29],
[2024-06-20 19:41:01,949][flwr][INFO] - 	       [ 68,  51, 137,  64, 156,  39,  39, 108,  81, 239],
[2024-06-20 19:41:01,949][flwr][INFO] - 	       [ 33,  84,  36, 187,  34, 306,  21, 105,  45,  41],
[2024-06-20 19:41:01,949][flwr][INFO] - 	       [ 52,  51,  74,  91, 103,  22, 317,  56,  29, 163],
[2024-06-20 19:41:01,949][flwr][INFO] - 	       [ 23,  59,  66,  40,  31,  53,   9, 603,  24, 120],
[2024-06-20 19:41:01,949][flwr][INFO] - 	       [ 21,  90,  73, 239,  24,  81,  36,  72, 272,  66],
[2024-06-20 19:41:01,949][flwr][INFO] - 	       [ 54,  45,  66,  62,  95,  42,  45, 128,  49, 423]])),
[2024-06-20 19:41:01,949][flwr][INFO] - 	                      (7,
[2024-06-20 19:41:01,949][flwr][INFO] - 	                       array([[520,  26,  96, 130,  20,  79,  61,  39,   8,   1],
[2024-06-20 19:41:01,949][flwr][INFO] - 	       [  8, 920,  57,  25,  61,  16,   0,   9,  30,   9],
[2024-06-20 19:41:01,949][flwr][INFO] - 	       [ 18,  66, 538, 116,  40,  56,  95,  36,  31,  36],
[2024-06-20 19:41:01,949][flwr][INFO] - 	       [ 43,  89,  32, 437,  18, 246,  21,  53,  44,  27],
[2024-06-20 19:41:01,949][flwr][INFO] - 	       [ 85,  51, 145,  65, 155,  40,  36, 109,  77, 219],
[2024-06-20 19:41:01,949][flwr][INFO] - 	       [ 48,  82,  38, 176,  31, 313,  19, 103,  45,  37],
[2024-06-20 19:41:01,949][flwr][INFO] - 	       [ 64,  54,  83,  86, 108,  26, 313,  59,  27, 138],
[2024-06-20 19:41:01,949][flwr][INFO] - 	       [ 28,  65,  67,  46,  30,  48,  10, 605,  26, 103],
[2024-06-20 19:41:01,949][flwr][INFO] - 	       [ 29, 100,  79, 230,  22,  79,  42,  70, 267,  56],
[2024-06-20 19:41:01,949][flwr][INFO] - 	       [ 65,  44,  80,  60,  91,  45,  50, 136,  49, 389]])),
[2024-06-20 19:41:01,949][flwr][INFO] - 	                      (8,
[2024-06-20 19:41:01,949][flwr][INFO] - 	                       array([[515,  25,  98, 130,  21,  79,  70,  33,   8,   1],
[2024-06-20 19:41:01,949][flwr][INFO] - 	       [  8, 928,  54,  25,  57,  16,   0,   8,  31,   8],
[2024-06-20 19:41:01,949][flwr][INFO] - 	       [ 17,  63, 538, 117,  36,  56, 104,  32,  36,  33],
[2024-06-20 19:41:01,949][flwr][INFO] - 	       [ 42,  91,  31, 431,  20, 252,  25,  46,  46,  26],
[2024-06-20 19:41:01,949][flwr][INFO] - 	       [ 78,  57, 143,  65, 162,  37,  43, 104,  74, 219],
[2024-06-20 19:41:01,949][flwr][INFO] - 	       [ 42,  85,  37, 168,  33, 325,  20,  98,  47,  37],
[2024-06-20 19:41:01,949][flwr][INFO] - 	       [ 59,  52,  77,  75, 104,  25, 353,  56,  27, 130],
[2024-06-20 19:41:01,949][flwr][INFO] - 	       [ 28,  67,  67,  46,  30,  49,  10, 603,  27, 101],
[2024-06-20 19:41:01,949][flwr][INFO] - 	       [ 27,  98,  71, 220,  22,  78,  50,  69, 282,  57],
[2024-06-20 19:41:01,950][flwr][INFO] - 	       [ 63,  47,  74,  55,  96,  40,  57, 134,  47, 396]])),
[2024-06-20 19:41:01,950][flwr][INFO] - 	                      (9,
[2024-06-20 19:41:01,950][flwr][INFO] - 	                       array([[516,  27,  94, 131,  21,  78,  70,  32,  10,   1],
[2024-06-20 19:41:01,950][flwr][INFO] - 	       [  7, 916,  57,  27,  65,  16,   0,   9,  30,   8],
[2024-06-20 19:41:01,950][flwr][INFO] - 	       [ 17,  58, 539, 115,  37,  55, 107,  32,  39,  33],
[2024-06-20 19:41:01,950][flwr][INFO] - 	       [ 40,  90,  32, 434,  21, 251,  26,  44,  46,  26],
[2024-06-20 19:41:01,950][flwr][INFO] - 	       [ 76,  51, 148,  68, 167,  37,  48,  99,  79, 209],
[2024-06-20 19:41:01,950][flwr][INFO] - 	       [ 39,  82,  37, 171,  35, 326,  23,  93,  49,  37],
[2024-06-20 19:41:01,950][flwr][INFO] - 	       [ 59,  51,  74,  76, 102,  25, 360,  55,  29, 127],
[2024-06-20 19:41:01,950][flwr][INFO] - 	       [ 27,  67,  68,  47,  30,  49,  12, 598,  28, 102],
[2024-06-20 19:41:01,950][flwr][INFO] - 	       [ 27,  96,  77, 220,  22,  77,  49,  63, 289,  54],
[2024-06-20 19:41:01,950][flwr][INFO] - 	       [ 61,  45,  77,  59,  98,  40,  61, 123,  50, 395]])),
[2024-06-20 19:41:01,950][flwr][INFO] - 	                      (10,
[2024-06-20 19:41:01,950][flwr][INFO] - 	                       array([[521,  25,  95, 127,  21,  79,  69,  32,  10,   1],
[2024-06-20 19:41:01,950][flwr][INFO] - 	       [  8, 919,  56,  26,  62,  16,   0,  10,  30,   8],
[2024-06-20 19:41:01,950][flwr][INFO] - 	       [ 17,  59, 538, 113,  36,  54, 111,  32,  40,  32],
[2024-06-20 19:41:01,950][flwr][INFO] - 	       [ 42,  89,  31, 425,  21, 258,  26,  45,  46,  27],
[2024-06-20 19:41:01,950][flwr][INFO] - 	       [ 77,  50, 148,  65, 167,  37,  52, 103,  77, 206],
[2024-06-20 19:41:01,950][flwr][INFO] - 	       [ 42,  81,  36, 165,  34, 330,  24,  94,  49,  37],
[2024-06-20 19:41:01,950][flwr][INFO] - 	       [ 60,  51,  74,  69, 102,  25, 372,  55,  28, 122],
[2024-06-20 19:41:01,950][flwr][INFO] - 	       [ 27,  65,  68,  43,  31,  50,  12, 603,  28, 101],
[2024-06-20 19:41:01,950][flwr][INFO] - 	       [ 27,  97,  77, 214,  22,  81,  50,  64, 288,  54],
[2024-06-20 19:41:01,950][flwr][INFO] - 	       [ 61,  46,  75,  56,  98,  40,  63, 126,  49, 395]]))],
[2024-06-20 19:41:01,950][flwr][INFO] - 	 'f1': [(0, 0.03553137346181725),
[2024-06-20 19:41:01,950][flwr][INFO] - 	        (1, 0.05860615167693858),
[2024-06-20 19:41:01,950][flwr][INFO] - 	        (2, 0.2344669898638595),
[2024-06-20 19:41:01,950][flwr][INFO] - 	        (3, 0.3204849081950299),
[2024-06-20 19:41:01,950][flwr][INFO] - 	        (4, 0.3819730990748358),
[2024-06-20 19:41:01,950][flwr][INFO] - 	        (5, 0.4173380025341554),
[2024-06-20 19:41:01,950][flwr][INFO] - 	        (6, 0.43133638280099384),
[2024-06-20 19:41:01,950][flwr][INFO] - 	        (7, 0.4341763524183061),
[2024-06-20 19:41:01,950][flwr][INFO] - 	        (8, 0.44278117979773185),
[2024-06-20 19:41:01,950][flwr][INFO] - 	        (9, 0.444608178892621),
[2024-06-20 19:41:01,950][flwr][INFO] - 	        (10, 0.4461574857965231)],
[2024-06-20 19:41:01,950][flwr][INFO] - 	 'precision': [(0, 0.12349967530374152),
[2024-06-20 19:41:01,950][flwr][INFO] - 	               (1, 0.08813715916298497),
[2024-06-20 19:41:01,950][flwr][INFO] - 	               (2, 0.2448935014229399),
[2024-06-20 19:41:01,950][flwr][INFO] - 	               (3, 0.344290636873101),
[2024-06-20 19:41:01,950][flwr][INFO] - 	               (4, 0.3922898521509017),
[2024-06-20 19:41:01,950][flwr][INFO] - 	               (5, 0.42577047173551774),
[2024-06-20 19:41:01,950][flwr][INFO] - 	               (6, 0.438963052412225),
[2024-06-20 19:41:01,950][flwr][INFO] - 	               (7, 0.4387344728713212),
[2024-06-20 19:41:01,951][flwr][INFO] - 	               (8, 0.44622836279168515),
[2024-06-20 19:41:01,951][flwr][INFO] - 	               (9, 0.44767486891112984),
[2024-06-20 19:41:01,951][flwr][INFO] - 	               (10, 0.4485519164819621)],
[2024-06-20 19:41:01,951][flwr][INFO] - 	 'recall': [(0, 0.1086),
[2024-06-20 19:41:01,951][flwr][INFO] - 	            (1, 0.0876),
[2024-06-20 19:41:01,951][flwr][INFO] - 	            (2, 0.2899),
[2024-06-20 19:41:01,951][flwr][INFO] - 	            (3, 0.3542),
[2024-06-20 19:41:01,951][flwr][INFO] - 	            (4, 0.3999),
[2024-06-20 19:41:01,951][flwr][INFO] - 	            (5, 0.4283),
[2024-06-20 19:41:01,951][flwr][INFO] - 	            (6, 0.4401),
[2024-06-20 19:41:01,951][flwr][INFO] - 	            (7, 0.4457),
[2024-06-20 19:41:01,951][flwr][INFO] - 	            (8, 0.4533),
[2024-06-20 19:41:01,951][flwr][INFO] - 	            (9, 0.454),
[2024-06-20 19:41:01,951][flwr][INFO] - 	            (10, 0.4558)]}
[2024-06-20 19:41:01,951][flwr][INFO] - 
