[2024-06-21 13:42:37,919][flwr][INFO] - Starting Flower simulation, config: num_rounds=10, no round_timeout
[2024-06-21 13:42:39,732][flwr][INFO] - Flower VCE: Ray initialized with resources: {'memory': 9862085018.0, 'object_store_memory': 2147483648.0, 'node:127.0.0.1': 1.0, 'CPU': 12.0, 'node:__internal_head__': 1.0}
[2024-06-21 13:42:39,732][flwr][INFO] - Optimize your simulation with Flower VCE: https://flower.ai/docs/framework/how-to-run-simulations.html
[2024-06-21 13:42:39,732][flwr][INFO] - Flower VCE: Resources for each Virtual Client: {'num_cpus': 2, 'num_gpus': 0}
[2024-06-21 13:42:39,738][flwr][INFO] - Flower VCE: Creating VirtualClientEngineActorPool with 6 actors
[2024-06-21 13:42:39,738][flwr][INFO] - [INIT]
[2024-06-21 13:42:39,738][flwr][INFO] - Requesting initial parameters from one random client
[2024-06-21 13:42:41,192][flwr][INFO] - Received initial parameters from one random client
[2024-06-21 13:42:41,192][flwr][INFO] - Evaluating initial global parameters
[2024-06-21 13:42:41,541][flwr][INFO] - initial parameters (loss, other metrics): 181.76928067207336, {'accuracy': 0.1086, 'precision': 0.12349967530374152, 'recall': 0.1086, 'f1': 0.03553137346181725, 'confusion_matrix': array([[   0,    8,    0,  956,    0,    1,    0,   15,    0,    0],
       [   0,  122,    0, 1013,    0,    0,    0,    0,    0,    0],
       [   0,   38,    0,  971,    0,    0,    3,   19,    1,    0],
       [   0,   44,    0,  945,    1,    1,    0,   17,    2,    0],
       [   0,  143,    0,  816,    1,    0,    2,   20,    0,    0],
       [   0,  118,    0,  735,    1,    7,    0,   30,    1,    0],
       [   0,  144,    0,  749,   25,    0,    2,   38,    0,    0],
       [   0,  272,    0,  724,    8,    0,    0,    9,   15,    0],
       [   0,   81,    0,  859,    1,    0,    1,   32,    0,    0],
       [   0,  178,    0,  799,    1,    0,    0,   31,    0,    0]])}
[2024-06-21 13:42:41,542][flwr][INFO] - 
[2024-06-21 13:42:41,542][flwr][INFO] - [ROUND 1]
[2024-06-21 13:42:41,542][flwr][INFO] - configure_fit: strategy sampled 10 clients (out of 100)
[2024-06-21 13:42:48,217][flwr][INFO] - aggregate_fit: received 10 results and 0 failures
[2024-06-21 13:42:48,222][flwr][WARNING] - No fit_metrics_aggregation_fn provided
[2024-06-21 13:42:48,559][flwr][INFO] - fit progress: (1, 166.60713040828705, {'accuracy': 0.1739, 'precision': 0.12775774930499373, 'recall': 0.1739, 'f1': 0.12747780332032407, 'confusion_matrix': array([[ 195,  454,    0,   22,   62,    1,  218,   18,    0,   10],
       [   0,    0, 1077,    4,   40,    0,    0,    2,    0,   12],
       [   0,    5,  106,  776,   46,    2,    8,   16,    0,   73],
       [   0,    0,    6,   69,  873,    0,    2,    1,    0,   59],
       [ 111,    0,    2,    2,  765,   22,    5,    7,    0,   68],
       [  67,    5,   17,   16,  601,    3,  132,    6,    0,   45],
       [   4,    2,   20,   23,  105,    0,  194,  601,    0,    9],
       [ 161,    0,   26,   18,   45,    0,    0,    1,  175,  602],
       [  11,    0,   29,   12,  286,    0,    2,    2,    0,  632],
       [ 246,    0,    2,    3,  343,    0,    2,    7,    0,  406]])}, 7.017914583)
[2024-06-21 13:42:48,560][flwr][INFO] - configure_evaluate: no clients selected, skipping evaluation
[2024-06-21 13:42:48,560][flwr][INFO] - 
[2024-06-21 13:42:48,560][flwr][INFO] - [ROUND 2]
[2024-06-21 13:42:48,560][flwr][INFO] - configure_fit: strategy sampled 10 clients (out of 100)
[2024-06-21 13:42:53,455][flwr][INFO] - aggregate_fit: received 10 results and 0 failures
[2024-06-21 13:42:53,802][flwr][INFO] - fit progress: (2, 151.73554456233978, {'accuracy': 0.1592, 'precision': 0.12367950197632517, 'recall': 0.1592, 'f1': 0.13673216590144674, 'confusion_matrix': array([[ 116,  761,    1,   15,    1,    5,   45,    5,    0,   31],
       [   0,    0, 1121,    3,    0,    0,    6,    0,    0,    5],
       [   0,    5,  262,  673,    6,   16,   10,    9,    3,   48],
       [   2,   11,   38,  334,  476,    0,   35,    2,    2,  110],
       [  34,    0,    4,    0,   19,  836,   24,    3,    0,   62],
       [  31,   18,   20,   27,   52,   35,  615,    1,    0,   93],
       [   1,    4,   23,   12,    4,    7,  368,  520,    0,   19],
       [ 172,    1,   49,   21,    5,   15,    4,    1,  560,  200],
       [   5,    7,   49,   38,   17,    2,   36,    0,    0,  820],
       [ 417,    1,    3,    7,    9,  102,   10,    2,    1,  457]])}, 12.26054)
[2024-06-21 13:42:53,802][flwr][INFO] - configure_evaluate: no clients selected, skipping evaluation
[2024-06-21 13:42:53,803][flwr][INFO] - 
[2024-06-21 13:42:53,803][flwr][INFO] - [ROUND 3]
[2024-06-21 13:42:53,803][flwr][INFO] - configure_fit: strategy sampled 10 clients (out of 100)
[2024-06-21 13:42:58,628][flwr][INFO] - aggregate_fit: received 10 results and 0 failures
[2024-06-21 13:42:58,967][flwr][INFO] - fit progress: (3, 133.30599927902222, {'accuracy': 0.1865, 'precision': 0.15292864887296137, 'recall': 0.1865, 'f1': 0.16681259160705336, 'confusion_matrix': array([[ 418,  536,    0,    2,    1,    3,   10,    4,    0,    6],
       [   0,    4, 1111,    3,    0,    0,    2,    0,    0,   15],
       [   6,    9,  257,  661,    4,   21,    8,    6,   14,   46],
       [   5,   18,   17,  257,  585,    2,   26,    1,   14,   85],
       [  25,    0,    6,    2,    6,  872,    7,    1,    0,   63],
       [  37,   41,   11,   16,   22,   85,  592,    2,    4,   82],
       [  14,   16,   19,    5,    0,   31,  445,  418,    0,   10],
       [  69,    1,   33,   17,    3,   12,    0,    0,  849,   44],
       [  25,    7,   24,   18,    7,    6,   12,    0,    4,  871],
       [ 522,    2,    3,    4,    8,   50,    0,    3,   28,  389]])}, 17.425639124999996)
[2024-06-21 13:42:58,967][flwr][INFO] - configure_evaluate: no clients selected, skipping evaluation
[2024-06-21 13:42:58,967][flwr][INFO] - 
[2024-06-21 13:42:58,968][flwr][INFO] - [ROUND 4]
[2024-06-21 13:42:58,968][flwr][INFO] - configure_fit: strategy sampled 10 clients (out of 100)
[2024-06-21 13:43:03,932][flwr][INFO] - aggregate_fit: received 10 results and 0 failures
[2024-06-21 13:43:04,283][flwr][INFO] - fit progress: (4, 131.08050501346588, {'accuracy': 0.0967, 'precision': 0.08439649355624555, 'recall': 0.0967, 'f1': 0.08892550982201963, 'confusion_matrix': array([[  79,  871,    0,    0,    0,    4,    8,    8,    0,   10],
       [   1,   15, 1060,    4,    1,    2,    8,    0,    0,   44],
       [   4,   13,   80,  812,    5,   18,   11,   15,   10,   64],
       [   5,   16,    1,   73,  753,    2,   60,    3,    4,   93],
       [  21,    0,    0,    2,    1,  902,    9,    6,    0,   41],
       [  16,   18,    3,    9,   12,   60,  724,    4,    2,   44],
       [   7,   11,    3,    3,    0,   17,  296,  614,    0,    7],
       [ 143,    4,   14,   12,    5,   20,    0,   71,  709,   50],
       [   5,    8,    6,    5,   12,   16,   35,    3,    2,  882],
       [ 628,    3,    1,    3,    7,   74,    1,    2,    0,  290]])}, 22.741996791)
[2024-06-21 13:43:04,284][flwr][INFO] - configure_evaluate: no clients selected, skipping evaluation
[2024-06-21 13:43:04,284][flwr][INFO] - 
[2024-06-21 13:43:04,284][flwr][INFO] - [ROUND 5]
[2024-06-21 13:43:04,284][flwr][INFO] - configure_fit: strategy sampled 10 clients (out of 100)
[2024-06-21 13:43:09,170][flwr][INFO] - aggregate_fit: received 10 results and 0 failures
[2024-06-21 13:43:09,514][flwr][INFO] - fit progress: (5, 124.2044974565506, {'accuracy': 0.153, 'precision': 0.1253748744785537, 'recall': 0.153, 'f1': 0.13490179901361485, 'confusion_matrix': array([[ 329,  613,    0,    0,    0,    3,    7,    6,    0,   22],
       [   1,    6, 1092,    5,    0,    1,    3,    0,    0,   27],
       [  10,    4,   60,  853,    6,   14,    5,    6,   11,   63],
       [   3,    5,    1,  200,  699,    0,   11,    0,    2,   89],
       [  30,    1,    1,    3,    4,  852,    2,    5,    0,   84],
       [  10,    8,    7,   12,   41,   52,  629,    2,    2,  129],
       [   9,   10,    4,    3,    3,   19,  354,  527,    0,   29],
       [  84,    5,   12,   29,    5,   10,    0,    1,  819,   63],
       [   1,    3,    7,   12,    8,    4,    8,    0,    2,  929],
       [ 437,    2,    2,    4,    7,   32,    0,    1,    2,  522]])}, 27.973046708)
[2024-06-21 13:43:09,515][flwr][INFO] - configure_evaluate: no clients selected, skipping evaluation
[2024-06-21 13:43:09,515][flwr][INFO] - 
[2024-06-21 13:43:09,515][flwr][INFO] - [ROUND 6]
[2024-06-21 13:43:09,515][flwr][INFO] - configure_fit: strategy sampled 10 clients (out of 100)
[2024-06-21 13:43:14,475][flwr][INFO] - aggregate_fit: received 10 results and 0 failures
[2024-06-21 13:43:14,819][flwr][INFO] - fit progress: (6, 109.18347871303558, {'accuracy': 0.1375, 'precision': 0.12365056892022554, 'recall': 0.1375, 'f1': 0.12622564776872247, 'confusion_matrix': array([[  58,  903,    0,    0,    0,    3,    4,    5,    2,    5],
       [   1,   44, 1072,    3,    0,    0,    7,    1,    1,    6],
       [   3,   16,  164,  752,    4,   18,   17,   11,   42,    5],
       [   7,   11,    5,  124,  779,    4,   23,    2,   21,   34],
       [  21,    4,    2,    3,    1,  919,    6,    6,    1,   19],
       [  15,   15,    2,   13,   21,  100,  683,    2,   10,   31],
       [   3,   15,    4,    2,    0,   10,  623,  297,    0,    4],
       [  27,    2,   30,   10,    1,    7,    0,   61,  883,    7],
       [   7,   20,   19,    9,    9,   27,   24,    5,   69,  785],
       [ 756,    9,    3,    1,    6,   71,    3,    6,   23,  131]])}, 33.278200958)
[2024-06-21 13:43:14,820][flwr][INFO] - configure_evaluate: no clients selected, skipping evaluation
[2024-06-21 13:43:14,820][flwr][INFO] - 
[2024-06-21 13:43:14,820][flwr][INFO] - [ROUND 7]
[2024-06-21 13:43:14,820][flwr][INFO] - configure_fit: strategy sampled 10 clients (out of 100)
[2024-06-21 13:43:19,704][flwr][INFO] - aggregate_fit: received 10 results and 0 failures
[2024-06-21 13:43:20,055][flwr][INFO] - fit progress: (7, 116.14382612705231, {'accuracy': 0.0904, 'precision': 0.0815384370266599, 'recall': 0.0904, 'f1': 0.0854249322430214, 'confusion_matrix': array([[ 253,  703,    0,    1,    0,    2,    3,    4,    2,   12],
       [   1,   20, 1071,    4,    0,    1,    3,    1,    7,   27],
       [   4,    8,   48,  895,    7,   14,    2,    9,   28,   17],
       [   2,    4,    2,  123,  789,    2,   21,    1,   22,   44],
       [  57,    2,    0,    5,    8,  853,    4,    3,    0,   50],
       [   6,    7,    2,    9,   25,   42,  727,    3,    6,   65],
       [   2,    9,    3,    3,    1,   17,  250,  654,    0,   19],
       [  30,    2,    9,   24,    2,    5,    1,    6,  937,   12],
       [   1,    3,    3,   13,   13,    5,    9,    1,   17,  909],
       [ 807,    5,    2,    3,   11,   31,    3,    0,   10,  137]])}, 38.513719208000005)
[2024-06-21 13:43:20,055][flwr][INFO] - configure_evaluate: no clients selected, skipping evaluation
[2024-06-21 13:43:20,055][flwr][INFO] - 
[2024-06-21 13:43:20,055][flwr][INFO] - [ROUND 8]
[2024-06-21 13:43:20,056][flwr][INFO] - configure_fit: strategy sampled 10 clients (out of 100)
[2024-06-21 13:43:25,514][flwr][INFO] - aggregate_fit: received 10 results and 0 failures
[2024-06-21 13:43:25,874][flwr][INFO] - fit progress: (8, 107.32764399051666, {'accuracy': 0.1398, 'precision': 0.11113479194742604, 'recall': 0.1398, 'f1': 0.118553918235365, 'confusion_matrix': array([[ 174,  787,    0,    1,    0,    1,    7,    1,    1,    8],
       [   0,   42, 1063,    4,    0,    1,    6,    0,    0,   19],
       [   3,   12,   42,  902,    5,   12,    7,    4,   13,   32],
       [   3,    5,    1,  150,  758,    4,   20,    0,   10,   59],
       [  39,    1,    1,    4,    1,  852,   13,    2,    0,   69],
       [   9,    7,    3,   15,   14,   23,  779,    1,    2,   39],
       [   1,   14,    3,    1,    0,   15,  740,  171,    0,   13],
       [  41,    4,    9,   32,    2,    7,    2,   19,  884,   28],
       [   5,    3,    5,    7,    3,    9,   20,    0,    7,  915],
       [ 764,    6,    3,    1,    4,   28,    0,    1,    2,  200]])}, 44.332644416)
[2024-06-21 13:43:25,874][flwr][INFO] - configure_evaluate: no clients selected, skipping evaluation
[2024-06-21 13:43:25,874][flwr][INFO] - 
[2024-06-21 13:43:25,874][flwr][INFO] - [ROUND 9]
[2024-06-21 13:43:25,875][flwr][INFO] - configure_fit: strategy sampled 10 clients (out of 100)
[2024-06-21 13:43:30,554][flwr][INFO] - aggregate_fit: received 10 results and 0 failures
[2024-06-21 13:43:30,894][flwr][INFO] - fit progress: (9, 117.83911502361298, {'accuracy': 0.0607, 'precision': 0.057972147482389484, 'recall': 0.0607, 'f1': 0.05914217098126877, 'confusion_matrix': array([[   9,  949,    0,    0,    0,    2,    4,    3,    2,   11],
       [   0,   49, 1063,    3,    1,    1,    3,    1,    1,   13],
       [   2,   10,  119,  825,   25,   10,    3,    6,   11,   21],
       [   5,    2,    3,   60,  887,    1,   10,    0,    9,   33],
       [  75,    2,    4,    3,   54,  811,    5,    3,    0,   25],
       [   9,    6,    2,    1,   45,   25,  767,    1,    3,   33],
       [   3,   19,    4,    1,    1,   17,  185,  712,    0,   16],
       [  35,    5,   16,   31,    6,    7,    1,   15,  892,   20],
       [   1,    4,    8,   11,   17,    4,   22,    1,    5,  901],
       [ 868,    7,    1,    1,   17,   21,    3,    1,    4,   86]])}, 49.353337)
[2024-06-21 13:43:30,895][flwr][INFO] - configure_evaluate: no clients selected, skipping evaluation
[2024-06-21 13:43:30,895][flwr][INFO] - 
[2024-06-21 13:43:30,895][flwr][INFO] - [ROUND 10]
[2024-06-21 13:43:30,895][flwr][INFO] - configure_fit: strategy sampled 10 clients (out of 100)
[2024-06-21 13:43:35,808][flwr][INFO] - aggregate_fit: received 10 results and 0 failures
[2024-06-21 13:43:36,158][flwr][INFO] - fit progress: (10, 106.90870010852814, {'accuracy': 0.1339, 'precision': 0.11326153773112888, 'recall': 0.1339, 'f1': 0.12084136790015977, 'confusion_matrix': array([[ 109,  843,    0,    1,    0,    1,    7,    6,    1,   12],
       [   0,    1, 1113,    3,    1,    1,    1,    2,    0,   13],
       [   5,    4,   78,  891,    8,    9,    3,    5,    9,   20],
       [   3,    1,    5,  113,  807,    9,    5,    2,    8,   57],
       [  20,    1,    7,    6,    1,  871,    6,    6,    0,   64],
       [   8,    2,    4,    4,   37,   99,  656,    4,    2,   76],
       [   2,    7,    5,    2,    0,    6,  100,  828,    0,    8],
       [  15,    2,   30,   38,    2,    5,    0,  449,  449,   38],
       [   2,    2,   14,    6,   10,    5,    9,    3,    5,  918],
       [ 568,    2,    7,    1,    4,   36,    1,    2,    4,  384]])}, 54.617031833)
[2024-06-21 13:43:36,158][flwr][INFO] - configure_evaluate: no clients selected, skipping evaluation
[2024-06-21 13:43:36,159][flwr][INFO] - 
[2024-06-21 13:43:36,159][flwr][INFO] - [SUMMARY]
[2024-06-21 13:43:36,159][flwr][INFO] - Run finished 10 round(s) in 54.62s
[2024-06-21 13:43:36,162][flwr][INFO] - 	History (loss, centralized):
[2024-06-21 13:43:36,163][flwr][INFO] - 		round 0: 181.76928067207336
[2024-06-21 13:43:36,163][flwr][INFO] - 		round 1: 166.60713040828705
[2024-06-21 13:43:36,163][flwr][INFO] - 		round 2: 151.73554456233978
[2024-06-21 13:43:36,163][flwr][INFO] - 		round 3: 133.30599927902222
[2024-06-21 13:43:36,163][flwr][INFO] - 		round 4: 131.08050501346588
[2024-06-21 13:43:36,163][flwr][INFO] - 		round 5: 124.2044974565506
[2024-06-21 13:43:36,163][flwr][INFO] - 		round 6: 109.18347871303558
[2024-06-21 13:43:36,163][flwr][INFO] - 		round 7: 116.14382612705231
[2024-06-21 13:43:36,163][flwr][INFO] - 		round 8: 107.32764399051666
[2024-06-21 13:43:36,163][flwr][INFO] - 		round 9: 117.83911502361298
[2024-06-21 13:43:36,163][flwr][INFO] - 		round 10: 106.90870010852814
[2024-06-21 13:43:36,163][flwr][INFO] - 	History (metrics, centralized):
[2024-06-21 13:43:36,163][flwr][INFO] - 	{'accuracy': [(0, 0.1086),
[2024-06-21 13:43:36,163][flwr][INFO] - 	              (1, 0.1739),
[2024-06-21 13:43:36,163][flwr][INFO] - 	              (2, 0.1592),
[2024-06-21 13:43:36,163][flwr][INFO] - 	              (3, 0.1865),
[2024-06-21 13:43:36,163][flwr][INFO] - 	              (4, 0.0967),
[2024-06-21 13:43:36,163][flwr][INFO] - 	              (5, 0.153),
[2024-06-21 13:43:36,163][flwr][INFO] - 	              (6, 0.1375),
[2024-06-21 13:43:36,163][flwr][INFO] - 	              (7, 0.0904),
[2024-06-21 13:43:36,163][flwr][INFO] - 	              (8, 0.1398),
[2024-06-21 13:43:36,163][flwr][INFO] - 	              (9, 0.0607),
[2024-06-21 13:43:36,163][flwr][INFO] - 	              (10, 0.1339)],
[2024-06-21 13:43:36,163][flwr][INFO] - 	 'confusion_matrix': [(0,
[2024-06-21 13:43:36,163][flwr][INFO] - 	                       array([[   0,    8,    0,  956,    0,    1,    0,   15,    0,    0],
[2024-06-21 13:43:36,163][flwr][INFO] - 	       [   0,  122,    0, 1013,    0,    0,    0,    0,    0,    0],
[2024-06-21 13:43:36,163][flwr][INFO] - 	       [   0,   38,    0,  971,    0,    0,    3,   19,    1,    0],
[2024-06-21 13:43:36,163][flwr][INFO] - 	       [   0,   44,    0,  945,    1,    1,    0,   17,    2,    0],
[2024-06-21 13:43:36,163][flwr][INFO] - 	       [   0,  143,    0,  816,    1,    0,    2,   20,    0,    0],
[2024-06-21 13:43:36,163][flwr][INFO] - 	       [   0,  118,    0,  735,    1,    7,    0,   30,    1,    0],
[2024-06-21 13:43:36,163][flwr][INFO] - 	       [   0,  144,    0,  749,   25,    0,    2,   38,    0,    0],
[2024-06-21 13:43:36,163][flwr][INFO] - 	       [   0,  272,    0,  724,    8,    0,    0,    9,   15,    0],
[2024-06-21 13:43:36,163][flwr][INFO] - 	       [   0,   81,    0,  859,    1,    0,    1,   32,    0,    0],
[2024-06-21 13:43:36,163][flwr][INFO] - 	       [   0,  178,    0,  799,    1,    0,    0,   31,    0,    0]])),
[2024-06-21 13:43:36,163][flwr][INFO] - 	                      (1,
[2024-06-21 13:43:36,163][flwr][INFO] - 	                       array([[ 195,  454,    0,   22,   62,    1,  218,   18,    0,   10],
[2024-06-21 13:43:36,163][flwr][INFO] - 	       [   0,    0, 1077,    4,   40,    0,    0,    2,    0,   12],
[2024-06-21 13:43:36,163][flwr][INFO] - 	       [   0,    5,  106,  776,   46,    2,    8,   16,    0,   73],
[2024-06-21 13:43:36,163][flwr][INFO] - 	       [   0,    0,    6,   69,  873,    0,    2,    1,    0,   59],
[2024-06-21 13:43:36,163][flwr][INFO] - 	       [ 111,    0,    2,    2,  765,   22,    5,    7,    0,   68],
[2024-06-21 13:43:36,163][flwr][INFO] - 	       [  67,    5,   17,   16,  601,    3,  132,    6,    0,   45],
[2024-06-21 13:43:36,163][flwr][INFO] - 	       [   4,    2,   20,   23,  105,    0,  194,  601,    0,    9],
[2024-06-21 13:43:36,163][flwr][INFO] - 	       [ 161,    0,   26,   18,   45,    0,    0,    1,  175,  602],
[2024-06-21 13:43:36,163][flwr][INFO] - 	       [  11,    0,   29,   12,  286,    0,    2,    2,    0,  632],
[2024-06-21 13:43:36,163][flwr][INFO] - 	       [ 246,    0,    2,    3,  343,    0,    2,    7,    0,  406]])),
[2024-06-21 13:43:36,163][flwr][INFO] - 	                      (2,
[2024-06-21 13:43:36,163][flwr][INFO] - 	                       array([[ 116,  761,    1,   15,    1,    5,   45,    5,    0,   31],
[2024-06-21 13:43:36,164][flwr][INFO] - 	       [   0,    0, 1121,    3,    0,    0,    6,    0,    0,    5],
[2024-06-21 13:43:36,164][flwr][INFO] - 	       [   0,    5,  262,  673,    6,   16,   10,    9,    3,   48],
[2024-06-21 13:43:36,164][flwr][INFO] - 	       [   2,   11,   38,  334,  476,    0,   35,    2,    2,  110],
[2024-06-21 13:43:36,164][flwr][INFO] - 	       [  34,    0,    4,    0,   19,  836,   24,    3,    0,   62],
[2024-06-21 13:43:36,164][flwr][INFO] - 	       [  31,   18,   20,   27,   52,   35,  615,    1,    0,   93],
[2024-06-21 13:43:36,164][flwr][INFO] - 	       [   1,    4,   23,   12,    4,    7,  368,  520,    0,   19],
[2024-06-21 13:43:36,164][flwr][INFO] - 	       [ 172,    1,   49,   21,    5,   15,    4,    1,  560,  200],
[2024-06-21 13:43:36,164][flwr][INFO] - 	       [   5,    7,   49,   38,   17,    2,   36,    0,    0,  820],
[2024-06-21 13:43:36,164][flwr][INFO] - 	       [ 417,    1,    3,    7,    9,  102,   10,    2,    1,  457]])),
[2024-06-21 13:43:36,164][flwr][INFO] - 	                      (3,
[2024-06-21 13:43:36,164][flwr][INFO] - 	                       array([[ 418,  536,    0,    2,    1,    3,   10,    4,    0,    6],
[2024-06-21 13:43:36,164][flwr][INFO] - 	       [   0,    4, 1111,    3,    0,    0,    2,    0,    0,   15],
[2024-06-21 13:43:36,164][flwr][INFO] - 	       [   6,    9,  257,  661,    4,   21,    8,    6,   14,   46],
[2024-06-21 13:43:36,164][flwr][INFO] - 	       [   5,   18,   17,  257,  585,    2,   26,    1,   14,   85],
[2024-06-21 13:43:36,164][flwr][INFO] - 	       [  25,    0,    6,    2,    6,  872,    7,    1,    0,   63],
[2024-06-21 13:43:36,164][flwr][INFO] - 	       [  37,   41,   11,   16,   22,   85,  592,    2,    4,   82],
[2024-06-21 13:43:36,164][flwr][INFO] - 	       [  14,   16,   19,    5,    0,   31,  445,  418,    0,   10],
[2024-06-21 13:43:36,164][flwr][INFO] - 	       [  69,    1,   33,   17,    3,   12,    0,    0,  849,   44],
[2024-06-21 13:43:36,164][flwr][INFO] - 	       [  25,    7,   24,   18,    7,    6,   12,    0,    4,  871],
[2024-06-21 13:43:36,164][flwr][INFO] - 	       [ 522,    2,    3,    4,    8,   50,    0,    3,   28,  389]])),
[2024-06-21 13:43:36,164][flwr][INFO] - 	                      (4,
[2024-06-21 13:43:36,164][flwr][INFO] - 	                       array([[  79,  871,    0,    0,    0,    4,    8,    8,    0,   10],
[2024-06-21 13:43:36,164][flwr][INFO] - 	       [   1,   15, 1060,    4,    1,    2,    8,    0,    0,   44],
[2024-06-21 13:43:36,164][flwr][INFO] - 	       [   4,   13,   80,  812,    5,   18,   11,   15,   10,   64],
[2024-06-21 13:43:36,164][flwr][INFO] - 	       [   5,   16,    1,   73,  753,    2,   60,    3,    4,   93],
[2024-06-21 13:43:36,164][flwr][INFO] - 	       [  21,    0,    0,    2,    1,  902,    9,    6,    0,   41],
[2024-06-21 13:43:36,164][flwr][INFO] - 	       [  16,   18,    3,    9,   12,   60,  724,    4,    2,   44],
[2024-06-21 13:43:36,164][flwr][INFO] - 	       [   7,   11,    3,    3,    0,   17,  296,  614,    0,    7],
[2024-06-21 13:43:36,164][flwr][INFO] - 	       [ 143,    4,   14,   12,    5,   20,    0,   71,  709,   50],
[2024-06-21 13:43:36,164][flwr][INFO] - 	       [   5,    8,    6,    5,   12,   16,   35,    3,    2,  882],
[2024-06-21 13:43:36,164][flwr][INFO] - 	       [ 628,    3,    1,    3,    7,   74,    1,    2,    0,  290]])),
[2024-06-21 13:43:36,164][flwr][INFO] - 	                      (5,
[2024-06-21 13:43:36,164][flwr][INFO] - 	                       array([[ 329,  613,    0,    0,    0,    3,    7,    6,    0,   22],
[2024-06-21 13:43:36,164][flwr][INFO] - 	       [   1,    6, 1092,    5,    0,    1,    3,    0,    0,   27],
[2024-06-21 13:43:36,164][flwr][INFO] - 	       [  10,    4,   60,  853,    6,   14,    5,    6,   11,   63],
[2024-06-21 13:43:36,164][flwr][INFO] - 	       [   3,    5,    1,  200,  699,    0,   11,    0,    2,   89],
[2024-06-21 13:43:36,164][flwr][INFO] - 	       [  30,    1,    1,    3,    4,  852,    2,    5,    0,   84],
[2024-06-21 13:43:36,164][flwr][INFO] - 	       [  10,    8,    7,   12,   41,   52,  629,    2,    2,  129],
[2024-06-21 13:43:36,164][flwr][INFO] - 	       [   9,   10,    4,    3,    3,   19,  354,  527,    0,   29],
[2024-06-21 13:43:36,164][flwr][INFO] - 	       [  84,    5,   12,   29,    5,   10,    0,    1,  819,   63],
[2024-06-21 13:43:36,164][flwr][INFO] - 	       [   1,    3,    7,   12,    8,    4,    8,    0,    2,  929],
[2024-06-21 13:43:36,164][flwr][INFO] - 	       [ 437,    2,    2,    4,    7,   32,    0,    1,    2,  522]])),
[2024-06-21 13:43:36,164][flwr][INFO] - 	                      (6,
[2024-06-21 13:43:36,164][flwr][INFO] - 	                       array([[  58,  903,    0,    0,    0,    3,    4,    5,    2,    5],
[2024-06-21 13:43:36,164][flwr][INFO] - 	       [   1,   44, 1072,    3,    0,    0,    7,    1,    1,    6],
[2024-06-21 13:43:36,164][flwr][INFO] - 	       [   3,   16,  164,  752,    4,   18,   17,   11,   42,    5],
[2024-06-21 13:43:36,164][flwr][INFO] - 	       [   7,   11,    5,  124,  779,    4,   23,    2,   21,   34],
[2024-06-21 13:43:36,164][flwr][INFO] - 	       [  21,    4,    2,    3,    1,  919,    6,    6,    1,   19],
[2024-06-21 13:43:36,165][flwr][INFO] - 	       [  15,   15,    2,   13,   21,  100,  683,    2,   10,   31],
[2024-06-21 13:43:36,165][flwr][INFO] - 	       [   3,   15,    4,    2,    0,   10,  623,  297,    0,    4],
[2024-06-21 13:43:36,165][flwr][INFO] - 	       [  27,    2,   30,   10,    1,    7,    0,   61,  883,    7],
[2024-06-21 13:43:36,165][flwr][INFO] - 	       [   7,   20,   19,    9,    9,   27,   24,    5,   69,  785],
[2024-06-21 13:43:36,165][flwr][INFO] - 	       [ 756,    9,    3,    1,    6,   71,    3,    6,   23,  131]])),
[2024-06-21 13:43:36,165][flwr][INFO] - 	                      (7,
[2024-06-21 13:43:36,165][flwr][INFO] - 	                       array([[ 253,  703,    0,    1,    0,    2,    3,    4,    2,   12],
[2024-06-21 13:43:36,165][flwr][INFO] - 	       [   1,   20, 1071,    4,    0,    1,    3,    1,    7,   27],
[2024-06-21 13:43:36,165][flwr][INFO] - 	       [   4,    8,   48,  895,    7,   14,    2,    9,   28,   17],
[2024-06-21 13:43:36,165][flwr][INFO] - 	       [   2,    4,    2,  123,  789,    2,   21,    1,   22,   44],
[2024-06-21 13:43:36,165][flwr][INFO] - 	       [  57,    2,    0,    5,    8,  853,    4,    3,    0,   50],
[2024-06-21 13:43:36,165][flwr][INFO] - 	       [   6,    7,    2,    9,   25,   42,  727,    3,    6,   65],
[2024-06-21 13:43:36,165][flwr][INFO] - 	       [   2,    9,    3,    3,    1,   17,  250,  654,    0,   19],
[2024-06-21 13:43:36,165][flwr][INFO] - 	       [  30,    2,    9,   24,    2,    5,    1,    6,  937,   12],
[2024-06-21 13:43:36,165][flwr][INFO] - 	       [   1,    3,    3,   13,   13,    5,    9,    1,   17,  909],
[2024-06-21 13:43:36,165][flwr][INFO] - 	       [ 807,    5,    2,    3,   11,   31,    3,    0,   10,  137]])),
[2024-06-21 13:43:36,165][flwr][INFO] - 	                      (8,
[2024-06-21 13:43:36,165][flwr][INFO] - 	                       array([[ 174,  787,    0,    1,    0,    1,    7,    1,    1,    8],
[2024-06-21 13:43:36,165][flwr][INFO] - 	       [   0,   42, 1063,    4,    0,    1,    6,    0,    0,   19],
[2024-06-21 13:43:36,165][flwr][INFO] - 	       [   3,   12,   42,  902,    5,   12,    7,    4,   13,   32],
[2024-06-21 13:43:36,165][flwr][INFO] - 	       [   3,    5,    1,  150,  758,    4,   20,    0,   10,   59],
[2024-06-21 13:43:36,165][flwr][INFO] - 	       [  39,    1,    1,    4,    1,  852,   13,    2,    0,   69],
[2024-06-21 13:43:36,165][flwr][INFO] - 	       [   9,    7,    3,   15,   14,   23,  779,    1,    2,   39],
[2024-06-21 13:43:36,165][flwr][INFO] - 	       [   1,   14,    3,    1,    0,   15,  740,  171,    0,   13],
[2024-06-21 13:43:36,165][flwr][INFO] - 	       [  41,    4,    9,   32,    2,    7,    2,   19,  884,   28],
[2024-06-21 13:43:36,165][flwr][INFO] - 	       [   5,    3,    5,    7,    3,    9,   20,    0,    7,  915],
[2024-06-21 13:43:36,165][flwr][INFO] - 	       [ 764,    6,    3,    1,    4,   28,    0,    1,    2,  200]])),
[2024-06-21 13:43:36,165][flwr][INFO] - 	                      (9,
[2024-06-21 13:43:36,165][flwr][INFO] - 	                       array([[   9,  949,    0,    0,    0,    2,    4,    3,    2,   11],
[2024-06-21 13:43:36,165][flwr][INFO] - 	       [   0,   49, 1063,    3,    1,    1,    3,    1,    1,   13],
[2024-06-21 13:43:36,165][flwr][INFO] - 	       [   2,   10,  119,  825,   25,   10,    3,    6,   11,   21],
[2024-06-21 13:43:36,165][flwr][INFO] - 	       [   5,    2,    3,   60,  887,    1,   10,    0,    9,   33],
[2024-06-21 13:43:36,165][flwr][INFO] - 	       [  75,    2,    4,    3,   54,  811,    5,    3,    0,   25],
[2024-06-21 13:43:36,165][flwr][INFO] - 	       [   9,    6,    2,    1,   45,   25,  767,    1,    3,   33],
[2024-06-21 13:43:36,165][flwr][INFO] - 	       [   3,   19,    4,    1,    1,   17,  185,  712,    0,   16],
[2024-06-21 13:43:36,165][flwr][INFO] - 	       [  35,    5,   16,   31,    6,    7,    1,   15,  892,   20],
[2024-06-21 13:43:36,165][flwr][INFO] - 	       [   1,    4,    8,   11,   17,    4,   22,    1,    5,  901],
[2024-06-21 13:43:36,165][flwr][INFO] - 	       [ 868,    7,    1,    1,   17,   21,    3,    1,    4,   86]])),
[2024-06-21 13:43:36,165][flwr][INFO] - 	                      (10,
[2024-06-21 13:43:36,165][flwr][INFO] - 	                       array([[ 109,  843,    0,    1,    0,    1,    7,    6,    1,   12],
[2024-06-21 13:43:36,165][flwr][INFO] - 	       [   0,    1, 1113,    3,    1,    1,    1,    2,    0,   13],
[2024-06-21 13:43:36,165][flwr][INFO] - 	       [   5,    4,   78,  891,    8,    9,    3,    5,    9,   20],
[2024-06-21 13:43:36,165][flwr][INFO] - 	       [   3,    1,    5,  113,  807,    9,    5,    2,    8,   57],
[2024-06-21 13:43:36,165][flwr][INFO] - 	       [  20,    1,    7,    6,    1,  871,    6,    6,    0,   64],
[2024-06-21 13:43:36,165][flwr][INFO] - 	       [   8,    2,    4,    4,   37,   99,  656,    4,    2,   76],
[2024-06-21 13:43:36,165][flwr][INFO] - 	       [   2,    7,    5,    2,    0,    6,  100,  828,    0,    8],
[2024-06-21 13:43:36,165][flwr][INFO] - 	       [  15,    2,   30,   38,    2,    5,    0,  449,  449,   38],
[2024-06-21 13:43:36,165][flwr][INFO] - 	       [   2,    2,   14,    6,   10,    5,    9,    3,    5,  918],
[2024-06-21 13:43:36,166][flwr][INFO] - 	       [ 568,    2,    7,    1,    4,   36,    1,    2,    4,  384]]))],
[2024-06-21 13:43:36,166][flwr][INFO] - 	 'f1': [(0, 0.03553137346181725),
[2024-06-21 13:43:36,166][flwr][INFO] - 	        (1, 0.12747780332032407),
[2024-06-21 13:43:36,166][flwr][INFO] - 	        (2, 0.13673216590144674),
[2024-06-21 13:43:36,166][flwr][INFO] - 	        (3, 0.16681259160705336),
[2024-06-21 13:43:36,166][flwr][INFO] - 	        (4, 0.08892550982201963),
[2024-06-21 13:43:36,166][flwr][INFO] - 	        (5, 0.13490179901361485),
[2024-06-21 13:43:36,166][flwr][INFO] - 	        (6, 0.12622564776872247),
[2024-06-21 13:43:36,166][flwr][INFO] - 	        (7, 0.0854249322430214),
[2024-06-21 13:43:36,166][flwr][INFO] - 	        (8, 0.118553918235365),
[2024-06-21 13:43:36,166][flwr][INFO] - 	        (9, 0.05914217098126877),
[2024-06-21 13:43:36,166][flwr][INFO] - 	        (10, 0.12084136790015977)],
[2024-06-21 13:43:36,166][flwr][INFO] - 	 'precision': [(0, 0.12349967530374152),
[2024-06-21 13:43:36,166][flwr][INFO] - 	               (1, 0.12775774930499373),
[2024-06-21 13:43:36,166][flwr][INFO] - 	               (2, 0.12367950197632517),
[2024-06-21 13:43:36,166][flwr][INFO] - 	               (3, 0.15292864887296137),
[2024-06-21 13:43:36,166][flwr][INFO] - 	               (4, 0.08439649355624555),
[2024-06-21 13:43:36,166][flwr][INFO] - 	               (5, 0.1253748744785537),
[2024-06-21 13:43:36,166][flwr][INFO] - 	               (6, 0.12365056892022554),
[2024-06-21 13:43:36,166][flwr][INFO] - 	               (7, 0.0815384370266599),
[2024-06-21 13:43:36,166][flwr][INFO] - 	               (8, 0.11113479194742604),
[2024-06-21 13:43:36,166][flwr][INFO] - 	               (9, 0.057972147482389484),
[2024-06-21 13:43:36,166][flwr][INFO] - 	               (10, 0.11326153773112888)],
[2024-06-21 13:43:36,166][flwr][INFO] - 	 'recall': [(0, 0.1086),
[2024-06-21 13:43:36,166][flwr][INFO] - 	            (1, 0.1739),
[2024-06-21 13:43:36,166][flwr][INFO] - 	            (2, 0.1592),
[2024-06-21 13:43:36,166][flwr][INFO] - 	            (3, 0.1865),
[2024-06-21 13:43:36,166][flwr][INFO] - 	            (4, 0.0967),
[2024-06-21 13:43:36,166][flwr][INFO] - 	            (5, 0.153),
[2024-06-21 13:43:36,166][flwr][INFO] - 	            (6, 0.1375),
[2024-06-21 13:43:36,166][flwr][INFO] - 	            (7, 0.0904),
[2024-06-21 13:43:36,166][flwr][INFO] - 	            (8, 0.1398),
[2024-06-21 13:43:36,166][flwr][INFO] - 	            (9, 0.0607),
[2024-06-21 13:43:36,166][flwr][INFO] - 	            (10, 0.1339)]}
[2024-06-21 13:43:36,166][flwr][INFO] - 
