[2024-07-08 17:52:57,013][flwr][INFO] - Starting Flower simulation, config: num_rounds=10, no round_timeout
[2024-07-08 17:52:59,023][flwr][INFO] - Flower VCE: Ray initialized with resources: {'memory': 7579746304.0, 'node:__internal_head__': 1.0, 'CPU': 12.0, 'object_store_memory': 2147483648.0, 'node:127.0.0.1': 1.0}
[2024-07-08 17:52:59,023][flwr][INFO] - Optimize your simulation with Flower VCE: https://flower.ai/docs/framework/how-to-run-simulations.html
[2024-07-08 17:52:59,023][flwr][INFO] - Flower VCE: Resources for each Virtual Client: {'num_cpus': 2, 'num_gpus': 0}
[2024-07-08 17:52:59,029][flwr][INFO] - Flower VCE: Creating VirtualClientEngineActorPool with 6 actors
[2024-07-08 17:52:59,029][flwr][INFO] - [INIT]
[2024-07-08 17:52:59,029][flwr][INFO] - Requesting initial parameters from one random client
[2024-07-08 17:53:00,550][flwr][INFO] - Received initial parameters from one random client
[2024-07-08 17:53:00,550][flwr][INFO] - Evaluating initial global parameters
[2024-07-08 17:53:00,889][flwr][INFO] - initial parameters (loss, other metrics): 181.76928067207336, {'accuracy': 0.1086, 'precision': 0.12349967530374152, 'recall': 0.1086, 'f1': 0.03553137346181725, 'confusion_matrix': array([[   0,    8,    0,  956,    0,    1,    0,   15,    0,    0],
       [   0,  122,    0, 1013,    0,    0,    0,    0,    0,    0],
       [   0,   38,    0,  971,    0,    0,    3,   19,    1,    0],
       [   0,   44,    0,  945,    1,    1,    0,   17,    2,    0],
       [   0,  143,    0,  816,    1,    0,    2,   20,    0,    0],
       [   0,  118,    0,  735,    1,    7,    0,   30,    1,    0],
       [   0,  144,    0,  749,   25,    0,    2,   38,    0,    0],
       [   0,  272,    0,  724,    8,    0,    0,    9,   15,    0],
       [   0,   81,    0,  859,    1,    0,    1,   32,    0,    0],
       [   0,  178,    0,  799,    1,    0,    0,   31,    0,    0]])}
[2024-07-08 17:53:00,890][flwr][INFO] - 
[2024-07-08 17:53:00,890][flwr][INFO] - [ROUND 1]
[2024-07-08 17:53:00,890][flwr][INFO] - configure_fit: strategy sampled 10 clients (out of 10)
[2024-07-08 17:53:08,812][flwr][INFO] - aggregate_fit: received 10 results and 0 failures
[2024-07-08 17:53:08,818][flwr][WARNING] - No fit_metrics_aggregation_fn provided
[2024-07-08 17:53:09,160][flwr][INFO] - fit progress: (1, 176.63840913772583, {'accuracy': 0.1306, 'precision': 0.10521673539724552, 'recall': 0.1306, 'f1': 0.10822567516985411, 'confusion_matrix': array([[ 471,  351,    0,    5,    0,   21,   61,   69,    2,    0],
       [   1,    0, 1119,    5,    0,    0,    5,    5,    0,    0],
       [  14,    1,  320,  545,    1,    0,    5,  123,    8,   15],
       [  15,   12,  121,  281,  385,    0,   96,   17,   33,   50],
       [ 414,    0,    7,    2,   91,  189,   31,  214,    0,   34],
       [  63,    9,    8,   10,    8,   15,  740,   29,    4,    6],
       [   1,    2,    4,    4,    0,    0,   45,  901,    0,    1],
       [ 355,    0,   22,   60,    0,    2,    1,   31,  551,    6],
       [ 102,    3,   63,   32,   39,    2,   86,   44,    7,  596],
       [ 900,    1,    6,    3,   16,    0,   13,   21,    4,   45]])}, 8.270594)
[2024-07-08 17:53:09,160][flwr][INFO] - configure_evaluate: no clients selected, skipping evaluation
[2024-07-08 17:53:09,160][flwr][INFO] - 
[2024-07-08 17:53:09,160][flwr][INFO] - [ROUND 2]
[2024-07-08 17:53:09,160][flwr][INFO] - configure_fit: strategy sampled 10 clients (out of 10)
[2024-07-08 17:53:15,673][flwr][INFO] - aggregate_fit: received 10 results and 0 failures
[2024-07-08 17:53:16,019][flwr][INFO] - fit progress: (2, 178.93127071857452, {'accuracy': 0.2175, 'precision': 0.15973860550164679, 'recall': 0.2175, 'f1': 0.18323785562238804, 'confusion_matrix': array([[ 768,  183,    0,    1,    0,    2,   13,   11,    1,    1],
       [   0,    0, 1120,    3,    0,    2,    6,    0,    1,    3],
       [   7,    3,  136,  836,    5,   10,    6,    9,    6,   14],
       [   0,    3,    8,  349,  586,    7,   17,    0,   13,   27],
       [  14,    0,    0,    3,   13,  913,    6,    5,    5,   23],
       [  18,    8,    0,   10,   23,  114,  695,    2,    7,   15],
       [   1,    6,    5,    1,    0,    6,  476,  462,    0,    1],
       [ 175,    0,   24,   54,    2,   16,    0,    0,  756,    1],
       [  13,    3,   23,   31,   15,   29,   31,    0,   18,  811],
       [ 597,    1,    6,    2,    9,   85,    0,    1,    7,  301]])}, 15.130202500000003)
[2024-07-08 17:53:16,019][flwr][INFO] - configure_evaluate: no clients selected, skipping evaluation
[2024-07-08 17:53:16,019][flwr][INFO] - 
[2024-07-08 17:53:16,020][flwr][INFO] - [ROUND 3]
[2024-07-08 17:53:16,020][flwr][INFO] - configure_fit: strategy sampled 10 clients (out of 10)
[2024-07-08 17:53:22,623][flwr][INFO] - aggregate_fit: received 10 results and 0 failures
[2024-07-08 17:53:22,970][flwr][INFO] - fit progress: (3, 162.56158864498138, {'accuracy': 0.1985, 'precision': 0.14987286338560404, 'recall': 0.1985, 'f1': 0.1696784415202551, 'confusion_matrix': array([[ 601,  359,    0,    2,    0,    4,    4,    6,    1,    3],
       [   0,    1, 1124,    3,    0,    0,    1,    3,    0,    3],
       [   4,    3,   87,  910,    1,    5,    4,    3,    6,    9],
       [   0,    1,    4,  409,  546,    6,   10,    0,    9,   25],
       [  10,    1,    3,    4,   30,  899,    4,    7,    3,   21],
       [   6,    5,    0,   12,   18,   55,  779,    2,    1,   14],
       [   1,    9,    3,    2,    1,    2,  515,  423,    1,    1],
       [  55,    0,   29,  127,    0,   12,    1,    4,  798,    2],
       [   7,    3,   12,   37,   12,   19,   26,    1,    9,  848],
       [ 655,    1,    6,    3,    3,   58,    1,    1,    7,  274]])}, 22.081293334)
[2024-07-08 17:53:22,970][flwr][INFO] - configure_evaluate: no clients selected, skipping evaluation
[2024-07-08 17:53:22,970][flwr][INFO] - 
[2024-07-08 17:53:22,970][flwr][INFO] - [ROUND 4]
[2024-07-08 17:53:22,971][flwr][INFO] - configure_fit: strategy sampled 10 clients (out of 10)
[2024-07-08 17:53:28,976][flwr][INFO] - aggregate_fit: received 10 results and 0 failures
[2024-07-08 17:53:29,324][flwr][INFO] - fit progress: (4, 156.66671586036682, {'accuracy': 0.1772, 'precision': 0.14613809809128894, 'recall': 0.1772, 'f1': 0.15944209130751022, 'confusion_matrix': array([[ 550,  415,    0,    2,    0,    3,    1,    5,    1,    3],
       [   0,    1, 1119,    4,    1,    0,    1,    3,    2,    4],
       [   5,    2,   30,  971,    2,    3,    2,    3,    6,    8],
       [   0,    0,    3,  302,  643,    6,    8,    0,   12,   36],
       [   3,    0,    0,    2,   51,  890,    1,    7,    2,   26],
       [   6,    3,    0,    8,   18,   56,  774,    3,    7,   17],
       [   0,   10,    3,    0,    1,    4,  359,  577,    1,    3],
       [  22,    0,   17,   43,    2,   12,    0,    6,  923,    3],
       [   4,    3,    4,   14,   11,    7,   17,    1,   22,  891],
       [ 546,    0,    6,    2,    6,   45,    1,    1,    7,  395]])}, 28.434943917)
[2024-07-08 17:53:29,324][flwr][INFO] - configure_evaluate: no clients selected, skipping evaluation
[2024-07-08 17:53:29,324][flwr][INFO] - 
[2024-07-08 17:53:29,324][flwr][INFO] - [ROUND 5]
[2024-07-08 17:53:29,324][flwr][INFO] - configure_fit: strategy sampled 10 clients (out of 10)
[2024-07-08 17:53:35,376][flwr][INFO] - aggregate_fit: received 10 results and 0 failures
[2024-07-08 17:53:35,740][flwr][INFO] - fit progress: (5, 177.74237883090973, {'accuracy': 0.1276, 'precision': 0.10219397865386619, 'recall': 0.1276, 'f1': 0.11241904355122774, 'confusion_matrix': array([[ 147,  822,    0,    2,    0,    2,    2,    3,    0,    2],
       [   0,    0, 1122,    4,    1,    0,    2,    1,    2,    3],
       [   3,    3,   56,  951,    0,    3,    3,    2,    6,    5],
       [   1,    0,    2,  515,  432,    4,   18,    0,   15,   23],
       [  11,    1,    4,    4,   10,  927,    1,    7,    3,   14],
       [   6,    1,    0,   11,    7,   29,  827,    3,    4,    4],
       [   0,    7,    3,    2,    0,    4,  302,  637,    0,    3],
       [  26,    0,   19,   28,    2,   10,    0,    3,  938,    2],
       [   6,    3,    6,   12,    6,   13,   29,    0,    8,  891],
       [ 749,    1,    6,    4,    2,   36,    2,    1,    2,  206]])}, 34.851910584)
[2024-07-08 17:53:35,741][flwr][INFO] - configure_evaluate: no clients selected, skipping evaluation
[2024-07-08 17:53:35,741][flwr][INFO] - 
[2024-07-08 17:53:35,741][flwr][INFO] - [ROUND 6]
[2024-07-08 17:53:35,741][flwr][INFO] - configure_fit: strategy sampled 10 clients (out of 10)
[2024-07-08 17:53:42,198][flwr][INFO] - aggregate_fit: received 10 results and 0 failures
[2024-07-08 17:53:42,569][flwr][INFO] - fit progress: (6, 169.70739352703094, {'accuracy': 0.1472, 'precision': 0.12412368357293557, 'recall': 0.1472, 'f1': 0.13243858335878989, 'confusion_matrix': array([[ 253,  715,    0,    3,    0,    2,    2,    3,    0,    2],
       [   0,    1, 1118,    4,    2,    0,    2,    2,    0,    6],
       [   3,    3,   41,  966,    1,    2,    2,    3,    5,    6],
       [   0,    0,    1,  448,  507,    6,    5,    0,   12,   31],
       [   4,    1,    0,    6,    8,  931,    0,    6,    2,   24],
       [   4,    3,    0,    8,   16,   47,  799,    2,    3,   10],
       [   0,    5,    3,    1,    0,    5,  185,  756,    0,    3],
       [  10,    0,   12,   28,    1,    7,    0,    3,  959,    8],
       [   1,    3,    2,    8,    8,   12,   12,    0,   20,  908],
       [ 495,    2,    3,    2,    4,   33,    1,    0,    3,  466]])}, 41.680346875)
[2024-07-08 17:53:42,569][flwr][INFO] - configure_evaluate: no clients selected, skipping evaluation
[2024-07-08 17:53:42,569][flwr][INFO] - 
[2024-07-08 17:53:42,569][flwr][INFO] - [ROUND 7]
[2024-07-08 17:53:42,570][flwr][INFO] - configure_fit: strategy sampled 10 clients (out of 10)
[2024-07-08 17:53:49,405][flwr][INFO] - aggregate_fit: received 10 results and 0 failures
[2024-07-08 17:53:49,761][flwr][INFO] - fit progress: (7, 171.16447174549103, {'accuracy': 0.0948, 'precision': 0.08557404835575175, 'recall': 0.0948, 'f1': 0.08966893592148723, 'confusion_matrix': array([[ 273,  696,    0,    1,    0,    2,    1,    2,    2,    3],
       [   0,    3, 1121,    4,    1,    0,    1,    1,    0,    4],
       [   3,    2,   33,  976,    1,    2,    2,    2,    5,    6],
       [   0,    0,    1,  182,  783,    3,    2,    0,   10,   29],
       [   9,    2,    0,    5,   13,  924,    0,    5,    2,   22],
       [   7,    5,    0,    3,   21,   38,  800,    3,    3,   12],
       [   0,    6,    3,    1,    1,    2,  115,  827,    0,    3],
       [  10,    1,   15,   26,    1,    3,    0,    3,  964,    5],
       [   3,    3,    4,   11,    6,    3,    7,    1,   19,  917],
       [ 697,    3,    4,    2,    4,   25,    2,    0,    3,  269]])}, 48.872252125)
[2024-07-08 17:53:49,761][flwr][INFO] - configure_evaluate: no clients selected, skipping evaluation
[2024-07-08 17:53:49,761][flwr][INFO] - 
[2024-07-08 17:53:49,761][flwr][INFO] - [ROUND 8]
[2024-07-08 17:53:49,762][flwr][INFO] - configure_fit: strategy sampled 10 clients (out of 10)
[2024-07-08 17:53:55,755][flwr][INFO] - aggregate_fit: received 10 results and 0 failures
[2024-07-08 17:53:56,104][flwr][INFO] - fit progress: (8, 168.86080300807953, {'accuracy': 0.1164, 'precision': 0.09875085297581673, 'recall': 0.1164, 'f1': 0.10657419563280678, 'confusion_matrix': array([[ 476,  492,    0,    2,    0,    1,    1,    3,    1,    4],
       [   0,    0, 1122,    4,    2,    0,    1,    2,    0,    4],
       [   3,    2,   82,  927,    1,    3,    2,    2,    5,    5],
       [   1,    0,    1,  163,  802,    3,    2,    0,   10,   28],
       [   4,    1,    0,    3,   12,  924,    0,   11,    2,   25],
       [   5,    4,    0,    2,   21,   36,  799,    3,    5,   17],
       [   1,    5,    3,    1,    1,    5,  138,  801,    0,    3],
       [  11,    1,   15,   21,    0,    8,    0,   13,  950,    9],
       [   3,    0,    2,   11,    4,    1,    6,    2,   13,  932],
       [ 742,    3,    3,    1,    5,   21,    1,    0,    2,  231]])}, 55.214999709000004)
[2024-07-08 17:53:56,104][flwr][INFO] - configure_evaluate: no clients selected, skipping evaluation
[2024-07-08 17:53:56,104][flwr][INFO] - 
[2024-07-08 17:53:56,104][flwr][INFO] - [ROUND 9]
[2024-07-08 17:53:56,104][flwr][INFO] - configure_fit: strategy sampled 10 clients (out of 10)
[2024-07-08 17:54:02,327][flwr][INFO] - aggregate_fit: received 10 results and 0 failures
[2024-07-08 17:54:02,705][flwr][INFO] - fit progress: (9, 190.6964876651764, {'accuracy': 0.0589, 'precision': 0.05538319885939743, 'recall': 0.0589, 'f1': 0.05698031473972071, 'confusion_matrix': array([[ 128,  834,    0,    1,    0,    2,    2,    5,    3,    5],
       [   0,    0, 1123,    3,    1,    0,    1,    3,    0,    4],
       [   2,    2,   26,  984,    1,    1,    2,    3,    7,    4],
       [   0,    0,    3,  131,  822,    1,    7,    1,   14,   31],
       [   7,    1,    0,    3,   15,  924,    4,    8,    2,   18],
       [   1,    4,    0,    1,   16,   19,  835,    3,    2,   11],
       [   0,    6,    3,    1,    1,    1,   85,  860,    0,    1],
       [   7,    1,   15,   24,    0,    1,    0,   18,  953,    9],
       [   2,    2,    4,   10,    4,    0,    6,    3,   14,  929],
       [ 821,    2,    3,    2,    2,   19,    3,    1,    3,  153]])}, 61.816345084000005)
[2024-07-08 17:54:02,705][flwr][INFO] - configure_evaluate: no clients selected, skipping evaluation
[2024-07-08 17:54:02,705][flwr][INFO] - 
[2024-07-08 17:54:02,705][flwr][INFO] - [ROUND 10]
[2024-07-08 17:54:02,706][flwr][INFO] - configure_fit: strategy sampled 10 clients (out of 10)
[2024-07-08 17:54:08,897][flwr][INFO] - aggregate_fit: received 10 results and 0 failures
[2024-07-08 17:54:09,248][flwr][INFO] - fit progress: (10, 180.70380651950836, {'accuracy': 0.0867, 'precision': 0.08249721952416342, 'recall': 0.0867, 'f1': 0.0843151106863021, 'confusion_matrix': array([[ 122,  842,    0,    1,    0,    2,    1,    5,    1,    6],
       [   0,  294,  824,    4,    2,    0,    1,    2,    0,    8],
       [   2,    3,    7, 1002,    3,    0,    1,    3,    7,    4],
       [   1,    0,    1,  108,  856,    6,    2,    0,   11,   25],
       [   2,    2,    0,    4,    3,  940,    0,    6,    2,   23],
       [   2,    3,    1,    2,   14,   59,  791,    2,    2,   16],
       [   0,    4,    3,    1,    1,    4,   59,  884,    0,    2],
       [   8,    1,   10,   21,    0,    7,    0,   15,  957,    9],
       [   1,    1,    1,    7,    8,    1,    5,    2,    8,  940],
       [ 783,    2,    2,    1,    2,   22,    2,    1,    2,  192]])}, 68.35907025)
[2024-07-08 17:54:09,248][flwr][INFO] - configure_evaluate: no clients selected, skipping evaluation
[2024-07-08 17:54:09,249][flwr][INFO] - 
[2024-07-08 17:54:09,249][flwr][INFO] - [SUMMARY]
[2024-07-08 17:54:09,249][flwr][INFO] - Run finished 10 round(s) in 68.36s
[2024-07-08 17:54:09,252][flwr][INFO] - 	History (loss, centralized):
[2024-07-08 17:54:09,253][flwr][INFO] - 		round 0: 181.76928067207336
[2024-07-08 17:54:09,253][flwr][INFO] - 		round 1: 176.63840913772583
[2024-07-08 17:54:09,253][flwr][INFO] - 		round 2: 178.93127071857452
[2024-07-08 17:54:09,253][flwr][INFO] - 		round 3: 162.56158864498138
[2024-07-08 17:54:09,253][flwr][INFO] - 		round 4: 156.66671586036682
[2024-07-08 17:54:09,253][flwr][INFO] - 		round 5: 177.74237883090973
[2024-07-08 17:54:09,253][flwr][INFO] - 		round 6: 169.70739352703094
[2024-07-08 17:54:09,253][flwr][INFO] - 		round 7: 171.16447174549103
[2024-07-08 17:54:09,253][flwr][INFO] - 		round 8: 168.86080300807953
[2024-07-08 17:54:09,253][flwr][INFO] - 		round 9: 190.6964876651764
[2024-07-08 17:54:09,253][flwr][INFO] - 		round 10: 180.70380651950836
[2024-07-08 17:54:09,253][flwr][INFO] - 	History (metrics, centralized):
[2024-07-08 17:54:09,253][flwr][INFO] - 	{'accuracy': [(0, 0.1086),
[2024-07-08 17:54:09,253][flwr][INFO] - 	              (1, 0.1306),
[2024-07-08 17:54:09,253][flwr][INFO] - 	              (2, 0.2175),
[2024-07-08 17:54:09,253][flwr][INFO] - 	              (3, 0.1985),
[2024-07-08 17:54:09,253][flwr][INFO] - 	              (4, 0.1772),
[2024-07-08 17:54:09,253][flwr][INFO] - 	              (5, 0.1276),
[2024-07-08 17:54:09,253][flwr][INFO] - 	              (6, 0.1472),
[2024-07-08 17:54:09,253][flwr][INFO] - 	              (7, 0.0948),
[2024-07-08 17:54:09,253][flwr][INFO] - 	              (8, 0.1164),
[2024-07-08 17:54:09,253][flwr][INFO] - 	              (9, 0.0589),
[2024-07-08 17:54:09,253][flwr][INFO] - 	              (10, 0.0867)],
[2024-07-08 17:54:09,253][flwr][INFO] - 	 'confusion_matrix': [(0,
[2024-07-08 17:54:09,253][flwr][INFO] - 	                       array([[   0,    8,    0,  956,    0,    1,    0,   15,    0,    0],
[2024-07-08 17:54:09,253][flwr][INFO] - 	       [   0,  122,    0, 1013,    0,    0,    0,    0,    0,    0],
[2024-07-08 17:54:09,253][flwr][INFO] - 	       [   0,   38,    0,  971,    0,    0,    3,   19,    1,    0],
[2024-07-08 17:54:09,253][flwr][INFO] - 	       [   0,   44,    0,  945,    1,    1,    0,   17,    2,    0],
[2024-07-08 17:54:09,253][flwr][INFO] - 	       [   0,  143,    0,  816,    1,    0,    2,   20,    0,    0],
[2024-07-08 17:54:09,253][flwr][INFO] - 	       [   0,  118,    0,  735,    1,    7,    0,   30,    1,    0],
[2024-07-08 17:54:09,253][flwr][INFO] - 	       [   0,  144,    0,  749,   25,    0,    2,   38,    0,    0],
[2024-07-08 17:54:09,253][flwr][INFO] - 	       [   0,  272,    0,  724,    8,    0,    0,    9,   15,    0],
[2024-07-08 17:54:09,253][flwr][INFO] - 	       [   0,   81,    0,  859,    1,    0,    1,   32,    0,    0],
[2024-07-08 17:54:09,254][flwr][INFO] - 	       [   0,  178,    0,  799,    1,    0,    0,   31,    0,    0]])),
[2024-07-08 17:54:09,254][flwr][INFO] - 	                      (1,
[2024-07-08 17:54:09,254][flwr][INFO] - 	                       array([[ 471,  351,    0,    5,    0,   21,   61,   69,    2,    0],
[2024-07-08 17:54:09,254][flwr][INFO] - 	       [   1,    0, 1119,    5,    0,    0,    5,    5,    0,    0],
[2024-07-08 17:54:09,254][flwr][INFO] - 	       [  14,    1,  320,  545,    1,    0,    5,  123,    8,   15],
[2024-07-08 17:54:09,254][flwr][INFO] - 	       [  15,   12,  121,  281,  385,    0,   96,   17,   33,   50],
[2024-07-08 17:54:09,254][flwr][INFO] - 	       [ 414,    0,    7,    2,   91,  189,   31,  214,    0,   34],
[2024-07-08 17:54:09,254][flwr][INFO] - 	       [  63,    9,    8,   10,    8,   15,  740,   29,    4,    6],
[2024-07-08 17:54:09,254][flwr][INFO] - 	       [   1,    2,    4,    4,    0,    0,   45,  901,    0,    1],
[2024-07-08 17:54:09,254][flwr][INFO] - 	       [ 355,    0,   22,   60,    0,    2,    1,   31,  551,    6],
[2024-07-08 17:54:09,254][flwr][INFO] - 	       [ 102,    3,   63,   32,   39,    2,   86,   44,    7,  596],
[2024-07-08 17:54:09,254][flwr][INFO] - 	       [ 900,    1,    6,    3,   16,    0,   13,   21,    4,   45]])),
[2024-07-08 17:54:09,254][flwr][INFO] - 	                      (2,
[2024-07-08 17:54:09,254][flwr][INFO] - 	                       array([[ 768,  183,    0,    1,    0,    2,   13,   11,    1,    1],
[2024-07-08 17:54:09,254][flwr][INFO] - 	       [   0,    0, 1120,    3,    0,    2,    6,    0,    1,    3],
[2024-07-08 17:54:09,254][flwr][INFO] - 	       [   7,    3,  136,  836,    5,   10,    6,    9,    6,   14],
[2024-07-08 17:54:09,254][flwr][INFO] - 	       [   0,    3,    8,  349,  586,    7,   17,    0,   13,   27],
[2024-07-08 17:54:09,254][flwr][INFO] - 	       [  14,    0,    0,    3,   13,  913,    6,    5,    5,   23],
[2024-07-08 17:54:09,254][flwr][INFO] - 	       [  18,    8,    0,   10,   23,  114,  695,    2,    7,   15],
[2024-07-08 17:54:09,254][flwr][INFO] - 	       [   1,    6,    5,    1,    0,    6,  476,  462,    0,    1],
[2024-07-08 17:54:09,254][flwr][INFO] - 	       [ 175,    0,   24,   54,    2,   16,    0,    0,  756,    1],
[2024-07-08 17:54:09,254][flwr][INFO] - 	       [  13,    3,   23,   31,   15,   29,   31,    0,   18,  811],
[2024-07-08 17:54:09,254][flwr][INFO] - 	       [ 597,    1,    6,    2,    9,   85,    0,    1,    7,  301]])),
[2024-07-08 17:54:09,254][flwr][INFO] - 	                      (3,
[2024-07-08 17:54:09,254][flwr][INFO] - 	                       array([[ 601,  359,    0,    2,    0,    4,    4,    6,    1,    3],
[2024-07-08 17:54:09,254][flwr][INFO] - 	       [   0,    1, 1124,    3,    0,    0,    1,    3,    0,    3],
[2024-07-08 17:54:09,254][flwr][INFO] - 	       [   4,    3,   87,  910,    1,    5,    4,    3,    6,    9],
[2024-07-08 17:54:09,254][flwr][INFO] - 	       [   0,    1,    4,  409,  546,    6,   10,    0,    9,   25],
[2024-07-08 17:54:09,254][flwr][INFO] - 	       [  10,    1,    3,    4,   30,  899,    4,    7,    3,   21],
[2024-07-08 17:54:09,254][flwr][INFO] - 	       [   6,    5,    0,   12,   18,   55,  779,    2,    1,   14],
[2024-07-08 17:54:09,254][flwr][INFO] - 	       [   1,    9,    3,    2,    1,    2,  515,  423,    1,    1],
[2024-07-08 17:54:09,254][flwr][INFO] - 	       [  55,    0,   29,  127,    0,   12,    1,    4,  798,    2],
[2024-07-08 17:54:09,254][flwr][INFO] - 	       [   7,    3,   12,   37,   12,   19,   26,    1,    9,  848],
[2024-07-08 17:54:09,254][flwr][INFO] - 	       [ 655,    1,    6,    3,    3,   58,    1,    1,    7,  274]])),
[2024-07-08 17:54:09,254][flwr][INFO] - 	                      (4,
[2024-07-08 17:54:09,254][flwr][INFO] - 	                       array([[ 550,  415,    0,    2,    0,    3,    1,    5,    1,    3],
[2024-07-08 17:54:09,254][flwr][INFO] - 	       [   0,    1, 1119,    4,    1,    0,    1,    3,    2,    4],
[2024-07-08 17:54:09,254][flwr][INFO] - 	       [   5,    2,   30,  971,    2,    3,    2,    3,    6,    8],
[2024-07-08 17:54:09,254][flwr][INFO] - 	       [   0,    0,    3,  302,  643,    6,    8,    0,   12,   36],
[2024-07-08 17:54:09,254][flwr][INFO] - 	       [   3,    0,    0,    2,   51,  890,    1,    7,    2,   26],
[2024-07-08 17:54:09,254][flwr][INFO] - 	       [   6,    3,    0,    8,   18,   56,  774,    3,    7,   17],
[2024-07-08 17:54:09,254][flwr][INFO] - 	       [   0,   10,    3,    0,    1,    4,  359,  577,    1,    3],
[2024-07-08 17:54:09,254][flwr][INFO] - 	       [  22,    0,   17,   43,    2,   12,    0,    6,  923,    3],
[2024-07-08 17:54:09,254][flwr][INFO] - 	       [   4,    3,    4,   14,   11,    7,   17,    1,   22,  891],
[2024-07-08 17:54:09,254][flwr][INFO] - 	       [ 546,    0,    6,    2,    6,   45,    1,    1,    7,  395]])),
[2024-07-08 17:54:09,254][flwr][INFO] - 	                      (5,
[2024-07-08 17:54:09,254][flwr][INFO] - 	                       array([[ 147,  822,    0,    2,    0,    2,    2,    3,    0,    2],
[2024-07-08 17:54:09,254][flwr][INFO] - 	       [   0,    0, 1122,    4,    1,    0,    2,    1,    2,    3],
[2024-07-08 17:54:09,255][flwr][INFO] - 	       [   3,    3,   56,  951,    0,    3,    3,    2,    6,    5],
[2024-07-08 17:54:09,255][flwr][INFO] - 	       [   1,    0,    2,  515,  432,    4,   18,    0,   15,   23],
[2024-07-08 17:54:09,255][flwr][INFO] - 	       [  11,    1,    4,    4,   10,  927,    1,    7,    3,   14],
[2024-07-08 17:54:09,255][flwr][INFO] - 	       [   6,    1,    0,   11,    7,   29,  827,    3,    4,    4],
[2024-07-08 17:54:09,255][flwr][INFO] - 	       [   0,    7,    3,    2,    0,    4,  302,  637,    0,    3],
[2024-07-08 17:54:09,255][flwr][INFO] - 	       [  26,    0,   19,   28,    2,   10,    0,    3,  938,    2],
[2024-07-08 17:54:09,255][flwr][INFO] - 	       [   6,    3,    6,   12,    6,   13,   29,    0,    8,  891],
[2024-07-08 17:54:09,255][flwr][INFO] - 	       [ 749,    1,    6,    4,    2,   36,    2,    1,    2,  206]])),
[2024-07-08 17:54:09,255][flwr][INFO] - 	                      (6,
[2024-07-08 17:54:09,255][flwr][INFO] - 	                       array([[ 253,  715,    0,    3,    0,    2,    2,    3,    0,    2],
[2024-07-08 17:54:09,255][flwr][INFO] - 	       [   0,    1, 1118,    4,    2,    0,    2,    2,    0,    6],
[2024-07-08 17:54:09,255][flwr][INFO] - 	       [   3,    3,   41,  966,    1,    2,    2,    3,    5,    6],
[2024-07-08 17:54:09,255][flwr][INFO] - 	       [   0,    0,    1,  448,  507,    6,    5,    0,   12,   31],
[2024-07-08 17:54:09,255][flwr][INFO] - 	       [   4,    1,    0,    6,    8,  931,    0,    6,    2,   24],
[2024-07-08 17:54:09,255][flwr][INFO] - 	       [   4,    3,    0,    8,   16,   47,  799,    2,    3,   10],
[2024-07-08 17:54:09,255][flwr][INFO] - 	       [   0,    5,    3,    1,    0,    5,  185,  756,    0,    3],
[2024-07-08 17:54:09,255][flwr][INFO] - 	       [  10,    0,   12,   28,    1,    7,    0,    3,  959,    8],
[2024-07-08 17:54:09,255][flwr][INFO] - 	       [   1,    3,    2,    8,    8,   12,   12,    0,   20,  908],
[2024-07-08 17:54:09,255][flwr][INFO] - 	       [ 495,    2,    3,    2,    4,   33,    1,    0,    3,  466]])),
[2024-07-08 17:54:09,255][flwr][INFO] - 	                      (7,
[2024-07-08 17:54:09,255][flwr][INFO] - 	                       array([[ 273,  696,    0,    1,    0,    2,    1,    2,    2,    3],
[2024-07-08 17:54:09,255][flwr][INFO] - 	       [   0,    3, 1121,    4,    1,    0,    1,    1,    0,    4],
[2024-07-08 17:54:09,255][flwr][INFO] - 	       [   3,    2,   33,  976,    1,    2,    2,    2,    5,    6],
[2024-07-08 17:54:09,255][flwr][INFO] - 	       [   0,    0,    1,  182,  783,    3,    2,    0,   10,   29],
[2024-07-08 17:54:09,255][flwr][INFO] - 	       [   9,    2,    0,    5,   13,  924,    0,    5,    2,   22],
[2024-07-08 17:54:09,255][flwr][INFO] - 	       [   7,    5,    0,    3,   21,   38,  800,    3,    3,   12],
[2024-07-08 17:54:09,255][flwr][INFO] - 	       [   0,    6,    3,    1,    1,    2,  115,  827,    0,    3],
[2024-07-08 17:54:09,255][flwr][INFO] - 	       [  10,    1,   15,   26,    1,    3,    0,    3,  964,    5],
[2024-07-08 17:54:09,255][flwr][INFO] - 	       [   3,    3,    4,   11,    6,    3,    7,    1,   19,  917],
[2024-07-08 17:54:09,255][flwr][INFO] - 	       [ 697,    3,    4,    2,    4,   25,    2,    0,    3,  269]])),
[2024-07-08 17:54:09,255][flwr][INFO] - 	                      (8,
[2024-07-08 17:54:09,255][flwr][INFO] - 	                       array([[ 476,  492,    0,    2,    0,    1,    1,    3,    1,    4],
[2024-07-08 17:54:09,255][flwr][INFO] - 	       [   0,    0, 1122,    4,    2,    0,    1,    2,    0,    4],
[2024-07-08 17:54:09,255][flwr][INFO] - 	       [   3,    2,   82,  927,    1,    3,    2,    2,    5,    5],
[2024-07-08 17:54:09,255][flwr][INFO] - 	       [   1,    0,    1,  163,  802,    3,    2,    0,   10,   28],
[2024-07-08 17:54:09,255][flwr][INFO] - 	       [   4,    1,    0,    3,   12,  924,    0,   11,    2,   25],
[2024-07-08 17:54:09,255][flwr][INFO] - 	       [   5,    4,    0,    2,   21,   36,  799,    3,    5,   17],
[2024-07-08 17:54:09,255][flwr][INFO] - 	       [   1,    5,    3,    1,    1,    5,  138,  801,    0,    3],
[2024-07-08 17:54:09,255][flwr][INFO] - 	       [  11,    1,   15,   21,    0,    8,    0,   13,  950,    9],
[2024-07-08 17:54:09,255][flwr][INFO] - 	       [   3,    0,    2,   11,    4,    1,    6,    2,   13,  932],
[2024-07-08 17:54:09,255][flwr][INFO] - 	       [ 742,    3,    3,    1,    5,   21,    1,    0,    2,  231]])),
[2024-07-08 17:54:09,255][flwr][INFO] - 	                      (9,
[2024-07-08 17:54:09,255][flwr][INFO] - 	                       array([[ 128,  834,    0,    1,    0,    2,    2,    5,    3,    5],
[2024-07-08 17:54:09,255][flwr][INFO] - 	       [   0,    0, 1123,    3,    1,    0,    1,    3,    0,    4],
[2024-07-08 17:54:09,255][flwr][INFO] - 	       [   2,    2,   26,  984,    1,    1,    2,    3,    7,    4],
[2024-07-08 17:54:09,255][flwr][INFO] - 	       [   0,    0,    3,  131,  822,    1,    7,    1,   14,   31],
[2024-07-08 17:54:09,255][flwr][INFO] - 	       [   7,    1,    0,    3,   15,  924,    4,    8,    2,   18],
[2024-07-08 17:54:09,255][flwr][INFO] - 	       [   1,    4,    0,    1,   16,   19,  835,    3,    2,   11],
[2024-07-08 17:54:09,255][flwr][INFO] - 	       [   0,    6,    3,    1,    1,    1,   85,  860,    0,    1],
[2024-07-08 17:54:09,256][flwr][INFO] - 	       [   7,    1,   15,   24,    0,    1,    0,   18,  953,    9],
[2024-07-08 17:54:09,256][flwr][INFO] - 	       [   2,    2,    4,   10,    4,    0,    6,    3,   14,  929],
[2024-07-08 17:54:09,256][flwr][INFO] - 	       [ 821,    2,    3,    2,    2,   19,    3,    1,    3,  153]])),
[2024-07-08 17:54:09,256][flwr][INFO] - 	                      (10,
[2024-07-08 17:54:09,256][flwr][INFO] - 	                       array([[ 122,  842,    0,    1,    0,    2,    1,    5,    1,    6],
[2024-07-08 17:54:09,256][flwr][INFO] - 	       [   0,  294,  824,    4,    2,    0,    1,    2,    0,    8],
[2024-07-08 17:54:09,256][flwr][INFO] - 	       [   2,    3,    7, 1002,    3,    0,    1,    3,    7,    4],
[2024-07-08 17:54:09,256][flwr][INFO] - 	       [   1,    0,    1,  108,  856,    6,    2,    0,   11,   25],
[2024-07-08 17:54:09,256][flwr][INFO] - 	       [   2,    2,    0,    4,    3,  940,    0,    6,    2,   23],
[2024-07-08 17:54:09,256][flwr][INFO] - 	       [   2,    3,    1,    2,   14,   59,  791,    2,    2,   16],
[2024-07-08 17:54:09,256][flwr][INFO] - 	       [   0,    4,    3,    1,    1,    4,   59,  884,    0,    2],
[2024-07-08 17:54:09,256][flwr][INFO] - 	       [   8,    1,   10,   21,    0,    7,    0,   15,  957,    9],
[2024-07-08 17:54:09,256][flwr][INFO] - 	       [   1,    1,    1,    7,    8,    1,    5,    2,    8,  940],
[2024-07-08 17:54:09,256][flwr][INFO] - 	       [ 783,    2,    2,    1,    2,   22,    2,    1,    2,  192]]))],
[2024-07-08 17:54:09,256][flwr][INFO] - 	 'f1': [(0, 0.03553137346181725),
[2024-07-08 17:54:09,256][flwr][INFO] - 	        (1, 0.10822567516985411),
[2024-07-08 17:54:09,256][flwr][INFO] - 	        (2, 0.18323785562238804),
[2024-07-08 17:54:09,256][flwr][INFO] - 	        (3, 0.1696784415202551),
[2024-07-08 17:54:09,256][flwr][INFO] - 	        (4, 0.15944209130751022),
[2024-07-08 17:54:09,256][flwr][INFO] - 	        (5, 0.11241904355122774),
[2024-07-08 17:54:09,256][flwr][INFO] - 	        (6, 0.13243858335878989),
[2024-07-08 17:54:09,256][flwr][INFO] - 	        (7, 0.08966893592148723),
[2024-07-08 17:54:09,256][flwr][INFO] - 	        (8, 0.10657419563280678),
[2024-07-08 17:54:09,256][flwr][INFO] - 	        (9, 0.05698031473972071),
[2024-07-08 17:54:09,256][flwr][INFO] - 	        (10, 0.0843151106863021)],
[2024-07-08 17:54:09,256][flwr][INFO] - 	 'precision': [(0, 0.12349967530374152),
[2024-07-08 17:54:09,256][flwr][INFO] - 	               (1, 0.10521673539724552),
[2024-07-08 17:54:09,256][flwr][INFO] - 	               (2, 0.15973860550164679),
[2024-07-08 17:54:09,256][flwr][INFO] - 	               (3, 0.14987286338560404),
[2024-07-08 17:54:09,256][flwr][INFO] - 	               (4, 0.14613809809128894),
[2024-07-08 17:54:09,256][flwr][INFO] - 	               (5, 0.10219397865386619),
[2024-07-08 17:54:09,256][flwr][INFO] - 	               (6, 0.12412368357293557),
[2024-07-08 17:54:09,256][flwr][INFO] - 	               (7, 0.08557404835575175),
[2024-07-08 17:54:09,256][flwr][INFO] - 	               (8, 0.09875085297581673),
[2024-07-08 17:54:09,256][flwr][INFO] - 	               (9, 0.05538319885939743),
[2024-07-08 17:54:09,256][flwr][INFO] - 	               (10, 0.08249721952416342)],
[2024-07-08 17:54:09,256][flwr][INFO] - 	 'recall': [(0, 0.1086),
[2024-07-08 17:54:09,256][flwr][INFO] - 	            (1, 0.1306),
[2024-07-08 17:54:09,256][flwr][INFO] - 	            (2, 0.2175),
[2024-07-08 17:54:09,256][flwr][INFO] - 	            (3, 0.1985),
[2024-07-08 17:54:09,256][flwr][INFO] - 	            (4, 0.1772),
[2024-07-08 17:54:09,256][flwr][INFO] - 	            (5, 0.1276),
[2024-07-08 17:54:09,256][flwr][INFO] - 	            (6, 0.1472),
[2024-07-08 17:54:09,256][flwr][INFO] - 	            (7, 0.0948),
[2024-07-08 17:54:09,256][flwr][INFO] - 	            (8, 0.1164),
[2024-07-08 17:54:09,256][flwr][INFO] - 	            (9, 0.0589),
[2024-07-08 17:54:09,256][flwr][INFO] - 	            (10, 0.0867)]}
[2024-07-08 17:54:09,256][flwr][INFO] - 
