[2024-06-21 13:40:24,981][flwr][INFO] - Starting Flower simulation, config: num_rounds=10, no round_timeout
[2024-06-21 13:40:26,925][flwr][INFO] - Flower VCE: Ray initialized with resources: {'memory': 9081969050.0, 'node:__internal_head__': 1.0, 'CPU': 12.0, 'node:127.0.0.1': 1.0, 'object_store_memory': 2147483648.0}
[2024-06-21 13:40:26,925][flwr][INFO] - Optimize your simulation with Flower VCE: https://flower.ai/docs/framework/how-to-run-simulations.html
[2024-06-21 13:40:26,925][flwr][INFO] - Flower VCE: Resources for each Virtual Client: {'num_cpus': 2, 'num_gpus': 0}
[2024-06-21 13:40:26,931][flwr][INFO] - Flower VCE: Creating VirtualClientEngineActorPool with 6 actors
[2024-06-21 13:40:26,932][flwr][INFO] - [INIT]
[2024-06-21 13:40:26,932][flwr][INFO] - Requesting initial parameters from one random client
[2024-06-21 13:40:28,420][flwr][INFO] - Received initial parameters from one random client
[2024-06-21 13:40:28,420][flwr][INFO] - Evaluating initial global parameters
[2024-06-21 13:40:28,813][flwr][INFO] - initial parameters (loss, other metrics): 181.76928067207336, {'accuracy': 0.1086, 'precision': 0.12349967530374152, 'recall': 0.1086, 'f1': 0.03553137346181725, 'confusion_matrix': array([[   0,    8,    0,  956,    0,    1,    0,   15,    0,    0],
       [   0,  122,    0, 1013,    0,    0,    0,    0,    0,    0],
       [   0,   38,    0,  971,    0,    0,    3,   19,    1,    0],
       [   0,   44,    0,  945,    1,    1,    0,   17,    2,    0],
       [   0,  143,    0,  816,    1,    0,    2,   20,    0,    0],
       [   0,  118,    0,  735,    1,    7,    0,   30,    1,    0],
       [   0,  144,    0,  749,   25,    0,    2,   38,    0,    0],
       [   0,  272,    0,  724,    8,    0,    0,    9,   15,    0],
       [   0,   81,    0,  859,    1,    0,    1,   32,    0,    0],
       [   0,  178,    0,  799,    1,    0,    0,   31,    0,    0]])}
[2024-06-21 13:40:28,814][flwr][INFO] - 
[2024-06-21 13:40:28,814][flwr][INFO] - [ROUND 1]
[2024-06-21 13:40:28,814][flwr][INFO] - configure_fit: strategy sampled 10 clients (out of 100)
[2024-06-21 13:40:35,266][flwr][INFO] - aggregate_fit: received 10 results and 0 failures
[2024-06-21 13:40:35,272][flwr][WARNING] - No fit_metrics_aggregation_fn provided
[2024-06-21 13:40:35,607][flwr][INFO] - fit progress: (1, 150.03548431396484, {'accuracy': 0.5061, 'precision': 0.5958512639415594, 'recall': 0.5061, 'f1': 0.46094816124166244, 'confusion_matrix': array([[945,   1,   0,  13,   0,   0,  17,   3,   0,   1],
       [ 15, 488, 468,  62,   0,   0,   4,   1,  14,  83],
       [ 50,   3, 526, 353,   0,   0,  35,  19,  13,  33],
       [ 38,   8,  10, 796,  25,   0,  28,  13,  41,  51],
       [510,   1,   0,   1, 205,   0,  44, 102,   0, 119],
       [559,  17,   1, 108,  77,   9,  68,  12,  11,  30],
       [ 59,   4,   4,   4,   0,   0, 878,   6,   0,   3],
       [ 26,   5,   6,  17,   0,   0,   1, 847,  55,  71],
       [141,  10,  10, 138,  14,   0,  18,  21, 126, 496],
       [294,   0,   0,   3,  34,   0,   3, 432,   2, 241]])}, 6.792887917000001)
[2024-06-21 13:40:35,607][flwr][INFO] - configure_evaluate: no clients selected, skipping evaluation
[2024-06-21 13:40:35,607][flwr][INFO] - 
[2024-06-21 13:40:35,607][flwr][INFO] - [ROUND 2]
[2024-06-21 13:40:35,607][flwr][INFO] - configure_fit: strategy sampled 10 clients (out of 100)
[2024-06-21 13:40:40,737][flwr][INFO] - aggregate_fit: received 10 results and 0 failures
[2024-06-21 13:40:41,085][flwr][INFO] - fit progress: (2, 86.74967789649963, {'accuracy': 0.7352, 'precision': 0.7491928842900151, 'recall': 0.7352, 'f1': 0.7275182592757875, 'confusion_matrix': array([[ 861,    8,    1,   21,   36,   20,   28,    1,    0,    4],
       [   1, 1027,   87,    9,    3,    1,    4,    0,    3,    0],
       [   5,   24,  802,  119,    8,    3,   25,   19,   23,    4],
       [   1,   10,   20,  881,   47,    1,   10,    7,   31,    2],
       [   0,    1,    4,    1,  814,   84,   23,    8,    2,   45],
       [  37,   45,    6,  140,  175,  388,   48,   10,   12,   31],
       [  12,    8,   11,    5,   10,   12,  895,    4,    0,    1],
       [   1,   17,   35,   13,   27,    3,    1,  826,   81,   24],
       [   5,   39,   14,  226,  117,   16,    9,   12,  353,  183],
       [   4,    6,    3,   11,  371,   11,    3,   68,   27,  505]])}, 12.271211000000001)
[2024-06-21 13:40:41,085][flwr][INFO] - configure_evaluate: no clients selected, skipping evaluation
[2024-06-21 13:40:41,085][flwr][INFO] - 
[2024-06-21 13:40:41,085][flwr][INFO] - [ROUND 3]
[2024-06-21 13:40:41,086][flwr][INFO] - configure_fit: strategy sampled 10 clients (out of 100)
[2024-06-21 13:40:45,885][flwr][INFO] - aggregate_fit: received 10 results and 0 failures
[2024-06-21 13:40:46,223][flwr][INFO] - fit progress: (3, 82.73550170660019, {'accuracy': 0.734, 'precision': 0.749365559924717, 'recall': 0.734, 'f1': 0.7106571261032211, 'confusion_matrix': array([[ 905,    6,    0,    5,    0,   10,   42,    6,    0,    6],
       [   0, 1090,   36,    2,    0,    1,    4,    1,    1,    0],
       [   5,   37,  824,   96,    7,    6,   20,   28,    5,    4],
       [   2,   19,   16,  894,   27,    6,    6,   19,   11,   10],
       [   0,    5,    2,    2,  507,  416,   14,    7,    0,   29],
       [  18,   21,    3,  102,   71,  501,  125,   17,    2,   32],
       [   7,    9,    7,    0,    7,    6,  902,   19,    0,    1],
       [   4,   28,   43,   10,    6,    6,    1,  920,    1,    9],
       [   7,   57,   29,  121,   53,   52,   14,   19,  109,  513],
       [  13,    9,    2,   11,   79,   85,    2,  117,    3,  688]])}, 17.409282209)
[2024-06-21 13:40:46,223][flwr][INFO] - configure_evaluate: no clients selected, skipping evaluation
[2024-06-21 13:40:46,223][flwr][INFO] - 
[2024-06-21 13:40:46,223][flwr][INFO] - [ROUND 4]
[2024-06-21 13:40:46,224][flwr][INFO] - configure_fit: strategy sampled 10 clients (out of 100)
[2024-06-21 13:40:51,123][flwr][INFO] - aggregate_fit: received 10 results and 0 failures
[2024-06-21 13:40:51,476][flwr][INFO] - fit progress: (4, 73.64069575071335, {'accuracy': 0.7743, 'precision': 0.7853309623809708, 'recall': 0.7743, 'f1': 0.758471401350266, 'confusion_matrix': array([[ 927,    2,    0,    2,    1,   12,   23,    4,    1,    8],
       [   0, 1102,   19,    1,    1,    1,    3,    1,    6,    1],
       [   7,   63,  789,   76,   21,    0,   16,   21,   36,    3],
       [   1,   22,   21,  878,   18,    5,    7,   12,   23,   23],
       [   0,    5,    2,    0,  943,    7,   12,    2,    0,   11],
       [  17,   23,    2,   98,   77,  464,  151,   14,    8,   38],
       [   8,    8,    2,    0,   20,    2,  914,    1,    0,    3],
       [   2,   38,   23,    4,   28,    0,    0,  880,   30,   23],
       [   7,   49,    9,   50,   37,   18,   14,   11,  199,  580],
       [  10,    7,    2,   10,  273,   11,    3,   40,    6,  647]])}, 22.662330917000002)
[2024-06-21 13:40:51,476][flwr][INFO] - configure_evaluate: no clients selected, skipping evaluation
[2024-06-21 13:40:51,476][flwr][INFO] - 
[2024-06-21 13:40:51,476][flwr][INFO] - [ROUND 5]
[2024-06-21 13:40:51,477][flwr][INFO] - configure_fit: strategy sampled 10 clients (out of 100)
[2024-06-21 13:40:56,308][flwr][INFO] - aggregate_fit: received 10 results and 0 failures
[2024-06-21 13:40:56,648][flwr][INFO] - fit progress: (5, 63.16523867845535, {'accuracy': 0.7915, 'precision': 0.8096384863052936, 'recall': 0.7915, 'f1': 0.7771621876317093, 'confusion_matrix': array([[ 958,    0,    0,    0,    1,    2,    9,    2,    1,    7],
       [   0, 1106,   20,    1,    1,    0,    2,    0,    5,    0],
       [  15,   73,  780,   75,   21,    0,   12,   22,   33,    1],
       [   5,   32,   25,  860,    9,    5,    6,   17,   24,   27],
       [   1,    5,    2,    2,  942,    1,    8,    2,    1,   18],
       [  32,   25,    2,   61,   58,  328,  323,   13,   17,   33],
       [  16,   12,    2,    0,   28,    2,  893,    3,    0,    2],
       [   2,   34,   29,    2,   24,    0,    0,  913,    7,   17],
       [  15,   54,   12,   23,   36,    9,   11,   12,  378,  424],
       [  24,    9,    2,    7,  160,    2,    1,   37,   10,  757]])}, 27.834760000000003)
[2024-06-21 13:40:56,649][flwr][INFO] - configure_evaluate: no clients selected, skipping evaluation
[2024-06-21 13:40:56,649][flwr][INFO] - 
[2024-06-21 13:40:56,649][flwr][INFO] - [ROUND 6]
[2024-06-21 13:40:56,649][flwr][INFO] - configure_fit: strategy sampled 10 clients (out of 100)
[2024-06-21 13:41:01,539][flwr][INFO] - aggregate_fit: received 10 results and 0 failures
[2024-06-21 13:41:01,878][flwr][INFO] - fit progress: (6, 59.072682201862335, {'accuracy': 0.8206, 'precision': 0.8282187274789014, 'recall': 0.8206, 'f1': 0.8118851509656987, 'confusion_matrix': array([[ 956,    3,    0,    0,    0,    3,    9,    2,    4,    3],
       [   0, 1112,   13,    1,    0,    1,    3,    2,    3,    0],
       [  12,   62,  852,   28,   12,    0,   14,   19,   33,    0],
       [   4,   34,   44,  841,    8,    6,    8,   16,   37,   12],
       [   1,    7,    4,    2,  934,    8,   11,    5,    1,    9],
       [  38,   29,    2,   46,   38,  376,  301,   19,   26,   17],
       [  15,   11,    4,    0,   19,    2,  899,    6,    2,    0],
       [   2,   30,   34,    4,   18,    0,    1,  920,   15,    4],
       [  12,   49,   13,   17,   25,   16,   14,   17,  641,  170],
       [  24,    9,    3,   10,  175,    4,    1,   78,   30,  675]])}, 33.065124709)
[2024-06-21 13:41:01,879][flwr][INFO] - configure_evaluate: no clients selected, skipping evaluation
[2024-06-21 13:41:01,879][flwr][INFO] - 
[2024-06-21 13:41:01,879][flwr][INFO] - [ROUND 7]
[2024-06-21 13:41:01,879][flwr][INFO] - configure_fit: strategy sampled 10 clients (out of 100)
[2024-06-21 13:41:06,577][flwr][INFO] - aggregate_fit: received 10 results and 0 failures
[2024-06-21 13:41:06,925][flwr][INFO] - fit progress: (7, 58.07078742980957, {'accuracy': 0.8091, 'precision': 0.8206461095071814, 'recall': 0.8091, 'f1': 0.8008627865139919, 'confusion_matrix': array([[ 945,    5,    0,    0,    0,    6,   12,    5,    2,    5],
       [   0, 1119,    7,    2,    0,    1,    4,    1,    1,    0],
       [   9,   87,  785,   51,   17,    0,   15,   36,   32,    0],
       [   2,   34,   23,  847,   15,    9,    6,   26,   34,   14],
       [   1,   11,    2,    2,  934,    4,   11,    4,    1,   12],
       [  22,   24,    1,   30,   38,  438,  270,   28,   17,   24],
       [  12,    8,    1,    0,   19,    1,  912,    1,    1,    3],
       [   2,   30,   27,    2,   11,    0,    1,  951,    1,    3],
       [   6,   50,    6,   14,   33,   14,   14,   25,  526,  286],
       [  15,   10,    0,    7,  187,    4,    1,  139,   12,  634]])}, 38.111816792)
[2024-06-21 13:41:06,926][flwr][INFO] - configure_evaluate: no clients selected, skipping evaluation
[2024-06-21 13:41:06,926][flwr][INFO] - 
[2024-06-21 13:41:06,926][flwr][INFO] - [ROUND 8]
[2024-06-21 13:41:06,926][flwr][INFO] - configure_fit: strategy sampled 10 clients (out of 100)
[2024-06-21 13:41:12,014][flwr][INFO] - aggregate_fit: received 10 results and 0 failures
[2024-06-21 13:41:12,364][flwr][INFO] - fit progress: (8, 56.92305362224579, {'accuracy': 0.8403, 'precision': 0.8520124736299082, 'recall': 0.8403, 'f1': 0.8341960352887868, 'confusion_matrix': array([[ 956,    2,    0,    0,    0,    3,    8,    4,    5,    2],
       [   0, 1121,    4,    1,    0,    0,    4,    1,    4,    0],
       [  11,   73,  805,   35,   12,    0,   12,   29,   55,    0],
       [   3,   35,   27,  838,    6,   10,    7,   21,   58,    5],
       [   1,    8,    3,    3,  935,    5,    9,    5,    3,   10],
       [  19,   27,    2,   28,   23,  442,  267,   23,   47,   14],
       [  15,    7,    2,    0,   16,    4,  906,    3,    5,    0],
       [   3,   29,   21,    3,   12,    0,    0,  943,   15,    2],
       [   8,   32,    5,   11,   31,    4,   12,   12,  807,   52],
       [  21,    9,    0,    5,  155,    4,    0,   83,   82,  650]])}, 43.550291084)
[2024-06-21 13:41:12,364][flwr][INFO] - configure_evaluate: no clients selected, skipping evaluation
[2024-06-21 13:41:12,364][flwr][INFO] - 
[2024-06-21 13:41:12,364][flwr][INFO] - [ROUND 9]
[2024-06-21 13:41:12,364][flwr][INFO] - configure_fit: strategy sampled 10 clients (out of 100)
[2024-06-21 13:41:17,377][flwr][INFO] - aggregate_fit: received 10 results and 0 failures
[2024-06-21 13:41:17,729][flwr][INFO] - fit progress: (9, 54.47631034255028, {'accuracy': 0.8403, 'precision': 0.847138102370471, 'recall': 0.8403, 'f1': 0.834383074661697, 'confusion_matrix': array([[ 956,    0,    0,    0,    0,    4,   11,    3,    3,    3],
       [   0, 1115,    8,    3,    0,    2,    4,    1,    2,    0],
       [  15,   32,  806,   86,    9,    0,   20,   23,   41,    0],
       [   4,    8,    9,  909,    6,    6,    8,   16,   36,    8],
       [   1,    4,    3,    3,  938,    9,   12,    3,    2,    7],
       [  19,    8,    2,   38,   25,  441,  309,   16,   22,   12],
       [  14,    5,    2,    0,    8,    3,  925,    0,    1,    0],
       [   3,   22,   26,    6,   14,    0,    2,  932,   20,    3],
       [   6,   19,   19,   15,   27,   18,   20,   11,  677,  162],
       [  23,    6,    1,   11,  155,    8,    2,   44,   55,  704]])}, 48.915769375)
[2024-06-21 13:41:17,729][flwr][INFO] - configure_evaluate: no clients selected, skipping evaluation
[2024-06-21 13:41:17,729][flwr][INFO] - 
[2024-06-21 13:41:17,729][flwr][INFO] - [ROUND 10]
[2024-06-21 13:41:17,730][flwr][INFO] - configure_fit: strategy sampled 10 clients (out of 100)
[2024-06-21 13:41:22,684][flwr][INFO] - aggregate_fit: received 10 results and 0 failures
[2024-06-21 13:41:23,036][flwr][INFO] - fit progress: (10, 56.05891716480255, {'accuracy': 0.8512, 'precision': 0.8573090188548887, 'recall': 0.8512, 'f1': 0.8459470945112011, 'confusion_matrix': array([[ 962,    0,    0,    0,    0,    2,    8,    4,    1,    3],
       [   0, 1120,    8,    1,    0,    0,    3,    1,    2,    0],
       [  13,   41,  883,   28,    7,    0,   12,   26,   22,    0],
       [   9,   22,   31,  866,    5,    6,    5,   19,   34,   13],
       [   1,   11,    4,    1,  916,    7,   16,    2,    2,   22],
       [  36,   18,    1,   40,   16,  490,  238,   22,   15,   16],
       [  12,    6,    4,    0,    6,    1,  923,    5,    1,    0],
       [   4,   33,   29,    2,    5,    0,    1,  942,    4,    8],
       [  21,   41,   15,   10,   11,   11,   17,   17,  622,  209],
       [  36,   14,    0,   12,   78,    9,    1,   49,   22,  788]])}, 54.222647709)
[2024-06-21 13:41:23,036][flwr][INFO] - configure_evaluate: no clients selected, skipping evaluation
[2024-06-21 13:41:23,036][flwr][INFO] - 
[2024-06-21 13:41:23,036][flwr][INFO] - [SUMMARY]
[2024-06-21 13:41:23,036][flwr][INFO] - Run finished 10 round(s) in 54.22s
[2024-06-21 13:41:23,040][flwr][INFO] - 	History (loss, centralized):
[2024-06-21 13:41:23,040][flwr][INFO] - 		round 0: 181.76928067207336
[2024-06-21 13:41:23,040][flwr][INFO] - 		round 1: 150.03548431396484
[2024-06-21 13:41:23,040][flwr][INFO] - 		round 2: 86.74967789649963
[2024-06-21 13:41:23,040][flwr][INFO] - 		round 3: 82.73550170660019
[2024-06-21 13:41:23,040][flwr][INFO] - 		round 4: 73.64069575071335
[2024-06-21 13:41:23,040][flwr][INFO] - 		round 5: 63.16523867845535
[2024-06-21 13:41:23,040][flwr][INFO] - 		round 6: 59.072682201862335
[2024-06-21 13:41:23,040][flwr][INFO] - 		round 7: 58.07078742980957
[2024-06-21 13:41:23,040][flwr][INFO] - 		round 8: 56.92305362224579
[2024-06-21 13:41:23,040][flwr][INFO] - 		round 9: 54.47631034255028
[2024-06-21 13:41:23,040][flwr][INFO] - 		round 10: 56.05891716480255
[2024-06-21 13:41:23,040][flwr][INFO] - 	History (metrics, centralized):
[2024-06-21 13:41:23,040][flwr][INFO] - 	{'accuracy': [(0, 0.1086),
[2024-06-21 13:41:23,040][flwr][INFO] - 	              (1, 0.5061),
[2024-06-21 13:41:23,040][flwr][INFO] - 	              (2, 0.7352),
[2024-06-21 13:41:23,041][flwr][INFO] - 	              (3, 0.734),
[2024-06-21 13:41:23,041][flwr][INFO] - 	              (4, 0.7743),
[2024-06-21 13:41:23,041][flwr][INFO] - 	              (5, 0.7915),
[2024-06-21 13:41:23,041][flwr][INFO] - 	              (6, 0.8206),
[2024-06-21 13:41:23,041][flwr][INFO] - 	              (7, 0.8091),
[2024-06-21 13:41:23,041][flwr][INFO] - 	              (8, 0.8403),
[2024-06-21 13:41:23,041][flwr][INFO] - 	              (9, 0.8403),
[2024-06-21 13:41:23,041][flwr][INFO] - 	              (10, 0.8512)],
[2024-06-21 13:41:23,041][flwr][INFO] - 	 'confusion_matrix': [(0,
[2024-06-21 13:41:23,041][flwr][INFO] - 	                       array([[   0,    8,    0,  956,    0,    1,    0,   15,    0,    0],
[2024-06-21 13:41:23,041][flwr][INFO] - 	       [   0,  122,    0, 1013,    0,    0,    0,    0,    0,    0],
[2024-06-21 13:41:23,041][flwr][INFO] - 	       [   0,   38,    0,  971,    0,    0,    3,   19,    1,    0],
[2024-06-21 13:41:23,041][flwr][INFO] - 	       [   0,   44,    0,  945,    1,    1,    0,   17,    2,    0],
[2024-06-21 13:41:23,041][flwr][INFO] - 	       [   0,  143,    0,  816,    1,    0,    2,   20,    0,    0],
[2024-06-21 13:41:23,041][flwr][INFO] - 	       [   0,  118,    0,  735,    1,    7,    0,   30,    1,    0],
[2024-06-21 13:41:23,041][flwr][INFO] - 	       [   0,  144,    0,  749,   25,    0,    2,   38,    0,    0],
[2024-06-21 13:41:23,041][flwr][INFO] - 	       [   0,  272,    0,  724,    8,    0,    0,    9,   15,    0],
[2024-06-21 13:41:23,041][flwr][INFO] - 	       [   0,   81,    0,  859,    1,    0,    1,   32,    0,    0],
[2024-06-21 13:41:23,041][flwr][INFO] - 	       [   0,  178,    0,  799,    1,    0,    0,   31,    0,    0]])),
[2024-06-21 13:41:23,041][flwr][INFO] - 	                      (1,
[2024-06-21 13:41:23,041][flwr][INFO] - 	                       array([[945,   1,   0,  13,   0,   0,  17,   3,   0,   1],
[2024-06-21 13:41:23,041][flwr][INFO] - 	       [ 15, 488, 468,  62,   0,   0,   4,   1,  14,  83],
[2024-06-21 13:41:23,041][flwr][INFO] - 	       [ 50,   3, 526, 353,   0,   0,  35,  19,  13,  33],
[2024-06-21 13:41:23,041][flwr][INFO] - 	       [ 38,   8,  10, 796,  25,   0,  28,  13,  41,  51],
[2024-06-21 13:41:23,041][flwr][INFO] - 	       [510,   1,   0,   1, 205,   0,  44, 102,   0, 119],
[2024-06-21 13:41:23,041][flwr][INFO] - 	       [559,  17,   1, 108,  77,   9,  68,  12,  11,  30],
[2024-06-21 13:41:23,041][flwr][INFO] - 	       [ 59,   4,   4,   4,   0,   0, 878,   6,   0,   3],
[2024-06-21 13:41:23,041][flwr][INFO] - 	       [ 26,   5,   6,  17,   0,   0,   1, 847,  55,  71],
[2024-06-21 13:41:23,041][flwr][INFO] - 	       [141,  10,  10, 138,  14,   0,  18,  21, 126, 496],
[2024-06-21 13:41:23,041][flwr][INFO] - 	       [294,   0,   0,   3,  34,   0,   3, 432,   2, 241]])),
[2024-06-21 13:41:23,041][flwr][INFO] - 	                      (2,
[2024-06-21 13:41:23,041][flwr][INFO] - 	                       array([[ 861,    8,    1,   21,   36,   20,   28,    1,    0,    4],
[2024-06-21 13:41:23,041][flwr][INFO] - 	       [   1, 1027,   87,    9,    3,    1,    4,    0,    3,    0],
[2024-06-21 13:41:23,041][flwr][INFO] - 	       [   5,   24,  802,  119,    8,    3,   25,   19,   23,    4],
[2024-06-21 13:41:23,041][flwr][INFO] - 	       [   1,   10,   20,  881,   47,    1,   10,    7,   31,    2],
[2024-06-21 13:41:23,041][flwr][INFO] - 	       [   0,    1,    4,    1,  814,   84,   23,    8,    2,   45],
[2024-06-21 13:41:23,041][flwr][INFO] - 	       [  37,   45,    6,  140,  175,  388,   48,   10,   12,   31],
[2024-06-21 13:41:23,041][flwr][INFO] - 	       [  12,    8,   11,    5,   10,   12,  895,    4,    0,    1],
[2024-06-21 13:41:23,041][flwr][INFO] - 	       [   1,   17,   35,   13,   27,    3,    1,  826,   81,   24],
[2024-06-21 13:41:23,041][flwr][INFO] - 	       [   5,   39,   14,  226,  117,   16,    9,   12,  353,  183],
[2024-06-21 13:41:23,041][flwr][INFO] - 	       [   4,    6,    3,   11,  371,   11,    3,   68,   27,  505]])),
[2024-06-21 13:41:23,041][flwr][INFO] - 	                      (3,
[2024-06-21 13:41:23,041][flwr][INFO] - 	                       array([[ 905,    6,    0,    5,    0,   10,   42,    6,    0,    6],
[2024-06-21 13:41:23,041][flwr][INFO] - 	       [   0, 1090,   36,    2,    0,    1,    4,    1,    1,    0],
[2024-06-21 13:41:23,041][flwr][INFO] - 	       [   5,   37,  824,   96,    7,    6,   20,   28,    5,    4],
[2024-06-21 13:41:23,041][flwr][INFO] - 	       [   2,   19,   16,  894,   27,    6,    6,   19,   11,   10],
[2024-06-21 13:41:23,041][flwr][INFO] - 	       [   0,    5,    2,    2,  507,  416,   14,    7,    0,   29],
[2024-06-21 13:41:23,042][flwr][INFO] - 	       [  18,   21,    3,  102,   71,  501,  125,   17,    2,   32],
[2024-06-21 13:41:23,042][flwr][INFO] - 	       [   7,    9,    7,    0,    7,    6,  902,   19,    0,    1],
[2024-06-21 13:41:23,042][flwr][INFO] - 	       [   4,   28,   43,   10,    6,    6,    1,  920,    1,    9],
[2024-06-21 13:41:23,042][flwr][INFO] - 	       [   7,   57,   29,  121,   53,   52,   14,   19,  109,  513],
[2024-06-21 13:41:23,042][flwr][INFO] - 	       [  13,    9,    2,   11,   79,   85,    2,  117,    3,  688]])),
[2024-06-21 13:41:23,042][flwr][INFO] - 	                      (4,
[2024-06-21 13:41:23,042][flwr][INFO] - 	                       array([[ 927,    2,    0,    2,    1,   12,   23,    4,    1,    8],
[2024-06-21 13:41:23,042][flwr][INFO] - 	       [   0, 1102,   19,    1,    1,    1,    3,    1,    6,    1],
[2024-06-21 13:41:23,042][flwr][INFO] - 	       [   7,   63,  789,   76,   21,    0,   16,   21,   36,    3],
[2024-06-21 13:41:23,042][flwr][INFO] - 	       [   1,   22,   21,  878,   18,    5,    7,   12,   23,   23],
[2024-06-21 13:41:23,042][flwr][INFO] - 	       [   0,    5,    2,    0,  943,    7,   12,    2,    0,   11],
[2024-06-21 13:41:23,042][flwr][INFO] - 	       [  17,   23,    2,   98,   77,  464,  151,   14,    8,   38],
[2024-06-21 13:41:23,042][flwr][INFO] - 	       [   8,    8,    2,    0,   20,    2,  914,    1,    0,    3],
[2024-06-21 13:41:23,042][flwr][INFO] - 	       [   2,   38,   23,    4,   28,    0,    0,  880,   30,   23],
[2024-06-21 13:41:23,042][flwr][INFO] - 	       [   7,   49,    9,   50,   37,   18,   14,   11,  199,  580],
[2024-06-21 13:41:23,042][flwr][INFO] - 	       [  10,    7,    2,   10,  273,   11,    3,   40,    6,  647]])),
[2024-06-21 13:41:23,042][flwr][INFO] - 	                      (5,
[2024-06-21 13:41:23,042][flwr][INFO] - 	                       array([[ 958,    0,    0,    0,    1,    2,    9,    2,    1,    7],
[2024-06-21 13:41:23,042][flwr][INFO] - 	       [   0, 1106,   20,    1,    1,    0,    2,    0,    5,    0],
[2024-06-21 13:41:23,042][flwr][INFO] - 	       [  15,   73,  780,   75,   21,    0,   12,   22,   33,    1],
[2024-06-21 13:41:23,042][flwr][INFO] - 	       [   5,   32,   25,  860,    9,    5,    6,   17,   24,   27],
[2024-06-21 13:41:23,042][flwr][INFO] - 	       [   1,    5,    2,    2,  942,    1,    8,    2,    1,   18],
[2024-06-21 13:41:23,042][flwr][INFO] - 	       [  32,   25,    2,   61,   58,  328,  323,   13,   17,   33],
[2024-06-21 13:41:23,042][flwr][INFO] - 	       [  16,   12,    2,    0,   28,    2,  893,    3,    0,    2],
[2024-06-21 13:41:23,042][flwr][INFO] - 	       [   2,   34,   29,    2,   24,    0,    0,  913,    7,   17],
[2024-06-21 13:41:23,042][flwr][INFO] - 	       [  15,   54,   12,   23,   36,    9,   11,   12,  378,  424],
[2024-06-21 13:41:23,042][flwr][INFO] - 	       [  24,    9,    2,    7,  160,    2,    1,   37,   10,  757]])),
[2024-06-21 13:41:23,042][flwr][INFO] - 	                      (6,
[2024-06-21 13:41:23,042][flwr][INFO] - 	                       array([[ 956,    3,    0,    0,    0,    3,    9,    2,    4,    3],
[2024-06-21 13:41:23,042][flwr][INFO] - 	       [   0, 1112,   13,    1,    0,    1,    3,    2,    3,    0],
[2024-06-21 13:41:23,042][flwr][INFO] - 	       [  12,   62,  852,   28,   12,    0,   14,   19,   33,    0],
[2024-06-21 13:41:23,042][flwr][INFO] - 	       [   4,   34,   44,  841,    8,    6,    8,   16,   37,   12],
[2024-06-21 13:41:23,042][flwr][INFO] - 	       [   1,    7,    4,    2,  934,    8,   11,    5,    1,    9],
[2024-06-21 13:41:23,042][flwr][INFO] - 	       [  38,   29,    2,   46,   38,  376,  301,   19,   26,   17],
[2024-06-21 13:41:23,042][flwr][INFO] - 	       [  15,   11,    4,    0,   19,    2,  899,    6,    2,    0],
[2024-06-21 13:41:23,042][flwr][INFO] - 	       [   2,   30,   34,    4,   18,    0,    1,  920,   15,    4],
[2024-06-21 13:41:23,042][flwr][INFO] - 	       [  12,   49,   13,   17,   25,   16,   14,   17,  641,  170],
[2024-06-21 13:41:23,042][flwr][INFO] - 	       [  24,    9,    3,   10,  175,    4,    1,   78,   30,  675]])),
[2024-06-21 13:41:23,042][flwr][INFO] - 	                      (7,
[2024-06-21 13:41:23,042][flwr][INFO] - 	                       array([[ 945,    5,    0,    0,    0,    6,   12,    5,    2,    5],
[2024-06-21 13:41:23,042][flwr][INFO] - 	       [   0, 1119,    7,    2,    0,    1,    4,    1,    1,    0],
[2024-06-21 13:41:23,042][flwr][INFO] - 	       [   9,   87,  785,   51,   17,    0,   15,   36,   32,    0],
[2024-06-21 13:41:23,042][flwr][INFO] - 	       [   2,   34,   23,  847,   15,    9,    6,   26,   34,   14],
[2024-06-21 13:41:23,042][flwr][INFO] - 	       [   1,   11,    2,    2,  934,    4,   11,    4,    1,   12],
[2024-06-21 13:41:23,042][flwr][INFO] - 	       [  22,   24,    1,   30,   38,  438,  270,   28,   17,   24],
[2024-06-21 13:41:23,042][flwr][INFO] - 	       [  12,    8,    1,    0,   19,    1,  912,    1,    1,    3],
[2024-06-21 13:41:23,042][flwr][INFO] - 	       [   2,   30,   27,    2,   11,    0,    1,  951,    1,    3],
[2024-06-21 13:41:23,042][flwr][INFO] - 	       [   6,   50,    6,   14,   33,   14,   14,   25,  526,  286],
[2024-06-21 13:41:23,043][flwr][INFO] - 	       [  15,   10,    0,    7,  187,    4,    1,  139,   12,  634]])),
[2024-06-21 13:41:23,043][flwr][INFO] - 	                      (8,
[2024-06-21 13:41:23,043][flwr][INFO] - 	                       array([[ 956,    2,    0,    0,    0,    3,    8,    4,    5,    2],
[2024-06-21 13:41:23,043][flwr][INFO] - 	       [   0, 1121,    4,    1,    0,    0,    4,    1,    4,    0],
[2024-06-21 13:41:23,043][flwr][INFO] - 	       [  11,   73,  805,   35,   12,    0,   12,   29,   55,    0],
[2024-06-21 13:41:23,043][flwr][INFO] - 	       [   3,   35,   27,  838,    6,   10,    7,   21,   58,    5],
[2024-06-21 13:41:23,043][flwr][INFO] - 	       [   1,    8,    3,    3,  935,    5,    9,    5,    3,   10],
[2024-06-21 13:41:23,043][flwr][INFO] - 	       [  19,   27,    2,   28,   23,  442,  267,   23,   47,   14],
[2024-06-21 13:41:23,043][flwr][INFO] - 	       [  15,    7,    2,    0,   16,    4,  906,    3,    5,    0],
[2024-06-21 13:41:23,043][flwr][INFO] - 	       [   3,   29,   21,    3,   12,    0,    0,  943,   15,    2],
[2024-06-21 13:41:23,043][flwr][INFO] - 	       [   8,   32,    5,   11,   31,    4,   12,   12,  807,   52],
[2024-06-21 13:41:23,043][flwr][INFO] - 	       [  21,    9,    0,    5,  155,    4,    0,   83,   82,  650]])),
[2024-06-21 13:41:23,043][flwr][INFO] - 	                      (9,
[2024-06-21 13:41:23,043][flwr][INFO] - 	                       array([[ 956,    0,    0,    0,    0,    4,   11,    3,    3,    3],
[2024-06-21 13:41:23,043][flwr][INFO] - 	       [   0, 1115,    8,    3,    0,    2,    4,    1,    2,    0],
[2024-06-21 13:41:23,043][flwr][INFO] - 	       [  15,   32,  806,   86,    9,    0,   20,   23,   41,    0],
[2024-06-21 13:41:23,043][flwr][INFO] - 	       [   4,    8,    9,  909,    6,    6,    8,   16,   36,    8],
[2024-06-21 13:41:23,043][flwr][INFO] - 	       [   1,    4,    3,    3,  938,    9,   12,    3,    2,    7],
[2024-06-21 13:41:23,043][flwr][INFO] - 	       [  19,    8,    2,   38,   25,  441,  309,   16,   22,   12],
[2024-06-21 13:41:23,043][flwr][INFO] - 	       [  14,    5,    2,    0,    8,    3,  925,    0,    1,    0],
[2024-06-21 13:41:23,043][flwr][INFO] - 	       [   3,   22,   26,    6,   14,    0,    2,  932,   20,    3],
[2024-06-21 13:41:23,043][flwr][INFO] - 	       [   6,   19,   19,   15,   27,   18,   20,   11,  677,  162],
[2024-06-21 13:41:23,043][flwr][INFO] - 	       [  23,    6,    1,   11,  155,    8,    2,   44,   55,  704]])),
[2024-06-21 13:41:23,043][flwr][INFO] - 	                      (10,
[2024-06-21 13:41:23,043][flwr][INFO] - 	                       array([[ 962,    0,    0,    0,    0,    2,    8,    4,    1,    3],
[2024-06-21 13:41:23,043][flwr][INFO] - 	       [   0, 1120,    8,    1,    0,    0,    3,    1,    2,    0],
[2024-06-21 13:41:23,043][flwr][INFO] - 	       [  13,   41,  883,   28,    7,    0,   12,   26,   22,    0],
[2024-06-21 13:41:23,043][flwr][INFO] - 	       [   9,   22,   31,  866,    5,    6,    5,   19,   34,   13],
[2024-06-21 13:41:23,043][flwr][INFO] - 	       [   1,   11,    4,    1,  916,    7,   16,    2,    2,   22],
[2024-06-21 13:41:23,043][flwr][INFO] - 	       [  36,   18,    1,   40,   16,  490,  238,   22,   15,   16],
[2024-06-21 13:41:23,043][flwr][INFO] - 	       [  12,    6,    4,    0,    6,    1,  923,    5,    1,    0],
[2024-06-21 13:41:23,043][flwr][INFO] - 	       [   4,   33,   29,    2,    5,    0,    1,  942,    4,    8],
[2024-06-21 13:41:23,043][flwr][INFO] - 	       [  21,   41,   15,   10,   11,   11,   17,   17,  622,  209],
[2024-06-21 13:41:23,043][flwr][INFO] - 	       [  36,   14,    0,   12,   78,    9,    1,   49,   22,  788]]))],
[2024-06-21 13:41:23,043][flwr][INFO] - 	 'f1': [(0, 0.03553137346181725),
[2024-06-21 13:41:23,043][flwr][INFO] - 	        (1, 0.46094816124166244),
[2024-06-21 13:41:23,043][flwr][INFO] - 	        (2, 0.7275182592757875),
[2024-06-21 13:41:23,043][flwr][INFO] - 	        (3, 0.7106571261032211),
[2024-06-21 13:41:23,043][flwr][INFO] - 	        (4, 0.758471401350266),
[2024-06-21 13:41:23,043][flwr][INFO] - 	        (5, 0.7771621876317093),
[2024-06-21 13:41:23,043][flwr][INFO] - 	        (6, 0.8118851509656987),
[2024-06-21 13:41:23,043][flwr][INFO] - 	        (7, 0.8008627865139919),
[2024-06-21 13:41:23,043][flwr][INFO] - 	        (8, 0.8341960352887868),
[2024-06-21 13:41:23,043][flwr][INFO] - 	        (9, 0.834383074661697),
[2024-06-21 13:41:23,043][flwr][INFO] - 	        (10, 0.8459470945112011)],
[2024-06-21 13:41:23,043][flwr][INFO] - 	 'precision': [(0, 0.12349967530374152),
[2024-06-21 13:41:23,043][flwr][INFO] - 	               (1, 0.5958512639415594),
[2024-06-21 13:41:23,043][flwr][INFO] - 	               (2, 0.7491928842900151),
[2024-06-21 13:41:23,043][flwr][INFO] - 	               (3, 0.749365559924717),
[2024-06-21 13:41:23,044][flwr][INFO] - 	               (4, 0.7853309623809708),
[2024-06-21 13:41:23,044][flwr][INFO] - 	               (5, 0.8096384863052936),
[2024-06-21 13:41:23,044][flwr][INFO] - 	               (6, 0.8282187274789014),
[2024-06-21 13:41:23,044][flwr][INFO] - 	               (7, 0.8206461095071814),
[2024-06-21 13:41:23,044][flwr][INFO] - 	               (8, 0.8520124736299082),
[2024-06-21 13:41:23,044][flwr][INFO] - 	               (9, 0.847138102370471),
[2024-06-21 13:41:23,044][flwr][INFO] - 	               (10, 0.8573090188548887)],
[2024-06-21 13:41:23,044][flwr][INFO] - 	 'recall': [(0, 0.1086),
[2024-06-21 13:41:23,044][flwr][INFO] - 	            (1, 0.5061),
[2024-06-21 13:41:23,044][flwr][INFO] - 	            (2, 0.7352),
[2024-06-21 13:41:23,044][flwr][INFO] - 	            (3, 0.734),
[2024-06-21 13:41:23,044][flwr][INFO] - 	            (4, 0.7743),
[2024-06-21 13:41:23,044][flwr][INFO] - 	            (5, 0.7915),
[2024-06-21 13:41:23,044][flwr][INFO] - 	            (6, 0.8206),
[2024-06-21 13:41:23,044][flwr][INFO] - 	            (7, 0.8091),
[2024-06-21 13:41:23,044][flwr][INFO] - 	            (8, 0.8403),
[2024-06-21 13:41:23,044][flwr][INFO] - 	            (9, 0.8403),
[2024-06-21 13:41:23,044][flwr][INFO] - 	            (10, 0.8512)]}
[2024-06-21 13:41:23,044][flwr][INFO] - 
