[2024-06-20 20:31:15,502][flwr][INFO] - Starting Flower simulation, config: num_rounds=10, no round_timeout
[2024-06-20 20:31:16,561][flwr][INFO] - Flower VCE: Ray initialized with resources: {'memory': 9920389120.0, 'node:127.0.0.1': 1.0, 'node:__internal_head__': 1.0, 'object_store_memory': 2147483648.0, 'CPU': 12.0}
[2024-06-20 20:31:16,561][flwr][INFO] - Optimize your simulation with Flower VCE: https://flower.ai/docs/framework/how-to-run-simulations.html
[2024-06-20 20:31:16,561][flwr][INFO] - Flower VCE: Resources for each Virtual Client: {'num_cpus': 2, 'num_gpus': 0}
[2024-06-20 20:31:16,568][flwr][INFO] - Flower VCE: Creating VirtualClientEngineActorPool with 6 actors
[2024-06-20 20:31:16,568][flwr][INFO] - [INIT]
[2024-06-20 20:31:16,568][flwr][INFO] - Requesting initial parameters from one random client
[2024-06-20 20:31:18,608][flwr][INFO] - Received initial parameters from one random client
[2024-06-20 20:31:18,608][flwr][INFO] - Evaluating initial global parameters
[2024-06-20 20:31:19,054][flwr][INFO] - initial parameters (loss, other metrics): 181.76928067207336, {'accuracy': 0.1086, 'precision': 0.12349967530374152, 'recall': 0.1086, 'f1': 0.03553137346181725, 'confusion_matrix': array([[   0,    8,    0,  956,    0,    1,    0,   15,    0,    0],
       [   0,  122,    0, 1013,    0,    0,    0,    0,    0,    0],
       [   0,   38,    0,  971,    0,    0,    3,   19,    1,    0],
       [   0,   44,    0,  945,    1,    1,    0,   17,    2,    0],
       [   0,  143,    0,  816,    1,    0,    2,   20,    0,    0],
       [   0,  118,    0,  735,    1,    7,    0,   30,    1,    0],
       [   0,  144,    0,  749,   25,    0,    2,   38,    0,    0],
       [   0,  272,    0,  724,    8,    0,    0,    9,   15,    0],
       [   0,   81,    0,  859,    1,    0,    1,   32,    0,    0],
       [   0,  178,    0,  799,    1,    0,    0,   31,    0,    0]])}
[2024-06-20 20:31:19,055][flwr][INFO] - 
[2024-06-20 20:31:19,055][flwr][INFO] - [ROUND 1]
[2024-06-20 20:31:19,055][flwr][INFO] - configure_fit: strategy sampled 10 clients (out of 100)
[2024-06-20 20:31:25,869][flwr][INFO] - aggregate_fit: received 10 results and 0 failures
[2024-06-20 20:31:25,876][flwr][WARNING] - No fit_metrics_aggregation_fn provided
[2024-06-20 20:31:26,310][flwr][INFO] - fit progress: (1, 162105.3447265625, {'accuracy': 0.0859, 'precision': 0.08688388350563298, 'recall': 0.0859, 'f1': 0.05338741393468869, 'confusion_matrix': array([[  4, 612,  24,  34, 259,  24,  19,   3,   0,   1],
       [ 75, 488, 522,   9,  37,   0,   0,   1,   3,   0],
       [  1, 667, 149,  41, 106,   6,  47,   0,  12,   3],
       [  9, 588, 140,  51, 190,   6,  12,   9,   3,   2],
       [  2, 546,  54, 206, 113,  12,  33,   0,  16,   0],
       [  2, 493,  66, 117, 160,  11,  10,   3,  30,   0],
       [  0, 628,  91,  57, 133,   9,  36,   0,   4,   0],
       [  3, 238, 257, 142,  82,  14,  10,   4, 277,   1],
       [  1, 459, 104, 110, 286,   0,  11,   0,   3,   0],
       [  0, 408, 177, 100, 229,   0,  35,   0,  60,   0]])}, 7.255388333)
[2024-06-20 20:31:26,311][flwr][INFO] - configure_evaluate: no clients selected, skipping evaluation
[2024-06-20 20:31:26,311][flwr][INFO] - 
[2024-06-20 20:31:26,311][flwr][INFO] - [ROUND 2]
[2024-06-20 20:31:26,311][flwr][INFO] - configure_fit: strategy sampled 10 clients (out of 100)
[2024-06-20 20:31:31,530][flwr][INFO] - aggregate_fit: received 10 results and 0 failures
[2024-06-20 20:31:31,971][flwr][INFO] - fit progress: (2, 651990.9990234375, {'accuracy': 0.214, 'precision': 0.24184169466934813, 'recall': 0.214, 'f1': 0.18734947875085856, 'confusion_matrix': array([[156, 125,  10,  60,  24, 117, 123, 232,  73,  60],
       [  0, 345,   0,   0,   6,  58,   1, 350,  34, 341],
       [ 10, 291,  19,  68,  16,  88, 127, 210,  60, 143],
       [  2, 185,   8,  65,  20, 199,  35, 338,  95,  63],
       [ 33, 287,   4,  11,  54, 118,  41, 122,  37, 275],
       [ 37, 121,  14,  81,   1,  87,  29, 159, 279,  84],
       [ 29, 197,  24,  17,  21, 131, 205, 126,  18, 190],
       [  4, 122,   6,   5,   9,  28,   4, 632,  45, 173],
       [  6, 156,  10,  38,  32,  70,  33, 250, 233, 146],
       [ 11, 201,   7,  14,  31,  46,  22, 258,  75, 344]])}, 12.916446208)
[2024-06-20 20:31:31,971][flwr][INFO] - configure_evaluate: no clients selected, skipping evaluation
[2024-06-20 20:31:31,972][flwr][INFO] - 
[2024-06-20 20:31:31,972][flwr][INFO] - [ROUND 3]
[2024-06-20 20:31:31,972][flwr][INFO] - configure_fit: strategy sampled 10 clients (out of 100)
[2024-06-20 20:31:37,262][flwr][INFO] - aggregate_fit: received 10 results and 0 failures
[2024-06-20 20:31:37,699][flwr][INFO] - fit progress: (3, 3648795.22265625, {'accuracy': 0.3086, 'precision': 0.3334342078529497, 'recall': 0.3086, 'f1': 0.30215810246607294, 'confusion_matrix': array([[369,  46, 168,  76,   9,  58, 135,  36,  73,  10],
       [ 10, 487,  55,   1,  73, 110,  31,  53, 242,  73],
       [ 12, 127, 397,  77,  10,  35, 107,  77, 160,  30],
       [  9, 125, 157, 282,   8,  79,  54,  87, 194,  15],
       [ 32, 107, 211,  78, 126,  55, 157,  29, 102,  85],
       [ 60,  81,  67, 147,   0,  70,  44,  49, 368,   6],
       [ 37, 105, 300,  30,  38,  42, 285,  61,  46,  14],
       [ 12,  64, 153,  20,  29,  19,   8, 438, 170, 115],
       [ 14,  52, 153, 102,  17,  43,  42,  32, 489,  30],
       [ 33,  79, 314, 100,  43,  11,  41,  76, 169, 143]])}, 18.644807541)
[2024-06-20 20:31:37,700][flwr][INFO] - configure_evaluate: no clients selected, skipping evaluation
[2024-06-20 20:31:37,700][flwr][INFO] - 
[2024-06-20 20:31:37,700][flwr][INFO] - [ROUND 4]
[2024-06-20 20:31:37,700][flwr][INFO] - configure_fit: strategy sampled 10 clients (out of 100)
[2024-06-20 20:31:42,998][flwr][INFO] - aggregate_fit: received 10 results and 0 failures
[2024-06-20 20:31:43,442][flwr][INFO] - fit progress: (4, 24298281.1875, {'accuracy': 0.3482, 'precision': 0.34418773378258244, 'recall': 0.3482, 'f1': 0.34006007066715455, 'confusion_matrix': array([[468,  32,  92,  99,  25,  77, 136,  24,  20,   7],
       [ 13, 600,  47,   7,  41,  61,  29, 114, 127,  96],
       [ 15,  93, 261, 182,  58,  37, 147, 115,  92,  32],
       [ 26, 188, 143, 332,  27,  72,  49,  87,  73,  13],
       [ 52,  60, 116,  85, 239,  91, 207,  42,  21,  69],
       [ 92,  90,  64, 136,  13,  99,  89,  54, 246,   9],
       [ 81,  86, 133,  91,  76,  45, 359,  51,  21,  15],
       [ 34,  38,  90,  18,  37,  21,  18, 609,  61, 102],
       [ 18,  95, 123, 130,  36,  54,  60,  76, 348,  34],
       [ 74,  54, 240,  75,  94,  32,  54, 148,  71, 167]])}, 24.387514916)
[2024-06-20 20:31:43,442][flwr][INFO] - configure_evaluate: no clients selected, skipping evaluation
[2024-06-20 20:31:43,442][flwr][INFO] - 
[2024-06-20 20:31:43,442][flwr][INFO] - [ROUND 5]
[2024-06-20 20:31:43,443][flwr][INFO] - configure_fit: strategy sampled 10 clients (out of 100)
[2024-06-20 20:31:49,822][flwr][INFO] - aggregate_fit: received 10 results and 0 failures
[2024-06-20 20:31:50,266][flwr][INFO] - fit progress: (5, 206737637.5, {'accuracy': 0.3445, 'precision': 0.34024381462455894, 'recall': 0.3445, 'f1': 0.31732430763399927, 'confusion_matrix': array([[641,  32,  60,  40,   7,  74,  79,  36,   2,   9],
       [  7, 698,  77,  10,   8,  22,  36, 192,  31,  54],
       [ 38, 102, 366, 106,  16,  28, 146, 182,  14,  34],
       [ 33, 256, 148, 218,  16,  66,  67, 147,  41,  18],
       [114,  73, 178,  23, 115,  67, 178, 113,  13, 108],
       [134, 126,  78,  66,  12, 138,  70,  92, 162,  14],
       [176,  97, 159,  38,  27,  34, 261, 136,  12,  18],
       [ 46,  34,  88,  10,  21,  16,  11, 696,  21,  85],
       [ 38, 165, 234,  59,  28,  55,  79, 117, 121,  78],
       [ 81,  56, 348,  14,  44,  13,  44, 202,  16, 191]])}, 31.212256708)
[2024-06-20 20:31:50,267][flwr][INFO] - configure_evaluate: no clients selected, skipping evaluation
[2024-06-20 20:31:50,267][flwr][INFO] - 
[2024-06-20 20:31:50,267][flwr][INFO] - [ROUND 6]
[2024-06-20 20:31:50,267][flwr][INFO] - configure_fit: strategy sampled 10 clients (out of 100)
[2024-06-20 20:31:55,615][flwr][INFO] - aggregate_fit: received 10 results and 0 failures
[2024-06-20 20:31:56,069][flwr][INFO] - fit progress: (6, 1612578596.0, {'accuracy': 0.3058, 'precision': 0.3139219595271744, 'recall': 0.3058, 'f1': 0.2953482910353766, 'confusion_matrix': array([[516,  56,  68, 101,   9,  92,  69,  32,  23,  14],
       [  9, 575, 202,  36,  14,  33,  42, 132,  11,  81],
       [ 29,  84, 343, 207,  33,  21,  86, 144,  29,  56],
       [ 20, 177, 158, 390,   6,  60,  32, 103,  40,  24],
       [115,  91, 211,  94, 155,  36, 127,  51,  14,  88],
       [ 71, 116,  96, 150,   6, 158,  42,  60, 178,  15],
       [152, 135, 171,  97,  58,  22, 199,  97,   8,  19],
       [ 29,  31, 209,  35,  34,  23,   7, 470,  53, 137],
       [ 21, 131, 232, 207,  23,  57,  46,  75, 111,  71],
       [ 59,  54, 416,  88,  67,  18,  30, 106,  30, 141]])}, 37.015409541000004)
[2024-06-20 20:31:56,070][flwr][INFO] - configure_evaluate: no clients selected, skipping evaluation
[2024-06-20 20:31:56,070][flwr][INFO] - 
[2024-06-20 20:31:56,070][flwr][INFO] - [ROUND 7]
[2024-06-20 20:31:56,070][flwr][INFO] - configure_fit: strategy sampled 10 clients (out of 100)
[2024-06-20 20:32:01,601][flwr][INFO] - aggregate_fit: received 10 results and 0 failures
[2024-06-20 20:32:02,051][flwr][INFO] - fit progress: (7, 15523230992.0, {'accuracy': 0.2845, 'precision': 0.3027877184994468, 'recall': 0.2845, 'f1': 0.2623196377919649, 'confusion_matrix': array([[376,  46, 143, 102,  16,  76,  89,  92,  20,  20],
       [  6, 581, 230,  37,   6,  14,   8, 160,   7,  86],
       [ 18, 121, 325, 209,  16,  18,  52, 220,  17,  36],
       [  5, 147, 182, 342,   7,  40,  13, 234,  21,  19],
       [ 86,  88, 172, 132, 129,  18,  77, 143,  18, 119],
       [ 45,  89, 113, 142,  10,  74,  33, 186, 181,  19],
       [ 62, 172, 188,  98,  28,  20, 150, 214,   7,  19],
       [  9,  29, 102,  28,  22,   6,   3, 679,  23, 127],
       [  7, 138, 225, 242,  12,  27,  29, 204,  36,  54],
       [ 31,  35, 294, 108,  44,   3,  12, 307,  22, 153]])}, 42.997201708000006)
[2024-06-20 20:32:02,051][flwr][INFO] - configure_evaluate: no clients selected, skipping evaluation
[2024-06-20 20:32:02,051][flwr][INFO] - 
[2024-06-20 20:32:02,051][flwr][INFO] - [ROUND 8]
[2024-06-20 20:32:02,052][flwr][INFO] - configure_fit: strategy sampled 10 clients (out of 100)
[2024-06-20 20:32:07,376][flwr][INFO] - aggregate_fit: received 10 results and 0 failures
[2024-06-20 20:32:07,818][flwr][INFO] - fit progress: (8, 133785593984.0, {'accuracy': 0.2565, 'precision': 0.31255960176506414, 'recall': 0.2565, 'f1': 0.233788128315334, 'confusion_matrix': array([[300,  63, 100,  98,   2, 145,  70, 146,  42,  14],
       [  1, 359, 203,  35,   0,  46,  11, 412,  19,  49],
       [ 16,  88, 311, 173,   9,  26,  38, 322,  27,  22],
       [  1, 112, 134, 371,   1,  60,   8, 284,  25,  14],
       [ 49,  95, 163, 114,  44,  97,  58, 235,  31,  96],
       [ 26,  93,  79, 133,   3, 189,  13, 217, 134,   5],
       [ 30, 125, 155,  52,   9,  34, 127, 409,   7,  10],
       [  7,  23, 104,  29,   5,  23,   4, 726,  49,  58],
       [  3, 118, 193, 186,   2,  80,  17, 283,  59,  33],
       [ 18,  33, 269,  94,  13,  32,   5, 430,  36,  79]])}, 48.764131125000006)
[2024-06-20 20:32:07,818][flwr][INFO] - configure_evaluate: no clients selected, skipping evaluation
[2024-06-20 20:32:07,818][flwr][INFO] - 
[2024-06-20 20:32:07,818][flwr][INFO] - [ROUND 9]
[2024-06-20 20:32:07,819][flwr][INFO] - configure_fit: strategy sampled 10 clients (out of 100)
[2024-06-20 20:32:13,099][flwr][INFO] - aggregate_fit: received 10 results and 0 failures
[2024-06-20 20:32:13,537][flwr][INFO] - fit progress: (9, 1322562219008.0, {'accuracy': 0.2239, 'precision': 0.3079096442564242, 'recall': 0.2239, 'f1': 0.1965055084374598, 'confusion_matrix': array([[234,  31, 107,  78,   1, 169, 119, 176,  59,   6],
       [  0, 182,  79,  17,   1,   9,  16, 784,  22,  25],
       [  7,  54, 342,  77,   5,  17,  66, 406,  49,   9],
       [  0,  88, 185, 295,   0,  47,  29, 306,  53,   7],
       [ 15,  25, 145,  56,  19,  40,  90, 427, 131,  34],
       [ 17,  74,  77, 103,   0,  90,  27, 303, 198,   3],
       [ 17,  78, 156,  44,   2,  15, 135, 495,  10,   6],
       [  4,   9, 109,  10,   2,  10,   7, 810,  56,  11],
       [  2,  99, 149,  85,   0,  46,  21, 449, 112,  11],
       [ 11,   3, 236,  40,   5,  18,  17, 543, 116,  20]])}, 54.483643458)
[2024-06-20 20:32:13,537][flwr][INFO] - configure_evaluate: no clients selected, skipping evaluation
[2024-06-20 20:32:13,538][flwr][INFO] - 
[2024-06-20 20:32:13,538][flwr][INFO] - [ROUND 10]
[2024-06-20 20:32:13,538][flwr][INFO] - configure_fit: strategy sampled 10 clients (out of 100)
[2024-06-20 20:32:18,829][flwr][INFO] - aggregate_fit: received 10 results and 0 failures
[2024-06-20 20:32:19,276][flwr][INFO] - fit progress: (10, 11988184842240.0, {'accuracy': 0.1809, 'precision': 0.26850659809391253, 'recall': 0.1809, 'f1': 0.13966394629861462, 'confusion_matrix': array([[ 97,  13, 275,  86,   1, 125,  96, 121, 157,   9],
       [  0,  16,  70,   6,   3,   3,   7, 933,  80,  17],
       [  0,  11, 390,  68,  11,  10,  55, 363, 108,  16],
       [  0,  51, 341, 205,   1,   9,  18, 278, 103,   4],
       [  2,   5, 219,  49,  24,  21,  32, 449, 154,  27],
       [  7,  30, 144, 103,   3,  33,  14, 275, 280,   3],
       [  5,  16, 204,  49,   7,   7, 116, 529,  19,   6],
       [  3,   1, 162,   7,   1,   5,   1, 750,  86,  12],
       [  2,  27, 228,  56,   1,  18,  10, 457, 160,  15],
       [  1,   1, 305,  31,   5,  11,   6, 529, 102,  18]])}, 60.222361625000005)
[2024-06-20 20:32:19,276][flwr][INFO] - configure_evaluate: no clients selected, skipping evaluation
[2024-06-20 20:32:19,276][flwr][INFO] - 
[2024-06-20 20:32:19,276][flwr][INFO] - [SUMMARY]
[2024-06-20 20:32:19,277][flwr][INFO] - Run finished 10 round(s) in 60.22s
[2024-06-20 20:32:19,281][flwr][INFO] - 	History (loss, centralized):
[2024-06-20 20:32:19,282][flwr][INFO] - 		round 0: 181.76928067207336
[2024-06-20 20:32:19,282][flwr][INFO] - 		round 1: 162105.3447265625
[2024-06-20 20:32:19,282][flwr][INFO] - 		round 2: 651990.9990234375
[2024-06-20 20:32:19,282][flwr][INFO] - 		round 3: 3648795.22265625
[2024-06-20 20:32:19,282][flwr][INFO] - 		round 4: 24298281.1875
[2024-06-20 20:32:19,282][flwr][INFO] - 		round 5: 206737637.5
[2024-06-20 20:32:19,282][flwr][INFO] - 		round 6: 1612578596.0
[2024-06-20 20:32:19,282][flwr][INFO] - 		round 7: 15523230992.0
[2024-06-20 20:32:19,282][flwr][INFO] - 		round 8: 133785593984.0
[2024-06-20 20:32:19,282][flwr][INFO] - 		round 9: 1322562219008.0
[2024-06-20 20:32:19,282][flwr][INFO] - 		round 10: 11988184842240.0
[2024-06-20 20:32:19,282][flwr][INFO] - 	History (metrics, centralized):
[2024-06-20 20:32:19,282][flwr][INFO] - 	{'accuracy': [(0, 0.1086),
[2024-06-20 20:32:19,282][flwr][INFO] - 	              (1, 0.0859),
[2024-06-20 20:32:19,282][flwr][INFO] - 	              (2, 0.214),
[2024-06-20 20:32:19,282][flwr][INFO] - 	              (3, 0.3086),
[2024-06-20 20:32:19,282][flwr][INFO] - 	              (4, 0.3482),
[2024-06-20 20:32:19,282][flwr][INFO] - 	              (5, 0.3445),
[2024-06-20 20:32:19,282][flwr][INFO] - 	              (6, 0.3058),
[2024-06-20 20:32:19,282][flwr][INFO] - 	              (7, 0.2845),
[2024-06-20 20:32:19,282][flwr][INFO] - 	              (8, 0.2565),
[2024-06-20 20:32:19,282][flwr][INFO] - 	              (9, 0.2239),
[2024-06-20 20:32:19,282][flwr][INFO] - 	              (10, 0.1809)],
[2024-06-20 20:32:19,282][flwr][INFO] - 	 'confusion_matrix': [(0,
[2024-06-20 20:32:19,282][flwr][INFO] - 	                       array([[   0,    8,    0,  956,    0,    1,    0,   15,    0,    0],
[2024-06-20 20:32:19,282][flwr][INFO] - 	       [   0,  122,    0, 1013,    0,    0,    0,    0,    0,    0],
[2024-06-20 20:32:19,282][flwr][INFO] - 	       [   0,   38,    0,  971,    0,    0,    3,   19,    1,    0],
[2024-06-20 20:32:19,282][flwr][INFO] - 	       [   0,   44,    0,  945,    1,    1,    0,   17,    2,    0],
[2024-06-20 20:32:19,282][flwr][INFO] - 	       [   0,  143,    0,  816,    1,    0,    2,   20,    0,    0],
[2024-06-20 20:32:19,282][flwr][INFO] - 	       [   0,  118,    0,  735,    1,    7,    0,   30,    1,    0],
[2024-06-20 20:32:19,282][flwr][INFO] - 	       [   0,  144,    0,  749,   25,    0,    2,   38,    0,    0],
[2024-06-20 20:32:19,282][flwr][INFO] - 	       [   0,  272,    0,  724,    8,    0,    0,    9,   15,    0],
[2024-06-20 20:32:19,282][flwr][INFO] - 	       [   0,   81,    0,  859,    1,    0,    1,   32,    0,    0],
[2024-06-20 20:32:19,282][flwr][INFO] - 	       [   0,  178,    0,  799,    1,    0,    0,   31,    0,    0]])),
[2024-06-20 20:32:19,282][flwr][INFO] - 	                      (1,
[2024-06-20 20:32:19,282][flwr][INFO] - 	                       array([[  4, 612,  24,  34, 259,  24,  19,   3,   0,   1],
[2024-06-20 20:32:19,282][flwr][INFO] - 	       [ 75, 488, 522,   9,  37,   0,   0,   1,   3,   0],
[2024-06-20 20:32:19,282][flwr][INFO] - 	       [  1, 667, 149,  41, 106,   6,  47,   0,  12,   3],
[2024-06-20 20:32:19,283][flwr][INFO] - 	       [  9, 588, 140,  51, 190,   6,  12,   9,   3,   2],
[2024-06-20 20:32:19,283][flwr][INFO] - 	       [  2, 546,  54, 206, 113,  12,  33,   0,  16,   0],
[2024-06-20 20:32:19,283][flwr][INFO] - 	       [  2, 493,  66, 117, 160,  11,  10,   3,  30,   0],
[2024-06-20 20:32:19,283][flwr][INFO] - 	       [  0, 628,  91,  57, 133,   9,  36,   0,   4,   0],
[2024-06-20 20:32:19,283][flwr][INFO] - 	       [  3, 238, 257, 142,  82,  14,  10,   4, 277,   1],
[2024-06-20 20:32:19,283][flwr][INFO] - 	       [  1, 459, 104, 110, 286,   0,  11,   0,   3,   0],
[2024-06-20 20:32:19,283][flwr][INFO] - 	       [  0, 408, 177, 100, 229,   0,  35,   0,  60,   0]])),
[2024-06-20 20:32:19,283][flwr][INFO] - 	                      (2,
[2024-06-20 20:32:19,283][flwr][INFO] - 	                       array([[156, 125,  10,  60,  24, 117, 123, 232,  73,  60],
[2024-06-20 20:32:19,283][flwr][INFO] - 	       [  0, 345,   0,   0,   6,  58,   1, 350,  34, 341],
[2024-06-20 20:32:19,283][flwr][INFO] - 	       [ 10, 291,  19,  68,  16,  88, 127, 210,  60, 143],
[2024-06-20 20:32:19,283][flwr][INFO] - 	       [  2, 185,   8,  65,  20, 199,  35, 338,  95,  63],
[2024-06-20 20:32:19,283][flwr][INFO] - 	       [ 33, 287,   4,  11,  54, 118,  41, 122,  37, 275],
[2024-06-20 20:32:19,283][flwr][INFO] - 	       [ 37, 121,  14,  81,   1,  87,  29, 159, 279,  84],
[2024-06-20 20:32:19,283][flwr][INFO] - 	       [ 29, 197,  24,  17,  21, 131, 205, 126,  18, 190],
[2024-06-20 20:32:19,283][flwr][INFO] - 	       [  4, 122,   6,   5,   9,  28,   4, 632,  45, 173],
[2024-06-20 20:32:19,283][flwr][INFO] - 	       [  6, 156,  10,  38,  32,  70,  33, 250, 233, 146],
[2024-06-20 20:32:19,283][flwr][INFO] - 	       [ 11, 201,   7,  14,  31,  46,  22, 258,  75, 344]])),
[2024-06-20 20:32:19,283][flwr][INFO] - 	                      (3,
[2024-06-20 20:32:19,283][flwr][INFO] - 	                       array([[369,  46, 168,  76,   9,  58, 135,  36,  73,  10],
[2024-06-20 20:32:19,283][flwr][INFO] - 	       [ 10, 487,  55,   1,  73, 110,  31,  53, 242,  73],
[2024-06-20 20:32:19,283][flwr][INFO] - 	       [ 12, 127, 397,  77,  10,  35, 107,  77, 160,  30],
[2024-06-20 20:32:19,283][flwr][INFO] - 	       [  9, 125, 157, 282,   8,  79,  54,  87, 194,  15],
[2024-06-20 20:32:19,283][flwr][INFO] - 	       [ 32, 107, 211,  78, 126,  55, 157,  29, 102,  85],
[2024-06-20 20:32:19,283][flwr][INFO] - 	       [ 60,  81,  67, 147,   0,  70,  44,  49, 368,   6],
[2024-06-20 20:32:19,283][flwr][INFO] - 	       [ 37, 105, 300,  30,  38,  42, 285,  61,  46,  14],
[2024-06-20 20:32:19,283][flwr][INFO] - 	       [ 12,  64, 153,  20,  29,  19,   8, 438, 170, 115],
[2024-06-20 20:32:19,283][flwr][INFO] - 	       [ 14,  52, 153, 102,  17,  43,  42,  32, 489,  30],
[2024-06-20 20:32:19,283][flwr][INFO] - 	       [ 33,  79, 314, 100,  43,  11,  41,  76, 169, 143]])),
[2024-06-20 20:32:19,283][flwr][INFO] - 	                      (4,
[2024-06-20 20:32:19,283][flwr][INFO] - 	                       array([[468,  32,  92,  99,  25,  77, 136,  24,  20,   7],
[2024-06-20 20:32:19,283][flwr][INFO] - 	       [ 13, 600,  47,   7,  41,  61,  29, 114, 127,  96],
[2024-06-20 20:32:19,283][flwr][INFO] - 	       [ 15,  93, 261, 182,  58,  37, 147, 115,  92,  32],
[2024-06-20 20:32:19,283][flwr][INFO] - 	       [ 26, 188, 143, 332,  27,  72,  49,  87,  73,  13],
[2024-06-20 20:32:19,283][flwr][INFO] - 	       [ 52,  60, 116,  85, 239,  91, 207,  42,  21,  69],
[2024-06-20 20:32:19,283][flwr][INFO] - 	       [ 92,  90,  64, 136,  13,  99,  89,  54, 246,   9],
[2024-06-20 20:32:19,283][flwr][INFO] - 	       [ 81,  86, 133,  91,  76,  45, 359,  51,  21,  15],
[2024-06-20 20:32:19,283][flwr][INFO] - 	       [ 34,  38,  90,  18,  37,  21,  18, 609,  61, 102],
[2024-06-20 20:32:19,283][flwr][INFO] - 	       [ 18,  95, 123, 130,  36,  54,  60,  76, 348,  34],
[2024-06-20 20:32:19,283][flwr][INFO] - 	       [ 74,  54, 240,  75,  94,  32,  54, 148,  71, 167]])),
[2024-06-20 20:32:19,283][flwr][INFO] - 	                      (5,
[2024-06-20 20:32:19,283][flwr][INFO] - 	                       array([[641,  32,  60,  40,   7,  74,  79,  36,   2,   9],
[2024-06-20 20:32:19,283][flwr][INFO] - 	       [  7, 698,  77,  10,   8,  22,  36, 192,  31,  54],
[2024-06-20 20:32:19,284][flwr][INFO] - 	       [ 38, 102, 366, 106,  16,  28, 146, 182,  14,  34],
[2024-06-20 20:32:19,284][flwr][INFO] - 	       [ 33, 256, 148, 218,  16,  66,  67, 147,  41,  18],
[2024-06-20 20:32:19,284][flwr][INFO] - 	       [114,  73, 178,  23, 115,  67, 178, 113,  13, 108],
[2024-06-20 20:32:19,284][flwr][INFO] - 	       [134, 126,  78,  66,  12, 138,  70,  92, 162,  14],
[2024-06-20 20:32:19,284][flwr][INFO] - 	       [176,  97, 159,  38,  27,  34, 261, 136,  12,  18],
[2024-06-20 20:32:19,284][flwr][INFO] - 	       [ 46,  34,  88,  10,  21,  16,  11, 696,  21,  85],
[2024-06-20 20:32:19,284][flwr][INFO] - 	       [ 38, 165, 234,  59,  28,  55,  79, 117, 121,  78],
[2024-06-20 20:32:19,284][flwr][INFO] - 	       [ 81,  56, 348,  14,  44,  13,  44, 202,  16, 191]])),
[2024-06-20 20:32:19,284][flwr][INFO] - 	                      (6,
[2024-06-20 20:32:19,284][flwr][INFO] - 	                       array([[516,  56,  68, 101,   9,  92,  69,  32,  23,  14],
[2024-06-20 20:32:19,284][flwr][INFO] - 	       [  9, 575, 202,  36,  14,  33,  42, 132,  11,  81],
[2024-06-20 20:32:19,284][flwr][INFO] - 	       [ 29,  84, 343, 207,  33,  21,  86, 144,  29,  56],
[2024-06-20 20:32:19,284][flwr][INFO] - 	       [ 20, 177, 158, 390,   6,  60,  32, 103,  40,  24],
[2024-06-20 20:32:19,284][flwr][INFO] - 	       [115,  91, 211,  94, 155,  36, 127,  51,  14,  88],
[2024-06-20 20:32:19,284][flwr][INFO] - 	       [ 71, 116,  96, 150,   6, 158,  42,  60, 178,  15],
[2024-06-20 20:32:19,284][flwr][INFO] - 	       [152, 135, 171,  97,  58,  22, 199,  97,   8,  19],
[2024-06-20 20:32:19,284][flwr][INFO] - 	       [ 29,  31, 209,  35,  34,  23,   7, 470,  53, 137],
[2024-06-20 20:32:19,284][flwr][INFO] - 	       [ 21, 131, 232, 207,  23,  57,  46,  75, 111,  71],
[2024-06-20 20:32:19,284][flwr][INFO] - 	       [ 59,  54, 416,  88,  67,  18,  30, 106,  30, 141]])),
[2024-06-20 20:32:19,284][flwr][INFO] - 	                      (7,
[2024-06-20 20:32:19,284][flwr][INFO] - 	                       array([[376,  46, 143, 102,  16,  76,  89,  92,  20,  20],
[2024-06-20 20:32:19,284][flwr][INFO] - 	       [  6, 581, 230,  37,   6,  14,   8, 160,   7,  86],
[2024-06-20 20:32:19,284][flwr][INFO] - 	       [ 18, 121, 325, 209,  16,  18,  52, 220,  17,  36],
[2024-06-20 20:32:19,284][flwr][INFO] - 	       [  5, 147, 182, 342,   7,  40,  13, 234,  21,  19],
[2024-06-20 20:32:19,284][flwr][INFO] - 	       [ 86,  88, 172, 132, 129,  18,  77, 143,  18, 119],
[2024-06-20 20:32:19,284][flwr][INFO] - 	       [ 45,  89, 113, 142,  10,  74,  33, 186, 181,  19],
[2024-06-20 20:32:19,284][flwr][INFO] - 	       [ 62, 172, 188,  98,  28,  20, 150, 214,   7,  19],
[2024-06-20 20:32:19,284][flwr][INFO] - 	       [  9,  29, 102,  28,  22,   6,   3, 679,  23, 127],
[2024-06-20 20:32:19,284][flwr][INFO] - 	       [  7, 138, 225, 242,  12,  27,  29, 204,  36,  54],
[2024-06-20 20:32:19,284][flwr][INFO] - 	       [ 31,  35, 294, 108,  44,   3,  12, 307,  22, 153]])),
[2024-06-20 20:32:19,284][flwr][INFO] - 	                      (8,
[2024-06-20 20:32:19,284][flwr][INFO] - 	                       array([[300,  63, 100,  98,   2, 145,  70, 146,  42,  14],
[2024-06-20 20:32:19,284][flwr][INFO] - 	       [  1, 359, 203,  35,   0,  46,  11, 412,  19,  49],
[2024-06-20 20:32:19,284][flwr][INFO] - 	       [ 16,  88, 311, 173,   9,  26,  38, 322,  27,  22],
[2024-06-20 20:32:19,284][flwr][INFO] - 	       [  1, 112, 134, 371,   1,  60,   8, 284,  25,  14],
[2024-06-20 20:32:19,284][flwr][INFO] - 	       [ 49,  95, 163, 114,  44,  97,  58, 235,  31,  96],
[2024-06-20 20:32:19,284][flwr][INFO] - 	       [ 26,  93,  79, 133,   3, 189,  13, 217, 134,   5],
[2024-06-20 20:32:19,284][flwr][INFO] - 	       [ 30, 125, 155,  52,   9,  34, 127, 409,   7,  10],
[2024-06-20 20:32:19,284][flwr][INFO] - 	       [  7,  23, 104,  29,   5,  23,   4, 726,  49,  58],
[2024-06-20 20:32:19,284][flwr][INFO] - 	       [  3, 118, 193, 186,   2,  80,  17, 283,  59,  33],
[2024-06-20 20:32:19,284][flwr][INFO] - 	       [ 18,  33, 269,  94,  13,  32,   5, 430,  36,  79]])),
[2024-06-20 20:32:19,284][flwr][INFO] - 	                      (9,
[2024-06-20 20:32:19,284][flwr][INFO] - 	                       array([[234,  31, 107,  78,   1, 169, 119, 176,  59,   6],
[2024-06-20 20:32:19,285][flwr][INFO] - 	       [  0, 182,  79,  17,   1,   9,  16, 784,  22,  25],
[2024-06-20 20:32:19,285][flwr][INFO] - 	       [  7,  54, 342,  77,   5,  17,  66, 406,  49,   9],
[2024-06-20 20:32:19,285][flwr][INFO] - 	       [  0,  88, 185, 295,   0,  47,  29, 306,  53,   7],
[2024-06-20 20:32:19,285][flwr][INFO] - 	       [ 15,  25, 145,  56,  19,  40,  90, 427, 131,  34],
[2024-06-20 20:32:19,285][flwr][INFO] - 	       [ 17,  74,  77, 103,   0,  90,  27, 303, 198,   3],
[2024-06-20 20:32:19,285][flwr][INFO] - 	       [ 17,  78, 156,  44,   2,  15, 135, 495,  10,   6],
[2024-06-20 20:32:19,285][flwr][INFO] - 	       [  4,   9, 109,  10,   2,  10,   7, 810,  56,  11],
[2024-06-20 20:32:19,285][flwr][INFO] - 	       [  2,  99, 149,  85,   0,  46,  21, 449, 112,  11],
[2024-06-20 20:32:19,285][flwr][INFO] - 	       [ 11,   3, 236,  40,   5,  18,  17, 543, 116,  20]])),
[2024-06-20 20:32:19,285][flwr][INFO] - 	                      (10,
[2024-06-20 20:32:19,285][flwr][INFO] - 	                       array([[ 97,  13, 275,  86,   1, 125,  96, 121, 157,   9],
[2024-06-20 20:32:19,285][flwr][INFO] - 	       [  0,  16,  70,   6,   3,   3,   7, 933,  80,  17],
[2024-06-20 20:32:19,285][flwr][INFO] - 	       [  0,  11, 390,  68,  11,  10,  55, 363, 108,  16],
[2024-06-20 20:32:19,285][flwr][INFO] - 	       [  0,  51, 341, 205,   1,   9,  18, 278, 103,   4],
[2024-06-20 20:32:19,285][flwr][INFO] - 	       [  2,   5, 219,  49,  24,  21,  32, 449, 154,  27],
[2024-06-20 20:32:19,285][flwr][INFO] - 	       [  7,  30, 144, 103,   3,  33,  14, 275, 280,   3],
[2024-06-20 20:32:19,285][flwr][INFO] - 	       [  5,  16, 204,  49,   7,   7, 116, 529,  19,   6],
[2024-06-20 20:32:19,285][flwr][INFO] - 	       [  3,   1, 162,   7,   1,   5,   1, 750,  86,  12],
[2024-06-20 20:32:19,285][flwr][INFO] - 	       [  2,  27, 228,  56,   1,  18,  10, 457, 160,  15],
[2024-06-20 20:32:19,285][flwr][INFO] - 	       [  1,   1, 305,  31,   5,  11,   6, 529, 102,  18]]))],
[2024-06-20 20:32:19,285][flwr][INFO] - 	 'f1': [(0, 0.03553137346181725),
[2024-06-20 20:32:19,285][flwr][INFO] - 	        (1, 0.05338741393468869),
[2024-06-20 20:32:19,285][flwr][INFO] - 	        (2, 0.18734947875085856),
[2024-06-20 20:32:19,285][flwr][INFO] - 	        (3, 0.30215810246607294),
[2024-06-20 20:32:19,285][flwr][INFO] - 	        (4, 0.34006007066715455),
[2024-06-20 20:32:19,285][flwr][INFO] - 	        (5, 0.31732430763399927),
[2024-06-20 20:32:19,285][flwr][INFO] - 	        (6, 0.2953482910353766),
[2024-06-20 20:32:19,285][flwr][INFO] - 	        (7, 0.2623196377919649),
[2024-06-20 20:32:19,285][flwr][INFO] - 	        (8, 0.233788128315334),
[2024-06-20 20:32:19,285][flwr][INFO] - 	        (9, 0.1965055084374598),
[2024-06-20 20:32:19,285][flwr][INFO] - 	        (10, 0.13966394629861462)],
[2024-06-20 20:32:19,285][flwr][INFO] - 	 'precision': [(0, 0.12349967530374152),
[2024-06-20 20:32:19,285][flwr][INFO] - 	               (1, 0.08688388350563298),
[2024-06-20 20:32:19,285][flwr][INFO] - 	               (2, 0.24184169466934813),
[2024-06-20 20:32:19,285][flwr][INFO] - 	               (3, 0.3334342078529497),
[2024-06-20 20:32:19,285][flwr][INFO] - 	               (4, 0.34418773378258244),
[2024-06-20 20:32:19,285][flwr][INFO] - 	               (5, 0.34024381462455894),
[2024-06-20 20:32:19,285][flwr][INFO] - 	               (6, 0.3139219595271744),
[2024-06-20 20:32:19,285][flwr][INFO] - 	               (7, 0.3027877184994468),
[2024-06-20 20:32:19,285][flwr][INFO] - 	               (8, 0.31255960176506414),
[2024-06-20 20:32:19,285][flwr][INFO] - 	               (9, 0.3079096442564242),
[2024-06-20 20:32:19,285][flwr][INFO] - 	               (10, 0.26850659809391253)],
[2024-06-20 20:32:19,285][flwr][INFO] - 	 'recall': [(0, 0.1086),
[2024-06-20 20:32:19,285][flwr][INFO] - 	            (1, 0.0859),
[2024-06-20 20:32:19,286][flwr][INFO] - 	            (2, 0.214),
[2024-06-20 20:32:19,286][flwr][INFO] - 	            (3, 0.3086),
[2024-06-20 20:32:19,286][flwr][INFO] - 	            (4, 0.3482),
[2024-06-20 20:32:19,286][flwr][INFO] - 	            (5, 0.3445),
[2024-06-20 20:32:19,286][flwr][INFO] - 	            (6, 0.3058),
[2024-06-20 20:32:19,286][flwr][INFO] - 	            (7, 0.2845),
[2024-06-20 20:32:19,286][flwr][INFO] - 	            (8, 0.2565),
[2024-06-20 20:32:19,286][flwr][INFO] - 	            (9, 0.2239),
[2024-06-20 20:32:19,286][flwr][INFO] - 	            (10, 0.1809)]}
[2024-06-20 20:32:19,286][flwr][INFO] - 
