[2024-07-19 14:37:47,163][flwr][INFO] - Starting Flower simulation, config: num_rounds=10, no round_timeout
[2024-07-19 14:37:49,597][flwr][INFO] - Flower VCE: Ray initialized with resources: {'memory': 8627200000.0, 'CPU': 12.0, 'object_store_memory': 2147483648.0, 'node:127.0.0.1': 1.0, 'node:__internal_head__': 1.0}
[2024-07-19 14:37:49,598][flwr][INFO] - Optimize your simulation with Flower VCE: https://flower.ai/docs/framework/how-to-run-simulations.html
[2024-07-19 14:37:49,598][flwr][INFO] - Flower VCE: Resources for each Virtual Client: {'num_cpus': 2, 'num_gpus': 0}
[2024-07-19 14:37:49,605][flwr][INFO] - Flower VCE: Creating VirtualClientEngineActorPool with 6 actors
[2024-07-19 14:37:49,605][flwr][INFO] - [INIT]
[2024-07-19 14:37:49,605][flwr][INFO] - Requesting initial parameters from one random client
[2024-07-19 14:37:51,149][flwr][INFO] - Received initial parameters from one random client
[2024-07-19 14:37:51,150][flwr][INFO] - Evaluating initial global parameters
[2024-07-19 14:37:51,478][flwr][INFO] - initial parameters (loss, other metrics): 181.76928067207336, {'accuracy': 0.1086, 'precision': 0.12349967530374152, 'recall': 0.1086, 'f1': 0.03553137346181725, 'confusion_matrix': array([[   0,    8,    0,  956,    0,    1,    0,   15,    0,    0],
       [   0,  122,    0, 1013,    0,    0,    0,    0,    0,    0],
       [   0,   38,    0,  971,    0,    0,    3,   19,    1,    0],
       [   0,   44,    0,  945,    1,    1,    0,   17,    2,    0],
       [   0,  143,    0,  816,    1,    0,    2,   20,    0,    0],
       [   0,  118,    0,  735,    1,    7,    0,   30,    1,    0],
       [   0,  144,    0,  749,   25,    0,    2,   38,    0,    0],
       [   0,  272,    0,  724,    8,    0,    0,    9,   15,    0],
       [   0,   81,    0,  859,    1,    0,    1,   32,    0,    0],
       [   0,  178,    0,  799,    1,    0,    0,   31,    0,    0]])}
[2024-07-19 14:37:51,479][flwr][INFO] - 
[2024-07-19 14:37:51,479][flwr][INFO] - [ROUND 1]
[2024-07-19 14:37:51,479][flwr][INFO] - configure_fit: strategy sampled 10 clients (out of 10)
[2024-07-19 14:37:58,519][flwr][INFO] - aggregate_fit: received 10 results and 0 failures
[2024-07-19 14:37:58,524][flwr][WARNING] - No fit_metrics_aggregation_fn provided
[2024-07-19 14:37:58,855][flwr][INFO] - fit progress: (1, 52.141126453876495, {'accuracy': 0.8945, 'precision': 0.8986347697451059, 'recall': 0.8945, 'f1': 0.8921344909070397, 'confusion_matrix': array([[ 958,    0,    1,    1,    0,    3,   11,    5,    0,    1],
       [   0, 1117,    5,    2,    1,    1,    4,    2,    2,    1],
       [   8,    8,  946,   19,    6,    0,   21,   16,    6,    2],
       [   5,    3,   21,  903,    0,   29,    3,   36,    2,    8],
       [   0,    2,   11,    0,  859,    0,   29,    3,    3,   75],
       [  15,    3,    6,   38,    7,  751,   33,   26,    4,    9],
       [  12,    4,    4,    0,    4,    6,  928,    0,    0,    0],
       [   1,   10,   19,    2,    5,    0,    0,  977,    0,   14],
       [  18,   23,   17,   86,   13,   50,   58,   28,  620,   61],
       [   7,    9,    5,   13,   21,    3,    1,   63,    1,  886]])}, 7.376128249999999)
[2024-07-19 14:37:58,855][flwr][INFO] - configure_evaluate: no clients selected, skipping evaluation
[2024-07-19 14:37:58,855][flwr][INFO] - 
[2024-07-19 14:37:58,855][flwr][INFO] - [ROUND 2]
[2024-07-19 14:37:58,855][flwr][INFO] - configure_fit: strategy sampled 10 clients (out of 10)
[2024-07-19 14:38:03,862][flwr][INFO] - aggregate_fit: received 10 results and 0 failures
[2024-07-19 14:38:04,311][flwr][INFO] - fit progress: (2, 14.856717626564205, {'accuracy': 0.9429, 'precision': 0.9434017137538072, 'recall': 0.9429, 'f1': 0.942843073951409, 'confusion_matrix': array([[ 968,    0,    1,    1,    0,    3,    5,    1,    1,    0],
       [   0, 1114,    5,    1,    1,    1,    3,    0,   10,    0],
       [   9,    1,  978,    9,    8,    1,    9,    5,   11,    1],
       [   3,    1,   23,  906,    0,   40,    2,   12,   20,    3],
       [   0,    1,    4,    0,  920,    0,   19,    1,    8,   29],
       [   6,    1,    0,    9,    3,  840,   10,    0,   19,    4],
       [   9,    3,    1,    0,    7,   13,  920,    0,    5,    0],
       [   1,    9,   32,    5,    8,    3,    0,  939,    1,   30],
       [   5,    3,    4,   10,    4,   15,    7,    3,  921,    2],
       [   5,    7,    0,    4,   31,   13,    2,    5,   19,  923]])}, 12.832567083)
[2024-07-19 14:38:04,312][flwr][INFO] - configure_evaluate: no clients selected, skipping evaluation
[2024-07-19 14:38:04,312][flwr][INFO] - 
[2024-07-19 14:38:04,312][flwr][INFO] - [ROUND 3]
[2024-07-19 14:38:04,312][flwr][INFO] - configure_fit: strategy sampled 10 clients (out of 10)
[2024-07-19 14:38:09,422][flwr][INFO] - aggregate_fit: received 10 results and 0 failures
[2024-07-19 14:38:09,776][flwr][INFO] - fit progress: (3, 11.697664390318096, {'accuracy': 0.9549, 'precision': 0.9551033807529106, 'recall': 0.9549, 'f1': 0.9548851512137193, 'confusion_matrix': array([[ 967,    0,    1,    1,    0,    2,    7,    1,    1,    0],
       [   0, 1114,    4,    1,    1,    1,    4,    0,   10,    0],
       [   8,    1,  993,    5,    5,    0,    7,    4,    8,    1],
       [   0,    1,   20,  938,    1,   17,    1,   10,   18,    4],
       [   0,    0,    4,    0,  926,    0,   18,    2,    3,   29],
       [   3,    1,    1,    5,    3,  845,   15,    0,   14,    5],
       [   5,    3,    0,    0,    4,    8,  934,    0,    4,    0],
       [   1,    6,   22,    5,    3,    1,    0,  969,    0,   21],
       [   5,    2,    4,   12,    6,   11,    9,    3,  921,    1],
       [   4,    4,    0,    7,   24,    5,    1,    6,   16,  942]])}, 18.297432583)
[2024-07-19 14:38:09,776][flwr][INFO] - configure_evaluate: no clients selected, skipping evaluation
[2024-07-19 14:38:09,776][flwr][INFO] - 
[2024-07-19 14:38:09,776][flwr][INFO] - [ROUND 4]
[2024-07-19 14:38:09,777][flwr][INFO] - configure_fit: strategy sampled 10 clients (out of 10)
[2024-07-19 14:38:14,628][flwr][INFO] - aggregate_fit: received 10 results and 0 failures
[2024-07-19 14:38:14,961][flwr][INFO] - fit progress: (4, 10.876028776168823, {'accuracy': 0.9603, 'precision': 0.9605607156412272, 'recall': 0.9603, 'f1': 0.9602711862472275, 'confusion_matrix': array([[ 966,    0,    1,    2,    0,    2,    5,    2,    1,    1],
       [   0, 1119,    3,    2,    0,    1,    2,    0,    8,    0],
       [   6,    1, 1001,    4,    6,    1,    3,    4,    5,    1],
       [   1,    0,   18,  962,    0,    7,    0,   12,   10,    0],
       [   0,    0,    5,    0,  949,    0,   11,    2,    7,    8],
       [   1,    0,    1,   10,    4,  849,    8,    0,   16,    3],
       [   6,    3,    0,    0,   11,   10,  921,    0,    7,    0],
       [   2,    9,   19,    2,    7,    0,    0,  976,    0,   13],
       [   5,    0,    5,   11,    5,    6,    3,    3,  935,    1],
       [   5,    7,    1,   10,   37,    8,    1,    5,   10,  925]])}, 23.482617292)
[2024-07-19 14:38:14,961][flwr][INFO] - configure_evaluate: no clients selected, skipping evaluation
[2024-07-19 14:38:14,962][flwr][INFO] - 
[2024-07-19 14:38:14,962][flwr][INFO] - [ROUND 5]
[2024-07-19 14:38:14,962][flwr][INFO] - configure_fit: strategy sampled 10 clients (out of 10)
[2024-07-19 14:38:19,787][flwr][INFO] - aggregate_fit: received 10 results and 0 failures
[2024-07-19 14:38:20,121][flwr][INFO] - fit progress: (5, 9.157745503587648, {'accuracy': 0.9658, 'precision': 0.9658429788991855, 'recall': 0.9658, 'f1': 0.9657875020927656, 'confusion_matrix': array([[ 967,    0,    1,    2,    0,    3,    5,    2,    0,    0],
       [   0, 1122,    3,    2,    0,    1,    2,    0,    5,    0],
       [   6,    1,  998,    5,    5,    2,    1,    8,    5,    1],
       [   0,    0,   10,  970,    0,   11,    0,    9,    9,    1],
       [   0,    0,    4,    0,  949,    0,    7,    3,    5,   14],
       [   2,    0,    0,    6,    3,  863,    6,    0,    8,    4],
       [   4,    3,    1,    1,    8,    8,  926,    0,    7,    0],
       [   1,    6,   14,    2,    3,    0,    0,  984,    0,   18],
       [   4,    0,    6,   12,    5,    8,    3,    2,  933,    1],
       [   3,    4,    0,    5,   25,    5,    1,    6,   14,  946]])}, 28.642919958)
[2024-07-19 14:38:20,122][flwr][INFO] - configure_evaluate: no clients selected, skipping evaluation
[2024-07-19 14:38:20,122][flwr][INFO] - 
[2024-07-19 14:38:20,122][flwr][INFO] - [ROUND 6]
[2024-07-19 14:38:20,122][flwr][INFO] - configure_fit: strategy sampled 10 clients (out of 10)
[2024-07-19 14:38:24,878][flwr][INFO] - aggregate_fit: received 10 results and 0 failures
[2024-07-19 14:38:25,223][flwr][INFO] - fit progress: (6, 9.173815401503816, {'accuracy': 0.9661, 'precision': 0.9663253121803942, 'recall': 0.9661, 'f1': 0.9660996696426662, 'confusion_matrix': array([[ 961,    1,    1,    1,    0,    3,    6,    4,    2,    1],
       [   0, 1121,    5,    0,    0,    1,    2,    0,    6,    0],
       [   3,    0, 1010,    4,    4,    2,    1,    3,    5,    0],
       [   0,    0,   16,  964,    0,   15,    0,    7,    8,    0],
       [   0,    0,    6,    0,  944,    0,    5,    3,    4,   20],
       [   1,    0,    1,    4,    3,  871,    6,    0,    4,    2],
       [   4,    3,    2,    0,    5,   11,  926,    0,    7,    0],
       [   1,    6,   23,    3,    3,    0,    0,  983,    1,    8],
       [   1,    2,    7,   10,    4,    7,    1,    2,  939,    1],
       [   4,    6,    0,   11,   14,   10,    1,    4,   17,  942]])}, 33.744606833)
[2024-07-19 14:38:25,223][flwr][INFO] - configure_evaluate: no clients selected, skipping evaluation
[2024-07-19 14:38:25,224][flwr][INFO] - 
[2024-07-19 14:38:25,224][flwr][INFO] - [ROUND 7]
[2024-07-19 14:38:25,224][flwr][INFO] - configure_fit: strategy sampled 10 clients (out of 10)
[2024-07-19 14:38:29,985][flwr][INFO] - aggregate_fit: received 10 results and 0 failures
[2024-07-19 14:38:30,318][flwr][INFO] - fit progress: (7, 8.59302740287967, {'accuracy': 0.9696, 'precision': 0.9696622978531448, 'recall': 0.9696, 'f1': 0.9695943501834406, 'confusion_matrix': array([[ 966,    1,    1,    1,    0,    2,    3,    2,    2,    2],
       [   0, 1120,    3,    2,    0,    1,    2,    0,    7,    0],
       [   6,    1,  998,    6,    5,    2,    0,    7,    7,    0],
       [   0,    0,    6,  980,    0,    9,    0,    7,    8,    0],
       [   0,    0,    3,    0,  956,    0,    4,    2,    1,   16],
       [   2,    0,    1,    3,    3,  864,    6,    1,    8,    4],
       [   5,    3,    0,    0,    7,    8,  929,    0,    6,    0],
       [   2,    6,   17,    4,    5,    0,    0,  974,    0,   20],
       [   2,    0,    2,    7,    4,    6,    3,    3,  946,    1],
       [   3,    4,    0,    5,   16,    5,    1,    4,    8,  963]])}, 38.83987575)
[2024-07-19 14:38:30,319][flwr][INFO] - configure_evaluate: no clients selected, skipping evaluation
[2024-07-19 14:38:30,319][flwr][INFO] - 
[2024-07-19 14:38:30,319][flwr][INFO] - [ROUND 8]
[2024-07-19 14:38:30,319][flwr][INFO] - configure_fit: strategy sampled 10 clients (out of 10)
[2024-07-19 14:38:35,152][flwr][INFO] - aggregate_fit: received 10 results and 0 failures
[2024-07-19 14:38:35,492][flwr][INFO] - fit progress: (8, 8.028909529093653, {'accuracy': 0.9702, 'precision': 0.9704769992333863, 'recall': 0.9702, 'f1': 0.9702424046484855, 'confusion_matrix': array([[ 966,    1,    1,    0,    0,    2,    3,    2,    5,    0],
       [   0, 1118,    3,    1,    0,    1,    2,    1,    9,    0],
       [   5,    0, 1001,    5,    6,    1,    2,    5,    7,    0],
       [   0,    0,    3,  982,    0,    7,    0,    6,    9,    3],
       [   0,    0,    3,    0,  934,    0,    7,    2,    2,   34],
       [   3,    0,    0,    5,    2,  862,    7,    1,    8,    4],
       [   5,    3,    0,    0,    2,    8,  934,    0,    6,    0],
       [   1,    5,   13,    3,    0,    0,    0,  981,    2,   23],
       [   2,    0,    1,    4,    4,    3,    1,    2,  954,    3],
       [   4,    4,    0,    5,    4,    2,    1,    6,   13,  970]])}, 44.0131145)
[2024-07-19 14:38:35,492][flwr][INFO] - configure_evaluate: no clients selected, skipping evaluation
[2024-07-19 14:38:35,492][flwr][INFO] - 
[2024-07-19 14:38:35,492][flwr][INFO] - [ROUND 9]
[2024-07-19 14:38:35,492][flwr][INFO] - configure_fit: strategy sampled 10 clients (out of 10)
[2024-07-19 14:38:45,003][flwr][INFO] - aggregate_fit: received 10 results and 0 failures
[2024-07-19 14:38:45,378][flwr][INFO] - fit progress: (9, 9.122700338601135, {'accuracy': 0.9661, 'precision': 0.9668226877493684, 'recall': 0.9661, 'f1': 0.96616524437686, 'confusion_matrix': array([[ 967,    0,    0,    2,    0,    2,    3,    2,    4,    0],
       [   0, 1115,    4,    0,    0,    1,    2,    0,   13,    0],
       [   8,    0, 1004,    1,    3,    3,    1,    1,   11,    0],
       [   0,    0,    3,  966,    0,   18,    0,    4,   18,    1],
       [   1,    0,    2,    0,  943,    0,    5,    1,    2,   28],
       [   3,    0,    0,    2,    2,  866,    6,    1,    8,    4],
       [   4,    2,    1,    0,    6,    8,  925,    0,   12,    0],
       [   1,    4,   24,   10,    0,    0,    0,  948,    7,   34],
       [   3,    0,    1,    2,    3,    3,    0,    2,  959,    1],
       [   3,    3,    1,    6,    6,    5,    1,    1,   15,  968]])}, 49.849798917)
[2024-07-19 14:38:45,378][flwr][INFO] - configure_evaluate: no clients selected, skipping evaluation
[2024-07-19 14:38:45,378][flwr][INFO] - 
[2024-07-19 14:38:45,379][flwr][INFO] - [ROUND 10]
[2024-07-19 14:38:45,379][flwr][INFO] - configure_fit: strategy sampled 10 clients (out of 10)
[2024-07-19 14:38:50,274][flwr][INFO] - aggregate_fit: received 10 results and 0 failures
[2024-07-19 14:38:50,604][flwr][INFO] - fit progress: (10, 8.351721407379955, {'accuracy': 0.9696, 'precision': 0.9699326081134104, 'recall': 0.9696, 'f1': 0.969649053588001, 'confusion_matrix': array([[ 971,    1,    0,    1,    1,    0,    2,    1,    3,    0],
       [   0, 1112,    4,    2,    0,    1,    1,    0,   15,    0],
       [   5,    0, 1005,    6,    4,    0,    0,    4,    8,    0],
       [   0,    0,    5,  980,    0,    8,    0,    6,    9,    2],
       [   1,    0,    2,    1,  951,    0,    5,    4,    5,   13],
       [   3,    0,    0,   11,    3,  854,    5,    2,   10,    4],
       [   4,    3,    0,    0,    7,    5,  928,    0,   11,    0],
       [   2,    3,   21,    1,    2,    0,    0,  980,    1,   18],
       [   2,    0,    2,    7,    4,    3,    0,    2,  953,    1],
       [   3,    3,    0,    7,   11,    2,    1,    4,   16,  962]])}, 55.075861)
[2024-07-19 14:38:50,604][flwr][INFO] - configure_evaluate: no clients selected, skipping evaluation
[2024-07-19 14:38:50,605][flwr][INFO] - 
[2024-07-19 14:38:50,605][flwr][INFO] - [SUMMARY]
[2024-07-19 14:38:50,605][flwr][INFO] - Run finished 10 round(s) in 55.08s
[2024-07-19 14:38:50,608][flwr][INFO] - 	History (loss, centralized):
[2024-07-19 14:38:50,608][flwr][INFO] - 		round 0: 181.76928067207336
[2024-07-19 14:38:50,608][flwr][INFO] - 		round 1: 52.141126453876495
[2024-07-19 14:38:50,609][flwr][INFO] - 		round 2: 14.856717626564205
[2024-07-19 14:38:50,609][flwr][INFO] - 		round 3: 11.697664390318096
[2024-07-19 14:38:50,609][flwr][INFO] - 		round 4: 10.876028776168823
[2024-07-19 14:38:50,609][flwr][INFO] - 		round 5: 9.157745503587648
[2024-07-19 14:38:50,609][flwr][INFO] - 		round 6: 9.173815401503816
[2024-07-19 14:38:50,609][flwr][INFO] - 		round 7: 8.59302740287967
[2024-07-19 14:38:50,609][flwr][INFO] - 		round 8: 8.028909529093653
[2024-07-19 14:38:50,609][flwr][INFO] - 		round 9: 9.122700338601135
[2024-07-19 14:38:50,609][flwr][INFO] - 		round 10: 8.351721407379955
[2024-07-19 14:38:50,609][flwr][INFO] - 	History (metrics, centralized):
[2024-07-19 14:38:50,609][flwr][INFO] - 	{'accuracy': [(0, 0.1086),
[2024-07-19 14:38:50,609][flwr][INFO] - 	              (1, 0.8945),
[2024-07-19 14:38:50,609][flwr][INFO] - 	              (2, 0.9429),
[2024-07-19 14:38:50,609][flwr][INFO] - 	              (3, 0.9549),
[2024-07-19 14:38:50,609][flwr][INFO] - 	              (4, 0.9603),
[2024-07-19 14:38:50,609][flwr][INFO] - 	              (5, 0.9658),
[2024-07-19 14:38:50,609][flwr][INFO] - 	              (6, 0.9661),
[2024-07-19 14:38:50,609][flwr][INFO] - 	              (7, 0.9696),
[2024-07-19 14:38:50,609][flwr][INFO] - 	              (8, 0.9702),
[2024-07-19 14:38:50,609][flwr][INFO] - 	              (9, 0.9661),
[2024-07-19 14:38:50,609][flwr][INFO] - 	              (10, 0.9696)],
[2024-07-19 14:38:50,609][flwr][INFO] - 	 'confusion_matrix': [(0,
[2024-07-19 14:38:50,609][flwr][INFO] - 	                       array([[   0,    8,    0,  956,    0,    1,    0,   15,    0,    0],
[2024-07-19 14:38:50,609][flwr][INFO] - 	       [   0,  122,    0, 1013,    0,    0,    0,    0,    0,    0],
[2024-07-19 14:38:50,609][flwr][INFO] - 	       [   0,   38,    0,  971,    0,    0,    3,   19,    1,    0],
[2024-07-19 14:38:50,609][flwr][INFO] - 	       [   0,   44,    0,  945,    1,    1,    0,   17,    2,    0],
[2024-07-19 14:38:50,609][flwr][INFO] - 	       [   0,  143,    0,  816,    1,    0,    2,   20,    0,    0],
[2024-07-19 14:38:50,609][flwr][INFO] - 	       [   0,  118,    0,  735,    1,    7,    0,   30,    1,    0],
[2024-07-19 14:38:50,609][flwr][INFO] - 	       [   0,  144,    0,  749,   25,    0,    2,   38,    0,    0],
[2024-07-19 14:38:50,609][flwr][INFO] - 	       [   0,  272,    0,  724,    8,    0,    0,    9,   15,    0],
[2024-07-19 14:38:50,609][flwr][INFO] - 	       [   0,   81,    0,  859,    1,    0,    1,   32,    0,    0],
[2024-07-19 14:38:50,609][flwr][INFO] - 	       [   0,  178,    0,  799,    1,    0,    0,   31,    0,    0]])),
[2024-07-19 14:38:50,609][flwr][INFO] - 	                      (1,
[2024-07-19 14:38:50,609][flwr][INFO] - 	                       array([[ 958,    0,    1,    1,    0,    3,   11,    5,    0,    1],
[2024-07-19 14:38:50,609][flwr][INFO] - 	       [   0, 1117,    5,    2,    1,    1,    4,    2,    2,    1],
[2024-07-19 14:38:50,609][flwr][INFO] - 	       [   8,    8,  946,   19,    6,    0,   21,   16,    6,    2],
[2024-07-19 14:38:50,609][flwr][INFO] - 	       [   5,    3,   21,  903,    0,   29,    3,   36,    2,    8],
[2024-07-19 14:38:50,609][flwr][INFO] - 	       [   0,    2,   11,    0,  859,    0,   29,    3,    3,   75],
[2024-07-19 14:38:50,609][flwr][INFO] - 	       [  15,    3,    6,   38,    7,  751,   33,   26,    4,    9],
[2024-07-19 14:38:50,609][flwr][INFO] - 	       [  12,    4,    4,    0,    4,    6,  928,    0,    0,    0],
[2024-07-19 14:38:50,609][flwr][INFO] - 	       [   1,   10,   19,    2,    5,    0,    0,  977,    0,   14],
[2024-07-19 14:38:50,609][flwr][INFO] - 	       [  18,   23,   17,   86,   13,   50,   58,   28,  620,   61],
[2024-07-19 14:38:50,609][flwr][INFO] - 	       [   7,    9,    5,   13,   21,    3,    1,   63,    1,  886]])),
[2024-07-19 14:38:50,610][flwr][INFO] - 	                      (2,
[2024-07-19 14:38:50,610][flwr][INFO] - 	                       array([[ 968,    0,    1,    1,    0,    3,    5,    1,    1,    0],
[2024-07-19 14:38:50,610][flwr][INFO] - 	       [   0, 1114,    5,    1,    1,    1,    3,    0,   10,    0],
[2024-07-19 14:38:50,610][flwr][INFO] - 	       [   9,    1,  978,    9,    8,    1,    9,    5,   11,    1],
[2024-07-19 14:38:50,610][flwr][INFO] - 	       [   3,    1,   23,  906,    0,   40,    2,   12,   20,    3],
[2024-07-19 14:38:50,610][flwr][INFO] - 	       [   0,    1,    4,    0,  920,    0,   19,    1,    8,   29],
[2024-07-19 14:38:50,610][flwr][INFO] - 	       [   6,    1,    0,    9,    3,  840,   10,    0,   19,    4],
[2024-07-19 14:38:50,610][flwr][INFO] - 	       [   9,    3,    1,    0,    7,   13,  920,    0,    5,    0],
[2024-07-19 14:38:50,610][flwr][INFO] - 	       [   1,    9,   32,    5,    8,    3,    0,  939,    1,   30],
[2024-07-19 14:38:50,610][flwr][INFO] - 	       [   5,    3,    4,   10,    4,   15,    7,    3,  921,    2],
[2024-07-19 14:38:50,610][flwr][INFO] - 	       [   5,    7,    0,    4,   31,   13,    2,    5,   19,  923]])),
[2024-07-19 14:38:50,610][flwr][INFO] - 	                      (3,
[2024-07-19 14:38:50,610][flwr][INFO] - 	                       array([[ 967,    0,    1,    1,    0,    2,    7,    1,    1,    0],
[2024-07-19 14:38:50,610][flwr][INFO] - 	       [   0, 1114,    4,    1,    1,    1,    4,    0,   10,    0],
[2024-07-19 14:38:50,610][flwr][INFO] - 	       [   8,    1,  993,    5,    5,    0,    7,    4,    8,    1],
[2024-07-19 14:38:50,610][flwr][INFO] - 	       [   0,    1,   20,  938,    1,   17,    1,   10,   18,    4],
[2024-07-19 14:38:50,610][flwr][INFO] - 	       [   0,    0,    4,    0,  926,    0,   18,    2,    3,   29],
[2024-07-19 14:38:50,610][flwr][INFO] - 	       [   3,    1,    1,    5,    3,  845,   15,    0,   14,    5],
[2024-07-19 14:38:50,610][flwr][INFO] - 	       [   5,    3,    0,    0,    4,    8,  934,    0,    4,    0],
[2024-07-19 14:38:50,610][flwr][INFO] - 	       [   1,    6,   22,    5,    3,    1,    0,  969,    0,   21],
[2024-07-19 14:38:50,610][flwr][INFO] - 	       [   5,    2,    4,   12,    6,   11,    9,    3,  921,    1],
[2024-07-19 14:38:50,610][flwr][INFO] - 	       [   4,    4,    0,    7,   24,    5,    1,    6,   16,  942]])),
[2024-07-19 14:38:50,610][flwr][INFO] - 	                      (4,
[2024-07-19 14:38:50,610][flwr][INFO] - 	                       array([[ 966,    0,    1,    2,    0,    2,    5,    2,    1,    1],
[2024-07-19 14:38:50,610][flwr][INFO] - 	       [   0, 1119,    3,    2,    0,    1,    2,    0,    8,    0],
[2024-07-19 14:38:50,610][flwr][INFO] - 	       [   6,    1, 1001,    4,    6,    1,    3,    4,    5,    1],
[2024-07-19 14:38:50,610][flwr][INFO] - 	       [   1,    0,   18,  962,    0,    7,    0,   12,   10,    0],
[2024-07-19 14:38:50,610][flwr][INFO] - 	       [   0,    0,    5,    0,  949,    0,   11,    2,    7,    8],
[2024-07-19 14:38:50,610][flwr][INFO] - 	       [   1,    0,    1,   10,    4,  849,    8,    0,   16,    3],
[2024-07-19 14:38:50,610][flwr][INFO] - 	       [   6,    3,    0,    0,   11,   10,  921,    0,    7,    0],
[2024-07-19 14:38:50,610][flwr][INFO] - 	       [   2,    9,   19,    2,    7,    0,    0,  976,    0,   13],
[2024-07-19 14:38:50,610][flwr][INFO] - 	       [   5,    0,    5,   11,    5,    6,    3,    3,  935,    1],
[2024-07-19 14:38:50,610][flwr][INFO] - 	       [   5,    7,    1,   10,   37,    8,    1,    5,   10,  925]])),
[2024-07-19 14:38:50,610][flwr][INFO] - 	                      (5,
[2024-07-19 14:38:50,610][flwr][INFO] - 	                       array([[ 967,    0,    1,    2,    0,    3,    5,    2,    0,    0],
[2024-07-19 14:38:50,610][flwr][INFO] - 	       [   0, 1122,    3,    2,    0,    1,    2,    0,    5,    0],
[2024-07-19 14:38:50,610][flwr][INFO] - 	       [   6,    1,  998,    5,    5,    2,    1,    8,    5,    1],
[2024-07-19 14:38:50,610][flwr][INFO] - 	       [   0,    0,   10,  970,    0,   11,    0,    9,    9,    1],
[2024-07-19 14:38:50,610][flwr][INFO] - 	       [   0,    0,    4,    0,  949,    0,    7,    3,    5,   14],
[2024-07-19 14:38:50,610][flwr][INFO] - 	       [   2,    0,    0,    6,    3,  863,    6,    0,    8,    4],
[2024-07-19 14:38:50,610][flwr][INFO] - 	       [   4,    3,    1,    1,    8,    8,  926,    0,    7,    0],
[2024-07-19 14:38:50,610][flwr][INFO] - 	       [   1,    6,   14,    2,    3,    0,    0,  984,    0,   18],
[2024-07-19 14:38:50,610][flwr][INFO] - 	       [   4,    0,    6,   12,    5,    8,    3,    2,  933,    1],
[2024-07-19 14:38:50,610][flwr][INFO] - 	       [   3,    4,    0,    5,   25,    5,    1,    6,   14,  946]])),
[2024-07-19 14:38:50,610][flwr][INFO] - 	                      (6,
[2024-07-19 14:38:50,611][flwr][INFO] - 	                       array([[ 961,    1,    1,    1,    0,    3,    6,    4,    2,    1],
[2024-07-19 14:38:50,611][flwr][INFO] - 	       [   0, 1121,    5,    0,    0,    1,    2,    0,    6,    0],
[2024-07-19 14:38:50,611][flwr][INFO] - 	       [   3,    0, 1010,    4,    4,    2,    1,    3,    5,    0],
[2024-07-19 14:38:50,611][flwr][INFO] - 	       [   0,    0,   16,  964,    0,   15,    0,    7,    8,    0],
[2024-07-19 14:38:50,611][flwr][INFO] - 	       [   0,    0,    6,    0,  944,    0,    5,    3,    4,   20],
[2024-07-19 14:38:50,611][flwr][INFO] - 	       [   1,    0,    1,    4,    3,  871,    6,    0,    4,    2],
[2024-07-19 14:38:50,611][flwr][INFO] - 	       [   4,    3,    2,    0,    5,   11,  926,    0,    7,    0],
[2024-07-19 14:38:50,611][flwr][INFO] - 	       [   1,    6,   23,    3,    3,    0,    0,  983,    1,    8],
[2024-07-19 14:38:50,611][flwr][INFO] - 	       [   1,    2,    7,   10,    4,    7,    1,    2,  939,    1],
[2024-07-19 14:38:50,611][flwr][INFO] - 	       [   4,    6,    0,   11,   14,   10,    1,    4,   17,  942]])),
[2024-07-19 14:38:50,611][flwr][INFO] - 	                      (7,
[2024-07-19 14:38:50,611][flwr][INFO] - 	                       array([[ 966,    1,    1,    1,    0,    2,    3,    2,    2,    2],
[2024-07-19 14:38:50,611][flwr][INFO] - 	       [   0, 1120,    3,    2,    0,    1,    2,    0,    7,    0],
[2024-07-19 14:38:50,611][flwr][INFO] - 	       [   6,    1,  998,    6,    5,    2,    0,    7,    7,    0],
[2024-07-19 14:38:50,611][flwr][INFO] - 	       [   0,    0,    6,  980,    0,    9,    0,    7,    8,    0],
[2024-07-19 14:38:50,611][flwr][INFO] - 	       [   0,    0,    3,    0,  956,    0,    4,    2,    1,   16],
[2024-07-19 14:38:50,611][flwr][INFO] - 	       [   2,    0,    1,    3,    3,  864,    6,    1,    8,    4],
[2024-07-19 14:38:50,611][flwr][INFO] - 	       [   5,    3,    0,    0,    7,    8,  929,    0,    6,    0],
[2024-07-19 14:38:50,611][flwr][INFO] - 	       [   2,    6,   17,    4,    5,    0,    0,  974,    0,   20],
[2024-07-19 14:38:50,611][flwr][INFO] - 	       [   2,    0,    2,    7,    4,    6,    3,    3,  946,    1],
[2024-07-19 14:38:50,611][flwr][INFO] - 	       [   3,    4,    0,    5,   16,    5,    1,    4,    8,  963]])),
[2024-07-19 14:38:50,611][flwr][INFO] - 	                      (8,
[2024-07-19 14:38:50,611][flwr][INFO] - 	                       array([[ 966,    1,    1,    0,    0,    2,    3,    2,    5,    0],
[2024-07-19 14:38:50,611][flwr][INFO] - 	       [   0, 1118,    3,    1,    0,    1,    2,    1,    9,    0],
[2024-07-19 14:38:50,611][flwr][INFO] - 	       [   5,    0, 1001,    5,    6,    1,    2,    5,    7,    0],
[2024-07-19 14:38:50,611][flwr][INFO] - 	       [   0,    0,    3,  982,    0,    7,    0,    6,    9,    3],
[2024-07-19 14:38:50,611][flwr][INFO] - 	       [   0,    0,    3,    0,  934,    0,    7,    2,    2,   34],
[2024-07-19 14:38:50,611][flwr][INFO] - 	       [   3,    0,    0,    5,    2,  862,    7,    1,    8,    4],
[2024-07-19 14:38:50,611][flwr][INFO] - 	       [   5,    3,    0,    0,    2,    8,  934,    0,    6,    0],
[2024-07-19 14:38:50,611][flwr][INFO] - 	       [   1,    5,   13,    3,    0,    0,    0,  981,    2,   23],
[2024-07-19 14:38:50,611][flwr][INFO] - 	       [   2,    0,    1,    4,    4,    3,    1,    2,  954,    3],
[2024-07-19 14:38:50,611][flwr][INFO] - 	       [   4,    4,    0,    5,    4,    2,    1,    6,   13,  970]])),
[2024-07-19 14:38:50,611][flwr][INFO] - 	                      (9,
[2024-07-19 14:38:50,611][flwr][INFO] - 	                       array([[ 967,    0,    0,    2,    0,    2,    3,    2,    4,    0],
[2024-07-19 14:38:50,611][flwr][INFO] - 	       [   0, 1115,    4,    0,    0,    1,    2,    0,   13,    0],
[2024-07-19 14:38:50,611][flwr][INFO] - 	       [   8,    0, 1004,    1,    3,    3,    1,    1,   11,    0],
[2024-07-19 14:38:50,611][flwr][INFO] - 	       [   0,    0,    3,  966,    0,   18,    0,    4,   18,    1],
[2024-07-19 14:38:50,611][flwr][INFO] - 	       [   1,    0,    2,    0,  943,    0,    5,    1,    2,   28],
[2024-07-19 14:38:50,611][flwr][INFO] - 	       [   3,    0,    0,    2,    2,  866,    6,    1,    8,    4],
[2024-07-19 14:38:50,611][flwr][INFO] - 	       [   4,    2,    1,    0,    6,    8,  925,    0,   12,    0],
[2024-07-19 14:38:50,611][flwr][INFO] - 	       [   1,    4,   24,   10,    0,    0,    0,  948,    7,   34],
[2024-07-19 14:38:50,611][flwr][INFO] - 	       [   3,    0,    1,    2,    3,    3,    0,    2,  959,    1],
[2024-07-19 14:38:50,611][flwr][INFO] - 	       [   3,    3,    1,    6,    6,    5,    1,    1,   15,  968]])),
[2024-07-19 14:38:50,611][flwr][INFO] - 	                      (10,
[2024-07-19 14:38:50,611][flwr][INFO] - 	                       array([[ 971,    1,    0,    1,    1,    0,    2,    1,    3,    0],
[2024-07-19 14:38:50,612][flwr][INFO] - 	       [   0, 1112,    4,    2,    0,    1,    1,    0,   15,    0],
[2024-07-19 14:38:50,612][flwr][INFO] - 	       [   5,    0, 1005,    6,    4,    0,    0,    4,    8,    0],
[2024-07-19 14:38:50,612][flwr][INFO] - 	       [   0,    0,    5,  980,    0,    8,    0,    6,    9,    2],
[2024-07-19 14:38:50,612][flwr][INFO] - 	       [   1,    0,    2,    1,  951,    0,    5,    4,    5,   13],
[2024-07-19 14:38:50,612][flwr][INFO] - 	       [   3,    0,    0,   11,    3,  854,    5,    2,   10,    4],
[2024-07-19 14:38:50,612][flwr][INFO] - 	       [   4,    3,    0,    0,    7,    5,  928,    0,   11,    0],
[2024-07-19 14:38:50,612][flwr][INFO] - 	       [   2,    3,   21,    1,    2,    0,    0,  980,    1,   18],
[2024-07-19 14:38:50,612][flwr][INFO] - 	       [   2,    0,    2,    7,    4,    3,    0,    2,  953,    1],
[2024-07-19 14:38:50,612][flwr][INFO] - 	       [   3,    3,    0,    7,   11,    2,    1,    4,   16,  962]]))],
[2024-07-19 14:38:50,612][flwr][INFO] - 	 'f1': [(0, 0.03553137346181725),
[2024-07-19 14:38:50,612][flwr][INFO] - 	        (1, 0.8921344909070397),
[2024-07-19 14:38:50,612][flwr][INFO] - 	        (2, 0.942843073951409),
[2024-07-19 14:38:50,612][flwr][INFO] - 	        (3, 0.9548851512137193),
[2024-07-19 14:38:50,612][flwr][INFO] - 	        (4, 0.9602711862472275),
[2024-07-19 14:38:50,612][flwr][INFO] - 	        (5, 0.9657875020927656),
[2024-07-19 14:38:50,612][flwr][INFO] - 	        (6, 0.9660996696426662),
[2024-07-19 14:38:50,612][flwr][INFO] - 	        (7, 0.9695943501834406),
[2024-07-19 14:38:50,612][flwr][INFO] - 	        (8, 0.9702424046484855),
[2024-07-19 14:38:50,612][flwr][INFO] - 	        (9, 0.96616524437686),
[2024-07-19 14:38:50,612][flwr][INFO] - 	        (10, 0.969649053588001)],
[2024-07-19 14:38:50,612][flwr][INFO] - 	 'precision': [(0, 0.12349967530374152),
[2024-07-19 14:38:50,612][flwr][INFO] - 	               (1, 0.8986347697451059),
[2024-07-19 14:38:50,612][flwr][INFO] - 	               (2, 0.9434017137538072),
[2024-07-19 14:38:50,612][flwr][INFO] - 	               (3, 0.9551033807529106),
[2024-07-19 14:38:50,612][flwr][INFO] - 	               (4, 0.9605607156412272),
[2024-07-19 14:38:50,612][flwr][INFO] - 	               (5, 0.9658429788991855),
[2024-07-19 14:38:50,613][flwr][INFO] - 	               (6, 0.9663253121803942),
[2024-07-19 14:38:50,613][flwr][INFO] - 	               (7, 0.9696622978531448),
[2024-07-19 14:38:50,613][flwr][INFO] - 	               (8, 0.9704769992333863),
[2024-07-19 14:38:50,613][flwr][INFO] - 	               (9, 0.9668226877493684),
[2024-07-19 14:38:50,613][flwr][INFO] - 	               (10, 0.9699326081134104)],
[2024-07-19 14:38:50,613][flwr][INFO] - 	 'recall': [(0, 0.1086),
[2024-07-19 14:38:50,613][flwr][INFO] - 	            (1, 0.8945),
[2024-07-19 14:38:50,613][flwr][INFO] - 	            (2, 0.9429),
[2024-07-19 14:38:50,613][flwr][INFO] - 	            (3, 0.9549),
[2024-07-19 14:38:50,613][flwr][INFO] - 	            (4, 0.9603),
[2024-07-19 14:38:50,613][flwr][INFO] - 	            (5, 0.9658),
[2024-07-19 14:38:50,613][flwr][INFO] - 	            (6, 0.9661),
[2024-07-19 14:38:50,613][flwr][INFO] - 	            (7, 0.9696),
[2024-07-19 14:38:50,613][flwr][INFO] - 	            (8, 0.9702),
[2024-07-19 14:38:50,613][flwr][INFO] - 	            (9, 0.9661),
[2024-07-19 14:38:50,613][flwr][INFO] - 	            (10, 0.9696)]}
[2024-07-19 14:38:50,613][flwr][INFO] - 
