[2024-06-20 20:28:42,805][flwr][INFO] - Starting Flower simulation, config: num_rounds=10, no round_timeout
[2024-06-20 20:28:43,872][flwr][INFO] - Flower VCE: Ray initialized with resources: {'node:127.0.0.1': 1.0, 'object_store_memory': 2147483648.0, 'CPU': 12.0, 'node:__internal_head__': 1.0, 'memory': 10133757952.0}
[2024-06-20 20:28:43,872][flwr][INFO] - Optimize your simulation with Flower VCE: https://flower.ai/docs/framework/how-to-run-simulations.html
[2024-06-20 20:28:43,872][flwr][INFO] - Flower VCE: Resources for each Virtual Client: {'num_cpus': 2, 'num_gpus': 0}
[2024-06-20 20:28:43,878][flwr][INFO] - Flower VCE: Creating VirtualClientEngineActorPool with 6 actors
[2024-06-20 20:28:43,879][flwr][INFO] - [INIT]
[2024-06-20 20:28:43,879][flwr][INFO] - Requesting initial parameters from one random client
[2024-06-20 20:28:46,033][flwr][INFO] - Received initial parameters from one random client
[2024-06-20 20:28:46,033][flwr][INFO] - Evaluating initial global parameters
[2024-06-20 20:28:46,465][flwr][INFO] - initial parameters (loss, other metrics): 181.76928067207336, {'accuracy': 0.1086, 'precision': 0.12349967530374152, 'recall': 0.1086, 'f1': 0.03553137346181725, 'confusion_matrix': array([[   0,    8,    0,  956,    0,    1,    0,   15,    0,    0],
       [   0,  122,    0, 1013,    0,    0,    0,    0,    0,    0],
       [   0,   38,    0,  971,    0,    0,    3,   19,    1,    0],
       [   0,   44,    0,  945,    1,    1,    0,   17,    2,    0],
       [   0,  143,    0,  816,    1,    0,    2,   20,    0,    0],
       [   0,  118,    0,  735,    1,    7,    0,   30,    1,    0],
       [   0,  144,    0,  749,   25,    0,    2,   38,    0,    0],
       [   0,  272,    0,  724,    8,    0,    0,    9,   15,    0],
       [   0,   81,    0,  859,    1,    0,    1,   32,    0,    0],
       [   0,  178,    0,  799,    1,    0,    0,   31,    0,    0]])}
[2024-06-20 20:28:46,465][flwr][INFO] - 
[2024-06-20 20:28:46,465][flwr][INFO] - [ROUND 1]
[2024-06-20 20:28:46,466][flwr][INFO] - configure_fit: strategy sampled 10 clients (out of 100)
[2024-06-20 20:28:53,425][flwr][INFO] - aggregate_fit: received 10 results and 0 failures
[2024-06-20 20:28:53,432][flwr][WARNING] - No fit_metrics_aggregation_fn provided
[2024-06-20 20:28:53,878][flwr][INFO] - fit progress: (1, 57736.634704589844, {'accuracy': 0.0488, 'precision': 0.04155430371495636, 'recall': 0.0488, 'f1': 0.02877346229987354, 'confusion_matrix': array([[  6, 208, 586,  11,   6,   4, 156,   0,   1,   2],
       [259,  11, 753,   3,  78,   7,  24,   0,   0,   0],
       [188, 306, 348,   5,  11,   7, 157,   0,   0,  10],
       [ 71, 152, 433,  28,   3,  35, 145,   0,   0, 143],
       [ 16, 129, 731,  38,   2,  45,  19,   1,   0,   1],
       [ 25, 139, 417,  70,  10,  44,  84,   0,   1, 102],
       [ 48, 111, 690,  33,  23,   3,  48,   0,   1,   1],
       [ 32, 128, 777,  22,  14,  29,  23,   0,   0,   3],
       [ 82, 114, 587,  26,   3,  12, 131,   0,   0,  19],
       [ 22, 123, 701,  50,   1,  45,  66,   0,   0,   1]])}, 7.4131174170000005)
[2024-06-20 20:28:53,879][flwr][INFO] - configure_evaluate: no clients selected, skipping evaluation
[2024-06-20 20:28:53,879][flwr][INFO] - 
[2024-06-20 20:28:53,879][flwr][INFO] - [ROUND 2]
[2024-06-20 20:28:53,879][flwr][INFO] - configure_fit: strategy sampled 10 clients (out of 100)
[2024-06-20 20:28:59,198][flwr][INFO] - aggregate_fit: received 10 results and 0 failures
[2024-06-20 20:28:59,654][flwr][INFO] - fit progress: (2, 208515.23120117188, {'accuracy': 0.181, 'precision': 0.22349490232317235, 'recall': 0.181, 'f1': 0.13469499939453744, 'confusion_matrix': array([[250, 339,   4,  65,  20,   7,  35, 242,  18,   0],
       [ 14, 363,   0,   0,   4,   2,   7, 734,  10,   1],
       [ 23, 425,  25,  10,   8,  60,  60, 376,  22,  23],
       [ 33, 370,   6,  73,   2, 104,  47, 276,  85,  14],
       [  5, 463,   9,   0,  11,  31,  14, 446,   3,   0],
       [ 29, 255,  11,  35,   4,  62,  25, 344, 124,   3],
       [ 36, 287,  55,   3,   4,   8,  96, 442,  11,  16],
       [  4, 146,   1,   0,   1,   2,   0, 874,   0,   0],
       [ 22, 413,   9,  16,  19,  51,  27, 362,  55,   0],
       [ 14, 371,   3,   0,   2,   2,   9, 605,   2,   1]])}, 13.189288874999999)
[2024-06-20 20:28:59,655][flwr][INFO] - configure_evaluate: no clients selected, skipping evaluation
[2024-06-20 20:28:59,655][flwr][INFO] - 
[2024-06-20 20:28:59,655][flwr][INFO] - [ROUND 3]
[2024-06-20 20:28:59,655][flwr][INFO] - configure_fit: strategy sampled 10 clients (out of 100)
[2024-06-20 20:29:04,977][flwr][INFO] - aggregate_fit: received 10 results and 0 failures
[2024-06-20 20:29:05,424][flwr][INFO] - fit progress: (3, 511178.0302734375, {'accuracy': 0.3023, 'precision': 0.3173159585191828, 'recall': 0.3023, 'f1': 0.28317636717254296, 'confusion_matrix': array([[480,  26, 198, 137,  36,   5,  46,   9,   9,  34],
       [233, 498, 192,   1,  73,  30,   3,  34,   1,  70],
       [ 55,  76, 646,  20, 109,  19,  49,  21,  18,  19],
       [ 73, 101, 346, 346,  19,  16,  15,  16,  44,  34],
       [ 33, 257, 204,  24, 223,  71,  51,  73,  21,  25],
       [107,  63, 176, 207,  22,  74,  11,   7, 207,  18],
       [ 62,  45, 646,  24,  32,   4,  44,  22,  18,  61],
       [ 66, 192, 218,   9,  49,   3,  43, 412,   1,  35],
       [ 71,  93, 307,  99,  89,  37,  23,   9, 226,  20],
       [ 40, 329, 235,  21, 114,  14,  80,  64,  38,  74]])}, 18.958952083)
[2024-06-20 20:29:05,424][flwr][INFO] - configure_evaluate: no clients selected, skipping evaluation
[2024-06-20 20:29:05,424][flwr][INFO] - 
[2024-06-20 20:29:05,424][flwr][INFO] - [ROUND 4]
[2024-06-20 20:29:05,425][flwr][INFO] - configure_fit: strategy sampled 10 clients (out of 100)
[2024-06-20 20:29:10,734][flwr][INFO] - aggregate_fit: received 10 results and 0 failures
[2024-06-20 20:29:11,189][flwr][INFO] - fit progress: (4, 2189428.740234375, {'accuracy': 0.3676, 'precision': 0.3934711394517617, 'recall': 0.3676, 'f1': 0.3530716215009227, 'confusion_matrix': array([[433,  10,  16, 137, 176,  27,  96,  43,  40,   2],
       [ 43, 759,  98,  21, 169,   0,  20,  20,   4,   1],
       [ 27,  58, 294,  66, 155,  15, 297,  47,  45,  28],
       [ 46,  48, 121, 460,  66,  49,  79,  41,  71,  29],
       [ 12,  83,  57,  85, 459,  30, 136,  88,  16,  16],
       [ 33,  39,  45, 221, 107, 105,  91,  19, 229,   3],
       [ 78,  24,  79, 172, 137,   2, 415,  34,  11,   6],
       [ 57, 114,  54,  36, 177,   0, 106, 474,   1,   9],
       [  5,  34, 102, 166, 270,  28, 118,  13, 234,   4],
       [ 18,  99,  55,  92, 286,   1, 318,  83,  14,  43]])}, 24.7248315)
[2024-06-20 20:29:11,190][flwr][INFO] - configure_evaluate: no clients selected, skipping evaluation
[2024-06-20 20:29:11,190][flwr][INFO] - 
[2024-06-20 20:29:11,190][flwr][INFO] - [ROUND 5]
[2024-06-20 20:29:11,191][flwr][INFO] - configure_fit: strategy sampled 10 clients (out of 100)
[2024-06-20 20:29:16,507][flwr][INFO] - aggregate_fit: received 10 results and 0 failures
[2024-06-20 20:29:17,070][flwr][INFO] - fit progress: (5, 8527248.61328125, {'accuracy': 0.4264, 'precision': 0.42349935083474327, 'recall': 0.4264, 'f1': 0.4087385062357484, 'confusion_matrix': array([[642,  15,  18,  39,  19,  43,  81,  44,  78,   1],
       [ 49, 885,  99,  10,  23,  21,  23,   8,   8,   9],
       [ 41,  60, 433,  58,  61,  45, 202,  64,  38,  30],
       [ 82,  67, 159, 316,   5, 171,  81,  56,  50,  23],
       [ 13,  94, 105,  42, 300, 115, 168,  91,  30,  24],
       [ 42,  39,  55,  90,  32, 331,  66,  25, 207,   5],
       [ 96,  15, 215,  87,  33,   7, 440,  37,  24,   4],
       [127, 179,  58,  13,  36,   8,  99, 487,   8,  13],
       [  4,  45, 155,  93,  72,  93, 106,  20, 375,  11],
       [ 28, 139,  96,  57, 113,  17, 353, 123,  28,  55]])}, 30.605655541999997)
[2024-06-20 20:29:17,071][flwr][INFO] - configure_evaluate: no clients selected, skipping evaluation
[2024-06-20 20:29:17,071][flwr][INFO] - 
[2024-06-20 20:29:17,071][flwr][INFO] - [ROUND 6]
[2024-06-20 20:29:17,071][flwr][INFO] - configure_fit: strategy sampled 10 clients (out of 100)
[2024-06-20 20:29:22,512][flwr][INFO] - aggregate_fit: received 10 results and 0 failures
[2024-06-20 20:29:22,971][flwr][INFO] - fit progress: (6, 43451605.1875, {'accuracy': 0.3883, 'precision': 0.39503107808405225, 'recall': 0.3883, 'f1': 0.3772605957609569, 'confusion_matrix': array([[623,  36,  11,  12,  28,   5, 127,  96,  36,   6],
       [  7, 774,  39,  39,  18,   1,  55,  81,   7, 114],
       [ 29,  52, 287,  25,  53,  34, 238, 119,  35, 160],
       [ 93, 117, 100, 149,  14,  80, 160,  96,  84, 117],
       [  3,  94,  36,  68, 284,  59, 116, 207,  19,  96],
       [ 38,  48,  36,  57,  31, 220,  96,  67, 260,  39],
       [ 38,  28, 125,  81,  24,   2, 508,  78,  21,  53],
       [ 80, 147,  16,  30,  24,   2,  72, 549,   7, 101],
       [  4,  59, 105,  78,  62,  42, 150,  73, 270, 131],
       [ 20, 149,  35,  87,  66,   5, 177, 233,  18, 219]])}, 36.506572250000005)
[2024-06-20 20:29:22,972][flwr][INFO] - configure_evaluate: no clients selected, skipping evaluation
[2024-06-20 20:29:22,972][flwr][INFO] - 
[2024-06-20 20:29:22,972][flwr][INFO] - [ROUND 7]
[2024-06-20 20:29:22,972][flwr][INFO] - configure_fit: strategy sampled 10 clients (out of 100)
[2024-06-20 20:29:28,317][flwr][INFO] - aggregate_fit: received 10 results and 0 failures
[2024-06-20 20:29:28,762][flwr][INFO] - fit progress: (7, 214969259.0, {'accuracy': 0.39, 'precision': 0.36852773981397174, 'recall': 0.39, 'f1': 0.36381723125263127, 'confusion_matrix': array([[768,  45,   3,   3,  13,  12,  40,  59,  30,   7],
       [  6, 761,  24,  40,  40,  14,  44, 149,   3,  54],
       [ 84,  89, 200,  29,  72,  64, 165, 154,  48, 127],
       [155, 155,  60,  70,  25, 199,  53, 115, 115,  63],
       [ 24,  87,  18,  51, 359,  79,  87, 188,  31,  58],
       [ 60,  52,  16,  17,  41, 363,  53,  85, 171,  34],
       [ 76,  79,  84,  70,  45,   5, 453,  90,  16,  40],
       [175, 180,   6,  19,  50,  12,  36, 496,   5,  49],
       [ 15,  88,  44,  27, 101, 134, 107,  79, 290,  89],
       [ 67, 199,  21,  94, 109,  15, 121, 220,  23, 140]])}, 42.297772458)
[2024-06-20 20:29:28,762][flwr][INFO] - configure_evaluate: no clients selected, skipping evaluation
[2024-06-20 20:29:28,762][flwr][INFO] - 
[2024-06-20 20:29:28,762][flwr][INFO] - [ROUND 8]
[2024-06-20 20:29:28,763][flwr][INFO] - configure_fit: strategy sampled 10 clients (out of 100)
[2024-06-20 20:29:34,133][flwr][INFO] - aggregate_fit: received 10 results and 0 failures
[2024-06-20 20:29:34,591][flwr][INFO] - fit progress: (8, 1085748674.0, {'accuracy': 0.3646, 'precision': 0.3445133986744155, 'recall': 0.3646, 'f1': 0.3400864574427618, 'confusion_matrix': array([[677,  96,  13,   0,   6,  17,  70,  35,  46,  20],
       [  5, 578, 231,   6,  74,  13,  42,  58,  15, 113],
       [ 50, 120, 308,  11,  52,  61, 220,  61,  46, 103],
       [146, 145,  88,  13,  24, 175,  65,  85, 168, 101],
       [  9, 116,  21,  15, 340,  95, 185, 114,  36,  51],
       [ 47,  61,  15,   3,  26, 331,  74,  49, 235,  51],
       [ 55,  68,  67,   9,   9,   3, 628,  59,  17,  43],
       [132, 278,  30,   5,  37,  12, 108, 316,   7, 103],
       [ 15,  72,  62,  10,  60, 101, 190,  33, 308, 123],
       [ 34, 239,  26,  23,  89,  18, 291, 105,  37, 147]])}, 48.127391125)
[2024-06-20 20:29:34,592][flwr][INFO] - configure_evaluate: no clients selected, skipping evaluation
[2024-06-20 20:29:34,592][flwr][INFO] - 
[2024-06-20 20:29:34,592][flwr][INFO] - [ROUND 9]
[2024-06-20 20:29:34,592][flwr][INFO] - configure_fit: strategy sampled 10 clients (out of 100)
[2024-06-20 20:29:39,775][flwr][INFO] - aggregate_fit: received 10 results and 0 failures
[2024-06-20 20:29:40,223][flwr][INFO] - fit progress: (9, 4708441436.0, {'accuracy': 0.3499, 'precision': 0.358490033335503, 'recall': 0.3499, 'f1': 0.3272412965710994, 'confusion_matrix': array([[662,  65,   6,   4,  19,  11,  57,  51,  88,  17],
       [ 82, 586,  32,  23,  52,   5,  23, 163,  45, 124],
       [ 57,  94, 185,  35,  46,  31, 156, 145,  93, 190],
       [182,  55,  47,  38,  23,  71,  29, 181, 307,  77],
       [ 14, 124,   7,   9, 322,  50, 106, 182,  83,  85],
       [ 69,  58,   7,  11,  29, 136,  45,  74, 411,  52],
       [ 56,  84,  33,  14,  17,   1, 516, 100,  32, 105],
       [166, 199,  12,   9,  33,   7,  54, 398,  24, 126],
       [ 24,  52,  23,  23,  49,  27,  56,  87, 458, 175],
       [ 55, 214,   4,  32,  74,  10, 161, 164,  97, 198]])}, 53.758714624999996)
[2024-06-20 20:29:40,223][flwr][INFO] - configure_evaluate: no clients selected, skipping evaluation
[2024-06-20 20:29:40,223][flwr][INFO] - 
[2024-06-20 20:29:40,223][flwr][INFO] - [ROUND 10]
[2024-06-20 20:29:40,223][flwr][INFO] - configure_fit: strategy sampled 10 clients (out of 100)
[2024-06-20 20:29:46,160][flwr][INFO] - aggregate_fit: received 10 results and 0 failures
[2024-06-20 20:29:46,617][flwr][INFO] - fit progress: (10, 23653212256.0, {'accuracy': 0.3468, 'precision': 0.347575877175254, 'recall': 0.3468, 'f1': 0.3277120978830823, 'confusion_matrix': array([[714,  42,  15,   4,  11,  10,  64,  37,  65,  18],
       [ 40, 515,  34,   9, 192,   2,  25, 134,  57, 127],
       [ 64,  66, 267,  41,  77,  28, 149, 116,  86, 138],
       [168,  51,  57,  35,  68,  80,  29, 187, 237,  98],
       [ 19, 113,   4,  10, 400,  35, 110, 136,  72,  83],
       [ 88,  68,  18,  13,  48, 162,  35,  78, 321,  61],
       [113,  50,  38,  19,  29,   2, 488,  94,  30,  95],
       [166, 175,  31,  11,  48,   8,  77, 308,  26, 178],
       [ 27,  33,  18,  27, 151,  40,  68,  95, 353, 162],
       [ 57, 232,   5,  24,  97,  11, 190, 107,  60, 226]])}, 60.153815792)
[2024-06-20 20:29:46,618][flwr][INFO] - configure_evaluate: no clients selected, skipping evaluation
[2024-06-20 20:29:46,619][flwr][INFO] - 
[2024-06-20 20:29:46,619][flwr][INFO] - [SUMMARY]
[2024-06-20 20:29:46,619][flwr][INFO] - Run finished 10 round(s) in 60.15s
[2024-06-20 20:29:46,623][flwr][INFO] - 	History (loss, centralized):
[2024-06-20 20:29:46,624][flwr][INFO] - 		round 0: 181.76928067207336
[2024-06-20 20:29:46,624][flwr][INFO] - 		round 1: 57736.634704589844
[2024-06-20 20:29:46,624][flwr][INFO] - 		round 2: 208515.23120117188
[2024-06-20 20:29:46,624][flwr][INFO] - 		round 3: 511178.0302734375
[2024-06-20 20:29:46,624][flwr][INFO] - 		round 4: 2189428.740234375
[2024-06-20 20:29:46,624][flwr][INFO] - 		round 5: 8527248.61328125
[2024-06-20 20:29:46,624][flwr][INFO] - 		round 6: 43451605.1875
[2024-06-20 20:29:46,624][flwr][INFO] - 		round 7: 214969259.0
[2024-06-20 20:29:46,624][flwr][INFO] - 		round 8: 1085748674.0
[2024-06-20 20:29:46,624][flwr][INFO] - 		round 9: 4708441436.0
[2024-06-20 20:29:46,624][flwr][INFO] - 		round 10: 23653212256.0
[2024-06-20 20:29:46,624][flwr][INFO] - 	History (metrics, centralized):
[2024-06-20 20:29:46,624][flwr][INFO] - 	{'accuracy': [(0, 0.1086),
[2024-06-20 20:29:46,624][flwr][INFO] - 	              (1, 0.0488),
[2024-06-20 20:29:46,624][flwr][INFO] - 	              (2, 0.181),
[2024-06-20 20:29:46,624][flwr][INFO] - 	              (3, 0.3023),
[2024-06-20 20:29:46,624][flwr][INFO] - 	              (4, 0.3676),
[2024-06-20 20:29:46,624][flwr][INFO] - 	              (5, 0.4264),
[2024-06-20 20:29:46,624][flwr][INFO] - 	              (6, 0.3883),
[2024-06-20 20:29:46,624][flwr][INFO] - 	              (7, 0.39),
[2024-06-20 20:29:46,624][flwr][INFO] - 	              (8, 0.3646),
[2024-06-20 20:29:46,624][flwr][INFO] - 	              (9, 0.3499),
[2024-06-20 20:29:46,624][flwr][INFO] - 	              (10, 0.3468)],
[2024-06-20 20:29:46,624][flwr][INFO] - 	 'confusion_matrix': [(0,
[2024-06-20 20:29:46,624][flwr][INFO] - 	                       array([[   0,    8,    0,  956,    0,    1,    0,   15,    0,    0],
[2024-06-20 20:29:46,624][flwr][INFO] - 	       [   0,  122,    0, 1013,    0,    0,    0,    0,    0,    0],
[2024-06-20 20:29:46,624][flwr][INFO] - 	       [   0,   38,    0,  971,    0,    0,    3,   19,    1,    0],
[2024-06-20 20:29:46,625][flwr][INFO] - 	       [   0,   44,    0,  945,    1,    1,    0,   17,    2,    0],
[2024-06-20 20:29:46,625][flwr][INFO] - 	       [   0,  143,    0,  816,    1,    0,    2,   20,    0,    0],
[2024-06-20 20:29:46,625][flwr][INFO] - 	       [   0,  118,    0,  735,    1,    7,    0,   30,    1,    0],
[2024-06-20 20:29:46,625][flwr][INFO] - 	       [   0,  144,    0,  749,   25,    0,    2,   38,    0,    0],
[2024-06-20 20:29:46,625][flwr][INFO] - 	       [   0,  272,    0,  724,    8,    0,    0,    9,   15,    0],
[2024-06-20 20:29:46,625][flwr][INFO] - 	       [   0,   81,    0,  859,    1,    0,    1,   32,    0,    0],
[2024-06-20 20:29:46,625][flwr][INFO] - 	       [   0,  178,    0,  799,    1,    0,    0,   31,    0,    0]])),
[2024-06-20 20:29:46,625][flwr][INFO] - 	                      (1,
[2024-06-20 20:29:46,625][flwr][INFO] - 	                       array([[  6, 208, 586,  11,   6,   4, 156,   0,   1,   2],
[2024-06-20 20:29:46,625][flwr][INFO] - 	       [259,  11, 753,   3,  78,   7,  24,   0,   0,   0],
[2024-06-20 20:29:46,625][flwr][INFO] - 	       [188, 306, 348,   5,  11,   7, 157,   0,   0,  10],
[2024-06-20 20:29:46,625][flwr][INFO] - 	       [ 71, 152, 433,  28,   3,  35, 145,   0,   0, 143],
[2024-06-20 20:29:46,625][flwr][INFO] - 	       [ 16, 129, 731,  38,   2,  45,  19,   1,   0,   1],
[2024-06-20 20:29:46,625][flwr][INFO] - 	       [ 25, 139, 417,  70,  10,  44,  84,   0,   1, 102],
[2024-06-20 20:29:46,625][flwr][INFO] - 	       [ 48, 111, 690,  33,  23,   3,  48,   0,   1,   1],
[2024-06-20 20:29:46,625][flwr][INFO] - 	       [ 32, 128, 777,  22,  14,  29,  23,   0,   0,   3],
[2024-06-20 20:29:46,625][flwr][INFO] - 	       [ 82, 114, 587,  26,   3,  12, 131,   0,   0,  19],
[2024-06-20 20:29:46,625][flwr][INFO] - 	       [ 22, 123, 701,  50,   1,  45,  66,   0,   0,   1]])),
[2024-06-20 20:29:46,625][flwr][INFO] - 	                      (2,
[2024-06-20 20:29:46,625][flwr][INFO] - 	                       array([[250, 339,   4,  65,  20,   7,  35, 242,  18,   0],
[2024-06-20 20:29:46,625][flwr][INFO] - 	       [ 14, 363,   0,   0,   4,   2,   7, 734,  10,   1],
[2024-06-20 20:29:46,625][flwr][INFO] - 	       [ 23, 425,  25,  10,   8,  60,  60, 376,  22,  23],
[2024-06-20 20:29:46,625][flwr][INFO] - 	       [ 33, 370,   6,  73,   2, 104,  47, 276,  85,  14],
[2024-06-20 20:29:46,625][flwr][INFO] - 	       [  5, 463,   9,   0,  11,  31,  14, 446,   3,   0],
[2024-06-20 20:29:46,625][flwr][INFO] - 	       [ 29, 255,  11,  35,   4,  62,  25, 344, 124,   3],
[2024-06-20 20:29:46,625][flwr][INFO] - 	       [ 36, 287,  55,   3,   4,   8,  96, 442,  11,  16],
[2024-06-20 20:29:46,625][flwr][INFO] - 	       [  4, 146,   1,   0,   1,   2,   0, 874,   0,   0],
[2024-06-20 20:29:46,625][flwr][INFO] - 	       [ 22, 413,   9,  16,  19,  51,  27, 362,  55,   0],
[2024-06-20 20:29:46,625][flwr][INFO] - 	       [ 14, 371,   3,   0,   2,   2,   9, 605,   2,   1]])),
[2024-06-20 20:29:46,625][flwr][INFO] - 	                      (3,
[2024-06-20 20:29:46,625][flwr][INFO] - 	                       array([[480,  26, 198, 137,  36,   5,  46,   9,   9,  34],
[2024-06-20 20:29:46,625][flwr][INFO] - 	       [233, 498, 192,   1,  73,  30,   3,  34,   1,  70],
[2024-06-20 20:29:46,625][flwr][INFO] - 	       [ 55,  76, 646,  20, 109,  19,  49,  21,  18,  19],
[2024-06-20 20:29:46,625][flwr][INFO] - 	       [ 73, 101, 346, 346,  19,  16,  15,  16,  44,  34],
[2024-06-20 20:29:46,625][flwr][INFO] - 	       [ 33, 257, 204,  24, 223,  71,  51,  73,  21,  25],
[2024-06-20 20:29:46,625][flwr][INFO] - 	       [107,  63, 176, 207,  22,  74,  11,   7, 207,  18],
[2024-06-20 20:29:46,625][flwr][INFO] - 	       [ 62,  45, 646,  24,  32,   4,  44,  22,  18,  61],
[2024-06-20 20:29:46,625][flwr][INFO] - 	       [ 66, 192, 218,   9,  49,   3,  43, 412,   1,  35],
[2024-06-20 20:29:46,625][flwr][INFO] - 	       [ 71,  93, 307,  99,  89,  37,  23,   9, 226,  20],
[2024-06-20 20:29:46,625][flwr][INFO] - 	       [ 40, 329, 235,  21, 114,  14,  80,  64,  38,  74]])),
[2024-06-20 20:29:46,625][flwr][INFO] - 	                      (4,
[2024-06-20 20:29:46,625][flwr][INFO] - 	                       array([[433,  10,  16, 137, 176,  27,  96,  43,  40,   2],
[2024-06-20 20:29:46,626][flwr][INFO] - 	       [ 43, 759,  98,  21, 169,   0,  20,  20,   4,   1],
[2024-06-20 20:29:46,626][flwr][INFO] - 	       [ 27,  58, 294,  66, 155,  15, 297,  47,  45,  28],
[2024-06-20 20:29:46,626][flwr][INFO] - 	       [ 46,  48, 121, 460,  66,  49,  79,  41,  71,  29],
[2024-06-20 20:29:46,626][flwr][INFO] - 	       [ 12,  83,  57,  85, 459,  30, 136,  88,  16,  16],
[2024-06-20 20:29:46,626][flwr][INFO] - 	       [ 33,  39,  45, 221, 107, 105,  91,  19, 229,   3],
[2024-06-20 20:29:46,626][flwr][INFO] - 	       [ 78,  24,  79, 172, 137,   2, 415,  34,  11,   6],
[2024-06-20 20:29:46,626][flwr][INFO] - 	       [ 57, 114,  54,  36, 177,   0, 106, 474,   1,   9],
[2024-06-20 20:29:46,626][flwr][INFO] - 	       [  5,  34, 102, 166, 270,  28, 118,  13, 234,   4],
[2024-06-20 20:29:46,626][flwr][INFO] - 	       [ 18,  99,  55,  92, 286,   1, 318,  83,  14,  43]])),
[2024-06-20 20:29:46,626][flwr][INFO] - 	                      (5,
[2024-06-20 20:29:46,626][flwr][INFO] - 	                       array([[642,  15,  18,  39,  19,  43,  81,  44,  78,   1],
[2024-06-20 20:29:46,626][flwr][INFO] - 	       [ 49, 885,  99,  10,  23,  21,  23,   8,   8,   9],
[2024-06-20 20:29:46,626][flwr][INFO] - 	       [ 41,  60, 433,  58,  61,  45, 202,  64,  38,  30],
[2024-06-20 20:29:46,626][flwr][INFO] - 	       [ 82,  67, 159, 316,   5, 171,  81,  56,  50,  23],
[2024-06-20 20:29:46,626][flwr][INFO] - 	       [ 13,  94, 105,  42, 300, 115, 168,  91,  30,  24],
[2024-06-20 20:29:46,626][flwr][INFO] - 	       [ 42,  39,  55,  90,  32, 331,  66,  25, 207,   5],
[2024-06-20 20:29:46,626][flwr][INFO] - 	       [ 96,  15, 215,  87,  33,   7, 440,  37,  24,   4],
[2024-06-20 20:29:46,626][flwr][INFO] - 	       [127, 179,  58,  13,  36,   8,  99, 487,   8,  13],
[2024-06-20 20:29:46,626][flwr][INFO] - 	       [  4,  45, 155,  93,  72,  93, 106,  20, 375,  11],
[2024-06-20 20:29:46,626][flwr][INFO] - 	       [ 28, 139,  96,  57, 113,  17, 353, 123,  28,  55]])),
[2024-06-20 20:29:46,626][flwr][INFO] - 	                      (6,
[2024-06-20 20:29:46,626][flwr][INFO] - 	                       array([[623,  36,  11,  12,  28,   5, 127,  96,  36,   6],
[2024-06-20 20:29:46,626][flwr][INFO] - 	       [  7, 774,  39,  39,  18,   1,  55,  81,   7, 114],
[2024-06-20 20:29:46,626][flwr][INFO] - 	       [ 29,  52, 287,  25,  53,  34, 238, 119,  35, 160],
[2024-06-20 20:29:46,626][flwr][INFO] - 	       [ 93, 117, 100, 149,  14,  80, 160,  96,  84, 117],
[2024-06-20 20:29:46,626][flwr][INFO] - 	       [  3,  94,  36,  68, 284,  59, 116, 207,  19,  96],
[2024-06-20 20:29:46,626][flwr][INFO] - 	       [ 38,  48,  36,  57,  31, 220,  96,  67, 260,  39],
[2024-06-20 20:29:46,626][flwr][INFO] - 	       [ 38,  28, 125,  81,  24,   2, 508,  78,  21,  53],
[2024-06-20 20:29:46,626][flwr][INFO] - 	       [ 80, 147,  16,  30,  24,   2,  72, 549,   7, 101],
[2024-06-20 20:29:46,626][flwr][INFO] - 	       [  4,  59, 105,  78,  62,  42, 150,  73, 270, 131],
[2024-06-20 20:29:46,626][flwr][INFO] - 	       [ 20, 149,  35,  87,  66,   5, 177, 233,  18, 219]])),
[2024-06-20 20:29:46,626][flwr][INFO] - 	                      (7,
[2024-06-20 20:29:46,626][flwr][INFO] - 	                       array([[768,  45,   3,   3,  13,  12,  40,  59,  30,   7],
[2024-06-20 20:29:46,626][flwr][INFO] - 	       [  6, 761,  24,  40,  40,  14,  44, 149,   3,  54],
[2024-06-20 20:29:46,626][flwr][INFO] - 	       [ 84,  89, 200,  29,  72,  64, 165, 154,  48, 127],
[2024-06-20 20:29:46,626][flwr][INFO] - 	       [155, 155,  60,  70,  25, 199,  53, 115, 115,  63],
[2024-06-20 20:29:46,626][flwr][INFO] - 	       [ 24,  87,  18,  51, 359,  79,  87, 188,  31,  58],
[2024-06-20 20:29:46,626][flwr][INFO] - 	       [ 60,  52,  16,  17,  41, 363,  53,  85, 171,  34],
[2024-06-20 20:29:46,626][flwr][INFO] - 	       [ 76,  79,  84,  70,  45,   5, 453,  90,  16,  40],
[2024-06-20 20:29:46,626][flwr][INFO] - 	       [175, 180,   6,  19,  50,  12,  36, 496,   5,  49],
[2024-06-20 20:29:46,626][flwr][INFO] - 	       [ 15,  88,  44,  27, 101, 134, 107,  79, 290,  89],
[2024-06-20 20:29:46,626][flwr][INFO] - 	       [ 67, 199,  21,  94, 109,  15, 121, 220,  23, 140]])),
[2024-06-20 20:29:46,626][flwr][INFO] - 	                      (8,
[2024-06-20 20:29:46,627][flwr][INFO] - 	                       array([[677,  96,  13,   0,   6,  17,  70,  35,  46,  20],
[2024-06-20 20:29:46,627][flwr][INFO] - 	       [  5, 578, 231,   6,  74,  13,  42,  58,  15, 113],
[2024-06-20 20:29:46,627][flwr][INFO] - 	       [ 50, 120, 308,  11,  52,  61, 220,  61,  46, 103],
[2024-06-20 20:29:46,627][flwr][INFO] - 	       [146, 145,  88,  13,  24, 175,  65,  85, 168, 101],
[2024-06-20 20:29:46,627][flwr][INFO] - 	       [  9, 116,  21,  15, 340,  95, 185, 114,  36,  51],
[2024-06-20 20:29:46,627][flwr][INFO] - 	       [ 47,  61,  15,   3,  26, 331,  74,  49, 235,  51],
[2024-06-20 20:29:46,627][flwr][INFO] - 	       [ 55,  68,  67,   9,   9,   3, 628,  59,  17,  43],
[2024-06-20 20:29:46,627][flwr][INFO] - 	       [132, 278,  30,   5,  37,  12, 108, 316,   7, 103],
[2024-06-20 20:29:46,627][flwr][INFO] - 	       [ 15,  72,  62,  10,  60, 101, 190,  33, 308, 123],
[2024-06-20 20:29:46,627][flwr][INFO] - 	       [ 34, 239,  26,  23,  89,  18, 291, 105,  37, 147]])),
[2024-06-20 20:29:46,627][flwr][INFO] - 	                      (9,
[2024-06-20 20:29:46,627][flwr][INFO] - 	                       array([[662,  65,   6,   4,  19,  11,  57,  51,  88,  17],
[2024-06-20 20:29:46,627][flwr][INFO] - 	       [ 82, 586,  32,  23,  52,   5,  23, 163,  45, 124],
[2024-06-20 20:29:46,627][flwr][INFO] - 	       [ 57,  94, 185,  35,  46,  31, 156, 145,  93, 190],
[2024-06-20 20:29:46,627][flwr][INFO] - 	       [182,  55,  47,  38,  23,  71,  29, 181, 307,  77],
[2024-06-20 20:29:46,627][flwr][INFO] - 	       [ 14, 124,   7,   9, 322,  50, 106, 182,  83,  85],
[2024-06-20 20:29:46,627][flwr][INFO] - 	       [ 69,  58,   7,  11,  29, 136,  45,  74, 411,  52],
[2024-06-20 20:29:46,627][flwr][INFO] - 	       [ 56,  84,  33,  14,  17,   1, 516, 100,  32, 105],
[2024-06-20 20:29:46,627][flwr][INFO] - 	       [166, 199,  12,   9,  33,   7,  54, 398,  24, 126],
[2024-06-20 20:29:46,627][flwr][INFO] - 	       [ 24,  52,  23,  23,  49,  27,  56,  87, 458, 175],
[2024-06-20 20:29:46,627][flwr][INFO] - 	       [ 55, 214,   4,  32,  74,  10, 161, 164,  97, 198]])),
[2024-06-20 20:29:46,627][flwr][INFO] - 	                      (10,
[2024-06-20 20:29:46,627][flwr][INFO] - 	                       array([[714,  42,  15,   4,  11,  10,  64,  37,  65,  18],
[2024-06-20 20:29:46,627][flwr][INFO] - 	       [ 40, 515,  34,   9, 192,   2,  25, 134,  57, 127],
[2024-06-20 20:29:46,627][flwr][INFO] - 	       [ 64,  66, 267,  41,  77,  28, 149, 116,  86, 138],
[2024-06-20 20:29:46,627][flwr][INFO] - 	       [168,  51,  57,  35,  68,  80,  29, 187, 237,  98],
[2024-06-20 20:29:46,627][flwr][INFO] - 	       [ 19, 113,   4,  10, 400,  35, 110, 136,  72,  83],
[2024-06-20 20:29:46,627][flwr][INFO] - 	       [ 88,  68,  18,  13,  48, 162,  35,  78, 321,  61],
[2024-06-20 20:29:46,627][flwr][INFO] - 	       [113,  50,  38,  19,  29,   2, 488,  94,  30,  95],
[2024-06-20 20:29:46,627][flwr][INFO] - 	       [166, 175,  31,  11,  48,   8,  77, 308,  26, 178],
[2024-06-20 20:29:46,627][flwr][INFO] - 	       [ 27,  33,  18,  27, 151,  40,  68,  95, 353, 162],
[2024-06-20 20:29:46,627][flwr][INFO] - 	       [ 57, 232,   5,  24,  97,  11, 190, 107,  60, 226]]))],
[2024-06-20 20:29:46,627][flwr][INFO] - 	 'f1': [(0, 0.03553137346181725),
[2024-06-20 20:29:46,627][flwr][INFO] - 	        (1, 0.02877346229987354),
[2024-06-20 20:29:46,627][flwr][INFO] - 	        (2, 0.13469499939453744),
[2024-06-20 20:29:46,627][flwr][INFO] - 	        (3, 0.28317636717254296),
[2024-06-20 20:29:46,627][flwr][INFO] - 	        (4, 0.3530716215009227),
[2024-06-20 20:29:46,627][flwr][INFO] - 	        (5, 0.4087385062357484),
[2024-06-20 20:29:46,627][flwr][INFO] - 	        (6, 0.3772605957609569),
[2024-06-20 20:29:46,627][flwr][INFO] - 	        (7, 0.36381723125263127),
[2024-06-20 20:29:46,627][flwr][INFO] - 	        (8, 0.3400864574427618),
[2024-06-20 20:29:46,627][flwr][INFO] - 	        (9, 0.3272412965710994),
[2024-06-20 20:29:46,627][flwr][INFO] - 	        (10, 0.3277120978830823)],
[2024-06-20 20:29:46,628][flwr][INFO] - 	 'precision': [(0, 0.12349967530374152),
[2024-06-20 20:29:46,628][flwr][INFO] - 	               (1, 0.04155430371495636),
[2024-06-20 20:29:46,628][flwr][INFO] - 	               (2, 0.22349490232317235),
[2024-06-20 20:29:46,628][flwr][INFO] - 	               (3, 0.3173159585191828),
[2024-06-20 20:29:46,628][flwr][INFO] - 	               (4, 0.3934711394517617),
[2024-06-20 20:29:46,628][flwr][INFO] - 	               (5, 0.42349935083474327),
[2024-06-20 20:29:46,628][flwr][INFO] - 	               (6, 0.39503107808405225),
[2024-06-20 20:29:46,628][flwr][INFO] - 	               (7, 0.36852773981397174),
[2024-06-20 20:29:46,628][flwr][INFO] - 	               (8, 0.3445133986744155),
[2024-06-20 20:29:46,628][flwr][INFO] - 	               (9, 0.358490033335503),
[2024-06-20 20:29:46,628][flwr][INFO] - 	               (10, 0.347575877175254)],
[2024-06-20 20:29:46,628][flwr][INFO] - 	 'recall': [(0, 0.1086),
[2024-06-20 20:29:46,628][flwr][INFO] - 	            (1, 0.0488),
[2024-06-20 20:29:46,628][flwr][INFO] - 	            (2, 0.181),
[2024-06-20 20:29:46,628][flwr][INFO] - 	            (3, 0.3023),
[2024-06-20 20:29:46,628][flwr][INFO] - 	            (4, 0.3676),
[2024-06-20 20:29:46,628][flwr][INFO] - 	            (5, 0.4264),
[2024-06-20 20:29:46,628][flwr][INFO] - 	            (6, 0.3883),
[2024-06-20 20:29:46,628][flwr][INFO] - 	            (7, 0.39),
[2024-06-20 20:29:46,628][flwr][INFO] - 	            (8, 0.3646),
[2024-06-20 20:29:46,628][flwr][INFO] - 	            (9, 0.3499),
[2024-06-20 20:29:46,628][flwr][INFO] - 	            (10, 0.3468)]}
[2024-06-20 20:29:46,628][flwr][INFO] - 
