[2024-06-20 17:55:37,632][flwr][INFO] - Starting Flower simulation, config: num_rounds=10, no round_timeout
[2024-06-20 17:55:38,534][flwr][INFO] - Flower VCE: Ray initialized with resources: {'memory': 9581741671.0, 'object_store_memory': 2147483648.0, 'node:127.0.0.1': 1.0, 'CPU': 12.0, 'node:__internal_head__': 1.0}
[2024-06-20 17:55:38,534][flwr][INFO] - Optimize your simulation with Flower VCE: https://flower.ai/docs/framework/how-to-run-simulations.html
[2024-06-20 17:55:38,534][flwr][INFO] - Flower VCE: Resources for each Virtual Client: {'num_cpus': 2, 'num_gpus': 0}
[2024-06-20 17:55:38,540][flwr][INFO] - Flower VCE: Creating VirtualClientEngineActorPool with 6 actors
[2024-06-20 17:55:38,540][flwr][INFO] - [INIT]
[2024-06-20 17:55:38,540][flwr][INFO] - Requesting initial parameters from one random client
[2024-06-20 17:55:40,088][flwr][INFO] - Received initial parameters from one random client
[2024-06-20 17:55:40,088][flwr][INFO] - Evaluating initial global parameters
[2024-06-20 17:55:40,422][flwr][INFO] - initial parameters (loss, other metrics): 181.76928067207336, {'accuracy': 0.1086, 'precision': 0.12349967530374152, 'recall': 0.1086, 'f1': 0.03553137346181725, 'confusion_matrix': array([[   0,    8,    0,  956,    0,    1,    0,   15,    0,    0],
       [   0,  122,    0, 1013,    0,    0,    0,    0,    0,    0],
       [   0,   38,    0,  971,    0,    0,    3,   19,    1,    0],
       [   0,   44,    0,  945,    1,    1,    0,   17,    2,    0],
       [   0,  143,    0,  816,    1,    0,    2,   20,    0,    0],
       [   0,  118,    0,  735,    1,    7,    0,   30,    1,    0],
       [   0,  144,    0,  749,   25,    0,    2,   38,    0,    0],
       [   0,  272,    0,  724,    8,    0,    0,    9,   15,    0],
       [   0,   81,    0,  859,    1,    0,    1,   32,    0,    0],
       [   0,  178,    0,  799,    1,    0,    0,   31,    0,    0]])}
[2024-06-20 17:55:40,423][flwr][INFO] - 
[2024-06-20 17:55:40,423][flwr][INFO] - [ROUND 1]
[2024-06-20 17:55:40,423][flwr][INFO] - configure_fit: strategy sampled 10 clients (out of 100)
[2024-06-20 17:55:46,569][flwr][INFO] - aggregate_fit: received 10 results and 0 failures
[2024-06-20 17:55:46,574][flwr][WARNING] - No fit_metrics_aggregation_fn provided
[2024-06-20 17:55:46,904][flwr][INFO] - fit progress: (1, 238.708749294281, {'accuracy': 0.3559, 'precision': 0.4397664702107311, 'recall': 0.3559, 'f1': 0.28944467868526097, 'confusion_matrix': array([[933,   1,   7,   0,   0,   7,   0,  30,   0,   2],
       [149, 595,  10,   0, 150,  94,   0,  86,   0,  51],
       [313,   2, 446,   0,   5, 155,   0,  81,   0,  30],
       [446,   4, 130,   5,   3, 169,   0, 236,   0,  17],
       [ 87,   2,   1,   0, 260, 137,   0, 292,   0, 203],
       [354,  13,  22,  14,  34, 262,   0, 189,   0,   4],
       [746,   0,   8,   0,   8, 166,   1,  18,   0,  11],
       [ 18,   4,   9,   0,   6,  13,   0, 972,   0,   6],
       [192,   1,  61,   0,  51, 250,   0, 336,   0,  83],
       [ 52,   1,   3,   0,  29,  36,   0, 803,   0,  85]])}, 6.4819921250000005)
[2024-06-20 17:55:46,905][flwr][INFO] - configure_evaluate: no clients selected, skipping evaluation
[2024-06-20 17:55:46,905][flwr][INFO] - 
[2024-06-20 17:55:46,905][flwr][INFO] - [ROUND 2]
[2024-06-20 17:55:46,905][flwr][INFO] - configure_fit: strategy sampled 10 clients (out of 100)
[2024-06-20 17:55:51,761][flwr][INFO] - aggregate_fit: received 10 results and 0 failures
[2024-06-20 17:55:52,102][flwr][INFO] - fit progress: (2, 413.47415113449097, {'accuracy': 0.3609, 'precision': 0.6564528320827118, 'recall': 0.3609, 'f1': 0.34226970283490277, 'confusion_matrix': array([[ 729,    0,    0,   35,    4,   73,   20,    6,    0,  113],
       [   0,   95,    0,    1,    0,    0,    1,    0,    0, 1038],
       [  37,    0,    5,   13,    6,    2,   36,    3,    0,  930],
       [  14,    0,    0,  165,    0,   12,    7,    4,    0,  808],
       [   7,    0,    0,    0,   41,    0,   73,    0,    0,  861],
       [  16,    0,    0,   61,   17,  266,   17,   12,    0,  503],
       [  14,    0,    0,    1,    1,   19,  719,    1,    0,  203],
       [  22,    1,    0,    0,    4,    2,    0,  615,    0,  384],
       [   2,    0,    0,   17,    1,    4,    8,    3,    0,  939],
       [   7,    0,    0,    3,    8,    2,    3,   12,    0,  974]])}, 11.679802000000002)
[2024-06-20 17:55:52,104][flwr][INFO] - configure_evaluate: no clients selected, skipping evaluation
[2024-06-20 17:55:52,104][flwr][INFO] - 
[2024-06-20 17:55:52,104][flwr][INFO] - [ROUND 3]
[2024-06-20 17:55:52,105][flwr][INFO] - configure_fit: strategy sampled 10 clients (out of 100)
[2024-06-20 17:55:56,725][flwr][INFO] - aggregate_fit: received 10 results and 0 failures
[2024-06-20 17:55:57,081][flwr][INFO] - fit progress: (3, 261.8147633075714, {'accuracy': 0.3918, 'precision': 0.5566307071677735, 'recall': 0.3918, 'f1': 0.39200115716648987, 'confusion_matrix': array([[575,   0, 163,   7,   1,  28, 200,   3,   0,   3],
       [  0, 241, 868,   1,   2,  15,   5,   1,   2,   0],
       [ 20,   7, 855,  18,  18,   8,  91,   1,  13,   1],
       [  4,   7, 161, 234,   1,  14, 505,   5,  76,   3],
       [ 12,   7, 112,   1, 776,   7,  44,   1,   8,  14],
       [  9,   1, 375,  66,  43,  63, 299,   3,  19,  14],
       [  3,   0, 694,   1,  16,   4, 237,   0,   1,   2],
       [  4,  12, 315,  12,  57,   6,   5, 546,  23,  48],
       [ 13,  13, 301, 146,  39,  10, 279,   3, 147,  23],
       [  6,  16, 130,  20, 488,   9,  40,  30,  26, 244]])}, 16.658442583)
[2024-06-20 17:55:57,081][flwr][INFO] - configure_evaluate: no clients selected, skipping evaluation
[2024-06-20 17:55:57,081][flwr][INFO] - 
[2024-06-20 17:55:57,081][flwr][INFO] - [ROUND 4]
[2024-06-20 17:55:57,082][flwr][INFO] - configure_fit: strategy sampled 10 clients (out of 100)
[2024-06-20 17:56:01,667][flwr][INFO] - aggregate_fit: received 10 results and 0 failures
[2024-06-20 17:56:02,001][flwr][INFO] - fit progress: (4, 258.3456802368164, {'accuracy': 0.4718, 'precision': 0.6619167198762286, 'recall': 0.4718, 'f1': 0.450333224153051, 'confusion_matrix': array([[869,   0,   0,   0,   0,  76,   0,  32,   2,   1],
       [  1, 320,   1, 339,   0,  21,   3, 447,   2,   1],
       [ 80,   2, 437,  38,   2,  64,   5, 370,  28,   6],
       [  7,   0,  19, 492,   0, 141,   0, 315,  25,  11],
       [ 71,   0,   8,  41, 344, 179,   6, 228,  17,  88],
       [ 41,   1,   4,  35,   1, 687,   2, 109,   1,  11],
       [366,   0,  28, 163,  12, 194, 128,  54,   6,   7],
       [ 10,   0,   3,   5,   4,   6,   0, 990,   1,   9],
       [ 25,   2,   6,  48,   2, 417,   1, 271, 164,  38],
       [ 21,   0,   3,  21,  10, 110,   1, 547,   9, 287]])}, 21.578695)
[2024-06-20 17:56:02,001][flwr][INFO] - configure_evaluate: no clients selected, skipping evaluation
[2024-06-20 17:56:02,001][flwr][INFO] - 
[2024-06-20 17:56:02,001][flwr][INFO] - [ROUND 5]
[2024-06-20 17:56:02,002][flwr][INFO] - configure_fit: strategy sampled 10 clients (out of 100)
[2024-06-20 17:56:07,309][flwr][INFO] - aggregate_fit: received 10 results and 0 failures
[2024-06-20 17:56:07,671][flwr][INFO] - fit progress: (5, 217.07965576648712, {'accuracy': 0.6131, 'precision': 0.6775230662653033, 'recall': 0.6131, 'f1': 0.5965283177807171, 'confusion_matrix': array([[851,  12,   1,   8,   3,   3,  77,   2,  16,   7],
       [  0, 977,   1,   2,   7,   0, 117,   1,  26,   4],
       [ 16,  76, 521,  56,  27,   2, 193,  17,  99,  25],
       [  2, 278,  15, 457,  14,  34,  31,   9, 156,  14],
       [  8,  10,   3,   0, 775,   0, 103,   0,  34,  49],
       [ 87, 106,  16,  65,  51, 206, 191,   8, 130,  32],
       [ 13,   3,   8,   4,  98,   1, 810,   0,  18,   3],
       [ 68, 103,  25,  42, 130,   0,  34, 447, 115,  64],
       [ 16,  72,   5,  15,  42,   4,  48,   2, 747,  23],
       [ 26,  32,   1,   2, 350,   1, 127,   5, 125, 340]])}, 27.248523041000002)
[2024-06-20 17:56:07,671][flwr][INFO] - configure_evaluate: no clients selected, skipping evaluation
[2024-06-20 17:56:07,671][flwr][INFO] - 
[2024-06-20 17:56:07,671][flwr][INFO] - [ROUND 6]
[2024-06-20 17:56:07,671][flwr][INFO] - configure_fit: strategy sampled 10 clients (out of 100)
[2024-06-20 17:56:12,786][flwr][INFO] - aggregate_fit: received 10 results and 0 failures
[2024-06-20 17:56:13,144][flwr][INFO] - fit progress: (6, 178.76501643657684, {'accuracy': 0.6624, 'precision': 0.6981082035384121, 'recall': 0.6624, 'f1': 0.6450891876360566, 'confusion_matrix': array([[ 568,    5,   58,   16,   11,   91,  191,   22,   18,    0],
       [   0, 1066,   11,    4,   18,    5,   13,    1,    8,    9],
       [   8,   51,  598,   59,   42,    9,  141,   67,   56,    1],
       [   1,   49,   69,  675,   20,   38,   38,   57,   62,    1],
       [   0,   16,    1,    1,  799,   11,   95,   36,   12,   11],
       [   5,   40,   27,   78,   66,  502,   86,   26,   55,    7],
       [   3,    1,   33,    2,   24,   26,  858,    3,    7,    1],
       [   0,   34,   20,   36,   23,    7,    7,  895,    3,    3],
       [   3,   37,   24,   65,   80,   94,  158,   39,  466,    8],
       [   1,   17,    4,   15,  225,   38,   43,  371,   98,  197]])}, 32.722204082999994)
[2024-06-20 17:56:13,145][flwr][INFO] - configure_evaluate: no clients selected, skipping evaluation
[2024-06-20 17:56:13,145][flwr][INFO] - 
[2024-06-20 17:56:13,145][flwr][INFO] - [ROUND 7]
[2024-06-20 17:56:13,145][flwr][INFO] - configure_fit: strategy sampled 10 clients (out of 100)
[2024-06-20 17:56:17,887][flwr][INFO] - aggregate_fit: received 10 results and 0 failures
[2024-06-20 17:56:18,229][flwr][INFO] - fit progress: (7, 225.76563382148743, {'accuracy': 0.6533, 'precision': 0.7174876096082188, 'recall': 0.6533, 'f1': 0.652025875338923, 'confusion_matrix': array([[792,   1,  16,  23,   1,  39,  55,   1,  52,   0],
       [  0, 956,   7,  12,  22,  48,  41,   0,  28,  21],
       [ 22,  11, 515, 141,   8,  12, 207,   1, 110,   5],
       [ 20,   0,  30, 795,   3,  51,  13,   2,  85,  11],
       [  1,   6,   3,   8, 502,  44, 172,   0, 171,  75],
       [ 50,   4,   9, 145,   8, 548,  32,   1,  90,   5],
       [  7,   1,   9,   4,   9,   5, 860,   0,  61,   2],
       [ 22,  50,  13, 175,  17, 147,  16, 453,  58,  77],
       [ 11,   6,   2, 100,   5,  50,  31,   0, 752,  17],
       [  7,   9,   2,  61,  29, 172,  23,   7, 339, 360]])}, 37.806555749999994)
[2024-06-20 17:56:18,229][flwr][INFO] - configure_evaluate: no clients selected, skipping evaluation
[2024-06-20 17:56:18,229][flwr][INFO] - 
[2024-06-20 17:56:18,229][flwr][INFO] - [ROUND 8]
[2024-06-20 17:56:18,229][flwr][INFO] - configure_fit: strategy sampled 10 clients (out of 100)
[2024-06-20 17:56:22,746][flwr][INFO] - aggregate_fit: received 10 results and 0 failures
[2024-06-20 17:56:23,088][flwr][INFO] - fit progress: (8, 212.61447131633759, {'accuracy': 0.6775, 'precision': 0.7280483326800697, 'recall': 0.6775, 'f1': 0.6737723950150802, 'confusion_matrix': array([[882,   1,   5,   0,   1,   6,  30,   5,   4,  46],
       [  2, 873,  66,  28,  25,   0,   4,  90,  11,  36],
       [ 27,   6, 771,  37,   6,   2,  78,  25,  17,  63],
       [ 14,   4,  74, 687,  17,  12,   7,  45,  17, 133],
       [  4,   4,   5,   3, 755,   0, 110,   7,  11,  83],
       [132,   5,  54, 124,  38, 291,  56,   8,  54, 130],
       [ 26,   1,  20,   5,  10,   4, 856,   7,  19,  10],
       [ 22,   9,  29,  25,  31,   2,   4, 439,   1, 466],
       [ 33,   3,  30,  59,  21,   5,  51,  22, 399, 351],
       [ 14,   2,   1,   5,  87,   3,  19,  43,  13, 822]])}, 42.666466125)
[2024-06-20 17:56:23,089][flwr][INFO] - configure_evaluate: no clients selected, skipping evaluation
[2024-06-20 17:56:23,089][flwr][INFO] - 
[2024-06-20 17:56:23,089][flwr][INFO] - [ROUND 9]
[2024-06-20 17:56:23,089][flwr][INFO] - configure_fit: strategy sampled 10 clients (out of 100)
[2024-06-20 17:56:28,082][flwr][INFO] - aggregate_fit: received 10 results and 0 failures
[2024-06-20 17:56:28,413][flwr][INFO] - fit progress: (9, 264.6650015115738, {'accuracy': 0.6403, 'precision': 0.7079069727675528, 'recall': 0.6403, 'f1': 0.6369978553341131, 'confusion_matrix': array([[738,   1,  29,  10,  12,  25,  31,   9, 101,  24],
       [  0, 279, 582,   7,  14,  96,   1,  10, 126,  20],
       [  9,   3, 752,  38,  18,  45,  13,  20, 117,  17],
       [  9,   6,  41, 726,  16,  51,   5,  21, 112,  23],
       [  1,   2,   5,   0, 743,  18,  11,   8, 153,  41],
       [ 12,   5,   4,  72,  35, 509,  17,   7, 211,  20],
       [ 16,   4,  34,  10, 108,  80, 586,  12,  98,  10],
       [  5,   2,  56,  54,  40,  25,   2, 744,  34,  66],
       [  9,   2,   2,  26,  20,  21,  13,   6, 848,  27],
       [  9,   1,   5,   6, 171,  20,   4,  76, 239, 478]])}, 47.991257999999995)
[2024-06-20 17:56:28,414][flwr][INFO] - configure_evaluate: no clients selected, skipping evaluation
[2024-06-20 17:56:28,414][flwr][INFO] - 
[2024-06-20 17:56:28,414][flwr][INFO] - [ROUND 10]
[2024-06-20 17:56:28,414][flwr][INFO] - configure_fit: strategy sampled 10 clients (out of 100)
[2024-06-20 17:56:32,788][flwr][INFO] - aggregate_fit: received 10 results and 0 failures
[2024-06-20 17:56:33,129][flwr][INFO] - fit progress: (10, 238.79841148853302, {'accuracy': 0.7095, 'precision': 0.7609363682902319, 'recall': 0.7095, 'f1': 0.7117165027002484, 'confusion_matrix': array([[831,   0,  50,  20,   3,  34,  18,   5,  11,   8],
       [  1, 983,  39,   7,   2,  63,   5,   4,  13,  18],
       [ 12,  14, 876,  21,   5,  31,  15,   2,  27,  29],
       [  5,  11, 121, 676,  11, 113,   1,   9,  35,  28],
       [  2,   3,  41,   2, 430,  10,  44,   5,   8, 437],
       [ 54,   4,  21,  37,  12, 647,  16,   2,  47,  52],
       [ 30,   1,  74,   4,  37,  66, 720,   5,  13,   8],
       [  2,  15,  87,  18,  17,   8,   3, 476,   3, 399],
       [ 14,   7,  47,  48,   6,  88,  25,   5, 581, 153],
       [  8,   4,   9,   5,  28,  21,  10,   6,  43, 875]])}, 52.706998457999994)
[2024-06-20 17:56:33,129][flwr][INFO] - configure_evaluate: no clients selected, skipping evaluation
[2024-06-20 17:56:33,129][flwr][INFO] - 
[2024-06-20 17:56:33,129][flwr][INFO] - [SUMMARY]
[2024-06-20 17:56:33,129][flwr][INFO] - Run finished 10 round(s) in 52.71s
[2024-06-20 17:56:33,133][flwr][INFO] - 	History (loss, centralized):
[2024-06-20 17:56:33,133][flwr][INFO] - 		round 0: 181.76928067207336
[2024-06-20 17:56:33,133][flwr][INFO] - 		round 1: 238.708749294281
[2024-06-20 17:56:33,133][flwr][INFO] - 		round 2: 413.47415113449097
[2024-06-20 17:56:33,133][flwr][INFO] - 		round 3: 261.8147633075714
[2024-06-20 17:56:33,133][flwr][INFO] - 		round 4: 258.3456802368164
[2024-06-20 17:56:33,133][flwr][INFO] - 		round 5: 217.07965576648712
[2024-06-20 17:56:33,133][flwr][INFO] - 		round 6: 178.76501643657684
[2024-06-20 17:56:33,133][flwr][INFO] - 		round 7: 225.76563382148743
[2024-06-20 17:56:33,133][flwr][INFO] - 		round 8: 212.61447131633759
[2024-06-20 17:56:33,133][flwr][INFO] - 		round 9: 264.6650015115738
[2024-06-20 17:56:33,133][flwr][INFO] - 		round 10: 238.79841148853302
[2024-06-20 17:56:33,133][flwr][INFO] - 	History (metrics, centralized):
[2024-06-20 17:56:33,133][flwr][INFO] - 	{'accuracy': [(0, 0.1086),
[2024-06-20 17:56:33,133][flwr][INFO] - 	              (1, 0.3559),
[2024-06-20 17:56:33,133][flwr][INFO] - 	              (2, 0.3609),
[2024-06-20 17:56:33,133][flwr][INFO] - 	              (3, 0.3918),
[2024-06-20 17:56:33,134][flwr][INFO] - 	              (4, 0.4718),
[2024-06-20 17:56:33,134][flwr][INFO] - 	              (5, 0.6131),
[2024-06-20 17:56:33,134][flwr][INFO] - 	              (6, 0.6624),
[2024-06-20 17:56:33,134][flwr][INFO] - 	              (7, 0.6533),
[2024-06-20 17:56:33,134][flwr][INFO] - 	              (8, 0.6775),
[2024-06-20 17:56:33,134][flwr][INFO] - 	              (9, 0.6403),
[2024-06-20 17:56:33,134][flwr][INFO] - 	              (10, 0.7095)],
[2024-06-20 17:56:33,134][flwr][INFO] - 	 'confusion_matrix': [(0,
[2024-06-20 17:56:33,134][flwr][INFO] - 	                       array([[   0,    8,    0,  956,    0,    1,    0,   15,    0,    0],
[2024-06-20 17:56:33,134][flwr][INFO] - 	       [   0,  122,    0, 1013,    0,    0,    0,    0,    0,    0],
[2024-06-20 17:56:33,134][flwr][INFO] - 	       [   0,   38,    0,  971,    0,    0,    3,   19,    1,    0],
[2024-06-20 17:56:33,134][flwr][INFO] - 	       [   0,   44,    0,  945,    1,    1,    0,   17,    2,    0],
[2024-06-20 17:56:33,134][flwr][INFO] - 	       [   0,  143,    0,  816,    1,    0,    2,   20,    0,    0],
[2024-06-20 17:56:33,134][flwr][INFO] - 	       [   0,  118,    0,  735,    1,    7,    0,   30,    1,    0],
[2024-06-20 17:56:33,134][flwr][INFO] - 	       [   0,  144,    0,  749,   25,    0,    2,   38,    0,    0],
[2024-06-20 17:56:33,134][flwr][INFO] - 	       [   0,  272,    0,  724,    8,    0,    0,    9,   15,    0],
[2024-06-20 17:56:33,134][flwr][INFO] - 	       [   0,   81,    0,  859,    1,    0,    1,   32,    0,    0],
[2024-06-20 17:56:33,134][flwr][INFO] - 	       [   0,  178,    0,  799,    1,    0,    0,   31,    0,    0]])),
[2024-06-20 17:56:33,134][flwr][INFO] - 	                      (1,
[2024-06-20 17:56:33,134][flwr][INFO] - 	                       array([[933,   1,   7,   0,   0,   7,   0,  30,   0,   2],
[2024-06-20 17:56:33,134][flwr][INFO] - 	       [149, 595,  10,   0, 150,  94,   0,  86,   0,  51],
[2024-06-20 17:56:33,134][flwr][INFO] - 	       [313,   2, 446,   0,   5, 155,   0,  81,   0,  30],
[2024-06-20 17:56:33,134][flwr][INFO] - 	       [446,   4, 130,   5,   3, 169,   0, 236,   0,  17],
[2024-06-20 17:56:33,134][flwr][INFO] - 	       [ 87,   2,   1,   0, 260, 137,   0, 292,   0, 203],
[2024-06-20 17:56:33,134][flwr][INFO] - 	       [354,  13,  22,  14,  34, 262,   0, 189,   0,   4],
[2024-06-20 17:56:33,134][flwr][INFO] - 	       [746,   0,   8,   0,   8, 166,   1,  18,   0,  11],
[2024-06-20 17:56:33,134][flwr][INFO] - 	       [ 18,   4,   9,   0,   6,  13,   0, 972,   0,   6],
[2024-06-20 17:56:33,134][flwr][INFO] - 	       [192,   1,  61,   0,  51, 250,   0, 336,   0,  83],
[2024-06-20 17:56:33,134][flwr][INFO] - 	       [ 52,   1,   3,   0,  29,  36,   0, 803,   0,  85]])),
[2024-06-20 17:56:33,134][flwr][INFO] - 	                      (2,
[2024-06-20 17:56:33,134][flwr][INFO] - 	                       array([[ 729,    0,    0,   35,    4,   73,   20,    6,    0,  113],
[2024-06-20 17:56:33,134][flwr][INFO] - 	       [   0,   95,    0,    1,    0,    0,    1,    0,    0, 1038],
[2024-06-20 17:56:33,134][flwr][INFO] - 	       [  37,    0,    5,   13,    6,    2,   36,    3,    0,  930],
[2024-06-20 17:56:33,134][flwr][INFO] - 	       [  14,    0,    0,  165,    0,   12,    7,    4,    0,  808],
[2024-06-20 17:56:33,134][flwr][INFO] - 	       [   7,    0,    0,    0,   41,    0,   73,    0,    0,  861],
[2024-06-20 17:56:33,134][flwr][INFO] - 	       [  16,    0,    0,   61,   17,  266,   17,   12,    0,  503],
[2024-06-20 17:56:33,134][flwr][INFO] - 	       [  14,    0,    0,    1,    1,   19,  719,    1,    0,  203],
[2024-06-20 17:56:33,134][flwr][INFO] - 	       [  22,    1,    0,    0,    4,    2,    0,  615,    0,  384],
[2024-06-20 17:56:33,134][flwr][INFO] - 	       [   2,    0,    0,   17,    1,    4,    8,    3,    0,  939],
[2024-06-20 17:56:33,134][flwr][INFO] - 	       [   7,    0,    0,    3,    8,    2,    3,   12,    0,  974]])),
[2024-06-20 17:56:33,134][flwr][INFO] - 	                      (3,
[2024-06-20 17:56:33,134][flwr][INFO] - 	                       array([[575,   0, 163,   7,   1,  28, 200,   3,   0,   3],
[2024-06-20 17:56:33,134][flwr][INFO] - 	       [  0, 241, 868,   1,   2,  15,   5,   1,   2,   0],
[2024-06-20 17:56:33,134][flwr][INFO] - 	       [ 20,   7, 855,  18,  18,   8,  91,   1,  13,   1],
[2024-06-20 17:56:33,134][flwr][INFO] - 	       [  4,   7, 161, 234,   1,  14, 505,   5,  76,   3],
[2024-06-20 17:56:33,134][flwr][INFO] - 	       [ 12,   7, 112,   1, 776,   7,  44,   1,   8,  14],
[2024-06-20 17:56:33,134][flwr][INFO] - 	       [  9,   1, 375,  66,  43,  63, 299,   3,  19,  14],
[2024-06-20 17:56:33,134][flwr][INFO] - 	       [  3,   0, 694,   1,  16,   4, 237,   0,   1,   2],
[2024-06-20 17:56:33,135][flwr][INFO] - 	       [  4,  12, 315,  12,  57,   6,   5, 546,  23,  48],
[2024-06-20 17:56:33,135][flwr][INFO] - 	       [ 13,  13, 301, 146,  39,  10, 279,   3, 147,  23],
[2024-06-20 17:56:33,135][flwr][INFO] - 	       [  6,  16, 130,  20, 488,   9,  40,  30,  26, 244]])),
[2024-06-20 17:56:33,135][flwr][INFO] - 	                      (4,
[2024-06-20 17:56:33,135][flwr][INFO] - 	                       array([[869,   0,   0,   0,   0,  76,   0,  32,   2,   1],
[2024-06-20 17:56:33,135][flwr][INFO] - 	       [  1, 320,   1, 339,   0,  21,   3, 447,   2,   1],
[2024-06-20 17:56:33,135][flwr][INFO] - 	       [ 80,   2, 437,  38,   2,  64,   5, 370,  28,   6],
[2024-06-20 17:56:33,135][flwr][INFO] - 	       [  7,   0,  19, 492,   0, 141,   0, 315,  25,  11],
[2024-06-20 17:56:33,135][flwr][INFO] - 	       [ 71,   0,   8,  41, 344, 179,   6, 228,  17,  88],
[2024-06-20 17:56:33,135][flwr][INFO] - 	       [ 41,   1,   4,  35,   1, 687,   2, 109,   1,  11],
[2024-06-20 17:56:33,135][flwr][INFO] - 	       [366,   0,  28, 163,  12, 194, 128,  54,   6,   7],
[2024-06-20 17:56:33,135][flwr][INFO] - 	       [ 10,   0,   3,   5,   4,   6,   0, 990,   1,   9],
[2024-06-20 17:56:33,135][flwr][INFO] - 	       [ 25,   2,   6,  48,   2, 417,   1, 271, 164,  38],
[2024-06-20 17:56:33,135][flwr][INFO] - 	       [ 21,   0,   3,  21,  10, 110,   1, 547,   9, 287]])),
[2024-06-20 17:56:33,135][flwr][INFO] - 	                      (5,
[2024-06-20 17:56:33,135][flwr][INFO] - 	                       array([[851,  12,   1,   8,   3,   3,  77,   2,  16,   7],
[2024-06-20 17:56:33,135][flwr][INFO] - 	       [  0, 977,   1,   2,   7,   0, 117,   1,  26,   4],
[2024-06-20 17:56:33,135][flwr][INFO] - 	       [ 16,  76, 521,  56,  27,   2, 193,  17,  99,  25],
[2024-06-20 17:56:33,135][flwr][INFO] - 	       [  2, 278,  15, 457,  14,  34,  31,   9, 156,  14],
[2024-06-20 17:56:33,135][flwr][INFO] - 	       [  8,  10,   3,   0, 775,   0, 103,   0,  34,  49],
[2024-06-20 17:56:33,135][flwr][INFO] - 	       [ 87, 106,  16,  65,  51, 206, 191,   8, 130,  32],
[2024-06-20 17:56:33,135][flwr][INFO] - 	       [ 13,   3,   8,   4,  98,   1, 810,   0,  18,   3],
[2024-06-20 17:56:33,135][flwr][INFO] - 	       [ 68, 103,  25,  42, 130,   0,  34, 447, 115,  64],
[2024-06-20 17:56:33,135][flwr][INFO] - 	       [ 16,  72,   5,  15,  42,   4,  48,   2, 747,  23],
[2024-06-20 17:56:33,135][flwr][INFO] - 	       [ 26,  32,   1,   2, 350,   1, 127,   5, 125, 340]])),
[2024-06-20 17:56:33,135][flwr][INFO] - 	                      (6,
[2024-06-20 17:56:33,135][flwr][INFO] - 	                       array([[ 568,    5,   58,   16,   11,   91,  191,   22,   18,    0],
[2024-06-20 17:56:33,135][flwr][INFO] - 	       [   0, 1066,   11,    4,   18,    5,   13,    1,    8,    9],
[2024-06-20 17:56:33,135][flwr][INFO] - 	       [   8,   51,  598,   59,   42,    9,  141,   67,   56,    1],
[2024-06-20 17:56:33,135][flwr][INFO] - 	       [   1,   49,   69,  675,   20,   38,   38,   57,   62,    1],
[2024-06-20 17:56:33,135][flwr][INFO] - 	       [   0,   16,    1,    1,  799,   11,   95,   36,   12,   11],
[2024-06-20 17:56:33,135][flwr][INFO] - 	       [   5,   40,   27,   78,   66,  502,   86,   26,   55,    7],
[2024-06-20 17:56:33,135][flwr][INFO] - 	       [   3,    1,   33,    2,   24,   26,  858,    3,    7,    1],
[2024-06-20 17:56:33,135][flwr][INFO] - 	       [   0,   34,   20,   36,   23,    7,    7,  895,    3,    3],
[2024-06-20 17:56:33,135][flwr][INFO] - 	       [   3,   37,   24,   65,   80,   94,  158,   39,  466,    8],
[2024-06-20 17:56:33,135][flwr][INFO] - 	       [   1,   17,    4,   15,  225,   38,   43,  371,   98,  197]])),
[2024-06-20 17:56:33,135][flwr][INFO] - 	                      (7,
[2024-06-20 17:56:33,135][flwr][INFO] - 	                       array([[792,   1,  16,  23,   1,  39,  55,   1,  52,   0],
[2024-06-20 17:56:33,135][flwr][INFO] - 	       [  0, 956,   7,  12,  22,  48,  41,   0,  28,  21],
[2024-06-20 17:56:33,135][flwr][INFO] - 	       [ 22,  11, 515, 141,   8,  12, 207,   1, 110,   5],
[2024-06-20 17:56:33,135][flwr][INFO] - 	       [ 20,   0,  30, 795,   3,  51,  13,   2,  85,  11],
[2024-06-20 17:56:33,135][flwr][INFO] - 	       [  1,   6,   3,   8, 502,  44, 172,   0, 171,  75],
[2024-06-20 17:56:33,135][flwr][INFO] - 	       [ 50,   4,   9, 145,   8, 548,  32,   1,  90,   5],
[2024-06-20 17:56:33,135][flwr][INFO] - 	       [  7,   1,   9,   4,   9,   5, 860,   0,  61,   2],
[2024-06-20 17:56:33,135][flwr][INFO] - 	       [ 22,  50,  13, 175,  17, 147,  16, 453,  58,  77],
[2024-06-20 17:56:33,135][flwr][INFO] - 	       [ 11,   6,   2, 100,   5,  50,  31,   0, 752,  17],
[2024-06-20 17:56:33,135][flwr][INFO] - 	       [  7,   9,   2,  61,  29, 172,  23,   7, 339, 360]])),
[2024-06-20 17:56:33,135][flwr][INFO] - 	                      (8,
[2024-06-20 17:56:33,135][flwr][INFO] - 	                       array([[882,   1,   5,   0,   1,   6,  30,   5,   4,  46],
[2024-06-20 17:56:33,136][flwr][INFO] - 	       [  2, 873,  66,  28,  25,   0,   4,  90,  11,  36],
[2024-06-20 17:56:33,136][flwr][INFO] - 	       [ 27,   6, 771,  37,   6,   2,  78,  25,  17,  63],
[2024-06-20 17:56:33,136][flwr][INFO] - 	       [ 14,   4,  74, 687,  17,  12,   7,  45,  17, 133],
[2024-06-20 17:56:33,136][flwr][INFO] - 	       [  4,   4,   5,   3, 755,   0, 110,   7,  11,  83],
[2024-06-20 17:56:33,136][flwr][INFO] - 	       [132,   5,  54, 124,  38, 291,  56,   8,  54, 130],
[2024-06-20 17:56:33,136][flwr][INFO] - 	       [ 26,   1,  20,   5,  10,   4, 856,   7,  19,  10],
[2024-06-20 17:56:33,136][flwr][INFO] - 	       [ 22,   9,  29,  25,  31,   2,   4, 439,   1, 466],
[2024-06-20 17:56:33,136][flwr][INFO] - 	       [ 33,   3,  30,  59,  21,   5,  51,  22, 399, 351],
[2024-06-20 17:56:33,136][flwr][INFO] - 	       [ 14,   2,   1,   5,  87,   3,  19,  43,  13, 822]])),
[2024-06-20 17:56:33,136][flwr][INFO] - 	                      (9,
[2024-06-20 17:56:33,136][flwr][INFO] - 	                       array([[738,   1,  29,  10,  12,  25,  31,   9, 101,  24],
[2024-06-20 17:56:33,136][flwr][INFO] - 	       [  0, 279, 582,   7,  14,  96,   1,  10, 126,  20],
[2024-06-20 17:56:33,136][flwr][INFO] - 	       [  9,   3, 752,  38,  18,  45,  13,  20, 117,  17],
[2024-06-20 17:56:33,136][flwr][INFO] - 	       [  9,   6,  41, 726,  16,  51,   5,  21, 112,  23],
[2024-06-20 17:56:33,136][flwr][INFO] - 	       [  1,   2,   5,   0, 743,  18,  11,   8, 153,  41],
[2024-06-20 17:56:33,136][flwr][INFO] - 	       [ 12,   5,   4,  72,  35, 509,  17,   7, 211,  20],
[2024-06-20 17:56:33,136][flwr][INFO] - 	       [ 16,   4,  34,  10, 108,  80, 586,  12,  98,  10],
[2024-06-20 17:56:33,136][flwr][INFO] - 	       [  5,   2,  56,  54,  40,  25,   2, 744,  34,  66],
[2024-06-20 17:56:33,136][flwr][INFO] - 	       [  9,   2,   2,  26,  20,  21,  13,   6, 848,  27],
[2024-06-20 17:56:33,136][flwr][INFO] - 	       [  9,   1,   5,   6, 171,  20,   4,  76, 239, 478]])),
[2024-06-20 17:56:33,136][flwr][INFO] - 	                      (10,
[2024-06-20 17:56:33,136][flwr][INFO] - 	                       array([[831,   0,  50,  20,   3,  34,  18,   5,  11,   8],
[2024-06-20 17:56:33,136][flwr][INFO] - 	       [  1, 983,  39,   7,   2,  63,   5,   4,  13,  18],
[2024-06-20 17:56:33,136][flwr][INFO] - 	       [ 12,  14, 876,  21,   5,  31,  15,   2,  27,  29],
[2024-06-20 17:56:33,136][flwr][INFO] - 	       [  5,  11, 121, 676,  11, 113,   1,   9,  35,  28],
[2024-06-20 17:56:33,136][flwr][INFO] - 	       [  2,   3,  41,   2, 430,  10,  44,   5,   8, 437],
[2024-06-20 17:56:33,136][flwr][INFO] - 	       [ 54,   4,  21,  37,  12, 647,  16,   2,  47,  52],
[2024-06-20 17:56:33,136][flwr][INFO] - 	       [ 30,   1,  74,   4,  37,  66, 720,   5,  13,   8],
[2024-06-20 17:56:33,136][flwr][INFO] - 	       [  2,  15,  87,  18,  17,   8,   3, 476,   3, 399],
[2024-06-20 17:56:33,136][flwr][INFO] - 	       [ 14,   7,  47,  48,   6,  88,  25,   5, 581, 153],
[2024-06-20 17:56:33,136][flwr][INFO] - 	       [  8,   4,   9,   5,  28,  21,  10,   6,  43, 875]]))],
[2024-06-20 17:56:33,136][flwr][INFO] - 	 'f1': [(0, 0.03553137346181725),
[2024-06-20 17:56:33,136][flwr][INFO] - 	        (1, 0.28944467868526097),
[2024-06-20 17:56:33,136][flwr][INFO] - 	        (2, 0.34226970283490277),
[2024-06-20 17:56:33,136][flwr][INFO] - 	        (3, 0.39200115716648987),
[2024-06-20 17:56:33,136][flwr][INFO] - 	        (4, 0.450333224153051),
[2024-06-20 17:56:33,136][flwr][INFO] - 	        (5, 0.5965283177807171),
[2024-06-20 17:56:33,136][flwr][INFO] - 	        (6, 0.6450891876360566),
[2024-06-20 17:56:33,136][flwr][INFO] - 	        (7, 0.652025875338923),
[2024-06-20 17:56:33,136][flwr][INFO] - 	        (8, 0.6737723950150802),
[2024-06-20 17:56:33,136][flwr][INFO] - 	        (9, 0.6369978553341131),
[2024-06-20 17:56:33,136][flwr][INFO] - 	        (10, 0.7117165027002484)],
[2024-06-20 17:56:33,136][flwr][INFO] - 	 'precision': [(0, 0.12349967530374152),
[2024-06-20 17:56:33,136][flwr][INFO] - 	               (1, 0.4397664702107311),
[2024-06-20 17:56:33,136][flwr][INFO] - 	               (2, 0.6564528320827118),
[2024-06-20 17:56:33,136][flwr][INFO] - 	               (3, 0.5566307071677735),
[2024-06-20 17:56:33,136][flwr][INFO] - 	               (4, 0.6619167198762286),
[2024-06-20 17:56:33,136][flwr][INFO] - 	               (5, 0.6775230662653033),
[2024-06-20 17:56:33,136][flwr][INFO] - 	               (6, 0.6981082035384121),
[2024-06-20 17:56:33,137][flwr][INFO] - 	               (7, 0.7174876096082188),
[2024-06-20 17:56:33,137][flwr][INFO] - 	               (8, 0.7280483326800697),
[2024-06-20 17:56:33,137][flwr][INFO] - 	               (9, 0.7079069727675528),
[2024-06-20 17:56:33,137][flwr][INFO] - 	               (10, 0.7609363682902319)],
[2024-06-20 17:56:33,137][flwr][INFO] - 	 'recall': [(0, 0.1086),
[2024-06-20 17:56:33,137][flwr][INFO] - 	            (1, 0.3559),
[2024-06-20 17:56:33,137][flwr][INFO] - 	            (2, 0.3609),
[2024-06-20 17:56:33,137][flwr][INFO] - 	            (3, 0.3918),
[2024-06-20 17:56:33,137][flwr][INFO] - 	            (4, 0.4718),
[2024-06-20 17:56:33,137][flwr][INFO] - 	            (5, 0.6131),
[2024-06-20 17:56:33,137][flwr][INFO] - 	            (6, 0.6624),
[2024-06-20 17:56:33,137][flwr][INFO] - 	            (7, 0.6533),
[2024-06-20 17:56:33,137][flwr][INFO] - 	            (8, 0.6775),
[2024-06-20 17:56:33,137][flwr][INFO] - 	            (9, 0.6403),
[2024-06-20 17:56:33,137][flwr][INFO] - 	            (10, 0.7095)]}
[2024-06-20 17:56:33,137][flwr][INFO] - 
