[2024-06-20 19:47:40,975][flwr][INFO] - Starting Flower simulation, config: num_rounds=10, no round_timeout
[2024-06-20 19:47:43,042][flwr][INFO] - Flower VCE: Ray initialized with resources: {'CPU': 12.0, 'object_store_memory': 2147483648.0, 'node:__internal_head__': 1.0, 'node:127.0.0.1': 1.0, 'memory': 10080541082.0}
[2024-06-20 19:47:43,042][flwr][INFO] - Optimize your simulation with Flower VCE: https://flower.ai/docs/framework/how-to-run-simulations.html
[2024-06-20 19:47:43,042][flwr][INFO] - Flower VCE: Resources for each Virtual Client: {'num_cpus': 2, 'num_gpus': 0}
[2024-06-20 19:47:43,049][flwr][INFO] - Flower VCE: Creating VirtualClientEngineActorPool with 6 actors
[2024-06-20 19:47:43,049][flwr][INFO] - [INIT]
[2024-06-20 19:47:43,049][flwr][INFO] - Requesting initial parameters from one random client
[2024-06-20 19:47:45,203][flwr][INFO] - Received initial parameters from one random client
[2024-06-20 19:47:45,203][flwr][INFO] - Evaluating initial global parameters
[2024-06-20 19:47:45,643][flwr][INFO] - initial parameters (loss, other metrics): 181.76928067207336, {'accuracy': 0.1086, 'precision': 0.12349967530374152, 'recall': 0.1086, 'f1': 0.03553137346181725, 'confusion_matrix': array([[   0,    8,    0,  956,    0,    1,    0,   15,    0,    0],
       [   0,  122,    0, 1013,    0,    0,    0,    0,    0,    0],
       [   0,   38,    0,  971,    0,    0,    3,   19,    1,    0],
       [   0,   44,    0,  945,    1,    1,    0,   17,    2,    0],
       [   0,  143,    0,  816,    1,    0,    2,   20,    0,    0],
       [   0,  118,    0,  735,    1,    7,    0,   30,    1,    0],
       [   0,  144,    0,  749,   25,    0,    2,   38,    0,    0],
       [   0,  272,    0,  724,    8,    0,    0,    9,   15,    0],
       [   0,   81,    0,  859,    1,    0,    1,   32,    0,    0],
       [   0,  178,    0,  799,    1,    0,    0,   31,    0,    0]])}
[2024-06-20 19:47:45,643][flwr][INFO] - 
[2024-06-20 19:47:45,643][flwr][INFO] - [ROUND 1]
[2024-06-20 19:47:45,644][flwr][INFO] - configure_fit: strategy sampled 10 clients (out of 100)
[2024-06-20 19:47:52,678][flwr][INFO] - aggregate_fit: received 10 results and 0 failures
[2024-06-20 19:47:52,684][flwr][WARNING] - No fit_metrics_aggregation_fn provided
[2024-06-20 19:47:53,121][flwr][INFO] - fit progress: (1, 59351.34802246094, {'accuracy': 0.0664, 'precision': 0.0805768121634815, 'recall': 0.0664, 'f1': 0.037445776557887084, 'confusion_matrix': array([[  0, 186, 293,  51,  26,  32, 384,   0,   0,   8],
       [  9, 138, 956,  20,  11,   0,   1,   0,   0,   0],
       [  0, 438, 413, 139,  10,   3,  29,   0,   0,   0],
       [  0,  97, 841,  12,  19,   0,  38,   0,   0,   3],
       [  8, 469, 154, 253,  35,   0,  61,   0,   0,   2],
       [ 10, 217, 416,  56,  43,  13, 126,   3,   0,   8],
       [  1, 340, 298, 223,  34,   1,  52,   0,   0,   9],
       [  0, 112, 600, 224,  24,   3,  64,   1,   0,   0],
       [ 15, 196, 574, 108,  44,   1,  36,   0,   0,   0],
       [  0, 287, 433, 180,  60,   0,  49,   0,   0,   0]])}, 7.478017916000001)
[2024-06-20 19:47:53,121][flwr][INFO] - configure_evaluate: no clients selected, skipping evaluation
[2024-06-20 19:47:53,122][flwr][INFO] - 
[2024-06-20 19:47:53,122][flwr][INFO] - [ROUND 2]
[2024-06-20 19:47:53,122][flwr][INFO] - configure_fit: strategy sampled 10 clients (out of 100)
[2024-06-20 19:47:58,343][flwr][INFO] - aggregate_fit: received 10 results and 0 failures
[2024-06-20 19:47:58,811][flwr][INFO] - fit progress: (2, 110150.51147460938, {'accuracy': 0.2083, 'precision': 0.19770987118936634, 'recall': 0.2083, 'f1': 0.17327209479520814, 'confusion_matrix': array([[235, 295,  97,  24,   0,  98, 119,  67,  26,  19],
       [  5, 748,   0,  70,  10,  32,  12,  10,   4, 244],
       [ 60, 271,  30, 111,   0,  76, 247,  29,  26, 182],
       [ 27, 428,  21,  33,   1, 319,  10,  47,  80,  44],
       [234, 399,  35,  30,   4,  23,  40,  38,   5, 174],
       [ 33, 367,   6,  25,   0, 270,   3, 134,  19,  35],
       [ 74, 188,  10,  44,   1,  37, 322,  10,  11, 261],
       [106, 324,  28,  10,  12,  86,  17, 292,   3, 150],
       [ 75, 416,   6,  52,   0, 195,  78,  42,  41,  69],
       [133, 534,  34,  20,   3,  24,  24, 125,   4, 108]])}, 13.168521415999999)
[2024-06-20 19:47:58,812][flwr][INFO] - configure_evaluate: no clients selected, skipping evaluation
[2024-06-20 19:47:58,812][flwr][INFO] - 
[2024-06-20 19:47:58,812][flwr][INFO] - [ROUND 3]
[2024-06-20 19:47:58,812][flwr][INFO] - configure_fit: strategy sampled 10 clients (out of 100)
[2024-06-20 19:48:04,239][flwr][INFO] - aggregate_fit: received 10 results and 0 failures
[2024-06-20 19:48:04,683][flwr][INFO] - fit progress: (3, 363502.0270996094, {'accuracy': 0.2415, 'precision': 0.27890765695172803, 'recall': 0.2415, 'f1': 0.19784918895309198, 'confusion_matrix': array([[163,  20, 452,  60,   0, 111,   0, 160,   2,  12],
       [ 65, 255,  23,  26,   2,  17,   0,   4,  23, 720],
       [141,  38, 534,  64,   1,  32,   5,  78,  15, 124],
       [ 70, 192, 269,  66,   2, 155,   0,  74,  91,  91],
       [190,  26, 143,  74,   6,  21,   0, 148,  15, 359],
       [ 58,  99, 152, 116,   0, 235,   0, 149,  16,  67],
       [228,  54, 219,  36,   4,  54,  15, 149,   4, 195],
       [ 13,   6, 113,  18,   9,  50,   0, 601,   7, 211],
       [ 77, 155, 228, 112,   2, 105,   0, 111,  53, 131],
       [ 54,  18, 214,  16,   8,  23,   0, 185,   4, 487]])}, 19.040809707999998)
[2024-06-20 19:48:04,684][flwr][INFO] - configure_evaluate: no clients selected, skipping evaluation
[2024-06-20 19:48:04,684][flwr][INFO] - 
[2024-06-20 19:48:04,684][flwr][INFO] - [ROUND 4]
[2024-06-20 19:48:04,684][flwr][INFO] - configure_fit: strategy sampled 10 clients (out of 100)
[2024-06-20 19:48:09,977][flwr][INFO] - aggregate_fit: received 10 results and 0 failures
[2024-06-20 19:48:10,418][flwr][INFO] - fit progress: (4, 1151558.7177734375, {'accuracy': 0.283, 'precision': 0.289488232311521, 'recall': 0.283, 'f1': 0.24750156290823397, 'confusion_matrix': array([[464,  30, 117,  30,   1,  50,  17, 233,   1,  37],
       [ 93, 306,  11,  71,   1,  27,   8,   1,  21, 596],
       [189,  82, 310,  73,   0,  19, 101,  93,  16, 149],
       [207, 125,  47, 113,   2, 131,  26, 162,  91, 106],
       [125,  28,  57,  52,   2,  13,  16,  39,   2, 648],
       [118,  50,  19,  94,   3, 170,   9, 180,   5, 244],
       [271,  32,  30,  31,   0,  58, 170, 116,   6, 244],
       [ 30,  21,  40,  25,   9,  10,   8, 444,   5, 436],
       [168,  87,  35,  63,   4, 120,  75, 133,  63, 226],
       [ 40,  19,  42,  12,   2,  13,   3,  86,   4, 788]])}, 24.775281375)
[2024-06-20 19:48:10,418][flwr][INFO] - configure_evaluate: no clients selected, skipping evaluation
[2024-06-20 19:48:10,418][flwr][INFO] - 
[2024-06-20 19:48:10,418][flwr][INFO] - [ROUND 5]
[2024-06-20 19:48:10,418][flwr][INFO] - configure_fit: strategy sampled 10 clients (out of 100)
[2024-06-20 19:48:15,733][flwr][INFO] - aggregate_fit: received 10 results and 0 failures
[2024-06-20 19:48:16,185][flwr][INFO] - fit progress: (5, 3079438.537109375, {'accuracy': 0.3353, 'precision': 0.3369646184185692, 'recall': 0.3353, 'f1': 0.3291629094987359, 'confusion_matrix': array([[428,  13, 126,  51,   3,  81,  75, 189,   0,  14],
       [102, 676,  20,  90,  20,  40,  24,   1,  52, 110],
       [ 99,  36, 282, 181,   6,  19, 206,  39, 124,  40],
       [102,  61,  39, 177,   5, 168,  52, 107, 281,  18],
       [133,  27, 127, 141,  67,  75,  88,  41,  36, 247],
       [ 65,  16,  25, 144,  15, 343,  40, 132,  45,  67],
       [187,  22,  60,  67,  21,  84, 389,  44,  41,  43],
       [ 35,  28, 131,  36,  46,  51,  49, 462,  26, 164],
       [ 88,  21,  35, 136,  23, 184, 144,  63, 223,  57],
       [ 71,  30, 143,  88,  83,  72,  39, 148,  29, 306]])}, 30.542597332999996)
[2024-06-20 19:48:16,185][flwr][INFO] - configure_evaluate: no clients selected, skipping evaluation
[2024-06-20 19:48:16,185][flwr][INFO] - 
[2024-06-20 19:48:16,185][flwr][INFO] - [ROUND 6]
[2024-06-20 19:48:16,186][flwr][INFO] - configure_fit: strategy sampled 10 clients (out of 100)
[2024-06-20 19:48:21,569][flwr][INFO] - aggregate_fit: received 10 results and 0 failures
[2024-06-20 19:48:22,020][flwr][INFO] - fit progress: (6, 10034282.640625, {'accuracy': 0.3504, 'precision': 0.38294624934361926, 'recall': 0.3504, 'f1': 0.35670566712346746, 'confusion_matrix': array([[415,  10, 197,  86,   4,  44,  84, 129,   1,  10],
       [ 69, 568,  29, 130,  28,   8,  30,   0,  78, 195],
       [ 38,  17, 378, 209,  12,  11, 107,  31, 171,  58],
       [ 81,  40,  58, 249,   5, 136,  35, 135, 242,  29],
       [ 30,  20, 142, 256, 143,  43,  48,  19,  71, 210],
       [ 38,  16,  57, 216,  18, 274,  49, 125,  52,  47],
       [100,  22,  90, 135,  32,  38, 409,  32,  55,  45],
       [ 13,  37, 163,  43,  81,  38,  13, 335,  49, 256],
       [ 50,  15,  80, 173,  22, 114, 113,  79, 278,  50],
       [ 23,  29, 113, 160,  54,  42,  13,  69,  51, 455]])}, 36.378156665999995)
[2024-06-20 19:48:22,021][flwr][INFO] - configure_evaluate: no clients selected, skipping evaluation
[2024-06-20 19:48:22,021][flwr][INFO] - 
[2024-06-20 19:48:22,021][flwr][INFO] - [ROUND 7]
[2024-06-20 19:48:22,021][flwr][INFO] - configure_fit: strategy sampled 10 clients (out of 100)
[2024-06-20 19:48:27,398][flwr][INFO] - aggregate_fit: received 10 results and 0 failures
[2024-06-20 19:48:27,852][flwr][INFO] - fit progress: (7, 34462179.40625, {'accuracy': 0.3692, 'precision': 0.3852441580400411, 'recall': 0.3692, 'f1': 0.36788510647257094, 'confusion_matrix': array([[345,   9, 212,  80,   5,  49, 137, 125,   8,  10],
       [ 34, 722,  60,  41,  71,   4,  47,   1,  85,  70],
       [ 50,  12, 469, 102,  24,  13, 157,  18, 155,  32],
       [ 83,  52,  76, 175,  12,  78,  37, 138, 345,  14],
       [ 51,  54, 181, 138, 214,  23, 115,  35,  66, 105],
       [ 48,  20,  68, 196,  25, 160,  57, 137, 135,  46],
       [ 83,  18,  98,  72,  34,  51, 509,  31,  42,  20],
       [  8,  37, 238,  34, 124,  10,  26, 389,  46, 116],
       [ 48,  20, 107, 107,  35,  45, 131,  75, 384,  22],
       [ 17,  36, 133, 142,  84,  21,  49, 116,  86, 325]])}, 42.210023582999995)
[2024-06-20 19:48:27,852][flwr][INFO] - configure_evaluate: no clients selected, skipping evaluation
[2024-06-20 19:48:27,852][flwr][INFO] - 
[2024-06-20 19:48:27,852][flwr][INFO] - [ROUND 8]
[2024-06-20 19:48:27,853][flwr][INFO] - configure_fit: strategy sampled 10 clients (out of 100)
[2024-06-20 19:48:33,147][flwr][INFO] - aggregate_fit: received 10 results and 0 failures
[2024-06-20 19:48:33,595][flwr][INFO] - fit progress: (8, 127909073.5625, {'accuracy': 0.3563, 'precision': 0.3892812037270398, 'recall': 0.3563, 'f1': 0.35747094917865563, 'confusion_matrix': array([[403,  10, 158, 131,   2,  37, 157,  70,   6,   6],
       [ 40, 706,  59,  65,  71,  14,  45,   0,  57,  78],
       [ 54,  20, 437, 174,  15,  10, 139,  18, 142,  23],
       [ 86,  37,  84, 289,  11,  75,  46, 115, 254,  13],
       [ 51,  47, 198, 251, 144,  27,  95,  14,  63,  92],
       [ 68,  14,  84, 300,  21, 147,  72,  70,  69,  47],
       [ 60,  30,  92,  97,  26,  36, 551,   8,  47,  11],
       [ 21,  38, 323,  57,  86,  12,  41, 288,  33, 129],
       [ 52,  23, 114, 196,  29,  24, 138,  45, 325,  28],
       [ 26,  16, 174, 291,  58,  18,  45,  44,  64, 273]])}, 47.953385415999996)
[2024-06-20 19:48:33,595][flwr][INFO] - configure_evaluate: no clients selected, skipping evaluation
[2024-06-20 19:48:33,595][flwr][INFO] - 
[2024-06-20 19:48:33,595][flwr][INFO] - [ROUND 9]
[2024-06-20 19:48:33,596][flwr][INFO] - configure_fit: strategy sampled 10 clients (out of 100)
[2024-06-20 19:48:38,952][flwr][INFO] - aggregate_fit: received 10 results and 0 failures
[2024-06-20 19:48:39,402][flwr][INFO] - fit progress: (9, 457431750.25, {'accuracy': 0.3622, 'precision': 0.3917291592525053, 'recall': 0.3622, 'f1': 0.3518645515435986, 'confusion_matrix': array([[436,  12,  87, 137,   4,  19, 207,  53,  15,  10],
       [ 13, 792,  28,  19,  28,   5,  42,   0,  89, 119],
       [ 45,  50, 347, 172,  11,   4, 178,  18, 164,  43],
       [ 62,  98,  64, 246,   8,  53,  73,  92, 288,  26],
       [ 35,  72, 148, 194, 115,   9, 142,  13, 123, 131],
       [ 67,  46,  41, 302,  17,  90,  99,  41, 111,  78],
       [ 55,  39,  53,  76,  12,   9, 593,   9,  89,  23],
       [ 16,  76, 166,  40,  52,   3,  76, 322,  57, 220],
       [ 38,  61,  58, 167,  22,  11, 179,  34, 356,  48],
       [ 31,  39, 145, 213,  31,   6, 101,  31,  87, 325]])}, 53.760753666)
[2024-06-20 19:48:39,403][flwr][INFO] - configure_evaluate: no clients selected, skipping evaluation
[2024-06-20 19:48:39,403][flwr][INFO] - 
[2024-06-20 19:48:39,403][flwr][INFO] - [ROUND 10]
[2024-06-20 19:48:39,403][flwr][INFO] - configure_fit: strategy sampled 10 clients (out of 100)
[2024-06-20 19:48:44,916][flwr][INFO] - aggregate_fit: received 10 results and 0 failures
[2024-06-20 19:48:45,383][flwr][INFO] - fit progress: (10, 1615796606.0, {'accuracy': 0.341, 'precision': 0.3523764849334049, 'recall': 0.341, 'f1': 0.32974349023015204, 'confusion_matrix': array([[427,  18,  81,  85,   5,  26, 193, 125,   7,  13],
       [ 26, 637,  26, 113,   9,  33,  30,   0,  31, 230],
       [ 59,  72, 343, 193,  11,  21, 144,  30,  76,  83],
       [ 78, 122,  76, 301,  10, 127,  37, 119, 104,  36],
       [ 48,  99, 120, 215, 108,  10, 104,  22,  54, 202],
       [ 69,  96,  41, 346,  25, 105,  56,  43,  30,  81],
       [ 47,  60,  47,  82,  23,  17, 578,  37,  27,  40],
       [ 20,  76,  95,  61,  58,   6,  28, 340,  19, 325],
       [ 59,  94,  75, 240,  30,  35, 159,  53, 153,  76],
       [ 31,  66, 102, 250,  30,   9,  46,  29,  28, 418]])}, 59.741582666)
[2024-06-20 19:48:45,383][flwr][INFO] - configure_evaluate: no clients selected, skipping evaluation
[2024-06-20 19:48:45,384][flwr][INFO] - 
[2024-06-20 19:48:45,384][flwr][INFO] - [SUMMARY]
[2024-06-20 19:48:45,384][flwr][INFO] - Run finished 10 round(s) in 59.74s
[2024-06-20 19:48:45,388][flwr][INFO] - 	History (loss, centralized):
[2024-06-20 19:48:45,389][flwr][INFO] - 		round 0: 181.76928067207336
[2024-06-20 19:48:45,389][flwr][INFO] - 		round 1: 59351.34802246094
[2024-06-20 19:48:45,389][flwr][INFO] - 		round 2: 110150.51147460938
[2024-06-20 19:48:45,389][flwr][INFO] - 		round 3: 363502.0270996094
[2024-06-20 19:48:45,389][flwr][INFO] - 		round 4: 1151558.7177734375
[2024-06-20 19:48:45,389][flwr][INFO] - 		round 5: 3079438.537109375
[2024-06-20 19:48:45,389][flwr][INFO] - 		round 6: 10034282.640625
[2024-06-20 19:48:45,389][flwr][INFO] - 		round 7: 34462179.40625
[2024-06-20 19:48:45,389][flwr][INFO] - 		round 8: 127909073.5625
[2024-06-20 19:48:45,389][flwr][INFO] - 		round 9: 457431750.25
[2024-06-20 19:48:45,389][flwr][INFO] - 		round 10: 1615796606.0
[2024-06-20 19:48:45,389][flwr][INFO] - 	History (metrics, centralized):
[2024-06-20 19:48:45,389][flwr][INFO] - 	{'accuracy': [(0, 0.1086),
[2024-06-20 19:48:45,389][flwr][INFO] - 	              (1, 0.0664),
[2024-06-20 19:48:45,390][flwr][INFO] - 	              (2, 0.2083),
[2024-06-20 19:48:45,390][flwr][INFO] - 	              (3, 0.2415),
[2024-06-20 19:48:45,390][flwr][INFO] - 	              (4, 0.283),
[2024-06-20 19:48:45,390][flwr][INFO] - 	              (5, 0.3353),
[2024-06-20 19:48:45,390][flwr][INFO] - 	              (6, 0.3504),
[2024-06-20 19:48:45,390][flwr][INFO] - 	              (7, 0.3692),
[2024-06-20 19:48:45,390][flwr][INFO] - 	              (8, 0.3563),
[2024-06-20 19:48:45,390][flwr][INFO] - 	              (9, 0.3622),
[2024-06-20 19:48:45,390][flwr][INFO] - 	              (10, 0.341)],
[2024-06-20 19:48:45,390][flwr][INFO] - 	 'confusion_matrix': [(0,
[2024-06-20 19:48:45,390][flwr][INFO] - 	                       array([[   0,    8,    0,  956,    0,    1,    0,   15,    0,    0],
[2024-06-20 19:48:45,390][flwr][INFO] - 	       [   0,  122,    0, 1013,    0,    0,    0,    0,    0,    0],
[2024-06-20 19:48:45,390][flwr][INFO] - 	       [   0,   38,    0,  971,    0,    0,    3,   19,    1,    0],
[2024-06-20 19:48:45,390][flwr][INFO] - 	       [   0,   44,    0,  945,    1,    1,    0,   17,    2,    0],
[2024-06-20 19:48:45,390][flwr][INFO] - 	       [   0,  143,    0,  816,    1,    0,    2,   20,    0,    0],
[2024-06-20 19:48:45,390][flwr][INFO] - 	       [   0,  118,    0,  735,    1,    7,    0,   30,    1,    0],
[2024-06-20 19:48:45,390][flwr][INFO] - 	       [   0,  144,    0,  749,   25,    0,    2,   38,    0,    0],
[2024-06-20 19:48:45,390][flwr][INFO] - 	       [   0,  272,    0,  724,    8,    0,    0,    9,   15,    0],
[2024-06-20 19:48:45,390][flwr][INFO] - 	       [   0,   81,    0,  859,    1,    0,    1,   32,    0,    0],
[2024-06-20 19:48:45,390][flwr][INFO] - 	       [   0,  178,    0,  799,    1,    0,    0,   31,    0,    0]])),
[2024-06-20 19:48:45,390][flwr][INFO] - 	                      (1,
[2024-06-20 19:48:45,390][flwr][INFO] - 	                       array([[  0, 186, 293,  51,  26,  32, 384,   0,   0,   8],
[2024-06-20 19:48:45,390][flwr][INFO] - 	       [  9, 138, 956,  20,  11,   0,   1,   0,   0,   0],
[2024-06-20 19:48:45,390][flwr][INFO] - 	       [  0, 438, 413, 139,  10,   3,  29,   0,   0,   0],
[2024-06-20 19:48:45,390][flwr][INFO] - 	       [  0,  97, 841,  12,  19,   0,  38,   0,   0,   3],
[2024-06-20 19:48:45,390][flwr][INFO] - 	       [  8, 469, 154, 253,  35,   0,  61,   0,   0,   2],
[2024-06-20 19:48:45,390][flwr][INFO] - 	       [ 10, 217, 416,  56,  43,  13, 126,   3,   0,   8],
[2024-06-20 19:48:45,390][flwr][INFO] - 	       [  1, 340, 298, 223,  34,   1,  52,   0,   0,   9],
[2024-06-20 19:48:45,390][flwr][INFO] - 	       [  0, 112, 600, 224,  24,   3,  64,   1,   0,   0],
[2024-06-20 19:48:45,390][flwr][INFO] - 	       [ 15, 196, 574, 108,  44,   1,  36,   0,   0,   0],
[2024-06-20 19:48:45,390][flwr][INFO] - 	       [  0, 287, 433, 180,  60,   0,  49,   0,   0,   0]])),
[2024-06-20 19:48:45,390][flwr][INFO] - 	                      (2,
[2024-06-20 19:48:45,390][flwr][INFO] - 	                       array([[235, 295,  97,  24,   0,  98, 119,  67,  26,  19],
[2024-06-20 19:48:45,390][flwr][INFO] - 	       [  5, 748,   0,  70,  10,  32,  12,  10,   4, 244],
[2024-06-20 19:48:45,390][flwr][INFO] - 	       [ 60, 271,  30, 111,   0,  76, 247,  29,  26, 182],
[2024-06-20 19:48:45,390][flwr][INFO] - 	       [ 27, 428,  21,  33,   1, 319,  10,  47,  80,  44],
[2024-06-20 19:48:45,390][flwr][INFO] - 	       [234, 399,  35,  30,   4,  23,  40,  38,   5, 174],
[2024-06-20 19:48:45,390][flwr][INFO] - 	       [ 33, 367,   6,  25,   0, 270,   3, 134,  19,  35],
[2024-06-20 19:48:45,390][flwr][INFO] - 	       [ 74, 188,  10,  44,   1,  37, 322,  10,  11, 261],
[2024-06-20 19:48:45,390][flwr][INFO] - 	       [106, 324,  28,  10,  12,  86,  17, 292,   3, 150],
[2024-06-20 19:48:45,390][flwr][INFO] - 	       [ 75, 416,   6,  52,   0, 195,  78,  42,  41,  69],
[2024-06-20 19:48:45,390][flwr][INFO] - 	       [133, 534,  34,  20,   3,  24,  24, 125,   4, 108]])),
[2024-06-20 19:48:45,391][flwr][INFO] - 	                      (3,
[2024-06-20 19:48:45,391][flwr][INFO] - 	                       array([[163,  20, 452,  60,   0, 111,   0, 160,   2,  12],
[2024-06-20 19:48:45,391][flwr][INFO] - 	       [ 65, 255,  23,  26,   2,  17,   0,   4,  23, 720],
[2024-06-20 19:48:45,391][flwr][INFO] - 	       [141,  38, 534,  64,   1,  32,   5,  78,  15, 124],
[2024-06-20 19:48:45,391][flwr][INFO] - 	       [ 70, 192, 269,  66,   2, 155,   0,  74,  91,  91],
[2024-06-20 19:48:45,391][flwr][INFO] - 	       [190,  26, 143,  74,   6,  21,   0, 148,  15, 359],
[2024-06-20 19:48:45,391][flwr][INFO] - 	       [ 58,  99, 152, 116,   0, 235,   0, 149,  16,  67],
[2024-06-20 19:48:45,391][flwr][INFO] - 	       [228,  54, 219,  36,   4,  54,  15, 149,   4, 195],
[2024-06-20 19:48:45,391][flwr][INFO] - 	       [ 13,   6, 113,  18,   9,  50,   0, 601,   7, 211],
[2024-06-20 19:48:45,391][flwr][INFO] - 	       [ 77, 155, 228, 112,   2, 105,   0, 111,  53, 131],
[2024-06-20 19:48:45,391][flwr][INFO] - 	       [ 54,  18, 214,  16,   8,  23,   0, 185,   4, 487]])),
[2024-06-20 19:48:45,391][flwr][INFO] - 	                      (4,
[2024-06-20 19:48:45,391][flwr][INFO] - 	                       array([[464,  30, 117,  30,   1,  50,  17, 233,   1,  37],
[2024-06-20 19:48:45,391][flwr][INFO] - 	       [ 93, 306,  11,  71,   1,  27,   8,   1,  21, 596],
[2024-06-20 19:48:45,391][flwr][INFO] - 	       [189,  82, 310,  73,   0,  19, 101,  93,  16, 149],
[2024-06-20 19:48:45,391][flwr][INFO] - 	       [207, 125,  47, 113,   2, 131,  26, 162,  91, 106],
[2024-06-20 19:48:45,391][flwr][INFO] - 	       [125,  28,  57,  52,   2,  13,  16,  39,   2, 648],
[2024-06-20 19:48:45,391][flwr][INFO] - 	       [118,  50,  19,  94,   3, 170,   9, 180,   5, 244],
[2024-06-20 19:48:45,391][flwr][INFO] - 	       [271,  32,  30,  31,   0,  58, 170, 116,   6, 244],
[2024-06-20 19:48:45,391][flwr][INFO] - 	       [ 30,  21,  40,  25,   9,  10,   8, 444,   5, 436],
[2024-06-20 19:48:45,391][flwr][INFO] - 	       [168,  87,  35,  63,   4, 120,  75, 133,  63, 226],
[2024-06-20 19:48:45,391][flwr][INFO] - 	       [ 40,  19,  42,  12,   2,  13,   3,  86,   4, 788]])),
[2024-06-20 19:48:45,391][flwr][INFO] - 	                      (5,
[2024-06-20 19:48:45,391][flwr][INFO] - 	                       array([[428,  13, 126,  51,   3,  81,  75, 189,   0,  14],
[2024-06-20 19:48:45,391][flwr][INFO] - 	       [102, 676,  20,  90,  20,  40,  24,   1,  52, 110],
[2024-06-20 19:48:45,391][flwr][INFO] - 	       [ 99,  36, 282, 181,   6,  19, 206,  39, 124,  40],
[2024-06-20 19:48:45,391][flwr][INFO] - 	       [102,  61,  39, 177,   5, 168,  52, 107, 281,  18],
[2024-06-20 19:48:45,391][flwr][INFO] - 	       [133,  27, 127, 141,  67,  75,  88,  41,  36, 247],
[2024-06-20 19:48:45,391][flwr][INFO] - 	       [ 65,  16,  25, 144,  15, 343,  40, 132,  45,  67],
[2024-06-20 19:48:45,391][flwr][INFO] - 	       [187,  22,  60,  67,  21,  84, 389,  44,  41,  43],
[2024-06-20 19:48:45,391][flwr][INFO] - 	       [ 35,  28, 131,  36,  46,  51,  49, 462,  26, 164],
[2024-06-20 19:48:45,391][flwr][INFO] - 	       [ 88,  21,  35, 136,  23, 184, 144,  63, 223,  57],
[2024-06-20 19:48:45,391][flwr][INFO] - 	       [ 71,  30, 143,  88,  83,  72,  39, 148,  29, 306]])),
[2024-06-20 19:48:45,391][flwr][INFO] - 	                      (6,
[2024-06-20 19:48:45,391][flwr][INFO] - 	                       array([[415,  10, 197,  86,   4,  44,  84, 129,   1,  10],
[2024-06-20 19:48:45,391][flwr][INFO] - 	       [ 69, 568,  29, 130,  28,   8,  30,   0,  78, 195],
[2024-06-20 19:48:45,391][flwr][INFO] - 	       [ 38,  17, 378, 209,  12,  11, 107,  31, 171,  58],
[2024-06-20 19:48:45,391][flwr][INFO] - 	       [ 81,  40,  58, 249,   5, 136,  35, 135, 242,  29],
[2024-06-20 19:48:45,391][flwr][INFO] - 	       [ 30,  20, 142, 256, 143,  43,  48,  19,  71, 210],
[2024-06-20 19:48:45,391][flwr][INFO] - 	       [ 38,  16,  57, 216,  18, 274,  49, 125,  52,  47],
[2024-06-20 19:48:45,391][flwr][INFO] - 	       [100,  22,  90, 135,  32,  38, 409,  32,  55,  45],
[2024-06-20 19:48:45,391][flwr][INFO] - 	       [ 13,  37, 163,  43,  81,  38,  13, 335,  49, 256],
[2024-06-20 19:48:45,392][flwr][INFO] - 	       [ 50,  15,  80, 173,  22, 114, 113,  79, 278,  50],
[2024-06-20 19:48:45,392][flwr][INFO] - 	       [ 23,  29, 113, 160,  54,  42,  13,  69,  51, 455]])),
[2024-06-20 19:48:45,392][flwr][INFO] - 	                      (7,
[2024-06-20 19:48:45,392][flwr][INFO] - 	                       array([[345,   9, 212,  80,   5,  49, 137, 125,   8,  10],
[2024-06-20 19:48:45,392][flwr][INFO] - 	       [ 34, 722,  60,  41,  71,   4,  47,   1,  85,  70],
[2024-06-20 19:48:45,392][flwr][INFO] - 	       [ 50,  12, 469, 102,  24,  13, 157,  18, 155,  32],
[2024-06-20 19:48:45,392][flwr][INFO] - 	       [ 83,  52,  76, 175,  12,  78,  37, 138, 345,  14],
[2024-06-20 19:48:45,392][flwr][INFO] - 	       [ 51,  54, 181, 138, 214,  23, 115,  35,  66, 105],
[2024-06-20 19:48:45,392][flwr][INFO] - 	       [ 48,  20,  68, 196,  25, 160,  57, 137, 135,  46],
[2024-06-20 19:48:45,392][flwr][INFO] - 	       [ 83,  18,  98,  72,  34,  51, 509,  31,  42,  20],
[2024-06-20 19:48:45,392][flwr][INFO] - 	       [  8,  37, 238,  34, 124,  10,  26, 389,  46, 116],
[2024-06-20 19:48:45,392][flwr][INFO] - 	       [ 48,  20, 107, 107,  35,  45, 131,  75, 384,  22],
[2024-06-20 19:48:45,392][flwr][INFO] - 	       [ 17,  36, 133, 142,  84,  21,  49, 116,  86, 325]])),
[2024-06-20 19:48:45,392][flwr][INFO] - 	                      (8,
[2024-06-20 19:48:45,392][flwr][INFO] - 	                       array([[403,  10, 158, 131,   2,  37, 157,  70,   6,   6],
[2024-06-20 19:48:45,392][flwr][INFO] - 	       [ 40, 706,  59,  65,  71,  14,  45,   0,  57,  78],
[2024-06-20 19:48:45,392][flwr][INFO] - 	       [ 54,  20, 437, 174,  15,  10, 139,  18, 142,  23],
[2024-06-20 19:48:45,392][flwr][INFO] - 	       [ 86,  37,  84, 289,  11,  75,  46, 115, 254,  13],
[2024-06-20 19:48:45,392][flwr][INFO] - 	       [ 51,  47, 198, 251, 144,  27,  95,  14,  63,  92],
[2024-06-20 19:48:45,392][flwr][INFO] - 	       [ 68,  14,  84, 300,  21, 147,  72,  70,  69,  47],
[2024-06-20 19:48:45,392][flwr][INFO] - 	       [ 60,  30,  92,  97,  26,  36, 551,   8,  47,  11],
[2024-06-20 19:48:45,392][flwr][INFO] - 	       [ 21,  38, 323,  57,  86,  12,  41, 288,  33, 129],
[2024-06-20 19:48:45,392][flwr][INFO] - 	       [ 52,  23, 114, 196,  29,  24, 138,  45, 325,  28],
[2024-06-20 19:48:45,392][flwr][INFO] - 	       [ 26,  16, 174, 291,  58,  18,  45,  44,  64, 273]])),
[2024-06-20 19:48:45,392][flwr][INFO] - 	                      (9,
[2024-06-20 19:48:45,392][flwr][INFO] - 	                       array([[436,  12,  87, 137,   4,  19, 207,  53,  15,  10],
[2024-06-20 19:48:45,392][flwr][INFO] - 	       [ 13, 792,  28,  19,  28,   5,  42,   0,  89, 119],
[2024-06-20 19:48:45,392][flwr][INFO] - 	       [ 45,  50, 347, 172,  11,   4, 178,  18, 164,  43],
[2024-06-20 19:48:45,392][flwr][INFO] - 	       [ 62,  98,  64, 246,   8,  53,  73,  92, 288,  26],
[2024-06-20 19:48:45,392][flwr][INFO] - 	       [ 35,  72, 148, 194, 115,   9, 142,  13, 123, 131],
[2024-06-20 19:48:45,392][flwr][INFO] - 	       [ 67,  46,  41, 302,  17,  90,  99,  41, 111,  78],
[2024-06-20 19:48:45,392][flwr][INFO] - 	       [ 55,  39,  53,  76,  12,   9, 593,   9,  89,  23],
[2024-06-20 19:48:45,392][flwr][INFO] - 	       [ 16,  76, 166,  40,  52,   3,  76, 322,  57, 220],
[2024-06-20 19:48:45,392][flwr][INFO] - 	       [ 38,  61,  58, 167,  22,  11, 179,  34, 356,  48],
[2024-06-20 19:48:45,392][flwr][INFO] - 	       [ 31,  39, 145, 213,  31,   6, 101,  31,  87, 325]])),
[2024-06-20 19:48:45,392][flwr][INFO] - 	                      (10,
[2024-06-20 19:48:45,392][flwr][INFO] - 	                       array([[427,  18,  81,  85,   5,  26, 193, 125,   7,  13],
[2024-06-20 19:48:45,392][flwr][INFO] - 	       [ 26, 637,  26, 113,   9,  33,  30,   0,  31, 230],
[2024-06-20 19:48:45,392][flwr][INFO] - 	       [ 59,  72, 343, 193,  11,  21, 144,  30,  76,  83],
[2024-06-20 19:48:45,392][flwr][INFO] - 	       [ 78, 122,  76, 301,  10, 127,  37, 119, 104,  36],
[2024-06-20 19:48:45,392][flwr][INFO] - 	       [ 48,  99, 120, 215, 108,  10, 104,  22,  54, 202],
[2024-06-20 19:48:45,392][flwr][INFO] - 	       [ 69,  96,  41, 346,  25, 105,  56,  43,  30,  81],
[2024-06-20 19:48:45,392][flwr][INFO] - 	       [ 47,  60,  47,  82,  23,  17, 578,  37,  27,  40],
[2024-06-20 19:48:45,392][flwr][INFO] - 	       [ 20,  76,  95,  61,  58,   6,  28, 340,  19, 325],
[2024-06-20 19:48:45,393][flwr][INFO] - 	       [ 59,  94,  75, 240,  30,  35, 159,  53, 153,  76],
[2024-06-20 19:48:45,393][flwr][INFO] - 	       [ 31,  66, 102, 250,  30,   9,  46,  29,  28, 418]]))],
[2024-06-20 19:48:45,393][flwr][INFO] - 	 'f1': [(0, 0.03553137346181725),
[2024-06-20 19:48:45,393][flwr][INFO] - 	        (1, 0.037445776557887084),
[2024-06-20 19:48:45,393][flwr][INFO] - 	        (2, 0.17327209479520814),
[2024-06-20 19:48:45,393][flwr][INFO] - 	        (3, 0.19784918895309198),
[2024-06-20 19:48:45,393][flwr][INFO] - 	        (4, 0.24750156290823397),
[2024-06-20 19:48:45,393][flwr][INFO] - 	        (5, 0.3291629094987359),
[2024-06-20 19:48:45,393][flwr][INFO] - 	        (6, 0.35670566712346746),
[2024-06-20 19:48:45,393][flwr][INFO] - 	        (7, 0.36788510647257094),
[2024-06-20 19:48:45,393][flwr][INFO] - 	        (8, 0.35747094917865563),
[2024-06-20 19:48:45,393][flwr][INFO] - 	        (9, 0.3518645515435986),
[2024-06-20 19:48:45,393][flwr][INFO] - 	        (10, 0.32974349023015204)],
[2024-06-20 19:48:45,393][flwr][INFO] - 	 'precision': [(0, 0.12349967530374152),
[2024-06-20 19:48:45,393][flwr][INFO] - 	               (1, 0.0805768121634815),
[2024-06-20 19:48:45,393][flwr][INFO] - 	               (2, 0.19770987118936634),
[2024-06-20 19:48:45,393][flwr][INFO] - 	               (3, 0.27890765695172803),
[2024-06-20 19:48:45,393][flwr][INFO] - 	               (4, 0.289488232311521),
[2024-06-20 19:48:45,393][flwr][INFO] - 	               (5, 0.3369646184185692),
[2024-06-20 19:48:45,393][flwr][INFO] - 	               (6, 0.38294624934361926),
[2024-06-20 19:48:45,393][flwr][INFO] - 	               (7, 0.3852441580400411),
[2024-06-20 19:48:45,393][flwr][INFO] - 	               (8, 0.3892812037270398),
[2024-06-20 19:48:45,393][flwr][INFO] - 	               (9, 0.3917291592525053),
[2024-06-20 19:48:45,393][flwr][INFO] - 	               (10, 0.3523764849334049)],
[2024-06-20 19:48:45,393][flwr][INFO] - 	 'recall': [(0, 0.1086),
[2024-06-20 19:48:45,393][flwr][INFO] - 	            (1, 0.0664),
[2024-06-20 19:48:45,393][flwr][INFO] - 	            (2, 0.2083),
[2024-06-20 19:48:45,393][flwr][INFO] - 	            (3, 0.2415),
[2024-06-20 19:48:45,393][flwr][INFO] - 	            (4, 0.283),
[2024-06-20 19:48:45,393][flwr][INFO] - 	            (5, 0.3353),
[2024-06-20 19:48:45,393][flwr][INFO] - 	            (6, 0.3504),
[2024-06-20 19:48:45,393][flwr][INFO] - 	            (7, 0.3692),
[2024-06-20 19:48:45,393][flwr][INFO] - 	            (8, 0.3563),
[2024-06-20 19:48:45,393][flwr][INFO] - 	            (9, 0.3622),
[2024-06-20 19:48:45,393][flwr][INFO] - 	            (10, 0.341)]}
[2024-06-20 19:48:45,393][flwr][INFO] - 
