[2024-06-21 14:08:57,102][flwr][INFO] - Starting Flower simulation, config: num_rounds=10, no round_timeout
[2024-06-21 14:08:59,159][flwr][INFO] - Flower VCE: Ray initialized with resources: {'object_store_memory': 2147483648.0, 'node:127.0.0.1': 1.0, 'node:__internal_head__': 1.0, 'CPU': 12.0, 'memory': 9768376730.0}
[2024-06-21 14:08:59,159][flwr][INFO] - Optimize your simulation with Flower VCE: https://flower.ai/docs/framework/how-to-run-simulations.html
[2024-06-21 14:08:59,159][flwr][INFO] - Flower VCE: Resources for each Virtual Client: {'num_cpus': 2, 'num_gpus': 0}
[2024-06-21 14:08:59,166][flwr][INFO] - Flower VCE: Creating VirtualClientEngineActorPool with 6 actors
[2024-06-21 14:08:59,166][flwr][INFO] - [INIT]
[2024-06-21 14:08:59,166][flwr][INFO] - Requesting initial parameters from one random client
[2024-06-21 14:09:00,781][flwr][INFO] - Received initial parameters from one random client
[2024-06-21 14:09:00,781][flwr][INFO] - Evaluating initial global parameters
[2024-06-21 14:09:01,146][flwr][INFO] - initial parameters (loss, other metrics): 181.76928067207336, {'accuracy': 0.1086, 'precision': 0.12349967530374152, 'recall': 0.1086, 'f1': 0.03553137346181725, 'confusion_matrix': array([[   0,    8,    0,  956,    0,    1,    0,   15,    0,    0],
       [   0,  122,    0, 1013,    0,    0,    0,    0,    0,    0],
       [   0,   38,    0,  971,    0,    0,    3,   19,    1,    0],
       [   0,   44,    0,  945,    1,    1,    0,   17,    2,    0],
       [   0,  143,    0,  816,    1,    0,    2,   20,    0,    0],
       [   0,  118,    0,  735,    1,    7,    0,   30,    1,    0],
       [   0,  144,    0,  749,   25,    0,    2,   38,    0,    0],
       [   0,  272,    0,  724,    8,    0,    0,    9,   15,    0],
       [   0,   81,    0,  859,    1,    0,    1,   32,    0,    0],
       [   0,  178,    0,  799,    1,    0,    0,   31,    0,    0]])}
[2024-06-21 14:09:01,146][flwr][INFO] - 
[2024-06-21 14:09:01,146][flwr][INFO] - [ROUND 1]
[2024-06-21 14:09:01,147][flwr][INFO] - configure_fit: strategy sampled 10 clients (out of 100)
[2024-06-21 14:09:08,131][flwr][INFO] - aggregate_fit: received 10 results and 0 failures
[2024-06-21 14:09:08,137][flwr][WARNING] - No fit_metrics_aggregation_fn provided
[2024-06-21 14:09:08,492][flwr][INFO] - fit progress: (1, 306.8760781288147, {'accuracy': 0.0146, 'precision': 0.01483095818426655, 'recall': 0.0146, 'f1': 0.013807486162819623, 'confusion_matrix': array([[  17,  874,    0,   10,    1,    0,    8,   69,    1,    0],
       [   1,    0, 1105,   14,    4,    0,    1,   10,    0,    0],
       [   8,   14,    9,  884,   10,    4,    1,   79,   18,    5],
       [  15,    6,   16,   75,  837,    0,    7,   15,   37,    2],
       [ 793,    2,   10,    6,    0,   96,    4,   68,    3,    0],
       [  88,   31,   27,   19,  205,    2,  438,   76,    4,    2],
       [   2,   10,    6,   30,    0,    1,   11,  897,    1,    0],
       [ 110,    1,   36,   30,    1,    2,    2,    2,  844,    0],
       [  92,   34,   59,   89,  174,    1,   53,  120,   30,  322],
       [ 914,   10,   14,    7,    7,    1,    4,    6,   46,    0]])}, 7.345244625)
[2024-06-21 14:09:08,492][flwr][INFO] - configure_evaluate: no clients selected, skipping evaluation
[2024-06-21 14:09:08,492][flwr][INFO] - 
[2024-06-21 14:09:08,492][flwr][INFO] - [ROUND 2]
[2024-06-21 14:09:08,492][flwr][INFO] - configure_fit: strategy sampled 10 clients (out of 100)
[2024-06-21 14:09:13,569][flwr][INFO] - aggregate_fit: received 10 results and 0 failures
[2024-06-21 14:09:13,906][flwr][INFO] - fit progress: (2, 456.87978982925415, {'accuracy': 0.0142, 'precision': 0.014461450266469408, 'recall': 0.0142, 'f1': 0.014267684646289974, 'confusion_matrix': array([[   0,  937,    0,    3,    5,    1,   18,    8,    1,    7],
       [   0,    0, 1115,    3,    6,    0,    4,    3,    0,    4],
       [   1,   11,   23,  867,   30,   28,    4,   18,   21,   29],
       [   3,    2,    4,   15,  911,    0,   24,    0,   25,   26],
       [  28,    1,    3,    3,    0,  920,    6,   11,    0,   10],
       [  11,   12,   13,    9,  114,   22,  679,    4,    7,   21],
       [   0,   16,    8,   12,    2,   19,   60,  839,    0,    2],
       [  62,    1,   27,   21,    2,   14,    0,    0,  891,   10],
       [  20,    4,   25,   13,   83,   12,   53,    7,    7,  750],
       [ 863,    7,    6,    3,   17,   71,   12,    0,   15,   15]])}, 12.759619083)
[2024-06-21 14:09:13,906][flwr][INFO] - configure_evaluate: no clients selected, skipping evaluation
[2024-06-21 14:09:13,906][flwr][INFO] - 
[2024-06-21 14:09:13,906][flwr][INFO] - [ROUND 3]
[2024-06-21 14:09:13,907][flwr][INFO] - configure_fit: strategy sampled 10 clients (out of 100)
[2024-06-21 14:09:19,070][flwr][INFO] - aggregate_fit: received 10 results and 0 failures
[2024-06-21 14:09:19,410][flwr][INFO] - fit progress: (3, 442.5827622413635, {'accuracy': 0.014, 'precision': 0.013790439804454468, 'recall': 0.014, 'f1': 0.013853391471316487, 'confusion_matrix': array([[   1,  943,    0,    3,    1,    2,   15,   10,    1,    4],
       [   0,    0, 1116,    2,    2,    0,    2,    4,    0,    9],
       [   6,   11,   33,  856,    7,   18,    3,   27,   25,   46],
       [   5,    3,   10,   25,  863,    0,   43,    1,   27,   33],
       [  49,    0,    9,    1,    0,  899,    1,   15,    1,    7],
       [  24,   12,    7,    6,   40,   14,  741,    8,   10,   30],
       [   0,   10,    6,    3,    0,   10,   42,  885,    0,    2],
       [  39,    1,   29,   15,    2,   10,    0,    0,  924,    8],
       [  19,    3,   28,    8,   18,   12,   40,   13,   11,  822],
       [ 899,    3,    7,    1,   10,   36,   13,    4,   22,   14]])}, 18.264055125000002)
[2024-06-21 14:09:19,411][flwr][INFO] - configure_evaluate: no clients selected, skipping evaluation
[2024-06-21 14:09:19,411][flwr][INFO] - 
[2024-06-21 14:09:19,411][flwr][INFO] - [ROUND 4]
[2024-06-21 14:09:19,411][flwr][INFO] - configure_fit: strategy sampled 10 clients (out of 100)
[2024-06-21 14:09:24,986][flwr][INFO] - aggregate_fit: received 10 results and 0 failures
[2024-06-21 14:09:25,340][flwr][INFO] - fit progress: (4, 427.36137104034424, {'accuracy': 0.0101, 'precision': 0.010029439963836522, 'recall': 0.0101, 'f1': 0.010015274261494213, 'confusion_matrix': array([[   0,  955,    0,    0,    1,    0,    8,    5,    1,   10],
       [   0,    0, 1068,    2,    4,    0,    1,    3,    1,   56],
       [   6,   12,    6,  867,   15,   18,    1,   17,   20,   70],
       [   4,    3,    1,   15,  898,    0,   20,    1,   18,   50],
       [  43,    1,    0,    3,    0,  909,    2,   12,    0,   12],
       [   8,   16,    3,    6,   50,   11,  740,    7,    4,   47],
       [   0,   17,    3,    3,    0,   13,   31,  879,    1,   11],
       [  53,    2,   13,   13,    2,   13,    0,    0,  910,   22],
       [   6,    5,    3,    3,   13,    7,   20,   10,    6,  901],
       [ 900,    7,    3,    2,    7,   41,    9,    1,    7,   32]])}, 24.193636792)
[2024-06-21 14:09:25,341][flwr][INFO] - configure_evaluate: no clients selected, skipping evaluation
[2024-06-21 14:09:25,341][flwr][INFO] - 
[2024-06-21 14:09:25,341][flwr][INFO] - [ROUND 5]
[2024-06-21 14:09:25,341][flwr][INFO] - configure_fit: strategy sampled 10 clients (out of 100)
[2024-06-21 14:09:30,301][flwr][INFO] - aggregate_fit: received 10 results and 0 failures
[2024-06-21 14:09:30,639][flwr][INFO] - fit progress: (5, 457.93128538131714, {'accuracy': 0.0084, 'precision': 0.008549040926542434, 'recall': 0.0084, 'f1': 0.008451694777529233, 'confusion_matrix': array([[   1,  964,    0,    0,    1,    2,    3,    5,    2,    2],
       [   0,    0, 1110,    2,    5,    0,    1,    4,    0,   13],
       [   5,   12,    8,  906,   18,   16,    1,   20,   16,   30],
       [   9,    3,    2,   20,  908,    1,   22,    1,   17,   27],
       [  37,    1,    2,    3,    0,  918,    0,   15,    0,    6],
       [  15,   16,    4,    4,   33,   16,  760,   11,   10,   23],
       [   0,   11,    3,    3,    1,   10,   23,  903,    1,    3],
       [  46,    1,   16,   21,    3,    7,    0,    0,  931,    3],
       [  23,    4,   13,    9,   28,   11,   23,   15,    6,  842],
       [ 917,    6,    6,    1,    9,   46,    5,    3,    6,   10]])}, 29.492551875000004)
[2024-06-21 14:09:30,639][flwr][INFO] - configure_evaluate: no clients selected, skipping evaluation
[2024-06-21 14:09:30,640][flwr][INFO] - 
[2024-06-21 14:09:30,640][flwr][INFO] - [ROUND 6]
[2024-06-21 14:09:30,640][flwr][INFO] - configure_fit: strategy sampled 10 clients (out of 100)
[2024-06-21 14:09:35,649][flwr][INFO] - aggregate_fit: received 10 results and 0 failures
[2024-06-21 14:09:35,985][flwr][INFO] - fit progress: (6, 486.7643461227417, {'accuracy': 0.0085, 'precision': 0.008263524377021436, 'recall': 0.0085, 'f1': 0.008348754023262893, 'confusion_matrix': array([[   0,  959,    0,    0,    1,    0,    2,   10,    1,    7],
       [   0,    0, 1110,    2,    3,    1,    0,    4,    0,   15],
       [   3,   14,    7,  915,   10,   19,    1,   16,   11,   36],
       [   5,    3,    2,   20,  896,    0,   27,    2,   12,   43],
       [  22,    1,    0,    3,    0,  944,    0,    8,    0,    4],
       [   5,   14,    4,    4,   23,   24,  769,   13,    6,   30],
       [   0,   12,    3,    2,    0,   14,   14,  910,    0,    3],
       [  61,    1,   17,   28,    3,   11,    0,    1,  901,    5],
       [  16,    8,    9,    3,   11,   16,   12,   12,    6,  881],
       [ 902,   11,    7,    1,    4,   61,    3,    3,    4,   13]])}, 34.838231458)
[2024-06-21 14:09:35,985][flwr][INFO] - configure_evaluate: no clients selected, skipping evaluation
[2024-06-21 14:09:35,985][flwr][INFO] - 
[2024-06-21 14:09:35,985][flwr][INFO] - [ROUND 7]
[2024-06-21 14:09:35,986][flwr][INFO] - configure_fit: strategy sampled 10 clients (out of 100)
[2024-06-21 14:09:41,147][flwr][INFO] - aggregate_fit: received 10 results and 0 failures
[2024-06-21 14:09:41,558][flwr][INFO] - fit progress: (7, 489.0650086402893, {'accuracy': 0.0071, 'precision': 0.007108483624850604, 'recall': 0.0071, 'f1': 0.007088703221742375, 'confusion_matrix': array([[   0,  965,    0,    0,    1,    0,    1,    5,    1,    7],
       [   1,    0, 1107,    3,    2,    1,    0,    3,    0,   18],
       [   4,   15,    7,  900,   12,   20,    1,   15,   22,   36],
       [   8,    2,    0,   17,  891,    0,   27,    1,   24,   40],
       [  37,    1,    0,    2,    0,  919,    0,   13,    1,    9],
       [   7,   14,    2,    2,   19,   12,  787,   17,    8,   24],
       [   0,   14,    3,    2,    0,   17,   16,  901,    1,    4],
       [  41,    2,   10,   17,    2,    7,    0,    0,  946,    3],
       [  12,    8,    5,    0,   10,    6,   16,   11,    7,  899],
       [ 918,   11,    4,    0,    2,   47,    8,    1,    6,   12]])}, 40.411064375)
[2024-06-21 14:09:41,558][flwr][INFO] - configure_evaluate: no clients selected, skipping evaluation
[2024-06-21 14:09:41,558][flwr][INFO] - 
[2024-06-21 14:09:41,558][flwr][INFO] - [ROUND 8]
[2024-06-21 14:09:41,559][flwr][INFO] - configure_fit: strategy sampled 10 clients (out of 100)
[2024-06-21 14:09:46,739][flwr][INFO] - aggregate_fit: received 10 results and 0 failures
[2024-06-21 14:09:47,073][flwr][INFO] - fit progress: (8, 452.43048763275146, {'accuracy': 0.0051, 'precision': 0.005084920673338233, 'recall': 0.0051, 'f1': 0.005084418278059263, 'confusion_matrix': array([[   2,  958,    0,    0,    1,    0,    4,    8,    2,    5],
       [   1,    0, 1113,    3,    3,    1,    0,    3,    0,   11],
       [   4,   13,    8,  909,   21,   17,    0,   17,   14,   29],
       [  12,    3,    0,    7,  915,    0,   30,    2,   12,   29],
       [  34,    1,    0,    2,    0,  920,    0,   19,    1,    5],
       [   7,    9,    2,    1,   17,    7,  814,   16,    5,   14],
       [   0,   10,    3,    0,    0,    9,   12,  920,    0,    4],
       [  42,    2,   12,   19,    7,    6,    0,    0,  939,    1],
       [  12,    4,    7,    0,   16,    7,   13,   11,    5,  899],
       [ 934,    5,    6,    0,    7,   36,    5,    1,    5,   10]])}, 45.926771375)
[2024-06-21 14:09:47,074][flwr][INFO] - configure_evaluate: no clients selected, skipping evaluation
[2024-06-21 14:09:47,074][flwr][INFO] - 
[2024-06-21 14:09:47,074][flwr][INFO] - [ROUND 9]
[2024-06-21 14:09:47,074][flwr][INFO] - configure_fit: strategy sampled 10 clients (out of 100)
[2024-06-21 14:09:52,005][flwr][INFO] - aggregate_fit: received 10 results and 0 failures
[2024-06-21 14:09:52,341][flwr][INFO] - fit progress: (9, 553.3387403488159, {'accuracy': 0.0066, 'precision': 0.006508834187532308, 'recall': 0.0066, 'f1': 0.006539153026609273, 'confusion_matrix': array([[   5,  951,    0,    0,    1,    2,    2,   10,    2,    7],
       [   0,    0, 1113,    3,    2,    1,    0,    3,    0,   13],
       [   3,   10,    3,  925,   11,   18,    1,   11,   21,   29],
       [   7,    3,    2,   11,  903,    1,   16,    3,   24,   40],
       [  62,    1,    1,    2,    0,  899,    0,   10,    1,    6],
       [  14,   11,    2,    1,   29,   14,  768,   15,    5,   33],
       [   0,    8,    3,    2,    1,   15,    9,  915,    0,    5],
       [  37,    0,    7,   13,    3,    7,    0,    0,  957,    4],
       [  13,    3,    4,    0,   12,    7,    6,   11,    8,  910],
       [ 957,    4,    6,    0,    4,   15,    0,    1,    6,   16]])}, 51.194614792)
[2024-06-21 14:09:52,342][flwr][INFO] - configure_evaluate: no clients selected, skipping evaluation
[2024-06-21 14:09:52,342][flwr][INFO] - 
[2024-06-21 14:09:52,342][flwr][INFO] - [ROUND 10]
[2024-06-21 14:09:52,342][flwr][INFO] - configure_fit: strategy sampled 10 clients (out of 100)
[2024-06-21 14:09:57,367][flwr][INFO] - aggregate_fit: received 10 results and 0 failures
[2024-06-21 14:09:57,707][flwr][INFO] - fit progress: (10, 499.54346656799316, {'accuracy': 0.0085, 'precision': 0.008367877904005073, 'recall': 0.0085, 'f1': 0.008425506204559636, 'confusion_matrix': array([[   1,  951,    0,    0,    1,    0,    7,   10,    1,    9],
       [   0,    0, 1109,    3,    1,    1,    0,    3,    0,   18],
       [   0,    6,    3,  948,   12,    7,    2,    6,   16,   32],
       [   7,    2,    0,   11,  896,    0,   27,    0,   21,   46],
       [  41,    1,    0,    5,    0,  912,    0,   13,    1,    9],
       [   6,    8,    1,    2,   10,    5,  830,    7,    4,   19],
       [   0,    7,    3,    1,    0,    7,   31,  901,    0,    8],
       [  26,    0,   12,   13,    4,    4,    1,    0,  962,    6],
       [   4,    4,    3,    2,    7,    7,   14,    5,    7,  921],
       [ 929,    4,    6,    0,    3,   33,    0,    1,    6,   27]])}, 56.560019958)
[2024-06-21 14:09:57,707][flwr][INFO] - configure_evaluate: no clients selected, skipping evaluation
[2024-06-21 14:09:57,707][flwr][INFO] - 
[2024-06-21 14:09:57,708][flwr][INFO] - [SUMMARY]
[2024-06-21 14:09:57,708][flwr][INFO] - Run finished 10 round(s) in 56.56s
[2024-06-21 14:09:57,711][flwr][INFO] - 	History (loss, centralized):
[2024-06-21 14:09:57,711][flwr][INFO] - 		round 0: 181.76928067207336
[2024-06-21 14:09:57,711][flwr][INFO] - 		round 1: 306.8760781288147
[2024-06-21 14:09:57,711][flwr][INFO] - 		round 2: 456.87978982925415
[2024-06-21 14:09:57,711][flwr][INFO] - 		round 3: 442.5827622413635
[2024-06-21 14:09:57,712][flwr][INFO] - 		round 4: 427.36137104034424
[2024-06-21 14:09:57,712][flwr][INFO] - 		round 5: 457.93128538131714
[2024-06-21 14:09:57,712][flwr][INFO] - 		round 6: 486.7643461227417
[2024-06-21 14:09:57,712][flwr][INFO] - 		round 7: 489.0650086402893
[2024-06-21 14:09:57,712][flwr][INFO] - 		round 8: 452.43048763275146
[2024-06-21 14:09:57,712][flwr][INFO] - 		round 9: 553.3387403488159
[2024-06-21 14:09:57,712][flwr][INFO] - 		round 10: 499.54346656799316
[2024-06-21 14:09:57,712][flwr][INFO] - 	History (metrics, centralized):
[2024-06-21 14:09:57,712][flwr][INFO] - 	{'accuracy': [(0, 0.1086),
[2024-06-21 14:09:57,712][flwr][INFO] - 	              (1, 0.0146),
[2024-06-21 14:09:57,712][flwr][INFO] - 	              (2, 0.0142),
[2024-06-21 14:09:57,712][flwr][INFO] - 	              (3, 0.014),
[2024-06-21 14:09:57,712][flwr][INFO] - 	              (4, 0.0101),
[2024-06-21 14:09:57,712][flwr][INFO] - 	              (5, 0.0084),
[2024-06-21 14:09:57,712][flwr][INFO] - 	              (6, 0.0085),
[2024-06-21 14:09:57,712][flwr][INFO] - 	              (7, 0.0071),
[2024-06-21 14:09:57,712][flwr][INFO] - 	              (8, 0.0051),
[2024-06-21 14:09:57,712][flwr][INFO] - 	              (9, 0.0066),
[2024-06-21 14:09:57,712][flwr][INFO] - 	              (10, 0.0085)],
[2024-06-21 14:09:57,712][flwr][INFO] - 	 'confusion_matrix': [(0,
[2024-06-21 14:09:57,712][flwr][INFO] - 	                       array([[   0,    8,    0,  956,    0,    1,    0,   15,    0,    0],
[2024-06-21 14:09:57,712][flwr][INFO] - 	       [   0,  122,    0, 1013,    0,    0,    0,    0,    0,    0],
[2024-06-21 14:09:57,712][flwr][INFO] - 	       [   0,   38,    0,  971,    0,    0,    3,   19,    1,    0],
[2024-06-21 14:09:57,712][flwr][INFO] - 	       [   0,   44,    0,  945,    1,    1,    0,   17,    2,    0],
[2024-06-21 14:09:57,712][flwr][INFO] - 	       [   0,  143,    0,  816,    1,    0,    2,   20,    0,    0],
[2024-06-21 14:09:57,712][flwr][INFO] - 	       [   0,  118,    0,  735,    1,    7,    0,   30,    1,    0],
[2024-06-21 14:09:57,712][flwr][INFO] - 	       [   0,  144,    0,  749,   25,    0,    2,   38,    0,    0],
[2024-06-21 14:09:57,712][flwr][INFO] - 	       [   0,  272,    0,  724,    8,    0,    0,    9,   15,    0],
[2024-06-21 14:09:57,712][flwr][INFO] - 	       [   0,   81,    0,  859,    1,    0,    1,   32,    0,    0],
[2024-06-21 14:09:57,712][flwr][INFO] - 	       [   0,  178,    0,  799,    1,    0,    0,   31,    0,    0]])),
[2024-06-21 14:09:57,712][flwr][INFO] - 	                      (1,
[2024-06-21 14:09:57,712][flwr][INFO] - 	                       array([[  17,  874,    0,   10,    1,    0,    8,   69,    1,    0],
[2024-06-21 14:09:57,712][flwr][INFO] - 	       [   1,    0, 1105,   14,    4,    0,    1,   10,    0,    0],
[2024-06-21 14:09:57,712][flwr][INFO] - 	       [   8,   14,    9,  884,   10,    4,    1,   79,   18,    5],
[2024-06-21 14:09:57,712][flwr][INFO] - 	       [  15,    6,   16,   75,  837,    0,    7,   15,   37,    2],
[2024-06-21 14:09:57,712][flwr][INFO] - 	       [ 793,    2,   10,    6,    0,   96,    4,   68,    3,    0],
[2024-06-21 14:09:57,712][flwr][INFO] - 	       [  88,   31,   27,   19,  205,    2,  438,   76,    4,    2],
[2024-06-21 14:09:57,712][flwr][INFO] - 	       [   2,   10,    6,   30,    0,    1,   11,  897,    1,    0],
[2024-06-21 14:09:57,712][flwr][INFO] - 	       [ 110,    1,   36,   30,    1,    2,    2,    2,  844,    0],
[2024-06-21 14:09:57,712][flwr][INFO] - 	       [  92,   34,   59,   89,  174,    1,   53,  120,   30,  322],
[2024-06-21 14:09:57,712][flwr][INFO] - 	       [ 914,   10,   14,    7,    7,    1,    4,    6,   46,    0]])),
[2024-06-21 14:09:57,712][flwr][INFO] - 	                      (2,
[2024-06-21 14:09:57,712][flwr][INFO] - 	                       array([[   0,  937,    0,    3,    5,    1,   18,    8,    1,    7],
[2024-06-21 14:09:57,712][flwr][INFO] - 	       [   0,    0, 1115,    3,    6,    0,    4,    3,    0,    4],
[2024-06-21 14:09:57,712][flwr][INFO] - 	       [   1,   11,   23,  867,   30,   28,    4,   18,   21,   29],
[2024-06-21 14:09:57,712][flwr][INFO] - 	       [   3,    2,    4,   15,  911,    0,   24,    0,   25,   26],
[2024-06-21 14:09:57,712][flwr][INFO] - 	       [  28,    1,    3,    3,    0,  920,    6,   11,    0,   10],
[2024-06-21 14:09:57,713][flwr][INFO] - 	       [  11,   12,   13,    9,  114,   22,  679,    4,    7,   21],
[2024-06-21 14:09:57,713][flwr][INFO] - 	       [   0,   16,    8,   12,    2,   19,   60,  839,    0,    2],
[2024-06-21 14:09:57,713][flwr][INFO] - 	       [  62,    1,   27,   21,    2,   14,    0,    0,  891,   10],
[2024-06-21 14:09:57,713][flwr][INFO] - 	       [  20,    4,   25,   13,   83,   12,   53,    7,    7,  750],
[2024-06-21 14:09:57,713][flwr][INFO] - 	       [ 863,    7,    6,    3,   17,   71,   12,    0,   15,   15]])),
[2024-06-21 14:09:57,713][flwr][INFO] - 	                      (3,
[2024-06-21 14:09:57,713][flwr][INFO] - 	                       array([[   1,  943,    0,    3,    1,    2,   15,   10,    1,    4],
[2024-06-21 14:09:57,713][flwr][INFO] - 	       [   0,    0, 1116,    2,    2,    0,    2,    4,    0,    9],
[2024-06-21 14:09:57,713][flwr][INFO] - 	       [   6,   11,   33,  856,    7,   18,    3,   27,   25,   46],
[2024-06-21 14:09:57,713][flwr][INFO] - 	       [   5,    3,   10,   25,  863,    0,   43,    1,   27,   33],
[2024-06-21 14:09:57,713][flwr][INFO] - 	       [  49,    0,    9,    1,    0,  899,    1,   15,    1,    7],
[2024-06-21 14:09:57,713][flwr][INFO] - 	       [  24,   12,    7,    6,   40,   14,  741,    8,   10,   30],
[2024-06-21 14:09:57,713][flwr][INFO] - 	       [   0,   10,    6,    3,    0,   10,   42,  885,    0,    2],
[2024-06-21 14:09:57,713][flwr][INFO] - 	       [  39,    1,   29,   15,    2,   10,    0,    0,  924,    8],
[2024-06-21 14:09:57,713][flwr][INFO] - 	       [  19,    3,   28,    8,   18,   12,   40,   13,   11,  822],
[2024-06-21 14:09:57,713][flwr][INFO] - 	       [ 899,    3,    7,    1,   10,   36,   13,    4,   22,   14]])),
[2024-06-21 14:09:57,713][flwr][INFO] - 	                      (4,
[2024-06-21 14:09:57,713][flwr][INFO] - 	                       array([[   0,  955,    0,    0,    1,    0,    8,    5,    1,   10],
[2024-06-21 14:09:57,713][flwr][INFO] - 	       [   0,    0, 1068,    2,    4,    0,    1,    3,    1,   56],
[2024-06-21 14:09:57,713][flwr][INFO] - 	       [   6,   12,    6,  867,   15,   18,    1,   17,   20,   70],
[2024-06-21 14:09:57,713][flwr][INFO] - 	       [   4,    3,    1,   15,  898,    0,   20,    1,   18,   50],
[2024-06-21 14:09:57,713][flwr][INFO] - 	       [  43,    1,    0,    3,    0,  909,    2,   12,    0,   12],
[2024-06-21 14:09:57,713][flwr][INFO] - 	       [   8,   16,    3,    6,   50,   11,  740,    7,    4,   47],
[2024-06-21 14:09:57,713][flwr][INFO] - 	       [   0,   17,    3,    3,    0,   13,   31,  879,    1,   11],
[2024-06-21 14:09:57,713][flwr][INFO] - 	       [  53,    2,   13,   13,    2,   13,    0,    0,  910,   22],
[2024-06-21 14:09:57,713][flwr][INFO] - 	       [   6,    5,    3,    3,   13,    7,   20,   10,    6,  901],
[2024-06-21 14:09:57,713][flwr][INFO] - 	       [ 900,    7,    3,    2,    7,   41,    9,    1,    7,   32]])),
[2024-06-21 14:09:57,713][flwr][INFO] - 	                      (5,
[2024-06-21 14:09:57,713][flwr][INFO] - 	                       array([[   1,  964,    0,    0,    1,    2,    3,    5,    2,    2],
[2024-06-21 14:09:57,713][flwr][INFO] - 	       [   0,    0, 1110,    2,    5,    0,    1,    4,    0,   13],
[2024-06-21 14:09:57,713][flwr][INFO] - 	       [   5,   12,    8,  906,   18,   16,    1,   20,   16,   30],
[2024-06-21 14:09:57,713][flwr][INFO] - 	       [   9,    3,    2,   20,  908,    1,   22,    1,   17,   27],
[2024-06-21 14:09:57,713][flwr][INFO] - 	       [  37,    1,    2,    3,    0,  918,    0,   15,    0,    6],
[2024-06-21 14:09:57,713][flwr][INFO] - 	       [  15,   16,    4,    4,   33,   16,  760,   11,   10,   23],
[2024-06-21 14:09:57,713][flwr][INFO] - 	       [   0,   11,    3,    3,    1,   10,   23,  903,    1,    3],
[2024-06-21 14:09:57,713][flwr][INFO] - 	       [  46,    1,   16,   21,    3,    7,    0,    0,  931,    3],
[2024-06-21 14:09:57,713][flwr][INFO] - 	       [  23,    4,   13,    9,   28,   11,   23,   15,    6,  842],
[2024-06-21 14:09:57,713][flwr][INFO] - 	       [ 917,    6,    6,    1,    9,   46,    5,    3,    6,   10]])),
[2024-06-21 14:09:57,713][flwr][INFO] - 	                      (6,
[2024-06-21 14:09:57,713][flwr][INFO] - 	                       array([[   0,  959,    0,    0,    1,    0,    2,   10,    1,    7],
[2024-06-21 14:09:57,713][flwr][INFO] - 	       [   0,    0, 1110,    2,    3,    1,    0,    4,    0,   15],
[2024-06-21 14:09:57,713][flwr][INFO] - 	       [   3,   14,    7,  915,   10,   19,    1,   16,   11,   36],
[2024-06-21 14:09:57,713][flwr][INFO] - 	       [   5,    3,    2,   20,  896,    0,   27,    2,   12,   43],
[2024-06-21 14:09:57,713][flwr][INFO] - 	       [  22,    1,    0,    3,    0,  944,    0,    8,    0,    4],
[2024-06-21 14:09:57,713][flwr][INFO] - 	       [   5,   14,    4,    4,   23,   24,  769,   13,    6,   30],
[2024-06-21 14:09:57,713][flwr][INFO] - 	       [   0,   12,    3,    2,    0,   14,   14,  910,    0,    3],
[2024-06-21 14:09:57,713][flwr][INFO] - 	       [  61,    1,   17,   28,    3,   11,    0,    1,  901,    5],
[2024-06-21 14:09:57,713][flwr][INFO] - 	       [  16,    8,    9,    3,   11,   16,   12,   12,    6,  881],
[2024-06-21 14:09:57,713][flwr][INFO] - 	       [ 902,   11,    7,    1,    4,   61,    3,    3,    4,   13]])),
[2024-06-21 14:09:57,714][flwr][INFO] - 	                      (7,
[2024-06-21 14:09:57,714][flwr][INFO] - 	                       array([[   0,  965,    0,    0,    1,    0,    1,    5,    1,    7],
[2024-06-21 14:09:57,714][flwr][INFO] - 	       [   1,    0, 1107,    3,    2,    1,    0,    3,    0,   18],
[2024-06-21 14:09:57,714][flwr][INFO] - 	       [   4,   15,    7,  900,   12,   20,    1,   15,   22,   36],
[2024-06-21 14:09:57,714][flwr][INFO] - 	       [   8,    2,    0,   17,  891,    0,   27,    1,   24,   40],
[2024-06-21 14:09:57,714][flwr][INFO] - 	       [  37,    1,    0,    2,    0,  919,    0,   13,    1,    9],
[2024-06-21 14:09:57,714][flwr][INFO] - 	       [   7,   14,    2,    2,   19,   12,  787,   17,    8,   24],
[2024-06-21 14:09:57,714][flwr][INFO] - 	       [   0,   14,    3,    2,    0,   17,   16,  901,    1,    4],
[2024-06-21 14:09:57,714][flwr][INFO] - 	       [  41,    2,   10,   17,    2,    7,    0,    0,  946,    3],
[2024-06-21 14:09:57,714][flwr][INFO] - 	       [  12,    8,    5,    0,   10,    6,   16,   11,    7,  899],
[2024-06-21 14:09:57,714][flwr][INFO] - 	       [ 918,   11,    4,    0,    2,   47,    8,    1,    6,   12]])),
[2024-06-21 14:09:57,714][flwr][INFO] - 	                      (8,
[2024-06-21 14:09:57,714][flwr][INFO] - 	                       array([[   2,  958,    0,    0,    1,    0,    4,    8,    2,    5],
[2024-06-21 14:09:57,714][flwr][INFO] - 	       [   1,    0, 1113,    3,    3,    1,    0,    3,    0,   11],
[2024-06-21 14:09:57,714][flwr][INFO] - 	       [   4,   13,    8,  909,   21,   17,    0,   17,   14,   29],
[2024-06-21 14:09:57,714][flwr][INFO] - 	       [  12,    3,    0,    7,  915,    0,   30,    2,   12,   29],
[2024-06-21 14:09:57,714][flwr][INFO] - 	       [  34,    1,    0,    2,    0,  920,    0,   19,    1,    5],
[2024-06-21 14:09:57,714][flwr][INFO] - 	       [   7,    9,    2,    1,   17,    7,  814,   16,    5,   14],
[2024-06-21 14:09:57,714][flwr][INFO] - 	       [   0,   10,    3,    0,    0,    9,   12,  920,    0,    4],
[2024-06-21 14:09:57,714][flwr][INFO] - 	       [  42,    2,   12,   19,    7,    6,    0,    0,  939,    1],
[2024-06-21 14:09:57,714][flwr][INFO] - 	       [  12,    4,    7,    0,   16,    7,   13,   11,    5,  899],
[2024-06-21 14:09:57,714][flwr][INFO] - 	       [ 934,    5,    6,    0,    7,   36,    5,    1,    5,   10]])),
[2024-06-21 14:09:57,714][flwr][INFO] - 	                      (9,
[2024-06-21 14:09:57,714][flwr][INFO] - 	                       array([[   5,  951,    0,    0,    1,    2,    2,   10,    2,    7],
[2024-06-21 14:09:57,714][flwr][INFO] - 	       [   0,    0, 1113,    3,    2,    1,    0,    3,    0,   13],
[2024-06-21 14:09:57,714][flwr][INFO] - 	       [   3,   10,    3,  925,   11,   18,    1,   11,   21,   29],
[2024-06-21 14:09:57,714][flwr][INFO] - 	       [   7,    3,    2,   11,  903,    1,   16,    3,   24,   40],
[2024-06-21 14:09:57,714][flwr][INFO] - 	       [  62,    1,    1,    2,    0,  899,    0,   10,    1,    6],
[2024-06-21 14:09:57,714][flwr][INFO] - 	       [  14,   11,    2,    1,   29,   14,  768,   15,    5,   33],
[2024-06-21 14:09:57,714][flwr][INFO] - 	       [   0,    8,    3,    2,    1,   15,    9,  915,    0,    5],
[2024-06-21 14:09:57,714][flwr][INFO] - 	       [  37,    0,    7,   13,    3,    7,    0,    0,  957,    4],
[2024-06-21 14:09:57,714][flwr][INFO] - 	       [  13,    3,    4,    0,   12,    7,    6,   11,    8,  910],
[2024-06-21 14:09:57,714][flwr][INFO] - 	       [ 957,    4,    6,    0,    4,   15,    0,    1,    6,   16]])),
[2024-06-21 14:09:57,714][flwr][INFO] - 	                      (10,
[2024-06-21 14:09:57,714][flwr][INFO] - 	                       array([[   1,  951,    0,    0,    1,    0,    7,   10,    1,    9],
[2024-06-21 14:09:57,714][flwr][INFO] - 	       [   0,    0, 1109,    3,    1,    1,    0,    3,    0,   18],
[2024-06-21 14:09:57,714][flwr][INFO] - 	       [   0,    6,    3,  948,   12,    7,    2,    6,   16,   32],
[2024-06-21 14:09:57,714][flwr][INFO] - 	       [   7,    2,    0,   11,  896,    0,   27,    0,   21,   46],
[2024-06-21 14:09:57,714][flwr][INFO] - 	       [  41,    1,    0,    5,    0,  912,    0,   13,    1,    9],
[2024-06-21 14:09:57,714][flwr][INFO] - 	       [   6,    8,    1,    2,   10,    5,  830,    7,    4,   19],
[2024-06-21 14:09:57,714][flwr][INFO] - 	       [   0,    7,    3,    1,    0,    7,   31,  901,    0,    8],
[2024-06-21 14:09:57,714][flwr][INFO] - 	       [  26,    0,   12,   13,    4,    4,    1,    0,  962,    6],
[2024-06-21 14:09:57,714][flwr][INFO] - 	       [   4,    4,    3,    2,    7,    7,   14,    5,    7,  921],
[2024-06-21 14:09:57,714][flwr][INFO] - 	       [ 929,    4,    6,    0,    3,   33,    0,    1,    6,   27]]))],
[2024-06-21 14:09:57,714][flwr][INFO] - 	 'f1': [(0, 0.03553137346181725),
[2024-06-21 14:09:57,714][flwr][INFO] - 	        (1, 0.013807486162819623),
[2024-06-21 14:09:57,714][flwr][INFO] - 	        (2, 0.014267684646289974),
[2024-06-21 14:09:57,714][flwr][INFO] - 	        (3, 0.013853391471316487),
[2024-06-21 14:09:57,714][flwr][INFO] - 	        (4, 0.010015274261494213),
[2024-06-21 14:09:57,714][flwr][INFO] - 	        (5, 0.008451694777529233),
[2024-06-21 14:09:57,715][flwr][INFO] - 	        (6, 0.008348754023262893),
[2024-06-21 14:09:57,715][flwr][INFO] - 	        (7, 0.007088703221742375),
[2024-06-21 14:09:57,715][flwr][INFO] - 	        (8, 0.005084418278059263),
[2024-06-21 14:09:57,715][flwr][INFO] - 	        (9, 0.006539153026609273),
[2024-06-21 14:09:57,715][flwr][INFO] - 	        (10, 0.008425506204559636)],
[2024-06-21 14:09:57,715][flwr][INFO] - 	 'precision': [(0, 0.12349967530374152),
[2024-06-21 14:09:57,715][flwr][INFO] - 	               (1, 0.01483095818426655),
[2024-06-21 14:09:57,715][flwr][INFO] - 	               (2, 0.014461450266469408),
[2024-06-21 14:09:57,715][flwr][INFO] - 	               (3, 0.013790439804454468),
[2024-06-21 14:09:57,715][flwr][INFO] - 	               (4, 0.010029439963836522),
[2024-06-21 14:09:57,715][flwr][INFO] - 	               (5, 0.008549040926542434),
[2024-06-21 14:09:57,715][flwr][INFO] - 	               (6, 0.008263524377021436),
[2024-06-21 14:09:57,715][flwr][INFO] - 	               (7, 0.007108483624850604),
[2024-06-21 14:09:57,715][flwr][INFO] - 	               (8, 0.005084920673338233),
[2024-06-21 14:09:57,715][flwr][INFO] - 	               (9, 0.006508834187532308),
[2024-06-21 14:09:57,715][flwr][INFO] - 	               (10, 0.008367877904005073)],
[2024-06-21 14:09:57,715][flwr][INFO] - 	 'recall': [(0, 0.1086),
[2024-06-21 14:09:57,715][flwr][INFO] - 	            (1, 0.0146),
[2024-06-21 14:09:57,715][flwr][INFO] - 	            (2, 0.0142),
[2024-06-21 14:09:57,715][flwr][INFO] - 	            (3, 0.014),
[2024-06-21 14:09:57,715][flwr][INFO] - 	            (4, 0.0101),
[2024-06-21 14:09:57,715][flwr][INFO] - 	            (5, 0.0084),
[2024-06-21 14:09:57,715][flwr][INFO] - 	            (6, 0.0085),
[2024-06-21 14:09:57,715][flwr][INFO] - 	            (7, 0.0071),
[2024-06-21 14:09:57,715][flwr][INFO] - 	            (8, 0.0051),
[2024-06-21 14:09:57,715][flwr][INFO] - 	            (9, 0.0066),
[2024-06-21 14:09:57,715][flwr][INFO] - 	            (10, 0.0085)]}
[2024-06-21 14:09:57,715][flwr][INFO] - 
