[2024-06-20 18:50:42,397][flwr][INFO] - Starting Flower simulation, config: num_rounds=10, no round_timeout
[2024-06-20 18:50:43,198][flwr][INFO] - Flower VCE: Ray initialized with resources: {'memory': 10504742503.0, 'node:__internal_head__': 1.0, 'CPU': 12.0, 'node:127.0.0.1': 1.0, 'object_store_memory': 2147483648.0}
[2024-06-20 18:50:43,198][flwr][INFO] - Optimize your simulation with Flower VCE: https://flower.ai/docs/framework/how-to-run-simulations.html
[2024-06-20 18:50:43,198][flwr][INFO] - Flower VCE: Resources for each Virtual Client: {'num_cpus': 2, 'num_gpus': 0}
[2024-06-20 18:50:43,204][flwr][INFO] - Flower VCE: Creating VirtualClientEngineActorPool with 6 actors
[2024-06-20 18:50:43,204][flwr][INFO] - [INIT]
[2024-06-20 18:50:43,204][flwr][INFO] - Requesting initial parameters from one random client
[2024-06-20 18:50:44,583][flwr][INFO] - Received initial parameters from one random client
[2024-06-20 18:50:44,583][flwr][INFO] - Evaluating initial global parameters
[2024-06-20 18:50:44,895][flwr][INFO] - initial parameters (loss, other metrics): 181.76928067207336, {'accuracy': 0.1086, 'precision': 0.12349967530374152, 'recall': 0.1086, 'f1': 0.03553137346181725, 'confusion_matrix': array([[   0,    8,    0,  956,    0,    1,    0,   15,    0,    0],
       [   0,  122,    0, 1013,    0,    0,    0,    0,    0,    0],
       [   0,   38,    0,  971,    0,    0,    3,   19,    1,    0],
       [   0,   44,    0,  945,    1,    1,    0,   17,    2,    0],
       [   0,  143,    0,  816,    1,    0,    2,   20,    0,    0],
       [   0,  118,    0,  735,    1,    7,    0,   30,    1,    0],
       [   0,  144,    0,  749,   25,    0,    2,   38,    0,    0],
       [   0,  272,    0,  724,    8,    0,    0,    9,   15,    0],
       [   0,   81,    0,  859,    1,    0,    1,   32,    0,    0],
       [   0,  178,    0,  799,    1,    0,    0,   31,    0,    0]])}
[2024-06-20 18:50:44,895][flwr][INFO] - 
[2024-06-20 18:50:44,895][flwr][INFO] - [ROUND 1]
[2024-06-20 18:50:44,895][flwr][INFO] - configure_fit: strategy sampled 10 clients (out of 100)
[2024-06-20 18:50:50,601][flwr][INFO] - aggregate_fit: received 10 results and 0 failures
[2024-06-20 18:50:50,606][flwr][WARNING] - No fit_metrics_aggregation_fn provided
[2024-06-20 18:50:50,912][flwr][INFO] - fit progress: (1, 2964.3324966430664, {'accuracy': 0.0694, 'precision': 0.11978069808912614, 'recall': 0.0694, 'f1': 0.05815095364687149, 'confusion_matrix': array([[204, 625,   4,  42,   7,   3,   0,  32,   3,  60],
       [145, 198,   0, 368,   3,   0,   0, 238,   5, 178],
       [ 25, 859,   7,  82,  23,   0,   0,   3,   0,  33],
       [257, 253,   0, 213, 241,   2,   0,  21,   1,  22],
       [ 27, 906,   0,  22,   0,   0,   0,   8,   0,  19],
       [148, 485,   1, 144,  58,   0,   0,  21,   2,  33],
       [ 15, 846,   0,   4,  13,   0,   0,   2,   0,  78],
       [ 82, 751,   0, 106,   8,   1,   0,  52,   1,  27],
       [ 51, 742,   0,  71,  58,   0,   0,  31,   0,  21],
       [ 20, 887,   0,  28,   1,   0,   0,  53,   0,  20]])}, 6.019044708)
[2024-06-20 18:50:50,913][flwr][INFO] - configure_evaluate: no clients selected, skipping evaluation
[2024-06-20 18:50:50,913][flwr][INFO] - 
[2024-06-20 18:50:50,913][flwr][INFO] - [ROUND 2]
[2024-06-20 18:50:50,913][flwr][INFO] - configure_fit: strategy sampled 10 clients (out of 100)
[2024-06-20 18:50:55,121][flwr][INFO] - aggregate_fit: received 10 results and 0 failures
[2024-06-20 18:50:55,445][flwr][INFO] - fit progress: (2, 2966.3573112487793, {'accuracy': 0.2087, 'precision': 0.21867968741475938, 'recall': 0.2087, 'f1': 0.14482786922394453, 'confusion_matrix': array([[124,  12, 110, 145,   3,  35,   4, 235, 109, 203],
       [  0,   2, 765, 112,   0,   9,   0,   0,   0, 247],
       [ 21,  16, 570, 257,   2,  23,   3,  53,   6,  81],
       [  6,  13, 132, 638,   7,  11,   5,  27,  19, 152],
       [ 37,  47, 404,   8,  11,  74,   0,  19,   9, 373],
       [ 17,  30, 125, 225,   5,  74,   2,  60,  58, 296],
       [ 47,  85, 200,  18,  29, 220,  25,  17,  51, 266],
       [ 10,   5, 224,  83,   0,  35,   0,  13,   0, 658],
       [ 14,   6, 254, 331,   2,  22,   1,  24,  31, 289],
       [ 12,  14, 244,  37,   2,  82,   0,  13,   6, 599]])}, 10.552737333)
[2024-06-20 18:50:55,445][flwr][INFO] - configure_evaluate: no clients selected, skipping evaluation
[2024-06-20 18:50:55,445][flwr][INFO] - 
[2024-06-20 18:50:55,445][flwr][INFO] - [ROUND 3]
[2024-06-20 18:50:55,446][flwr][INFO] - configure_fit: strategy sampled 10 clients (out of 100)
[2024-06-20 18:50:59,573][flwr][INFO] - aggregate_fit: received 10 results and 0 failures
[2024-06-20 18:50:59,902][flwr][INFO] - fit progress: (3, 5125.901306152344, {'accuracy': 0.2866, 'precision': 0.3534343712345917, 'recall': 0.2866, 'f1': 0.23676478003497145, 'confusion_matrix': array([[718,   7,   0,   3,   1,   1,  51, 182,  17,   0],
       [349, 369, 154,   4,   0,  15,  70, 163,  11,   0],
       [295,  34,  23,  22,  12,   2, 361, 272,   9,   2],
       [353,  20,  14, 415,   4,   3,  20, 126,  49,   6],
       [416,  53,   0,   7,  28,   8, 188, 244,  22,  16],
       [528,  24,   2,  64,   4,  11,  36, 195,  13,  15],
       [163,   6,   0,   5,   0,   1, 690,  66,  26,   1],
       [315,  20,   1, 109,   4,  16,  28, 515,  14,   6],
       [487,  24,   3,  14,   1,   4,  30, 357,  48,   6],
       [393,  68,   2,  29,   6,  10,  44, 399,   9,  49]])}, 15.010982416000001)
[2024-06-20 18:50:59,903][flwr][INFO] - configure_evaluate: no clients selected, skipping evaluation
[2024-06-20 18:50:59,903][flwr][INFO] - 
[2024-06-20 18:50:59,903][flwr][INFO] - [ROUND 4]
[2024-06-20 18:50:59,903][flwr][INFO] - configure_fit: strategy sampled 10 clients (out of 100)
[2024-06-20 18:54:34,010][flwr][INFO] - aggregate_fit: received 10 results and 0 failures
[2024-06-20 18:54:34,409][flwr][INFO] - fit progress: (4, 5159.580615997314, {'accuracy': 0.3771, 'precision': 0.4304939375832036, 'recall': 0.3771, 'f1': 0.3548284280695356, 'confusion_matrix': array([[811,   1,   4,   1,   0,  44,  68,   7,  14,  30],
       [107, 597,  38,   1,   4,  27,  60,  29, 136, 136],
       [ 81,  28, 132,  58,  69,  71, 322,  10, 172,  89],
       [ 57,  14,  20, 368, 102,  74,  38,  39, 192, 106],
       [340,  18,   3,   6,  99,  51,  95,  19,  53, 298],
       [375,  11,   9,  27,  17, 164,  44,   9,  90, 146],
       [100,   5,   4,   4,  23, 135, 608,   5,  23,  51],
       [206,  46,  30,  22,   4, 161,  34, 163,  66, 296],
       [299,  20,   5,  40,  26,  45,  77,  41, 234, 187],
       [177,  14,   2,  10,  19,  42,  35,  47,  68, 595]])}, 20.587185583)
[2024-06-20 18:54:34,409][flwr][INFO] - configure_evaluate: no clients selected, skipping evaluation
[2024-06-20 18:54:34,409][flwr][INFO] - 
[2024-06-20 18:54:34,409][flwr][INFO] - [ROUND 5]
[2024-06-20 18:54:34,410][flwr][INFO] - configure_fit: strategy sampled 10 clients (out of 100)
[2024-06-20 18:54:40,972][flwr][INFO] - aggregate_fit: received 10 results and 0 failures
[2024-06-20 18:54:41,293][flwr][INFO] - fit progress: (5, 7599.356845855713, {'accuracy': 0.3814, 'precision': 0.4365258176161383, 'recall': 0.3814, 'f1': 0.37556396836435346, 'confusion_matrix': array([[232,  14, 183,  65, 287,  16,  74,  34,  65,  10],
       [  0, 703, 334,   0,   3,  19,  19,  30,  24,   3],
       [  0,  87, 683,  84,  75,  13,  24,   9,  55,   2],
       [  2,  29, 190, 490,  79,  16,  15,  17, 160,  12],
       [ 15,  88, 244,  15, 382,  54, 111,  27,  17,  29],
       [ 51,  49, 180, 136, 107, 167,  14,  52, 111,  25],
       [  7,  15, 259,   9, 329,  62, 256,  10,   8,   3],
       [ 28,  62, 379,  13,  23,  18,  18, 339,  75,  73],
       [ 42,  55, 185,  66,  51,  42,  32,  74, 412,  15],
       [ 12, 108, 162,  28, 235,  34, 106,  84,  90, 150]])}, 27.471944)
[2024-06-20 18:54:41,293][flwr][INFO] - configure_evaluate: no clients selected, skipping evaluation
[2024-06-20 18:54:41,293][flwr][INFO] - 
[2024-06-20 18:54:41,293][flwr][INFO] - [ROUND 6]
[2024-06-20 18:54:41,294][flwr][INFO] - configure_fit: strategy sampled 10 clients (out of 100)
[2024-06-20 18:54:47,683][flwr][INFO] - aggregate_fit: received 10 results and 0 failures
[2024-06-20 18:54:48,062][flwr][INFO] - fit progress: (6, 11001.396202087402, {'accuracy': 0.385, 'precision': 0.4829956619139114, 'recall': 0.385, 'f1': 0.400152466498731, 'confusion_matrix': array([[465,   4,  15,  21,  79,  17,  15,  39,  31, 294],
       [  5, 426,  40,  13,   0,  15,   9, 182,  11, 434],
       [ 11,  21, 358, 150,  60,  27,  19,  51,  40, 295],
       [  9,  14,  24, 393,  13, 119,  10,  57, 142, 229],
       [ 14,  68,  40,  23, 187,  24,  49, 117,  38, 422],
       [ 45,  16,  20,  45,  14, 163,  15,  91, 167, 316],
       [ 33,   8,  40,  17, 224,  39, 373,  81,  23, 120],
       [  2,  30,  45,   6,   8,  11,   3, 597,  32, 294],
       [ 29,   6,  28,  33,  10,  80,  10,  97, 262, 419],
       [  3,  30,  16,  16,  40,  36,  14, 182,  46, 626]])}, 34.241787374999994)
[2024-06-20 18:54:48,063][flwr][INFO] - configure_evaluate: no clients selected, skipping evaluation
[2024-06-20 18:54:48,063][flwr][INFO] - 
[2024-06-20 18:54:48,063][flwr][INFO] - [ROUND 7]
[2024-06-20 18:54:48,063][flwr][INFO] - configure_fit: strategy sampled 10 clients (out of 100)
[2024-06-20 18:54:55,107][flwr][INFO] - aggregate_fit: received 10 results and 0 failures
[2024-06-20 18:54:55,477][flwr][INFO] - fit progress: (7, 15542.225624084473, {'accuracy': 0.4133, 'precision': 0.4949035321084998, 'recall': 0.4133, 'f1': 0.4108974414961771, 'confusion_matrix': array([[556,   5,   6,  99,  44,  11,  35,   4,  19, 201],
       [197, 264,   6, 204, 210,   6,   4,  12,  38, 194],
       [ 26,  10, 358, 228,  73,  21, 126,  22,  67, 101],
       [ 41,  11,  28, 518,  52,  97,  19,  21,  83, 140],
       [ 57,  23,  29,  30, 377,  22, 213,   6,  60, 165],
       [190,   7,  10,  84,  32, 225,  49,  12, 111, 172],
       [ 42,   3,  20,  23,  68,  27, 729,   4,  10,  32],
       [ 28,  18,  14,  32,  37,  45,  22, 275,  38, 519],
       [114,   4,  22,  86,  61,  92,  29,  14, 307, 245],
       [ 35,   7,  14,  30, 240,  39,  40,   9,  71, 524]])}, 41.656614583)
[2024-06-20 18:54:55,477][flwr][INFO] - configure_evaluate: no clients selected, skipping evaluation
[2024-06-20 18:54:55,477][flwr][INFO] - 
[2024-06-20 18:54:55,477][flwr][INFO] - [ROUND 8]
[2024-06-20 18:54:55,478][flwr][INFO] - configure_fit: strategy sampled 10 clients (out of 100)
[2024-06-20 18:55:01,756][flwr][INFO] - aggregate_fit: received 10 results and 0 failures
[2024-06-20 18:55:02,099][flwr][INFO] - fit progress: (8, 19215.074584960938, {'accuracy': 0.48, 'precision': 0.48321065921118217, 'recall': 0.48, 'f1': 0.46505541477431744, 'confusion_matrix': array([[ 642,   10,   11,   26,   63,   73,   87,   21,   17,   30],
       [  61, 1020,    1,    0,   25,    3,    9,    5,    7,    4],
       [  53,   73,  488,   60,   45,   15,  106,   67,   99,   26],
       [ 109,   36,   82,  246,   63,  173,   29,   30,  170,   72],
       [  72,   73,   45,   21,  248,   39,  321,   33,   37,   93],
       [ 231,   32,   10,   40,   45,  329,   40,   29,   83,   53],
       [  62,   25,   35,    3,   54,   50,  699,   19,    4,    7],
       [  46,   96,   17,    9,   25,   21,   40,  534,   53,  187],
       [ 182,   46,   34,   14,   48,  132,  104,   89,  240,   85],
       [  99,   49,   35,   14,  162,   29,  141,   39,   87,  354]])}, 48.279106833)
[2024-06-20 18:55:02,099][flwr][INFO] - configure_evaluate: no clients selected, skipping evaluation
[2024-06-20 18:55:02,099][flwr][INFO] - 
[2024-06-20 18:55:02,099][flwr][INFO] - [ROUND 9]
[2024-06-20 18:55:02,100][flwr][INFO] - configure_fit: strategy sampled 10 clients (out of 100)
[2024-06-20 18:55:07,237][flwr][INFO] - aggregate_fit: received 10 results and 0 failures
[2024-06-20 18:55:07,585][flwr][INFO] - fit progress: (9, 25587.50328063965, {'accuracy': 0.5227, 'precision': 0.5161037703491864, 'recall': 0.5227, 'f1': 0.5135733985018212, 'confusion_matrix': array([[605,   8,  26,  14,  31, 109,  38,  56,  57,  36],
       [  9, 983,   8,   2,  34,   9,  16,  11,  47,  16],
       [ 29,  48, 467,  91,  22,  26, 123,  31, 138,  57],
       [ 32,  30,  23, 585,  26,  69,  22,  65,  90,  68],
       [ 35,  65,  50,  45, 309,  47, 183,  31,  45, 172],
       [114,  37,  48, 144,  44, 283,  33,  54,  55,  80],
       [ 32,  28,  34,   3,  45,  64, 698,  16,   5,  33],
       [ 10,  71,  37,  17,  15,  24,  18, 472,  67, 297],
       [ 61,  72, 116,  70,  43, 163,  44,  77, 252,  76],
       [ 22,  45,  35,  53,  94,  38,  51,  53,  45, 573]])}, 53.765691790999995)
[2024-06-20 18:55:07,586][flwr][INFO] - configure_evaluate: no clients selected, skipping evaluation
[2024-06-20 18:55:07,586][flwr][INFO] - 
[2024-06-20 18:55:07,586][flwr][INFO] - [ROUND 10]
[2024-06-20 18:55:07,586][flwr][INFO] - configure_fit: strategy sampled 10 clients (out of 100)
[2024-06-20 18:55:12,047][flwr][INFO] - aggregate_fit: received 10 results and 0 failures
[2024-06-20 18:55:12,470][flwr][INFO] - fit progress: (10, 39510.63722229004, {'accuracy': 0.4863, 'precision': 0.5177195587020147, 'recall': 0.4863, 'f1': 0.4836571962713172, 'confusion_matrix': array([[631,   4,  14,   9,  62, 113,  87,  22,  26,  12],
       [  8, 894,   7,   1,  63,  11,  29,  10,  22,  90],
       [ 40,  60, 329,  58,  54,  61, 222,  38, 102,  68],
       [ 62,  30,  23, 371,  74, 230,  40,  61,  80,  39],
       [ 42,  37,   5,  16, 472,  99, 177,  30,  31,  73],
       [ 91,  25,  21,  54,  58, 456,  40,  41,  52,  54],
       [ 43,  16,  11,   3, 112,  87, 663,   7,   3,  13],
       [ 22,  85,  11,  13,  52,  62,  28, 452,  52, 251],
       [ 53,  39,  48,  24,  60, 292,  60,  62, 260,  76],
       [ 41,  34,  14,  26, 271, 134,  67,  36,  51, 335]])}, 58.651109999999996)
[2024-06-20 18:55:12,471][flwr][INFO] - configure_evaluate: no clients selected, skipping evaluation
[2024-06-20 18:55:12,471][flwr][INFO] - 
[2024-06-20 18:55:12,471][flwr][INFO] - [SUMMARY]
[2024-06-20 18:55:12,471][flwr][INFO] - Run finished 10 round(s) in 58.65s
[2024-06-20 18:55:12,474][flwr][INFO] - 	History (loss, centralized):
[2024-06-20 18:55:12,476][flwr][INFO] - 		round 0: 181.76928067207336
[2024-06-20 18:55:12,476][flwr][INFO] - 		round 1: 2964.3324966430664
[2024-06-20 18:55:12,476][flwr][INFO] - 		round 2: 2966.3573112487793
[2024-06-20 18:55:12,476][flwr][INFO] - 		round 3: 5125.901306152344
[2024-06-20 18:55:12,476][flwr][INFO] - 		round 4: 5159.580615997314
[2024-06-20 18:55:12,476][flwr][INFO] - 		round 5: 7599.356845855713
[2024-06-20 18:55:12,476][flwr][INFO] - 		round 6: 11001.396202087402
[2024-06-20 18:55:12,476][flwr][INFO] - 		round 7: 15542.225624084473
[2024-06-20 18:55:12,476][flwr][INFO] - 		round 8: 19215.074584960938
[2024-06-20 18:55:12,476][flwr][INFO] - 		round 9: 25587.50328063965
[2024-06-20 18:55:12,476][flwr][INFO] - 		round 10: 39510.63722229004
[2024-06-20 18:55:12,476][flwr][INFO] - 	History (metrics, centralized):
[2024-06-20 18:55:12,476][flwr][INFO] - 	{'accuracy': [(0, 0.1086),
[2024-06-20 18:55:12,476][flwr][INFO] - 	              (1, 0.0694),
[2024-06-20 18:55:12,476][flwr][INFO] - 	              (2, 0.2087),
[2024-06-20 18:55:12,476][flwr][INFO] - 	              (3, 0.2866),
[2024-06-20 18:55:12,476][flwr][INFO] - 	              (4, 0.3771),
[2024-06-20 18:55:12,476][flwr][INFO] - 	              (5, 0.3814),
[2024-06-20 18:55:12,476][flwr][INFO] - 	              (6, 0.385),
[2024-06-20 18:55:12,476][flwr][INFO] - 	              (7, 0.4133),
[2024-06-20 18:55:12,476][flwr][INFO] - 	              (8, 0.48),
[2024-06-20 18:55:12,476][flwr][INFO] - 	              (9, 0.5227),
[2024-06-20 18:55:12,476][flwr][INFO] - 	              (10, 0.4863)],
[2024-06-20 18:55:12,476][flwr][INFO] - 	 'confusion_matrix': [(0,
[2024-06-20 18:55:12,476][flwr][INFO] - 	                       array([[   0,    8,    0,  956,    0,    1,    0,   15,    0,    0],
[2024-06-20 18:55:12,476][flwr][INFO] - 	       [   0,  122,    0, 1013,    0,    0,    0,    0,    0,    0],
[2024-06-20 18:55:12,476][flwr][INFO] - 	       [   0,   38,    0,  971,    0,    0,    3,   19,    1,    0],
[2024-06-20 18:55:12,476][flwr][INFO] - 	       [   0,   44,    0,  945,    1,    1,    0,   17,    2,    0],
[2024-06-20 18:55:12,476][flwr][INFO] - 	       [   0,  143,    0,  816,    1,    0,    2,   20,    0,    0],
[2024-06-20 18:55:12,476][flwr][INFO] - 	       [   0,  118,    0,  735,    1,    7,    0,   30,    1,    0],
[2024-06-20 18:55:12,476][flwr][INFO] - 	       [   0,  144,    0,  749,   25,    0,    2,   38,    0,    0],
[2024-06-20 18:55:12,476][flwr][INFO] - 	       [   0,  272,    0,  724,    8,    0,    0,    9,   15,    0],
[2024-06-20 18:55:12,476][flwr][INFO] - 	       [   0,   81,    0,  859,    1,    0,    1,   32,    0,    0],
[2024-06-20 18:55:12,476][flwr][INFO] - 	       [   0,  178,    0,  799,    1,    0,    0,   31,    0,    0]])),
[2024-06-20 18:55:12,476][flwr][INFO] - 	                      (1,
[2024-06-20 18:55:12,476][flwr][INFO] - 	                       array([[204, 625,   4,  42,   7,   3,   0,  32,   3,  60],
[2024-06-20 18:55:12,476][flwr][INFO] - 	       [145, 198,   0, 368,   3,   0,   0, 238,   5, 178],
[2024-06-20 18:55:12,476][flwr][INFO] - 	       [ 25, 859,   7,  82,  23,   0,   0,   3,   0,  33],
[2024-06-20 18:55:12,476][flwr][INFO] - 	       [257, 253,   0, 213, 241,   2,   0,  21,   1,  22],
[2024-06-20 18:55:12,476][flwr][INFO] - 	       [ 27, 906,   0,  22,   0,   0,   0,   8,   0,  19],
[2024-06-20 18:55:12,476][flwr][INFO] - 	       [148, 485,   1, 144,  58,   0,   0,  21,   2,  33],
[2024-06-20 18:55:12,476][flwr][INFO] - 	       [ 15, 846,   0,   4,  13,   0,   0,   2,   0,  78],
[2024-06-20 18:55:12,476][flwr][INFO] - 	       [ 82, 751,   0, 106,   8,   1,   0,  52,   1,  27],
[2024-06-20 18:55:12,476][flwr][INFO] - 	       [ 51, 742,   0,  71,  58,   0,   0,  31,   0,  21],
[2024-06-20 18:55:12,477][flwr][INFO] - 	       [ 20, 887,   0,  28,   1,   0,   0,  53,   0,  20]])),
[2024-06-20 18:55:12,477][flwr][INFO] - 	                      (2,
[2024-06-20 18:55:12,477][flwr][INFO] - 	                       array([[124,  12, 110, 145,   3,  35,   4, 235, 109, 203],
[2024-06-20 18:55:12,477][flwr][INFO] - 	       [  0,   2, 765, 112,   0,   9,   0,   0,   0, 247],
[2024-06-20 18:55:12,477][flwr][INFO] - 	       [ 21,  16, 570, 257,   2,  23,   3,  53,   6,  81],
[2024-06-20 18:55:12,477][flwr][INFO] - 	       [  6,  13, 132, 638,   7,  11,   5,  27,  19, 152],
[2024-06-20 18:55:12,477][flwr][INFO] - 	       [ 37,  47, 404,   8,  11,  74,   0,  19,   9, 373],
[2024-06-20 18:55:12,477][flwr][INFO] - 	       [ 17,  30, 125, 225,   5,  74,   2,  60,  58, 296],
[2024-06-20 18:55:12,477][flwr][INFO] - 	       [ 47,  85, 200,  18,  29, 220,  25,  17,  51, 266],
[2024-06-20 18:55:12,477][flwr][INFO] - 	       [ 10,   5, 224,  83,   0,  35,   0,  13,   0, 658],
[2024-06-20 18:55:12,477][flwr][INFO] - 	       [ 14,   6, 254, 331,   2,  22,   1,  24,  31, 289],
[2024-06-20 18:55:12,477][flwr][INFO] - 	       [ 12,  14, 244,  37,   2,  82,   0,  13,   6, 599]])),
[2024-06-20 18:55:12,477][flwr][INFO] - 	                      (3,
[2024-06-20 18:55:12,477][flwr][INFO] - 	                       array([[718,   7,   0,   3,   1,   1,  51, 182,  17,   0],
[2024-06-20 18:55:12,477][flwr][INFO] - 	       [349, 369, 154,   4,   0,  15,  70, 163,  11,   0],
[2024-06-20 18:55:12,477][flwr][INFO] - 	       [295,  34,  23,  22,  12,   2, 361, 272,   9,   2],
[2024-06-20 18:55:12,477][flwr][INFO] - 	       [353,  20,  14, 415,   4,   3,  20, 126,  49,   6],
[2024-06-20 18:55:12,477][flwr][INFO] - 	       [416,  53,   0,   7,  28,   8, 188, 244,  22,  16],
[2024-06-20 18:55:12,477][flwr][INFO] - 	       [528,  24,   2,  64,   4,  11,  36, 195,  13,  15],
[2024-06-20 18:55:12,477][flwr][INFO] - 	       [163,   6,   0,   5,   0,   1, 690,  66,  26,   1],
[2024-06-20 18:55:12,477][flwr][INFO] - 	       [315,  20,   1, 109,   4,  16,  28, 515,  14,   6],
[2024-06-20 18:55:12,477][flwr][INFO] - 	       [487,  24,   3,  14,   1,   4,  30, 357,  48,   6],
[2024-06-20 18:55:12,477][flwr][INFO] - 	       [393,  68,   2,  29,   6,  10,  44, 399,   9,  49]])),
[2024-06-20 18:55:12,477][flwr][INFO] - 	                      (4,
[2024-06-20 18:55:12,477][flwr][INFO] - 	                       array([[811,   1,   4,   1,   0,  44,  68,   7,  14,  30],
[2024-06-20 18:55:12,477][flwr][INFO] - 	       [107, 597,  38,   1,   4,  27,  60,  29, 136, 136],
[2024-06-20 18:55:12,477][flwr][INFO] - 	       [ 81,  28, 132,  58,  69,  71, 322,  10, 172,  89],
[2024-06-20 18:55:12,477][flwr][INFO] - 	       [ 57,  14,  20, 368, 102,  74,  38,  39, 192, 106],
[2024-06-20 18:55:12,477][flwr][INFO] - 	       [340,  18,   3,   6,  99,  51,  95,  19,  53, 298],
[2024-06-20 18:55:12,477][flwr][INFO] - 	       [375,  11,   9,  27,  17, 164,  44,   9,  90, 146],
[2024-06-20 18:55:12,477][flwr][INFO] - 	       [100,   5,   4,   4,  23, 135, 608,   5,  23,  51],
[2024-06-20 18:55:12,477][flwr][INFO] - 	       [206,  46,  30,  22,   4, 161,  34, 163,  66, 296],
[2024-06-20 18:55:12,477][flwr][INFO] - 	       [299,  20,   5,  40,  26,  45,  77,  41, 234, 187],
[2024-06-20 18:55:12,477][flwr][INFO] - 	       [177,  14,   2,  10,  19,  42,  35,  47,  68, 595]])),
[2024-06-20 18:55:12,477][flwr][INFO] - 	                      (5,
[2024-06-20 18:55:12,477][flwr][INFO] - 	                       array([[232,  14, 183,  65, 287,  16,  74,  34,  65,  10],
[2024-06-20 18:55:12,477][flwr][INFO] - 	       [  0, 703, 334,   0,   3,  19,  19,  30,  24,   3],
[2024-06-20 18:55:12,477][flwr][INFO] - 	       [  0,  87, 683,  84,  75,  13,  24,   9,  55,   2],
[2024-06-20 18:55:12,477][flwr][INFO] - 	       [  2,  29, 190, 490,  79,  16,  15,  17, 160,  12],
[2024-06-20 18:55:12,477][flwr][INFO] - 	       [ 15,  88, 244,  15, 382,  54, 111,  27,  17,  29],
[2024-06-20 18:55:12,477][flwr][INFO] - 	       [ 51,  49, 180, 136, 107, 167,  14,  52, 111,  25],
[2024-06-20 18:55:12,477][flwr][INFO] - 	       [  7,  15, 259,   9, 329,  62, 256,  10,   8,   3],
[2024-06-20 18:55:12,477][flwr][INFO] - 	       [ 28,  62, 379,  13,  23,  18,  18, 339,  75,  73],
[2024-06-20 18:55:12,477][flwr][INFO] - 	       [ 42,  55, 185,  66,  51,  42,  32,  74, 412,  15],
[2024-06-20 18:55:12,477][flwr][INFO] - 	       [ 12, 108, 162,  28, 235,  34, 106,  84,  90, 150]])),
[2024-06-20 18:55:12,477][flwr][INFO] - 	                      (6,
[2024-06-20 18:55:12,477][flwr][INFO] - 	                       array([[465,   4,  15,  21,  79,  17,  15,  39,  31, 294],
[2024-06-20 18:55:12,477][flwr][INFO] - 	       [  5, 426,  40,  13,   0,  15,   9, 182,  11, 434],
[2024-06-20 18:55:12,477][flwr][INFO] - 	       [ 11,  21, 358, 150,  60,  27,  19,  51,  40, 295],
[2024-06-20 18:55:12,477][flwr][INFO] - 	       [  9,  14,  24, 393,  13, 119,  10,  57, 142, 229],
[2024-06-20 18:55:12,477][flwr][INFO] - 	       [ 14,  68,  40,  23, 187,  24,  49, 117,  38, 422],
[2024-06-20 18:55:12,477][flwr][INFO] - 	       [ 45,  16,  20,  45,  14, 163,  15,  91, 167, 316],
[2024-06-20 18:55:12,477][flwr][INFO] - 	       [ 33,   8,  40,  17, 224,  39, 373,  81,  23, 120],
[2024-06-20 18:55:12,478][flwr][INFO] - 	       [  2,  30,  45,   6,   8,  11,   3, 597,  32, 294],
[2024-06-20 18:55:12,478][flwr][INFO] - 	       [ 29,   6,  28,  33,  10,  80,  10,  97, 262, 419],
[2024-06-20 18:55:12,478][flwr][INFO] - 	       [  3,  30,  16,  16,  40,  36,  14, 182,  46, 626]])),
[2024-06-20 18:55:12,478][flwr][INFO] - 	                      (7,
[2024-06-20 18:55:12,478][flwr][INFO] - 	                       array([[556,   5,   6,  99,  44,  11,  35,   4,  19, 201],
[2024-06-20 18:55:12,478][flwr][INFO] - 	       [197, 264,   6, 204, 210,   6,   4,  12,  38, 194],
[2024-06-20 18:55:12,478][flwr][INFO] - 	       [ 26,  10, 358, 228,  73,  21, 126,  22,  67, 101],
[2024-06-20 18:55:12,478][flwr][INFO] - 	       [ 41,  11,  28, 518,  52,  97,  19,  21,  83, 140],
[2024-06-20 18:55:12,478][flwr][INFO] - 	       [ 57,  23,  29,  30, 377,  22, 213,   6,  60, 165],
[2024-06-20 18:55:12,478][flwr][INFO] - 	       [190,   7,  10,  84,  32, 225,  49,  12, 111, 172],
[2024-06-20 18:55:12,478][flwr][INFO] - 	       [ 42,   3,  20,  23,  68,  27, 729,   4,  10,  32],
[2024-06-20 18:55:12,478][flwr][INFO] - 	       [ 28,  18,  14,  32,  37,  45,  22, 275,  38, 519],
[2024-06-20 18:55:12,478][flwr][INFO] - 	       [114,   4,  22,  86,  61,  92,  29,  14, 307, 245],
[2024-06-20 18:55:12,478][flwr][INFO] - 	       [ 35,   7,  14,  30, 240,  39,  40,   9,  71, 524]])),
[2024-06-20 18:55:12,478][flwr][INFO] - 	                      (8,
[2024-06-20 18:55:12,478][flwr][INFO] - 	                       array([[ 642,   10,   11,   26,   63,   73,   87,   21,   17,   30],
[2024-06-20 18:55:12,478][flwr][INFO] - 	       [  61, 1020,    1,    0,   25,    3,    9,    5,    7,    4],
[2024-06-20 18:55:12,478][flwr][INFO] - 	       [  53,   73,  488,   60,   45,   15,  106,   67,   99,   26],
[2024-06-20 18:55:12,478][flwr][INFO] - 	       [ 109,   36,   82,  246,   63,  173,   29,   30,  170,   72],
[2024-06-20 18:55:12,478][flwr][INFO] - 	       [  72,   73,   45,   21,  248,   39,  321,   33,   37,   93],
[2024-06-20 18:55:12,478][flwr][INFO] - 	       [ 231,   32,   10,   40,   45,  329,   40,   29,   83,   53],
[2024-06-20 18:55:12,478][flwr][INFO] - 	       [  62,   25,   35,    3,   54,   50,  699,   19,    4,    7],
[2024-06-20 18:55:12,478][flwr][INFO] - 	       [  46,   96,   17,    9,   25,   21,   40,  534,   53,  187],
[2024-06-20 18:55:12,478][flwr][INFO] - 	       [ 182,   46,   34,   14,   48,  132,  104,   89,  240,   85],
[2024-06-20 18:55:12,478][flwr][INFO] - 	       [  99,   49,   35,   14,  162,   29,  141,   39,   87,  354]])),
[2024-06-20 18:55:12,478][flwr][INFO] - 	                      (9,
[2024-06-20 18:55:12,478][flwr][INFO] - 	                       array([[605,   8,  26,  14,  31, 109,  38,  56,  57,  36],
[2024-06-20 18:55:12,478][flwr][INFO] - 	       [  9, 983,   8,   2,  34,   9,  16,  11,  47,  16],
[2024-06-20 18:55:12,478][flwr][INFO] - 	       [ 29,  48, 467,  91,  22,  26, 123,  31, 138,  57],
[2024-06-20 18:55:12,478][flwr][INFO] - 	       [ 32,  30,  23, 585,  26,  69,  22,  65,  90,  68],
[2024-06-20 18:55:12,478][flwr][INFO] - 	       [ 35,  65,  50,  45, 309,  47, 183,  31,  45, 172],
[2024-06-20 18:55:12,478][flwr][INFO] - 	       [114,  37,  48, 144,  44, 283,  33,  54,  55,  80],
[2024-06-20 18:55:12,478][flwr][INFO] - 	       [ 32,  28,  34,   3,  45,  64, 698,  16,   5,  33],
[2024-06-20 18:55:12,478][flwr][INFO] - 	       [ 10,  71,  37,  17,  15,  24,  18, 472,  67, 297],
[2024-06-20 18:55:12,478][flwr][INFO] - 	       [ 61,  72, 116,  70,  43, 163,  44,  77, 252,  76],
[2024-06-20 18:55:12,478][flwr][INFO] - 	       [ 22,  45,  35,  53,  94,  38,  51,  53,  45, 573]])),
[2024-06-20 18:55:12,478][flwr][INFO] - 	                      (10,
[2024-06-20 18:55:12,478][flwr][INFO] - 	                       array([[631,   4,  14,   9,  62, 113,  87,  22,  26,  12],
[2024-06-20 18:55:12,478][flwr][INFO] - 	       [  8, 894,   7,   1,  63,  11,  29,  10,  22,  90],
[2024-06-20 18:55:12,478][flwr][INFO] - 	       [ 40,  60, 329,  58,  54,  61, 222,  38, 102,  68],
[2024-06-20 18:55:12,478][flwr][INFO] - 	       [ 62,  30,  23, 371,  74, 230,  40,  61,  80,  39],
[2024-06-20 18:55:12,478][flwr][INFO] - 	       [ 42,  37,   5,  16, 472,  99, 177,  30,  31,  73],
[2024-06-20 18:55:12,478][flwr][INFO] - 	       [ 91,  25,  21,  54,  58, 456,  40,  41,  52,  54],
[2024-06-20 18:55:12,478][flwr][INFO] - 	       [ 43,  16,  11,   3, 112,  87, 663,   7,   3,  13],
[2024-06-20 18:55:12,478][flwr][INFO] - 	       [ 22,  85,  11,  13,  52,  62,  28, 452,  52, 251],
[2024-06-20 18:55:12,478][flwr][INFO] - 	       [ 53,  39,  48,  24,  60, 292,  60,  62, 260,  76],
[2024-06-20 18:55:12,478][flwr][INFO] - 	       [ 41,  34,  14,  26, 271, 134,  67,  36,  51, 335]]))],
[2024-06-20 18:55:12,479][flwr][INFO] - 	 'f1': [(0, 0.03553137346181725),
[2024-06-20 18:55:12,479][flwr][INFO] - 	        (1, 0.05815095364687149),
[2024-06-20 18:55:12,479][flwr][INFO] - 	        (2, 0.14482786922394453),
[2024-06-20 18:55:12,479][flwr][INFO] - 	        (3, 0.23676478003497145),
[2024-06-20 18:55:12,479][flwr][INFO] - 	        (4, 0.3548284280695356),
[2024-06-20 18:55:12,479][flwr][INFO] - 	        (5, 0.37556396836435346),
[2024-06-20 18:55:12,479][flwr][INFO] - 	        (6, 0.400152466498731),
[2024-06-20 18:55:12,479][flwr][INFO] - 	        (7, 0.4108974414961771),
[2024-06-20 18:55:12,479][flwr][INFO] - 	        (8, 0.46505541477431744),
[2024-06-20 18:55:12,479][flwr][INFO] - 	        (9, 0.5135733985018212),
[2024-06-20 18:55:12,479][flwr][INFO] - 	        (10, 0.4836571962713172)],
[2024-06-20 18:55:12,479][flwr][INFO] - 	 'precision': [(0, 0.12349967530374152),
[2024-06-20 18:55:12,479][flwr][INFO] - 	               (1, 0.11978069808912614),
[2024-06-20 18:55:12,479][flwr][INFO] - 	               (2, 0.21867968741475938),
[2024-06-20 18:55:12,479][flwr][INFO] - 	               (3, 0.3534343712345917),
[2024-06-20 18:55:12,479][flwr][INFO] - 	               (4, 0.4304939375832036),
[2024-06-20 18:55:12,479][flwr][INFO] - 	               (5, 0.4365258176161383),
[2024-06-20 18:55:12,479][flwr][INFO] - 	               (6, 0.4829956619139114),
[2024-06-20 18:55:12,479][flwr][INFO] - 	               (7, 0.4949035321084998),
[2024-06-20 18:55:12,479][flwr][INFO] - 	               (8, 0.48321065921118217),
[2024-06-20 18:55:12,479][flwr][INFO] - 	               (9, 0.5161037703491864),
[2024-06-20 18:55:12,479][flwr][INFO] - 	               (10, 0.5177195587020147)],
[2024-06-20 18:55:12,479][flwr][INFO] - 	 'recall': [(0, 0.1086),
[2024-06-20 18:55:12,479][flwr][INFO] - 	            (1, 0.0694),
[2024-06-20 18:55:12,479][flwr][INFO] - 	            (2, 0.2087),
[2024-06-20 18:55:12,479][flwr][INFO] - 	            (3, 0.2866),
[2024-06-20 18:55:12,479][flwr][INFO] - 	            (4, 0.3771),
[2024-06-20 18:55:12,479][flwr][INFO] - 	            (5, 0.3814),
[2024-06-20 18:55:12,479][flwr][INFO] - 	            (6, 0.385),
[2024-06-20 18:55:12,479][flwr][INFO] - 	            (7, 0.4133),
[2024-06-20 18:55:12,479][flwr][INFO] - 	            (8, 0.48),
[2024-06-20 18:55:12,479][flwr][INFO] - 	            (9, 0.5227),
[2024-06-20 18:55:12,479][flwr][INFO] - 	            (10, 0.4863)]}
[2024-06-20 18:55:12,479][flwr][INFO] - 
