[2024-06-21 12:24:18,620][flwr][INFO] - Starting Flower simulation, config: num_rounds=10, no round_timeout
[2024-06-21 12:24:20,678][flwr][INFO] - Flower VCE: Ray initialized with resources: {'node:__internal_head__': 1.0, 'node:127.0.0.1': 1.0, 'object_store_memory': 2147483648.0, 'CPU': 12.0, 'memory': 9241708135.0}
[2024-06-21 12:24:20,678][flwr][INFO] - Optimize your simulation with Flower VCE: https://flower.ai/docs/framework/how-to-run-simulations.html
[2024-06-21 12:24:20,678][flwr][INFO] - Flower VCE: Resources for each Virtual Client: {'num_cpus': 2, 'num_gpus': 0}
[2024-06-21 12:24:20,684][flwr][INFO] - Flower VCE: Creating VirtualClientEngineActorPool with 6 actors
[2024-06-21 12:24:20,684][flwr][INFO] - [INIT]
[2024-06-21 12:24:20,684][flwr][INFO] - Requesting initial parameters from one random client
[2024-06-21 12:24:22,325][flwr][INFO] - Received initial parameters from one random client
[2024-06-21 12:24:22,325][flwr][INFO] - Evaluating initial global parameters
[2024-06-21 12:24:22,681][flwr][INFO] - initial parameters (loss, other metrics): 181.76928067207336, {'accuracy': 0.1086, 'precision': 0.12349967530374152, 'recall': 0.1086, 'f1': 0.03553137346181725, 'confusion_matrix': array([[   0,    8,    0,  956,    0,    1,    0,   15,    0,    0],
       [   0,  122,    0, 1013,    0,    0,    0,    0,    0,    0],
       [   0,   38,    0,  971,    0,    0,    3,   19,    1,    0],
       [   0,   44,    0,  945,    1,    1,    0,   17,    2,    0],
       [   0,  143,    0,  816,    1,    0,    2,   20,    0,    0],
       [   0,  118,    0,  735,    1,    7,    0,   30,    1,    0],
       [   0,  144,    0,  749,   25,    0,    2,   38,    0,    0],
       [   0,  272,    0,  724,    8,    0,    0,    9,   15,    0],
       [   0,   81,    0,  859,    1,    0,    1,   32,    0,    0],
       [   0,  178,    0,  799,    1,    0,    0,   31,    0,    0]])}
[2024-06-21 12:24:22,682][flwr][INFO] - 
[2024-06-21 12:24:22,682][flwr][INFO] - [ROUND 1]
[2024-06-21 12:24:22,682][flwr][INFO] - configure_fit: strategy sampled 10 clients (out of 100)
[2024-06-21 12:24:30,517][flwr][INFO] - aggregate_fit: received 10 results and 0 failures
[2024-06-21 12:24:30,522][flwr][WARNING] - No fit_metrics_aggregation_fn provided
[2024-06-21 12:24:30,851][flwr][INFO] - fit progress: (1, 80.39829391241074, {'accuracy': 0.7278, 'precision': 0.764698341056634, 'recall': 0.7278, 'f1': 0.7122291426768228, 'confusion_matrix': array([[ 878,    0,   41,    5,    0,    2,   40,   10,    3,    1],
       [   0, 1054,   60,    3,    0,    0,    1,    0,   13,    4],
       [   5,    5,  934,   16,    8,    0,   16,   23,   11,   14],
       [   2,    5,  148,  761,    0,    1,    2,   40,   32,   19],
       [   0,    3,   15,    0,  390,    0,   29,    6,    1,  538],
       [  24,   17,   95,  210,   72,  213,   22,   70,  133,   36],
       [  10,    4,   99,    1,   10,    6,  816,    0,    1,   11],
       [   1,    8,   35,    1,    4,    0,    0,  934,    1,   44],
       [  11,   12,  150,  147,    7,    9,    4,   43,  465,  126],
       [  10,    4,    9,    6,   15,    1,    2,  124,    5,  833]])}, 8.169017375)
[2024-06-21 12:24:30,852][flwr][INFO] - configure_evaluate: no clients selected, skipping evaluation
[2024-06-21 12:24:30,852][flwr][INFO] - 
[2024-06-21 12:24:30,852][flwr][INFO] - [ROUND 2]
[2024-06-21 12:24:30,852][flwr][INFO] - configure_fit: strategy sampled 10 clients (out of 100)
[2024-06-21 12:24:36,213][flwr][INFO] - aggregate_fit: received 10 results and 0 failures
[2024-06-21 12:24:36,542][flwr][INFO] - fit progress: (2, 36.38527697324753, {'accuracy': 0.882, 'precision': 0.8830434323059997, 'recall': 0.882, 'f1': 0.8818359078575486, 'confusion_matrix': array([[ 935,    0,    4,    9,    0,   12,   16,    1,    3,    0],
       [   0, 1081,   18,    6,    1,    3,    3,    0,   23,    0],
       [  11,   10,  865,   55,   15,    2,   26,   14,   24,   10],
       [   3,    4,   20,  903,    0,   29,    5,   10,   28,    8],
       [   1,    2,    4,    0,  897,    3,   19,    0,    6,   50],
       [  11,    4,    7,   84,   16,  701,   19,    9,   37,    4],
       [  19,    5,   10,    0,   12,   22,  888,    1,    1,    0],
       [   1,   16,   29,    4,    8,    1,    1,  909,    8,   51],
       [   3,    9,   16,   70,   18,   34,   10,    8,  789,   17],
       [   6,    6,    3,    8,   71,   13,    1,   23,   26,  852]])}, 13.859283959)
[2024-06-21 12:24:36,542][flwr][INFO] - configure_evaluate: no clients selected, skipping evaluation
[2024-06-21 12:24:36,542][flwr][INFO] - 
[2024-06-21 12:24:36,542][flwr][INFO] - [ROUND 3]
[2024-06-21 12:24:36,542][flwr][INFO] - configure_fit: strategy sampled 10 clients (out of 100)
[2024-06-21 12:24:41,500][flwr][INFO] - aggregate_fit: received 10 results and 0 failures
[2024-06-21 12:24:41,838][flwr][INFO] - fit progress: (3, 32.42388333380222, {'accuracy': 0.8975, 'precision': 0.8983621515661951, 'recall': 0.8975, 'f1': 0.8972559799754083, 'confusion_matrix': array([[ 946,    0,    4,    7,    0,    7,   12,    1,    3,    0],
       [   0, 1093,   17,    3,    1,    1,    3,    1,   16,    0],
       [   9,    4,  925,   29,   16,    0,   16,   13,   18,    2],
       [   3,    0,   31,  909,    0,   22,    2,   18,   20,    5],
       [   0,    1,    5,    0,  909,    1,   17,    0,    7,   42],
       [  12,    4,   14,   76,   15,  703,   11,   11,   39,    7],
       [  13,    4,   17,    2,   14,   17,  888,    0,    3,    0],
       [   1,   14,   41,    2,    8,    0,    0,  914,    6,   42],
       [   4,    8,   25,   52,   14,   29,    8,    5,  810,   19],
       [  10,    5,    5,   12,   68,    8,    0,   14,    9,  878]])}, 19.155623292)
[2024-06-21 12:24:41,839][flwr][INFO] - configure_evaluate: no clients selected, skipping evaluation
[2024-06-21 12:24:41,839][flwr][INFO] - 
[2024-06-21 12:24:41,839][flwr][INFO] - [ROUND 4]
[2024-06-21 12:24:41,839][flwr][INFO] - configure_fit: strategy sampled 10 clients (out of 100)
[2024-06-21 12:24:47,105][flwr][INFO] - aggregate_fit: received 10 results and 0 failures
[2024-06-21 12:24:47,435][flwr][INFO] - fit progress: (4, 30.62028206884861, {'accuracy': 0.9, 'precision': 0.9013856944377352, 'recall': 0.9, 'f1': 0.8998772117898068, 'confusion_matrix': array([[ 964,    0,    0,    0,    0,    4,    7,    1,    4,    0],
       [   0, 1089,    3,    5,    1,    3,    3,    1,   30,    0],
       [  12,    6,  853,   55,   22,    1,   20,   21,   34,    8],
       [   6,    1,   10,  894,    1,   47,    1,   12,   22,   16],
       [   1,    0,    2,    0,  914,    0,   14,    0,    4,   47],
       [  16,    1,    5,   48,   22,  740,    9,   13,   30,    8],
       [  20,    3,    3,    0,   14,   18,  897,    0,    3,    0],
       [   2,    6,   15,    8,    8,    0,    0,  929,    6,   54],
       [   5,    4,    4,   34,   21,   51,    9,    5,  812,   29],
       [  13,    2,    0,    6,   49,    8,    2,   11,   10,  908]])}, 24.752846499999997)
[2024-06-21 12:24:47,436][flwr][INFO] - configure_evaluate: no clients selected, skipping evaluation
[2024-06-21 12:24:47,436][flwr][INFO] - 
[2024-06-21 12:24:47,436][flwr][INFO] - [ROUND 5]
[2024-06-21 12:24:47,436][flwr][INFO] - configure_fit: strategy sampled 10 clients (out of 100)
[2024-06-21 12:24:53,103][flwr][INFO] - aggregate_fit: received 10 results and 0 failures
[2024-06-21 12:24:53,549][flwr][INFO] - fit progress: (5, 26.28600689396262, {'accuracy': 0.9161, 'precision': 0.9161357955804186, 'recall': 0.9161, 'f1': 0.915914711402819, 'confusion_matrix': array([[ 964,    0,    1,    1,    0,    6,    5,    1,    2,    0],
       [   0, 1100,    9,    2,    0,    1,    3,    0,   20,    0],
       [  12,   11,  928,   15,   14,    0,   10,   15,   25,    2],
       [   4,    3,   23,  916,    0,   24,    1,   14,   20,    5],
       [   1,    6,    5,    0,  901,    2,   12,    1,    7,   47],
       [  13,    3,    7,   55,    9,  756,    6,    9,   28,    6],
       [  14,    3,    7,    0,   12,   19,  898,    1,    4,    0],
       [   1,   18,   32,    8,    4,    0,    0,  932,    2,   31],
       [   4,    8,   11,   34,   14,   25,    7,    5,  855,   11],
       [  13,    7,    3,   13,   33,    7,    1,    9,   12,  911]])}, 30.866261584)
[2024-06-21 12:24:53,550][flwr][INFO] - configure_evaluate: no clients selected, skipping evaluation
[2024-06-21 12:24:53,550][flwr][INFO] - 
[2024-06-21 12:24:53,550][flwr][INFO] - [ROUND 6]
[2024-06-21 12:24:53,551][flwr][INFO] - configure_fit: strategy sampled 10 clients (out of 100)
[2024-06-21 12:25:00,567][flwr][INFO] - aggregate_fit: received 10 results and 0 failures
[2024-06-21 12:25:00,909][flwr][INFO] - fit progress: (6, 24.968928679823875, {'accuracy': 0.9145, 'precision': 0.9168559296740537, 'recall': 0.9145, 'f1': 0.9144369739759485, 'confusion_matrix': array([[ 963,    0,    0,    0,    0,    2,   10,    1,    4,    0],
       [   0, 1110,    4,    2,    1,    0,    3,    1,   14,    0],
       [  11,    7,  931,   14,   17,    0,   10,   15,   23,    4],
       [   3,    3,   18,  904,    2,   14,    3,   13,   33,   17],
       [   0,    1,    4,    0,  895,    0,   16,    0,    6,   60],
       [  16,    2,    5,   44,   19,  725,   15,   11,   41,   14],
       [  10,    3,    4,    0,   11,   11,  914,    0,    5,    0],
       [   3,   11,   21,    5,    5,    0,    0,  889,    0,   94],
       [   4,    6,    8,   19,   16,   11,    9,    2,  868,   31],
       [  11,    6,    2,    4,   24,    1,    1,    5,    9,  946]])}, 38.225930958999996)
[2024-06-21 12:25:00,909][flwr][INFO] - configure_evaluate: no clients selected, skipping evaluation
[2024-06-21 12:25:00,909][flwr][INFO] - 
[2024-06-21 12:25:00,909][flwr][INFO] - [ROUND 7]
[2024-06-21 12:25:00,910][flwr][INFO] - configure_fit: strategy sampled 10 clients (out of 100)
[2024-06-21 12:25:06,622][flwr][INFO] - aggregate_fit: received 10 results and 0 failures
[2024-06-21 12:25:06,965][flwr][INFO] - fit progress: (7, 23.70445754379034, {'accuracy': 0.9244, 'precision': 0.9254443642733022, 'recall': 0.9244, 'f1': 0.9245027632618232, 'confusion_matrix': array([[ 967,    0,    1,    0,    0,    4,    4,    1,    3,    0],
       [   0, 1104,    4,    2,    1,    3,    3,    0,   18,    0],
       [   9,    2,  924,   22,    8,    3,   11,   14,   37,    2],
       [   4,    2,    9,  893,    0,   51,    2,   14,   29,    6],
       [   2,    2,    4,    1,  883,    6,   17,    2,    7,   58],
       [   9,    2,    0,   11,    0,  829,   10,    5,   22,    4],
       [  11,    3,    0,    0,   11,   26,  899,    1,    7,    0],
       [   3,    9,   23,   13,    3,    2,    0,  943,    0,   32],
       [   7,    2,    3,   22,    9,   27,    6,    3,  884,   11],
       [  12,    6,    0,    9,   24,   11,    1,   13,   15,  918]])}, 44.2822585)
[2024-06-21 12:25:06,966][flwr][INFO] - configure_evaluate: no clients selected, skipping evaluation
[2024-06-21 12:25:06,966][flwr][INFO] - 
[2024-06-21 12:25:06,966][flwr][INFO] - [ROUND 8]
[2024-06-21 12:25:06,966][flwr][INFO] - configure_fit: strategy sampled 10 clients (out of 100)
[2024-06-21 12:25:12,616][flwr][INFO] - aggregate_fit: received 10 results and 0 failures
[2024-06-21 12:25:13,011][flwr][INFO] - fit progress: (8, 22.257846992462873, {'accuracy': 0.926, 'precision': 0.926517287100524, 'recall': 0.926, 'f1': 0.9258955354192973, 'confusion_matrix': array([[ 956,    0,    2,    0,    0,    6,   11,    1,    4,    0],
       [   0, 1117,    3,    2,    1,    1,    3,    0,    8,    0],
       [   7,   11,  934,   20,    9,    2,   10,   12,   25,    2],
       [   2,    6,    6,  915,    2,   28,    3,   11,   29,    8],
       [   0,    5,    4,    0,  915,    1,   22,    2,    4,   29],
       [   7,    3,    0,   16,    6,  817,   13,    5,   21,    4],
       [   8,    4,    0,    0,    9,   22,  910,    0,    5,    0],
       [   3,   26,   20,   12,   11,    0,    0,  916,    2,   38],
       [   3,    8,    3,   20,   10,   23,   12,    3,  884,    8],
       [   8,    8,    0,   10,   61,    7,    2,    6,   11,  896]])}, 50.3277475)
[2024-06-21 12:25:13,012][flwr][INFO] - configure_evaluate: no clients selected, skipping evaluation
[2024-06-21 12:25:13,012][flwr][INFO] - 
[2024-06-21 12:25:13,012][flwr][INFO] - [ROUND 9]
[2024-06-21 12:25:13,012][flwr][INFO] - configure_fit: strategy sampled 10 clients (out of 100)
[2024-06-21 12:25:19,021][flwr][INFO] - aggregate_fit: received 10 results and 0 failures
[2024-06-21 12:25:19,384][flwr][INFO] - fit progress: (9, 21.373657006770372, {'accuracy': 0.9328, 'precision': 0.9334706482362186, 'recall': 0.9328, 'f1': 0.9327275325600219, 'confusion_matrix': array([[ 965,    0,    3,    0,    0,    4,    4,    1,    3,    0],
       [   0, 1113,    3,    2,    0,    0,    4,    0,   13,    0],
       [   7,    6,  961,   17,    4,    2,    6,   10,   16,    3],
       [   1,    6,   16,  912,    1,   25,    3,   13,   27,    6],
       [   1,    5,    5,    0,  880,    0,   14,    2,    7,   68],
       [  11,    2,    0,   16,    4,  801,   15,    8,   28,    7],
       [  12,    4,    1,    0,   11,   11,  912,    1,    6,    0],
       [   2,   15,   35,    7,    3,    0,    0,  930,    2,   34],
       [   4,    7,    4,   15,    9,    8,    9,    5,  900,   13],
       [   7,    6,    0,    8,   12,    4,    1,    6,   11,  954]])}, 56.700882209)
[2024-06-21 12:25:19,385][flwr][INFO] - configure_evaluate: no clients selected, skipping evaluation
[2024-06-21 12:25:19,385][flwr][INFO] - 
[2024-06-21 12:25:19,385][flwr][INFO] - [ROUND 10]
[2024-06-21 12:25:19,385][flwr][INFO] - configure_fit: strategy sampled 10 clients (out of 100)
[2024-06-21 12:25:25,204][flwr][INFO] - aggregate_fit: received 10 results and 0 failures
[2024-06-21 12:25:25,555][flwr][INFO] - fit progress: (10, 19.45244313031435, {'accuracy': 0.9388, 'precision': 0.9392471196155988, 'recall': 0.9388, 'f1': 0.9387029356348155, 'confusion_matrix': array([[ 969,    0,    1,    0,    0,    4,    3,    1,    2,    0],
       [   0, 1118,    3,    1,    1,    1,    3,    0,    8,    0],
       [   8,    3,  944,   22,   10,    3,    5,   18,   16,    3],
       [   2,    4,    8,  938,    0,   18,    0,   16,   20,    4],
       [   1,    5,    6,    0,  938,    1,    7,    0,    4,   20],
       [   6,    2,    0,   20,    6,  822,    9,    2,   21,    4],
       [  13,    3,    1,    0,   17,   13,  906,    0,    5,    0],
       [   3,   16,   14,    6,   10,    0,    0,  956,    0,   23],
       [   4,    6,    4,   16,   13,   12,    6,    4,  904,    5],
       [   5,    9,    0,    9,   59,   16,    1,    9,    8,  893]])}, 62.871170166999995)
[2024-06-21 12:25:25,555][flwr][INFO] - configure_evaluate: no clients selected, skipping evaluation
[2024-06-21 12:25:25,555][flwr][INFO] - 
[2024-06-21 12:25:25,556][flwr][INFO] - [SUMMARY]
[2024-06-21 12:25:25,556][flwr][INFO] - Run finished 10 round(s) in 62.87s
[2024-06-21 12:25:25,560][flwr][INFO] - 	History (loss, centralized):
[2024-06-21 12:25:25,566][flwr][INFO] - 		round 0: 181.76928067207336
[2024-06-21 12:25:25,566][flwr][INFO] - 		round 1: 80.39829391241074
[2024-06-21 12:25:25,566][flwr][INFO] - 		round 2: 36.38527697324753
[2024-06-21 12:25:25,566][flwr][INFO] - 		round 3: 32.42388333380222
[2024-06-21 12:25:25,566][flwr][INFO] - 		round 4: 30.62028206884861
[2024-06-21 12:25:25,566][flwr][INFO] - 		round 5: 26.28600689396262
[2024-06-21 12:25:25,566][flwr][INFO] - 		round 6: 24.968928679823875
[2024-06-21 12:25:25,566][flwr][INFO] - 		round 7: 23.70445754379034
[2024-06-21 12:25:25,566][flwr][INFO] - 		round 8: 22.257846992462873
[2024-06-21 12:25:25,566][flwr][INFO] - 		round 9: 21.373657006770372
[2024-06-21 12:25:25,566][flwr][INFO] - 		round 10: 19.45244313031435
[2024-06-21 12:25:25,566][flwr][INFO] - 	History (metrics, centralized):
[2024-06-21 12:25:25,566][flwr][INFO] - 	{'accuracy': [(0, 0.1086),
[2024-06-21 12:25:25,566][flwr][INFO] - 	              (1, 0.7278),
[2024-06-21 12:25:25,566][flwr][INFO] - 	              (2, 0.882),
[2024-06-21 12:25:25,566][flwr][INFO] - 	              (3, 0.8975),
[2024-06-21 12:25:25,566][flwr][INFO] - 	              (4, 0.9),
[2024-06-21 12:25:25,566][flwr][INFO] - 	              (5, 0.9161),
[2024-06-21 12:25:25,566][flwr][INFO] - 	              (6, 0.9145),
[2024-06-21 12:25:25,566][flwr][INFO] - 	              (7, 0.9244),
[2024-06-21 12:25:25,566][flwr][INFO] - 	              (8, 0.926),
[2024-06-21 12:25:25,566][flwr][INFO] - 	              (9, 0.9328),
[2024-06-21 12:25:25,566][flwr][INFO] - 	              (10, 0.9388)],
[2024-06-21 12:25:25,566][flwr][INFO] - 	 'confusion_matrix': [(0,
[2024-06-21 12:25:25,566][flwr][INFO] - 	                       array([[   0,    8,    0,  956,    0,    1,    0,   15,    0,    0],
[2024-06-21 12:25:25,566][flwr][INFO] - 	       [   0,  122,    0, 1013,    0,    0,    0,    0,    0,    0],
[2024-06-21 12:25:25,566][flwr][INFO] - 	       [   0,   38,    0,  971,    0,    0,    3,   19,    1,    0],
[2024-06-21 12:25:25,566][flwr][INFO] - 	       [   0,   44,    0,  945,    1,    1,    0,   17,    2,    0],
[2024-06-21 12:25:25,566][flwr][INFO] - 	       [   0,  143,    0,  816,    1,    0,    2,   20,    0,    0],
[2024-06-21 12:25:25,566][flwr][INFO] - 	       [   0,  118,    0,  735,    1,    7,    0,   30,    1,    0],
[2024-06-21 12:25:25,566][flwr][INFO] - 	       [   0,  144,    0,  749,   25,    0,    2,   38,    0,    0],
[2024-06-21 12:25:25,566][flwr][INFO] - 	       [   0,  272,    0,  724,    8,    0,    0,    9,   15,    0],
[2024-06-21 12:25:25,566][flwr][INFO] - 	       [   0,   81,    0,  859,    1,    0,    1,   32,    0,    0],
[2024-06-21 12:25:25,566][flwr][INFO] - 	       [   0,  178,    0,  799,    1,    0,    0,   31,    0,    0]])),
[2024-06-21 12:25:25,567][flwr][INFO] - 	                      (1,
[2024-06-21 12:25:25,567][flwr][INFO] - 	                       array([[ 878,    0,   41,    5,    0,    2,   40,   10,    3,    1],
[2024-06-21 12:25:25,567][flwr][INFO] - 	       [   0, 1054,   60,    3,    0,    0,    1,    0,   13,    4],
[2024-06-21 12:25:25,567][flwr][INFO] - 	       [   5,    5,  934,   16,    8,    0,   16,   23,   11,   14],
[2024-06-21 12:25:25,567][flwr][INFO] - 	       [   2,    5,  148,  761,    0,    1,    2,   40,   32,   19],
[2024-06-21 12:25:25,567][flwr][INFO] - 	       [   0,    3,   15,    0,  390,    0,   29,    6,    1,  538],
[2024-06-21 12:25:25,567][flwr][INFO] - 	       [  24,   17,   95,  210,   72,  213,   22,   70,  133,   36],
[2024-06-21 12:25:25,567][flwr][INFO] - 	       [  10,    4,   99,    1,   10,    6,  816,    0,    1,   11],
[2024-06-21 12:25:25,567][flwr][INFO] - 	       [   1,    8,   35,    1,    4,    0,    0,  934,    1,   44],
[2024-06-21 12:25:25,567][flwr][INFO] - 	       [  11,   12,  150,  147,    7,    9,    4,   43,  465,  126],
[2024-06-21 12:25:25,567][flwr][INFO] - 	       [  10,    4,    9,    6,   15,    1,    2,  124,    5,  833]])),
[2024-06-21 12:25:25,567][flwr][INFO] - 	                      (2,
[2024-06-21 12:25:25,567][flwr][INFO] - 	                       array([[ 935,    0,    4,    9,    0,   12,   16,    1,    3,    0],
[2024-06-21 12:25:25,567][flwr][INFO] - 	       [   0, 1081,   18,    6,    1,    3,    3,    0,   23,    0],
[2024-06-21 12:25:25,567][flwr][INFO] - 	       [  11,   10,  865,   55,   15,    2,   26,   14,   24,   10],
[2024-06-21 12:25:25,567][flwr][INFO] - 	       [   3,    4,   20,  903,    0,   29,    5,   10,   28,    8],
[2024-06-21 12:25:25,567][flwr][INFO] - 	       [   1,    2,    4,    0,  897,    3,   19,    0,    6,   50],
[2024-06-21 12:25:25,567][flwr][INFO] - 	       [  11,    4,    7,   84,   16,  701,   19,    9,   37,    4],
[2024-06-21 12:25:25,567][flwr][INFO] - 	       [  19,    5,   10,    0,   12,   22,  888,    1,    1,    0],
[2024-06-21 12:25:25,567][flwr][INFO] - 	       [   1,   16,   29,    4,    8,    1,    1,  909,    8,   51],
[2024-06-21 12:25:25,567][flwr][INFO] - 	       [   3,    9,   16,   70,   18,   34,   10,    8,  789,   17],
[2024-06-21 12:25:25,567][flwr][INFO] - 	       [   6,    6,    3,    8,   71,   13,    1,   23,   26,  852]])),
[2024-06-21 12:25:25,567][flwr][INFO] - 	                      (3,
[2024-06-21 12:25:25,567][flwr][INFO] - 	                       array([[ 946,    0,    4,    7,    0,    7,   12,    1,    3,    0],
[2024-06-21 12:25:25,567][flwr][INFO] - 	       [   0, 1093,   17,    3,    1,    1,    3,    1,   16,    0],
[2024-06-21 12:25:25,567][flwr][INFO] - 	       [   9,    4,  925,   29,   16,    0,   16,   13,   18,    2],
[2024-06-21 12:25:25,567][flwr][INFO] - 	       [   3,    0,   31,  909,    0,   22,    2,   18,   20,    5],
[2024-06-21 12:25:25,567][flwr][INFO] - 	       [   0,    1,    5,    0,  909,    1,   17,    0,    7,   42],
[2024-06-21 12:25:25,567][flwr][INFO] - 	       [  12,    4,   14,   76,   15,  703,   11,   11,   39,    7],
[2024-06-21 12:25:25,567][flwr][INFO] - 	       [  13,    4,   17,    2,   14,   17,  888,    0,    3,    0],
[2024-06-21 12:25:25,567][flwr][INFO] - 	       [   1,   14,   41,    2,    8,    0,    0,  914,    6,   42],
[2024-06-21 12:25:25,567][flwr][INFO] - 	       [   4,    8,   25,   52,   14,   29,    8,    5,  810,   19],
[2024-06-21 12:25:25,567][flwr][INFO] - 	       [  10,    5,    5,   12,   68,    8,    0,   14,    9,  878]])),
[2024-06-21 12:25:25,567][flwr][INFO] - 	                      (4,
[2024-06-21 12:25:25,567][flwr][INFO] - 	                       array([[ 964,    0,    0,    0,    0,    4,    7,    1,    4,    0],
[2024-06-21 12:25:25,567][flwr][INFO] - 	       [   0, 1089,    3,    5,    1,    3,    3,    1,   30,    0],
[2024-06-21 12:25:25,567][flwr][INFO] - 	       [  12,    6,  853,   55,   22,    1,   20,   21,   34,    8],
[2024-06-21 12:25:25,567][flwr][INFO] - 	       [   6,    1,   10,  894,    1,   47,    1,   12,   22,   16],
[2024-06-21 12:25:25,567][flwr][INFO] - 	       [   1,    0,    2,    0,  914,    0,   14,    0,    4,   47],
[2024-06-21 12:25:25,567][flwr][INFO] - 	       [  16,    1,    5,   48,   22,  740,    9,   13,   30,    8],
[2024-06-21 12:25:25,567][flwr][INFO] - 	       [  20,    3,    3,    0,   14,   18,  897,    0,    3,    0],
[2024-06-21 12:25:25,567][flwr][INFO] - 	       [   2,    6,   15,    8,    8,    0,    0,  929,    6,   54],
[2024-06-21 12:25:25,567][flwr][INFO] - 	       [   5,    4,    4,   34,   21,   51,    9,    5,  812,   29],
[2024-06-21 12:25:25,567][flwr][INFO] - 	       [  13,    2,    0,    6,   49,    8,    2,   11,   10,  908]])),
[2024-06-21 12:25:25,567][flwr][INFO] - 	                      (5,
[2024-06-21 12:25:25,567][flwr][INFO] - 	                       array([[ 964,    0,    1,    1,    0,    6,    5,    1,    2,    0],
[2024-06-21 12:25:25,567][flwr][INFO] - 	       [   0, 1100,    9,    2,    0,    1,    3,    0,   20,    0],
[2024-06-21 12:25:25,567][flwr][INFO] - 	       [  12,   11,  928,   15,   14,    0,   10,   15,   25,    2],
[2024-06-21 12:25:25,567][flwr][INFO] - 	       [   4,    3,   23,  916,    0,   24,    1,   14,   20,    5],
[2024-06-21 12:25:25,567][flwr][INFO] - 	       [   1,    6,    5,    0,  901,    2,   12,    1,    7,   47],
[2024-06-21 12:25:25,567][flwr][INFO] - 	       [  13,    3,    7,   55,    9,  756,    6,    9,   28,    6],
[2024-06-21 12:25:25,567][flwr][INFO] - 	       [  14,    3,    7,    0,   12,   19,  898,    1,    4,    0],
[2024-06-21 12:25:25,567][flwr][INFO] - 	       [   1,   18,   32,    8,    4,    0,    0,  932,    2,   31],
[2024-06-21 12:25:25,567][flwr][INFO] - 	       [   4,    8,   11,   34,   14,   25,    7,    5,  855,   11],
[2024-06-21 12:25:25,568][flwr][INFO] - 	       [  13,    7,    3,   13,   33,    7,    1,    9,   12,  911]])),
[2024-06-21 12:25:25,568][flwr][INFO] - 	                      (6,
[2024-06-21 12:25:25,568][flwr][INFO] - 	                       array([[ 963,    0,    0,    0,    0,    2,   10,    1,    4,    0],
[2024-06-21 12:25:25,568][flwr][INFO] - 	       [   0, 1110,    4,    2,    1,    0,    3,    1,   14,    0],
[2024-06-21 12:25:25,568][flwr][INFO] - 	       [  11,    7,  931,   14,   17,    0,   10,   15,   23,    4],
[2024-06-21 12:25:25,568][flwr][INFO] - 	       [   3,    3,   18,  904,    2,   14,    3,   13,   33,   17],
[2024-06-21 12:25:25,568][flwr][INFO] - 	       [   0,    1,    4,    0,  895,    0,   16,    0,    6,   60],
[2024-06-21 12:25:25,568][flwr][INFO] - 	       [  16,    2,    5,   44,   19,  725,   15,   11,   41,   14],
[2024-06-21 12:25:25,568][flwr][INFO] - 	       [  10,    3,    4,    0,   11,   11,  914,    0,    5,    0],
[2024-06-21 12:25:25,568][flwr][INFO] - 	       [   3,   11,   21,    5,    5,    0,    0,  889,    0,   94],
[2024-06-21 12:25:25,568][flwr][INFO] - 	       [   4,    6,    8,   19,   16,   11,    9,    2,  868,   31],
[2024-06-21 12:25:25,568][flwr][INFO] - 	       [  11,    6,    2,    4,   24,    1,    1,    5,    9,  946]])),
[2024-06-21 12:25:25,568][flwr][INFO] - 	                      (7,
[2024-06-21 12:25:25,568][flwr][INFO] - 	                       array([[ 967,    0,    1,    0,    0,    4,    4,    1,    3,    0],
[2024-06-21 12:25:25,568][flwr][INFO] - 	       [   0, 1104,    4,    2,    1,    3,    3,    0,   18,    0],
[2024-06-21 12:25:25,568][flwr][INFO] - 	       [   9,    2,  924,   22,    8,    3,   11,   14,   37,    2],
[2024-06-21 12:25:25,568][flwr][INFO] - 	       [   4,    2,    9,  893,    0,   51,    2,   14,   29,    6],
[2024-06-21 12:25:25,568][flwr][INFO] - 	       [   2,    2,    4,    1,  883,    6,   17,    2,    7,   58],
[2024-06-21 12:25:25,568][flwr][INFO] - 	       [   9,    2,    0,   11,    0,  829,   10,    5,   22,    4],
[2024-06-21 12:25:25,568][flwr][INFO] - 	       [  11,    3,    0,    0,   11,   26,  899,    1,    7,    0],
[2024-06-21 12:25:25,568][flwr][INFO] - 	       [   3,    9,   23,   13,    3,    2,    0,  943,    0,   32],
[2024-06-21 12:25:25,568][flwr][INFO] - 	       [   7,    2,    3,   22,    9,   27,    6,    3,  884,   11],
[2024-06-21 12:25:25,568][flwr][INFO] - 	       [  12,    6,    0,    9,   24,   11,    1,   13,   15,  918]])),
[2024-06-21 12:25:25,568][flwr][INFO] - 	                      (8,
[2024-06-21 12:25:25,568][flwr][INFO] - 	                       array([[ 956,    0,    2,    0,    0,    6,   11,    1,    4,    0],
[2024-06-21 12:25:25,568][flwr][INFO] - 	       [   0, 1117,    3,    2,    1,    1,    3,    0,    8,    0],
[2024-06-21 12:25:25,568][flwr][INFO] - 	       [   7,   11,  934,   20,    9,    2,   10,   12,   25,    2],
[2024-06-21 12:25:25,568][flwr][INFO] - 	       [   2,    6,    6,  915,    2,   28,    3,   11,   29,    8],
[2024-06-21 12:25:25,568][flwr][INFO] - 	       [   0,    5,    4,    0,  915,    1,   22,    2,    4,   29],
[2024-06-21 12:25:25,568][flwr][INFO] - 	       [   7,    3,    0,   16,    6,  817,   13,    5,   21,    4],
[2024-06-21 12:25:25,568][flwr][INFO] - 	       [   8,    4,    0,    0,    9,   22,  910,    0,    5,    0],
[2024-06-21 12:25:25,568][flwr][INFO] - 	       [   3,   26,   20,   12,   11,    0,    0,  916,    2,   38],
[2024-06-21 12:25:25,568][flwr][INFO] - 	       [   3,    8,    3,   20,   10,   23,   12,    3,  884,    8],
[2024-06-21 12:25:25,568][flwr][INFO] - 	       [   8,    8,    0,   10,   61,    7,    2,    6,   11,  896]])),
[2024-06-21 12:25:25,568][flwr][INFO] - 	                      (9,
[2024-06-21 12:25:25,568][flwr][INFO] - 	                       array([[ 965,    0,    3,    0,    0,    4,    4,    1,    3,    0],
[2024-06-21 12:25:25,568][flwr][INFO] - 	       [   0, 1113,    3,    2,    0,    0,    4,    0,   13,    0],
[2024-06-21 12:25:25,568][flwr][INFO] - 	       [   7,    6,  961,   17,    4,    2,    6,   10,   16,    3],
[2024-06-21 12:25:25,568][flwr][INFO] - 	       [   1,    6,   16,  912,    1,   25,    3,   13,   27,    6],
[2024-06-21 12:25:25,568][flwr][INFO] - 	       [   1,    5,    5,    0,  880,    0,   14,    2,    7,   68],
[2024-06-21 12:25:25,568][flwr][INFO] - 	       [  11,    2,    0,   16,    4,  801,   15,    8,   28,    7],
[2024-06-21 12:25:25,568][flwr][INFO] - 	       [  12,    4,    1,    0,   11,   11,  912,    1,    6,    0],
[2024-06-21 12:25:25,568][flwr][INFO] - 	       [   2,   15,   35,    7,    3,    0,    0,  930,    2,   34],
[2024-06-21 12:25:25,568][flwr][INFO] - 	       [   4,    7,    4,   15,    9,    8,    9,    5,  900,   13],
[2024-06-21 12:25:25,568][flwr][INFO] - 	       [   7,    6,    0,    8,   12,    4,    1,    6,   11,  954]])),
[2024-06-21 12:25:25,568][flwr][INFO] - 	                      (10,
[2024-06-21 12:25:25,568][flwr][INFO] - 	                       array([[ 969,    0,    1,    0,    0,    4,    3,    1,    2,    0],
[2024-06-21 12:25:25,568][flwr][INFO] - 	       [   0, 1118,    3,    1,    1,    1,    3,    0,    8,    0],
[2024-06-21 12:25:25,568][flwr][INFO] - 	       [   8,    3,  944,   22,   10,    3,    5,   18,   16,    3],
[2024-06-21 12:25:25,568][flwr][INFO] - 	       [   2,    4,    8,  938,    0,   18,    0,   16,   20,    4],
[2024-06-21 12:25:25,568][flwr][INFO] - 	       [   1,    5,    6,    0,  938,    1,    7,    0,    4,   20],
[2024-06-21 12:25:25,568][flwr][INFO] - 	       [   6,    2,    0,   20,    6,  822,    9,    2,   21,    4],
[2024-06-21 12:25:25,568][flwr][INFO] - 	       [  13,    3,    1,    0,   17,   13,  906,    0,    5,    0],
[2024-06-21 12:25:25,568][flwr][INFO] - 	       [   3,   16,   14,    6,   10,    0,    0,  956,    0,   23],
[2024-06-21 12:25:25,569][flwr][INFO] - 	       [   4,    6,    4,   16,   13,   12,    6,    4,  904,    5],
[2024-06-21 12:25:25,569][flwr][INFO] - 	       [   5,    9,    0,    9,   59,   16,    1,    9,    8,  893]]))],
[2024-06-21 12:25:25,569][flwr][INFO] - 	 'f1': [(0, 0.03553137346181725),
[2024-06-21 12:25:25,569][flwr][INFO] - 	        (1, 0.7122291426768228),
[2024-06-21 12:25:25,569][flwr][INFO] - 	        (2, 0.8818359078575486),
[2024-06-21 12:25:25,569][flwr][INFO] - 	        (3, 0.8972559799754083),
[2024-06-21 12:25:25,569][flwr][INFO] - 	        (4, 0.8998772117898068),
[2024-06-21 12:25:25,569][flwr][INFO] - 	        (5, 0.915914711402819),
[2024-06-21 12:25:25,569][flwr][INFO] - 	        (6, 0.9144369739759485),
[2024-06-21 12:25:25,569][flwr][INFO] - 	        (7, 0.9245027632618232),
[2024-06-21 12:25:25,569][flwr][INFO] - 	        (8, 0.9258955354192973),
[2024-06-21 12:25:25,569][flwr][INFO] - 	        (9, 0.9327275325600219),
[2024-06-21 12:25:25,569][flwr][INFO] - 	        (10, 0.9387029356348155)],
[2024-06-21 12:25:25,569][flwr][INFO] - 	 'precision': [(0, 0.12349967530374152),
[2024-06-21 12:25:25,569][flwr][INFO] - 	               (1, 0.764698341056634),
[2024-06-21 12:25:25,569][flwr][INFO] - 	               (2, 0.8830434323059997),
[2024-06-21 12:25:25,569][flwr][INFO] - 	               (3, 0.8983621515661951),
[2024-06-21 12:25:25,569][flwr][INFO] - 	               (4, 0.9013856944377352),
[2024-06-21 12:25:25,569][flwr][INFO] - 	               (5, 0.9161357955804186),
[2024-06-21 12:25:25,569][flwr][INFO] - 	               (6, 0.9168559296740537),
[2024-06-21 12:25:25,569][flwr][INFO] - 	               (7, 0.9254443642733022),
[2024-06-21 12:25:25,569][flwr][INFO] - 	               (8, 0.926517287100524),
[2024-06-21 12:25:25,569][flwr][INFO] - 	               (9, 0.9334706482362186),
[2024-06-21 12:25:25,569][flwr][INFO] - 	               (10, 0.9392471196155988)],
[2024-06-21 12:25:25,569][flwr][INFO] - 	 'recall': [(0, 0.1086),
[2024-06-21 12:25:25,569][flwr][INFO] - 	            (1, 0.7278),
[2024-06-21 12:25:25,569][flwr][INFO] - 	            (2, 0.882),
[2024-06-21 12:25:25,569][flwr][INFO] - 	            (3, 0.8975),
[2024-06-21 12:25:25,569][flwr][INFO] - 	            (4, 0.9),
[2024-06-21 12:25:25,569][flwr][INFO] - 	            (5, 0.9161),
[2024-06-21 12:25:25,569][flwr][INFO] - 	            (6, 0.9145),
[2024-06-21 12:25:25,569][flwr][INFO] - 	            (7, 0.9244),
[2024-06-21 12:25:25,569][flwr][INFO] - 	            (8, 0.926),
[2024-06-21 12:25:25,569][flwr][INFO] - 	            (9, 0.9328),
[2024-06-21 12:25:25,569][flwr][INFO] - 	            (10, 0.9388)]}
[2024-06-21 12:25:25,569][flwr][INFO] - 
