[2024-06-20 19:25:50,886][flwr][INFO] - Starting Flower simulation, config: num_rounds=10, no round_timeout
[2024-06-20 19:25:52,954][flwr][INFO] - Flower VCE: Ray initialized with resources: {'memory': 9108024525.0, 'CPU': 12.0, 'object_store_memory': 2147483648.0, 'node:__internal_head__': 1.0, 'node:127.0.0.1': 1.0}
[2024-06-20 19:25:52,954][flwr][INFO] - Optimize your simulation with Flower VCE: https://flower.ai/docs/framework/how-to-run-simulations.html
[2024-06-20 19:25:52,954][flwr][INFO] - Flower VCE: Resources for each Virtual Client: {'num_cpus': 2, 'num_gpus': 0}
[2024-06-20 19:25:52,960][flwr][INFO] - Flower VCE: Creating VirtualClientEngineActorPool with 6 actors
[2024-06-20 19:25:52,961][flwr][INFO] - [INIT]
[2024-06-20 19:25:52,961][flwr][INFO] - Requesting initial parameters from one random client
[2024-06-20 19:25:54,876][flwr][INFO] - Received initial parameters from one random client
[2024-06-20 19:25:54,876][flwr][INFO] - Evaluating initial global parameters
[2024-06-20 19:25:55,306][flwr][INFO] - initial parameters (loss, other metrics): 181.76928067207336, {'accuracy': 0.1086, 'precision': 0.12349967530374152, 'recall': 0.1086, 'f1': 0.03553137346181725, 'confusion_matrix': array([[   0,    8,    0,  956,    0,    1,    0,   15,    0,    0],
       [   0,  122,    0, 1013,    0,    0,    0,    0,    0,    0],
       [   0,   38,    0,  971,    0,    0,    3,   19,    1,    0],
       [   0,   44,    0,  945,    1,    1,    0,   17,    2,    0],
       [   0,  143,    0,  816,    1,    0,    2,   20,    0,    0],
       [   0,  118,    0,  735,    1,    7,    0,   30,    1,    0],
       [   0,  144,    0,  749,   25,    0,    2,   38,    0,    0],
       [   0,  272,    0,  724,    8,    0,    0,    9,   15,    0],
       [   0,   81,    0,  859,    1,    0,    1,   32,    0,    0],
       [   0,  178,    0,  799,    1,    0,    0,   31,    0,    0]])}
[2024-06-20 19:25:55,307][flwr][INFO] - 
[2024-06-20 19:25:55,307][flwr][INFO] - [ROUND 1]
[2024-06-20 19:25:55,307][flwr][INFO] - configure_fit: strategy sampled 10 clients (out of 100)
[2024-06-20 19:26:02,416][flwr][INFO] - aggregate_fit: received 10 results and 0 failures
[2024-06-20 19:26:02,424][flwr][WARNING] - No fit_metrics_aggregation_fn provided
[2024-06-20 19:26:02,880][flwr][INFO] - fit progress: (1, 36978.32424926758, {'accuracy': 0.0756, 'precision': 0.11782327341244864, 'recall': 0.0756, 'f1': 0.050770802153524794, 'confusion_matrix': array([[ 40, 469,  94,   2,   3,  14, 358,   0,   0,   0],
       [363, 206, 531,   1,  28,   0,   3,   1,   1,   1],
       [153, 438, 240,   8,   5,   2, 177,   1,   4,   4],
       [ 68, 204, 543,  20,  19,   2, 144,   0,   1,   9],
       [230, 460,  74,  65,   3,   3, 129,   4,   6,   8],
       [ 58, 206, 349,  56,   8,   7, 181,   3,   1,  23],
       [184, 346, 172,   9,  19,   1, 225,   0,   2,   0],
       [243, 398, 194,  52,   7,   0, 123,   4,   1,   6],
       [226, 235, 299,  39,  11,   0, 157,   1,   6,   0],
       [107, 480, 144,  66,   3,   0, 195,   1,   8,   5]])}, 7.573399125)
[2024-06-20 19:26:02,880][flwr][INFO] - configure_evaluate: no clients selected, skipping evaluation
[2024-06-20 19:26:02,880][flwr][INFO] - 
[2024-06-20 19:26:02,880][flwr][INFO] - [ROUND 2]
[2024-06-20 19:26:02,881][flwr][INFO] - configure_fit: strategy sampled 10 clients (out of 100)
[2024-06-20 19:26:08,398][flwr][INFO] - aggregate_fit: received 10 results and 0 failures
[2024-06-20 19:26:08,848][flwr][INFO] - fit progress: (2, 137646.90698242188, {'accuracy': 0.2396, 'precision': 0.22187414300420946, 'recall': 0.2396, 'f1': 0.18723079289551028, 'confusion_matrix': array([[ 266,  259,  281,   80,    0,   51,   12,   22,    3,    6],
       [   0, 1012,   14,   51,    0,   15,    0,   10,    1,   32],
       [  29,  274,  131,  370,    0,   37,   51,   17,    2,  121],
       [   3,  197,   75,  549,    0,  124,   29,   14,   11,    8],
       [ 102,  340,  250,  123,    0,   36,   39,   17,   28,   47],
       [  18,  283,  120,  228,    0,  135,   25,   67,    2,   14],
       [  42,  297,  207,  103,    0,   11,   99,    0,    2,  197],
       [  50,  359,  232,   36,    0,   62,   16,  113,    1,  159],
       [  29,  456,   87,  249,    0,   29,   30,   25,    6,   63],
       [  42,  461,  243,   82,    0,   39,   26,   25,    6,   85]])}, 13.542120542)
[2024-06-20 19:26:08,849][flwr][INFO] - configure_evaluate: no clients selected, skipping evaluation
[2024-06-20 19:26:08,849][flwr][INFO] - 
[2024-06-20 19:26:08,849][flwr][INFO] - [ROUND 3]
[2024-06-20 19:26:08,850][flwr][INFO] - configure_fit: strategy sampled 10 clients (out of 100)
[2024-06-20 19:26:14,416][flwr][INFO] - aggregate_fit: received 10 results and 0 failures
[2024-06-20 19:26:14,866][flwr][INFO] - fit progress: (3, 458965.62060546875, {'accuracy': 0.288, 'precision': 0.28781248647872965, 'recall': 0.288, 'f1': 0.2342251707979142, 'confusion_matrix': array([[457,  27,  53,   8,   0,  39,  50, 343,   0,   3],
       [128, 874,   5,   0,   0,  11,   1, 108,   6,   2],
       [161, 132, 167,  31,  45,  30, 141, 275,  16,  34],
       [ 64,  52,  10, 105,  12, 115,  16, 621,  13,   2],
       [274,  81,  60,  32,  11,  75,  45, 344,  28,  32],
       [ 58,  54,  19,  14,   4, 104,  24, 604,   1,  10],
       [230,  76,  61,  13,  29,  12, 262, 161,   5, 109],
       [ 64,  60,  10,   1,   0,  12,   5, 863,   4,   9],
       [196,  75,  18,  17,   8,  31,  29, 576,  15,   9],
       [136,  70,  72,  10,  28,  72,   8, 583,   8,  22]])}, 19.559614167)
[2024-06-20 19:26:14,866][flwr][INFO] - configure_evaluate: no clients selected, skipping evaluation
[2024-06-20 19:26:14,866][flwr][INFO] - 
[2024-06-20 19:26:14,866][flwr][INFO] - [ROUND 4]
[2024-06-20 19:26:14,867][flwr][INFO] - configure_fit: strategy sampled 10 clients (out of 100)
[2024-06-20 19:26:20,927][flwr][INFO] - aggregate_fit: received 10 results and 0 failures
[2024-06-20 19:26:21,374][flwr][INFO] - fit progress: (4, 1228350.41015625, {'accuracy': 0.3829, 'precision': 0.3893724814596935, 'recall': 0.3829, 'f1': 0.35102360682635975, 'confusion_matrix': array([[470,  49,  56,  56,  20,  33, 182, 112,   1,   1],
       [ 13, 860,  50,   4, 155,  14,   3,  34,   0,   2],
       [ 64,  66, 382,  58, 147,  30, 194,  75,   3,  13],
       [ 13,  42,  57, 344, 135, 128, 112, 157,  11,  11],
       [ 54, 125, 103, 105, 188,  52, 197, 130,   2,  26],
       [ 28,  84,  68, 103,  46, 223, 143, 171,   3,  23],
       [ 62,  45,  59,  16, 111,   8, 602,  43,   0,  12],
       [ 17, 100, 102,  10,  42,  14,  56, 628,   2,  57],
       [ 41, 114, 128,  53, 177,  55, 179, 190,  12,  25],
       [ 19, 110, 177,  44, 152,  43, 130, 212,   2, 120]])}, 26.068373625000003)
[2024-06-20 19:26:21,375][flwr][INFO] - configure_evaluate: no clients selected, skipping evaluation
[2024-06-20 19:26:21,375][flwr][INFO] - 
[2024-06-20 19:26:21,375][flwr][INFO] - [ROUND 5]
[2024-06-20 19:26:21,375][flwr][INFO] - configure_fit: strategy sampled 10 clients (out of 100)
[2024-06-20 19:26:26,838][flwr][INFO] - aggregate_fit: received 10 results and 0 failures
[2024-06-20 19:26:27,284][flwr][INFO] - fit progress: (5, 4012977.51171875, {'accuracy': 0.4168, 'precision': 0.42279556382463523, 'recall': 0.4168, 'f1': 0.39405162310715075, 'confusion_matrix': array([[535,  50,  71,  77,   8,  62, 126,  43,   6,   2],
       [ 18, 803,  86,  11, 139,  28,   9,  34,   2,   5],
       [ 45,  41, 449,  81, 120,  34, 187,  45,  19,  11],
       [ 11,  26,  45, 486,  88, 138, 101,  79,  26,  10],
       [ 42, 103,  85, 138, 244,  93, 160,  86,   6,  25],
       [ 33,  70,  54, 159,  36, 306, 126,  82,   8,  18],
       [ 53,  38,  86,  47, 104,  23, 570,  22,   2,  13],
       [ 14,  73,  89,  25,  43,  29,  68, 598,   5,  84],
       [ 50,  55, 154,  99, 166,  78, 192,  84,  57,  39],
       [ 18,  96, 189,  61, 166,  54, 143, 159,   3, 120]])}, 31.978703458000002)
[2024-06-20 19:26:27,285][flwr][INFO] - configure_evaluate: no clients selected, skipping evaluation
[2024-06-20 19:26:27,285][flwr][INFO] - 
[2024-06-20 19:26:27,285][flwr][INFO] - [ROUND 6]
[2024-06-20 19:26:27,285][flwr][INFO] - configure_fit: strategy sampled 10 clients (out of 100)
[2024-06-20 19:26:32,625][flwr][INFO] - aggregate_fit: received 10 results and 0 failures
[2024-06-20 19:26:33,072][flwr][INFO] - fit progress: (6, 14783917.46875, {'accuracy': 0.442, 'precision': 0.44515764773366273, 'recall': 0.442, 'f1': 0.4300728914863489, 'confusion_matrix': array([[579,  44,  62,  67,  14,  63,  91,  39,  19,   2],
       [ 20, 840,  44,  13, 126,  37,   5,  32,  15,   3],
       [ 53,  34, 464,  83, 130,  44, 133,  34,  48,   9],
       [ 13,  20,  31, 496,  86, 169,  62,  56,  68,   9],
       [ 49,  63,  72, 160, 282,  98, 152,  61,  26,  19],
       [ 37,  55,  42, 174,  29, 343,  84,  76,  36,  16],
       [ 73,  35,  68,  71, 122,  28, 529,  12,   6,  14],
       [ 15,  74,  74,  41,  56,  35,  71, 557,  19,  86],
       [ 55,  48,  87,  94, 152,  82, 145,  59, 217,  35],
       [ 22,  68, 141,  83, 218,  68, 143, 118,  35, 113]])}, 37.766382457999995)
[2024-06-20 19:26:33,072][flwr][INFO] - configure_evaluate: no clients selected, skipping evaluation
[2024-06-20 19:26:33,072][flwr][INFO] - 
[2024-06-20 19:26:33,072][flwr][INFO] - [ROUND 7]
[2024-06-20 19:26:33,072][flwr][INFO] - configure_fit: strategy sampled 10 clients (out of 100)
[2024-06-20 19:26:38,448][flwr][INFO] - aggregate_fit: received 10 results and 0 failures
[2024-06-20 19:26:38,893][flwr][INFO] - fit progress: (7, 57053273.3125, {'accuracy': 0.4559, 'precision': 0.4593850668121593, 'recall': 0.4559, 'f1': 0.4472360792752117, 'confusion_matrix': array([[587,  32,  57,  66,  18,  65,  87,  45,  21,   2],
       [ 13, 868,  41,  10, 113,  35,   3,  32,  16,   4],
       [ 59,  29, 431,  83, 138,  42, 124,  36,  74,  16],
       [ 13,  19,  34, 498,  91, 160,  43,  59,  81,  12],
       [ 46,  49,  56, 155, 341,  91, 117,  68,  30,  29],
       [ 36,  40,  41, 172,  42, 347,  65,  80,  53,  16],
       [ 73,  29,  64,  75, 146,  38, 497,  10,  10,  16],
       [ 17,  59,  58,  34,  59,  39,  55, 605,  22,  80],
       [ 40,  44,  76,  92, 171,  78, 113,  62, 257,  41],
       [ 15,  55, 116,  81, 257,  59, 124, 133,  41, 128]])}, 43.588195416999994)
[2024-06-20 19:26:38,894][flwr][INFO] - configure_evaluate: no clients selected, skipping evaluation
[2024-06-20 19:26:38,894][flwr][INFO] - 
[2024-06-20 19:26:38,894][flwr][INFO] - [ROUND 8]
[2024-06-20 19:26:38,894][flwr][INFO] - configure_fit: strategy sampled 10 clients (out of 100)
[2024-06-20 19:26:44,268][flwr][INFO] - aggregate_fit: received 10 results and 0 failures
[2024-06-20 19:26:44,719][flwr][INFO] - fit progress: (8, 224886908.25, {'accuracy': 0.4648, 'precision': 0.46506665578332423, 'recall': 0.4648, 'f1': 0.45630501283503655, 'confusion_matrix': array([[577,  31,  65,  55,  12,  82,  85,  49,  20,   4],
       [ 11, 885,  45,  11,  77,  38,   3,  39,  18,   8],
       [ 45,  30, 462,  75, 119,  51, 113,  39,  73,  25],
       [ 13,  16,  34, 489,  74, 177,  45,  70,  80,  12],
       [ 44,  48,  73, 148, 304,  97, 123,  81,  30,  34],
       [ 32,  39,  47, 158,  35, 365,  60,  84,  54,  18],
       [ 71,  27,  70,  69, 131,  43, 489,  21,  13,  24],
       [ 14,  44,  52,  27,  48,  39,  47, 646,  26,  85],
       [ 32,  42,  81,  88, 140,  82, 114,  70, 281,  44],
       [ 13,  58, 128,  80, 199,  62, 124, 155,  40, 150]])}, 49.413888291999996)
[2024-06-20 19:26:44,719][flwr][INFO] - configure_evaluate: no clients selected, skipping evaluation
[2024-06-20 19:26:44,719][flwr][INFO] - 
[2024-06-20 19:26:44,719][flwr][INFO] - [ROUND 9]
[2024-06-20 19:26:44,720][flwr][INFO] - configure_fit: strategy sampled 10 clients (out of 100)
[2024-06-20 19:26:50,726][flwr][INFO] - aggregate_fit: received 10 results and 0 failures
[2024-06-20 19:26:51,177][flwr][INFO] - fit progress: (9, 893595935.0, {'accuracy': 0.476, 'precision': 0.475229126872082, 'recall': 0.476, 'f1': 0.46862150571959876, 'confusion_matrix': array([[586,  32,  62,  58,  11,  76,  84,  45,  22,   4],
       [ 11, 893,  43,  11,  71,  38,   3,  34,  22,   9],
       [ 49,  30, 461,  76, 116,  44, 115,  34,  83,  24],
       [ 12,  17,  36, 505,  68, 169,  42,  59,  89,  13],
       [ 42,  46,  67, 147, 315,  97, 120,  70,  40,  38],
       [ 31,  40,  46, 154,  31, 380,  60,  70,  63,  17],
       [ 67,  26,  67,  71, 124,  42, 507,  14,  17,  23],
       [ 16,  47,  47,  27,  48,  40,  52, 630,  28,  93],
       [ 32,  45,  81,  83, 122,  80, 110,  58, 319,  44],
       [ 13,  52, 117,  81, 202,  61, 118, 137,  64, 164]])}, 55.872920208)
[2024-06-20 19:26:51,178][flwr][INFO] - configure_evaluate: no clients selected, skipping evaluation
[2024-06-20 19:26:51,178][flwr][INFO] - 
[2024-06-20 19:26:51,178][flwr][INFO] - [ROUND 10]
[2024-06-20 19:26:51,179][flwr][INFO] - configure_fit: strategy sampled 10 clients (out of 100)
[2024-06-20 19:26:56,507][flwr][INFO] - aggregate_fit: received 10 results and 0 failures
[2024-06-20 19:26:56,957][flwr][INFO] - fit progress: (10, 3610520446.0, {'accuracy': 0.4792, 'precision': 0.4776332684580624, 'recall': 0.4792, 'f1': 0.4720531819103562, 'confusion_matrix': array([[592,  32,  61,  57,  10,  75,  87,  40,  22,   4],
       [ 11, 907,  41,  10,  62,  38,   3,  32,  21,  10],
       [ 50,  33, 462,  74, 106,  46, 116,  33,  87,  25],
       [ 12,  18,  36, 502,  64, 174,  48,  53,  90,  13],
       [ 44,  45,  71, 142, 310,  99, 123,  63,  42,  43],
       [ 33,  41,  45, 151,  31, 386,  61,  62,  64,  18],
       [ 67,  27,  68,  69, 119,  42, 509,  14,  17,  26],
       [ 14,  54,  48,  28,  45,  39,  54, 623,  27,  96],
       [ 32,  46,  80,  84, 115,  81, 114,  56, 320,  46],
       [ 13,  54, 125,  71, 194,  56, 119, 130,  66, 181]])}, 61.652489208000006)
[2024-06-20 19:26:56,957][flwr][INFO] - configure_evaluate: no clients selected, skipping evaluation
[2024-06-20 19:26:56,958][flwr][INFO] - 
[2024-06-20 19:26:56,958][flwr][INFO] - [SUMMARY]
[2024-06-20 19:26:56,958][flwr][INFO] - Run finished 10 round(s) in 61.65s
[2024-06-20 19:26:56,962][flwr][INFO] - 	History (loss, centralized):
[2024-06-20 19:26:56,963][flwr][INFO] - 		round 0: 181.76928067207336
[2024-06-20 19:26:56,963][flwr][INFO] - 		round 1: 36978.32424926758
[2024-06-20 19:26:56,963][flwr][INFO] - 		round 2: 137646.90698242188
[2024-06-20 19:26:56,963][flwr][INFO] - 		round 3: 458965.62060546875
[2024-06-20 19:26:56,963][flwr][INFO] - 		round 4: 1228350.41015625
[2024-06-20 19:26:56,963][flwr][INFO] - 		round 5: 4012977.51171875
[2024-06-20 19:26:56,963][flwr][INFO] - 		round 6: 14783917.46875
[2024-06-20 19:26:56,963][flwr][INFO] - 		round 7: 57053273.3125
[2024-06-20 19:26:56,963][flwr][INFO] - 		round 8: 224886908.25
[2024-06-20 19:26:56,963][flwr][INFO] - 		round 9: 893595935.0
[2024-06-20 19:26:56,963][flwr][INFO] - 		round 10: 3610520446.0
[2024-06-20 19:26:56,963][flwr][INFO] - 	History (metrics, centralized):
[2024-06-20 19:26:56,963][flwr][INFO] - 	{'accuracy': [(0, 0.1086),
[2024-06-20 19:26:56,963][flwr][INFO] - 	              (1, 0.0756),
[2024-06-20 19:26:56,963][flwr][INFO] - 	              (2, 0.2396),
[2024-06-20 19:26:56,963][flwr][INFO] - 	              (3, 0.288),
[2024-06-20 19:26:56,963][flwr][INFO] - 	              (4, 0.3829),
[2024-06-20 19:26:56,963][flwr][INFO] - 	              (5, 0.4168),
[2024-06-20 19:26:56,964][flwr][INFO] - 	              (6, 0.442),
[2024-06-20 19:26:56,964][flwr][INFO] - 	              (7, 0.4559),
[2024-06-20 19:26:56,964][flwr][INFO] - 	              (8, 0.4648),
[2024-06-20 19:26:56,964][flwr][INFO] - 	              (9, 0.476),
[2024-06-20 19:26:56,964][flwr][INFO] - 	              (10, 0.4792)],
[2024-06-20 19:26:56,964][flwr][INFO] - 	 'confusion_matrix': [(0,
[2024-06-20 19:26:56,964][flwr][INFO] - 	                       array([[   0,    8,    0,  956,    0,    1,    0,   15,    0,    0],
[2024-06-20 19:26:56,964][flwr][INFO] - 	       [   0,  122,    0, 1013,    0,    0,    0,    0,    0,    0],
[2024-06-20 19:26:56,964][flwr][INFO] - 	       [   0,   38,    0,  971,    0,    0,    3,   19,    1,    0],
[2024-06-20 19:26:56,964][flwr][INFO] - 	       [   0,   44,    0,  945,    1,    1,    0,   17,    2,    0],
[2024-06-20 19:26:56,964][flwr][INFO] - 	       [   0,  143,    0,  816,    1,    0,    2,   20,    0,    0],
[2024-06-20 19:26:56,964][flwr][INFO] - 	       [   0,  118,    0,  735,    1,    7,    0,   30,    1,    0],
[2024-06-20 19:26:56,964][flwr][INFO] - 	       [   0,  144,    0,  749,   25,    0,    2,   38,    0,    0],
[2024-06-20 19:26:56,964][flwr][INFO] - 	       [   0,  272,    0,  724,    8,    0,    0,    9,   15,    0],
[2024-06-20 19:26:56,964][flwr][INFO] - 	       [   0,   81,    0,  859,    1,    0,    1,   32,    0,    0],
[2024-06-20 19:26:56,964][flwr][INFO] - 	       [   0,  178,    0,  799,    1,    0,    0,   31,    0,    0]])),
[2024-06-20 19:26:56,964][flwr][INFO] - 	                      (1,
[2024-06-20 19:26:56,964][flwr][INFO] - 	                       array([[ 40, 469,  94,   2,   3,  14, 358,   0,   0,   0],
[2024-06-20 19:26:56,964][flwr][INFO] - 	       [363, 206, 531,   1,  28,   0,   3,   1,   1,   1],
[2024-06-20 19:26:56,964][flwr][INFO] - 	       [153, 438, 240,   8,   5,   2, 177,   1,   4,   4],
[2024-06-20 19:26:56,964][flwr][INFO] - 	       [ 68, 204, 543,  20,  19,   2, 144,   0,   1,   9],
[2024-06-20 19:26:56,964][flwr][INFO] - 	       [230, 460,  74,  65,   3,   3, 129,   4,   6,   8],
[2024-06-20 19:26:56,964][flwr][INFO] - 	       [ 58, 206, 349,  56,   8,   7, 181,   3,   1,  23],
[2024-06-20 19:26:56,964][flwr][INFO] - 	       [184, 346, 172,   9,  19,   1, 225,   0,   2,   0],
[2024-06-20 19:26:56,964][flwr][INFO] - 	       [243, 398, 194,  52,   7,   0, 123,   4,   1,   6],
[2024-06-20 19:26:56,964][flwr][INFO] - 	       [226, 235, 299,  39,  11,   0, 157,   1,   6,   0],
[2024-06-20 19:26:56,964][flwr][INFO] - 	       [107, 480, 144,  66,   3,   0, 195,   1,   8,   5]])),
[2024-06-20 19:26:56,964][flwr][INFO] - 	                      (2,
[2024-06-20 19:26:56,964][flwr][INFO] - 	                       array([[ 266,  259,  281,   80,    0,   51,   12,   22,    3,    6],
[2024-06-20 19:26:56,964][flwr][INFO] - 	       [   0, 1012,   14,   51,    0,   15,    0,   10,    1,   32],
[2024-06-20 19:26:56,964][flwr][INFO] - 	       [  29,  274,  131,  370,    0,   37,   51,   17,    2,  121],
[2024-06-20 19:26:56,964][flwr][INFO] - 	       [   3,  197,   75,  549,    0,  124,   29,   14,   11,    8],
[2024-06-20 19:26:56,964][flwr][INFO] - 	       [ 102,  340,  250,  123,    0,   36,   39,   17,   28,   47],
[2024-06-20 19:26:56,964][flwr][INFO] - 	       [  18,  283,  120,  228,    0,  135,   25,   67,    2,   14],
[2024-06-20 19:26:56,964][flwr][INFO] - 	       [  42,  297,  207,  103,    0,   11,   99,    0,    2,  197],
[2024-06-20 19:26:56,964][flwr][INFO] - 	       [  50,  359,  232,   36,    0,   62,   16,  113,    1,  159],
[2024-06-20 19:26:56,964][flwr][INFO] - 	       [  29,  456,   87,  249,    0,   29,   30,   25,    6,   63],
[2024-06-20 19:26:56,964][flwr][INFO] - 	       [  42,  461,  243,   82,    0,   39,   26,   25,    6,   85]])),
[2024-06-20 19:26:56,964][flwr][INFO] - 	                      (3,
[2024-06-20 19:26:56,964][flwr][INFO] - 	                       array([[457,  27,  53,   8,   0,  39,  50, 343,   0,   3],
[2024-06-20 19:26:56,965][flwr][INFO] - 	       [128, 874,   5,   0,   0,  11,   1, 108,   6,   2],
[2024-06-20 19:26:56,965][flwr][INFO] - 	       [161, 132, 167,  31,  45,  30, 141, 275,  16,  34],
[2024-06-20 19:26:56,965][flwr][INFO] - 	       [ 64,  52,  10, 105,  12, 115,  16, 621,  13,   2],
[2024-06-20 19:26:56,965][flwr][INFO] - 	       [274,  81,  60,  32,  11,  75,  45, 344,  28,  32],
[2024-06-20 19:26:56,965][flwr][INFO] - 	       [ 58,  54,  19,  14,   4, 104,  24, 604,   1,  10],
[2024-06-20 19:26:56,965][flwr][INFO] - 	       [230,  76,  61,  13,  29,  12, 262, 161,   5, 109],
[2024-06-20 19:26:56,965][flwr][INFO] - 	       [ 64,  60,  10,   1,   0,  12,   5, 863,   4,   9],
[2024-06-20 19:26:56,965][flwr][INFO] - 	       [196,  75,  18,  17,   8,  31,  29, 576,  15,   9],
[2024-06-20 19:26:56,965][flwr][INFO] - 	       [136,  70,  72,  10,  28,  72,   8, 583,   8,  22]])),
[2024-06-20 19:26:56,965][flwr][INFO] - 	                      (4,
[2024-06-20 19:26:56,965][flwr][INFO] - 	                       array([[470,  49,  56,  56,  20,  33, 182, 112,   1,   1],
[2024-06-20 19:26:56,965][flwr][INFO] - 	       [ 13, 860,  50,   4, 155,  14,   3,  34,   0,   2],
[2024-06-20 19:26:56,965][flwr][INFO] - 	       [ 64,  66, 382,  58, 147,  30, 194,  75,   3,  13],
[2024-06-20 19:26:56,965][flwr][INFO] - 	       [ 13,  42,  57, 344, 135, 128, 112, 157,  11,  11],
[2024-06-20 19:26:56,965][flwr][INFO] - 	       [ 54, 125, 103, 105, 188,  52, 197, 130,   2,  26],
[2024-06-20 19:26:56,965][flwr][INFO] - 	       [ 28,  84,  68, 103,  46, 223, 143, 171,   3,  23],
[2024-06-20 19:26:56,965][flwr][INFO] - 	       [ 62,  45,  59,  16, 111,   8, 602,  43,   0,  12],
[2024-06-20 19:26:56,965][flwr][INFO] - 	       [ 17, 100, 102,  10,  42,  14,  56, 628,   2,  57],
[2024-06-20 19:26:56,965][flwr][INFO] - 	       [ 41, 114, 128,  53, 177,  55, 179, 190,  12,  25],
[2024-06-20 19:26:56,965][flwr][INFO] - 	       [ 19, 110, 177,  44, 152,  43, 130, 212,   2, 120]])),
[2024-06-20 19:26:56,965][flwr][INFO] - 	                      (5,
[2024-06-20 19:26:56,965][flwr][INFO] - 	                       array([[535,  50,  71,  77,   8,  62, 126,  43,   6,   2],
[2024-06-20 19:26:56,965][flwr][INFO] - 	       [ 18, 803,  86,  11, 139,  28,   9,  34,   2,   5],
[2024-06-20 19:26:56,965][flwr][INFO] - 	       [ 45,  41, 449,  81, 120,  34, 187,  45,  19,  11],
[2024-06-20 19:26:56,965][flwr][INFO] - 	       [ 11,  26,  45, 486,  88, 138, 101,  79,  26,  10],
[2024-06-20 19:26:56,965][flwr][INFO] - 	       [ 42, 103,  85, 138, 244,  93, 160,  86,   6,  25],
[2024-06-20 19:26:56,965][flwr][INFO] - 	       [ 33,  70,  54, 159,  36, 306, 126,  82,   8,  18],
[2024-06-20 19:26:56,965][flwr][INFO] - 	       [ 53,  38,  86,  47, 104,  23, 570,  22,   2,  13],
[2024-06-20 19:26:56,965][flwr][INFO] - 	       [ 14,  73,  89,  25,  43,  29,  68, 598,   5,  84],
[2024-06-20 19:26:56,965][flwr][INFO] - 	       [ 50,  55, 154,  99, 166,  78, 192,  84,  57,  39],
[2024-06-20 19:26:56,965][flwr][INFO] - 	       [ 18,  96, 189,  61, 166,  54, 143, 159,   3, 120]])),
[2024-06-20 19:26:56,965][flwr][INFO] - 	                      (6,
[2024-06-20 19:26:56,965][flwr][INFO] - 	                       array([[579,  44,  62,  67,  14,  63,  91,  39,  19,   2],
[2024-06-20 19:26:56,965][flwr][INFO] - 	       [ 20, 840,  44,  13, 126,  37,   5,  32,  15,   3],
[2024-06-20 19:26:56,965][flwr][INFO] - 	       [ 53,  34, 464,  83, 130,  44, 133,  34,  48,   9],
[2024-06-20 19:26:56,965][flwr][INFO] - 	       [ 13,  20,  31, 496,  86, 169,  62,  56,  68,   9],
[2024-06-20 19:26:56,965][flwr][INFO] - 	       [ 49,  63,  72, 160, 282,  98, 152,  61,  26,  19],
[2024-06-20 19:26:56,965][flwr][INFO] - 	       [ 37,  55,  42, 174,  29, 343,  84,  76,  36,  16],
[2024-06-20 19:26:56,965][flwr][INFO] - 	       [ 73,  35,  68,  71, 122,  28, 529,  12,   6,  14],
[2024-06-20 19:26:56,965][flwr][INFO] - 	       [ 15,  74,  74,  41,  56,  35,  71, 557,  19,  86],
[2024-06-20 19:26:56,965][flwr][INFO] - 	       [ 55,  48,  87,  94, 152,  82, 145,  59, 217,  35],
[2024-06-20 19:26:56,965][flwr][INFO] - 	       [ 22,  68, 141,  83, 218,  68, 143, 118,  35, 113]])),
[2024-06-20 19:26:56,966][flwr][INFO] - 	                      (7,
[2024-06-20 19:26:56,966][flwr][INFO] - 	                       array([[587,  32,  57,  66,  18,  65,  87,  45,  21,   2],
[2024-06-20 19:26:56,966][flwr][INFO] - 	       [ 13, 868,  41,  10, 113,  35,   3,  32,  16,   4],
[2024-06-20 19:26:56,966][flwr][INFO] - 	       [ 59,  29, 431,  83, 138,  42, 124,  36,  74,  16],
[2024-06-20 19:26:56,966][flwr][INFO] - 	       [ 13,  19,  34, 498,  91, 160,  43,  59,  81,  12],
[2024-06-20 19:26:56,966][flwr][INFO] - 	       [ 46,  49,  56, 155, 341,  91, 117,  68,  30,  29],
[2024-06-20 19:26:56,966][flwr][INFO] - 	       [ 36,  40,  41, 172,  42, 347,  65,  80,  53,  16],
[2024-06-20 19:26:56,966][flwr][INFO] - 	       [ 73,  29,  64,  75, 146,  38, 497,  10,  10,  16],
[2024-06-20 19:26:56,966][flwr][INFO] - 	       [ 17,  59,  58,  34,  59,  39,  55, 605,  22,  80],
[2024-06-20 19:26:56,966][flwr][INFO] - 	       [ 40,  44,  76,  92, 171,  78, 113,  62, 257,  41],
[2024-06-20 19:26:56,966][flwr][INFO] - 	       [ 15,  55, 116,  81, 257,  59, 124, 133,  41, 128]])),
[2024-06-20 19:26:56,966][flwr][INFO] - 	                      (8,
[2024-06-20 19:26:56,966][flwr][INFO] - 	                       array([[577,  31,  65,  55,  12,  82,  85,  49,  20,   4],
[2024-06-20 19:26:56,966][flwr][INFO] - 	       [ 11, 885,  45,  11,  77,  38,   3,  39,  18,   8],
[2024-06-20 19:26:56,966][flwr][INFO] - 	       [ 45,  30, 462,  75, 119,  51, 113,  39,  73,  25],
[2024-06-20 19:26:56,966][flwr][INFO] - 	       [ 13,  16,  34, 489,  74, 177,  45,  70,  80,  12],
[2024-06-20 19:26:56,966][flwr][INFO] - 	       [ 44,  48,  73, 148, 304,  97, 123,  81,  30,  34],
[2024-06-20 19:26:56,966][flwr][INFO] - 	       [ 32,  39,  47, 158,  35, 365,  60,  84,  54,  18],
[2024-06-20 19:26:56,966][flwr][INFO] - 	       [ 71,  27,  70,  69, 131,  43, 489,  21,  13,  24],
[2024-06-20 19:26:56,966][flwr][INFO] - 	       [ 14,  44,  52,  27,  48,  39,  47, 646,  26,  85],
[2024-06-20 19:26:56,966][flwr][INFO] - 	       [ 32,  42,  81,  88, 140,  82, 114,  70, 281,  44],
[2024-06-20 19:26:56,966][flwr][INFO] - 	       [ 13,  58, 128,  80, 199,  62, 124, 155,  40, 150]])),
[2024-06-20 19:26:56,966][flwr][INFO] - 	                      (9,
[2024-06-20 19:26:56,966][flwr][INFO] - 	                       array([[586,  32,  62,  58,  11,  76,  84,  45,  22,   4],
[2024-06-20 19:26:56,966][flwr][INFO] - 	       [ 11, 893,  43,  11,  71,  38,   3,  34,  22,   9],
[2024-06-20 19:26:56,966][flwr][INFO] - 	       [ 49,  30, 461,  76, 116,  44, 115,  34,  83,  24],
[2024-06-20 19:26:56,966][flwr][INFO] - 	       [ 12,  17,  36, 505,  68, 169,  42,  59,  89,  13],
[2024-06-20 19:26:56,966][flwr][INFO] - 	       [ 42,  46,  67, 147, 315,  97, 120,  70,  40,  38],
[2024-06-20 19:26:56,966][flwr][INFO] - 	       [ 31,  40,  46, 154,  31, 380,  60,  70,  63,  17],
[2024-06-20 19:26:56,966][flwr][INFO] - 	       [ 67,  26,  67,  71, 124,  42, 507,  14,  17,  23],
[2024-06-20 19:26:56,966][flwr][INFO] - 	       [ 16,  47,  47,  27,  48,  40,  52, 630,  28,  93],
[2024-06-20 19:26:56,966][flwr][INFO] - 	       [ 32,  45,  81,  83, 122,  80, 110,  58, 319,  44],
[2024-06-20 19:26:56,966][flwr][INFO] - 	       [ 13,  52, 117,  81, 202,  61, 118, 137,  64, 164]])),
[2024-06-20 19:26:56,966][flwr][INFO] - 	                      (10,
[2024-06-20 19:26:56,966][flwr][INFO] - 	                       array([[592,  32,  61,  57,  10,  75,  87,  40,  22,   4],
[2024-06-20 19:26:56,966][flwr][INFO] - 	       [ 11, 907,  41,  10,  62,  38,   3,  32,  21,  10],
[2024-06-20 19:26:56,966][flwr][INFO] - 	       [ 50,  33, 462,  74, 106,  46, 116,  33,  87,  25],
[2024-06-20 19:26:56,966][flwr][INFO] - 	       [ 12,  18,  36, 502,  64, 174,  48,  53,  90,  13],
[2024-06-20 19:26:56,966][flwr][INFO] - 	       [ 44,  45,  71, 142, 310,  99, 123,  63,  42,  43],
[2024-06-20 19:26:56,966][flwr][INFO] - 	       [ 33,  41,  45, 151,  31, 386,  61,  62,  64,  18],
[2024-06-20 19:26:56,966][flwr][INFO] - 	       [ 67,  27,  68,  69, 119,  42, 509,  14,  17,  26],
[2024-06-20 19:26:56,966][flwr][INFO] - 	       [ 14,  54,  48,  28,  45,  39,  54, 623,  27,  96],
[2024-06-20 19:26:56,966][flwr][INFO] - 	       [ 32,  46,  80,  84, 115,  81, 114,  56, 320,  46],
[2024-06-20 19:26:56,967][flwr][INFO] - 	       [ 13,  54, 125,  71, 194,  56, 119, 130,  66, 181]]))],
[2024-06-20 19:26:56,967][flwr][INFO] - 	 'f1': [(0, 0.03553137346181725),
[2024-06-20 19:26:56,967][flwr][INFO] - 	        (1, 0.050770802153524794),
[2024-06-20 19:26:56,967][flwr][INFO] - 	        (2, 0.18723079289551028),
[2024-06-20 19:26:56,967][flwr][INFO] - 	        (3, 0.2342251707979142),
[2024-06-20 19:26:56,967][flwr][INFO] - 	        (4, 0.35102360682635975),
[2024-06-20 19:26:56,967][flwr][INFO] - 	        (5, 0.39405162310715075),
[2024-06-20 19:26:56,967][flwr][INFO] - 	        (6, 0.4300728914863489),
[2024-06-20 19:26:56,967][flwr][INFO] - 	        (7, 0.4472360792752117),
[2024-06-20 19:26:56,967][flwr][INFO] - 	        (8, 0.45630501283503655),
[2024-06-20 19:26:56,967][flwr][INFO] - 	        (9, 0.46862150571959876),
[2024-06-20 19:26:56,967][flwr][INFO] - 	        (10, 0.4720531819103562)],
[2024-06-20 19:26:56,967][flwr][INFO] - 	 'precision': [(0, 0.12349967530374152),
[2024-06-20 19:26:56,967][flwr][INFO] - 	               (1, 0.11782327341244864),
[2024-06-20 19:26:56,967][flwr][INFO] - 	               (2, 0.22187414300420946),
[2024-06-20 19:26:56,967][flwr][INFO] - 	               (3, 0.28781248647872965),
[2024-06-20 19:26:56,967][flwr][INFO] - 	               (4, 0.3893724814596935),
[2024-06-20 19:26:56,967][flwr][INFO] - 	               (5, 0.42279556382463523),
[2024-06-20 19:26:56,967][flwr][INFO] - 	               (6, 0.44515764773366273),
[2024-06-20 19:26:56,967][flwr][INFO] - 	               (7, 0.4593850668121593),
[2024-06-20 19:26:56,967][flwr][INFO] - 	               (8, 0.46506665578332423),
[2024-06-20 19:26:56,967][flwr][INFO] - 	               (9, 0.475229126872082),
[2024-06-20 19:26:56,967][flwr][INFO] - 	               (10, 0.4776332684580624)],
[2024-06-20 19:26:56,967][flwr][INFO] - 	 'recall': [(0, 0.1086),
[2024-06-20 19:26:56,967][flwr][INFO] - 	            (1, 0.0756),
[2024-06-20 19:26:56,967][flwr][INFO] - 	            (2, 0.2396),
[2024-06-20 19:26:56,967][flwr][INFO] - 	            (3, 0.288),
[2024-06-20 19:26:56,967][flwr][INFO] - 	            (4, 0.3829),
[2024-06-20 19:26:56,967][flwr][INFO] - 	            (5, 0.4168),
[2024-06-20 19:26:56,967][flwr][INFO] - 	            (6, 0.442),
[2024-06-20 19:26:56,967][flwr][INFO] - 	            (7, 0.4559),
[2024-06-20 19:26:56,967][flwr][INFO] - 	            (8, 0.4648),
[2024-06-20 19:26:56,967][flwr][INFO] - 	            (9, 0.476),
[2024-06-20 19:26:56,967][flwr][INFO] - 	            (10, 0.4792)]}
[2024-06-20 19:26:56,967][flwr][INFO] - 
