[2024-06-21 12:34:06,106][flwr][INFO] - Starting Flower simulation, config: num_rounds=10, no round_timeout
[2024-06-21 12:34:08,138][flwr][INFO] - Flower VCE: Ray initialized with resources: {'memory': 8352681165.0, 'node:__internal_head__': 1.0, 'node:127.0.0.1': 1.0, 'object_store_memory': 2147483648.0, 'CPU': 12.0}
[2024-06-21 12:34:08,138][flwr][INFO] - Optimize your simulation with Flower VCE: https://flower.ai/docs/framework/how-to-run-simulations.html
[2024-06-21 12:34:08,138][flwr][INFO] - Flower VCE: Resources for each Virtual Client: {'num_cpus': 2, 'num_gpus': 0}
[2024-06-21 12:34:08,146][flwr][INFO] - Flower VCE: Creating VirtualClientEngineActorPool with 6 actors
[2024-06-21 12:34:08,146][flwr][INFO] - [INIT]
[2024-06-21 12:34:08,146][flwr][INFO] - Requesting initial parameters from one random client
[2024-06-21 12:34:09,892][flwr][INFO] - Received initial parameters from one random client
[2024-06-21 12:34:09,892][flwr][INFO] - Evaluating initial global parameters
[2024-06-21 12:34:10,327][flwr][INFO] - initial parameters (loss, other metrics): 181.76928067207336, {'accuracy': 0.1086, 'precision': 0.12349967530374152, 'recall': 0.1086, 'f1': 0.03553137346181725, 'confusion_matrix': array([[   0,    8,    0,  956,    0,    1,    0,   15,    0,    0],
       [   0,  122,    0, 1013,    0,    0,    0,    0,    0,    0],
       [   0,   38,    0,  971,    0,    0,    3,   19,    1,    0],
       [   0,   44,    0,  945,    1,    1,    0,   17,    2,    0],
       [   0,  143,    0,  816,    1,    0,    2,   20,    0,    0],
       [   0,  118,    0,  735,    1,    7,    0,   30,    1,    0],
       [   0,  144,    0,  749,   25,    0,    2,   38,    0,    0],
       [   0,  272,    0,  724,    8,    0,    0,    9,   15,    0],
       [   0,   81,    0,  859,    1,    0,    1,   32,    0,    0],
       [   0,  178,    0,  799,    1,    0,    0,   31,    0,    0]])}
[2024-06-21 12:34:10,327][flwr][INFO] - 
[2024-06-21 12:34:10,327][flwr][INFO] - [ROUND 1]
[2024-06-21 12:34:10,328][flwr][INFO] - configure_fit: strategy sampled 10 clients (out of 100)
[2024-06-21 12:34:18,879][flwr][INFO] - aggregate_fit: received 10 results and 0 failures
[2024-06-21 12:34:18,885][flwr][WARNING] - No fit_metrics_aggregation_fn provided
[2024-06-21 12:34:19,245][flwr][INFO] - fit progress: (1, 79.22461307048798, {'accuracy': 0.75, 'precision': 0.773151334588307, 'recall': 0.75, 'f1': 0.7357814480248704, 'confusion_matrix': array([[ 877,    0,   12,    1,    0,    6,   82,    2,    0,    0],
       [   0, 1027,   59,   18,    9,    3,    6,    1,   12,    0],
       [  16,    2,  880,   49,   13,    1,   45,   20,    5,    1],
       [  13,    1,  137,  726,    4,   42,   21,   39,   14,   13],
       [   0,    0,   10,    0,  887,    0,   41,    9,    1,   34],
       [  40,    6,   37,  108,   59,  477,  104,   48,    8,    5],
       [  12,    3,   13,    1,   15,    8,  906,    0,    0,    0],
       [   1,    7,   51,    3,   12,    0,    2,  939,    0,   13],
       [  22,    3,  203,  170,   35,   70,   50,   51,  317,   53],
       [  18,    5,   14,    6,  190,    3,    2,  306,    1,  464]])}, 8.917282582999999)
[2024-06-21 12:34:19,245][flwr][INFO] - configure_evaluate: no clients selected, skipping evaluation
[2024-06-21 12:34:19,245][flwr][INFO] - 
[2024-06-21 12:34:19,245][flwr][INFO] - [ROUND 2]
[2024-06-21 12:34:19,246][flwr][INFO] - configure_fit: strategy sampled 10 clients (out of 100)
[2024-06-21 12:34:28,234][flwr][INFO] - aggregate_fit: received 10 results and 0 failures
[2024-06-21 12:34:28,609][flwr][INFO] - fit progress: (2, 38.33731152117252, {'accuracy': 0.8793, 'precision': 0.8807029325871499, 'recall': 0.8793, 'f1': 0.8789511475775631, 'confusion_matrix': array([[ 957,    0,    2,    2,    0,    7,    8,    1,    3,    0],
       [   0, 1068,   14,    4,    1,    4,    3,    0,   41,    0],
       [  20,    5,  864,   32,   20,    4,   23,   14,   41,    9],
       [  10,    2,   22,  867,    1,   45,    3,   14,   39,    7],
       [   1,    1,    5,    0,  933,    0,   16,    0,    7,   19],
       [  23,    3,    7,   54,   16,  733,   21,    8,   21,    6],
       [  25,    4,    4,    0,   18,   22,  882,    0,    3,    0],
       [   7,   15,   33,    3,   10,    0,    0,  885,   20,   55],
       [  13,    4,   12,   41,   18,   54,   15,    7,  801,    9],
       [  16,    6,    1,    5,  100,   15,    2,   28,   33,  803]])}, 18.281695125000002)
[2024-06-21 12:34:28,610][flwr][INFO] - configure_evaluate: no clients selected, skipping evaluation
[2024-06-21 12:34:28,610][flwr][INFO] - 
[2024-06-21 12:34:28,610][flwr][INFO] - [ROUND 3]
[2024-06-21 12:34:28,610][flwr][INFO] - configure_fit: strategy sampled 10 clients (out of 100)
[2024-06-21 12:34:34,593][flwr][INFO] - aggregate_fit: received 10 results and 0 failures
[2024-06-21 12:34:34,959][flwr][INFO] - fit progress: (3, 32.07912436872721, {'accuracy': 0.8884, 'precision': 0.8927230063446637, 'recall': 0.8884, 'f1': 0.8886670336731016, 'confusion_matrix': array([[ 957,    0,    2,    4,    0,    9,    4,    1,    3,    0],
       [   0, 1093,    6,    8,    1,    2,    3,    0,   22,    0],
       [  11,    4,  889,   48,   21,    0,   13,    9,   31,    6],
       [   4,    2,   20,  913,    0,   32,    0,    8,   21,   10],
       [   2,    1,    6,    0,  858,    1,   12,    0,    4,   98],
       [  12,    3,    7,   53,   11,  760,    9,    5,   21,   11],
       [  27,    4,   15,    0,   23,   29,  854,    1,    5,    0],
       [   4,   13,   46,   14,    6,    1,    0,  819,    4,  121],
       [   4,    5,   13,   58,   13,   35,    5,    1,  811,   29],
       [  14,    6,    5,   10,   20,    9,    0,    7,    8,  930]])}, 24.631422916000002)
[2024-06-21 12:34:34,960][flwr][INFO] - configure_evaluate: no clients selected, skipping evaluation
[2024-06-21 12:34:34,960][flwr][INFO] - 
[2024-06-21 12:34:34,960][flwr][INFO] - [ROUND 4]
[2024-06-21 12:34:34,960][flwr][INFO] - configure_fit: strategy sampled 10 clients (out of 100)
[2024-06-21 12:34:42,485][flwr][INFO] - aggregate_fit: received 10 results and 0 failures
[2024-06-21 12:34:42,885][flwr][INFO] - fit progress: (4, 28.871055223047733, {'accuracy': 0.9056, 'precision': 0.9070149623957513, 'recall': 0.9056, 'f1': 0.9056193485669175, 'confusion_matrix': array([[ 951,    0,    2,    2,    0,   14,    7,    1,    3,    0],
       [   0, 1104,    8,    3,    1,    0,    3,    1,   15,    0],
       [   9,    4,  914,   22,   15,    1,   13,   17,   33,    4],
       [   3,    2,   23,  869,    0,   60,    0,   15,   24,   14],
       [   1,    2,    5,    0,  933,    1,   12,    0,    4,   24],
       [   8,    3,    5,   29,    8,  802,    8,    7,   16,    6],
       [  17,    3,    5,    0,   15,   25,  890,    1,    2,    0],
       [   3,   12,   30,    6,    9,    1,    0,  903,    2,   62],
       [   4,    5,   11,   20,   18,   61,    9,    2,  818,   26],
       [   8,    5,    1,    6,   84,   19,    1,    9,    4,  872]])}, 32.556600749999994)
[2024-06-21 12:34:42,885][flwr][INFO] - configure_evaluate: no clients selected, skipping evaluation
[2024-06-21 12:34:42,885][flwr][INFO] - 
[2024-06-21 12:34:42,885][flwr][INFO] - [ROUND 5]
[2024-06-21 12:34:42,886][flwr][INFO] - configure_fit: strategy sampled 10 clients (out of 100)
[2024-06-21 12:34:48,565][flwr][INFO] - aggregate_fit: received 10 results and 0 failures
[2024-06-21 12:34:48,910][flwr][INFO] - fit progress: (5, 26.294558234512806, {'accuracy': 0.9154, 'precision': 0.9167286939673847, 'recall': 0.9154, 'f1': 0.9155437802449409, 'confusion_matrix': array([[ 955,    0,    1,    3,    0,    7,    8,    1,    5,    0],
       [   0, 1102,    2,    4,    1,    0,    3,    1,   22,    0],
       [  10,    6,  894,   29,   11,    3,   13,   11,   53,    2],
       [   3,    1,   13,  905,    1,   32,    1,   14,   32,    8],
       [   1,    1,    5,    0,  911,    3,   17,    0,   10,   34],
       [   9,    2,    3,   32,    6,  782,    7,    4,   40,    7],
       [  17,    3,    3,    1,    9,   28,  887,    1,    9,    0],
       [   4,   10,   28,    6,    7,    1,    0,  923,    5,   44],
       [   4,    3,    3,   18,   10,   24,    6,    2,  894,   10],
       [  15,    6,    2,    7,   47,    9,    1,    9,   12,  901]])}, 38.582125333)
[2024-06-21 12:34:48,911][flwr][INFO] - configure_evaluate: no clients selected, skipping evaluation
[2024-06-21 12:34:48,911][flwr][INFO] - 
[2024-06-21 12:34:48,911][flwr][INFO] - [ROUND 6]
[2024-06-21 12:34:48,911][flwr][INFO] - configure_fit: strategy sampled 10 clients (out of 100)
[2024-06-21 12:34:53,578][flwr][INFO] - aggregate_fit: received 10 results and 0 failures
[2024-06-21 12:34:53,916][flwr][INFO] - fit progress: (6, 23.095648013055325, {'accuracy': 0.9228, 'precision': 0.9235390417965571, 'recall': 0.9228, 'f1': 0.9229283723300202, 'confusion_matrix': array([[ 959,    0,    0,    2,    0,    8,    7,    1,    3,    0],
       [   0, 1094,    4,    5,    1,    3,    5,    1,   22,    0],
       [   9,    0,  937,   27,   13,    2,    8,   13,   21,    2],
       [   2,    0,   14,  922,    2,   32,    0,   13,   16,    9],
       [   1,    0,    6,    0,  920,    2,   11,    0,    4,   38],
       [   6,    1,    6,   30,    4,  807,    6,    4,   21,    7],
       [   9,    3,    5,    0,   16,   20,  900,    1,    4,    0],
       [   2,    6,   25,    9,    7,    3,    0,  924,    0,   52],
       [   3,    2,   11,   33,   10,   34,    8,    4,  846,   23],
       [   7,    3,    2,   10,   38,   15,    1,    9,    5,  919]])}, 43.587179207999995)
[2024-06-21 12:34:53,916][flwr][INFO] - configure_evaluate: no clients selected, skipping evaluation
[2024-06-21 12:34:53,916][flwr][INFO] - 
[2024-06-21 12:34:53,916][flwr][INFO] - [ROUND 7]
[2024-06-21 12:34:53,916][flwr][INFO] - configure_fit: strategy sampled 10 clients (out of 100)
[2024-06-21 12:34:59,210][flwr][INFO] - aggregate_fit: received 10 results and 0 failures
[2024-06-21 12:34:59,588][flwr][INFO] - fit progress: (7, 23.95157278329134, {'accuracy': 0.922, 'precision': 0.9237434817767628, 'recall': 0.922, 'f1': 0.9223303683699321, 'confusion_matrix': array([[ 952,    0,    1,    1,    1,    9,    9,    1,    6,    0],
       [   0, 1097,    3,    4,    1,    1,    3,    1,   25,    0],
       [   4,    1,  928,   31,   14,    4,    9,   10,   29,    2],
       [   1,    1,    6,  902,    2,   39,    0,   11,   39,    9],
       [   1,    1,    4,    0,  912,    3,   13,    0,   13,   35],
       [   5,    1,    2,   23,    3,  816,    6,    3,   28,    5],
       [   5,    3,    3,    1,   19,   24,  897,    0,    6,    0],
       [   1,   12,   27,    7,    7,    2,    0,  907,    2,   63],
       [   3,    2,    4,   12,    7,   27,    8,    2,  901,    8],
       [   7,    4,    0,    9,   44,   12,    1,    4,   20,  908]])}, 49.259492541)
[2024-06-21 12:34:59,589][flwr][INFO] - configure_evaluate: no clients selected, skipping evaluation
[2024-06-21 12:34:59,589][flwr][INFO] - 
[2024-06-21 12:34:59,589][flwr][INFO] - [ROUND 8]
[2024-06-21 12:34:59,589][flwr][INFO] - configure_fit: strategy sampled 10 clients (out of 100)
[2024-06-21 12:35:05,167][flwr][INFO] - aggregate_fit: received 10 results and 0 failures
[2024-06-21 12:35:05,539][flwr][INFO] - fit progress: (8, 20.273258140310645, {'accuracy': 0.9262, 'precision': 0.9277750461175991, 'recall': 0.9262, 'f1': 0.9264039235381372, 'confusion_matrix': array([[ 958,    0,    0,    0,    0,    7,    6,    2,    7,    0],
       [   0, 1106,    3,    3,    1,    0,    3,    1,   18,    0],
       [   5,    1,  938,   15,   15,    5,    3,   13,   35,    2],
       [   3,    2,    6,  881,    4,   47,    0,   15,   40,   12],
       [   1,    0,    5,    0,  933,    2,    9,    0,    4,   28],
       [   7,    1,    1,   14,    8,  821,   11,    5,   19,    5],
       [   8,    3,    2,    0,   24,   18,  896,    0,    7,    0],
       [   1,    7,   25,    7,    8,    2,    0,  921,    3,   54],
       [   3,    4,    4,   10,   14,   23,    6,    3,  895,   12],
       [   3,    5,    1,    4,   55,   12,    1,    5,   10,  913]])}, 55.209715165999995)
[2024-06-21 12:35:05,539][flwr][INFO] - configure_evaluate: no clients selected, skipping evaluation
[2024-06-21 12:35:05,539][flwr][INFO] - 
[2024-06-21 12:35:05,539][flwr][INFO] - [ROUND 9]
[2024-06-21 12:35:05,539][flwr][INFO] - configure_fit: strategy sampled 10 clients (out of 100)
[2024-06-21 12:35:11,146][flwr][INFO] - aggregate_fit: received 10 results and 0 failures
[2024-06-21 12:35:11,561][flwr][INFO] - fit progress: (9, 20.200476828962564, {'accuracy': 0.935, 'precision': 0.9356368016768826, 'recall': 0.935, 'f1': 0.9351112292735323, 'confusion_matrix': array([[ 961,    0,    1,    1,    0,    6,    7,    1,    3,    0],
       [   0, 1093,    9,    3,    0,    0,    5,    0,   25,    0],
       [   7,    1,  968,   16,    6,    2,    6,   12,   14,    0],
       [   1,    0,   17,  917,    2,   34,    0,   12,   21,    6],
       [   1,    0,    6,    0,  907,    6,   17,    1,   11,   33],
       [   5,    1,    4,   14,    1,  830,   12,    3,   19,    3],
       [   9,    3,    4,    0,    4,   17,  915,    1,    5,    0],
       [   2,    4,   36,    9,    4,    2,    0,  940,    3,   28],
       [   2,    1,    8,   20,    6,   23,    9,    3,  899,    3],
       [  10,    4,    0,   10,   27,   17,    2,    7,   12,  920]])}, 61.232068666)
[2024-06-21 12:35:11,562][flwr][INFO] - configure_evaluate: no clients selected, skipping evaluation
[2024-06-21 12:35:11,562][flwr][INFO] - 
[2024-06-21 12:35:11,562][flwr][INFO] - [ROUND 10]
[2024-06-21 12:35:11,562][flwr][INFO] - configure_fit: strategy sampled 10 clients (out of 100)
[2024-06-21 12:35:17,416][flwr][INFO] - aggregate_fit: received 10 results and 0 failures
[2024-06-21 12:35:17,831][flwr][INFO] - fit progress: (10, 19.176730453968048, {'accuracy': 0.9325, 'precision': 0.9337954875354569, 'recall': 0.9325, 'f1': 0.9326186403061886, 'confusion_matrix': array([[ 967,    0,    0,    1,    0,    4,    1,    2,    4,    1],
       [   0, 1110,    3,    3,    1,    0,    3,    0,   15,    0],
       [  14,    1,  926,   29,   12,    0,    3,   17,   27,    3],
       [   2,    2,    4,  919,    4,   24,    0,   10,   32,   13],
       [   1,    0,    5,    0,  924,    3,    8,    0,    7,   34],
       [   9,    1,    1,   17,    4,  815,    8,    3,   25,    9],
       [  13,    3,    2,    0,   16,   22,  891,    0,   10,    1],
       [   3,    8,   19,   10,    6,    1,    1,  921,    1,   58],
       [   3,    3,    2,   15,    7,   10,    1,    3,  919,   11],
       [   9,    4,    0,    5,   34,    6,    1,    4,   13,  933]])}, 67.502010458)
[2024-06-21 12:35:17,832][flwr][INFO] - configure_evaluate: no clients selected, skipping evaluation
[2024-06-21 12:35:17,832][flwr][INFO] - 
[2024-06-21 12:35:17,832][flwr][INFO] - [SUMMARY]
[2024-06-21 12:35:17,832][flwr][INFO] - Run finished 10 round(s) in 67.50s
[2024-06-21 12:35:17,836][flwr][INFO] - 	History (loss, centralized):
[2024-06-21 12:35:17,839][flwr][INFO] - 		round 0: 181.76928067207336
[2024-06-21 12:35:17,839][flwr][INFO] - 		round 1: 79.22461307048798
[2024-06-21 12:35:17,839][flwr][INFO] - 		round 2: 38.33731152117252
[2024-06-21 12:35:17,839][flwr][INFO] - 		round 3: 32.07912436872721
[2024-06-21 12:35:17,839][flwr][INFO] - 		round 4: 28.871055223047733
[2024-06-21 12:35:17,839][flwr][INFO] - 		round 5: 26.294558234512806
[2024-06-21 12:35:17,839][flwr][INFO] - 		round 6: 23.095648013055325
[2024-06-21 12:35:17,839][flwr][INFO] - 		round 7: 23.95157278329134
[2024-06-21 12:35:17,839][flwr][INFO] - 		round 8: 20.273258140310645
[2024-06-21 12:35:17,839][flwr][INFO] - 		round 9: 20.200476828962564
[2024-06-21 12:35:17,839][flwr][INFO] - 		round 10: 19.176730453968048
[2024-06-21 12:35:17,839][flwr][INFO] - 	History (metrics, centralized):
[2024-06-21 12:35:17,839][flwr][INFO] - 	{'accuracy': [(0, 0.1086),
[2024-06-21 12:35:17,839][flwr][INFO] - 	              (1, 0.75),
[2024-06-21 12:35:17,839][flwr][INFO] - 	              (2, 0.8793),
[2024-06-21 12:35:17,839][flwr][INFO] - 	              (3, 0.8884),
[2024-06-21 12:35:17,839][flwr][INFO] - 	              (4, 0.9056),
[2024-06-21 12:35:17,839][flwr][INFO] - 	              (5, 0.9154),
[2024-06-21 12:35:17,839][flwr][INFO] - 	              (6, 0.9228),
[2024-06-21 12:35:17,839][flwr][INFO] - 	              (7, 0.922),
[2024-06-21 12:35:17,839][flwr][INFO] - 	              (8, 0.9262),
[2024-06-21 12:35:17,839][flwr][INFO] - 	              (9, 0.935),
[2024-06-21 12:35:17,839][flwr][INFO] - 	              (10, 0.9325)],
[2024-06-21 12:35:17,839][flwr][INFO] - 	 'confusion_matrix': [(0,
[2024-06-21 12:35:17,839][flwr][INFO] - 	                       array([[   0,    8,    0,  956,    0,    1,    0,   15,    0,    0],
[2024-06-21 12:35:17,839][flwr][INFO] - 	       [   0,  122,    0, 1013,    0,    0,    0,    0,    0,    0],
[2024-06-21 12:35:17,839][flwr][INFO] - 	       [   0,   38,    0,  971,    0,    0,    3,   19,    1,    0],
[2024-06-21 12:35:17,839][flwr][INFO] - 	       [   0,   44,    0,  945,    1,    1,    0,   17,    2,    0],
[2024-06-21 12:35:17,839][flwr][INFO] - 	       [   0,  143,    0,  816,    1,    0,    2,   20,    0,    0],
[2024-06-21 12:35:17,839][flwr][INFO] - 	       [   0,  118,    0,  735,    1,    7,    0,   30,    1,    0],
[2024-06-21 12:35:17,839][flwr][INFO] - 	       [   0,  144,    0,  749,   25,    0,    2,   38,    0,    0],
[2024-06-21 12:35:17,839][flwr][INFO] - 	       [   0,  272,    0,  724,    8,    0,    0,    9,   15,    0],
[2024-06-21 12:35:17,839][flwr][INFO] - 	       [   0,   81,    0,  859,    1,    0,    1,   32,    0,    0],
[2024-06-21 12:35:17,839][flwr][INFO] - 	       [   0,  178,    0,  799,    1,    0,    0,   31,    0,    0]])),
[2024-06-21 12:35:17,839][flwr][INFO] - 	                      (1,
[2024-06-21 12:35:17,839][flwr][INFO] - 	                       array([[ 877,    0,   12,    1,    0,    6,   82,    2,    0,    0],
[2024-06-21 12:35:17,839][flwr][INFO] - 	       [   0, 1027,   59,   18,    9,    3,    6,    1,   12,    0],
[2024-06-21 12:35:17,839][flwr][INFO] - 	       [  16,    2,  880,   49,   13,    1,   45,   20,    5,    1],
[2024-06-21 12:35:17,839][flwr][INFO] - 	       [  13,    1,  137,  726,    4,   42,   21,   39,   14,   13],
[2024-06-21 12:35:17,839][flwr][INFO] - 	       [   0,    0,   10,    0,  887,    0,   41,    9,    1,   34],
[2024-06-21 12:35:17,839][flwr][INFO] - 	       [  40,    6,   37,  108,   59,  477,  104,   48,    8,    5],
[2024-06-21 12:35:17,839][flwr][INFO] - 	       [  12,    3,   13,    1,   15,    8,  906,    0,    0,    0],
[2024-06-21 12:35:17,839][flwr][INFO] - 	       [   1,    7,   51,    3,   12,    0,    2,  939,    0,   13],
[2024-06-21 12:35:17,839][flwr][INFO] - 	       [  22,    3,  203,  170,   35,   70,   50,   51,  317,   53],
[2024-06-21 12:35:17,839][flwr][INFO] - 	       [  18,    5,   14,    6,  190,    3,    2,  306,    1,  464]])),
[2024-06-21 12:35:17,839][flwr][INFO] - 	                      (2,
[2024-06-21 12:35:17,840][flwr][INFO] - 	                       array([[ 957,    0,    2,    2,    0,    7,    8,    1,    3,    0],
[2024-06-21 12:35:17,840][flwr][INFO] - 	       [   0, 1068,   14,    4,    1,    4,    3,    0,   41,    0],
[2024-06-21 12:35:17,840][flwr][INFO] - 	       [  20,    5,  864,   32,   20,    4,   23,   14,   41,    9],
[2024-06-21 12:35:17,840][flwr][INFO] - 	       [  10,    2,   22,  867,    1,   45,    3,   14,   39,    7],
[2024-06-21 12:35:17,840][flwr][INFO] - 	       [   1,    1,    5,    0,  933,    0,   16,    0,    7,   19],
[2024-06-21 12:35:17,840][flwr][INFO] - 	       [  23,    3,    7,   54,   16,  733,   21,    8,   21,    6],
[2024-06-21 12:35:17,840][flwr][INFO] - 	       [  25,    4,    4,    0,   18,   22,  882,    0,    3,    0],
[2024-06-21 12:35:17,840][flwr][INFO] - 	       [   7,   15,   33,    3,   10,    0,    0,  885,   20,   55],
[2024-06-21 12:35:17,840][flwr][INFO] - 	       [  13,    4,   12,   41,   18,   54,   15,    7,  801,    9],
[2024-06-21 12:35:17,840][flwr][INFO] - 	       [  16,    6,    1,    5,  100,   15,    2,   28,   33,  803]])),
[2024-06-21 12:35:17,840][flwr][INFO] - 	                      (3,
[2024-06-21 12:35:17,840][flwr][INFO] - 	                       array([[ 957,    0,    2,    4,    0,    9,    4,    1,    3,    0],
[2024-06-21 12:35:17,840][flwr][INFO] - 	       [   0, 1093,    6,    8,    1,    2,    3,    0,   22,    0],
[2024-06-21 12:35:17,840][flwr][INFO] - 	       [  11,    4,  889,   48,   21,    0,   13,    9,   31,    6],
[2024-06-21 12:35:17,840][flwr][INFO] - 	       [   4,    2,   20,  913,    0,   32,    0,    8,   21,   10],
[2024-06-21 12:35:17,840][flwr][INFO] - 	       [   2,    1,    6,    0,  858,    1,   12,    0,    4,   98],
[2024-06-21 12:35:17,840][flwr][INFO] - 	       [  12,    3,    7,   53,   11,  760,    9,    5,   21,   11],
[2024-06-21 12:35:17,840][flwr][INFO] - 	       [  27,    4,   15,    0,   23,   29,  854,    1,    5,    0],
[2024-06-21 12:35:17,840][flwr][INFO] - 	       [   4,   13,   46,   14,    6,    1,    0,  819,    4,  121],
[2024-06-21 12:35:17,840][flwr][INFO] - 	       [   4,    5,   13,   58,   13,   35,    5,    1,  811,   29],
[2024-06-21 12:35:17,840][flwr][INFO] - 	       [  14,    6,    5,   10,   20,    9,    0,    7,    8,  930]])),
[2024-06-21 12:35:17,840][flwr][INFO] - 	                      (4,
[2024-06-21 12:35:17,840][flwr][INFO] - 	                       array([[ 951,    0,    2,    2,    0,   14,    7,    1,    3,    0],
[2024-06-21 12:35:17,840][flwr][INFO] - 	       [   0, 1104,    8,    3,    1,    0,    3,    1,   15,    0],
[2024-06-21 12:35:17,840][flwr][INFO] - 	       [   9,    4,  914,   22,   15,    1,   13,   17,   33,    4],
[2024-06-21 12:35:17,840][flwr][INFO] - 	       [   3,    2,   23,  869,    0,   60,    0,   15,   24,   14],
[2024-06-21 12:35:17,840][flwr][INFO] - 	       [   1,    2,    5,    0,  933,    1,   12,    0,    4,   24],
[2024-06-21 12:35:17,840][flwr][INFO] - 	       [   8,    3,    5,   29,    8,  802,    8,    7,   16,    6],
[2024-06-21 12:35:17,840][flwr][INFO] - 	       [  17,    3,    5,    0,   15,   25,  890,    1,    2,    0],
[2024-06-21 12:35:17,840][flwr][INFO] - 	       [   3,   12,   30,    6,    9,    1,    0,  903,    2,   62],
[2024-06-21 12:35:17,840][flwr][INFO] - 	       [   4,    5,   11,   20,   18,   61,    9,    2,  818,   26],
[2024-06-21 12:35:17,840][flwr][INFO] - 	       [   8,    5,    1,    6,   84,   19,    1,    9,    4,  872]])),
[2024-06-21 12:35:17,840][flwr][INFO] - 	                      (5,
[2024-06-21 12:35:17,840][flwr][INFO] - 	                       array([[ 955,    0,    1,    3,    0,    7,    8,    1,    5,    0],
[2024-06-21 12:35:17,840][flwr][INFO] - 	       [   0, 1102,    2,    4,    1,    0,    3,    1,   22,    0],
[2024-06-21 12:35:17,840][flwr][INFO] - 	       [  10,    6,  894,   29,   11,    3,   13,   11,   53,    2],
[2024-06-21 12:35:17,840][flwr][INFO] - 	       [   3,    1,   13,  905,    1,   32,    1,   14,   32,    8],
[2024-06-21 12:35:17,840][flwr][INFO] - 	       [   1,    1,    5,    0,  911,    3,   17,    0,   10,   34],
[2024-06-21 12:35:17,840][flwr][INFO] - 	       [   9,    2,    3,   32,    6,  782,    7,    4,   40,    7],
[2024-06-21 12:35:17,840][flwr][INFO] - 	       [  17,    3,    3,    1,    9,   28,  887,    1,    9,    0],
[2024-06-21 12:35:17,840][flwr][INFO] - 	       [   4,   10,   28,    6,    7,    1,    0,  923,    5,   44],
[2024-06-21 12:35:17,840][flwr][INFO] - 	       [   4,    3,    3,   18,   10,   24,    6,    2,  894,   10],
[2024-06-21 12:35:17,840][flwr][INFO] - 	       [  15,    6,    2,    7,   47,    9,    1,    9,   12,  901]])),
[2024-06-21 12:35:17,840][flwr][INFO] - 	                      (6,
[2024-06-21 12:35:17,840][flwr][INFO] - 	                       array([[ 959,    0,    0,    2,    0,    8,    7,    1,    3,    0],
[2024-06-21 12:35:17,840][flwr][INFO] - 	       [   0, 1094,    4,    5,    1,    3,    5,    1,   22,    0],
[2024-06-21 12:35:17,840][flwr][INFO] - 	       [   9,    0,  937,   27,   13,    2,    8,   13,   21,    2],
[2024-06-21 12:35:17,840][flwr][INFO] - 	       [   2,    0,   14,  922,    2,   32,    0,   13,   16,    9],
[2024-06-21 12:35:17,840][flwr][INFO] - 	       [   1,    0,    6,    0,  920,    2,   11,    0,    4,   38],
[2024-06-21 12:35:17,840][flwr][INFO] - 	       [   6,    1,    6,   30,    4,  807,    6,    4,   21,    7],
[2024-06-21 12:35:17,840][flwr][INFO] - 	       [   9,    3,    5,    0,   16,   20,  900,    1,    4,    0],
[2024-06-21 12:35:17,840][flwr][INFO] - 	       [   2,    6,   25,    9,    7,    3,    0,  924,    0,   52],
[2024-06-21 12:35:17,840][flwr][INFO] - 	       [   3,    2,   11,   33,   10,   34,    8,    4,  846,   23],
[2024-06-21 12:35:17,840][flwr][INFO] - 	       [   7,    3,    2,   10,   38,   15,    1,    9,    5,  919]])),
[2024-06-21 12:35:17,840][flwr][INFO] - 	                      (7,
[2024-06-21 12:35:17,840][flwr][INFO] - 	                       array([[ 952,    0,    1,    1,    1,    9,    9,    1,    6,    0],
[2024-06-21 12:35:17,841][flwr][INFO] - 	       [   0, 1097,    3,    4,    1,    1,    3,    1,   25,    0],
[2024-06-21 12:35:17,841][flwr][INFO] - 	       [   4,    1,  928,   31,   14,    4,    9,   10,   29,    2],
[2024-06-21 12:35:17,841][flwr][INFO] - 	       [   1,    1,    6,  902,    2,   39,    0,   11,   39,    9],
[2024-06-21 12:35:17,841][flwr][INFO] - 	       [   1,    1,    4,    0,  912,    3,   13,    0,   13,   35],
[2024-06-21 12:35:17,841][flwr][INFO] - 	       [   5,    1,    2,   23,    3,  816,    6,    3,   28,    5],
[2024-06-21 12:35:17,841][flwr][INFO] - 	       [   5,    3,    3,    1,   19,   24,  897,    0,    6,    0],
[2024-06-21 12:35:17,841][flwr][INFO] - 	       [   1,   12,   27,    7,    7,    2,    0,  907,    2,   63],
[2024-06-21 12:35:17,841][flwr][INFO] - 	       [   3,    2,    4,   12,    7,   27,    8,    2,  901,    8],
[2024-06-21 12:35:17,841][flwr][INFO] - 	       [   7,    4,    0,    9,   44,   12,    1,    4,   20,  908]])),
[2024-06-21 12:35:17,841][flwr][INFO] - 	                      (8,
[2024-06-21 12:35:17,841][flwr][INFO] - 	                       array([[ 958,    0,    0,    0,    0,    7,    6,    2,    7,    0],
[2024-06-21 12:35:17,841][flwr][INFO] - 	       [   0, 1106,    3,    3,    1,    0,    3,    1,   18,    0],
[2024-06-21 12:35:17,841][flwr][INFO] - 	       [   5,    1,  938,   15,   15,    5,    3,   13,   35,    2],
[2024-06-21 12:35:17,841][flwr][INFO] - 	       [   3,    2,    6,  881,    4,   47,    0,   15,   40,   12],
[2024-06-21 12:35:17,841][flwr][INFO] - 	       [   1,    0,    5,    0,  933,    2,    9,    0,    4,   28],
[2024-06-21 12:35:17,841][flwr][INFO] - 	       [   7,    1,    1,   14,    8,  821,   11,    5,   19,    5],
[2024-06-21 12:35:17,841][flwr][INFO] - 	       [   8,    3,    2,    0,   24,   18,  896,    0,    7,    0],
[2024-06-21 12:35:17,841][flwr][INFO] - 	       [   1,    7,   25,    7,    8,    2,    0,  921,    3,   54],
[2024-06-21 12:35:17,841][flwr][INFO] - 	       [   3,    4,    4,   10,   14,   23,    6,    3,  895,   12],
[2024-06-21 12:35:17,841][flwr][INFO] - 	       [   3,    5,    1,    4,   55,   12,    1,    5,   10,  913]])),
[2024-06-21 12:35:17,841][flwr][INFO] - 	                      (9,
[2024-06-21 12:35:17,841][flwr][INFO] - 	                       array([[ 961,    0,    1,    1,    0,    6,    7,    1,    3,    0],
[2024-06-21 12:35:17,841][flwr][INFO] - 	       [   0, 1093,    9,    3,    0,    0,    5,    0,   25,    0],
[2024-06-21 12:35:17,841][flwr][INFO] - 	       [   7,    1,  968,   16,    6,    2,    6,   12,   14,    0],
[2024-06-21 12:35:17,841][flwr][INFO] - 	       [   1,    0,   17,  917,    2,   34,    0,   12,   21,    6],
[2024-06-21 12:35:17,841][flwr][INFO] - 	       [   1,    0,    6,    0,  907,    6,   17,    1,   11,   33],
[2024-06-21 12:35:17,841][flwr][INFO] - 	       [   5,    1,    4,   14,    1,  830,   12,    3,   19,    3],
[2024-06-21 12:35:17,841][flwr][INFO] - 	       [   9,    3,    4,    0,    4,   17,  915,    1,    5,    0],
[2024-06-21 12:35:17,841][flwr][INFO] - 	       [   2,    4,   36,    9,    4,    2,    0,  940,    3,   28],
[2024-06-21 12:35:17,841][flwr][INFO] - 	       [   2,    1,    8,   20,    6,   23,    9,    3,  899,    3],
[2024-06-21 12:35:17,841][flwr][INFO] - 	       [  10,    4,    0,   10,   27,   17,    2,    7,   12,  920]])),
[2024-06-21 12:35:17,841][flwr][INFO] - 	                      (10,
[2024-06-21 12:35:17,841][flwr][INFO] - 	                       array([[ 967,    0,    0,    1,    0,    4,    1,    2,    4,    1],
[2024-06-21 12:35:17,841][flwr][INFO] - 	       [   0, 1110,    3,    3,    1,    0,    3,    0,   15,    0],
[2024-06-21 12:35:17,841][flwr][INFO] - 	       [  14,    1,  926,   29,   12,    0,    3,   17,   27,    3],
[2024-06-21 12:35:17,841][flwr][INFO] - 	       [   2,    2,    4,  919,    4,   24,    0,   10,   32,   13],
[2024-06-21 12:35:17,841][flwr][INFO] - 	       [   1,    0,    5,    0,  924,    3,    8,    0,    7,   34],
[2024-06-21 12:35:17,841][flwr][INFO] - 	       [   9,    1,    1,   17,    4,  815,    8,    3,   25,    9],
[2024-06-21 12:35:17,841][flwr][INFO] - 	       [  13,    3,    2,    0,   16,   22,  891,    0,   10,    1],
[2024-06-21 12:35:17,841][flwr][INFO] - 	       [   3,    8,   19,   10,    6,    1,    1,  921,    1,   58],
[2024-06-21 12:35:17,841][flwr][INFO] - 	       [   3,    3,    2,   15,    7,   10,    1,    3,  919,   11],
[2024-06-21 12:35:17,841][flwr][INFO] - 	       [   9,    4,    0,    5,   34,    6,    1,    4,   13,  933]]))],
[2024-06-21 12:35:17,841][flwr][INFO] - 	 'f1': [(0, 0.03553137346181725),
[2024-06-21 12:35:17,841][flwr][INFO] - 	        (1, 0.7357814480248704),
[2024-06-21 12:35:17,841][flwr][INFO] - 	        (2, 0.8789511475775631),
[2024-06-21 12:35:17,841][flwr][INFO] - 	        (3, 0.8886670336731016),
[2024-06-21 12:35:17,841][flwr][INFO] - 	        (4, 0.9056193485669175),
[2024-06-21 12:35:17,841][flwr][INFO] - 	        (5, 0.9155437802449409),
[2024-06-21 12:35:17,841][flwr][INFO] - 	        (6, 0.9229283723300202),
[2024-06-21 12:35:17,841][flwr][INFO] - 	        (7, 0.9223303683699321),
[2024-06-21 12:35:17,841][flwr][INFO] - 	        (8, 0.9264039235381372),
[2024-06-21 12:35:17,841][flwr][INFO] - 	        (9, 0.9351112292735323),
[2024-06-21 12:35:17,841][flwr][INFO] - 	        (10, 0.9326186403061886)],
[2024-06-21 12:35:17,841][flwr][INFO] - 	 'precision': [(0, 0.12349967530374152),
[2024-06-21 12:35:17,841][flwr][INFO] - 	               (1, 0.773151334588307),
[2024-06-21 12:35:17,841][flwr][INFO] - 	               (2, 0.8807029325871499),
[2024-06-21 12:35:17,842][flwr][INFO] - 	               (3, 0.8927230063446637),
[2024-06-21 12:35:17,842][flwr][INFO] - 	               (4, 0.9070149623957513),
[2024-06-21 12:35:17,842][flwr][INFO] - 	               (5, 0.9167286939673847),
[2024-06-21 12:35:17,842][flwr][INFO] - 	               (6, 0.9235390417965571),
[2024-06-21 12:35:17,842][flwr][INFO] - 	               (7, 0.9237434817767628),
[2024-06-21 12:35:17,842][flwr][INFO] - 	               (8, 0.9277750461175991),
[2024-06-21 12:35:17,842][flwr][INFO] - 	               (9, 0.9356368016768826),
[2024-06-21 12:35:17,842][flwr][INFO] - 	               (10, 0.9337954875354569)],
[2024-06-21 12:35:17,842][flwr][INFO] - 	 'recall': [(0, 0.1086),
[2024-06-21 12:35:17,842][flwr][INFO] - 	            (1, 0.75),
[2024-06-21 12:35:17,842][flwr][INFO] - 	            (2, 0.8793),
[2024-06-21 12:35:17,842][flwr][INFO] - 	            (3, 0.8884),
[2024-06-21 12:35:17,842][flwr][INFO] - 	            (4, 0.9056),
[2024-06-21 12:35:17,842][flwr][INFO] - 	            (5, 0.9154),
[2024-06-21 12:35:17,842][flwr][INFO] - 	            (6, 0.9228),
[2024-06-21 12:35:17,842][flwr][INFO] - 	            (7, 0.922),
[2024-06-21 12:35:17,842][flwr][INFO] - 	            (8, 0.9262),
[2024-06-21 12:35:17,842][flwr][INFO] - 	            (9, 0.935),
[2024-06-21 12:35:17,842][flwr][INFO] - 	            (10, 0.9325)]}
[2024-06-21 12:35:17,842][flwr][INFO] - 
