[2024-06-20 19:01:30,100][flwr][INFO] - Starting Flower simulation, config: num_rounds=10, no round_timeout
[2024-06-20 19:01:31,184][flwr][INFO] - Flower VCE: Ray initialized with resources: {'memory': 9960556135.0, 'node:127.0.0.1': 1.0, 'node:__internal_head__': 1.0, 'CPU': 12.0, 'object_store_memory': 2147483648.0}
[2024-06-20 19:01:31,184][flwr][INFO] - Optimize your simulation with Flower VCE: https://flower.ai/docs/framework/how-to-run-simulations.html
[2024-06-20 19:01:31,184][flwr][INFO] - Flower VCE: Resources for each Virtual Client: {'num_cpus': 2, 'num_gpus': 0}
[2024-06-20 19:01:31,190][flwr][INFO] - Flower VCE: Creating VirtualClientEngineActorPool with 6 actors
[2024-06-20 19:01:31,191][flwr][INFO] - [INIT]
[2024-06-20 19:01:31,191][flwr][INFO] - Requesting initial parameters from one random client
[2024-06-20 19:01:33,209][flwr][INFO] - Received initial parameters from one random client
[2024-06-20 19:01:33,209][flwr][INFO] - Evaluating initial global parameters
[2024-06-20 19:01:33,642][flwr][INFO] - initial parameters (loss, other metrics): 181.76928067207336, {'accuracy': 0.1086, 'precision': 0.12349967530374152, 'recall': 0.1086, 'f1': 0.03553137346181725, 'confusion_matrix': array([[   0,    8,    0,  956,    0,    1,    0,   15,    0,    0],
       [   0,  122,    0, 1013,    0,    0,    0,    0,    0,    0],
       [   0,   38,    0,  971,    0,    0,    3,   19,    1,    0],
       [   0,   44,    0,  945,    1,    1,    0,   17,    2,    0],
       [   0,  143,    0,  816,    1,    0,    2,   20,    0,    0],
       [   0,  118,    0,  735,    1,    7,    0,   30,    1,    0],
       [   0,  144,    0,  749,   25,    0,    2,   38,    0,    0],
       [   0,  272,    0,  724,    8,    0,    0,    9,   15,    0],
       [   0,   81,    0,  859,    1,    0,    1,   32,    0,    0],
       [   0,  178,    0,  799,    1,    0,    0,   31,    0,    0]])}
[2024-06-20 19:01:33,642][flwr][INFO] - 
[2024-06-20 19:01:33,642][flwr][INFO] - [ROUND 1]
[2024-06-20 19:01:33,643][flwr][INFO] - configure_fit: strategy sampled 10 clients (out of 100)
[2024-06-20 19:01:40,771][flwr][INFO] - aggregate_fit: received 10 results and 0 failures
[2024-06-20 19:01:40,778][flwr][WARNING] - No fit_metrics_aggregation_fn provided
[2024-06-20 19:01:41,225][flwr][INFO] - fit progress: (1, 1065.4881067276, {'accuracy': 0.1773, 'precision': 0.1850487025839796, 'recall': 0.1773, 'f1': 0.12919915457961348, 'confusion_matrix': array([[  5,  41, 795,   0,   1,   2,  69,  31,  28,   8],
       [  1,  36, 975,   1,   3,   0,   1,  46,  13,  59],
       [  4,  53, 908,   0,   5,   0,  11,  10,  22,  19],
       [  1,  50, 741,   0,   0,   0,   4, 158,  31,  25],
       [ 23, 202, 173,   0,  29,   1,  45, 132, 254, 123],
       [ 25,  86, 619,   9,   2,   0,  21,  78,  33,  19],
       [ 29,  34, 292,   3,  13,   3, 369,  12, 173,  30],
       [  0,  20, 595,   1,   0,   0,   2, 304,  67,  39],
       [ 15, 117, 646,   1,   8,   1,  11,  34,  28, 113],
       [  9,  82, 358,   0,   3,   0,  14, 260, 189,  94]])}, 7.582953916)
[2024-06-20 19:01:41,225][flwr][INFO] - configure_evaluate: no clients selected, skipping evaluation
[2024-06-20 19:01:41,226][flwr][INFO] - 
[2024-06-20 19:01:41,226][flwr][INFO] - [ROUND 2]
[2024-06-20 19:01:41,226][flwr][INFO] - configure_fit: strategy sampled 10 clients (out of 100)
[2024-06-20 19:01:47,229][flwr][INFO] - aggregate_fit: received 10 results and 0 failures
[2024-06-20 19:01:47,688][flwr][INFO] - fit progress: (2, 2062.101457595825, {'accuracy': 0.1593, 'precision': 0.24289613211484237, 'recall': 0.1593, 'f1': 0.11324085531003421, 'confusion_matrix': array([[231,   0,  56,   0,   0,   0, 405, 183,  12,  93],
       [  0,   0, 120,   0,   0,   0, 155,  16, 168, 676],
       [  2,   0, 161,   6,   0,   2, 278,  28,  91, 464],
       [  0,   0, 268,   9,   0,   1, 253,  49,  26, 404],
       [  4,   1,  77,   0,   0,   0,  61,  15,  97, 727],
       [ 15,   0, 340,   0,   1,   6, 219,  40,  51, 220],
       [  4,   0, 144,   1,   0,   1, 317,  24, 138, 329],
       [ 17,   0,  69,   0,   0,   0,  14,  15,  11, 902],
       [  2,   0, 221,   0,   0,   1, 208,  12, 128, 402],
       [  5,   0, 118,   0,   0,   1,  95,  20,  44, 726]])}, 14.046598165999999)
[2024-06-20 19:01:47,689][flwr][INFO] - configure_evaluate: no clients selected, skipping evaluation
[2024-06-20 19:01:47,689][flwr][INFO] - 
[2024-06-20 19:01:47,689][flwr][INFO] - [ROUND 3]
[2024-06-20 19:01:47,690][flwr][INFO] - configure_fit: strategy sampled 10 clients (out of 100)
[2024-06-20 19:01:53,789][flwr][INFO] - aggregate_fit: received 10 results and 0 failures
[2024-06-20 19:01:54,238][flwr][INFO] - fit progress: (3, 1949.3587074279785, {'accuracy': 0.2394, 'precision': 0.2656414088354937, 'recall': 0.2394, 'f1': 0.20374656365890756, 'confusion_matrix': array([[ 96,   8,  20,  27,   2, 111, 272, 288, 152,   4],
       [239, 550,   5,   0,   0,   0,  12, 301,  15,  13],
       [113, 166, 305,   4,   5,  28, 146,  98, 151,  16],
       [ 57, 144, 173,  73,   2,   4,  98, 201, 248,  10],
       [178,  31,  63,   5,  48,  63,  24, 174, 324,  72],
       [ 82,  72,  37,  29,   8,  34, 166, 199, 228,  37],
       [ 37,   3, 133,   6,   1,  41, 135,  75, 403, 124],
       [114, 112,  59,  10,   8,   3,  13, 644,  51,  14],
       [ 99, 149,  35,   5,   4,   2,  44,  94, 482,  60],
       [137,  33,  33,   1,  20,  15,  20, 463, 260,  27]])}, 20.596151083)
[2024-06-20 19:01:54,238][flwr][INFO] - configure_evaluate: no clients selected, skipping evaluation
[2024-06-20 19:01:54,238][flwr][INFO] - 
[2024-06-20 19:01:54,238][flwr][INFO] - [ROUND 4]
[2024-06-20 19:01:54,239][flwr][INFO] - configure_fit: strategy sampled 10 clients (out of 100)
[2024-06-20 19:01:59,941][flwr][INFO] - aggregate_fit: received 10 results and 0 failures
[2024-06-20 19:02:00,398][flwr][INFO] - fit progress: (4, 2620.2033157348633, {'accuracy': 0.3228, 'precision': 0.39434406333700356, 'recall': 0.3228, 'f1': 0.28307767599733447, 'confusion_matrix': array([[209, 131,  17,   6,  77,  55, 442,  30,   2,  11],
       [  0, 927,  39,  47,   0,   9,   7,  33,  29,  44],
       [  4, 391, 398,  10,   8,  47, 103,   6,  54,  11],
       [  8, 412,  43,  82,   8, 200, 203,  38,   9,   7],
       [  5, 522,  37,   5,  65,  92, 233,   4,   9,  10],
       [  3, 296,  15,  41,  19, 169, 311,  15,  11,  12],
       [  3, 102,  11,   2,   7,  36, 772,   8,  14,   3],
       [ 17, 317,  75,   3,  24,  24,  36, 488,   3,  41],
       [  1, 638,  38,   7,  39,  46,  99,  11,  78,  17],
       [ 26, 567,  36,  11,  68,  59, 126,  57,  19,  40]])}, 26.756616124999997)
[2024-06-20 19:02:00,399][flwr][INFO] - configure_evaluate: no clients selected, skipping evaluation
[2024-06-20 19:02:00,399][flwr][INFO] - 
[2024-06-20 19:02:00,399][flwr][INFO] - [ROUND 5]
[2024-06-20 19:02:00,399][flwr][INFO] - configure_fit: strategy sampled 10 clients (out of 100)
[2024-06-20 19:02:05,816][flwr][INFO] - aggregate_fit: received 10 results and 0 failures
[2024-06-20 19:02:06,278][flwr][INFO] - fit progress: (5, 2483.457643508911, {'accuracy': 0.3798, 'precision': 0.42228914374541937, 'recall': 0.3798, 'f1': 0.3404386583322627, 'confusion_matrix': array([[178,   9,  83,   6, 264,   8, 323,  90,  15,   4],
       [  7, 657, 113,   4,  45,   0,   8, 212,  47,  42],
       [  1,  10, 738,   3,  61,   2, 106,  62,  24,  25],
       [ 14,  26, 426,  47, 154,  38, 159,  52,  74,  20],
       [ 22,   9, 118,   6, 613,   1,  38,  52,  69,  54],
       [ 69,  24,  79,  27, 212, 102, 196,  65,  60,  58],
       [ 48,   3,  82,   1, 148,   4, 613,  25,  21,  13],
       [ 15,   7,  71,   5, 169,   2,  47, 643,  25,  44],
       [ 66,   6, 411,   9, 189,   6,  77,  33, 137,  40],
       [ 32,   1, 119,   3, 514,   2,  25, 115, 128,  70]])}, 32.636785416)
[2024-06-20 19:02:06,279][flwr][INFO] - configure_evaluate: no clients selected, skipping evaluation
[2024-06-20 19:02:06,279][flwr][INFO] - 
[2024-06-20 19:02:06,279][flwr][INFO] - [ROUND 6]
[2024-06-20 19:02:06,279][flwr][INFO] - configure_fit: strategy sampled 10 clients (out of 100)
[2024-06-20 19:02:11,672][flwr][INFO] - aggregate_fit: received 10 results and 0 failures
[2024-06-20 19:02:12,116][flwr][INFO] - fit progress: (6, 2006.2913694381714, {'accuracy': 0.4964, 'precision': 0.5261509071763396, 'recall': 0.4964, 'f1': 0.48583114944327427, 'confusion_matrix': array([[267,  93,  71,  66, 153,  93, 179,  27,  27,   4],
       [  0, 858,  47,  69,  17,   0,   3, 113,  20,   8],
       [  2, 100, 534,  44,  60,  11, 144,  47,  79,  11],
       [  2,  71, 121, 678,  21,  20,   9,  24,  53,  11],
       [  6,  33,  82,  60, 469,  11, 149,  35,  64,  73],
       [ 18, 108,  19, 188,  37, 253, 120,  21,  90,  38],
       [ 21,  42,  53,  49,  71,  21, 533,  17, 148,   3],
       [  2,  36,  43,  17,  89,   3,  66, 674,  19,  79],
       [  6,  72, 115, 152,  78,  27,  46,  56, 383,  39],
       [  6,  26,  98,  75, 259,   1,  96,  99,  34, 315]])}, 38.47470175)
[2024-06-20 19:02:12,116][flwr][INFO] - configure_evaluate: no clients selected, skipping evaluation
[2024-06-20 19:02:12,116][flwr][INFO] - 
[2024-06-20 19:02:12,116][flwr][INFO] - [ROUND 7]
[2024-06-20 19:02:12,117][flwr][INFO] - configure_fit: strategy sampled 10 clients (out of 100)
[2024-06-20 19:02:17,394][flwr][INFO] - aggregate_fit: received 10 results and 0 failures
[2024-06-20 19:02:17,837][flwr][INFO] - fit progress: (7, 3191.030475616455, {'accuracy': 0.4614, 'precision': 0.4998810436347055, 'recall': 0.4614, 'f1': 0.44800447922429637, 'confusion_matrix': array([[576,   5,   8, 252,   7,  66,  24,  31,   9,   2],
       [  4, 619,  38, 259,   3,   7,  28, 116,  14,  47],
       [ 78,  41, 372, 124,  22,  46, 160,  91,  57,  41],
       [ 21,  22,  18, 740,  12,  49,  19,  71,  28,  30],
       [ 81,   6,  34,  84, 338,  21,  33, 229,  42, 114],
       [ 62,  29,   2, 263,  20, 344,  66,  44,  34,  28],
       [200,   3,  14,  56,  12, 118, 331, 114,  82,  28],
       [ 17,   5,  18,  22,  26,   8,   8, 884,   9,  31],
       [120,  33,  24, 169,  35,  89,  26, 235, 199,  44],
       [ 42,   1,  13,  51, 154,  29,  11, 476,  21, 211]])}, 44.196525875000006)
[2024-06-20 19:02:17,838][flwr][INFO] - configure_evaluate: no clients selected, skipping evaluation
[2024-06-20 19:02:17,838][flwr][INFO] - 
[2024-06-20 19:02:17,838][flwr][INFO] - [ROUND 8]
[2024-06-20 19:02:17,838][flwr][INFO] - configure_fit: strategy sampled 10 clients (out of 100)
[2024-06-20 19:02:23,273][flwr][INFO] - aggregate_fit: received 10 results and 0 failures
[2024-06-20 19:02:23,728][flwr][INFO] - fit progress: (8, 4140.179983139038, {'accuracy': 0.4165, 'precision': 0.48128771334454684, 'recall': 0.4165, 'f1': 0.3984618728914088, 'confusion_matrix': array([[703,   3,  55,  59,   8,  49,  80,  18,   3,   2],
       [  0,  73,  21, 651,   4,  22, 161,  67, 109,  27],
       [ 27,   2, 452, 111,  16,  94, 205,  40,  74,  11],
       [ 14,   8,  63, 542,  18, 195,  49,  42,  70,   9],
       [ 39,   0,  69,  51, 355, 170, 126,  17, 109,  46],
       [104,   5,  28, 120,  55, 407, 124,  14,  22,  13],
       [ 93,   0, 113,  29,  13, 116, 559,  13,  21,   1],
       [ 45,   5,  32,  22, 101,  26, 101, 614,  44,  38],
       [ 19,   1,  98, 232,  24, 213,  64,  37, 273,  13],
       [ 36,   0,  22,  75, 246, 112,  95,  54, 182, 187]])}, 50.086816666000004)
[2024-06-20 19:02:23,728][flwr][INFO] - configure_evaluate: no clients selected, skipping evaluation
[2024-06-20 19:02:23,728][flwr][INFO] - 
[2024-06-20 19:02:23,728][flwr][INFO] - [ROUND 9]
[2024-06-20 19:02:23,729][flwr][INFO] - configure_fit: strategy sampled 10 clients (out of 100)
[2024-06-20 19:02:29,055][flwr][INFO] - aggregate_fit: received 10 results and 0 failures
[2024-06-20 19:02:29,501][flwr][INFO] - fit progress: (9, 4143.2980880737305, {'accuracy': 0.4486, 'precision': 0.46270627423864097, 'recall': 0.4486, 'f1': 0.4305258519307945, 'confusion_matrix': array([[555,  18,  57,  52,  96,   9,  92,  88,   8,   5],
       [  4, 856,  31, 125,  18,   0,  10,  44,  37,  10],
       [ 12, 102, 465, 154,  29,  24, 143,  46,  45,  12],
       [ 17, 118,  23, 667,  11,  23,  21,  72,  48,  10],
       [ 44,   5,  71, 274, 286,   8,  80,  99,  68,  47],
       [ 93,  72,  24, 263,  26, 170,  85,  81,  55,  23],
       [103,  22,  54,  68,  58,  48, 523,  24,  50,   8],
       [ 16,  17,  35,  76, 105,   9,  15, 658,  39,  58],
       [ 22,  43,  67, 350,  23,  47,  85, 142, 178,  17],
       [ 32,  10,  21, 340, 107,  13,  48, 217,  93, 128]])}, 55.859837541000005)
[2024-06-20 19:02:29,501][flwr][INFO] - configure_evaluate: no clients selected, skipping evaluation
[2024-06-20 19:02:29,501][flwr][INFO] - 
[2024-06-20 19:02:29,501][flwr][INFO] - [ROUND 10]
[2024-06-20 19:02:29,501][flwr][INFO] - configure_fit: strategy sampled 10 clients (out of 100)
[2024-06-20 19:02:34,968][flwr][INFO] - aggregate_fit: received 10 results and 0 failures
[2024-06-20 19:02:35,420][flwr][INFO] - fit progress: (10, 5213.025644302368, {'accuracy': 0.4787, 'precision': 0.47874695814682827, 'recall': 0.4787, 'f1': 0.46304905294933696, 'confusion_matrix': array([[727,   6,  16,  24,  27,   2, 104,  32,  37,   5],
       [ 11, 863,  10,   4,  25,  18,  92,  18,  89,   5],
       [ 26, 178, 486,  15,  35,  25,  63,  38, 156,  10],
       [ 16,  84,  77, 396,  32,  40,  34,  72, 219,  40],
       [140,  19,  63,  34, 321,  11, 115,  46, 142,  91],
       [133,  47,  25,  99,  25, 112, 220,  47, 137,  47],
       [ 77,  19,  41,   0,  46,  13, 640,  12,  98,  12],
       [ 30,  30,  64,  18, 109,   6,  15, 631,  40,  85],
       [ 46, 104,  96,  42,  23,  48, 101,  72, 348,  94],
       [184,  18,  54,  36, 132,  19,  55, 112, 136, 263]])}, 61.779882166)
[2024-06-20 19:02:35,421][flwr][INFO] - configure_evaluate: no clients selected, skipping evaluation
[2024-06-20 19:02:35,421][flwr][INFO] - 
[2024-06-20 19:02:35,421][flwr][INFO] - [SUMMARY]
[2024-06-20 19:02:35,421][flwr][INFO] - Run finished 10 round(s) in 61.78s
[2024-06-20 19:02:35,426][flwr][INFO] - 	History (loss, centralized):
[2024-06-20 19:02:35,426][flwr][INFO] - 		round 0: 181.76928067207336
[2024-06-20 19:02:35,426][flwr][INFO] - 		round 1: 1065.4881067276
[2024-06-20 19:02:35,426][flwr][INFO] - 		round 2: 2062.101457595825
[2024-06-20 19:02:35,426][flwr][INFO] - 		round 3: 1949.3587074279785
[2024-06-20 19:02:35,427][flwr][INFO] - 		round 4: 2620.2033157348633
[2024-06-20 19:02:35,427][flwr][INFO] - 		round 5: 2483.457643508911
[2024-06-20 19:02:35,427][flwr][INFO] - 		round 6: 2006.2913694381714
[2024-06-20 19:02:35,427][flwr][INFO] - 		round 7: 3191.030475616455
[2024-06-20 19:02:35,427][flwr][INFO] - 		round 8: 4140.179983139038
[2024-06-20 19:02:35,427][flwr][INFO] - 		round 9: 4143.2980880737305
[2024-06-20 19:02:35,427][flwr][INFO] - 		round 10: 5213.025644302368
[2024-06-20 19:02:35,427][flwr][INFO] - 	History (metrics, centralized):
[2024-06-20 19:02:35,427][flwr][INFO] - 	{'accuracy': [(0, 0.1086),
[2024-06-20 19:02:35,427][flwr][INFO] - 	              (1, 0.1773),
[2024-06-20 19:02:35,427][flwr][INFO] - 	              (2, 0.1593),
[2024-06-20 19:02:35,427][flwr][INFO] - 	              (3, 0.2394),
[2024-06-20 19:02:35,427][flwr][INFO] - 	              (4, 0.3228),
[2024-06-20 19:02:35,427][flwr][INFO] - 	              (5, 0.3798),
[2024-06-20 19:02:35,427][flwr][INFO] - 	              (6, 0.4964),
[2024-06-20 19:02:35,427][flwr][INFO] - 	              (7, 0.4614),
[2024-06-20 19:02:35,427][flwr][INFO] - 	              (8, 0.4165),
[2024-06-20 19:02:35,427][flwr][INFO] - 	              (9, 0.4486),
[2024-06-20 19:02:35,427][flwr][INFO] - 	              (10, 0.4787)],
[2024-06-20 19:02:35,427][flwr][INFO] - 	 'confusion_matrix': [(0,
[2024-06-20 19:02:35,427][flwr][INFO] - 	                       array([[   0,    8,    0,  956,    0,    1,    0,   15,    0,    0],
[2024-06-20 19:02:35,427][flwr][INFO] - 	       [   0,  122,    0, 1013,    0,    0,    0,    0,    0,    0],
[2024-06-20 19:02:35,427][flwr][INFO] - 	       [   0,   38,    0,  971,    0,    0,    3,   19,    1,    0],
[2024-06-20 19:02:35,427][flwr][INFO] - 	       [   0,   44,    0,  945,    1,    1,    0,   17,    2,    0],
[2024-06-20 19:02:35,427][flwr][INFO] - 	       [   0,  143,    0,  816,    1,    0,    2,   20,    0,    0],
[2024-06-20 19:02:35,427][flwr][INFO] - 	       [   0,  118,    0,  735,    1,    7,    0,   30,    1,    0],
[2024-06-20 19:02:35,427][flwr][INFO] - 	       [   0,  144,    0,  749,   25,    0,    2,   38,    0,    0],
[2024-06-20 19:02:35,427][flwr][INFO] - 	       [   0,  272,    0,  724,    8,    0,    0,    9,   15,    0],
[2024-06-20 19:02:35,427][flwr][INFO] - 	       [   0,   81,    0,  859,    1,    0,    1,   32,    0,    0],
[2024-06-20 19:02:35,427][flwr][INFO] - 	       [   0,  178,    0,  799,    1,    0,    0,   31,    0,    0]])),
[2024-06-20 19:02:35,427][flwr][INFO] - 	                      (1,
[2024-06-20 19:02:35,427][flwr][INFO] - 	                       array([[  5,  41, 795,   0,   1,   2,  69,  31,  28,   8],
[2024-06-20 19:02:35,427][flwr][INFO] - 	       [  1,  36, 975,   1,   3,   0,   1,  46,  13,  59],
[2024-06-20 19:02:35,427][flwr][INFO] - 	       [  4,  53, 908,   0,   5,   0,  11,  10,  22,  19],
[2024-06-20 19:02:35,427][flwr][INFO] - 	       [  1,  50, 741,   0,   0,   0,   4, 158,  31,  25],
[2024-06-20 19:02:35,427][flwr][INFO] - 	       [ 23, 202, 173,   0,  29,   1,  45, 132, 254, 123],
[2024-06-20 19:02:35,427][flwr][INFO] - 	       [ 25,  86, 619,   9,   2,   0,  21,  78,  33,  19],
[2024-06-20 19:02:35,427][flwr][INFO] - 	       [ 29,  34, 292,   3,  13,   3, 369,  12, 173,  30],
[2024-06-20 19:02:35,427][flwr][INFO] - 	       [  0,  20, 595,   1,   0,   0,   2, 304,  67,  39],
[2024-06-20 19:02:35,428][flwr][INFO] - 	       [ 15, 117, 646,   1,   8,   1,  11,  34,  28, 113],
[2024-06-20 19:02:35,428][flwr][INFO] - 	       [  9,  82, 358,   0,   3,   0,  14, 260, 189,  94]])),
[2024-06-20 19:02:35,428][flwr][INFO] - 	                      (2,
[2024-06-20 19:02:35,428][flwr][INFO] - 	                       array([[231,   0,  56,   0,   0,   0, 405, 183,  12,  93],
[2024-06-20 19:02:35,428][flwr][INFO] - 	       [  0,   0, 120,   0,   0,   0, 155,  16, 168, 676],
[2024-06-20 19:02:35,428][flwr][INFO] - 	       [  2,   0, 161,   6,   0,   2, 278,  28,  91, 464],
[2024-06-20 19:02:35,428][flwr][INFO] - 	       [  0,   0, 268,   9,   0,   1, 253,  49,  26, 404],
[2024-06-20 19:02:35,428][flwr][INFO] - 	       [  4,   1,  77,   0,   0,   0,  61,  15,  97, 727],
[2024-06-20 19:02:35,428][flwr][INFO] - 	       [ 15,   0, 340,   0,   1,   6, 219,  40,  51, 220],
[2024-06-20 19:02:35,428][flwr][INFO] - 	       [  4,   0, 144,   1,   0,   1, 317,  24, 138, 329],
[2024-06-20 19:02:35,428][flwr][INFO] - 	       [ 17,   0,  69,   0,   0,   0,  14,  15,  11, 902],
[2024-06-20 19:02:35,428][flwr][INFO] - 	       [  2,   0, 221,   0,   0,   1, 208,  12, 128, 402],
[2024-06-20 19:02:35,428][flwr][INFO] - 	       [  5,   0, 118,   0,   0,   1,  95,  20,  44, 726]])),
[2024-06-20 19:02:35,428][flwr][INFO] - 	                      (3,
[2024-06-20 19:02:35,428][flwr][INFO] - 	                       array([[ 96,   8,  20,  27,   2, 111, 272, 288, 152,   4],
[2024-06-20 19:02:35,428][flwr][INFO] - 	       [239, 550,   5,   0,   0,   0,  12, 301,  15,  13],
[2024-06-20 19:02:35,428][flwr][INFO] - 	       [113, 166, 305,   4,   5,  28, 146,  98, 151,  16],
[2024-06-20 19:02:35,428][flwr][INFO] - 	       [ 57, 144, 173,  73,   2,   4,  98, 201, 248,  10],
[2024-06-20 19:02:35,428][flwr][INFO] - 	       [178,  31,  63,   5,  48,  63,  24, 174, 324,  72],
[2024-06-20 19:02:35,428][flwr][INFO] - 	       [ 82,  72,  37,  29,   8,  34, 166, 199, 228,  37],
[2024-06-20 19:02:35,428][flwr][INFO] - 	       [ 37,   3, 133,   6,   1,  41, 135,  75, 403, 124],
[2024-06-20 19:02:35,428][flwr][INFO] - 	       [114, 112,  59,  10,   8,   3,  13, 644,  51,  14],
[2024-06-20 19:02:35,428][flwr][INFO] - 	       [ 99, 149,  35,   5,   4,   2,  44,  94, 482,  60],
[2024-06-20 19:02:35,428][flwr][INFO] - 	       [137,  33,  33,   1,  20,  15,  20, 463, 260,  27]])),
[2024-06-20 19:02:35,428][flwr][INFO] - 	                      (4,
[2024-06-20 19:02:35,428][flwr][INFO] - 	                       array([[209, 131,  17,   6,  77,  55, 442,  30,   2,  11],
[2024-06-20 19:02:35,428][flwr][INFO] - 	       [  0, 927,  39,  47,   0,   9,   7,  33,  29,  44],
[2024-06-20 19:02:35,428][flwr][INFO] - 	       [  4, 391, 398,  10,   8,  47, 103,   6,  54,  11],
[2024-06-20 19:02:35,428][flwr][INFO] - 	       [  8, 412,  43,  82,   8, 200, 203,  38,   9,   7],
[2024-06-20 19:02:35,428][flwr][INFO] - 	       [  5, 522,  37,   5,  65,  92, 233,   4,   9,  10],
[2024-06-20 19:02:35,428][flwr][INFO] - 	       [  3, 296,  15,  41,  19, 169, 311,  15,  11,  12],
[2024-06-20 19:02:35,428][flwr][INFO] - 	       [  3, 102,  11,   2,   7,  36, 772,   8,  14,   3],
[2024-06-20 19:02:35,428][flwr][INFO] - 	       [ 17, 317,  75,   3,  24,  24,  36, 488,   3,  41],
[2024-06-20 19:02:35,428][flwr][INFO] - 	       [  1, 638,  38,   7,  39,  46,  99,  11,  78,  17],
[2024-06-20 19:02:35,428][flwr][INFO] - 	       [ 26, 567,  36,  11,  68,  59, 126,  57,  19,  40]])),
[2024-06-20 19:02:35,428][flwr][INFO] - 	                      (5,
[2024-06-20 19:02:35,428][flwr][INFO] - 	                       array([[178,   9,  83,   6, 264,   8, 323,  90,  15,   4],
[2024-06-20 19:02:35,428][flwr][INFO] - 	       [  7, 657, 113,   4,  45,   0,   8, 212,  47,  42],
[2024-06-20 19:02:35,428][flwr][INFO] - 	       [  1,  10, 738,   3,  61,   2, 106,  62,  24,  25],
[2024-06-20 19:02:35,428][flwr][INFO] - 	       [ 14,  26, 426,  47, 154,  38, 159,  52,  74,  20],
[2024-06-20 19:02:35,429][flwr][INFO] - 	       [ 22,   9, 118,   6, 613,   1,  38,  52,  69,  54],
[2024-06-20 19:02:35,429][flwr][INFO] - 	       [ 69,  24,  79,  27, 212, 102, 196,  65,  60,  58],
[2024-06-20 19:02:35,429][flwr][INFO] - 	       [ 48,   3,  82,   1, 148,   4, 613,  25,  21,  13],
[2024-06-20 19:02:35,429][flwr][INFO] - 	       [ 15,   7,  71,   5, 169,   2,  47, 643,  25,  44],
[2024-06-20 19:02:35,429][flwr][INFO] - 	       [ 66,   6, 411,   9, 189,   6,  77,  33, 137,  40],
[2024-06-20 19:02:35,429][flwr][INFO] - 	       [ 32,   1, 119,   3, 514,   2,  25, 115, 128,  70]])),
[2024-06-20 19:02:35,429][flwr][INFO] - 	                      (6,
[2024-06-20 19:02:35,429][flwr][INFO] - 	                       array([[267,  93,  71,  66, 153,  93, 179,  27,  27,   4],
[2024-06-20 19:02:35,429][flwr][INFO] - 	       [  0, 858,  47,  69,  17,   0,   3, 113,  20,   8],
[2024-06-20 19:02:35,429][flwr][INFO] - 	       [  2, 100, 534,  44,  60,  11, 144,  47,  79,  11],
[2024-06-20 19:02:35,429][flwr][INFO] - 	       [  2,  71, 121, 678,  21,  20,   9,  24,  53,  11],
[2024-06-20 19:02:35,429][flwr][INFO] - 	       [  6,  33,  82,  60, 469,  11, 149,  35,  64,  73],
[2024-06-20 19:02:35,429][flwr][INFO] - 	       [ 18, 108,  19, 188,  37, 253, 120,  21,  90,  38],
[2024-06-20 19:02:35,429][flwr][INFO] - 	       [ 21,  42,  53,  49,  71,  21, 533,  17, 148,   3],
[2024-06-20 19:02:35,429][flwr][INFO] - 	       [  2,  36,  43,  17,  89,   3,  66, 674,  19,  79],
[2024-06-20 19:02:35,429][flwr][INFO] - 	       [  6,  72, 115, 152,  78,  27,  46,  56, 383,  39],
[2024-06-20 19:02:35,429][flwr][INFO] - 	       [  6,  26,  98,  75, 259,   1,  96,  99,  34, 315]])),
[2024-06-20 19:02:35,429][flwr][INFO] - 	                      (7,
[2024-06-20 19:02:35,429][flwr][INFO] - 	                       array([[576,   5,   8, 252,   7,  66,  24,  31,   9,   2],
[2024-06-20 19:02:35,429][flwr][INFO] - 	       [  4, 619,  38, 259,   3,   7,  28, 116,  14,  47],
[2024-06-20 19:02:35,429][flwr][INFO] - 	       [ 78,  41, 372, 124,  22,  46, 160,  91,  57,  41],
[2024-06-20 19:02:35,429][flwr][INFO] - 	       [ 21,  22,  18, 740,  12,  49,  19,  71,  28,  30],
[2024-06-20 19:02:35,429][flwr][INFO] - 	       [ 81,   6,  34,  84, 338,  21,  33, 229,  42, 114],
[2024-06-20 19:02:35,429][flwr][INFO] - 	       [ 62,  29,   2, 263,  20, 344,  66,  44,  34,  28],
[2024-06-20 19:02:35,429][flwr][INFO] - 	       [200,   3,  14,  56,  12, 118, 331, 114,  82,  28],
[2024-06-20 19:02:35,429][flwr][INFO] - 	       [ 17,   5,  18,  22,  26,   8,   8, 884,   9,  31],
[2024-06-20 19:02:35,429][flwr][INFO] - 	       [120,  33,  24, 169,  35,  89,  26, 235, 199,  44],
[2024-06-20 19:02:35,429][flwr][INFO] - 	       [ 42,   1,  13,  51, 154,  29,  11, 476,  21, 211]])),
[2024-06-20 19:02:35,429][flwr][INFO] - 	                      (8,
[2024-06-20 19:02:35,429][flwr][INFO] - 	                       array([[703,   3,  55,  59,   8,  49,  80,  18,   3,   2],
[2024-06-20 19:02:35,429][flwr][INFO] - 	       [  0,  73,  21, 651,   4,  22, 161,  67, 109,  27],
[2024-06-20 19:02:35,429][flwr][INFO] - 	       [ 27,   2, 452, 111,  16,  94, 205,  40,  74,  11],
[2024-06-20 19:02:35,429][flwr][INFO] - 	       [ 14,   8,  63, 542,  18, 195,  49,  42,  70,   9],
[2024-06-20 19:02:35,429][flwr][INFO] - 	       [ 39,   0,  69,  51, 355, 170, 126,  17, 109,  46],
[2024-06-20 19:02:35,429][flwr][INFO] - 	       [104,   5,  28, 120,  55, 407, 124,  14,  22,  13],
[2024-06-20 19:02:35,429][flwr][INFO] - 	       [ 93,   0, 113,  29,  13, 116, 559,  13,  21,   1],
[2024-06-20 19:02:35,429][flwr][INFO] - 	       [ 45,   5,  32,  22, 101,  26, 101, 614,  44,  38],
[2024-06-20 19:02:35,429][flwr][INFO] - 	       [ 19,   1,  98, 232,  24, 213,  64,  37, 273,  13],
[2024-06-20 19:02:35,430][flwr][INFO] - 	       [ 36,   0,  22,  75, 246, 112,  95,  54, 182, 187]])),
[2024-06-20 19:02:35,430][flwr][INFO] - 	                      (9,
[2024-06-20 19:02:35,430][flwr][INFO] - 	                       array([[555,  18,  57,  52,  96,   9,  92,  88,   8,   5],
[2024-06-20 19:02:35,430][flwr][INFO] - 	       [  4, 856,  31, 125,  18,   0,  10,  44,  37,  10],
[2024-06-20 19:02:35,430][flwr][INFO] - 	       [ 12, 102, 465, 154,  29,  24, 143,  46,  45,  12],
[2024-06-20 19:02:35,430][flwr][INFO] - 	       [ 17, 118,  23, 667,  11,  23,  21,  72,  48,  10],
[2024-06-20 19:02:35,430][flwr][INFO] - 	       [ 44,   5,  71, 274, 286,   8,  80,  99,  68,  47],
[2024-06-20 19:02:35,430][flwr][INFO] - 	       [ 93,  72,  24, 263,  26, 170,  85,  81,  55,  23],
[2024-06-20 19:02:35,430][flwr][INFO] - 	       [103,  22,  54,  68,  58,  48, 523,  24,  50,   8],
[2024-06-20 19:02:35,430][flwr][INFO] - 	       [ 16,  17,  35,  76, 105,   9,  15, 658,  39,  58],
[2024-06-20 19:02:35,430][flwr][INFO] - 	       [ 22,  43,  67, 350,  23,  47,  85, 142, 178,  17],
[2024-06-20 19:02:35,430][flwr][INFO] - 	       [ 32,  10,  21, 340, 107,  13,  48, 217,  93, 128]])),
[2024-06-20 19:02:35,430][flwr][INFO] - 	                      (10,
[2024-06-20 19:02:35,430][flwr][INFO] - 	                       array([[727,   6,  16,  24,  27,   2, 104,  32,  37,   5],
[2024-06-20 19:02:35,430][flwr][INFO] - 	       [ 11, 863,  10,   4,  25,  18,  92,  18,  89,   5],
[2024-06-20 19:02:35,430][flwr][INFO] - 	       [ 26, 178, 486,  15,  35,  25,  63,  38, 156,  10],
[2024-06-20 19:02:35,430][flwr][INFO] - 	       [ 16,  84,  77, 396,  32,  40,  34,  72, 219,  40],
[2024-06-20 19:02:35,430][flwr][INFO] - 	       [140,  19,  63,  34, 321,  11, 115,  46, 142,  91],
[2024-06-20 19:02:35,430][flwr][INFO] - 	       [133,  47,  25,  99,  25, 112, 220,  47, 137,  47],
[2024-06-20 19:02:35,430][flwr][INFO] - 	       [ 77,  19,  41,   0,  46,  13, 640,  12,  98,  12],
[2024-06-20 19:02:35,430][flwr][INFO] - 	       [ 30,  30,  64,  18, 109,   6,  15, 631,  40,  85],
[2024-06-20 19:02:35,430][flwr][INFO] - 	       [ 46, 104,  96,  42,  23,  48, 101,  72, 348,  94],
[2024-06-20 19:02:35,430][flwr][INFO] - 	       [184,  18,  54,  36, 132,  19,  55, 112, 136, 263]]))],
[2024-06-20 19:02:35,430][flwr][INFO] - 	 'f1': [(0, 0.03553137346181725),
[2024-06-20 19:02:35,430][flwr][INFO] - 	        (1, 0.12919915457961348),
[2024-06-20 19:02:35,430][flwr][INFO] - 	        (2, 0.11324085531003421),
[2024-06-20 19:02:35,430][flwr][INFO] - 	        (3, 0.20374656365890756),
[2024-06-20 19:02:35,430][flwr][INFO] - 	        (4, 0.28307767599733447),
[2024-06-20 19:02:35,430][flwr][INFO] - 	        (5, 0.3404386583322627),
[2024-06-20 19:02:35,430][flwr][INFO] - 	        (6, 0.48583114944327427),
[2024-06-20 19:02:35,430][flwr][INFO] - 	        (7, 0.44800447922429637),
[2024-06-20 19:02:35,430][flwr][INFO] - 	        (8, 0.3984618728914088),
[2024-06-20 19:02:35,430][flwr][INFO] - 	        (9, 0.4305258519307945),
[2024-06-20 19:02:35,430][flwr][INFO] - 	        (10, 0.46304905294933696)],
[2024-06-20 19:02:35,430][flwr][INFO] - 	 'precision': [(0, 0.12349967530374152),
[2024-06-20 19:02:35,430][flwr][INFO] - 	               (1, 0.1850487025839796),
[2024-06-20 19:02:35,430][flwr][INFO] - 	               (2, 0.24289613211484237),
[2024-06-20 19:02:35,430][flwr][INFO] - 	               (3, 0.2656414088354937),
[2024-06-20 19:02:35,430][flwr][INFO] - 	               (4, 0.39434406333700356),
[2024-06-20 19:02:35,430][flwr][INFO] - 	               (5, 0.42228914374541937),
[2024-06-20 19:02:35,430][flwr][INFO] - 	               (6, 0.5261509071763396),
[2024-06-20 19:02:35,430][flwr][INFO] - 	               (7, 0.4998810436347055),
[2024-06-20 19:02:35,431][flwr][INFO] - 	               (8, 0.48128771334454684),
[2024-06-20 19:02:35,431][flwr][INFO] - 	               (9, 0.46270627423864097),
[2024-06-20 19:02:35,431][flwr][INFO] - 	               (10, 0.47874695814682827)],
[2024-06-20 19:02:35,431][flwr][INFO] - 	 'recall': [(0, 0.1086),
[2024-06-20 19:02:35,431][flwr][INFO] - 	            (1, 0.1773),
[2024-06-20 19:02:35,431][flwr][INFO] - 	            (2, 0.1593),
[2024-06-20 19:02:35,431][flwr][INFO] - 	            (3, 0.2394),
[2024-06-20 19:02:35,431][flwr][INFO] - 	            (4, 0.3228),
[2024-06-20 19:02:35,431][flwr][INFO] - 	            (5, 0.3798),
[2024-06-20 19:02:35,431][flwr][INFO] - 	            (6, 0.4964),
[2024-06-20 19:02:35,431][flwr][INFO] - 	            (7, 0.4614),
[2024-06-20 19:02:35,431][flwr][INFO] - 	            (8, 0.4165),
[2024-06-20 19:02:35,431][flwr][INFO] - 	            (9, 0.4486),
[2024-06-20 19:02:35,431][flwr][INFO] - 	            (10, 0.4787)]}
[2024-06-20 19:02:35,431][flwr][INFO] - 
