[2024-06-19 19:34:03,623][flwr][INFO] - Starting Flower simulation, config: num_rounds=10, no round_timeout
[2024-06-19 19:34:05,751][flwr][INFO] - Flower VCE: Ray initialized with resources: {'memory': 7854884455.0, 'node:127.0.0.1': 1.0, 'CPU': 12.0, 'node:__internal_head__': 1.0, 'object_store_memory': 2147483648.0}
[2024-06-19 19:34:05,751][flwr][INFO] - Optimize your simulation with Flower VCE: https://flower.ai/docs/framework/how-to-run-simulations.html
[2024-06-19 19:34:05,751][flwr][INFO] - Flower VCE: Resources for each Virtual Client: {'num_cpus': 2, 'num_gpus': 0}
[2024-06-19 19:34:05,761][flwr][INFO] - Flower VCE: Creating VirtualClientEngineActorPool with 6 actors
[2024-06-19 19:34:05,761][flwr][INFO] - [INIT]
[2024-06-19 19:34:05,761][flwr][INFO] - Requesting initial parameters from one random client
[2024-06-19 19:34:07,731][flwr][INFO] - Received initial parameters from one random client
[2024-06-19 19:34:07,731][flwr][INFO] - Evaluating initial global parameters
[2024-06-19 19:34:08,187][flwr][INFO] - initial parameters (loss, other metrics): 181.76928067207336, {'accuracy': 0.1086, 'precision': 0.12349967530374152, 'recall': 0.1086, 'f1': 0.03553137346181725, 'confusion_matrix': array([[   0,    8,    0,  956,    0,    1,    0,   15,    0,    0],
       [   0,  122,    0, 1013,    0,    0,    0,    0,    0,    0],
       [   0,   38,    0,  971,    0,    0,    3,   19,    1,    0],
       [   0,   44,    0,  945,    1,    1,    0,   17,    2,    0],
       [   0,  143,    0,  816,    1,    0,    2,   20,    0,    0],
       [   0,  118,    0,  735,    1,    7,    0,   30,    1,    0],
       [   0,  144,    0,  749,   25,    0,    2,   38,    0,    0],
       [   0,  272,    0,  724,    8,    0,    0,    9,   15,    0],
       [   0,   81,    0,  859,    1,    0,    1,   32,    0,    0],
       [   0,  178,    0,  799,    1,    0,    0,   31,    0,    0]])}
[2024-06-19 19:34:08,188][flwr][INFO] - 
[2024-06-19 19:34:08,188][flwr][INFO] - [ROUND 1]
[2024-06-19 19:34:08,188][flwr][INFO] - configure_fit: strategy sampled 10 clients (out of 100)
[2024-06-19 19:34:15,366][flwr][INFO] - aggregate_fit: received 10 results and 0 failures
[2024-06-19 19:34:15,374][flwr][WARNING] - No fit_metrics_aggregation_fn provided
[2024-06-19 19:34:15,816][flwr][INFO] - fit progress: (1, 644.5344922542572, {'accuracy': 0.6754, 'precision': 0.7793961789496352, 'recall': 0.6754, 'f1': 0.6405616543214164, 'confusion_matrix': array([[ 873,    0,   44,    1,    0,    0,   57,    5,    0,    0],
       [   0, 1019,  100,    1,    0,    0,    7,    1,    0,    7],
       [   9,    3,  945,    6,    0,    0,   39,   13,    3,   14],
       [  10,    2,  273,  623,    0,    1,    8,   51,   12,   30],
       [   0,    0,   26,    0,  116,    0,   58,    1,    0,  781],
       [  79,    6,  147,  156,    3,  188,  133,   70,   41,   69],
       [   8,    1,   29,    0,    1,    1,  916,    0,    0,    2],
       [   1,    8,   48,    0,    0,    0,    3,  896,    1,   71],
       [  11,    1,  480,   29,    0,    2,   27,   33,  262,  129],
       [   9,    4,   18,    2,    0,    0,    3,   57,    0,  916]])}, 7.628491875000001)
[2024-06-19 19:34:15,817][flwr][INFO] - configure_evaluate: no clients selected, skipping evaluation
[2024-06-19 19:34:15,817][flwr][INFO] - 
[2024-06-19 19:34:15,817][flwr][INFO] - [ROUND 2]
[2024-06-19 19:34:15,818][flwr][INFO] - configure_fit: strategy sampled 10 clients (out of 100)
[2024-06-19 19:34:20,946][flwr][INFO] - aggregate_fit: received 10 results and 0 failures
[2024-06-19 19:34:21,402][flwr][INFO] - fit progress: (2, 3408.6719489209354, {'accuracy': 0.8654, 'precision': 0.8665437099407974, 'recall': 0.8654, 'f1': 0.8643689780905858, 'confusion_matrix': array([[ 952,    0,    2,    1,    0,   11,   10,    1,    3,    0],
       [   0, 1095,    9,    2,    0,    6,    4,    1,   18,    0],
       [  15,    8,  864,   19,   20,    7,   28,   18,   43,   10],
       [  16,    6,   34,  783,    0,   71,    4,   19,   61,   16],
       [   0,    4,    5,    0,  919,    1,   21,    0,    4,   28],
       [  31,    5,   12,   24,   26,  700,   28,   24,   28,   14],
       [  19,    4,    4,    1,   11,   12,  906,    0,    1,    0],
       [   6,   22,   21,    1,   17,    0,    0,  895,    8,   58],
       [  10,   11,   20,   20,   20,   58,   16,   11,  753,   55],
       [  14,    6,    5,    6,  149,    7,    2,   23,   10,  787]])}, 13.21378575)
[2024-06-19 19:34:21,402][flwr][INFO] - configure_evaluate: no clients selected, skipping evaluation
[2024-06-19 19:34:21,402][flwr][INFO] - 
[2024-06-19 19:34:21,402][flwr][INFO] - [ROUND 3]
[2024-06-19 19:34:21,403][flwr][INFO] - configure_fit: strategy sampled 10 clients (out of 100)
[2024-06-19 19:34:26,564][flwr][INFO] - aggregate_fit: received 10 results and 0 failures
[2024-06-19 19:34:27,029][flwr][INFO] - fit progress: (3, 68577.55097198486, {'accuracy': 0.8776, 'precision': 0.8791312782310273, 'recall': 0.8776, 'f1': 0.877875275358311, 'confusion_matrix': array([[ 926,    0,    2,    3,    0,   34,    9,    1,    5,    0],
       [   0, 1080,   11,    3,    1,    6,    3,    1,   30,    0],
       [  10,    6,  862,   38,   19,    7,   19,   13,   47,   11],
       [   8,    1,   18,  871,    0,   50,    1,   13,   36,   12],
       [   0,    3,    7,    1,  902,    5,   16,    0,   13,   35],
       [  12,    3,    7,   51,   20,  708,   14,   12,   57,    8],
       [  15,    3,    9,    1,   15,   29,  880,    0,    6,    0],
       [   4,   17,   22,    8,   13,    0,    0,  901,   11,   52],
       [   2,    1,   15,   45,   13,   39,    9,    8,  815,   27],
       [   6,    4,    4,   12,   90,   12,    1,   27,   22,  831]])}, 18.840899915999998)
[2024-06-19 19:34:27,029][flwr][INFO] - configure_evaluate: no clients selected, skipping evaluation
[2024-06-19 19:34:27,029][flwr][INFO] - 
[2024-06-19 19:34:27,030][flwr][INFO] - [ROUND 4]
[2024-06-19 19:34:27,030][flwr][INFO] - configure_fit: strategy sampled 10 clients (out of 100)
[2024-06-19 19:34:32,117][flwr][INFO] - aggregate_fit: received 10 results and 0 failures
[2024-06-19 19:34:32,559][flwr][INFO] - fit progress: (4, 1719858.4262695312, {'accuracy': 0.8806, 'precision': 0.8813188563089194, 'recall': 0.8806, 'f1': 0.8807436171373046, 'confusion_matrix': array([[ 927,    0,    2,    3,    0,   33,   11,    1,    3,    0],
       [   0, 1081,   14,    3,    1,    8,    3,    1,   24,    0],
       [   9,    3,  875,   32,   18,    6,   22,   15,   40,   12],
       [   8,    1,   18,  870,    0,   52,    1,   15,   34,   11],
       [   0,    3,    7,    0,  892,    4,   18,    0,   11,   47],
       [  12,    3,    6,   48,   19,  720,   17,   12,   44,   11],
       [  13,    3,    6,    1,   12,   25,  896,    0,    2,    0],
       [   4,   16,   23,    6,   11,    0,    0,  905,   11,   52],
       [   2,    2,   18,   47,   14,   51,   11,   10,  791,   28],
       [   6,    4,    4,   14,   71,   12,    2,   28,   19,  849]])}, 24.371220208)
[2024-06-19 19:34:32,560][flwr][INFO] - configure_evaluate: no clients selected, skipping evaluation
[2024-06-19 19:34:32,560][flwr][INFO] - 
[2024-06-19 19:34:32,560][flwr][INFO] - [ROUND 5]
[2024-06-19 19:34:32,560][flwr][INFO] - configure_fit: strategy sampled 10 clients (out of 100)
[2024-06-19 19:34:37,930][flwr][INFO] - aggregate_fit: received 10 results and 0 failures
[2024-06-19 19:34:38,388][flwr][INFO] - fit progress: (5, 45334786.359375, {'accuracy': 0.8805, 'precision': 0.8810053607206085, 'recall': 0.8805, 'f1': 0.8805808598280329, 'confusion_matrix': array([[ 930,    0,    2,    3,    0,   30,   10,    1,    4,    0],
       [   0, 1081,   15,    3,    1,    8,    3,    1,   23,    0],
       [   9,    4,  872,   32,   18,    6,   21,   17,   41,   12],
       [   8,    1,   21,  869,    0,   51,    1,   15,   33,   11],
       [   0,    3,    8,    0,  895,    4,   16,    1,   10,   45],
       [  12,    3,    7,   48,   19,  718,   16,   13,   44,   12],
       [  13,    3,    7,    1,   13,   27,  891,    0,    3,    0],
       [   4,   16,   24,    6,   10,    0,    0,  907,   10,   51],
       [   2,    3,   19,   47,   14,   49,   10,   10,  791,   29],
       [   6,    5,    4,   12,   69,   12,    2,   30,   18,  851]])}, 30.199697249999996)
[2024-06-19 19:34:38,388][flwr][INFO] - configure_evaluate: no clients selected, skipping evaluation
[2024-06-19 19:34:38,388][flwr][INFO] - 
[2024-06-19 19:34:38,388][flwr][INFO] - [ROUND 6]
[2024-06-19 19:34:38,389][flwr][INFO] - configure_fit: strategy sampled 10 clients (out of 100)
[2024-06-19 19:34:44,371][flwr][INFO] - aggregate_fit: received 10 results and 0 failures
[2024-06-19 19:34:44,832][flwr][INFO] - fit progress: (6, 1216398781.625, {'accuracy': 0.8813, 'precision': 0.8817569901420493, 'recall': 0.8813, 'f1': 0.8813672815885181, 'confusion_matrix': array([[ 931,    0,    2,    3,    0,   30,    9,    1,    4,    0],
       [   0, 1081,   15,    3,    1,    8,    3,    1,   23,    0],
       [   9,    3,  874,   32,   18,    6,   21,   17,   40,   12],
       [   8,    1,   21,  870,    0,   50,    1,   15,   33,   11],
       [   0,    3,    8,    0,  895,    4,   16,    1,   10,   45],
       [  12,    3,    7,   49,   19,  718,   16,   13,   43,   12],
       [  13,    3,    7,    1,   13,   26,  892,    0,    3,    0],
       [   4,   16,   24,    6,    9,    0,    0,  910,   10,   49],
       [   2,    3,   19,   47,   14,   49,   10,   10,  791,   29],
       [   6,    5,    4,   12,   69,   12,    2,   30,   18,  851]])}, 36.644350375)
[2024-06-19 19:34:44,833][flwr][INFO] - configure_evaluate: no clients selected, skipping evaluation
[2024-06-19 19:34:44,833][flwr][INFO] - 
[2024-06-19 19:34:44,833][flwr][INFO] - [ROUND 7]
[2024-06-19 19:34:44,833][flwr][INFO] - configure_fit: strategy sampled 10 clients (out of 100)
[2024-06-19 19:34:50,134][flwr][INFO] - aggregate_fit: received 10 results and 0 failures
[2024-06-19 19:34:50,584][flwr][INFO] - fit progress: (7, 32775520172.0, {'accuracy': 0.8811, 'precision': 0.8815529821687713, 'recall': 0.8811, 'f1': 0.8811613423030576, 'confusion_matrix': array([[ 932,    0,    2,    3,    0,   29,    9,    1,    4,    0],
       [   0, 1081,   15,    3,    1,    8,    3,    1,   23,    0],
       [   9,    3,  874,   32,   18,    6,   21,   17,   40,   12],
       [   8,    1,   21,  870,    0,   50,    1,   15,   33,   11],
       [   0,    3,    8,    0,  895,    4,   16,    1,   10,   45],
       [  12,    3,    7,   49,   19,  718,   16,   13,   43,   12],
       [  13,    3,    7,    1,   13,   26,  892,    0,    3,    0],
       [   4,   16,   24,    6,    9,    0,    0,  909,   10,   50],
       [   2,    3,   19,   47,   14,   50,   10,   10,  790,   29],
       [   6,    5,    4,   12,   70,   12,    2,   30,   18,  850]])}, 42.395572166)
[2024-06-19 19:34:50,584][flwr][INFO] - configure_evaluate: no clients selected, skipping evaluation
[2024-06-19 19:34:50,584][flwr][INFO] - 
[2024-06-19 19:34:50,584][flwr][INFO] - [ROUND 8]
[2024-06-19 19:34:50,584][flwr][INFO] - configure_fit: strategy sampled 10 clients (out of 100)
[2024-06-19 19:34:56,036][flwr][INFO] - aggregate_fit: received 10 results and 0 failures
[2024-06-19 19:34:56,492][flwr][INFO] - fit progress: (8, 884272976640.0, {'accuracy': 0.8811, 'precision': 0.8815533748443262, 'recall': 0.8811, 'f1': 0.8811596119230196, 'confusion_matrix': array([[ 932,    0,    2,    3,    0,   29,    9,    1,    4,    0],
       [   0, 1081,   15,    3,    1,    8,    3,    1,   23,    0],
       [   9,    3,  874,   32,   18,    6,   21,   17,   40,   12],
       [   8,    1,   21,  870,    0,   50,    1,   15,   33,   11],
       [   0,    3,    8,    0,  895,    4,   16,    1,   10,   45],
       [  12,    3,    7,   49,   19,  718,   16,   13,   43,   12],
       [  13,    3,    7,    1,   13,   26,  892,    0,    3,    0],
       [   4,   16,   24,    6,    9,    0,    0,  909,   10,   50],
       [   2,    3,   19,   47,   14,   49,   10,   10,  791,   29],
       [   6,    5,    4,   12,   71,   12,    2,   30,   18,  849]])}, 48.303725875000005)
[2024-06-19 19:34:56,492][flwr][INFO] - configure_evaluate: no clients selected, skipping evaluation
[2024-06-19 19:34:56,492][flwr][INFO] - 
[2024-06-19 19:34:56,492][flwr][INFO] - [ROUND 9]
[2024-06-19 19:34:56,493][flwr][INFO] - configure_fit: strategy sampled 10 clients (out of 100)
[2024-06-19 19:35:02,041][flwr][INFO] - aggregate_fit: received 10 results and 0 failures
[2024-06-19 19:35:02,491][flwr][INFO] - fit progress: (9, 23869136572416.0, {'accuracy': 0.8812, 'precision': 0.8816504851830572, 'recall': 0.8812, 'f1': 0.881260534422276, 'confusion_matrix': array([[ 932,    0,    2,    3,    0,   29,    9,    1,    4,    0],
       [   0, 1081,   15,    3,    1,    8,    3,    1,   23,    0],
       [   9,    3,  874,   32,   18,    6,   21,   17,   40,   12],
       [   8,    1,   21,  870,    0,   50,    1,   15,   33,   11],
       [   0,    3,    8,    0,  895,    4,   16,    1,   10,   45],
       [  12,    3,    7,   49,   19,  718,   16,   13,   43,   12],
       [  13,    3,    7,    1,   13,   26,  892,    0,    3,    0],
       [   4,   16,   24,    6,    9,    0,    0,  909,   10,   50],
       [   2,    3,   19,   47,   14,   49,   10,   10,  791,   29],
       [   6,    5,    4,   12,   70,   12,    2,   30,   18,  850]])}, 54.303469666000005)
[2024-06-19 19:35:02,492][flwr][INFO] - configure_evaluate: no clients selected, skipping evaluation
[2024-06-19 19:35:02,492][flwr][INFO] - 
[2024-06-19 19:35:02,492][flwr][INFO] - [ROUND 10]
[2024-06-19 19:35:02,492][flwr][INFO] - configure_fit: strategy sampled 10 clients (out of 100)
[2024-06-19 19:35:07,660][flwr][INFO] - aggregate_fit: received 10 results and 0 failures
[2024-06-19 19:35:08,118][flwr][INFO] - fit progress: (10, 644423965278208.0, {'accuracy': 0.8811, 'precision': 0.8815580372353601, 'recall': 0.8811, 'f1': 0.8811619465534651, 'confusion_matrix': array([[ 932,    0,    2,    3,    0,   29,    9,    1,    4,    0],
       [   0, 1081,   15,    3,    1,    8,    3,    1,   23,    0],
       [   9,    3,  873,   32,   18,    6,   21,   17,   41,   12],
       [   8,    1,   21,  870,    0,   50,    1,   15,   33,   11],
       [   0,    3,    8,    0,  895,    4,   16,    1,   10,   45],
       [  12,    3,    7,   49,   19,  718,   16,   13,   43,   12],
       [  13,    3,    7,    1,   13,   26,  892,    0,    3,    0],
       [   4,   16,   24,    6,    9,    0,    0,  909,   10,   50],
       [   2,    3,   19,   47,   14,   49,   10,   10,  791,   29],
       [   6,    5,    4,   12,   70,   12,    2,   30,   18,  850]])}, 59.93045125)
[2024-06-19 19:35:08,119][flwr][INFO] - configure_evaluate: no clients selected, skipping evaluation
[2024-06-19 19:35:08,119][flwr][INFO] - 
[2024-06-19 19:35:08,119][flwr][INFO] - [SUMMARY]
[2024-06-19 19:35:08,119][flwr][INFO] - Run finished 10 round(s) in 59.93s
[2024-06-19 19:35:08,124][flwr][INFO] - 	History (loss, centralized):
[2024-06-19 19:35:08,124][flwr][INFO] - 		round 0: 181.76928067207336
[2024-06-19 19:35:08,124][flwr][INFO] - 		round 1: 644.5344922542572
[2024-06-19 19:35:08,124][flwr][INFO] - 		round 2: 3408.6719489209354
[2024-06-19 19:35:08,124][flwr][INFO] - 		round 3: 68577.55097198486
[2024-06-19 19:35:08,124][flwr][INFO] - 		round 4: 1719858.4262695312
[2024-06-19 19:35:08,124][flwr][INFO] - 		round 5: 45334786.359375
[2024-06-19 19:35:08,125][flwr][INFO] - 		round 6: 1216398781.625
[2024-06-19 19:35:08,125][flwr][INFO] - 		round 7: 32775520172.0
[2024-06-19 19:35:08,125][flwr][INFO] - 		round 8: 884272976640.0
[2024-06-19 19:35:08,125][flwr][INFO] - 		round 9: 23869136572416.0
[2024-06-19 19:35:08,125][flwr][INFO] - 		round 10: 644423965278208.0
[2024-06-19 19:35:08,125][flwr][INFO] - 	History (metrics, centralized):
[2024-06-19 19:35:08,125][flwr][INFO] - 	{'accuracy': [(0, 0.1086),
[2024-06-19 19:35:08,125][flwr][INFO] - 	              (1, 0.6754),
[2024-06-19 19:35:08,125][flwr][INFO] - 	              (2, 0.8654),
[2024-06-19 19:35:08,125][flwr][INFO] - 	              (3, 0.8776),
[2024-06-19 19:35:08,125][flwr][INFO] - 	              (4, 0.8806),
[2024-06-19 19:35:08,125][flwr][INFO] - 	              (5, 0.8805),
[2024-06-19 19:35:08,125][flwr][INFO] - 	              (6, 0.8813),
[2024-06-19 19:35:08,125][flwr][INFO] - 	              (7, 0.8811),
[2024-06-19 19:35:08,125][flwr][INFO] - 	              (8, 0.8811),
[2024-06-19 19:35:08,125][flwr][INFO] - 	              (9, 0.8812),
[2024-06-19 19:35:08,125][flwr][INFO] - 	              (10, 0.8811)],
[2024-06-19 19:35:08,125][flwr][INFO] - 	 'confusion_matrix': [(0,
[2024-06-19 19:35:08,125][flwr][INFO] - 	                       array([[   0,    8,    0,  956,    0,    1,    0,   15,    0,    0],
[2024-06-19 19:35:08,125][flwr][INFO] - 	       [   0,  122,    0, 1013,    0,    0,    0,    0,    0,    0],
[2024-06-19 19:35:08,125][flwr][INFO] - 	       [   0,   38,    0,  971,    0,    0,    3,   19,    1,    0],
[2024-06-19 19:35:08,125][flwr][INFO] - 	       [   0,   44,    0,  945,    1,    1,    0,   17,    2,    0],
[2024-06-19 19:35:08,125][flwr][INFO] - 	       [   0,  143,    0,  816,    1,    0,    2,   20,    0,    0],
[2024-06-19 19:35:08,125][flwr][INFO] - 	       [   0,  118,    0,  735,    1,    7,    0,   30,    1,    0],
[2024-06-19 19:35:08,125][flwr][INFO] - 	       [   0,  144,    0,  749,   25,    0,    2,   38,    0,    0],
[2024-06-19 19:35:08,125][flwr][INFO] - 	       [   0,  272,    0,  724,    8,    0,    0,    9,   15,    0],
[2024-06-19 19:35:08,125][flwr][INFO] - 	       [   0,   81,    0,  859,    1,    0,    1,   32,    0,    0],
[2024-06-19 19:35:08,125][flwr][INFO] - 	       [   0,  178,    0,  799,    1,    0,    0,   31,    0,    0]])),
[2024-06-19 19:35:08,125][flwr][INFO] - 	                      (1,
[2024-06-19 19:35:08,125][flwr][INFO] - 	                       array([[ 873,    0,   44,    1,    0,    0,   57,    5,    0,    0],
[2024-06-19 19:35:08,125][flwr][INFO] - 	       [   0, 1019,  100,    1,    0,    0,    7,    1,    0,    7],
[2024-06-19 19:35:08,125][flwr][INFO] - 	       [   9,    3,  945,    6,    0,    0,   39,   13,    3,   14],
[2024-06-19 19:35:08,125][flwr][INFO] - 	       [  10,    2,  273,  623,    0,    1,    8,   51,   12,   30],
[2024-06-19 19:35:08,125][flwr][INFO] - 	       [   0,    0,   26,    0,  116,    0,   58,    1,    0,  781],
[2024-06-19 19:35:08,125][flwr][INFO] - 	       [  79,    6,  147,  156,    3,  188,  133,   70,   41,   69],
[2024-06-19 19:35:08,125][flwr][INFO] - 	       [   8,    1,   29,    0,    1,    1,  916,    0,    0,    2],
[2024-06-19 19:35:08,126][flwr][INFO] - 	       [   1,    8,   48,    0,    0,    0,    3,  896,    1,   71],
[2024-06-19 19:35:08,126][flwr][INFO] - 	       [  11,    1,  480,   29,    0,    2,   27,   33,  262,  129],
[2024-06-19 19:35:08,126][flwr][INFO] - 	       [   9,    4,   18,    2,    0,    0,    3,   57,    0,  916]])),
[2024-06-19 19:35:08,126][flwr][INFO] - 	                      (2,
[2024-06-19 19:35:08,126][flwr][INFO] - 	                       array([[ 952,    0,    2,    1,    0,   11,   10,    1,    3,    0],
[2024-06-19 19:35:08,126][flwr][INFO] - 	       [   0, 1095,    9,    2,    0,    6,    4,    1,   18,    0],
[2024-06-19 19:35:08,126][flwr][INFO] - 	       [  15,    8,  864,   19,   20,    7,   28,   18,   43,   10],
[2024-06-19 19:35:08,126][flwr][INFO] - 	       [  16,    6,   34,  783,    0,   71,    4,   19,   61,   16],
[2024-06-19 19:35:08,126][flwr][INFO] - 	       [   0,    4,    5,    0,  919,    1,   21,    0,    4,   28],
[2024-06-19 19:35:08,126][flwr][INFO] - 	       [  31,    5,   12,   24,   26,  700,   28,   24,   28,   14],
[2024-06-19 19:35:08,126][flwr][INFO] - 	       [  19,    4,    4,    1,   11,   12,  906,    0,    1,    0],
[2024-06-19 19:35:08,126][flwr][INFO] - 	       [   6,   22,   21,    1,   17,    0,    0,  895,    8,   58],
[2024-06-19 19:35:08,126][flwr][INFO] - 	       [  10,   11,   20,   20,   20,   58,   16,   11,  753,   55],
[2024-06-19 19:35:08,126][flwr][INFO] - 	       [  14,    6,    5,    6,  149,    7,    2,   23,   10,  787]])),
[2024-06-19 19:35:08,126][flwr][INFO] - 	                      (3,
[2024-06-19 19:35:08,126][flwr][INFO] - 	                       array([[ 926,    0,    2,    3,    0,   34,    9,    1,    5,    0],
[2024-06-19 19:35:08,126][flwr][INFO] - 	       [   0, 1080,   11,    3,    1,    6,    3,    1,   30,    0],
[2024-06-19 19:35:08,126][flwr][INFO] - 	       [  10,    6,  862,   38,   19,    7,   19,   13,   47,   11],
[2024-06-19 19:35:08,126][flwr][INFO] - 	       [   8,    1,   18,  871,    0,   50,    1,   13,   36,   12],
[2024-06-19 19:35:08,126][flwr][INFO] - 	       [   0,    3,    7,    1,  902,    5,   16,    0,   13,   35],
[2024-06-19 19:35:08,126][flwr][INFO] - 	       [  12,    3,    7,   51,   20,  708,   14,   12,   57,    8],
[2024-06-19 19:35:08,126][flwr][INFO] - 	       [  15,    3,    9,    1,   15,   29,  880,    0,    6,    0],
[2024-06-19 19:35:08,126][flwr][INFO] - 	       [   4,   17,   22,    8,   13,    0,    0,  901,   11,   52],
[2024-06-19 19:35:08,126][flwr][INFO] - 	       [   2,    1,   15,   45,   13,   39,    9,    8,  815,   27],
[2024-06-19 19:35:08,126][flwr][INFO] - 	       [   6,    4,    4,   12,   90,   12,    1,   27,   22,  831]])),
[2024-06-19 19:35:08,126][flwr][INFO] - 	                      (4,
[2024-06-19 19:35:08,126][flwr][INFO] - 	                       array([[ 927,    0,    2,    3,    0,   33,   11,    1,    3,    0],
[2024-06-19 19:35:08,126][flwr][INFO] - 	       [   0, 1081,   14,    3,    1,    8,    3,    1,   24,    0],
[2024-06-19 19:35:08,126][flwr][INFO] - 	       [   9,    3,  875,   32,   18,    6,   22,   15,   40,   12],
[2024-06-19 19:35:08,126][flwr][INFO] - 	       [   8,    1,   18,  870,    0,   52,    1,   15,   34,   11],
[2024-06-19 19:35:08,126][flwr][INFO] - 	       [   0,    3,    7,    0,  892,    4,   18,    0,   11,   47],
[2024-06-19 19:35:08,126][flwr][INFO] - 	       [  12,    3,    6,   48,   19,  720,   17,   12,   44,   11],
[2024-06-19 19:35:08,126][flwr][INFO] - 	       [  13,    3,    6,    1,   12,   25,  896,    0,    2,    0],
[2024-06-19 19:35:08,126][flwr][INFO] - 	       [   4,   16,   23,    6,   11,    0,    0,  905,   11,   52],
[2024-06-19 19:35:08,126][flwr][INFO] - 	       [   2,    2,   18,   47,   14,   51,   11,   10,  791,   28],
[2024-06-19 19:35:08,126][flwr][INFO] - 	       [   6,    4,    4,   14,   71,   12,    2,   28,   19,  849]])),
[2024-06-19 19:35:08,127][flwr][INFO] - 	                      (5,
[2024-06-19 19:35:08,127][flwr][INFO] - 	                       array([[ 930,    0,    2,    3,    0,   30,   10,    1,    4,    0],
[2024-06-19 19:35:08,127][flwr][INFO] - 	       [   0, 1081,   15,    3,    1,    8,    3,    1,   23,    0],
[2024-06-19 19:35:08,127][flwr][INFO] - 	       [   9,    4,  872,   32,   18,    6,   21,   17,   41,   12],
[2024-06-19 19:35:08,127][flwr][INFO] - 	       [   8,    1,   21,  869,    0,   51,    1,   15,   33,   11],
[2024-06-19 19:35:08,127][flwr][INFO] - 	       [   0,    3,    8,    0,  895,    4,   16,    1,   10,   45],
[2024-06-19 19:35:08,127][flwr][INFO] - 	       [  12,    3,    7,   48,   19,  718,   16,   13,   44,   12],
[2024-06-19 19:35:08,127][flwr][INFO] - 	       [  13,    3,    7,    1,   13,   27,  891,    0,    3,    0],
[2024-06-19 19:35:08,127][flwr][INFO] - 	       [   4,   16,   24,    6,   10,    0,    0,  907,   10,   51],
[2024-06-19 19:35:08,127][flwr][INFO] - 	       [   2,    3,   19,   47,   14,   49,   10,   10,  791,   29],
[2024-06-19 19:35:08,127][flwr][INFO] - 	       [   6,    5,    4,   12,   69,   12,    2,   30,   18,  851]])),
[2024-06-19 19:35:08,127][flwr][INFO] - 	                      (6,
[2024-06-19 19:35:08,127][flwr][INFO] - 	                       array([[ 931,    0,    2,    3,    0,   30,    9,    1,    4,    0],
[2024-06-19 19:35:08,127][flwr][INFO] - 	       [   0, 1081,   15,    3,    1,    8,    3,    1,   23,    0],
[2024-06-19 19:35:08,127][flwr][INFO] - 	       [   9,    3,  874,   32,   18,    6,   21,   17,   40,   12],
[2024-06-19 19:35:08,127][flwr][INFO] - 	       [   8,    1,   21,  870,    0,   50,    1,   15,   33,   11],
[2024-06-19 19:35:08,127][flwr][INFO] - 	       [   0,    3,    8,    0,  895,    4,   16,    1,   10,   45],
[2024-06-19 19:35:08,127][flwr][INFO] - 	       [  12,    3,    7,   49,   19,  718,   16,   13,   43,   12],
[2024-06-19 19:35:08,127][flwr][INFO] - 	       [  13,    3,    7,    1,   13,   26,  892,    0,    3,    0],
[2024-06-19 19:35:08,127][flwr][INFO] - 	       [   4,   16,   24,    6,    9,    0,    0,  910,   10,   49],
[2024-06-19 19:35:08,127][flwr][INFO] - 	       [   2,    3,   19,   47,   14,   49,   10,   10,  791,   29],
[2024-06-19 19:35:08,127][flwr][INFO] - 	       [   6,    5,    4,   12,   69,   12,    2,   30,   18,  851]])),
[2024-06-19 19:35:08,127][flwr][INFO] - 	                      (7,
[2024-06-19 19:35:08,127][flwr][INFO] - 	                       array([[ 932,    0,    2,    3,    0,   29,    9,    1,    4,    0],
[2024-06-19 19:35:08,127][flwr][INFO] - 	       [   0, 1081,   15,    3,    1,    8,    3,    1,   23,    0],
[2024-06-19 19:35:08,127][flwr][INFO] - 	       [   9,    3,  874,   32,   18,    6,   21,   17,   40,   12],
[2024-06-19 19:35:08,127][flwr][INFO] - 	       [   8,    1,   21,  870,    0,   50,    1,   15,   33,   11],
[2024-06-19 19:35:08,127][flwr][INFO] - 	       [   0,    3,    8,    0,  895,    4,   16,    1,   10,   45],
[2024-06-19 19:35:08,127][flwr][INFO] - 	       [  12,    3,    7,   49,   19,  718,   16,   13,   43,   12],
[2024-06-19 19:35:08,127][flwr][INFO] - 	       [  13,    3,    7,    1,   13,   26,  892,    0,    3,    0],
[2024-06-19 19:35:08,127][flwr][INFO] - 	       [   4,   16,   24,    6,    9,    0,    0,  909,   10,   50],
[2024-06-19 19:35:08,127][flwr][INFO] - 	       [   2,    3,   19,   47,   14,   50,   10,   10,  790,   29],
[2024-06-19 19:35:08,127][flwr][INFO] - 	       [   6,    5,    4,   12,   70,   12,    2,   30,   18,  850]])),
[2024-06-19 19:35:08,127][flwr][INFO] - 	                      (8,
[2024-06-19 19:35:08,127][flwr][INFO] - 	                       array([[ 932,    0,    2,    3,    0,   29,    9,    1,    4,    0],
[2024-06-19 19:35:08,128][flwr][INFO] - 	       [   0, 1081,   15,    3,    1,    8,    3,    1,   23,    0],
[2024-06-19 19:35:08,128][flwr][INFO] - 	       [   9,    3,  874,   32,   18,    6,   21,   17,   40,   12],
[2024-06-19 19:35:08,128][flwr][INFO] - 	       [   8,    1,   21,  870,    0,   50,    1,   15,   33,   11],
[2024-06-19 19:35:08,128][flwr][INFO] - 	       [   0,    3,    8,    0,  895,    4,   16,    1,   10,   45],
[2024-06-19 19:35:08,128][flwr][INFO] - 	       [  12,    3,    7,   49,   19,  718,   16,   13,   43,   12],
[2024-06-19 19:35:08,128][flwr][INFO] - 	       [  13,    3,    7,    1,   13,   26,  892,    0,    3,    0],
[2024-06-19 19:35:08,128][flwr][INFO] - 	       [   4,   16,   24,    6,    9,    0,    0,  909,   10,   50],
[2024-06-19 19:35:08,128][flwr][INFO] - 	       [   2,    3,   19,   47,   14,   49,   10,   10,  791,   29],
[2024-06-19 19:35:08,128][flwr][INFO] - 	       [   6,    5,    4,   12,   71,   12,    2,   30,   18,  849]])),
[2024-06-19 19:35:08,128][flwr][INFO] - 	                      (9,
[2024-06-19 19:35:08,128][flwr][INFO] - 	                       array([[ 932,    0,    2,    3,    0,   29,    9,    1,    4,    0],
[2024-06-19 19:35:08,128][flwr][INFO] - 	       [   0, 1081,   15,    3,    1,    8,    3,    1,   23,    0],
[2024-06-19 19:35:08,128][flwr][INFO] - 	       [   9,    3,  874,   32,   18,    6,   21,   17,   40,   12],
[2024-06-19 19:35:08,128][flwr][INFO] - 	       [   8,    1,   21,  870,    0,   50,    1,   15,   33,   11],
[2024-06-19 19:35:08,128][flwr][INFO] - 	       [   0,    3,    8,    0,  895,    4,   16,    1,   10,   45],
[2024-06-19 19:35:08,128][flwr][INFO] - 	       [  12,    3,    7,   49,   19,  718,   16,   13,   43,   12],
[2024-06-19 19:35:08,128][flwr][INFO] - 	       [  13,    3,    7,    1,   13,   26,  892,    0,    3,    0],
[2024-06-19 19:35:08,128][flwr][INFO] - 	       [   4,   16,   24,    6,    9,    0,    0,  909,   10,   50],
[2024-06-19 19:35:08,128][flwr][INFO] - 	       [   2,    3,   19,   47,   14,   49,   10,   10,  791,   29],
[2024-06-19 19:35:08,128][flwr][INFO] - 	       [   6,    5,    4,   12,   70,   12,    2,   30,   18,  850]])),
[2024-06-19 19:35:08,128][flwr][INFO] - 	                      (10,
[2024-06-19 19:35:08,128][flwr][INFO] - 	                       array([[ 932,    0,    2,    3,    0,   29,    9,    1,    4,    0],
[2024-06-19 19:35:08,128][flwr][INFO] - 	       [   0, 1081,   15,    3,    1,    8,    3,    1,   23,    0],
[2024-06-19 19:35:08,128][flwr][INFO] - 	       [   9,    3,  873,   32,   18,    6,   21,   17,   41,   12],
[2024-06-19 19:35:08,128][flwr][INFO] - 	       [   8,    1,   21,  870,    0,   50,    1,   15,   33,   11],
[2024-06-19 19:35:08,128][flwr][INFO] - 	       [   0,    3,    8,    0,  895,    4,   16,    1,   10,   45],
[2024-06-19 19:35:08,128][flwr][INFO] - 	       [  12,    3,    7,   49,   19,  718,   16,   13,   43,   12],
[2024-06-19 19:35:08,128][flwr][INFO] - 	       [  13,    3,    7,    1,   13,   26,  892,    0,    3,    0],
[2024-06-19 19:35:08,128][flwr][INFO] - 	       [   4,   16,   24,    6,    9,    0,    0,  909,   10,   50],
[2024-06-19 19:35:08,128][flwr][INFO] - 	       [   2,    3,   19,   47,   14,   49,   10,   10,  791,   29],
[2024-06-19 19:35:08,128][flwr][INFO] - 	       [   6,    5,    4,   12,   70,   12,    2,   30,   18,  850]]))],
[2024-06-19 19:35:08,129][flwr][INFO] - 	 'f1': [(0, 0.03553137346181725),
[2024-06-19 19:35:08,129][flwr][INFO] - 	        (1, 0.6405616543214164),
[2024-06-19 19:35:08,129][flwr][INFO] - 	        (2, 0.8643689780905858),
[2024-06-19 19:35:08,129][flwr][INFO] - 	        (3, 0.877875275358311),
[2024-06-19 19:35:08,129][flwr][INFO] - 	        (4, 0.8807436171373046),
[2024-06-19 19:35:08,129][flwr][INFO] - 	        (5, 0.8805808598280329),
[2024-06-19 19:35:08,129][flwr][INFO] - 	        (6, 0.8813672815885181),
[2024-06-19 19:35:08,129][flwr][INFO] - 	        (7, 0.8811613423030576),
[2024-06-19 19:35:08,129][flwr][INFO] - 	        (8, 0.8811596119230196),
[2024-06-19 19:35:08,129][flwr][INFO] - 	        (9, 0.881260534422276),
[2024-06-19 19:35:08,129][flwr][INFO] - 	        (10, 0.8811619465534651)],
[2024-06-19 19:35:08,129][flwr][INFO] - 	 'precision': [(0, 0.12349967530374152),
[2024-06-19 19:35:08,129][flwr][INFO] - 	               (1, 0.7793961789496352),
[2024-06-19 19:35:08,129][flwr][INFO] - 	               (2, 0.8665437099407974),
[2024-06-19 19:35:08,129][flwr][INFO] - 	               (3, 0.8791312782310273),
[2024-06-19 19:35:08,129][flwr][INFO] - 	               (4, 0.8813188563089194),
[2024-06-19 19:35:08,129][flwr][INFO] - 	               (5, 0.8810053607206085),
[2024-06-19 19:35:08,129][flwr][INFO] - 	               (6, 0.8817569901420493),
[2024-06-19 19:35:08,129][flwr][INFO] - 	               (7, 0.8815529821687713),
[2024-06-19 19:35:08,129][flwr][INFO] - 	               (8, 0.8815533748443262),
[2024-06-19 19:35:08,129][flwr][INFO] - 	               (9, 0.8816504851830572),
[2024-06-19 19:35:08,129][flwr][INFO] - 	               (10, 0.8815580372353601)],
[2024-06-19 19:35:08,129][flwr][INFO] - 	 'recall': [(0, 0.1086),
[2024-06-19 19:35:08,129][flwr][INFO] - 	            (1, 0.6754),
[2024-06-19 19:35:08,129][flwr][INFO] - 	            (2, 0.8654),
[2024-06-19 19:35:08,129][flwr][INFO] - 	            (3, 0.8776),
[2024-06-19 19:35:08,129][flwr][INFO] - 	            (4, 0.8806),
[2024-06-19 19:35:08,129][flwr][INFO] - 	            (5, 0.8805),
[2024-06-19 19:35:08,129][flwr][INFO] - 	            (6, 0.8813),
[2024-06-19 19:35:08,129][flwr][INFO] - 	            (7, 0.8811),
[2024-06-19 19:35:08,129][flwr][INFO] - 	            (8, 0.8811),
[2024-06-19 19:35:08,129][flwr][INFO] - 	            (9, 0.8812),
[2024-06-19 19:35:08,129][flwr][INFO] - 	            (10, 0.8811)]}
[2024-06-19 19:35:08,129][flwr][INFO] - 
