[2024-06-20 20:51:43,589][flwr][INFO] - Starting Flower simulation, config: num_rounds=10, no round_timeout
[2024-06-20 20:51:45,751][flwr][INFO] - Flower VCE: Ray initialized with resources: {'node:127.0.0.1': 1.0, 'object_store_memory': 2147483648.0, 'node:__internal_head__': 1.0, 'CPU': 12.0, 'memory': 9099132928.0}
[2024-06-20 20:51:45,751][flwr][INFO] - Optimize your simulation with Flower VCE: https://flower.ai/docs/framework/how-to-run-simulations.html
[2024-06-20 20:51:45,751][flwr][INFO] - Flower VCE: Resources for each Virtual Client: {'num_cpus': 2, 'num_gpus': 0}
[2024-06-20 20:51:45,758][flwr][INFO] - Flower VCE: Creating VirtualClientEngineActorPool with 6 actors
[2024-06-20 20:51:45,758][flwr][INFO] - [INIT]
[2024-06-20 20:51:45,758][flwr][INFO] - Requesting initial parameters from one random client
[2024-06-20 20:51:47,674][flwr][INFO] - Received initial parameters from one random client
[2024-06-20 20:51:47,674][flwr][INFO] - Evaluating initial global parameters
[2024-06-20 20:51:48,100][flwr][INFO] - initial parameters (loss, other metrics): 181.76928067207336, {'accuracy': 0.1086, 'precision': 0.12349967530374152, 'recall': 0.1086, 'f1': 0.03553137346181725, 'confusion_matrix': array([[   0,    8,    0,  956,    0,    1,    0,   15,    0,    0],
       [   0,  122,    0, 1013,    0,    0,    0,    0,    0,    0],
       [   0,   38,    0,  971,    0,    0,    3,   19,    1,    0],
       [   0,   44,    0,  945,    1,    1,    0,   17,    2,    0],
       [   0,  143,    0,  816,    1,    0,    2,   20,    0,    0],
       [   0,  118,    0,  735,    1,    7,    0,   30,    1,    0],
       [   0,  144,    0,  749,   25,    0,    2,   38,    0,    0],
       [   0,  272,    0,  724,    8,    0,    0,    9,   15,    0],
       [   0,   81,    0,  859,    1,    0,    1,   32,    0,    0],
       [   0,  178,    0,  799,    1,    0,    0,   31,    0,    0]])}
[2024-06-20 20:51:48,100][flwr][INFO] - 
[2024-06-20 20:51:48,100][flwr][INFO] - [ROUND 1]
[2024-06-20 20:51:48,101][flwr][INFO] - configure_fit: strategy sampled 10 clients (out of 100)
[2024-06-20 20:51:55,322][flwr][INFO] - aggregate_fit: received 10 results and 0 failures
[2024-06-20 20:51:55,330][flwr][WARNING] - No fit_metrics_aggregation_fn provided
[2024-06-20 20:51:55,775][flwr][INFO] - fit progress: (1, 69.96988517045975, {'accuracy': 0.7121, 'precision': 0.7838215733803038, 'recall': 0.7121, 'f1': 0.687718925434461, 'confusion_matrix': array([[ 868,    0,   33,   29,    0,    1,   38,    7,    2,    2],
       [   0, 1063,   60,    6,    0,    0,    0,    0,    4,    2],
       [   9,    5,  914,   42,    2,    0,   17,   12,    7,   24],
       [   3,    1,   83,  855,    0,    0,    2,   30,   13,   23],
       [   0,    5,   22,    0,  174,    0,   23,    1,    1,  756],
       [  23,   17,   62,  391,   25,  209,   18,   44,   37,   66],
       [  10,    7,   71,    7,    3,    8,  834,    1,    1,   16],
       [   0,   10,   45,    2,    4,    0,    0,  888,    0,   79],
       [   9,   14,  200,  176,    1,    2,    4,   25,  414,  129],
       [  10,    5,   10,   11,    0,    0,    2,   65,    4,  902]])}, 7.6752375)
[2024-06-20 20:51:55,776][flwr][INFO] - configure_evaluate: no clients selected, skipping evaluation
[2024-06-20 20:51:55,776][flwr][INFO] - 
[2024-06-20 20:51:55,776][flwr][INFO] - [ROUND 2]
[2024-06-20 20:51:55,777][flwr][INFO] - configure_fit: strategy sampled 10 clients (out of 100)
[2024-06-20 20:52:01,191][flwr][INFO] - aggregate_fit: received 10 results and 0 failures
[2024-06-20 20:52:01,644][flwr][INFO] - fit progress: (2, 33.73512626439333, {'accuracy': 0.8771, 'precision': 0.8788479616410475, 'recall': 0.8771, 'f1': 0.8758140145591411, 'confusion_matrix': array([[ 931,    0,    8,    6,    0,    7,   22,    1,    5,    0],
       [   0, 1115,    6,    2,    0,    0,    3,    0,    9,    0],
       [   9,   19,  908,   23,   13,    0,   26,    9,   23,    2],
       [   3,   13,   41,  892,    1,   11,    2,   13,   25,    9],
       [   0,    8,    7,    0,  885,    0,   35,    0,    3,   44],
       [  17,   12,   15,  110,   28,  631,   28,    5,   37,    9],
       [  15,    7,   11,    0,    6,   14,  902,    1,    2,    0],
       [   2,   32,   41,    2,    8,    0,    1,  892,    2,   48],
       [   6,   34,   33,   45,   15,   19,   16,    8,  777,   21],
       [  10,   13,    6,   11,   81,    4,    4,   26,   16,  838]])}, 13.544408166999998)
[2024-06-20 20:52:01,645][flwr][INFO] - configure_evaluate: no clients selected, skipping evaluation
[2024-06-20 20:52:01,645][flwr][INFO] - 
[2024-06-20 20:52:01,645][flwr][INFO] - [ROUND 3]
[2024-06-20 20:52:01,645][flwr][INFO] - configure_fit: strategy sampled 10 clients (out of 100)
[2024-06-20 20:52:07,393][flwr][INFO] - aggregate_fit: received 10 results and 0 failures
[2024-06-20 20:52:07,844][flwr][INFO] - fit progress: (3, 28.63980522751808, {'accuracy': 0.8976, 'precision': 0.8989128437860331, 'recall': 0.8976, 'f1': 0.8969284460907102, 'confusion_matrix': array([[ 954,    0,    1,    6,    0,    6,    9,    1,    3,    0],
       [   0, 1111,    2,    4,    1,    0,    3,    1,   13,    0],
       [  12,   22,  873,   41,   17,    0,   20,   16,   26,    5],
       [   3,    5,   18,  924,    0,   15,    2,   21,   17,    5],
       [   0,    7,    5,    0,  920,    0,   13,    1,    3,   33],
       [  12,    6,    9,   90,   18,  701,   14,   10,   25,    7],
       [  17,    4,    5,    0,   15,   15,  896,    1,    5,    0],
       [   1,   29,   24,    5,    8,    0,    0,  930,    3,   28],
       [   4,   13,   12,   52,   17,   25,   14,   11,  812,   14],
       [  13,    7,    3,   12,   71,    5,    1,   36,    6,  855]])}, 19.744631249999998)
[2024-06-20 20:52:07,845][flwr][INFO] - configure_evaluate: no clients selected, skipping evaluation
[2024-06-20 20:52:07,845][flwr][INFO] - 
[2024-06-20 20:52:07,845][flwr][INFO] - [ROUND 4]
[2024-06-20 20:52:07,845][flwr][INFO] - configure_fit: strategy sampled 10 clients (out of 100)
[2024-06-20 20:52:13,346][flwr][INFO] - aggregate_fit: received 10 results and 0 failures
[2024-06-20 20:52:13,795][flwr][INFO] - fit progress: (4, 24.576601257547736, {'accuracy': 0.9076, 'precision': 0.9079390493770289, 'recall': 0.9076, 'f1': 0.9072661480995321, 'confusion_matrix': array([[ 959,    0,    0,    1,    0,    8,   10,    1,    1,    0],
       [   0, 1112,    4,    1,    1,    0,    3,    2,   12,    0],
       [  13,    8,  899,   20,   13,    0,   18,   13,   36,   12],
       [   3,    2,   20,  886,    0,   30,    3,   22,   28,   16],
       [   0,    4,    5,    0,  894,    0,   13,    0,    3,   63],
       [  13,    5,    8,   41,   18,  750,   15,    8,   24,   10],
       [  15,    4,    3,    0,   10,   16,  908,    0,    2,    0],
       [   1,   21,   21,    2,    7,    0,    0,  925,    2,   49],
       [  10,   12,    8,   11,   16,   35,   17,   10,  824,   31],
       [  13,    6,    4,    5,   30,    5,    2,   20,    5,  919]])}, 25.695858209)
[2024-06-20 20:52:13,796][flwr][INFO] - configure_evaluate: no clients selected, skipping evaluation
[2024-06-20 20:52:13,796][flwr][INFO] - 
[2024-06-20 20:52:13,796][flwr][INFO] - [ROUND 5]
[2024-06-20 20:52:13,796][flwr][INFO] - configure_fit: strategy sampled 10 clients (out of 100)
[2024-06-20 20:52:19,116][flwr][INFO] - aggregate_fit: received 10 results and 0 failures
[2024-06-20 20:52:19,563][flwr][INFO] - fit progress: (5, 22.947146330028772, {'accuracy': 0.918, 'precision': 0.918117315276424, 'recall': 0.918, 'f1': 0.9177910021427993, 'confusion_matrix': array([[ 956,    0,    2,    4,    0,    9,    7,    1,    1,    0],
       [   0, 1106,    3,    5,    1,    1,    3,    2,   14,    0],
       [   7,    3,  925,   31,   13,    0,   15,   14,   20,    4],
       [   2,    0,   19,  928,    0,   24,    1,   19,   14,    3],
       [   0,    3,    5,    1,  917,    1,   16,    3,    3,   33],
       [   8,    2,    6,   42,    9,  781,   10,    7,   20,    7],
       [  10,    3,    6,    0,    9,   24,  904,    0,    2,    0],
       [   2,   11,   26,   10,    5,    0,    0,  955,    1,   18],
       [   3,    6,   13,   28,   13,   40,    9,    9,  837,   16],
       [  11,    6,    3,   11,   52,   10,    1,   38,    6,  871]])}, 31.463970374999995)
[2024-06-20 20:52:19,564][flwr][INFO] - configure_evaluate: no clients selected, skipping evaluation
[2024-06-20 20:52:19,564][flwr][INFO] - 
[2024-06-20 20:52:19,564][flwr][INFO] - [ROUND 6]
[2024-06-20 20:52:19,564][flwr][INFO] - configure_fit: strategy sampled 10 clients (out of 100)
[2024-06-20 20:52:24,803][flwr][INFO] - aggregate_fit: received 10 results and 0 failures
[2024-06-20 20:52:25,255][flwr][INFO] - fit progress: (6, 20.861592838540673, {'accuracy': 0.9231, 'precision': 0.9232355629014867, 'recall': 0.9231, 'f1': 0.9229180754946741, 'confusion_matrix': array([[ 962,    0,    0,    2,    0,    5,    5,    1,    5,    0],
       [   0, 1114,    3,    3,    1,    0,    3,    0,   11,    0],
       [  16,    5,  915,   15,   15,    3,   12,   17,   27,    7],
       [   3,    2,   16,  912,    0,   27,    3,   16,   22,    9],
       [   1,    2,    4,    0,  925,    0,   11,    0,    4,   35],
       [   8,    3,    6,   23,    9,  795,    9,    6,   24,    9],
       [  14,    3,    3,    0,   10,   17,  907,    0,    4,    0],
       [   3,   16,   20,    6,    7,    0,    0,  935,    0,   41],
       [   9,    6,    7,   14,   11,   25,   14,    6,  867,   15],
       [  13,    6,    1,    7,   54,    9,    1,   12,    7,  899]])}, 37.156172708999996)
[2024-06-20 20:52:25,256][flwr][INFO] - configure_evaluate: no clients selected, skipping evaluation
[2024-06-20 20:52:25,256][flwr][INFO] - 
[2024-06-20 20:52:25,256][flwr][INFO] - [ROUND 7]
[2024-06-20 20:52:25,256][flwr][INFO] - configure_fit: strategy sampled 10 clients (out of 100)
[2024-06-20 20:52:30,613][flwr][INFO] - aggregate_fit: received 10 results and 0 failures
[2024-06-20 20:52:31,065][flwr][INFO] - fit progress: (7, 19.6414779946208, {'accuracy': 0.9271, 'precision': 0.9277517824888873, 'recall': 0.9271, 'f1': 0.9269458891412451, 'confusion_matrix': array([[ 968,    0,    0,    2,    0,    3,    3,    1,    3,    0],
       [   0, 1119,    2,    3,    1,    0,    3,    0,    7,    0],
       [  11,   12,  899,   36,   11,    1,    9,   16,   28,    9],
       [   3,    1,   10,  940,    1,   20,    2,    9,   18,    6],
       [   1,    4,    5,    0,  920,    0,    9,    1,    3,   39],
       [   6,    4,    2,   30,    5,  805,    7,    3,   20,   10],
       [  15,    3,    2,    0,   10,   19,  905,    0,    4,    0],
       [   2,   19,   18,   10,    6,    0,    0,  930,    0,   43],
       [   5,    7,    4,   29,   13,   21,    9,    5,  863,   18],
       [  10,    7,    0,   14,   40,    5,    1,    6,    4,  922]])}, 42.966084334)
[2024-06-20 20:52:31,066][flwr][INFO] - configure_evaluate: no clients selected, skipping evaluation
[2024-06-20 20:52:31,066][flwr][INFO] - 
[2024-06-20 20:52:31,066][flwr][INFO] - [ROUND 8]
[2024-06-20 20:52:31,066][flwr][INFO] - configure_fit: strategy sampled 10 clients (out of 100)
[2024-06-20 20:52:36,375][flwr][INFO] - aggregate_fit: received 10 results and 0 failures
[2024-06-20 20:52:36,817][flwr][INFO] - fit progress: (8, 18.000204366631806, {'accuracy': 0.9332, 'precision': 0.9334421038068372, 'recall': 0.9332, 'f1': 0.9330972799069462, 'confusion_matrix': array([[ 967,    0,    1,    2,    0,    3,    4,    1,    2,    0],
       [   0, 1119,    3,    2,    1,    0,    3,    0,    7,    0],
       [  13,    9,  943,   13,   10,    1,   10,   16,   16,    1],
       [   3,    1,   18,  940,    1,   14,    1,   11,   14,    7],
       [   1,    3,    4,    0,  909,    0,    9,    0,    6,   50],
       [   9,    3,    4,   38,    4,  802,    5,    3,   19,    5],
       [  15,    3,    3,    1,    8,   24,  895,    0,    9,    0],
       [   5,   14,   22,    6,    5,    0,    0,  936,    0,   40],
       [   8,    4,    6,   20,    7,   18,    6,    8,  890,    7],
       [  14,    6,    1,   11,   27,    4,    1,    6,    8,  931]])}, 48.718113584)
[2024-06-20 20:52:36,818][flwr][INFO] - configure_evaluate: no clients selected, skipping evaluation
[2024-06-20 20:52:36,818][flwr][INFO] - 
[2024-06-20 20:52:36,818][flwr][INFO] - [ROUND 9]
[2024-06-20 20:52:36,818][flwr][INFO] - configure_fit: strategy sampled 10 clients (out of 100)
[2024-06-20 20:52:42,271][flwr][INFO] - aggregate_fit: received 10 results and 0 failures
[2024-06-20 20:52:42,722][flwr][INFO] - fit progress: (9, 18.59806156810373, {'accuracy': 0.9316, 'precision': 0.9332967921457026, 'recall': 0.9316, 'f1': 0.9316450656937885, 'confusion_matrix': array([[ 972,    0,    1,    1,    0,    2,    2,    1,    1,    0],
       [   0, 1119,    3,    2,    0,    1,    5,    0,    5,    0],
       [  16,    4,  943,    7,    6,    1,   11,   12,   23,    9],
       [   4,    2,   15,  903,    1,   47,    2,   10,   15,   11],
       [   1,    3,    4,    0,  878,    0,   11,    1,    4,   80],
       [   7,    1,    1,    8,    3,  837,   10,    3,   14,    8],
       [  15,    3,    1,    0,    7,   12,  917,    0,    3,    0],
       [   4,   16,   17,    6,    5,    1,    0,  931,    0,   48],
       [  11,    5,    3,   13,   10,   31,    8,    5,  864,   24],
       [  10,    7,    0,    8,   12,    8,    1,    6,    5,  952]])}, 54.622737834)
[2024-06-20 20:52:42,722][flwr][INFO] - configure_evaluate: no clients selected, skipping evaluation
[2024-06-20 20:52:42,722][flwr][INFO] - 
[2024-06-20 20:52:42,722][flwr][INFO] - [ROUND 10]
[2024-06-20 20:52:42,722][flwr][INFO] - configure_fit: strategy sampled 10 clients (out of 100)
[2024-06-20 20:52:48,972][flwr][INFO] - aggregate_fit: received 10 results and 0 failures
[2024-06-20 20:52:49,430][flwr][INFO] - fit progress: (10, 16.61871247086674, {'accuracy': 0.9412, 'precision': 0.9415467604938879, 'recall': 0.9412, 'f1': 0.9411501165640391, 'confusion_matrix': array([[ 962,    0,    1,    1,    0,    3,    7,    1,    5,    0],
       [   0, 1118,    3,    3,    0,    0,    3,    0,    8,    0],
       [   6,    1,  975,   13,    6,    2,    7,    6,   14,    2],
       [   1,    0,   19,  935,    1,   17,    1,   10,   21,    5],
       [   0,    1,    7,    0,  921,    0,   15,    0,    4,   34],
       [   5,    1,    6,   22,    5,  809,   12,    4,   24,    4],
       [  10,    3,    3,    1,    6,    8,  923,    0,    4,    0],
       [   0,   13,   26,    9,    8,    0,    0,  932,    3,   37],
       [   4,    3,    7,   16,    6,    8,    7,    3,  916,    4],
       [   8,    6,    0,    9,   36,    5,    1,    4,   19,  921]])}, 61.331542041999995)
[2024-06-20 20:52:49,431][flwr][INFO] - configure_evaluate: no clients selected, skipping evaluation
[2024-06-20 20:52:49,431][flwr][INFO] - 
[2024-06-20 20:52:49,431][flwr][INFO] - [SUMMARY]
[2024-06-20 20:52:49,431][flwr][INFO] - Run finished 10 round(s) in 61.33s
[2024-06-20 20:52:49,436][flwr][INFO] - 	History (loss, centralized):
[2024-06-20 20:52:49,436][flwr][INFO] - 		round 0: 181.76928067207336
[2024-06-20 20:52:49,436][flwr][INFO] - 		round 1: 69.96988517045975
[2024-06-20 20:52:49,436][flwr][INFO] - 		round 2: 33.73512626439333
[2024-06-20 20:52:49,436][flwr][INFO] - 		round 3: 28.63980522751808
[2024-06-20 20:52:49,436][flwr][INFO] - 		round 4: 24.576601257547736
[2024-06-20 20:52:49,436][flwr][INFO] - 		round 5: 22.947146330028772
[2024-06-20 20:52:49,436][flwr][INFO] - 		round 6: 20.861592838540673
[2024-06-20 20:52:49,436][flwr][INFO] - 		round 7: 19.6414779946208
[2024-06-20 20:52:49,436][flwr][INFO] - 		round 8: 18.000204366631806
[2024-06-20 20:52:49,436][flwr][INFO] - 		round 9: 18.59806156810373
[2024-06-20 20:52:49,436][flwr][INFO] - 		round 10: 16.61871247086674
[2024-06-20 20:52:49,437][flwr][INFO] - 	History (metrics, centralized):
[2024-06-20 20:52:49,437][flwr][INFO] - 	{'accuracy': [(0, 0.1086),
[2024-06-20 20:52:49,437][flwr][INFO] - 	              (1, 0.7121),
[2024-06-20 20:52:49,437][flwr][INFO] - 	              (2, 0.8771),
[2024-06-20 20:52:49,437][flwr][INFO] - 	              (3, 0.8976),
[2024-06-20 20:52:49,437][flwr][INFO] - 	              (4, 0.9076),
[2024-06-20 20:52:49,437][flwr][INFO] - 	              (5, 0.918),
[2024-06-20 20:52:49,437][flwr][INFO] - 	              (6, 0.9231),
[2024-06-20 20:52:49,437][flwr][INFO] - 	              (7, 0.9271),
[2024-06-20 20:52:49,437][flwr][INFO] - 	              (8, 0.9332),
[2024-06-20 20:52:49,437][flwr][INFO] - 	              (9, 0.9316),
[2024-06-20 20:52:49,437][flwr][INFO] - 	              (10, 0.9412)],
[2024-06-20 20:52:49,437][flwr][INFO] - 	 'confusion_matrix': [(0,
[2024-06-20 20:52:49,437][flwr][INFO] - 	                       array([[   0,    8,    0,  956,    0,    1,    0,   15,    0,    0],
[2024-06-20 20:52:49,437][flwr][INFO] - 	       [   0,  122,    0, 1013,    0,    0,    0,    0,    0,    0],
[2024-06-20 20:52:49,437][flwr][INFO] - 	       [   0,   38,    0,  971,    0,    0,    3,   19,    1,    0],
[2024-06-20 20:52:49,437][flwr][INFO] - 	       [   0,   44,    0,  945,    1,    1,    0,   17,    2,    0],
[2024-06-20 20:52:49,437][flwr][INFO] - 	       [   0,  143,    0,  816,    1,    0,    2,   20,    0,    0],
[2024-06-20 20:52:49,437][flwr][INFO] - 	       [   0,  118,    0,  735,    1,    7,    0,   30,    1,    0],
[2024-06-20 20:52:49,437][flwr][INFO] - 	       [   0,  144,    0,  749,   25,    0,    2,   38,    0,    0],
[2024-06-20 20:52:49,437][flwr][INFO] - 	       [   0,  272,    0,  724,    8,    0,    0,    9,   15,    0],
[2024-06-20 20:52:49,437][flwr][INFO] - 	       [   0,   81,    0,  859,    1,    0,    1,   32,    0,    0],
[2024-06-20 20:52:49,437][flwr][INFO] - 	       [   0,  178,    0,  799,    1,    0,    0,   31,    0,    0]])),
[2024-06-20 20:52:49,437][flwr][INFO] - 	                      (1,
[2024-06-20 20:52:49,437][flwr][INFO] - 	                       array([[ 868,    0,   33,   29,    0,    1,   38,    7,    2,    2],
[2024-06-20 20:52:49,437][flwr][INFO] - 	       [   0, 1063,   60,    6,    0,    0,    0,    0,    4,    2],
[2024-06-20 20:52:49,437][flwr][INFO] - 	       [   9,    5,  914,   42,    2,    0,   17,   12,    7,   24],
[2024-06-20 20:52:49,437][flwr][INFO] - 	       [   3,    1,   83,  855,    0,    0,    2,   30,   13,   23],
[2024-06-20 20:52:49,437][flwr][INFO] - 	       [   0,    5,   22,    0,  174,    0,   23,    1,    1,  756],
[2024-06-20 20:52:49,437][flwr][INFO] - 	       [  23,   17,   62,  391,   25,  209,   18,   44,   37,   66],
[2024-06-20 20:52:49,437][flwr][INFO] - 	       [  10,    7,   71,    7,    3,    8,  834,    1,    1,   16],
[2024-06-20 20:52:49,437][flwr][INFO] - 	       [   0,   10,   45,    2,    4,    0,    0,  888,    0,   79],
[2024-06-20 20:52:49,437][flwr][INFO] - 	       [   9,   14,  200,  176,    1,    2,    4,   25,  414,  129],
[2024-06-20 20:52:49,437][flwr][INFO] - 	       [  10,    5,   10,   11,    0,    0,    2,   65,    4,  902]])),
[2024-06-20 20:52:49,437][flwr][INFO] - 	                      (2,
[2024-06-20 20:52:49,437][flwr][INFO] - 	                       array([[ 931,    0,    8,    6,    0,    7,   22,    1,    5,    0],
[2024-06-20 20:52:49,437][flwr][INFO] - 	       [   0, 1115,    6,    2,    0,    0,    3,    0,    9,    0],
[2024-06-20 20:52:49,437][flwr][INFO] - 	       [   9,   19,  908,   23,   13,    0,   26,    9,   23,    2],
[2024-06-20 20:52:49,437][flwr][INFO] - 	       [   3,   13,   41,  892,    1,   11,    2,   13,   25,    9],
[2024-06-20 20:52:49,437][flwr][INFO] - 	       [   0,    8,    7,    0,  885,    0,   35,    0,    3,   44],
[2024-06-20 20:52:49,437][flwr][INFO] - 	       [  17,   12,   15,  110,   28,  631,   28,    5,   37,    9],
[2024-06-20 20:52:49,438][flwr][INFO] - 	       [  15,    7,   11,    0,    6,   14,  902,    1,    2,    0],
[2024-06-20 20:52:49,438][flwr][INFO] - 	       [   2,   32,   41,    2,    8,    0,    1,  892,    2,   48],
[2024-06-20 20:52:49,438][flwr][INFO] - 	       [   6,   34,   33,   45,   15,   19,   16,    8,  777,   21],
[2024-06-20 20:52:49,438][flwr][INFO] - 	       [  10,   13,    6,   11,   81,    4,    4,   26,   16,  838]])),
[2024-06-20 20:52:49,438][flwr][INFO] - 	                      (3,
[2024-06-20 20:52:49,438][flwr][INFO] - 	                       array([[ 954,    0,    1,    6,    0,    6,    9,    1,    3,    0],
[2024-06-20 20:52:49,438][flwr][INFO] - 	       [   0, 1111,    2,    4,    1,    0,    3,    1,   13,    0],
[2024-06-20 20:52:49,438][flwr][INFO] - 	       [  12,   22,  873,   41,   17,    0,   20,   16,   26,    5],
[2024-06-20 20:52:49,438][flwr][INFO] - 	       [   3,    5,   18,  924,    0,   15,    2,   21,   17,    5],
[2024-06-20 20:52:49,438][flwr][INFO] - 	       [   0,    7,    5,    0,  920,    0,   13,    1,    3,   33],
[2024-06-20 20:52:49,438][flwr][INFO] - 	       [  12,    6,    9,   90,   18,  701,   14,   10,   25,    7],
[2024-06-20 20:52:49,438][flwr][INFO] - 	       [  17,    4,    5,    0,   15,   15,  896,    1,    5,    0],
[2024-06-20 20:52:49,438][flwr][INFO] - 	       [   1,   29,   24,    5,    8,    0,    0,  930,    3,   28],
[2024-06-20 20:52:49,438][flwr][INFO] - 	       [   4,   13,   12,   52,   17,   25,   14,   11,  812,   14],
[2024-06-20 20:52:49,438][flwr][INFO] - 	       [  13,    7,    3,   12,   71,    5,    1,   36,    6,  855]])),
[2024-06-20 20:52:49,438][flwr][INFO] - 	                      (4,
[2024-06-20 20:52:49,438][flwr][INFO] - 	                       array([[ 959,    0,    0,    1,    0,    8,   10,    1,    1,    0],
[2024-06-20 20:52:49,438][flwr][INFO] - 	       [   0, 1112,    4,    1,    1,    0,    3,    2,   12,    0],
[2024-06-20 20:52:49,438][flwr][INFO] - 	       [  13,    8,  899,   20,   13,    0,   18,   13,   36,   12],
[2024-06-20 20:52:49,438][flwr][INFO] - 	       [   3,    2,   20,  886,    0,   30,    3,   22,   28,   16],
[2024-06-20 20:52:49,438][flwr][INFO] - 	       [   0,    4,    5,    0,  894,    0,   13,    0,    3,   63],
[2024-06-20 20:52:49,438][flwr][INFO] - 	       [  13,    5,    8,   41,   18,  750,   15,    8,   24,   10],
[2024-06-20 20:52:49,438][flwr][INFO] - 	       [  15,    4,    3,    0,   10,   16,  908,    0,    2,    0],
[2024-06-20 20:52:49,438][flwr][INFO] - 	       [   1,   21,   21,    2,    7,    0,    0,  925,    2,   49],
[2024-06-20 20:52:49,438][flwr][INFO] - 	       [  10,   12,    8,   11,   16,   35,   17,   10,  824,   31],
[2024-06-20 20:52:49,438][flwr][INFO] - 	       [  13,    6,    4,    5,   30,    5,    2,   20,    5,  919]])),
[2024-06-20 20:52:49,438][flwr][INFO] - 	                      (5,
[2024-06-20 20:52:49,438][flwr][INFO] - 	                       array([[ 956,    0,    2,    4,    0,    9,    7,    1,    1,    0],
[2024-06-20 20:52:49,438][flwr][INFO] - 	       [   0, 1106,    3,    5,    1,    1,    3,    2,   14,    0],
[2024-06-20 20:52:49,438][flwr][INFO] - 	       [   7,    3,  925,   31,   13,    0,   15,   14,   20,    4],
[2024-06-20 20:52:49,438][flwr][INFO] - 	       [   2,    0,   19,  928,    0,   24,    1,   19,   14,    3],
[2024-06-20 20:52:49,438][flwr][INFO] - 	       [   0,    3,    5,    1,  917,    1,   16,    3,    3,   33],
[2024-06-20 20:52:49,438][flwr][INFO] - 	       [   8,    2,    6,   42,    9,  781,   10,    7,   20,    7],
[2024-06-20 20:52:49,438][flwr][INFO] - 	       [  10,    3,    6,    0,    9,   24,  904,    0,    2,    0],
[2024-06-20 20:52:49,438][flwr][INFO] - 	       [   2,   11,   26,   10,    5,    0,    0,  955,    1,   18],
[2024-06-20 20:52:49,438][flwr][INFO] - 	       [   3,    6,   13,   28,   13,   40,    9,    9,  837,   16],
[2024-06-20 20:52:49,438][flwr][INFO] - 	       [  11,    6,    3,   11,   52,   10,    1,   38,    6,  871]])),
[2024-06-20 20:52:49,438][flwr][INFO] - 	                      (6,
[2024-06-20 20:52:49,438][flwr][INFO] - 	                       array([[ 962,    0,    0,    2,    0,    5,    5,    1,    5,    0],
[2024-06-20 20:52:49,438][flwr][INFO] - 	       [   0, 1114,    3,    3,    1,    0,    3,    0,   11,    0],
[2024-06-20 20:52:49,438][flwr][INFO] - 	       [  16,    5,  915,   15,   15,    3,   12,   17,   27,    7],
[2024-06-20 20:52:49,438][flwr][INFO] - 	       [   3,    2,   16,  912,    0,   27,    3,   16,   22,    9],
[2024-06-20 20:52:49,438][flwr][INFO] - 	       [   1,    2,    4,    0,  925,    0,   11,    0,    4,   35],
[2024-06-20 20:52:49,439][flwr][INFO] - 	       [   8,    3,    6,   23,    9,  795,    9,    6,   24,    9],
[2024-06-20 20:52:49,439][flwr][INFO] - 	       [  14,    3,    3,    0,   10,   17,  907,    0,    4,    0],
[2024-06-20 20:52:49,439][flwr][INFO] - 	       [   3,   16,   20,    6,    7,    0,    0,  935,    0,   41],
[2024-06-20 20:52:49,439][flwr][INFO] - 	       [   9,    6,    7,   14,   11,   25,   14,    6,  867,   15],
[2024-06-20 20:52:49,439][flwr][INFO] - 	       [  13,    6,    1,    7,   54,    9,    1,   12,    7,  899]])),
[2024-06-20 20:52:49,439][flwr][INFO] - 	                      (7,
[2024-06-20 20:52:49,439][flwr][INFO] - 	                       array([[ 968,    0,    0,    2,    0,    3,    3,    1,    3,    0],
[2024-06-20 20:52:49,439][flwr][INFO] - 	       [   0, 1119,    2,    3,    1,    0,    3,    0,    7,    0],
[2024-06-20 20:52:49,439][flwr][INFO] - 	       [  11,   12,  899,   36,   11,    1,    9,   16,   28,    9],
[2024-06-20 20:52:49,439][flwr][INFO] - 	       [   3,    1,   10,  940,    1,   20,    2,    9,   18,    6],
[2024-06-20 20:52:49,439][flwr][INFO] - 	       [   1,    4,    5,    0,  920,    0,    9,    1,    3,   39],
[2024-06-20 20:52:49,439][flwr][INFO] - 	       [   6,    4,    2,   30,    5,  805,    7,    3,   20,   10],
[2024-06-20 20:52:49,439][flwr][INFO] - 	       [  15,    3,    2,    0,   10,   19,  905,    0,    4,    0],
[2024-06-20 20:52:49,439][flwr][INFO] - 	       [   2,   19,   18,   10,    6,    0,    0,  930,    0,   43],
[2024-06-20 20:52:49,439][flwr][INFO] - 	       [   5,    7,    4,   29,   13,   21,    9,    5,  863,   18],
[2024-06-20 20:52:49,439][flwr][INFO] - 	       [  10,    7,    0,   14,   40,    5,    1,    6,    4,  922]])),
[2024-06-20 20:52:49,439][flwr][INFO] - 	                      (8,
[2024-06-20 20:52:49,439][flwr][INFO] - 	                       array([[ 967,    0,    1,    2,    0,    3,    4,    1,    2,    0],
[2024-06-20 20:52:49,439][flwr][INFO] - 	       [   0, 1119,    3,    2,    1,    0,    3,    0,    7,    0],
[2024-06-20 20:52:49,439][flwr][INFO] - 	       [  13,    9,  943,   13,   10,    1,   10,   16,   16,    1],
[2024-06-20 20:52:49,439][flwr][INFO] - 	       [   3,    1,   18,  940,    1,   14,    1,   11,   14,    7],
[2024-06-20 20:52:49,439][flwr][INFO] - 	       [   1,    3,    4,    0,  909,    0,    9,    0,    6,   50],
[2024-06-20 20:52:49,439][flwr][INFO] - 	       [   9,    3,    4,   38,    4,  802,    5,    3,   19,    5],
[2024-06-20 20:52:49,439][flwr][INFO] - 	       [  15,    3,    3,    1,    8,   24,  895,    0,    9,    0],
[2024-06-20 20:52:49,439][flwr][INFO] - 	       [   5,   14,   22,    6,    5,    0,    0,  936,    0,   40],
[2024-06-20 20:52:49,439][flwr][INFO] - 	       [   8,    4,    6,   20,    7,   18,    6,    8,  890,    7],
[2024-06-20 20:52:49,439][flwr][INFO] - 	       [  14,    6,    1,   11,   27,    4,    1,    6,    8,  931]])),
[2024-06-20 20:52:49,439][flwr][INFO] - 	                      (9,
[2024-06-20 20:52:49,439][flwr][INFO] - 	                       array([[ 972,    0,    1,    1,    0,    2,    2,    1,    1,    0],
[2024-06-20 20:52:49,439][flwr][INFO] - 	       [   0, 1119,    3,    2,    0,    1,    5,    0,    5,    0],
[2024-06-20 20:52:49,439][flwr][INFO] - 	       [  16,    4,  943,    7,    6,    1,   11,   12,   23,    9],
[2024-06-20 20:52:49,439][flwr][INFO] - 	       [   4,    2,   15,  903,    1,   47,    2,   10,   15,   11],
[2024-06-20 20:52:49,439][flwr][INFO] - 	       [   1,    3,    4,    0,  878,    0,   11,    1,    4,   80],
[2024-06-20 20:52:49,439][flwr][INFO] - 	       [   7,    1,    1,    8,    3,  837,   10,    3,   14,    8],
[2024-06-20 20:52:49,439][flwr][INFO] - 	       [  15,    3,    1,    0,    7,   12,  917,    0,    3,    0],
[2024-06-20 20:52:49,439][flwr][INFO] - 	       [   4,   16,   17,    6,    5,    1,    0,  931,    0,   48],
[2024-06-20 20:52:49,439][flwr][INFO] - 	       [  11,    5,    3,   13,   10,   31,    8,    5,  864,   24],
[2024-06-20 20:52:49,439][flwr][INFO] - 	       [  10,    7,    0,    8,   12,    8,    1,    6,    5,  952]])),
[2024-06-20 20:52:49,439][flwr][INFO] - 	                      (10,
[2024-06-20 20:52:49,439][flwr][INFO] - 	                       array([[ 962,    0,    1,    1,    0,    3,    7,    1,    5,    0],
[2024-06-20 20:52:49,439][flwr][INFO] - 	       [   0, 1118,    3,    3,    0,    0,    3,    0,    8,    0],
[2024-06-20 20:52:49,439][flwr][INFO] - 	       [   6,    1,  975,   13,    6,    2,    7,    6,   14,    2],
[2024-06-20 20:52:49,440][flwr][INFO] - 	       [   1,    0,   19,  935,    1,   17,    1,   10,   21,    5],
[2024-06-20 20:52:49,440][flwr][INFO] - 	       [   0,    1,    7,    0,  921,    0,   15,    0,    4,   34],
[2024-06-20 20:52:49,440][flwr][INFO] - 	       [   5,    1,    6,   22,    5,  809,   12,    4,   24,    4],
[2024-06-20 20:52:49,440][flwr][INFO] - 	       [  10,    3,    3,    1,    6,    8,  923,    0,    4,    0],
[2024-06-20 20:52:49,440][flwr][INFO] - 	       [   0,   13,   26,    9,    8,    0,    0,  932,    3,   37],
[2024-06-20 20:52:49,440][flwr][INFO] - 	       [   4,    3,    7,   16,    6,    8,    7,    3,  916,    4],
[2024-06-20 20:52:49,440][flwr][INFO] - 	       [   8,    6,    0,    9,   36,    5,    1,    4,   19,  921]]))],
[2024-06-20 20:52:49,440][flwr][INFO] - 	 'f1': [(0, 0.03553137346181725),
[2024-06-20 20:52:49,440][flwr][INFO] - 	        (1, 0.687718925434461),
[2024-06-20 20:52:49,440][flwr][INFO] - 	        (2, 0.8758140145591411),
[2024-06-20 20:52:49,440][flwr][INFO] - 	        (3, 0.8969284460907102),
[2024-06-20 20:52:49,440][flwr][INFO] - 	        (4, 0.9072661480995321),
[2024-06-20 20:52:49,440][flwr][INFO] - 	        (5, 0.9177910021427993),
[2024-06-20 20:52:49,440][flwr][INFO] - 	        (6, 0.9229180754946741),
[2024-06-20 20:52:49,440][flwr][INFO] - 	        (7, 0.9269458891412451),
[2024-06-20 20:52:49,440][flwr][INFO] - 	        (8, 0.9330972799069462),
[2024-06-20 20:52:49,440][flwr][INFO] - 	        (9, 0.9316450656937885),
[2024-06-20 20:52:49,440][flwr][INFO] - 	        (10, 0.9411501165640391)],
[2024-06-20 20:52:49,440][flwr][INFO] - 	 'precision': [(0, 0.12349967530374152),
[2024-06-20 20:52:49,440][flwr][INFO] - 	               (1, 0.7838215733803038),
[2024-06-20 20:52:49,440][flwr][INFO] - 	               (2, 0.8788479616410475),
[2024-06-20 20:52:49,440][flwr][INFO] - 	               (3, 0.8989128437860331),
[2024-06-20 20:52:49,440][flwr][INFO] - 	               (4, 0.9079390493770289),
[2024-06-20 20:52:49,440][flwr][INFO] - 	               (5, 0.918117315276424),
[2024-06-20 20:52:49,440][flwr][INFO] - 	               (6, 0.9232355629014867),
[2024-06-20 20:52:49,440][flwr][INFO] - 	               (7, 0.9277517824888873),
[2024-06-20 20:52:49,440][flwr][INFO] - 	               (8, 0.9334421038068372),
[2024-06-20 20:52:49,440][flwr][INFO] - 	               (9, 0.9332967921457026),
[2024-06-20 20:52:49,440][flwr][INFO] - 	               (10, 0.9415467604938879)],
[2024-06-20 20:52:49,440][flwr][INFO] - 	 'recall': [(0, 0.1086),
[2024-06-20 20:52:49,440][flwr][INFO] - 	            (1, 0.7121),
[2024-06-20 20:52:49,440][flwr][INFO] - 	            (2, 0.8771),
[2024-06-20 20:52:49,440][flwr][INFO] - 	            (3, 0.8976),
[2024-06-20 20:52:49,440][flwr][INFO] - 	            (4, 0.9076),
[2024-06-20 20:52:49,440][flwr][INFO] - 	            (5, 0.918),
[2024-06-20 20:52:49,440][flwr][INFO] - 	            (6, 0.9231),
[2024-06-20 20:52:49,440][flwr][INFO] - 	            (7, 0.9271),
[2024-06-20 20:52:49,440][flwr][INFO] - 	            (8, 0.9332),
[2024-06-20 20:52:49,440][flwr][INFO] - 	            (9, 0.9316),
[2024-06-20 20:52:49,440][flwr][INFO] - 	            (10, 0.9412)]}
[2024-06-20 20:52:49,440][flwr][INFO] - 
