[2024-06-20 20:56:51,225][flwr][INFO] - Starting Flower simulation, config: num_rounds=10, no round_timeout
[2024-06-20 20:56:53,282][flwr][INFO] - Flower VCE: Ray initialized with resources: {'memory': 8758819226.0, 'node:__internal_head__': 1.0, 'object_store_memory': 2147483648.0, 'node:127.0.0.1': 1.0, 'CPU': 12.0}
[2024-06-20 20:56:53,282][flwr][INFO] - Optimize your simulation with Flower VCE: https://flower.ai/docs/framework/how-to-run-simulations.html
[2024-06-20 20:56:53,282][flwr][INFO] - Flower VCE: Resources for each Virtual Client: {'num_cpus': 2, 'num_gpus': 0}
[2024-06-20 20:56:53,289][flwr][INFO] - Flower VCE: Creating VirtualClientEngineActorPool with 6 actors
[2024-06-20 20:56:53,289][flwr][INFO] - [INIT]
[2024-06-20 20:56:53,289][flwr][INFO] - Requesting initial parameters from one random client
[2024-06-20 20:56:55,210][flwr][INFO] - Received initial parameters from one random client
[2024-06-20 20:56:55,210][flwr][INFO] - Evaluating initial global parameters
[2024-06-20 20:56:55,642][flwr][INFO] - initial parameters (loss, other metrics): 181.76928067207336, {'accuracy': 0.1086, 'precision': 0.12349967530374152, 'recall': 0.1086, 'f1': 0.03553137346181725, 'confusion_matrix': array([[   0,    8,    0,  956,    0,    1,    0,   15,    0,    0],
       [   0,  122,    0, 1013,    0,    0,    0,    0,    0,    0],
       [   0,   38,    0,  971,    0,    0,    3,   19,    1,    0],
       [   0,   44,    0,  945,    1,    1,    0,   17,    2,    0],
       [   0,  143,    0,  816,    1,    0,    2,   20,    0,    0],
       [   0,  118,    0,  735,    1,    7,    0,   30,    1,    0],
       [   0,  144,    0,  749,   25,    0,    2,   38,    0,    0],
       [   0,  272,    0,  724,    8,    0,    0,    9,   15,    0],
       [   0,   81,    0,  859,    1,    0,    1,   32,    0,    0],
       [   0,  178,    0,  799,    1,    0,    0,   31,    0,    0]])}
[2024-06-20 20:56:55,643][flwr][INFO] - 
[2024-06-20 20:56:55,643][flwr][INFO] - [ROUND 1]
[2024-06-20 20:56:55,643][flwr][INFO] - configure_fit: strategy sampled 10 clients (out of 100)
[2024-06-20 20:57:02,743][flwr][INFO] - aggregate_fit: received 10 results and 0 failures
[2024-06-20 20:57:02,750][flwr][WARNING] - No fit_metrics_aggregation_fn provided
[2024-06-20 20:57:03,194][flwr][INFO] - fit progress: (1, 79347.27996826172, {'accuracy': 0.1389, 'precision': 0.11850387180740184, 'recall': 0.1389, 'f1': 0.09244103786722228, 'confusion_matrix': array([[ 45, 257,  42,  43, 206,   1, 313,   0,   1,  72],
       [123, 517,   4, 153,  70,   1, 232,  22,   2,  11],
       [ 58, 127,  78, 316,   9,   0, 412,   3,   3,  26],
       [ 37, 146,  21, 297,   2,   1, 453,   0,  20,  33],
       [ 47, 405,  28,  99,  12,   1, 374,   4,   3,   9],
       [ 40, 189,  10, 120,  19,   1, 464,   0,   8,  41],
       [156, 210,   1,  26,   6,   1, 428,   0,   2, 128],
       [  9, 359,  14, 307,   0,   1, 334,   0,   3,   1],
       [ 27, 123,  10, 124,   6,   1, 661,   3,   5,  14],
       [ 14, 268,  37, 105,   1,   0, 574,   3,   1,   6]])}, 7.551493832999999)
[2024-06-20 20:57:03,195][flwr][INFO] - configure_evaluate: no clients selected, skipping evaluation
[2024-06-20 20:57:03,195][flwr][INFO] - 
[2024-06-20 20:57:03,195][flwr][INFO] - [ROUND 2]
[2024-06-20 20:57:03,195][flwr][INFO] - configure_fit: strategy sampled 10 clients (out of 100)
[2024-06-20 20:57:08,422][flwr][INFO] - aggregate_fit: received 10 results and 0 failures
[2024-06-20 20:57:08,864][flwr][INFO] - fit progress: (2, 488917.70068359375, {'accuracy': 0.2295, 'precision': 0.17844318225648612, 'recall': 0.2295, 'f1': 0.17391247171083657, 'confusion_matrix': array([[ 318,  117,  110,    7,  168,   46,   12,   78,   71,   53],
       [  35, 1064,    0,    0,    3,   12,    2,   11,    4,    4],
       [ 231,  229,   10,    2,   40,  102,   98,  161,   83,   76],
       [ 117,  300,    2,    5,   39,  124,   56,  211,   80,   76],
       [  88,  473,    2,    1,  242,    8,   17,  111,   11,   29],
       [ 106,  272,   19,   20,   58,   54,   63,  140,   87,   73],
       [ 144,  152,   12,   15,   23,   56,  198,   34,   41,  283],
       [  52,  545,    1,    1,   25,    8,    6,  295,    8,   87],
       [  68,  262,   13,    9,  119,   47,  139,  171,   39,  107],
       [  41,  489,    2,    4,  149,    5,    6,  232,   11,   70]])}, 13.221846665999998)
[2024-06-20 20:57:08,865][flwr][INFO] - configure_evaluate: no clients selected, skipping evaluation
[2024-06-20 20:57:08,865][flwr][INFO] - 
[2024-06-20 20:57:08,865][flwr][INFO] - [ROUND 3]
[2024-06-20 20:57:08,865][flwr][INFO] - configure_fit: strategy sampled 10 clients (out of 100)
[2024-06-20 20:57:14,741][flwr][INFO] - aggregate_fit: received 10 results and 0 failures
[2024-06-20 20:57:15,200][flwr][INFO] - fit progress: (3, 2376232.9140625, {'accuracy': 0.2398, 'precision': 0.2528363724331611, 'recall': 0.2398, 'f1': 0.2249038815461346, 'confusion_matrix': array([[203,  28, 107,  79,  75, 115,   8,  36, 249,  80],
       [ 37, 676,   0,   5,  69,  65,   6,  74, 187,  16],
       [134,  70,  71,  65,  65, 135,  87,  59, 267,  79],
       [ 87,  77,   6, 101,  75, 137,  11,  57, 421,  38],
       [ 66,  75,  10,  14, 403,  34,   7,  32, 260,  81],
       [ 74,  47,  29,  90,  63, 109,  16,  42, 387,  35],
       [ 76,  17, 162,  68,  66, 120,  78,  13, 283,  75],
       [ 32, 167,   5,   2,  52,  71,   7, 158, 129, 405],
       [ 22,  37,  40,  95, 142,  95,  11,  31, 441,  60],
       [ 50,  67,   2,  23, 392,  17,   1,  59, 240, 158]])}, 19.557335)
[2024-06-20 20:57:15,200][flwr][INFO] - configure_evaluate: no clients selected, skipping evaluation
[2024-06-20 20:57:15,200][flwr][INFO] - 
[2024-06-20 20:57:15,200][flwr][INFO] - [ROUND 4]
[2024-06-20 20:57:15,201][flwr][INFO] - configure_fit: strategy sampled 10 clients (out of 100)
[2024-06-20 20:57:20,477][flwr][INFO] - aggregate_fit: received 10 results and 0 failures
[2024-06-20 20:57:20,922][flwr][INFO] - fit progress: (4, 12233401.0859375, {'accuracy': 0.3123, 'precision': 0.3034466701424117, 'recall': 0.3123, 'f1': 0.29815117782241357, 'confusion_matrix': array([[420,  15, 321,  45,  63,  37,  22,  20,  22,  15],
       [ 53, 875,   7,  12,  32,  36,  62,  13,  44,   1],
       [145,  70, 344,  85,  31,  97, 133,  54,  38,  35],
       [146, 111,  60, 266,  42, 132,  34,  20, 135,  64],
       [124,  86,  80,   8, 290,  21,  41,  64,  66, 202],
       [ 96,  87, 108, 146,  47, 120,  38,  55, 135,  60],
       [123,  11, 536,  29,  23,  31, 141,   6,  46,  12],
       [ 65, 188,  27,   6,  37,  28,  30, 219,  31, 397],
       [ 52,  58, 177, 194,  87, 106,  68,  20, 117,  95],
       [ 85,  96,  66,  56, 187,  14,  21, 102,  51, 331]])}, 25.280368125000003)
[2024-06-20 20:57:20,923][flwr][INFO] - configure_evaluate: no clients selected, skipping evaluation
[2024-06-20 20:57:20,923][flwr][INFO] - 
[2024-06-20 20:57:20,923][flwr][INFO] - [ROUND 5]
[2024-06-20 20:57:20,923][flwr][INFO] - configure_fit: strategy sampled 10 clients (out of 100)
[2024-06-20 20:57:26,126][flwr][INFO] - aggregate_fit: received 10 results and 0 failures
[2024-06-20 20:57:26,582][flwr][INFO] - fit progress: (5, 84721768.1875, {'accuracy': 0.3044, 'precision': 0.30353888493950526, 'recall': 0.3044, 'f1': 0.27340205601371054, 'confusion_matrix': array([[332,  53, 452,  13,  26,  29,   1,  30,  23,  21],
       [ 50, 962,   8,   8,  14,  36,   2,  22,  31,   2],
       [133, 180, 429,  41,  20,  35,  46,  70,  33,  45],
       [127, 205,  76, 181,  19, 157,   3,  62, 115,  65],
       [ 60, 208,  82,   1, 227,  20,   5, 144,  16, 219],
       [ 84, 123, 173,  73,  22, 158,   3,  87, 102,  67],
       [ 91,  40, 636,   7,  30,  48,  30,  18,  41,  17],
       [ 30, 282,  26,   1,  40,  22,   6, 387,   9, 225],
       [ 60, 136, 228, 109,  73, 103,  16,  40, 101, 108],
       [ 40, 253,  77,  14, 126,  12,   3, 227,  20, 237]])}, 30.940482291000002)
[2024-06-20 20:57:26,583][flwr][INFO] - configure_evaluate: no clients selected, skipping evaluation
[2024-06-20 20:57:26,583][flwr][INFO] - 
[2024-06-20 20:57:26,583][flwr][INFO] - [ROUND 6]
[2024-06-20 20:57:26,583][flwr][INFO] - configure_fit: strategy sampled 10 clients (out of 100)
[2024-06-20 20:57:31,946][flwr][INFO] - aggregate_fit: received 10 results and 0 failures
[2024-06-20 20:57:32,404][flwr][INFO] - fit progress: (6, 506593073.5, {'accuracy': 0.2823, 'precision': 0.2822280354800992, 'recall': 0.2823, 'f1': 0.25158656367390647, 'confusion_matrix': array([[337,  63, 372,   9,  39,  49,   3,  39,  38,  31],
       [ 31, 873,  13,   4,  27,  82,   1,  78,  24,   2],
       [105, 285, 336,  29,  49,  41,  68,  44,  33,  42],
       [ 79, 286,  47,  95,  47, 242,   3,  26, 158,  27],
       [ 73, 175,  43,   1, 290,  43,   2, 124,  24, 207],
       [ 89, 142, 103,  33,  61, 243,   2,  61, 114,  44],
       [121,  66, 541,   2,  82,  36,  30,  19,  39,  22],
       [ 29, 308,  11,   1, 120,  22,   7, 338,  16, 176],
       [ 34, 246, 172,  59, 136, 114,   5,  44,  86,  78],
       [ 57, 251,  40,   3, 251,  30,   2, 158,  22, 195]])}, 36.762196208)
[2024-06-20 20:57:32,404][flwr][INFO] - configure_evaluate: no clients selected, skipping evaluation
[2024-06-20 20:57:32,404][flwr][INFO] - 
[2024-06-20 20:57:32,405][flwr][INFO] - [ROUND 7]
[2024-06-20 20:57:32,405][flwr][INFO] - configure_fit: strategy sampled 10 clients (out of 100)
[2024-06-20 20:57:37,745][flwr][INFO] - aggregate_fit: received 10 results and 0 failures
[2024-06-20 20:57:38,201][flwr][INFO] - fit progress: (7, 3117315556.0, {'accuracy': 0.288, 'precision': 0.2946795070571846, 'recall': 0.288, 'f1': 0.26398338836973867, 'confusion_matrix': array([[241,  22, 425,   7,  52, 111,  18,  75,  22,   7],
       [ 29, 680,  69,   5,  43, 122,  15,  94,  72,   6],
       [121, 126, 414,  23,  67,  66,  48,  62,  44,  61],
       [ 94,  98,  74,  77,  83, 433,   5,  34,  96,  16],
       [ 82,  38,  59,   0, 424,  74,   6, 108,  15, 176],
       [ 52,  64, 155,  30,  72, 296,  11,  92, 105,  15],
       [ 60,  15, 672,   2,  42,  58,  39,  20,  33,  17],
       [ 41, 128,  29,   1, 170,  43,   4, 472,   7, 133],
       [ 36,  74, 186,  50, 215, 184,  15,  70,  91,  53],
       [ 46,  76,  50,   5, 409,  62,   6, 205,   4, 146]])}, 42.559255666)
[2024-06-20 20:57:38,201][flwr][INFO] - configure_evaluate: no clients selected, skipping evaluation
[2024-06-20 20:57:38,201][flwr][INFO] - 
[2024-06-20 20:57:38,201][flwr][INFO] - [ROUND 8]
[2024-06-20 20:57:38,202][flwr][INFO] - configure_fit: strategy sampled 10 clients (out of 100)
[2024-06-20 20:57:43,447][flwr][INFO] - aggregate_fit: received 10 results and 0 failures
[2024-06-20 20:57:43,913][flwr][INFO] - fit progress: (8, 19904715616.0, {'accuracy': 0.2598, 'precision': 0.27208283689462737, 'recall': 0.2598, 'f1': 0.2274112581009661, 'confusion_matrix': array([[117,  38, 505,   6,  66, 122,   6,  65,  44,  11],
       [ 15, 697,  92,  11,  39, 145,   7,  22, 103,   4],
       [ 44, 193, 474,   7,  71,  93,  32,  53,  30,  35],
       [ 39, 134,  78,  37,  70, 497,   4,  31,  96,  24],
       [ 40, 138,  70,   3, 376,  69,   1,  95,  54, 136],
       [ 23,  83, 150,  21,  94, 287,   6,  74, 126,  28],
       [ 29,  23, 680,   2,  38,  70,  33,  17,  41,  25],
       [ 22, 310,  32,   1,  96,  65,   6, 338,  14, 144],
       [ 14,  97, 180,  24, 177, 218,  12,  57, 113,  82],
       [ 18, 204,  61,   8, 318,  75,   4, 176,  19, 126]])}, 48.271660083)
[2024-06-20 20:57:43,914][flwr][INFO] - configure_evaluate: no clients selected, skipping evaluation
[2024-06-20 20:57:43,914][flwr][INFO] - 
[2024-06-20 20:57:43,914][flwr][INFO] - [ROUND 9]
[2024-06-20 20:57:43,914][flwr][INFO] - configure_fit: strategy sampled 10 clients (out of 100)
[2024-06-20 20:57:49,793][flwr][INFO] - aggregate_fit: received 10 results and 0 failures
[2024-06-20 20:57:50,248][flwr][INFO] - fit progress: (9, 135157486464.0, {'accuracy': 0.209, 'precision': 0.23512892898129167, 'recall': 0.209, 'f1': 0.17572886276477187, 'confusion_matrix': array([[ 54,  27, 525,   3,  52, 243,   3,   6,  39,  28],
       [  7, 506,  41,   6,  13, 501,   6,   1,  41,  13],
       [ 47, 210, 392,   6,  49, 213,  18,  31,  27,  39],
       [ 41,  95,  32,  17,  55, 706,   1,   1,  50,  12],
       [ 49, 182,  52,   6, 208, 286,   1,  62,  56,  80],
       [ 31,  44,  91,  17,  57, 542,   3,  15,  80,  12],
       [ 33,  14, 506,   4,  28, 284,  21,   6,  48,  14],
       [ 19, 283,  15,   2, 145, 199,   4, 191,  25, 145],
       [ 12,  62,  55,  17, 151, 509,   7,  22,  93,  46],
       [ 28, 176,  29,  13, 225, 316,   1, 120,  35,  66]])}, 54.606840125)
[2024-06-20 20:57:50,249][flwr][INFO] - configure_evaluate: no clients selected, skipping evaluation
[2024-06-20 20:57:50,249][flwr][INFO] - 
[2024-06-20 20:57:50,249][flwr][INFO] - [ROUND 10]
[2024-06-20 20:57:50,249][flwr][INFO] - configure_fit: strategy sampled 10 clients (out of 100)
[2024-06-20 20:57:56,188][flwr][INFO] - aggregate_fit: received 10 results and 0 failures
[2024-06-20 20:57:56,637][flwr][INFO] - fit progress: (10, 810312668672.0, {'accuracy': 0.1944, 'precision': 0.23335736586627248, 'recall': 0.1944, 'f1': 0.1676801714240857, 'confusion_matrix': array([[ 52,  30, 322,   3,  52, 409,   9,   3,  78,  22],
       [  9, 290,  42,   5,  61, 631,   2,   3,  90,   2],
       [ 31, 145, 326,   5, 136, 228,  45,  20,  54,  42],
       [ 35,  29,   8,  14, 119, 705,   5,   1,  78,  16],
       [ 45, 124,  33,   4, 356, 141,   4,  91, 108,  76],
       [ 30,  50,  38,  11,  88, 501,   8,  17, 136,  13],
       [ 35,  26, 418,   0,  52, 280,  54,   4,  67,  22],
       [  9, 214,   8,   1, 277, 222,   4, 124,  32, 137],
       [ 13,  18,  33,   8, 257, 411,  14,  13, 179,  28],
       [ 22, 124,  15,   1, 408, 194,   7, 111,  79,  48]])}, 60.99607979099999)
[2024-06-20 20:57:56,638][flwr][INFO] - configure_evaluate: no clients selected, skipping evaluation
[2024-06-20 20:57:56,638][flwr][INFO] - 
[2024-06-20 20:57:56,638][flwr][INFO] - [SUMMARY]
[2024-06-20 20:57:56,638][flwr][INFO] - Run finished 10 round(s) in 61.00s
[2024-06-20 20:57:56,643][flwr][INFO] - 	History (loss, centralized):
[2024-06-20 20:57:56,643][flwr][INFO] - 		round 0: 181.76928067207336
[2024-06-20 20:57:56,643][flwr][INFO] - 		round 1: 79347.27996826172
[2024-06-20 20:57:56,644][flwr][INFO] - 		round 2: 488917.70068359375
[2024-06-20 20:57:56,644][flwr][INFO] - 		round 3: 2376232.9140625
[2024-06-20 20:57:56,644][flwr][INFO] - 		round 4: 12233401.0859375
[2024-06-20 20:57:56,644][flwr][INFO] - 		round 5: 84721768.1875
[2024-06-20 20:57:56,644][flwr][INFO] - 		round 6: 506593073.5
[2024-06-20 20:57:56,644][flwr][INFO] - 		round 7: 3117315556.0
[2024-06-20 20:57:56,644][flwr][INFO] - 		round 8: 19904715616.0
[2024-06-20 20:57:56,644][flwr][INFO] - 		round 9: 135157486464.0
[2024-06-20 20:57:56,644][flwr][INFO] - 		round 10: 810312668672.0
[2024-06-20 20:57:56,644][flwr][INFO] - 	History (metrics, centralized):
[2024-06-20 20:57:56,644][flwr][INFO] - 	{'accuracy': [(0, 0.1086),
[2024-06-20 20:57:56,644][flwr][INFO] - 	              (1, 0.1389),
[2024-06-20 20:57:56,644][flwr][INFO] - 	              (2, 0.2295),
[2024-06-20 20:57:56,644][flwr][INFO] - 	              (3, 0.2398),
[2024-06-20 20:57:56,644][flwr][INFO] - 	              (4, 0.3123),
[2024-06-20 20:57:56,644][flwr][INFO] - 	              (5, 0.3044),
[2024-06-20 20:57:56,644][flwr][INFO] - 	              (6, 0.2823),
[2024-06-20 20:57:56,644][flwr][INFO] - 	              (7, 0.288),
[2024-06-20 20:57:56,644][flwr][INFO] - 	              (8, 0.2598),
[2024-06-20 20:57:56,644][flwr][INFO] - 	              (9, 0.209),
[2024-06-20 20:57:56,644][flwr][INFO] - 	              (10, 0.1944)],
[2024-06-20 20:57:56,644][flwr][INFO] - 	 'confusion_matrix': [(0,
[2024-06-20 20:57:56,644][flwr][INFO] - 	                       array([[   0,    8,    0,  956,    0,    1,    0,   15,    0,    0],
[2024-06-20 20:57:56,644][flwr][INFO] - 	       [   0,  122,    0, 1013,    0,    0,    0,    0,    0,    0],
[2024-06-20 20:57:56,644][flwr][INFO] - 	       [   0,   38,    0,  971,    0,    0,    3,   19,    1,    0],
[2024-06-20 20:57:56,644][flwr][INFO] - 	       [   0,   44,    0,  945,    1,    1,    0,   17,    2,    0],
[2024-06-20 20:57:56,644][flwr][INFO] - 	       [   0,  143,    0,  816,    1,    0,    2,   20,    0,    0],
[2024-06-20 20:57:56,644][flwr][INFO] - 	       [   0,  118,    0,  735,    1,    7,    0,   30,    1,    0],
[2024-06-20 20:57:56,644][flwr][INFO] - 	       [   0,  144,    0,  749,   25,    0,    2,   38,    0,    0],
[2024-06-20 20:57:56,644][flwr][INFO] - 	       [   0,  272,    0,  724,    8,    0,    0,    9,   15,    0],
[2024-06-20 20:57:56,644][flwr][INFO] - 	       [   0,   81,    0,  859,    1,    0,    1,   32,    0,    0],
[2024-06-20 20:57:56,644][flwr][INFO] - 	       [   0,  178,    0,  799,    1,    0,    0,   31,    0,    0]])),
[2024-06-20 20:57:56,644][flwr][INFO] - 	                      (1,
[2024-06-20 20:57:56,644][flwr][INFO] - 	                       array([[ 45, 257,  42,  43, 206,   1, 313,   0,   1,  72],
[2024-06-20 20:57:56,644][flwr][INFO] - 	       [123, 517,   4, 153,  70,   1, 232,  22,   2,  11],
[2024-06-20 20:57:56,644][flwr][INFO] - 	       [ 58, 127,  78, 316,   9,   0, 412,   3,   3,  26],
[2024-06-20 20:57:56,645][flwr][INFO] - 	       [ 37, 146,  21, 297,   2,   1, 453,   0,  20,  33],
[2024-06-20 20:57:56,645][flwr][INFO] - 	       [ 47, 405,  28,  99,  12,   1, 374,   4,   3,   9],
[2024-06-20 20:57:56,645][flwr][INFO] - 	       [ 40, 189,  10, 120,  19,   1, 464,   0,   8,  41],
[2024-06-20 20:57:56,645][flwr][INFO] - 	       [156, 210,   1,  26,   6,   1, 428,   0,   2, 128],
[2024-06-20 20:57:56,645][flwr][INFO] - 	       [  9, 359,  14, 307,   0,   1, 334,   0,   3,   1],
[2024-06-20 20:57:56,645][flwr][INFO] - 	       [ 27, 123,  10, 124,   6,   1, 661,   3,   5,  14],
[2024-06-20 20:57:56,645][flwr][INFO] - 	       [ 14, 268,  37, 105,   1,   0, 574,   3,   1,   6]])),
[2024-06-20 20:57:56,645][flwr][INFO] - 	                      (2,
[2024-06-20 20:57:56,645][flwr][INFO] - 	                       array([[ 318,  117,  110,    7,  168,   46,   12,   78,   71,   53],
[2024-06-20 20:57:56,645][flwr][INFO] - 	       [  35, 1064,    0,    0,    3,   12,    2,   11,    4,    4],
[2024-06-20 20:57:56,645][flwr][INFO] - 	       [ 231,  229,   10,    2,   40,  102,   98,  161,   83,   76],
[2024-06-20 20:57:56,645][flwr][INFO] - 	       [ 117,  300,    2,    5,   39,  124,   56,  211,   80,   76],
[2024-06-20 20:57:56,645][flwr][INFO] - 	       [  88,  473,    2,    1,  242,    8,   17,  111,   11,   29],
[2024-06-20 20:57:56,645][flwr][INFO] - 	       [ 106,  272,   19,   20,   58,   54,   63,  140,   87,   73],
[2024-06-20 20:57:56,645][flwr][INFO] - 	       [ 144,  152,   12,   15,   23,   56,  198,   34,   41,  283],
[2024-06-20 20:57:56,645][flwr][INFO] - 	       [  52,  545,    1,    1,   25,    8,    6,  295,    8,   87],
[2024-06-20 20:57:56,645][flwr][INFO] - 	       [  68,  262,   13,    9,  119,   47,  139,  171,   39,  107],
[2024-06-20 20:57:56,645][flwr][INFO] - 	       [  41,  489,    2,    4,  149,    5,    6,  232,   11,   70]])),
[2024-06-20 20:57:56,645][flwr][INFO] - 	                      (3,
[2024-06-20 20:57:56,645][flwr][INFO] - 	                       array([[203,  28, 107,  79,  75, 115,   8,  36, 249,  80],
[2024-06-20 20:57:56,645][flwr][INFO] - 	       [ 37, 676,   0,   5,  69,  65,   6,  74, 187,  16],
[2024-06-20 20:57:56,645][flwr][INFO] - 	       [134,  70,  71,  65,  65, 135,  87,  59, 267,  79],
[2024-06-20 20:57:56,645][flwr][INFO] - 	       [ 87,  77,   6, 101,  75, 137,  11,  57, 421,  38],
[2024-06-20 20:57:56,645][flwr][INFO] - 	       [ 66,  75,  10,  14, 403,  34,   7,  32, 260,  81],
[2024-06-20 20:57:56,645][flwr][INFO] - 	       [ 74,  47,  29,  90,  63, 109,  16,  42, 387,  35],
[2024-06-20 20:57:56,645][flwr][INFO] - 	       [ 76,  17, 162,  68,  66, 120,  78,  13, 283,  75],
[2024-06-20 20:57:56,645][flwr][INFO] - 	       [ 32, 167,   5,   2,  52,  71,   7, 158, 129, 405],
[2024-06-20 20:57:56,645][flwr][INFO] - 	       [ 22,  37,  40,  95, 142,  95,  11,  31, 441,  60],
[2024-06-20 20:57:56,645][flwr][INFO] - 	       [ 50,  67,   2,  23, 392,  17,   1,  59, 240, 158]])),
[2024-06-20 20:57:56,645][flwr][INFO] - 	                      (4,
[2024-06-20 20:57:56,645][flwr][INFO] - 	                       array([[420,  15, 321,  45,  63,  37,  22,  20,  22,  15],
[2024-06-20 20:57:56,645][flwr][INFO] - 	       [ 53, 875,   7,  12,  32,  36,  62,  13,  44,   1],
[2024-06-20 20:57:56,645][flwr][INFO] - 	       [145,  70, 344,  85,  31,  97, 133,  54,  38,  35],
[2024-06-20 20:57:56,645][flwr][INFO] - 	       [146, 111,  60, 266,  42, 132,  34,  20, 135,  64],
[2024-06-20 20:57:56,645][flwr][INFO] - 	       [124,  86,  80,   8, 290,  21,  41,  64,  66, 202],
[2024-06-20 20:57:56,645][flwr][INFO] - 	       [ 96,  87, 108, 146,  47, 120,  38,  55, 135,  60],
[2024-06-20 20:57:56,645][flwr][INFO] - 	       [123,  11, 536,  29,  23,  31, 141,   6,  46,  12],
[2024-06-20 20:57:56,645][flwr][INFO] - 	       [ 65, 188,  27,   6,  37,  28,  30, 219,  31, 397],
[2024-06-20 20:57:56,645][flwr][INFO] - 	       [ 52,  58, 177, 194,  87, 106,  68,  20, 117,  95],
[2024-06-20 20:57:56,645][flwr][INFO] - 	       [ 85,  96,  66,  56, 187,  14,  21, 102,  51, 331]])),
[2024-06-20 20:57:56,645][flwr][INFO] - 	                      (5,
[2024-06-20 20:57:56,645][flwr][INFO] - 	                       array([[332,  53, 452,  13,  26,  29,   1,  30,  23,  21],
[2024-06-20 20:57:56,646][flwr][INFO] - 	       [ 50, 962,   8,   8,  14,  36,   2,  22,  31,   2],
[2024-06-20 20:57:56,646][flwr][INFO] - 	       [133, 180, 429,  41,  20,  35,  46,  70,  33,  45],
[2024-06-20 20:57:56,646][flwr][INFO] - 	       [127, 205,  76, 181,  19, 157,   3,  62, 115,  65],
[2024-06-20 20:57:56,646][flwr][INFO] - 	       [ 60, 208,  82,   1, 227,  20,   5, 144,  16, 219],
[2024-06-20 20:57:56,646][flwr][INFO] - 	       [ 84, 123, 173,  73,  22, 158,   3,  87, 102,  67],
[2024-06-20 20:57:56,646][flwr][INFO] - 	       [ 91,  40, 636,   7,  30,  48,  30,  18,  41,  17],
[2024-06-20 20:57:56,646][flwr][INFO] - 	       [ 30, 282,  26,   1,  40,  22,   6, 387,   9, 225],
[2024-06-20 20:57:56,646][flwr][INFO] - 	       [ 60, 136, 228, 109,  73, 103,  16,  40, 101, 108],
[2024-06-20 20:57:56,646][flwr][INFO] - 	       [ 40, 253,  77,  14, 126,  12,   3, 227,  20, 237]])),
[2024-06-20 20:57:56,646][flwr][INFO] - 	                      (6,
[2024-06-20 20:57:56,646][flwr][INFO] - 	                       array([[337,  63, 372,   9,  39,  49,   3,  39,  38,  31],
[2024-06-20 20:57:56,646][flwr][INFO] - 	       [ 31, 873,  13,   4,  27,  82,   1,  78,  24,   2],
[2024-06-20 20:57:56,646][flwr][INFO] - 	       [105, 285, 336,  29,  49,  41,  68,  44,  33,  42],
[2024-06-20 20:57:56,646][flwr][INFO] - 	       [ 79, 286,  47,  95,  47, 242,   3,  26, 158,  27],
[2024-06-20 20:57:56,646][flwr][INFO] - 	       [ 73, 175,  43,   1, 290,  43,   2, 124,  24, 207],
[2024-06-20 20:57:56,646][flwr][INFO] - 	       [ 89, 142, 103,  33,  61, 243,   2,  61, 114,  44],
[2024-06-20 20:57:56,646][flwr][INFO] - 	       [121,  66, 541,   2,  82,  36,  30,  19,  39,  22],
[2024-06-20 20:57:56,646][flwr][INFO] - 	       [ 29, 308,  11,   1, 120,  22,   7, 338,  16, 176],
[2024-06-20 20:57:56,646][flwr][INFO] - 	       [ 34, 246, 172,  59, 136, 114,   5,  44,  86,  78],
[2024-06-20 20:57:56,646][flwr][INFO] - 	       [ 57, 251,  40,   3, 251,  30,   2, 158,  22, 195]])),
[2024-06-20 20:57:56,646][flwr][INFO] - 	                      (7,
[2024-06-20 20:57:56,646][flwr][INFO] - 	                       array([[241,  22, 425,   7,  52, 111,  18,  75,  22,   7],
[2024-06-20 20:57:56,646][flwr][INFO] - 	       [ 29, 680,  69,   5,  43, 122,  15,  94,  72,   6],
[2024-06-20 20:57:56,646][flwr][INFO] - 	       [121, 126, 414,  23,  67,  66,  48,  62,  44,  61],
[2024-06-20 20:57:56,646][flwr][INFO] - 	       [ 94,  98,  74,  77,  83, 433,   5,  34,  96,  16],
[2024-06-20 20:57:56,646][flwr][INFO] - 	       [ 82,  38,  59,   0, 424,  74,   6, 108,  15, 176],
[2024-06-20 20:57:56,646][flwr][INFO] - 	       [ 52,  64, 155,  30,  72, 296,  11,  92, 105,  15],
[2024-06-20 20:57:56,646][flwr][INFO] - 	       [ 60,  15, 672,   2,  42,  58,  39,  20,  33,  17],
[2024-06-20 20:57:56,646][flwr][INFO] - 	       [ 41, 128,  29,   1, 170,  43,   4, 472,   7, 133],
[2024-06-20 20:57:56,646][flwr][INFO] - 	       [ 36,  74, 186,  50, 215, 184,  15,  70,  91,  53],
[2024-06-20 20:57:56,646][flwr][INFO] - 	       [ 46,  76,  50,   5, 409,  62,   6, 205,   4, 146]])),
[2024-06-20 20:57:56,646][flwr][INFO] - 	                      (8,
[2024-06-20 20:57:56,646][flwr][INFO] - 	                       array([[117,  38, 505,   6,  66, 122,   6,  65,  44,  11],
[2024-06-20 20:57:56,646][flwr][INFO] - 	       [ 15, 697,  92,  11,  39, 145,   7,  22, 103,   4],
[2024-06-20 20:57:56,646][flwr][INFO] - 	       [ 44, 193, 474,   7,  71,  93,  32,  53,  30,  35],
[2024-06-20 20:57:56,646][flwr][INFO] - 	       [ 39, 134,  78,  37,  70, 497,   4,  31,  96,  24],
[2024-06-20 20:57:56,646][flwr][INFO] - 	       [ 40, 138,  70,   3, 376,  69,   1,  95,  54, 136],
[2024-06-20 20:57:56,646][flwr][INFO] - 	       [ 23,  83, 150,  21,  94, 287,   6,  74, 126,  28],
[2024-06-20 20:57:56,646][flwr][INFO] - 	       [ 29,  23, 680,   2,  38,  70,  33,  17,  41,  25],
[2024-06-20 20:57:56,646][flwr][INFO] - 	       [ 22, 310,  32,   1,  96,  65,   6, 338,  14, 144],
[2024-06-20 20:57:56,646][flwr][INFO] - 	       [ 14,  97, 180,  24, 177, 218,  12,  57, 113,  82],
[2024-06-20 20:57:56,646][flwr][INFO] - 	       [ 18, 204,  61,   8, 318,  75,   4, 176,  19, 126]])),
[2024-06-20 20:57:56,647][flwr][INFO] - 	                      (9,
[2024-06-20 20:57:56,647][flwr][INFO] - 	                       array([[ 54,  27, 525,   3,  52, 243,   3,   6,  39,  28],
[2024-06-20 20:57:56,647][flwr][INFO] - 	       [  7, 506,  41,   6,  13, 501,   6,   1,  41,  13],
[2024-06-20 20:57:56,647][flwr][INFO] - 	       [ 47, 210, 392,   6,  49, 213,  18,  31,  27,  39],
[2024-06-20 20:57:56,647][flwr][INFO] - 	       [ 41,  95,  32,  17,  55, 706,   1,   1,  50,  12],
[2024-06-20 20:57:56,647][flwr][INFO] - 	       [ 49, 182,  52,   6, 208, 286,   1,  62,  56,  80],
[2024-06-20 20:57:56,647][flwr][INFO] - 	       [ 31,  44,  91,  17,  57, 542,   3,  15,  80,  12],
[2024-06-20 20:57:56,647][flwr][INFO] - 	       [ 33,  14, 506,   4,  28, 284,  21,   6,  48,  14],
[2024-06-20 20:57:56,647][flwr][INFO] - 	       [ 19, 283,  15,   2, 145, 199,   4, 191,  25, 145],
[2024-06-20 20:57:56,647][flwr][INFO] - 	       [ 12,  62,  55,  17, 151, 509,   7,  22,  93,  46],
[2024-06-20 20:57:56,647][flwr][INFO] - 	       [ 28, 176,  29,  13, 225, 316,   1, 120,  35,  66]])),
[2024-06-20 20:57:56,647][flwr][INFO] - 	                      (10,
[2024-06-20 20:57:56,647][flwr][INFO] - 	                       array([[ 52,  30, 322,   3,  52, 409,   9,   3,  78,  22],
[2024-06-20 20:57:56,647][flwr][INFO] - 	       [  9, 290,  42,   5,  61, 631,   2,   3,  90,   2],
[2024-06-20 20:57:56,647][flwr][INFO] - 	       [ 31, 145, 326,   5, 136, 228,  45,  20,  54,  42],
[2024-06-20 20:57:56,647][flwr][INFO] - 	       [ 35,  29,   8,  14, 119, 705,   5,   1,  78,  16],
[2024-06-20 20:57:56,647][flwr][INFO] - 	       [ 45, 124,  33,   4, 356, 141,   4,  91, 108,  76],
[2024-06-20 20:57:56,647][flwr][INFO] - 	       [ 30,  50,  38,  11,  88, 501,   8,  17, 136,  13],
[2024-06-20 20:57:56,647][flwr][INFO] - 	       [ 35,  26, 418,   0,  52, 280,  54,   4,  67,  22],
[2024-06-20 20:57:56,647][flwr][INFO] - 	       [  9, 214,   8,   1, 277, 222,   4, 124,  32, 137],
[2024-06-20 20:57:56,647][flwr][INFO] - 	       [ 13,  18,  33,   8, 257, 411,  14,  13, 179,  28],
[2024-06-20 20:57:56,647][flwr][INFO] - 	       [ 22, 124,  15,   1, 408, 194,   7, 111,  79,  48]]))],
[2024-06-20 20:57:56,647][flwr][INFO] - 	 'f1': [(0, 0.03553137346181725),
[2024-06-20 20:57:56,647][flwr][INFO] - 	        (1, 0.09244103786722228),
[2024-06-20 20:57:56,647][flwr][INFO] - 	        (2, 0.17391247171083657),
[2024-06-20 20:57:56,647][flwr][INFO] - 	        (3, 0.2249038815461346),
[2024-06-20 20:57:56,647][flwr][INFO] - 	        (4, 0.29815117782241357),
[2024-06-20 20:57:56,647][flwr][INFO] - 	        (5, 0.27340205601371054),
[2024-06-20 20:57:56,647][flwr][INFO] - 	        (6, 0.25158656367390647),
[2024-06-20 20:57:56,647][flwr][INFO] - 	        (7, 0.26398338836973867),
[2024-06-20 20:57:56,647][flwr][INFO] - 	        (8, 0.2274112581009661),
[2024-06-20 20:57:56,647][flwr][INFO] - 	        (9, 0.17572886276477187),
[2024-06-20 20:57:56,647][flwr][INFO] - 	        (10, 0.1676801714240857)],
[2024-06-20 20:57:56,647][flwr][INFO] - 	 'precision': [(0, 0.12349967530374152),
[2024-06-20 20:57:56,647][flwr][INFO] - 	               (1, 0.11850387180740184),
[2024-06-20 20:57:56,647][flwr][INFO] - 	               (2, 0.17844318225648612),
[2024-06-20 20:57:56,647][flwr][INFO] - 	               (3, 0.2528363724331611),
[2024-06-20 20:57:56,647][flwr][INFO] - 	               (4, 0.3034466701424117),
[2024-06-20 20:57:56,647][flwr][INFO] - 	               (5, 0.30353888493950526),
[2024-06-20 20:57:56,647][flwr][INFO] - 	               (6, 0.2822280354800992),
[2024-06-20 20:57:56,647][flwr][INFO] - 	               (7, 0.2946795070571846),
[2024-06-20 20:57:56,647][flwr][INFO] - 	               (8, 0.27208283689462737),
[2024-06-20 20:57:56,647][flwr][INFO] - 	               (9, 0.23512892898129167),
[2024-06-20 20:57:56,648][flwr][INFO] - 	               (10, 0.23335736586627248)],
[2024-06-20 20:57:56,648][flwr][INFO] - 	 'recall': [(0, 0.1086),
[2024-06-20 20:57:56,648][flwr][INFO] - 	            (1, 0.1389),
[2024-06-20 20:57:56,648][flwr][INFO] - 	            (2, 0.2295),
[2024-06-20 20:57:56,648][flwr][INFO] - 	            (3, 0.2398),
[2024-06-20 20:57:56,648][flwr][INFO] - 	            (4, 0.3123),
[2024-06-20 20:57:56,648][flwr][INFO] - 	            (5, 0.3044),
[2024-06-20 20:57:56,648][flwr][INFO] - 	            (6, 0.2823),
[2024-06-20 20:57:56,648][flwr][INFO] - 	            (7, 0.288),
[2024-06-20 20:57:56,648][flwr][INFO] - 	            (8, 0.2598),
[2024-06-20 20:57:56,648][flwr][INFO] - 	            (9, 0.209),
[2024-06-20 20:57:56,648][flwr][INFO] - 	            (10, 0.1944)]}
[2024-06-20 20:57:56,648][flwr][INFO] - 
