[2024-06-21 14:24:41,465][flwr][INFO] - Starting Flower simulation, config: num_rounds=10, no round_timeout
[2024-06-21 14:24:43,468][flwr][INFO] - Flower VCE: Ray initialized with resources: {'memory': 9754250445.0, 'CPU': 12.0, 'node:__internal_head__': 1.0, 'node:127.0.0.1': 1.0, 'object_store_memory': 2147483648.0}
[2024-06-21 14:24:43,468][flwr][INFO] - Optimize your simulation with Flower VCE: https://flower.ai/docs/framework/how-to-run-simulations.html
[2024-06-21 14:24:43,468][flwr][INFO] - Flower VCE: Resources for each Virtual Client: {'num_cpus': 2, 'num_gpus': 0}
[2024-06-21 14:24:43,474][flwr][INFO] - Flower VCE: Creating VirtualClientEngineActorPool with 6 actors
[2024-06-21 14:24:43,474][flwr][INFO] - [INIT]
[2024-06-21 14:24:43,474][flwr][INFO] - Requesting initial parameters from one random client
[2024-06-21 14:24:44,929][flwr][INFO] - Received initial parameters from one random client
[2024-06-21 14:24:44,929][flwr][INFO] - Evaluating initial global parameters
[2024-06-21 14:24:45,253][flwr][INFO] - initial parameters (loss, other metrics): 181.76928067207336, {'accuracy': 0.1086, 'precision': 0.12349967530374152, 'recall': 0.1086, 'f1': 0.03553137346181725, 'confusion_matrix': array([[   0,    8,    0,  956,    0,    1,    0,   15,    0,    0],
       [   0,  122,    0, 1013,    0,    0,    0,    0,    0,    0],
       [   0,   38,    0,  971,    0,    0,    3,   19,    1,    0],
       [   0,   44,    0,  945,    1,    1,    0,   17,    2,    0],
       [   0,  143,    0,  816,    1,    0,    2,   20,    0,    0],
       [   0,  118,    0,  735,    1,    7,    0,   30,    1,    0],
       [   0,  144,    0,  749,   25,    0,    2,   38,    0,    0],
       [   0,  272,    0,  724,    8,    0,    0,    9,   15,    0],
       [   0,   81,    0,  859,    1,    0,    1,   32,    0,    0],
       [   0,  178,    0,  799,    1,    0,    0,   31,    0,    0]])}
[2024-06-21 14:24:45,254][flwr][INFO] - 
[2024-06-21 14:24:45,254][flwr][INFO] - [ROUND 1]
[2024-06-21 14:24:45,254][flwr][INFO] - configure_fit: strategy sampled 10 clients (out of 100)
[2024-06-21 14:24:51,862][flwr][INFO] - aggregate_fit: received 10 results and 0 failures
[2024-06-21 14:24:51,867][flwr][WARNING] - No fit_metrics_aggregation_fn provided
[2024-06-21 14:24:52,204][flwr][INFO] - fit progress: (1, 327.0814964771271, {'accuracy': 0.0106, 'precision': 0.011585613149253441, 'recall': 0.0106, 'f1': 0.01078765710119757, 'confusion_matrix': array([[   0,  910,    0,    8,    2,    0,   19,   39,    1,    1],
       [   0,    0, 1077,   32,    7,    0,    4,    9,    0,    6],
       [   7,   16,    6,  878,   13,    4,    2,   74,   17,   15],
       [   7,    1,    5,   62,  861,    0,   27,    6,   29,   12],
       [ 611,   12,   12,    3,    1,  225,   29,   83,    2,    4],
       [  29,   20,   24,   19,  148,    2,  587,   56,    4,    3],
       [   0,   15,    4,   21,    1,    3,   13,  899,    2,    0],
       [ 101,    6,   31,   34,    3,    3,    1,    1,  844,    4],
       [  42,   25,   19,   44,  131,    0,  124,   84,   11,  494],
       [ 893,   21,   11,    3,   12,    2,   25,    6,   26,   10]])}, 6.950412)
[2024-06-21 14:24:52,205][flwr][INFO] - configure_evaluate: no clients selected, skipping evaluation
[2024-06-21 14:24:52,205][flwr][INFO] - 
[2024-06-21 14:24:52,205][flwr][INFO] - [ROUND 2]
[2024-06-21 14:24:52,205][flwr][INFO] - configure_fit: strategy sampled 10 clients (out of 100)
[2024-06-21 14:24:57,361][flwr][INFO] - aggregate_fit: received 10 results and 0 failures
[2024-06-21 14:24:57,703][flwr][INFO] - fit progress: (2, 586.9802889823914, {'accuracy': 0.0106, 'precision': 0.010790288821565856, 'recall': 0.0106, 'f1': 0.01064119188764922, 'confusion_matrix': array([[   0,  936,    0,    3,    2,    1,    5,   14,    1,   18],
       [   1,    0, 1109,    7,    3,    0,    0,    3,    0,   12],
       [   1,    6,   14,  896,   20,   10,    2,   29,   14,   40],
       [   2,    2,    9,   31,  880,    0,   18,    5,   17,   46],
       [  71,    0,   10,    3,    0,  849,    2,   39,    1,    7],
       [  17,   18,   16,   14,   86,   13,  643,   24,    5,   56],
       [   0,   15,    6,    8,    1,   10,   17,  896,    0,    5],
       [  63,    2,   30,   26,    4,   10,    0,    0,  879,   14],
       [  14,    6,   21,   16,   35,    4,   20,   21,    6,  831],
       [ 865,    5,   11,    5,    9,   52,    8,    3,   26,   25]])}, 12.449426333)
[2024-06-21 14:24:57,704][flwr][INFO] - configure_evaluate: no clients selected, skipping evaluation
[2024-06-21 14:24:57,704][flwr][INFO] - 
[2024-06-21 14:24:57,704][flwr][INFO] - [ROUND 3]
[2024-06-21 14:24:57,704][flwr][INFO] - configure_fit: strategy sampled 10 clients (out of 100)
[2024-06-21 14:25:03,062][flwr][INFO] - aggregate_fit: received 10 results and 0 failures
[2024-06-21 14:25:03,411][flwr][INFO] - fit progress: (3, 621.8587107658386, {'accuracy': 0.0093, 'precision': 0.009309672790398049, 'recall': 0.0093, 'f1': 0.009286384584760695, 'confusion_matrix': array([[   0,  955,    0,    1,    1,    0,    7,   12,    1,    3],
       [   0,    0, 1112,    1,    4,    0,    1,    4,    0,   13],
       [   1,   15,   18,  885,   18,   15,    2,   27,   15,   36],
       [   2,    3,    3,   25,  897,    0,   30,    4,   22,   24],
       [  58,    0,    4,    4,    0,  885,    2,   24,    1,    4],
       [   7,   13,    6,    8,   47,    9,  765,   14,    4,   19],
       [   0,   11,    4,    4,    0,    8,   23,  905,    0,    3],
       [  36,    4,   21,   23,    2,    9,    0,    0,  927,    6],
       [  17,    7,   20,   12,   28,   11,   43,   17,    9,  810],
       [ 866,    8,    7,    3,    8,   59,   13,    6,   30,    9]])}, 18.157149291000003)
[2024-06-21 14:25:03,412][flwr][INFO] - configure_evaluate: no clients selected, skipping evaluation
[2024-06-21 14:25:03,412][flwr][INFO] - 
[2024-06-21 14:25:03,412][flwr][INFO] - [ROUND 4]
[2024-06-21 14:25:03,412][flwr][INFO] - configure_fit: strategy sampled 10 clients (out of 100)
[2024-06-21 14:25:08,557][flwr][INFO] - aggregate_fit: received 10 results and 0 failures
[2024-06-21 14:25:08,943][flwr][INFO] - fit progress: (4, 661.8001580238342, {'accuracy': 0.0074, 'precision': 0.007625163525833727, 'recall': 0.0074, 'f1': 0.007487780856434317, 'confusion_matrix': array([[   0,  965,    0,    0,    1,    0,    5,    5,    1,    3],
       [   0,    0, 1095,    1,    4,    1,    1,    4,    0,   29],
       [   7,   15,   12,  880,   30,   16,    0,   21,   17,   34],
       [  10,    3,    2,   16,  912,    1,   18,    3,   21,   24],
       [  47,    1,    2,    3,    0,  911,    0,   13,    0,    5],
       [  11,   18,    3,    7,   58,   12,  737,   14,    6,   26],
       [   0,   11,    3,    3,    0,   12,   17,  909,    0,    3],
       [  58,    5,   17,   18,    4,    9,    0,    0,  910,    7],
       [  25,    7,    7,    6,   30,   12,   20,   16,    7,  844],
       [ 921,   13,    6,    0,    9,   38,    5,    2,    5,   10]])}, 23.688610750000002)
[2024-06-21 14:25:08,946][flwr][INFO] - configure_evaluate: no clients selected, skipping evaluation
[2024-06-21 14:25:08,946][flwr][INFO] - 
[2024-06-21 14:25:08,946][flwr][INFO] - [ROUND 5]
[2024-06-21 14:25:08,948][flwr][INFO] - configure_fit: strategy sampled 10 clients (out of 100)
[2024-06-21 14:25:13,972][flwr][INFO] - aggregate_fit: received 10 results and 0 failures
[2024-06-21 14:25:14,306][flwr][INFO] - fit progress: (5, 672.442394733429, {'accuracy': 0.0083, 'precision': 0.008453527704777272, 'recall': 0.0083, 'f1': 0.008363425529824857, 'confusion_matrix': array([[   0,  954,    0,    3,    1,    0,    3,   11,    1,    7],
       [   0,    0, 1105,    3,    2,    1,    0,    4,    2,   18],
       [   8,    7,    6,  924,   13,   10,    1,   23,   12,   28],
       [  10,    3,    3,   29,  890,    0,   24,    3,   18,   30],
       [  84,    1,    1,    4,    0,  861,    0,   25,    2,    4],
       [  10,   16,    3,    6,   34,    4,  756,   20,    9,   34],
       [   0,    9,    3,    4,    0,    4,   17,  918,    0,    3],
       [  41,    2,   13,   25,    2,    5,    0,    0,  934,    6],
       [  10,    4,    6,    9,   14,    8,   14,   16,    6,  887],
       [ 934,    5,    5,    2,    8,   17,    4,    3,   10,   21]])}, 29.051645166)
[2024-06-21 14:25:14,306][flwr][INFO] - configure_evaluate: no clients selected, skipping evaluation
[2024-06-21 14:25:14,306][flwr][INFO] - 
[2024-06-21 14:25:14,306][flwr][INFO] - [ROUND 6]
[2024-06-21 14:25:14,307][flwr][INFO] - configure_fit: strategy sampled 10 clients (out of 100)
[2024-06-21 14:25:19,118][flwr][INFO] - aggregate_fit: received 10 results and 0 failures
[2024-06-21 14:25:19,449][flwr][INFO] - fit progress: (6, 782.406213760376, {'accuracy': 0.0059, 'precision': 0.005813695339617608, 'recall': 0.0059, 'f1': 0.0058337805755689425, 'confusion_matrix': array([[   0,  959,    0,    0,    1,    0,    3,   15,    1,    1],
       [   0,    0, 1116,    1,    3,    1,    0,    5,    1,    8],
       [   5,   12,   12,  892,   21,   19,    1,   25,   17,   28],
       [   9,    2,    2,   15,  923,    2,   20,    5,   17,   15],
       [  22,    0,    1,    2,    0,  935,    1,   19,    1,    1],
       [  10,   14,    3,    2,   28,   12,  770,   34,    8,   11],
       [   0,    6,    3,    2,    0,    9,    6,  931,    0,    1],
       [  39,    1,   17,   18,    6,    8,    0,    0,  938,    1],
       [  27,    8,   16,    5,   25,   15,   21,   32,    8,  817],
       [ 881,    8,    7,    0,   10,   79,    7,    2,    9,    6]])}, 34.194964791)
[2024-06-21 14:25:19,450][flwr][INFO] - configure_evaluate: no clients selected, skipping evaluation
[2024-06-21 14:25:19,450][flwr][INFO] - 
[2024-06-21 14:25:19,450][flwr][INFO] - [ROUND 7]
[2024-06-21 14:25:19,450][flwr][INFO] - configure_fit: strategy sampled 10 clients (out of 100)
[2024-06-21 14:25:25,142][flwr][INFO] - aggregate_fit: received 10 results and 0 failures
[2024-06-21 14:25:25,499][flwr][INFO] - fit progress: (7, 786.3076410293579, {'accuracy': 0.0074, 'precision': 0.0073129516225889715, 'recall': 0.0074, 'f1': 0.007350192076838103, 'confusion_matrix': array([[   0,  964,    0,    0,    1,    0,    3,    8,    1,    3],
       [   0,    0, 1110,    3,    2,    1,    1,    3,    0,   15],
       [   3,   11,    5,  949,   10,   12,    0,   13,   11,   18],
       [   4,    5,    2,   28,  889,    0,   50,    2,   19,   11],
       [  41,    1,    0,    3,    0,  921,    1,   11,    1,    3],
       [   8,   14,    2,    5,   12,    9,  810,   12,    3,   17],
       [   0,    9,    3,    4,    0,    8,   15,  917,    0,    2],
       [  39,    5,   12,   24,    3,    6,    0,    0,  938,    1],
       [  17,    8,    4,   11,   17,   12,   27,   13,   10,  855],
       [ 927,   11,    6,    1,    7,   33,   10,    1,    6,    7]])}, 40.244315582999995)
[2024-06-21 14:25:25,499][flwr][INFO] - configure_evaluate: no clients selected, skipping evaluation
[2024-06-21 14:25:25,499][flwr][INFO] - 
[2024-06-21 14:25:25,499][flwr][INFO] - [ROUND 8]
[2024-06-21 14:25:25,500][flwr][INFO] - configure_fit: strategy sampled 10 clients (out of 100)
[2024-06-21 14:25:30,987][flwr][INFO] - aggregate_fit: received 10 results and 0 failures
[2024-06-21 14:25:31,332][flwr][INFO] - fit progress: (8, 788.018458366394, {'accuracy': 0.0063, 'precision': 0.006220514084379436, 'recall': 0.0063, 'f1': 0.0062520947452570745, 'confusion_matrix': array([[   0,  961,    0,    1,    1,    0,    5,    9,    1,    2],
       [   0,    0, 1119,    2,    1,    1,    0,    4,    0,    8],
       [   8,   12,   11,  926,   11,   15,    2,   10,   16,   21],
       [  11,    5,    6,   15,  877,    2,   42,    3,   22,   27],
       [  58,    1,    0,    2,    0,  905,    0,   10,    2,    4],
       [  11,    8,    2,    3,    9,    9,  808,   18,    5,   19],
       [   0,    8,    4,    4,    0,    9,    9,  920,    1,    3],
       [  32,    3,   16,   18,    3,    5,    0,    0,  949,    2],
       [  15,    5,   13,    2,    7,    7,   22,   13,    7,  883],
       [ 945,    8,    6,    0,    4,   19,    6,    1,    8,   12]])}, 46.077322541)
[2024-06-21 14:25:31,332][flwr][INFO] - configure_evaluate: no clients selected, skipping evaluation
[2024-06-21 14:25:31,333][flwr][INFO] - 
[2024-06-21 14:25:31,333][flwr][INFO] - [ROUND 9]
[2024-06-21 14:25:31,333][flwr][INFO] - configure_fit: strategy sampled 10 clients (out of 100)
[2024-06-21 14:25:36,637][flwr][INFO] - aggregate_fit: received 10 results and 0 failures
[2024-06-21 14:25:36,976][flwr][INFO] - fit progress: (9, 816.4646654129028, {'accuracy': 0.0061, 'precision': 0.00612711104001497, 'recall': 0.0061, 'f1': 0.006104654659071922, 'confusion_matrix': array([[   0,  958,    0,    0,    1,    0,    3,   14,    1,    3],
       [   0,    0, 1120,    2,    1,    1,    0,    4,    0,    7],
       [   5,    7,    7,  947,   17,   15,    0,   10,    7,   17],
       [  11,    2,    3,   15,  923,    1,   26,    2,   10,   17],
       [  44,    1,    0,    3,    0,  921,    0,   11,    0,    2],
       [  10,    8,    3,    1,   18,    9,  805,   16,    2,   20],
       [   0,    6,    3,    2,    0,    8,   10,  925,    0,    4],
       [  57,    3,   13,   21,    4,    8,    0,    0,  922,    0],
       [  13,    4,    6,    5,   19,   10,   12,   13,    5,  887],
       [ 937,    6,    6,    0,    6,   29,    4,    1,    5,   15]])}, 51.721563333)
[2024-06-21 14:25:36,977][flwr][INFO] - configure_evaluate: no clients selected, skipping evaluation
[2024-06-21 14:25:36,977][flwr][INFO] - 
[2024-06-21 14:25:36,977][flwr][INFO] - [ROUND 10]
[2024-06-21 14:25:36,977][flwr][INFO] - configure_fit: strategy sampled 10 clients (out of 100)
[2024-06-21 14:25:41,783][flwr][INFO] - aggregate_fit: received 10 results and 0 failures
[2024-06-21 14:25:42,118][flwr][INFO] - fit progress: (10, 882.1150779724121, {'accuracy': 0.0071, 'precision': 0.007119003111036281, 'recall': 0.0071, 'f1': 0.007102327673204465, 'confusion_matrix': array([[   0,  965,    0,    1,    1,    0,    3,    7,    1,    2],
       [   0,    0, 1115,    3,    1,    1,    1,    4,    0,   10],
       [   5,    8,    5,  966,    8,   10,    0,   10,    8,   12],
       [   6,    2,    2,   24,  916,    0,   18,    3,   22,   17],
       [  53,    1,    1,    4,    0,  902,    1,   15,    2,    3],
       [  10,   11,    3,    3,   17,    5,  807,   16,    4,   16],
       [   0,    6,    4,    3,    0,    6,   14,  921,    0,    4],
       [  22,    5,   12,   30,    3,    4,    1,    0,  951,    0],
       [   7,    5,    2,    8,   15,    4,   15,   13,    9,  896],
       [ 944,    6,    7,    0,    6,   18,    3,    1,   10,   14]])}, 56.862703458)
[2024-06-21 14:25:42,118][flwr][INFO] - configure_evaluate: no clients selected, skipping evaluation
[2024-06-21 14:25:42,118][flwr][INFO] - 
[2024-06-21 14:25:42,118][flwr][INFO] - [SUMMARY]
[2024-06-21 14:25:42,118][flwr][INFO] - Run finished 10 round(s) in 56.86s
[2024-06-21 14:25:42,122][flwr][INFO] - 	History (loss, centralized):
[2024-06-21 14:25:42,122][flwr][INFO] - 		round 0: 181.76928067207336
[2024-06-21 14:25:42,122][flwr][INFO] - 		round 1: 327.0814964771271
[2024-06-21 14:25:42,122][flwr][INFO] - 		round 2: 586.9802889823914
[2024-06-21 14:25:42,122][flwr][INFO] - 		round 3: 621.8587107658386
[2024-06-21 14:25:42,122][flwr][INFO] - 		round 4: 661.8001580238342
[2024-06-21 14:25:42,122][flwr][INFO] - 		round 5: 672.442394733429
[2024-06-21 14:25:42,122][flwr][INFO] - 		round 6: 782.406213760376
[2024-06-21 14:25:42,122][flwr][INFO] - 		round 7: 786.3076410293579
[2024-06-21 14:25:42,122][flwr][INFO] - 		round 8: 788.018458366394
[2024-06-21 14:25:42,122][flwr][INFO] - 		round 9: 816.4646654129028
[2024-06-21 14:25:42,122][flwr][INFO] - 		round 10: 882.1150779724121
[2024-06-21 14:25:42,122][flwr][INFO] - 	History (metrics, centralized):
[2024-06-21 14:25:42,122][flwr][INFO] - 	{'accuracy': [(0, 0.1086),
[2024-06-21 14:25:42,122][flwr][INFO] - 	              (1, 0.0106),
[2024-06-21 14:25:42,122][flwr][INFO] - 	              (2, 0.0106),
[2024-06-21 14:25:42,122][flwr][INFO] - 	              (3, 0.0093),
[2024-06-21 14:25:42,122][flwr][INFO] - 	              (4, 0.0074),
[2024-06-21 14:25:42,123][flwr][INFO] - 	              (5, 0.0083),
[2024-06-21 14:25:42,123][flwr][INFO] - 	              (6, 0.0059),
[2024-06-21 14:25:42,123][flwr][INFO] - 	              (7, 0.0074),
[2024-06-21 14:25:42,123][flwr][INFO] - 	              (8, 0.0063),
[2024-06-21 14:25:42,123][flwr][INFO] - 	              (9, 0.0061),
[2024-06-21 14:25:42,123][flwr][INFO] - 	              (10, 0.0071)],
[2024-06-21 14:25:42,123][flwr][INFO] - 	 'confusion_matrix': [(0,
[2024-06-21 14:25:42,123][flwr][INFO] - 	                       array([[   0,    8,    0,  956,    0,    1,    0,   15,    0,    0],
[2024-06-21 14:25:42,123][flwr][INFO] - 	       [   0,  122,    0, 1013,    0,    0,    0,    0,    0,    0],
[2024-06-21 14:25:42,123][flwr][INFO] - 	       [   0,   38,    0,  971,    0,    0,    3,   19,    1,    0],
[2024-06-21 14:25:42,123][flwr][INFO] - 	       [   0,   44,    0,  945,    1,    1,    0,   17,    2,    0],
[2024-06-21 14:25:42,123][flwr][INFO] - 	       [   0,  143,    0,  816,    1,    0,    2,   20,    0,    0],
[2024-06-21 14:25:42,123][flwr][INFO] - 	       [   0,  118,    0,  735,    1,    7,    0,   30,    1,    0],
[2024-06-21 14:25:42,123][flwr][INFO] - 	       [   0,  144,    0,  749,   25,    0,    2,   38,    0,    0],
[2024-06-21 14:25:42,123][flwr][INFO] - 	       [   0,  272,    0,  724,    8,    0,    0,    9,   15,    0],
[2024-06-21 14:25:42,123][flwr][INFO] - 	       [   0,   81,    0,  859,    1,    0,    1,   32,    0,    0],
[2024-06-21 14:25:42,123][flwr][INFO] - 	       [   0,  178,    0,  799,    1,    0,    0,   31,    0,    0]])),
[2024-06-21 14:25:42,123][flwr][INFO] - 	                      (1,
[2024-06-21 14:25:42,123][flwr][INFO] - 	                       array([[   0,  910,    0,    8,    2,    0,   19,   39,    1,    1],
[2024-06-21 14:25:42,123][flwr][INFO] - 	       [   0,    0, 1077,   32,    7,    0,    4,    9,    0,    6],
[2024-06-21 14:25:42,123][flwr][INFO] - 	       [   7,   16,    6,  878,   13,    4,    2,   74,   17,   15],
[2024-06-21 14:25:42,123][flwr][INFO] - 	       [   7,    1,    5,   62,  861,    0,   27,    6,   29,   12],
[2024-06-21 14:25:42,123][flwr][INFO] - 	       [ 611,   12,   12,    3,    1,  225,   29,   83,    2,    4],
[2024-06-21 14:25:42,123][flwr][INFO] - 	       [  29,   20,   24,   19,  148,    2,  587,   56,    4,    3],
[2024-06-21 14:25:42,123][flwr][INFO] - 	       [   0,   15,    4,   21,    1,    3,   13,  899,    2,    0],
[2024-06-21 14:25:42,123][flwr][INFO] - 	       [ 101,    6,   31,   34,    3,    3,    1,    1,  844,    4],
[2024-06-21 14:25:42,123][flwr][INFO] - 	       [  42,   25,   19,   44,  131,    0,  124,   84,   11,  494],
[2024-06-21 14:25:42,123][flwr][INFO] - 	       [ 893,   21,   11,    3,   12,    2,   25,    6,   26,   10]])),
[2024-06-21 14:25:42,123][flwr][INFO] - 	                      (2,
[2024-06-21 14:25:42,123][flwr][INFO] - 	                       array([[   0,  936,    0,    3,    2,    1,    5,   14,    1,   18],
[2024-06-21 14:25:42,123][flwr][INFO] - 	       [   1,    0, 1109,    7,    3,    0,    0,    3,    0,   12],
[2024-06-21 14:25:42,123][flwr][INFO] - 	       [   1,    6,   14,  896,   20,   10,    2,   29,   14,   40],
[2024-06-21 14:25:42,123][flwr][INFO] - 	       [   2,    2,    9,   31,  880,    0,   18,    5,   17,   46],
[2024-06-21 14:25:42,123][flwr][INFO] - 	       [  71,    0,   10,    3,    0,  849,    2,   39,    1,    7],
[2024-06-21 14:25:42,123][flwr][INFO] - 	       [  17,   18,   16,   14,   86,   13,  643,   24,    5,   56],
[2024-06-21 14:25:42,123][flwr][INFO] - 	       [   0,   15,    6,    8,    1,   10,   17,  896,    0,    5],
[2024-06-21 14:25:42,123][flwr][INFO] - 	       [  63,    2,   30,   26,    4,   10,    0,    0,  879,   14],
[2024-06-21 14:25:42,123][flwr][INFO] - 	       [  14,    6,   21,   16,   35,    4,   20,   21,    6,  831],
[2024-06-21 14:25:42,123][flwr][INFO] - 	       [ 865,    5,   11,    5,    9,   52,    8,    3,   26,   25]])),
[2024-06-21 14:25:42,123][flwr][INFO] - 	                      (3,
[2024-06-21 14:25:42,123][flwr][INFO] - 	                       array([[   0,  955,    0,    1,    1,    0,    7,   12,    1,    3],
[2024-06-21 14:25:42,123][flwr][INFO] - 	       [   0,    0, 1112,    1,    4,    0,    1,    4,    0,   13],
[2024-06-21 14:25:42,123][flwr][INFO] - 	       [   1,   15,   18,  885,   18,   15,    2,   27,   15,   36],
[2024-06-21 14:25:42,123][flwr][INFO] - 	       [   2,    3,    3,   25,  897,    0,   30,    4,   22,   24],
[2024-06-21 14:25:42,123][flwr][INFO] - 	       [  58,    0,    4,    4,    0,  885,    2,   24,    1,    4],
[2024-06-21 14:25:42,123][flwr][INFO] - 	       [   7,   13,    6,    8,   47,    9,  765,   14,    4,   19],
[2024-06-21 14:25:42,123][flwr][INFO] - 	       [   0,   11,    4,    4,    0,    8,   23,  905,    0,    3],
[2024-06-21 14:25:42,124][flwr][INFO] - 	       [  36,    4,   21,   23,    2,    9,    0,    0,  927,    6],
[2024-06-21 14:25:42,124][flwr][INFO] - 	       [  17,    7,   20,   12,   28,   11,   43,   17,    9,  810],
[2024-06-21 14:25:42,124][flwr][INFO] - 	       [ 866,    8,    7,    3,    8,   59,   13,    6,   30,    9]])),
[2024-06-21 14:25:42,124][flwr][INFO] - 	                      (4,
[2024-06-21 14:25:42,124][flwr][INFO] - 	                       array([[   0,  965,    0,    0,    1,    0,    5,    5,    1,    3],
[2024-06-21 14:25:42,124][flwr][INFO] - 	       [   0,    0, 1095,    1,    4,    1,    1,    4,    0,   29],
[2024-06-21 14:25:42,124][flwr][INFO] - 	       [   7,   15,   12,  880,   30,   16,    0,   21,   17,   34],
[2024-06-21 14:25:42,124][flwr][INFO] - 	       [  10,    3,    2,   16,  912,    1,   18,    3,   21,   24],
[2024-06-21 14:25:42,124][flwr][INFO] - 	       [  47,    1,    2,    3,    0,  911,    0,   13,    0,    5],
[2024-06-21 14:25:42,124][flwr][INFO] - 	       [  11,   18,    3,    7,   58,   12,  737,   14,    6,   26],
[2024-06-21 14:25:42,124][flwr][INFO] - 	       [   0,   11,    3,    3,    0,   12,   17,  909,    0,    3],
[2024-06-21 14:25:42,124][flwr][INFO] - 	       [  58,    5,   17,   18,    4,    9,    0,    0,  910,    7],
[2024-06-21 14:25:42,124][flwr][INFO] - 	       [  25,    7,    7,    6,   30,   12,   20,   16,    7,  844],
[2024-06-21 14:25:42,124][flwr][INFO] - 	       [ 921,   13,    6,    0,    9,   38,    5,    2,    5,   10]])),
[2024-06-21 14:25:42,124][flwr][INFO] - 	                      (5,
[2024-06-21 14:25:42,124][flwr][INFO] - 	                       array([[   0,  954,    0,    3,    1,    0,    3,   11,    1,    7],
[2024-06-21 14:25:42,124][flwr][INFO] - 	       [   0,    0, 1105,    3,    2,    1,    0,    4,    2,   18],
[2024-06-21 14:25:42,124][flwr][INFO] - 	       [   8,    7,    6,  924,   13,   10,    1,   23,   12,   28],
[2024-06-21 14:25:42,124][flwr][INFO] - 	       [  10,    3,    3,   29,  890,    0,   24,    3,   18,   30],
[2024-06-21 14:25:42,124][flwr][INFO] - 	       [  84,    1,    1,    4,    0,  861,    0,   25,    2,    4],
[2024-06-21 14:25:42,124][flwr][INFO] - 	       [  10,   16,    3,    6,   34,    4,  756,   20,    9,   34],
[2024-06-21 14:25:42,124][flwr][INFO] - 	       [   0,    9,    3,    4,    0,    4,   17,  918,    0,    3],
[2024-06-21 14:25:42,124][flwr][INFO] - 	       [  41,    2,   13,   25,    2,    5,    0,    0,  934,    6],
[2024-06-21 14:25:42,124][flwr][INFO] - 	       [  10,    4,    6,    9,   14,    8,   14,   16,    6,  887],
[2024-06-21 14:25:42,124][flwr][INFO] - 	       [ 934,    5,    5,    2,    8,   17,    4,    3,   10,   21]])),
[2024-06-21 14:25:42,124][flwr][INFO] - 	                      (6,
[2024-06-21 14:25:42,124][flwr][INFO] - 	                       array([[   0,  959,    0,    0,    1,    0,    3,   15,    1,    1],
[2024-06-21 14:25:42,124][flwr][INFO] - 	       [   0,    0, 1116,    1,    3,    1,    0,    5,    1,    8],
[2024-06-21 14:25:42,124][flwr][INFO] - 	       [   5,   12,   12,  892,   21,   19,    1,   25,   17,   28],
[2024-06-21 14:25:42,124][flwr][INFO] - 	       [   9,    2,    2,   15,  923,    2,   20,    5,   17,   15],
[2024-06-21 14:25:42,124][flwr][INFO] - 	       [  22,    0,    1,    2,    0,  935,    1,   19,    1,    1],
[2024-06-21 14:25:42,124][flwr][INFO] - 	       [  10,   14,    3,    2,   28,   12,  770,   34,    8,   11],
[2024-06-21 14:25:42,124][flwr][INFO] - 	       [   0,    6,    3,    2,    0,    9,    6,  931,    0,    1],
[2024-06-21 14:25:42,124][flwr][INFO] - 	       [  39,    1,   17,   18,    6,    8,    0,    0,  938,    1],
[2024-06-21 14:25:42,124][flwr][INFO] - 	       [  27,    8,   16,    5,   25,   15,   21,   32,    8,  817],
[2024-06-21 14:25:42,124][flwr][INFO] - 	       [ 881,    8,    7,    0,   10,   79,    7,    2,    9,    6]])),
[2024-06-21 14:25:42,124][flwr][INFO] - 	                      (7,
[2024-06-21 14:25:42,124][flwr][INFO] - 	                       array([[   0,  964,    0,    0,    1,    0,    3,    8,    1,    3],
[2024-06-21 14:25:42,124][flwr][INFO] - 	       [   0,    0, 1110,    3,    2,    1,    1,    3,    0,   15],
[2024-06-21 14:25:42,124][flwr][INFO] - 	       [   3,   11,    5,  949,   10,   12,    0,   13,   11,   18],
[2024-06-21 14:25:42,124][flwr][INFO] - 	       [   4,    5,    2,   28,  889,    0,   50,    2,   19,   11],
[2024-06-21 14:25:42,124][flwr][INFO] - 	       [  41,    1,    0,    3,    0,  921,    1,   11,    1,    3],
[2024-06-21 14:25:42,124][flwr][INFO] - 	       [   8,   14,    2,    5,   12,    9,  810,   12,    3,   17],
[2024-06-21 14:25:42,124][flwr][INFO] - 	       [   0,    9,    3,    4,    0,    8,   15,  917,    0,    2],
[2024-06-21 14:25:42,124][flwr][INFO] - 	       [  39,    5,   12,   24,    3,    6,    0,    0,  938,    1],
[2024-06-21 14:25:42,124][flwr][INFO] - 	       [  17,    8,    4,   11,   17,   12,   27,   13,   10,  855],
[2024-06-21 14:25:42,124][flwr][INFO] - 	       [ 927,   11,    6,    1,    7,   33,   10,    1,    6,    7]])),
[2024-06-21 14:25:42,124][flwr][INFO] - 	                      (8,
[2024-06-21 14:25:42,125][flwr][INFO] - 	                       array([[   0,  961,    0,    1,    1,    0,    5,    9,    1,    2],
[2024-06-21 14:25:42,125][flwr][INFO] - 	       [   0,    0, 1119,    2,    1,    1,    0,    4,    0,    8],
[2024-06-21 14:25:42,125][flwr][INFO] - 	       [   8,   12,   11,  926,   11,   15,    2,   10,   16,   21],
[2024-06-21 14:25:42,125][flwr][INFO] - 	       [  11,    5,    6,   15,  877,    2,   42,    3,   22,   27],
[2024-06-21 14:25:42,125][flwr][INFO] - 	       [  58,    1,    0,    2,    0,  905,    0,   10,    2,    4],
[2024-06-21 14:25:42,125][flwr][INFO] - 	       [  11,    8,    2,    3,    9,    9,  808,   18,    5,   19],
[2024-06-21 14:25:42,125][flwr][INFO] - 	       [   0,    8,    4,    4,    0,    9,    9,  920,    1,    3],
[2024-06-21 14:25:42,125][flwr][INFO] - 	       [  32,    3,   16,   18,    3,    5,    0,    0,  949,    2],
[2024-06-21 14:25:42,125][flwr][INFO] - 	       [  15,    5,   13,    2,    7,    7,   22,   13,    7,  883],
[2024-06-21 14:25:42,125][flwr][INFO] - 	       [ 945,    8,    6,    0,    4,   19,    6,    1,    8,   12]])),
[2024-06-21 14:25:42,125][flwr][INFO] - 	                      (9,
[2024-06-21 14:25:42,125][flwr][INFO] - 	                       array([[   0,  958,    0,    0,    1,    0,    3,   14,    1,    3],
[2024-06-21 14:25:42,125][flwr][INFO] - 	       [   0,    0, 1120,    2,    1,    1,    0,    4,    0,    7],
[2024-06-21 14:25:42,125][flwr][INFO] - 	       [   5,    7,    7,  947,   17,   15,    0,   10,    7,   17],
[2024-06-21 14:25:42,125][flwr][INFO] - 	       [  11,    2,    3,   15,  923,    1,   26,    2,   10,   17],
[2024-06-21 14:25:42,125][flwr][INFO] - 	       [  44,    1,    0,    3,    0,  921,    0,   11,    0,    2],
[2024-06-21 14:25:42,125][flwr][INFO] - 	       [  10,    8,    3,    1,   18,    9,  805,   16,    2,   20],
[2024-06-21 14:25:42,125][flwr][INFO] - 	       [   0,    6,    3,    2,    0,    8,   10,  925,    0,    4],
[2024-06-21 14:25:42,125][flwr][INFO] - 	       [  57,    3,   13,   21,    4,    8,    0,    0,  922,    0],
[2024-06-21 14:25:42,125][flwr][INFO] - 	       [  13,    4,    6,    5,   19,   10,   12,   13,    5,  887],
[2024-06-21 14:25:42,125][flwr][INFO] - 	       [ 937,    6,    6,    0,    6,   29,    4,    1,    5,   15]])),
[2024-06-21 14:25:42,125][flwr][INFO] - 	                      (10,
[2024-06-21 14:25:42,125][flwr][INFO] - 	                       array([[   0,  965,    0,    1,    1,    0,    3,    7,    1,    2],
[2024-06-21 14:25:42,125][flwr][INFO] - 	       [   0,    0, 1115,    3,    1,    1,    1,    4,    0,   10],
[2024-06-21 14:25:42,125][flwr][INFO] - 	       [   5,    8,    5,  966,    8,   10,    0,   10,    8,   12],
[2024-06-21 14:25:42,125][flwr][INFO] - 	       [   6,    2,    2,   24,  916,    0,   18,    3,   22,   17],
[2024-06-21 14:25:42,125][flwr][INFO] - 	       [  53,    1,    1,    4,    0,  902,    1,   15,    2,    3],
[2024-06-21 14:25:42,125][flwr][INFO] - 	       [  10,   11,    3,    3,   17,    5,  807,   16,    4,   16],
[2024-06-21 14:25:42,125][flwr][INFO] - 	       [   0,    6,    4,    3,    0,    6,   14,  921,    0,    4],
[2024-06-21 14:25:42,125][flwr][INFO] - 	       [  22,    5,   12,   30,    3,    4,    1,    0,  951,    0],
[2024-06-21 14:25:42,125][flwr][INFO] - 	       [   7,    5,    2,    8,   15,    4,   15,   13,    9,  896],
[2024-06-21 14:25:42,125][flwr][INFO] - 	       [ 944,    6,    7,    0,    6,   18,    3,    1,   10,   14]]))],
[2024-06-21 14:25:42,125][flwr][INFO] - 	 'f1': [(0, 0.03553137346181725),
[2024-06-21 14:25:42,125][flwr][INFO] - 	        (1, 0.01078765710119757),
[2024-06-21 14:25:42,125][flwr][INFO] - 	        (2, 0.01064119188764922),
[2024-06-21 14:25:42,125][flwr][INFO] - 	        (3, 0.009286384584760695),
[2024-06-21 14:25:42,125][flwr][INFO] - 	        (4, 0.007487780856434317),
[2024-06-21 14:25:42,125][flwr][INFO] - 	        (5, 0.008363425529824857),
[2024-06-21 14:25:42,125][flwr][INFO] - 	        (6, 0.0058337805755689425),
[2024-06-21 14:25:42,125][flwr][INFO] - 	        (7, 0.007350192076838103),
[2024-06-21 14:25:42,125][flwr][INFO] - 	        (8, 0.0062520947452570745),
[2024-06-21 14:25:42,125][flwr][INFO] - 	        (9, 0.006104654659071922),
[2024-06-21 14:25:42,125][flwr][INFO] - 	        (10, 0.007102327673204465)],
[2024-06-21 14:25:42,125][flwr][INFO] - 	 'precision': [(0, 0.12349967530374152),
[2024-06-21 14:25:42,125][flwr][INFO] - 	               (1, 0.011585613149253441),
[2024-06-21 14:25:42,125][flwr][INFO] - 	               (2, 0.010790288821565856),
[2024-06-21 14:25:42,125][flwr][INFO] - 	               (3, 0.009309672790398049),
[2024-06-21 14:25:42,125][flwr][INFO] - 	               (4, 0.007625163525833727),
[2024-06-21 14:25:42,125][flwr][INFO] - 	               (5, 0.008453527704777272),
[2024-06-21 14:25:42,126][flwr][INFO] - 	               (6, 0.005813695339617608),
[2024-06-21 14:25:42,126][flwr][INFO] - 	               (7, 0.0073129516225889715),
[2024-06-21 14:25:42,126][flwr][INFO] - 	               (8, 0.006220514084379436),
[2024-06-21 14:25:42,126][flwr][INFO] - 	               (9, 0.00612711104001497),
[2024-06-21 14:25:42,126][flwr][INFO] - 	               (10, 0.007119003111036281)],
[2024-06-21 14:25:42,126][flwr][INFO] - 	 'recall': [(0, 0.1086),
[2024-06-21 14:25:42,126][flwr][INFO] - 	            (1, 0.0106),
[2024-06-21 14:25:42,126][flwr][INFO] - 	            (2, 0.0106),
[2024-06-21 14:25:42,126][flwr][INFO] - 	            (3, 0.0093),
[2024-06-21 14:25:42,126][flwr][INFO] - 	            (4, 0.0074),
[2024-06-21 14:25:42,126][flwr][INFO] - 	            (5, 0.0083),
[2024-06-21 14:25:42,126][flwr][INFO] - 	            (6, 0.0059),
[2024-06-21 14:25:42,126][flwr][INFO] - 	            (7, 0.0074),
[2024-06-21 14:25:42,126][flwr][INFO] - 	            (8, 0.0063),
[2024-06-21 14:25:42,126][flwr][INFO] - 	            (9, 0.0061),
[2024-06-21 14:25:42,126][flwr][INFO] - 	            (10, 0.0071)]}
[2024-06-21 14:25:42,126][flwr][INFO] - 
