[2024-06-20 10:22:44,505][flwr][INFO] - Starting Flower simulation, config: num_rounds=10, no round_timeout
[2024-06-20 10:22:46,644][flwr][INFO] - Flower VCE: Ray initialized with resources: {'memory': 7744174490.0, 'CPU': 12.0, 'node:127.0.0.1': 1.0, 'object_store_memory': 2147483648.0, 'node:__internal_head__': 1.0}
[2024-06-20 10:22:46,645][flwr][INFO] - Optimize your simulation with Flower VCE: https://flower.ai/docs/framework/how-to-run-simulations.html
[2024-06-20 10:22:46,645][flwr][INFO] - Flower VCE: Resources for each Virtual Client: {'num_cpus': 2, 'num_gpus': 0}
[2024-06-20 10:22:46,659][flwr][INFO] - Flower VCE: Creating VirtualClientEngineActorPool with 6 actors
[2024-06-20 10:22:46,660][flwr][INFO] - [INIT]
[2024-06-20 10:22:46,660][flwr][INFO] - Requesting initial parameters from one random client
[2024-06-20 10:22:48,542][flwr][INFO] - Received initial parameters from one random client
[2024-06-20 10:22:48,542][flwr][INFO] - Evaluating initial global parameters
[2024-06-20 10:22:48,965][flwr][INFO] - initial parameters (loss, other metrics): 181.76928067207336, {'accuracy': 0.1086, 'precision': 0.12349967530374152, 'recall': 0.1086, 'f1': 0.03553137346181725, 'confusion_matrix': array([[   0,    8,    0,  956,    0,    1,    0,   15,    0,    0],
       [   0,  122,    0, 1013,    0,    0,    0,    0,    0,    0],
       [   0,   38,    0,  971,    0,    0,    3,   19,    1,    0],
       [   0,   44,    0,  945,    1,    1,    0,   17,    2,    0],
       [   0,  143,    0,  816,    1,    0,    2,   20,    0,    0],
       [   0,  118,    0,  735,    1,    7,    0,   30,    1,    0],
       [   0,  144,    0,  749,   25,    0,    2,   38,    0,    0],
       [   0,  272,    0,  724,    8,    0,    0,    9,   15,    0],
       [   0,   81,    0,  859,    1,    0,    1,   32,    0,    0],
       [   0,  178,    0,  799,    1,    0,    0,   31,    0,    0]])}
[2024-06-20 10:22:48,966][flwr][INFO] - 
[2024-06-20 10:22:48,966][flwr][INFO] - [ROUND 1]
[2024-06-20 10:22:48,966][flwr][INFO] - configure_fit: strategy sampled 10 clients (out of 100)
[2024-06-20 10:22:56,190][flwr][INFO] - aggregate_fit: received 10 results and 0 failures
[2024-06-20 10:22:56,197][flwr][WARNING] - No fit_metrics_aggregation_fn provided
[2024-06-20 10:22:56,625][flwr][INFO] - fit progress: (1, 71.68066108226776, {'accuracy': 0.7573, 'precision': 0.7977671204417316, 'recall': 0.7573, 'f1': 0.7540218496587194, 'confusion_matrix': array([[817,   0,  30,  16,   0,  23,  77,   3,  14,   0],
       [  0, 910,  16,  18,   0,   0,   2,   0, 189,   0],
       [  6,   0, 844,  92,   5,   0,  31,  11,  33,  10],
       [  2,   0,  56, 849,   0,   3,   4,   7,  77,  12],
       [  0,   3,  18,   0, 389,   2,  70,   2,  33, 465],
       [  6,   4,  40, 226,   9, 411,  34,  18, 131,  13],
       [  5,   5,  40,   3,   3,  13, 884,   0,   4,   1],
       [  1,   6,  31,   3,   5,   0,   3, 872,  38,  69],
       [  6,   0,  53, 105,   1,  12,  11,   7, 745,  34],
       [  6,   2,  10,   7,  11,   5,   5,  39,  72, 852]])}, 7.660006792)
[2024-06-20 10:22:56,626][flwr][INFO] - configure_evaluate: no clients selected, skipping evaluation
[2024-06-20 10:22:56,626][flwr][INFO] - 
[2024-06-20 10:22:56,626][flwr][INFO] - [ROUND 2]
[2024-06-20 10:22:56,626][flwr][INFO] - configure_fit: strategy sampled 10 clients (out of 100)
[2024-06-20 10:23:02,736][flwr][INFO] - aggregate_fit: received 10 results and 0 failures
[2024-06-20 10:23:03,181][flwr][INFO] - fit progress: (2, 33.96356525272131, {'accuracy': 0.8801, 'precision': 0.8805227870211966, 'recall': 0.8801, 'f1': 0.8791646534671452, 'confusion_matrix': array([[ 960,    0,    2,    3,    0,    7,    5,    1,    2,    0],
       [   0, 1090,    4,    4,    1,    0,    4,    2,   30,    0],
       [  22,   10,  873,   29,   20,    0,   21,   15,   28,   14],
       [  12,    7,   29,  887,    2,   22,    2,   17,   20,   12],
       [   2,    5,    4,    0,  887,    0,   11,    1,    3,   69],
       [  42,    7,    7,   69,   25,  687,   16,   14,   15,   10],
       [  29,    8,    5,    0,   15,   20,  878,    1,    2,    0],
       [   6,   14,   27,    2,    6,    0,    0,  925,    6,   42],
       [  14,   13,   15,   53,   21,   52,   12,    9,  743,   42],
       [  18,    8,    3,    9,   47,    5,    0,   41,    7,  871]])}, 14.216183292)
[2024-06-20 10:23:03,182][flwr][INFO] - configure_evaluate: no clients selected, skipping evaluation
[2024-06-20 10:23:03,182][flwr][INFO] - 
[2024-06-20 10:23:03,182][flwr][INFO] - [ROUND 3]
[2024-06-20 10:23:03,182][flwr][INFO] - configure_fit: strategy sampled 10 clients (out of 100)
[2024-06-20 10:23:09,272][flwr][INFO] - aggregate_fit: received 10 results and 0 failures
[2024-06-20 10:23:09,718][flwr][INFO] - fit progress: (3, 27.229376386851072, {'accuracy': 0.902, 'precision': 0.9021850073096013, 'recall': 0.902, 'f1': 0.9016464030910863, 'confusion_matrix': array([[ 960,    0,    2,    1,    0,    7,    8,    1,    1,    0],
       [   0, 1105,    6,    3,    1,    1,    4,    0,   15,    0],
       [  14,    6,  907,   20,   17,    1,   19,   12,   32,    4],
       [   3,    3,   28,  869,    1,   41,    2,   12,   39,   12],
       [   0,    3,    5,    0,  912,    1,   22,    0,    3,   36],
       [  17,    4,    9,   41,   13,  764,   16,    5,   20,    3],
       [  22,    3,    3,    0,    8,   14,  905,    0,    3,    0],
       [   7,   16,   32,    0,    9,    0,    0,  906,    6,   52],
       [  11,    9,   14,   16,   19,   46,   15,    1,  816,   27],
       [  14,    6,    3,    7,   62,   12,    1,   16,   12,  876]])}, 20.753379042)
[2024-06-20 10:23:09,719][flwr][INFO] - configure_evaluate: no clients selected, skipping evaluation
[2024-06-20 10:23:09,719][flwr][INFO] - 
[2024-06-20 10:23:09,719][flwr][INFO] - [ROUND 4]
[2024-06-20 10:23:09,719][flwr][INFO] - configure_fit: strategy sampled 10 clients (out of 100)
[2024-06-20 10:23:15,025][flwr][INFO] - aggregate_fit: received 10 results and 0 failures
[2024-06-20 10:23:15,465][flwr][INFO] - fit progress: (4, 23.711469933390617, {'accuracy': 0.9137, 'precision': 0.9135976478773656, 'recall': 0.9137, 'f1': 0.9134160358426007, 'confusion_matrix': array([[ 959,    0,    1,    1,    0,    8,    7,    1,    3,    0],
       [   0, 1106,    4,    4,    1,    1,    3,    1,   15,    0],
       [  12,    7,  922,   17,   19,    0,   16,   16,   19,    4],
       [   3,    2,   28,  911,    1,   20,    3,   17,   18,    7],
       [   1,    2,    6,    0,  913,    0,   14,    0,    7,   39],
       [  11,    4,    9,   40,   13,  765,   10,    7,   28,    5],
       [  15,    3,    3,    0,   12,   17,  904,    0,    4,    0],
       [   2,   15,   29,    3,   10,    0,    0,  932,    1,   36],
       [   6,    8,   19,   45,   11,   25,    9,    3,  828,   20],
       [  12,    6,    3,   12,   45,    7,    1,   17,    9,  897]])}, 26.500673417)
[2024-06-20 10:23:15,466][flwr][INFO] - configure_evaluate: no clients selected, skipping evaluation
[2024-06-20 10:23:15,466][flwr][INFO] - 
[2024-06-20 10:23:15,466][flwr][INFO] - [ROUND 5]
[2024-06-20 10:23:15,466][flwr][INFO] - configure_fit: strategy sampled 10 clients (out of 100)
[2024-06-20 10:23:21,078][flwr][INFO] - aggregate_fit: received 10 results and 0 failures
[2024-06-20 10:23:21,521][flwr][INFO] - fit progress: (5, 22.19825816527009, {'accuracy': 0.921, 'precision': 0.9207591536727601, 'recall': 0.921, 'f1': 0.9207247134865029, 'confusion_matrix': array([[ 961,    0,    1,    2,    0,    3,    9,    1,    3,    0],
       [   0, 1112,    4,    2,    1,    0,    3,    2,   11,    0],
       [  11,   12,  929,   15,   17,    1,    9,   12,   22,    4],
       [   3,    4,   22,  907,    1,   27,    2,   21,   19,    4],
       [   0,    4,    4,    0,  903,    0,   13,    2,    4,   52],
       [  11,    3,    8,   27,    8,  780,   14,   10,   23,    8],
       [  11,    4,    3,    0,   10,   14,  913,    0,    3,    0],
       [   2,   12,   28,    5,    7,    0,    0,  946,    0,   28],
       [   6,   10,   11,   17,   15,   24,   12,    6,  855,   18],
       [  14,    7,    2,   10,   37,    7,    1,   24,    3,  904]])}, 32.556792458)
[2024-06-20 10:23:21,522][flwr][INFO] - configure_evaluate: no clients selected, skipping evaluation
[2024-06-20 10:23:21,522][flwr][INFO] - 
[2024-06-20 10:23:21,522][flwr][INFO] - [ROUND 6]
[2024-06-20 10:23:21,522][flwr][INFO] - configure_fit: strategy sampled 10 clients (out of 100)
[2024-06-20 10:23:27,180][flwr][INFO] - aggregate_fit: received 10 results and 0 failures
[2024-06-20 10:23:27,626][flwr][INFO] - fit progress: (6, 20.780078876763582, {'accuracy': 0.9252, 'precision': 0.925257886786625, 'recall': 0.9252, 'f1': 0.9249159774540614, 'confusion_matrix': array([[ 963,    0,    1,    1,    0,    3,    9,    1,    2,    0],
       [   0, 1114,    4,    2,    0,    0,    3,    2,   10,    0],
       [  11,    4,  938,   14,   16,    1,   14,   15,   13,    6],
       [   4,    2,   32,  889,    0,   28,    2,   23,   20,   10],
       [   0,    2,    4,    0,  931,    0,   16,    1,    3,   25],
       [  13,    2,    4,   23,    6,  789,   17,    5,   23,   10],
       [  11,    3,    0,    0,    8,    8,  925,    1,    2,    0],
       [   2,   11,   22,    6,    8,    0,    0,  939,    0,   40],
       [   7,    6,   11,   14,   11,   18,   15,    5,  861,   26],
       [  13,    6,    0,    7,   54,    8,    1,   13,    4,  903]])}, 38.661418125)
[2024-06-20 10:23:27,626][flwr][INFO] - configure_evaluate: no clients selected, skipping evaluation
[2024-06-20 10:23:27,626][flwr][INFO] - 
[2024-06-20 10:23:27,626][flwr][INFO] - [ROUND 7]
[2024-06-20 10:23:27,627][flwr][INFO] - configure_fit: strategy sampled 10 clients (out of 100)
[2024-06-20 10:23:32,812][flwr][INFO] - aggregate_fit: received 10 results and 0 failures
[2024-06-20 10:23:33,244][flwr][INFO] - fit progress: (7, 19.181264454498887, {'accuracy': 0.928, 'precision': 0.9288866668240384, 'recall': 0.928, 'f1': 0.9280016242304043, 'confusion_matrix': array([[ 970,    0,    1,    2,    0,    3,    1,    1,    2,    0],
       [   0, 1112,    3,    3,    1,    0,    3,    2,   11,    0],
       [  12,    2,  922,   22,   14,    1,    7,   19,   27,    6],
       [   5,    0,    9,  935,    0,   17,    1,   16,   19,    8],
       [   1,    6,    4,    0,  885,    0,    8,    2,    5,   71],
       [  15,    2,    1,   28,    4,  794,    7,    7,   25,    9],
       [  22,    3,    1,    1,   16,   16,  893,    0,    6,    0],
       [   2,   11,   15,   11,    4,    0,    0,  954,    0,   31],
       [   8,    3,    3,   19,    7,   24,    5,    4,  878,   23],
       [  11,    6,    0,   11,   18,    6,    1,   12,    7,  937]])}, 44.280288625)
[2024-06-20 10:23:33,245][flwr][INFO] - configure_evaluate: no clients selected, skipping evaluation
[2024-06-20 10:23:33,245][flwr][INFO] - 
[2024-06-20 10:23:33,245][flwr][INFO] - [ROUND 8]
[2024-06-20 10:23:33,245][flwr][INFO] - configure_fit: strategy sampled 10 clients (out of 100)
[2024-06-20 10:23:38,664][flwr][INFO] - aggregate_fit: received 10 results and 0 failures
[2024-06-20 10:23:39,103][flwr][INFO] - fit progress: (8, 17.963146266527474, {'accuracy': 0.9305, 'precision': 0.9315049232922343, 'recall': 0.9305, 'f1': 0.9304471382169013, 'confusion_matrix': array([[ 969,    0,    1,    1,    0,    4,    2,    1,    2,    0],
       [   0, 1116,    4,    2,    1,    0,    3,    1,    7,    1],
       [  12,    3,  958,    9,   11,    1,   10,   10,   14,    4],
       [   3,    2,   27,  924,    0,   20,    2,   10,   12,   10],
       [   1,    1,    4,    0,  910,    0,   17,    0,    3,   46],
       [  10,    1,    2,   19,    6,  811,   14,    3,   14,   12],
       [  17,    3,    0,    0,    5,   14,  918,    0,    1,    0],
       [   4,    8,   29,    7,    7,    1,    0,  902,    0,   70],
       [   9,    4,    6,   22,   12,   26,   10,    3,  861,   21],
       [  12,    6,    0,   10,   28,    8,    1,    4,    4,  936]])}, 50.138766292)
[2024-06-20 10:23:39,103][flwr][INFO] - configure_evaluate: no clients selected, skipping evaluation
[2024-06-20 10:23:39,103][flwr][INFO] - 
[2024-06-20 10:23:39,103][flwr][INFO] - [ROUND 9]
[2024-06-20 10:23:39,104][flwr][INFO] - configure_fit: strategy sampled 10 clients (out of 100)
[2024-06-20 10:23:44,250][flwr][INFO] - aggregate_fit: received 10 results and 0 failures
[2024-06-20 10:23:44,688][flwr][INFO] - fit progress: (9, 17.269372052513063, {'accuracy': 0.935, 'precision': 0.9354261058020372, 'recall': 0.935, 'f1': 0.9348815932991013, 'confusion_matrix': array([[ 969,    0,    1,    3,    0,    3,    1,    1,    2,    0],
       [   0, 1117,    3,    3,    1,    0,    3,    1,    7,    0],
       [  12,    5,  942,   13,   14,    1,    5,   26,   12,    2],
       [   1,    1,   16,  952,    1,    5,    0,   16,   11,    7],
       [   1,    7,    4,    0,  907,    0,    8,    0,    4,   51],
       [   8,    2,    1,   49,    3,  786,   11,    5,   20,    7],
       [  15,    4,    1,    1,   13,    7,  912,    0,    5,    0],
       [   3,   11,   17,    5,    5,    0,    0,  961,    0,   26],
       [   4,    9,    8,   21,    8,   13,    3,    8,  881,   19],
       [  11,    7,    1,   11,   36,    5,    0,   11,    4,  923]])}, 55.724382583)
[2024-06-20 10:23:44,688][flwr][INFO] - configure_evaluate: no clients selected, skipping evaluation
[2024-06-20 10:23:44,688][flwr][INFO] - 
[2024-06-20 10:23:44,689][flwr][INFO] - [ROUND 10]
[2024-06-20 10:23:44,689][flwr][INFO] - configure_fit: strategy sampled 10 clients (out of 100)
[2024-06-20 10:23:50,157][flwr][INFO] - aggregate_fit: received 10 results and 0 failures
[2024-06-20 10:23:50,591][flwr][INFO] - fit progress: (10, 16.13199657155201, {'accuracy': 0.9414, 'precision': 0.9419578310616855, 'recall': 0.9414, 'f1': 0.9414035800432362, 'confusion_matrix': array([[ 969,    0,    1,    1,    0,    4,    2,    1,    2,    0],
       [   0, 1115,    3,    2,    1,    1,    3,    1,    9,    0],
       [  12,    1,  968,    5,    6,    2,    6,   12,   17,    3],
       [   3,    2,   16,  924,    1,   26,    1,   10,   17,   10],
       [   1,    2,    4,    0,  903,    1,   13,    0,    7,   51],
       [  13,    1,    4,   11,    3,  829,    8,    2,   14,    7],
       [  16,    4,    1,    0,    8,    6,  917,    0,    6,    0],
       [   4,   10,   16,    6,    7,    0,    0,  948,    0,   37],
       [  12,    3,    4,   11,    8,   17,    6,    4,  896,   13],
       [  12,    5,    0,    7,   20,    6,    1,    4,    9,  945]])}, 61.627619333000005)
[2024-06-20 10:23:50,592][flwr][INFO] - configure_evaluate: no clients selected, skipping evaluation
[2024-06-20 10:23:50,592][flwr][INFO] - 
[2024-06-20 10:23:50,592][flwr][INFO] - [SUMMARY]
[2024-06-20 10:23:50,592][flwr][INFO] - Run finished 10 round(s) in 61.63s
[2024-06-20 10:23:50,596][flwr][INFO] - 	History (loss, centralized):
[2024-06-20 10:23:50,597][flwr][INFO] - 		round 0: 181.76928067207336
[2024-06-20 10:23:50,597][flwr][INFO] - 		round 1: 71.68066108226776
[2024-06-20 10:23:50,597][flwr][INFO] - 		round 2: 33.96356525272131
[2024-06-20 10:23:50,597][flwr][INFO] - 		round 3: 27.229376386851072
[2024-06-20 10:23:50,597][flwr][INFO] - 		round 4: 23.711469933390617
[2024-06-20 10:23:50,597][flwr][INFO] - 		round 5: 22.19825816527009
[2024-06-20 10:23:50,597][flwr][INFO] - 		round 6: 20.780078876763582
[2024-06-20 10:23:50,597][flwr][INFO] - 		round 7: 19.181264454498887
[2024-06-20 10:23:50,597][flwr][INFO] - 		round 8: 17.963146266527474
[2024-06-20 10:23:50,597][flwr][INFO] - 		round 9: 17.269372052513063
[2024-06-20 10:23:50,597][flwr][INFO] - 		round 10: 16.13199657155201
[2024-06-20 10:23:50,597][flwr][INFO] - 	History (metrics, centralized):
[2024-06-20 10:23:50,597][flwr][INFO] - 	{'accuracy': [(0, 0.1086),
[2024-06-20 10:23:50,597][flwr][INFO] - 	              (1, 0.7573),
[2024-06-20 10:23:50,597][flwr][INFO] - 	              (2, 0.8801),
[2024-06-20 10:23:50,597][flwr][INFO] - 	              (3, 0.902),
[2024-06-20 10:23:50,597][flwr][INFO] - 	              (4, 0.9137),
[2024-06-20 10:23:50,597][flwr][INFO] - 	              (5, 0.921),
[2024-06-20 10:23:50,597][flwr][INFO] - 	              (6, 0.9252),
[2024-06-20 10:23:50,597][flwr][INFO] - 	              (7, 0.928),
[2024-06-20 10:23:50,597][flwr][INFO] - 	              (8, 0.9305),
[2024-06-20 10:23:50,598][flwr][INFO] - 	              (9, 0.935),
[2024-06-20 10:23:50,598][flwr][INFO] - 	              (10, 0.9414)],
[2024-06-20 10:23:50,598][flwr][INFO] - 	 'confusion_matrix': [(0,
[2024-06-20 10:23:50,598][flwr][INFO] - 	                       array([[   0,    8,    0,  956,    0,    1,    0,   15,    0,    0],
[2024-06-20 10:23:50,598][flwr][INFO] - 	       [   0,  122,    0, 1013,    0,    0,    0,    0,    0,    0],
[2024-06-20 10:23:50,598][flwr][INFO] - 	       [   0,   38,    0,  971,    0,    0,    3,   19,    1,    0],
[2024-06-20 10:23:50,598][flwr][INFO] - 	       [   0,   44,    0,  945,    1,    1,    0,   17,    2,    0],
[2024-06-20 10:23:50,598][flwr][INFO] - 	       [   0,  143,    0,  816,    1,    0,    2,   20,    0,    0],
[2024-06-20 10:23:50,598][flwr][INFO] - 	       [   0,  118,    0,  735,    1,    7,    0,   30,    1,    0],
[2024-06-20 10:23:50,598][flwr][INFO] - 	       [   0,  144,    0,  749,   25,    0,    2,   38,    0,    0],
[2024-06-20 10:23:50,598][flwr][INFO] - 	       [   0,  272,    0,  724,    8,    0,    0,    9,   15,    0],
[2024-06-20 10:23:50,598][flwr][INFO] - 	       [   0,   81,    0,  859,    1,    0,    1,   32,    0,    0],
[2024-06-20 10:23:50,598][flwr][INFO] - 	       [   0,  178,    0,  799,    1,    0,    0,   31,    0,    0]])),
[2024-06-20 10:23:50,598][flwr][INFO] - 	                      (1,
[2024-06-20 10:23:50,598][flwr][INFO] - 	                       array([[817,   0,  30,  16,   0,  23,  77,   3,  14,   0],
[2024-06-20 10:23:50,598][flwr][INFO] - 	       [  0, 910,  16,  18,   0,   0,   2,   0, 189,   0],
[2024-06-20 10:23:50,598][flwr][INFO] - 	       [  6,   0, 844,  92,   5,   0,  31,  11,  33,  10],
[2024-06-20 10:23:50,598][flwr][INFO] - 	       [  2,   0,  56, 849,   0,   3,   4,   7,  77,  12],
[2024-06-20 10:23:50,598][flwr][INFO] - 	       [  0,   3,  18,   0, 389,   2,  70,   2,  33, 465],
[2024-06-20 10:23:50,598][flwr][INFO] - 	       [  6,   4,  40, 226,   9, 411,  34,  18, 131,  13],
[2024-06-20 10:23:50,598][flwr][INFO] - 	       [  5,   5,  40,   3,   3,  13, 884,   0,   4,   1],
[2024-06-20 10:23:50,598][flwr][INFO] - 	       [  1,   6,  31,   3,   5,   0,   3, 872,  38,  69],
[2024-06-20 10:23:50,598][flwr][INFO] - 	       [  6,   0,  53, 105,   1,  12,  11,   7, 745,  34],
[2024-06-20 10:23:50,598][flwr][INFO] - 	       [  6,   2,  10,   7,  11,   5,   5,  39,  72, 852]])),
[2024-06-20 10:23:50,598][flwr][INFO] - 	                      (2,
[2024-06-20 10:23:50,598][flwr][INFO] - 	                       array([[ 960,    0,    2,    3,    0,    7,    5,    1,    2,    0],
[2024-06-20 10:23:50,598][flwr][INFO] - 	       [   0, 1090,    4,    4,    1,    0,    4,    2,   30,    0],
[2024-06-20 10:23:50,598][flwr][INFO] - 	       [  22,   10,  873,   29,   20,    0,   21,   15,   28,   14],
[2024-06-20 10:23:50,598][flwr][INFO] - 	       [  12,    7,   29,  887,    2,   22,    2,   17,   20,   12],
[2024-06-20 10:23:50,598][flwr][INFO] - 	       [   2,    5,    4,    0,  887,    0,   11,    1,    3,   69],
[2024-06-20 10:23:50,598][flwr][INFO] - 	       [  42,    7,    7,   69,   25,  687,   16,   14,   15,   10],
[2024-06-20 10:23:50,598][flwr][INFO] - 	       [  29,    8,    5,    0,   15,   20,  878,    1,    2,    0],
[2024-06-20 10:23:50,598][flwr][INFO] - 	       [   6,   14,   27,    2,    6,    0,    0,  925,    6,   42],
[2024-06-20 10:23:50,598][flwr][INFO] - 	       [  14,   13,   15,   53,   21,   52,   12,    9,  743,   42],
[2024-06-20 10:23:50,598][flwr][INFO] - 	       [  18,    8,    3,    9,   47,    5,    0,   41,    7,  871]])),
[2024-06-20 10:23:50,599][flwr][INFO] - 	                      (3,
[2024-06-20 10:23:50,599][flwr][INFO] - 	                       array([[ 960,    0,    2,    1,    0,    7,    8,    1,    1,    0],
[2024-06-20 10:23:50,599][flwr][INFO] - 	       [   0, 1105,    6,    3,    1,    1,    4,    0,   15,    0],
[2024-06-20 10:23:50,599][flwr][INFO] - 	       [  14,    6,  907,   20,   17,    1,   19,   12,   32,    4],
[2024-06-20 10:23:50,599][flwr][INFO] - 	       [   3,    3,   28,  869,    1,   41,    2,   12,   39,   12],
[2024-06-20 10:23:50,599][flwr][INFO] - 	       [   0,    3,    5,    0,  912,    1,   22,    0,    3,   36],
[2024-06-20 10:23:50,599][flwr][INFO] - 	       [  17,    4,    9,   41,   13,  764,   16,    5,   20,    3],
[2024-06-20 10:23:50,599][flwr][INFO] - 	       [  22,    3,    3,    0,    8,   14,  905,    0,    3,    0],
[2024-06-20 10:23:50,599][flwr][INFO] - 	       [   7,   16,   32,    0,    9,    0,    0,  906,    6,   52],
[2024-06-20 10:23:50,599][flwr][INFO] - 	       [  11,    9,   14,   16,   19,   46,   15,    1,  816,   27],
[2024-06-20 10:23:50,599][flwr][INFO] - 	       [  14,    6,    3,    7,   62,   12,    1,   16,   12,  876]])),
[2024-06-20 10:23:50,599][flwr][INFO] - 	                      (4,
[2024-06-20 10:23:50,599][flwr][INFO] - 	                       array([[ 959,    0,    1,    1,    0,    8,    7,    1,    3,    0],
[2024-06-20 10:23:50,599][flwr][INFO] - 	       [   0, 1106,    4,    4,    1,    1,    3,    1,   15,    0],
[2024-06-20 10:23:50,599][flwr][INFO] - 	       [  12,    7,  922,   17,   19,    0,   16,   16,   19,    4],
[2024-06-20 10:23:50,599][flwr][INFO] - 	       [   3,    2,   28,  911,    1,   20,    3,   17,   18,    7],
[2024-06-20 10:23:50,599][flwr][INFO] - 	       [   1,    2,    6,    0,  913,    0,   14,    0,    7,   39],
[2024-06-20 10:23:50,599][flwr][INFO] - 	       [  11,    4,    9,   40,   13,  765,   10,    7,   28,    5],
[2024-06-20 10:23:50,599][flwr][INFO] - 	       [  15,    3,    3,    0,   12,   17,  904,    0,    4,    0],
[2024-06-20 10:23:50,599][flwr][INFO] - 	       [   2,   15,   29,    3,   10,    0,    0,  932,    1,   36],
[2024-06-20 10:23:50,599][flwr][INFO] - 	       [   6,    8,   19,   45,   11,   25,    9,    3,  828,   20],
[2024-06-20 10:23:50,599][flwr][INFO] - 	       [  12,    6,    3,   12,   45,    7,    1,   17,    9,  897]])),
[2024-06-20 10:23:50,599][flwr][INFO] - 	                      (5,
[2024-06-20 10:23:50,599][flwr][INFO] - 	                       array([[ 961,    0,    1,    2,    0,    3,    9,    1,    3,    0],
[2024-06-20 10:23:50,599][flwr][INFO] - 	       [   0, 1112,    4,    2,    1,    0,    3,    2,   11,    0],
[2024-06-20 10:23:50,599][flwr][INFO] - 	       [  11,   12,  929,   15,   17,    1,    9,   12,   22,    4],
[2024-06-20 10:23:50,599][flwr][INFO] - 	       [   3,    4,   22,  907,    1,   27,    2,   21,   19,    4],
[2024-06-20 10:23:50,599][flwr][INFO] - 	       [   0,    4,    4,    0,  903,    0,   13,    2,    4,   52],
[2024-06-20 10:23:50,599][flwr][INFO] - 	       [  11,    3,    8,   27,    8,  780,   14,   10,   23,    8],
[2024-06-20 10:23:50,599][flwr][INFO] - 	       [  11,    4,    3,    0,   10,   14,  913,    0,    3,    0],
[2024-06-20 10:23:50,599][flwr][INFO] - 	       [   2,   12,   28,    5,    7,    0,    0,  946,    0,   28],
[2024-06-20 10:23:50,599][flwr][INFO] - 	       [   6,   10,   11,   17,   15,   24,   12,    6,  855,   18],
[2024-06-20 10:23:50,599][flwr][INFO] - 	       [  14,    7,    2,   10,   37,    7,    1,   24,    3,  904]])),
[2024-06-20 10:23:50,599][flwr][INFO] - 	                      (6,
[2024-06-20 10:23:50,599][flwr][INFO] - 	                       array([[ 963,    0,    1,    1,    0,    3,    9,    1,    2,    0],
[2024-06-20 10:23:50,599][flwr][INFO] - 	       [   0, 1114,    4,    2,    0,    0,    3,    2,   10,    0],
[2024-06-20 10:23:50,599][flwr][INFO] - 	       [  11,    4,  938,   14,   16,    1,   14,   15,   13,    6],
[2024-06-20 10:23:50,599][flwr][INFO] - 	       [   4,    2,   32,  889,    0,   28,    2,   23,   20,   10],
[2024-06-20 10:23:50,600][flwr][INFO] - 	       [   0,    2,    4,    0,  931,    0,   16,    1,    3,   25],
[2024-06-20 10:23:50,600][flwr][INFO] - 	       [  13,    2,    4,   23,    6,  789,   17,    5,   23,   10],
[2024-06-20 10:23:50,600][flwr][INFO] - 	       [  11,    3,    0,    0,    8,    8,  925,    1,    2,    0],
[2024-06-20 10:23:50,600][flwr][INFO] - 	       [   2,   11,   22,    6,    8,    0,    0,  939,    0,   40],
[2024-06-20 10:23:50,600][flwr][INFO] - 	       [   7,    6,   11,   14,   11,   18,   15,    5,  861,   26],
[2024-06-20 10:23:50,600][flwr][INFO] - 	       [  13,    6,    0,    7,   54,    8,    1,   13,    4,  903]])),
[2024-06-20 10:23:50,600][flwr][INFO] - 	                      (7,
[2024-06-20 10:23:50,600][flwr][INFO] - 	                       array([[ 970,    0,    1,    2,    0,    3,    1,    1,    2,    0],
[2024-06-20 10:23:50,600][flwr][INFO] - 	       [   0, 1112,    3,    3,    1,    0,    3,    2,   11,    0],
[2024-06-20 10:23:50,600][flwr][INFO] - 	       [  12,    2,  922,   22,   14,    1,    7,   19,   27,    6],
[2024-06-20 10:23:50,600][flwr][INFO] - 	       [   5,    0,    9,  935,    0,   17,    1,   16,   19,    8],
[2024-06-20 10:23:50,600][flwr][INFO] - 	       [   1,    6,    4,    0,  885,    0,    8,    2,    5,   71],
[2024-06-20 10:23:50,600][flwr][INFO] - 	       [  15,    2,    1,   28,    4,  794,    7,    7,   25,    9],
[2024-06-20 10:23:50,600][flwr][INFO] - 	       [  22,    3,    1,    1,   16,   16,  893,    0,    6,    0],
[2024-06-20 10:23:50,600][flwr][INFO] - 	       [   2,   11,   15,   11,    4,    0,    0,  954,    0,   31],
[2024-06-20 10:23:50,600][flwr][INFO] - 	       [   8,    3,    3,   19,    7,   24,    5,    4,  878,   23],
[2024-06-20 10:23:50,600][flwr][INFO] - 	       [  11,    6,    0,   11,   18,    6,    1,   12,    7,  937]])),
[2024-06-20 10:23:50,600][flwr][INFO] - 	                      (8,
[2024-06-20 10:23:50,600][flwr][INFO] - 	                       array([[ 969,    0,    1,    1,    0,    4,    2,    1,    2,    0],
[2024-06-20 10:23:50,600][flwr][INFO] - 	       [   0, 1116,    4,    2,    1,    0,    3,    1,    7,    1],
[2024-06-20 10:23:50,600][flwr][INFO] - 	       [  12,    3,  958,    9,   11,    1,   10,   10,   14,    4],
[2024-06-20 10:23:50,600][flwr][INFO] - 	       [   3,    2,   27,  924,    0,   20,    2,   10,   12,   10],
[2024-06-20 10:23:50,600][flwr][INFO] - 	       [   1,    1,    4,    0,  910,    0,   17,    0,    3,   46],
[2024-06-20 10:23:50,600][flwr][INFO] - 	       [  10,    1,    2,   19,    6,  811,   14,    3,   14,   12],
[2024-06-20 10:23:50,600][flwr][INFO] - 	       [  17,    3,    0,    0,    5,   14,  918,    0,    1,    0],
[2024-06-20 10:23:50,600][flwr][INFO] - 	       [   4,    8,   29,    7,    7,    1,    0,  902,    0,   70],
[2024-06-20 10:23:50,600][flwr][INFO] - 	       [   9,    4,    6,   22,   12,   26,   10,    3,  861,   21],
[2024-06-20 10:23:50,600][flwr][INFO] - 	       [  12,    6,    0,   10,   28,    8,    1,    4,    4,  936]])),
[2024-06-20 10:23:50,600][flwr][INFO] - 	                      (9,
[2024-06-20 10:23:50,600][flwr][INFO] - 	                       array([[ 969,    0,    1,    3,    0,    3,    1,    1,    2,    0],
[2024-06-20 10:23:50,600][flwr][INFO] - 	       [   0, 1117,    3,    3,    1,    0,    3,    1,    7,    0],
[2024-06-20 10:23:50,600][flwr][INFO] - 	       [  12,    5,  942,   13,   14,    1,    5,   26,   12,    2],
[2024-06-20 10:23:50,600][flwr][INFO] - 	       [   1,    1,   16,  952,    1,    5,    0,   16,   11,    7],
[2024-06-20 10:23:50,600][flwr][INFO] - 	       [   1,    7,    4,    0,  907,    0,    8,    0,    4,   51],
[2024-06-20 10:23:50,600][flwr][INFO] - 	       [   8,    2,    1,   49,    3,  786,   11,    5,   20,    7],
[2024-06-20 10:23:50,600][flwr][INFO] - 	       [  15,    4,    1,    1,   13,    7,  912,    0,    5,    0],
[2024-06-20 10:23:50,600][flwr][INFO] - 	       [   3,   11,   17,    5,    5,    0,    0,  961,    0,   26],
[2024-06-20 10:23:50,601][flwr][INFO] - 	       [   4,    9,    8,   21,    8,   13,    3,    8,  881,   19],
[2024-06-20 10:23:50,601][flwr][INFO] - 	       [  11,    7,    1,   11,   36,    5,    0,   11,    4,  923]])),
[2024-06-20 10:23:50,601][flwr][INFO] - 	                      (10,
[2024-06-20 10:23:50,601][flwr][INFO] - 	                       array([[ 969,    0,    1,    1,    0,    4,    2,    1,    2,    0],
[2024-06-20 10:23:50,601][flwr][INFO] - 	       [   0, 1115,    3,    2,    1,    1,    3,    1,    9,    0],
[2024-06-20 10:23:50,601][flwr][INFO] - 	       [  12,    1,  968,    5,    6,    2,    6,   12,   17,    3],
[2024-06-20 10:23:50,601][flwr][INFO] - 	       [   3,    2,   16,  924,    1,   26,    1,   10,   17,   10],
[2024-06-20 10:23:50,601][flwr][INFO] - 	       [   1,    2,    4,    0,  903,    1,   13,    0,    7,   51],
[2024-06-20 10:23:50,601][flwr][INFO] - 	       [  13,    1,    4,   11,    3,  829,    8,    2,   14,    7],
[2024-06-20 10:23:50,601][flwr][INFO] - 	       [  16,    4,    1,    0,    8,    6,  917,    0,    6,    0],
[2024-06-20 10:23:50,601][flwr][INFO] - 	       [   4,   10,   16,    6,    7,    0,    0,  948,    0,   37],
[2024-06-20 10:23:50,601][flwr][INFO] - 	       [  12,    3,    4,   11,    8,   17,    6,    4,  896,   13],
[2024-06-20 10:23:50,601][flwr][INFO] - 	       [  12,    5,    0,    7,   20,    6,    1,    4,    9,  945]]))],
[2024-06-20 10:23:50,601][flwr][INFO] - 	 'f1': [(0, 0.03553137346181725),
[2024-06-20 10:23:50,601][flwr][INFO] - 	        (1, 0.7540218496587194),
[2024-06-20 10:23:50,601][flwr][INFO] - 	        (2, 0.8791646534671452),
[2024-06-20 10:23:50,601][flwr][INFO] - 	        (3, 0.9016464030910863),
[2024-06-20 10:23:50,601][flwr][INFO] - 	        (4, 0.9134160358426007),
[2024-06-20 10:23:50,601][flwr][INFO] - 	        (5, 0.9207247134865029),
[2024-06-20 10:23:50,601][flwr][INFO] - 	        (6, 0.9249159774540614),
[2024-06-20 10:23:50,601][flwr][INFO] - 	        (7, 0.9280016242304043),
[2024-06-20 10:23:50,601][flwr][INFO] - 	        (8, 0.9304471382169013),
[2024-06-20 10:23:50,601][flwr][INFO] - 	        (9, 0.9348815932991013),
[2024-06-20 10:23:50,601][flwr][INFO] - 	        (10, 0.9414035800432362)],
[2024-06-20 10:23:50,601][flwr][INFO] - 	 'precision': [(0, 0.12349967530374152),
[2024-06-20 10:23:50,601][flwr][INFO] - 	               (1, 0.7977671204417316),
[2024-06-20 10:23:50,601][flwr][INFO] - 	               (2, 0.8805227870211966),
[2024-06-20 10:23:50,601][flwr][INFO] - 	               (3, 0.9021850073096013),
[2024-06-20 10:23:50,601][flwr][INFO] - 	               (4, 0.9135976478773656),
[2024-06-20 10:23:50,601][flwr][INFO] - 	               (5, 0.9207591536727601),
[2024-06-20 10:23:50,601][flwr][INFO] - 	               (6, 0.925257886786625),
[2024-06-20 10:23:50,601][flwr][INFO] - 	               (7, 0.9288866668240384),
[2024-06-20 10:23:50,601][flwr][INFO] - 	               (8, 0.9315049232922343),
[2024-06-20 10:23:50,601][flwr][INFO] - 	               (9, 0.9354261058020372),
[2024-06-20 10:23:50,601][flwr][INFO] - 	               (10, 0.9419578310616855)],
[2024-06-20 10:23:50,601][flwr][INFO] - 	 'recall': [(0, 0.1086),
[2024-06-20 10:23:50,601][flwr][INFO] - 	            (1, 0.7573),
[2024-06-20 10:23:50,602][flwr][INFO] - 	            (2, 0.8801),
[2024-06-20 10:23:50,602][flwr][INFO] - 	            (3, 0.902),
[2024-06-20 10:23:50,602][flwr][INFO] - 	            (4, 0.9137),
[2024-06-20 10:23:50,602][flwr][INFO] - 	            (5, 0.921),
[2024-06-20 10:23:50,602][flwr][INFO] - 	            (6, 0.9252),
[2024-06-20 10:23:50,602][flwr][INFO] - 	            (7, 0.928),
[2024-06-20 10:23:50,602][flwr][INFO] - 	            (8, 0.9305),
[2024-06-20 10:23:50,602][flwr][INFO] - 	            (9, 0.935),
[2024-06-20 10:23:50,602][flwr][INFO] - 	            (10, 0.9414)]}
[2024-06-20 10:23:50,602][flwr][INFO] - 
