[2024-07-08 18:10:52,512][flwr][INFO] - Starting Flower simulation, config: num_rounds=10, no round_timeout
[2024-07-08 18:10:54,553][flwr][INFO] - Flower VCE: Ray initialized with resources: {'memory': 7662041498.0, 'object_store_memory': 2147483648.0, 'node:127.0.0.1': 1.0, 'node:__internal_head__': 1.0, 'CPU': 12.0}
[2024-07-08 18:10:54,553][flwr][INFO] - Optimize your simulation with Flower VCE: https://flower.ai/docs/framework/how-to-run-simulations.html
[2024-07-08 18:10:54,553][flwr][INFO] - Flower VCE: Resources for each Virtual Client: {'num_cpus': 2, 'num_gpus': 0}
[2024-07-08 18:10:54,559][flwr][INFO] - Flower VCE: Creating VirtualClientEngineActorPool with 6 actors
[2024-07-08 18:10:54,559][flwr][INFO] - [INIT]
[2024-07-08 18:10:54,560][flwr][INFO] - Requesting initial parameters from one random client
[2024-07-08 18:10:56,164][flwr][INFO] - Received initial parameters from one random client
[2024-07-08 18:10:56,164][flwr][INFO] - Evaluating initial global parameters
[2024-07-08 18:10:56,510][flwr][INFO] - initial parameters (loss, other metrics): 181.76928067207336, {'accuracy': 0.1086, 'precision': 0.12349967530374152, 'recall': 0.1086, 'f1': 0.03553137346181725, 'confusion_matrix': array([[   0,    8,    0,  956,    0,    1,    0,   15,    0,    0],
       [   0,  122,    0, 1013,    0,    0,    0,    0,    0,    0],
       [   0,   38,    0,  971,    0,    0,    3,   19,    1,    0],
       [   0,   44,    0,  945,    1,    1,    0,   17,    2,    0],
       [   0,  143,    0,  816,    1,    0,    2,   20,    0,    0],
       [   0,  118,    0,  735,    1,    7,    0,   30,    1,    0],
       [   0,  144,    0,  749,   25,    0,    2,   38,    0,    0],
       [   0,  272,    0,  724,    8,    0,    0,    9,   15,    0],
       [   0,   81,    0,  859,    1,    0,    1,   32,    0,    0],
       [   0,  178,    0,  799,    1,    0,    0,   31,    0,    0]])}
[2024-07-08 18:10:56,511][flwr][INFO] - 
[2024-07-08 18:10:56,511][flwr][INFO] - [ROUND 1]
[2024-07-08 18:10:56,511][flwr][INFO] - configure_fit: strategy sampled 10 clients (out of 10)
[2024-07-08 18:11:04,355][flwr][INFO] - aggregate_fit: received 10 results and 0 failures
[2024-07-08 18:11:04,362][flwr][WARNING] - No fit_metrics_aggregation_fn provided
[2024-07-08 18:11:04,717][flwr][INFO] - fit progress: (1, 212.10714197158813, {'accuracy': 0.0414, 'precision': 0.039957633589323145, 'recall': 0.0414, 'f1': 0.04028347042808723, 'confusion_matrix': array([[  20,  901,    1,   17,    1,    0,   21,   16,    2,    1],
       [   0,    0, 1102,   11,    0,    0,    3,    4,    3,   12],
       [   4,    9,   13,  892,    1,    0,    3,   57,   16,   37],
       [   5,   18,   10,  165,  577,    0,   93,    3,  107,   32],
       [ 354,    1,    5,    9,   54,  269,   23,  166,   31,   70],
       [  19,   32,    3,    7,    6,    0,  780,   15,   14,   16],
       [   0,    7,    3,    7,    1,    0,   66,  870,    1,    3],
       [  68,    0,    8,   25,    0,    1,    1,    2,  916,    7],
       [   9,    7,   13,   12,   19,    0,  108,   13,   18,  775],
       [ 832,    4,    2,    1,    8,    0,   13,    6,   67,   76]])}, 8.206207791)
[2024-07-08 18:11:04,718][flwr][INFO] - configure_evaluate: no clients selected, skipping evaluation
[2024-07-08 18:11:04,718][flwr][INFO] - 
[2024-07-08 18:11:04,718][flwr][INFO] - [ROUND 2]
[2024-07-08 18:11:04,718][flwr][INFO] - configure_fit: strategy sampled 10 clients (out of 10)
[2024-07-08 18:11:11,361][flwr][INFO] - aggregate_fit: received 10 results and 0 failures
[2024-07-08 18:11:11,702][flwr][INFO] - fit progress: (2, 271.8871123790741, {'accuracy': 0.0659, 'precision': 0.05713626204603828, 'recall': 0.0659, 'f1': 0.0611326004666355, 'confusion_matrix': array([[  57,  894,    0,    1,    0,    1,   14,    9,    1,    3],
       [   0,    0, 1118,    3,    0,    0,    6,    1,    0,    7],
       [   0,    7,   13,  960,    5,    4,    2,   10,    6,   25],
       [   1,    0,    7,  131,  783,    3,   13,    0,   21,   51],
       [  31,    1,    1,    4,    1,  885,    4,   16,    0,   39],
       [   8,    9,    0,    6,   27,   10,  805,    5,    5,   17],
       [   0,    7,    3,    2,    0,    3,  271,  669,    0,    3],
       [  76,    0,   15,   32,    0,   16,    0,    2,  875,   12],
       [   2,    3,   11,    7,   13,   14,   29,    3,    8,  884],
       [ 797,    2,    4,    1,    5,   26,    2,    1,    5,  166]])}, 15.191178208)
[2024-07-08 18:11:11,703][flwr][INFO] - configure_evaluate: no clients selected, skipping evaluation
[2024-07-08 18:11:11,703][flwr][INFO] - 
[2024-07-08 18:11:11,703][flwr][INFO] - [ROUND 3]
[2024-07-08 18:11:11,703][flwr][INFO] - configure_fit: strategy sampled 10 clients (out of 10)
[2024-07-08 18:11:17,211][flwr][INFO] - aggregate_fit: received 10 results and 0 failures
[2024-07-08 18:11:17,539][flwr][INFO] - fit progress: (3, 285.87764596939087, {'accuracy': 0.0382, 'precision': 0.034802445278247, 'recall': 0.0382, 'f1': 0.03640910700649146, 'confusion_matrix': array([[  13,  950,    0,    1,    0,    0,    8,    5,    1,    2],
       [   0,    0, 1114,    3,    1,    0,    5,    2,    1,    9],
       [   0,    9,   10,  982,    3,    2,    4,    3,   10,    9],
       [   0,    0,    4,   91,  854,    1,    8,    0,   17,   35],
       [  48,    2,    1,    6,    2,  881,    3,   25,    2,   12],
       [   7,    5,    0,    6,   25,    5,  825,    4,    4,   11],
       [   0,    8,    3,    1,    1,    5,  198,  740,    0,    2],
       [  42,    2,   10,   23,    0,    7,    0,    0,  939,    5],
       [   1,    7,   12,    5,    8,   11,   23,    3,    8,  896],
       [ 911,    3,    4,    4,    6,   17,    2,    2,    5,   55]])}, 21.0284615)
[2024-07-08 18:11:17,540][flwr][INFO] - configure_evaluate: no clients selected, skipping evaluation
[2024-07-08 18:11:17,540][flwr][INFO] - 
[2024-07-08 18:11:17,540][flwr][INFO] - [ROUND 4]
[2024-07-08 18:11:17,540][flwr][INFO] - configure_fit: strategy sampled 10 clients (out of 10)
[2024-07-08 18:11:23,076][flwr][INFO] - aggregate_fit: received 10 results and 0 failures
[2024-07-08 18:11:23,415][flwr][INFO] - fit progress: (4, 270.7415292263031, {'accuracy': 0.0256, 'precision': 0.024595372720477873, 'recall': 0.0256, 'f1': 0.025053650841165186, 'confusion_matrix': array([[  12,  949,    0,    1,    0,    0,    4,    9,    0,    5],
       [   0,    0, 1124,    3,    0,    0,    1,    1,    0,    6],
       [   0,    9,   33,  967,    3,    3,    1,    3,    7,    6],
       [   0,    0,    3,   77,  880,    1,    5,    0,   13,   31],
       [  27,    2,    2,    6,    3,  906,    2,   21,    1,   12],
       [   6,    2,    1,    4,   35,   13,  810,    5,    0,   16],
       [   0,    6,    4,    0,    1,    5,   48,  891,    0,    3],
       [  21,    2,   17,   28,    0,   10,    0,    0,  947,    3],
       [   2,    2,   11,    4,    7,   10,   11,    4,    8,  915],
       [ 891,    3,    5,    2,    3,   35,    0,    1,    7,   62]])}, 26.904251625)
[2024-07-08 18:11:23,416][flwr][INFO] - configure_evaluate: no clients selected, skipping evaluation
[2024-07-08 18:11:23,416][flwr][INFO] - 
[2024-07-08 18:11:23,416][flwr][INFO] - [ROUND 5]
[2024-07-08 18:11:23,416][flwr][INFO] - configure_fit: strategy sampled 10 clients (out of 10)
[2024-07-08 18:11:29,398][flwr][INFO] - aggregate_fit: received 10 results and 0 failures
[2024-07-08 18:11:29,733][flwr][INFO] - fit progress: (5, 294.8810760974884, {'accuracy': 0.0238, 'precision': 0.021584653044002734, 'recall': 0.0238, 'f1': 0.022585793618359794, 'confusion_matrix': array([[   9,  953,    0,    1,    0,    1,    2,    7,    0,    7],
       [   0,    0, 1116,    4,    0,    0,    0,    1,    0,   14],
       [   0,    4,   13,  994,    3,    3,    1,    1,    6,    7],
       [   0,    1,    4,   66,  888,    0,    3,    0,   10,   38],
       [  16,    1,    1,    9,    1,  921,    0,   11,    1,   21],
       [   7,    2,    1,    3,   29,   11,  796,    7,    0,   36],
       [   0,    9,    4,    0,    2,    3,   18,  914,    0,    8],
       [  20,    2,   10,   24,    0,   11,    0,    0,  955,    6],
       [   2,    2,    3,    5,    3,    4,    2,    4,    6,  943],
       [ 855,    1,    4,    1,    1,   27,    0,    1,    5,  114]])}, 33.221491083)
[2024-07-08 18:11:29,733][flwr][INFO] - configure_evaluate: no clients selected, skipping evaluation
[2024-07-08 18:11:29,733][flwr][INFO] - 
[2024-07-08 18:11:29,733][flwr][INFO] - [ROUND 6]
[2024-07-08 18:11:29,733][flwr][INFO] - configure_fit: strategy sampled 10 clients (out of 10)
[2024-07-08 18:11:35,212][flwr][INFO] - aggregate_fit: received 10 results and 0 failures
[2024-07-08 18:11:35,540][flwr][INFO] - fit progress: (6, 301.39026832580566, {'accuracy': 0.0192, 'precision': 0.018741110004612274, 'recall': 0.0192, 'f1': 0.018944943064351166, 'confusion_matrix': array([[  21,  943,    1,    1,    2,    0,    3,    5,    0,    4],
       [   0,    0, 1123,    4,    0,    0,    1,    1,    0,    6],
       [   1,    4,   12,  990,    5,    2,    1,    3,    9,    5],
       [   3,    0,    0,   50,  913,    0,    2,    0,   11,   31],
       [  14,    1,    0,    4,    5,  925,    1,   19,    2,   11],
       [   4,    2,    1,    0,   34,   16,  814,    4,    1,   16],
       [   0,    7,    3,    0,    2,    2,   36,  904,    0,    4],
       [  29,    1,   10,   17,    0,   10,    0,    0,  955,    6],
       [   2,    1,    3,    7,    6,    5,    6,    3,    6,  935],
       [ 919,    1,    5,    1,    5,   27,    0,    2,    3,   46]])}, 39.029195)
[2024-07-08 18:11:35,541][flwr][INFO] - configure_evaluate: no clients selected, skipping evaluation
[2024-07-08 18:11:35,541][flwr][INFO] - 
[2024-07-08 18:11:35,541][flwr][INFO] - [ROUND 7]
[2024-07-08 18:11:35,541][flwr][INFO] - configure_fit: strategy sampled 10 clients (out of 10)
[2024-07-08 18:11:40,993][flwr][INFO] - aggregate_fit: received 10 results and 0 failures
[2024-07-08 18:11:41,326][flwr][INFO] - fit progress: (7, 310.87229442596436, {'accuracy': 0.0185, 'precision': 0.01779878297059126, 'recall': 0.0185, 'f1': 0.018118925996689645, 'confusion_matrix': array([[  18,  947,    0,    2,    0,    2,    2,    4,    0,    5],
       [   0,    0, 1112,    4,    1,    0,    1,    1,    0,   16],
       [   0,    2,    2, 1010,    5,    2,    2,    1,    4,    4],
       [   0,    0,    0,   50,  924,    0,    2,    0,    7,   27],
       [  15,    1,    0,    7,    1,  931,    0,   13,    2,   12],
       [   6,    2,    0,    3,   20,   10,  833,    3,    0,   15],
       [   0,    8,    3,    1,    1,    2,   39,  901,    0,    3],
       [  18,    2,    6,   33,    1,    8,    0,    1,  955,    4],
       [   1,    0,    1,   10,    6,    4,    5,    2,    3,  942],
       [ 916,    1,    3,    1,    5,   18,    1,    1,    2,   61]])}, 44.814833125)
[2024-07-08 18:11:41,326][flwr][INFO] - configure_evaluate: no clients selected, skipping evaluation
[2024-07-08 18:11:41,326][flwr][INFO] - 
[2024-07-08 18:11:41,327][flwr][INFO] - [ROUND 8]
[2024-07-08 18:11:41,327][flwr][INFO] - configure_fit: strategy sampled 10 clients (out of 10)
[2024-07-08 18:11:47,146][flwr][INFO] - aggregate_fit: received 10 results and 0 failures
[2024-07-08 18:11:47,511][flwr][INFO] - fit progress: (8, 295.47807478904724, {'accuracy': 0.0195, 'precision': 0.01817241112852424, 'recall': 0.0195, 'f1': 0.018779732392820447, 'confusion_matrix': array([[   7,  956,    1,    0,    0,    1,    2,    6,    0,    7],
       [   0,    1, 1107,    4,    0,    0,    0,    1,    1,   21],
       [   0,    3,    7,  997,    5,    2,    1,    2,    7,    8],
       [   0,    0,    0,   57,  909,    0,    3,    0,    9,   32],
       [  12,    1,    0,    8,    0,  935,    0,   10,    1,   15],
       [   5,    3,    2,    0,   21,   14,  816,    4,    2,   25],
       [   0,    4,    3,    1,    1,    4,   21,  919,    0,    5],
       [  16,    1,    5,   24,    0,    6,    0,    1,  969,    6],
       [   2,    1,    0,    6,    4,    1,    3,    2,    5,  950],
       [ 902,    1,    2,    1,    4,   11,    0,    1,    5,   82]])}, 51.000008208)
[2024-07-08 18:11:47,512][flwr][INFO] - configure_evaluate: no clients selected, skipping evaluation
[2024-07-08 18:11:47,512][flwr][INFO] - 
[2024-07-08 18:11:47,512][flwr][INFO] - [ROUND 9]
[2024-07-08 18:11:47,512][flwr][INFO] - configure_fit: strategy sampled 10 clients (out of 10)
[2024-07-08 18:11:52,943][flwr][INFO] - aggregate_fit: received 10 results and 0 failures
[2024-07-08 18:11:53,280][flwr][INFO] - fit progress: (9, 332.12216329574585, {'accuracy': 0.012, 'precision': 0.011576970836033783, 'recall': 0.012, 'f1': 0.011768834254803226, 'confusion_matrix': array([[   8,  953,    1,    0,    0,    0,    3,    4,    0,   11],
       [   0,    0, 1117,    4,    0,    1,    0,    1,    0,   12],
       [   0,    1,   11,  995,    8,    1,    1,    2,    5,    8],
       [   2,    0,    0,   23,  945,    0,    2,    0,    8,   30],
       [  23,    1,    2,    6,    2,  923,    0,   12,    1,   12],
       [  14,    3,    1,    0,   17,   13,  820,    4,    3,   17],
       [   0,    5,    3,    0,    1,    2,   16,  924,    0,    7],
       [  16,    1,    8,   18,    0,    5,    0,    2,  973,    5],
       [   2,    2,    1,    5,    2,    4,    2,    2,    3,  951],
       [ 946,    1,    2,    2,    3,   11,    0,    0,    2,   42]])}, 56.769138874999996)
[2024-07-08 18:11:53,281][flwr][INFO] - configure_evaluate: no clients selected, skipping evaluation
[2024-07-08 18:11:53,281][flwr][INFO] - 
[2024-07-08 18:11:53,281][flwr][INFO] - [ROUND 10]
[2024-07-08 18:11:53,281][flwr][INFO] - configure_fit: strategy sampled 10 clients (out of 10)
[2024-07-08 18:11:59,137][flwr][INFO] - aggregate_fit: received 10 results and 0 failures
[2024-07-08 18:11:59,507][flwr][INFO] - fit progress: (10, 325.0428171157837, {'accuracy': 0.016, 'precision': 0.015379111828138087, 'recall': 0.016, 'f1': 0.015654114685669386, 'confusion_matrix': array([[   7,  959,    1,    0,    0,    0,    2,    1,    1,    9],
       [   0,    1, 1113,    4,    0,    0,    0,    1,    1,   15],
       [   0,    4,    4, 1001,    6,    3,    1,    1,    6,    6],
       [   2,    0,    0,   43,  923,    0,    2,    0,    9,   31],
       [   9,    1,    2,    6,    2,  944,    0,    6,    1,   11],
       [   9,    3,    0,    0,   25,   11,  818,    3,    2,   21],
       [   0,    5,    3,    0,    1,    4,   28,  908,    0,    9],
       [  19,    1,    4,   20,    0,    7,    0,    3,  970,    4],
       [   1,    1,    0,    5,    2,    3,    4,    0,    2,  956],
       [ 916,    1,    2,    2,    2,   24,    0,    0,    3,   59]])}, 62.995969083000006)
[2024-07-08 18:11:59,508][flwr][INFO] - configure_evaluate: no clients selected, skipping evaluation
[2024-07-08 18:11:59,508][flwr][INFO] - 
[2024-07-08 18:11:59,508][flwr][INFO] - [SUMMARY]
[2024-07-08 18:11:59,508][flwr][INFO] - Run finished 10 round(s) in 63.00s
[2024-07-08 18:11:59,511][flwr][INFO] - 	History (loss, centralized):
[2024-07-08 18:11:59,512][flwr][INFO] - 		round 0: 181.76928067207336
[2024-07-08 18:11:59,512][flwr][INFO] - 		round 1: 212.10714197158813
[2024-07-08 18:11:59,512][flwr][INFO] - 		round 2: 271.8871123790741
[2024-07-08 18:11:59,512][flwr][INFO] - 		round 3: 285.87764596939087
[2024-07-08 18:11:59,512][flwr][INFO] - 		round 4: 270.7415292263031
[2024-07-08 18:11:59,512][flwr][INFO] - 		round 5: 294.8810760974884
[2024-07-08 18:11:59,512][flwr][INFO] - 		round 6: 301.39026832580566
[2024-07-08 18:11:59,512][flwr][INFO] - 		round 7: 310.87229442596436
[2024-07-08 18:11:59,512][flwr][INFO] - 		round 8: 295.47807478904724
[2024-07-08 18:11:59,512][flwr][INFO] - 		round 9: 332.12216329574585
[2024-07-08 18:11:59,512][flwr][INFO] - 		round 10: 325.0428171157837
[2024-07-08 18:11:59,512][flwr][INFO] - 	History (metrics, centralized):
[2024-07-08 18:11:59,512][flwr][INFO] - 	{'accuracy': [(0, 0.1086),
[2024-07-08 18:11:59,512][flwr][INFO] - 	              (1, 0.0414),
[2024-07-08 18:11:59,512][flwr][INFO] - 	              (2, 0.0659),
[2024-07-08 18:11:59,512][flwr][INFO] - 	              (3, 0.0382),
[2024-07-08 18:11:59,512][flwr][INFO] - 	              (4, 0.0256),
[2024-07-08 18:11:59,512][flwr][INFO] - 	              (5, 0.0238),
[2024-07-08 18:11:59,512][flwr][INFO] - 	              (6, 0.0192),
[2024-07-08 18:11:59,512][flwr][INFO] - 	              (7, 0.0185),
[2024-07-08 18:11:59,512][flwr][INFO] - 	              (8, 0.0195),
[2024-07-08 18:11:59,512][flwr][INFO] - 	              (9, 0.012),
[2024-07-08 18:11:59,512][flwr][INFO] - 	              (10, 0.016)],
[2024-07-08 18:11:59,512][flwr][INFO] - 	 'confusion_matrix': [(0,
[2024-07-08 18:11:59,512][flwr][INFO] - 	                       array([[   0,    8,    0,  956,    0,    1,    0,   15,    0,    0],
[2024-07-08 18:11:59,512][flwr][INFO] - 	       [   0,  122,    0, 1013,    0,    0,    0,    0,    0,    0],
[2024-07-08 18:11:59,512][flwr][INFO] - 	       [   0,   38,    0,  971,    0,    0,    3,   19,    1,    0],
[2024-07-08 18:11:59,512][flwr][INFO] - 	       [   0,   44,    0,  945,    1,    1,    0,   17,    2,    0],
[2024-07-08 18:11:59,512][flwr][INFO] - 	       [   0,  143,    0,  816,    1,    0,    2,   20,    0,    0],
[2024-07-08 18:11:59,512][flwr][INFO] - 	       [   0,  118,    0,  735,    1,    7,    0,   30,    1,    0],
[2024-07-08 18:11:59,512][flwr][INFO] - 	       [   0,  144,    0,  749,   25,    0,    2,   38,    0,    0],
[2024-07-08 18:11:59,513][flwr][INFO] - 	       [   0,  272,    0,  724,    8,    0,    0,    9,   15,    0],
[2024-07-08 18:11:59,513][flwr][INFO] - 	       [   0,   81,    0,  859,    1,    0,    1,   32,    0,    0],
[2024-07-08 18:11:59,513][flwr][INFO] - 	       [   0,  178,    0,  799,    1,    0,    0,   31,    0,    0]])),
[2024-07-08 18:11:59,513][flwr][INFO] - 	                      (1,
[2024-07-08 18:11:59,513][flwr][INFO] - 	                       array([[  20,  901,    1,   17,    1,    0,   21,   16,    2,    1],
[2024-07-08 18:11:59,513][flwr][INFO] - 	       [   0,    0, 1102,   11,    0,    0,    3,    4,    3,   12],
[2024-07-08 18:11:59,513][flwr][INFO] - 	       [   4,    9,   13,  892,    1,    0,    3,   57,   16,   37],
[2024-07-08 18:11:59,513][flwr][INFO] - 	       [   5,   18,   10,  165,  577,    0,   93,    3,  107,   32],
[2024-07-08 18:11:59,513][flwr][INFO] - 	       [ 354,    1,    5,    9,   54,  269,   23,  166,   31,   70],
[2024-07-08 18:11:59,513][flwr][INFO] - 	       [  19,   32,    3,    7,    6,    0,  780,   15,   14,   16],
[2024-07-08 18:11:59,513][flwr][INFO] - 	       [   0,    7,    3,    7,    1,    0,   66,  870,    1,    3],
[2024-07-08 18:11:59,513][flwr][INFO] - 	       [  68,    0,    8,   25,    0,    1,    1,    2,  916,    7],
[2024-07-08 18:11:59,513][flwr][INFO] - 	       [   9,    7,   13,   12,   19,    0,  108,   13,   18,  775],
[2024-07-08 18:11:59,513][flwr][INFO] - 	       [ 832,    4,    2,    1,    8,    0,   13,    6,   67,   76]])),
[2024-07-08 18:11:59,513][flwr][INFO] - 	                      (2,
[2024-07-08 18:11:59,513][flwr][INFO] - 	                       array([[  57,  894,    0,    1,    0,    1,   14,    9,    1,    3],
[2024-07-08 18:11:59,513][flwr][INFO] - 	       [   0,    0, 1118,    3,    0,    0,    6,    1,    0,    7],
[2024-07-08 18:11:59,513][flwr][INFO] - 	       [   0,    7,   13,  960,    5,    4,    2,   10,    6,   25],
[2024-07-08 18:11:59,513][flwr][INFO] - 	       [   1,    0,    7,  131,  783,    3,   13,    0,   21,   51],
[2024-07-08 18:11:59,513][flwr][INFO] - 	       [  31,    1,    1,    4,    1,  885,    4,   16,    0,   39],
[2024-07-08 18:11:59,513][flwr][INFO] - 	       [   8,    9,    0,    6,   27,   10,  805,    5,    5,   17],
[2024-07-08 18:11:59,513][flwr][INFO] - 	       [   0,    7,    3,    2,    0,    3,  271,  669,    0,    3],
[2024-07-08 18:11:59,513][flwr][INFO] - 	       [  76,    0,   15,   32,    0,   16,    0,    2,  875,   12],
[2024-07-08 18:11:59,513][flwr][INFO] - 	       [   2,    3,   11,    7,   13,   14,   29,    3,    8,  884],
[2024-07-08 18:11:59,513][flwr][INFO] - 	       [ 797,    2,    4,    1,    5,   26,    2,    1,    5,  166]])),
[2024-07-08 18:11:59,513][flwr][INFO] - 	                      (3,
[2024-07-08 18:11:59,513][flwr][INFO] - 	                       array([[  13,  950,    0,    1,    0,    0,    8,    5,    1,    2],
[2024-07-08 18:11:59,513][flwr][INFO] - 	       [   0,    0, 1114,    3,    1,    0,    5,    2,    1,    9],
[2024-07-08 18:11:59,513][flwr][INFO] - 	       [   0,    9,   10,  982,    3,    2,    4,    3,   10,    9],
[2024-07-08 18:11:59,513][flwr][INFO] - 	       [   0,    0,    4,   91,  854,    1,    8,    0,   17,   35],
[2024-07-08 18:11:59,513][flwr][INFO] - 	       [  48,    2,    1,    6,    2,  881,    3,   25,    2,   12],
[2024-07-08 18:11:59,513][flwr][INFO] - 	       [   7,    5,    0,    6,   25,    5,  825,    4,    4,   11],
[2024-07-08 18:11:59,513][flwr][INFO] - 	       [   0,    8,    3,    1,    1,    5,  198,  740,    0,    2],
[2024-07-08 18:11:59,513][flwr][INFO] - 	       [  42,    2,   10,   23,    0,    7,    0,    0,  939,    5],
[2024-07-08 18:11:59,513][flwr][INFO] - 	       [   1,    7,   12,    5,    8,   11,   23,    3,    8,  896],
[2024-07-08 18:11:59,513][flwr][INFO] - 	       [ 911,    3,    4,    4,    6,   17,    2,    2,    5,   55]])),
[2024-07-08 18:11:59,513][flwr][INFO] - 	                      (4,
[2024-07-08 18:11:59,513][flwr][INFO] - 	                       array([[  12,  949,    0,    1,    0,    0,    4,    9,    0,    5],
[2024-07-08 18:11:59,513][flwr][INFO] - 	       [   0,    0, 1124,    3,    0,    0,    1,    1,    0,    6],
[2024-07-08 18:11:59,513][flwr][INFO] - 	       [   0,    9,   33,  967,    3,    3,    1,    3,    7,    6],
[2024-07-08 18:11:59,513][flwr][INFO] - 	       [   0,    0,    3,   77,  880,    1,    5,    0,   13,   31],
[2024-07-08 18:11:59,513][flwr][INFO] - 	       [  27,    2,    2,    6,    3,  906,    2,   21,    1,   12],
[2024-07-08 18:11:59,513][flwr][INFO] - 	       [   6,    2,    1,    4,   35,   13,  810,    5,    0,   16],
[2024-07-08 18:11:59,513][flwr][INFO] - 	       [   0,    6,    4,    0,    1,    5,   48,  891,    0,    3],
[2024-07-08 18:11:59,513][flwr][INFO] - 	       [  21,    2,   17,   28,    0,   10,    0,    0,  947,    3],
[2024-07-08 18:11:59,513][flwr][INFO] - 	       [   2,    2,   11,    4,    7,   10,   11,    4,    8,  915],
[2024-07-08 18:11:59,513][flwr][INFO] - 	       [ 891,    3,    5,    2,    3,   35,    0,    1,    7,   62]])),
[2024-07-08 18:11:59,513][flwr][INFO] - 	                      (5,
[2024-07-08 18:11:59,513][flwr][INFO] - 	                       array([[   9,  953,    0,    1,    0,    1,    2,    7,    0,    7],
[2024-07-08 18:11:59,514][flwr][INFO] - 	       [   0,    0, 1116,    4,    0,    0,    0,    1,    0,   14],
[2024-07-08 18:11:59,514][flwr][INFO] - 	       [   0,    4,   13,  994,    3,    3,    1,    1,    6,    7],
[2024-07-08 18:11:59,514][flwr][INFO] - 	       [   0,    1,    4,   66,  888,    0,    3,    0,   10,   38],
[2024-07-08 18:11:59,514][flwr][INFO] - 	       [  16,    1,    1,    9,    1,  921,    0,   11,    1,   21],
[2024-07-08 18:11:59,514][flwr][INFO] - 	       [   7,    2,    1,    3,   29,   11,  796,    7,    0,   36],
[2024-07-08 18:11:59,514][flwr][INFO] - 	       [   0,    9,    4,    0,    2,    3,   18,  914,    0,    8],
[2024-07-08 18:11:59,514][flwr][INFO] - 	       [  20,    2,   10,   24,    0,   11,    0,    0,  955,    6],
[2024-07-08 18:11:59,514][flwr][INFO] - 	       [   2,    2,    3,    5,    3,    4,    2,    4,    6,  943],
[2024-07-08 18:11:59,514][flwr][INFO] - 	       [ 855,    1,    4,    1,    1,   27,    0,    1,    5,  114]])),
[2024-07-08 18:11:59,514][flwr][INFO] - 	                      (6,
[2024-07-08 18:11:59,514][flwr][INFO] - 	                       array([[  21,  943,    1,    1,    2,    0,    3,    5,    0,    4],
[2024-07-08 18:11:59,514][flwr][INFO] - 	       [   0,    0, 1123,    4,    0,    0,    1,    1,    0,    6],
[2024-07-08 18:11:59,514][flwr][INFO] - 	       [   1,    4,   12,  990,    5,    2,    1,    3,    9,    5],
[2024-07-08 18:11:59,514][flwr][INFO] - 	       [   3,    0,    0,   50,  913,    0,    2,    0,   11,   31],
[2024-07-08 18:11:59,514][flwr][INFO] - 	       [  14,    1,    0,    4,    5,  925,    1,   19,    2,   11],
[2024-07-08 18:11:59,514][flwr][INFO] - 	       [   4,    2,    1,    0,   34,   16,  814,    4,    1,   16],
[2024-07-08 18:11:59,514][flwr][INFO] - 	       [   0,    7,    3,    0,    2,    2,   36,  904,    0,    4],
[2024-07-08 18:11:59,514][flwr][INFO] - 	       [  29,    1,   10,   17,    0,   10,    0,    0,  955,    6],
[2024-07-08 18:11:59,514][flwr][INFO] - 	       [   2,    1,    3,    7,    6,    5,    6,    3,    6,  935],
[2024-07-08 18:11:59,514][flwr][INFO] - 	       [ 919,    1,    5,    1,    5,   27,    0,    2,    3,   46]])),
[2024-07-08 18:11:59,514][flwr][INFO] - 	                      (7,
[2024-07-08 18:11:59,514][flwr][INFO] - 	                       array([[  18,  947,    0,    2,    0,    2,    2,    4,    0,    5],
[2024-07-08 18:11:59,514][flwr][INFO] - 	       [   0,    0, 1112,    4,    1,    0,    1,    1,    0,   16],
[2024-07-08 18:11:59,514][flwr][INFO] - 	       [   0,    2,    2, 1010,    5,    2,    2,    1,    4,    4],
[2024-07-08 18:11:59,514][flwr][INFO] - 	       [   0,    0,    0,   50,  924,    0,    2,    0,    7,   27],
[2024-07-08 18:11:59,514][flwr][INFO] - 	       [  15,    1,    0,    7,    1,  931,    0,   13,    2,   12],
[2024-07-08 18:11:59,514][flwr][INFO] - 	       [   6,    2,    0,    3,   20,   10,  833,    3,    0,   15],
[2024-07-08 18:11:59,514][flwr][INFO] - 	       [   0,    8,    3,    1,    1,    2,   39,  901,    0,    3],
[2024-07-08 18:11:59,514][flwr][INFO] - 	       [  18,    2,    6,   33,    1,    8,    0,    1,  955,    4],
[2024-07-08 18:11:59,514][flwr][INFO] - 	       [   1,    0,    1,   10,    6,    4,    5,    2,    3,  942],
[2024-07-08 18:11:59,514][flwr][INFO] - 	       [ 916,    1,    3,    1,    5,   18,    1,    1,    2,   61]])),
[2024-07-08 18:11:59,514][flwr][INFO] - 	                      (8,
[2024-07-08 18:11:59,514][flwr][INFO] - 	                       array([[   7,  956,    1,    0,    0,    1,    2,    6,    0,    7],
[2024-07-08 18:11:59,514][flwr][INFO] - 	       [   0,    1, 1107,    4,    0,    0,    0,    1,    1,   21],
[2024-07-08 18:11:59,514][flwr][INFO] - 	       [   0,    3,    7,  997,    5,    2,    1,    2,    7,    8],
[2024-07-08 18:11:59,514][flwr][INFO] - 	       [   0,    0,    0,   57,  909,    0,    3,    0,    9,   32],
[2024-07-08 18:11:59,514][flwr][INFO] - 	       [  12,    1,    0,    8,    0,  935,    0,   10,    1,   15],
[2024-07-08 18:11:59,514][flwr][INFO] - 	       [   5,    3,    2,    0,   21,   14,  816,    4,    2,   25],
[2024-07-08 18:11:59,514][flwr][INFO] - 	       [   0,    4,    3,    1,    1,    4,   21,  919,    0,    5],
[2024-07-08 18:11:59,514][flwr][INFO] - 	       [  16,    1,    5,   24,    0,    6,    0,    1,  969,    6],
[2024-07-08 18:11:59,514][flwr][INFO] - 	       [   2,    1,    0,    6,    4,    1,    3,    2,    5,  950],
[2024-07-08 18:11:59,514][flwr][INFO] - 	       [ 902,    1,    2,    1,    4,   11,    0,    1,    5,   82]])),
[2024-07-08 18:11:59,514][flwr][INFO] - 	                      (9,
[2024-07-08 18:11:59,514][flwr][INFO] - 	                       array([[   8,  953,    1,    0,    0,    0,    3,    4,    0,   11],
[2024-07-08 18:11:59,514][flwr][INFO] - 	       [   0,    0, 1117,    4,    0,    1,    0,    1,    0,   12],
[2024-07-08 18:11:59,514][flwr][INFO] - 	       [   0,    1,   11,  995,    8,    1,    1,    2,    5,    8],
[2024-07-08 18:11:59,514][flwr][INFO] - 	       [   2,    0,    0,   23,  945,    0,    2,    0,    8,   30],
[2024-07-08 18:11:59,514][flwr][INFO] - 	       [  23,    1,    2,    6,    2,  923,    0,   12,    1,   12],
[2024-07-08 18:11:59,514][flwr][INFO] - 	       [  14,    3,    1,    0,   17,   13,  820,    4,    3,   17],
[2024-07-08 18:11:59,514][flwr][INFO] - 	       [   0,    5,    3,    0,    1,    2,   16,  924,    0,    7],
[2024-07-08 18:11:59,515][flwr][INFO] - 	       [  16,    1,    8,   18,    0,    5,    0,    2,  973,    5],
[2024-07-08 18:11:59,515][flwr][INFO] - 	       [   2,    2,    1,    5,    2,    4,    2,    2,    3,  951],
[2024-07-08 18:11:59,515][flwr][INFO] - 	       [ 946,    1,    2,    2,    3,   11,    0,    0,    2,   42]])),
[2024-07-08 18:11:59,515][flwr][INFO] - 	                      (10,
[2024-07-08 18:11:59,515][flwr][INFO] - 	                       array([[   7,  959,    1,    0,    0,    0,    2,    1,    1,    9],
[2024-07-08 18:11:59,515][flwr][INFO] - 	       [   0,    1, 1113,    4,    0,    0,    0,    1,    1,   15],
[2024-07-08 18:11:59,515][flwr][INFO] - 	       [   0,    4,    4, 1001,    6,    3,    1,    1,    6,    6],
[2024-07-08 18:11:59,515][flwr][INFO] - 	       [   2,    0,    0,   43,  923,    0,    2,    0,    9,   31],
[2024-07-08 18:11:59,515][flwr][INFO] - 	       [   9,    1,    2,    6,    2,  944,    0,    6,    1,   11],
[2024-07-08 18:11:59,515][flwr][INFO] - 	       [   9,    3,    0,    0,   25,   11,  818,    3,    2,   21],
[2024-07-08 18:11:59,515][flwr][INFO] - 	       [   0,    5,    3,    0,    1,    4,   28,  908,    0,    9],
[2024-07-08 18:11:59,515][flwr][INFO] - 	       [  19,    1,    4,   20,    0,    7,    0,    3,  970,    4],
[2024-07-08 18:11:59,515][flwr][INFO] - 	       [   1,    1,    0,    5,    2,    3,    4,    0,    2,  956],
[2024-07-08 18:11:59,515][flwr][INFO] - 	       [ 916,    1,    2,    2,    2,   24,    0,    0,    3,   59]]))],
[2024-07-08 18:11:59,515][flwr][INFO] - 	 'f1': [(0, 0.03553137346181725),
[2024-07-08 18:11:59,515][flwr][INFO] - 	        (1, 0.04028347042808723),
[2024-07-08 18:11:59,515][flwr][INFO] - 	        (2, 0.0611326004666355),
[2024-07-08 18:11:59,515][flwr][INFO] - 	        (3, 0.03640910700649146),
[2024-07-08 18:11:59,515][flwr][INFO] - 	        (4, 0.025053650841165186),
[2024-07-08 18:11:59,515][flwr][INFO] - 	        (5, 0.022585793618359794),
[2024-07-08 18:11:59,515][flwr][INFO] - 	        (6, 0.018944943064351166),
[2024-07-08 18:11:59,515][flwr][INFO] - 	        (7, 0.018118925996689645),
[2024-07-08 18:11:59,515][flwr][INFO] - 	        (8, 0.018779732392820447),
[2024-07-08 18:11:59,515][flwr][INFO] - 	        (9, 0.011768834254803226),
[2024-07-08 18:11:59,515][flwr][INFO] - 	        (10, 0.015654114685669386)],
[2024-07-08 18:11:59,515][flwr][INFO] - 	 'precision': [(0, 0.12349967530374152),
[2024-07-08 18:11:59,515][flwr][INFO] - 	               (1, 0.039957633589323145),
[2024-07-08 18:11:59,515][flwr][INFO] - 	               (2, 0.05713626204603828),
[2024-07-08 18:11:59,515][flwr][INFO] - 	               (3, 0.034802445278247),
[2024-07-08 18:11:59,515][flwr][INFO] - 	               (4, 0.024595372720477873),
[2024-07-08 18:11:59,515][flwr][INFO] - 	               (5, 0.021584653044002734),
[2024-07-08 18:11:59,515][flwr][INFO] - 	               (6, 0.018741110004612274),
[2024-07-08 18:11:59,515][flwr][INFO] - 	               (7, 0.01779878297059126),
[2024-07-08 18:11:59,515][flwr][INFO] - 	               (8, 0.01817241112852424),
[2024-07-08 18:11:59,515][flwr][INFO] - 	               (9, 0.011576970836033783),
[2024-07-08 18:11:59,515][flwr][INFO] - 	               (10, 0.015379111828138087)],
[2024-07-08 18:11:59,515][flwr][INFO] - 	 'recall': [(0, 0.1086),
[2024-07-08 18:11:59,515][flwr][INFO] - 	            (1, 0.0414),
[2024-07-08 18:11:59,515][flwr][INFO] - 	            (2, 0.0659),
[2024-07-08 18:11:59,515][flwr][INFO] - 	            (3, 0.0382),
[2024-07-08 18:11:59,515][flwr][INFO] - 	            (4, 0.0256),
[2024-07-08 18:11:59,515][flwr][INFO] - 	            (5, 0.0238),
[2024-07-08 18:11:59,515][flwr][INFO] - 	            (6, 0.0192),
[2024-07-08 18:11:59,515][flwr][INFO] - 	            (7, 0.0185),
[2024-07-08 18:11:59,515][flwr][INFO] - 	            (8, 0.0195),
[2024-07-08 18:11:59,515][flwr][INFO] - 	            (9, 0.012),
[2024-07-08 18:11:59,515][flwr][INFO] - 	            (10, 0.016)]}
[2024-07-08 18:11:59,515][flwr][INFO] - 
