[2024-07-08 14:39:51,133][flwr][INFO] - Starting Flower simulation, config: num_rounds=10, no round_timeout
[2024-07-08 14:39:52,972][flwr][INFO] - Flower VCE: Ray initialized with resources: {'node:__internal_head__': 1.0, 'node:127.0.0.1': 1.0, 'CPU': 12.0, 'object_store_memory': 2147483648.0, 'memory': 9476030464.0}
[2024-07-08 14:39:52,972][flwr][INFO] - Optimize your simulation with Flower VCE: https://flower.ai/docs/framework/how-to-run-simulations.html
[2024-07-08 14:39:52,972][flwr][INFO] - Flower VCE: Resources for each Virtual Client: {'num_cpus': 2, 'num_gpus': 0}
[2024-07-08 14:39:52,977][flwr][INFO] - Flower VCE: Creating VirtualClientEngineActorPool with 6 actors
[2024-07-08 14:39:52,977][flwr][INFO] - [INIT]
[2024-07-08 14:39:52,977][flwr][INFO] - Requesting initial parameters from one random client
[2024-07-08 14:39:54,467][flwr][INFO] - Received initial parameters from one random client
[2024-07-08 14:39:54,467][flwr][INFO] - Evaluating initial global parameters
[2024-07-08 14:39:54,786][flwr][INFO] - initial parameters (loss, other metrics): 181.76928067207336, {'accuracy': 0.1086, 'precision': 0.12349967530374152, 'recall': 0.1086, 'f1': 0.03553137346181725, 'confusion_matrix': array([[   0,    8,    0,  956,    0,    1,    0,   15,    0,    0],
       [   0,  122,    0, 1013,    0,    0,    0,    0,    0,    0],
       [   0,   38,    0,  971,    0,    0,    3,   19,    1,    0],
       [   0,   44,    0,  945,    1,    1,    0,   17,    2,    0],
       [   0,  143,    0,  816,    1,    0,    2,   20,    0,    0],
       [   0,  118,    0,  735,    1,    7,    0,   30,    1,    0],
       [   0,  144,    0,  749,   25,    0,    2,   38,    0,    0],
       [   0,  272,    0,  724,    8,    0,    0,    9,   15,    0],
       [   0,   81,    0,  859,    1,    0,    1,   32,    0,    0],
       [   0,  178,    0,  799,    1,    0,    0,   31,    0,    0]])}
[2024-07-08 14:39:54,787][flwr][INFO] - 
[2024-07-08 14:39:54,787][flwr][INFO] - [ROUND 1]
[2024-07-08 14:39:54,787][flwr][INFO] - configure_fit: strategy sampled 10 clients (out of 10)
[2024-07-08 14:40:01,287][flwr][INFO] - aggregate_fit: received 10 results and 0 failures
[2024-07-08 14:40:01,293][flwr][WARNING] - No fit_metrics_aggregation_fn provided
[2024-07-08 14:40:01,614][flwr][INFO] - fit progress: (1, 71.6206801533699, {'accuracy': 0.8619, 'precision': 0.8730191237819418, 'recall': 0.8619, 'f1': 0.8566872085963559, 'confusion_matrix': array([[ 963,    0,    1,    1,    0,    2,   11,    2,    0,    0],
       [   0, 1112,    9,    2,    0,    1,    4,    5,    1,    1],
       [  12,    7,  924,   20,    5,    0,   31,   22,    1,   10],
       [   7,    2,   28,  893,    3,   18,    6,   36,    5,   12],
       [   0,    1,    2,    0,  814,    0,   37,    4,    0,  124],
       [  40,    6,    6,   78,   18,  624,   63,   30,    9,   18],
       [  13,    4,    3,    1,    4,    2,  931,    0,    0,    0],
       [   2,   12,   16,    2,    5,    0,    0,  968,    0,   23],
       [  26,   53,   46,   94,   16,    8,   81,   42,  506,  102],
       [  11,    9,    1,   13,   15,    1,    2,   73,    0,  884]])}, 6.8269835)
[2024-07-08 14:40:01,614][flwr][INFO] - configure_evaluate: no clients selected, skipping evaluation
[2024-07-08 14:40:01,614][flwr][INFO] - 
[2024-07-08 14:40:01,614][flwr][INFO] - [ROUND 2]
[2024-07-08 14:40:01,615][flwr][INFO] - configure_fit: strategy sampled 10 clients (out of 10)
[2024-07-08 14:40:06,632][flwr][INFO] - aggregate_fit: received 10 results and 0 failures
[2024-07-08 14:40:06,968][flwr][INFO] - fit progress: (2, 18.757780514657497, {'accuracy': 0.9389, 'precision': 0.9398627897231925, 'recall': 0.9389, 'f1': 0.9388949812463369, 'confusion_matrix': array([[ 964,    0,    0,    0,    0,    3,   10,    1,    2,    0],
       [   0, 1108,    5,    2,    0,    1,    3,    0,   16,    0],
       [   8,    1,  962,   18,   10,    0,    9,    6,   17,    1],
       [   2,    1,   12,  927,    1,   34,    1,   10,   22,    0],
       [   0,    1,    4,    0,  944,    0,   14,    0,    4,   15],
       [   9,    1,    0,   17,    7,  823,    9,    0,   22,    4],
       [   8,    3,    1,    0,   11,   16,  917,    0,    2,    0],
       [   2,    9,   23,    9,   10,    1,    0,  948,    3,   23],
       [   4,    2,    3,   14,    8,   14,   10,    3,  915,    1],
       [   4,    7,    0,    9,   71,    8,    1,    4,   24,  881]])}, 12.180663540999998)
[2024-07-08 14:40:06,968][flwr][INFO] - configure_evaluate: no clients selected, skipping evaluation
[2024-07-08 14:40:06,968][flwr][INFO] - 
[2024-07-08 14:40:06,968][flwr][INFO] - [ROUND 3]
[2024-07-08 14:40:06,968][flwr][INFO] - configure_fit: strategy sampled 10 clients (out of 10)
[2024-07-08 14:40:12,010][flwr][INFO] - aggregate_fit: received 10 results and 0 failures
[2024-07-08 14:40:12,342][flwr][INFO] - fit progress: (3, 14.808536019176245, {'accuracy': 0.9504, 'precision': 0.9507365693933776, 'recall': 0.9504, 'f1': 0.950369740006215, 'confusion_matrix': array([[ 971,    0,    0,    1,    0,    5,    1,    1,    1,    0],
       [   0, 1120,    3,    2,    0,    1,    3,    0,    6,    0],
       [   8,    1,  959,   24,    6,    1,    7,    8,   17,    1],
       [   0,    0,    3,  943,    0,   28,    1,   10,   24,    1],
       [   1,    3,    7,    0,  928,    1,    8,    2,    5,   27],
       [   7,    1,    0,   14,    3,  845,    5,    0,   12,    5],
       [   8,    3,    0,    0,    6,   20,  917,    0,    4,    0],
       [   2,   15,   15,    5,    4,    2,    0,  968,    1,   16],
       [   4,    2,    2,   10,    4,    8,    5,    4,  933,    2],
       [   7,    7,    0,    9,   34,    9,    1,    4,   18,  920]])}, 17.555026374999997)
[2024-07-08 14:40:12,342][flwr][INFO] - configure_evaluate: no clients selected, skipping evaluation
[2024-07-08 14:40:12,342][flwr][INFO] - 
[2024-07-08 14:40:12,342][flwr][INFO] - [ROUND 4]
[2024-07-08 14:40:12,343][flwr][INFO] - configure_fit: strategy sampled 10 clients (out of 10)
[2024-07-08 14:40:18,056][flwr][INFO] - aggregate_fit: received 10 results and 0 failures
[2024-07-08 14:40:18,389][flwr][INFO] - fit progress: (4, 12.502556565217674, {'accuracy': 0.9553, 'precision': 0.9554926291662492, 'recall': 0.9553, 'f1': 0.955259134331695, 'confusion_matrix': array([[ 969,    0,    0,    0,    0,    3,    3,    1,    1,    3],
       [   0, 1117,    3,    2,    0,    2,    5,    0,    6,    0],
       [   9,    1,  978,    9,    4,    2,    8,    9,   11,    1],
       [   0,    0,    6,  950,    0,   16,    0,   10,   20,    8],
       [   0,    1,    5,    0,  942,    0,   11,    2,    4,   17],
       [   6,    1,    0,   10,    4,  847,   13,    0,    6,    5],
       [   8,    3,    0,    0,    6,    7,  932,    0,    2,    0],
       [   2,    6,   16,    3,    7,    0,    0,  974,    1,   19],
       [   6,    2,    2,    8,    6,    8,   13,    3,  924,    2],
       [   5,    4,    0,    6,   52,    5,    1,    5,   11,  920]])}, 23.602179832999997)
[2024-07-08 14:40:18,389][flwr][INFO] - configure_evaluate: no clients selected, skipping evaluation
[2024-07-08 14:40:18,390][flwr][INFO] - 
[2024-07-08 14:40:18,390][flwr][INFO] - [ROUND 5]
[2024-07-08 14:40:18,390][flwr][INFO] - configure_fit: strategy sampled 10 clients (out of 10)
[2024-07-08 14:40:23,365][flwr][INFO] - aggregate_fit: received 10 results and 0 failures
[2024-07-08 14:40:23,697][flwr][INFO] - fit progress: (5, 10.624753845855594, {'accuracy': 0.9641, 'precision': 0.9641117546568044, 'recall': 0.9641, 'f1': 0.9640649637138394, 'confusion_matrix': array([[ 966,    1,    2,    1,    0,    3,    2,    3,    1,    1],
       [   0, 1123,    5,    2,    0,    0,    1,    0,    4,    0],
       [   3,    1, 1001,    7,    4,    1,    3,    8,    3,    1],
       [   0,    0,    9,  971,    0,    5,    0,   12,   11,    2],
       [   1,    1,    8,    0,  942,    0,    6,    2,    2,   20],
       [   3,    1,    0,   18,    3,  849,    7,    0,    6,    5],
       [   6,    3,    0,    1,    5,    9,  931,    0,    3,    0],
       [   0,    7,   12,    2,    2,    1,    0,  991,    0,   13],
       [   3,    2,    4,   12,    5,    5,    3,    6,  931,    3],
       [   3,    5,    0,   11,   34,    2,    1,    7,   10,  936]])}, 28.910397957999997)
[2024-07-08 14:40:23,698][flwr][INFO] - configure_evaluate: no clients selected, skipping evaluation
[2024-07-08 14:40:23,698][flwr][INFO] - 
[2024-07-08 14:40:23,698][flwr][INFO] - [ROUND 6]
[2024-07-08 14:40:23,698][flwr][INFO] - configure_fit: strategy sampled 10 clients (out of 10)
[2024-07-08 14:40:28,606][flwr][INFO] - aggregate_fit: received 10 results and 0 failures
[2024-07-08 14:40:28,939][flwr][INFO] - fit progress: (6, 10.498997860588133, {'accuracy': 0.9652, 'precision': 0.9652814371757963, 'recall': 0.9652, 'f1': 0.9651460544691175, 'confusion_matrix': array([[ 971,    1,    0,    0,    0,    3,    1,    1,    0,    3],
       [   0, 1120,    4,    2,    0,    1,    4,    0,    4,    0],
       [   5,    1,  997,    9,    6,    2,    0,    7,    4,    1],
       [   0,    0,    6,  971,    0,   15,    0,    8,    8,    2],
       [   1,    1,    5,    0,  944,    0,    9,    2,    2,   18],
       [   3,    0,    0,    6,    1,  871,    7,    0,    1,    3],
       [   6,    3,    0,    1,    5,    9,  933,    0,    1,    0],
       [   2,    7,   13,    3,    3,    0,    0,  990,    2,    8],
       [   4,    2,    3,   11,    5,   11,   10,    4,  922,    2],
       [   5,    5,    0,   11,   24,   16,    0,    7,    8,  933]])}, 34.151973166)
[2024-07-08 14:40:28,939][flwr][INFO] - configure_evaluate: no clients selected, skipping evaluation
[2024-07-08 14:40:28,939][flwr][INFO] - 
[2024-07-08 14:40:28,939][flwr][INFO] - [ROUND 7]
[2024-07-08 14:40:28,940][flwr][INFO] - configure_fit: strategy sampled 10 clients (out of 10)
[2024-07-08 14:40:34,332][flwr][INFO] - aggregate_fit: received 10 results and 0 failures
[2024-07-08 14:40:34,690][flwr][INFO] - fit progress: (7, 9.85848774574697, {'accuracy': 0.9662, 'precision': 0.9663914006098592, 'recall': 0.9662, 'f1': 0.9661941724590198, 'confusion_matrix': array([[ 969,    1,    1,    1,    0,    1,    2,    1,    2,    2],
       [   0, 1116,    5,    4,    0,    0,    3,    0,    7,    0],
       [   2,    1,  997,   13,    5,    1,    0,    6,    6,    1],
       [   0,    0,    5,  979,    0,    6,    0,    5,   12,    3],
       [   1,    0,    3,    0,  950,    0,    8,    2,    5,   13],
       [   3,    0,    0,   15,    2,  857,    5,    0,    7,    3],
       [   6,    3,    0,    1,    6,    9,  930,    0,    3,    0],
       [   1,    6,   14,    8,    3,    1,    0,  984,    1,   10],
       [   4,    0,    2,    9,    4,    4,    3,    2,  944,    2],
       [   7,    4,    0,   10,   28,    4,    0,    6,   14,  936]])}, 39.902583332999995)
[2024-07-08 14:40:34,690][flwr][INFO] - configure_evaluate: no clients selected, skipping evaluation
[2024-07-08 14:40:34,690][flwr][INFO] - 
[2024-07-08 14:40:34,690][flwr][INFO] - [ROUND 8]
[2024-07-08 14:40:34,690][flwr][INFO] - configure_fit: strategy sampled 10 clients (out of 10)
[2024-07-08 14:40:39,794][flwr][INFO] - aggregate_fit: received 10 results and 0 failures
[2024-07-08 14:40:40,131][flwr][INFO] - fit progress: (8, 9.532717841677368, {'accuracy': 0.9666, 'precision': 0.9667714709608375, 'recall': 0.9666, 'f1': 0.9666189913458415, 'confusion_matrix': array([[ 966,    1,    1,    0,    1,    2,    2,    2,    3,    2],
       [   0, 1117,    5,    3,    1,    0,    3,    0,    6,    0],
       [   3,    1,  991,   11,    5,    1,    2,    8,   10,    0],
       [   0,    0,    6,  973,    0,    8,    0,    8,   12,    3],
       [   1,    0,    2,    0,  951,    0,    6,    2,    5,   15],
       [   1,    0,    0,   11,    1,  855,    8,    0,   12,    4],
       [   6,    3,    0,    1,    8,    6,  930,    0,    4,    0],
       [   2,    6,   10,    4,    4,    0,    0,  987,    1,   14],
       [   3,    0,    2,    7,    4,    6,    2,    2,  946,    2],
       [   4,    4,    0,    9,   21,    2,    0,    5,   14,  950]])}, 45.343600666)
[2024-07-08 14:40:40,131][flwr][INFO] - configure_evaluate: no clients selected, skipping evaluation
[2024-07-08 14:40:40,131][flwr][INFO] - 
[2024-07-08 14:40:40,131][flwr][INFO] - [ROUND 9]
[2024-07-08 14:40:40,131][flwr][INFO] - configure_fit: strategy sampled 10 clients (out of 10)
[2024-07-08 14:40:45,070][flwr][INFO] - aggregate_fit: received 10 results and 0 failures
[2024-07-08 14:40:45,397][flwr][INFO] - fit progress: (9, 9.351111135445535, {'accuracy': 0.9682, 'precision': 0.9682849294623643, 'recall': 0.9682, 'f1': 0.968177808088249, 'confusion_matrix': array([[ 969,    1,    0,    1,    1,    2,    2,    1,    1,    2],
       [   0, 1115,    7,    0,    0,    1,    5,    1,    6,    0],
       [   1,    1, 1009,    4,    3,    1,    1,    5,    5,    2],
       [   0,    0,   13,  967,    1,   10,    0,    9,    7,    3],
       [   1,    0,    4,    0,  948,    0,    5,    3,    4,   17],
       [   2,    0,    0,    4,    1,  872,    6,    0,    4,    3],
       [   6,    2,    0,    0,    5,   10,  932,    0,    3,    0],
       [   2,    4,   20,    2,    4,    0,    0,  987,    3,    6],
       [   4,    0,    4,    7,    4,    9,    3,    3,  939,    1],
       [   6,    4,    0,    9,   17,    7,    0,    9,   13,  944]])}, 50.610347041)
[2024-07-08 14:40:45,398][flwr][INFO] - configure_evaluate: no clients selected, skipping evaluation
[2024-07-08 14:40:45,398][flwr][INFO] - 
[2024-07-08 14:40:45,398][flwr][INFO] - [ROUND 10]
[2024-07-08 14:40:45,398][flwr][INFO] - configure_fit: strategy sampled 10 clients (out of 10)
[2024-07-08 14:40:50,366][flwr][INFO] - aggregate_fit: received 10 results and 0 failures
[2024-07-08 14:40:50,704][flwr][INFO] - fit progress: (10, 9.881826021708548, {'accuracy': 0.9665, 'precision': 0.9669426635442574, 'recall': 0.9665, 'f1': 0.9665358078305708, 'confusion_matrix': array([[ 973,    1,    1,    0,    0,    0,    2,    1,    2,    0],
       [   0, 1113,    4,    3,    0,    0,    3,    1,   11,    0],
       [   6,    0,  996,   13,    4,    0,    1,    6,    5,    1],
       [   0,    0,    5,  969,    0,   15,    0,    6,   12,    3],
       [   3,    0,    2,    0,  940,    0,    7,    2,   10,   18],
       [   4,    0,    0,    6,    0,  868,    4,    1,    7,    2],
       [  10,    2,    0,    0,    5,   10,  925,    1,    5,    0],
       [   4,    5,   15,    5,    2,    0,    0,  983,    6,    8],
       [   5,    0,    1,    3,    3,    5,    1,    2,  954,    0],
       [   7,    4,    0,    7,    7,    7,    0,    5,   28,  944]])}, 55.916904083)
[2024-07-08 14:40:50,704][flwr][INFO] - configure_evaluate: no clients selected, skipping evaluation
[2024-07-08 14:40:50,704][flwr][INFO] - 
[2024-07-08 14:40:50,704][flwr][INFO] - [SUMMARY]
[2024-07-08 14:40:50,704][flwr][INFO] - Run finished 10 round(s) in 55.92s
[2024-07-08 14:40:50,708][flwr][INFO] - 	History (loss, centralized):
[2024-07-08 14:40:50,708][flwr][INFO] - 		round 0: 181.76928067207336
[2024-07-08 14:40:50,708][flwr][INFO] - 		round 1: 71.6206801533699
[2024-07-08 14:40:50,708][flwr][INFO] - 		round 2: 18.757780514657497
[2024-07-08 14:40:50,708][flwr][INFO] - 		round 3: 14.808536019176245
[2024-07-08 14:40:50,708][flwr][INFO] - 		round 4: 12.502556565217674
[2024-07-08 14:40:50,708][flwr][INFO] - 		round 5: 10.624753845855594
[2024-07-08 14:40:50,708][flwr][INFO] - 		round 6: 10.498997860588133
[2024-07-08 14:40:50,708][flwr][INFO] - 		round 7: 9.85848774574697
[2024-07-08 14:40:50,708][flwr][INFO] - 		round 8: 9.532717841677368
[2024-07-08 14:40:50,708][flwr][INFO] - 		round 9: 9.351111135445535
[2024-07-08 14:40:50,708][flwr][INFO] - 		round 10: 9.881826021708548
[2024-07-08 14:40:50,708][flwr][INFO] - 	History (metrics, centralized):
[2024-07-08 14:40:50,708][flwr][INFO] - 	{'accuracy': [(0, 0.1086),
[2024-07-08 14:40:50,708][flwr][INFO] - 	              (1, 0.8619),
[2024-07-08 14:40:50,708][flwr][INFO] - 	              (2, 0.9389),
[2024-07-08 14:40:50,708][flwr][INFO] - 	              (3, 0.9504),
[2024-07-08 14:40:50,708][flwr][INFO] - 	              (4, 0.9553),
[2024-07-08 14:40:50,709][flwr][INFO] - 	              (5, 0.9641),
[2024-07-08 14:40:50,709][flwr][INFO] - 	              (6, 0.9652),
[2024-07-08 14:40:50,709][flwr][INFO] - 	              (7, 0.9662),
[2024-07-08 14:40:50,709][flwr][INFO] - 	              (8, 0.9666),
[2024-07-08 14:40:50,709][flwr][INFO] - 	              (9, 0.9682),
[2024-07-08 14:40:50,709][flwr][INFO] - 	              (10, 0.9665)],
[2024-07-08 14:40:50,709][flwr][INFO] - 	 'confusion_matrix': [(0,
[2024-07-08 14:40:50,709][flwr][INFO] - 	                       array([[   0,    8,    0,  956,    0,    1,    0,   15,    0,    0],
[2024-07-08 14:40:50,709][flwr][INFO] - 	       [   0,  122,    0, 1013,    0,    0,    0,    0,    0,    0],
[2024-07-08 14:40:50,709][flwr][INFO] - 	       [   0,   38,    0,  971,    0,    0,    3,   19,    1,    0],
[2024-07-08 14:40:50,709][flwr][INFO] - 	       [   0,   44,    0,  945,    1,    1,    0,   17,    2,    0],
[2024-07-08 14:40:50,709][flwr][INFO] - 	       [   0,  143,    0,  816,    1,    0,    2,   20,    0,    0],
[2024-07-08 14:40:50,709][flwr][INFO] - 	       [   0,  118,    0,  735,    1,    7,    0,   30,    1,    0],
[2024-07-08 14:40:50,709][flwr][INFO] - 	       [   0,  144,    0,  749,   25,    0,    2,   38,    0,    0],
[2024-07-08 14:40:50,709][flwr][INFO] - 	       [   0,  272,    0,  724,    8,    0,    0,    9,   15,    0],
[2024-07-08 14:40:50,709][flwr][INFO] - 	       [   0,   81,    0,  859,    1,    0,    1,   32,    0,    0],
[2024-07-08 14:40:50,709][flwr][INFO] - 	       [   0,  178,    0,  799,    1,    0,    0,   31,    0,    0]])),
[2024-07-08 14:40:50,709][flwr][INFO] - 	                      (1,
[2024-07-08 14:40:50,709][flwr][INFO] - 	                       array([[ 963,    0,    1,    1,    0,    2,   11,    2,    0,    0],
[2024-07-08 14:40:50,709][flwr][INFO] - 	       [   0, 1112,    9,    2,    0,    1,    4,    5,    1,    1],
[2024-07-08 14:40:50,709][flwr][INFO] - 	       [  12,    7,  924,   20,    5,    0,   31,   22,    1,   10],
[2024-07-08 14:40:50,709][flwr][INFO] - 	       [   7,    2,   28,  893,    3,   18,    6,   36,    5,   12],
[2024-07-08 14:40:50,709][flwr][INFO] - 	       [   0,    1,    2,    0,  814,    0,   37,    4,    0,  124],
[2024-07-08 14:40:50,709][flwr][INFO] - 	       [  40,    6,    6,   78,   18,  624,   63,   30,    9,   18],
[2024-07-08 14:40:50,709][flwr][INFO] - 	       [  13,    4,    3,    1,    4,    2,  931,    0,    0,    0],
[2024-07-08 14:40:50,709][flwr][INFO] - 	       [   2,   12,   16,    2,    5,    0,    0,  968,    0,   23],
[2024-07-08 14:40:50,709][flwr][INFO] - 	       [  26,   53,   46,   94,   16,    8,   81,   42,  506,  102],
[2024-07-08 14:40:50,709][flwr][INFO] - 	       [  11,    9,    1,   13,   15,    1,    2,   73,    0,  884]])),
[2024-07-08 14:40:50,709][flwr][INFO] - 	                      (2,
[2024-07-08 14:40:50,709][flwr][INFO] - 	                       array([[ 964,    0,    0,    0,    0,    3,   10,    1,    2,    0],
[2024-07-08 14:40:50,709][flwr][INFO] - 	       [   0, 1108,    5,    2,    0,    1,    3,    0,   16,    0],
[2024-07-08 14:40:50,709][flwr][INFO] - 	       [   8,    1,  962,   18,   10,    0,    9,    6,   17,    1],
[2024-07-08 14:40:50,709][flwr][INFO] - 	       [   2,    1,   12,  927,    1,   34,    1,   10,   22,    0],
[2024-07-08 14:40:50,709][flwr][INFO] - 	       [   0,    1,    4,    0,  944,    0,   14,    0,    4,   15],
[2024-07-08 14:40:50,709][flwr][INFO] - 	       [   9,    1,    0,   17,    7,  823,    9,    0,   22,    4],
[2024-07-08 14:40:50,709][flwr][INFO] - 	       [   8,    3,    1,    0,   11,   16,  917,    0,    2,    0],
[2024-07-08 14:40:50,709][flwr][INFO] - 	       [   2,    9,   23,    9,   10,    1,    0,  948,    3,   23],
[2024-07-08 14:40:50,709][flwr][INFO] - 	       [   4,    2,    3,   14,    8,   14,   10,    3,  915,    1],
[2024-07-08 14:40:50,709][flwr][INFO] - 	       [   4,    7,    0,    9,   71,    8,    1,    4,   24,  881]])),
[2024-07-08 14:40:50,709][flwr][INFO] - 	                      (3,
[2024-07-08 14:40:50,709][flwr][INFO] - 	                       array([[ 971,    0,    0,    1,    0,    5,    1,    1,    1,    0],
[2024-07-08 14:40:50,709][flwr][INFO] - 	       [   0, 1120,    3,    2,    0,    1,    3,    0,    6,    0],
[2024-07-08 14:40:50,709][flwr][INFO] - 	       [   8,    1,  959,   24,    6,    1,    7,    8,   17,    1],
[2024-07-08 14:40:50,709][flwr][INFO] - 	       [   0,    0,    3,  943,    0,   28,    1,   10,   24,    1],
[2024-07-08 14:40:50,709][flwr][INFO] - 	       [   1,    3,    7,    0,  928,    1,    8,    2,    5,   27],
[2024-07-08 14:40:50,709][flwr][INFO] - 	       [   7,    1,    0,   14,    3,  845,    5,    0,   12,    5],
[2024-07-08 14:40:50,709][flwr][INFO] - 	       [   8,    3,    0,    0,    6,   20,  917,    0,    4,    0],
[2024-07-08 14:40:50,710][flwr][INFO] - 	       [   2,   15,   15,    5,    4,    2,    0,  968,    1,   16],
[2024-07-08 14:40:50,710][flwr][INFO] - 	       [   4,    2,    2,   10,    4,    8,    5,    4,  933,    2],
[2024-07-08 14:40:50,710][flwr][INFO] - 	       [   7,    7,    0,    9,   34,    9,    1,    4,   18,  920]])),
[2024-07-08 14:40:50,710][flwr][INFO] - 	                      (4,
[2024-07-08 14:40:50,710][flwr][INFO] - 	                       array([[ 969,    0,    0,    0,    0,    3,    3,    1,    1,    3],
[2024-07-08 14:40:50,710][flwr][INFO] - 	       [   0, 1117,    3,    2,    0,    2,    5,    0,    6,    0],
[2024-07-08 14:40:50,710][flwr][INFO] - 	       [   9,    1,  978,    9,    4,    2,    8,    9,   11,    1],
[2024-07-08 14:40:50,710][flwr][INFO] - 	       [   0,    0,    6,  950,    0,   16,    0,   10,   20,    8],
[2024-07-08 14:40:50,710][flwr][INFO] - 	       [   0,    1,    5,    0,  942,    0,   11,    2,    4,   17],
[2024-07-08 14:40:50,710][flwr][INFO] - 	       [   6,    1,    0,   10,    4,  847,   13,    0,    6,    5],
[2024-07-08 14:40:50,710][flwr][INFO] - 	       [   8,    3,    0,    0,    6,    7,  932,    0,    2,    0],
[2024-07-08 14:40:50,710][flwr][INFO] - 	       [   2,    6,   16,    3,    7,    0,    0,  974,    1,   19],
[2024-07-08 14:40:50,710][flwr][INFO] - 	       [   6,    2,    2,    8,    6,    8,   13,    3,  924,    2],
[2024-07-08 14:40:50,710][flwr][INFO] - 	       [   5,    4,    0,    6,   52,    5,    1,    5,   11,  920]])),
[2024-07-08 14:40:50,710][flwr][INFO] - 	                      (5,
[2024-07-08 14:40:50,710][flwr][INFO] - 	                       array([[ 966,    1,    2,    1,    0,    3,    2,    3,    1,    1],
[2024-07-08 14:40:50,710][flwr][INFO] - 	       [   0, 1123,    5,    2,    0,    0,    1,    0,    4,    0],
[2024-07-08 14:40:50,710][flwr][INFO] - 	       [   3,    1, 1001,    7,    4,    1,    3,    8,    3,    1],
[2024-07-08 14:40:50,710][flwr][INFO] - 	       [   0,    0,    9,  971,    0,    5,    0,   12,   11,    2],
[2024-07-08 14:40:50,710][flwr][INFO] - 	       [   1,    1,    8,    0,  942,    0,    6,    2,    2,   20],
[2024-07-08 14:40:50,710][flwr][INFO] - 	       [   3,    1,    0,   18,    3,  849,    7,    0,    6,    5],
[2024-07-08 14:40:50,710][flwr][INFO] - 	       [   6,    3,    0,    1,    5,    9,  931,    0,    3,    0],
[2024-07-08 14:40:50,710][flwr][INFO] - 	       [   0,    7,   12,    2,    2,    1,    0,  991,    0,   13],
[2024-07-08 14:40:50,710][flwr][INFO] - 	       [   3,    2,    4,   12,    5,    5,    3,    6,  931,    3],
[2024-07-08 14:40:50,710][flwr][INFO] - 	       [   3,    5,    0,   11,   34,    2,    1,    7,   10,  936]])),
[2024-07-08 14:40:50,710][flwr][INFO] - 	                      (6,
[2024-07-08 14:40:50,710][flwr][INFO] - 	                       array([[ 971,    1,    0,    0,    0,    3,    1,    1,    0,    3],
[2024-07-08 14:40:50,710][flwr][INFO] - 	       [   0, 1120,    4,    2,    0,    1,    4,    0,    4,    0],
[2024-07-08 14:40:50,710][flwr][INFO] - 	       [   5,    1,  997,    9,    6,    2,    0,    7,    4,    1],
[2024-07-08 14:40:50,710][flwr][INFO] - 	       [   0,    0,    6,  971,    0,   15,    0,    8,    8,    2],
[2024-07-08 14:40:50,710][flwr][INFO] - 	       [   1,    1,    5,    0,  944,    0,    9,    2,    2,   18],
[2024-07-08 14:40:50,710][flwr][INFO] - 	       [   3,    0,    0,    6,    1,  871,    7,    0,    1,    3],
[2024-07-08 14:40:50,710][flwr][INFO] - 	       [   6,    3,    0,    1,    5,    9,  933,    0,    1,    0],
[2024-07-08 14:40:50,710][flwr][INFO] - 	       [   2,    7,   13,    3,    3,    0,    0,  990,    2,    8],
[2024-07-08 14:40:50,710][flwr][INFO] - 	       [   4,    2,    3,   11,    5,   11,   10,    4,  922,    2],
[2024-07-08 14:40:50,710][flwr][INFO] - 	       [   5,    5,    0,   11,   24,   16,    0,    7,    8,  933]])),
[2024-07-08 14:40:50,710][flwr][INFO] - 	                      (7,
[2024-07-08 14:40:50,710][flwr][INFO] - 	                       array([[ 969,    1,    1,    1,    0,    1,    2,    1,    2,    2],
[2024-07-08 14:40:50,710][flwr][INFO] - 	       [   0, 1116,    5,    4,    0,    0,    3,    0,    7,    0],
[2024-07-08 14:40:50,710][flwr][INFO] - 	       [   2,    1,  997,   13,    5,    1,    0,    6,    6,    1],
[2024-07-08 14:40:50,710][flwr][INFO] - 	       [   0,    0,    5,  979,    0,    6,    0,    5,   12,    3],
[2024-07-08 14:40:50,710][flwr][INFO] - 	       [   1,    0,    3,    0,  950,    0,    8,    2,    5,   13],
[2024-07-08 14:40:50,710][flwr][INFO] - 	       [   3,    0,    0,   15,    2,  857,    5,    0,    7,    3],
[2024-07-08 14:40:50,710][flwr][INFO] - 	       [   6,    3,    0,    1,    6,    9,  930,    0,    3,    0],
[2024-07-08 14:40:50,710][flwr][INFO] - 	       [   1,    6,   14,    8,    3,    1,    0,  984,    1,   10],
[2024-07-08 14:40:50,710][flwr][INFO] - 	       [   4,    0,    2,    9,    4,    4,    3,    2,  944,    2],
[2024-07-08 14:40:50,710][flwr][INFO] - 	       [   7,    4,    0,   10,   28,    4,    0,    6,   14,  936]])),
[2024-07-08 14:40:50,710][flwr][INFO] - 	                      (8,
[2024-07-08 14:40:50,711][flwr][INFO] - 	                       array([[ 966,    1,    1,    0,    1,    2,    2,    2,    3,    2],
[2024-07-08 14:40:50,711][flwr][INFO] - 	       [   0, 1117,    5,    3,    1,    0,    3,    0,    6,    0],
[2024-07-08 14:40:50,711][flwr][INFO] - 	       [   3,    1,  991,   11,    5,    1,    2,    8,   10,    0],
[2024-07-08 14:40:50,711][flwr][INFO] - 	       [   0,    0,    6,  973,    0,    8,    0,    8,   12,    3],
[2024-07-08 14:40:50,711][flwr][INFO] - 	       [   1,    0,    2,    0,  951,    0,    6,    2,    5,   15],
[2024-07-08 14:40:50,711][flwr][INFO] - 	       [   1,    0,    0,   11,    1,  855,    8,    0,   12,    4],
[2024-07-08 14:40:50,711][flwr][INFO] - 	       [   6,    3,    0,    1,    8,    6,  930,    0,    4,    0],
[2024-07-08 14:40:50,711][flwr][INFO] - 	       [   2,    6,   10,    4,    4,    0,    0,  987,    1,   14],
[2024-07-08 14:40:50,711][flwr][INFO] - 	       [   3,    0,    2,    7,    4,    6,    2,    2,  946,    2],
[2024-07-08 14:40:50,711][flwr][INFO] - 	       [   4,    4,    0,    9,   21,    2,    0,    5,   14,  950]])),
[2024-07-08 14:40:50,711][flwr][INFO] - 	                      (9,
[2024-07-08 14:40:50,711][flwr][INFO] - 	                       array([[ 969,    1,    0,    1,    1,    2,    2,    1,    1,    2],
[2024-07-08 14:40:50,711][flwr][INFO] - 	       [   0, 1115,    7,    0,    0,    1,    5,    1,    6,    0],
[2024-07-08 14:40:50,711][flwr][INFO] - 	       [   1,    1, 1009,    4,    3,    1,    1,    5,    5,    2],
[2024-07-08 14:40:50,711][flwr][INFO] - 	       [   0,    0,   13,  967,    1,   10,    0,    9,    7,    3],
[2024-07-08 14:40:50,711][flwr][INFO] - 	       [   1,    0,    4,    0,  948,    0,    5,    3,    4,   17],
[2024-07-08 14:40:50,711][flwr][INFO] - 	       [   2,    0,    0,    4,    1,  872,    6,    0,    4,    3],
[2024-07-08 14:40:50,711][flwr][INFO] - 	       [   6,    2,    0,    0,    5,   10,  932,    0,    3,    0],
[2024-07-08 14:40:50,711][flwr][INFO] - 	       [   2,    4,   20,    2,    4,    0,    0,  987,    3,    6],
[2024-07-08 14:40:50,711][flwr][INFO] - 	       [   4,    0,    4,    7,    4,    9,    3,    3,  939,    1],
[2024-07-08 14:40:50,711][flwr][INFO] - 	       [   6,    4,    0,    9,   17,    7,    0,    9,   13,  944]])),
[2024-07-08 14:40:50,711][flwr][INFO] - 	                      (10,
[2024-07-08 14:40:50,711][flwr][INFO] - 	                       array([[ 973,    1,    1,    0,    0,    0,    2,    1,    2,    0],
[2024-07-08 14:40:50,711][flwr][INFO] - 	       [   0, 1113,    4,    3,    0,    0,    3,    1,   11,    0],
[2024-07-08 14:40:50,711][flwr][INFO] - 	       [   6,    0,  996,   13,    4,    0,    1,    6,    5,    1],
[2024-07-08 14:40:50,711][flwr][INFO] - 	       [   0,    0,    5,  969,    0,   15,    0,    6,   12,    3],
[2024-07-08 14:40:50,711][flwr][INFO] - 	       [   3,    0,    2,    0,  940,    0,    7,    2,   10,   18],
[2024-07-08 14:40:50,711][flwr][INFO] - 	       [   4,    0,    0,    6,    0,  868,    4,    1,    7,    2],
[2024-07-08 14:40:50,711][flwr][INFO] - 	       [  10,    2,    0,    0,    5,   10,  925,    1,    5,    0],
[2024-07-08 14:40:50,711][flwr][INFO] - 	       [   4,    5,   15,    5,    2,    0,    0,  983,    6,    8],
[2024-07-08 14:40:50,711][flwr][INFO] - 	       [   5,    0,    1,    3,    3,    5,    1,    2,  954,    0],
[2024-07-08 14:40:50,711][flwr][INFO] - 	       [   7,    4,    0,    7,    7,    7,    0,    5,   28,  944]]))],
[2024-07-08 14:40:50,711][flwr][INFO] - 	 'f1': [(0, 0.03553137346181725),
[2024-07-08 14:40:50,711][flwr][INFO] - 	        (1, 0.8566872085963559),
[2024-07-08 14:40:50,711][flwr][INFO] - 	        (2, 0.9388949812463369),
[2024-07-08 14:40:50,711][flwr][INFO] - 	        (3, 0.950369740006215),
[2024-07-08 14:40:50,711][flwr][INFO] - 	        (4, 0.955259134331695),
[2024-07-08 14:40:50,711][flwr][INFO] - 	        (5, 0.9640649637138394),
[2024-07-08 14:40:50,711][flwr][INFO] - 	        (6, 0.9651460544691175),
[2024-07-08 14:40:50,711][flwr][INFO] - 	        (7, 0.9661941724590198),
[2024-07-08 14:40:50,711][flwr][INFO] - 	        (8, 0.9666189913458415),
[2024-07-08 14:40:50,711][flwr][INFO] - 	        (9, 0.968177808088249),
[2024-07-08 14:40:50,711][flwr][INFO] - 	        (10, 0.9665358078305708)],
[2024-07-08 14:40:50,711][flwr][INFO] - 	 'precision': [(0, 0.12349967530374152),
[2024-07-08 14:40:50,711][flwr][INFO] - 	               (1, 0.8730191237819418),
[2024-07-08 14:40:50,711][flwr][INFO] - 	               (2, 0.9398627897231925),
[2024-07-08 14:40:50,711][flwr][INFO] - 	               (3, 0.9507365693933776),
[2024-07-08 14:40:50,711][flwr][INFO] - 	               (4, 0.9554926291662492),
[2024-07-08 14:40:50,711][flwr][INFO] - 	               (5, 0.9641117546568044),
[2024-07-08 14:40:50,712][flwr][INFO] - 	               (6, 0.9652814371757963),
[2024-07-08 14:40:50,712][flwr][INFO] - 	               (7, 0.9663914006098592),
[2024-07-08 14:40:50,712][flwr][INFO] - 	               (8, 0.9667714709608375),
[2024-07-08 14:40:50,712][flwr][INFO] - 	               (9, 0.9682849294623643),
[2024-07-08 14:40:50,712][flwr][INFO] - 	               (10, 0.9669426635442574)],
[2024-07-08 14:40:50,712][flwr][INFO] - 	 'recall': [(0, 0.1086),
[2024-07-08 14:40:50,712][flwr][INFO] - 	            (1, 0.8619),
[2024-07-08 14:40:50,712][flwr][INFO] - 	            (2, 0.9389),
[2024-07-08 14:40:50,712][flwr][INFO] - 	            (3, 0.9504),
[2024-07-08 14:40:50,712][flwr][INFO] - 	            (4, 0.9553),
[2024-07-08 14:40:50,712][flwr][INFO] - 	            (5, 0.9641),
[2024-07-08 14:40:50,712][flwr][INFO] - 	            (6, 0.9652),
[2024-07-08 14:40:50,712][flwr][INFO] - 	            (7, 0.9662),
[2024-07-08 14:40:50,712][flwr][INFO] - 	            (8, 0.9666),
[2024-07-08 14:40:50,712][flwr][INFO] - 	            (9, 0.9682),
[2024-07-08 14:40:50,712][flwr][INFO] - 	            (10, 0.9665)]}
[2024-07-08 14:40:50,712][flwr][INFO] - 
