[2024-07-08 16:50:14,490][flwr][INFO] - Starting Flower simulation, config: num_rounds=10, no round_timeout
[2024-07-08 16:50:16,306][flwr][INFO] - Flower VCE: Ray initialized with resources: {'memory': 10550040986.0, 'object_store_memory': 2147483648.0, 'CPU': 12.0, 'node:__internal_head__': 1.0, 'node:127.0.0.1': 1.0}
[2024-07-08 16:50:16,306][flwr][INFO] - Optimize your simulation with Flower VCE: https://flower.ai/docs/framework/how-to-run-simulations.html
[2024-07-08 16:50:16,306][flwr][INFO] - Flower VCE: Resources for each Virtual Client: {'num_cpus': 2, 'num_gpus': 0}
[2024-07-08 16:50:16,311][flwr][INFO] - Flower VCE: Creating VirtualClientEngineActorPool with 6 actors
[2024-07-08 16:50:16,311][flwr][INFO] - [INIT]
[2024-07-08 16:50:16,311][flwr][INFO] - Requesting initial parameters from one random client
[2024-07-08 16:50:17,659][flwr][INFO] - Received initial parameters from one random client
[2024-07-08 16:50:17,659][flwr][INFO] - Evaluating initial global parameters
[2024-07-08 16:50:17,986][flwr][INFO] - initial parameters (loss, other metrics): 181.76928067207336, {'accuracy': 0.1086, 'precision': 0.12349967530374152, 'recall': 0.1086, 'f1': 0.03553137346181725, 'confusion_matrix': array([[   0,    8,    0,  956,    0,    1,    0,   15,    0,    0],
       [   0,  122,    0, 1013,    0,    0,    0,    0,    0,    0],
       [   0,   38,    0,  971,    0,    0,    3,   19,    1,    0],
       [   0,   44,    0,  945,    1,    1,    0,   17,    2,    0],
       [   0,  143,    0,  816,    1,    0,    2,   20,    0,    0],
       [   0,  118,    0,  735,    1,    7,    0,   30,    1,    0],
       [   0,  144,    0,  749,   25,    0,    2,   38,    0,    0],
       [   0,  272,    0,  724,    8,    0,    0,    9,   15,    0],
       [   0,   81,    0,  859,    1,    0,    1,   32,    0,    0],
       [   0,  178,    0,  799,    1,    0,    0,   31,    0,    0]])}
[2024-07-08 16:50:17,986][flwr][INFO] - 
[2024-07-08 16:50:17,986][flwr][INFO] - [ROUND 1]
[2024-07-08 16:50:17,986][flwr][INFO] - configure_fit: strategy sampled 10 clients (out of 10)
[2024-07-08 16:50:24,451][flwr][INFO] - aggregate_fit: received 10 results and 0 failures
[2024-07-08 16:50:24,457][flwr][WARNING] - No fit_metrics_aggregation_fn provided
[2024-07-08 16:50:24,787][flwr][INFO] - fit progress: (1, 121.72354459762573, {'accuracy': 0.6234, 'precision': 0.5863674841479094, 'recall': 0.6234, 'f1': 0.5784759008754562, 'confusion_matrix': array([[ 944,    0,    1,    7,    0,   10,    9,    8,    1,    0],
       [   0,    0, 1092,    6,    0,    1,    5,   16,    6,    9],
       [   9,    0,  848,  109,    3,    1,   12,   20,   22,    8],
       [   8,    0,   20,  840,   39,   17,   20,   15,   29,   22],
       [   7,    0,   13,    0,  510,   61,   80,   76,    4,  231],
       [  94,    0,   11,   78,   34,  307,  274,   37,   27,   30],
       [  18,    0,   38,    6,    0,   11,  848,   28,    0,    9],
       [   5,    0,   17,   55,    3,    0,    0,  732,  125,   91],
       [  21,    0,   31,   88,   31,    8,   52,    9,  339,  395],
       [  16,    0,    3,    9,   26,    1,    2,   78,    8,  866]])}, 6.800256458000001)
[2024-07-08 16:50:24,788][flwr][INFO] - configure_evaluate: no clients selected, skipping evaluation
[2024-07-08 16:50:24,788][flwr][INFO] - 
[2024-07-08 16:50:24,788][flwr][INFO] - [ROUND 2]
[2024-07-08 16:50:24,788][flwr][INFO] - configure_fit: strategy sampled 10 clients (out of 10)
[2024-07-08 16:50:29,907][flwr][INFO] - aggregate_fit: received 10 results and 0 failures
[2024-07-08 16:50:30,241][flwr][INFO] - fit progress: (2, 77.24875020980835, {'accuracy': 0.6122, 'precision': 0.5951422042377109, 'recall': 0.6122, 'f1': 0.5510625532915538, 'confusion_matrix': array([[ 947,    0,    0,    2,    0,    6,   22,    1,    0,    2],
       [   0,    0, 1120,    4,    0,    2,    6,    0,    0,    3],
       [  11,    0,  704,  262,    5,    6,    8,    2,   29,    5],
       [   0,    0,    6,  924,   27,   15,    5,    0,   16,   17],
       [   1,    0,    4,    0,  429,  476,   20,    2,    2,   48],
       [   6,    0,    1,   52,    1,  641,  167,    0,   16,    8],
       [   4,    0,    5,    0,    1,    8,  931,    7,    1,    1],
       [  32,    0,   32,  148,    3,   38,    0,   65,  634,   76],
       [   8,    0,   19,   29,   14,   24,   40,    0,  573,  267],
       [  20,    0,    4,    6,   26,   36,    1,    1,    7,  908]])}, 12.254009)
[2024-07-08 16:50:30,242][flwr][INFO] - configure_evaluate: no clients selected, skipping evaluation
[2024-07-08 16:50:30,242][flwr][INFO] - 
[2024-07-08 16:50:30,242][flwr][INFO] - [ROUND 3]
[2024-07-08 16:50:30,242][flwr][INFO] - configure_fit: strategy sampled 10 clients (out of 10)
[2024-07-08 16:50:35,354][flwr][INFO] - aggregate_fit: received 10 results and 0 failures
[2024-07-08 16:50:35,689][flwr][INFO] - fit progress: (3, 66.81942451000214, {'accuracy': 0.6115, 'precision': 0.6878784429789097, 'recall': 0.6115, 'f1': 0.5820677433551016, 'confusion_matrix': array([[961,   2,   0,   0,   0,   3,   6,   5,   1,   2],
       [  0, 244, 874,   3,   0,   0,   2,   0,  11,   1],
       [  8,   0, 503, 476,   7,   2,   7,   1,  22,   6],
       [  1,   1,   3, 927,  21,   8,   1,   0,  14,  34],
       [  4,   0,   3,   3, 251, 623,  10,   4,   3,  81],
       [  9,   2,   0,  33,   3, 578, 247,   2,  11,   7],
       [  4,   3,   4,   0,   2,   8, 905,  30,   0,   2],
       [ 60,   0,  27, 175,   3,  21,   0, 301, 419,  22],
       [  5,   1,  10,  11,   8,   9,  16,   0, 542, 372],
       [ 61,   0,   4,   4,   5,  23,   0,   1,   8, 903]])}, 17.701092125000002)
[2024-07-08 16:50:35,689][flwr][INFO] - configure_evaluate: no clients selected, skipping evaluation
[2024-07-08 16:50:35,689][flwr][INFO] - 
[2024-07-08 16:50:35,689][flwr][INFO] - [ROUND 4]
[2024-07-08 16:50:35,690][flwr][INFO] - configure_fit: strategy sampled 10 clients (out of 10)
[2024-07-08 16:50:46,087][flwr][INFO] - aggregate_fit: received 10 results and 0 failures
[2024-07-08 16:50:46,423][flwr][INFO] - fit progress: (4, 56.10416632890701, {'accuracy': 0.7061, 'precision': 0.754866449226374, 'recall': 0.7061, 'f1': 0.6936418893735369, 'confusion_matrix': array([[944,  10,   1,   2,   0,   6,   9,   3,   3,   2],
       [  0, 619, 505,   5,   0,   0,   2,   0,   3,   1],
       [  7,   0, 607, 389,   7,   1,   6,   1,  13,   1],
       [  0,   0,   1, 941,  32,   3,   0,   0,   8,  25],
       [  1,   1,   5,   1, 304, 623,   8,   4,   3,  32],
       [  2,   1,   0,  51,   2, 671, 151,   0,   8,   6],
       [  2,   3,   2,   0,   3,   4, 920,  21,   1,   2],
       [ 21,   2,  28, 216,   2,  19,   0, 394, 326,  20],
       [  0,   3,   7,  11,  11,   7,  15,   0, 748, 172],
       [ 23,   3,   2,   8,  22,  28,   1,   0,   9, 913]])}, 24.4851385)
[2024-07-08 16:50:46,423][flwr][INFO] - configure_evaluate: no clients selected, skipping evaluation
[2024-07-08 16:50:46,424][flwr][INFO] - 
[2024-07-08 16:50:46,424][flwr][INFO] - [ROUND 5]
[2024-07-08 16:50:46,424][flwr][INFO] - configure_fit: strategy sampled 10 clients (out of 10)
[2024-07-08 16:50:51,609][flwr][INFO] - aggregate_fit: received 10 results and 0 failures
[2024-07-08 16:50:51,946][flwr][INFO] - fit progress: (5, 38.78176638484001, {'accuracy': 0.8377, 'precision': 0.85766120991096, 'recall': 0.8377, 'f1': 0.8361371919024517, 'confusion_matrix': array([[ 950,   12,    1,    1,    0,    3,    7,    2,    3,    1],
       [   0, 1116,   10,    3,    0,    0,    4,    0,    2,    0],
       [   7,    0,  724,  279,    5,    0,    6,    1,    9,    1],
       [   0,    2,    0,  961,   13,    3,    1,    0,   11,   19],
       [   1,    1,    4,    1,  551,  374,   11,    6,    5,   28],
       [   2,    4,    0,   25,    2,  641,  209,    0,    4,    5],
       [   2,    4,    1,    0,    0,    4,  931,   13,    3,    0],
       [  22,    3,   19,  110,    2,    6,    0,  774,   76,   16],
       [   0,    5,    3,   12,    4,    3,   21,    0,  818,  108],
       [  42,    5,    0,    6,   17,   19,    2,    1,    6,  911]])}, 30.008262208)
[2024-07-08 16:50:51,947][flwr][INFO] - configure_evaluate: no clients selected, skipping evaluation
[2024-07-08 16:50:51,947][flwr][INFO] - 
[2024-07-08 16:50:51,947][flwr][INFO] - [ROUND 6]
[2024-07-08 16:50:51,947][flwr][INFO] - configure_fit: strategy sampled 10 clients (out of 10)
[2024-07-08 16:50:57,125][flwr][INFO] - aggregate_fit: received 10 results and 0 failures
[2024-07-08 16:50:57,464][flwr][INFO] - fit progress: (6, 37.46128307282925, {'accuracy': 0.8452, 'precision': 0.8623619372981726, 'recall': 0.8452, 'f1': 0.8430634984129932, 'confusion_matrix': array([[ 951,   14,    0,    1,    0,    3,    6,    2,    2,    1],
       [   0, 1097,   24,    3,    0,    0,    4,    0,    4,    3],
       [   6,    1,  775,  228,    5,    1,    4,    1,    9,    2],
       [   0,    3,    0,  941,   27,    5,    2,    0,    9,   23],
       [   2,    0,    4,    0,  507,  415,   10,    4,    0,   40],
       [   2,    2,    0,   12,    2,  664,  203,    0,    1,    6],
       [   4,    4,    2,    1,    2,    2,  925,   15,    2,    1],
       [  15,    3,   19,   77,    3,    7,    0,  797,   64,   43],
       [   1,    4,    3,    8,    6,    6,   16,    0,  829,  101],
       [  13,    3,    0,    4,   10,    9,    2,    0,    2,  966]])}, 35.526201)
[2024-07-08 16:50:57,465][flwr][INFO] - configure_evaluate: no clients selected, skipping evaluation
[2024-07-08 16:50:57,465][flwr][INFO] - 
[2024-07-08 16:50:57,465][flwr][INFO] - [ROUND 7]
[2024-07-08 16:50:57,465][flwr][INFO] - configure_fit: strategy sampled 10 clients (out of 10)
[2024-07-08 16:51:02,572][flwr][INFO] - aggregate_fit: received 10 results and 0 failures
[2024-07-08 16:51:02,912][flwr][INFO] - fit progress: (7, 38.68552024662495, {'accuracy': 0.8185, 'precision': 0.836545428357522, 'recall': 0.8185, 'f1': 0.8163011652277585, 'confusion_matrix': array([[ 956,    9,    0,    1,    0,    2,    5,    3,    2,    2],
       [   0, 1104,   13,    4,    2,    0,    4,    2,    3,    3],
       [   3,    1,  633,  368,    8,    0,    1,    3,   12,    3],
       [   0,    0,    0,  887,   64,    5,    1,    2,    8,   43],
       [   1,    0,    4,    0,  540,  399,    7,    2,    2,   27],
       [   3,    2,    0,   13,    2,  535,  319,    0,    4,   14],
       [   4,    6,    1,    0,    5,    1,  916,   20,    4,    1],
       [   4,    2,   11,   43,    2,    0,    1,  877,   72,   16],
       [   1,    4,    1,    5,    8,    1,   14,    0,  777,  163],
       [  11,    4,    0,    2,   11,   12,    0,    2,    7,  960]])}, 40.973335125)
[2024-07-08 16:51:02,912][flwr][INFO] - configure_evaluate: no clients selected, skipping evaluation
[2024-07-08 16:51:02,912][flwr][INFO] - 
[2024-07-08 16:51:02,912][flwr][INFO] - [ROUND 8]
[2024-07-08 16:51:02,912][flwr][INFO] - configure_fit: strategy sampled 10 clients (out of 10)
[2024-07-08 16:51:08,004][flwr][INFO] - aggregate_fit: received 10 results and 0 failures
[2024-07-08 16:51:08,351][flwr][INFO] - fit progress: (8, 32.461559638381004, {'accuracy': 0.861, 'precision': 0.8773347833008224, 'recall': 0.861, 'f1': 0.8595624118399191, 'confusion_matrix': array([[ 963,    5,    0,    1,    0,    2,    4,    2,    3,    0],
       [   0, 1104,   11,    4,    1,    0,    2,    2,   10,    1],
       [   6,    1,  686,  305,    4,    1,    4,    7,   16,    2],
       [   0,    0,    0,  953,   15,    2,    1,    2,    8,   29],
       [   1,    0,    1,    1,  596,  346,   10,    3,    1,   23],
       [   3,    2,    0,   17,    2,  699,  157,    0,    4,    8],
       [   5,    3,    1,    0,    2,    2,  924,   16,    4,    1],
       [   5,    1,    7,   40,    1,    1,    0,  908,   52,   13],
       [   0,    3,    0,    8,    6,    5,    9,    0,  815,  128],
       [  10,    3,    0,    3,   14,   10,    0,    4,    3,  962]])}, 46.412688708)
[2024-07-08 16:51:08,352][flwr][INFO] - configure_evaluate: no clients selected, skipping evaluation
[2024-07-08 16:51:08,352][flwr][INFO] - 
[2024-07-08 16:51:08,352][flwr][INFO] - [ROUND 9]
[2024-07-08 16:51:08,352][flwr][INFO] - configure_fit: strategy sampled 10 clients (out of 10)
[2024-07-08 16:51:13,938][flwr][INFO] - aggregate_fit: received 10 results and 0 failures
[2024-07-08 16:51:14,275][flwr][INFO] - fit progress: (9, 27.679721400141716, {'accuracy': 0.9044, 'precision': 0.9074165782032998, 'recall': 0.9044, 'f1': 0.9040836368357593, 'confusion_matrix': array([[ 963,    5,    0,    2,    1,    0,    2,    2,    4,    1],
       [   0, 1116,    3,    3,    1,    0,    2,    2,    5,    3],
       [   3,    2,  838,  145,    5,    0,    1,   13,   23,    2],
       [   2,    0,    1,  877,   61,    8,    0,    2,   17,   42],
       [   3,    0,    1,    1,  827,  109,    6,    6,    0,   29],
       [   3,    3,    0,   10,    4,  708,  149,    0,    4,   11],
       [   5,    3,    1,    0,    4,    2,  927,   11,    5,    0],
       [   3,    1,    7,   14,    2,    0,    0,  945,   36,   20],
       [   1,    4,    1,    4,    6,    3,    3,    0,  882,   70],
       [  25,    3,    0,    2,   10,    3,    0,    3,    2,  961]])}, 52.336297333)
[2024-07-08 16:51:14,275][flwr][INFO] - configure_evaluate: no clients selected, skipping evaluation
[2024-07-08 16:51:14,275][flwr][INFO] - 
[2024-07-08 16:51:14,275][flwr][INFO] - [ROUND 10]
[2024-07-08 16:51:14,276][flwr][INFO] - configure_fit: strategy sampled 10 clients (out of 10)
[2024-07-08 16:51:19,406][flwr][INFO] - aggregate_fit: received 10 results and 0 failures
[2024-07-08 16:51:19,744][flwr][INFO] - fit progress: (10, 24.716634817421436, {'accuracy': 0.9136, 'precision': 0.9174796090529295, 'recall': 0.9136, 'f1': 0.9133924909075242, 'confusion_matrix': array([[ 956,   10,    0,    2,    1,    0,    4,    2,    4,    1],
       [   0, 1113,    8,    2,    1,    0,    2,    3,    6,    0],
       [   3,    3,  801,  196,    3,    0,    1,    8,   15,    2],
       [   0,    0,    1,  901,   47,    6,    0,    4,   12,   39],
       [   2,    0,    2,    0,  896,   40,   10,    4,    3,   25],
       [   3,    3,    0,   10,    3,  735,  116,    1,    9,   12],
       [   5,    3,    2,    0,    4,    2,  911,   25,    6,    0],
       [   0,    1,    8,   21,    2,    2,    0,  955,   26,   13],
       [   0,    3,    1,    8,    4,    2,    4,    3,  901,   48],
       [  16,    4,    0,    2,   13,    2,    0,    3,    2,  967]])}, 57.805235499999995)
[2024-07-08 16:51:19,744][flwr][INFO] - configure_evaluate: no clients selected, skipping evaluation
[2024-07-08 16:51:19,745][flwr][INFO] - 
[2024-07-08 16:51:19,745][flwr][INFO] - [SUMMARY]
[2024-07-08 16:51:19,745][flwr][INFO] - Run finished 10 round(s) in 57.81s
[2024-07-08 16:51:19,748][flwr][INFO] - 	History (loss, centralized):
[2024-07-08 16:51:19,749][flwr][INFO] - 		round 0: 181.76928067207336
[2024-07-08 16:51:19,749][flwr][INFO] - 		round 1: 121.72354459762573
[2024-07-08 16:51:19,749][flwr][INFO] - 		round 2: 77.24875020980835
[2024-07-08 16:51:19,749][flwr][INFO] - 		round 3: 66.81942451000214
[2024-07-08 16:51:19,749][flwr][INFO] - 		round 4: 56.10416632890701
[2024-07-08 16:51:19,749][flwr][INFO] - 		round 5: 38.78176638484001
[2024-07-08 16:51:19,749][flwr][INFO] - 		round 6: 37.46128307282925
[2024-07-08 16:51:19,749][flwr][INFO] - 		round 7: 38.68552024662495
[2024-07-08 16:51:19,749][flwr][INFO] - 		round 8: 32.461559638381004
[2024-07-08 16:51:19,749][flwr][INFO] - 		round 9: 27.679721400141716
[2024-07-08 16:51:19,749][flwr][INFO] - 		round 10: 24.716634817421436
[2024-07-08 16:51:19,749][flwr][INFO] - 	History (metrics, centralized):
[2024-07-08 16:51:19,749][flwr][INFO] - 	{'accuracy': [(0, 0.1086),
[2024-07-08 16:51:19,749][flwr][INFO] - 	              (1, 0.6234),
[2024-07-08 16:51:19,749][flwr][INFO] - 	              (2, 0.6122),
[2024-07-08 16:51:19,749][flwr][INFO] - 	              (3, 0.6115),
[2024-07-08 16:51:19,749][flwr][INFO] - 	              (4, 0.7061),
[2024-07-08 16:51:19,749][flwr][INFO] - 	              (5, 0.8377),
[2024-07-08 16:51:19,749][flwr][INFO] - 	              (6, 0.8452),
[2024-07-08 16:51:19,749][flwr][INFO] - 	              (7, 0.8185),
[2024-07-08 16:51:19,749][flwr][INFO] - 	              (8, 0.861),
[2024-07-08 16:51:19,749][flwr][INFO] - 	              (9, 0.9044),
[2024-07-08 16:51:19,749][flwr][INFO] - 	              (10, 0.9136)],
[2024-07-08 16:51:19,749][flwr][INFO] - 	 'confusion_matrix': [(0,
[2024-07-08 16:51:19,749][flwr][INFO] - 	                       array([[   0,    8,    0,  956,    0,    1,    0,   15,    0,    0],
[2024-07-08 16:51:19,749][flwr][INFO] - 	       [   0,  122,    0, 1013,    0,    0,    0,    0,    0,    0],
[2024-07-08 16:51:19,749][flwr][INFO] - 	       [   0,   38,    0,  971,    0,    0,    3,   19,    1,    0],
[2024-07-08 16:51:19,749][flwr][INFO] - 	       [   0,   44,    0,  945,    1,    1,    0,   17,    2,    0],
[2024-07-08 16:51:19,749][flwr][INFO] - 	       [   0,  143,    0,  816,    1,    0,    2,   20,    0,    0],
[2024-07-08 16:51:19,749][flwr][INFO] - 	       [   0,  118,    0,  735,    1,    7,    0,   30,    1,    0],
[2024-07-08 16:51:19,749][flwr][INFO] - 	       [   0,  144,    0,  749,   25,    0,    2,   38,    0,    0],
[2024-07-08 16:51:19,749][flwr][INFO] - 	       [   0,  272,    0,  724,    8,    0,    0,    9,   15,    0],
[2024-07-08 16:51:19,749][flwr][INFO] - 	       [   0,   81,    0,  859,    1,    0,    1,   32,    0,    0],
[2024-07-08 16:51:19,749][flwr][INFO] - 	       [   0,  178,    0,  799,    1,    0,    0,   31,    0,    0]])),
[2024-07-08 16:51:19,749][flwr][INFO] - 	                      (1,
[2024-07-08 16:51:19,749][flwr][INFO] - 	                       array([[ 944,    0,    1,    7,    0,   10,    9,    8,    1,    0],
[2024-07-08 16:51:19,749][flwr][INFO] - 	       [   0,    0, 1092,    6,    0,    1,    5,   16,    6,    9],
[2024-07-08 16:51:19,749][flwr][INFO] - 	       [   9,    0,  848,  109,    3,    1,   12,   20,   22,    8],
[2024-07-08 16:51:19,749][flwr][INFO] - 	       [   8,    0,   20,  840,   39,   17,   20,   15,   29,   22],
[2024-07-08 16:51:19,749][flwr][INFO] - 	       [   7,    0,   13,    0,  510,   61,   80,   76,    4,  231],
[2024-07-08 16:51:19,749][flwr][INFO] - 	       [  94,    0,   11,   78,   34,  307,  274,   37,   27,   30],
[2024-07-08 16:51:19,749][flwr][INFO] - 	       [  18,    0,   38,    6,    0,   11,  848,   28,    0,    9],
[2024-07-08 16:51:19,749][flwr][INFO] - 	       [   5,    0,   17,   55,    3,    0,    0,  732,  125,   91],
[2024-07-08 16:51:19,749][flwr][INFO] - 	       [  21,    0,   31,   88,   31,    8,   52,    9,  339,  395],
[2024-07-08 16:51:19,750][flwr][INFO] - 	       [  16,    0,    3,    9,   26,    1,    2,   78,    8,  866]])),
[2024-07-08 16:51:19,750][flwr][INFO] - 	                      (2,
[2024-07-08 16:51:19,750][flwr][INFO] - 	                       array([[ 947,    0,    0,    2,    0,    6,   22,    1,    0,    2],
[2024-07-08 16:51:19,750][flwr][INFO] - 	       [   0,    0, 1120,    4,    0,    2,    6,    0,    0,    3],
[2024-07-08 16:51:19,750][flwr][INFO] - 	       [  11,    0,  704,  262,    5,    6,    8,    2,   29,    5],
[2024-07-08 16:51:19,750][flwr][INFO] - 	       [   0,    0,    6,  924,   27,   15,    5,    0,   16,   17],
[2024-07-08 16:51:19,750][flwr][INFO] - 	       [   1,    0,    4,    0,  429,  476,   20,    2,    2,   48],
[2024-07-08 16:51:19,750][flwr][INFO] - 	       [   6,    0,    1,   52,    1,  641,  167,    0,   16,    8],
[2024-07-08 16:51:19,750][flwr][INFO] - 	       [   4,    0,    5,    0,    1,    8,  931,    7,    1,    1],
[2024-07-08 16:51:19,750][flwr][INFO] - 	       [  32,    0,   32,  148,    3,   38,    0,   65,  634,   76],
[2024-07-08 16:51:19,750][flwr][INFO] - 	       [   8,    0,   19,   29,   14,   24,   40,    0,  573,  267],
[2024-07-08 16:51:19,750][flwr][INFO] - 	       [  20,    0,    4,    6,   26,   36,    1,    1,    7,  908]])),
[2024-07-08 16:51:19,750][flwr][INFO] - 	                      (3,
[2024-07-08 16:51:19,750][flwr][INFO] - 	                       array([[961,   2,   0,   0,   0,   3,   6,   5,   1,   2],
[2024-07-08 16:51:19,750][flwr][INFO] - 	       [  0, 244, 874,   3,   0,   0,   2,   0,  11,   1],
[2024-07-08 16:51:19,750][flwr][INFO] - 	       [  8,   0, 503, 476,   7,   2,   7,   1,  22,   6],
[2024-07-08 16:51:19,750][flwr][INFO] - 	       [  1,   1,   3, 927,  21,   8,   1,   0,  14,  34],
[2024-07-08 16:51:19,750][flwr][INFO] - 	       [  4,   0,   3,   3, 251, 623,  10,   4,   3,  81],
[2024-07-08 16:51:19,750][flwr][INFO] - 	       [  9,   2,   0,  33,   3, 578, 247,   2,  11,   7],
[2024-07-08 16:51:19,750][flwr][INFO] - 	       [  4,   3,   4,   0,   2,   8, 905,  30,   0,   2],
[2024-07-08 16:51:19,750][flwr][INFO] - 	       [ 60,   0,  27, 175,   3,  21,   0, 301, 419,  22],
[2024-07-08 16:51:19,750][flwr][INFO] - 	       [  5,   1,  10,  11,   8,   9,  16,   0, 542, 372],
[2024-07-08 16:51:19,750][flwr][INFO] - 	       [ 61,   0,   4,   4,   5,  23,   0,   1,   8, 903]])),
[2024-07-08 16:51:19,750][flwr][INFO] - 	                      (4,
[2024-07-08 16:51:19,750][flwr][INFO] - 	                       array([[944,  10,   1,   2,   0,   6,   9,   3,   3,   2],
[2024-07-08 16:51:19,750][flwr][INFO] - 	       [  0, 619, 505,   5,   0,   0,   2,   0,   3,   1],
[2024-07-08 16:51:19,750][flwr][INFO] - 	       [  7,   0, 607, 389,   7,   1,   6,   1,  13,   1],
[2024-07-08 16:51:19,750][flwr][INFO] - 	       [  0,   0,   1, 941,  32,   3,   0,   0,   8,  25],
[2024-07-08 16:51:19,750][flwr][INFO] - 	       [  1,   1,   5,   1, 304, 623,   8,   4,   3,  32],
[2024-07-08 16:51:19,750][flwr][INFO] - 	       [  2,   1,   0,  51,   2, 671, 151,   0,   8,   6],
[2024-07-08 16:51:19,750][flwr][INFO] - 	       [  2,   3,   2,   0,   3,   4, 920,  21,   1,   2],
[2024-07-08 16:51:19,750][flwr][INFO] - 	       [ 21,   2,  28, 216,   2,  19,   0, 394, 326,  20],
[2024-07-08 16:51:19,750][flwr][INFO] - 	       [  0,   3,   7,  11,  11,   7,  15,   0, 748, 172],
[2024-07-08 16:51:19,750][flwr][INFO] - 	       [ 23,   3,   2,   8,  22,  28,   1,   0,   9, 913]])),
[2024-07-08 16:51:19,750][flwr][INFO] - 	                      (5,
[2024-07-08 16:51:19,750][flwr][INFO] - 	                       array([[ 950,   12,    1,    1,    0,    3,    7,    2,    3,    1],
[2024-07-08 16:51:19,750][flwr][INFO] - 	       [   0, 1116,   10,    3,    0,    0,    4,    0,    2,    0],
[2024-07-08 16:51:19,750][flwr][INFO] - 	       [   7,    0,  724,  279,    5,    0,    6,    1,    9,    1],
[2024-07-08 16:51:19,750][flwr][INFO] - 	       [   0,    2,    0,  961,   13,    3,    1,    0,   11,   19],
[2024-07-08 16:51:19,750][flwr][INFO] - 	       [   1,    1,    4,    1,  551,  374,   11,    6,    5,   28],
[2024-07-08 16:51:19,750][flwr][INFO] - 	       [   2,    4,    0,   25,    2,  641,  209,    0,    4,    5],
[2024-07-08 16:51:19,750][flwr][INFO] - 	       [   2,    4,    1,    0,    0,    4,  931,   13,    3,    0],
[2024-07-08 16:51:19,750][flwr][INFO] - 	       [  22,    3,   19,  110,    2,    6,    0,  774,   76,   16],
[2024-07-08 16:51:19,750][flwr][INFO] - 	       [   0,    5,    3,   12,    4,    3,   21,    0,  818,  108],
[2024-07-08 16:51:19,750][flwr][INFO] - 	       [  42,    5,    0,    6,   17,   19,    2,    1,    6,  911]])),
[2024-07-08 16:51:19,750][flwr][INFO] - 	                      (6,
[2024-07-08 16:51:19,750][flwr][INFO] - 	                       array([[ 951,   14,    0,    1,    0,    3,    6,    2,    2,    1],
[2024-07-08 16:51:19,750][flwr][INFO] - 	       [   0, 1097,   24,    3,    0,    0,    4,    0,    4,    3],
[2024-07-08 16:51:19,750][flwr][INFO] - 	       [   6,    1,  775,  228,    5,    1,    4,    1,    9,    2],
[2024-07-08 16:51:19,751][flwr][INFO] - 	       [   0,    3,    0,  941,   27,    5,    2,    0,    9,   23],
[2024-07-08 16:51:19,751][flwr][INFO] - 	       [   2,    0,    4,    0,  507,  415,   10,    4,    0,   40],
[2024-07-08 16:51:19,751][flwr][INFO] - 	       [   2,    2,    0,   12,    2,  664,  203,    0,    1,    6],
[2024-07-08 16:51:19,751][flwr][INFO] - 	       [   4,    4,    2,    1,    2,    2,  925,   15,    2,    1],
[2024-07-08 16:51:19,751][flwr][INFO] - 	       [  15,    3,   19,   77,    3,    7,    0,  797,   64,   43],
[2024-07-08 16:51:19,751][flwr][INFO] - 	       [   1,    4,    3,    8,    6,    6,   16,    0,  829,  101],
[2024-07-08 16:51:19,751][flwr][INFO] - 	       [  13,    3,    0,    4,   10,    9,    2,    0,    2,  966]])),
[2024-07-08 16:51:19,751][flwr][INFO] - 	                      (7,
[2024-07-08 16:51:19,751][flwr][INFO] - 	                       array([[ 956,    9,    0,    1,    0,    2,    5,    3,    2,    2],
[2024-07-08 16:51:19,751][flwr][INFO] - 	       [   0, 1104,   13,    4,    2,    0,    4,    2,    3,    3],
[2024-07-08 16:51:19,751][flwr][INFO] - 	       [   3,    1,  633,  368,    8,    0,    1,    3,   12,    3],
[2024-07-08 16:51:19,751][flwr][INFO] - 	       [   0,    0,    0,  887,   64,    5,    1,    2,    8,   43],
[2024-07-08 16:51:19,751][flwr][INFO] - 	       [   1,    0,    4,    0,  540,  399,    7,    2,    2,   27],
[2024-07-08 16:51:19,751][flwr][INFO] - 	       [   3,    2,    0,   13,    2,  535,  319,    0,    4,   14],
[2024-07-08 16:51:19,751][flwr][INFO] - 	       [   4,    6,    1,    0,    5,    1,  916,   20,    4,    1],
[2024-07-08 16:51:19,751][flwr][INFO] - 	       [   4,    2,   11,   43,    2,    0,    1,  877,   72,   16],
[2024-07-08 16:51:19,751][flwr][INFO] - 	       [   1,    4,    1,    5,    8,    1,   14,    0,  777,  163],
[2024-07-08 16:51:19,751][flwr][INFO] - 	       [  11,    4,    0,    2,   11,   12,    0,    2,    7,  960]])),
[2024-07-08 16:51:19,751][flwr][INFO] - 	                      (8,
[2024-07-08 16:51:19,751][flwr][INFO] - 	                       array([[ 963,    5,    0,    1,    0,    2,    4,    2,    3,    0],
[2024-07-08 16:51:19,751][flwr][INFO] - 	       [   0, 1104,   11,    4,    1,    0,    2,    2,   10,    1],
[2024-07-08 16:51:19,751][flwr][INFO] - 	       [   6,    1,  686,  305,    4,    1,    4,    7,   16,    2],
[2024-07-08 16:51:19,751][flwr][INFO] - 	       [   0,    0,    0,  953,   15,    2,    1,    2,    8,   29],
[2024-07-08 16:51:19,751][flwr][INFO] - 	       [   1,    0,    1,    1,  596,  346,   10,    3,    1,   23],
[2024-07-08 16:51:19,751][flwr][INFO] - 	       [   3,    2,    0,   17,    2,  699,  157,    0,    4,    8],
[2024-07-08 16:51:19,751][flwr][INFO] - 	       [   5,    3,    1,    0,    2,    2,  924,   16,    4,    1],
[2024-07-08 16:51:19,751][flwr][INFO] - 	       [   5,    1,    7,   40,    1,    1,    0,  908,   52,   13],
[2024-07-08 16:51:19,751][flwr][INFO] - 	       [   0,    3,    0,    8,    6,    5,    9,    0,  815,  128],
[2024-07-08 16:51:19,751][flwr][INFO] - 	       [  10,    3,    0,    3,   14,   10,    0,    4,    3,  962]])),
[2024-07-08 16:51:19,751][flwr][INFO] - 	                      (9,
[2024-07-08 16:51:19,751][flwr][INFO] - 	                       array([[ 963,    5,    0,    2,    1,    0,    2,    2,    4,    1],
[2024-07-08 16:51:19,751][flwr][INFO] - 	       [   0, 1116,    3,    3,    1,    0,    2,    2,    5,    3],
[2024-07-08 16:51:19,751][flwr][INFO] - 	       [   3,    2,  838,  145,    5,    0,    1,   13,   23,    2],
[2024-07-08 16:51:19,751][flwr][INFO] - 	       [   2,    0,    1,  877,   61,    8,    0,    2,   17,   42],
[2024-07-08 16:51:19,751][flwr][INFO] - 	       [   3,    0,    1,    1,  827,  109,    6,    6,    0,   29],
[2024-07-08 16:51:19,751][flwr][INFO] - 	       [   3,    3,    0,   10,    4,  708,  149,    0,    4,   11],
[2024-07-08 16:51:19,751][flwr][INFO] - 	       [   5,    3,    1,    0,    4,    2,  927,   11,    5,    0],
[2024-07-08 16:51:19,751][flwr][INFO] - 	       [   3,    1,    7,   14,    2,    0,    0,  945,   36,   20],
[2024-07-08 16:51:19,751][flwr][INFO] - 	       [   1,    4,    1,    4,    6,    3,    3,    0,  882,   70],
[2024-07-08 16:51:19,751][flwr][INFO] - 	       [  25,    3,    0,    2,   10,    3,    0,    3,    2,  961]])),
[2024-07-08 16:51:19,751][flwr][INFO] - 	                      (10,
[2024-07-08 16:51:19,751][flwr][INFO] - 	                       array([[ 956,   10,    0,    2,    1,    0,    4,    2,    4,    1],
[2024-07-08 16:51:19,751][flwr][INFO] - 	       [   0, 1113,    8,    2,    1,    0,    2,    3,    6,    0],
[2024-07-08 16:51:19,751][flwr][INFO] - 	       [   3,    3,  801,  196,    3,    0,    1,    8,   15,    2],
[2024-07-08 16:51:19,751][flwr][INFO] - 	       [   0,    0,    1,  901,   47,    6,    0,    4,   12,   39],
[2024-07-08 16:51:19,751][flwr][INFO] - 	       [   2,    0,    2,    0,  896,   40,   10,    4,    3,   25],
[2024-07-08 16:51:19,751][flwr][INFO] - 	       [   3,    3,    0,   10,    3,  735,  116,    1,    9,   12],
[2024-07-08 16:51:19,751][flwr][INFO] - 	       [   5,    3,    2,    0,    4,    2,  911,   25,    6,    0],
[2024-07-08 16:51:19,751][flwr][INFO] - 	       [   0,    1,    8,   21,    2,    2,    0,  955,   26,   13],
[2024-07-08 16:51:19,752][flwr][INFO] - 	       [   0,    3,    1,    8,    4,    2,    4,    3,  901,   48],
[2024-07-08 16:51:19,752][flwr][INFO] - 	       [  16,    4,    0,    2,   13,    2,    0,    3,    2,  967]]))],
[2024-07-08 16:51:19,752][flwr][INFO] - 	 'f1': [(0, 0.03553137346181725),
[2024-07-08 16:51:19,752][flwr][INFO] - 	        (1, 0.5784759008754562),
[2024-07-08 16:51:19,752][flwr][INFO] - 	        (2, 0.5510625532915538),
[2024-07-08 16:51:19,752][flwr][INFO] - 	        (3, 0.5820677433551016),
[2024-07-08 16:51:19,752][flwr][INFO] - 	        (4, 0.6936418893735369),
[2024-07-08 16:51:19,752][flwr][INFO] - 	        (5, 0.8361371919024517),
[2024-07-08 16:51:19,752][flwr][INFO] - 	        (6, 0.8430634984129932),
[2024-07-08 16:51:19,752][flwr][INFO] - 	        (7, 0.8163011652277585),
[2024-07-08 16:51:19,752][flwr][INFO] - 	        (8, 0.8595624118399191),
[2024-07-08 16:51:19,752][flwr][INFO] - 	        (9, 0.9040836368357593),
[2024-07-08 16:51:19,752][flwr][INFO] - 	        (10, 0.9133924909075242)],
[2024-07-08 16:51:19,752][flwr][INFO] - 	 'precision': [(0, 0.12349967530374152),
[2024-07-08 16:51:19,752][flwr][INFO] - 	               (1, 0.5863674841479094),
[2024-07-08 16:51:19,752][flwr][INFO] - 	               (2, 0.5951422042377109),
[2024-07-08 16:51:19,752][flwr][INFO] - 	               (3, 0.6878784429789097),
[2024-07-08 16:51:19,752][flwr][INFO] - 	               (4, 0.754866449226374),
[2024-07-08 16:51:19,752][flwr][INFO] - 	               (5, 0.85766120991096),
[2024-07-08 16:51:19,752][flwr][INFO] - 	               (6, 0.8623619372981726),
[2024-07-08 16:51:19,752][flwr][INFO] - 	               (7, 0.836545428357522),
[2024-07-08 16:51:19,752][flwr][INFO] - 	               (8, 0.8773347833008224),
[2024-07-08 16:51:19,752][flwr][INFO] - 	               (9, 0.9074165782032998),
[2024-07-08 16:51:19,752][flwr][INFO] - 	               (10, 0.9174796090529295)],
[2024-07-08 16:51:19,752][flwr][INFO] - 	 'recall': [(0, 0.1086),
[2024-07-08 16:51:19,752][flwr][INFO] - 	            (1, 0.6234),
[2024-07-08 16:51:19,752][flwr][INFO] - 	            (2, 0.6122),
[2024-07-08 16:51:19,752][flwr][INFO] - 	            (3, 0.6115),
[2024-07-08 16:51:19,752][flwr][INFO] - 	            (4, 0.7061),
[2024-07-08 16:51:19,752][flwr][INFO] - 	            (5, 0.8377),
[2024-07-08 16:51:19,752][flwr][INFO] - 	            (6, 0.8452),
[2024-07-08 16:51:19,752][flwr][INFO] - 	            (7, 0.8185),
[2024-07-08 16:51:19,752][flwr][INFO] - 	            (8, 0.861),
[2024-07-08 16:51:19,752][flwr][INFO] - 	            (9, 0.9044),
[2024-07-08 16:51:19,752][flwr][INFO] - 	            (10, 0.9136)]}
[2024-07-08 16:51:19,752][flwr][INFO] - 
