[2024-06-21 14:18:18,530][flwr][INFO] - Starting Flower simulation, config: num_rounds=10, no round_timeout
[2024-06-21 14:18:20,542][flwr][INFO] - Flower VCE: Ray initialized with resources: {'node:__internal_head__': 1.0, 'node:127.0.0.1': 1.0, 'object_store_memory': 2147483648.0, 'CPU': 12.0, 'memory': 9741289063.0}
[2024-06-21 14:18:20,542][flwr][INFO] - Optimize your simulation with Flower VCE: https://flower.ai/docs/framework/how-to-run-simulations.html
[2024-06-21 14:18:20,542][flwr][INFO] - Flower VCE: Resources for each Virtual Client: {'num_cpus': 2, 'num_gpus': 0}
[2024-06-21 14:18:20,548][flwr][INFO] - Flower VCE: Creating VirtualClientEngineActorPool with 6 actors
[2024-06-21 14:18:20,548][flwr][INFO] - [INIT]
[2024-06-21 14:18:20,548][flwr][INFO] - Requesting initial parameters from one random client
[2024-06-21 14:18:22,123][flwr][INFO] - Received initial parameters from one random client
[2024-06-21 14:18:22,123][flwr][INFO] - Evaluating initial global parameters
[2024-06-21 14:18:22,467][flwr][INFO] - initial parameters (loss, other metrics): 181.76928067207336, {'accuracy': 0.1086, 'precision': 0.12349967530374152, 'recall': 0.1086, 'f1': 0.03553137346181725, 'confusion_matrix': array([[   0,    8,    0,  956,    0,    1,    0,   15,    0,    0],
       [   0,  122,    0, 1013,    0,    0,    0,    0,    0,    0],
       [   0,   38,    0,  971,    0,    0,    3,   19,    1,    0],
       [   0,   44,    0,  945,    1,    1,    0,   17,    2,    0],
       [   0,  143,    0,  816,    1,    0,    2,   20,    0,    0],
       [   0,  118,    0,  735,    1,    7,    0,   30,    1,    0],
       [   0,  144,    0,  749,   25,    0,    2,   38,    0,    0],
       [   0,  272,    0,  724,    8,    0,    0,    9,   15,    0],
       [   0,   81,    0,  859,    1,    0,    1,   32,    0,    0],
       [   0,  178,    0,  799,    1,    0,    0,   31,    0,    0]])}
[2024-06-21 14:18:22,467][flwr][INFO] - 
[2024-06-21 14:18:22,467][flwr][INFO] - [ROUND 1]
[2024-06-21 14:18:22,468][flwr][INFO] - configure_fit: strategy sampled 10 clients (out of 100)
[2024-06-21 14:18:30,367][flwr][INFO] - aggregate_fit: received 10 results and 0 failures
[2024-06-21 14:18:30,373][flwr][WARNING] - No fit_metrics_aggregation_fn provided
[2024-06-21 14:18:30,755][flwr][INFO] - fit progress: (1, 309.3779571056366, {'accuracy': 0.0155, 'precision': 0.01810231914446441, 'recall': 0.0155, 'f1': 0.015492592986790364, 'confusion_matrix': array([[   7,  910,    0,    3,   21,    3,    7,   26,    2,    1],
       [   1,    0, 1112,    4,    2,    0,    0,    6,    2,    8],
       [  12,   20,   15,  842,   39,    9,    0,   41,   38,   16],
       [  15,    0,   12,   26,  903,    0,    1,    7,   45,    1],
       [ 510,    6,   11,    3,    2,  363,    1,   27,   54,    5],
       [  76,   19,   36,    6,  310,   25,  332,   39,   38,   11],
       [   5,   16,    9,   24,    2,    7,   15,  878,    2,    0],
       [  19,    1,   20,   14,    4,    3,    0,    0,  963,    4],
       [  75,   17,   39,   13,  271,    2,   24,   33,   64,  436],
       [ 663,   12,    5,    2,   17,    6,    1,    2,  300,    1]])}, 8.199304166000001)
[2024-06-21 14:18:30,755][flwr][INFO] - configure_evaluate: no clients selected, skipping evaluation
[2024-06-21 14:18:30,755][flwr][INFO] - 
[2024-06-21 14:18:30,755][flwr][INFO] - [ROUND 2]
[2024-06-21 14:18:30,756][flwr][INFO] - configure_fit: strategy sampled 10 clients (out of 100)
[2024-06-21 14:18:36,424][flwr][INFO] - aggregate_fit: received 10 results and 0 failures
[2024-06-21 14:18:36,756][flwr][INFO] - fit progress: (2, 526.098418712616, {'accuracy': 0.0082, 'precision': 0.008926968690997548, 'recall': 0.0082, 'f1': 0.008470534922811275, 'confusion_matrix': array([[   0,  938,    0,    2,   10,    0,    2,   20,    1,    7],
       [   1,    0, 1110,    6,    4,    0,    0,    4,    1,    9],
       [   2,    9,   13,  871,   31,   10,    0,   47,   21,   28],
       [   4,    3,    3,   21,  924,    0,    7,    4,   26,   18],
       [ 118,    0,    8,    3,    0,  806,    0,   40,    2,    5],
       [  33,   14,    9,    5,  137,   12,  601,   44,   13,   24],
       [   0,    8,    4,    3,    3,    8,   16,  916,    0,    0],
       [  32,    2,   26,   22,    3,    9,    0,    0,  930,    4],
       [  26,    8,   20,   16,   72,    7,   16,   38,   14,  757],
       [ 873,    9,    9,    3,   14,   20,    2,    7,   66,    6]])}, 14.200110375000001)
[2024-06-21 14:18:36,756][flwr][INFO] - configure_evaluate: no clients selected, skipping evaluation
[2024-06-21 14:18:36,756][flwr][INFO] - 
[2024-06-21 14:18:36,756][flwr][INFO] - [ROUND 3]
[2024-06-21 14:18:36,756][flwr][INFO] - configure_fit: strategy sampled 10 clients (out of 100)
[2024-06-21 14:18:42,011][flwr][INFO] - aggregate_fit: received 10 results and 0 failures
[2024-06-21 14:18:42,374][flwr][INFO] - fit progress: (3, 603.8854928016663, {'accuracy': 0.0087, 'precision': 0.00889522419863175, 'recall': 0.0087, 'f1': 0.008767008516072537, 'confusion_matrix': array([[   1,  957,    0,    2,    1,    0,    5,   11,    1,    2],
       [   1,    0, 1094,    3,    3,    1,    2,    3,    1,   27],
       [   4,   14,    8,  876,   29,   22,    0,   20,   20,   39],
       [  10,    4,    2,   20,  905,    1,   21,    2,   19,   26],
       [  39,    0,    1,    3,    0,  918,    0,   18,    0,    3],
       [  14,   17,    4,    8,   49,   19,  736,   19,    6,   20],
       [   0,    9,    3,    3,    0,   13,   25,  904,    0,    1],
       [  85,    2,   13,   19,    4,   11,    0,    0,  886,    8],
       [  29,    4,   11,    7,   31,   16,   39,   17,    5,  815],
       [ 897,   11,    6,    5,    8,   55,    6,    2,   10,    9]])}, 19.818286541)
[2024-06-21 14:18:42,374][flwr][INFO] - configure_evaluate: no clients selected, skipping evaluation
[2024-06-21 14:18:42,374][flwr][INFO] - 
[2024-06-21 14:18:42,374][flwr][INFO] - [ROUND 4]
[2024-06-21 14:18:42,375][flwr][INFO] - configure_fit: strategy sampled 10 clients (out of 100)
[2024-06-21 14:18:47,151][flwr][INFO] - aggregate_fit: received 10 results and 0 failures
[2024-06-21 14:18:47,479][flwr][INFO] - fit progress: (4, 631.0114469528198, {'accuracy': 0.0077, 'precision': 0.007867448337004507, 'recall': 0.0077, 'f1': 0.007763481326769286, 'confusion_matrix': array([[   0,  965,    0,    2,    1,    0,    5,    4,    1,    2],
       [   0,    0, 1115,    4,    3,    0,    1,    3,    1,    8],
       [   3,   13,   12,  913,   23,   18,    0,   14,   14,   22],
       [   7,    3,    3,   18,  919,    0,   18,    2,   19,   21],
       [  82,    2,    9,    5,    2,  862,    1,   12,    2,    5],
       [  10,   17,    6,    9,   44,   10,  753,   13,    9,   21],
       [   0,   19,    5,    4,    0,   15,   20,  893,    0,    2],
       [  33,    2,   18,   24,    6,    8,    0,    0,  934,    3],
       [  23,    6,   26,   12,   32,   10,   30,   14,    7,  814],
       [ 926,   14,    7,    2,   12,   17,    6,    1,   16,    8]])}, 24.923552666)
[2024-06-21 14:18:47,480][flwr][INFO] - configure_evaluate: no clients selected, skipping evaluation
[2024-06-21 14:18:47,480][flwr][INFO] - 
[2024-06-21 14:18:47,480][flwr][INFO] - [ROUND 5]
[2024-06-21 14:18:47,480][flwr][INFO] - configure_fit: strategy sampled 10 clients (out of 100)
[2024-06-21 14:18:52,060][flwr][INFO] - aggregate_fit: received 10 results and 0 failures
[2024-06-21 14:18:52,403][flwr][INFO] - fit progress: (5, 645.1082711219788, {'accuracy': 0.0057, 'precision': 0.005814867982500721, 'recall': 0.0057, 'f1': 0.005745484048015047, 'confusion_matrix': array([[   1,  964,    0,    0,    1,    0,    3,    7,    1,    3],
       [   1,    0, 1097,    3,    3,    1,    0,    4,    1,   25],
       [  11,   15,    6,  892,   26,   19,    0,   14,   14,   35],
       [   8,    3,    1,   16,  923,    1,   21,    3,   15,   19],
       [  80,    2,    1,    2,    0,  884,    0,   10,    0,    3],
       [  14,   15,    2,    4,   28,   11,  767,   22,    6,   23],
       [   0,    9,    3,    3,    0,   23,   10,  906,    0,    4],
       [  59,    2,   10,   21,    7,   11,    0,    0,  913,    5],
       [  23,    5,    5,    4,   24,   12,   24,   13,    5,  859],
       [ 933,   10,    6,    1,   11,   28,    5,    1,    6,    8]])}, 29.847096583)
[2024-06-21 14:18:52,403][flwr][INFO] - configure_evaluate: no clients selected, skipping evaluation
[2024-06-21 14:18:52,403][flwr][INFO] - 
[2024-06-21 14:18:52,403][flwr][INFO] - [ROUND 6]
[2024-06-21 14:18:52,404][flwr][INFO] - configure_fit: strategy sampled 10 clients (out of 100)
[2024-06-21 14:18:56,936][flwr][INFO] - aggregate_fit: received 10 results and 0 failures
[2024-06-21 14:18:57,269][flwr][INFO] - fit progress: (6, 730.4503011703491, {'accuracy': 0.0083, 'precision': 0.008283916234125865, 'recall': 0.0083, 'f1': 0.008285653036898332, 'confusion_matrix': array([[   1,  956,    0,    0,    1,    0,    6,   11,    1,    4],
       [   2,    0, 1111,    2,    1,    1,    1,    4,    1,   12],
       [   7,   12,    8,  920,    6,   17,    1,   21,   19,   21],
       [  11,    4,    4,   23,  870,    1,   45,    3,   21,   28],
       [  78,    0,    2,    3,    0,  879,    1,   15,    1,    3],
       [   6,    8,    2,    2,   11,    9,  817,   15,    6,   16],
       [   0,    7,    4,    3,    0,   13,   22,  906,    0,    3],
       [  43,    1,    8,   23,    1,    9,    0,    0,  941,    2],
       [  28,    5,    8,    4,   10,   13,   31,   15,   11,  849],
       [ 941,    8,    6,    1,    2,   24,    8,    1,    9,    9]])}, 34.713341457999995)
[2024-06-21 14:18:57,270][flwr][INFO] - configure_evaluate: no clients selected, skipping evaluation
[2024-06-21 14:18:57,270][flwr][INFO] - 
[2024-06-21 14:18:57,270][flwr][INFO] - [ROUND 7]
[2024-06-21 14:18:57,270][flwr][INFO] - configure_fit: strategy sampled 10 clients (out of 100)
[2024-06-21 14:19:02,410][flwr][INFO] - aggregate_fit: received 10 results and 0 failures
[2024-06-21 14:19:02,779][flwr][INFO] - fit progress: (7, 703.3025794029236, {'accuracy': 0.0057, 'precision': 0.005838394623137552, 'recall': 0.0057, 'f1': 0.005760756085313771, 'confusion_matrix': array([[   0,  964,    0,    0,    1,    0,    3,    9,    1,    2],
       [   0,    0, 1108,    3,    3,    1,    1,    6,    2,   11],
       [   6,   12,    3,  905,   27,   15,    0,   20,   14,   30],
       [   9,    1,    1,   15,  918,    1,   22,    4,   15,   24],
       [  51,    1,    0,    1,    0,  909,    0,   17,    1,    2],
       [   8,   10,    1,    2,   24,    8,  797,   17,    4,   21],
       [   0,    6,    3,    1,    0,   11,   14,  920,    0,    3],
       [  36,    0,   10,   22,    2,    7,    1,    0,  948,    2],
       [  19,    3,    4,    3,   14,   10,   18,   14,    6,  883],
       [ 928,    7,    6,    2,    5,   34,    7,    1,    8,   11]])}, 40.222873125)
[2024-06-21 14:19:02,779][flwr][INFO] - configure_evaluate: no clients selected, skipping evaluation
[2024-06-21 14:19:02,779][flwr][INFO] - 
[2024-06-21 14:19:02,780][flwr][INFO] - [ROUND 8]
[2024-06-21 14:19:02,780][flwr][INFO] - configure_fit: strategy sampled 10 clients (out of 100)
[2024-06-21 14:19:08,756][flwr][INFO] - aggregate_fit: received 10 results and 0 failures
[2024-06-21 14:19:09,162][flwr][INFO] - fit progress: (8, 689.0521130561829, {'accuracy': 0.0065, 'precision': 0.00652362586125751, 'recall': 0.0065, 'f1': 0.00650820333530026, 'confusion_matrix': array([[   0,  960,    0,    1,    2,    0,    7,    6,    2,    2],
       [   0,    0, 1113,    4,    3,    0,    2,    3,    0,   10],
       [   0,    7,    1,  953,   19,   12,    2,   14,   11,   13],
       [   3,    2,    2,   20,  925,    0,   28,    2,   15,   13],
       [  43,    1,    3,    6,    1,  901,    1,   13,    1,   12],
       [   7,    8,    1,    7,   21,    4,  798,   16,    3,   27],
       [   0,    7,    4,    4,    0,    9,   11,  915,    0,    8],
       [  25,    0,   13,   25,    6,    7,    2,    0,  949,    1],
       [   5,    4,    6,    8,   18,    4,   16,   10,    8,  895],
       [ 924,    9,    5,    2,    7,   28,    7,    1,    6,   20]])}, 46.605687458)
[2024-06-21 14:19:09,162][flwr][INFO] - configure_evaluate: no clients selected, skipping evaluation
[2024-06-21 14:19:09,163][flwr][INFO] - 
[2024-06-21 14:19:09,163][flwr][INFO] - [ROUND 9]
[2024-06-21 14:19:09,163][flwr][INFO] - configure_fit: strategy sampled 10 clients (out of 100)
[2024-06-21 14:19:15,071][flwr][INFO] - aggregate_fit: received 10 results and 0 failures
[2024-06-21 14:19:15,445][flwr][INFO] - fit progress: (9, 781.109676361084, {'accuracy': 0.0064, 'precision': 0.006444444751129479, 'recall': 0.0064, 'f1': 0.006415440773458795, 'confusion_matrix': array([[   0,  956,    0,    0,    2,    0,    7,   11,    2,    2],
       [   0,    0, 1117,    4,    3,    1,    1,    3,    0,    6],
       [   2,    6,    1,  960,   12,   13,    4,   15,    9,   10],
       [   3,    0,    1,   21,  941,    1,   12,    1,   12,   18],
       [  40,    0,    0,    3,    0,  915,    0,   19,    1,    4],
       [   6,    4,    2,    2,   36,    7,  788,   20,    1,   26],
       [   0,    5,    3,    3,    0,    7,    9,  927,    0,    4],
       [  33,    0,   11,   28,    5,    7,    2,    0,  941,    1],
       [   4,    4,    5,    8,   19,    5,    8,   14,    6,  901],
       [ 925,    5,    7,    0,    6,   34,    6,    1,    5,   20]])}, 52.888803458)
[2024-06-21 14:19:15,446][flwr][INFO] - configure_evaluate: no clients selected, skipping evaluation
[2024-06-21 14:19:15,446][flwr][INFO] - 
[2024-06-21 14:19:15,446][flwr][INFO] - [ROUND 10]
[2024-06-21 14:19:15,446][flwr][INFO] - configure_fit: strategy sampled 10 clients (out of 100)
[2024-06-21 14:19:21,481][flwr][INFO] - aggregate_fit: received 10 results and 0 failures
[2024-06-21 14:19:21,820][flwr][INFO] - fit progress: (10, 842.1802673339844, {'accuracy': 0.0063, 'precision': 0.006195244682873315, 'recall': 0.0063, 'f1': 0.0062437426766817385, 'confusion_matrix': array([[   0,  962,    0,    2,    1,    0,    6,    6,    1,    2],
       [   1,    0, 1110,    4,    2,    1,    1,    4,    0,   12],
       [   1,    7,    1,  971,    7,   11,    1,    6,   11,   16],
       [   6,    1,    0,   26,  895,    0,   37,    2,   14,   29],
       [  40,    1,    0,    7,    0,  917,    0,   12,    1,    4],
       [   6,    9,    2,    3,   11,    6,  820,   14,    2,   19],
       [   0,    8,    3,    4,    0,   11,    9,  918,    0,    5],
       [  39,    4,    8,   20,    2,    6,    2,    0,  947,    0],
       [   5,    5,    3,    6,    6,    8,   12,   13,    6,  910],
       [ 927,    9,    6,    1,    1,   38,    5,    1,    6,   15]])}, 59.263268165999996)
[2024-06-21 14:19:21,820][flwr][INFO] - configure_evaluate: no clients selected, skipping evaluation
[2024-06-21 14:19:21,821][flwr][INFO] - 
[2024-06-21 14:19:21,821][flwr][INFO] - [SUMMARY]
[2024-06-21 14:19:21,821][flwr][INFO] - Run finished 10 round(s) in 59.26s
[2024-06-21 14:19:21,824][flwr][INFO] - 	History (loss, centralized):
[2024-06-21 14:19:21,824][flwr][INFO] - 		round 0: 181.76928067207336
[2024-06-21 14:19:21,825][flwr][INFO] - 		round 1: 309.3779571056366
[2024-06-21 14:19:21,825][flwr][INFO] - 		round 2: 526.098418712616
[2024-06-21 14:19:21,825][flwr][INFO] - 		round 3: 603.8854928016663
[2024-06-21 14:19:21,825][flwr][INFO] - 		round 4: 631.0114469528198
[2024-06-21 14:19:21,825][flwr][INFO] - 		round 5: 645.1082711219788
[2024-06-21 14:19:21,825][flwr][INFO] - 		round 6: 730.4503011703491
[2024-06-21 14:19:21,825][flwr][INFO] - 		round 7: 703.3025794029236
[2024-06-21 14:19:21,825][flwr][INFO] - 		round 8: 689.0521130561829
[2024-06-21 14:19:21,825][flwr][INFO] - 		round 9: 781.109676361084
[2024-06-21 14:19:21,825][flwr][INFO] - 		round 10: 842.1802673339844
[2024-06-21 14:19:21,825][flwr][INFO] - 	History (metrics, centralized):
[2024-06-21 14:19:21,825][flwr][INFO] - 	{'accuracy': [(0, 0.1086),
[2024-06-21 14:19:21,825][flwr][INFO] - 	              (1, 0.0155),
[2024-06-21 14:19:21,825][flwr][INFO] - 	              (2, 0.0082),
[2024-06-21 14:19:21,825][flwr][INFO] - 	              (3, 0.0087),
[2024-06-21 14:19:21,825][flwr][INFO] - 	              (4, 0.0077),
[2024-06-21 14:19:21,825][flwr][INFO] - 	              (5, 0.0057),
[2024-06-21 14:19:21,825][flwr][INFO] - 	              (6, 0.0083),
[2024-06-21 14:19:21,825][flwr][INFO] - 	              (7, 0.0057),
[2024-06-21 14:19:21,825][flwr][INFO] - 	              (8, 0.0065),
[2024-06-21 14:19:21,825][flwr][INFO] - 	              (9, 0.0064),
[2024-06-21 14:19:21,825][flwr][INFO] - 	              (10, 0.0063)],
[2024-06-21 14:19:21,825][flwr][INFO] - 	 'confusion_matrix': [(0,
[2024-06-21 14:19:21,825][flwr][INFO] - 	                       array([[   0,    8,    0,  956,    0,    1,    0,   15,    0,    0],
[2024-06-21 14:19:21,825][flwr][INFO] - 	       [   0,  122,    0, 1013,    0,    0,    0,    0,    0,    0],
[2024-06-21 14:19:21,825][flwr][INFO] - 	       [   0,   38,    0,  971,    0,    0,    3,   19,    1,    0],
[2024-06-21 14:19:21,825][flwr][INFO] - 	       [   0,   44,    0,  945,    1,    1,    0,   17,    2,    0],
[2024-06-21 14:19:21,825][flwr][INFO] - 	       [   0,  143,    0,  816,    1,    0,    2,   20,    0,    0],
[2024-06-21 14:19:21,825][flwr][INFO] - 	       [   0,  118,    0,  735,    1,    7,    0,   30,    1,    0],
[2024-06-21 14:19:21,825][flwr][INFO] - 	       [   0,  144,    0,  749,   25,    0,    2,   38,    0,    0],
[2024-06-21 14:19:21,825][flwr][INFO] - 	       [   0,  272,    0,  724,    8,    0,    0,    9,   15,    0],
[2024-06-21 14:19:21,825][flwr][INFO] - 	       [   0,   81,    0,  859,    1,    0,    1,   32,    0,    0],
[2024-06-21 14:19:21,825][flwr][INFO] - 	       [   0,  178,    0,  799,    1,    0,    0,   31,    0,    0]])),
[2024-06-21 14:19:21,825][flwr][INFO] - 	                      (1,
[2024-06-21 14:19:21,825][flwr][INFO] - 	                       array([[   7,  910,    0,    3,   21,    3,    7,   26,    2,    1],
[2024-06-21 14:19:21,825][flwr][INFO] - 	       [   1,    0, 1112,    4,    2,    0,    0,    6,    2,    8],
[2024-06-21 14:19:21,825][flwr][INFO] - 	       [  12,   20,   15,  842,   39,    9,    0,   41,   38,   16],
[2024-06-21 14:19:21,825][flwr][INFO] - 	       [  15,    0,   12,   26,  903,    0,    1,    7,   45,    1],
[2024-06-21 14:19:21,825][flwr][INFO] - 	       [ 510,    6,   11,    3,    2,  363,    1,   27,   54,    5],
[2024-06-21 14:19:21,825][flwr][INFO] - 	       [  76,   19,   36,    6,  310,   25,  332,   39,   38,   11],
[2024-06-21 14:19:21,825][flwr][INFO] - 	       [   5,   16,    9,   24,    2,    7,   15,  878,    2,    0],
[2024-06-21 14:19:21,825][flwr][INFO] - 	       [  19,    1,   20,   14,    4,    3,    0,    0,  963,    4],
[2024-06-21 14:19:21,825][flwr][INFO] - 	       [  75,   17,   39,   13,  271,    2,   24,   33,   64,  436],
[2024-06-21 14:19:21,825][flwr][INFO] - 	       [ 663,   12,    5,    2,   17,    6,    1,    2,  300,    1]])),
[2024-06-21 14:19:21,825][flwr][INFO] - 	                      (2,
[2024-06-21 14:19:21,825][flwr][INFO] - 	                       array([[   0,  938,    0,    2,   10,    0,    2,   20,    1,    7],
[2024-06-21 14:19:21,825][flwr][INFO] - 	       [   1,    0, 1110,    6,    4,    0,    0,    4,    1,    9],
[2024-06-21 14:19:21,826][flwr][INFO] - 	       [   2,    9,   13,  871,   31,   10,    0,   47,   21,   28],
[2024-06-21 14:19:21,826][flwr][INFO] - 	       [   4,    3,    3,   21,  924,    0,    7,    4,   26,   18],
[2024-06-21 14:19:21,826][flwr][INFO] - 	       [ 118,    0,    8,    3,    0,  806,    0,   40,    2,    5],
[2024-06-21 14:19:21,826][flwr][INFO] - 	       [  33,   14,    9,    5,  137,   12,  601,   44,   13,   24],
[2024-06-21 14:19:21,826][flwr][INFO] - 	       [   0,    8,    4,    3,    3,    8,   16,  916,    0,    0],
[2024-06-21 14:19:21,826][flwr][INFO] - 	       [  32,    2,   26,   22,    3,    9,    0,    0,  930,    4],
[2024-06-21 14:19:21,826][flwr][INFO] - 	       [  26,    8,   20,   16,   72,    7,   16,   38,   14,  757],
[2024-06-21 14:19:21,826][flwr][INFO] - 	       [ 873,    9,    9,    3,   14,   20,    2,    7,   66,    6]])),
[2024-06-21 14:19:21,826][flwr][INFO] - 	                      (3,
[2024-06-21 14:19:21,826][flwr][INFO] - 	                       array([[   1,  957,    0,    2,    1,    0,    5,   11,    1,    2],
[2024-06-21 14:19:21,826][flwr][INFO] - 	       [   1,    0, 1094,    3,    3,    1,    2,    3,    1,   27],
[2024-06-21 14:19:21,826][flwr][INFO] - 	       [   4,   14,    8,  876,   29,   22,    0,   20,   20,   39],
[2024-06-21 14:19:21,826][flwr][INFO] - 	       [  10,    4,    2,   20,  905,    1,   21,    2,   19,   26],
[2024-06-21 14:19:21,826][flwr][INFO] - 	       [  39,    0,    1,    3,    0,  918,    0,   18,    0,    3],
[2024-06-21 14:19:21,826][flwr][INFO] - 	       [  14,   17,    4,    8,   49,   19,  736,   19,    6,   20],
[2024-06-21 14:19:21,826][flwr][INFO] - 	       [   0,    9,    3,    3,    0,   13,   25,  904,    0,    1],
[2024-06-21 14:19:21,826][flwr][INFO] - 	       [  85,    2,   13,   19,    4,   11,    0,    0,  886,    8],
[2024-06-21 14:19:21,826][flwr][INFO] - 	       [  29,    4,   11,    7,   31,   16,   39,   17,    5,  815],
[2024-06-21 14:19:21,826][flwr][INFO] - 	       [ 897,   11,    6,    5,    8,   55,    6,    2,   10,    9]])),
[2024-06-21 14:19:21,826][flwr][INFO] - 	                      (4,
[2024-06-21 14:19:21,826][flwr][INFO] - 	                       array([[   0,  965,    0,    2,    1,    0,    5,    4,    1,    2],
[2024-06-21 14:19:21,826][flwr][INFO] - 	       [   0,    0, 1115,    4,    3,    0,    1,    3,    1,    8],
[2024-06-21 14:19:21,826][flwr][INFO] - 	       [   3,   13,   12,  913,   23,   18,    0,   14,   14,   22],
[2024-06-21 14:19:21,826][flwr][INFO] - 	       [   7,    3,    3,   18,  919,    0,   18,    2,   19,   21],
[2024-06-21 14:19:21,826][flwr][INFO] - 	       [  82,    2,    9,    5,    2,  862,    1,   12,    2,    5],
[2024-06-21 14:19:21,826][flwr][INFO] - 	       [  10,   17,    6,    9,   44,   10,  753,   13,    9,   21],
[2024-06-21 14:19:21,826][flwr][INFO] - 	       [   0,   19,    5,    4,    0,   15,   20,  893,    0,    2],
[2024-06-21 14:19:21,826][flwr][INFO] - 	       [  33,    2,   18,   24,    6,    8,    0,    0,  934,    3],
[2024-06-21 14:19:21,826][flwr][INFO] - 	       [  23,    6,   26,   12,   32,   10,   30,   14,    7,  814],
[2024-06-21 14:19:21,826][flwr][INFO] - 	       [ 926,   14,    7,    2,   12,   17,    6,    1,   16,    8]])),
[2024-06-21 14:19:21,826][flwr][INFO] - 	                      (5,
[2024-06-21 14:19:21,826][flwr][INFO] - 	                       array([[   1,  964,    0,    0,    1,    0,    3,    7,    1,    3],
[2024-06-21 14:19:21,826][flwr][INFO] - 	       [   1,    0, 1097,    3,    3,    1,    0,    4,    1,   25],
[2024-06-21 14:19:21,826][flwr][INFO] - 	       [  11,   15,    6,  892,   26,   19,    0,   14,   14,   35],
[2024-06-21 14:19:21,826][flwr][INFO] - 	       [   8,    3,    1,   16,  923,    1,   21,    3,   15,   19],
[2024-06-21 14:19:21,826][flwr][INFO] - 	       [  80,    2,    1,    2,    0,  884,    0,   10,    0,    3],
[2024-06-21 14:19:21,826][flwr][INFO] - 	       [  14,   15,    2,    4,   28,   11,  767,   22,    6,   23],
[2024-06-21 14:19:21,826][flwr][INFO] - 	       [   0,    9,    3,    3,    0,   23,   10,  906,    0,    4],
[2024-06-21 14:19:21,826][flwr][INFO] - 	       [  59,    2,   10,   21,    7,   11,    0,    0,  913,    5],
[2024-06-21 14:19:21,826][flwr][INFO] - 	       [  23,    5,    5,    4,   24,   12,   24,   13,    5,  859],
[2024-06-21 14:19:21,826][flwr][INFO] - 	       [ 933,   10,    6,    1,   11,   28,    5,    1,    6,    8]])),
[2024-06-21 14:19:21,826][flwr][INFO] - 	                      (6,
[2024-06-21 14:19:21,826][flwr][INFO] - 	                       array([[   1,  956,    0,    0,    1,    0,    6,   11,    1,    4],
[2024-06-21 14:19:21,826][flwr][INFO] - 	       [   2,    0, 1111,    2,    1,    1,    1,    4,    1,   12],
[2024-06-21 14:19:21,826][flwr][INFO] - 	       [   7,   12,    8,  920,    6,   17,    1,   21,   19,   21],
[2024-06-21 14:19:21,826][flwr][INFO] - 	       [  11,    4,    4,   23,  870,    1,   45,    3,   21,   28],
[2024-06-21 14:19:21,826][flwr][INFO] - 	       [  78,    0,    2,    3,    0,  879,    1,   15,    1,    3],
[2024-06-21 14:19:21,826][flwr][INFO] - 	       [   6,    8,    2,    2,   11,    9,  817,   15,    6,   16],
[2024-06-21 14:19:21,826][flwr][INFO] - 	       [   0,    7,    4,    3,    0,   13,   22,  906,    0,    3],
[2024-06-21 14:19:21,827][flwr][INFO] - 	       [  43,    1,    8,   23,    1,    9,    0,    0,  941,    2],
[2024-06-21 14:19:21,827][flwr][INFO] - 	       [  28,    5,    8,    4,   10,   13,   31,   15,   11,  849],
[2024-06-21 14:19:21,827][flwr][INFO] - 	       [ 941,    8,    6,    1,    2,   24,    8,    1,    9,    9]])),
[2024-06-21 14:19:21,827][flwr][INFO] - 	                      (7,
[2024-06-21 14:19:21,827][flwr][INFO] - 	                       array([[   0,  964,    0,    0,    1,    0,    3,    9,    1,    2],
[2024-06-21 14:19:21,827][flwr][INFO] - 	       [   0,    0, 1108,    3,    3,    1,    1,    6,    2,   11],
[2024-06-21 14:19:21,827][flwr][INFO] - 	       [   6,   12,    3,  905,   27,   15,    0,   20,   14,   30],
[2024-06-21 14:19:21,827][flwr][INFO] - 	       [   9,    1,    1,   15,  918,    1,   22,    4,   15,   24],
[2024-06-21 14:19:21,827][flwr][INFO] - 	       [  51,    1,    0,    1,    0,  909,    0,   17,    1,    2],
[2024-06-21 14:19:21,827][flwr][INFO] - 	       [   8,   10,    1,    2,   24,    8,  797,   17,    4,   21],
[2024-06-21 14:19:21,827][flwr][INFO] - 	       [   0,    6,    3,    1,    0,   11,   14,  920,    0,    3],
[2024-06-21 14:19:21,827][flwr][INFO] - 	       [  36,    0,   10,   22,    2,    7,    1,    0,  948,    2],
[2024-06-21 14:19:21,827][flwr][INFO] - 	       [  19,    3,    4,    3,   14,   10,   18,   14,    6,  883],
[2024-06-21 14:19:21,827][flwr][INFO] - 	       [ 928,    7,    6,    2,    5,   34,    7,    1,    8,   11]])),
[2024-06-21 14:19:21,827][flwr][INFO] - 	                      (8,
[2024-06-21 14:19:21,827][flwr][INFO] - 	                       array([[   0,  960,    0,    1,    2,    0,    7,    6,    2,    2],
[2024-06-21 14:19:21,827][flwr][INFO] - 	       [   0,    0, 1113,    4,    3,    0,    2,    3,    0,   10],
[2024-06-21 14:19:21,827][flwr][INFO] - 	       [   0,    7,    1,  953,   19,   12,    2,   14,   11,   13],
[2024-06-21 14:19:21,827][flwr][INFO] - 	       [   3,    2,    2,   20,  925,    0,   28,    2,   15,   13],
[2024-06-21 14:19:21,827][flwr][INFO] - 	       [  43,    1,    3,    6,    1,  901,    1,   13,    1,   12],
[2024-06-21 14:19:21,827][flwr][INFO] - 	       [   7,    8,    1,    7,   21,    4,  798,   16,    3,   27],
[2024-06-21 14:19:21,827][flwr][INFO] - 	       [   0,    7,    4,    4,    0,    9,   11,  915,    0,    8],
[2024-06-21 14:19:21,827][flwr][INFO] - 	       [  25,    0,   13,   25,    6,    7,    2,    0,  949,    1],
[2024-06-21 14:19:21,827][flwr][INFO] - 	       [   5,    4,    6,    8,   18,    4,   16,   10,    8,  895],
[2024-06-21 14:19:21,827][flwr][INFO] - 	       [ 924,    9,    5,    2,    7,   28,    7,    1,    6,   20]])),
[2024-06-21 14:19:21,827][flwr][INFO] - 	                      (9,
[2024-06-21 14:19:21,827][flwr][INFO] - 	                       array([[   0,  956,    0,    0,    2,    0,    7,   11,    2,    2],
[2024-06-21 14:19:21,827][flwr][INFO] - 	       [   0,    0, 1117,    4,    3,    1,    1,    3,    0,    6],
[2024-06-21 14:19:21,827][flwr][INFO] - 	       [   2,    6,    1,  960,   12,   13,    4,   15,    9,   10],
[2024-06-21 14:19:21,827][flwr][INFO] - 	       [   3,    0,    1,   21,  941,    1,   12,    1,   12,   18],
[2024-06-21 14:19:21,827][flwr][INFO] - 	       [  40,    0,    0,    3,    0,  915,    0,   19,    1,    4],
[2024-06-21 14:19:21,827][flwr][INFO] - 	       [   6,    4,    2,    2,   36,    7,  788,   20,    1,   26],
[2024-06-21 14:19:21,827][flwr][INFO] - 	       [   0,    5,    3,    3,    0,    7,    9,  927,    0,    4],
[2024-06-21 14:19:21,827][flwr][INFO] - 	       [  33,    0,   11,   28,    5,    7,    2,    0,  941,    1],
[2024-06-21 14:19:21,827][flwr][INFO] - 	       [   4,    4,    5,    8,   19,    5,    8,   14,    6,  901],
[2024-06-21 14:19:21,827][flwr][INFO] - 	       [ 925,    5,    7,    0,    6,   34,    6,    1,    5,   20]])),
[2024-06-21 14:19:21,827][flwr][INFO] - 	                      (10,
[2024-06-21 14:19:21,827][flwr][INFO] - 	                       array([[   0,  962,    0,    2,    1,    0,    6,    6,    1,    2],
[2024-06-21 14:19:21,827][flwr][INFO] - 	       [   1,    0, 1110,    4,    2,    1,    1,    4,    0,   12],
[2024-06-21 14:19:21,827][flwr][INFO] - 	       [   1,    7,    1,  971,    7,   11,    1,    6,   11,   16],
[2024-06-21 14:19:21,827][flwr][INFO] - 	       [   6,    1,    0,   26,  895,    0,   37,    2,   14,   29],
[2024-06-21 14:19:21,827][flwr][INFO] - 	       [  40,    1,    0,    7,    0,  917,    0,   12,    1,    4],
[2024-06-21 14:19:21,827][flwr][INFO] - 	       [   6,    9,    2,    3,   11,    6,  820,   14,    2,   19],
[2024-06-21 14:19:21,827][flwr][INFO] - 	       [   0,    8,    3,    4,    0,   11,    9,  918,    0,    5],
[2024-06-21 14:19:21,827][flwr][INFO] - 	       [  39,    4,    8,   20,    2,    6,    2,    0,  947,    0],
[2024-06-21 14:19:21,827][flwr][INFO] - 	       [   5,    5,    3,    6,    6,    8,   12,   13,    6,  910],
[2024-06-21 14:19:21,827][flwr][INFO] - 	       [ 927,    9,    6,    1,    1,   38,    5,    1,    6,   15]]))],
[2024-06-21 14:19:21,827][flwr][INFO] - 	 'f1': [(0, 0.03553137346181725),
[2024-06-21 14:19:21,828][flwr][INFO] - 	        (1, 0.015492592986790364),
[2024-06-21 14:19:21,828][flwr][INFO] - 	        (2, 0.008470534922811275),
[2024-06-21 14:19:21,828][flwr][INFO] - 	        (3, 0.008767008516072537),
[2024-06-21 14:19:21,828][flwr][INFO] - 	        (4, 0.007763481326769286),
[2024-06-21 14:19:21,828][flwr][INFO] - 	        (5, 0.005745484048015047),
[2024-06-21 14:19:21,828][flwr][INFO] - 	        (6, 0.008285653036898332),
[2024-06-21 14:19:21,828][flwr][INFO] - 	        (7, 0.005760756085313771),
[2024-06-21 14:19:21,828][flwr][INFO] - 	        (8, 0.00650820333530026),
[2024-06-21 14:19:21,828][flwr][INFO] - 	        (9, 0.006415440773458795),
[2024-06-21 14:19:21,828][flwr][INFO] - 	        (10, 0.0062437426766817385)],
[2024-06-21 14:19:21,828][flwr][INFO] - 	 'precision': [(0, 0.12349967530374152),
[2024-06-21 14:19:21,828][flwr][INFO] - 	               (1, 0.01810231914446441),
[2024-06-21 14:19:21,828][flwr][INFO] - 	               (2, 0.008926968690997548),
[2024-06-21 14:19:21,828][flwr][INFO] - 	               (3, 0.00889522419863175),
[2024-06-21 14:19:21,828][flwr][INFO] - 	               (4, 0.007867448337004507),
[2024-06-21 14:19:21,828][flwr][INFO] - 	               (5, 0.005814867982500721),
[2024-06-21 14:19:21,828][flwr][INFO] - 	               (6, 0.008283916234125865),
[2024-06-21 14:19:21,828][flwr][INFO] - 	               (7, 0.005838394623137552),
[2024-06-21 14:19:21,828][flwr][INFO] - 	               (8, 0.00652362586125751),
[2024-06-21 14:19:21,828][flwr][INFO] - 	               (9, 0.006444444751129479),
[2024-06-21 14:19:21,828][flwr][INFO] - 	               (10, 0.006195244682873315)],
[2024-06-21 14:19:21,828][flwr][INFO] - 	 'recall': [(0, 0.1086),
[2024-06-21 14:19:21,828][flwr][INFO] - 	            (1, 0.0155),
[2024-06-21 14:19:21,828][flwr][INFO] - 	            (2, 0.0082),
[2024-06-21 14:19:21,828][flwr][INFO] - 	            (3, 0.0087),
[2024-06-21 14:19:21,828][flwr][INFO] - 	            (4, 0.0077),
[2024-06-21 14:19:21,828][flwr][INFO] - 	            (5, 0.0057),
[2024-06-21 14:19:21,828][flwr][INFO] - 	            (6, 0.0083),
[2024-06-21 14:19:21,828][flwr][INFO] - 	            (7, 0.0057),
[2024-06-21 14:19:21,828][flwr][INFO] - 	            (8, 0.0065),
[2024-06-21 14:19:21,828][flwr][INFO] - 	            (9, 0.0064),
[2024-06-21 14:19:21,828][flwr][INFO] - 	            (10, 0.0063)]}
[2024-06-21 14:19:21,828][flwr][INFO] - 
