[2024-07-08 15:56:39,205][flwr][INFO] - Starting Flower simulation, config: num_rounds=10, no round_timeout
[2024-07-08 15:56:40,710][flwr][INFO] - Flower VCE: Ray initialized with resources: {'memory': 10408866612.0, 'node:__internal_head__': 1.0, 'CPU': 12.0, 'object_store_memory': 2147483648.0, 'node:127.0.0.1': 1.0}
[2024-07-08 15:56:40,711][flwr][INFO] - Optimize your simulation with Flower VCE: https://flower.ai/docs/framework/how-to-run-simulations.html
[2024-07-08 15:56:40,711][flwr][INFO] - Flower VCE: Resources for each Virtual Client: {'num_cpus': 2, 'num_gpus': 0}
[2024-07-08 15:56:40,725][flwr][INFO] - Flower VCE: Creating VirtualClientEngineActorPool with 6 actors
[2024-07-08 15:56:40,725][flwr][INFO] - [INIT]
[2024-07-08 15:56:40,725][flwr][INFO] - Requesting initial parameters from one random client
[2024-07-08 15:56:43,197][flwr][INFO] - Received initial parameters from one random client
[2024-07-08 15:56:43,198][flwr][INFO] - Evaluating initial global parameters
[2024-07-08 15:56:43,584][flwr][INFO] - initial parameters (loss, other metrics): 181.76928067207336, {'accuracy': 0.1086, 'precision': 0.12349967530374152, 'recall': 0.1086, 'f1': 0.03553137346181725, 'confusion_matrix': array([[   0,    8,    0,  956,    0,    1,    0,   15,    0,    0],
       [   0,  122,    0, 1013,    0,    0,    0,    0,    0,    0],
       [   0,   38,    0,  971,    0,    0,    3,   19,    1,    0],
       [   0,   44,    0,  945,    1,    1,    0,   17,    2,    0],
       [   0,  143,    0,  816,    1,    0,    2,   20,    0,    0],
       [   0,  118,    0,  735,    1,    7,    0,   30,    1,    0],
       [   0,  144,    0,  749,   25,    0,    2,   38,    0,    0],
       [   0,  272,    0,  724,    8,    0,    0,    9,   15,    0],
       [   0,   81,    0,  859,    1,    0,    1,   32,    0,    0],
       [   0,  178,    0,  799,    1,    0,    0,   31,    0,    0]])}
[2024-07-08 15:56:43,584][flwr][INFO] - 
[2024-07-08 15:56:43,585][flwr][INFO] - [ROUND 1]
[2024-07-08 15:56:43,585][flwr][INFO] - configure_fit: strategy sampled 10 clients (out of 10)
[2024-07-08 15:57:04,748][flwr][INFO] - aggregate_fit: received 10 results and 0 failures
[2024-07-08 15:57:04,759][flwr][WARNING] - No fit_metrics_aggregation_fn provided
[2024-07-08 15:57:05,172][flwr][INFO] - fit progress: (1, 95.87826097011566, {'accuracy': 0.8113, 'precision': 0.8383305648375801, 'recall': 0.8113, 'f1': 0.8086250971144832, 'confusion_matrix': array([[972,   0,   1,   1,   0,   3,   2,   1,   0,   0],
       [  0, 709, 335,  54,   0,   8,   6,   4,  17,   2],
       [ 31,   1, 899,  27,   5,   1,  24,  18,  16,  10],
       [ 29,   0,  24, 758,   2, 136,   5,  13,   9,  34],
       [ 19,   0,   3,   1, 706,  45,  55,   2,   1, 150],
       [ 44,   2,   2,   9,   0, 788,  27,   6,   5,   9],
       [ 39,   0,   8,   0,   4,   9, 897,   0,   0,   1],
       [  6,   0,  24,   8,   3,   1,   1, 913,   2,  70],
       [ 45,   0,  17,  18,   3, 188,  93,   7, 545,  58],
       [ 31,   1,   1,   3,  11,  16,   5,  12,   3, 926]])}, 21.587940083)
[2024-07-08 15:57:05,172][flwr][INFO] - configure_evaluate: no clients selected, skipping evaluation
[2024-07-08 15:57:05,172][flwr][INFO] - 
[2024-07-08 15:57:05,172][flwr][INFO] - [ROUND 2]
[2024-07-08 15:57:05,173][flwr][INFO] - configure_fit: strategy sampled 10 clients (out of 10)
[2024-07-08 15:57:21,379][flwr][INFO] - aggregate_fit: received 10 results and 0 failures
[2024-07-08 15:57:21,802][flwr][INFO] - fit progress: (2, 41.15554094314575, {'accuracy': 0.8757, 'precision': 0.8855238708395876, 'recall': 0.8757, 'f1': 0.8750032375471725, 'confusion_matrix': array([[965,   0,   0,   0,   0,   4,   8,   1,   2,   0],
       [  0, 934, 176,   6,   1,   0,   5,   1,  12,   0],
       [ 12,   1, 893,  67,  14,   4,   8,   2,  22,   9],
       [  0,   2,   3, 919,   3,  31,   1,   0,  22,  29],
       [  2,   0,   1,   0, 847,  60,  14,   0,   4,  54],
       [ 13,   2,   1,  24,   0, 785,  43,   0,  17,   7],
       [  8,   1,   5,   2,   5,   4, 930,   2,   1,   0],
       [ 15,   1,  32, 111,   6,  13,   0, 696,  36, 118],
       [ 15,   1,   9,  11,   5,  19,  29,   0, 835,  50],
       [ 12,   4,   0,   3,   9,  19,   2,   2,   5, 953]])}, 38.218528416999995)
[2024-07-08 15:57:21,802][flwr][INFO] - configure_evaluate: no clients selected, skipping evaluation
[2024-07-08 15:57:21,802][flwr][INFO] - 
[2024-07-08 15:57:21,802][flwr][INFO] - [ROUND 3]
[2024-07-08 15:57:21,803][flwr][INFO] - configure_fit: strategy sampled 10 clients (out of 10)
[2024-07-08 15:57:37,569][flwr][INFO] - aggregate_fit: received 10 results and 0 failures
[2024-07-08 15:57:37,964][flwr][INFO] - fit progress: (3, 32.5234734416008, {'accuracy': 0.8969, 'precision': 0.9033945230934883, 'recall': 0.8969, 'f1': 0.8969813289023506, 'confusion_matrix': array([[ 962,    1,    0,    0,    0,    5,    8,    1,    1,    2],
       [   0, 1064,   47,    3,    0,    0,    4,    0,   17,    0],
       [   9,    1,  902,   80,    7,    5,    8,    2,   16,    2],
       [   0,    4,    5,  885,    3,   66,    1,    0,   17,   29],
       [   1,    0,    3,    0,  850,   78,   13,    0,    3,   34],
       [   6,    2,    0,   10,    0,  815,   45,    0,    8,    6],
       [   2,    2,    3,    0,    5,    6,  936,    2,    2,    0],
       [  10,    0,   30,  136,    3,    9,    0,  764,   34,   42],
       [   8,    1,    6,    6,    6,   29,   26,    2,  844,   46],
       [  11,    4,    0,    2,   14,   25,    0,    2,    4,  947]])}, 54.381785167)
[2024-07-08 15:57:37,965][flwr][INFO] - configure_evaluate: no clients selected, skipping evaluation
[2024-07-08 15:57:37,965][flwr][INFO] - 
[2024-07-08 15:57:37,965][flwr][INFO] - [ROUND 4]
[2024-07-08 15:57:37,965][flwr][INFO] - configure_fit: strategy sampled 10 clients (out of 10)
[2024-07-08 15:57:54,058][flwr][INFO] - aggregate_fit: received 10 results and 0 failures
[2024-07-08 15:57:54,471][flwr][INFO] - fit progress: (4, 26.44523648917675, {'accuracy': 0.9113, 'precision': 0.9173640857951559, 'recall': 0.9113, 'f1': 0.9112354357377511, 'confusion_matrix': array([[ 957,    1,    0,    1,    0,    7,    7,    2,    3,    2],
       [   0, 1107,   12,    3,    0,    0,    3,    0,   10,    0],
       [   4,    1,  853,  139,   10,    2,    5,    3,   13,    2],
       [   0,    4,    0,  930,    1,   34,    0,    0,   13,   28],
       [   1,    0,    4,    1,  926,   15,    6,    0,    5,   24],
       [   3,    3,    0,   12,    1,  830,   32,    0,    5,    6],
       [   2,    3,    1,    1,   11,    4,  932,    1,    3,    0],
       [   2,    4,   13,  112,    5,    5,    0,  779,   70,   38],
       [   4,    4,    4,    8,    8,   10,   16,    2,  847,   71],
       [   8,    5,    0,    3,   23,   15,    0,    2,    1,  952]])}, 70.889404417)
[2024-07-08 15:57:54,472][flwr][INFO] - configure_evaluate: no clients selected, skipping evaluation
[2024-07-08 15:57:54,472][flwr][INFO] - 
[2024-07-08 15:57:54,472][flwr][INFO] - [ROUND 5]
[2024-07-08 15:57:54,472][flwr][INFO] - configure_fit: strategy sampled 10 clients (out of 10)
[2024-07-08 15:58:14,139][flwr][INFO] - aggregate_fit: received 10 results and 0 failures
[2024-07-08 15:58:14,555][flwr][INFO] - fit progress: (5, 21.75317618250847, {'accuracy': 0.9317, 'precision': 0.9355477998029462, 'recall': 0.9317, 'f1': 0.9319842270547397, 'confusion_matrix': array([[ 966,    1,    0,    1,    0,    5,    3,    2,    1,    1],
       [   0, 1113,    4,    4,    0,    0,    3,    0,   11,    0],
       [   5,    1,  900,   98,    4,    0,    2,    5,   15,    2],
       [   0,    2,    1,  951,    0,   21,    0,    2,   12,   21],
       [   1,    0,    5,    0,  880,   57,    7,    1,    3,   28],
       [   1,    0,    0,   14,    0,  843,   23,    0,    5,    6],
       [   5,    3,    0,    1,    8,    8,  926,    4,    3,    0],
       [   6,    3,    7,   83,    2,    1,    0,  870,   29,   27],
       [   5,    0,    1,   10,    4,    6,    9,    1,  908,   30],
       [  10,    5,    0,    2,   12,   17,    0,    1,    2,  960]])}, 90.974022875)
[2024-07-08 15:58:14,556][flwr][INFO] - configure_evaluate: no clients selected, skipping evaluation
[2024-07-08 15:58:14,556][flwr][INFO] - 
[2024-07-08 15:58:14,556][flwr][INFO] - [ROUND 6]
[2024-07-08 15:58:14,556][flwr][INFO] - configure_fit: strategy sampled 10 clients (out of 10)
[2024-07-08 15:58:31,584][flwr][INFO] - aggregate_fit: received 10 results and 0 failures
[2024-07-08 15:58:32,000][flwr][INFO] - fit progress: (6, 18.78676988556981, {'accuracy': 0.9438, 'precision': 0.9463217199505894, 'recall': 0.9438, 'f1': 0.9438712106010203, 'confusion_matrix': array([[ 967,    2,    0,    0,    0,    3,    4,    1,    1,    2],
       [   0, 1122,    2,    3,    0,    0,    1,    0,    7,    0],
       [   5,    0,  911,   87,    7,    0,    3,    3,   14,    2],
       [   0,    0,    1,  959,    0,   13,    0,    0,   15,   22],
       [   2,    0,    2,    0,  929,    9,    4,    6,    3,   27],
       [   3,    3,    0,   11,    0,  843,   19,    0,    8,    5],
       [   6,    4,    0,    1,    8,    2,  931,    2,    4,    0],
       [   2,    4,   10,   65,    1,    1,    0,  879,   48,   18],
       [   4,    1,    3,    6,    4,    7,    2,    0,  933,   14],
       [   9,    4,    0,    2,   16,    7,    0,    2,    5,  964]])}, 108.419091458)
[2024-07-08 15:58:32,000][flwr][INFO] - configure_evaluate: no clients selected, skipping evaluation
[2024-07-08 15:58:32,000][flwr][INFO] - 
[2024-07-08 15:58:32,000][flwr][INFO] - [ROUND 7]
[2024-07-08 15:58:32,001][flwr][INFO] - configure_fit: strategy sampled 10 clients (out of 10)
[2024-07-08 15:58:51,261][flwr][INFO] - aggregate_fit: received 10 results and 0 failures
[2024-07-08 15:58:51,697][flwr][INFO] - fit progress: (7, 17.69825879856944, {'accuracy': 0.9469, 'precision': 0.9496253425331194, 'recall': 0.9469, 'f1': 0.9472071119248796, 'confusion_matrix': array([[ 954,    9,    0,    1,    0,    3,    6,    5,    1,    1],
       [   0, 1116,    2,    2,    0,    1,    2,    0,   12,    0],
       [   1,    1,  893,  109,    8,    1,    3,    4,   11,    1],
       [   0,    0,    1,  967,    1,   15,    0,    1,   11,   14],
       [   2,    0,    1,    1,  932,   10,    7,    4,    2,   23],
       [   1,    0,    0,   12,    1,  854,   15,    0,    6,    3],
       [   2,    4,    1,    1,    6,    5,  929,    7,    3,    0],
       [   2,    2,    4,   63,    3,    1,    0,  933,   14,    6],
       [   3,    0,    1,    9,    3,    7,    3,    1,  935,   12],
       [   6,    3,    0,    5,   16,   15,    0,    5,    3,  956]])}, 128.117035042)
[2024-07-08 15:58:51,698][flwr][INFO] - configure_evaluate: no clients selected, skipping evaluation
[2024-07-08 15:58:51,698][flwr][INFO] - 
[2024-07-08 15:58:51,698][flwr][INFO] - [ROUND 8]
[2024-07-08 15:58:51,698][flwr][INFO] - configure_fit: strategy sampled 10 clients (out of 10)
[2024-07-08 15:59:10,144][flwr][INFO] - aggregate_fit: received 10 results and 0 failures
[2024-07-08 15:59:10,541][flwr][INFO] - fit progress: (8, 15.979755455628037, {'accuracy': 0.9575, 'precision': 0.9577865196874734, 'recall': 0.9575, 'f1': 0.9575067594350474, 'confusion_matrix': array([[ 955,    7,    0,    1,    0,    3,    7,    5,    1,    1],
       [   0, 1114,   11,    3,    0,    0,    1,    0,    6,    0],
       [   1,    1,  983,   29,    5,    1,    3,    3,    5,    1],
       [   0,    1,    2,  958,    0,   24,    0,    1,   11,   13],
       [   2,    0,    2,    0,  949,    5,    5,    1,    2,   16],
       [   2,    1,    0,    9,    2,  851,   18,    0,    6,    3],
       [   2,    5,    1,    1,    7,    1,  932,    5,    4,    0],
       [   2,    0,   27,   32,    6,    0,    0,  944,   10,    7],
       [   3,    0,    6,    6,    3,    5,    3,    0,  940,    8],
       [   7,    4,    1,    4,   20,   13,    0,    7,    4,  949]])}, 146.961689083)
[2024-07-08 15:59:10,542][flwr][INFO] - configure_evaluate: no clients selected, skipping evaluation
[2024-07-08 15:59:10,542][flwr][INFO] - 
[2024-07-08 15:59:10,542][flwr][INFO] - [ROUND 9]
[2024-07-08 15:59:10,542][flwr][INFO] - configure_fit: strategy sampled 10 clients (out of 10)
[2024-07-08 15:59:29,899][flwr][INFO] - aggregate_fit: received 10 results and 0 failures
[2024-07-08 15:59:30,346][flwr][INFO] - fit progress: (9, 15.223997393622994, {'accuracy': 0.9571, 'precision': 0.9578140045212472, 'recall': 0.9571, 'f1': 0.9571692495901165, 'confusion_matrix': array([[ 957,    8,    0,    0,    0,    2,    4,    4,    3,    2],
       [   0, 1115,    9,    2,    0,    0,    1,    0,    8,    0],
       [   3,    1,  955,   56,    2,    0,    2,    6,    5,    2],
       [   0,    3,    1,  962,    0,   20,    0,    1,    9,   14],
       [   1,    0,    2,    0,  941,    3,    6,    1,    4,   24],
       [   2,    2,    0,   11,    0,  854,   13,    0,    7,    3],
       [   4,    4,    1,    1,    5,    3,  929,    5,    6,    0],
       [   2,    0,   14,   35,    3,    0,    0,  942,   19,   13],
       [   3,    1,    5,    3,    3,    5,    0,    1,  947,    6],
       [   7,    3,    0,    3,   11,    6,    0,    5,    5,  969]])}, 166.76708025000002)
[2024-07-08 15:59:30,346][flwr][INFO] - configure_evaluate: no clients selected, skipping evaluation
[2024-07-08 15:59:30,346][flwr][INFO] - 
[2024-07-08 15:59:30,346][flwr][INFO] - [ROUND 10]
[2024-07-08 15:59:30,347][flwr][INFO] - configure_fit: strategy sampled 10 clients (out of 10)
[2024-07-08 16:06:46,857][flwr][INFO] - aggregate_fit: received 10 results and 0 failures
[2024-07-08 16:06:47,187][flwr][INFO] - fit progress: (10, 16.845748491585255, {'accuracy': 0.9547, 'precision': 0.9552745572060075, 'recall': 0.9547, 'f1': 0.9547830128448466, 'confusion_matrix': array([[ 951,   10,    1,    0,    0,    1,    4,    4,    7,    2],
       [   0, 1086,   36,    0,    0,    0,    0,    1,   12,    0],
       [   1,    1,  991,   19,    2,    1,    1,    7,    7,    2],
       [   0,    2,    4,  941,    1,   17,    0,    1,   18,   26],
       [   1,    0,    2,    1,  934,   13,    4,    2,    5,   20],
       [   2,    0,    0,   10,    1,  849,   15,    0,   12,    3],
       [   3,    6,    2,    1,    8,    2,  919,    8,    9,    0],
       [   3,    1,   21,   22,    2,    1,    0,  958,   15,    5],
       [   2,    1,    4,    3,    4,    2,    0,    1,  949,    8],
       [   6,    2,    0,    2,   14,    4,    0,    6,    6,  969]])}, 175.53847850000002)
[2024-07-08 16:06:47,188][flwr][INFO] - configure_evaluate: no clients selected, skipping evaluation
[2024-07-08 16:06:47,188][flwr][INFO] - 
[2024-07-08 16:06:47,188][flwr][INFO] - [SUMMARY]
[2024-07-08 16:06:47,188][flwr][INFO] - Run finished 10 round(s) in 175.54s
[2024-07-08 16:06:47,191][flwr][INFO] - 	History (loss, centralized):
[2024-07-08 16:06:47,192][flwr][INFO] - 		round 0: 181.76928067207336
[2024-07-08 16:06:47,192][flwr][INFO] - 		round 1: 95.87826097011566
[2024-07-08 16:06:47,192][flwr][INFO] - 		round 2: 41.15554094314575
[2024-07-08 16:06:47,192][flwr][INFO] - 		round 3: 32.5234734416008
[2024-07-08 16:06:47,192][flwr][INFO] - 		round 4: 26.44523648917675
[2024-07-08 16:06:47,192][flwr][INFO] - 		round 5: 21.75317618250847
[2024-07-08 16:06:47,192][flwr][INFO] - 		round 6: 18.78676988556981
[2024-07-08 16:06:47,192][flwr][INFO] - 		round 7: 17.69825879856944
[2024-07-08 16:06:47,192][flwr][INFO] - 		round 8: 15.979755455628037
[2024-07-08 16:06:47,192][flwr][INFO] - 		round 9: 15.223997393622994
[2024-07-08 16:06:47,192][flwr][INFO] - 		round 10: 16.845748491585255
[2024-07-08 16:06:47,192][flwr][INFO] - 	History (metrics, centralized):
[2024-07-08 16:06:47,192][flwr][INFO] - 	{'accuracy': [(0, 0.1086),
[2024-07-08 16:06:47,192][flwr][INFO] - 	              (1, 0.8113),
[2024-07-08 16:06:47,192][flwr][INFO] - 	              (2, 0.8757),
[2024-07-08 16:06:47,192][flwr][INFO] - 	              (3, 0.8969),
[2024-07-08 16:06:47,192][flwr][INFO] - 	              (4, 0.9113),
[2024-07-08 16:06:47,192][flwr][INFO] - 	              (5, 0.9317),
[2024-07-08 16:06:47,192][flwr][INFO] - 	              (6, 0.9438),
[2024-07-08 16:06:47,192][flwr][INFO] - 	              (7, 0.9469),
[2024-07-08 16:06:47,192][flwr][INFO] - 	              (8, 0.9575),
[2024-07-08 16:06:47,192][flwr][INFO] - 	              (9, 0.9571),
[2024-07-08 16:06:47,192][flwr][INFO] - 	              (10, 0.9547)],
[2024-07-08 16:06:47,192][flwr][INFO] - 	 'confusion_matrix': [(0,
[2024-07-08 16:06:47,192][flwr][INFO] - 	                       array([[   0,    8,    0,  956,    0,    1,    0,   15,    0,    0],
[2024-07-08 16:06:47,192][flwr][INFO] - 	       [   0,  122,    0, 1013,    0,    0,    0,    0,    0,    0],
[2024-07-08 16:06:47,192][flwr][INFO] - 	       [   0,   38,    0,  971,    0,    0,    3,   19,    1,    0],
[2024-07-08 16:06:47,192][flwr][INFO] - 	       [   0,   44,    0,  945,    1,    1,    0,   17,    2,    0],
[2024-07-08 16:06:47,192][flwr][INFO] - 	       [   0,  143,    0,  816,    1,    0,    2,   20,    0,    0],
[2024-07-08 16:06:47,192][flwr][INFO] - 	       [   0,  118,    0,  735,    1,    7,    0,   30,    1,    0],
[2024-07-08 16:06:47,192][flwr][INFO] - 	       [   0,  144,    0,  749,   25,    0,    2,   38,    0,    0],
[2024-07-08 16:06:47,192][flwr][INFO] - 	       [   0,  272,    0,  724,    8,    0,    0,    9,   15,    0],
[2024-07-08 16:06:47,192][flwr][INFO] - 	       [   0,   81,    0,  859,    1,    0,    1,   32,    0,    0],
[2024-07-08 16:06:47,192][flwr][INFO] - 	       [   0,  178,    0,  799,    1,    0,    0,   31,    0,    0]])),
[2024-07-08 16:06:47,192][flwr][INFO] - 	                      (1,
[2024-07-08 16:06:47,192][flwr][INFO] - 	                       array([[972,   0,   1,   1,   0,   3,   2,   1,   0,   0],
[2024-07-08 16:06:47,192][flwr][INFO] - 	       [  0, 709, 335,  54,   0,   8,   6,   4,  17,   2],
[2024-07-08 16:06:47,192][flwr][INFO] - 	       [ 31,   1, 899,  27,   5,   1,  24,  18,  16,  10],
[2024-07-08 16:06:47,192][flwr][INFO] - 	       [ 29,   0,  24, 758,   2, 136,   5,  13,   9,  34],
[2024-07-08 16:06:47,192][flwr][INFO] - 	       [ 19,   0,   3,   1, 706,  45,  55,   2,   1, 150],
[2024-07-08 16:06:47,192][flwr][INFO] - 	       [ 44,   2,   2,   9,   0, 788,  27,   6,   5,   9],
[2024-07-08 16:06:47,192][flwr][INFO] - 	       [ 39,   0,   8,   0,   4,   9, 897,   0,   0,   1],
[2024-07-08 16:06:47,192][flwr][INFO] - 	       [  6,   0,  24,   8,   3,   1,   1, 913,   2,  70],
[2024-07-08 16:06:47,192][flwr][INFO] - 	       [ 45,   0,  17,  18,   3, 188,  93,   7, 545,  58],
[2024-07-08 16:06:47,193][flwr][INFO] - 	       [ 31,   1,   1,   3,  11,  16,   5,  12,   3, 926]])),
[2024-07-08 16:06:47,193][flwr][INFO] - 	                      (2,
[2024-07-08 16:06:47,193][flwr][INFO] - 	                       array([[965,   0,   0,   0,   0,   4,   8,   1,   2,   0],
[2024-07-08 16:06:47,193][flwr][INFO] - 	       [  0, 934, 176,   6,   1,   0,   5,   1,  12,   0],
[2024-07-08 16:06:47,193][flwr][INFO] - 	       [ 12,   1, 893,  67,  14,   4,   8,   2,  22,   9],
[2024-07-08 16:06:47,193][flwr][INFO] - 	       [  0,   2,   3, 919,   3,  31,   1,   0,  22,  29],
[2024-07-08 16:06:47,193][flwr][INFO] - 	       [  2,   0,   1,   0, 847,  60,  14,   0,   4,  54],
[2024-07-08 16:06:47,193][flwr][INFO] - 	       [ 13,   2,   1,  24,   0, 785,  43,   0,  17,   7],
[2024-07-08 16:06:47,193][flwr][INFO] - 	       [  8,   1,   5,   2,   5,   4, 930,   2,   1,   0],
[2024-07-08 16:06:47,193][flwr][INFO] - 	       [ 15,   1,  32, 111,   6,  13,   0, 696,  36, 118],
[2024-07-08 16:06:47,193][flwr][INFO] - 	       [ 15,   1,   9,  11,   5,  19,  29,   0, 835,  50],
[2024-07-08 16:06:47,193][flwr][INFO] - 	       [ 12,   4,   0,   3,   9,  19,   2,   2,   5, 953]])),
[2024-07-08 16:06:47,193][flwr][INFO] - 	                      (3,
[2024-07-08 16:06:47,193][flwr][INFO] - 	                       array([[ 962,    1,    0,    0,    0,    5,    8,    1,    1,    2],
[2024-07-08 16:06:47,193][flwr][INFO] - 	       [   0, 1064,   47,    3,    0,    0,    4,    0,   17,    0],
[2024-07-08 16:06:47,193][flwr][INFO] - 	       [   9,    1,  902,   80,    7,    5,    8,    2,   16,    2],
[2024-07-08 16:06:47,193][flwr][INFO] - 	       [   0,    4,    5,  885,    3,   66,    1,    0,   17,   29],
[2024-07-08 16:06:47,193][flwr][INFO] - 	       [   1,    0,    3,    0,  850,   78,   13,    0,    3,   34],
[2024-07-08 16:06:47,193][flwr][INFO] - 	       [   6,    2,    0,   10,    0,  815,   45,    0,    8,    6],
[2024-07-08 16:06:47,193][flwr][INFO] - 	       [   2,    2,    3,    0,    5,    6,  936,    2,    2,    0],
[2024-07-08 16:06:47,193][flwr][INFO] - 	       [  10,    0,   30,  136,    3,    9,    0,  764,   34,   42],
[2024-07-08 16:06:47,193][flwr][INFO] - 	       [   8,    1,    6,    6,    6,   29,   26,    2,  844,   46],
[2024-07-08 16:06:47,193][flwr][INFO] - 	       [  11,    4,    0,    2,   14,   25,    0,    2,    4,  947]])),
[2024-07-08 16:06:47,193][flwr][INFO] - 	                      (4,
[2024-07-08 16:06:47,193][flwr][INFO] - 	                       array([[ 957,    1,    0,    1,    0,    7,    7,    2,    3,    2],
[2024-07-08 16:06:47,193][flwr][INFO] - 	       [   0, 1107,   12,    3,    0,    0,    3,    0,   10,    0],
[2024-07-08 16:06:47,193][flwr][INFO] - 	       [   4,    1,  853,  139,   10,    2,    5,    3,   13,    2],
[2024-07-08 16:06:47,193][flwr][INFO] - 	       [   0,    4,    0,  930,    1,   34,    0,    0,   13,   28],
[2024-07-08 16:06:47,193][flwr][INFO] - 	       [   1,    0,    4,    1,  926,   15,    6,    0,    5,   24],
[2024-07-08 16:06:47,193][flwr][INFO] - 	       [   3,    3,    0,   12,    1,  830,   32,    0,    5,    6],
[2024-07-08 16:06:47,193][flwr][INFO] - 	       [   2,    3,    1,    1,   11,    4,  932,    1,    3,    0],
[2024-07-08 16:06:47,193][flwr][INFO] - 	       [   2,    4,   13,  112,    5,    5,    0,  779,   70,   38],
[2024-07-08 16:06:47,193][flwr][INFO] - 	       [   4,    4,    4,    8,    8,   10,   16,    2,  847,   71],
[2024-07-08 16:06:47,193][flwr][INFO] - 	       [   8,    5,    0,    3,   23,   15,    0,    2,    1,  952]])),
[2024-07-08 16:06:47,193][flwr][INFO] - 	                      (5,
[2024-07-08 16:06:47,193][flwr][INFO] - 	                       array([[ 966,    1,    0,    1,    0,    5,    3,    2,    1,    1],
[2024-07-08 16:06:47,193][flwr][INFO] - 	       [   0, 1113,    4,    4,    0,    0,    3,    0,   11,    0],
[2024-07-08 16:06:47,193][flwr][INFO] - 	       [   5,    1,  900,   98,    4,    0,    2,    5,   15,    2],
[2024-07-08 16:06:47,193][flwr][INFO] - 	       [   0,    2,    1,  951,    0,   21,    0,    2,   12,   21],
[2024-07-08 16:06:47,193][flwr][INFO] - 	       [   1,    0,    5,    0,  880,   57,    7,    1,    3,   28],
[2024-07-08 16:06:47,193][flwr][INFO] - 	       [   1,    0,    0,   14,    0,  843,   23,    0,    5,    6],
[2024-07-08 16:06:47,193][flwr][INFO] - 	       [   5,    3,    0,    1,    8,    8,  926,    4,    3,    0],
[2024-07-08 16:06:47,193][flwr][INFO] - 	       [   6,    3,    7,   83,    2,    1,    0,  870,   29,   27],
[2024-07-08 16:06:47,193][flwr][INFO] - 	       [   5,    0,    1,   10,    4,    6,    9,    1,  908,   30],
[2024-07-08 16:06:47,193][flwr][INFO] - 	       [  10,    5,    0,    2,   12,   17,    0,    1,    2,  960]])),
[2024-07-08 16:06:47,193][flwr][INFO] - 	                      (6,
[2024-07-08 16:06:47,193][flwr][INFO] - 	                       array([[ 967,    2,    0,    0,    0,    3,    4,    1,    1,    2],
[2024-07-08 16:06:47,193][flwr][INFO] - 	       [   0, 1122,    2,    3,    0,    0,    1,    0,    7,    0],
[2024-07-08 16:06:47,193][flwr][INFO] - 	       [   5,    0,  911,   87,    7,    0,    3,    3,   14,    2],
[2024-07-08 16:06:47,193][flwr][INFO] - 	       [   0,    0,    1,  959,    0,   13,    0,    0,   15,   22],
[2024-07-08 16:06:47,193][flwr][INFO] - 	       [   2,    0,    2,    0,  929,    9,    4,    6,    3,   27],
[2024-07-08 16:06:47,193][flwr][INFO] - 	       [   3,    3,    0,   11,    0,  843,   19,    0,    8,    5],
[2024-07-08 16:06:47,193][flwr][INFO] - 	       [   6,    4,    0,    1,    8,    2,  931,    2,    4,    0],
[2024-07-08 16:06:47,193][flwr][INFO] - 	       [   2,    4,   10,   65,    1,    1,    0,  879,   48,   18],
[2024-07-08 16:06:47,194][flwr][INFO] - 	       [   4,    1,    3,    6,    4,    7,    2,    0,  933,   14],
[2024-07-08 16:06:47,194][flwr][INFO] - 	       [   9,    4,    0,    2,   16,    7,    0,    2,    5,  964]])),
[2024-07-08 16:06:47,194][flwr][INFO] - 	                      (7,
[2024-07-08 16:06:47,194][flwr][INFO] - 	                       array([[ 954,    9,    0,    1,    0,    3,    6,    5,    1,    1],
[2024-07-08 16:06:47,194][flwr][INFO] - 	       [   0, 1116,    2,    2,    0,    1,    2,    0,   12,    0],
[2024-07-08 16:06:47,194][flwr][INFO] - 	       [   1,    1,  893,  109,    8,    1,    3,    4,   11,    1],
[2024-07-08 16:06:47,194][flwr][INFO] - 	       [   0,    0,    1,  967,    1,   15,    0,    1,   11,   14],
[2024-07-08 16:06:47,194][flwr][INFO] - 	       [   2,    0,    1,    1,  932,   10,    7,    4,    2,   23],
[2024-07-08 16:06:47,194][flwr][INFO] - 	       [   1,    0,    0,   12,    1,  854,   15,    0,    6,    3],
[2024-07-08 16:06:47,194][flwr][INFO] - 	       [   2,    4,    1,    1,    6,    5,  929,    7,    3,    0],
[2024-07-08 16:06:47,194][flwr][INFO] - 	       [   2,    2,    4,   63,    3,    1,    0,  933,   14,    6],
[2024-07-08 16:06:47,194][flwr][INFO] - 	       [   3,    0,    1,    9,    3,    7,    3,    1,  935,   12],
[2024-07-08 16:06:47,194][flwr][INFO] - 	       [   6,    3,    0,    5,   16,   15,    0,    5,    3,  956]])),
[2024-07-08 16:06:47,194][flwr][INFO] - 	                      (8,
[2024-07-08 16:06:47,194][flwr][INFO] - 	                       array([[ 955,    7,    0,    1,    0,    3,    7,    5,    1,    1],
[2024-07-08 16:06:47,194][flwr][INFO] - 	       [   0, 1114,   11,    3,    0,    0,    1,    0,    6,    0],
[2024-07-08 16:06:47,194][flwr][INFO] - 	       [   1,    1,  983,   29,    5,    1,    3,    3,    5,    1],
[2024-07-08 16:06:47,194][flwr][INFO] - 	       [   0,    1,    2,  958,    0,   24,    0,    1,   11,   13],
[2024-07-08 16:06:47,194][flwr][INFO] - 	       [   2,    0,    2,    0,  949,    5,    5,    1,    2,   16],
[2024-07-08 16:06:47,194][flwr][INFO] - 	       [   2,    1,    0,    9,    2,  851,   18,    0,    6,    3],
[2024-07-08 16:06:47,194][flwr][INFO] - 	       [   2,    5,    1,    1,    7,    1,  932,    5,    4,    0],
[2024-07-08 16:06:47,194][flwr][INFO] - 	       [   2,    0,   27,   32,    6,    0,    0,  944,   10,    7],
[2024-07-08 16:06:47,194][flwr][INFO] - 	       [   3,    0,    6,    6,    3,    5,    3,    0,  940,    8],
[2024-07-08 16:06:47,194][flwr][INFO] - 	       [   7,    4,    1,    4,   20,   13,    0,    7,    4,  949]])),
[2024-07-08 16:06:47,194][flwr][INFO] - 	                      (9,
[2024-07-08 16:06:47,194][flwr][INFO] - 	                       array([[ 957,    8,    0,    0,    0,    2,    4,    4,    3,    2],
[2024-07-08 16:06:47,194][flwr][INFO] - 	       [   0, 1115,    9,    2,    0,    0,    1,    0,    8,    0],
[2024-07-08 16:06:47,194][flwr][INFO] - 	       [   3,    1,  955,   56,    2,    0,    2,    6,    5,    2],
[2024-07-08 16:06:47,194][flwr][INFO] - 	       [   0,    3,    1,  962,    0,   20,    0,    1,    9,   14],
[2024-07-08 16:06:47,194][flwr][INFO] - 	       [   1,    0,    2,    0,  941,    3,    6,    1,    4,   24],
[2024-07-08 16:06:47,194][flwr][INFO] - 	       [   2,    2,    0,   11,    0,  854,   13,    0,    7,    3],
[2024-07-08 16:06:47,194][flwr][INFO] - 	       [   4,    4,    1,    1,    5,    3,  929,    5,    6,    0],
[2024-07-08 16:06:47,194][flwr][INFO] - 	       [   2,    0,   14,   35,    3,    0,    0,  942,   19,   13],
[2024-07-08 16:06:47,194][flwr][INFO] - 	       [   3,    1,    5,    3,    3,    5,    0,    1,  947,    6],
[2024-07-08 16:06:47,194][flwr][INFO] - 	       [   7,    3,    0,    3,   11,    6,    0,    5,    5,  969]])),
[2024-07-08 16:06:47,194][flwr][INFO] - 	                      (10,
[2024-07-08 16:06:47,194][flwr][INFO] - 	                       array([[ 951,   10,    1,    0,    0,    1,    4,    4,    7,    2],
[2024-07-08 16:06:47,194][flwr][INFO] - 	       [   0, 1086,   36,    0,    0,    0,    0,    1,   12,    0],
[2024-07-08 16:06:47,194][flwr][INFO] - 	       [   1,    1,  991,   19,    2,    1,    1,    7,    7,    2],
[2024-07-08 16:06:47,194][flwr][INFO] - 	       [   0,    2,    4,  941,    1,   17,    0,    1,   18,   26],
[2024-07-08 16:06:47,194][flwr][INFO] - 	       [   1,    0,    2,    1,  934,   13,    4,    2,    5,   20],
[2024-07-08 16:06:47,194][flwr][INFO] - 	       [   2,    0,    0,   10,    1,  849,   15,    0,   12,    3],
[2024-07-08 16:06:47,194][flwr][INFO] - 	       [   3,    6,    2,    1,    8,    2,  919,    8,    9,    0],
[2024-07-08 16:06:47,194][flwr][INFO] - 	       [   3,    1,   21,   22,    2,    1,    0,  958,   15,    5],
[2024-07-08 16:06:47,194][flwr][INFO] - 	       [   2,    1,    4,    3,    4,    2,    0,    1,  949,    8],
[2024-07-08 16:06:47,194][flwr][INFO] - 	       [   6,    2,    0,    2,   14,    4,    0,    6,    6,  969]]))],
[2024-07-08 16:06:47,194][flwr][INFO] - 	 'f1': [(0, 0.03553137346181725),
[2024-07-08 16:06:47,194][flwr][INFO] - 	        (1, 0.8086250971144832),
[2024-07-08 16:06:47,194][flwr][INFO] - 	        (2, 0.8750032375471725),
[2024-07-08 16:06:47,194][flwr][INFO] - 	        (3, 0.8969813289023506),
[2024-07-08 16:06:47,194][flwr][INFO] - 	        (4, 0.9112354357377511),
[2024-07-08 16:06:47,194][flwr][INFO] - 	        (5, 0.9319842270547397),
[2024-07-08 16:06:47,195][flwr][INFO] - 	        (6, 0.9438712106010203),
[2024-07-08 16:06:47,195][flwr][INFO] - 	        (7, 0.9472071119248796),
[2024-07-08 16:06:47,195][flwr][INFO] - 	        (8, 0.9575067594350474),
[2024-07-08 16:06:47,195][flwr][INFO] - 	        (9, 0.9571692495901165),
[2024-07-08 16:06:47,195][flwr][INFO] - 	        (10, 0.9547830128448466)],
[2024-07-08 16:06:47,195][flwr][INFO] - 	 'precision': [(0, 0.12349967530374152),
[2024-07-08 16:06:47,195][flwr][INFO] - 	               (1, 0.8383305648375801),
[2024-07-08 16:06:47,195][flwr][INFO] - 	               (2, 0.8855238708395876),
[2024-07-08 16:06:47,195][flwr][INFO] - 	               (3, 0.9033945230934883),
[2024-07-08 16:06:47,195][flwr][INFO] - 	               (4, 0.9173640857951559),
[2024-07-08 16:06:47,195][flwr][INFO] - 	               (5, 0.9355477998029462),
[2024-07-08 16:06:47,195][flwr][INFO] - 	               (6, 0.9463217199505894),
[2024-07-08 16:06:47,195][flwr][INFO] - 	               (7, 0.9496253425331194),
[2024-07-08 16:06:47,195][flwr][INFO] - 	               (8, 0.9577865196874734),
[2024-07-08 16:06:47,195][flwr][INFO] - 	               (9, 0.9578140045212472),
[2024-07-08 16:06:47,195][flwr][INFO] - 	               (10, 0.9552745572060075)],
[2024-07-08 16:06:47,195][flwr][INFO] - 	 'recall': [(0, 0.1086),
[2024-07-08 16:06:47,195][flwr][INFO] - 	            (1, 0.8113),
[2024-07-08 16:06:47,195][flwr][INFO] - 	            (2, 0.8757),
[2024-07-08 16:06:47,195][flwr][INFO] - 	            (3, 0.8969),
[2024-07-08 16:06:47,195][flwr][INFO] - 	            (4, 0.9113),
[2024-07-08 16:06:47,195][flwr][INFO] - 	            (5, 0.9317),
[2024-07-08 16:06:47,195][flwr][INFO] - 	            (6, 0.9438),
[2024-07-08 16:06:47,195][flwr][INFO] - 	            (7, 0.9469),
[2024-07-08 16:06:47,195][flwr][INFO] - 	            (8, 0.9575),
[2024-07-08 16:06:47,195][flwr][INFO] - 	            (9, 0.9571),
[2024-07-08 16:06:47,195][flwr][INFO] - 	            (10, 0.9547)]}
[2024-07-08 16:06:47,195][flwr][INFO] - 
