[2024-06-21 14:14:39,639][flwr][INFO] - Starting Flower simulation, config: num_rounds=10, no round_timeout
[2024-06-21 14:14:41,648][flwr][INFO] - Flower VCE: Ray initialized with resources: {'memory': 9870268826.0, 'CPU': 12.0, 'node:__internal_head__': 1.0, 'node:127.0.0.1': 1.0, 'object_store_memory': 2147483648.0}
[2024-06-21 14:14:41,648][flwr][INFO] - Optimize your simulation with Flower VCE: https://flower.ai/docs/framework/how-to-run-simulations.html
[2024-06-21 14:14:41,648][flwr][INFO] - Flower VCE: Resources for each Virtual Client: {'num_cpus': 2, 'num_gpus': 0}
[2024-06-21 14:14:41,654][flwr][INFO] - Flower VCE: Creating VirtualClientEngineActorPool with 6 actors
[2024-06-21 14:14:41,654][flwr][INFO] - [INIT]
[2024-06-21 14:14:41,654][flwr][INFO] - Requesting initial parameters from one random client
[2024-06-21 14:14:43,234][flwr][INFO] - Received initial parameters from one random client
[2024-06-21 14:14:43,234][flwr][INFO] - Evaluating initial global parameters
[2024-06-21 14:14:43,572][flwr][INFO] - initial parameters (loss, other metrics): 181.76928067207336, {'accuracy': 0.1086, 'precision': 0.12349967530374152, 'recall': 0.1086, 'f1': 0.03553137346181725, 'confusion_matrix': array([[   0,    8,    0,  956,    0,    1,    0,   15,    0,    0],
       [   0,  122,    0, 1013,    0,    0,    0,    0,    0,    0],
       [   0,   38,    0,  971,    0,    0,    3,   19,    1,    0],
       [   0,   44,    0,  945,    1,    1,    0,   17,    2,    0],
       [   0,  143,    0,  816,    1,    0,    2,   20,    0,    0],
       [   0,  118,    0,  735,    1,    7,    0,   30,    1,    0],
       [   0,  144,    0,  749,   25,    0,    2,   38,    0,    0],
       [   0,  272,    0,  724,    8,    0,    0,    9,   15,    0],
       [   0,   81,    0,  859,    1,    0,    1,   32,    0,    0],
       [   0,  178,    0,  799,    1,    0,    0,   31,    0,    0]])}
[2024-06-21 14:14:43,572][flwr][INFO] - 
[2024-06-21 14:14:43,572][flwr][INFO] - [ROUND 1]
[2024-06-21 14:14:43,573][flwr][INFO] - configure_fit: strategy sampled 10 clients (out of 100)
[2024-06-21 14:14:50,072][flwr][INFO] - aggregate_fit: received 10 results and 0 failures
[2024-06-21 14:14:50,077][flwr][WARNING] - No fit_metrics_aggregation_fn provided
[2024-06-21 14:14:50,414][flwr][INFO] - fit progress: (1, 159.01453042030334, {'accuracy': 0.4178, 'precision': 0.40340693118272514, 'recall': 0.4178, 'f1': 0.33660995971604923, 'confusion_matrix': array([[842,  18,   0,  36,   4,   0,  55,  25,   0,   0],
       [  6, 690,  70, 365,   0,   0,   4,   0,   0,   0],
       [ 25,   9,  96, 857,   3,   0,  31,   7,   3,   1],
       [  7,   5,   1, 950,  30,   0,  10,   2,   0,   5],
       [291,   9,   0,  48, 563,   0,  69,   2,   0,   0],
       [301,  54,   0, 204, 205,   0, 125,   3,   0,   0],
       [ 18,   6,   4,  53,   1,   0, 872,   3,   0,   1],
       [502,  26,   0, 217,  39,   0,   2, 153,  75,  14],
       [155,  69,   4, 577,  86,   0,   5,   4,   0,  74],
       [570,   7,   0,  51, 340,   0,  19,  10,   0,  12]])}, 6.841595624999999)
[2024-06-21 14:14:50,414][flwr][INFO] - configure_evaluate: no clients selected, skipping evaluation
[2024-06-21 14:14:50,414][flwr][INFO] - 
[2024-06-21 14:14:50,415][flwr][INFO] - [ROUND 2]
[2024-06-21 14:14:50,415][flwr][INFO] - configure_fit: strategy sampled 10 clients (out of 100)
[2024-06-21 14:14:55,988][flwr][INFO] - aggregate_fit: received 10 results and 0 failures
[2024-06-21 14:14:56,448][flwr][INFO] - fit progress: (2, 112.67120826244354, {'accuracy': 0.5302, 'precision': 0.5928250652246939, 'recall': 0.5302, 'f1': 0.5114077004885241, 'confusion_matrix': array([[ 886,   27,    1,    0,    1,   38,   16,    0,    2,    9],
       [   0, 1100,   30,    0,    0,    1,    4,    0,    0,    0],
       [  10,   96,  834,   19,    4,   15,    9,    4,   33,    8],
       [   2,  117,  131,  370,  273,   31,   13,    0,   47,   26],
       [   1,   18,    3,    3,   68,  845,    8,    0,    1,   35],
       [  21,  116,    4,   19,   64,  553,   58,    0,    5,   52],
       [  24,   61,   20,    1,    4,   50,  798,    0,    0,    0],
       [   7,   63,   17,    3,    7,   44,    0,  164,  664,   59],
       [   5,  132,   35,   24,   55,   96,    9,    1,  110,  507],
       [  11,   12,    3,    4,   36,  449,    1,    3,   71,  419]])}, 12.875332166)
[2024-06-21 14:14:56,448][flwr][INFO] - configure_evaluate: no clients selected, skipping evaluation
[2024-06-21 14:14:56,448][flwr][INFO] - 
[2024-06-21 14:14:56,448][flwr][INFO] - [ROUND 3]
[2024-06-21 14:14:56,449][flwr][INFO] - configure_fit: strategy sampled 10 clients (out of 100)
[2024-06-21 14:15:02,490][flwr][INFO] - aggregate_fit: received 10 results and 0 failures
[2024-06-21 14:15:02,881][flwr][INFO] - fit progress: (3, 114.64117419719696, {'accuracy': 0.5312, 'precision': 0.4808940301383632, 'recall': 0.5312, 'f1': 0.49063224405722455, 'confusion_matrix': array([[ 841,   64,    0,    1,    0,   16,   24,    1,    1,   32],
       [   0, 1106,   23,    1,    0,    1,    2,    0,    0,    2],
       [   4,   72,  715,  170,    3,   12,    6,    1,   35,   14],
       [   1,   82,   47,  478,  258,   30,    9,    0,   32,   73],
       [   0,   19,    1,   11,   23,  862,   10,    0,    1,   55],
       [  13,   68,    9,   32,   21,  576,   91,    0,    5,   77],
       [  16,   34,   13,    9,    2,   33,  832,    5,    0,   14],
       [  21,   78,   13,    4,    2,   31,    0,    0,  846,   33],
       [   4,  110,   16,   25,    7,   41,   10,    0,   42,  719],
       [  17,   20,    0,    7,    7,  199,    1,    0,   59,  699]])}, 19.308007458)
[2024-06-21 14:15:02,881][flwr][INFO] - configure_evaluate: no clients selected, skipping evaluation
[2024-06-21 14:15:02,881][flwr][INFO] - 
[2024-06-21 14:15:02,881][flwr][INFO] - [ROUND 4]
[2024-06-21 14:15:02,881][flwr][INFO] - configure_fit: strategy sampled 10 clients (out of 100)
[2024-06-21 14:15:08,565][flwr][INFO] - aggregate_fit: received 10 results and 0 failures
[2024-06-21 14:15:08,937][flwr][INFO] - fit progress: (4, 103.12102627754211, {'accuracy': 0.6096, 'precision': 0.5818958733932353, 'recall': 0.6096, 'f1': 0.5818452799833355, 'confusion_matrix': array([[ 904,   35,    0,    2,    1,    6,   13,    2,    0,   17],
       [   0, 1082,   43,    1,    0,    0,    3,    1,    1,    4],
       [   9,   49,  790,  108,    9,    9,    5,   12,   23,   18],
       [   0,   36,   54,  601,  190,    7,   18,   15,   33,   56],
       [   2,    8,    2,    5,   60,  815,    6,    1,    0,   83],
       [  30,   46,    2,   40,   30,  334,  321,   19,    3,   67],
       [  28,   25,   10,    5,    3,   19,  837,    8,    0,   23],
       [  11,   29,   36,    2,    5,   11,    1,  817,  104,   12],
       [   6,   65,   19,   16,    7,    9,   10,    5,   37,  800],
       [  96,    6,    0,    5,   10,  138,    1,   31,   88,  634]])}, 25.363883124999997)
[2024-06-21 14:15:08,937][flwr][INFO] - configure_evaluate: no clients selected, skipping evaluation
[2024-06-21 14:15:08,937][flwr][INFO] - 
[2024-06-21 14:15:08,937][flwr][INFO] - [ROUND 5]
[2024-06-21 14:15:08,937][flwr][INFO] - configure_fit: strategy sampled 10 clients (out of 100)
[2024-06-21 14:15:15,203][flwr][INFO] - aggregate_fit: received 10 results and 0 failures
[2024-06-21 14:15:15,579][flwr][INFO] - fit progress: (5, 97.07505059242249, {'accuracy': 0.6228, 'precision': 0.5993186038464707, 'recall': 0.6228, 'f1': 0.5876786255031893, 'confusion_matrix': array([[ 900,   42,    0,    1,    1,    3,    9,    1,    0,   23],
       [   0, 1066,   56,    2,    0,    0,    3,    0,    0,    8],
       [   1,   46,  436,  464,   15,    5,    6,    7,   21,   31],
       [   0,   31,   26,  711,  126,    1,   16,    7,   18,   74],
       [   1,   11,    0,    5,  628,  250,    8,    0,    1,   78],
       [   9,   26,    0,   39,   17,   59,  646,   10,    5,   81],
       [  13,   18,    2,    4,   12,    8,  882,    1,    0,   18],
       [  15,   29,   24,    6,   11,    7,    0,  700,  202,   34],
       [   4,   33,   22,   40,    8,    3,   11,    1,   12,  840],
       [  67,   10,    0,    7,   45,   12,    1,    4,   29,  834]])}, 32.006331916)
[2024-06-21 14:15:15,580][flwr][INFO] - configure_evaluate: no clients selected, skipping evaluation
[2024-06-21 14:15:15,580][flwr][INFO] - 
[2024-06-21 14:15:15,581][flwr][INFO] - [ROUND 6]
[2024-06-21 14:15:15,582][flwr][INFO] - configure_fit: strategy sampled 10 clients (out of 100)
[2024-06-21 14:15:21,067][flwr][INFO] - aggregate_fit: received 10 results and 0 failures
[2024-06-21 14:15:21,410][flwr][INFO] - fit progress: (6, 94.26502120494843, {'accuracy': 0.6123, 'precision': 0.6492739552074082, 'recall': 0.6123, 'f1': 0.5889915839459703, 'confusion_matrix': array([[935,  26,   0,   1,   2,   1,   6,   2,   1,   6],
       [  0, 714, 406,   1,   1,   0,   3,   0,   2,   8],
       [  8,  18, 858,  85,  22,   1,   3,   7,  23,   7],
       [  4,  20,  40, 515, 355,   0,   7,   3,  40,  26],
       [  1,   3,   3,   3, 927,   5,   7,   1,   1,  31],
       [ 41,  23,   2,  40,  35, 131, 526,   9,   9,  76],
       [ 10,  10,   6,   6,  23,   3, 770, 107,   0,  23],
       [ 13,  17,  40,   7,  25,   1,   0, 502, 411,  12],
       [ 11,  14,  19,  20,  17,   4,   6,   5, 160, 718],
       [130,   6,   0,   9, 208,   3,   1,   3,  38, 611]])}, 37.837356416000006)
[2024-06-21 14:15:21,411][flwr][INFO] - configure_evaluate: no clients selected, skipping evaluation
[2024-06-21 14:15:21,411][flwr][INFO] - 
[2024-06-21 14:15:21,411][flwr][INFO] - [ROUND 7]
[2024-06-21 14:15:21,411][flwr][INFO] - configure_fit: strategy sampled 10 clients (out of 100)
[2024-06-21 14:15:27,875][flwr][INFO] - aggregate_fit: received 10 results and 0 failures
[2024-06-21 14:15:28,225][flwr][INFO] - fit progress: (7, 89.39042872190475, {'accuracy': 0.5732, 'precision': 0.582827009983697, 'recall': 0.5732, 'f1': 0.5343990505065151, 'confusion_matrix': array([[ 807,  161,    0,    1,    0,    3,    5,    1,    1,    1],
       [   1, 1070,   47,    6,    0,    0,    3,    0,    1,    7],
       [   4,   32,   99,  836,    4,    4,    5,   12,   27,    9],
       [   3,   19,    0,  911,   18,    2,    2,    4,   25,   26],
       [   7,   13,    1,   13,  366,  527,    5,    2,    2,   46],
       [  25,   28,    0,   41,   17,  177,  570,   10,    1,   23],
       [  12,   13,    2,   14,    3,    4,  709,  194,    0,    7],
       [  10,   21,    7,   29,    4,    5,    0,  794,  146,   12],
       [  11,   58,    6,   64,    7,   12,    8,    4,  159,  645],
       [ 225,   18,    0,   19,   32,   26,    1,    9,   39,  640]])}, 44.652228166)
[2024-06-21 14:15:28,226][flwr][INFO] - configure_evaluate: no clients selected, skipping evaluation
[2024-06-21 14:15:28,226][flwr][INFO] - 
[2024-06-21 14:15:28,226][flwr][INFO] - [ROUND 8]
[2024-06-21 14:15:28,226][flwr][INFO] - configure_fit: strategy sampled 10 clients (out of 100)
[2024-06-21 14:15:33,363][flwr][INFO] - aggregate_fit: received 10 results and 0 failures
[2024-06-21 14:15:33,697][flwr][INFO] - fit progress: (8, 90.27326136827469, {'accuracy': 0.4504, 'precision': 0.4444505971886815, 'recall': 0.4504, 'f1': 0.4265881463692109, 'confusion_matrix': array([[ 285,  672,    0,    1,    3,    5,    7,    1,    1,    5],
       [   0, 1029,   86,    5,    0,    0,    3,    0,    4,    8],
       [   6,   31,  315,  595,   16,    7,    4,    5,   27,   26],
       [  10,   20,   10,  787,  111,    3,    6,    1,   26,   36],
       [  29,    3,    1,    2,  611,  305,    9,    0,    0,   22],
       [  19,   10,    0,   35,   10,  102,  663,    6,    6,   41],
       [   5,   16,    0,    2,   13,    7,  661,  242,    0,   12],
       [  26,   15,   23,    9,   15,    2,    0,  506,  420,   12],
       [  13,   22,    6,   11,    8,   16,   10,    3,   54,  831],
       [ 752,    6,    0,    4,   70,    7,    2,    1,   13,  154]])}, 50.124474916000004)
[2024-06-21 14:15:33,698][flwr][INFO] - configure_evaluate: no clients selected, skipping evaluation
[2024-06-21 14:15:33,698][flwr][INFO] - 
[2024-06-21 14:15:33,698][flwr][INFO] - [ROUND 9]
[2024-06-21 14:15:33,698][flwr][INFO] - configure_fit: strategy sampled 10 clients (out of 100)
[2024-06-21 14:15:38,653][flwr][INFO] - aggregate_fit: received 10 results and 0 failures
[2024-06-21 14:15:39,009][flwr][INFO] - fit progress: (9, 82.53921669721603, {'accuracy': 0.6286, 'precision': 0.6186376224361864, 'recall': 0.6286, 'f1': 0.6026748654630953, 'confusion_matrix': array([[ 939,   31,    0,    0,    0,    1,    2,    2,    1,    4],
       [   0, 1067,   40,    5,    0,    0,    4,    2,    5,   12],
       [  11,   19,  447,  476,   10,    1,    5,   11,   44,    8],
       [   5,    4,    3,  460,  456,    2,    1,    8,   49,   22],
       [  30,    3,    2,    8,  641,  227,   11,    0,    2,   58],
       [  29,   13,    0,   23,   32,   22,  710,   14,    7,   42],
       [  11,   19,    1,    3,    4,    3,  901,    6,    0,   10],
       [   7,    7,    7,   19,    6,    2,    0,  783,  182,   15],
       [  13,   12,    4,   21,   14,    0,   13,    3,  298,  596],
       [ 169,    6,    0,   12,   33,    1,    2,    4,   54,  728]])}, 55.435732875)
[2024-06-21 14:15:39,009][flwr][INFO] - configure_evaluate: no clients selected, skipping evaluation
[2024-06-21 14:15:39,009][flwr][INFO] - 
[2024-06-21 14:15:39,009][flwr][INFO] - [ROUND 10]
[2024-06-21 14:15:39,010][flwr][INFO] - configure_fit: strategy sampled 10 clients (out of 100)
[2024-06-21 14:15:43,768][flwr][INFO] - aggregate_fit: received 10 results and 0 failures
[2024-06-21 14:15:44,103][flwr][INFO] - fit progress: (10, 86.7012888789177, {'accuracy': 0.4358, 'precision': 0.4047440379950677, 'recall': 0.4358, 'f1': 0.38519657987682815, 'confusion_matrix': array([[  79,  877,    0,    4,    0,    2,    5,    4,    1,    8],
       [   0, 1055,   56,    7,    0,    0,    2,    2,   11,    2],
       [   3,   12,   27,  924,    8,    5,    0,   11,   41,    1],
       [   4,   10,    1,  875,   58,    0,    0,    9,   41,   12],
       [  31,    5,    0,   11,  186,  706,    7,    0,    4,   32],
       [  19,   10,    3,   34,   30,   94,  586,   20,   17,   79],
       [   6,   12,    1,    9,    4,    7,  591,  313,    2,   13],
       [   5,   11,    7,   26,    7,    0,    0,  833,  135,    4],
       [   4,   12,    4,   28,    7,    6,    4,    4,  332,  573],
       [ 574,   11,    0,    7,   35,   10,    2,    6,   78,  286]])}, 60.529478166)
[2024-06-21 14:15:44,103][flwr][INFO] - configure_evaluate: no clients selected, skipping evaluation
[2024-06-21 14:15:44,103][flwr][INFO] - 
[2024-06-21 14:15:44,103][flwr][INFO] - [SUMMARY]
[2024-06-21 14:15:44,103][flwr][INFO] - Run finished 10 round(s) in 60.53s
[2024-06-21 14:15:44,106][flwr][INFO] - 	History (loss, centralized):
[2024-06-21 14:15:44,107][flwr][INFO] - 		round 0: 181.76928067207336
[2024-06-21 14:15:44,107][flwr][INFO] - 		round 1: 159.01453042030334
[2024-06-21 14:15:44,107][flwr][INFO] - 		round 2: 112.67120826244354
[2024-06-21 14:15:44,107][flwr][INFO] - 		round 3: 114.64117419719696
[2024-06-21 14:15:44,107][flwr][INFO] - 		round 4: 103.12102627754211
[2024-06-21 14:15:44,107][flwr][INFO] - 		round 5: 97.07505059242249
[2024-06-21 14:15:44,107][flwr][INFO] - 		round 6: 94.26502120494843
[2024-06-21 14:15:44,107][flwr][INFO] - 		round 7: 89.39042872190475
[2024-06-21 14:15:44,107][flwr][INFO] - 		round 8: 90.27326136827469
[2024-06-21 14:15:44,107][flwr][INFO] - 		round 9: 82.53921669721603
[2024-06-21 14:15:44,107][flwr][INFO] - 		round 10: 86.7012888789177
[2024-06-21 14:15:44,107][flwr][INFO] - 	History (metrics, centralized):
[2024-06-21 14:15:44,107][flwr][INFO] - 	{'accuracy': [(0, 0.1086),
[2024-06-21 14:15:44,107][flwr][INFO] - 	              (1, 0.4178),
[2024-06-21 14:15:44,107][flwr][INFO] - 	              (2, 0.5302),
[2024-06-21 14:15:44,107][flwr][INFO] - 	              (3, 0.5312),
[2024-06-21 14:15:44,107][flwr][INFO] - 	              (4, 0.6096),
[2024-06-21 14:15:44,107][flwr][INFO] - 	              (5, 0.6228),
[2024-06-21 14:15:44,107][flwr][INFO] - 	              (6, 0.6123),
[2024-06-21 14:15:44,107][flwr][INFO] - 	              (7, 0.5732),
[2024-06-21 14:15:44,107][flwr][INFO] - 	              (8, 0.4504),
[2024-06-21 14:15:44,107][flwr][INFO] - 	              (9, 0.6286),
[2024-06-21 14:15:44,107][flwr][INFO] - 	              (10, 0.4358)],
[2024-06-21 14:15:44,107][flwr][INFO] - 	 'confusion_matrix': [(0,
[2024-06-21 14:15:44,107][flwr][INFO] - 	                       array([[   0,    8,    0,  956,    0,    1,    0,   15,    0,    0],
[2024-06-21 14:15:44,107][flwr][INFO] - 	       [   0,  122,    0, 1013,    0,    0,    0,    0,    0,    0],
[2024-06-21 14:15:44,107][flwr][INFO] - 	       [   0,   38,    0,  971,    0,    0,    3,   19,    1,    0],
[2024-06-21 14:15:44,108][flwr][INFO] - 	       [   0,   44,    0,  945,    1,    1,    0,   17,    2,    0],
[2024-06-21 14:15:44,108][flwr][INFO] - 	       [   0,  143,    0,  816,    1,    0,    2,   20,    0,    0],
[2024-06-21 14:15:44,108][flwr][INFO] - 	       [   0,  118,    0,  735,    1,    7,    0,   30,    1,    0],
[2024-06-21 14:15:44,108][flwr][INFO] - 	       [   0,  144,    0,  749,   25,    0,    2,   38,    0,    0],
[2024-06-21 14:15:44,108][flwr][INFO] - 	       [   0,  272,    0,  724,    8,    0,    0,    9,   15,    0],
[2024-06-21 14:15:44,108][flwr][INFO] - 	       [   0,   81,    0,  859,    1,    0,    1,   32,    0,    0],
[2024-06-21 14:15:44,108][flwr][INFO] - 	       [   0,  178,    0,  799,    1,    0,    0,   31,    0,    0]])),
[2024-06-21 14:15:44,108][flwr][INFO] - 	                      (1,
[2024-06-21 14:15:44,108][flwr][INFO] - 	                       array([[842,  18,   0,  36,   4,   0,  55,  25,   0,   0],
[2024-06-21 14:15:44,108][flwr][INFO] - 	       [  6, 690,  70, 365,   0,   0,   4,   0,   0,   0],
[2024-06-21 14:15:44,108][flwr][INFO] - 	       [ 25,   9,  96, 857,   3,   0,  31,   7,   3,   1],
[2024-06-21 14:15:44,108][flwr][INFO] - 	       [  7,   5,   1, 950,  30,   0,  10,   2,   0,   5],
[2024-06-21 14:15:44,108][flwr][INFO] - 	       [291,   9,   0,  48, 563,   0,  69,   2,   0,   0],
[2024-06-21 14:15:44,108][flwr][INFO] - 	       [301,  54,   0, 204, 205,   0, 125,   3,   0,   0],
[2024-06-21 14:15:44,108][flwr][INFO] - 	       [ 18,   6,   4,  53,   1,   0, 872,   3,   0,   1],
[2024-06-21 14:15:44,108][flwr][INFO] - 	       [502,  26,   0, 217,  39,   0,   2, 153,  75,  14],
[2024-06-21 14:15:44,108][flwr][INFO] - 	       [155,  69,   4, 577,  86,   0,   5,   4,   0,  74],
[2024-06-21 14:15:44,108][flwr][INFO] - 	       [570,   7,   0,  51, 340,   0,  19,  10,   0,  12]])),
[2024-06-21 14:15:44,108][flwr][INFO] - 	                      (2,
[2024-06-21 14:15:44,108][flwr][INFO] - 	                       array([[ 886,   27,    1,    0,    1,   38,   16,    0,    2,    9],
[2024-06-21 14:15:44,108][flwr][INFO] - 	       [   0, 1100,   30,    0,    0,    1,    4,    0,    0,    0],
[2024-06-21 14:15:44,108][flwr][INFO] - 	       [  10,   96,  834,   19,    4,   15,    9,    4,   33,    8],
[2024-06-21 14:15:44,108][flwr][INFO] - 	       [   2,  117,  131,  370,  273,   31,   13,    0,   47,   26],
[2024-06-21 14:15:44,108][flwr][INFO] - 	       [   1,   18,    3,    3,   68,  845,    8,    0,    1,   35],
[2024-06-21 14:15:44,108][flwr][INFO] - 	       [  21,  116,    4,   19,   64,  553,   58,    0,    5,   52],
[2024-06-21 14:15:44,108][flwr][INFO] - 	       [  24,   61,   20,    1,    4,   50,  798,    0,    0,    0],
[2024-06-21 14:15:44,108][flwr][INFO] - 	       [   7,   63,   17,    3,    7,   44,    0,  164,  664,   59],
[2024-06-21 14:15:44,108][flwr][INFO] - 	       [   5,  132,   35,   24,   55,   96,    9,    1,  110,  507],
[2024-06-21 14:15:44,108][flwr][INFO] - 	       [  11,   12,    3,    4,   36,  449,    1,    3,   71,  419]])),
[2024-06-21 14:15:44,108][flwr][INFO] - 	                      (3,
[2024-06-21 14:15:44,108][flwr][INFO] - 	                       array([[ 841,   64,    0,    1,    0,   16,   24,    1,    1,   32],
[2024-06-21 14:15:44,108][flwr][INFO] - 	       [   0, 1106,   23,    1,    0,    1,    2,    0,    0,    2],
[2024-06-21 14:15:44,108][flwr][INFO] - 	       [   4,   72,  715,  170,    3,   12,    6,    1,   35,   14],
[2024-06-21 14:15:44,108][flwr][INFO] - 	       [   1,   82,   47,  478,  258,   30,    9,    0,   32,   73],
[2024-06-21 14:15:44,108][flwr][INFO] - 	       [   0,   19,    1,   11,   23,  862,   10,    0,    1,   55],
[2024-06-21 14:15:44,108][flwr][INFO] - 	       [  13,   68,    9,   32,   21,  576,   91,    0,    5,   77],
[2024-06-21 14:15:44,108][flwr][INFO] - 	       [  16,   34,   13,    9,    2,   33,  832,    5,    0,   14],
[2024-06-21 14:15:44,108][flwr][INFO] - 	       [  21,   78,   13,    4,    2,   31,    0,    0,  846,   33],
[2024-06-21 14:15:44,108][flwr][INFO] - 	       [   4,  110,   16,   25,    7,   41,   10,    0,   42,  719],
[2024-06-21 14:15:44,108][flwr][INFO] - 	       [  17,   20,    0,    7,    7,  199,    1,    0,   59,  699]])),
[2024-06-21 14:15:44,108][flwr][INFO] - 	                      (4,
[2024-06-21 14:15:44,108][flwr][INFO] - 	                       array([[ 904,   35,    0,    2,    1,    6,   13,    2,    0,   17],
[2024-06-21 14:15:44,108][flwr][INFO] - 	       [   0, 1082,   43,    1,    0,    0,    3,    1,    1,    4],
[2024-06-21 14:15:44,108][flwr][INFO] - 	       [   9,   49,  790,  108,    9,    9,    5,   12,   23,   18],
[2024-06-21 14:15:44,108][flwr][INFO] - 	       [   0,   36,   54,  601,  190,    7,   18,   15,   33,   56],
[2024-06-21 14:15:44,108][flwr][INFO] - 	       [   2,    8,    2,    5,   60,  815,    6,    1,    0,   83],
[2024-06-21 14:15:44,108][flwr][INFO] - 	       [  30,   46,    2,   40,   30,  334,  321,   19,    3,   67],
[2024-06-21 14:15:44,108][flwr][INFO] - 	       [  28,   25,   10,    5,    3,   19,  837,    8,    0,   23],
[2024-06-21 14:15:44,109][flwr][INFO] - 	       [  11,   29,   36,    2,    5,   11,    1,  817,  104,   12],
[2024-06-21 14:15:44,109][flwr][INFO] - 	       [   6,   65,   19,   16,    7,    9,   10,    5,   37,  800],
[2024-06-21 14:15:44,109][flwr][INFO] - 	       [  96,    6,    0,    5,   10,  138,    1,   31,   88,  634]])),
[2024-06-21 14:15:44,109][flwr][INFO] - 	                      (5,
[2024-06-21 14:15:44,109][flwr][INFO] - 	                       array([[ 900,   42,    0,    1,    1,    3,    9,    1,    0,   23],
[2024-06-21 14:15:44,109][flwr][INFO] - 	       [   0, 1066,   56,    2,    0,    0,    3,    0,    0,    8],
[2024-06-21 14:15:44,109][flwr][INFO] - 	       [   1,   46,  436,  464,   15,    5,    6,    7,   21,   31],
[2024-06-21 14:15:44,109][flwr][INFO] - 	       [   0,   31,   26,  711,  126,    1,   16,    7,   18,   74],
[2024-06-21 14:15:44,109][flwr][INFO] - 	       [   1,   11,    0,    5,  628,  250,    8,    0,    1,   78],
[2024-06-21 14:15:44,109][flwr][INFO] - 	       [   9,   26,    0,   39,   17,   59,  646,   10,    5,   81],
[2024-06-21 14:15:44,109][flwr][INFO] - 	       [  13,   18,    2,    4,   12,    8,  882,    1,    0,   18],
[2024-06-21 14:15:44,109][flwr][INFO] - 	       [  15,   29,   24,    6,   11,    7,    0,  700,  202,   34],
[2024-06-21 14:15:44,109][flwr][INFO] - 	       [   4,   33,   22,   40,    8,    3,   11,    1,   12,  840],
[2024-06-21 14:15:44,109][flwr][INFO] - 	       [  67,   10,    0,    7,   45,   12,    1,    4,   29,  834]])),
[2024-06-21 14:15:44,109][flwr][INFO] - 	                      (6,
[2024-06-21 14:15:44,109][flwr][INFO] - 	                       array([[935,  26,   0,   1,   2,   1,   6,   2,   1,   6],
[2024-06-21 14:15:44,109][flwr][INFO] - 	       [  0, 714, 406,   1,   1,   0,   3,   0,   2,   8],
[2024-06-21 14:15:44,109][flwr][INFO] - 	       [  8,  18, 858,  85,  22,   1,   3,   7,  23,   7],
[2024-06-21 14:15:44,109][flwr][INFO] - 	       [  4,  20,  40, 515, 355,   0,   7,   3,  40,  26],
[2024-06-21 14:15:44,109][flwr][INFO] - 	       [  1,   3,   3,   3, 927,   5,   7,   1,   1,  31],
[2024-06-21 14:15:44,109][flwr][INFO] - 	       [ 41,  23,   2,  40,  35, 131, 526,   9,   9,  76],
[2024-06-21 14:15:44,109][flwr][INFO] - 	       [ 10,  10,   6,   6,  23,   3, 770, 107,   0,  23],
[2024-06-21 14:15:44,109][flwr][INFO] - 	       [ 13,  17,  40,   7,  25,   1,   0, 502, 411,  12],
[2024-06-21 14:15:44,109][flwr][INFO] - 	       [ 11,  14,  19,  20,  17,   4,   6,   5, 160, 718],
[2024-06-21 14:15:44,109][flwr][INFO] - 	       [130,   6,   0,   9, 208,   3,   1,   3,  38, 611]])),
[2024-06-21 14:15:44,109][flwr][INFO] - 	                      (7,
[2024-06-21 14:15:44,109][flwr][INFO] - 	                       array([[ 807,  161,    0,    1,    0,    3,    5,    1,    1,    1],
[2024-06-21 14:15:44,109][flwr][INFO] - 	       [   1, 1070,   47,    6,    0,    0,    3,    0,    1,    7],
[2024-06-21 14:15:44,109][flwr][INFO] - 	       [   4,   32,   99,  836,    4,    4,    5,   12,   27,    9],
[2024-06-21 14:15:44,109][flwr][INFO] - 	       [   3,   19,    0,  911,   18,    2,    2,    4,   25,   26],
[2024-06-21 14:15:44,109][flwr][INFO] - 	       [   7,   13,    1,   13,  366,  527,    5,    2,    2,   46],
[2024-06-21 14:15:44,109][flwr][INFO] - 	       [  25,   28,    0,   41,   17,  177,  570,   10,    1,   23],
[2024-06-21 14:15:44,109][flwr][INFO] - 	       [  12,   13,    2,   14,    3,    4,  709,  194,    0,    7],
[2024-06-21 14:15:44,109][flwr][INFO] - 	       [  10,   21,    7,   29,    4,    5,    0,  794,  146,   12],
[2024-06-21 14:15:44,109][flwr][INFO] - 	       [  11,   58,    6,   64,    7,   12,    8,    4,  159,  645],
[2024-06-21 14:15:44,109][flwr][INFO] - 	       [ 225,   18,    0,   19,   32,   26,    1,    9,   39,  640]])),
[2024-06-21 14:15:44,109][flwr][INFO] - 	                      (8,
[2024-06-21 14:15:44,109][flwr][INFO] - 	                       array([[ 285,  672,    0,    1,    3,    5,    7,    1,    1,    5],
[2024-06-21 14:15:44,109][flwr][INFO] - 	       [   0, 1029,   86,    5,    0,    0,    3,    0,    4,    8],
[2024-06-21 14:15:44,109][flwr][INFO] - 	       [   6,   31,  315,  595,   16,    7,    4,    5,   27,   26],
[2024-06-21 14:15:44,109][flwr][INFO] - 	       [  10,   20,   10,  787,  111,    3,    6,    1,   26,   36],
[2024-06-21 14:15:44,109][flwr][INFO] - 	       [  29,    3,    1,    2,  611,  305,    9,    0,    0,   22],
[2024-06-21 14:15:44,109][flwr][INFO] - 	       [  19,   10,    0,   35,   10,  102,  663,    6,    6,   41],
[2024-06-21 14:15:44,109][flwr][INFO] - 	       [   5,   16,    0,    2,   13,    7,  661,  242,    0,   12],
[2024-06-21 14:15:44,109][flwr][INFO] - 	       [  26,   15,   23,    9,   15,    2,    0,  506,  420,   12],
[2024-06-21 14:15:44,109][flwr][INFO] - 	       [  13,   22,    6,   11,    8,   16,   10,    3,   54,  831],
[2024-06-21 14:15:44,109][flwr][INFO] - 	       [ 752,    6,    0,    4,   70,    7,    2,    1,   13,  154]])),
[2024-06-21 14:15:44,109][flwr][INFO] - 	                      (9,
[2024-06-21 14:15:44,110][flwr][INFO] - 	                       array([[ 939,   31,    0,    0,    0,    1,    2,    2,    1,    4],
[2024-06-21 14:15:44,110][flwr][INFO] - 	       [   0, 1067,   40,    5,    0,    0,    4,    2,    5,   12],
[2024-06-21 14:15:44,110][flwr][INFO] - 	       [  11,   19,  447,  476,   10,    1,    5,   11,   44,    8],
[2024-06-21 14:15:44,110][flwr][INFO] - 	       [   5,    4,    3,  460,  456,    2,    1,    8,   49,   22],
[2024-06-21 14:15:44,110][flwr][INFO] - 	       [  30,    3,    2,    8,  641,  227,   11,    0,    2,   58],
[2024-06-21 14:15:44,110][flwr][INFO] - 	       [  29,   13,    0,   23,   32,   22,  710,   14,    7,   42],
[2024-06-21 14:15:44,110][flwr][INFO] - 	       [  11,   19,    1,    3,    4,    3,  901,    6,    0,   10],
[2024-06-21 14:15:44,110][flwr][INFO] - 	       [   7,    7,    7,   19,    6,    2,    0,  783,  182,   15],
[2024-06-21 14:15:44,110][flwr][INFO] - 	       [  13,   12,    4,   21,   14,    0,   13,    3,  298,  596],
[2024-06-21 14:15:44,110][flwr][INFO] - 	       [ 169,    6,    0,   12,   33,    1,    2,    4,   54,  728]])),
[2024-06-21 14:15:44,110][flwr][INFO] - 	                      (10,
[2024-06-21 14:15:44,110][flwr][INFO] - 	                       array([[  79,  877,    0,    4,    0,    2,    5,    4,    1,    8],
[2024-06-21 14:15:44,110][flwr][INFO] - 	       [   0, 1055,   56,    7,    0,    0,    2,    2,   11,    2],
[2024-06-21 14:15:44,110][flwr][INFO] - 	       [   3,   12,   27,  924,    8,    5,    0,   11,   41,    1],
[2024-06-21 14:15:44,110][flwr][INFO] - 	       [   4,   10,    1,  875,   58,    0,    0,    9,   41,   12],
[2024-06-21 14:15:44,110][flwr][INFO] - 	       [  31,    5,    0,   11,  186,  706,    7,    0,    4,   32],
[2024-06-21 14:15:44,110][flwr][INFO] - 	       [  19,   10,    3,   34,   30,   94,  586,   20,   17,   79],
[2024-06-21 14:15:44,110][flwr][INFO] - 	       [   6,   12,    1,    9,    4,    7,  591,  313,    2,   13],
[2024-06-21 14:15:44,110][flwr][INFO] - 	       [   5,   11,    7,   26,    7,    0,    0,  833,  135,    4],
[2024-06-21 14:15:44,110][flwr][INFO] - 	       [   4,   12,    4,   28,    7,    6,    4,    4,  332,  573],
[2024-06-21 14:15:44,110][flwr][INFO] - 	       [ 574,   11,    0,    7,   35,   10,    2,    6,   78,  286]]))],
[2024-06-21 14:15:44,110][flwr][INFO] - 	 'f1': [(0, 0.03553137346181725),
[2024-06-21 14:15:44,110][flwr][INFO] - 	        (1, 0.33660995971604923),
[2024-06-21 14:15:44,110][flwr][INFO] - 	        (2, 0.5114077004885241),
[2024-06-21 14:15:44,110][flwr][INFO] - 	        (3, 0.49063224405722455),
[2024-06-21 14:15:44,110][flwr][INFO] - 	        (4, 0.5818452799833355),
[2024-06-21 14:15:44,110][flwr][INFO] - 	        (5, 0.5876786255031893),
[2024-06-21 14:15:44,110][flwr][INFO] - 	        (6, 0.5889915839459703),
[2024-06-21 14:15:44,110][flwr][INFO] - 	        (7, 0.5343990505065151),
[2024-06-21 14:15:44,110][flwr][INFO] - 	        (8, 0.4265881463692109),
[2024-06-21 14:15:44,110][flwr][INFO] - 	        (9, 0.6026748654630953),
[2024-06-21 14:15:44,110][flwr][INFO] - 	        (10, 0.38519657987682815)],
[2024-06-21 14:15:44,110][flwr][INFO] - 	 'precision': [(0, 0.12349967530374152),
[2024-06-21 14:15:44,110][flwr][INFO] - 	               (1, 0.40340693118272514),
[2024-06-21 14:15:44,110][flwr][INFO] - 	               (2, 0.5928250652246939),
[2024-06-21 14:15:44,110][flwr][INFO] - 	               (3, 0.4808940301383632),
[2024-06-21 14:15:44,110][flwr][INFO] - 	               (4, 0.5818958733932353),
[2024-06-21 14:15:44,110][flwr][INFO] - 	               (5, 0.5993186038464707),
[2024-06-21 14:15:44,110][flwr][INFO] - 	               (6, 0.6492739552074082),
[2024-06-21 14:15:44,110][flwr][INFO] - 	               (7, 0.582827009983697),
[2024-06-21 14:15:44,110][flwr][INFO] - 	               (8, 0.4444505971886815),
[2024-06-21 14:15:44,110][flwr][INFO] - 	               (9, 0.6186376224361864),
[2024-06-21 14:15:44,110][flwr][INFO] - 	               (10, 0.4047440379950677)],
[2024-06-21 14:15:44,110][flwr][INFO] - 	 'recall': [(0, 0.1086),
[2024-06-21 14:15:44,110][flwr][INFO] - 	            (1, 0.4178),
[2024-06-21 14:15:44,110][flwr][INFO] - 	            (2, 0.5302),
[2024-06-21 14:15:44,110][flwr][INFO] - 	            (3, 0.5312),
[2024-06-21 14:15:44,110][flwr][INFO] - 	            (4, 0.6096),
[2024-06-21 14:15:44,110][flwr][INFO] - 	            (5, 0.6228),
[2024-06-21 14:15:44,111][flwr][INFO] - 	            (6, 0.6123),
[2024-06-21 14:15:44,111][flwr][INFO] - 	            (7, 0.5732),
[2024-06-21 14:15:44,111][flwr][INFO] - 	            (8, 0.4504),
[2024-06-21 14:15:44,111][flwr][INFO] - 	            (9, 0.6286),
[2024-06-21 14:15:44,111][flwr][INFO] - 	            (10, 0.4358)]}
[2024-06-21 14:15:44,111][flwr][INFO] - 
