[2024-06-20 20:58:08,440][flwr][INFO] - Starting Flower simulation, config: num_rounds=10, no round_timeout
[2024-06-20 20:58:10,491][flwr][INFO] - Flower VCE: Ray initialized with resources: {'memory': 9871020852.0, 'object_store_memory': 2147483648.0, 'CPU': 12.0, 'node:__internal_head__': 1.0, 'node:127.0.0.1': 1.0}
[2024-06-20 20:58:10,491][flwr][INFO] - Optimize your simulation with Flower VCE: https://flower.ai/docs/framework/how-to-run-simulations.html
[2024-06-20 20:58:10,492][flwr][INFO] - Flower VCE: Resources for each Virtual Client: {'num_cpus': 2, 'num_gpus': 0}
[2024-06-20 20:58:10,498][flwr][INFO] - Flower VCE: Creating VirtualClientEngineActorPool with 6 actors
[2024-06-20 20:58:10,498][flwr][INFO] - [INIT]
[2024-06-20 20:58:10,498][flwr][INFO] - Requesting initial parameters from one random client
[2024-06-20 20:58:12,492][flwr][INFO] - Received initial parameters from one random client
[2024-06-20 20:58:12,493][flwr][INFO] - Evaluating initial global parameters
[2024-06-20 20:58:12,934][flwr][INFO] - initial parameters (loss, other metrics): 181.76928067207336, {'accuracy': 0.1086, 'precision': 0.12349967530374152, 'recall': 0.1086, 'f1': 0.03553137346181725, 'confusion_matrix': array([[   0,    8,    0,  956,    0,    1,    0,   15,    0,    0],
       [   0,  122,    0, 1013,    0,    0,    0,    0,    0,    0],
       [   0,   38,    0,  971,    0,    0,    3,   19,    1,    0],
       [   0,   44,    0,  945,    1,    1,    0,   17,    2,    0],
       [   0,  143,    0,  816,    1,    0,    2,   20,    0,    0],
       [   0,  118,    0,  735,    1,    7,    0,   30,    1,    0],
       [   0,  144,    0,  749,   25,    0,    2,   38,    0,    0],
       [   0,  272,    0,  724,    8,    0,    0,    9,   15,    0],
       [   0,   81,    0,  859,    1,    0,    1,   32,    0,    0],
       [   0,  178,    0,  799,    1,    0,    0,   31,    0,    0]])}
[2024-06-20 20:58:12,934][flwr][INFO] - 
[2024-06-20 20:58:12,934][flwr][INFO] - [ROUND 1]
[2024-06-20 20:58:12,935][flwr][INFO] - configure_fit: strategy sampled 10 clients (out of 100)
[2024-06-20 20:58:19,859][flwr][INFO] - aggregate_fit: received 10 results and 0 failures
[2024-06-20 20:58:19,867][flwr][WARNING] - No fit_metrics_aggregation_fn provided
[2024-06-20 20:58:20,317][flwr][INFO] - fit progress: (1, 111885.40966796875, {'accuracy': 0.1464, 'precision': 0.1450219914297152, 'recall': 0.1464, 'f1': 0.10734972562443383, 'confusion_matrix': array([[219,  23,  49, 239, 110,   3, 204,  56,  14,  63],
       [  2,   6,  17,  67, 357,   0, 669,  11,   0,   6],
       [ 24,  54,  13, 156,  41,   2, 694,  10,   0,  38],
       [ 15,  92,  42, 472,  26,  87, 195,   7,   1,  73],
       [ 27,   4,  42, 555,  93,   7, 203,  27,   0,  24],
       [ 48,  19,  83, 292,  63,  48, 160,  35,   1, 143],
       [ 23,  23,  28, 135,  59,   3, 531,  33,   0, 123],
       [  2,  11, 105, 318, 120,  16, 383,  30,   4,  39],
       [ 28,  44,  30, 252,  59,   3, 498,  16,   1,  43],
       [ 34,  20,  47, 489,  65,   0, 277,  23,   3,  51]])}, 7.3833245419999995)
[2024-06-20 20:58:20,318][flwr][INFO] - configure_evaluate: no clients selected, skipping evaluation
[2024-06-20 20:58:20,318][flwr][INFO] - 
[2024-06-20 20:58:20,318][flwr][INFO] - [ROUND 2]
[2024-06-20 20:58:20,318][flwr][INFO] - configure_fit: strategy sampled 10 clients (out of 100)
[2024-06-20 20:58:25,557][flwr][INFO] - aggregate_fit: received 10 results and 0 failures
[2024-06-20 20:58:26,008][flwr][INFO] - fit progress: (2, 728289.4760742188, {'accuracy': 0.2834, 'precision': 0.2900906881084257, 'recall': 0.2834, 'f1': 0.26349630604263513, 'confusion_matrix': array([[491,  28,  13,  47,  94,  71,  39, 104,   2,  91],
       [  2, 686,   0,   1, 199,  57,  20,  58,   2, 110],
       [ 45, 132,  13, 152,  88, 106, 128,  49,  15, 304],
       [ 15,  98,   7, 121,  32, 540,  24,  35,  12, 126],
       [  9, 154,   6,   9, 426,  57,  31, 168,   0, 122],
       [ 34,  36,  22,  94, 131, 205,  43,  74,  20, 233],
       [ 40,  20,  12,  22,  87,  42, 278, 140,  10, 307],
       [  2, 201,  24,  12, 138,  69,  11, 403,   0, 168],
       [ 15,  83,   5,  53, 217, 246,  85, 101,  12, 157],
       [  3, 237,   5,  16, 207,  65,  19, 258,   0, 199]])}, 13.073727375)
[2024-06-20 20:58:26,008][flwr][INFO] - configure_evaluate: no clients selected, skipping evaluation
[2024-06-20 20:58:26,008][flwr][INFO] - 
[2024-06-20 20:58:26,008][flwr][INFO] - [ROUND 3]
[2024-06-20 20:58:26,009][flwr][INFO] - configure_fit: strategy sampled 10 clients (out of 100)
[2024-06-20 20:58:31,273][flwr][INFO] - aggregate_fit: received 10 results and 0 failures
[2024-06-20 20:58:31,732][flwr][INFO] - fit progress: (3, 5374848.37109375, {'accuracy': 0.2992, 'precision': 0.32032516229016056, 'recall': 0.2992, 'f1': 0.2873711705168214, 'confusion_matrix': array([[537,  22,  26,  12,  52,  65,  23, 163,  27,  53],
       [  5, 333,  26,  13,  49,  79,  24, 498,  23,  85],
       [113, 195,  76,  92,  63,  45, 136, 124,  45, 143],
       [122, 164,  36, 204,  50, 256,  15,  53,  72,  38],
       [  6, 172,  17,   2, 332,  58,  14, 319,   5,  57],
       [ 77,  47,  51,  68,  50, 219,  28, 156,  89, 107],
       [ 34,  26,  62,   9,  95,  16, 372, 217,  49,  78],
       [  4, 101,  24,  11,  71,  68,   1, 669,   1,  78],
       [ 57,  73,  46,  41,  95, 153,  51, 229, 128, 101],
       [  5, 160,  11,  14, 114, 100,   8, 470,   5, 122]])}, 18.797755167000002)
[2024-06-20 20:58:31,732][flwr][INFO] - configure_evaluate: no clients selected, skipping evaluation
[2024-06-20 20:58:31,732][flwr][INFO] - 
[2024-06-20 20:58:31,732][flwr][INFO] - [ROUND 4]
[2024-06-20 20:58:31,733][flwr][INFO] - configure_fit: strategy sampled 10 clients (out of 100)
[2024-06-20 20:58:37,119][flwr][INFO] - aggregate_fit: received 10 results and 0 failures
[2024-06-20 20:58:37,576][flwr][INFO] - fit progress: (4, 39832089.46875, {'accuracy': 0.3288, 'precision': 0.3318714349656308, 'recall': 0.3288, 'f1': 0.320118662116323, 'confusion_matrix': array([[596,  27,  66,  21,  52,  37,  37,  48,  17,  79],
       [ 30, 659,  48,  98,  68,  20,  45,  23,  34, 110],
       [ 90, 210, 155, 100,  75,  25, 140,  17,  41, 179],
       [103, 223,  54, 252,  53, 148,  35,   8,  77,  57],
       [ 16, 332,  37,  18, 342,  40,  21,  77,  20,  79],
       [ 96,  37,  76, 102,  54, 132,  45,  46, 172, 132],
       [ 38,  28,  97,  14, 142,  10, 361,  37,  56, 175],
       [ 13, 221,  42,  26, 147,  44,  10, 285,   5, 235],
       [ 63,  98,  76,  93,  63,  69,  80,  62, 205, 165],
       [ 17, 253,  41,  21, 149,  40,  17, 145,  25, 301]])}, 24.642457167)
[2024-06-20 20:58:37,577][flwr][INFO] - configure_evaluate: no clients selected, skipping evaluation
[2024-06-20 20:58:37,577][flwr][INFO] - 
[2024-06-20 20:58:37,577][flwr][INFO] - [ROUND 5]
[2024-06-20 20:58:37,577][flwr][INFO] - configure_fit: strategy sampled 10 clients (out of 100)
[2024-06-20 20:58:42,800][flwr][INFO] - aggregate_fit: received 10 results and 0 failures
[2024-06-20 20:58:43,254][flwr][INFO] - fit progress: (5, 341692903.75, {'accuracy': 0.3246, 'precision': 0.33552863672685057, 'recall': 0.3246, 'f1': 0.31489778138922175, 'confusion_matrix': array([[380,  37,  72,  19, 145,  74, 103,  47,  12,  91],
       [  9, 475,  33,  94,  91,  95, 106, 156,  20,  56],
       [ 31, 170, 101,  92, 118,  26, 257,  39,  30, 168],
       [ 44, 160,  36, 290, 122, 177,  65,  11,  58,  47],
       [ 11, 226,  27,  10, 343,  40,  30, 101,  15, 179],
       [ 60,  28,  54, 117,  84, 206,  74,  34,  79, 156],
       [ 16,  19,  66,   6, 128,  14, 512,  43,  31, 123],
       [ 11, 100,  30,  13,  68,  61,  20, 397,   2, 326],
       [ 36, 105,  37,  86,  91,  86, 193,  90, 116, 134],
       [  9, 154,  17,   7,  99,  64,  27, 201,   5, 426]])}, 30.320497875)
[2024-06-20 20:58:43,254][flwr][INFO] - configure_evaluate: no clients selected, skipping evaluation
[2024-06-20 20:58:43,254][flwr][INFO] - 
[2024-06-20 20:58:43,255][flwr][INFO] - [ROUND 6]
[2024-06-20 20:58:43,255][flwr][INFO] - configure_fit: strategy sampled 10 clients (out of 100)
[2024-06-20 20:58:49,378][flwr][INFO] - aggregate_fit: received 10 results and 0 failures
[2024-06-20 20:58:49,845][flwr][INFO] - fit progress: (6, 2999347936.0, {'accuracy': 0.3058, 'precision': 0.3218965003989938, 'recall': 0.3058, 'f1': 0.29212527867164984, 'confusion_matrix': array([[487,  22,  61,  11,  65,  23,  86,  90,  21, 114],
       [ 59, 262,  41,  39,  96,  26, 174, 338,  19,  81],
       [ 52,  60, 106,  95,  92,  11, 283,  59,  58, 216],
       [ 64,  70,  67, 305, 140,  78,  73,  28, 110,  75],
       [ 17, 116,  18,   6, 207,  32,  43, 195,  10, 338],
       [107,  26,  46,  84,  64, 121,  64,  73,  88, 219],
       [ 30,  15,  41,   8,  58,   5, 487,  75,  28, 211],
       [ 18,  50,  16,  10,  54,  20,  30, 407,   3, 420],
       [ 67,  48,  41,  59,  80,  45, 228, 114, 126, 166],
       [ 16,  76,  13,  10,  50,  33,  28, 228,   5, 550]])}, 36.911361)
[2024-06-20 20:58:49,845][flwr][INFO] - configure_evaluate: no clients selected, skipping evaluation
[2024-06-20 20:58:49,845][flwr][INFO] - 
[2024-06-20 20:58:49,845][flwr][INFO] - [ROUND 7]
[2024-06-20 20:58:49,846][flwr][INFO] - configure_fit: strategy sampled 10 clients (out of 100)
[2024-06-20 20:58:55,050][flwr][INFO] - aggregate_fit: received 10 results and 0 failures
[2024-06-20 20:58:55,503][flwr][INFO] - fit progress: (7, 32165264704.0, {'accuracy': 0.2568, 'precision': 0.27346059142344814, 'recall': 0.2568, 'f1': 0.22354944572404833, 'confusion_matrix': array([[523,  12,  21,  14, 112,  33,  58,  90,   4, 113],
       [113,  44,   2,  16, 131,  15, 180, 498,  11, 125],
       [ 75,  14,  30,  76, 108,  18, 353,  68,  58, 232],
       [ 63,  34,  30, 194, 217,  94,  70,  40, 108, 160],
       [ 15,  35,   5,   5, 185,  51,  28, 137,   4, 517],
       [119,  10,  10,  81, 100, 118,  58,  93,  16, 287],
       [ 25,   7,  10,   8,  70,   8, 473,  93,   9, 255],
       [ 41,  10,   5,   6,  70,  43,  14, 248,   1, 590],
       [ 78,  17,   7,  53, 102,  38, 236, 130,  82, 231],
       [ 19,  12,   6,   6,  47,  70,  21, 156,   1, 671]])}, 42.569843208)
[2024-06-20 20:58:55,503][flwr][INFO] - configure_evaluate: no clients selected, skipping evaluation
[2024-06-20 20:58:55,504][flwr][INFO] - 
[2024-06-20 20:58:55,504][flwr][INFO] - [ROUND 8]
[2024-06-20 20:58:55,504][flwr][INFO] - configure_fit: strategy sampled 10 clients (out of 100)
[2024-06-20 20:59:00,805][flwr][INFO] - aggregate_fit: received 10 results and 0 failures
[2024-06-20 20:59:01,265][flwr][INFO] - fit progress: (8, 276794310912.0, {'accuracy': 0.2539, 'precision': 0.2570553163224547, 'recall': 0.2539, 'f1': 0.2263068145733775, 'confusion_matrix': array([[373,   9,  87,  26,  84,  50,  92, 131,  12, 116],
       [ 22,   6,   6,  28,  63, 102,  71, 811,   1,  25],
       [ 48,   1,  30, 142, 107,  33, 382,  83,  57, 149],
       [ 37,   8,  31, 227, 194, 142,  76,  98, 122,  75],
       [  8,  17,   8,   6, 153, 150,  58, 231,   2, 349],
       [ 47,   4,  31,  88,  50, 193,  71, 187,  35, 186],
       [ 14,   3,   9,  10,  60,  27, 611,  95,  14, 115],
       [ 20,   2,  16,   9,  52, 125,  17, 426,   1, 360],
       [ 21,   2,  18,  78,  61,  90, 241, 233,  96, 134],
       [ 11,   5,  10,   8,  37, 227,  26, 260,   1, 424]])}, 48.332146875)
[2024-06-20 20:59:01,266][flwr][INFO] - configure_evaluate: no clients selected, skipping evaluation
[2024-06-20 20:59:01,266][flwr][INFO] - 
[2024-06-20 20:59:01,266][flwr][INFO] - [ROUND 9]
[2024-06-20 20:59:01,266][flwr][INFO] - configure_fit: strategy sampled 10 clients (out of 100)
[2024-06-20 20:59:06,622][flwr][INFO] - aggregate_fit: received 10 results and 0 failures
[2024-06-20 20:59:07,083][flwr][INFO] - fit progress: (9, 2507046701056.0, {'accuracy': 0.234, 'precision': 0.2806874110525163, 'recall': 0.234, 'f1': 0.21237338780987028, 'confusion_matrix': array([[348,   6,  60,  70, 137,  86, 115,  98,   5,  55],
       [ 16,  15,   4,  68, 296, 242,  25, 462,   1,   6],
       [ 35,   2,  12, 238, 261,  87, 247,  49,  22,  79],
       [ 10,   3,  11, 251, 375, 215,  43,  46,  22,  34],
       [  9,   4,   5,  14, 289, 348,  15,  85,   3, 210],
       [ 28,   3,  13, 184,  70, 324,  42, 115,  11, 102],
       [ 15,   2,   6,  40, 118,  83, 535,  81,   5,  73],
       [ 16,   2,  10,  11, 140, 309,  13, 241,   1, 285],
       [ 18,   0,   6, 286, 155, 196, 117, 123,  27,  46],
       [ 11,   4,   5,  16,  86, 472,   9, 107,   1, 298]])}, 54.149698042000004)
[2024-06-20 20:59:07,083][flwr][INFO] - configure_evaluate: no clients selected, skipping evaluation
[2024-06-20 20:59:07,083][flwr][INFO] - 
[2024-06-20 20:59:07,083][flwr][INFO] - [ROUND 10]
[2024-06-20 20:59:07,083][flwr][INFO] - configure_fit: strategy sampled 10 clients (out of 100)
[2024-06-20 20:59:12,353][flwr][INFO] - aggregate_fit: received 10 results and 0 failures
[2024-06-20 20:59:12,816][flwr][INFO] - fit progress: (10, 19631747825664.0, {'accuracy': 0.2398, 'precision': 0.2679625114474857, 'recall': 0.2398, 'f1': 0.21781382607247302, 'confusion_matrix': array([[457,   9,  46,  82,  86,  84, 106,  74,   6,  30],
       [ 11,  14,   0,  61, 240, 161,  22, 615,   0,  11],
       [ 64,   5,   9, 257, 223, 111, 237,  44,  41,  41],
       [ 33,   3,  12, 232, 449, 142,  45,  34,  43,  17],
       [ 17,   4,   3,  28, 331, 326,  21, 122,  13, 117],
       [ 78,   4,   6, 205,  84, 279,  61,  94,  29,  52],
       [ 22,   3,   3,  35, 121,  91, 542,  77,  17,  47],
       [ 23,   3,   7,  24, 210, 323,   5, 301,   2, 130],
       [ 35,   1,   7, 295, 119, 179, 108, 141,  74,  15],
       [ 26,   2,   6,  26, 160, 410,  27, 192,   1, 159]])}, 59.882765292)
[2024-06-20 20:59:12,816][flwr][INFO] - configure_evaluate: no clients selected, skipping evaluation
[2024-06-20 20:59:12,816][flwr][INFO] - 
[2024-06-20 20:59:12,816][flwr][INFO] - [SUMMARY]
[2024-06-20 20:59:12,816][flwr][INFO] - Run finished 10 round(s) in 59.88s
[2024-06-20 20:59:12,821][flwr][INFO] - 	History (loss, centralized):
[2024-06-20 20:59:12,821][flwr][INFO] - 		round 0: 181.76928067207336
[2024-06-20 20:59:12,821][flwr][INFO] - 		round 1: 111885.40966796875
[2024-06-20 20:59:12,822][flwr][INFO] - 		round 2: 728289.4760742188
[2024-06-20 20:59:12,822][flwr][INFO] - 		round 3: 5374848.37109375
[2024-06-20 20:59:12,822][flwr][INFO] - 		round 4: 39832089.46875
[2024-06-20 20:59:12,822][flwr][INFO] - 		round 5: 341692903.75
[2024-06-20 20:59:12,822][flwr][INFO] - 		round 6: 2999347936.0
[2024-06-20 20:59:12,822][flwr][INFO] - 		round 7: 32165264704.0
[2024-06-20 20:59:12,822][flwr][INFO] - 		round 8: 276794310912.0
[2024-06-20 20:59:12,822][flwr][INFO] - 		round 9: 2507046701056.0
[2024-06-20 20:59:12,822][flwr][INFO] - 		round 10: 19631747825664.0
[2024-06-20 20:59:12,822][flwr][INFO] - 	History (metrics, centralized):
[2024-06-20 20:59:12,822][flwr][INFO] - 	{'accuracy': [(0, 0.1086),
[2024-06-20 20:59:12,822][flwr][INFO] - 	              (1, 0.1464),
[2024-06-20 20:59:12,822][flwr][INFO] - 	              (2, 0.2834),
[2024-06-20 20:59:12,822][flwr][INFO] - 	              (3, 0.2992),
[2024-06-20 20:59:12,822][flwr][INFO] - 	              (4, 0.3288),
[2024-06-20 20:59:12,822][flwr][INFO] - 	              (5, 0.3246),
[2024-06-20 20:59:12,822][flwr][INFO] - 	              (6, 0.3058),
[2024-06-20 20:59:12,822][flwr][INFO] - 	              (7, 0.2568),
[2024-06-20 20:59:12,822][flwr][INFO] - 	              (8, 0.2539),
[2024-06-20 20:59:12,822][flwr][INFO] - 	              (9, 0.234),
[2024-06-20 20:59:12,822][flwr][INFO] - 	              (10, 0.2398)],
[2024-06-20 20:59:12,822][flwr][INFO] - 	 'confusion_matrix': [(0,
[2024-06-20 20:59:12,822][flwr][INFO] - 	                       array([[   0,    8,    0,  956,    0,    1,    0,   15,    0,    0],
[2024-06-20 20:59:12,822][flwr][INFO] - 	       [   0,  122,    0, 1013,    0,    0,    0,    0,    0,    0],
[2024-06-20 20:59:12,822][flwr][INFO] - 	       [   0,   38,    0,  971,    0,    0,    3,   19,    1,    0],
[2024-06-20 20:59:12,822][flwr][INFO] - 	       [   0,   44,    0,  945,    1,    1,    0,   17,    2,    0],
[2024-06-20 20:59:12,822][flwr][INFO] - 	       [   0,  143,    0,  816,    1,    0,    2,   20,    0,    0],
[2024-06-20 20:59:12,822][flwr][INFO] - 	       [   0,  118,    0,  735,    1,    7,    0,   30,    1,    0],
[2024-06-20 20:59:12,822][flwr][INFO] - 	       [   0,  144,    0,  749,   25,    0,    2,   38,    0,    0],
[2024-06-20 20:59:12,822][flwr][INFO] - 	       [   0,  272,    0,  724,    8,    0,    0,    9,   15,    0],
[2024-06-20 20:59:12,822][flwr][INFO] - 	       [   0,   81,    0,  859,    1,    0,    1,   32,    0,    0],
[2024-06-20 20:59:12,822][flwr][INFO] - 	       [   0,  178,    0,  799,    1,    0,    0,   31,    0,    0]])),
[2024-06-20 20:59:12,822][flwr][INFO] - 	                      (1,
[2024-06-20 20:59:12,822][flwr][INFO] - 	                       array([[219,  23,  49, 239, 110,   3, 204,  56,  14,  63],
[2024-06-20 20:59:12,822][flwr][INFO] - 	       [  2,   6,  17,  67, 357,   0, 669,  11,   0,   6],
[2024-06-20 20:59:12,822][flwr][INFO] - 	       [ 24,  54,  13, 156,  41,   2, 694,  10,   0,  38],
[2024-06-20 20:59:12,822][flwr][INFO] - 	       [ 15,  92,  42, 472,  26,  87, 195,   7,   1,  73],
[2024-06-20 20:59:12,822][flwr][INFO] - 	       [ 27,   4,  42, 555,  93,   7, 203,  27,   0,  24],
[2024-06-20 20:59:12,822][flwr][INFO] - 	       [ 48,  19,  83, 292,  63,  48, 160,  35,   1, 143],
[2024-06-20 20:59:12,823][flwr][INFO] - 	       [ 23,  23,  28, 135,  59,   3, 531,  33,   0, 123],
[2024-06-20 20:59:12,823][flwr][INFO] - 	       [  2,  11, 105, 318, 120,  16, 383,  30,   4,  39],
[2024-06-20 20:59:12,823][flwr][INFO] - 	       [ 28,  44,  30, 252,  59,   3, 498,  16,   1,  43],
[2024-06-20 20:59:12,823][flwr][INFO] - 	       [ 34,  20,  47, 489,  65,   0, 277,  23,   3,  51]])),
[2024-06-20 20:59:12,823][flwr][INFO] - 	                      (2,
[2024-06-20 20:59:12,823][flwr][INFO] - 	                       array([[491,  28,  13,  47,  94,  71,  39, 104,   2,  91],
[2024-06-20 20:59:12,823][flwr][INFO] - 	       [  2, 686,   0,   1, 199,  57,  20,  58,   2, 110],
[2024-06-20 20:59:12,823][flwr][INFO] - 	       [ 45, 132,  13, 152,  88, 106, 128,  49,  15, 304],
[2024-06-20 20:59:12,823][flwr][INFO] - 	       [ 15,  98,   7, 121,  32, 540,  24,  35,  12, 126],
[2024-06-20 20:59:12,823][flwr][INFO] - 	       [  9, 154,   6,   9, 426,  57,  31, 168,   0, 122],
[2024-06-20 20:59:12,823][flwr][INFO] - 	       [ 34,  36,  22,  94, 131, 205,  43,  74,  20, 233],
[2024-06-20 20:59:12,823][flwr][INFO] - 	       [ 40,  20,  12,  22,  87,  42, 278, 140,  10, 307],
[2024-06-20 20:59:12,823][flwr][INFO] - 	       [  2, 201,  24,  12, 138,  69,  11, 403,   0, 168],
[2024-06-20 20:59:12,823][flwr][INFO] - 	       [ 15,  83,   5,  53, 217, 246,  85, 101,  12, 157],
[2024-06-20 20:59:12,823][flwr][INFO] - 	       [  3, 237,   5,  16, 207,  65,  19, 258,   0, 199]])),
[2024-06-20 20:59:12,823][flwr][INFO] - 	                      (3,
[2024-06-20 20:59:12,823][flwr][INFO] - 	                       array([[537,  22,  26,  12,  52,  65,  23, 163,  27,  53],
[2024-06-20 20:59:12,823][flwr][INFO] - 	       [  5, 333,  26,  13,  49,  79,  24, 498,  23,  85],
[2024-06-20 20:59:12,823][flwr][INFO] - 	       [113, 195,  76,  92,  63,  45, 136, 124,  45, 143],
[2024-06-20 20:59:12,823][flwr][INFO] - 	       [122, 164,  36, 204,  50, 256,  15,  53,  72,  38],
[2024-06-20 20:59:12,823][flwr][INFO] - 	       [  6, 172,  17,   2, 332,  58,  14, 319,   5,  57],
[2024-06-20 20:59:12,823][flwr][INFO] - 	       [ 77,  47,  51,  68,  50, 219,  28, 156,  89, 107],
[2024-06-20 20:59:12,823][flwr][INFO] - 	       [ 34,  26,  62,   9,  95,  16, 372, 217,  49,  78],
[2024-06-20 20:59:12,823][flwr][INFO] - 	       [  4, 101,  24,  11,  71,  68,   1, 669,   1,  78],
[2024-06-20 20:59:12,823][flwr][INFO] - 	       [ 57,  73,  46,  41,  95, 153,  51, 229, 128, 101],
[2024-06-20 20:59:12,823][flwr][INFO] - 	       [  5, 160,  11,  14, 114, 100,   8, 470,   5, 122]])),
[2024-06-20 20:59:12,823][flwr][INFO] - 	                      (4,
[2024-06-20 20:59:12,823][flwr][INFO] - 	                       array([[596,  27,  66,  21,  52,  37,  37,  48,  17,  79],
[2024-06-20 20:59:12,823][flwr][INFO] - 	       [ 30, 659,  48,  98,  68,  20,  45,  23,  34, 110],
[2024-06-20 20:59:12,823][flwr][INFO] - 	       [ 90, 210, 155, 100,  75,  25, 140,  17,  41, 179],
[2024-06-20 20:59:12,823][flwr][INFO] - 	       [103, 223,  54, 252,  53, 148,  35,   8,  77,  57],
[2024-06-20 20:59:12,823][flwr][INFO] - 	       [ 16, 332,  37,  18, 342,  40,  21,  77,  20,  79],
[2024-06-20 20:59:12,823][flwr][INFO] - 	       [ 96,  37,  76, 102,  54, 132,  45,  46, 172, 132],
[2024-06-20 20:59:12,823][flwr][INFO] - 	       [ 38,  28,  97,  14, 142,  10, 361,  37,  56, 175],
[2024-06-20 20:59:12,823][flwr][INFO] - 	       [ 13, 221,  42,  26, 147,  44,  10, 285,   5, 235],
[2024-06-20 20:59:12,823][flwr][INFO] - 	       [ 63,  98,  76,  93,  63,  69,  80,  62, 205, 165],
[2024-06-20 20:59:12,823][flwr][INFO] - 	       [ 17, 253,  41,  21, 149,  40,  17, 145,  25, 301]])),
[2024-06-20 20:59:12,823][flwr][INFO] - 	                      (5,
[2024-06-20 20:59:12,823][flwr][INFO] - 	                       array([[380,  37,  72,  19, 145,  74, 103,  47,  12,  91],
[2024-06-20 20:59:12,823][flwr][INFO] - 	       [  9, 475,  33,  94,  91,  95, 106, 156,  20,  56],
[2024-06-20 20:59:12,823][flwr][INFO] - 	       [ 31, 170, 101,  92, 118,  26, 257,  39,  30, 168],
[2024-06-20 20:59:12,823][flwr][INFO] - 	       [ 44, 160,  36, 290, 122, 177,  65,  11,  58,  47],
[2024-06-20 20:59:12,823][flwr][INFO] - 	       [ 11, 226,  27,  10, 343,  40,  30, 101,  15, 179],
[2024-06-20 20:59:12,824][flwr][INFO] - 	       [ 60,  28,  54, 117,  84, 206,  74,  34,  79, 156],
[2024-06-20 20:59:12,824][flwr][INFO] - 	       [ 16,  19,  66,   6, 128,  14, 512,  43,  31, 123],
[2024-06-20 20:59:12,824][flwr][INFO] - 	       [ 11, 100,  30,  13,  68,  61,  20, 397,   2, 326],
[2024-06-20 20:59:12,824][flwr][INFO] - 	       [ 36, 105,  37,  86,  91,  86, 193,  90, 116, 134],
[2024-06-20 20:59:12,824][flwr][INFO] - 	       [  9, 154,  17,   7,  99,  64,  27, 201,   5, 426]])),
[2024-06-20 20:59:12,824][flwr][INFO] - 	                      (6,
[2024-06-20 20:59:12,824][flwr][INFO] - 	                       array([[487,  22,  61,  11,  65,  23,  86,  90,  21, 114],
[2024-06-20 20:59:12,824][flwr][INFO] - 	       [ 59, 262,  41,  39,  96,  26, 174, 338,  19,  81],
[2024-06-20 20:59:12,824][flwr][INFO] - 	       [ 52,  60, 106,  95,  92,  11, 283,  59,  58, 216],
[2024-06-20 20:59:12,824][flwr][INFO] - 	       [ 64,  70,  67, 305, 140,  78,  73,  28, 110,  75],
[2024-06-20 20:59:12,824][flwr][INFO] - 	       [ 17, 116,  18,   6, 207,  32,  43, 195,  10, 338],
[2024-06-20 20:59:12,824][flwr][INFO] - 	       [107,  26,  46,  84,  64, 121,  64,  73,  88, 219],
[2024-06-20 20:59:12,824][flwr][INFO] - 	       [ 30,  15,  41,   8,  58,   5, 487,  75,  28, 211],
[2024-06-20 20:59:12,824][flwr][INFO] - 	       [ 18,  50,  16,  10,  54,  20,  30, 407,   3, 420],
[2024-06-20 20:59:12,824][flwr][INFO] - 	       [ 67,  48,  41,  59,  80,  45, 228, 114, 126, 166],
[2024-06-20 20:59:12,824][flwr][INFO] - 	       [ 16,  76,  13,  10,  50,  33,  28, 228,   5, 550]])),
[2024-06-20 20:59:12,824][flwr][INFO] - 	                      (7,
[2024-06-20 20:59:12,824][flwr][INFO] - 	                       array([[523,  12,  21,  14, 112,  33,  58,  90,   4, 113],
[2024-06-20 20:59:12,824][flwr][INFO] - 	       [113,  44,   2,  16, 131,  15, 180, 498,  11, 125],
[2024-06-20 20:59:12,824][flwr][INFO] - 	       [ 75,  14,  30,  76, 108,  18, 353,  68,  58, 232],
[2024-06-20 20:59:12,824][flwr][INFO] - 	       [ 63,  34,  30, 194, 217,  94,  70,  40, 108, 160],
[2024-06-20 20:59:12,824][flwr][INFO] - 	       [ 15,  35,   5,   5, 185,  51,  28, 137,   4, 517],
[2024-06-20 20:59:12,824][flwr][INFO] - 	       [119,  10,  10,  81, 100, 118,  58,  93,  16, 287],
[2024-06-20 20:59:12,824][flwr][INFO] - 	       [ 25,   7,  10,   8,  70,   8, 473,  93,   9, 255],
[2024-06-20 20:59:12,824][flwr][INFO] - 	       [ 41,  10,   5,   6,  70,  43,  14, 248,   1, 590],
[2024-06-20 20:59:12,824][flwr][INFO] - 	       [ 78,  17,   7,  53, 102,  38, 236, 130,  82, 231],
[2024-06-20 20:59:12,824][flwr][INFO] - 	       [ 19,  12,   6,   6,  47,  70,  21, 156,   1, 671]])),
[2024-06-20 20:59:12,824][flwr][INFO] - 	                      (8,
[2024-06-20 20:59:12,824][flwr][INFO] - 	                       array([[373,   9,  87,  26,  84,  50,  92, 131,  12, 116],
[2024-06-20 20:59:12,824][flwr][INFO] - 	       [ 22,   6,   6,  28,  63, 102,  71, 811,   1,  25],
[2024-06-20 20:59:12,824][flwr][INFO] - 	       [ 48,   1,  30, 142, 107,  33, 382,  83,  57, 149],
[2024-06-20 20:59:12,824][flwr][INFO] - 	       [ 37,   8,  31, 227, 194, 142,  76,  98, 122,  75],
[2024-06-20 20:59:12,824][flwr][INFO] - 	       [  8,  17,   8,   6, 153, 150,  58, 231,   2, 349],
[2024-06-20 20:59:12,824][flwr][INFO] - 	       [ 47,   4,  31,  88,  50, 193,  71, 187,  35, 186],
[2024-06-20 20:59:12,824][flwr][INFO] - 	       [ 14,   3,   9,  10,  60,  27, 611,  95,  14, 115],
[2024-06-20 20:59:12,824][flwr][INFO] - 	       [ 20,   2,  16,   9,  52, 125,  17, 426,   1, 360],
[2024-06-20 20:59:12,824][flwr][INFO] - 	       [ 21,   2,  18,  78,  61,  90, 241, 233,  96, 134],
[2024-06-20 20:59:12,824][flwr][INFO] - 	       [ 11,   5,  10,   8,  37, 227,  26, 260,   1, 424]])),
[2024-06-20 20:59:12,824][flwr][INFO] - 	                      (9,
[2024-06-20 20:59:12,824][flwr][INFO] - 	                       array([[348,   6,  60,  70, 137,  86, 115,  98,   5,  55],
[2024-06-20 20:59:12,824][flwr][INFO] - 	       [ 16,  15,   4,  68, 296, 242,  25, 462,   1,   6],
[2024-06-20 20:59:12,824][flwr][INFO] - 	       [ 35,   2,  12, 238, 261,  87, 247,  49,  22,  79],
[2024-06-20 20:59:12,824][flwr][INFO] - 	       [ 10,   3,  11, 251, 375, 215,  43,  46,  22,  34],
[2024-06-20 20:59:12,825][flwr][INFO] - 	       [  9,   4,   5,  14, 289, 348,  15,  85,   3, 210],
[2024-06-20 20:59:12,825][flwr][INFO] - 	       [ 28,   3,  13, 184,  70, 324,  42, 115,  11, 102],
[2024-06-20 20:59:12,825][flwr][INFO] - 	       [ 15,   2,   6,  40, 118,  83, 535,  81,   5,  73],
[2024-06-20 20:59:12,825][flwr][INFO] - 	       [ 16,   2,  10,  11, 140, 309,  13, 241,   1, 285],
[2024-06-20 20:59:12,825][flwr][INFO] - 	       [ 18,   0,   6, 286, 155, 196, 117, 123,  27,  46],
[2024-06-20 20:59:12,825][flwr][INFO] - 	       [ 11,   4,   5,  16,  86, 472,   9, 107,   1, 298]])),
[2024-06-20 20:59:12,825][flwr][INFO] - 	                      (10,
[2024-06-20 20:59:12,825][flwr][INFO] - 	                       array([[457,   9,  46,  82,  86,  84, 106,  74,   6,  30],
[2024-06-20 20:59:12,825][flwr][INFO] - 	       [ 11,  14,   0,  61, 240, 161,  22, 615,   0,  11],
[2024-06-20 20:59:12,825][flwr][INFO] - 	       [ 64,   5,   9, 257, 223, 111, 237,  44,  41,  41],
[2024-06-20 20:59:12,825][flwr][INFO] - 	       [ 33,   3,  12, 232, 449, 142,  45,  34,  43,  17],
[2024-06-20 20:59:12,825][flwr][INFO] - 	       [ 17,   4,   3,  28, 331, 326,  21, 122,  13, 117],
[2024-06-20 20:59:12,825][flwr][INFO] - 	       [ 78,   4,   6, 205,  84, 279,  61,  94,  29,  52],
[2024-06-20 20:59:12,825][flwr][INFO] - 	       [ 22,   3,   3,  35, 121,  91, 542,  77,  17,  47],
[2024-06-20 20:59:12,825][flwr][INFO] - 	       [ 23,   3,   7,  24, 210, 323,   5, 301,   2, 130],
[2024-06-20 20:59:12,825][flwr][INFO] - 	       [ 35,   1,   7, 295, 119, 179, 108, 141,  74,  15],
[2024-06-20 20:59:12,825][flwr][INFO] - 	       [ 26,   2,   6,  26, 160, 410,  27, 192,   1, 159]]))],
[2024-06-20 20:59:12,825][flwr][INFO] - 	 'f1': [(0, 0.03553137346181725),
[2024-06-20 20:59:12,825][flwr][INFO] - 	        (1, 0.10734972562443383),
[2024-06-20 20:59:12,825][flwr][INFO] - 	        (2, 0.26349630604263513),
[2024-06-20 20:59:12,825][flwr][INFO] - 	        (3, 0.2873711705168214),
[2024-06-20 20:59:12,825][flwr][INFO] - 	        (4, 0.320118662116323),
[2024-06-20 20:59:12,825][flwr][INFO] - 	        (5, 0.31489778138922175),
[2024-06-20 20:59:12,825][flwr][INFO] - 	        (6, 0.29212527867164984),
[2024-06-20 20:59:12,825][flwr][INFO] - 	        (7, 0.22354944572404833),
[2024-06-20 20:59:12,825][flwr][INFO] - 	        (8, 0.2263068145733775),
[2024-06-20 20:59:12,825][flwr][INFO] - 	        (9, 0.21237338780987028),
[2024-06-20 20:59:12,825][flwr][INFO] - 	        (10, 0.21781382607247302)],
[2024-06-20 20:59:12,825][flwr][INFO] - 	 'precision': [(0, 0.12349967530374152),
[2024-06-20 20:59:12,825][flwr][INFO] - 	               (1, 0.1450219914297152),
[2024-06-20 20:59:12,825][flwr][INFO] - 	               (2, 0.2900906881084257),
[2024-06-20 20:59:12,825][flwr][INFO] - 	               (3, 0.32032516229016056),
[2024-06-20 20:59:12,825][flwr][INFO] - 	               (4, 0.3318714349656308),
[2024-06-20 20:59:12,825][flwr][INFO] - 	               (5, 0.33552863672685057),
[2024-06-20 20:59:12,825][flwr][INFO] - 	               (6, 0.3218965003989938),
[2024-06-20 20:59:12,825][flwr][INFO] - 	               (7, 0.27346059142344814),
[2024-06-20 20:59:12,825][flwr][INFO] - 	               (8, 0.2570553163224547),
[2024-06-20 20:59:12,825][flwr][INFO] - 	               (9, 0.2806874110525163),
[2024-06-20 20:59:12,825][flwr][INFO] - 	               (10, 0.2679625114474857)],
[2024-06-20 20:59:12,825][flwr][INFO] - 	 'recall': [(0, 0.1086),
[2024-06-20 20:59:12,825][flwr][INFO] - 	            (1, 0.1464),
[2024-06-20 20:59:12,825][flwr][INFO] - 	            (2, 0.2834),
[2024-06-20 20:59:12,825][flwr][INFO] - 	            (3, 0.2992),
[2024-06-20 20:59:12,826][flwr][INFO] - 	            (4, 0.3288),
[2024-06-20 20:59:12,826][flwr][INFO] - 	            (5, 0.3246),
[2024-06-20 20:59:12,826][flwr][INFO] - 	            (6, 0.3058),
[2024-06-20 20:59:12,826][flwr][INFO] - 	            (7, 0.2568),
[2024-06-20 20:59:12,826][flwr][INFO] - 	            (8, 0.2539),
[2024-06-20 20:59:12,826][flwr][INFO] - 	            (9, 0.234),
[2024-06-20 20:59:12,826][flwr][INFO] - 	            (10, 0.2398)]}
[2024-06-20 20:59:12,826][flwr][INFO] - 
