[2024-06-20 19:46:23,778][flwr][INFO] - Starting Flower simulation, config: num_rounds=10, no round_timeout
[2024-06-20 19:46:25,818][flwr][INFO] - Flower VCE: Ray initialized with resources: {'node:__internal_head__': 1.0, 'node:127.0.0.1': 1.0, 'CPU': 12.0, 'object_store_memory': 2147483648.0, 'memory': 9679239578.0}
[2024-06-20 19:46:25,818][flwr][INFO] - Optimize your simulation with Flower VCE: https://flower.ai/docs/framework/how-to-run-simulations.html
[2024-06-20 19:46:25,818][flwr][INFO] - Flower VCE: Resources for each Virtual Client: {'num_cpus': 2, 'num_gpus': 0}
[2024-06-20 19:46:25,825][flwr][INFO] - Flower VCE: Creating VirtualClientEngineActorPool with 6 actors
[2024-06-20 19:46:25,825][flwr][INFO] - [INIT]
[2024-06-20 19:46:25,826][flwr][INFO] - Requesting initial parameters from one random client
[2024-06-20 19:46:27,739][flwr][INFO] - Received initial parameters from one random client
[2024-06-20 19:46:27,739][flwr][INFO] - Evaluating initial global parameters
[2024-06-20 19:46:28,166][flwr][INFO] - initial parameters (loss, other metrics): 181.76928067207336, {'accuracy': 0.1086, 'precision': 0.12349967530374152, 'recall': 0.1086, 'f1': 0.03553137346181725, 'confusion_matrix': array([[   0,    8,    0,  956,    0,    1,    0,   15,    0,    0],
       [   0,  122,    0, 1013,    0,    0,    0,    0,    0,    0],
       [   0,   38,    0,  971,    0,    0,    3,   19,    1,    0],
       [   0,   44,    0,  945,    1,    1,    0,   17,    2,    0],
       [   0,  143,    0,  816,    1,    0,    2,   20,    0,    0],
       [   0,  118,    0,  735,    1,    7,    0,   30,    1,    0],
       [   0,  144,    0,  749,   25,    0,    2,   38,    0,    0],
       [   0,  272,    0,  724,    8,    0,    0,    9,   15,    0],
       [   0,   81,    0,  859,    1,    0,    1,   32,    0,    0],
       [   0,  178,    0,  799,    1,    0,    0,   31,    0,    0]])}
[2024-06-20 19:46:28,166][flwr][INFO] - 
[2024-06-20 19:46:28,166][flwr][INFO] - [ROUND 1]
[2024-06-20 19:46:28,167][flwr][INFO] - configure_fit: strategy sampled 10 clients (out of 100)
[2024-06-20 19:46:35,028][flwr][INFO] - aggregate_fit: received 10 results and 0 failures
[2024-06-20 19:46:35,035][flwr][WARNING] - No fit_metrics_aggregation_fn provided
[2024-06-20 19:46:35,483][flwr][INFO] - fit progress: (1, 43816.9157409668, {'accuracy': 0.0445, 'precision': 0.12938284550734067, 'recall': 0.0445, 'f1': 0.027735847782714342, 'confusion_matrix': array([[  4, 262,  53, 431,  22,  42, 166,   0,   0,   0],
       [  0, 159, 211, 272,   4,   6, 483,   0,   0,   0],
       [  0, 715,  81, 195,   0,   2,  39,   0,   0,   0],
       [  0, 353,  98, 175,   1,   2, 378,   0,   3,   0],
       [  0, 474,  27, 459,   0,   5,  16,   0,   1,   0],
       [  0, 160,  57, 326,   8,  10, 331,   0,   0,   0],
       [  0, 610,  60, 268,   4,   0,  16,   0,   0,   0],
       [  0, 582, 151, 233,   0,   4,  57,   0,   1,   0],
       [  0, 194,  79, 580,   0,   2, 119,   0,   0,   0],
       [  0, 318,  46, 554,   0,   8,  82,   0,   1,   0]])}, 7.317609375)
[2024-06-20 19:46:35,484][flwr][INFO] - configure_evaluate: no clients selected, skipping evaluation
[2024-06-20 19:46:35,484][flwr][INFO] - 
[2024-06-20 19:46:35,484][flwr][INFO] - [ROUND 2]
[2024-06-20 19:46:35,484][flwr][INFO] - configure_fit: strategy sampled 10 clients (out of 100)
[2024-06-20 19:46:40,753][flwr][INFO] - aggregate_fit: received 10 results and 0 failures
[2024-06-20 19:46:41,200][flwr][INFO] - fit progress: (2, 53904.8349609375, {'accuracy': 0.2363, 'precision': 0.19909281530085524, 'recall': 0.2363, 'f1': 0.19271805150224355, 'confusion_matrix': array([[415,  34, 375,  57,   0,   1,  20,  68,   2,   8],
       [  9, 477, 120,  35,   0,   5,  30, 456,   0,   3],
       [ 91, 125, 199, 255,   0,   2, 236,  96,   8,  20],
       [185, 159, 208, 194,   0,   4,  79,  76,  16,  89],
       [181, 288,  45,  55,   0,  47,  14, 245,   0, 107],
       [188,  55, 204, 160,   0,  39,  87,  99,   7,  53],
       [260, 148,  54,  83,   1,   4, 110, 213,  13,  72],
       [ 28, 119,  54,  22,   0,  10,  13, 715,   7,  60],
       [116,  62, 183, 169,   0,   1, 255,  95,  10,  83],
       [268, 134,  30,  47,   1,  46,  16, 259,   4, 204]])}, 13.034097749999999)
[2024-06-20 19:46:41,200][flwr][INFO] - configure_evaluate: no clients selected, skipping evaluation
[2024-06-20 19:46:41,200][flwr][INFO] - 
[2024-06-20 19:46:41,200][flwr][INFO] - [ROUND 3]
[2024-06-20 19:46:41,201][flwr][INFO] - configure_fit: strategy sampled 10 clients (out of 100)
[2024-06-20 19:46:47,180][flwr][INFO] - aggregate_fit: received 10 results and 0 failures
[2024-06-20 19:46:47,624][flwr][INFO] - fit progress: (3, 140450.53784179688, {'accuracy': 0.2299, 'precision': 0.27696454609827204, 'recall': 0.2299, 'f1': 0.18960899026303576, 'confusion_matrix': array([[310,   1,  67,  10,  26,   6, 132, 279, 119,  30],
       [ 15,  59,  32,   0,   2,   4,  31, 985,   7,   0],
       [ 64,  29, 342,  24,  11,   9, 273, 215,  55,  10],
       [ 76,  53, 158,  53,  19,  33,  92, 300, 178,  48],
       [ 86,  20,  54,   1,  92,  95,   7, 501,  80,  46],
       [ 68,   9, 172,  22,  18,  79,  62, 241, 156,  65],
       [ 39,  10, 241,   6,  13,   6, 170, 241, 210,  22],
       [ 10,   4,  14,   0,   3,  10,   7, 935,  37,   8],
       [106,  16,  86,   8,  20,   5, 232, 255, 199,  47],
       [ 35,   8,  14,   3,  26,  36,  10, 667, 150,  60]])}, 19.458752333999996)
[2024-06-20 19:46:47,625][flwr][INFO] - configure_evaluate: no clients selected, skipping evaluation
[2024-06-20 19:46:47,625][flwr][INFO] - 
[2024-06-20 19:46:47,625][flwr][INFO] - [ROUND 4]
[2024-06-20 19:46:47,625][flwr][INFO] - configure_fit: strategy sampled 10 clients (out of 100)
[2024-06-20 19:46:53,785][flwr][INFO] - aggregate_fit: received 10 results and 0 failures
[2024-06-20 19:46:54,235][flwr][INFO] - fit progress: (4, 308270.61865234375, {'accuracy': 0.3102, 'precision': 0.36535122035883216, 'recall': 0.3102, 'f1': 0.28541867623521366, 'confusion_matrix': array([[367,   5, 183,  91,   5,   2,  83,  17,   3, 224],
       [ 55, 515, 451,   0,   0,  46,  16,  21,   0,  31],
       [107,  54, 555, 151,  18,   0,  48,  34,   2,  63],
       [ 72,  59, 274, 357,  24,  11,  33,  12,  15, 153],
       [138,  44, 104,  26,  95,  29,  27,  18,   0, 501],
       [ 84,  27, 235, 151,  19,  66,  28,  13,  10, 259],
       [ 61,  15, 513,  35,  11,   3, 153,  21,   6, 140],
       [ 83, 124, 118,  17,   6,  14,  15, 321,   1, 329],
       [139,  22, 315,  77,  17,  12,  53,   2,   8, 329],
       [123,  22,  76,  14,  21,  30,  32,  24,   2, 665]])}, 26.070300959)
[2024-06-20 19:46:54,236][flwr][INFO] - configure_evaluate: no clients selected, skipping evaluation
[2024-06-20 19:46:54,236][flwr][INFO] - 
[2024-06-20 19:46:54,236][flwr][INFO] - [ROUND 5]
[2024-06-20 19:46:54,237][flwr][INFO] - configure_fit: strategy sampled 10 clients (out of 100)
[2024-06-20 19:46:59,483][flwr][INFO] - aggregate_fit: received 10 results and 0 failures
[2024-06-20 19:46:59,924][flwr][INFO] - fit progress: (5, 700018.5893554688, {'accuracy': 0.3933, 'precision': 0.37048938157893274, 'recall': 0.3933, 'f1': 0.3650527404096643, 'confusion_matrix': array([[538,  18, 146,  85,  26,   4,  52,  23,  16,  72],
       [ 10, 908,  65,   5,   6,  58,  20,  36,   5,  22],
       [134, 191, 282, 171,  13,   1,  95,  79,  25,  41],
       [ 15, 109, 121, 525,  44,  22,  18,  33,  66,  57],
       [111, 159, 127,  17, 265,  75,  41,  70,   0, 117],
       [ 80,  56, 127, 254,  82,  81,  44,  25,  67,  76],
       [100,  86, 114,  38,  37,   7, 379,  61,   8, 128],
       [ 64, 136,  53,  13,  32,  13,  12, 674,   1,  30],
       [110, 116, 132, 185,  71,  18,  57,  71,  92, 122],
       [180,  74,  50,  24, 214,  65,  41, 166,   6, 189]])}, 31.758676417000004)
[2024-06-20 19:46:59,924][flwr][INFO] - configure_evaluate: no clients selected, skipping evaluation
[2024-06-20 19:46:59,924][flwr][INFO] - 
[2024-06-20 19:46:59,924][flwr][INFO] - [ROUND 6]
[2024-06-20 19:46:59,925][flwr][INFO] - configure_fit: strategy sampled 10 clients (out of 100)
[2024-06-20 19:47:05,150][flwr][INFO] - aggregate_fit: received 10 results and 0 failures
[2024-06-20 19:47:05,591][flwr][INFO] - fit progress: (6, 2014253.8408203125, {'accuracy': 0.3543, 'precision': 0.4012036644507096, 'recall': 0.3543, 'f1': 0.3470462335012327, 'confusion_matrix': array([[472,  40,  53, 138, 139,  49,  46,   3,  16,  24],
       [ 81, 610,  11,   6,  78, 208,  52,  14,   9,  66],
       [111,  92, 277, 260,  44,  31, 123,  19,  42,  33],
       [  7,  44,  59, 575,  76, 175,  27,  13,  12,  22],
       [ 64,  63,  33,  26, 453, 222,  51,  11,   1,  58],
       [ 32,  45,  31, 273, 199, 226,  42,   4,  23,  17],
       [ 76,  39,  82,  49, 156,  59, 408,   3,   4,  82],
       [106,  74,  25,  43, 256,  65,  44, 390,   4,  21],
       [ 69,  86,  76, 188, 272,  61,  76,   5, 100,  41],
       [ 50,  18,   9,  17, 641, 157,  70,  10,   5,  32]])}, 37.426726)
[2024-06-20 19:47:05,592][flwr][INFO] - configure_evaluate: no clients selected, skipping evaluation
[2024-06-20 19:47:05,592][flwr][INFO] - 
[2024-06-20 19:47:05,592][flwr][INFO] - [ROUND 7]
[2024-06-20 19:47:05,592][flwr][INFO] - configure_fit: strategy sampled 10 clients (out of 100)
[2024-06-20 19:47:10,735][flwr][INFO] - aggregate_fit: received 10 results and 0 failures
[2024-06-20 19:47:11,171][flwr][INFO] - fit progress: (7, 5771831.75390625, {'accuracy': 0.3838, 'precision': 0.3863043504790573, 'recall': 0.3838, 'f1': 0.35711584441105765, 'confusion_matrix': array([[469,  70, 137, 100,  74,  42,  58,  12,   1,  17],
       [  4, 816,  58,   6,   3, 108,  29,  72,   0,  39],
       [ 46, 223, 345, 112,  17,  54, 137,  58,  14,  26],
       [  6,  82, 108, 473,  24, 229,  43,  23,   5,  17],
       [ 55, 132, 121,  17, 285, 177,  98,  46,   0,  51],
       [ 25,  71,  94, 276,  77, 244,  58,  19,  12,  16],
       [ 26,  97, 178,  39,  52,  41, 445,  14,   3,  63],
       [ 52, 131,  40,  26,  47,  19,  34, 670,   0,   9],
       [ 32, 232, 190, 150, 118,  73,  89,  26,  40,  24],
       [ 82,  72,  44,  27, 382, 120, 123, 102,   6,  51]])}, 43.006564917)
[2024-06-20 19:47:11,172][flwr][INFO] - configure_evaluate: no clients selected, skipping evaluation
[2024-06-20 19:47:11,172][flwr][INFO] - 
[2024-06-20 19:47:11,172][flwr][INFO] - [ROUND 8]
[2024-06-20 19:47:11,172][flwr][INFO] - configure_fit: strategy sampled 10 clients (out of 100)
[2024-06-20 19:47:16,411][flwr][INFO] - aggregate_fit: received 10 results and 0 failures
[2024-06-20 19:47:16,856][flwr][INFO] - fit progress: (8, 15728340.1328125, {'accuracy': 0.3678, 'precision': 0.3879191657779904, 'recall': 0.3678, 'f1': 0.351727279418528, 'confusion_matrix': array([[494,  46,  78, 183,  38,  33,  88,   2,  11,   7],
       [ 17, 714,  80,  29,  33, 153,  37,  30,   7,  35],
       [ 38,  93, 298, 261,  21,  51, 187,  22,  53,   8],
       [  2,  37,  76, 582,  29, 191,  58,  14,  15,   6],
       [ 33,  87, 166,  39, 328,  98, 162,  19,   4,  46],
       [ 20,  24, 100, 417,  50, 177,  55,  15,  18,  16],
       [ 26,  63, 184, 105,  19,  22, 487,   9,  19,  24],
       [ 73, 132,  67,  86,  84,  15,  69, 476,  11,  15],
       [ 22,  99, 203, 330,  91,  43, 108,  11,  49,  18],
       [ 49,  32,  90,  78, 366,  63, 226,  29,   3,  73]])}, 48.692185959)
[2024-06-20 19:47:16,857][flwr][INFO] - configure_evaluate: no clients selected, skipping evaluation
[2024-06-20 19:47:16,857][flwr][INFO] - 
[2024-06-20 19:47:16,857][flwr][INFO] - [ROUND 9]
[2024-06-20 19:47:16,857][flwr][INFO] - configure_fit: strategy sampled 10 clients (out of 100)
[2024-06-20 19:47:22,137][flwr][INFO] - aggregate_fit: received 10 results and 0 failures
[2024-06-20 19:47:22,590][flwr][INFO] - fit progress: (9, 42124108.3125, {'accuracy': 0.3377, 'precision': 0.3701787598156194, 'recall': 0.3377, 'f1': 0.3354118896729295, 'confusion_matrix': array([[519,  61,  22,  85,  21,  50,  79,   4,  52,  87],
       [ 68, 721,  16,   5,  28, 166,  37,   7,  34,  53],
       [ 56, 113, 178, 150,  34,  64, 202,   7, 140,  88],
       [ 16,  47,  39, 358,  42, 331,  55,  10,  44,  68],
       [ 62,  77,  80,  15, 273, 135, 107,  13,  10, 210],
       [ 35,  29,  38, 266,  63, 272,  59,  16,  43,  71],
       [ 50,  87,  84,  25,  75,  91, 352,   2,  60, 132],
       [157, 163,  33,  36,  94,  46,  81, 270,  20, 128],
       [ 37,  81,  81, 108,  99,  77,  96,   9, 177, 209],
       [ 42,  19,  30,  41, 296,  97, 202,  13,  12, 257]])}, 54.425467917)
[2024-06-20 19:47:22,590][flwr][INFO] - configure_evaluate: no clients selected, skipping evaluation
[2024-06-20 19:47:22,590][flwr][INFO] - 
[2024-06-20 19:47:22,590][flwr][INFO] - [ROUND 10]
[2024-06-20 19:47:22,591][flwr][INFO] - configure_fit: strategy sampled 10 clients (out of 100)
[2024-06-20 19:47:27,795][flwr][INFO] - aggregate_fit: received 10 results and 0 failures
[2024-06-20 19:47:28,244][flwr][INFO] - fit progress: (10, 120271494.625, {'accuracy': 0.3291, 'precision': 0.35131883578003037, 'recall': 0.3291, 'f1': 0.32131528336350806, 'confusion_matrix': array([[524,  78,  13,  34,  20,  29,  61,  14,  56, 151],
       [118, 835,  35,   2,  32,  10,  13,  18,  34,  38],
       [ 72, 156, 242,  80,  27,  56,  93,  19, 134, 153],
       [ 47, 100,  49, 265,  34, 245,  35,  25,  79, 131],
       [ 50, 110,  18,   5, 214, 170,  51,  11,   6, 347],
       [ 52,  36,  41, 171,  82, 232,  29,  53,  79, 117],
       [ 42, 105,  95,  12, 103,  63, 196,   8,  81, 253],
       [ 95, 311,  21,   4,  87,  32,  30, 229,  30, 189],
       [ 49,  88,  52,  25, 132,  42,  30,  53, 186, 317],
       [ 28,  42,  14,  10, 370,  66,  35,  60,  16, 368]])}, 60.080164375)
[2024-06-20 19:47:28,244][flwr][INFO] - configure_evaluate: no clients selected, skipping evaluation
[2024-06-20 19:47:28,245][flwr][INFO] - 
[2024-06-20 19:47:28,245][flwr][INFO] - [SUMMARY]
[2024-06-20 19:47:28,245][flwr][INFO] - Run finished 10 round(s) in 60.08s
[2024-06-20 19:47:28,249][flwr][INFO] - 	History (loss, centralized):
[2024-06-20 19:47:28,250][flwr][INFO] - 		round 0: 181.76928067207336
[2024-06-20 19:47:28,250][flwr][INFO] - 		round 1: 43816.9157409668
[2024-06-20 19:47:28,250][flwr][INFO] - 		round 2: 53904.8349609375
[2024-06-20 19:47:28,250][flwr][INFO] - 		round 3: 140450.53784179688
[2024-06-20 19:47:28,250][flwr][INFO] - 		round 4: 308270.61865234375
[2024-06-20 19:47:28,250][flwr][INFO] - 		round 5: 700018.5893554688
[2024-06-20 19:47:28,250][flwr][INFO] - 		round 6: 2014253.8408203125
[2024-06-20 19:47:28,250][flwr][INFO] - 		round 7: 5771831.75390625
[2024-06-20 19:47:28,250][flwr][INFO] - 		round 8: 15728340.1328125
[2024-06-20 19:47:28,250][flwr][INFO] - 		round 9: 42124108.3125
[2024-06-20 19:47:28,250][flwr][INFO] - 		round 10: 120271494.625
[2024-06-20 19:47:28,250][flwr][INFO] - 	History (metrics, centralized):
[2024-06-20 19:47:28,250][flwr][INFO] - 	{'accuracy': [(0, 0.1086),
[2024-06-20 19:47:28,250][flwr][INFO] - 	              (1, 0.0445),
[2024-06-20 19:47:28,250][flwr][INFO] - 	              (2, 0.2363),
[2024-06-20 19:47:28,250][flwr][INFO] - 	              (3, 0.2299),
[2024-06-20 19:47:28,250][flwr][INFO] - 	              (4, 0.3102),
[2024-06-20 19:47:28,250][flwr][INFO] - 	              (5, 0.3933),
[2024-06-20 19:47:28,250][flwr][INFO] - 	              (6, 0.3543),
[2024-06-20 19:47:28,250][flwr][INFO] - 	              (7, 0.3838),
[2024-06-20 19:47:28,250][flwr][INFO] - 	              (8, 0.3678),
[2024-06-20 19:47:28,250][flwr][INFO] - 	              (9, 0.3377),
[2024-06-20 19:47:28,250][flwr][INFO] - 	              (10, 0.3291)],
[2024-06-20 19:47:28,250][flwr][INFO] - 	 'confusion_matrix': [(0,
[2024-06-20 19:47:28,251][flwr][INFO] - 	                       array([[   0,    8,    0,  956,    0,    1,    0,   15,    0,    0],
[2024-06-20 19:47:28,251][flwr][INFO] - 	       [   0,  122,    0, 1013,    0,    0,    0,    0,    0,    0],
[2024-06-20 19:47:28,251][flwr][INFO] - 	       [   0,   38,    0,  971,    0,    0,    3,   19,    1,    0],
[2024-06-20 19:47:28,251][flwr][INFO] - 	       [   0,   44,    0,  945,    1,    1,    0,   17,    2,    0],
[2024-06-20 19:47:28,251][flwr][INFO] - 	       [   0,  143,    0,  816,    1,    0,    2,   20,    0,    0],
[2024-06-20 19:47:28,251][flwr][INFO] - 	       [   0,  118,    0,  735,    1,    7,    0,   30,    1,    0],
[2024-06-20 19:47:28,251][flwr][INFO] - 	       [   0,  144,    0,  749,   25,    0,    2,   38,    0,    0],
[2024-06-20 19:47:28,251][flwr][INFO] - 	       [   0,  272,    0,  724,    8,    0,    0,    9,   15,    0],
[2024-06-20 19:47:28,251][flwr][INFO] - 	       [   0,   81,    0,  859,    1,    0,    1,   32,    0,    0],
[2024-06-20 19:47:28,251][flwr][INFO] - 	       [   0,  178,    0,  799,    1,    0,    0,   31,    0,    0]])),
[2024-06-20 19:47:28,251][flwr][INFO] - 	                      (1,
[2024-06-20 19:47:28,251][flwr][INFO] - 	                       array([[  4, 262,  53, 431,  22,  42, 166,   0,   0,   0],
[2024-06-20 19:47:28,251][flwr][INFO] - 	       [  0, 159, 211, 272,   4,   6, 483,   0,   0,   0],
[2024-06-20 19:47:28,251][flwr][INFO] - 	       [  0, 715,  81, 195,   0,   2,  39,   0,   0,   0],
[2024-06-20 19:47:28,251][flwr][INFO] - 	       [  0, 353,  98, 175,   1,   2, 378,   0,   3,   0],
[2024-06-20 19:47:28,251][flwr][INFO] - 	       [  0, 474,  27, 459,   0,   5,  16,   0,   1,   0],
[2024-06-20 19:47:28,251][flwr][INFO] - 	       [  0, 160,  57, 326,   8,  10, 331,   0,   0,   0],
[2024-06-20 19:47:28,251][flwr][INFO] - 	       [  0, 610,  60, 268,   4,   0,  16,   0,   0,   0],
[2024-06-20 19:47:28,251][flwr][INFO] - 	       [  0, 582, 151, 233,   0,   4,  57,   0,   1,   0],
[2024-06-20 19:47:28,251][flwr][INFO] - 	       [  0, 194,  79, 580,   0,   2, 119,   0,   0,   0],
[2024-06-20 19:47:28,251][flwr][INFO] - 	       [  0, 318,  46, 554,   0,   8,  82,   0,   1,   0]])),
[2024-06-20 19:47:28,251][flwr][INFO] - 	                      (2,
[2024-06-20 19:47:28,251][flwr][INFO] - 	                       array([[415,  34, 375,  57,   0,   1,  20,  68,   2,   8],
[2024-06-20 19:47:28,251][flwr][INFO] - 	       [  9, 477, 120,  35,   0,   5,  30, 456,   0,   3],
[2024-06-20 19:47:28,251][flwr][INFO] - 	       [ 91, 125, 199, 255,   0,   2, 236,  96,   8,  20],
[2024-06-20 19:47:28,251][flwr][INFO] - 	       [185, 159, 208, 194,   0,   4,  79,  76,  16,  89],
[2024-06-20 19:47:28,251][flwr][INFO] - 	       [181, 288,  45,  55,   0,  47,  14, 245,   0, 107],
[2024-06-20 19:47:28,251][flwr][INFO] - 	       [188,  55, 204, 160,   0,  39,  87,  99,   7,  53],
[2024-06-20 19:47:28,251][flwr][INFO] - 	       [260, 148,  54,  83,   1,   4, 110, 213,  13,  72],
[2024-06-20 19:47:28,251][flwr][INFO] - 	       [ 28, 119,  54,  22,   0,  10,  13, 715,   7,  60],
[2024-06-20 19:47:28,251][flwr][INFO] - 	       [116,  62, 183, 169,   0,   1, 255,  95,  10,  83],
[2024-06-20 19:47:28,251][flwr][INFO] - 	       [268, 134,  30,  47,   1,  46,  16, 259,   4, 204]])),
[2024-06-20 19:47:28,251][flwr][INFO] - 	                      (3,
[2024-06-20 19:47:28,251][flwr][INFO] - 	                       array([[310,   1,  67,  10,  26,   6, 132, 279, 119,  30],
[2024-06-20 19:47:28,251][flwr][INFO] - 	       [ 15,  59,  32,   0,   2,   4,  31, 985,   7,   0],
[2024-06-20 19:47:28,251][flwr][INFO] - 	       [ 64,  29, 342,  24,  11,   9, 273, 215,  55,  10],
[2024-06-20 19:47:28,251][flwr][INFO] - 	       [ 76,  53, 158,  53,  19,  33,  92, 300, 178,  48],
[2024-06-20 19:47:28,251][flwr][INFO] - 	       [ 86,  20,  54,   1,  92,  95,   7, 501,  80,  46],
[2024-06-20 19:47:28,251][flwr][INFO] - 	       [ 68,   9, 172,  22,  18,  79,  62, 241, 156,  65],
[2024-06-20 19:47:28,251][flwr][INFO] - 	       [ 39,  10, 241,   6,  13,   6, 170, 241, 210,  22],
[2024-06-20 19:47:28,251][flwr][INFO] - 	       [ 10,   4,  14,   0,   3,  10,   7, 935,  37,   8],
[2024-06-20 19:47:28,251][flwr][INFO] - 	       [106,  16,  86,   8,  20,   5, 232, 255, 199,  47],
[2024-06-20 19:47:28,252][flwr][INFO] - 	       [ 35,   8,  14,   3,  26,  36,  10, 667, 150,  60]])),
[2024-06-20 19:47:28,252][flwr][INFO] - 	                      (4,
[2024-06-20 19:47:28,252][flwr][INFO] - 	                       array([[367,   5, 183,  91,   5,   2,  83,  17,   3, 224],
[2024-06-20 19:47:28,252][flwr][INFO] - 	       [ 55, 515, 451,   0,   0,  46,  16,  21,   0,  31],
[2024-06-20 19:47:28,252][flwr][INFO] - 	       [107,  54, 555, 151,  18,   0,  48,  34,   2,  63],
[2024-06-20 19:47:28,252][flwr][INFO] - 	       [ 72,  59, 274, 357,  24,  11,  33,  12,  15, 153],
[2024-06-20 19:47:28,252][flwr][INFO] - 	       [138,  44, 104,  26,  95,  29,  27,  18,   0, 501],
[2024-06-20 19:47:28,252][flwr][INFO] - 	       [ 84,  27, 235, 151,  19,  66,  28,  13,  10, 259],
[2024-06-20 19:47:28,252][flwr][INFO] - 	       [ 61,  15, 513,  35,  11,   3, 153,  21,   6, 140],
[2024-06-20 19:47:28,252][flwr][INFO] - 	       [ 83, 124, 118,  17,   6,  14,  15, 321,   1, 329],
[2024-06-20 19:47:28,252][flwr][INFO] - 	       [139,  22, 315,  77,  17,  12,  53,   2,   8, 329],
[2024-06-20 19:47:28,252][flwr][INFO] - 	       [123,  22,  76,  14,  21,  30,  32,  24,   2, 665]])),
[2024-06-20 19:47:28,252][flwr][INFO] - 	                      (5,
[2024-06-20 19:47:28,252][flwr][INFO] - 	                       array([[538,  18, 146,  85,  26,   4,  52,  23,  16,  72],
[2024-06-20 19:47:28,252][flwr][INFO] - 	       [ 10, 908,  65,   5,   6,  58,  20,  36,   5,  22],
[2024-06-20 19:47:28,252][flwr][INFO] - 	       [134, 191, 282, 171,  13,   1,  95,  79,  25,  41],
[2024-06-20 19:47:28,252][flwr][INFO] - 	       [ 15, 109, 121, 525,  44,  22,  18,  33,  66,  57],
[2024-06-20 19:47:28,252][flwr][INFO] - 	       [111, 159, 127,  17, 265,  75,  41,  70,   0, 117],
[2024-06-20 19:47:28,252][flwr][INFO] - 	       [ 80,  56, 127, 254,  82,  81,  44,  25,  67,  76],
[2024-06-20 19:47:28,252][flwr][INFO] - 	       [100,  86, 114,  38,  37,   7, 379,  61,   8, 128],
[2024-06-20 19:47:28,252][flwr][INFO] - 	       [ 64, 136,  53,  13,  32,  13,  12, 674,   1,  30],
[2024-06-20 19:47:28,252][flwr][INFO] - 	       [110, 116, 132, 185,  71,  18,  57,  71,  92, 122],
[2024-06-20 19:47:28,252][flwr][INFO] - 	       [180,  74,  50,  24, 214,  65,  41, 166,   6, 189]])),
[2024-06-20 19:47:28,252][flwr][INFO] - 	                      (6,
[2024-06-20 19:47:28,252][flwr][INFO] - 	                       array([[472,  40,  53, 138, 139,  49,  46,   3,  16,  24],
[2024-06-20 19:47:28,252][flwr][INFO] - 	       [ 81, 610,  11,   6,  78, 208,  52,  14,   9,  66],
[2024-06-20 19:47:28,252][flwr][INFO] - 	       [111,  92, 277, 260,  44,  31, 123,  19,  42,  33],
[2024-06-20 19:47:28,252][flwr][INFO] - 	       [  7,  44,  59, 575,  76, 175,  27,  13,  12,  22],
[2024-06-20 19:47:28,252][flwr][INFO] - 	       [ 64,  63,  33,  26, 453, 222,  51,  11,   1,  58],
[2024-06-20 19:47:28,252][flwr][INFO] - 	       [ 32,  45,  31, 273, 199, 226,  42,   4,  23,  17],
[2024-06-20 19:47:28,252][flwr][INFO] - 	       [ 76,  39,  82,  49, 156,  59, 408,   3,   4,  82],
[2024-06-20 19:47:28,252][flwr][INFO] - 	       [106,  74,  25,  43, 256,  65,  44, 390,   4,  21],
[2024-06-20 19:47:28,252][flwr][INFO] - 	       [ 69,  86,  76, 188, 272,  61,  76,   5, 100,  41],
[2024-06-20 19:47:28,252][flwr][INFO] - 	       [ 50,  18,   9,  17, 641, 157,  70,  10,   5,  32]])),
[2024-06-20 19:47:28,252][flwr][INFO] - 	                      (7,
[2024-06-20 19:47:28,252][flwr][INFO] - 	                       array([[469,  70, 137, 100,  74,  42,  58,  12,   1,  17],
[2024-06-20 19:47:28,252][flwr][INFO] - 	       [  4, 816,  58,   6,   3, 108,  29,  72,   0,  39],
[2024-06-20 19:47:28,252][flwr][INFO] - 	       [ 46, 223, 345, 112,  17,  54, 137,  58,  14,  26],
[2024-06-20 19:47:28,252][flwr][INFO] - 	       [  6,  82, 108, 473,  24, 229,  43,  23,   5,  17],
[2024-06-20 19:47:28,252][flwr][INFO] - 	       [ 55, 132, 121,  17, 285, 177,  98,  46,   0,  51],
[2024-06-20 19:47:28,252][flwr][INFO] - 	       [ 25,  71,  94, 276,  77, 244,  58,  19,  12,  16],
[2024-06-20 19:47:28,252][flwr][INFO] - 	       [ 26,  97, 178,  39,  52,  41, 445,  14,   3,  63],
[2024-06-20 19:47:28,253][flwr][INFO] - 	       [ 52, 131,  40,  26,  47,  19,  34, 670,   0,   9],
[2024-06-20 19:47:28,253][flwr][INFO] - 	       [ 32, 232, 190, 150, 118,  73,  89,  26,  40,  24],
[2024-06-20 19:47:28,253][flwr][INFO] - 	       [ 82,  72,  44,  27, 382, 120, 123, 102,   6,  51]])),
[2024-06-20 19:47:28,253][flwr][INFO] - 	                      (8,
[2024-06-20 19:47:28,253][flwr][INFO] - 	                       array([[494,  46,  78, 183,  38,  33,  88,   2,  11,   7],
[2024-06-20 19:47:28,253][flwr][INFO] - 	       [ 17, 714,  80,  29,  33, 153,  37,  30,   7,  35],
[2024-06-20 19:47:28,253][flwr][INFO] - 	       [ 38,  93, 298, 261,  21,  51, 187,  22,  53,   8],
[2024-06-20 19:47:28,253][flwr][INFO] - 	       [  2,  37,  76, 582,  29, 191,  58,  14,  15,   6],
[2024-06-20 19:47:28,253][flwr][INFO] - 	       [ 33,  87, 166,  39, 328,  98, 162,  19,   4,  46],
[2024-06-20 19:47:28,253][flwr][INFO] - 	       [ 20,  24, 100, 417,  50, 177,  55,  15,  18,  16],
[2024-06-20 19:47:28,253][flwr][INFO] - 	       [ 26,  63, 184, 105,  19,  22, 487,   9,  19,  24],
[2024-06-20 19:47:28,253][flwr][INFO] - 	       [ 73, 132,  67,  86,  84,  15,  69, 476,  11,  15],
[2024-06-20 19:47:28,253][flwr][INFO] - 	       [ 22,  99, 203, 330,  91,  43, 108,  11,  49,  18],
[2024-06-20 19:47:28,253][flwr][INFO] - 	       [ 49,  32,  90,  78, 366,  63, 226,  29,   3,  73]])),
[2024-06-20 19:47:28,253][flwr][INFO] - 	                      (9,
[2024-06-20 19:47:28,253][flwr][INFO] - 	                       array([[519,  61,  22,  85,  21,  50,  79,   4,  52,  87],
[2024-06-20 19:47:28,253][flwr][INFO] - 	       [ 68, 721,  16,   5,  28, 166,  37,   7,  34,  53],
[2024-06-20 19:47:28,253][flwr][INFO] - 	       [ 56, 113, 178, 150,  34,  64, 202,   7, 140,  88],
[2024-06-20 19:47:28,253][flwr][INFO] - 	       [ 16,  47,  39, 358,  42, 331,  55,  10,  44,  68],
[2024-06-20 19:47:28,253][flwr][INFO] - 	       [ 62,  77,  80,  15, 273, 135, 107,  13,  10, 210],
[2024-06-20 19:47:28,253][flwr][INFO] - 	       [ 35,  29,  38, 266,  63, 272,  59,  16,  43,  71],
[2024-06-20 19:47:28,253][flwr][INFO] - 	       [ 50,  87,  84,  25,  75,  91, 352,   2,  60, 132],
[2024-06-20 19:47:28,253][flwr][INFO] - 	       [157, 163,  33,  36,  94,  46,  81, 270,  20, 128],
[2024-06-20 19:47:28,253][flwr][INFO] - 	       [ 37,  81,  81, 108,  99,  77,  96,   9, 177, 209],
[2024-06-20 19:47:28,253][flwr][INFO] - 	       [ 42,  19,  30,  41, 296,  97, 202,  13,  12, 257]])),
[2024-06-20 19:47:28,253][flwr][INFO] - 	                      (10,
[2024-06-20 19:47:28,253][flwr][INFO] - 	                       array([[524,  78,  13,  34,  20,  29,  61,  14,  56, 151],
[2024-06-20 19:47:28,253][flwr][INFO] - 	       [118, 835,  35,   2,  32,  10,  13,  18,  34,  38],
[2024-06-20 19:47:28,253][flwr][INFO] - 	       [ 72, 156, 242,  80,  27,  56,  93,  19, 134, 153],
[2024-06-20 19:47:28,253][flwr][INFO] - 	       [ 47, 100,  49, 265,  34, 245,  35,  25,  79, 131],
[2024-06-20 19:47:28,253][flwr][INFO] - 	       [ 50, 110,  18,   5, 214, 170,  51,  11,   6, 347],
[2024-06-20 19:47:28,253][flwr][INFO] - 	       [ 52,  36,  41, 171,  82, 232,  29,  53,  79, 117],
[2024-06-20 19:47:28,253][flwr][INFO] - 	       [ 42, 105,  95,  12, 103,  63, 196,   8,  81, 253],
[2024-06-20 19:47:28,253][flwr][INFO] - 	       [ 95, 311,  21,   4,  87,  32,  30, 229,  30, 189],
[2024-06-20 19:47:28,253][flwr][INFO] - 	       [ 49,  88,  52,  25, 132,  42,  30,  53, 186, 317],
[2024-06-20 19:47:28,253][flwr][INFO] - 	       [ 28,  42,  14,  10, 370,  66,  35,  60,  16, 368]]))],
[2024-06-20 19:47:28,253][flwr][INFO] - 	 'f1': [(0, 0.03553137346181725),
[2024-06-20 19:47:28,253][flwr][INFO] - 	        (1, 0.027735847782714342),
[2024-06-20 19:47:28,253][flwr][INFO] - 	        (2, 0.19271805150224355),
[2024-06-20 19:47:28,253][flwr][INFO] - 	        (3, 0.18960899026303576),
[2024-06-20 19:47:28,253][flwr][INFO] - 	        (4, 0.28541867623521366),
[2024-06-20 19:47:28,253][flwr][INFO] - 	        (5, 0.3650527404096643),
[2024-06-20 19:47:28,253][flwr][INFO] - 	        (6, 0.3470462335012327),
[2024-06-20 19:47:28,254][flwr][INFO] - 	        (7, 0.35711584441105765),
[2024-06-20 19:47:28,254][flwr][INFO] - 	        (8, 0.351727279418528),
[2024-06-20 19:47:28,254][flwr][INFO] - 	        (9, 0.3354118896729295),
[2024-06-20 19:47:28,254][flwr][INFO] - 	        (10, 0.32131528336350806)],
[2024-06-20 19:47:28,254][flwr][INFO] - 	 'precision': [(0, 0.12349967530374152),
[2024-06-20 19:47:28,254][flwr][INFO] - 	               (1, 0.12938284550734067),
[2024-06-20 19:47:28,254][flwr][INFO] - 	               (2, 0.19909281530085524),
[2024-06-20 19:47:28,254][flwr][INFO] - 	               (3, 0.27696454609827204),
[2024-06-20 19:47:28,254][flwr][INFO] - 	               (4, 0.36535122035883216),
[2024-06-20 19:47:28,254][flwr][INFO] - 	               (5, 0.37048938157893274),
[2024-06-20 19:47:28,254][flwr][INFO] - 	               (6, 0.4012036644507096),
[2024-06-20 19:47:28,254][flwr][INFO] - 	               (7, 0.3863043504790573),
[2024-06-20 19:47:28,254][flwr][INFO] - 	               (8, 0.3879191657779904),
[2024-06-20 19:47:28,254][flwr][INFO] - 	               (9, 0.3701787598156194),
[2024-06-20 19:47:28,254][flwr][INFO] - 	               (10, 0.35131883578003037)],
[2024-06-20 19:47:28,254][flwr][INFO] - 	 'recall': [(0, 0.1086),
[2024-06-20 19:47:28,254][flwr][INFO] - 	            (1, 0.0445),
[2024-06-20 19:47:28,254][flwr][INFO] - 	            (2, 0.2363),
[2024-06-20 19:47:28,254][flwr][INFO] - 	            (3, 0.2299),
[2024-06-20 19:47:28,254][flwr][INFO] - 	            (4, 0.3102),
[2024-06-20 19:47:28,254][flwr][INFO] - 	            (5, 0.3933),
[2024-06-20 19:47:28,254][flwr][INFO] - 	            (6, 0.3543),
[2024-06-20 19:47:28,254][flwr][INFO] - 	            (7, 0.3838),
[2024-06-20 19:47:28,254][flwr][INFO] - 	            (8, 0.3678),
[2024-06-20 19:47:28,254][flwr][INFO] - 	            (9, 0.3377),
[2024-06-20 19:47:28,254][flwr][INFO] - 	            (10, 0.3291)]}
[2024-06-20 19:47:28,254][flwr][INFO] - 
