[2024-06-20 20:46:36,192][flwr][INFO] - Starting Flower simulation, config: num_rounds=10, no round_timeout
[2024-06-20 20:46:37,271][flwr][INFO] - Flower VCE: Ray initialized with resources: {'memory': 10191545959.0, 'node:__internal_head__': 1.0, 'object_store_memory': 2147483648.0, 'CPU': 12.0, 'node:127.0.0.1': 1.0}
[2024-06-20 20:46:37,271][flwr][INFO] - Optimize your simulation with Flower VCE: https://flower.ai/docs/framework/how-to-run-simulations.html
[2024-06-20 20:46:37,271][flwr][INFO] - Flower VCE: Resources for each Virtual Client: {'num_cpus': 2, 'num_gpus': 0}
[2024-06-20 20:46:37,278][flwr][INFO] - Flower VCE: Creating VirtualClientEngineActorPool with 6 actors
[2024-06-20 20:46:37,278][flwr][INFO] - [INIT]
[2024-06-20 20:46:37,278][flwr][INFO] - Requesting initial parameters from one random client
[2024-06-20 20:46:39,101][flwr][INFO] - Received initial parameters from one random client
[2024-06-20 20:46:39,101][flwr][INFO] - Evaluating initial global parameters
[2024-06-20 20:46:39,539][flwr][INFO] - initial parameters (loss, other metrics): 181.76928067207336, {'accuracy': 0.1086, 'precision': 0.12349967530374152, 'recall': 0.1086, 'f1': 0.03553137346181725, 'confusion_matrix': array([[   0,    8,    0,  956,    0,    1,    0,   15,    0,    0],
       [   0,  122,    0, 1013,    0,    0,    0,    0,    0,    0],
       [   0,   38,    0,  971,    0,    0,    3,   19,    1,    0],
       [   0,   44,    0,  945,    1,    1,    0,   17,    2,    0],
       [   0,  143,    0,  816,    1,    0,    2,   20,    0,    0],
       [   0,  118,    0,  735,    1,    7,    0,   30,    1,    0],
       [   0,  144,    0,  749,   25,    0,    2,   38,    0,    0],
       [   0,  272,    0,  724,    8,    0,    0,    9,   15,    0],
       [   0,   81,    0,  859,    1,    0,    1,   32,    0,    0],
       [   0,  178,    0,  799,    1,    0,    0,   31,    0,    0]])}
[2024-06-20 20:46:39,539][flwr][INFO] - 
[2024-06-20 20:46:39,539][flwr][INFO] - [ROUND 1]
[2024-06-20 20:46:39,540][flwr][INFO] - configure_fit: strategy sampled 10 clients (out of 100)
[2024-06-20 20:46:46,742][flwr][INFO] - aggregate_fit: received 10 results and 0 failures
[2024-06-20 20:46:46,749][flwr][WARNING] - No fit_metrics_aggregation_fn provided
[2024-06-20 20:46:47,195][flwr][INFO] - fit progress: (1, 257187.91967773438, {'accuracy': 0.066, 'precision': 0.0697428105161691, 'recall': 0.066, 'f1': 0.049512721960479476, 'confusion_matrix': array([[ 85, 226,  99, 145, 332,  11,  69,   0,   6,   7],
       [136,  10, 899,  51,  37,   0,   1,   0,   0,   1],
       [160, 340, 313,  24,  50,   5, 115,   0,  13,  12],
       [ 63, 120, 457, 114,  80,  31, 105,   1,   1,  38],
       [192, 169, 356, 146,  38,   4,  35,   0,  26,  16],
       [ 30, 118, 400, 179,  67,  12,  32,   0,  16,  38],
       [155, 195, 380,  62,  54,   0,  75,   0,   3,  34],
       [ 66, 228, 544, 111,  30,   1,  26,   0,  14,   8],
       [186, 117, 429,  78,  56,   0,  92,   0,   7,   9],
       [135,  72, 586,  65,  30,   0, 103,   0,  12,   6]])}, 7.656380082999999)
[2024-06-20 20:46:47,196][flwr][INFO] - configure_evaluate: no clients selected, skipping evaluation
[2024-06-20 20:46:47,196][flwr][INFO] - 
[2024-06-20 20:46:47,196][flwr][INFO] - [ROUND 2]
[2024-06-20 20:46:47,197][flwr][INFO] - configure_fit: strategy sampled 10 clients (out of 100)
[2024-06-20 20:46:53,356][flwr][INFO] - aggregate_fit: received 10 results and 0 failures
[2024-06-20 20:46:53,802][flwr][INFO] - fit progress: (2, 1833064.451171875, {'accuracy': 0.2493, 'precision': 0.25331916726241427, 'recall': 0.2493, 'f1': 0.2037169504984633, 'confusion_matrix': array([[275, 125,  47,  42, 317,  13,  11,  92,   9,  49],
       [  0, 970,   7,  10,  19,   1,   1,   7,   6, 114],
       [ 54, 357,  73,  29, 118,  40,  89,  28,  26, 218],
       [ 78, 174,  83,  55,  70, 209,  31,  71,  25, 214],
       [  9, 336,   4,   8, 361,   5,   1,  15,   8, 235],
       [ 40, 147,  46,  48, 175,  79,   6,  42,  99, 210],
       [ 42, 196,  90,  18, 214,   4,  59,  21,  35, 279],
       [  4, 526,  12,  18,  60,  11,   0,  94,   5, 298],
       [ 49, 143,  40,  16, 216,  27,  14,  27,  91, 351],
       [ 13, 203,  14,   9, 262,   1,   3,  32,  36, 436]])}, 14.263278625000002)
[2024-06-20 20:46:53,803][flwr][INFO] - configure_evaluate: no clients selected, skipping evaluation
[2024-06-20 20:46:53,803][flwr][INFO] - 
[2024-06-20 20:46:53,803][flwr][INFO] - [ROUND 3]
[2024-06-20 20:46:53,803][flwr][INFO] - configure_fit: strategy sampled 10 clients (out of 100)
[2024-06-20 20:46:59,133][flwr][INFO] - aggregate_fit: received 10 results and 0 failures
[2024-06-20 20:46:59,583][flwr][INFO] - fit progress: (3, 14672963.625, {'accuracy': 0.3461, 'precision': 0.3467046545496818, 'recall': 0.3461, 'f1': 0.3288339000089655, 'confusion_matrix': array([[376,  67, 193,  92,  88,  80,  24,  31,  20,   9],
       [  2, 958,  21,   4,  26,  31,   3,  21,  34,  35],
       [ 46,  97, 309,  59,  59, 123, 179,  42,  51,  67],
       [ 86,  80, 101, 120,  41, 417,  62,  36,  33,  34],
       [ 22, 196,  31,  18, 460,  68,   7,  36,  56,  88],
       [ 47,  84,  74,  80, 104, 303,  21,  26, 107,  46],
       [ 51,  92, 282,  29,  81,  27, 255,  20,  55,  66],
       [ 10, 344,  26,  24,  78,  89,  11, 295,  33, 118],
       [ 51,  63,  90,  41, 187, 141,  41,  32, 183, 145],
       [ 20, 128,  40,  30, 340,  71,  14,  85,  79, 202]])}, 20.0442605)
[2024-06-20 20:46:59,584][flwr][INFO] - configure_evaluate: no clients selected, skipping evaluation
[2024-06-20 20:46:59,584][flwr][INFO] - 
[2024-06-20 20:46:59,584][flwr][INFO] - [ROUND 4]
[2024-06-20 20:46:59,584][flwr][INFO] - configure_fit: strategy sampled 10 clients (out of 100)
[2024-06-20 20:47:04,950][flwr][INFO] - aggregate_fit: received 10 results and 0 failures
[2024-06-20 20:47:05,395][flwr][INFO] - fit progress: (4, 176051830.75, {'accuracy': 0.361, 'precision': 0.3751260996159519, 'recall': 0.361, 'f1': 0.34616961633693405, 'confusion_matrix': array([[376,  53,  62,  75, 227,  83,  53,  38,   4,   9],
       [  1, 846,   7,   1,  64,  36,   5,  89,  53,  33],
       [ 35,  99, 195,  49, 116, 152, 208,  47,  73,  58],
       [ 56,  70,  68, 143,  82, 393,  86,  48,  24,  40],
       [ 20, 142,   9,  11, 575,  66,   6,  59,  39,  55],
       [ 46,  56,  39,  56, 147, 321,  40,  41,  99,  47],
       [ 29,  85, 123,  17, 163,  24, 367,  37,  77,  36],
       [  7, 214,   7,   8, 141, 105,  10, 441,  17,  78],
       [ 28,  46,  30,  29, 272, 150,  55,  57, 185, 122],
       [ 20,  78,  12,  17, 424,  73,  23, 121,  80, 161]])}, 25.856396500000002)
[2024-06-20 20:47:05,396][flwr][INFO] - configure_evaluate: no clients selected, skipping evaluation
[2024-06-20 20:47:05,396][flwr][INFO] - 
[2024-06-20 20:47:05,396][flwr][INFO] - [ROUND 5]
[2024-06-20 20:47:05,396][flwr][INFO] - configure_fit: strategy sampled 10 clients (out of 100)
[2024-06-20 20:47:10,708][flwr][INFO] - aggregate_fit: received 10 results and 0 failures
[2024-06-20 20:47:11,153][flwr][INFO] - fit progress: (5, 1988434834.0, {'accuracy': 0.3592, 'precision': 0.38850234356656616, 'recall': 0.3592, 'f1': 0.35239787609769135, 'confusion_matrix': array([[317,  62,  61,  56, 239,  55,  97,  47,  29,  17],
       [  1, 790,  10,   0,  71,  24,  15,  68,  72,  84],
       [ 17,  92, 183,  34,  97, 114, 244,  52, 112,  87],
       [ 35,  50,  81, 137,  83, 306, 123,  47,  53,  95],
       [ 14, 120,  14,   5, 504,  40,  16,  46,  77, 146],
       [ 20,  38,  40,  46, 136, 215,  53,  31, 193, 120],
       [ 16,  71,  98,  14, 119,  15, 393,  34, 131,  67],
       [  3, 115,  18,  10,  95,  68,   9, 503,  27, 180],
       [ 14,  35,  38,  29, 201, 116,  76,  44, 249, 172],
       [  5,  50,  20,   8, 321,  32,  19, 113, 140, 301]])}, 31.614960375)
[2024-06-20 20:47:11,154][flwr][INFO] - configure_evaluate: no clients selected, skipping evaluation
[2024-06-20 20:47:11,154][flwr][INFO] - 
[2024-06-20 20:47:11,154][flwr][INFO] - [ROUND 6]
[2024-06-20 20:47:11,154][flwr][INFO] - configure_fit: strategy sampled 10 clients (out of 100)
[2024-06-20 20:47:16,526][flwr][INFO] - aggregate_fit: received 10 results and 0 failures
[2024-06-20 20:47:16,988][flwr][INFO] - fit progress: (6, 23232969760.0, {'accuracy': 0.3444, 'precision': 0.37105009754649493, 'recall': 0.3444, 'f1': 0.3390822223182091, 'confusion_matrix': array([[338,  41,  66,  51, 182,  51, 136,  81,  19,  15],
       [  1, 681,  13,   0, 112,  25,  37,  26, 152,  88],
       [ 23,  54, 136,  33,  55, 133, 332,  60, 128,  78],
       [ 48,  48,  55, 186,  60, 265, 166,  34,  68,  80],
       [ 28, 124,  10,  10, 420,  41,  35,  82,  78, 154],
       [ 19,  44,  38,  56, 127, 166,  83,  26, 224, 109],
       [ 20,  65,  65,   6,  53,  13, 522,  47, 115,  52],
       [  7, 121,  14,  26,  93,  68,  13, 438,  59, 189],
       [ 28,  36,  24,  24, 151,  96, 153,  45, 274, 143],
       [ 10,  45,  19,  18, 271,  23,  38, 116, 186, 283]])}, 37.449600249999996)
[2024-06-20 20:47:16,988][flwr][INFO] - configure_evaluate: no clients selected, skipping evaluation
[2024-06-20 20:47:16,988][flwr][INFO] - 
[2024-06-20 20:47:16,989][flwr][INFO] - [ROUND 7]
[2024-06-20 20:47:16,989][flwr][INFO] - configure_fit: strategy sampled 10 clients (out of 100)
[2024-06-20 20:47:22,435][flwr][INFO] - aggregate_fit: received 10 results and 0 failures
[2024-06-20 20:47:22,884][flwr][INFO] - fit progress: (7, 286107782912.0, {'accuracy': 0.3264, 'precision': 0.3435427316454138, 'recall': 0.3264, 'f1': 0.31931924063695133, 'confusion_matrix': array([[469,  21,  65,  47,  91,  36, 113,  89,  39,  10],
       [  3, 547,  36,   0,  62,  27,  54,  32, 353,  21],
       [ 64,  33, 163,  37,  23, 131, 310,  71, 157,  43],
       [138,  30,  47, 133,  27, 256, 220,  65,  61,  33],
       [109,  70,  21,   6, 324,  35,  40, 134, 139, 104],
       [ 70,  25,  31,  45, 103, 161,  95,  48, 250,  64],
       [ 44,  44, 102,   4,  33,  15, 484,  53, 132,  47],
       [ 41,  81,  25,  23,  48,  68,  26, 542,  90,  84],
       [ 83,  20,  30,  19, 116, 115, 159,  73, 287,  72],
       [ 71,  22,  27,  22, 191,  31,  52, 181, 258, 154]])}, 43.345369625)
[2024-06-20 20:47:22,884][flwr][INFO] - configure_evaluate: no clients selected, skipping evaluation
[2024-06-20 20:47:22,884][flwr][INFO] - 
[2024-06-20 20:47:22,884][flwr][INFO] - [ROUND 8]
[2024-06-20 20:47:22,885][flwr][INFO] - configure_fit: strategy sampled 10 clients (out of 100)
[2024-06-20 20:47:28,227][flwr][INFO] - aggregate_fit: received 10 results and 0 failures
[2024-06-20 20:47:28,670][flwr][INFO] - fit progress: (8, 3620531963904.0, {'accuracy': 0.2956, 'precision': 0.3290435117998335, 'recall': 0.2956, 'f1': 0.29049579664983044, 'confusion_matrix': array([[377,  20,  50,  24, 110,  71, 203,  87,  27,  11],
       [  5, 374,  82,   2,  49,  64,  79,  27, 413,  40],
       [ 34,  24, 179,  26,  26, 155, 318,  68, 167,  35],
       [ 97,  18,  58,  66,  27, 253, 331,  75,  43,  42],
       [ 74,  50,  15,   4, 292,  37,  63, 151, 130, 166],
       [ 46,  11,  39,  30,  84, 168, 158,  55, 221,  80],
       [ 21,  48,  86,   1,  22,  15, 562,  58, 101,  44],
       [ 31,  73,  17,  19,  37, 128,  30, 420, 102, 171],
       [ 55,   9,  41,  17,  90, 108, 226,  89, 240,  99],
       [ 50,  17,  18,  19, 140,  35,  85, 166, 201, 278]])}, 49.132407582999996)
[2024-06-20 20:47:28,671][flwr][INFO] - configure_evaluate: no clients selected, skipping evaluation
[2024-06-20 20:47:28,671][flwr][INFO] - 
[2024-06-20 20:47:28,671][flwr][INFO] - [ROUND 9]
[2024-06-20 20:47:28,671][flwr][INFO] - configure_fit: strategy sampled 10 clients (out of 100)
[2024-06-20 20:47:33,957][flwr][INFO] - aggregate_fit: received 10 results and 0 failures
[2024-06-20 20:47:34,417][flwr][INFO] - fit progress: (9, 41189695782912.0, {'accuracy': 0.2988, 'precision': 0.3266283619839112, 'recall': 0.2988, 'f1': 0.2947761887288441, 'confusion_matrix': array([[327,  31, 103,  40,  91,  83, 194,  75,  18,  18],
       [  4, 348, 284,   1, 113,  24,  44,  19, 239,  59],
       [ 20,  21, 363,  35,  29, 101, 267,  60,  97,  39],
       [ 52,  18, 145,  77,  26, 239, 286,  61,  44,  62],
       [ 41,  42,  32,   7, 365,  47,  45, 140,  81, 182],
       [ 36,  19,  82,  29,  81, 174, 143,  47, 195,  86],
       [ 15,  30, 144,   2,  31,  16, 538,  56,  69,  57],
       [ 15,  84,  67,  35,  66, 128,  31, 350,  45, 207],
       [ 30,  11, 107,  22, 103, 109, 207,  91, 167, 127],
       [ 20,  16,  41,  37, 201,  46,  66, 147, 156, 279]])}, 54.879014)
[2024-06-20 20:47:34,417][flwr][INFO] - configure_evaluate: no clients selected, skipping evaluation
[2024-06-20 20:47:34,418][flwr][INFO] - 
[2024-06-20 20:47:34,418][flwr][INFO] - [ROUND 10]
[2024-06-20 20:47:34,418][flwr][INFO] - configure_fit: strategy sampled 10 clients (out of 100)
[2024-06-20 20:47:39,647][flwr][INFO] - aggregate_fit: received 10 results and 0 failures
[2024-06-20 20:47:40,105][flwr][INFO] - fit progress: (10, 552115393527808.0, {'accuracy': 0.2603, 'precision': 0.28681720456663534, 'recall': 0.2603, 'f1': 0.24293011067926162, 'confusion_matrix': array([[301,  24,  50,  32, 170,  26, 304,  44,  14,  15],
       [  3, 111, 250,   0, 188,  15,  87,  30, 300, 151],
       [ 15,   9, 315,  25,  58,  59, 376,  53,  78,  44],
       [ 47,   9, 145,  60,  72, 129, 364,  71,  68,  45],
       [ 35,  38,  27,   7, 466,  35,  89, 126,  46, 113],
       [ 31,  13,  67,  17, 149,  94, 208,  48, 216,  49],
       [ 15,  34, 111,   0,  58,  10, 573,  36,  49,  72],
       [ 15,  44,  51,  68, 145,  89,  78, 294,  56, 188],
       [ 24,   4, 107,  15, 140,  65, 251,  84, 164, 120],
       [ 16,  10,  39,  28, 297,  35, 109, 127, 123, 225]])}, 60.567083792)
[2024-06-20 20:47:40,105][flwr][INFO] - configure_evaluate: no clients selected, skipping evaluation
[2024-06-20 20:47:40,105][flwr][INFO] - 
[2024-06-20 20:47:40,105][flwr][INFO] - [SUMMARY]
[2024-06-20 20:47:40,105][flwr][INFO] - Run finished 10 round(s) in 60.57s
[2024-06-20 20:47:40,110][flwr][INFO] - 	History (loss, centralized):
[2024-06-20 20:47:40,110][flwr][INFO] - 		round 0: 181.76928067207336
[2024-06-20 20:47:40,111][flwr][INFO] - 		round 1: 257187.91967773438
[2024-06-20 20:47:40,111][flwr][INFO] - 		round 2: 1833064.451171875
[2024-06-20 20:47:40,111][flwr][INFO] - 		round 3: 14672963.625
[2024-06-20 20:47:40,111][flwr][INFO] - 		round 4: 176051830.75
[2024-06-20 20:47:40,111][flwr][INFO] - 		round 5: 1988434834.0
[2024-06-20 20:47:40,111][flwr][INFO] - 		round 6: 23232969760.0
[2024-06-20 20:47:40,111][flwr][INFO] - 		round 7: 286107782912.0
[2024-06-20 20:47:40,111][flwr][INFO] - 		round 8: 3620531963904.0
[2024-06-20 20:47:40,111][flwr][INFO] - 		round 9: 41189695782912.0
[2024-06-20 20:47:40,111][flwr][INFO] - 		round 10: 552115393527808.0
[2024-06-20 20:47:40,111][flwr][INFO] - 	History (metrics, centralized):
[2024-06-20 20:47:40,111][flwr][INFO] - 	{'accuracy': [(0, 0.1086),
[2024-06-20 20:47:40,111][flwr][INFO] - 	              (1, 0.066),
[2024-06-20 20:47:40,111][flwr][INFO] - 	              (2, 0.2493),
[2024-06-20 20:47:40,111][flwr][INFO] - 	              (3, 0.3461),
[2024-06-20 20:47:40,111][flwr][INFO] - 	              (4, 0.361),
[2024-06-20 20:47:40,111][flwr][INFO] - 	              (5, 0.3592),
[2024-06-20 20:47:40,111][flwr][INFO] - 	              (6, 0.3444),
[2024-06-20 20:47:40,111][flwr][INFO] - 	              (7, 0.3264),
[2024-06-20 20:47:40,111][flwr][INFO] - 	              (8, 0.2956),
[2024-06-20 20:47:40,111][flwr][INFO] - 	              (9, 0.2988),
[2024-06-20 20:47:40,111][flwr][INFO] - 	              (10, 0.2603)],
[2024-06-20 20:47:40,111][flwr][INFO] - 	 'confusion_matrix': [(0,
[2024-06-20 20:47:40,111][flwr][INFO] - 	                       array([[   0,    8,    0,  956,    0,    1,    0,   15,    0,    0],
[2024-06-20 20:47:40,111][flwr][INFO] - 	       [   0,  122,    0, 1013,    0,    0,    0,    0,    0,    0],
[2024-06-20 20:47:40,111][flwr][INFO] - 	       [   0,   38,    0,  971,    0,    0,    3,   19,    1,    0],
[2024-06-20 20:47:40,111][flwr][INFO] - 	       [   0,   44,    0,  945,    1,    1,    0,   17,    2,    0],
[2024-06-20 20:47:40,111][flwr][INFO] - 	       [   0,  143,    0,  816,    1,    0,    2,   20,    0,    0],
[2024-06-20 20:47:40,111][flwr][INFO] - 	       [   0,  118,    0,  735,    1,    7,    0,   30,    1,    0],
[2024-06-20 20:47:40,111][flwr][INFO] - 	       [   0,  144,    0,  749,   25,    0,    2,   38,    0,    0],
[2024-06-20 20:47:40,111][flwr][INFO] - 	       [   0,  272,    0,  724,    8,    0,    0,    9,   15,    0],
[2024-06-20 20:47:40,111][flwr][INFO] - 	       [   0,   81,    0,  859,    1,    0,    1,   32,    0,    0],
[2024-06-20 20:47:40,111][flwr][INFO] - 	       [   0,  178,    0,  799,    1,    0,    0,   31,    0,    0]])),
[2024-06-20 20:47:40,111][flwr][INFO] - 	                      (1,
[2024-06-20 20:47:40,111][flwr][INFO] - 	                       array([[ 85, 226,  99, 145, 332,  11,  69,   0,   6,   7],
[2024-06-20 20:47:40,111][flwr][INFO] - 	       [136,  10, 899,  51,  37,   0,   1,   0,   0,   1],
[2024-06-20 20:47:40,111][flwr][INFO] - 	       [160, 340, 313,  24,  50,   5, 115,   0,  13,  12],
[2024-06-20 20:47:40,111][flwr][INFO] - 	       [ 63, 120, 457, 114,  80,  31, 105,   1,   1,  38],
[2024-06-20 20:47:40,111][flwr][INFO] - 	       [192, 169, 356, 146,  38,   4,  35,   0,  26,  16],
[2024-06-20 20:47:40,111][flwr][INFO] - 	       [ 30, 118, 400, 179,  67,  12,  32,   0,  16,  38],
[2024-06-20 20:47:40,111][flwr][INFO] - 	       [155, 195, 380,  62,  54,   0,  75,   0,   3,  34],
[2024-06-20 20:47:40,112][flwr][INFO] - 	       [ 66, 228, 544, 111,  30,   1,  26,   0,  14,   8],
[2024-06-20 20:47:40,112][flwr][INFO] - 	       [186, 117, 429,  78,  56,   0,  92,   0,   7,   9],
[2024-06-20 20:47:40,112][flwr][INFO] - 	       [135,  72, 586,  65,  30,   0, 103,   0,  12,   6]])),
[2024-06-20 20:47:40,112][flwr][INFO] - 	                      (2,
[2024-06-20 20:47:40,112][flwr][INFO] - 	                       array([[275, 125,  47,  42, 317,  13,  11,  92,   9,  49],
[2024-06-20 20:47:40,112][flwr][INFO] - 	       [  0, 970,   7,  10,  19,   1,   1,   7,   6, 114],
[2024-06-20 20:47:40,112][flwr][INFO] - 	       [ 54, 357,  73,  29, 118,  40,  89,  28,  26, 218],
[2024-06-20 20:47:40,112][flwr][INFO] - 	       [ 78, 174,  83,  55,  70, 209,  31,  71,  25, 214],
[2024-06-20 20:47:40,112][flwr][INFO] - 	       [  9, 336,   4,   8, 361,   5,   1,  15,   8, 235],
[2024-06-20 20:47:40,112][flwr][INFO] - 	       [ 40, 147,  46,  48, 175,  79,   6,  42,  99, 210],
[2024-06-20 20:47:40,112][flwr][INFO] - 	       [ 42, 196,  90,  18, 214,   4,  59,  21,  35, 279],
[2024-06-20 20:47:40,112][flwr][INFO] - 	       [  4, 526,  12,  18,  60,  11,   0,  94,   5, 298],
[2024-06-20 20:47:40,112][flwr][INFO] - 	       [ 49, 143,  40,  16, 216,  27,  14,  27,  91, 351],
[2024-06-20 20:47:40,112][flwr][INFO] - 	       [ 13, 203,  14,   9, 262,   1,   3,  32,  36, 436]])),
[2024-06-20 20:47:40,112][flwr][INFO] - 	                      (3,
[2024-06-20 20:47:40,112][flwr][INFO] - 	                       array([[376,  67, 193,  92,  88,  80,  24,  31,  20,   9],
[2024-06-20 20:47:40,112][flwr][INFO] - 	       [  2, 958,  21,   4,  26,  31,   3,  21,  34,  35],
[2024-06-20 20:47:40,112][flwr][INFO] - 	       [ 46,  97, 309,  59,  59, 123, 179,  42,  51,  67],
[2024-06-20 20:47:40,112][flwr][INFO] - 	       [ 86,  80, 101, 120,  41, 417,  62,  36,  33,  34],
[2024-06-20 20:47:40,112][flwr][INFO] - 	       [ 22, 196,  31,  18, 460,  68,   7,  36,  56,  88],
[2024-06-20 20:47:40,112][flwr][INFO] - 	       [ 47,  84,  74,  80, 104, 303,  21,  26, 107,  46],
[2024-06-20 20:47:40,112][flwr][INFO] - 	       [ 51,  92, 282,  29,  81,  27, 255,  20,  55,  66],
[2024-06-20 20:47:40,112][flwr][INFO] - 	       [ 10, 344,  26,  24,  78,  89,  11, 295,  33, 118],
[2024-06-20 20:47:40,112][flwr][INFO] - 	       [ 51,  63,  90,  41, 187, 141,  41,  32, 183, 145],
[2024-06-20 20:47:40,112][flwr][INFO] - 	       [ 20, 128,  40,  30, 340,  71,  14,  85,  79, 202]])),
[2024-06-20 20:47:40,112][flwr][INFO] - 	                      (4,
[2024-06-20 20:47:40,112][flwr][INFO] - 	                       array([[376,  53,  62,  75, 227,  83,  53,  38,   4,   9],
[2024-06-20 20:47:40,112][flwr][INFO] - 	       [  1, 846,   7,   1,  64,  36,   5,  89,  53,  33],
[2024-06-20 20:47:40,112][flwr][INFO] - 	       [ 35,  99, 195,  49, 116, 152, 208,  47,  73,  58],
[2024-06-20 20:47:40,112][flwr][INFO] - 	       [ 56,  70,  68, 143,  82, 393,  86,  48,  24,  40],
[2024-06-20 20:47:40,112][flwr][INFO] - 	       [ 20, 142,   9,  11, 575,  66,   6,  59,  39,  55],
[2024-06-20 20:47:40,112][flwr][INFO] - 	       [ 46,  56,  39,  56, 147, 321,  40,  41,  99,  47],
[2024-06-20 20:47:40,112][flwr][INFO] - 	       [ 29,  85, 123,  17, 163,  24, 367,  37,  77,  36],
[2024-06-20 20:47:40,112][flwr][INFO] - 	       [  7, 214,   7,   8, 141, 105,  10, 441,  17,  78],
[2024-06-20 20:47:40,112][flwr][INFO] - 	       [ 28,  46,  30,  29, 272, 150,  55,  57, 185, 122],
[2024-06-20 20:47:40,112][flwr][INFO] - 	       [ 20,  78,  12,  17, 424,  73,  23, 121,  80, 161]])),
[2024-06-20 20:47:40,112][flwr][INFO] - 	                      (5,
[2024-06-20 20:47:40,112][flwr][INFO] - 	                       array([[317,  62,  61,  56, 239,  55,  97,  47,  29,  17],
[2024-06-20 20:47:40,112][flwr][INFO] - 	       [  1, 790,  10,   0,  71,  24,  15,  68,  72,  84],
[2024-06-20 20:47:40,112][flwr][INFO] - 	       [ 17,  92, 183,  34,  97, 114, 244,  52, 112,  87],
[2024-06-20 20:47:40,112][flwr][INFO] - 	       [ 35,  50,  81, 137,  83, 306, 123,  47,  53,  95],
[2024-06-20 20:47:40,112][flwr][INFO] - 	       [ 14, 120,  14,   5, 504,  40,  16,  46,  77, 146],
[2024-06-20 20:47:40,112][flwr][INFO] - 	       [ 20,  38,  40,  46, 136, 215,  53,  31, 193, 120],
[2024-06-20 20:47:40,113][flwr][INFO] - 	       [ 16,  71,  98,  14, 119,  15, 393,  34, 131,  67],
[2024-06-20 20:47:40,113][flwr][INFO] - 	       [  3, 115,  18,  10,  95,  68,   9, 503,  27, 180],
[2024-06-20 20:47:40,113][flwr][INFO] - 	       [ 14,  35,  38,  29, 201, 116,  76,  44, 249, 172],
[2024-06-20 20:47:40,113][flwr][INFO] - 	       [  5,  50,  20,   8, 321,  32,  19, 113, 140, 301]])),
[2024-06-20 20:47:40,113][flwr][INFO] - 	                      (6,
[2024-06-20 20:47:40,113][flwr][INFO] - 	                       array([[338,  41,  66,  51, 182,  51, 136,  81,  19,  15],
[2024-06-20 20:47:40,113][flwr][INFO] - 	       [  1, 681,  13,   0, 112,  25,  37,  26, 152,  88],
[2024-06-20 20:47:40,113][flwr][INFO] - 	       [ 23,  54, 136,  33,  55, 133, 332,  60, 128,  78],
[2024-06-20 20:47:40,113][flwr][INFO] - 	       [ 48,  48,  55, 186,  60, 265, 166,  34,  68,  80],
[2024-06-20 20:47:40,113][flwr][INFO] - 	       [ 28, 124,  10,  10, 420,  41,  35,  82,  78, 154],
[2024-06-20 20:47:40,113][flwr][INFO] - 	       [ 19,  44,  38,  56, 127, 166,  83,  26, 224, 109],
[2024-06-20 20:47:40,113][flwr][INFO] - 	       [ 20,  65,  65,   6,  53,  13, 522,  47, 115,  52],
[2024-06-20 20:47:40,113][flwr][INFO] - 	       [  7, 121,  14,  26,  93,  68,  13, 438,  59, 189],
[2024-06-20 20:47:40,113][flwr][INFO] - 	       [ 28,  36,  24,  24, 151,  96, 153,  45, 274, 143],
[2024-06-20 20:47:40,113][flwr][INFO] - 	       [ 10,  45,  19,  18, 271,  23,  38, 116, 186, 283]])),
[2024-06-20 20:47:40,113][flwr][INFO] - 	                      (7,
[2024-06-20 20:47:40,113][flwr][INFO] - 	                       array([[469,  21,  65,  47,  91,  36, 113,  89,  39,  10],
[2024-06-20 20:47:40,113][flwr][INFO] - 	       [  3, 547,  36,   0,  62,  27,  54,  32, 353,  21],
[2024-06-20 20:47:40,113][flwr][INFO] - 	       [ 64,  33, 163,  37,  23, 131, 310,  71, 157,  43],
[2024-06-20 20:47:40,113][flwr][INFO] - 	       [138,  30,  47, 133,  27, 256, 220,  65,  61,  33],
[2024-06-20 20:47:40,113][flwr][INFO] - 	       [109,  70,  21,   6, 324,  35,  40, 134, 139, 104],
[2024-06-20 20:47:40,113][flwr][INFO] - 	       [ 70,  25,  31,  45, 103, 161,  95,  48, 250,  64],
[2024-06-20 20:47:40,113][flwr][INFO] - 	       [ 44,  44, 102,   4,  33,  15, 484,  53, 132,  47],
[2024-06-20 20:47:40,113][flwr][INFO] - 	       [ 41,  81,  25,  23,  48,  68,  26, 542,  90,  84],
[2024-06-20 20:47:40,113][flwr][INFO] - 	       [ 83,  20,  30,  19, 116, 115, 159,  73, 287,  72],
[2024-06-20 20:47:40,113][flwr][INFO] - 	       [ 71,  22,  27,  22, 191,  31,  52, 181, 258, 154]])),
[2024-06-20 20:47:40,113][flwr][INFO] - 	                      (8,
[2024-06-20 20:47:40,113][flwr][INFO] - 	                       array([[377,  20,  50,  24, 110,  71, 203,  87,  27,  11],
[2024-06-20 20:47:40,113][flwr][INFO] - 	       [  5, 374,  82,   2,  49,  64,  79,  27, 413,  40],
[2024-06-20 20:47:40,113][flwr][INFO] - 	       [ 34,  24, 179,  26,  26, 155, 318,  68, 167,  35],
[2024-06-20 20:47:40,113][flwr][INFO] - 	       [ 97,  18,  58,  66,  27, 253, 331,  75,  43,  42],
[2024-06-20 20:47:40,113][flwr][INFO] - 	       [ 74,  50,  15,   4, 292,  37,  63, 151, 130, 166],
[2024-06-20 20:47:40,113][flwr][INFO] - 	       [ 46,  11,  39,  30,  84, 168, 158,  55, 221,  80],
[2024-06-20 20:47:40,113][flwr][INFO] - 	       [ 21,  48,  86,   1,  22,  15, 562,  58, 101,  44],
[2024-06-20 20:47:40,113][flwr][INFO] - 	       [ 31,  73,  17,  19,  37, 128,  30, 420, 102, 171],
[2024-06-20 20:47:40,113][flwr][INFO] - 	       [ 55,   9,  41,  17,  90, 108, 226,  89, 240,  99],
[2024-06-20 20:47:40,113][flwr][INFO] - 	       [ 50,  17,  18,  19, 140,  35,  85, 166, 201, 278]])),
[2024-06-20 20:47:40,113][flwr][INFO] - 	                      (9,
[2024-06-20 20:47:40,113][flwr][INFO] - 	                       array([[327,  31, 103,  40,  91,  83, 194,  75,  18,  18],
[2024-06-20 20:47:40,113][flwr][INFO] - 	       [  4, 348, 284,   1, 113,  24,  44,  19, 239,  59],
[2024-06-20 20:47:40,113][flwr][INFO] - 	       [ 20,  21, 363,  35,  29, 101, 267,  60,  97,  39],
[2024-06-20 20:47:40,113][flwr][INFO] - 	       [ 52,  18, 145,  77,  26, 239, 286,  61,  44,  62],
[2024-06-20 20:47:40,113][flwr][INFO] - 	       [ 41,  42,  32,   7, 365,  47,  45, 140,  81, 182],
[2024-06-20 20:47:40,114][flwr][INFO] - 	       [ 36,  19,  82,  29,  81, 174, 143,  47, 195,  86],
[2024-06-20 20:47:40,114][flwr][INFO] - 	       [ 15,  30, 144,   2,  31,  16, 538,  56,  69,  57],
[2024-06-20 20:47:40,114][flwr][INFO] - 	       [ 15,  84,  67,  35,  66, 128,  31, 350,  45, 207],
[2024-06-20 20:47:40,114][flwr][INFO] - 	       [ 30,  11, 107,  22, 103, 109, 207,  91, 167, 127],
[2024-06-20 20:47:40,114][flwr][INFO] - 	       [ 20,  16,  41,  37, 201,  46,  66, 147, 156, 279]])),
[2024-06-20 20:47:40,114][flwr][INFO] - 	                      (10,
[2024-06-20 20:47:40,114][flwr][INFO] - 	                       array([[301,  24,  50,  32, 170,  26, 304,  44,  14,  15],
[2024-06-20 20:47:40,114][flwr][INFO] - 	       [  3, 111, 250,   0, 188,  15,  87,  30, 300, 151],
[2024-06-20 20:47:40,114][flwr][INFO] - 	       [ 15,   9, 315,  25,  58,  59, 376,  53,  78,  44],
[2024-06-20 20:47:40,114][flwr][INFO] - 	       [ 47,   9, 145,  60,  72, 129, 364,  71,  68,  45],
[2024-06-20 20:47:40,114][flwr][INFO] - 	       [ 35,  38,  27,   7, 466,  35,  89, 126,  46, 113],
[2024-06-20 20:47:40,114][flwr][INFO] - 	       [ 31,  13,  67,  17, 149,  94, 208,  48, 216,  49],
[2024-06-20 20:47:40,114][flwr][INFO] - 	       [ 15,  34, 111,   0,  58,  10, 573,  36,  49,  72],
[2024-06-20 20:47:40,114][flwr][INFO] - 	       [ 15,  44,  51,  68, 145,  89,  78, 294,  56, 188],
[2024-06-20 20:47:40,114][flwr][INFO] - 	       [ 24,   4, 107,  15, 140,  65, 251,  84, 164, 120],
[2024-06-20 20:47:40,114][flwr][INFO] - 	       [ 16,  10,  39,  28, 297,  35, 109, 127, 123, 225]]))],
[2024-06-20 20:47:40,114][flwr][INFO] - 	 'f1': [(0, 0.03553137346181725),
[2024-06-20 20:47:40,114][flwr][INFO] - 	        (1, 0.049512721960479476),
[2024-06-20 20:47:40,114][flwr][INFO] - 	        (2, 0.2037169504984633),
[2024-06-20 20:47:40,114][flwr][INFO] - 	        (3, 0.3288339000089655),
[2024-06-20 20:47:40,114][flwr][INFO] - 	        (4, 0.34616961633693405),
[2024-06-20 20:47:40,114][flwr][INFO] - 	        (5, 0.35239787609769135),
[2024-06-20 20:47:40,114][flwr][INFO] - 	        (6, 0.3390822223182091),
[2024-06-20 20:47:40,114][flwr][INFO] - 	        (7, 0.31931924063695133),
[2024-06-20 20:47:40,114][flwr][INFO] - 	        (8, 0.29049579664983044),
[2024-06-20 20:47:40,114][flwr][INFO] - 	        (9, 0.2947761887288441),
[2024-06-20 20:47:40,114][flwr][INFO] - 	        (10, 0.24293011067926162)],
[2024-06-20 20:47:40,114][flwr][INFO] - 	 'precision': [(0, 0.12349967530374152),
[2024-06-20 20:47:40,114][flwr][INFO] - 	               (1, 0.0697428105161691),
[2024-06-20 20:47:40,114][flwr][INFO] - 	               (2, 0.25331916726241427),
[2024-06-20 20:47:40,114][flwr][INFO] - 	               (3, 0.3467046545496818),
[2024-06-20 20:47:40,114][flwr][INFO] - 	               (4, 0.3751260996159519),
[2024-06-20 20:47:40,114][flwr][INFO] - 	               (5, 0.38850234356656616),
[2024-06-20 20:47:40,114][flwr][INFO] - 	               (6, 0.37105009754649493),
[2024-06-20 20:47:40,114][flwr][INFO] - 	               (7, 0.3435427316454138),
[2024-06-20 20:47:40,114][flwr][INFO] - 	               (8, 0.3290435117998335),
[2024-06-20 20:47:40,114][flwr][INFO] - 	               (9, 0.3266283619839112),
[2024-06-20 20:47:40,114][flwr][INFO] - 	               (10, 0.28681720456663534)],
[2024-06-20 20:47:40,114][flwr][INFO] - 	 'recall': [(0, 0.1086),
[2024-06-20 20:47:40,114][flwr][INFO] - 	            (1, 0.066),
[2024-06-20 20:47:40,114][flwr][INFO] - 	            (2, 0.2493),
[2024-06-20 20:47:40,114][flwr][INFO] - 	            (3, 0.3461),
[2024-06-20 20:47:40,114][flwr][INFO] - 	            (4, 0.361),
[2024-06-20 20:47:40,115][flwr][INFO] - 	            (5, 0.3592),
[2024-06-20 20:47:40,115][flwr][INFO] - 	            (6, 0.3444),
[2024-06-20 20:47:40,115][flwr][INFO] - 	            (7, 0.3264),
[2024-06-20 20:47:40,115][flwr][INFO] - 	            (8, 0.2956),
[2024-06-20 20:47:40,115][flwr][INFO] - 	            (9, 0.2988),
[2024-06-20 20:47:40,115][flwr][INFO] - 	            (10, 0.2603)]}
[2024-06-20 20:47:40,115][flwr][INFO] - 
