[2024-06-20 19:10:27,923][flwr][INFO] - Starting Flower simulation, config: num_rounds=10, no round_timeout
[2024-06-20 19:10:30,009][flwr][INFO] - Flower VCE: Ray initialized with resources: {'object_store_memory': 2147483648.0, 'CPU': 12.0, 'node:__internal_head__': 1.0, 'node:127.0.0.1': 1.0, 'memory': 9705501492.0}
[2024-06-20 19:10:30,009][flwr][INFO] - Optimize your simulation with Flower VCE: https://flower.ai/docs/framework/how-to-run-simulations.html
[2024-06-20 19:10:30,009][flwr][INFO] - Flower VCE: Resources for each Virtual Client: {'num_cpus': 2, 'num_gpus': 0}
[2024-06-20 19:10:30,016][flwr][INFO] - Flower VCE: Creating VirtualClientEngineActorPool with 6 actors
[2024-06-20 19:10:30,016][flwr][INFO] - [INIT]
[2024-06-20 19:10:30,016][flwr][INFO] - Requesting initial parameters from one random client
[2024-06-20 19:10:31,948][flwr][INFO] - Received initial parameters from one random client
[2024-06-20 19:10:31,948][flwr][INFO] - Evaluating initial global parameters
[2024-06-20 19:10:32,385][flwr][INFO] - initial parameters (loss, other metrics): 181.76928067207336, {'accuracy': 0.1086, 'precision': 0.12349967530374152, 'recall': 0.1086, 'f1': 0.03553137346181725, 'confusion_matrix': array([[   0,    8,    0,  956,    0,    1,    0,   15,    0,    0],
       [   0,  122,    0, 1013,    0,    0,    0,    0,    0,    0],
       [   0,   38,    0,  971,    0,    0,    3,   19,    1,    0],
       [   0,   44,    0,  945,    1,    1,    0,   17,    2,    0],
       [   0,  143,    0,  816,    1,    0,    2,   20,    0,    0],
       [   0,  118,    0,  735,    1,    7,    0,   30,    1,    0],
       [   0,  144,    0,  749,   25,    0,    2,   38,    0,    0],
       [   0,  272,    0,  724,    8,    0,    0,    9,   15,    0],
       [   0,   81,    0,  859,    1,    0,    1,   32,    0,    0],
       [   0,  178,    0,  799,    1,    0,    0,   31,    0,    0]])}
[2024-06-20 19:10:32,386][flwr][INFO] - 
[2024-06-20 19:10:32,386][flwr][INFO] - [ROUND 1]
[2024-06-20 19:10:32,386][flwr][INFO] - configure_fit: strategy sampled 10 clients (out of 100)
[2024-06-20 19:10:39,373][flwr][INFO] - aggregate_fit: received 10 results and 0 failures
[2024-06-20 19:10:39,380][flwr][WARNING] - No fit_metrics_aggregation_fn provided
[2024-06-20 19:10:39,817][flwr][INFO] - fit progress: (1, 11246.054916381836, {'accuracy': 0.092, 'precision': 0.1285106527062691, 'recall': 0.092, 'f1': 0.037448840363302614, 'confusion_matrix': array([[ 67, 888,  18,   5,   0,   0,   0,   0,   0,   2],
       [125, 772,  73,   2,  10,   0,   0, 152,   0,   1],
       [ 43, 927,  49,   5,   1,   1,   0,   2,   4,   0],
       [ 49, 560, 385,  11,   1,   2,   0,   0,   0,   2],
       [146, 806,  11,   7,   3,   0,   0,   1,   2,   6],
       [139, 536, 170,  14,   9,  10,   0,   5,   0,   9],
       [274, 638,  21,  11,  12,   0,   0,   1,   1,   0],
       [172, 811,  35,   2,   0,   1,   0,   4,   0,   3],
       [248, 656,  58,   3,   1,   0,   0,   6,   0,   2],
       [ 75, 909,  16,   2,   0,   0,   0,   3,   0,   4]])}, 7.431075625000001)
[2024-06-20 19:10:39,817][flwr][INFO] - configure_evaluate: no clients selected, skipping evaluation
[2024-06-20 19:10:39,817][flwr][INFO] - 
[2024-06-20 19:10:39,817][flwr][INFO] - [ROUND 2]
[2024-06-20 19:10:39,818][flwr][INFO] - configure_fit: strategy sampled 10 clients (out of 100)
[2024-06-20 19:10:45,742][flwr][INFO] - aggregate_fit: received 10 results and 0 failures
[2024-06-20 19:10:46,184][flwr][INFO] - fit progress: (2, 21034.069549560547, {'accuracy': 0.2495, 'precision': 0.24387875352317023, 'recall': 0.2495, 'f1': 0.2155500812725787, 'confusion_matrix': array([[284,  55,  39,  45,   0,  27, 252,  32,  97, 149],
       [  1, 921,   1,   7,   0,   5,  10,   7,   3, 180],
       [ 17, 173,  18, 186,   0,   8,  35,  24,  62, 509],
       [  5,  63,   9, 450,   0,  93,  85, 125,  64, 116],
       [ 28,  77,   5,  27,   0,   1, 392,   7,  81, 364],
       [ 26,  76,   3, 129,   0,  38, 185, 116, 104, 215],
       [ 20,  22,  34,  61,   0,   8, 171,   0, 184, 458],
       [ 37, 221,  43,   7,   0,   0, 116,  68,  21, 515],
       [ 15, 113,   1, 135,   0,  11,  83,  24,  95, 497],
       [ 11, 128,   1,  20,   0,   0, 368,  15,  16, 450]])}, 13.798458333)
[2024-06-20 19:10:46,185][flwr][INFO] - configure_evaluate: no clients selected, skipping evaluation
[2024-06-20 19:10:46,185][flwr][INFO] - 
[2024-06-20 19:10:46,185][flwr][INFO] - [ROUND 3]
[2024-06-20 19:10:46,185][flwr][INFO] - configure_fit: strategy sampled 10 clients (out of 100)
[2024-06-20 19:10:51,581][flwr][INFO] - aggregate_fit: received 10 results and 0 failures
[2024-06-20 19:10:52,032][flwr][INFO] - fit progress: (3, 46542.438568115234, {'accuracy': 0.2756, 'precision': 0.4061036028414654, 'recall': 0.2756, 'f1': 0.24413129934779312, 'confusion_matrix': array([[816,  14,   6,   7,   8,  16,  12,  93,   1,   7],
       [ 78, 555,   0,   0,   9,  27,   3, 439,   0,  24],
       [397,  57,  66,  31,  20,  27,  22, 227, 112,  73],
       [284,  24,   1,  36,  12,  99,   1, 478,  55,  20],
       [365,  65,   2,  10, 209,  12,  14, 154,  38, 113],
       [340,  48,   1,   7,  32, 147,  11, 267,  19,  20],
       [517,  45,   1,   9,  70,  28,  81,  60,  15, 132],
       [326,  47,   5,   0,   8,  19,   5, 513,  45,  60],
       [342,  35,   1,   3,   1,  24,   3, 383, 130,  52],
       [338,  58,   0,   4,  74,  14,   9, 288,  21, 203]])}, 19.646593624999998)
[2024-06-20 19:10:52,032][flwr][INFO] - configure_evaluate: no clients selected, skipping evaluation
[2024-06-20 19:10:52,033][flwr][INFO] - 
[2024-06-20 19:10:52,033][flwr][INFO] - [ROUND 4]
[2024-06-20 19:10:52,033][flwr][INFO] - configure_fit: strategy sampled 10 clients (out of 100)
[2024-06-20 19:10:57,262][flwr][INFO] - aggregate_fit: received 10 results and 0 failures
[2024-06-20 19:10:57,702][flwr][INFO] - fit progress: (4, 76214.13787841797, {'accuracy': 0.3922, 'precision': 0.4457921783680511, 'recall': 0.3922, 'f1': 0.3858662672585425, 'confusion_matrix': array([[533,  75,  31,  25,  49, 101,  25,   4,   7, 130],
       [  8, 867,  52,   1,  33, 111,   0,  39,  14,  10],
       [ 70, 117, 369,  44,  52, 187,  19,  10,  86,  78],
       [ 38,  39,  37, 209,  35, 404,   5,  27,  87, 129],
       [ 75, 151,  12,  16, 289,  22,  47,  24,  36, 310],
       [ 84,  87,  12,  64,  56, 292,   9,  32,  77, 179],
       [ 82, 114,  19,  16,  63,  63, 167,   3,  27, 404],
       [133,  76,  41,   1,  15,  86,   9, 314, 124, 229],
       [ 92,  68,  49,  50,  15, 160,   3,  32, 354, 151],
       [124,  51,   7,   5, 120,  24,  15,  47,  88, 528]])}, 25.316944)
[2024-06-20 19:10:57,703][flwr][INFO] - configure_evaluate: no clients selected, skipping evaluation
[2024-06-20 19:10:57,703][flwr][INFO] - 
[2024-06-20 19:10:57,703][flwr][INFO] - [ROUND 5]
[2024-06-20 19:10:57,703][flwr][INFO] - configure_fit: strategy sampled 10 clients (out of 100)
[2024-06-20 19:11:03,137][flwr][INFO] - aggregate_fit: received 10 results and 0 failures
[2024-06-20 19:11:03,590][flwr][INFO] - fit progress: (5, 163750.9737548828, {'accuracy': 0.4555, 'precision': 0.4824611817814725, 'recall': 0.4555, 'f1': 0.4381199016134772, 'confusion_matrix': array([[854,  10,  42,  14,   2,  17,  21,   5,  11,   4],
       [  3, 757, 165,   0,  22, 110,   3,  32,  40,   3],
       [ 70,  39, 720,  41,  13,  54,  30,  11,  43,  11],
       [140,  14, 121, 368,   9, 226,   9,  34,  73,  16],
       [119, 125,  37,  22, 319,  36, 141,  17, 110,  56],
       [228,  51,  44,  70,  30, 354,  17,   9,  70,  19],
       [226,  24,  54,  31,  29, 100, 401,   5,  45,  43],
       [124, 141, 101,   4,  24,  32,  33, 303, 214,  52],
       [126,  41, 203,  55,   8, 139,  29,  14, 341,  18],
       [190, 100,  32,  16,  91,  20, 101,  38, 283, 138]])}, 31.20463125)
[2024-06-20 19:11:03,590][flwr][INFO] - configure_evaluate: no clients selected, skipping evaluation
[2024-06-20 19:11:03,590][flwr][INFO] - 
[2024-06-20 19:11:03,590][flwr][INFO] - [ROUND 6]
[2024-06-20 19:11:03,591][flwr][INFO] - configure_fit: strategy sampled 10 clients (out of 100)
[2024-06-20 19:11:08,956][flwr][INFO] - aggregate_fit: received 10 results and 0 failures
[2024-06-20 19:11:09,398][flwr][INFO] - fit progress: (6, 359076.40661621094, {'accuracy': 0.5058, 'precision': 0.5191655337667253, 'recall': 0.5058, 'f1': 0.49223855326282573, 'confusion_matrix': array([[636,   7,  94,  26,  55,  26,  56,  23,  47,  10],
       [  2, 741,  20,   3, 175,  89,   1,  85,  19,   0],
       [ 16,  68, 609,  35,  59,  61,  55,  28,  87,  14],
       [ 36,  18,  83, 439,  64, 148,   7,  82, 119,  14],
       [ 10,  78,  12,  12, 717,  18,  48,  30,  32,  25],
       [ 67,  38,  36,  65, 123, 381,  20,  43, 103,  16],
       [ 51,  36,  51,  29, 280,  94, 358,  10,  37,  12],
       [ 45,  65,  33,   4, 119,  12,  12, 642,  60,  36],
       [ 35,  37,  93,  34,  69, 137,  32,  62, 461,  14],
       [ 59,  73,  15,  10, 432,  14,  65, 160, 107,  74]])}, 37.01298)
[2024-06-20 19:11:09,398][flwr][INFO] - configure_evaluate: no clients selected, skipping evaluation
[2024-06-20 19:11:09,398][flwr][INFO] - 
[2024-06-20 19:11:09,398][flwr][INFO] - [ROUND 7]
[2024-06-20 19:11:09,399][flwr][INFO] - configure_fit: strategy sampled 10 clients (out of 100)
[2024-06-20 19:11:14,654][flwr][INFO] - aggregate_fit: received 10 results and 0 failures
[2024-06-20 19:11:15,109][flwr][INFO] - fit progress: (7, 808210.6442871094, {'accuracy': 0.5562, 'precision': 0.5626171486487432, 'recall': 0.5562, 'f1': 0.5495690603248213, 'confusion_matrix': array([[685,   9,  62,  43,   4,  18,  58,  27,  49,  25],
       [  3, 861,  60,   9,   5,  71,   3,  73,  47,   3],
       [ 23,  76, 611,  97,   6,  40,  35,  30,  92,  22],
       [ 44,  20,  56, 662,   4,  32,  10,  56, 103,  23],
       [ 17, 148,  12,  24, 317,  21, 158,  37,  44, 204],
       [121,  56,  36, 130,  12, 288,  25,  39, 128,  57],
       [ 70,  47,  29,  43,  21,  65, 542,  13,  28, 100],
       [ 48, 103,  36,  11,  11,   9,  26, 580,  69, 135],
       [ 45,  38,  96,  64,   9,  64,  30,  43, 539,  46],
       [ 41,  69,  14,  20,  68,  16,  70,  97, 137, 477]])}, 42.724880999999996)
[2024-06-20 19:11:15,110][flwr][INFO] - configure_evaluate: no clients selected, skipping evaluation
[2024-06-20 19:11:15,110][flwr][INFO] - 
[2024-06-20 19:11:15,110][flwr][INFO] - [ROUND 8]
[2024-06-20 19:11:15,111][flwr][INFO] - configure_fit: strategy sampled 10 clients (out of 100)
[2024-06-20 19:11:20,368][flwr][INFO] - aggregate_fit: received 10 results and 0 failures
[2024-06-20 19:11:20,810][flwr][INFO] - fit progress: (8, 1903604.33984375, {'accuracy': 0.5549, 'precision': 0.5724258528786506, 'recall': 0.5549, 'f1': 0.5549233904321247, 'confusion_matrix': array([[624,   5,  41,  36,   8,  72,  94,  43,  40,  17],
       [  1, 640,  85,  13,  30, 104,   4, 199,  55,   4],
       [ 26,  57, 570,  89,  10,  51,  53,  69,  82,  25],
       [ 23,  15,  41, 610,   8,  83,   7, 103, 108,  12],
       [ 11,  57,   9,  17, 392,  33, 211,  69,  43, 140],
       [ 63,  33,  32, 100,  18, 438,  34,  43, 112,  19],
       [ 37,  23,  23,  33,  29, 104, 634,  19,  22,  34],
       [ 18,  43,  22,  15,  17,  15,  28, 733,  48,  89],
       [ 26,  19,  72,  61,  12, 104,  49,  97, 505,  29],
       [ 30,  19,   9,  20,  92,  20, 111, 171, 134, 403]])}, 48.425782208)
[2024-06-20 19:11:20,811][flwr][INFO] - configure_evaluate: no clients selected, skipping evaluation
[2024-06-20 19:11:20,811][flwr][INFO] - 
[2024-06-20 19:11:20,811][flwr][INFO] - [ROUND 9]
[2024-06-20 19:11:20,811][flwr][INFO] - configure_fit: strategy sampled 10 clients (out of 100)
[2024-06-20 19:11:26,050][flwr][INFO] - aggregate_fit: received 10 results and 0 failures
[2024-06-20 19:11:26,501][flwr][INFO] - fit progress: (9, 4694250.912109375, {'accuracy': 0.5678, 'precision': 0.5839677402898873, 'recall': 0.5678, 'f1': 0.5673985742128794, 'confusion_matrix': array([[555,  12,  43,  35,  14,  75, 110,  75,  37,  24],
       [  1, 798,  44,   9,  23,  76,   4, 151,  27,   2],
       [ 16,  82, 474, 110,  21,  37,  71,  95,  99,  27],
       [ 16,  22,  24, 617,  14,  76,   5, 121, 101,  14],
       [ 10,  65,   2,  18, 526,  19, 122,  58,  33, 129],
       [ 40,  43,  19, 101,  32, 457,  30,  42, 106,  22],
       [ 27,  32,  18,  37,  42, 102, 621,  22,  20,  37],
       [ 19,  60,   3,  10,  34,  18,  18, 727,  51,  88],
       [ 10,  29,  27,  66,  16, 115,  47, 100, 525,  39],
       [ 24,  31,   6,  18, 189,  16,  79, 136, 132, 378]])}, 54.116544)
[2024-06-20 19:11:26,501][flwr][INFO] - configure_evaluate: no clients selected, skipping evaluation
[2024-06-20 19:11:26,501][flwr][INFO] - 
[2024-06-20 19:11:26,501][flwr][INFO] - [ROUND 10]
[2024-06-20 19:11:26,502][flwr][INFO] - configure_fit: strategy sampled 10 clients (out of 100)
[2024-06-20 19:11:31,688][flwr][INFO] - aggregate_fit: received 10 results and 0 failures
[2024-06-20 19:11:32,132][flwr][INFO] - fit progress: (10, 11823708.0, {'accuracy': 0.569, 'precision': 0.5814803001962676, 'recall': 0.569, 'f1': 0.564862951197133, 'confusion_matrix': array([[596,  14,  51,  31,  25,  48,  82,  74,  37,  22],
       [  1, 871,  45,   4,  18,  48,   1, 118,  28,   1],
       [ 18, 102, 535,  87,  21,  19,  34,  91, 103,  22],
       [ 15,  26,  32, 559,  31,  79,   4, 157,  95,  12],
       [ 10,  87,   7,   9, 638,  13,  50,  59,  30,  79],
       [ 47,  52,  24, 102,  71, 379,  29,  61, 105,  22],
       [ 33,  51,  35,  26,  86,  59, 534,  30,  32,  72],
       [ 22,  75,   7,   7,  47,  14,   8, 743,  44,  61],
       [ 14,  31,  29,  45,  45,  99,  19, 110, 554,  28],
       [ 29,  36,   9,   9, 305,  12,  42, 165, 121, 281]])}, 59.74823025)
[2024-06-20 19:11:32,133][flwr][INFO] - configure_evaluate: no clients selected, skipping evaluation
[2024-06-20 19:11:32,133][flwr][INFO] - 
[2024-06-20 19:11:32,133][flwr][INFO] - [SUMMARY]
[2024-06-20 19:11:32,133][flwr][INFO] - Run finished 10 round(s) in 59.75s
[2024-06-20 19:11:32,137][flwr][INFO] - 	History (loss, centralized):
[2024-06-20 19:11:32,138][flwr][INFO] - 		round 0: 181.76928067207336
[2024-06-20 19:11:32,138][flwr][INFO] - 		round 1: 11246.054916381836
[2024-06-20 19:11:32,138][flwr][INFO] - 		round 2: 21034.069549560547
[2024-06-20 19:11:32,138][flwr][INFO] - 		round 3: 46542.438568115234
[2024-06-20 19:11:32,138][flwr][INFO] - 		round 4: 76214.13787841797
[2024-06-20 19:11:32,138][flwr][INFO] - 		round 5: 163750.9737548828
[2024-06-20 19:11:32,138][flwr][INFO] - 		round 6: 359076.40661621094
[2024-06-20 19:11:32,138][flwr][INFO] - 		round 7: 808210.6442871094
[2024-06-20 19:11:32,138][flwr][INFO] - 		round 8: 1903604.33984375
[2024-06-20 19:11:32,138][flwr][INFO] - 		round 9: 4694250.912109375
[2024-06-20 19:11:32,138][flwr][INFO] - 		round 10: 11823708.0
[2024-06-20 19:11:32,138][flwr][INFO] - 	History (metrics, centralized):
[2024-06-20 19:11:32,138][flwr][INFO] - 	{'accuracy': [(0, 0.1086),
[2024-06-20 19:11:32,138][flwr][INFO] - 	              (1, 0.092),
[2024-06-20 19:11:32,138][flwr][INFO] - 	              (2, 0.2495),
[2024-06-20 19:11:32,138][flwr][INFO] - 	              (3, 0.2756),
[2024-06-20 19:11:32,138][flwr][INFO] - 	              (4, 0.3922),
[2024-06-20 19:11:32,138][flwr][INFO] - 	              (5, 0.4555),
[2024-06-20 19:11:32,138][flwr][INFO] - 	              (6, 0.5058),
[2024-06-20 19:11:32,138][flwr][INFO] - 	              (7, 0.5562),
[2024-06-20 19:11:32,138][flwr][INFO] - 	              (8, 0.5549),
[2024-06-20 19:11:32,138][flwr][INFO] - 	              (9, 0.5678),
[2024-06-20 19:11:32,138][flwr][INFO] - 	              (10, 0.569)],
[2024-06-20 19:11:32,138][flwr][INFO] - 	 'confusion_matrix': [(0,
[2024-06-20 19:11:32,139][flwr][INFO] - 	                       array([[   0,    8,    0,  956,    0,    1,    0,   15,    0,    0],
[2024-06-20 19:11:32,139][flwr][INFO] - 	       [   0,  122,    0, 1013,    0,    0,    0,    0,    0,    0],
[2024-06-20 19:11:32,139][flwr][INFO] - 	       [   0,   38,    0,  971,    0,    0,    3,   19,    1,    0],
[2024-06-20 19:11:32,139][flwr][INFO] - 	       [   0,   44,    0,  945,    1,    1,    0,   17,    2,    0],
[2024-06-20 19:11:32,139][flwr][INFO] - 	       [   0,  143,    0,  816,    1,    0,    2,   20,    0,    0],
[2024-06-20 19:11:32,139][flwr][INFO] - 	       [   0,  118,    0,  735,    1,    7,    0,   30,    1,    0],
[2024-06-20 19:11:32,139][flwr][INFO] - 	       [   0,  144,    0,  749,   25,    0,    2,   38,    0,    0],
[2024-06-20 19:11:32,139][flwr][INFO] - 	       [   0,  272,    0,  724,    8,    0,    0,    9,   15,    0],
[2024-06-20 19:11:32,139][flwr][INFO] - 	       [   0,   81,    0,  859,    1,    0,    1,   32,    0,    0],
[2024-06-20 19:11:32,139][flwr][INFO] - 	       [   0,  178,    0,  799,    1,    0,    0,   31,    0,    0]])),
[2024-06-20 19:11:32,139][flwr][INFO] - 	                      (1,
[2024-06-20 19:11:32,139][flwr][INFO] - 	                       array([[ 67, 888,  18,   5,   0,   0,   0,   0,   0,   2],
[2024-06-20 19:11:32,139][flwr][INFO] - 	       [125, 772,  73,   2,  10,   0,   0, 152,   0,   1],
[2024-06-20 19:11:32,139][flwr][INFO] - 	       [ 43, 927,  49,   5,   1,   1,   0,   2,   4,   0],
[2024-06-20 19:11:32,139][flwr][INFO] - 	       [ 49, 560, 385,  11,   1,   2,   0,   0,   0,   2],
[2024-06-20 19:11:32,139][flwr][INFO] - 	       [146, 806,  11,   7,   3,   0,   0,   1,   2,   6],
[2024-06-20 19:11:32,139][flwr][INFO] - 	       [139, 536, 170,  14,   9,  10,   0,   5,   0,   9],
[2024-06-20 19:11:32,139][flwr][INFO] - 	       [274, 638,  21,  11,  12,   0,   0,   1,   1,   0],
[2024-06-20 19:11:32,139][flwr][INFO] - 	       [172, 811,  35,   2,   0,   1,   0,   4,   0,   3],
[2024-06-20 19:11:32,139][flwr][INFO] - 	       [248, 656,  58,   3,   1,   0,   0,   6,   0,   2],
[2024-06-20 19:11:32,139][flwr][INFO] - 	       [ 75, 909,  16,   2,   0,   0,   0,   3,   0,   4]])),
[2024-06-20 19:11:32,139][flwr][INFO] - 	                      (2,
[2024-06-20 19:11:32,139][flwr][INFO] - 	                       array([[284,  55,  39,  45,   0,  27, 252,  32,  97, 149],
[2024-06-20 19:11:32,139][flwr][INFO] - 	       [  1, 921,   1,   7,   0,   5,  10,   7,   3, 180],
[2024-06-20 19:11:32,139][flwr][INFO] - 	       [ 17, 173,  18, 186,   0,   8,  35,  24,  62, 509],
[2024-06-20 19:11:32,139][flwr][INFO] - 	       [  5,  63,   9, 450,   0,  93,  85, 125,  64, 116],
[2024-06-20 19:11:32,139][flwr][INFO] - 	       [ 28,  77,   5,  27,   0,   1, 392,   7,  81, 364],
[2024-06-20 19:11:32,139][flwr][INFO] - 	       [ 26,  76,   3, 129,   0,  38, 185, 116, 104, 215],
[2024-06-20 19:11:32,139][flwr][INFO] - 	       [ 20,  22,  34,  61,   0,   8, 171,   0, 184, 458],
[2024-06-20 19:11:32,139][flwr][INFO] - 	       [ 37, 221,  43,   7,   0,   0, 116,  68,  21, 515],
[2024-06-20 19:11:32,139][flwr][INFO] - 	       [ 15, 113,   1, 135,   0,  11,  83,  24,  95, 497],
[2024-06-20 19:11:32,139][flwr][INFO] - 	       [ 11, 128,   1,  20,   0,   0, 368,  15,  16, 450]])),
[2024-06-20 19:11:32,139][flwr][INFO] - 	                      (3,
[2024-06-20 19:11:32,139][flwr][INFO] - 	                       array([[816,  14,   6,   7,   8,  16,  12,  93,   1,   7],
[2024-06-20 19:11:32,139][flwr][INFO] - 	       [ 78, 555,   0,   0,   9,  27,   3, 439,   0,  24],
[2024-06-20 19:11:32,139][flwr][INFO] - 	       [397,  57,  66,  31,  20,  27,  22, 227, 112,  73],
[2024-06-20 19:11:32,139][flwr][INFO] - 	       [284,  24,   1,  36,  12,  99,   1, 478,  55,  20],
[2024-06-20 19:11:32,139][flwr][INFO] - 	       [365,  65,   2,  10, 209,  12,  14, 154,  38, 113],
[2024-06-20 19:11:32,139][flwr][INFO] - 	       [340,  48,   1,   7,  32, 147,  11, 267,  19,  20],
[2024-06-20 19:11:32,139][flwr][INFO] - 	       [517,  45,   1,   9,  70,  28,  81,  60,  15, 132],
[2024-06-20 19:11:32,139][flwr][INFO] - 	       [326,  47,   5,   0,   8,  19,   5, 513,  45,  60],
[2024-06-20 19:11:32,139][flwr][INFO] - 	       [342,  35,   1,   3,   1,  24,   3, 383, 130,  52],
[2024-06-20 19:11:32,140][flwr][INFO] - 	       [338,  58,   0,   4,  74,  14,   9, 288,  21, 203]])),
[2024-06-20 19:11:32,140][flwr][INFO] - 	                      (4,
[2024-06-20 19:11:32,140][flwr][INFO] - 	                       array([[533,  75,  31,  25,  49, 101,  25,   4,   7, 130],
[2024-06-20 19:11:32,140][flwr][INFO] - 	       [  8, 867,  52,   1,  33, 111,   0,  39,  14,  10],
[2024-06-20 19:11:32,140][flwr][INFO] - 	       [ 70, 117, 369,  44,  52, 187,  19,  10,  86,  78],
[2024-06-20 19:11:32,140][flwr][INFO] - 	       [ 38,  39,  37, 209,  35, 404,   5,  27,  87, 129],
[2024-06-20 19:11:32,140][flwr][INFO] - 	       [ 75, 151,  12,  16, 289,  22,  47,  24,  36, 310],
[2024-06-20 19:11:32,140][flwr][INFO] - 	       [ 84,  87,  12,  64,  56, 292,   9,  32,  77, 179],
[2024-06-20 19:11:32,140][flwr][INFO] - 	       [ 82, 114,  19,  16,  63,  63, 167,   3,  27, 404],
[2024-06-20 19:11:32,140][flwr][INFO] - 	       [133,  76,  41,   1,  15,  86,   9, 314, 124, 229],
[2024-06-20 19:11:32,140][flwr][INFO] - 	       [ 92,  68,  49,  50,  15, 160,   3,  32, 354, 151],
[2024-06-20 19:11:32,140][flwr][INFO] - 	       [124,  51,   7,   5, 120,  24,  15,  47,  88, 528]])),
[2024-06-20 19:11:32,140][flwr][INFO] - 	                      (5,
[2024-06-20 19:11:32,140][flwr][INFO] - 	                       array([[854,  10,  42,  14,   2,  17,  21,   5,  11,   4],
[2024-06-20 19:11:32,140][flwr][INFO] - 	       [  3, 757, 165,   0,  22, 110,   3,  32,  40,   3],
[2024-06-20 19:11:32,140][flwr][INFO] - 	       [ 70,  39, 720,  41,  13,  54,  30,  11,  43,  11],
[2024-06-20 19:11:32,140][flwr][INFO] - 	       [140,  14, 121, 368,   9, 226,   9,  34,  73,  16],
[2024-06-20 19:11:32,140][flwr][INFO] - 	       [119, 125,  37,  22, 319,  36, 141,  17, 110,  56],
[2024-06-20 19:11:32,140][flwr][INFO] - 	       [228,  51,  44,  70,  30, 354,  17,   9,  70,  19],
[2024-06-20 19:11:32,140][flwr][INFO] - 	       [226,  24,  54,  31,  29, 100, 401,   5,  45,  43],
[2024-06-20 19:11:32,140][flwr][INFO] - 	       [124, 141, 101,   4,  24,  32,  33, 303, 214,  52],
[2024-06-20 19:11:32,140][flwr][INFO] - 	       [126,  41, 203,  55,   8, 139,  29,  14, 341,  18],
[2024-06-20 19:11:32,140][flwr][INFO] - 	       [190, 100,  32,  16,  91,  20, 101,  38, 283, 138]])),
[2024-06-20 19:11:32,140][flwr][INFO] - 	                      (6,
[2024-06-20 19:11:32,140][flwr][INFO] - 	                       array([[636,   7,  94,  26,  55,  26,  56,  23,  47,  10],
[2024-06-20 19:11:32,140][flwr][INFO] - 	       [  2, 741,  20,   3, 175,  89,   1,  85,  19,   0],
[2024-06-20 19:11:32,140][flwr][INFO] - 	       [ 16,  68, 609,  35,  59,  61,  55,  28,  87,  14],
[2024-06-20 19:11:32,140][flwr][INFO] - 	       [ 36,  18,  83, 439,  64, 148,   7,  82, 119,  14],
[2024-06-20 19:11:32,140][flwr][INFO] - 	       [ 10,  78,  12,  12, 717,  18,  48,  30,  32,  25],
[2024-06-20 19:11:32,140][flwr][INFO] - 	       [ 67,  38,  36,  65, 123, 381,  20,  43, 103,  16],
[2024-06-20 19:11:32,140][flwr][INFO] - 	       [ 51,  36,  51,  29, 280,  94, 358,  10,  37,  12],
[2024-06-20 19:11:32,140][flwr][INFO] - 	       [ 45,  65,  33,   4, 119,  12,  12, 642,  60,  36],
[2024-06-20 19:11:32,140][flwr][INFO] - 	       [ 35,  37,  93,  34,  69, 137,  32,  62, 461,  14],
[2024-06-20 19:11:32,140][flwr][INFO] - 	       [ 59,  73,  15,  10, 432,  14,  65, 160, 107,  74]])),
[2024-06-20 19:11:32,140][flwr][INFO] - 	                      (7,
[2024-06-20 19:11:32,140][flwr][INFO] - 	                       array([[685,   9,  62,  43,   4,  18,  58,  27,  49,  25],
[2024-06-20 19:11:32,140][flwr][INFO] - 	       [  3, 861,  60,   9,   5,  71,   3,  73,  47,   3],
[2024-06-20 19:11:32,140][flwr][INFO] - 	       [ 23,  76, 611,  97,   6,  40,  35,  30,  92,  22],
[2024-06-20 19:11:32,140][flwr][INFO] - 	       [ 44,  20,  56, 662,   4,  32,  10,  56, 103,  23],
[2024-06-20 19:11:32,140][flwr][INFO] - 	       [ 17, 148,  12,  24, 317,  21, 158,  37,  44, 204],
[2024-06-20 19:11:32,140][flwr][INFO] - 	       [121,  56,  36, 130,  12, 288,  25,  39, 128,  57],
[2024-06-20 19:11:32,140][flwr][INFO] - 	       [ 70,  47,  29,  43,  21,  65, 542,  13,  28, 100],
[2024-06-20 19:11:32,141][flwr][INFO] - 	       [ 48, 103,  36,  11,  11,   9,  26, 580,  69, 135],
[2024-06-20 19:11:32,141][flwr][INFO] - 	       [ 45,  38,  96,  64,   9,  64,  30,  43, 539,  46],
[2024-06-20 19:11:32,141][flwr][INFO] - 	       [ 41,  69,  14,  20,  68,  16,  70,  97, 137, 477]])),
[2024-06-20 19:11:32,141][flwr][INFO] - 	                      (8,
[2024-06-20 19:11:32,141][flwr][INFO] - 	                       array([[624,   5,  41,  36,   8,  72,  94,  43,  40,  17],
[2024-06-20 19:11:32,141][flwr][INFO] - 	       [  1, 640,  85,  13,  30, 104,   4, 199,  55,   4],
[2024-06-20 19:11:32,141][flwr][INFO] - 	       [ 26,  57, 570,  89,  10,  51,  53,  69,  82,  25],
[2024-06-20 19:11:32,141][flwr][INFO] - 	       [ 23,  15,  41, 610,   8,  83,   7, 103, 108,  12],
[2024-06-20 19:11:32,141][flwr][INFO] - 	       [ 11,  57,   9,  17, 392,  33, 211,  69,  43, 140],
[2024-06-20 19:11:32,141][flwr][INFO] - 	       [ 63,  33,  32, 100,  18, 438,  34,  43, 112,  19],
[2024-06-20 19:11:32,141][flwr][INFO] - 	       [ 37,  23,  23,  33,  29, 104, 634,  19,  22,  34],
[2024-06-20 19:11:32,141][flwr][INFO] - 	       [ 18,  43,  22,  15,  17,  15,  28, 733,  48,  89],
[2024-06-20 19:11:32,141][flwr][INFO] - 	       [ 26,  19,  72,  61,  12, 104,  49,  97, 505,  29],
[2024-06-20 19:11:32,141][flwr][INFO] - 	       [ 30,  19,   9,  20,  92,  20, 111, 171, 134, 403]])),
[2024-06-20 19:11:32,141][flwr][INFO] - 	                      (9,
[2024-06-20 19:11:32,141][flwr][INFO] - 	                       array([[555,  12,  43,  35,  14,  75, 110,  75,  37,  24],
[2024-06-20 19:11:32,141][flwr][INFO] - 	       [  1, 798,  44,   9,  23,  76,   4, 151,  27,   2],
[2024-06-20 19:11:32,141][flwr][INFO] - 	       [ 16,  82, 474, 110,  21,  37,  71,  95,  99,  27],
[2024-06-20 19:11:32,141][flwr][INFO] - 	       [ 16,  22,  24, 617,  14,  76,   5, 121, 101,  14],
[2024-06-20 19:11:32,141][flwr][INFO] - 	       [ 10,  65,   2,  18, 526,  19, 122,  58,  33, 129],
[2024-06-20 19:11:32,141][flwr][INFO] - 	       [ 40,  43,  19, 101,  32, 457,  30,  42, 106,  22],
[2024-06-20 19:11:32,141][flwr][INFO] - 	       [ 27,  32,  18,  37,  42, 102, 621,  22,  20,  37],
[2024-06-20 19:11:32,141][flwr][INFO] - 	       [ 19,  60,   3,  10,  34,  18,  18, 727,  51,  88],
[2024-06-20 19:11:32,141][flwr][INFO] - 	       [ 10,  29,  27,  66,  16, 115,  47, 100, 525,  39],
[2024-06-20 19:11:32,141][flwr][INFO] - 	       [ 24,  31,   6,  18, 189,  16,  79, 136, 132, 378]])),
[2024-06-20 19:11:32,141][flwr][INFO] - 	                      (10,
[2024-06-20 19:11:32,141][flwr][INFO] - 	                       array([[596,  14,  51,  31,  25,  48,  82,  74,  37,  22],
[2024-06-20 19:11:32,141][flwr][INFO] - 	       [  1, 871,  45,   4,  18,  48,   1, 118,  28,   1],
[2024-06-20 19:11:32,141][flwr][INFO] - 	       [ 18, 102, 535,  87,  21,  19,  34,  91, 103,  22],
[2024-06-20 19:11:32,141][flwr][INFO] - 	       [ 15,  26,  32, 559,  31,  79,   4, 157,  95,  12],
[2024-06-20 19:11:32,141][flwr][INFO] - 	       [ 10,  87,   7,   9, 638,  13,  50,  59,  30,  79],
[2024-06-20 19:11:32,141][flwr][INFO] - 	       [ 47,  52,  24, 102,  71, 379,  29,  61, 105,  22],
[2024-06-20 19:11:32,141][flwr][INFO] - 	       [ 33,  51,  35,  26,  86,  59, 534,  30,  32,  72],
[2024-06-20 19:11:32,141][flwr][INFO] - 	       [ 22,  75,   7,   7,  47,  14,   8, 743,  44,  61],
[2024-06-20 19:11:32,141][flwr][INFO] - 	       [ 14,  31,  29,  45,  45,  99,  19, 110, 554,  28],
[2024-06-20 19:11:32,141][flwr][INFO] - 	       [ 29,  36,   9,   9, 305,  12,  42, 165, 121, 281]]))],
[2024-06-20 19:11:32,141][flwr][INFO] - 	 'f1': [(0, 0.03553137346181725),
[2024-06-20 19:11:32,141][flwr][INFO] - 	        (1, 0.037448840363302614),
[2024-06-20 19:11:32,141][flwr][INFO] - 	        (2, 0.2155500812725787),
[2024-06-20 19:11:32,141][flwr][INFO] - 	        (3, 0.24413129934779312),
[2024-06-20 19:11:32,141][flwr][INFO] - 	        (4, 0.3858662672585425),
[2024-06-20 19:11:32,141][flwr][INFO] - 	        (5, 0.4381199016134772),
[2024-06-20 19:11:32,141][flwr][INFO] - 	        (6, 0.49223855326282573),
[2024-06-20 19:11:32,142][flwr][INFO] - 	        (7, 0.5495690603248213),
[2024-06-20 19:11:32,142][flwr][INFO] - 	        (8, 0.5549233904321247),
[2024-06-20 19:11:32,142][flwr][INFO] - 	        (9, 0.5673985742128794),
[2024-06-20 19:11:32,142][flwr][INFO] - 	        (10, 0.564862951197133)],
[2024-06-20 19:11:32,142][flwr][INFO] - 	 'precision': [(0, 0.12349967530374152),
[2024-06-20 19:11:32,142][flwr][INFO] - 	               (1, 0.1285106527062691),
[2024-06-20 19:11:32,142][flwr][INFO] - 	               (2, 0.24387875352317023),
[2024-06-20 19:11:32,142][flwr][INFO] - 	               (3, 0.4061036028414654),
[2024-06-20 19:11:32,142][flwr][INFO] - 	               (4, 0.4457921783680511),
[2024-06-20 19:11:32,142][flwr][INFO] - 	               (5, 0.4824611817814725),
[2024-06-20 19:11:32,142][flwr][INFO] - 	               (6, 0.5191655337667253),
[2024-06-20 19:11:32,142][flwr][INFO] - 	               (7, 0.5626171486487432),
[2024-06-20 19:11:32,142][flwr][INFO] - 	               (8, 0.5724258528786506),
[2024-06-20 19:11:32,142][flwr][INFO] - 	               (9, 0.5839677402898873),
[2024-06-20 19:11:32,142][flwr][INFO] - 	               (10, 0.5814803001962676)],
[2024-06-20 19:11:32,142][flwr][INFO] - 	 'recall': [(0, 0.1086),
[2024-06-20 19:11:32,142][flwr][INFO] - 	            (1, 0.092),
[2024-06-20 19:11:32,142][flwr][INFO] - 	            (2, 0.2495),
[2024-06-20 19:11:32,142][flwr][INFO] - 	            (3, 0.2756),
[2024-06-20 19:11:32,142][flwr][INFO] - 	            (4, 0.3922),
[2024-06-20 19:11:32,142][flwr][INFO] - 	            (5, 0.4555),
[2024-06-20 19:11:32,142][flwr][INFO] - 	            (6, 0.5058),
[2024-06-20 19:11:32,142][flwr][INFO] - 	            (7, 0.5562),
[2024-06-20 19:11:32,142][flwr][INFO] - 	            (8, 0.5549),
[2024-06-20 19:11:32,142][flwr][INFO] - 	            (9, 0.5678),
[2024-06-20 19:11:32,142][flwr][INFO] - 	            (10, 0.569)]}
[2024-06-20 19:11:32,142][flwr][INFO] - 
