[2024-07-08 15:47:16,156][flwr][INFO] - Starting Flower simulation, config: num_rounds=10, no round_timeout
[2024-07-08 15:47:18,463][flwr][INFO] - Flower VCE: Ray initialized with resources: {'memory': 9883274445.0, 'node:127.0.0.1': 1.0, 'object_store_memory': 2147483648.0, 'CPU': 12.0, 'node:__internal_head__': 1.0}
[2024-07-08 15:47:18,463][flwr][INFO] - Optimize your simulation with Flower VCE: https://flower.ai/docs/framework/how-to-run-simulations.html
[2024-07-08 15:47:18,463][flwr][INFO] - Flower VCE: Resources for each Virtual Client: {'num_cpus': 2, 'num_gpus': 0}
[2024-07-08 15:47:18,477][flwr][INFO] - Flower VCE: Creating VirtualClientEngineActorPool with 6 actors
[2024-07-08 15:47:18,478][flwr][INFO] - [INIT]
[2024-07-08 15:47:18,478][flwr][INFO] - Requesting initial parameters from one random client
[2024-07-08 15:47:20,730][flwr][INFO] - Received initial parameters from one random client
[2024-07-08 15:47:20,730][flwr][INFO] - Evaluating initial global parameters
[2024-07-08 15:47:21,114][flwr][INFO] - initial parameters (loss, other metrics): 181.76928067207336, {'accuracy': 0.1086, 'precision': 0.12349967530374152, 'recall': 0.1086, 'f1': 0.03553137346181725, 'confusion_matrix': array([[   0,    8,    0,  956,    0,    1,    0,   15,    0,    0],
       [   0,  122,    0, 1013,    0,    0,    0,    0,    0,    0],
       [   0,   38,    0,  971,    0,    0,    3,   19,    1,    0],
       [   0,   44,    0,  945,    1,    1,    0,   17,    2,    0],
       [   0,  143,    0,  816,    1,    0,    2,   20,    0,    0],
       [   0,  118,    0,  735,    1,    7,    0,   30,    1,    0],
       [   0,  144,    0,  749,   25,    0,    2,   38,    0,    0],
       [   0,  272,    0,  724,    8,    0,    0,    9,   15,    0],
       [   0,   81,    0,  859,    1,    0,    1,   32,    0,    0],
       [   0,  178,    0,  799,    1,    0,    0,   31,    0,    0]])}
[2024-07-08 15:47:21,114][flwr][INFO] - 
[2024-07-08 15:47:21,114][flwr][INFO] - [ROUND 1]
[2024-07-08 15:47:21,115][flwr][INFO] - configure_fit: strategy sampled 10 clients (out of 10)
[2024-07-08 15:47:39,963][flwr][INFO] - aggregate_fit: received 10 results and 0 failures
[2024-07-08 15:47:39,971][flwr][WARNING] - No fit_metrics_aggregation_fn provided
[2024-07-08 15:47:40,317][flwr][INFO] - fit progress: (1, 92.51882714033127, {'accuracy': 0.8176, 'precision': 0.8460578734950641, 'recall': 0.8176, 'f1': 0.8101557388299206, 'confusion_matrix': array([[ 951,    0,    1,    5,    0,    2,   16,    5,    0,    0],
       [   0, 1034,   64,   12,    0,    0,    8,   12,    5,    0],
       [  12,    3,  820,  120,    6,    0,   19,   30,    8,   14],
       [   2,    1,    3,  915,    3,   10,   23,   20,    3,   30],
       [   3,    0,    3,    1,  798,    0,   36,   15,    0,  126],
       [  32,   16,    2,   72,    5,  414,  269,   42,   18,   22],
       [  10,    2,    4,    2,    3,    5,  922,    9,    0,    1],
       [   0,    2,    9,   24,    3,    0,    0,  959,    0,   31],
       [  33,   12,   16,  101,   13,    3,  126,    8,  452,  210],
       [  12,    4,    0,    8,   29,    1,    2,   41,    1,  911]])}, 19.203562167)
[2024-07-08 15:47:40,318][flwr][INFO] - configure_evaluate: no clients selected, skipping evaluation
[2024-07-08 15:47:40,318][flwr][INFO] - 
[2024-07-08 15:47:40,318][flwr][INFO] - [ROUND 2]
[2024-07-08 15:47:40,318][flwr][INFO] - configure_fit: strategy sampled 10 clients (out of 10)
[2024-07-08 15:47:55,443][flwr][INFO] - aggregate_fit: received 10 results and 0 failures
[2024-07-08 15:47:55,824][flwr][INFO] - fit progress: (2, 41.62801757454872, {'accuracy': 0.8729, 'precision': 0.8826191445506878, 'recall': 0.8729, 'f1': 0.8734771975211152, 'confusion_matrix': array([[949,   0,   1,   0,   0,  14,  13,   1,   1,   1],
       [  0, 944, 162,   3,   1,   2,   4,   0,  19,   0],
       [  7,   1, 880,  84,   7,   4,  11,   5,  28,   5],
       [  1,   2,   1, 904,   3,  46,   3,   3,  26,  21],
       [  1,   0,   3,   0, 822,  71,  14,   0,   5,  66],
       [  6,   1,   1,  23,   1, 798,  46,   0,  13,   3],
       [  4,   1,   4,   2,   3,   6, 937,   0,   1,   0],
       [  6,   1,  51,  22,   4,  23,   1, 764,  29, 127],
       [ 13,   0,   8,  15,  13,  27,  28,   0, 817,  53],
       [ 12,   1,   0,   7,  16,  47,   1,   2,   9, 914]])}, 34.710694375)
[2024-07-08 15:47:55,824][flwr][INFO] - configure_evaluate: no clients selected, skipping evaluation
[2024-07-08 15:47:55,824][flwr][INFO] - 
[2024-07-08 15:47:55,824][flwr][INFO] - [ROUND 3]
[2024-07-08 15:47:55,825][flwr][INFO] - configure_fit: strategy sampled 10 clients (out of 10)
[2024-07-08 15:48:12,975][flwr][INFO] - aggregate_fit: received 10 results and 0 failures
[2024-07-08 15:48:13,754][flwr][INFO] - fit progress: (3, 35.069515496492386, {'accuracy': 0.9014, 'precision': 0.9078491775525749, 'recall': 0.9014, 'f1': 0.9007579696665171, 'confusion_matrix': array([[ 954,    0,    1,    3,    0,   10,    8,    2,    1,    1],
       [   0, 1085,   24,    4,    1,    1,    4,    0,   16,    0],
       [   5,    1,  897,   88,    6,    1,    5,    4,   23,    2],
       [   0,    0,    1,  916,   10,   40,    0,    0,   25,   18],
       [   2,    1,    6,    0,  866,   31,   13,    0,    7,   56],
       [   2,    2,    0,   10,    0,  802,   59,    0,   12,    5],
       [   4,    2,    3,    0,    3,    5,  939,    0,    2,    0],
       [   7,    4,   28,   59,    3,   16,    1,  719,  131,   60],
       [   4,    0,    4,    6,    8,   10,   25,    0,  902,   15],
       [  12,    2,    0,    6,   10,   34,    1,    1,    9,  934]])}, 52.641796083)
[2024-07-08 15:48:13,758][flwr][INFO] - configure_evaluate: no clients selected, skipping evaluation
[2024-07-08 15:48:13,758][flwr][INFO] - 
[2024-07-08 15:48:13,759][flwr][INFO] - [ROUND 4]
[2024-07-08 15:48:13,763][flwr][INFO] - configure_fit: strategy sampled 10 clients (out of 10)
[2024-07-08 15:48:29,573][flwr][INFO] - aggregate_fit: received 10 results and 0 failures
[2024-07-08 15:48:29,947][flwr][INFO] - fit progress: (4, 30.03721034526825, {'accuracy': 0.8984, 'precision': 0.9075619906761574, 'recall': 0.8984, 'f1': 0.8983565237998055, 'confusion_matrix': array([[ 959,    2,    0,    3,    0,    7,    4,    2,    1,    2],
       [   0, 1118,    2,    4,    0,    0,    5,    0,    6,    0],
       [   5,    1,  745,  242,    4,    3,    2,    6,   23,    1],
       [   0,    1,    1,  902,   10,   42,    0,    2,   15,   37],
       [   1,    1,    9,    2,  848,   58,    7,    1,    5,   50],
       [   3,    2,    0,    5,    0,  840,   31,    0,    3,    8],
       [   4,    3,    2,    0,    4,    6,  936,    0,    3,    0],
       [   5,    6,    8,   56,    1,    5,    0,  823,   80,   44],
       [   7,    2,    1,    6,    7,   12,   16,    0,  855,   68],
       [  11,    3,    0,    3,    8,   20,    1,    2,    3,  958]])}, 68.835661042)
[2024-07-08 15:48:29,948][flwr][INFO] - configure_evaluate: no clients selected, skipping evaluation
[2024-07-08 15:48:29,948][flwr][INFO] - 
[2024-07-08 15:48:29,948][flwr][INFO] - [ROUND 5]
[2024-07-08 15:48:29,948][flwr][INFO] - configure_fit: strategy sampled 10 clients (out of 10)
[2024-07-08 15:48:45,150][flwr][INFO] - aggregate_fit: received 10 results and 0 failures
[2024-07-08 15:48:45,566][flwr][INFO] - fit progress: (5, 22.528357930481434, {'accuracy': 0.9361, 'precision': 0.9380880355344703, 'recall': 0.9361, 'f1': 0.9362325348495563, 'confusion_matrix': array([[ 967,    2,    2,    0,    1,    4,    2,    0,    1,    1],
       [   0, 1113,   10,    3,    0,    1,    1,    0,    7,    0],
       [   5,    1,  924,   76,    3,    1,    1,    6,   14,    1],
       [   0,    2,    1,  931,    7,   25,    0,    2,   13,   29],
       [   1,    0,   10,    0,  894,   21,    4,    1,    4,   47],
       [   3,    3,    0,    5,    0,  848,   20,    0,    7,    6],
       [   5,    4,    4,    0,    5,    7,  927,    0,    6,    0],
       [   4,    3,   12,   27,    1,    2,    0,  901,   47,   31],
       [  11,    2,    3,    8,    5,   10,    9,    1,  891,   34],
       [  10,    2,    0,    3,    9,   13,    1,    1,    5,  965]])}, 84.45469787500001)
[2024-07-08 15:48:45,567][flwr][INFO] - configure_evaluate: no clients selected, skipping evaluation
[2024-07-08 15:48:45,567][flwr][INFO] - 
[2024-07-08 15:48:45,567][flwr][INFO] - [ROUND 6]
[2024-07-08 15:48:45,567][flwr][INFO] - configure_fit: strategy sampled 10 clients (out of 10)
[2024-07-08 15:49:02,892][flwr][INFO] - aggregate_fit: received 10 results and 0 failures
[2024-07-08 15:49:03,279][flwr][INFO] - fit progress: (6, 22.14867341518402, {'accuracy': 0.9372, 'precision': 0.9398607305083597, 'recall': 0.9372, 'f1': 0.9373506067643786, 'confusion_matrix': array([[ 964,    3,    2,    1,    1,    2,    4,    0,    1,    2],
       [   0, 1085,   33,    5,    0,    0,    2,    0,   10,    0],
       [   4,    0,  925,   72,    2,    2,    0,    7,   19,    1],
       [   0,    1,    0,  953,    3,    6,    0,    1,   18,   28],
       [   1,    1,    8,    1,  892,    5,    6,    3,    8,   57],
       [   2,    1,    0,    9,    1,  802,   63,    0,    7,    7],
       [   5,    6,    2,    1,    3,    2,  928,    1,   10,    0],
       [   2,    4,   12,   32,    1,    0,    0,  903,   39,   35],
       [   2,    0,    4,    5,    3,    4,    4,    0,  944,    8],
       [   7,    2,    0,    3,    8,    5,    1,    2,    5,  976]])}, 102.167450333)
[2024-07-08 15:49:03,279][flwr][INFO] - configure_evaluate: no clients selected, skipping evaluation
[2024-07-08 15:49:03,279][flwr][INFO] - 
[2024-07-08 15:49:03,280][flwr][INFO] - [ROUND 7]
[2024-07-08 15:49:03,280][flwr][INFO] - configure_fit: strategy sampled 10 clients (out of 10)
[2024-07-08 15:49:19,970][flwr][INFO] - aggregate_fit: received 10 results and 0 failures
[2024-07-08 15:49:20,348][flwr][INFO] - fit progress: (7, 18.85494677349925, {'accuracy': 0.9449, 'precision': 0.9467348662661218, 'recall': 0.9449, 'f1': 0.9449709523507225, 'confusion_matrix': array([[ 958,    4,    1,    2,    1,    5,    6,    1,    1,    1],
       [   0, 1108,   16,    4,    0,    0,    2,    0,    5,    0],
       [   3,    0,  962,   48,    2,    2,    0,    3,   11,    1],
       [   0,    1,    1,  959,    2,   12,    0,    1,   12,   22],
       [   0,    0,   10,    0,  865,   46,    6,    3,    8,   44],
       [   2,    0,    0,    8,    0,  852,   23,    0,    2,    5],
       [   3,    2,    1,    0,    6,    8,  931,    1,    6,    0],
       [   1,    2,   16,   39,    1,    2,    0,  912,   32,   23],
       [   1,    1,    3,   10,    3,    8,    5,    0,  937,    6],
       [   7,    3,    1,    5,    5,   14,    1,    1,    7,  965]])}, 119.236239792)
[2024-07-08 15:49:20,349][flwr][INFO] - configure_evaluate: no clients selected, skipping evaluation
[2024-07-08 15:49:20,349][flwr][INFO] - 
[2024-07-08 15:49:20,349][flwr][INFO] - [ROUND 8]
[2024-07-08 15:49:20,349][flwr][INFO] - configure_fit: strategy sampled 10 clients (out of 10)
[2024-07-08 15:49:36,938][flwr][INFO] - aggregate_fit: received 10 results and 0 failures
[2024-07-08 15:49:37,317][flwr][INFO] - fit progress: (8, 18.847583208233118, {'accuracy': 0.9344, 'precision': 0.9392356576324769, 'recall': 0.9344, 'f1': 0.935003660454132, 'confusion_matrix': array([[ 966,    5,    0,    1,    1,    1,    1,    1,    2,    2],
       [   0, 1116,    4,    4,    0,    0,    4,    0,    7,    0],
       [   3,    2,  887,  110,    2,    0,    0,    6,   19,    3],
       [   0,    0,    0,  908,   14,   15,    0,    2,    9,   62],
       [   2,    1,    2,    2,  873,    4,    5,    2,    2,   89],
       [   3,    0,    0,    9,    2,  837,   26,    0,    3,   12],
       [   3,    4,    0,    0,    4,    6,  933,    2,    6,    0],
       [   1,    5,    7,   30,    1,    0,    0,  917,   29,   38],
       [   0,    0,    1,    3,    4,    1,    9,    0,  920,   36],
       [   8,    2,    0,    2,    2,    2,    0,    2,    4,  987]])}, 136.205259708)
[2024-07-08 15:49:37,318][flwr][INFO] - configure_evaluate: no clients selected, skipping evaluation
[2024-07-08 15:49:37,318][flwr][INFO] - 
[2024-07-08 15:49:37,318][flwr][INFO] - [ROUND 9]
[2024-07-08 15:49:37,318][flwr][INFO] - configure_fit: strategy sampled 10 clients (out of 10)
[2024-07-08 15:49:54,781][flwr][INFO] - aggregate_fit: received 10 results and 0 failures
[2024-07-08 15:49:55,164][flwr][INFO] - fit progress: (9, 18.18878149986267, {'accuracy': 0.9449, 'precision': 0.947027567533585, 'recall': 0.9449, 'f1': 0.9450995363452596, 'confusion_matrix': array([[ 959,    8,    1,    4,    1,    1,    3,    0,    2,    1],
       [   0, 1091,   30,    5,    0,    0,    2,    0,    7,    0],
       [   1,    2,  961,   49,    2,    1,    0,    2,   12,    2],
       [   0,    0,    1,  953,    4,   10,    0,    1,   12,   29],
       [   1,    0,    6,    4,  881,   15,    8,    2,    2,   63],
       [   4,    0,    0,    8,    2,  847,   18,    0,    5,    8],
       [   2,    4,    4,    1,    1,    5,  925,    9,    7,    0],
       [   2,    1,   10,   37,    1,    1,    0,  912,   35,   29],
       [   0,    0,    5,    8,    3,    4,    1,    0,  939,   14],
       [   7,    3,    0,    3,    5,    3,    1,    3,    3,  981]])}, 154.052943333)
[2024-07-08 15:49:55,165][flwr][INFO] - configure_evaluate: no clients selected, skipping evaluation
[2024-07-08 15:49:55,165][flwr][INFO] - 
[2024-07-08 15:49:55,165][flwr][INFO] - [ROUND 10]
[2024-07-08 15:49:55,165][flwr][INFO] - configure_fit: strategy sampled 10 clients (out of 10)
[2024-07-08 15:50:14,851][flwr][INFO] - aggregate_fit: received 10 results and 0 failures
[2024-07-08 15:50:15,331][flwr][INFO] - fit progress: (10, 16.982987090945244, {'accuracy': 0.9436, 'precision': 0.9457452959300501, 'recall': 0.9436, 'f1': 0.9438612744192908, 'confusion_matrix': array([[ 957,   10,    1,    3,    1,    2,    2,    2,    1,    1],
       [   0, 1101,   23,    4,    0,    1,    1,    0,    5,    0],
       [   1,    1,  935,   70,    2,    0,    1,    8,   10,    4],
       [   0,    1,    1,  955,    2,   14,    0,    1,    4,   32],
       [   1,    0,    4,    2,  880,   44,    6,    1,    2,   42],
       [   3,    0,    0,   10,    3,  855,   12,    1,    1,    7],
       [   2,    5,    2,    1,    2,    4,  929,    7,    5,    1],
       [   1,    3,    7,   31,    1,    3,    0,  936,   27,   19],
       [   0,    1,    5,    8,    3,    8,    3,    0,  911,   35],
       [   4,    2,    0,    2,    4,   14,    1,    3,    2,  977]])}, 174.21960458299998)
[2024-07-08 15:50:15,331][flwr][INFO] - configure_evaluate: no clients selected, skipping evaluation
[2024-07-08 15:50:15,332][flwr][INFO] - 
[2024-07-08 15:50:15,332][flwr][INFO] - [SUMMARY]
[2024-07-08 15:50:15,332][flwr][INFO] - Run finished 10 round(s) in 174.22s
[2024-07-08 15:50:15,337][flwr][INFO] - 	History (loss, centralized):
[2024-07-08 15:50:15,338][flwr][INFO] - 		round 0: 181.76928067207336
[2024-07-08 15:50:15,338][flwr][INFO] - 		round 1: 92.51882714033127
[2024-07-08 15:50:15,338][flwr][INFO] - 		round 2: 41.62801757454872
[2024-07-08 15:50:15,338][flwr][INFO] - 		round 3: 35.069515496492386
[2024-07-08 15:50:15,338][flwr][INFO] - 		round 4: 30.03721034526825
[2024-07-08 15:50:15,338][flwr][INFO] - 		round 5: 22.528357930481434
[2024-07-08 15:50:15,338][flwr][INFO] - 		round 6: 22.14867341518402
[2024-07-08 15:50:15,338][flwr][INFO] - 		round 7: 18.85494677349925
[2024-07-08 15:50:15,338][flwr][INFO] - 		round 8: 18.847583208233118
[2024-07-08 15:50:15,338][flwr][INFO] - 		round 9: 18.18878149986267
[2024-07-08 15:50:15,338][flwr][INFO] - 		round 10: 16.982987090945244
[2024-07-08 15:50:15,338][flwr][INFO] - 	History (metrics, centralized):
[2024-07-08 15:50:15,338][flwr][INFO] - 	{'accuracy': [(0, 0.1086),
[2024-07-08 15:50:15,338][flwr][INFO] - 	              (1, 0.8176),
[2024-07-08 15:50:15,338][flwr][INFO] - 	              (2, 0.8729),
[2024-07-08 15:50:15,338][flwr][INFO] - 	              (3, 0.9014),
[2024-07-08 15:50:15,338][flwr][INFO] - 	              (4, 0.8984),
[2024-07-08 15:50:15,338][flwr][INFO] - 	              (5, 0.9361),
[2024-07-08 15:50:15,338][flwr][INFO] - 	              (6, 0.9372),
[2024-07-08 15:50:15,338][flwr][INFO] - 	              (7, 0.9449),
[2024-07-08 15:50:15,338][flwr][INFO] - 	              (8, 0.9344),
[2024-07-08 15:50:15,339][flwr][INFO] - 	              (9, 0.9449),
[2024-07-08 15:50:15,339][flwr][INFO] - 	              (10, 0.9436)],
[2024-07-08 15:50:15,339][flwr][INFO] - 	 'confusion_matrix': [(0,
[2024-07-08 15:50:15,339][flwr][INFO] - 	                       array([[   0,    8,    0,  956,    0,    1,    0,   15,    0,    0],
[2024-07-08 15:50:15,339][flwr][INFO] - 	       [   0,  122,    0, 1013,    0,    0,    0,    0,    0,    0],
[2024-07-08 15:50:15,339][flwr][INFO] - 	       [   0,   38,    0,  971,    0,    0,    3,   19,    1,    0],
[2024-07-08 15:50:15,339][flwr][INFO] - 	       [   0,   44,    0,  945,    1,    1,    0,   17,    2,    0],
[2024-07-08 15:50:15,339][flwr][INFO] - 	       [   0,  143,    0,  816,    1,    0,    2,   20,    0,    0],
[2024-07-08 15:50:15,339][flwr][INFO] - 	       [   0,  118,    0,  735,    1,    7,    0,   30,    1,    0],
[2024-07-08 15:50:15,339][flwr][INFO] - 	       [   0,  144,    0,  749,   25,    0,    2,   38,    0,    0],
[2024-07-08 15:50:15,339][flwr][INFO] - 	       [   0,  272,    0,  724,    8,    0,    0,    9,   15,    0],
[2024-07-08 15:50:15,339][flwr][INFO] - 	       [   0,   81,    0,  859,    1,    0,    1,   32,    0,    0],
[2024-07-08 15:50:15,339][flwr][INFO] - 	       [   0,  178,    0,  799,    1,    0,    0,   31,    0,    0]])),
[2024-07-08 15:50:15,339][flwr][INFO] - 	                      (1,
[2024-07-08 15:50:15,339][flwr][INFO] - 	                       array([[ 951,    0,    1,    5,    0,    2,   16,    5,    0,    0],
[2024-07-08 15:50:15,339][flwr][INFO] - 	       [   0, 1034,   64,   12,    0,    0,    8,   12,    5,    0],
[2024-07-08 15:50:15,339][flwr][INFO] - 	       [  12,    3,  820,  120,    6,    0,   19,   30,    8,   14],
[2024-07-08 15:50:15,339][flwr][INFO] - 	       [   2,    1,    3,  915,    3,   10,   23,   20,    3,   30],
[2024-07-08 15:50:15,339][flwr][INFO] - 	       [   3,    0,    3,    1,  798,    0,   36,   15,    0,  126],
[2024-07-08 15:50:15,339][flwr][INFO] - 	       [  32,   16,    2,   72,    5,  414,  269,   42,   18,   22],
[2024-07-08 15:50:15,339][flwr][INFO] - 	       [  10,    2,    4,    2,    3,    5,  922,    9,    0,    1],
[2024-07-08 15:50:15,339][flwr][INFO] - 	       [   0,    2,    9,   24,    3,    0,    0,  959,    0,   31],
[2024-07-08 15:50:15,339][flwr][INFO] - 	       [  33,   12,   16,  101,   13,    3,  126,    8,  452,  210],
[2024-07-08 15:50:15,339][flwr][INFO] - 	       [  12,    4,    0,    8,   29,    1,    2,   41,    1,  911]])),
[2024-07-08 15:50:15,339][flwr][INFO] - 	                      (2,
[2024-07-08 15:50:15,339][flwr][INFO] - 	                       array([[949,   0,   1,   0,   0,  14,  13,   1,   1,   1],
[2024-07-08 15:50:15,339][flwr][INFO] - 	       [  0, 944, 162,   3,   1,   2,   4,   0,  19,   0],
[2024-07-08 15:50:15,339][flwr][INFO] - 	       [  7,   1, 880,  84,   7,   4,  11,   5,  28,   5],
[2024-07-08 15:50:15,339][flwr][INFO] - 	       [  1,   2,   1, 904,   3,  46,   3,   3,  26,  21],
[2024-07-08 15:50:15,339][flwr][INFO] - 	       [  1,   0,   3,   0, 822,  71,  14,   0,   5,  66],
[2024-07-08 15:50:15,339][flwr][INFO] - 	       [  6,   1,   1,  23,   1, 798,  46,   0,  13,   3],
[2024-07-08 15:50:15,339][flwr][INFO] - 	       [  4,   1,   4,   2,   3,   6, 937,   0,   1,   0],
[2024-07-08 15:50:15,339][flwr][INFO] - 	       [  6,   1,  51,  22,   4,  23,   1, 764,  29, 127],
[2024-07-08 15:50:15,339][flwr][INFO] - 	       [ 13,   0,   8,  15,  13,  27,  28,   0, 817,  53],
[2024-07-08 15:50:15,339][flwr][INFO] - 	       [ 12,   1,   0,   7,  16,  47,   1,   2,   9, 914]])),
[2024-07-08 15:50:15,339][flwr][INFO] - 	                      (3,
[2024-07-08 15:50:15,339][flwr][INFO] - 	                       array([[ 954,    0,    1,    3,    0,   10,    8,    2,    1,    1],
[2024-07-08 15:50:15,339][flwr][INFO] - 	       [   0, 1085,   24,    4,    1,    1,    4,    0,   16,    0],
[2024-07-08 15:50:15,339][flwr][INFO] - 	       [   5,    1,  897,   88,    6,    1,    5,    4,   23,    2],
[2024-07-08 15:50:15,339][flwr][INFO] - 	       [   0,    0,    1,  916,   10,   40,    0,    0,   25,   18],
[2024-07-08 15:50:15,339][flwr][INFO] - 	       [   2,    1,    6,    0,  866,   31,   13,    0,    7,   56],
[2024-07-08 15:50:15,339][flwr][INFO] - 	       [   2,    2,    0,   10,    0,  802,   59,    0,   12,    5],
[2024-07-08 15:50:15,339][flwr][INFO] - 	       [   4,    2,    3,    0,    3,    5,  939,    0,    2,    0],
[2024-07-08 15:50:15,339][flwr][INFO] - 	       [   7,    4,   28,   59,    3,   16,    1,  719,  131,   60],
[2024-07-08 15:50:15,339][flwr][INFO] - 	       [   4,    0,    4,    6,    8,   10,   25,    0,  902,   15],
[2024-07-08 15:50:15,339][flwr][INFO] - 	       [  12,    2,    0,    6,   10,   34,    1,    1,    9,  934]])),
[2024-07-08 15:50:15,339][flwr][INFO] - 	                      (4,
[2024-07-08 15:50:15,339][flwr][INFO] - 	                       array([[ 959,    2,    0,    3,    0,    7,    4,    2,    1,    2],
[2024-07-08 15:50:15,340][flwr][INFO] - 	       [   0, 1118,    2,    4,    0,    0,    5,    0,    6,    0],
[2024-07-08 15:50:15,340][flwr][INFO] - 	       [   5,    1,  745,  242,    4,    3,    2,    6,   23,    1],
[2024-07-08 15:50:15,340][flwr][INFO] - 	       [   0,    1,    1,  902,   10,   42,    0,    2,   15,   37],
[2024-07-08 15:50:15,340][flwr][INFO] - 	       [   1,    1,    9,    2,  848,   58,    7,    1,    5,   50],
[2024-07-08 15:50:15,340][flwr][INFO] - 	       [   3,    2,    0,    5,    0,  840,   31,    0,    3,    8],
[2024-07-08 15:50:15,340][flwr][INFO] - 	       [   4,    3,    2,    0,    4,    6,  936,    0,    3,    0],
[2024-07-08 15:50:15,340][flwr][INFO] - 	       [   5,    6,    8,   56,    1,    5,    0,  823,   80,   44],
[2024-07-08 15:50:15,340][flwr][INFO] - 	       [   7,    2,    1,    6,    7,   12,   16,    0,  855,   68],
[2024-07-08 15:50:15,340][flwr][INFO] - 	       [  11,    3,    0,    3,    8,   20,    1,    2,    3,  958]])),
[2024-07-08 15:50:15,340][flwr][INFO] - 	                      (5,
[2024-07-08 15:50:15,340][flwr][INFO] - 	                       array([[ 967,    2,    2,    0,    1,    4,    2,    0,    1,    1],
[2024-07-08 15:50:15,340][flwr][INFO] - 	       [   0, 1113,   10,    3,    0,    1,    1,    0,    7,    0],
[2024-07-08 15:50:15,340][flwr][INFO] - 	       [   5,    1,  924,   76,    3,    1,    1,    6,   14,    1],
[2024-07-08 15:50:15,340][flwr][INFO] - 	       [   0,    2,    1,  931,    7,   25,    0,    2,   13,   29],
[2024-07-08 15:50:15,340][flwr][INFO] - 	       [   1,    0,   10,    0,  894,   21,    4,    1,    4,   47],
[2024-07-08 15:50:15,340][flwr][INFO] - 	       [   3,    3,    0,    5,    0,  848,   20,    0,    7,    6],
[2024-07-08 15:50:15,340][flwr][INFO] - 	       [   5,    4,    4,    0,    5,    7,  927,    0,    6,    0],
[2024-07-08 15:50:15,340][flwr][INFO] - 	       [   4,    3,   12,   27,    1,    2,    0,  901,   47,   31],
[2024-07-08 15:50:15,340][flwr][INFO] - 	       [  11,    2,    3,    8,    5,   10,    9,    1,  891,   34],
[2024-07-08 15:50:15,340][flwr][INFO] - 	       [  10,    2,    0,    3,    9,   13,    1,    1,    5,  965]])),
[2024-07-08 15:50:15,340][flwr][INFO] - 	                      (6,
[2024-07-08 15:50:15,340][flwr][INFO] - 	                       array([[ 964,    3,    2,    1,    1,    2,    4,    0,    1,    2],
[2024-07-08 15:50:15,340][flwr][INFO] - 	       [   0, 1085,   33,    5,    0,    0,    2,    0,   10,    0],
[2024-07-08 15:50:15,340][flwr][INFO] - 	       [   4,    0,  925,   72,    2,    2,    0,    7,   19,    1],
[2024-07-08 15:50:15,340][flwr][INFO] - 	       [   0,    1,    0,  953,    3,    6,    0,    1,   18,   28],
[2024-07-08 15:50:15,340][flwr][INFO] - 	       [   1,    1,    8,    1,  892,    5,    6,    3,    8,   57],
[2024-07-08 15:50:15,340][flwr][INFO] - 	       [   2,    1,    0,    9,    1,  802,   63,    0,    7,    7],
[2024-07-08 15:50:15,340][flwr][INFO] - 	       [   5,    6,    2,    1,    3,    2,  928,    1,   10,    0],
[2024-07-08 15:50:15,340][flwr][INFO] - 	       [   2,    4,   12,   32,    1,    0,    0,  903,   39,   35],
[2024-07-08 15:50:15,340][flwr][INFO] - 	       [   2,    0,    4,    5,    3,    4,    4,    0,  944,    8],
[2024-07-08 15:50:15,340][flwr][INFO] - 	       [   7,    2,    0,    3,    8,    5,    1,    2,    5,  976]])),
[2024-07-08 15:50:15,340][flwr][INFO] - 	                      (7,
[2024-07-08 15:50:15,340][flwr][INFO] - 	                       array([[ 958,    4,    1,    2,    1,    5,    6,    1,    1,    1],
[2024-07-08 15:50:15,340][flwr][INFO] - 	       [   0, 1108,   16,    4,    0,    0,    2,    0,    5,    0],
[2024-07-08 15:50:15,340][flwr][INFO] - 	       [   3,    0,  962,   48,    2,    2,    0,    3,   11,    1],
[2024-07-08 15:50:15,340][flwr][INFO] - 	       [   0,    1,    1,  959,    2,   12,    0,    1,   12,   22],
[2024-07-08 15:50:15,340][flwr][INFO] - 	       [   0,    0,   10,    0,  865,   46,    6,    3,    8,   44],
[2024-07-08 15:50:15,340][flwr][INFO] - 	       [   2,    0,    0,    8,    0,  852,   23,    0,    2,    5],
[2024-07-08 15:50:15,340][flwr][INFO] - 	       [   3,    2,    1,    0,    6,    8,  931,    1,    6,    0],
[2024-07-08 15:50:15,340][flwr][INFO] - 	       [   1,    2,   16,   39,    1,    2,    0,  912,   32,   23],
[2024-07-08 15:50:15,340][flwr][INFO] - 	       [   1,    1,    3,   10,    3,    8,    5,    0,  937,    6],
[2024-07-08 15:50:15,340][flwr][INFO] - 	       [   7,    3,    1,    5,    5,   14,    1,    1,    7,  965]])),
[2024-07-08 15:50:15,340][flwr][INFO] - 	                      (8,
[2024-07-08 15:50:15,340][flwr][INFO] - 	                       array([[ 966,    5,    0,    1,    1,    1,    1,    1,    2,    2],
[2024-07-08 15:50:15,340][flwr][INFO] - 	       [   0, 1116,    4,    4,    0,    0,    4,    0,    7,    0],
[2024-07-08 15:50:15,340][flwr][INFO] - 	       [   3,    2,  887,  110,    2,    0,    0,    6,   19,    3],
[2024-07-08 15:50:15,340][flwr][INFO] - 	       [   0,    0,    0,  908,   14,   15,    0,    2,    9,   62],
[2024-07-08 15:50:15,341][flwr][INFO] - 	       [   2,    1,    2,    2,  873,    4,    5,    2,    2,   89],
[2024-07-08 15:50:15,341][flwr][INFO] - 	       [   3,    0,    0,    9,    2,  837,   26,    0,    3,   12],
[2024-07-08 15:50:15,341][flwr][INFO] - 	       [   3,    4,    0,    0,    4,    6,  933,    2,    6,    0],
[2024-07-08 15:50:15,341][flwr][INFO] - 	       [   1,    5,    7,   30,    1,    0,    0,  917,   29,   38],
[2024-07-08 15:50:15,341][flwr][INFO] - 	       [   0,    0,    1,    3,    4,    1,    9,    0,  920,   36],
[2024-07-08 15:50:15,341][flwr][INFO] - 	       [   8,    2,    0,    2,    2,    2,    0,    2,    4,  987]])),
[2024-07-08 15:50:15,341][flwr][INFO] - 	                      (9,
[2024-07-08 15:50:15,341][flwr][INFO] - 	                       array([[ 959,    8,    1,    4,    1,    1,    3,    0,    2,    1],
[2024-07-08 15:50:15,341][flwr][INFO] - 	       [   0, 1091,   30,    5,    0,    0,    2,    0,    7,    0],
[2024-07-08 15:50:15,341][flwr][INFO] - 	       [   1,    2,  961,   49,    2,    1,    0,    2,   12,    2],
[2024-07-08 15:50:15,341][flwr][INFO] - 	       [   0,    0,    1,  953,    4,   10,    0,    1,   12,   29],
[2024-07-08 15:50:15,341][flwr][INFO] - 	       [   1,    0,    6,    4,  881,   15,    8,    2,    2,   63],
[2024-07-08 15:50:15,341][flwr][INFO] - 	       [   4,    0,    0,    8,    2,  847,   18,    0,    5,    8],
[2024-07-08 15:50:15,341][flwr][INFO] - 	       [   2,    4,    4,    1,    1,    5,  925,    9,    7,    0],
[2024-07-08 15:50:15,341][flwr][INFO] - 	       [   2,    1,   10,   37,    1,    1,    0,  912,   35,   29],
[2024-07-08 15:50:15,341][flwr][INFO] - 	       [   0,    0,    5,    8,    3,    4,    1,    0,  939,   14],
[2024-07-08 15:50:15,341][flwr][INFO] - 	       [   7,    3,    0,    3,    5,    3,    1,    3,    3,  981]])),
[2024-07-08 15:50:15,341][flwr][INFO] - 	                      (10,
[2024-07-08 15:50:15,341][flwr][INFO] - 	                       array([[ 957,   10,    1,    3,    1,    2,    2,    2,    1,    1],
[2024-07-08 15:50:15,341][flwr][INFO] - 	       [   0, 1101,   23,    4,    0,    1,    1,    0,    5,    0],
[2024-07-08 15:50:15,341][flwr][INFO] - 	       [   1,    1,  935,   70,    2,    0,    1,    8,   10,    4],
[2024-07-08 15:50:15,341][flwr][INFO] - 	       [   0,    1,    1,  955,    2,   14,    0,    1,    4,   32],
[2024-07-08 15:50:15,341][flwr][INFO] - 	       [   1,    0,    4,    2,  880,   44,    6,    1,    2,   42],
[2024-07-08 15:50:15,341][flwr][INFO] - 	       [   3,    0,    0,   10,    3,  855,   12,    1,    1,    7],
[2024-07-08 15:50:15,341][flwr][INFO] - 	       [   2,    5,    2,    1,    2,    4,  929,    7,    5,    1],
[2024-07-08 15:50:15,341][flwr][INFO] - 	       [   1,    3,    7,   31,    1,    3,    0,  936,   27,   19],
[2024-07-08 15:50:15,341][flwr][INFO] - 	       [   0,    1,    5,    8,    3,    8,    3,    0,  911,   35],
[2024-07-08 15:50:15,341][flwr][INFO] - 	       [   4,    2,    0,    2,    4,   14,    1,    3,    2,  977]]))],
[2024-07-08 15:50:15,341][flwr][INFO] - 	 'f1': [(0, 0.03553137346181725),
[2024-07-08 15:50:15,341][flwr][INFO] - 	        (1, 0.8101557388299206),
[2024-07-08 15:50:15,341][flwr][INFO] - 	        (2, 0.8734771975211152),
[2024-07-08 15:50:15,341][flwr][INFO] - 	        (3, 0.9007579696665171),
[2024-07-08 15:50:15,341][flwr][INFO] - 	        (4, 0.8983565237998055),
[2024-07-08 15:50:15,341][flwr][INFO] - 	        (5, 0.9362325348495563),
[2024-07-08 15:50:15,341][flwr][INFO] - 	        (6, 0.9373506067643786),
[2024-07-08 15:50:15,341][flwr][INFO] - 	        (7, 0.9449709523507225),
[2024-07-08 15:50:15,341][flwr][INFO] - 	        (8, 0.935003660454132),
[2024-07-08 15:50:15,341][flwr][INFO] - 	        (9, 0.9450995363452596),
[2024-07-08 15:50:15,341][flwr][INFO] - 	        (10, 0.9438612744192908)],
[2024-07-08 15:50:15,341][flwr][INFO] - 	 'precision': [(0, 0.12349967530374152),
[2024-07-08 15:50:15,341][flwr][INFO] - 	               (1, 0.8460578734950641),
[2024-07-08 15:50:15,341][flwr][INFO] - 	               (2, 0.8826191445506878),
[2024-07-08 15:50:15,341][flwr][INFO] - 	               (3, 0.9078491775525749),
[2024-07-08 15:50:15,341][flwr][INFO] - 	               (4, 0.9075619906761574),
[2024-07-08 15:50:15,341][flwr][INFO] - 	               (5, 0.9380880355344703),
[2024-07-08 15:50:15,341][flwr][INFO] - 	               (6, 0.9398607305083597),
[2024-07-08 15:50:15,341][flwr][INFO] - 	               (7, 0.9467348662661218),
[2024-07-08 15:50:15,342][flwr][INFO] - 	               (8, 0.9392356576324769),
[2024-07-08 15:50:15,342][flwr][INFO] - 	               (9, 0.947027567533585),
[2024-07-08 15:50:15,342][flwr][INFO] - 	               (10, 0.9457452959300501)],
[2024-07-08 15:50:15,342][flwr][INFO] - 	 'recall': [(0, 0.1086),
[2024-07-08 15:50:15,342][flwr][INFO] - 	            (1, 0.8176),
[2024-07-08 15:50:15,342][flwr][INFO] - 	            (2, 0.8729),
[2024-07-08 15:50:15,342][flwr][INFO] - 	            (3, 0.9014),
[2024-07-08 15:50:15,342][flwr][INFO] - 	            (4, 0.8984),
[2024-07-08 15:50:15,342][flwr][INFO] - 	            (5, 0.9361),
[2024-07-08 15:50:15,342][flwr][INFO] - 	            (6, 0.9372),
[2024-07-08 15:50:15,342][flwr][INFO] - 	            (7, 0.9449),
[2024-07-08 15:50:15,342][flwr][INFO] - 	            (8, 0.9344),
[2024-07-08 15:50:15,342][flwr][INFO] - 	            (9, 0.9449),
[2024-07-08 15:50:15,342][flwr][INFO] - 	            (10, 0.9436)]}
[2024-07-08 15:50:15,342][flwr][INFO] - 
