[2024-07-08 15:41:00,169][flwr][INFO] - Starting Flower simulation, config: num_rounds=10, no round_timeout
[2024-07-08 15:41:02,018][flwr][INFO] - Flower VCE: Ray initialized with resources: {'memory': 9047464346.0, 'object_store_memory': 2147483648.0, 'node:127.0.0.1': 1.0, 'node:__internal_head__': 1.0, 'CPU': 12.0}
[2024-07-08 15:41:02,018][flwr][INFO] - Optimize your simulation with Flower VCE: https://flower.ai/docs/framework/how-to-run-simulations.html
[2024-07-08 15:41:02,018][flwr][INFO] - Flower VCE: Resources for each Virtual Client: {'num_cpus': 2, 'num_gpus': 0}
[2024-07-08 15:41:02,031][flwr][INFO] - Flower VCE: Creating VirtualClientEngineActorPool with 6 actors
[2024-07-08 15:41:02,032][flwr][INFO] - [INIT]
[2024-07-08 15:41:02,032][flwr][INFO] - Requesting initial parameters from one random client
[2024-07-08 15:41:04,443][flwr][INFO] - Received initial parameters from one random client
[2024-07-08 15:41:04,443][flwr][INFO] - Evaluating initial global parameters
[2024-07-08 15:41:04,820][flwr][INFO] - initial parameters (loss, other metrics): 181.76928067207336, {'accuracy': 0.1086, 'precision': 0.12349967530374152, 'recall': 0.1086, 'f1': 0.03553137346181725, 'confusion_matrix': array([[   0,    8,    0,  956,    0,    1,    0,   15,    0,    0],
       [   0,  122,    0, 1013,    0,    0,    0,    0,    0,    0],
       [   0,   38,    0,  971,    0,    0,    3,   19,    1,    0],
       [   0,   44,    0,  945,    1,    1,    0,   17,    2,    0],
       [   0,  143,    0,  816,    1,    0,    2,   20,    0,    0],
       [   0,  118,    0,  735,    1,    7,    0,   30,    1,    0],
       [   0,  144,    0,  749,   25,    0,    2,   38,    0,    0],
       [   0,  272,    0,  724,    8,    0,    0,    9,   15,    0],
       [   0,   81,    0,  859,    1,    0,    1,   32,    0,    0],
       [   0,  178,    0,  799,    1,    0,    0,   31,    0,    0]])}
[2024-07-08 15:41:04,820][flwr][INFO] - 
[2024-07-08 15:41:04,821][flwr][INFO] - [ROUND 1]
[2024-07-08 15:41:04,821][flwr][INFO] - configure_fit: strategy sampled 10 clients (out of 10)
[2024-07-08 15:41:24,766][flwr][INFO] - aggregate_fit: received 10 results and 0 failures
[2024-07-08 15:41:24,774][flwr][WARNING] - No fit_metrics_aggregation_fn provided
[2024-07-08 15:41:25,141][flwr][INFO] - fit progress: (1, 126.45205557346344, {'accuracy': 0.755, 'precision': 0.8419115768291722, 'recall': 0.755, 'f1': 0.7280900373331977, 'confusion_matrix': array([[ 944,    0,    0,   21,    1,    1,    6,    4,    0,    3],
       [   0, 1053,    2,   73,    1,    2,    4,    0,    0,    0],
       [   8,   10,  543,  407,   17,    0,   20,   24,    0,    3],
       [   3,    2,    1,  967,    3,   10,    2,   16,    0,    6],
       [   2,    4,    0,    4,  919,    0,    9,    2,    0,   42],
       [  41,   23,    0,  262,   35,  479,    7,   27,    0,   18],
       [  22,    6,    2,    7,   11,   12,  895,    1,    0,    2],
       [   4,    9,    1,   56,    8,    0,    0,  925,    0,   25],
       [  10,   28,    0,  620,   35,   57,   21,   40,    8,  155],
       [  13,    4,    0,   27,   50,    1,    1,   96,    0,  817]])}, 20.320766125000002)
[2024-07-08 15:41:25,141][flwr][INFO] - configure_evaluate: no clients selected, skipping evaluation
[2024-07-08 15:41:25,141][flwr][INFO] - 
[2024-07-08 15:41:25,141][flwr][INFO] - [ROUND 2]
[2024-07-08 15:41:25,141][flwr][INFO] - configure_fit: strategy sampled 10 clients (out of 10)
[2024-07-08 15:41:39,977][flwr][INFO] - aggregate_fit: received 10 results and 0 failures
[2024-07-08 15:41:40,333][flwr][INFO] - fit progress: (2, 49.81905144453049, {'accuracy': 0.9028, 'precision': 0.9089636424026046, 'recall': 0.9028, 'f1': 0.9025498298711436, 'confusion_matrix': array([[ 957,    0,    0,    2,    0,    7,    9,    1,    4,    0],
       [   0, 1084,   30,    1,    2,    5,    3,    0,   10,    0],
       [   8,    2,  952,   21,   16,    1,    6,    4,   22,    0],
       [   2,    2,   23,  909,    3,   34,    0,   10,   27,    0],
       [   1,    0,    5,    0,  957,    0,    9,    0,    5,    5],
       [   6,    1,    1,   29,   13,  803,   11,    1,   24,    3],
       [  10,    2,    5,    1,   16,   16,  905,    0,    3,    0],
       [   3,    7,   86,    8,   24,    0,    0,  861,    9,   30],
       [   6,    2,   11,   27,   15,   24,   17,    3,  866,    3],
       [   7,    7,    0,   12,  206,    7,    1,   12,   23,  734]])}, 35.513872875000004)
[2024-07-08 15:41:40,334][flwr][INFO] - configure_evaluate: no clients selected, skipping evaluation
[2024-07-08 15:41:40,334][flwr][INFO] - 
[2024-07-08 15:41:40,334][flwr][INFO] - [ROUND 3]
[2024-07-08 15:41:40,334][flwr][INFO] - configure_fit: strategy sampled 10 clients (out of 10)
[2024-07-08 15:41:56,747][flwr][INFO] - aggregate_fit: received 10 results and 0 failures
[2024-07-08 15:41:57,092][flwr][INFO] - fit progress: (3, 30.2896508872509, {'accuracy': 0.9136, 'precision': 0.9212534658197262, 'recall': 0.9136, 'f1': 0.9135146543381688, 'confusion_matrix': array([[ 970,    0,    0,    1,    0,    2,    3,    1,    2,    1],
       [   0, 1118,    3,    1,    1,    1,    2,    0,    9,    0],
       [  14,    7,  954,   20,   14,    1,    2,    5,   14,    1],
       [   3,    5,   10,  960,    3,    9,    0,    7,   12,    1],
       [   1,    0,    6,    0,  963,    0,    2,    0,    4,    6],
       [  10,    5,    0,   33,   16,  791,    4,    1,   29,    3],
       [  26,    5,    2,    1,   32,   14,  866,    0,   12,    0],
       [   2,   12,   41,    8,   26,    0,    0,  902,    4,   33],
       [  12,   11,    7,   17,   23,    7,    4,    3,  887,    3],
       [  13,   11,    1,   12,  232,    5,    0,    4,    6,  725]])}, 52.273510916)
[2024-07-08 15:41:57,093][flwr][INFO] - configure_evaluate: no clients selected, skipping evaluation
[2024-07-08 15:41:57,093][flwr][INFO] - 
[2024-07-08 15:41:57,093][flwr][INFO] - [ROUND 4]
[2024-07-08 15:41:57,093][flwr][INFO] - configure_fit: strategy sampled 10 clients (out of 10)
[2024-07-08 15:42:13,214][flwr][INFO] - aggregate_fit: received 10 results and 0 failures
[2024-07-08 15:42:13,558][flwr][INFO] - fit progress: (4, 24.833905681967735, {'accuracy': 0.9206, 'precision': 0.9272034334037272, 'recall': 0.9206, 'f1': 0.9190927543687468, 'confusion_matrix': array([[ 964,    1,    0,    2,    2,    3,    5,    1,    2,    0],
       [   0, 1127,    4,    1,    0,    1,    1,    0,    1,    0],
       [  12,    4,  969,    6,   11,    0,    2,   12,   16,    0],
       [   2,    8,   19,  940,    1,    6,    0,   15,   19,    0],
       [   1,    4,    8,    1,  959,    0,    3,    1,    4,    1],
       [   5,    4,    0,   38,   19,  777,    8,    2,   37,    2],
       [  13,    6,    0,    1,   10,    5,  918,    0,    5,    0],
       [   0,    8,   35,    1,    3,    0,    0,  976,    3,    2],
       [  11,    9,    8,   12,    9,    5,    8,    8,  904,    0],
       [  12,   13,    1,   13,  226,    2,    0,   45,   25,  672]])}, 68.740305583)
[2024-07-08 15:42:13,559][flwr][INFO] - configure_evaluate: no clients selected, skipping evaluation
[2024-07-08 15:42:13,559][flwr][INFO] - 
[2024-07-08 15:42:13,559][flwr][INFO] - [ROUND 5]
[2024-07-08 15:42:13,559][flwr][INFO] - configure_fit: strategy sampled 10 clients (out of 10)
[2024-07-08 15:42:28,385][flwr][INFO] - aggregate_fit: received 10 results and 0 failures
[2024-07-08 15:42:28,764][flwr][INFO] - fit progress: (5, 19.62854640558362, {'accuracy': 0.9414, 'precision': 0.9434546471809659, 'recall': 0.9414, 'f1': 0.9411546974770859, 'confusion_matrix': array([[ 968,    1,    1,    1,    0,    3,    3,    1,    2,    0],
       [   0, 1124,    4,    0,    1,    1,    1,    0,    4,    0],
       [  11,    4,  989,    3,    3,    0,    3,    8,   10,    1],
       [   3,    3,   29,  927,    1,   14,    0,   13,   20,    0],
       [   2,    2,   11,    0,  952,    0,    0,    0,    7,    8],
       [   6,    1,    1,   19,    8,  829,    3,    3,   21,    1],
       [  17,    4,    0,    1,   10,   12,  900,    0,   14,    0],
       [   3,   13,   27,    0,    5,    0,    0,  968,    6,    6],
       [  13,    4,    7,    8,    6,    4,    2,    5,  925,    0],
       [  19,   11,    1,    7,  106,    3,    0,   12,   18,  832]])}, 83.946808166)
[2024-07-08 15:42:28,765][flwr][INFO] - configure_evaluate: no clients selected, skipping evaluation
[2024-07-08 15:42:28,765][flwr][INFO] - 
[2024-07-08 15:42:28,765][flwr][INFO] - [ROUND 6]
[2024-07-08 15:42:28,765][flwr][INFO] - configure_fit: strategy sampled 10 clients (out of 10)
[2024-07-08 15:42:44,096][flwr][INFO] - aggregate_fit: received 10 results and 0 failures
[2024-07-08 15:42:44,490][flwr][INFO] - fit progress: (6, 18.21319191530347, {'accuracy': 0.9475, 'precision': 0.9485041691097827, 'recall': 0.9475, 'f1': 0.9475100629358718, 'confusion_matrix': array([[ 971,    0,    0,    3,    0,    1,    2,    1,    2,    0],
       [   0, 1124,    3,    1,    0,    2,    2,    0,    3,    0],
       [  10,    5,  979,    3,    5,    1,    2,   12,   14,    1],
       [   2,    5,   28,  924,    0,    7,    0,   15,   28,    1],
       [   3,    2,    8,    0,  933,    0,    1,    1,   10,   24],
       [   6,    1,    0,   13,    2,  825,    6,    2,   35,    2],
       [  19,    4,    0,    1,    9,   12,  906,    0,    7,    0],
       [   3,   11,   23,    1,    2,    0,    0,  973,    6,    9],
       [  17,    5,    3,    9,    4,    5,    1,    3,  927,    0],
       [  18,   12,    0,    4,   23,    5,    0,   13,   21,  913]])}, 99.67262212499999)
[2024-07-08 15:42:44,490][flwr][INFO] - configure_evaluate: no clients selected, skipping evaluation
[2024-07-08 15:42:44,490][flwr][INFO] - 
[2024-07-08 15:42:44,490][flwr][INFO] - [ROUND 7]
[2024-07-08 15:42:44,491][flwr][INFO] - configure_fit: strategy sampled 10 clients (out of 10)
[2024-07-08 15:43:01,809][flwr][INFO] - aggregate_fit: received 10 results and 0 failures
[2024-07-08 15:43:02,220][flwr][INFO] - fit progress: (7, 15.284716544672847, {'accuracy': 0.9524, 'precision': 0.9538115490087226, 'recall': 0.9524, 'f1': 0.9525424195130201, 'confusion_matrix': array([[ 967,    0,    0,    1,    0,    4,    2,    1,    5,    0],
       [   0, 1115,    5,    2,    1,    0,    4,    0,    8,    0],
       [   7,    4,  976,    5,    5,    1,    3,   13,   17,    1],
       [   0,    0,   15,  950,    0,   13,    0,    8,   23,    1],
       [   1,    1,    3,    0,  938,    0,    9,    2,   10,   18],
       [   2,    0,    0,    9,    2,  836,    8,    1,   32,    2],
       [  10,    3,    0,    0,    4,   15,  917,    0,    9,    0],
       [   3,    6,   21,    1,    1,    0,    0,  975,   12,    9],
       [   5,    2,    1,    6,    3,    1,    5,    2,  949,    0],
       [  12,    5,    2,    4,   30,    4,    0,   11,   40,  901]])}, 117.403865875)
[2024-07-08 15:43:02,221][flwr][INFO] - configure_evaluate: no clients selected, skipping evaluation
[2024-07-08 15:43:02,221][flwr][INFO] - 
[2024-07-08 15:43:02,221][flwr][INFO] - [ROUND 8]
[2024-07-08 15:43:02,221][flwr][INFO] - configure_fit: strategy sampled 10 clients (out of 10)
[2024-07-08 15:43:18,457][flwr][INFO] - aggregate_fit: received 10 results and 0 failures
[2024-07-08 15:43:18,841][flwr][INFO] - fit progress: (8, 14.62125531770289, {'accuracy': 0.9579, 'precision': 0.9582955573980989, 'recall': 0.9579, 'f1': 0.9578347888578046, 'confusion_matrix': array([[ 970,    0,    0,    1,    0,    2,    3,    1,    3,    0],
       [   0, 1117,    8,    0,    0,    1,    3,    1,    5,    0],
       [   7,    2,  995,    3,    6,    0,    5,    6,    7,    1],
       [   0,    1,   18,  954,    1,    7,    1,    8,   18,    2],
       [   1,    0,    3,    0,  945,    0,    8,    3,    4,   18],
       [   2,    0,    1,   16,    1,  845,   13,    2,    9,    3],
       [   9,    3,    0,    0,    4,    5,  934,    0,    3,    0],
       [   2,    7,   26,    1,    0,    0,    0,  972,   12,    8],
       [  10,    0,    4,    7,    4,    4,    6,    2,  937,    0],
       [  18,    6,    0,    5,   27,    4,    1,   12,   26,  910]])}, 134.02562633300002)
[2024-07-08 15:43:18,842][flwr][INFO] - configure_evaluate: no clients selected, skipping evaluation
[2024-07-08 15:43:18,842][flwr][INFO] - 
[2024-07-08 15:43:18,842][flwr][INFO] - [ROUND 9]
[2024-07-08 15:43:18,842][flwr][INFO] - configure_fit: strategy sampled 10 clients (out of 10)
[2024-07-08 15:43:35,812][flwr][INFO] - aggregate_fit: received 10 results and 0 failures
[2024-07-08 15:43:36,310][flwr][INFO] - fit progress: (9, 14.29274963401258, {'accuracy': 0.958, 'precision': 0.9583281923938334, 'recall': 0.958, 'f1': 0.9580005652877708, 'confusion_matrix': array([[ 960,    1,    1,    1,    0,    6,    3,    3,    5,    0],
       [   0, 1119,    6,    0,    1,    1,    2,    2,    4,    0],
       [   4,    3,  984,    8,    7,    1,    0,   13,   11,    1],
       [   0,    1,   14,  950,    1,   12,    0,   17,   13,    2],
       [   1,    0,    7,    0,  947,    1,    1,    2,    2,   21],
       [   2,    1,    0,    6,    1,  857,    2,    3,   14,    6],
       [   8,    3,    1,    0,    4,   21,  913,    0,    8,    0],
       [   1,    9,   16,    2,    0,    0,    0,  984,    8,    8],
       [   8,    3,    1,    5,    4,    4,    3,    4,  938,    4],
       [  15,    4,    0,    4,   27,    2,    0,   13,   16,  928]])}, 151.49458362500002)
[2024-07-08 15:43:36,310][flwr][INFO] - configure_evaluate: no clients selected, skipping evaluation
[2024-07-08 15:43:36,310][flwr][INFO] - 
[2024-07-08 15:43:36,310][flwr][INFO] - [ROUND 10]
[2024-07-08 15:43:36,311][flwr][INFO] - configure_fit: strategy sampled 10 clients (out of 10)
[2024-07-08 15:43:52,640][flwr][INFO] - aggregate_fit: received 10 results and 0 failures
[2024-07-08 15:43:53,057][flwr][INFO] - fit progress: (10, 14.203236572444439, {'accuracy': 0.9583, 'precision': 0.9586723052475591, 'recall': 0.9583, 'f1': 0.9583256703706097, 'confusion_matrix': array([[ 971,    0,    0,    1,    0,    3,    1,    1,    3,    0],
       [   0, 1114,    7,    2,    0,    2,    2,    0,    8,    0],
       [   5,    4,  983,    7,    6,    0,    2,   10,   14,    1],
       [   2,    0,    7,  966,    1,    6,    3,   12,   11,    2],
       [   1,    1,    6,    2,  930,    0,    4,    2,    7,   29],
       [   2,    0,    0,   11,    0,  854,    8,    0,   15,    2],
       [  10,    3,    0,    0,   10,   13,  916,    0,    6,    0],
       [   3,    9,   19,    1,    0,    0,    0,  980,    9,    7],
       [  10,    0,    2,    7,    3,    7,    2,    3,  936,    4],
       [  15,    4,    0,    5,   18,    3,    0,    7,   24,  933]])}, 168.242877416)
[2024-07-08 15:43:53,058][flwr][INFO] - configure_evaluate: no clients selected, skipping evaluation
[2024-07-08 15:43:53,059][flwr][INFO] - 
[2024-07-08 15:43:53,059][flwr][INFO] - [SUMMARY]
[2024-07-08 15:43:53,059][flwr][INFO] - Run finished 10 round(s) in 168.24s
[2024-07-08 15:43:53,063][flwr][INFO] - 	History (loss, centralized):
[2024-07-08 15:43:53,063][flwr][INFO] - 		round 0: 181.76928067207336
[2024-07-08 15:43:53,063][flwr][INFO] - 		round 1: 126.45205557346344
[2024-07-08 15:43:53,063][flwr][INFO] - 		round 2: 49.81905144453049
[2024-07-08 15:43:53,063][flwr][INFO] - 		round 3: 30.2896508872509
[2024-07-08 15:43:53,063][flwr][INFO] - 		round 4: 24.833905681967735
[2024-07-08 15:43:53,063][flwr][INFO] - 		round 5: 19.62854640558362
[2024-07-08 15:43:53,063][flwr][INFO] - 		round 6: 18.21319191530347
[2024-07-08 15:43:53,063][flwr][INFO] - 		round 7: 15.284716544672847
[2024-07-08 15:43:53,063][flwr][INFO] - 		round 8: 14.62125531770289
[2024-07-08 15:43:53,063][flwr][INFO] - 		round 9: 14.29274963401258
[2024-07-08 15:43:53,063][flwr][INFO] - 		round 10: 14.203236572444439
[2024-07-08 15:43:53,063][flwr][INFO] - 	History (metrics, centralized):
[2024-07-08 15:43:53,063][flwr][INFO] - 	{'accuracy': [(0, 0.1086),
[2024-07-08 15:43:53,063][flwr][INFO] - 	              (1, 0.755),
[2024-07-08 15:43:53,063][flwr][INFO] - 	              (2, 0.9028),
[2024-07-08 15:43:53,063][flwr][INFO] - 	              (3, 0.9136),
[2024-07-08 15:43:53,063][flwr][INFO] - 	              (4, 0.9206),
[2024-07-08 15:43:53,064][flwr][INFO] - 	              (5, 0.9414),
[2024-07-08 15:43:53,064][flwr][INFO] - 	              (6, 0.9475),
[2024-07-08 15:43:53,064][flwr][INFO] - 	              (7, 0.9524),
[2024-07-08 15:43:53,064][flwr][INFO] - 	              (8, 0.9579),
[2024-07-08 15:43:53,064][flwr][INFO] - 	              (9, 0.958),
[2024-07-08 15:43:53,064][flwr][INFO] - 	              (10, 0.9583)],
[2024-07-08 15:43:53,064][flwr][INFO] - 	 'confusion_matrix': [(0,
[2024-07-08 15:43:53,064][flwr][INFO] - 	                       array([[   0,    8,    0,  956,    0,    1,    0,   15,    0,    0],
[2024-07-08 15:43:53,064][flwr][INFO] - 	       [   0,  122,    0, 1013,    0,    0,    0,    0,    0,    0],
[2024-07-08 15:43:53,064][flwr][INFO] - 	       [   0,   38,    0,  971,    0,    0,    3,   19,    1,    0],
[2024-07-08 15:43:53,064][flwr][INFO] - 	       [   0,   44,    0,  945,    1,    1,    0,   17,    2,    0],
[2024-07-08 15:43:53,064][flwr][INFO] - 	       [   0,  143,    0,  816,    1,    0,    2,   20,    0,    0],
[2024-07-08 15:43:53,064][flwr][INFO] - 	       [   0,  118,    0,  735,    1,    7,    0,   30,    1,    0],
[2024-07-08 15:43:53,064][flwr][INFO] - 	       [   0,  144,    0,  749,   25,    0,    2,   38,    0,    0],
[2024-07-08 15:43:53,064][flwr][INFO] - 	       [   0,  272,    0,  724,    8,    0,    0,    9,   15,    0],
[2024-07-08 15:43:53,064][flwr][INFO] - 	       [   0,   81,    0,  859,    1,    0,    1,   32,    0,    0],
[2024-07-08 15:43:53,064][flwr][INFO] - 	       [   0,  178,    0,  799,    1,    0,    0,   31,    0,    0]])),
[2024-07-08 15:43:53,064][flwr][INFO] - 	                      (1,
[2024-07-08 15:43:53,064][flwr][INFO] - 	                       array([[ 944,    0,    0,   21,    1,    1,    6,    4,    0,    3],
[2024-07-08 15:43:53,064][flwr][INFO] - 	       [   0, 1053,    2,   73,    1,    2,    4,    0,    0,    0],
[2024-07-08 15:43:53,064][flwr][INFO] - 	       [   8,   10,  543,  407,   17,    0,   20,   24,    0,    3],
[2024-07-08 15:43:53,064][flwr][INFO] - 	       [   3,    2,    1,  967,    3,   10,    2,   16,    0,    6],
[2024-07-08 15:43:53,064][flwr][INFO] - 	       [   2,    4,    0,    4,  919,    0,    9,    2,    0,   42],
[2024-07-08 15:43:53,064][flwr][INFO] - 	       [  41,   23,    0,  262,   35,  479,    7,   27,    0,   18],
[2024-07-08 15:43:53,064][flwr][INFO] - 	       [  22,    6,    2,    7,   11,   12,  895,    1,    0,    2],
[2024-07-08 15:43:53,064][flwr][INFO] - 	       [   4,    9,    1,   56,    8,    0,    0,  925,    0,   25],
[2024-07-08 15:43:53,064][flwr][INFO] - 	       [  10,   28,    0,  620,   35,   57,   21,   40,    8,  155],
[2024-07-08 15:43:53,064][flwr][INFO] - 	       [  13,    4,    0,   27,   50,    1,    1,   96,    0,  817]])),
[2024-07-08 15:43:53,064][flwr][INFO] - 	                      (2,
[2024-07-08 15:43:53,064][flwr][INFO] - 	                       array([[ 957,    0,    0,    2,    0,    7,    9,    1,    4,    0],
[2024-07-08 15:43:53,064][flwr][INFO] - 	       [   0, 1084,   30,    1,    2,    5,    3,    0,   10,    0],
[2024-07-08 15:43:53,064][flwr][INFO] - 	       [   8,    2,  952,   21,   16,    1,    6,    4,   22,    0],
[2024-07-08 15:43:53,064][flwr][INFO] - 	       [   2,    2,   23,  909,    3,   34,    0,   10,   27,    0],
[2024-07-08 15:43:53,064][flwr][INFO] - 	       [   1,    0,    5,    0,  957,    0,    9,    0,    5,    5],
[2024-07-08 15:43:53,064][flwr][INFO] - 	       [   6,    1,    1,   29,   13,  803,   11,    1,   24,    3],
[2024-07-08 15:43:53,064][flwr][INFO] - 	       [  10,    2,    5,    1,   16,   16,  905,    0,    3,    0],
[2024-07-08 15:43:53,064][flwr][INFO] - 	       [   3,    7,   86,    8,   24,    0,    0,  861,    9,   30],
[2024-07-08 15:43:53,064][flwr][INFO] - 	       [   6,    2,   11,   27,   15,   24,   17,    3,  866,    3],
[2024-07-08 15:43:53,064][flwr][INFO] - 	       [   7,    7,    0,   12,  206,    7,    1,   12,   23,  734]])),
[2024-07-08 15:43:53,064][flwr][INFO] - 	                      (3,
[2024-07-08 15:43:53,064][flwr][INFO] - 	                       array([[ 970,    0,    0,    1,    0,    2,    3,    1,    2,    1],
[2024-07-08 15:43:53,064][flwr][INFO] - 	       [   0, 1118,    3,    1,    1,    1,    2,    0,    9,    0],
[2024-07-08 15:43:53,064][flwr][INFO] - 	       [  14,    7,  954,   20,   14,    1,    2,    5,   14,    1],
[2024-07-08 15:43:53,064][flwr][INFO] - 	       [   3,    5,   10,  960,    3,    9,    0,    7,   12,    1],
[2024-07-08 15:43:53,064][flwr][INFO] - 	       [   1,    0,    6,    0,  963,    0,    2,    0,    4,    6],
[2024-07-08 15:43:53,064][flwr][INFO] - 	       [  10,    5,    0,   33,   16,  791,    4,    1,   29,    3],
[2024-07-08 15:43:53,064][flwr][INFO] - 	       [  26,    5,    2,    1,   32,   14,  866,    0,   12,    0],
[2024-07-08 15:43:53,064][flwr][INFO] - 	       [   2,   12,   41,    8,   26,    0,    0,  902,    4,   33],
[2024-07-08 15:43:53,064][flwr][INFO] - 	       [  12,   11,    7,   17,   23,    7,    4,    3,  887,    3],
[2024-07-08 15:43:53,064][flwr][INFO] - 	       [  13,   11,    1,   12,  232,    5,    0,    4,    6,  725]])),
[2024-07-08 15:43:53,064][flwr][INFO] - 	                      (4,
[2024-07-08 15:43:53,065][flwr][INFO] - 	                       array([[ 964,    1,    0,    2,    2,    3,    5,    1,    2,    0],
[2024-07-08 15:43:53,065][flwr][INFO] - 	       [   0, 1127,    4,    1,    0,    1,    1,    0,    1,    0],
[2024-07-08 15:43:53,065][flwr][INFO] - 	       [  12,    4,  969,    6,   11,    0,    2,   12,   16,    0],
[2024-07-08 15:43:53,065][flwr][INFO] - 	       [   2,    8,   19,  940,    1,    6,    0,   15,   19,    0],
[2024-07-08 15:43:53,065][flwr][INFO] - 	       [   1,    4,    8,    1,  959,    0,    3,    1,    4,    1],
[2024-07-08 15:43:53,065][flwr][INFO] - 	       [   5,    4,    0,   38,   19,  777,    8,    2,   37,    2],
[2024-07-08 15:43:53,065][flwr][INFO] - 	       [  13,    6,    0,    1,   10,    5,  918,    0,    5,    0],
[2024-07-08 15:43:53,065][flwr][INFO] - 	       [   0,    8,   35,    1,    3,    0,    0,  976,    3,    2],
[2024-07-08 15:43:53,065][flwr][INFO] - 	       [  11,    9,    8,   12,    9,    5,    8,    8,  904,    0],
[2024-07-08 15:43:53,065][flwr][INFO] - 	       [  12,   13,    1,   13,  226,    2,    0,   45,   25,  672]])),
[2024-07-08 15:43:53,065][flwr][INFO] - 	                      (5,
[2024-07-08 15:43:53,065][flwr][INFO] - 	                       array([[ 968,    1,    1,    1,    0,    3,    3,    1,    2,    0],
[2024-07-08 15:43:53,065][flwr][INFO] - 	       [   0, 1124,    4,    0,    1,    1,    1,    0,    4,    0],
[2024-07-08 15:43:53,065][flwr][INFO] - 	       [  11,    4,  989,    3,    3,    0,    3,    8,   10,    1],
[2024-07-08 15:43:53,065][flwr][INFO] - 	       [   3,    3,   29,  927,    1,   14,    0,   13,   20,    0],
[2024-07-08 15:43:53,065][flwr][INFO] - 	       [   2,    2,   11,    0,  952,    0,    0,    0,    7,    8],
[2024-07-08 15:43:53,065][flwr][INFO] - 	       [   6,    1,    1,   19,    8,  829,    3,    3,   21,    1],
[2024-07-08 15:43:53,065][flwr][INFO] - 	       [  17,    4,    0,    1,   10,   12,  900,    0,   14,    0],
[2024-07-08 15:43:53,065][flwr][INFO] - 	       [   3,   13,   27,    0,    5,    0,    0,  968,    6,    6],
[2024-07-08 15:43:53,065][flwr][INFO] - 	       [  13,    4,    7,    8,    6,    4,    2,    5,  925,    0],
[2024-07-08 15:43:53,065][flwr][INFO] - 	       [  19,   11,    1,    7,  106,    3,    0,   12,   18,  832]])),
[2024-07-08 15:43:53,065][flwr][INFO] - 	                      (6,
[2024-07-08 15:43:53,065][flwr][INFO] - 	                       array([[ 971,    0,    0,    3,    0,    1,    2,    1,    2,    0],
[2024-07-08 15:43:53,065][flwr][INFO] - 	       [   0, 1124,    3,    1,    0,    2,    2,    0,    3,    0],
[2024-07-08 15:43:53,065][flwr][INFO] - 	       [  10,    5,  979,    3,    5,    1,    2,   12,   14,    1],
[2024-07-08 15:43:53,065][flwr][INFO] - 	       [   2,    5,   28,  924,    0,    7,    0,   15,   28,    1],
[2024-07-08 15:43:53,065][flwr][INFO] - 	       [   3,    2,    8,    0,  933,    0,    1,    1,   10,   24],
[2024-07-08 15:43:53,065][flwr][INFO] - 	       [   6,    1,    0,   13,    2,  825,    6,    2,   35,    2],
[2024-07-08 15:43:53,065][flwr][INFO] - 	       [  19,    4,    0,    1,    9,   12,  906,    0,    7,    0],
[2024-07-08 15:43:53,065][flwr][INFO] - 	       [   3,   11,   23,    1,    2,    0,    0,  973,    6,    9],
[2024-07-08 15:43:53,065][flwr][INFO] - 	       [  17,    5,    3,    9,    4,    5,    1,    3,  927,    0],
[2024-07-08 15:43:53,065][flwr][INFO] - 	       [  18,   12,    0,    4,   23,    5,    0,   13,   21,  913]])),
[2024-07-08 15:43:53,065][flwr][INFO] - 	                      (7,
[2024-07-08 15:43:53,065][flwr][INFO] - 	                       array([[ 967,    0,    0,    1,    0,    4,    2,    1,    5,    0],
[2024-07-08 15:43:53,065][flwr][INFO] - 	       [   0, 1115,    5,    2,    1,    0,    4,    0,    8,    0],
[2024-07-08 15:43:53,065][flwr][INFO] - 	       [   7,    4,  976,    5,    5,    1,    3,   13,   17,    1],
[2024-07-08 15:43:53,065][flwr][INFO] - 	       [   0,    0,   15,  950,    0,   13,    0,    8,   23,    1],
[2024-07-08 15:43:53,065][flwr][INFO] - 	       [   1,    1,    3,    0,  938,    0,    9,    2,   10,   18],
[2024-07-08 15:43:53,065][flwr][INFO] - 	       [   2,    0,    0,    9,    2,  836,    8,    1,   32,    2],
[2024-07-08 15:43:53,065][flwr][INFO] - 	       [  10,    3,    0,    0,    4,   15,  917,    0,    9,    0],
[2024-07-08 15:43:53,065][flwr][INFO] - 	       [   3,    6,   21,    1,    1,    0,    0,  975,   12,    9],
[2024-07-08 15:43:53,065][flwr][INFO] - 	       [   5,    2,    1,    6,    3,    1,    5,    2,  949,    0],
[2024-07-08 15:43:53,065][flwr][INFO] - 	       [  12,    5,    2,    4,   30,    4,    0,   11,   40,  901]])),
[2024-07-08 15:43:53,065][flwr][INFO] - 	                      (8,
[2024-07-08 15:43:53,065][flwr][INFO] - 	                       array([[ 970,    0,    0,    1,    0,    2,    3,    1,    3,    0],
[2024-07-08 15:43:53,065][flwr][INFO] - 	       [   0, 1117,    8,    0,    0,    1,    3,    1,    5,    0],
[2024-07-08 15:43:53,065][flwr][INFO] - 	       [   7,    2,  995,    3,    6,    0,    5,    6,    7,    1],
[2024-07-08 15:43:53,065][flwr][INFO] - 	       [   0,    1,   18,  954,    1,    7,    1,    8,   18,    2],
[2024-07-08 15:43:53,065][flwr][INFO] - 	       [   1,    0,    3,    0,  945,    0,    8,    3,    4,   18],
[2024-07-08 15:43:53,065][flwr][INFO] - 	       [   2,    0,    1,   16,    1,  845,   13,    2,    9,    3],
[2024-07-08 15:43:53,065][flwr][INFO] - 	       [   9,    3,    0,    0,    4,    5,  934,    0,    3,    0],
[2024-07-08 15:43:53,065][flwr][INFO] - 	       [   2,    7,   26,    1,    0,    0,    0,  972,   12,    8],
[2024-07-08 15:43:53,066][flwr][INFO] - 	       [  10,    0,    4,    7,    4,    4,    6,    2,  937,    0],
[2024-07-08 15:43:53,066][flwr][INFO] - 	       [  18,    6,    0,    5,   27,    4,    1,   12,   26,  910]])),
[2024-07-08 15:43:53,066][flwr][INFO] - 	                      (9,
[2024-07-08 15:43:53,066][flwr][INFO] - 	                       array([[ 960,    1,    1,    1,    0,    6,    3,    3,    5,    0],
[2024-07-08 15:43:53,066][flwr][INFO] - 	       [   0, 1119,    6,    0,    1,    1,    2,    2,    4,    0],
[2024-07-08 15:43:53,066][flwr][INFO] - 	       [   4,    3,  984,    8,    7,    1,    0,   13,   11,    1],
[2024-07-08 15:43:53,066][flwr][INFO] - 	       [   0,    1,   14,  950,    1,   12,    0,   17,   13,    2],
[2024-07-08 15:43:53,066][flwr][INFO] - 	       [   1,    0,    7,    0,  947,    1,    1,    2,    2,   21],
[2024-07-08 15:43:53,066][flwr][INFO] - 	       [   2,    1,    0,    6,    1,  857,    2,    3,   14,    6],
[2024-07-08 15:43:53,066][flwr][INFO] - 	       [   8,    3,    1,    0,    4,   21,  913,    0,    8,    0],
[2024-07-08 15:43:53,066][flwr][INFO] - 	       [   1,    9,   16,    2,    0,    0,    0,  984,    8,    8],
[2024-07-08 15:43:53,066][flwr][INFO] - 	       [   8,    3,    1,    5,    4,    4,    3,    4,  938,    4],
[2024-07-08 15:43:53,066][flwr][INFO] - 	       [  15,    4,    0,    4,   27,    2,    0,   13,   16,  928]])),
[2024-07-08 15:43:53,066][flwr][INFO] - 	                      (10,
[2024-07-08 15:43:53,066][flwr][INFO] - 	                       array([[ 971,    0,    0,    1,    0,    3,    1,    1,    3,    0],
[2024-07-08 15:43:53,066][flwr][INFO] - 	       [   0, 1114,    7,    2,    0,    2,    2,    0,    8,    0],
[2024-07-08 15:43:53,066][flwr][INFO] - 	       [   5,    4,  983,    7,    6,    0,    2,   10,   14,    1],
[2024-07-08 15:43:53,066][flwr][INFO] - 	       [   2,    0,    7,  966,    1,    6,    3,   12,   11,    2],
[2024-07-08 15:43:53,066][flwr][INFO] - 	       [   1,    1,    6,    2,  930,    0,    4,    2,    7,   29],
[2024-07-08 15:43:53,066][flwr][INFO] - 	       [   2,    0,    0,   11,    0,  854,    8,    0,   15,    2],
[2024-07-08 15:43:53,066][flwr][INFO] - 	       [  10,    3,    0,    0,   10,   13,  916,    0,    6,    0],
[2024-07-08 15:43:53,066][flwr][INFO] - 	       [   3,    9,   19,    1,    0,    0,    0,  980,    9,    7],
[2024-07-08 15:43:53,066][flwr][INFO] - 	       [  10,    0,    2,    7,    3,    7,    2,    3,  936,    4],
[2024-07-08 15:43:53,066][flwr][INFO] - 	       [  15,    4,    0,    5,   18,    3,    0,    7,   24,  933]]))],
[2024-07-08 15:43:53,066][flwr][INFO] - 	 'f1': [(0, 0.03553137346181725),
[2024-07-08 15:43:53,066][flwr][INFO] - 	        (1, 0.7280900373331977),
[2024-07-08 15:43:53,066][flwr][INFO] - 	        (2, 0.9025498298711436),
[2024-07-08 15:43:53,066][flwr][INFO] - 	        (3, 0.9135146543381688),
[2024-07-08 15:43:53,066][flwr][INFO] - 	        (4, 0.9190927543687468),
[2024-07-08 15:43:53,066][flwr][INFO] - 	        (5, 0.9411546974770859),
[2024-07-08 15:43:53,066][flwr][INFO] - 	        (6, 0.9475100629358718),
[2024-07-08 15:43:53,066][flwr][INFO] - 	        (7, 0.9525424195130201),
[2024-07-08 15:43:53,066][flwr][INFO] - 	        (8, 0.9578347888578046),
[2024-07-08 15:43:53,066][flwr][INFO] - 	        (9, 0.9580005652877708),
[2024-07-08 15:43:53,066][flwr][INFO] - 	        (10, 0.9583256703706097)],
[2024-07-08 15:43:53,066][flwr][INFO] - 	 'precision': [(0, 0.12349967530374152),
[2024-07-08 15:43:53,066][flwr][INFO] - 	               (1, 0.8419115768291722),
[2024-07-08 15:43:53,066][flwr][INFO] - 	               (2, 0.9089636424026046),
[2024-07-08 15:43:53,066][flwr][INFO] - 	               (3, 0.9212534658197262),
[2024-07-08 15:43:53,066][flwr][INFO] - 	               (4, 0.9272034334037272),
[2024-07-08 15:43:53,066][flwr][INFO] - 	               (5, 0.9434546471809659),
[2024-07-08 15:43:53,066][flwr][INFO] - 	               (6, 0.9485041691097827),
[2024-07-08 15:43:53,066][flwr][INFO] - 	               (7, 0.9538115490087226),
[2024-07-08 15:43:53,066][flwr][INFO] - 	               (8, 0.9582955573980989),
[2024-07-08 15:43:53,066][flwr][INFO] - 	               (9, 0.9583281923938334),
[2024-07-08 15:43:53,066][flwr][INFO] - 	               (10, 0.9586723052475591)],
[2024-07-08 15:43:53,066][flwr][INFO] - 	 'recall': [(0, 0.1086),
[2024-07-08 15:43:53,066][flwr][INFO] - 	            (1, 0.755),
[2024-07-08 15:43:53,066][flwr][INFO] - 	            (2, 0.9028),
[2024-07-08 15:43:53,066][flwr][INFO] - 	            (3, 0.9136),
[2024-07-08 15:43:53,066][flwr][INFO] - 	            (4, 0.9206),
[2024-07-08 15:43:53,066][flwr][INFO] - 	            (5, 0.9414),
[2024-07-08 15:43:53,067][flwr][INFO] - 	            (6, 0.9475),
[2024-07-08 15:43:53,067][flwr][INFO] - 	            (7, 0.9524),
[2024-07-08 15:43:53,067][flwr][INFO] - 	            (8, 0.9579),
[2024-07-08 15:43:53,067][flwr][INFO] - 	            (9, 0.958),
[2024-07-08 15:43:53,067][flwr][INFO] - 	            (10, 0.9583)]}
[2024-07-08 15:43:53,067][flwr][INFO] - 
