[2024-06-20 21:04:34,387][flwr][INFO] - Starting Flower simulation, config: num_rounds=10, no round_timeout
[2024-06-20 21:04:35,449][flwr][INFO] - Flower VCE: Ray initialized with resources: {'memory': 10000339764.0, 'node:__internal_head__': 1.0, 'node:127.0.0.1': 1.0, 'CPU': 12.0, 'object_store_memory': 2147483648.0}
[2024-06-20 21:04:35,449][flwr][INFO] - Optimize your simulation with Flower VCE: https://flower.ai/docs/framework/how-to-run-simulations.html
[2024-06-20 21:04:35,449][flwr][INFO] - Flower VCE: Resources for each Virtual Client: {'num_cpus': 2, 'num_gpus': 0}
[2024-06-20 21:04:35,455][flwr][INFO] - Flower VCE: Creating VirtualClientEngineActorPool with 6 actors
[2024-06-20 21:04:35,456][flwr][INFO] - [INIT]
[2024-06-20 21:04:35,456][flwr][INFO] - Requesting initial parameters from one random client
[2024-06-20 21:04:37,263][flwr][INFO] - Received initial parameters from one random client
[2024-06-20 21:04:37,263][flwr][INFO] - Evaluating initial global parameters
[2024-06-20 21:04:37,701][flwr][INFO] - initial parameters (loss, other metrics): 181.76928067207336, {'accuracy': 0.1086, 'precision': 0.12349967530374152, 'recall': 0.1086, 'f1': 0.03553137346181725, 'confusion_matrix': array([[   0,    8,    0,  956,    0,    1,    0,   15,    0,    0],
       [   0,  122,    0, 1013,    0,    0,    0,    0,    0,    0],
       [   0,   38,    0,  971,    0,    0,    3,   19,    1,    0],
       [   0,   44,    0,  945,    1,    1,    0,   17,    2,    0],
       [   0,  143,    0,  816,    1,    0,    2,   20,    0,    0],
       [   0,  118,    0,  735,    1,    7,    0,   30,    1,    0],
       [   0,  144,    0,  749,   25,    0,    2,   38,    0,    0],
       [   0,  272,    0,  724,    8,    0,    0,    9,   15,    0],
       [   0,   81,    0,  859,    1,    0,    1,   32,    0,    0],
       [   0,  178,    0,  799,    1,    0,    0,   31,    0,    0]])}
[2024-06-20 21:04:37,701][flwr][INFO] - 
[2024-06-20 21:04:37,701][flwr][INFO] - [ROUND 1]
[2024-06-20 21:04:37,701][flwr][INFO] - configure_fit: strategy sampled 10 clients (out of 100)
[2024-06-20 21:04:44,544][flwr][INFO] - aggregate_fit: received 10 results and 0 failures
[2024-06-20 21:04:44,551][flwr][WARNING] - No fit_metrics_aggregation_fn provided
[2024-06-20 21:04:45,180][flwr][INFO] - fit progress: (1, 640247.9663085938, {'accuracy': 0.0691, 'precision': 0.06695287247191248, 'recall': 0.0691, 'f1': 0.056264115950423445, 'confusion_matrix': array([[102, 299,  39,  11, 363,  19, 102,   0,  13,  32],
       [254, 176, 515,  47, 110,   1,  30,   0,   0,   2],
       [156, 434,  29,   7,  39,  15, 291,   0,   3,  58],
       [116, 177, 220,  34,  36,  33, 197,   3,   7, 187],
       [329, 192, 104,  73,  83,  11, 173,   1,   1,  15],
       [ 98, 142, 274,  39,  33,  18, 115,   6,  24, 143],
       [139, 331, 121,   6,  71,   6, 232,   0,   1,  51],
       [136, 215, 316, 111,  73,   5, 113,   0,  38,  21],
       [207, 142, 220,  14,  57,   2, 299,   2,   4,  27],
       [209,  93, 314,  39,  51,   1, 279,   0,  10,  13]])}, 7.479569958)
[2024-06-20 21:04:45,181][flwr][INFO] - configure_evaluate: no clients selected, skipping evaluation
[2024-06-20 21:04:45,181][flwr][INFO] - 
[2024-06-20 21:04:45,181][flwr][INFO] - [ROUND 2]
[2024-06-20 21:04:45,182][flwr][INFO] - configure_fit: strategy sampled 10 clients (out of 100)
[2024-06-20 21:04:50,850][flwr][INFO] - aggregate_fit: received 10 results and 0 failures
[2024-06-20 21:04:51,300][flwr][INFO] - fit progress: (2, 13406056.265625, {'accuracy': 0.2253, 'precision': 0.23855938196082674, 'recall': 0.2253, 'f1': 0.18551540324388457, 'confusion_matrix': array([[175,  75,  23,   6, 338,  37,  15, 213,   3,  95],
       [ 20, 594,   5,   6,  68,   7,   0, 297,   4, 134],
       [ 53, 187,  18,  17, 109,  88,  65, 147,  14, 334],
       [ 42,  92,  42,  22,  67, 145,  28, 316,  11, 245],
       [ 10, 223,   4,   4, 438,  26,   6, 138,   2, 131],
       [ 35,  85,  29,  24, 119,  77,   8, 194,  41, 280],
       [ 76, 110,  64,   3, 124,  45,  87, 153,   5, 291],
       [ 26, 167,   2,   3,  78,  12,   2, 587,   5, 146],
       [ 60,  80,  42,   5, 222,  33,  21, 213,  42, 256],
       [ 42, 134,  13,   4, 250,  16,   8, 323,   6, 213]])}, 13.599571583)
[2024-06-20 21:04:51,301][flwr][INFO] - configure_evaluate: no clients selected, skipping evaluation
[2024-06-20 21:04:51,301][flwr][INFO] - 
[2024-06-20 21:04:51,301][flwr][INFO] - [ROUND 3]
[2024-06-20 21:04:51,301][flwr][INFO] - configure_fit: strategy sampled 10 clients (out of 100)
[2024-06-20 21:04:56,518][flwr][INFO] - aggregate_fit: received 10 results and 0 failures
[2024-06-20 21:04:56,972][flwr][INFO] - fit progress: (3, 283778308.0, {'accuracy': 0.2785, 'precision': 0.28549233226260223, 'recall': 0.2785, 'f1': 0.2592673426349876, 'confusion_matrix': array([[304,  44,  33,  20, 291,  41,  20, 122,  35,  70],
       [ 29, 622,  18,  21,  86,  13,   4, 171,  28, 143],
       [ 70,  90,  55,  40, 136,  89, 112,  86,  47, 307],
       [ 44,  49,  64,  80,  77, 216,  43, 196,  84, 157],
       [ 32, 144,   9,   6, 478,  37,  11, 109,  30, 126],
       [ 48,  55,  29,  54, 111, 110,  15, 112, 180, 178],
       [ 93,  57, 106,   6, 136,  51, 159, 100,  44, 206],
       [ 43, 110,   5,   8,  91,  29,   6, 557,  28, 151],
       [ 55,  29,  50,  25, 241,  64,  26,  97, 197, 190],
       [ 69,  87,  14,   8, 267,  25,  13, 271,  32, 223]])}, 19.271045875)
[2024-06-20 21:04:56,972][flwr][INFO] - configure_evaluate: no clients selected, skipping evaluation
[2024-06-20 21:04:56,972][flwr][INFO] - 
[2024-06-20 21:04:56,972][flwr][INFO] - [ROUND 4]
[2024-06-20 21:04:56,972][flwr][INFO] - configure_fit: strategy sampled 10 clients (out of 100)
[2024-06-20 21:05:02,238][flwr][INFO] - aggregate_fit: received 10 results and 0 failures
[2024-06-20 21:05:02,686][flwr][INFO] - fit progress: (4, 7145036640.0, {'accuracy': 0.2979, 'precision': 0.30231049254587844, 'recall': 0.2979, 'f1': 0.2821306649524815, 'confusion_matrix': array([[359,  38,  38,  28, 262,  39,  24,  93,  35,  64],
       [ 39, 664,  18,  21,  99,  10,   4, 116,  31, 133],
       [ 88,  84,  73,  45, 135,  80, 131,  63,  49, 284],
       [ 53,  43,  79, 115,  82, 195,  52, 156, 101, 134],
       [ 42, 143,  10,   7, 482,  35,  18,  97,  26, 122],
       [ 56,  56,  30,  67, 117, 109,  18,  81, 195, 163],
       [108,  53, 113,   6, 135,  42, 207,  79,  44, 171],
       [ 54, 110,   8,   8, 101,  28,   5, 529,  26, 159],
       [ 60,  29,  51,  35, 243,  60,  34,  74, 210, 178],
       [ 83,  83,  16,   9, 267,  25,  22, 238,  35, 231]])}, 24.98541825)
[2024-06-20 21:05:02,686][flwr][INFO] - configure_evaluate: no clients selected, skipping evaluation
[2024-06-20 21:05:02,686][flwr][INFO] - 
[2024-06-20 21:05:02,686][flwr][INFO] - [ROUND 5]
[2024-06-20 21:05:02,687][flwr][INFO] - configure_fit: strategy sampled 10 clients (out of 100)
[2024-06-20 21:05:07,921][flwr][INFO] - aggregate_fit: received 10 results and 0 failures
[2024-06-20 21:05:08,375][flwr][INFO] - fit progress: (5, 187850454016.0, {'accuracy': 0.3032, 'precision': 0.3075012047132071, 'recall': 0.3032, 'f1': 0.2891098724877614, 'confusion_matrix': array([[375,  32,  37,  34, 256,  39,  24,  89,  35,  59],
       [ 47, 651,  19,  22,  97,  10,   4, 120,  32, 133],
       [ 92,  73,  81,  53, 130,  76, 142,  61,  51, 273],
       [ 58,  38,  87, 130,  78, 186,  53, 139, 107, 134],
       [ 46, 137,  12,   7, 482,  35,  21,  92,  28, 122],
       [ 57,  54,  31,  72, 117, 107,  19,  76, 199, 160],
       [111,  53, 115,   6, 132,  37, 219,  75,  46, 164],
       [ 59, 104,  10,   8, 101,  27,   6, 527,  25, 161],
       [ 62,  28,  50,  37, 240,  55,  36,  71, 222, 173],
       [ 89,  74,  18,  10, 268,  23,  24, 229,  36, 238]])}, 30.674627667)
[2024-06-20 21:05:08,375][flwr][INFO] - configure_evaluate: no clients selected, skipping evaluation
[2024-06-20 21:05:08,375][flwr][INFO] - 
[2024-06-20 21:05:08,375][flwr][INFO] - [ROUND 6]
[2024-06-20 21:05:08,376][flwr][INFO] - configure_fit: strategy sampled 10 clients (out of 100)
[2024-06-20 21:05:13,494][flwr][INFO] - aggregate_fit: received 10 results and 0 failures
[2024-06-20 21:05:13,942][flwr][INFO] - fit progress: (6, 5021820575744.0, {'accuracy': 0.3052, 'precision': 0.30886274078215575, 'recall': 0.3052, 'f1': 0.29163443790812305, 'confusion_matrix': array([[381,  30,  39,  34, 253,  39,  25,  87,  34,  58],
       [ 48, 653,  19,  23,  95,  11,   4, 118,  31, 133],
       [ 94,  72,  83,  54, 123,  76, 147,  58,  54, 271],
       [ 61,  38,  90, 135,  75, 185,  53, 134, 109, 130],
       [ 49, 135,  13,   8, 478,  35,  21,  91,  28, 124],
       [ 58,  54,  31,  74, 114, 106,  22,  75, 201, 157],
       [115,  50, 117,   6, 128,  38, 226,  71,  48, 159],
       [ 60, 105,  10,   9,  99,  27,   6, 523,  24, 165],
       [ 62,  28,  50,  38, 239,  54,  36,  67, 225, 175],
       [ 92,  73,  19,  10, 264,  22,  25, 225,  37, 242]])}, 36.242031833000006)
[2024-06-20 21:05:13,943][flwr][INFO] - configure_evaluate: no clients selected, skipping evaluation
[2024-06-20 21:05:13,943][flwr][INFO] - 
[2024-06-20 21:05:13,943][flwr][INFO] - [ROUND 7]
[2024-06-20 21:05:13,943][flwr][INFO] - configure_fit: strategy sampled 10 clients (out of 100)
[2024-06-20 21:05:19,207][flwr][INFO] - aggregate_fit: received 10 results and 0 failures
[2024-06-20 21:05:19,657][flwr][INFO] - fit progress: (7, 135159289085952.0, {'accuracy': 0.3061, 'precision': 0.309622575096526, 'recall': 0.3061, 'f1': 0.2926819282335371, 'confusion_matrix': array([[381,  29,  41,  34, 252,  39,  26,  87,  34,  57],
       [ 48, 656,  18,  23,  95,  11,   4, 117,  31, 132],
       [ 93,  72,  84,  57, 122,  77, 148,  58,  54, 267],
       [ 61,  38,  91, 140,  74, 182,  53, 133, 109, 129],
       [ 49, 135,  13,   8, 478,  35,  21,  91,  28, 124],
       [ 58,  54,  31,  75, 115, 105,  22,  74, 201, 157],
       [115,  50, 118,   6, 129,  38, 226,  70,  47, 159],
       [ 61, 106,   9,   9,  99,  27,   6, 521,  25, 165],
       [ 62,  29,  51,  38, 236,  54,  37,  67, 226, 174],
       [ 93,  72,  19,  10, 264,  22,  25, 224,  36, 244]])}, 41.957203750000005)
[2024-06-20 21:05:19,658][flwr][INFO] - configure_evaluate: no clients selected, skipping evaluation
[2024-06-20 21:05:19,658][flwr][INFO] - 
[2024-06-20 21:05:19,658][flwr][INFO] - [ROUND 8]
[2024-06-20 21:05:19,658][flwr][INFO] - configure_fit: strategy sampled 10 clients (out of 100)
[2024-06-20 21:05:24,881][flwr][INFO] - aggregate_fit: received 10 results and 0 failures
[2024-06-20 21:05:25,338][flwr][INFO] - fit progress: (8, 3645333072510976.0, {'accuracy': 0.3062, 'precision': 0.3097214384942853, 'recall': 0.3062, 'f1': 0.29284862912011334, 'confusion_matrix': array([[381,  29,  41,  34, 252,  39,  26,  87,  34,  57],
       [ 47, 657,  18,  24,  94,  12,   4, 116,  31, 132],
       [ 93,  72,  84,  57, 123,  77, 148,  57,  54, 267],
       [ 61,  38,  91, 141,  74, 181,  53, 133, 109, 129],
       [ 49, 135,  13,   8, 477,  35,  22,  91,  28, 124],
       [ 58,  54,  31,  75, 115, 105,  22,  74, 201, 157],
       [115,  50, 119,   6, 129,  38, 226,  70,  47, 158],
       [ 61, 106,   9,   9,  99,  27,   6, 521,  25, 165],
       [ 62,  29,  51,  38, 236,  54,  37,  67, 226, 174],
       [ 93,  72,  18,  10, 266,  22,  25, 222,  37, 244]])}, 47.638605042)
[2024-06-20 21:05:25,339][flwr][INFO] - configure_evaluate: no clients selected, skipping evaluation
[2024-06-20 21:05:25,339][flwr][INFO] - 
[2024-06-20 21:05:25,339][flwr][INFO] - [ROUND 9]
[2024-06-20 21:05:25,339][flwr][INFO] - configure_fit: strategy sampled 10 clients (out of 100)
[2024-06-20 21:05:30,685][flwr][INFO] - aggregate_fit: received 10 results and 0 failures
[2024-06-20 21:05:31,139][flwr][INFO] - fit progress: (9, 9.83917910776873e+16, {'accuracy': 0.3062, 'precision': 0.3097151127289856, 'recall': 0.3062, 'f1': 0.2928781068531034, 'confusion_matrix': array([[381,  29,  41,  34, 252,  39,  26,  87,  34,  57],
       [ 47, 657,  18,  24,  94,  12,   4, 116,  31, 132],
       [ 93,  72,  84,  57, 123,  77, 148,  57,  54, 267],
       [ 61,  38,  91, 141,  74, 181,  53, 133, 109, 129],
       [ 49, 135,  13,   8, 477,  35,  22,  91,  28, 124],
       [ 58,  54,  31,  75, 115, 105,  22,  74, 202, 156],
       [115,  50, 119,   6, 129,  38, 227,  70,  47, 157],
       [ 61, 106,   9,   9,  99,  27,   6, 521,  25, 165],
       [ 62,  29,  51,  38, 236,  54,  37,  67, 226, 174],
       [ 93,  72,  19,  10, 266,  22,  25, 222,  37, 243]])}, 53.438910500000006)
[2024-06-20 21:05:31,139][flwr][INFO] - configure_evaluate: no clients selected, skipping evaluation
[2024-06-20 21:05:31,139][flwr][INFO] - 
[2024-06-20 21:05:31,139][flwr][INFO] - [ROUND 10]
[2024-06-20 21:05:31,140][flwr][INFO] - configure_fit: strategy sampled 10 clients (out of 100)
[2024-06-20 21:05:36,442][flwr][INFO] - aggregate_fit: received 10 results and 0 failures
[2024-06-20 21:05:36,892][flwr][INFO] - fit progress: (10, 2.656288393977135e+18, {'accuracy': 0.3062, 'precision': 0.3097151127289856, 'recall': 0.3062, 'f1': 0.2928781068531034, 'confusion_matrix': array([[381,  29,  41,  34, 252,  39,  26,  87,  34,  57],
       [ 47, 657,  18,  24,  94,  12,   4, 116,  31, 132],
       [ 93,  72,  84,  57, 123,  77, 148,  57,  54, 267],
       [ 61,  38,  91, 141,  74, 181,  53, 133, 109, 129],
       [ 49, 135,  13,   8, 477,  35,  22,  91,  28, 124],
       [ 58,  54,  31,  75, 115, 105,  22,  74, 202, 156],
       [115,  50, 119,   6, 129,  38, 227,  70,  47, 157],
       [ 61, 106,   9,   9,  99,  27,   6, 521,  25, 165],
       [ 62,  29,  51,  38, 236,  54,  37,  67, 226, 174],
       [ 93,  72,  19,  10, 266,  22,  25, 222,  37, 243]])}, 59.192242958)
[2024-06-20 21:05:36,892][flwr][INFO] - configure_evaluate: no clients selected, skipping evaluation
[2024-06-20 21:05:36,892][flwr][INFO] - 
[2024-06-20 21:05:36,893][flwr][INFO] - [SUMMARY]
[2024-06-20 21:05:36,893][flwr][INFO] - Run finished 10 round(s) in 59.19s
[2024-06-20 21:05:36,897][flwr][INFO] - 	History (loss, centralized):
[2024-06-20 21:05:36,898][flwr][INFO] - 		round 0: 181.76928067207336
[2024-06-20 21:05:36,898][flwr][INFO] - 		round 1: 640247.9663085938
[2024-06-20 21:05:36,898][flwr][INFO] - 		round 2: 13406056.265625
[2024-06-20 21:05:36,898][flwr][INFO] - 		round 3: 283778308.0
[2024-06-20 21:05:36,898][flwr][INFO] - 		round 4: 7145036640.0
[2024-06-20 21:05:36,898][flwr][INFO] - 		round 5: 187850454016.0
[2024-06-20 21:05:36,898][flwr][INFO] - 		round 6: 5021820575744.0
[2024-06-20 21:05:36,898][flwr][INFO] - 		round 7: 135159289085952.0
[2024-06-20 21:05:36,898][flwr][INFO] - 		round 8: 3645333072510976.0
[2024-06-20 21:05:36,898][flwr][INFO] - 		round 9: 9.83917910776873e+16
[2024-06-20 21:05:36,898][flwr][INFO] - 		round 10: 2.656288393977135e+18
[2024-06-20 21:05:36,898][flwr][INFO] - 	History (metrics, centralized):
[2024-06-20 21:05:36,898][flwr][INFO] - 	{'accuracy': [(0, 0.1086),
[2024-06-20 21:05:36,898][flwr][INFO] - 	              (1, 0.0691),
[2024-06-20 21:05:36,898][flwr][INFO] - 	              (2, 0.2253),
[2024-06-20 21:05:36,898][flwr][INFO] - 	              (3, 0.2785),
[2024-06-20 21:05:36,898][flwr][INFO] - 	              (4, 0.2979),
[2024-06-20 21:05:36,898][flwr][INFO] - 	              (5, 0.3032),
[2024-06-20 21:05:36,898][flwr][INFO] - 	              (6, 0.3052),
[2024-06-20 21:05:36,898][flwr][INFO] - 	              (7, 0.3061),
[2024-06-20 21:05:36,898][flwr][INFO] - 	              (8, 0.3062),
[2024-06-20 21:05:36,898][flwr][INFO] - 	              (9, 0.3062),
[2024-06-20 21:05:36,898][flwr][INFO] - 	              (10, 0.3062)],
[2024-06-20 21:05:36,898][flwr][INFO] - 	 'confusion_matrix': [(0,
[2024-06-20 21:05:36,898][flwr][INFO] - 	                       array([[   0,    8,    0,  956,    0,    1,    0,   15,    0,    0],
[2024-06-20 21:05:36,898][flwr][INFO] - 	       [   0,  122,    0, 1013,    0,    0,    0,    0,    0,    0],
[2024-06-20 21:05:36,898][flwr][INFO] - 	       [   0,   38,    0,  971,    0,    0,    3,   19,    1,    0],
[2024-06-20 21:05:36,898][flwr][INFO] - 	       [   0,   44,    0,  945,    1,    1,    0,   17,    2,    0],
[2024-06-20 21:05:36,898][flwr][INFO] - 	       [   0,  143,    0,  816,    1,    0,    2,   20,    0,    0],
[2024-06-20 21:05:36,898][flwr][INFO] - 	       [   0,  118,    0,  735,    1,    7,    0,   30,    1,    0],
[2024-06-20 21:05:36,898][flwr][INFO] - 	       [   0,  144,    0,  749,   25,    0,    2,   38,    0,    0],
[2024-06-20 21:05:36,899][flwr][INFO] - 	       [   0,  272,    0,  724,    8,    0,    0,    9,   15,    0],
[2024-06-20 21:05:36,899][flwr][INFO] - 	       [   0,   81,    0,  859,    1,    0,    1,   32,    0,    0],
[2024-06-20 21:05:36,899][flwr][INFO] - 	       [   0,  178,    0,  799,    1,    0,    0,   31,    0,    0]])),
[2024-06-20 21:05:36,899][flwr][INFO] - 	                      (1,
[2024-06-20 21:05:36,899][flwr][INFO] - 	                       array([[102, 299,  39,  11, 363,  19, 102,   0,  13,  32],
[2024-06-20 21:05:36,899][flwr][INFO] - 	       [254, 176, 515,  47, 110,   1,  30,   0,   0,   2],
[2024-06-20 21:05:36,899][flwr][INFO] - 	       [156, 434,  29,   7,  39,  15, 291,   0,   3,  58],
[2024-06-20 21:05:36,899][flwr][INFO] - 	       [116, 177, 220,  34,  36,  33, 197,   3,   7, 187],
[2024-06-20 21:05:36,899][flwr][INFO] - 	       [329, 192, 104,  73,  83,  11, 173,   1,   1,  15],
[2024-06-20 21:05:36,899][flwr][INFO] - 	       [ 98, 142, 274,  39,  33,  18, 115,   6,  24, 143],
[2024-06-20 21:05:36,899][flwr][INFO] - 	       [139, 331, 121,   6,  71,   6, 232,   0,   1,  51],
[2024-06-20 21:05:36,899][flwr][INFO] - 	       [136, 215, 316, 111,  73,   5, 113,   0,  38,  21],
[2024-06-20 21:05:36,899][flwr][INFO] - 	       [207, 142, 220,  14,  57,   2, 299,   2,   4,  27],
[2024-06-20 21:05:36,899][flwr][INFO] - 	       [209,  93, 314,  39,  51,   1, 279,   0,  10,  13]])),
[2024-06-20 21:05:36,899][flwr][INFO] - 	                      (2,
[2024-06-20 21:05:36,899][flwr][INFO] - 	                       array([[175,  75,  23,   6, 338,  37,  15, 213,   3,  95],
[2024-06-20 21:05:36,899][flwr][INFO] - 	       [ 20, 594,   5,   6,  68,   7,   0, 297,   4, 134],
[2024-06-20 21:05:36,899][flwr][INFO] - 	       [ 53, 187,  18,  17, 109,  88,  65, 147,  14, 334],
[2024-06-20 21:05:36,899][flwr][INFO] - 	       [ 42,  92,  42,  22,  67, 145,  28, 316,  11, 245],
[2024-06-20 21:05:36,899][flwr][INFO] - 	       [ 10, 223,   4,   4, 438,  26,   6, 138,   2, 131],
[2024-06-20 21:05:36,899][flwr][INFO] - 	       [ 35,  85,  29,  24, 119,  77,   8, 194,  41, 280],
[2024-06-20 21:05:36,899][flwr][INFO] - 	       [ 76, 110,  64,   3, 124,  45,  87, 153,   5, 291],
[2024-06-20 21:05:36,899][flwr][INFO] - 	       [ 26, 167,   2,   3,  78,  12,   2, 587,   5, 146],
[2024-06-20 21:05:36,899][flwr][INFO] - 	       [ 60,  80,  42,   5, 222,  33,  21, 213,  42, 256],
[2024-06-20 21:05:36,899][flwr][INFO] - 	       [ 42, 134,  13,   4, 250,  16,   8, 323,   6, 213]])),
[2024-06-20 21:05:36,899][flwr][INFO] - 	                      (3,
[2024-06-20 21:05:36,899][flwr][INFO] - 	                       array([[304,  44,  33,  20, 291,  41,  20, 122,  35,  70],
[2024-06-20 21:05:36,899][flwr][INFO] - 	       [ 29, 622,  18,  21,  86,  13,   4, 171,  28, 143],
[2024-06-20 21:05:36,899][flwr][INFO] - 	       [ 70,  90,  55,  40, 136,  89, 112,  86,  47, 307],
[2024-06-20 21:05:36,899][flwr][INFO] - 	       [ 44,  49,  64,  80,  77, 216,  43, 196,  84, 157],
[2024-06-20 21:05:36,899][flwr][INFO] - 	       [ 32, 144,   9,   6, 478,  37,  11, 109,  30, 126],
[2024-06-20 21:05:36,899][flwr][INFO] - 	       [ 48,  55,  29,  54, 111, 110,  15, 112, 180, 178],
[2024-06-20 21:05:36,899][flwr][INFO] - 	       [ 93,  57, 106,   6, 136,  51, 159, 100,  44, 206],
[2024-06-20 21:05:36,899][flwr][INFO] - 	       [ 43, 110,   5,   8,  91,  29,   6, 557,  28, 151],
[2024-06-20 21:05:36,899][flwr][INFO] - 	       [ 55,  29,  50,  25, 241,  64,  26,  97, 197, 190],
[2024-06-20 21:05:36,899][flwr][INFO] - 	       [ 69,  87,  14,   8, 267,  25,  13, 271,  32, 223]])),
[2024-06-20 21:05:36,899][flwr][INFO] - 	                      (4,
[2024-06-20 21:05:36,899][flwr][INFO] - 	                       array([[359,  38,  38,  28, 262,  39,  24,  93,  35,  64],
[2024-06-20 21:05:36,899][flwr][INFO] - 	       [ 39, 664,  18,  21,  99,  10,   4, 116,  31, 133],
[2024-06-20 21:05:36,899][flwr][INFO] - 	       [ 88,  84,  73,  45, 135,  80, 131,  63,  49, 284],
[2024-06-20 21:05:36,899][flwr][INFO] - 	       [ 53,  43,  79, 115,  82, 195,  52, 156, 101, 134],
[2024-06-20 21:05:36,900][flwr][INFO] - 	       [ 42, 143,  10,   7, 482,  35,  18,  97,  26, 122],
[2024-06-20 21:05:36,900][flwr][INFO] - 	       [ 56,  56,  30,  67, 117, 109,  18,  81, 195, 163],
[2024-06-20 21:05:36,900][flwr][INFO] - 	       [108,  53, 113,   6, 135,  42, 207,  79,  44, 171],
[2024-06-20 21:05:36,900][flwr][INFO] - 	       [ 54, 110,   8,   8, 101,  28,   5, 529,  26, 159],
[2024-06-20 21:05:36,900][flwr][INFO] - 	       [ 60,  29,  51,  35, 243,  60,  34,  74, 210, 178],
[2024-06-20 21:05:36,900][flwr][INFO] - 	       [ 83,  83,  16,   9, 267,  25,  22, 238,  35, 231]])),
[2024-06-20 21:05:36,900][flwr][INFO] - 	                      (5,
[2024-06-20 21:05:36,900][flwr][INFO] - 	                       array([[375,  32,  37,  34, 256,  39,  24,  89,  35,  59],
[2024-06-20 21:05:36,900][flwr][INFO] - 	       [ 47, 651,  19,  22,  97,  10,   4, 120,  32, 133],
[2024-06-20 21:05:36,900][flwr][INFO] - 	       [ 92,  73,  81,  53, 130,  76, 142,  61,  51, 273],
[2024-06-20 21:05:36,900][flwr][INFO] - 	       [ 58,  38,  87, 130,  78, 186,  53, 139, 107, 134],
[2024-06-20 21:05:36,900][flwr][INFO] - 	       [ 46, 137,  12,   7, 482,  35,  21,  92,  28, 122],
[2024-06-20 21:05:36,900][flwr][INFO] - 	       [ 57,  54,  31,  72, 117, 107,  19,  76, 199, 160],
[2024-06-20 21:05:36,900][flwr][INFO] - 	       [111,  53, 115,   6, 132,  37, 219,  75,  46, 164],
[2024-06-20 21:05:36,900][flwr][INFO] - 	       [ 59, 104,  10,   8, 101,  27,   6, 527,  25, 161],
[2024-06-20 21:05:36,900][flwr][INFO] - 	       [ 62,  28,  50,  37, 240,  55,  36,  71, 222, 173],
[2024-06-20 21:05:36,900][flwr][INFO] - 	       [ 89,  74,  18,  10, 268,  23,  24, 229,  36, 238]])),
[2024-06-20 21:05:36,900][flwr][INFO] - 	                      (6,
[2024-06-20 21:05:36,900][flwr][INFO] - 	                       array([[381,  30,  39,  34, 253,  39,  25,  87,  34,  58],
[2024-06-20 21:05:36,900][flwr][INFO] - 	       [ 48, 653,  19,  23,  95,  11,   4, 118,  31, 133],
[2024-06-20 21:05:36,900][flwr][INFO] - 	       [ 94,  72,  83,  54, 123,  76, 147,  58,  54, 271],
[2024-06-20 21:05:36,900][flwr][INFO] - 	       [ 61,  38,  90, 135,  75, 185,  53, 134, 109, 130],
[2024-06-20 21:05:36,900][flwr][INFO] - 	       [ 49, 135,  13,   8, 478,  35,  21,  91,  28, 124],
[2024-06-20 21:05:36,900][flwr][INFO] - 	       [ 58,  54,  31,  74, 114, 106,  22,  75, 201, 157],
[2024-06-20 21:05:36,900][flwr][INFO] - 	       [115,  50, 117,   6, 128,  38, 226,  71,  48, 159],
[2024-06-20 21:05:36,900][flwr][INFO] - 	       [ 60, 105,  10,   9,  99,  27,   6, 523,  24, 165],
[2024-06-20 21:05:36,900][flwr][INFO] - 	       [ 62,  28,  50,  38, 239,  54,  36,  67, 225, 175],
[2024-06-20 21:05:36,900][flwr][INFO] - 	       [ 92,  73,  19,  10, 264,  22,  25, 225,  37, 242]])),
[2024-06-20 21:05:36,900][flwr][INFO] - 	                      (7,
[2024-06-20 21:05:36,900][flwr][INFO] - 	                       array([[381,  29,  41,  34, 252,  39,  26,  87,  34,  57],
[2024-06-20 21:05:36,900][flwr][INFO] - 	       [ 48, 656,  18,  23,  95,  11,   4, 117,  31, 132],
[2024-06-20 21:05:36,900][flwr][INFO] - 	       [ 93,  72,  84,  57, 122,  77, 148,  58,  54, 267],
[2024-06-20 21:05:36,900][flwr][INFO] - 	       [ 61,  38,  91, 140,  74, 182,  53, 133, 109, 129],
[2024-06-20 21:05:36,900][flwr][INFO] - 	       [ 49, 135,  13,   8, 478,  35,  21,  91,  28, 124],
[2024-06-20 21:05:36,900][flwr][INFO] - 	       [ 58,  54,  31,  75, 115, 105,  22,  74, 201, 157],
[2024-06-20 21:05:36,900][flwr][INFO] - 	       [115,  50, 118,   6, 129,  38, 226,  70,  47, 159],
[2024-06-20 21:05:36,900][flwr][INFO] - 	       [ 61, 106,   9,   9,  99,  27,   6, 521,  25, 165],
[2024-06-20 21:05:36,900][flwr][INFO] - 	       [ 62,  29,  51,  38, 236,  54,  37,  67, 226, 174],
[2024-06-20 21:05:36,900][flwr][INFO] - 	       [ 93,  72,  19,  10, 264,  22,  25, 224,  36, 244]])),
[2024-06-20 21:05:36,900][flwr][INFO] - 	                      (8,
[2024-06-20 21:05:36,900][flwr][INFO] - 	                       array([[381,  29,  41,  34, 252,  39,  26,  87,  34,  57],
[2024-06-20 21:05:36,900][flwr][INFO] - 	       [ 47, 657,  18,  24,  94,  12,   4, 116,  31, 132],
[2024-06-20 21:05:36,900][flwr][INFO] - 	       [ 93,  72,  84,  57, 123,  77, 148,  57,  54, 267],
[2024-06-20 21:05:36,901][flwr][INFO] - 	       [ 61,  38,  91, 141,  74, 181,  53, 133, 109, 129],
[2024-06-20 21:05:36,901][flwr][INFO] - 	       [ 49, 135,  13,   8, 477,  35,  22,  91,  28, 124],
[2024-06-20 21:05:36,901][flwr][INFO] - 	       [ 58,  54,  31,  75, 115, 105,  22,  74, 201, 157],
[2024-06-20 21:05:36,901][flwr][INFO] - 	       [115,  50, 119,   6, 129,  38, 226,  70,  47, 158],
[2024-06-20 21:05:36,901][flwr][INFO] - 	       [ 61, 106,   9,   9,  99,  27,   6, 521,  25, 165],
[2024-06-20 21:05:36,901][flwr][INFO] - 	       [ 62,  29,  51,  38, 236,  54,  37,  67, 226, 174],
[2024-06-20 21:05:36,901][flwr][INFO] - 	       [ 93,  72,  18,  10, 266,  22,  25, 222,  37, 244]])),
[2024-06-20 21:05:36,901][flwr][INFO] - 	                      (9,
[2024-06-20 21:05:36,901][flwr][INFO] - 	                       array([[381,  29,  41,  34, 252,  39,  26,  87,  34,  57],
[2024-06-20 21:05:36,901][flwr][INFO] - 	       [ 47, 657,  18,  24,  94,  12,   4, 116,  31, 132],
[2024-06-20 21:05:36,901][flwr][INFO] - 	       [ 93,  72,  84,  57, 123,  77, 148,  57,  54, 267],
[2024-06-20 21:05:36,901][flwr][INFO] - 	       [ 61,  38,  91, 141,  74, 181,  53, 133, 109, 129],
[2024-06-20 21:05:36,901][flwr][INFO] - 	       [ 49, 135,  13,   8, 477,  35,  22,  91,  28, 124],
[2024-06-20 21:05:36,901][flwr][INFO] - 	       [ 58,  54,  31,  75, 115, 105,  22,  74, 202, 156],
[2024-06-20 21:05:36,901][flwr][INFO] - 	       [115,  50, 119,   6, 129,  38, 227,  70,  47, 157],
[2024-06-20 21:05:36,901][flwr][INFO] - 	       [ 61, 106,   9,   9,  99,  27,   6, 521,  25, 165],
[2024-06-20 21:05:36,901][flwr][INFO] - 	       [ 62,  29,  51,  38, 236,  54,  37,  67, 226, 174],
[2024-06-20 21:05:36,901][flwr][INFO] - 	       [ 93,  72,  19,  10, 266,  22,  25, 222,  37, 243]])),
[2024-06-20 21:05:36,901][flwr][INFO] - 	                      (10,
[2024-06-20 21:05:36,901][flwr][INFO] - 	                       array([[381,  29,  41,  34, 252,  39,  26,  87,  34,  57],
[2024-06-20 21:05:36,901][flwr][INFO] - 	       [ 47, 657,  18,  24,  94,  12,   4, 116,  31, 132],
[2024-06-20 21:05:36,901][flwr][INFO] - 	       [ 93,  72,  84,  57, 123,  77, 148,  57,  54, 267],
[2024-06-20 21:05:36,901][flwr][INFO] - 	       [ 61,  38,  91, 141,  74, 181,  53, 133, 109, 129],
[2024-06-20 21:05:36,901][flwr][INFO] - 	       [ 49, 135,  13,   8, 477,  35,  22,  91,  28, 124],
[2024-06-20 21:05:36,901][flwr][INFO] - 	       [ 58,  54,  31,  75, 115, 105,  22,  74, 202, 156],
[2024-06-20 21:05:36,901][flwr][INFO] - 	       [115,  50, 119,   6, 129,  38, 227,  70,  47, 157],
[2024-06-20 21:05:36,901][flwr][INFO] - 	       [ 61, 106,   9,   9,  99,  27,   6, 521,  25, 165],
[2024-06-20 21:05:36,901][flwr][INFO] - 	       [ 62,  29,  51,  38, 236,  54,  37,  67, 226, 174],
[2024-06-20 21:05:36,901][flwr][INFO] - 	       [ 93,  72,  19,  10, 266,  22,  25, 222,  37, 243]]))],
[2024-06-20 21:05:36,901][flwr][INFO] - 	 'f1': [(0, 0.03553137346181725),
[2024-06-20 21:05:36,901][flwr][INFO] - 	        (1, 0.056264115950423445),
[2024-06-20 21:05:36,901][flwr][INFO] - 	        (2, 0.18551540324388457),
[2024-06-20 21:05:36,901][flwr][INFO] - 	        (3, 0.2592673426349876),
[2024-06-20 21:05:36,901][flwr][INFO] - 	        (4, 0.2821306649524815),
[2024-06-20 21:05:36,901][flwr][INFO] - 	        (5, 0.2891098724877614),
[2024-06-20 21:05:36,901][flwr][INFO] - 	        (6, 0.29163443790812305),
[2024-06-20 21:05:36,901][flwr][INFO] - 	        (7, 0.2926819282335371),
[2024-06-20 21:05:36,901][flwr][INFO] - 	        (8, 0.29284862912011334),
[2024-06-20 21:05:36,901][flwr][INFO] - 	        (9, 0.2928781068531034),
[2024-06-20 21:05:36,901][flwr][INFO] - 	        (10, 0.2928781068531034)],
[2024-06-20 21:05:36,901][flwr][INFO] - 	 'precision': [(0, 0.12349967530374152),
[2024-06-20 21:05:36,901][flwr][INFO] - 	               (1, 0.06695287247191248),
[2024-06-20 21:05:36,902][flwr][INFO] - 	               (2, 0.23855938196082674),
[2024-06-20 21:05:36,902][flwr][INFO] - 	               (3, 0.28549233226260223),
[2024-06-20 21:05:36,902][flwr][INFO] - 	               (4, 0.30231049254587844),
[2024-06-20 21:05:36,902][flwr][INFO] - 	               (5, 0.3075012047132071),
[2024-06-20 21:05:36,902][flwr][INFO] - 	               (6, 0.30886274078215575),
[2024-06-20 21:05:36,902][flwr][INFO] - 	               (7, 0.309622575096526),
[2024-06-20 21:05:36,902][flwr][INFO] - 	               (8, 0.3097214384942853),
[2024-06-20 21:05:36,902][flwr][INFO] - 	               (9, 0.3097151127289856),
[2024-06-20 21:05:36,902][flwr][INFO] - 	               (10, 0.3097151127289856)],
[2024-06-20 21:05:36,902][flwr][INFO] - 	 'recall': [(0, 0.1086),
[2024-06-20 21:05:36,902][flwr][INFO] - 	            (1, 0.0691),
[2024-06-20 21:05:36,902][flwr][INFO] - 	            (2, 0.2253),
[2024-06-20 21:05:36,902][flwr][INFO] - 	            (3, 0.2785),
[2024-06-20 21:05:36,902][flwr][INFO] - 	            (4, 0.2979),
[2024-06-20 21:05:36,902][flwr][INFO] - 	            (5, 0.3032),
[2024-06-20 21:05:36,902][flwr][INFO] - 	            (6, 0.3052),
[2024-06-20 21:05:36,902][flwr][INFO] - 	            (7, 0.3061),
[2024-06-20 21:05:36,902][flwr][INFO] - 	            (8, 0.3062),
[2024-06-20 21:05:36,902][flwr][INFO] - 	            (9, 0.3062),
[2024-06-20 21:05:36,902][flwr][INFO] - 	            (10, 0.3062)]}
[2024-06-20 21:05:36,902][flwr][INFO] - 
