[2024-06-20 19:38:40,772][flwr][INFO] - Starting Flower simulation, config: num_rounds=10, no round_timeout
[2024-06-20 19:38:42,792][flwr][INFO] - Flower VCE: Ray initialized with resources: {'memory': 9943053108.0, 'node:__internal_head__': 1.0, 'node:127.0.0.1': 1.0, 'CPU': 12.0, 'object_store_memory': 2147483648.0}
[2024-06-20 19:38:42,792][flwr][INFO] - Optimize your simulation with Flower VCE: https://flower.ai/docs/framework/how-to-run-simulations.html
[2024-06-20 19:38:42,792][flwr][INFO] - Flower VCE: Resources for each Virtual Client: {'num_cpus': 2, 'num_gpus': 0}
[2024-06-20 19:38:42,799][flwr][INFO] - Flower VCE: Creating VirtualClientEngineActorPool with 6 actors
[2024-06-20 19:38:42,799][flwr][INFO] - [INIT]
[2024-06-20 19:38:42,799][flwr][INFO] - Requesting initial parameters from one random client
[2024-06-20 19:38:44,649][flwr][INFO] - Received initial parameters from one random client
[2024-06-20 19:38:44,649][flwr][INFO] - Evaluating initial global parameters
[2024-06-20 19:38:45,239][flwr][INFO] - initial parameters (loss, other metrics): 181.76928067207336, {'accuracy': 0.1086, 'precision': 0.12349967530374152, 'recall': 0.1086, 'f1': 0.03553137346181725, 'confusion_matrix': array([[   0,    8,    0,  956,    0,    1,    0,   15,    0,    0],
       [   0,  122,    0, 1013,    0,    0,    0,    0,    0,    0],
       [   0,   38,    0,  971,    0,    0,    3,   19,    1,    0],
       [   0,   44,    0,  945,    1,    1,    0,   17,    2,    0],
       [   0,  143,    0,  816,    1,    0,    2,   20,    0,    0],
       [   0,  118,    0,  735,    1,    7,    0,   30,    1,    0],
       [   0,  144,    0,  749,   25,    0,    2,   38,    0,    0],
       [   0,  272,    0,  724,    8,    0,    0,    9,   15,    0],
       [   0,   81,    0,  859,    1,    0,    1,   32,    0,    0],
       [   0,  178,    0,  799,    1,    0,    0,   31,    0,    0]])}
[2024-06-20 19:38:45,240][flwr][INFO] - 
[2024-06-20 19:38:45,240][flwr][INFO] - [ROUND 1]
[2024-06-20 19:38:45,240][flwr][INFO] - configure_fit: strategy sampled 10 clients (out of 100)
[2024-06-20 19:38:52,192][flwr][INFO] - aggregate_fit: received 10 results and 0 failures
[2024-06-20 19:38:52,199][flwr][WARNING] - No fit_metrics_aggregation_fn provided
[2024-06-20 19:38:52,632][flwr][INFO] - fit progress: (1, 80777.63873291016, {'accuracy': 0.0957, 'precision': 0.094188656838299, 'recall': 0.0957, 'f1': 0.0631200989990686, 'confusion_matrix': array([[ 66, 393,  74,   1,  18,  25, 402,   0,   1,   0],
       [124, 323, 473,   3, 195,   4,  13,   0,   0,   0],
       [ 57, 374, 215,  95,  25,   1, 252,   2,   9,   2],
       [ 33, 227, 466,  18,  41,   7, 212,   0,   2,   4],
       [147, 367,  94,  91,  11,   4, 261,   4,   2,   1],
       [ 45, 269, 212,  29,  30,  31, 262,   0,   5,   9],
       [ 62, 317, 206,  46,  30,   2, 291,   2,   2,   0],
       [ 80, 221, 150, 121,  28,   6, 419,   1,   1,   1],
       [ 98, 218, 218,  56,  44,   1, 338,   0,   1,   0],
       [ 45, 358,  89,  78,  10,   4, 424,   0,   1,   0]])}, 7.392580917)
[2024-06-20 19:38:52,632][flwr][INFO] - configure_evaluate: no clients selected, skipping evaluation
[2024-06-20 19:38:52,632][flwr][INFO] - 
[2024-06-20 19:38:52,632][flwr][INFO] - [ROUND 2]
[2024-06-20 19:38:52,633][flwr][INFO] - configure_fit: strategy sampled 10 clients (out of 100)
[2024-06-20 19:38:57,927][flwr][INFO] - aggregate_fit: received 10 results and 0 failures
[2024-06-20 19:38:58,370][flwr][INFO] - fit progress: (2, 397441.8771972656, {'accuracy': 0.2198, 'precision': 0.21015235704445412, 'recall': 0.2198, 'f1': 0.1488497114613971, 'confusion_matrix': array([[  72,  250,   18,   68,    0,  396,   21,  154,    0,    1],
       [   0, 1000,    1,    6,    0,   48,    2,   54,    0,   24],
       [   9,  362,   42,  251,    1,  137,  116,   59,    0,   55],
       [   3,  257,    5,   83,    1,  529,   14,  108,    6,    4],
       [  26,  535,   30,   65,    3,   82,   17,  174,   24,   26],
       [   9,  278,    2,   48,    0,  373,   19,  161,    0,    2],
       [  20,  376,    6,  112,    5,   54,  123,   70,    3,  189],
       [  10,  290,   12,   11,    0,  191,    8,  495,    2,    9],
       [   5,  499,    6,  109,    0,  155,   38,  155,    3,    4],
       [  26,  458,   24,   22,    4,   94,   30,  340,    7,    4]])}, 13.131037833)
[2024-06-20 19:38:58,371][flwr][INFO] - configure_evaluate: no clients selected, skipping evaluation
[2024-06-20 19:38:58,371][flwr][INFO] - 
[2024-06-20 19:38:58,371][flwr][INFO] - [ROUND 3]
[2024-06-20 19:38:58,371][flwr][INFO] - configure_fit: strategy sampled 10 clients (out of 100)
[2024-06-20 19:39:03,775][flwr][INFO] - aggregate_fit: received 10 results and 0 failures
[2024-06-20 19:39:04,222][flwr][INFO] - fit progress: (3, 1433195.7919921875, {'accuracy': 0.2789, 'precision': 0.29392653171932587, 'recall': 0.2789, 'f1': 0.2509271452845723, 'confusion_matrix': array([[415,  55,  14,  57,  32,  29,  29, 333,   5,  11],
       [  0, 687,  27,  24, 126,   2,  42,  58,  32, 137],
       [ 22, 141, 165, 151, 117,   9, 180, 179,   7,  61],
       [ 48, 176,  25, 206,  15,  34,  76, 278,  90,  62],
       [ 38, 130,  32,  57, 170,  14,  63, 303, 104,  71],
       [ 54, 137,  11, 109,  40,  58,  50, 334,  36,  63],
       [ 37,  47,  10,  57, 183,   3, 130, 348,  10, 133],
       [ 28,  63,  15,  13,  40,   9,  23, 761,  38,  38],
       [ 51, 183,  13, 133,  62,  11, 180, 244,  33,  64],
       [ 35,  54,  18,   7, 143,  10,  67, 486,  25, 164]])}, 18.9832935)
[2024-06-20 19:39:04,223][flwr][INFO] - configure_evaluate: no clients selected, skipping evaluation
[2024-06-20 19:39:04,223][flwr][INFO] - 
[2024-06-20 19:39:04,223][flwr][INFO] - [ROUND 4]
[2024-06-20 19:39:04,223][flwr][INFO] - configure_fit: strategy sampled 10 clients (out of 100)
[2024-06-20 19:39:09,436][flwr][INFO] - aggregate_fit: received 10 results and 0 failures
[2024-06-20 19:39:09,889][flwr][INFO] - fit progress: (4, 5261216.9453125, {'accuracy': 0.3447, 'precision': 0.3284839044433088, 'recall': 0.3447, 'f1': 0.3229470843217103, 'confusion_matrix': array([[531,  37,  79, 100,  12, 116,  23,  52,   6,  24],
       [  0, 813, 212,   6,  11,  19,   2,   4,  44,  24],
       [ 35,  85, 651,  78,  26,  37,  44,  43,  11,  22],
       [ 59, 158, 110, 294,   9, 127,  42,  28, 134,  49],
       [ 46, 101, 264,  76, 115,  46,  72,  91, 103,  68],
       [ 59, 107,  82, 175,  26, 212,  46,  57,  95,  33],
       [ 46,  47, 195, 137,  96,  15, 176, 103,  32, 111],
       [ 34,  75, 229,  33,  21,  67,  34, 397,  48,  90],
       [ 53, 142, 143, 224,  29,  73, 131,  30,  84,  65],
       [ 37,  73, 255,  30, 121,  71, 103, 116,  29, 174]])}, 24.650150292)
[2024-06-20 19:39:09,889][flwr][INFO] - configure_evaluate: no clients selected, skipping evaluation
[2024-06-20 19:39:09,889][flwr][INFO] - 
[2024-06-20 19:39:09,889][flwr][INFO] - [ROUND 5]
[2024-06-20 19:39:09,890][flwr][INFO] - configure_fit: strategy sampled 10 clients (out of 100)
[2024-06-20 19:39:15,650][flwr][INFO] - aggregate_fit: received 10 results and 0 failures
[2024-06-20 19:39:16,104][flwr][INFO] - fit progress: (5, 23092398.453125, {'accuracy': 0.3829, 'precision': 0.3753528237840435, 'recall': 0.3829, 'f1': 0.3658278740105273, 'confusion_matrix': array([[538,  44,  56, 112,  14,  90,  71,  36,   5,  14],
       [  0, 821, 164,   9,   5,  15,  18,   9,  48,  46],
       [ 27,  69, 588,  82,  30,  43, 112,  38,  16,  27],
       [ 59, 130,  71, 360,   3, 111,  77,  35, 123,  41],
       [ 44,  83, 189,  93, 108,  38, 172,  94,  78,  83],
       [ 44,  77,  55, 236,  21, 183,  90,  56,  99,  31],
       [ 46,  44, 115, 112,  45,  12, 394,  87,  23,  80],
       [ 30,  57, 119,  34,  14,  58,  69, 496,  34, 117],
       [ 37,  98,  90, 245,  15,  74, 261,  24,  91,  39],
       [ 31,  47, 123,  50,  71,  54, 239, 101,  43, 250]])}, 30.866125583)
[2024-06-20 19:39:16,105][flwr][INFO] - configure_evaluate: no clients selected, skipping evaluation
[2024-06-20 19:39:16,105][flwr][INFO] - 
[2024-06-20 19:39:16,105][flwr][INFO] - [ROUND 6]
[2024-06-20 19:39:16,106][flwr][INFO] - configure_fit: strategy sampled 10 clients (out of 100)
[2024-06-20 19:39:21,390][flwr][INFO] - aggregate_fit: received 10 results and 0 failures
[2024-06-20 19:39:21,838][flwr][INFO] - fit progress: (6, 111402189.0625, {'accuracy': 0.393, 'precision': 0.3928384095595255, 'recall': 0.393, 'f1': 0.38055995951720123, 'confusion_matrix': array([[509,  26,  84,  96,  17, 123,  74,  30,   4,  17],
       [  0, 816, 164,   5,  11,  28,   4,   5,  42,  60],
       [ 27,  62, 650,  74,  31,  53,  68,  37,  12,  18],
       [ 66, 129, 110, 340,   4, 133,  51,  49, 101,  27],
       [ 34,  71, 241,  77, 216,  53, 107,  62,  50,  71],
       [ 44,  66,  72, 235,  32, 223,  60,  49,  79,  32],
       [ 38,  44, 170,  69,  77,  17, 390,  71,  18,  64],
       [ 29,  49, 181,  33,  21,  72,  55, 452,  35, 101],
       [ 32,  77, 128, 234,  25, 125, 199,  25,  91,  38],
       [ 21,  37, 183,  41, 127,  65, 170,  90,  32, 243]])}, 36.600171208)
[2024-06-20 19:39:21,839][flwr][INFO] - configure_evaluate: no clients selected, skipping evaluation
[2024-06-20 19:39:21,839][flwr][INFO] - 
[2024-06-20 19:39:21,839][flwr][INFO] - [ROUND 7]
[2024-06-20 19:39:21,839][flwr][INFO] - configure_fit: strategy sampled 10 clients (out of 100)
[2024-06-20 19:39:27,089][flwr][INFO] - aggregate_fit: received 10 results and 0 failures
[2024-06-20 19:39:27,533][flwr][INFO] - fit progress: (7, 544110074.0, {'accuracy': 0.3928, 'precision': 0.3877823360932185, 'recall': 0.3928, 'f1': 0.38360071811281393, 'confusion_matrix': array([[602,  19,  54,  61,  11, 134,  55,  30,   6,   8],
       [  0, 715, 143,  13,  12,  41,   4,   5,  96, 106],
       [ 32,  53, 633,  75,  33,  60,  64,  41,  23,  18],
       [ 86,  91, 119, 284,   6, 159,  44,  38, 147,  36],
       [ 52,  65, 204,  74, 231,  74,  85,  65,  65,  67],
       [ 71,  59,  63, 175,  28, 259,  49,  52, 107,  29],
       [ 79,  43, 135,  57,  85,  19, 347,  79,  25,  89],
       [ 33,  55, 124,  35,  22,  68,  41, 503,  49,  98],
       [ 50,  58, 124, 201,  24, 141, 199,  23, 122,  32],
       [ 35,  42, 162,  38, 153,  78, 106, 105,  58, 232]])}, 42.294758083)
[2024-06-20 19:39:27,533][flwr][INFO] - configure_evaluate: no clients selected, skipping evaluation
[2024-06-20 19:39:27,533][flwr][INFO] - 
[2024-06-20 19:39:27,533][flwr][INFO] - [ROUND 8]
[2024-06-20 19:39:27,534][flwr][INFO] - configure_fit: strategy sampled 10 clients (out of 100)
[2024-06-20 19:39:32,823][flwr][INFO] - aggregate_fit: received 10 results and 0 failures
[2024-06-20 19:39:33,275][flwr][INFO] - fit progress: (8, 2796966740.0, {'accuracy': 0.3888, 'precision': 0.38273572351829155, 'recall': 0.3888, 'f1': 0.3803209912013197, 'confusion_matrix': array([[579,  25,  57,  48,   9, 173,  41,  30,   8,  10],
       [  0, 790,  52,  13,  20,  49,   4,  11, 107,  89],
       [ 37,  56, 572,  69,  47,  82,  74,  37,  34,  24],
       [111, 100,  69, 239,   8, 194,  40,  27, 194,  28],
       [ 60,  78, 198,  41, 254,  83,  72,  61,  70,  65],
       [ 87,  46,  44, 121,  30, 302,  51,  48, 137,  26],
       [ 86,  47, 150,  35,  92,  36, 283,  72,  31, 126],
       [ 34,  57, 103,  19,  31,  79,  32, 515,  53, 105],
       [ 61,  62,  92, 125,  34, 227, 171,  27, 145,  30],
       [ 46,  42, 141,  30, 192,  89,  85, 111,  64, 209]])}, 48.037556333)
[2024-06-20 19:39:33,276][flwr][INFO] - configure_evaluate: no clients selected, skipping evaluation
[2024-06-20 19:39:33,276][flwr][INFO] - 
[2024-06-20 19:39:33,276][flwr][INFO] - [ROUND 9]
[2024-06-20 19:39:33,277][flwr][INFO] - configure_fit: strategy sampled 10 clients (out of 100)
[2024-06-20 19:39:38,632][flwr][INFO] - aggregate_fit: received 10 results and 0 failures
[2024-06-20 19:39:39,075][flwr][INFO] - fit progress: (9, 14719084480.0, {'accuracy': 0.3947, 'precision': 0.38772555013250537, 'recall': 0.3947, 'f1': 0.3839860300227732, 'confusion_matrix': array([[551,  53,  47,  41,   9, 178,  47,  32,   7,  15],
       [  0, 870,  25,   5,   6,  61,   1,   6, 102,  59],
       [ 43,  86, 546,  56,  43,  81,  78,  37,  28,  34],
       [ 93, 126,  64, 233,   9, 180,  43,  26, 187,  49],
       [ 62, 100, 182,  33, 238,  87,  82,  55,  75,  68],
       [ 72,  79,  29, 104,  24, 324,  45,  49, 133,  33],
       [ 84,  71, 101,  32,  80,  38, 319,  63,  30, 140],
       [ 32,  70,  97,  22,  30,  80,  36, 487,  55, 119],
       [ 62,  82,  79, 114,  28, 214, 186,  22, 145,  42],
       [ 45,  53, 119,  24, 177,  99,  97,  96,  65, 234]])}, 53.837561458)
[2024-06-20 19:39:39,076][flwr][INFO] - configure_evaluate: no clients selected, skipping evaluation
[2024-06-20 19:39:39,076][flwr][INFO] - 
[2024-06-20 19:39:39,076][flwr][INFO] - [ROUND 10]
[2024-06-20 19:39:39,076][flwr][INFO] - configure_fit: strategy sampled 10 clients (out of 100)
[2024-06-20 19:39:44,258][flwr][INFO] - aggregate_fit: received 10 results and 0 failures
[2024-06-20 19:39:44,831][flwr][INFO] - fit progress: (10, 75856704480.0, {'accuracy': 0.3926, 'precision': 0.38970804770484363, 'recall': 0.3926, 'f1': 0.379359423635409, 'confusion_matrix': array([[534,  56,  75,  57,   9, 163,  40,  22,   8,  16],
       [  0, 896,  29,   6,   2,  56,   1,   6,  86,  53],
       [ 33,  89, 602,  64,  24,  62,  67,  30,  25,  36],
       [ 74, 148,  86, 277,   4, 130,  31,  24, 187,  49],
       [ 52,  85, 225,  73, 165,  81,  65,  74,  85,  77],
       [ 61,  87,  41, 114,  12, 278,  47,  62, 154,  36],
       [ 77,  72, 153,  50,  37,  25, 296,  53,  28, 167],
       [ 32,  65, 136,  22,  15,  77,  35, 480,  41, 125],
       [ 51,  76, 104, 153,  18, 193, 158,  24, 149,  48],
       [ 32,  36, 178,  45,  97,  93,  85, 104,  90, 249]])}, 59.59421866700001)
[2024-06-20 19:39:44,832][flwr][INFO] - configure_evaluate: no clients selected, skipping evaluation
[2024-06-20 19:39:44,833][flwr][INFO] - 
[2024-06-20 19:39:44,833][flwr][INFO] - [SUMMARY]
[2024-06-20 19:39:44,833][flwr][INFO] - Run finished 10 round(s) in 59.60s
[2024-06-20 19:39:44,846][flwr][INFO] - 	History (loss, centralized):
[2024-06-20 19:39:44,847][flwr][INFO] - 		round 0: 181.76928067207336
[2024-06-20 19:39:44,847][flwr][INFO] - 		round 1: 80777.63873291016
[2024-06-20 19:39:44,847][flwr][INFO] - 		round 2: 397441.8771972656
[2024-06-20 19:39:44,847][flwr][INFO] - 		round 3: 1433195.7919921875
[2024-06-20 19:39:44,847][flwr][INFO] - 		round 4: 5261216.9453125
[2024-06-20 19:39:44,847][flwr][INFO] - 		round 5: 23092398.453125
[2024-06-20 19:39:44,847][flwr][INFO] - 		round 6: 111402189.0625
[2024-06-20 19:39:44,847][flwr][INFO] - 		round 7: 544110074.0
[2024-06-20 19:39:44,847][flwr][INFO] - 		round 8: 2796966740.0
[2024-06-20 19:39:44,847][flwr][INFO] - 		round 9: 14719084480.0
[2024-06-20 19:39:44,847][flwr][INFO] - 		round 10: 75856704480.0
[2024-06-20 19:39:44,847][flwr][INFO] - 	History (metrics, centralized):
[2024-06-20 19:39:44,847][flwr][INFO] - 	{'accuracy': [(0, 0.1086),
[2024-06-20 19:39:44,847][flwr][INFO] - 	              (1, 0.0957),
[2024-06-20 19:39:44,847][flwr][INFO] - 	              (2, 0.2198),
[2024-06-20 19:39:44,847][flwr][INFO] - 	              (3, 0.2789),
[2024-06-20 19:39:44,848][flwr][INFO] - 	              (4, 0.3447),
[2024-06-20 19:39:44,848][flwr][INFO] - 	              (5, 0.3829),
[2024-06-20 19:39:44,848][flwr][INFO] - 	              (6, 0.393),
[2024-06-20 19:39:44,848][flwr][INFO] - 	              (7, 0.3928),
[2024-06-20 19:39:44,848][flwr][INFO] - 	              (8, 0.3888),
[2024-06-20 19:39:44,848][flwr][INFO] - 	              (9, 0.3947),
[2024-06-20 19:39:44,848][flwr][INFO] - 	              (10, 0.3926)],
[2024-06-20 19:39:44,848][flwr][INFO] - 	 'confusion_matrix': [(0,
[2024-06-20 19:39:44,848][flwr][INFO] - 	                       array([[   0,    8,    0,  956,    0,    1,    0,   15,    0,    0],
[2024-06-20 19:39:44,848][flwr][INFO] - 	       [   0,  122,    0, 1013,    0,    0,    0,    0,    0,    0],
[2024-06-20 19:39:44,848][flwr][INFO] - 	       [   0,   38,    0,  971,    0,    0,    3,   19,    1,    0],
[2024-06-20 19:39:44,848][flwr][INFO] - 	       [   0,   44,    0,  945,    1,    1,    0,   17,    2,    0],
[2024-06-20 19:39:44,848][flwr][INFO] - 	       [   0,  143,    0,  816,    1,    0,    2,   20,    0,    0],
[2024-06-20 19:39:44,848][flwr][INFO] - 	       [   0,  118,    0,  735,    1,    7,    0,   30,    1,    0],
[2024-06-20 19:39:44,848][flwr][INFO] - 	       [   0,  144,    0,  749,   25,    0,    2,   38,    0,    0],
[2024-06-20 19:39:44,848][flwr][INFO] - 	       [   0,  272,    0,  724,    8,    0,    0,    9,   15,    0],
[2024-06-20 19:39:44,849][flwr][INFO] - 	       [   0,   81,    0,  859,    1,    0,    1,   32,    0,    0],
[2024-06-20 19:39:44,849][flwr][INFO] - 	       [   0,  178,    0,  799,    1,    0,    0,   31,    0,    0]])),
[2024-06-20 19:39:44,849][flwr][INFO] - 	                      (1,
[2024-06-20 19:39:44,849][flwr][INFO] - 	                       array([[ 66, 393,  74,   1,  18,  25, 402,   0,   1,   0],
[2024-06-20 19:39:44,849][flwr][INFO] - 	       [124, 323, 473,   3, 195,   4,  13,   0,   0,   0],
[2024-06-20 19:39:44,849][flwr][INFO] - 	       [ 57, 374, 215,  95,  25,   1, 252,   2,   9,   2],
[2024-06-20 19:39:44,849][flwr][INFO] - 	       [ 33, 227, 466,  18,  41,   7, 212,   0,   2,   4],
[2024-06-20 19:39:44,849][flwr][INFO] - 	       [147, 367,  94,  91,  11,   4, 261,   4,   2,   1],
[2024-06-20 19:39:44,849][flwr][INFO] - 	       [ 45, 269, 212,  29,  30,  31, 262,   0,   5,   9],
[2024-06-20 19:39:44,849][flwr][INFO] - 	       [ 62, 317, 206,  46,  30,   2, 291,   2,   2,   0],
[2024-06-20 19:39:44,849][flwr][INFO] - 	       [ 80, 221, 150, 121,  28,   6, 419,   1,   1,   1],
[2024-06-20 19:39:44,849][flwr][INFO] - 	       [ 98, 218, 218,  56,  44,   1, 338,   0,   1,   0],
[2024-06-20 19:39:44,849][flwr][INFO] - 	       [ 45, 358,  89,  78,  10,   4, 424,   0,   1,   0]])),
[2024-06-20 19:39:44,849][flwr][INFO] - 	                      (2,
[2024-06-20 19:39:44,849][flwr][INFO] - 	                       array([[  72,  250,   18,   68,    0,  396,   21,  154,    0,    1],
[2024-06-20 19:39:44,850][flwr][INFO] - 	       [   0, 1000,    1,    6,    0,   48,    2,   54,    0,   24],
[2024-06-20 19:39:44,850][flwr][INFO] - 	       [   9,  362,   42,  251,    1,  137,  116,   59,    0,   55],
[2024-06-20 19:39:44,850][flwr][INFO] - 	       [   3,  257,    5,   83,    1,  529,   14,  108,    6,    4],
[2024-06-20 19:39:44,850][flwr][INFO] - 	       [  26,  535,   30,   65,    3,   82,   17,  174,   24,   26],
[2024-06-20 19:39:44,850][flwr][INFO] - 	       [   9,  278,    2,   48,    0,  373,   19,  161,    0,    2],
[2024-06-20 19:39:44,850][flwr][INFO] - 	       [  20,  376,    6,  112,    5,   54,  123,   70,    3,  189],
[2024-06-20 19:39:44,850][flwr][INFO] - 	       [  10,  290,   12,   11,    0,  191,    8,  495,    2,    9],
[2024-06-20 19:39:44,851][flwr][INFO] - 	       [   5,  499,    6,  109,    0,  155,   38,  155,    3,    4],
[2024-06-20 19:39:44,852][flwr][INFO] - 	       [  26,  458,   24,   22,    4,   94,   30,  340,    7,    4]])),
[2024-06-20 19:39:44,852][flwr][INFO] - 	                      (3,
[2024-06-20 19:39:44,852][flwr][INFO] - 	                       array([[415,  55,  14,  57,  32,  29,  29, 333,   5,  11],
[2024-06-20 19:39:44,852][flwr][INFO] - 	       [  0, 687,  27,  24, 126,   2,  42,  58,  32, 137],
[2024-06-20 19:39:44,852][flwr][INFO] - 	       [ 22, 141, 165, 151, 117,   9, 180, 179,   7,  61],
[2024-06-20 19:39:44,852][flwr][INFO] - 	       [ 48, 176,  25, 206,  15,  34,  76, 278,  90,  62],
[2024-06-20 19:39:44,852][flwr][INFO] - 	       [ 38, 130,  32,  57, 170,  14,  63, 303, 104,  71],
[2024-06-20 19:39:44,852][flwr][INFO] - 	       [ 54, 137,  11, 109,  40,  58,  50, 334,  36,  63],
[2024-06-20 19:39:44,852][flwr][INFO] - 	       [ 37,  47,  10,  57, 183,   3, 130, 348,  10, 133],
[2024-06-20 19:39:44,853][flwr][INFO] - 	       [ 28,  63,  15,  13,  40,   9,  23, 761,  38,  38],
[2024-06-20 19:39:44,853][flwr][INFO] - 	       [ 51, 183,  13, 133,  62,  11, 180, 244,  33,  64],
[2024-06-20 19:39:44,853][flwr][INFO] - 	       [ 35,  54,  18,   7, 143,  10,  67, 486,  25, 164]])),
[2024-06-20 19:39:44,853][flwr][INFO] - 	                      (4,
[2024-06-20 19:39:44,853][flwr][INFO] - 	                       array([[531,  37,  79, 100,  12, 116,  23,  52,   6,  24],
[2024-06-20 19:39:44,853][flwr][INFO] - 	       [  0, 813, 212,   6,  11,  19,   2,   4,  44,  24],
[2024-06-20 19:39:44,853][flwr][INFO] - 	       [ 35,  85, 651,  78,  26,  37,  44,  43,  11,  22],
[2024-06-20 19:39:44,853][flwr][INFO] - 	       [ 59, 158, 110, 294,   9, 127,  42,  28, 134,  49],
[2024-06-20 19:39:44,853][flwr][INFO] - 	       [ 46, 101, 264,  76, 115,  46,  72,  91, 103,  68],
[2024-06-20 19:39:44,853][flwr][INFO] - 	       [ 59, 107,  82, 175,  26, 212,  46,  57,  95,  33],
[2024-06-20 19:39:44,853][flwr][INFO] - 	       [ 46,  47, 195, 137,  96,  15, 176, 103,  32, 111],
[2024-06-20 19:39:44,853][flwr][INFO] - 	       [ 34,  75, 229,  33,  21,  67,  34, 397,  48,  90],
[2024-06-20 19:39:44,853][flwr][INFO] - 	       [ 53, 142, 143, 224,  29,  73, 131,  30,  84,  65],
[2024-06-20 19:39:44,853][flwr][INFO] - 	       [ 37,  73, 255,  30, 121,  71, 103, 116,  29, 174]])),
[2024-06-20 19:39:44,853][flwr][INFO] - 	                      (5,
[2024-06-20 19:39:44,853][flwr][INFO] - 	                       array([[538,  44,  56, 112,  14,  90,  71,  36,   5,  14],
[2024-06-20 19:39:44,853][flwr][INFO] - 	       [  0, 821, 164,   9,   5,  15,  18,   9,  48,  46],
[2024-06-20 19:39:44,853][flwr][INFO] - 	       [ 27,  69, 588,  82,  30,  43, 112,  38,  16,  27],
[2024-06-20 19:39:44,853][flwr][INFO] - 	       [ 59, 130,  71, 360,   3, 111,  77,  35, 123,  41],
[2024-06-20 19:39:44,854][flwr][INFO] - 	       [ 44,  83, 189,  93, 108,  38, 172,  94,  78,  83],
[2024-06-20 19:39:44,854][flwr][INFO] - 	       [ 44,  77,  55, 236,  21, 183,  90,  56,  99,  31],
[2024-06-20 19:39:44,854][flwr][INFO] - 	       [ 46,  44, 115, 112,  45,  12, 394,  87,  23,  80],
[2024-06-20 19:39:44,854][flwr][INFO] - 	       [ 30,  57, 119,  34,  14,  58,  69, 496,  34, 117],
[2024-06-20 19:39:44,854][flwr][INFO] - 	       [ 37,  98,  90, 245,  15,  74, 261,  24,  91,  39],
[2024-06-20 19:39:44,854][flwr][INFO] - 	       [ 31,  47, 123,  50,  71,  54, 239, 101,  43, 250]])),
[2024-06-20 19:39:44,854][flwr][INFO] - 	                      (6,
[2024-06-20 19:39:44,854][flwr][INFO] - 	                       array([[509,  26,  84,  96,  17, 123,  74,  30,   4,  17],
[2024-06-20 19:39:44,854][flwr][INFO] - 	       [  0, 816, 164,   5,  11,  28,   4,   5,  42,  60],
[2024-06-20 19:39:44,854][flwr][INFO] - 	       [ 27,  62, 650,  74,  31,  53,  68,  37,  12,  18],
[2024-06-20 19:39:44,854][flwr][INFO] - 	       [ 66, 129, 110, 340,   4, 133,  51,  49, 101,  27],
[2024-06-20 19:39:44,854][flwr][INFO] - 	       [ 34,  71, 241,  77, 216,  53, 107,  62,  50,  71],
[2024-06-20 19:39:44,854][flwr][INFO] - 	       [ 44,  66,  72, 235,  32, 223,  60,  49,  79,  32],
[2024-06-20 19:39:44,854][flwr][INFO] - 	       [ 38,  44, 170,  69,  77,  17, 390,  71,  18,  64],
[2024-06-20 19:39:44,854][flwr][INFO] - 	       [ 29,  49, 181,  33,  21,  72,  55, 452,  35, 101],
[2024-06-20 19:39:44,854][flwr][INFO] - 	       [ 32,  77, 128, 234,  25, 125, 199,  25,  91,  38],
[2024-06-20 19:39:44,854][flwr][INFO] - 	       [ 21,  37, 183,  41, 127,  65, 170,  90,  32, 243]])),
[2024-06-20 19:39:44,855][flwr][INFO] - 	                      (7,
[2024-06-20 19:39:44,855][flwr][INFO] - 	                       array([[602,  19,  54,  61,  11, 134,  55,  30,   6,   8],
[2024-06-20 19:39:44,855][flwr][INFO] - 	       [  0, 715, 143,  13,  12,  41,   4,   5,  96, 106],
[2024-06-20 19:39:44,855][flwr][INFO] - 	       [ 32,  53, 633,  75,  33,  60,  64,  41,  23,  18],
[2024-06-20 19:39:44,855][flwr][INFO] - 	       [ 86,  91, 119, 284,   6, 159,  44,  38, 147,  36],
[2024-06-20 19:39:44,855][flwr][INFO] - 	       [ 52,  65, 204,  74, 231,  74,  85,  65,  65,  67],
[2024-06-20 19:39:44,856][flwr][INFO] - 	       [ 71,  59,  63, 175,  28, 259,  49,  52, 107,  29],
[2024-06-20 19:39:44,856][flwr][INFO] - 	       [ 79,  43, 135,  57,  85,  19, 347,  79,  25,  89],
[2024-06-20 19:39:44,856][flwr][INFO] - 	       [ 33,  55, 124,  35,  22,  68,  41, 503,  49,  98],
[2024-06-20 19:39:44,856][flwr][INFO] - 	       [ 50,  58, 124, 201,  24, 141, 199,  23, 122,  32],
[2024-06-20 19:39:44,856][flwr][INFO] - 	       [ 35,  42, 162,  38, 153,  78, 106, 105,  58, 232]])),
[2024-06-20 19:39:44,856][flwr][INFO] - 	                      (8,
[2024-06-20 19:39:44,856][flwr][INFO] - 	                       array([[579,  25,  57,  48,   9, 173,  41,  30,   8,  10],
[2024-06-20 19:39:44,857][flwr][INFO] - 	       [  0, 790,  52,  13,  20,  49,   4,  11, 107,  89],
[2024-06-20 19:39:44,857][flwr][INFO] - 	       [ 37,  56, 572,  69,  47,  82,  74,  37,  34,  24],
[2024-06-20 19:39:44,857][flwr][INFO] - 	       [111, 100,  69, 239,   8, 194,  40,  27, 194,  28],
[2024-06-20 19:39:44,857][flwr][INFO] - 	       [ 60,  78, 198,  41, 254,  83,  72,  61,  70,  65],
[2024-06-20 19:39:44,858][flwr][INFO] - 	       [ 87,  46,  44, 121,  30, 302,  51,  48, 137,  26],
[2024-06-20 19:39:44,858][flwr][INFO] - 	       [ 86,  47, 150,  35,  92,  36, 283,  72,  31, 126],
[2024-06-20 19:39:44,858][flwr][INFO] - 	       [ 34,  57, 103,  19,  31,  79,  32, 515,  53, 105],
[2024-06-20 19:39:44,858][flwr][INFO] - 	       [ 61,  62,  92, 125,  34, 227, 171,  27, 145,  30],
[2024-06-20 19:39:44,859][flwr][INFO] - 	       [ 46,  42, 141,  30, 192,  89,  85, 111,  64, 209]])),
[2024-06-20 19:39:44,859][flwr][INFO] - 	                      (9,
[2024-06-20 19:39:44,859][flwr][INFO] - 	                       array([[551,  53,  47,  41,   9, 178,  47,  32,   7,  15],
[2024-06-20 19:39:44,859][flwr][INFO] - 	       [  0, 870,  25,   5,   6,  61,   1,   6, 102,  59],
[2024-06-20 19:39:44,859][flwr][INFO] - 	       [ 43,  86, 546,  56,  43,  81,  78,  37,  28,  34],
[2024-06-20 19:39:44,860][flwr][INFO] - 	       [ 93, 126,  64, 233,   9, 180,  43,  26, 187,  49],
[2024-06-20 19:39:44,860][flwr][INFO] - 	       [ 62, 100, 182,  33, 238,  87,  82,  55,  75,  68],
[2024-06-20 19:39:44,860][flwr][INFO] - 	       [ 72,  79,  29, 104,  24, 324,  45,  49, 133,  33],
[2024-06-20 19:39:44,860][flwr][INFO] - 	       [ 84,  71, 101,  32,  80,  38, 319,  63,  30, 140],
[2024-06-20 19:39:44,860][flwr][INFO] - 	       [ 32,  70,  97,  22,  30,  80,  36, 487,  55, 119],
[2024-06-20 19:39:44,860][flwr][INFO] - 	       [ 62,  82,  79, 114,  28, 214, 186,  22, 145,  42],
[2024-06-20 19:39:44,860][flwr][INFO] - 	       [ 45,  53, 119,  24, 177,  99,  97,  96,  65, 234]])),
[2024-06-20 19:39:44,860][flwr][INFO] - 	                      (10,
[2024-06-20 19:39:44,860][flwr][INFO] - 	                       array([[534,  56,  75,  57,   9, 163,  40,  22,   8,  16],
[2024-06-20 19:39:44,860][flwr][INFO] - 	       [  0, 896,  29,   6,   2,  56,   1,   6,  86,  53],
[2024-06-20 19:39:44,860][flwr][INFO] - 	       [ 33,  89, 602,  64,  24,  62,  67,  30,  25,  36],
[2024-06-20 19:39:44,861][flwr][INFO] - 	       [ 74, 148,  86, 277,   4, 130,  31,  24, 187,  49],
[2024-06-20 19:39:44,861][flwr][INFO] - 	       [ 52,  85, 225,  73, 165,  81,  65,  74,  85,  77],
[2024-06-20 19:39:44,861][flwr][INFO] - 	       [ 61,  87,  41, 114,  12, 278,  47,  62, 154,  36],
[2024-06-20 19:39:44,861][flwr][INFO] - 	       [ 77,  72, 153,  50,  37,  25, 296,  53,  28, 167],
[2024-06-20 19:39:44,862][flwr][INFO] - 	       [ 32,  65, 136,  22,  15,  77,  35, 480,  41, 125],
[2024-06-20 19:39:44,862][flwr][INFO] - 	       [ 51,  76, 104, 153,  18, 193, 158,  24, 149,  48],
[2024-06-20 19:39:44,862][flwr][INFO] - 	       [ 32,  36, 178,  45,  97,  93,  85, 104,  90, 249]]))],
[2024-06-20 19:39:44,862][flwr][INFO] - 	 'f1': [(0, 0.03553137346181725),
[2024-06-20 19:39:44,862][flwr][INFO] - 	        (1, 0.0631200989990686),
[2024-06-20 19:39:44,862][flwr][INFO] - 	        (2, 0.1488497114613971),
[2024-06-20 19:39:44,862][flwr][INFO] - 	        (3, 0.2509271452845723),
[2024-06-20 19:39:44,862][flwr][INFO] - 	        (4, 0.3229470843217103),
[2024-06-20 19:39:44,862][flwr][INFO] - 	        (5, 0.3658278740105273),
[2024-06-20 19:39:44,862][flwr][INFO] - 	        (6, 0.38055995951720123),
[2024-06-20 19:39:44,862][flwr][INFO] - 	        (7, 0.38360071811281393),
[2024-06-20 19:39:44,862][flwr][INFO] - 	        (8, 0.3803209912013197),
[2024-06-20 19:39:44,862][flwr][INFO] - 	        (9, 0.3839860300227732),
[2024-06-20 19:39:44,862][flwr][INFO] - 	        (10, 0.379359423635409)],
[2024-06-20 19:39:44,862][flwr][INFO] - 	 'precision': [(0, 0.12349967530374152),
[2024-06-20 19:39:44,862][flwr][INFO] - 	               (1, 0.094188656838299),
[2024-06-20 19:39:44,862][flwr][INFO] - 	               (2, 0.21015235704445412),
[2024-06-20 19:39:44,862][flwr][INFO] - 	               (3, 0.29392653171932587),
[2024-06-20 19:39:44,863][flwr][INFO] - 	               (4, 0.3284839044433088),
[2024-06-20 19:39:44,863][flwr][INFO] - 	               (5, 0.3753528237840435),
[2024-06-20 19:39:44,863][flwr][INFO] - 	               (6, 0.3928384095595255),
[2024-06-20 19:39:44,863][flwr][INFO] - 	               (7, 0.3877823360932185),
[2024-06-20 19:39:44,863][flwr][INFO] - 	               (8, 0.38273572351829155),
[2024-06-20 19:39:44,863][flwr][INFO] - 	               (9, 0.38772555013250537),
[2024-06-20 19:39:44,863][flwr][INFO] - 	               (10, 0.38970804770484363)],
[2024-06-20 19:39:44,863][flwr][INFO] - 	 'recall': [(0, 0.1086),
[2024-06-20 19:39:44,863][flwr][INFO] - 	            (1, 0.0957),
[2024-06-20 19:39:44,863][flwr][INFO] - 	            (2, 0.2198),
[2024-06-20 19:39:44,863][flwr][INFO] - 	            (3, 0.2789),
[2024-06-20 19:39:44,863][flwr][INFO] - 	            (4, 0.3447),
[2024-06-20 19:39:44,863][flwr][INFO] - 	            (5, 0.3829),
[2024-06-20 19:39:44,863][flwr][INFO] - 	            (6, 0.393),
[2024-06-20 19:39:44,863][flwr][INFO] - 	            (7, 0.3928),
[2024-06-20 19:39:44,864][flwr][INFO] - 	            (8, 0.3888),
[2024-06-20 19:39:44,864][flwr][INFO] - 	            (9, 0.3947),
[2024-06-20 19:39:44,864][flwr][INFO] - 	            (10, 0.3926)]}
[2024-06-20 19:39:44,864][flwr][INFO] - 
