[2024-06-20 19:36:08,120][flwr][INFO] - Starting Flower simulation, config: num_rounds=10, no round_timeout
[2024-06-20 19:36:09,188][flwr][INFO] - Flower VCE: Ray initialized with resources: {'memory': 9835749376.0, 'object_store_memory': 2147483648.0, 'node:__internal_head__': 1.0, 'node:127.0.0.1': 1.0, 'CPU': 12.0}
[2024-06-20 19:36:09,188][flwr][INFO] - Optimize your simulation with Flower VCE: https://flower.ai/docs/framework/how-to-run-simulations.html
[2024-06-20 19:36:09,188][flwr][INFO] - Flower VCE: Resources for each Virtual Client: {'num_cpus': 2, 'num_gpus': 0}
[2024-06-20 19:36:09,195][flwr][INFO] - Flower VCE: Creating VirtualClientEngineActorPool with 6 actors
[2024-06-20 19:36:09,195][flwr][INFO] - [INIT]
[2024-06-20 19:36:09,195][flwr][INFO] - Requesting initial parameters from one random client
[2024-06-20 19:36:11,065][flwr][INFO] - Received initial parameters from one random client
[2024-06-20 19:36:11,065][flwr][INFO] - Evaluating initial global parameters
[2024-06-20 19:36:11,500][flwr][INFO] - initial parameters (loss, other metrics): 181.76928067207336, {'accuracy': 0.1086, 'precision': 0.12349967530374152, 'recall': 0.1086, 'f1': 0.03553137346181725, 'confusion_matrix': array([[   0,    8,    0,  956,    0,    1,    0,   15,    0,    0],
       [   0,  122,    0, 1013,    0,    0,    0,    0,    0,    0],
       [   0,   38,    0,  971,    0,    0,    3,   19,    1,    0],
       [   0,   44,    0,  945,    1,    1,    0,   17,    2,    0],
       [   0,  143,    0,  816,    1,    0,    2,   20,    0,    0],
       [   0,  118,    0,  735,    1,    7,    0,   30,    1,    0],
       [   0,  144,    0,  749,   25,    0,    2,   38,    0,    0],
       [   0,  272,    0,  724,    8,    0,    0,    9,   15,    0],
       [   0,   81,    0,  859,    1,    0,    1,   32,    0,    0],
       [   0,  178,    0,  799,    1,    0,    0,   31,    0,    0]])}
[2024-06-20 19:36:11,501][flwr][INFO] - 
[2024-06-20 19:36:11,501][flwr][INFO] - [ROUND 1]
[2024-06-20 19:36:11,501][flwr][INFO] - configure_fit: strategy sampled 10 clients (out of 100)
[2024-06-20 19:36:18,497][flwr][INFO] - aggregate_fit: received 10 results and 0 failures
[2024-06-20 19:36:18,504][flwr][WARNING] - No fit_metrics_aggregation_fn provided
[2024-06-20 19:36:19,212][flwr][INFO] - fit progress: (1, 60271.19500732422, {'accuracy': 0.088, 'precision': 0.09619872777811135, 'recall': 0.088, 'f1': 0.0487695781349139, 'confusion_matrix': array([[  0, 628, 208,   2,   1,   1, 140,   0,   0,   0],
       [  3, 360, 696,  48,   5,   3,   8,   0,  12,   0],
       [  0, 477, 379,  43,   7,   1,  99,   0,  26,   0],
       [  1, 282, 644,  49,  12,   2,  16,   0,   4,   0],
       [  1, 600, 208,  57,   0,   0, 111,   0,   5,   0],
       [  2, 209, 506,  81,  14,   5,  69,   0,   6,   0],
       [  0, 530, 353,   5,   7,   0,  62,   0,   1,   0],
       [  0, 555, 322,  73,   1,   0,  71,   0,   6,   0],
       [  3, 213, 431, 107,  13,   0, 182,   0,  25,   0],
       [  1, 573, 295,  38,   3,   0,  79,   0,  20,   0]])}, 7.711670084)
[2024-06-20 19:36:19,213][flwr][INFO] - configure_evaluate: no clients selected, skipping evaluation
[2024-06-20 19:36:19,213][flwr][INFO] - 
[2024-06-20 19:36:19,213][flwr][INFO] - [ROUND 2]
[2024-06-20 19:36:19,213][flwr][INFO] - configure_fit: strategy sampled 10 clients (out of 100)
[2024-06-20 19:36:24,446][flwr][INFO] - aggregate_fit: received 10 results and 0 failures
[2024-06-20 19:36:24,897][flwr][INFO] - fit progress: (2, 172400.0506591797, {'accuracy': 0.2105, 'precision': 0.20792064198497628, 'recall': 0.2105, 'f1': 0.16222026968718714, 'confusion_matrix': array([[181, 212,  91, 156,  82, 175,  49,  33,   1,   0],
       [  1, 887,  25,   3,   1, 212,   1,   5,   0,   0],
       [ 21, 474, 181,  61,  16, 151,  77,  51,   0,   0],
       [  6, 250,  31, 143,   1, 515,  19,  45,   0,   0],
       [ 60, 438, 177,  69,  21,  98,  65,  51,   3,   0],
       [  6, 208,  91,  98,   8, 364,  14, 102,   1,   0],
       [ 66, 385,  81,  72,  50,  19, 217,  67,   0,   1],
       [ 24, 477, 241,  26,   3, 114,  30, 109,   1,   3],
       [  9, 347,  50, 108,   5, 274,  43, 138,   0,   0],
       [ 78, 400, 122,  64,  13,  98, 110, 121,   1,   2]])}, 13.396777667)
[2024-06-20 19:36:24,898][flwr][INFO] - configure_evaluate: no clients selected, skipping evaluation
[2024-06-20 19:36:24,898][flwr][INFO] - 
[2024-06-20 19:36:24,898][flwr][INFO] - [ROUND 3]
[2024-06-20 19:36:24,898][flwr][INFO] - configure_fit: strategy sampled 10 clients (out of 100)
[2024-06-20 19:36:30,751][flwr][INFO] - aggregate_fit: received 10 results and 0 failures
[2024-06-20 19:36:31,207][flwr][INFO] - fit progress: (3, 406028.65576171875, {'accuracy': 0.3445, 'precision': 0.34548195694288875, 'recall': 0.3445, 'f1': 0.31452677092779363, 'confusion_matrix': array([[614,  17,  32,  70,  88,  11,  48,  69,  29,   2],
       [ 45, 649,  19, 320,   2,   5,   6,  80,   2,   7],
       [131,  33, 481, 150,  32,  19,  76,  93,  10,   7],
       [121,  47,  37, 510,  12,  37,  72, 123,  44,   7],
       [160,  26, 102, 156,  58,  14,  82, 247,  41,  96],
       [113,  23,  56, 218,  20,  58,  59, 276,  55,  14],
       [159,  59,  36,  68, 103,   6, 311, 187,   3,  26],
       [ 59,  56,  81,  84,  11,  12,  83, 584,  41,  17],
       [ 81,  28,  52, 264,  22,  39,  79, 292,  99,  18],
       [179,  10,  29, 121, 129,   8,  67, 325,  60,  81]])}, 19.707498416999996)
[2024-06-20 19:36:31,208][flwr][INFO] - configure_evaluate: no clients selected, skipping evaluation
[2024-06-20 19:36:31,208][flwr][INFO] - 
[2024-06-20 19:36:31,208][flwr][INFO] - [ROUND 4]
[2024-06-20 19:36:31,209][flwr][INFO] - configure_fit: strategy sampled 10 clients (out of 100)
[2024-06-20 19:36:36,662][flwr][INFO] - aggregate_fit: received 10 results and 0 failures
[2024-06-20 19:36:37,119][flwr][INFO] - fit progress: (4, 1264892.498046875, {'accuracy': 0.3491, 'precision': 0.367277738087053, 'recall': 0.3491, 'f1': 0.3523992662448554, 'confusion_matrix': array([[377,  18,  33,  32, 267,  46, 143,  33,  30,   1],
       [  6, 562,  59, 137,   4, 243,   7,  44,  20,  53],
       [ 53,  40, 569,  55,  68,  48, 137,  42,  13,   7],
       [ 68, 114,  52, 399,  32, 106, 119,  39,  66,  15],
       [ 50,  13,  93,  77, 181,  98,  93, 161,  80, 136],
       [ 44,  68,  55, 125,  81, 152,  81, 115, 141,  30],
       [ 33,  47,  47,  37, 209,  23, 453,  82,   6,  21],
       [  7,  64,  68,  33,  39, 200, 154, 361,  36,  66],
       [ 25,  65,  84, 117,  71, 158,  95,  88, 222,  49],
       [ 28,  18,  25,  39, 311,  42,  92, 124, 115, 215]])}, 25.619612167)
[2024-06-20 19:36:37,120][flwr][INFO] - configure_evaluate: no clients selected, skipping evaluation
[2024-06-20 19:36:37,120][flwr][INFO] - 
[2024-06-20 19:36:37,120][flwr][INFO] - [ROUND 5]
[2024-06-20 19:36:37,120][flwr][INFO] - configure_fit: strategy sampled 10 clients (out of 100)
[2024-06-20 19:36:42,403][flwr][INFO] - aggregate_fit: received 10 results and 0 failures
[2024-06-20 19:36:42,847][flwr][INFO] - fit progress: (5, 4698831.890625, {'accuracy': 0.3628, 'precision': 0.37330416444927084, 'recall': 0.3628, 'f1': 0.35314433905798515, 'confusion_matrix': array([[355,  33,  75, 102, 153,  43, 149,  27,  41,   2],
       [  3, 664, 108,  53,   7, 206,   7,  34,  16,  37],
       [ 21,  34, 725,  74,  31,  37,  66,  26,  12,   6],
       [ 15,  96, 112, 468,  30,  93, 112,  17,  56,  11],
       [ 37,  13, 221,  97, 131, 112,  72, 105,  89, 105],
       [ 14,  58, 100, 152,  61, 163,  88,  76, 159,  21],
       [ 34,  42, 119,  65, 112,  23, 451,  67,  11,  34],
       [  5,  41, 137,  50,  38, 227,  95, 341,  47,  47],
       [ 13, 114, 118, 123,  70, 169,  93,  49, 208,  17],
       [ 28,  46,  99,  57, 314,  51,  81,  82, 129, 122]])}, 31.347858083999995)
[2024-06-20 19:36:42,848][flwr][INFO] - configure_evaluate: no clients selected, skipping evaluation
[2024-06-20 19:36:42,848][flwr][INFO] - 
[2024-06-20 19:36:42,848][flwr][INFO] - [ROUND 6]
[2024-06-20 19:36:42,848][flwr][INFO] - configure_fit: strategy sampled 10 clients (out of 100)
[2024-06-20 19:36:49,631][flwr][INFO] - aggregate_fit: received 10 results and 0 failures
[2024-06-20 19:36:50,119][flwr][INFO] - fit progress: (6, 17443772.09375, {'accuracy': 0.3739, 'precision': 0.3717656111556394, 'recall': 0.3739, 'f1': 0.36224206801817965, 'confusion_matrix': array([[516,  41,  36,  50, 104,  32, 134,  21,  43,   3],
       [  7, 706, 152,  28,   3, 156,  11,  47,  16,   9],
       [ 37,  53, 670,  36,  43,  35,  96,  22,  34,   6],
       [ 26,  90, 111, 334,  27, 126, 151,  31, 105,   9],
       [ 86,  36, 215,  49, 143, 111,  60, 101,  76, 105],
       [ 39,  68,  51,  81,  89, 186,  89, 103, 166,  20],
       [ 62,  42, 108,  29, 145,  31, 448,  40,  11,  42],
       [ 20,  88, 101,  52,  56, 133,  99, 405,  42,  32],
       [ 24, 245,  51,  64,  79, 157,  94,  48, 202,  10],
       [ 63,  74,  56,  37, 332,  48,  71, 121,  78, 129]])}, 38.619247542)
[2024-06-20 19:36:50,119][flwr][INFO] - configure_evaluate: no clients selected, skipping evaluation
[2024-06-20 19:36:50,119][flwr][INFO] - 
[2024-06-20 19:36:50,119][flwr][INFO] - [ROUND 7]
[2024-06-20 19:36:50,120][flwr][INFO] - configure_fit: strategy sampled 10 clients (out of 100)
[2024-06-20 19:36:55,428][flwr][INFO] - aggregate_fit: received 10 results and 0 failures
[2024-06-20 19:36:55,874][flwr][INFO] - fit progress: (7, 65897292.1875, {'accuracy': 0.3762, 'precision': 0.377101176475228, 'recall': 0.3762, 'f1': 0.36042057379966363, 'confusion_matrix': array([[445,  34,  22,  93,  56,  35, 261,   7,  18,   9],
       [ 12, 735,  29,  96,   5, 155,  32,  40,  15,  16],
       [ 23,  25, 623,  73,  34,  46, 158,  24,  19,   7],
       [ 15,  81,  53, 428,  17, 155, 176,  19,  53,  13],
       [105,  15, 174,  79, 119, 146, 126,  96,  54,  68],
       [ 28,  56,  51, 142,  35, 259, 141,  74,  96,  10],
       [ 39,  39,  76,  44,  91,  31, 573,  20,   6,  39],
       [ 27,  49,  79,  83,  53, 180, 141, 374,  22,  20],
       [ 25, 110,  48, 114,  49, 234, 208,  44, 137,   5],
       [ 89,  33,  54,  66, 317, 105, 111, 111,  54,  69]])}, 44.375196333999995)
[2024-06-20 19:36:55,875][flwr][INFO] - configure_evaluate: no clients selected, skipping evaluation
[2024-06-20 19:36:55,875][flwr][INFO] - 
[2024-06-20 19:36:55,875][flwr][INFO] - [ROUND 8]
[2024-06-20 19:36:55,875][flwr][INFO] - configure_fit: strategy sampled 10 clients (out of 100)
[2024-06-20 19:37:01,064][flwr][INFO] - aggregate_fit: received 10 results and 0 failures
[2024-06-20 19:37:01,506][flwr][INFO] - fit progress: (8, 252194825.5, {'accuracy': 0.3686, 'precision': 0.376132276125023, 'recall': 0.3686, 'f1': 0.35154551785114396, 'confusion_matrix': array([[455,  83,  19,  83,  38,  35, 235,  13,  12,   7],
       [ 12, 754,  14,  43,  11, 197,  70,  24,   8,   2],
       [ 40,  39, 593,  64,  39,  66, 133,  24,  30,   4],
       [ 29,  87,  45, 380,  17, 236, 133,  21,  53,   9],
       [153,  36, 120,  89, 133, 195,  92,  76,  27,  61],
       [ 58,  93,  27, 177,  49, 256,  91,  70,  56,  15],
       [ 90,  64,  53,  64,  51,  35, 553,  13,   4,  31],
       [ 49,  79, 101,  64,  42, 197, 111, 357,  10,  18],
       [ 38, 169,  38, 143,  61, 250, 120,  37, 108,  10],
       [127,  80,  27,  57, 287, 111,  85, 106,  32,  97]])}, 50.006701959)
[2024-06-20 19:37:01,506][flwr][INFO] - configure_evaluate: no clients selected, skipping evaluation
[2024-06-20 19:37:01,506][flwr][INFO] - 
[2024-06-20 19:37:01,506][flwr][INFO] - [ROUND 9]
[2024-06-20 19:37:01,506][flwr][INFO] - configure_fit: strategy sampled 10 clients (out of 100)
[2024-06-20 19:37:06,822][flwr][INFO] - aggregate_fit: received 10 results and 0 failures
[2024-06-20 19:37:07,272][flwr][INFO] - fit progress: (9, 929025575.5, {'accuracy': 0.3593, 'precision': 0.37021579737346, 'recall': 0.3593, 'f1': 0.35031925620453797, 'confusion_matrix': array([[441,  51,  12, 115,  58,  63, 179,  33,  19,   9],
       [  8, 733,  36,  31,  34, 142,  67,  64,  18,   2],
       [ 34,  40, 556,  88,  57,  77, 111,  23,  41,   5],
       [ 31,  63,  51, 321,  30, 274, 118,  45,  66,  11],
       [ 81,  21, 116,  78, 151, 212, 111,  83,  54,  75],
       [ 41,  77,  33, 156,  68, 276,  82,  81,  63,  15],
       [ 93,  47,  50,  68,  72,  37, 539,  15,  13,  24],
       [ 22,  58, 146,  67,  64, 196, 104, 317,  25,  29],
       [ 16, 155,  37, 125,  86, 242,  91,  48, 165,   9],
       [ 66,  46,  38,  37, 381, 119,  66, 107,  55,  94]])}, 55.772964791999996)
[2024-06-20 19:37:07,272][flwr][INFO] - configure_evaluate: no clients selected, skipping evaluation
[2024-06-20 19:37:07,272][flwr][INFO] - 
[2024-06-20 19:37:07,272][flwr][INFO] - [ROUND 10]
[2024-06-20 19:37:07,273][flwr][INFO] - configure_fit: strategy sampled 10 clients (out of 100)
[2024-06-20 19:37:12,432][flwr][INFO] - aggregate_fit: received 10 results and 0 failures
[2024-06-20 19:37:12,881][flwr][INFO] - fit progress: (10, 3692775316.0, {'accuracy': 0.3357, 'precision': 0.3657704806320157, 'recall': 0.3357, 'f1': 0.332238334849398, 'confusion_matrix': array([[430,  30,  30,  63, 101,  44, 162,  83,  18,  19],
       [ 12, 412, 108,  26,  41, 184, 134, 193,  19,   6],
       [ 40,  15, 595,  49,  53, 101, 101,  37,  35,   6],
       [ 36,  52,  54, 232,  30, 334, 132,  72,  61,   7],
       [ 76,   3, 139,  34, 170, 193, 109, 116,  58,  84],
       [ 47,  46,  31, 103,  75, 273,  72, 161,  67,  17],
       [ 98,  18,  42,  35, 123,  33, 540,  18,  15,  36],
       [ 29,  21, 155,  41,  66, 169,  75, 407,  38,  27],
       [ 22,  59,  52,  51,  65, 320, 102, 113, 177,  13],
       [ 63,  13,  55,  15, 296, 141,  67, 144,  94, 121]])}, 61.382203084000004)
[2024-06-20 19:37:12,881][flwr][INFO] - configure_evaluate: no clients selected, skipping evaluation
[2024-06-20 19:37:12,881][flwr][INFO] - 
[2024-06-20 19:37:12,881][flwr][INFO] - [SUMMARY]
[2024-06-20 19:37:12,881][flwr][INFO] - Run finished 10 round(s) in 61.38s
[2024-06-20 19:37:12,886][flwr][INFO] - 	History (loss, centralized):
[2024-06-20 19:37:12,887][flwr][INFO] - 		round 0: 181.76928067207336
[2024-06-20 19:37:12,887][flwr][INFO] - 		round 1: 60271.19500732422
[2024-06-20 19:37:12,887][flwr][INFO] - 		round 2: 172400.0506591797
[2024-06-20 19:37:12,887][flwr][INFO] - 		round 3: 406028.65576171875
[2024-06-20 19:37:12,887][flwr][INFO] - 		round 4: 1264892.498046875
[2024-06-20 19:37:12,887][flwr][INFO] - 		round 5: 4698831.890625
[2024-06-20 19:37:12,887][flwr][INFO] - 		round 6: 17443772.09375
[2024-06-20 19:37:12,887][flwr][INFO] - 		round 7: 65897292.1875
[2024-06-20 19:37:12,887][flwr][INFO] - 		round 8: 252194825.5
[2024-06-20 19:37:12,887][flwr][INFO] - 		round 9: 929025575.5
[2024-06-20 19:37:12,887][flwr][INFO] - 		round 10: 3692775316.0
[2024-06-20 19:37:12,887][flwr][INFO] - 	History (metrics, centralized):
[2024-06-20 19:37:12,887][flwr][INFO] - 	{'accuracy': [(0, 0.1086),
[2024-06-20 19:37:12,887][flwr][INFO] - 	              (1, 0.088),
[2024-06-20 19:37:12,887][flwr][INFO] - 	              (2, 0.2105),
[2024-06-20 19:37:12,887][flwr][INFO] - 	              (3, 0.3445),
[2024-06-20 19:37:12,887][flwr][INFO] - 	              (4, 0.3491),
[2024-06-20 19:37:12,887][flwr][INFO] - 	              (5, 0.3628),
[2024-06-20 19:37:12,887][flwr][INFO] - 	              (6, 0.3739),
[2024-06-20 19:37:12,887][flwr][INFO] - 	              (7, 0.3762),
[2024-06-20 19:37:12,887][flwr][INFO] - 	              (8, 0.3686),
[2024-06-20 19:37:12,887][flwr][INFO] - 	              (9, 0.3593),
[2024-06-20 19:37:12,887][flwr][INFO] - 	              (10, 0.3357)],
[2024-06-20 19:37:12,887][flwr][INFO] - 	 'confusion_matrix': [(0,
[2024-06-20 19:37:12,887][flwr][INFO] - 	                       array([[   0,    8,    0,  956,    0,    1,    0,   15,    0,    0],
[2024-06-20 19:37:12,887][flwr][INFO] - 	       [   0,  122,    0, 1013,    0,    0,    0,    0,    0,    0],
[2024-06-20 19:37:12,887][flwr][INFO] - 	       [   0,   38,    0,  971,    0,    0,    3,   19,    1,    0],
[2024-06-20 19:37:12,887][flwr][INFO] - 	       [   0,   44,    0,  945,    1,    1,    0,   17,    2,    0],
[2024-06-20 19:37:12,887][flwr][INFO] - 	       [   0,  143,    0,  816,    1,    0,    2,   20,    0,    0],
[2024-06-20 19:37:12,887][flwr][INFO] - 	       [   0,  118,    0,  735,    1,    7,    0,   30,    1,    0],
[2024-06-20 19:37:12,887][flwr][INFO] - 	       [   0,  144,    0,  749,   25,    0,    2,   38,    0,    0],
[2024-06-20 19:37:12,887][flwr][INFO] - 	       [   0,  272,    0,  724,    8,    0,    0,    9,   15,    0],
[2024-06-20 19:37:12,887][flwr][INFO] - 	       [   0,   81,    0,  859,    1,    0,    1,   32,    0,    0],
[2024-06-20 19:37:12,887][flwr][INFO] - 	       [   0,  178,    0,  799,    1,    0,    0,   31,    0,    0]])),
[2024-06-20 19:37:12,887][flwr][INFO] - 	                      (1,
[2024-06-20 19:37:12,887][flwr][INFO] - 	                       array([[  0, 628, 208,   2,   1,   1, 140,   0,   0,   0],
[2024-06-20 19:37:12,887][flwr][INFO] - 	       [  3, 360, 696,  48,   5,   3,   8,   0,  12,   0],
[2024-06-20 19:37:12,887][flwr][INFO] - 	       [  0, 477, 379,  43,   7,   1,  99,   0,  26,   0],
[2024-06-20 19:37:12,888][flwr][INFO] - 	       [  1, 282, 644,  49,  12,   2,  16,   0,   4,   0],
[2024-06-20 19:37:12,888][flwr][INFO] - 	       [  1, 600, 208,  57,   0,   0, 111,   0,   5,   0],
[2024-06-20 19:37:12,888][flwr][INFO] - 	       [  2, 209, 506,  81,  14,   5,  69,   0,   6,   0],
[2024-06-20 19:37:12,888][flwr][INFO] - 	       [  0, 530, 353,   5,   7,   0,  62,   0,   1,   0],
[2024-06-20 19:37:12,888][flwr][INFO] - 	       [  0, 555, 322,  73,   1,   0,  71,   0,   6,   0],
[2024-06-20 19:37:12,888][flwr][INFO] - 	       [  3, 213, 431, 107,  13,   0, 182,   0,  25,   0],
[2024-06-20 19:37:12,888][flwr][INFO] - 	       [  1, 573, 295,  38,   3,   0,  79,   0,  20,   0]])),
[2024-06-20 19:37:12,888][flwr][INFO] - 	                      (2,
[2024-06-20 19:37:12,888][flwr][INFO] - 	                       array([[181, 212,  91, 156,  82, 175,  49,  33,   1,   0],
[2024-06-20 19:37:12,888][flwr][INFO] - 	       [  1, 887,  25,   3,   1, 212,   1,   5,   0,   0],
[2024-06-20 19:37:12,888][flwr][INFO] - 	       [ 21, 474, 181,  61,  16, 151,  77,  51,   0,   0],
[2024-06-20 19:37:12,888][flwr][INFO] - 	       [  6, 250,  31, 143,   1, 515,  19,  45,   0,   0],
[2024-06-20 19:37:12,888][flwr][INFO] - 	       [ 60, 438, 177,  69,  21,  98,  65,  51,   3,   0],
[2024-06-20 19:37:12,888][flwr][INFO] - 	       [  6, 208,  91,  98,   8, 364,  14, 102,   1,   0],
[2024-06-20 19:37:12,888][flwr][INFO] - 	       [ 66, 385,  81,  72,  50,  19, 217,  67,   0,   1],
[2024-06-20 19:37:12,888][flwr][INFO] - 	       [ 24, 477, 241,  26,   3, 114,  30, 109,   1,   3],
[2024-06-20 19:37:12,888][flwr][INFO] - 	       [  9, 347,  50, 108,   5, 274,  43, 138,   0,   0],
[2024-06-20 19:37:12,888][flwr][INFO] - 	       [ 78, 400, 122,  64,  13,  98, 110, 121,   1,   2]])),
[2024-06-20 19:37:12,888][flwr][INFO] - 	                      (3,
[2024-06-20 19:37:12,888][flwr][INFO] - 	                       array([[614,  17,  32,  70,  88,  11,  48,  69,  29,   2],
[2024-06-20 19:37:12,888][flwr][INFO] - 	       [ 45, 649,  19, 320,   2,   5,   6,  80,   2,   7],
[2024-06-20 19:37:12,888][flwr][INFO] - 	       [131,  33, 481, 150,  32,  19,  76,  93,  10,   7],
[2024-06-20 19:37:12,888][flwr][INFO] - 	       [121,  47,  37, 510,  12,  37,  72, 123,  44,   7],
[2024-06-20 19:37:12,888][flwr][INFO] - 	       [160,  26, 102, 156,  58,  14,  82, 247,  41,  96],
[2024-06-20 19:37:12,888][flwr][INFO] - 	       [113,  23,  56, 218,  20,  58,  59, 276,  55,  14],
[2024-06-20 19:37:12,888][flwr][INFO] - 	       [159,  59,  36,  68, 103,   6, 311, 187,   3,  26],
[2024-06-20 19:37:12,888][flwr][INFO] - 	       [ 59,  56,  81,  84,  11,  12,  83, 584,  41,  17],
[2024-06-20 19:37:12,888][flwr][INFO] - 	       [ 81,  28,  52, 264,  22,  39,  79, 292,  99,  18],
[2024-06-20 19:37:12,888][flwr][INFO] - 	       [179,  10,  29, 121, 129,   8,  67, 325,  60,  81]])),
[2024-06-20 19:37:12,888][flwr][INFO] - 	                      (4,
[2024-06-20 19:37:12,888][flwr][INFO] - 	                       array([[377,  18,  33,  32, 267,  46, 143,  33,  30,   1],
[2024-06-20 19:37:12,888][flwr][INFO] - 	       [  6, 562,  59, 137,   4, 243,   7,  44,  20,  53],
[2024-06-20 19:37:12,888][flwr][INFO] - 	       [ 53,  40, 569,  55,  68,  48, 137,  42,  13,   7],
[2024-06-20 19:37:12,888][flwr][INFO] - 	       [ 68, 114,  52, 399,  32, 106, 119,  39,  66,  15],
[2024-06-20 19:37:12,888][flwr][INFO] - 	       [ 50,  13,  93,  77, 181,  98,  93, 161,  80, 136],
[2024-06-20 19:37:12,888][flwr][INFO] - 	       [ 44,  68,  55, 125,  81, 152,  81, 115, 141,  30],
[2024-06-20 19:37:12,888][flwr][INFO] - 	       [ 33,  47,  47,  37, 209,  23, 453,  82,   6,  21],
[2024-06-20 19:37:12,888][flwr][INFO] - 	       [  7,  64,  68,  33,  39, 200, 154, 361,  36,  66],
[2024-06-20 19:37:12,888][flwr][INFO] - 	       [ 25,  65,  84, 117,  71, 158,  95,  88, 222,  49],
[2024-06-20 19:37:12,888][flwr][INFO] - 	       [ 28,  18,  25,  39, 311,  42,  92, 124, 115, 215]])),
[2024-06-20 19:37:12,888][flwr][INFO] - 	                      (5,
[2024-06-20 19:37:12,888][flwr][INFO] - 	                       array([[355,  33,  75, 102, 153,  43, 149,  27,  41,   2],
[2024-06-20 19:37:12,889][flwr][INFO] - 	       [  3, 664, 108,  53,   7, 206,   7,  34,  16,  37],
[2024-06-20 19:37:12,889][flwr][INFO] - 	       [ 21,  34, 725,  74,  31,  37,  66,  26,  12,   6],
[2024-06-20 19:37:12,889][flwr][INFO] - 	       [ 15,  96, 112, 468,  30,  93, 112,  17,  56,  11],
[2024-06-20 19:37:12,889][flwr][INFO] - 	       [ 37,  13, 221,  97, 131, 112,  72, 105,  89, 105],
[2024-06-20 19:37:12,889][flwr][INFO] - 	       [ 14,  58, 100, 152,  61, 163,  88,  76, 159,  21],
[2024-06-20 19:37:12,889][flwr][INFO] - 	       [ 34,  42, 119,  65, 112,  23, 451,  67,  11,  34],
[2024-06-20 19:37:12,889][flwr][INFO] - 	       [  5,  41, 137,  50,  38, 227,  95, 341,  47,  47],
[2024-06-20 19:37:12,889][flwr][INFO] - 	       [ 13, 114, 118, 123,  70, 169,  93,  49, 208,  17],
[2024-06-20 19:37:12,889][flwr][INFO] - 	       [ 28,  46,  99,  57, 314,  51,  81,  82, 129, 122]])),
[2024-06-20 19:37:12,889][flwr][INFO] - 	                      (6,
[2024-06-20 19:37:12,889][flwr][INFO] - 	                       array([[516,  41,  36,  50, 104,  32, 134,  21,  43,   3],
[2024-06-20 19:37:12,889][flwr][INFO] - 	       [  7, 706, 152,  28,   3, 156,  11,  47,  16,   9],
[2024-06-20 19:37:12,889][flwr][INFO] - 	       [ 37,  53, 670,  36,  43,  35,  96,  22,  34,   6],
[2024-06-20 19:37:12,889][flwr][INFO] - 	       [ 26,  90, 111, 334,  27, 126, 151,  31, 105,   9],
[2024-06-20 19:37:12,889][flwr][INFO] - 	       [ 86,  36, 215,  49, 143, 111,  60, 101,  76, 105],
[2024-06-20 19:37:12,889][flwr][INFO] - 	       [ 39,  68,  51,  81,  89, 186,  89, 103, 166,  20],
[2024-06-20 19:37:12,889][flwr][INFO] - 	       [ 62,  42, 108,  29, 145,  31, 448,  40,  11,  42],
[2024-06-20 19:37:12,889][flwr][INFO] - 	       [ 20,  88, 101,  52,  56, 133,  99, 405,  42,  32],
[2024-06-20 19:37:12,889][flwr][INFO] - 	       [ 24, 245,  51,  64,  79, 157,  94,  48, 202,  10],
[2024-06-20 19:37:12,889][flwr][INFO] - 	       [ 63,  74,  56,  37, 332,  48,  71, 121,  78, 129]])),
[2024-06-20 19:37:12,889][flwr][INFO] - 	                      (7,
[2024-06-20 19:37:12,889][flwr][INFO] - 	                       array([[445,  34,  22,  93,  56,  35, 261,   7,  18,   9],
[2024-06-20 19:37:12,889][flwr][INFO] - 	       [ 12, 735,  29,  96,   5, 155,  32,  40,  15,  16],
[2024-06-20 19:37:12,889][flwr][INFO] - 	       [ 23,  25, 623,  73,  34,  46, 158,  24,  19,   7],
[2024-06-20 19:37:12,889][flwr][INFO] - 	       [ 15,  81,  53, 428,  17, 155, 176,  19,  53,  13],
[2024-06-20 19:37:12,889][flwr][INFO] - 	       [105,  15, 174,  79, 119, 146, 126,  96,  54,  68],
[2024-06-20 19:37:12,889][flwr][INFO] - 	       [ 28,  56,  51, 142,  35, 259, 141,  74,  96,  10],
[2024-06-20 19:37:12,889][flwr][INFO] - 	       [ 39,  39,  76,  44,  91,  31, 573,  20,   6,  39],
[2024-06-20 19:37:12,889][flwr][INFO] - 	       [ 27,  49,  79,  83,  53, 180, 141, 374,  22,  20],
[2024-06-20 19:37:12,889][flwr][INFO] - 	       [ 25, 110,  48, 114,  49, 234, 208,  44, 137,   5],
[2024-06-20 19:37:12,889][flwr][INFO] - 	       [ 89,  33,  54,  66, 317, 105, 111, 111,  54,  69]])),
[2024-06-20 19:37:12,889][flwr][INFO] - 	                      (8,
[2024-06-20 19:37:12,889][flwr][INFO] - 	                       array([[455,  83,  19,  83,  38,  35, 235,  13,  12,   7],
[2024-06-20 19:37:12,889][flwr][INFO] - 	       [ 12, 754,  14,  43,  11, 197,  70,  24,   8,   2],
[2024-06-20 19:37:12,889][flwr][INFO] - 	       [ 40,  39, 593,  64,  39,  66, 133,  24,  30,   4],
[2024-06-20 19:37:12,889][flwr][INFO] - 	       [ 29,  87,  45, 380,  17, 236, 133,  21,  53,   9],
[2024-06-20 19:37:12,889][flwr][INFO] - 	       [153,  36, 120,  89, 133, 195,  92,  76,  27,  61],
[2024-06-20 19:37:12,889][flwr][INFO] - 	       [ 58,  93,  27, 177,  49, 256,  91,  70,  56,  15],
[2024-06-20 19:37:12,889][flwr][INFO] - 	       [ 90,  64,  53,  64,  51,  35, 553,  13,   4,  31],
[2024-06-20 19:37:12,889][flwr][INFO] - 	       [ 49,  79, 101,  64,  42, 197, 111, 357,  10,  18],
[2024-06-20 19:37:12,889][flwr][INFO] - 	       [ 38, 169,  38, 143,  61, 250, 120,  37, 108,  10],
[2024-06-20 19:37:12,889][flwr][INFO] - 	       [127,  80,  27,  57, 287, 111,  85, 106,  32,  97]])),
[2024-06-20 19:37:12,890][flwr][INFO] - 	                      (9,
[2024-06-20 19:37:12,890][flwr][INFO] - 	                       array([[441,  51,  12, 115,  58,  63, 179,  33,  19,   9],
[2024-06-20 19:37:12,890][flwr][INFO] - 	       [  8, 733,  36,  31,  34, 142,  67,  64,  18,   2],
[2024-06-20 19:37:12,890][flwr][INFO] - 	       [ 34,  40, 556,  88,  57,  77, 111,  23,  41,   5],
[2024-06-20 19:37:12,890][flwr][INFO] - 	       [ 31,  63,  51, 321,  30, 274, 118,  45,  66,  11],
[2024-06-20 19:37:12,890][flwr][INFO] - 	       [ 81,  21, 116,  78, 151, 212, 111,  83,  54,  75],
[2024-06-20 19:37:12,890][flwr][INFO] - 	       [ 41,  77,  33, 156,  68, 276,  82,  81,  63,  15],
[2024-06-20 19:37:12,890][flwr][INFO] - 	       [ 93,  47,  50,  68,  72,  37, 539,  15,  13,  24],
[2024-06-20 19:37:12,890][flwr][INFO] - 	       [ 22,  58, 146,  67,  64, 196, 104, 317,  25,  29],
[2024-06-20 19:37:12,890][flwr][INFO] - 	       [ 16, 155,  37, 125,  86, 242,  91,  48, 165,   9],
[2024-06-20 19:37:12,890][flwr][INFO] - 	       [ 66,  46,  38,  37, 381, 119,  66, 107,  55,  94]])),
[2024-06-20 19:37:12,890][flwr][INFO] - 	                      (10,
[2024-06-20 19:37:12,890][flwr][INFO] - 	                       array([[430,  30,  30,  63, 101,  44, 162,  83,  18,  19],
[2024-06-20 19:37:12,890][flwr][INFO] - 	       [ 12, 412, 108,  26,  41, 184, 134, 193,  19,   6],
[2024-06-20 19:37:12,890][flwr][INFO] - 	       [ 40,  15, 595,  49,  53, 101, 101,  37,  35,   6],
[2024-06-20 19:37:12,890][flwr][INFO] - 	       [ 36,  52,  54, 232,  30, 334, 132,  72,  61,   7],
[2024-06-20 19:37:12,890][flwr][INFO] - 	       [ 76,   3, 139,  34, 170, 193, 109, 116,  58,  84],
[2024-06-20 19:37:12,890][flwr][INFO] - 	       [ 47,  46,  31, 103,  75, 273,  72, 161,  67,  17],
[2024-06-20 19:37:12,890][flwr][INFO] - 	       [ 98,  18,  42,  35, 123,  33, 540,  18,  15,  36],
[2024-06-20 19:37:12,890][flwr][INFO] - 	       [ 29,  21, 155,  41,  66, 169,  75, 407,  38,  27],
[2024-06-20 19:37:12,890][flwr][INFO] - 	       [ 22,  59,  52,  51,  65, 320, 102, 113, 177,  13],
[2024-06-20 19:37:12,890][flwr][INFO] - 	       [ 63,  13,  55,  15, 296, 141,  67, 144,  94, 121]]))],
[2024-06-20 19:37:12,890][flwr][INFO] - 	 'f1': [(0, 0.03553137346181725),
[2024-06-20 19:37:12,890][flwr][INFO] - 	        (1, 0.0487695781349139),
[2024-06-20 19:37:12,890][flwr][INFO] - 	        (2, 0.16222026968718714),
[2024-06-20 19:37:12,890][flwr][INFO] - 	        (3, 0.31452677092779363),
[2024-06-20 19:37:12,890][flwr][INFO] - 	        (4, 0.3523992662448554),
[2024-06-20 19:37:12,890][flwr][INFO] - 	        (5, 0.35314433905798515),
[2024-06-20 19:37:12,890][flwr][INFO] - 	        (6, 0.36224206801817965),
[2024-06-20 19:37:12,890][flwr][INFO] - 	        (7, 0.36042057379966363),
[2024-06-20 19:37:12,890][flwr][INFO] - 	        (8, 0.35154551785114396),
[2024-06-20 19:37:12,890][flwr][INFO] - 	        (9, 0.35031925620453797),
[2024-06-20 19:37:12,890][flwr][INFO] - 	        (10, 0.332238334849398)],
[2024-06-20 19:37:12,890][flwr][INFO] - 	 'precision': [(0, 0.12349967530374152),
[2024-06-20 19:37:12,890][flwr][INFO] - 	               (1, 0.09619872777811135),
[2024-06-20 19:37:12,890][flwr][INFO] - 	               (2, 0.20792064198497628),
[2024-06-20 19:37:12,890][flwr][INFO] - 	               (3, 0.34548195694288875),
[2024-06-20 19:37:12,890][flwr][INFO] - 	               (4, 0.367277738087053),
[2024-06-20 19:37:12,890][flwr][INFO] - 	               (5, 0.37330416444927084),
[2024-06-20 19:37:12,890][flwr][INFO] - 	               (6, 0.3717656111556394),
[2024-06-20 19:37:12,890][flwr][INFO] - 	               (7, 0.377101176475228),
[2024-06-20 19:37:12,890][flwr][INFO] - 	               (8, 0.376132276125023),
[2024-06-20 19:37:12,890][flwr][INFO] - 	               (9, 0.37021579737346),
[2024-06-20 19:37:12,891][flwr][INFO] - 	               (10, 0.3657704806320157)],
[2024-06-20 19:37:12,891][flwr][INFO] - 	 'recall': [(0, 0.1086),
[2024-06-20 19:37:12,891][flwr][INFO] - 	            (1, 0.088),
[2024-06-20 19:37:12,891][flwr][INFO] - 	            (2, 0.2105),
[2024-06-20 19:37:12,891][flwr][INFO] - 	            (3, 0.3445),
[2024-06-20 19:37:12,891][flwr][INFO] - 	            (4, 0.3491),
[2024-06-20 19:37:12,891][flwr][INFO] - 	            (5, 0.3628),
[2024-06-20 19:37:12,891][flwr][INFO] - 	            (6, 0.3739),
[2024-06-20 19:37:12,891][flwr][INFO] - 	            (7, 0.3762),
[2024-06-20 19:37:12,891][flwr][INFO] - 	            (8, 0.3686),
[2024-06-20 19:37:12,891][flwr][INFO] - 	            (9, 0.3593),
[2024-06-20 19:37:12,891][flwr][INFO] - 	            (10, 0.3357)]}
[2024-06-20 19:37:12,891][flwr][INFO] - 
