[2024-06-20 20:44:02,740][flwr][INFO] - Starting Flower simulation, config: num_rounds=10, no round_timeout
[2024-06-20 20:44:04,791][flwr][INFO] - Flower VCE: Ray initialized with resources: {'memory': 9955513140.0, 'CPU': 12.0, 'node:__internal_head__': 1.0, 'object_store_memory': 2147483648.0, 'node:127.0.0.1': 1.0}
[2024-06-20 20:44:04,791][flwr][INFO] - Optimize your simulation with Flower VCE: https://flower.ai/docs/framework/how-to-run-simulations.html
[2024-06-20 20:44:04,791][flwr][INFO] - Flower VCE: Resources for each Virtual Client: {'num_cpus': 2, 'num_gpus': 0}
[2024-06-20 20:44:04,798][flwr][INFO] - Flower VCE: Creating VirtualClientEngineActorPool with 6 actors
[2024-06-20 20:44:04,798][flwr][INFO] - [INIT]
[2024-06-20 20:44:04,798][flwr][INFO] - Requesting initial parameters from one random client
[2024-06-20 20:44:06,787][flwr][INFO] - Received initial parameters from one random client
[2024-06-20 20:44:06,787][flwr][INFO] - Evaluating initial global parameters
[2024-06-20 20:44:07,212][flwr][INFO] - initial parameters (loss, other metrics): 181.76928067207336, {'accuracy': 0.1086, 'precision': 0.12349967530374152, 'recall': 0.1086, 'f1': 0.03553137346181725, 'confusion_matrix': array([[   0,    8,    0,  956,    0,    1,    0,   15,    0,    0],
       [   0,  122,    0, 1013,    0,    0,    0,    0,    0,    0],
       [   0,   38,    0,  971,    0,    0,    3,   19,    1,    0],
       [   0,   44,    0,  945,    1,    1,    0,   17,    2,    0],
       [   0,  143,    0,  816,    1,    0,    2,   20,    0,    0],
       [   0,  118,    0,  735,    1,    7,    0,   30,    1,    0],
       [   0,  144,    0,  749,   25,    0,    2,   38,    0,    0],
       [   0,  272,    0,  724,    8,    0,    0,    9,   15,    0],
       [   0,   81,    0,  859,    1,    0,    1,   32,    0,    0],
       [   0,  178,    0,  799,    1,    0,    0,   31,    0,    0]])}
[2024-06-20 20:44:07,213][flwr][INFO] - 
[2024-06-20 20:44:07,213][flwr][INFO] - [ROUND 1]
[2024-06-20 20:44:07,213][flwr][INFO] - configure_fit: strategy sampled 10 clients (out of 100)
[2024-06-20 20:44:14,309][flwr][INFO] - aggregate_fit: received 10 results and 0 failures
[2024-06-20 20:44:14,316][flwr][WARNING] - No fit_metrics_aggregation_fn provided
[2024-06-20 20:44:14,757][flwr][INFO] - fit progress: (1, 116029.41760253906, {'accuracy': 0.0752, 'precision': 0.055278206656796385, 'recall': 0.0752, 'f1': 0.04882538058427544, 'confusion_matrix': array([[126, 351,  13,   2,  82,   3, 164,   0,  72, 167],
       [146,   2, 151,   0, 829,   0,   1,   1,   0,   5],
       [278, 150,  43,   0, 174,  23, 229,   1,  61,  73],
       [ 99,  14, 135,   0, 387,   2, 199,   4,  49, 121],
       [355,  75,   6,   0, 402,   7,  15,   2,  49,  71],
       [194,  34, 116,   0, 170,   2, 142,   1,  36, 197],
       [235, 242,  31,   0, 159,   8, 103,   0,  22, 158],
       [290,  25,   4,   3, 614,   5,   5,   1,  31,  50],
       [300,  18, 116,   0, 327,  13, 139,   3,  22,  36],
       [155,  46,   9,   0, 721,   0,  10,   0,  17,  51]])}, 7.544786959)
[2024-06-20 20:44:14,758][flwr][INFO] - configure_evaluate: no clients selected, skipping evaluation
[2024-06-20 20:44:14,758][flwr][INFO] - 
[2024-06-20 20:44:14,758][flwr][INFO] - [ROUND 2]
[2024-06-20 20:44:14,758][flwr][INFO] - configure_fit: strategy sampled 10 clients (out of 100)
[2024-06-20 20:44:20,032][flwr][INFO] - aggregate_fit: received 10 results and 0 failures
[2024-06-20 20:44:20,472][flwr][INFO] - fit progress: (2, 486155.72509765625, {'accuracy': 0.2195, 'precision': 0.2369270254333707, 'recall': 0.2195, 'f1': 0.18736602486009898, 'confusion_matrix': array([[ 92, 184,   4,  57,   8,  37,  99,  81, 410,   8],
       [ 12, 488,   6,  29,  26,  14,  27, 453,  80,   0],
       [ 21, 185,  35,  49,  54, 157,  82,  97, 338,  14],
       [  5, 100,  17,  99,  23,  29, 112, 166, 453,   6],
       [ 19, 142,   7,   5, 297, 101,  25, 195, 166,  25],
       [ 21,  94,  12,  40,  17,  56,  40, 120, 471,  21],
       [ 28, 125,  11,  24,  40, 125, 144, 111, 342,   8],
       [ 14, 320,   4,  13, 118,  24,   6, 497,  28,   4],
       [ 45,  96,  33,  29,  24, 101,  51, 121, 457,  17],
       [ 15, 110,  29,  11, 358,  35,  27, 233, 161,  30]])}, 13.260117042000001)
[2024-06-20 20:44:20,473][flwr][INFO] - configure_evaluate: no clients selected, skipping evaluation
[2024-06-20 20:44:20,473][flwr][INFO] - 
[2024-06-20 20:44:20,473][flwr][INFO] - [ROUND 3]
[2024-06-20 20:44:20,473][flwr][INFO] - configure_fit: strategy sampled 10 clients (out of 100)
[2024-06-20 20:44:26,112][flwr][INFO] - aggregate_fit: received 10 results and 0 failures
[2024-06-20 20:44:26,570][flwr][INFO] - fit progress: (3, 3006907.966796875, {'accuracy': 0.2533, 'precision': 0.28189246747666247, 'recall': 0.2533, 'f1': 0.24682773006449588, 'confusion_matrix': array([[216,  58,  16,  39,   2, 133, 184,  60, 264,   8],
       [ 17, 618,  47,  40,  58, 118,  29, 109,  88,  11],
       [ 35, 103, 113,  65,  53, 295, 150,  25, 172,  21],
       [ 12,  52,  62, 168,   3, 166, 267,  38, 227,  15],
       [ 29,  98,  44,  21, 133, 124, 102, 189, 179,  63],
       [ 25,  66,  30,  57,  10, 146,  86,  81, 365,  26],
       [ 64,  67,  45,  13,  19, 153, 316,  88, 190,   3],
       [ 31, 218,  18,  38,  31,  91,  24, 444,  84,  49],
       [ 46,  69, 119,  39,  11, 232,  87,  45, 297,  29],
       [ 28,  72,  94,  34, 121,  74,  77, 194, 233,  82]])}, 19.35771625)
[2024-06-20 20:44:26,570][flwr][INFO] - configure_evaluate: no clients selected, skipping evaluation
[2024-06-20 20:44:26,570][flwr][INFO] - 
[2024-06-20 20:44:26,570][flwr][INFO] - [ROUND 4]
[2024-06-20 20:44:26,571][flwr][INFO] - configure_fit: strategy sampled 10 clients (out of 100)
[2024-06-20 20:44:31,895][flwr][INFO] - aggregate_fit: received 10 results and 0 failures
[2024-06-20 20:44:32,338][flwr][INFO] - fit progress: (4, 19981624.109375, {'accuracy': 0.3102, 'precision': 0.31274833576364397, 'recall': 0.3102, 'f1': 0.29711224358011723, 'confusion_matrix': array([[348,  38,   5,  58,   8,  94, 323,  39,  56,  11],
       [  9, 738,  43,  35,  89,  56,  71,  47,  15,  32],
       [ 64, 153,  94,  78,  52, 272, 176,  26,  85,  32],
       [ 36,  87,  37, 300,  10, 107, 350,  13,  26,  44],
       [ 53,  92,  64,   8, 243,  59, 217, 146,  35,  65],
       [ 37,  72,  22, 122,  17, 168, 223,  59,  98,  74],
       [128,  44,  31,   9,  31, 135, 457,  46,  74,   3],
       [ 45, 191,  13,  19,  67,  68,  52, 518,  23,  32],
       [ 38, 121,  71,  96,  10, 215, 192,  31, 109,  91],
       [ 47,  72, 111,  25, 178,  45, 190, 166,  48, 127]])}, 25.125836167)
[2024-06-20 20:44:32,338][flwr][INFO] - configure_evaluate: no clients selected, skipping evaluation
[2024-06-20 20:44:32,338][flwr][INFO] - 
[2024-06-20 20:44:32,338][flwr][INFO] - [ROUND 5]
[2024-06-20 20:44:32,339][flwr][INFO] - configure_fit: strategy sampled 10 clients (out of 100)
[2024-06-20 20:44:37,683][flwr][INFO] - aggregate_fit: received 10 results and 0 failures
[2024-06-20 20:44:38,133][flwr][INFO] - fit progress: (5, 149615964.75, {'accuracy': 0.265, 'precision': 0.27741992309904084, 'recall': 0.265, 'f1': 0.25276421781229874, 'confusion_matrix': array([[335,  32,  15,  39,  14,  46, 401,  46,  42,  10],
       [ 30, 150, 153,  81, 421, 141,  76,  26,  35,  22],
       [ 56,  69, 237,  93,  89, 217, 140,  18,  99,  14],
       [ 27,  29, 106, 325,  24,  99, 320,  14,  34,  32],
       [ 58,  18, 139,   8, 477,  32, 153,  66,  21,  10],
       [ 21,  36,  86, 135,  47, 157, 246,  45,  89,  30],
       [116,  22, 102,  15,  57,  53, 463,  34,  94,   2],
       [ 33, 130,  81,  19, 211,  48,  66, 390,  17,  33],
       [ 12,  45, 233, 111,  53, 163, 203,  25,  89,  40],
       [ 43,  19, 289,  19, 369,  29, 151,  47,  16,  27]])}, 30.920897958999998)
[2024-06-20 20:44:38,133][flwr][INFO] - configure_evaluate: no clients selected, skipping evaluation
[2024-06-20 20:44:38,133][flwr][INFO] - 
[2024-06-20 20:44:38,133][flwr][INFO] - [ROUND 6]
[2024-06-20 20:44:38,133][flwr][INFO] - configure_fit: strategy sampled 10 clients (out of 100)
[2024-06-20 20:44:43,526][flwr][INFO] - aggregate_fit: received 10 results and 0 failures
[2024-06-20 20:44:43,983][flwr][INFO] - fit progress: (6, 1074091151.0, {'accuracy': 0.2543, 'precision': 0.27138446030701785, 'recall': 0.2543, 'f1': 0.24555838340810707, 'confusion_matrix': array([[324,  90,   5,  55,   6, 147, 270,  22,  44,  17],
       [ 12, 619,  42,  60, 240,  49,  38,  46,  20,   9],
       [ 34, 287, 157,  71,  68, 210, 113,  18,  52,  22],
       [ 22, 109,  55, 258,  19, 193, 312,   4,   8,  30],
       [ 90, 136, 111,  11, 173,  46, 200, 112,  32,  71],
       [ 22, 113,  27, 132,  24, 185, 228,  29,  46,  86],
       [100, 110,  59,  21,  24, 139, 362,  22, 102,  19],
       [ 66, 462,  28,  16,  72,  43,  63, 247,   6,  25],
       [  7, 138,  86, 117,  37, 175, 191,  14, 102, 107],
       [ 80, 137, 154,  25, 165,  24, 213,  69,  26, 116]])}, 36.771824959)
[2024-06-20 20:44:43,984][flwr][INFO] - configure_evaluate: no clients selected, skipping evaluation
[2024-06-20 20:44:43,984][flwr][INFO] - 
[2024-06-20 20:44:43,984][flwr][INFO] - [ROUND 7]
[2024-06-20 20:44:43,984][flwr][INFO] - configure_fit: strategy sampled 10 clients (out of 100)
[2024-06-20 20:44:49,696][flwr][INFO] - aggregate_fit: received 10 results and 0 failures
[2024-06-20 20:44:50,194][flwr][INFO] - fit progress: (7, 7517632976.0, {'accuracy': 0.2429, 'precision': 0.2703829010554567, 'recall': 0.2429, 'f1': 0.24328658067731418, 'confusion_matrix': array([[297, 136,   8,  41,   6,  70, 301,  45,  46,  30],
       [  5, 420,  57,  66, 399,  13,  69,  53,  35,  18],
       [ 55, 221, 139,  47,  62, 139, 171,  34, 119,  45],
       [  7, 114,  48, 215,  15, 162, 373,  17,  18,  41],
       [ 70, 174,  88,   2, 200,  23, 185,  91,  48, 101],
       [ 22, 119,  26, 119,  37, 172, 210,  48,  36, 103],
       [ 75, 130,  47,  14,  34,  81, 365,  26, 159,  27],
       [ 52, 402,  26,  14,  83,  29,  70, 284,  15,  53],
       [  8, 163,  60,  97,  56, 126, 199,  14, 132, 119],
       [ 65, 147, 126,  13, 163,  12, 178,  56,  44, 205]])}, 42.983004334)
[2024-06-20 20:44:50,195][flwr][INFO] - configure_evaluate: no clients selected, skipping evaluation
[2024-06-20 20:44:50,195][flwr][INFO] - 
[2024-06-20 20:44:50,195][flwr][INFO] - [ROUND 8]
[2024-06-20 20:44:50,195][flwr][INFO] - configure_fit: strategy sampled 10 clients (out of 100)
[2024-06-20 20:44:55,356][flwr][INFO] - aggregate_fit: received 10 results and 0 failures
[2024-06-20 20:44:55,800][flwr][INFO] - fit progress: (8, 54980565600.0, {'accuracy': 0.2503, 'precision': 0.2684294290685766, 'recall': 0.2503, 'f1': 0.24104377583828526, 'confusion_matrix': array([[393, 125,   2, 138,   7,  13, 245,  37,   5,  15],
       [  1, 357,  57, 193, 238,  20, 104,  57,  30,  78],
       [ 56, 176, 116, 129,  59, 126, 201,   9, 110,  50],
       [  7, 128,  22, 389,   8,  63, 309,   6,  18,  60],
       [ 99, 182,  50,  20, 133,  35, 118,  72,  55, 218],
       [ 25, 128,  10, 225,  43, 107, 154,  23,  26, 151],
       [135, 125,  26,  70,  26,  89, 329,  19,  83,  56],
       [ 49, 507,  12,  41,  61,  23,  51, 157,  17, 110],
       [ 10, 120,  44, 210,  21, 112, 149,   6, 113, 189],
       [ 51, 179,  48,  44,  64,  13, 105,  36,  60, 409]])}, 48.588911459)
[2024-06-20 20:44:55,801][flwr][INFO] - configure_evaluate: no clients selected, skipping evaluation
[2024-06-20 20:44:55,801][flwr][INFO] - 
[2024-06-20 20:44:55,801][flwr][INFO] - [ROUND 9]
[2024-06-20 20:44:55,801][flwr][INFO] - configure_fit: strategy sampled 10 clients (out of 100)
[2024-06-20 20:45:01,032][flwr][INFO] - aggregate_fit: received 10 results and 0 failures
[2024-06-20 20:45:01,561][flwr][INFO] - fit progress: (9, 392840265472.0, {'accuracy': 0.2639, 'precision': 0.28131073559060976, 'recall': 0.2639, 'f1': 0.2587378665136777, 'confusion_matrix': array([[427,  83,   5, 134,  12,  36, 203,  67,   6,   7],
       [  1, 412,  58, 139, 188,  56,  91, 126,  28,  36],
       [ 46, 169, 103, 158,  88, 221, 147,  20,  57,  23],
       [  5, 210,  15, 390,  14, 107, 231,   3,  21,  14],
       [ 77, 147,  49,  23, 125,  72,  86, 154,  78, 171],
       [ 20, 171,   6, 219,  40, 150, 126,  34,  32,  94],
       [136, 120,  22,  86,  24, 106, 316,  32,  74,  42],
       [ 15, 403,  14,  51,  54,  81,  27, 275,  21,  87],
       [  8, 198,  26, 224,  22, 175, 101,  13, 114,  93],
       [ 42, 182,  36,  58,  79,  50,  62,  81,  92, 327]])}, 54.350191249999995)
[2024-06-20 20:45:01,562][flwr][INFO] - configure_evaluate: no clients selected, skipping evaluation
[2024-06-20 20:45:01,562][flwr][INFO] - 
[2024-06-20 20:45:01,562][flwr][INFO] - [ROUND 10]
[2024-06-20 20:45:01,562][flwr][INFO] - configure_fit: strategy sampled 10 clients (out of 100)
[2024-06-20 20:45:06,806][flwr][INFO] - aggregate_fit: received 10 results and 0 failures
[2024-06-20 20:45:07,247][flwr][INFO] - fit progress: (10, 3013224605696.0, {'accuracy': 0.241, 'precision': 0.254431689601627, 'recall': 0.241, 'f1': 0.2360244804444308, 'confusion_matrix': array([[347,  78,  12, 130,  21,  46, 223,  82,   3,  38],
       [  1, 294,  79,  85, 315,  24,  90, 147,   4,  96],
       [ 46, 210, 150, 112,  85, 182, 108,  30,  40,  69],
       [ 11, 219,  23, 294,  26,  61, 311,   4,  15,  46],
       [ 55, 108,  55,  12, 170,  66,  29, 154,  44, 289],
       [ 14, 184,  13, 146,  53, 110, 167,  28,  12, 165],
       [107, 149,  50,  76,  37,  82, 179,  41,  71, 166],
       [ 21, 266,  23,  39, 116,  63,  25, 320,   9, 146],
       [  3, 246,  51, 153,  48, 154,  98,  10,  50, 161],
       [ 45,  92,  53,  23, 124,  40,  19,  66,  51, 496]])}, 60.036229375000005)
[2024-06-20 20:45:07,248][flwr][INFO] - configure_evaluate: no clients selected, skipping evaluation
[2024-06-20 20:45:07,248][flwr][INFO] - 
[2024-06-20 20:45:07,248][flwr][INFO] - [SUMMARY]
[2024-06-20 20:45:07,248][flwr][INFO] - Run finished 10 round(s) in 60.04s
[2024-06-20 20:45:07,252][flwr][INFO] - 	History (loss, centralized):
[2024-06-20 20:45:07,253][flwr][INFO] - 		round 0: 181.76928067207336
[2024-06-20 20:45:07,253][flwr][INFO] - 		round 1: 116029.41760253906
[2024-06-20 20:45:07,253][flwr][INFO] - 		round 2: 486155.72509765625
[2024-06-20 20:45:07,253][flwr][INFO] - 		round 3: 3006907.966796875
[2024-06-20 20:45:07,253][flwr][INFO] - 		round 4: 19981624.109375
[2024-06-20 20:45:07,253][flwr][INFO] - 		round 5: 149615964.75
[2024-06-20 20:45:07,253][flwr][INFO] - 		round 6: 1074091151.0
[2024-06-20 20:45:07,253][flwr][INFO] - 		round 7: 7517632976.0
[2024-06-20 20:45:07,253][flwr][INFO] - 		round 8: 54980565600.0
[2024-06-20 20:45:07,253][flwr][INFO] - 		round 9: 392840265472.0
[2024-06-20 20:45:07,253][flwr][INFO] - 		round 10: 3013224605696.0
[2024-06-20 20:45:07,253][flwr][INFO] - 	History (metrics, centralized):
[2024-06-20 20:45:07,253][flwr][INFO] - 	{'accuracy': [(0, 0.1086),
[2024-06-20 20:45:07,253][flwr][INFO] - 	              (1, 0.0752),
[2024-06-20 20:45:07,253][flwr][INFO] - 	              (2, 0.2195),
[2024-06-20 20:45:07,253][flwr][INFO] - 	              (3, 0.2533),
[2024-06-20 20:45:07,253][flwr][INFO] - 	              (4, 0.3102),
[2024-06-20 20:45:07,253][flwr][INFO] - 	              (5, 0.265),
[2024-06-20 20:45:07,253][flwr][INFO] - 	              (6, 0.2543),
[2024-06-20 20:45:07,253][flwr][INFO] - 	              (7, 0.2429),
[2024-06-20 20:45:07,253][flwr][INFO] - 	              (8, 0.2503),
[2024-06-20 20:45:07,253][flwr][INFO] - 	              (9, 0.2639),
[2024-06-20 20:45:07,253][flwr][INFO] - 	              (10, 0.241)],
[2024-06-20 20:45:07,253][flwr][INFO] - 	 'confusion_matrix': [(0,
[2024-06-20 20:45:07,253][flwr][INFO] - 	                       array([[   0,    8,    0,  956,    0,    1,    0,   15,    0,    0],
[2024-06-20 20:45:07,253][flwr][INFO] - 	       [   0,  122,    0, 1013,    0,    0,    0,    0,    0,    0],
[2024-06-20 20:45:07,254][flwr][INFO] - 	       [   0,   38,    0,  971,    0,    0,    3,   19,    1,    0],
[2024-06-20 20:45:07,254][flwr][INFO] - 	       [   0,   44,    0,  945,    1,    1,    0,   17,    2,    0],
[2024-06-20 20:45:07,254][flwr][INFO] - 	       [   0,  143,    0,  816,    1,    0,    2,   20,    0,    0],
[2024-06-20 20:45:07,254][flwr][INFO] - 	       [   0,  118,    0,  735,    1,    7,    0,   30,    1,    0],
[2024-06-20 20:45:07,254][flwr][INFO] - 	       [   0,  144,    0,  749,   25,    0,    2,   38,    0,    0],
[2024-06-20 20:45:07,254][flwr][INFO] - 	       [   0,  272,    0,  724,    8,    0,    0,    9,   15,    0],
[2024-06-20 20:45:07,254][flwr][INFO] - 	       [   0,   81,    0,  859,    1,    0,    1,   32,    0,    0],
[2024-06-20 20:45:07,254][flwr][INFO] - 	       [   0,  178,    0,  799,    1,    0,    0,   31,    0,    0]])),
[2024-06-20 20:45:07,254][flwr][INFO] - 	                      (1,
[2024-06-20 20:45:07,254][flwr][INFO] - 	                       array([[126, 351,  13,   2,  82,   3, 164,   0,  72, 167],
[2024-06-20 20:45:07,254][flwr][INFO] - 	       [146,   2, 151,   0, 829,   0,   1,   1,   0,   5],
[2024-06-20 20:45:07,254][flwr][INFO] - 	       [278, 150,  43,   0, 174,  23, 229,   1,  61,  73],
[2024-06-20 20:45:07,254][flwr][INFO] - 	       [ 99,  14, 135,   0, 387,   2, 199,   4,  49, 121],
[2024-06-20 20:45:07,254][flwr][INFO] - 	       [355,  75,   6,   0, 402,   7,  15,   2,  49,  71],
[2024-06-20 20:45:07,254][flwr][INFO] - 	       [194,  34, 116,   0, 170,   2, 142,   1,  36, 197],
[2024-06-20 20:45:07,254][flwr][INFO] - 	       [235, 242,  31,   0, 159,   8, 103,   0,  22, 158],
[2024-06-20 20:45:07,254][flwr][INFO] - 	       [290,  25,   4,   3, 614,   5,   5,   1,  31,  50],
[2024-06-20 20:45:07,254][flwr][INFO] - 	       [300,  18, 116,   0, 327,  13, 139,   3,  22,  36],
[2024-06-20 20:45:07,254][flwr][INFO] - 	       [155,  46,   9,   0, 721,   0,  10,   0,  17,  51]])),
[2024-06-20 20:45:07,254][flwr][INFO] - 	                      (2,
[2024-06-20 20:45:07,254][flwr][INFO] - 	                       array([[ 92, 184,   4,  57,   8,  37,  99,  81, 410,   8],
[2024-06-20 20:45:07,254][flwr][INFO] - 	       [ 12, 488,   6,  29,  26,  14,  27, 453,  80,   0],
[2024-06-20 20:45:07,254][flwr][INFO] - 	       [ 21, 185,  35,  49,  54, 157,  82,  97, 338,  14],
[2024-06-20 20:45:07,254][flwr][INFO] - 	       [  5, 100,  17,  99,  23,  29, 112, 166, 453,   6],
[2024-06-20 20:45:07,254][flwr][INFO] - 	       [ 19, 142,   7,   5, 297, 101,  25, 195, 166,  25],
[2024-06-20 20:45:07,254][flwr][INFO] - 	       [ 21,  94,  12,  40,  17,  56,  40, 120, 471,  21],
[2024-06-20 20:45:07,254][flwr][INFO] - 	       [ 28, 125,  11,  24,  40, 125, 144, 111, 342,   8],
[2024-06-20 20:45:07,254][flwr][INFO] - 	       [ 14, 320,   4,  13, 118,  24,   6, 497,  28,   4],
[2024-06-20 20:45:07,254][flwr][INFO] - 	       [ 45,  96,  33,  29,  24, 101,  51, 121, 457,  17],
[2024-06-20 20:45:07,254][flwr][INFO] - 	       [ 15, 110,  29,  11, 358,  35,  27, 233, 161,  30]])),
[2024-06-20 20:45:07,254][flwr][INFO] - 	                      (3,
[2024-06-20 20:45:07,254][flwr][INFO] - 	                       array([[216,  58,  16,  39,   2, 133, 184,  60, 264,   8],
[2024-06-20 20:45:07,254][flwr][INFO] - 	       [ 17, 618,  47,  40,  58, 118,  29, 109,  88,  11],
[2024-06-20 20:45:07,254][flwr][INFO] - 	       [ 35, 103, 113,  65,  53, 295, 150,  25, 172,  21],
[2024-06-20 20:45:07,254][flwr][INFO] - 	       [ 12,  52,  62, 168,   3, 166, 267,  38, 227,  15],
[2024-06-20 20:45:07,254][flwr][INFO] - 	       [ 29,  98,  44,  21, 133, 124, 102, 189, 179,  63],
[2024-06-20 20:45:07,254][flwr][INFO] - 	       [ 25,  66,  30,  57,  10, 146,  86,  81, 365,  26],
[2024-06-20 20:45:07,254][flwr][INFO] - 	       [ 64,  67,  45,  13,  19, 153, 316,  88, 190,   3],
[2024-06-20 20:45:07,254][flwr][INFO] - 	       [ 31, 218,  18,  38,  31,  91,  24, 444,  84,  49],
[2024-06-20 20:45:07,254][flwr][INFO] - 	       [ 46,  69, 119,  39,  11, 232,  87,  45, 297,  29],
[2024-06-20 20:45:07,254][flwr][INFO] - 	       [ 28,  72,  94,  34, 121,  74,  77, 194, 233,  82]])),
[2024-06-20 20:45:07,254][flwr][INFO] - 	                      (4,
[2024-06-20 20:45:07,255][flwr][INFO] - 	                       array([[348,  38,   5,  58,   8,  94, 323,  39,  56,  11],
[2024-06-20 20:45:07,255][flwr][INFO] - 	       [  9, 738,  43,  35,  89,  56,  71,  47,  15,  32],
[2024-06-20 20:45:07,255][flwr][INFO] - 	       [ 64, 153,  94,  78,  52, 272, 176,  26,  85,  32],
[2024-06-20 20:45:07,255][flwr][INFO] - 	       [ 36,  87,  37, 300,  10, 107, 350,  13,  26,  44],
[2024-06-20 20:45:07,255][flwr][INFO] - 	       [ 53,  92,  64,   8, 243,  59, 217, 146,  35,  65],
[2024-06-20 20:45:07,255][flwr][INFO] - 	       [ 37,  72,  22, 122,  17, 168, 223,  59,  98,  74],
[2024-06-20 20:45:07,255][flwr][INFO] - 	       [128,  44,  31,   9,  31, 135, 457,  46,  74,   3],
[2024-06-20 20:45:07,255][flwr][INFO] - 	       [ 45, 191,  13,  19,  67,  68,  52, 518,  23,  32],
[2024-06-20 20:45:07,255][flwr][INFO] - 	       [ 38, 121,  71,  96,  10, 215, 192,  31, 109,  91],
[2024-06-20 20:45:07,255][flwr][INFO] - 	       [ 47,  72, 111,  25, 178,  45, 190, 166,  48, 127]])),
[2024-06-20 20:45:07,255][flwr][INFO] - 	                      (5,
[2024-06-20 20:45:07,255][flwr][INFO] - 	                       array([[335,  32,  15,  39,  14,  46, 401,  46,  42,  10],
[2024-06-20 20:45:07,255][flwr][INFO] - 	       [ 30, 150, 153,  81, 421, 141,  76,  26,  35,  22],
[2024-06-20 20:45:07,255][flwr][INFO] - 	       [ 56,  69, 237,  93,  89, 217, 140,  18,  99,  14],
[2024-06-20 20:45:07,255][flwr][INFO] - 	       [ 27,  29, 106, 325,  24,  99, 320,  14,  34,  32],
[2024-06-20 20:45:07,255][flwr][INFO] - 	       [ 58,  18, 139,   8, 477,  32, 153,  66,  21,  10],
[2024-06-20 20:45:07,255][flwr][INFO] - 	       [ 21,  36,  86, 135,  47, 157, 246,  45,  89,  30],
[2024-06-20 20:45:07,255][flwr][INFO] - 	       [116,  22, 102,  15,  57,  53, 463,  34,  94,   2],
[2024-06-20 20:45:07,255][flwr][INFO] - 	       [ 33, 130,  81,  19, 211,  48,  66, 390,  17,  33],
[2024-06-20 20:45:07,255][flwr][INFO] - 	       [ 12,  45, 233, 111,  53, 163, 203,  25,  89,  40],
[2024-06-20 20:45:07,255][flwr][INFO] - 	       [ 43,  19, 289,  19, 369,  29, 151,  47,  16,  27]])),
[2024-06-20 20:45:07,255][flwr][INFO] - 	                      (6,
[2024-06-20 20:45:07,255][flwr][INFO] - 	                       array([[324,  90,   5,  55,   6, 147, 270,  22,  44,  17],
[2024-06-20 20:45:07,255][flwr][INFO] - 	       [ 12, 619,  42,  60, 240,  49,  38,  46,  20,   9],
[2024-06-20 20:45:07,255][flwr][INFO] - 	       [ 34, 287, 157,  71,  68, 210, 113,  18,  52,  22],
[2024-06-20 20:45:07,255][flwr][INFO] - 	       [ 22, 109,  55, 258,  19, 193, 312,   4,   8,  30],
[2024-06-20 20:45:07,255][flwr][INFO] - 	       [ 90, 136, 111,  11, 173,  46, 200, 112,  32,  71],
[2024-06-20 20:45:07,255][flwr][INFO] - 	       [ 22, 113,  27, 132,  24, 185, 228,  29,  46,  86],
[2024-06-20 20:45:07,255][flwr][INFO] - 	       [100, 110,  59,  21,  24, 139, 362,  22, 102,  19],
[2024-06-20 20:45:07,255][flwr][INFO] - 	       [ 66, 462,  28,  16,  72,  43,  63, 247,   6,  25],
[2024-06-20 20:45:07,255][flwr][INFO] - 	       [  7, 138,  86, 117,  37, 175, 191,  14, 102, 107],
[2024-06-20 20:45:07,255][flwr][INFO] - 	       [ 80, 137, 154,  25, 165,  24, 213,  69,  26, 116]])),
[2024-06-20 20:45:07,255][flwr][INFO] - 	                      (7,
[2024-06-20 20:45:07,255][flwr][INFO] - 	                       array([[297, 136,   8,  41,   6,  70, 301,  45,  46,  30],
[2024-06-20 20:45:07,255][flwr][INFO] - 	       [  5, 420,  57,  66, 399,  13,  69,  53,  35,  18],
[2024-06-20 20:45:07,255][flwr][INFO] - 	       [ 55, 221, 139,  47,  62, 139, 171,  34, 119,  45],
[2024-06-20 20:45:07,255][flwr][INFO] - 	       [  7, 114,  48, 215,  15, 162, 373,  17,  18,  41],
[2024-06-20 20:45:07,255][flwr][INFO] - 	       [ 70, 174,  88,   2, 200,  23, 185,  91,  48, 101],
[2024-06-20 20:45:07,255][flwr][INFO] - 	       [ 22, 119,  26, 119,  37, 172, 210,  48,  36, 103],
[2024-06-20 20:45:07,255][flwr][INFO] - 	       [ 75, 130,  47,  14,  34,  81, 365,  26, 159,  27],
[2024-06-20 20:45:07,255][flwr][INFO] - 	       [ 52, 402,  26,  14,  83,  29,  70, 284,  15,  53],
[2024-06-20 20:45:07,255][flwr][INFO] - 	       [  8, 163,  60,  97,  56, 126, 199,  14, 132, 119],
[2024-06-20 20:45:07,255][flwr][INFO] - 	       [ 65, 147, 126,  13, 163,  12, 178,  56,  44, 205]])),
[2024-06-20 20:45:07,256][flwr][INFO] - 	                      (8,
[2024-06-20 20:45:07,256][flwr][INFO] - 	                       array([[393, 125,   2, 138,   7,  13, 245,  37,   5,  15],
[2024-06-20 20:45:07,256][flwr][INFO] - 	       [  1, 357,  57, 193, 238,  20, 104,  57,  30,  78],
[2024-06-20 20:45:07,256][flwr][INFO] - 	       [ 56, 176, 116, 129,  59, 126, 201,   9, 110,  50],
[2024-06-20 20:45:07,256][flwr][INFO] - 	       [  7, 128,  22, 389,   8,  63, 309,   6,  18,  60],
[2024-06-20 20:45:07,256][flwr][INFO] - 	       [ 99, 182,  50,  20, 133,  35, 118,  72,  55, 218],
[2024-06-20 20:45:07,256][flwr][INFO] - 	       [ 25, 128,  10, 225,  43, 107, 154,  23,  26, 151],
[2024-06-20 20:45:07,256][flwr][INFO] - 	       [135, 125,  26,  70,  26,  89, 329,  19,  83,  56],
[2024-06-20 20:45:07,256][flwr][INFO] - 	       [ 49, 507,  12,  41,  61,  23,  51, 157,  17, 110],
[2024-06-20 20:45:07,256][flwr][INFO] - 	       [ 10, 120,  44, 210,  21, 112, 149,   6, 113, 189],
[2024-06-20 20:45:07,256][flwr][INFO] - 	       [ 51, 179,  48,  44,  64,  13, 105,  36,  60, 409]])),
[2024-06-20 20:45:07,256][flwr][INFO] - 	                      (9,
[2024-06-20 20:45:07,256][flwr][INFO] - 	                       array([[427,  83,   5, 134,  12,  36, 203,  67,   6,   7],
[2024-06-20 20:45:07,256][flwr][INFO] - 	       [  1, 412,  58, 139, 188,  56,  91, 126,  28,  36],
[2024-06-20 20:45:07,256][flwr][INFO] - 	       [ 46, 169, 103, 158,  88, 221, 147,  20,  57,  23],
[2024-06-20 20:45:07,256][flwr][INFO] - 	       [  5, 210,  15, 390,  14, 107, 231,   3,  21,  14],
[2024-06-20 20:45:07,256][flwr][INFO] - 	       [ 77, 147,  49,  23, 125,  72,  86, 154,  78, 171],
[2024-06-20 20:45:07,256][flwr][INFO] - 	       [ 20, 171,   6, 219,  40, 150, 126,  34,  32,  94],
[2024-06-20 20:45:07,256][flwr][INFO] - 	       [136, 120,  22,  86,  24, 106, 316,  32,  74,  42],
[2024-06-20 20:45:07,256][flwr][INFO] - 	       [ 15, 403,  14,  51,  54,  81,  27, 275,  21,  87],
[2024-06-20 20:45:07,256][flwr][INFO] - 	       [  8, 198,  26, 224,  22, 175, 101,  13, 114,  93],
[2024-06-20 20:45:07,256][flwr][INFO] - 	       [ 42, 182,  36,  58,  79,  50,  62,  81,  92, 327]])),
[2024-06-20 20:45:07,256][flwr][INFO] - 	                      (10,
[2024-06-20 20:45:07,256][flwr][INFO] - 	                       array([[347,  78,  12, 130,  21,  46, 223,  82,   3,  38],
[2024-06-20 20:45:07,256][flwr][INFO] - 	       [  1, 294,  79,  85, 315,  24,  90, 147,   4,  96],
[2024-06-20 20:45:07,256][flwr][INFO] - 	       [ 46, 210, 150, 112,  85, 182, 108,  30,  40,  69],
[2024-06-20 20:45:07,256][flwr][INFO] - 	       [ 11, 219,  23, 294,  26,  61, 311,   4,  15,  46],
[2024-06-20 20:45:07,256][flwr][INFO] - 	       [ 55, 108,  55,  12, 170,  66,  29, 154,  44, 289],
[2024-06-20 20:45:07,256][flwr][INFO] - 	       [ 14, 184,  13, 146,  53, 110, 167,  28,  12, 165],
[2024-06-20 20:45:07,256][flwr][INFO] - 	       [107, 149,  50,  76,  37,  82, 179,  41,  71, 166],
[2024-06-20 20:45:07,256][flwr][INFO] - 	       [ 21, 266,  23,  39, 116,  63,  25, 320,   9, 146],
[2024-06-20 20:45:07,256][flwr][INFO] - 	       [  3, 246,  51, 153,  48, 154,  98,  10,  50, 161],
[2024-06-20 20:45:07,256][flwr][INFO] - 	       [ 45,  92,  53,  23, 124,  40,  19,  66,  51, 496]]))],
[2024-06-20 20:45:07,256][flwr][INFO] - 	 'f1': [(0, 0.03553137346181725),
[2024-06-20 20:45:07,256][flwr][INFO] - 	        (1, 0.04882538058427544),
[2024-06-20 20:45:07,256][flwr][INFO] - 	        (2, 0.18736602486009898),
[2024-06-20 20:45:07,256][flwr][INFO] - 	        (3, 0.24682773006449588),
[2024-06-20 20:45:07,256][flwr][INFO] - 	        (4, 0.29711224358011723),
[2024-06-20 20:45:07,256][flwr][INFO] - 	        (5, 0.25276421781229874),
[2024-06-20 20:45:07,256][flwr][INFO] - 	        (6, 0.24555838340810707),
[2024-06-20 20:45:07,256][flwr][INFO] - 	        (7, 0.24328658067731418),
[2024-06-20 20:45:07,256][flwr][INFO] - 	        (8, 0.24104377583828526),
[2024-06-20 20:45:07,257][flwr][INFO] - 	        (9, 0.2587378665136777),
[2024-06-20 20:45:07,257][flwr][INFO] - 	        (10, 0.2360244804444308)],
[2024-06-20 20:45:07,257][flwr][INFO] - 	 'precision': [(0, 0.12349967530374152),
[2024-06-20 20:45:07,257][flwr][INFO] - 	               (1, 0.055278206656796385),
[2024-06-20 20:45:07,257][flwr][INFO] - 	               (2, 0.2369270254333707),
[2024-06-20 20:45:07,257][flwr][INFO] - 	               (3, 0.28189246747666247),
[2024-06-20 20:45:07,257][flwr][INFO] - 	               (4, 0.31274833576364397),
[2024-06-20 20:45:07,257][flwr][INFO] - 	               (5, 0.27741992309904084),
[2024-06-20 20:45:07,257][flwr][INFO] - 	               (6, 0.27138446030701785),
[2024-06-20 20:45:07,257][flwr][INFO] - 	               (7, 0.2703829010554567),
[2024-06-20 20:45:07,257][flwr][INFO] - 	               (8, 0.2684294290685766),
[2024-06-20 20:45:07,257][flwr][INFO] - 	               (9, 0.28131073559060976),
[2024-06-20 20:45:07,257][flwr][INFO] - 	               (10, 0.254431689601627)],
[2024-06-20 20:45:07,257][flwr][INFO] - 	 'recall': [(0, 0.1086),
[2024-06-20 20:45:07,257][flwr][INFO] - 	            (1, 0.0752),
[2024-06-20 20:45:07,257][flwr][INFO] - 	            (2, 0.2195),
[2024-06-20 20:45:07,257][flwr][INFO] - 	            (3, 0.2533),
[2024-06-20 20:45:07,257][flwr][INFO] - 	            (4, 0.3102),
[2024-06-20 20:45:07,257][flwr][INFO] - 	            (5, 0.265),
[2024-06-20 20:45:07,257][flwr][INFO] - 	            (6, 0.2543),
[2024-06-20 20:45:07,257][flwr][INFO] - 	            (7, 0.2429),
[2024-06-20 20:45:07,257][flwr][INFO] - 	            (8, 0.2503),
[2024-06-20 20:45:07,257][flwr][INFO] - 	            (9, 0.2639),
[2024-06-20 20:45:07,257][flwr][INFO] - 	            (10, 0.241)]}
[2024-06-20 20:45:07,257][flwr][INFO] - 
