[2024-06-21 14:06:33,613][flwr][INFO] - Starting Flower simulation, config: num_rounds=10, no round_timeout
[2024-06-21 14:06:35,600][flwr][INFO] - Flower VCE: Ray initialized with resources: {'memory': 9829172839.0, 'node:__internal_head__': 1.0, 'node:127.0.0.1': 1.0, 'CPU': 12.0, 'object_store_memory': 2147483648.0}
[2024-06-21 14:06:35,600][flwr][INFO] - Optimize your simulation with Flower VCE: https://flower.ai/docs/framework/how-to-run-simulations.html
[2024-06-21 14:06:35,600][flwr][INFO] - Flower VCE: Resources for each Virtual Client: {'num_cpus': 2, 'num_gpus': 0}
[2024-06-21 14:06:35,606][flwr][INFO] - Flower VCE: Creating VirtualClientEngineActorPool with 6 actors
[2024-06-21 14:06:35,606][flwr][INFO] - [INIT]
[2024-06-21 14:06:35,606][flwr][INFO] - Requesting initial parameters from one random client
[2024-06-21 14:06:37,065][flwr][INFO] - Received initial parameters from one random client
[2024-06-21 14:06:37,065][flwr][INFO] - Evaluating initial global parameters
[2024-06-21 14:06:37,390][flwr][INFO] - initial parameters (loss, other metrics): 181.76928067207336, {'accuracy': 0.1086, 'precision': 0.12349967530374152, 'recall': 0.1086, 'f1': 0.03553137346181725, 'confusion_matrix': array([[   0,    8,    0,  956,    0,    1,    0,   15,    0,    0],
       [   0,  122,    0, 1013,    0,    0,    0,    0,    0,    0],
       [   0,   38,    0,  971,    0,    0,    3,   19,    1,    0],
       [   0,   44,    0,  945,    1,    1,    0,   17,    2,    0],
       [   0,  143,    0,  816,    1,    0,    2,   20,    0,    0],
       [   0,  118,    0,  735,    1,    7,    0,   30,    1,    0],
       [   0,  144,    0,  749,   25,    0,    2,   38,    0,    0],
       [   0,  272,    0,  724,    8,    0,    0,    9,   15,    0],
       [   0,   81,    0,  859,    1,    0,    1,   32,    0,    0],
       [   0,  178,    0,  799,    1,    0,    0,   31,    0,    0]])}
[2024-06-21 14:06:37,390][flwr][INFO] - 
[2024-06-21 14:06:37,390][flwr][INFO] - [ROUND 1]
[2024-06-21 14:06:37,390][flwr][INFO] - configure_fit: strategy sampled 10 clients (out of 100)
[2024-06-21 14:06:43,869][flwr][INFO] - aggregate_fit: received 10 results and 0 failures
[2024-06-21 14:06:43,877][flwr][WARNING] - No fit_metrics_aggregation_fn provided
[2024-06-21 14:06:44,215][flwr][INFO] - fit progress: (1, 288.8660395145416, {'accuracy': 0.0218, 'precision': 0.017248941566520504, 'recall': 0.0218, 'f1': 0.01863864158099235, 'confusion_matrix': array([[   1,  940,    0,    3,    2,    0,    9,   24,    1,    0],
       [   1,    0, 1119,    4,    2,    0,    2,    7,    0,    0],
       [   1,   33,   25,  823,    7,    2,    1,   92,   36,   12],
       [  16,   16,   19,   42,  758,    0,   63,   24,   68,    4],
       [ 477,   11,   19,    7,    0,  224,   14,  123,  107,    0],
       [  55,   71,   29,    8,   64,    2,  578,   56,   27,    2],
       [   0,   22,    8,   11,    0,    3,   21,  892,    1,    0],
       [  19,    5,   25,   17,    1,    0,    1,    2,  957,    1],
       [  39,   77,   70,   37,   81,    0,  112,   93,  125,  340],
       [ 610,   23,    9,    6,    5,    1,    6,   20,  329,    0]])}, 6.825084917)
[2024-06-21 14:06:44,216][flwr][INFO] - configure_evaluate: no clients selected, skipping evaluation
[2024-06-21 14:06:44,216][flwr][INFO] - 
[2024-06-21 14:06:44,216][flwr][INFO] - [ROUND 2]
[2024-06-21 14:06:44,216][flwr][INFO] - configure_fit: strategy sampled 10 clients (out of 100)
[2024-06-21 14:06:49,091][flwr][INFO] - aggregate_fit: received 10 results and 0 failures
[2024-06-21 14:06:49,424][flwr][INFO] - fit progress: (2, 404.2192668914795, {'accuracy': 0.0195, 'precision': 0.01870526380471805, 'recall': 0.0195, 'f1': 0.01897888675248211, 'confusion_matrix': array([[   8,  883,    0,    6,    1,    3,   32,   27,    1,   19],
       [   0,    0, 1122,    2,    1,    0,    1,    4,    0,    5],
       [   4,    5,   53,  845,    7,   18,    1,   49,   13,   37],
       [   1,    2,   23,   52,  821,    0,   21,    5,   24,   61],
       [  44,    0,   10,    1,    0,  890,    2,   29,    1,    5],
       [  25,   10,   14,    9,   60,   26,  646,   29,    8,   65],
       [   0,    6,    7,    8,    1,    9,   21,  905,    0,    1],
       [  69,    0,   43,   18,    0,   13,    0,    0,  872,   13],
       [  14,    4,   49,   16,   20,    9,   31,   23,    7,  801],
       [ 863,    2,   11,    2,    7,   56,    4,    8,   28,   28]])}, 12.033873125000001)
[2024-06-21 14:06:49,424][flwr][INFO] - configure_evaluate: no clients selected, skipping evaluation
[2024-06-21 14:06:49,425][flwr][INFO] - 
[2024-06-21 14:06:49,425][flwr][INFO] - [ROUND 3]
[2024-06-21 14:06:49,425][flwr][INFO] - configure_fit: strategy sampled 10 clients (out of 100)
[2024-06-21 14:06:54,480][flwr][INFO] - aggregate_fit: received 10 results and 0 failures
[2024-06-21 14:06:54,829][flwr][INFO] - fit progress: (3, 430.36850357055664, {'accuracy': 0.015, 'precision': 0.014272628260575923, 'recall': 0.015, 'f1': 0.014574981595855548, 'confusion_matrix': array([[   0,  934,    0,    2,    3,    0,   16,   12,    1,   12],
       [   0,    0, 1114,    2,    1,    0,    3,    4,    0,   11],
       [   6,    7,   56,  842,   12,   19,    2,   22,   17,   49],
       [   3,    3,    8,   20,  863,    0,   39,    3,   16,   55],
       [  64,    0,    2,    1,    0,  877,    7,   16,    1,   14],
       [   9,   10,    7,    5,   47,    6,  745,    9,    5,   49],
       [   0,    9,    3,    3,    0,   14,   34,  891,    0,    4],
       [  56,    0,   27,   19,    2,   11,    0,    0,  903,   10],
       [   6,    3,   23,    4,   18,    4,   34,   15,    6,  861],
       [ 902,    3,    6,    3,    8,   27,   14,    2,   16,   28]])}, 17.438906959)
[2024-06-21 14:06:54,830][flwr][INFO] - configure_evaluate: no clients selected, skipping evaluation
[2024-06-21 14:06:54,830][flwr][INFO] - 
[2024-06-21 14:06:54,830][flwr][INFO] - [ROUND 4]
[2024-06-21 14:06:54,830][flwr][INFO] - configure_fit: strategy sampled 10 clients (out of 100)
[2024-06-21 14:07:00,216][flwr][INFO] - aggregate_fit: received 10 results and 0 failures
[2024-06-21 14:07:00,577][flwr][INFO] - fit progress: (4, 421.3429021835327, {'accuracy': 0.0143, 'precision': 0.013850938223881091, 'recall': 0.0143, 'f1': 0.014016221628452473, 'confusion_matrix': array([[   1,  952,    0,    3,    0,    0,    1,   10,    2,   11],
       [   0,    0, 1113,    2,    1,    0,    0,    4,    3,   12],
       [   4,    7,   31,  892,    9,    7,    1,   24,   23,   34],
       [   2,    3,    7,   41,  860,    0,   18,    3,   27,   49],
       [ 115,    1,    5,    5,    1,  799,    2,   24,    3,   27],
       [  16,   15,    4,    8,   45,    3,  704,   17,   12,   68],
       [   0,   11,    4,    3,    0,    3,   16,  913,    2,    6],
       [  18,    0,   21,   24,    0,    4,    0,    1,  957,    3],
       [   5,    4,   19,    8,   13,    3,   12,   16,   10,  884],
       [ 883,    5,    6,    3,    7,   18,    2,    2,   44,   39]])}, 23.186871125000003)
[2024-06-21 14:07:00,578][flwr][INFO] - configure_evaluate: no clients selected, skipping evaluation
[2024-06-21 14:07:00,578][flwr][INFO] - 
[2024-06-21 14:07:00,578][flwr][INFO] - [ROUND 5]
[2024-06-21 14:07:00,578][flwr][INFO] - configure_fit: strategy sampled 10 clients (out of 100)
[2024-06-21 14:07:05,632][flwr][INFO] - aggregate_fit: received 10 results and 0 failures
[2024-06-21 14:07:06,037][flwr][INFO] - fit progress: (5, 441.95207691192627, {'accuracy': 0.0113, 'precision': 0.01126445207193191, 'recall': 0.0113, 'f1': 0.011264247059855527, 'confusion_matrix': array([[   0,  949,    0,    0,    2,    0,    9,    9,    1,   10],
       [   0,    0, 1114,    3,    2,    0,    1,    3,    0,   12],
       [   5,    6,   19,  903,   15,    9,    1,   17,   14,   43],
       [   5,    2,    3,   25,  893,    0,   24,    2,   15,   41],
       [  64,    1,    2,    5,    0,  875,    4,   17,    2,   12],
       [   8,    9,    4,    7,   44,    5,  771,    8,    6,   30],
       [   0,   11,    4,    2,    0,    6,   32,  894,    0,    9],
       [  41,    1,   20,   28,    0,    6,    0,    0,  926,    6],
       [   9,    4,   12,    8,   19,    8,   27,   10,    5,  872],
       [ 912,    4,    7,    3,    7,   28,    5,    1,   15,   27]])}, 28.646847209)
[2024-06-21 14:07:06,038][flwr][INFO] - configure_evaluate: no clients selected, skipping evaluation
[2024-06-21 14:07:06,038][flwr][INFO] - 
[2024-06-21 14:07:06,038][flwr][INFO] - [ROUND 6]
[2024-06-21 14:07:06,038][flwr][INFO] - configure_fit: strategy sampled 10 clients (out of 100)
[2024-06-21 14:07:11,045][flwr][INFO] - aggregate_fit: received 10 results and 0 failures
[2024-06-21 14:07:11,390][flwr][INFO] - fit progress: (6, 432.57225275039673, {'accuracy': 0.0123, 'precision': 0.011468305693613403, 'recall': 0.0123, 'f1': 0.0118165757522464, 'confusion_matrix': array([[  25,  918,    0,    1,    2,    1,    6,   14,    2,   11],
       [   0,    0, 1119,    2,    2,    1,    0,    4,    1,    6],
       [  13,    6,   45,  868,   20,   17,    1,   20,   21,   21],
       [  11,    2,    4,   11,  922,    2,   15,    4,   16,   23],
       [  66,    0,    2,    1,    1,  896,    1,   11,    0,    4],
       [  17,    8,    6,    1,   31,   11,  758,   17,    7,   36],
       [   1,    9,    4,    2,    1,   16,   13,  906,    0,    6],
       [  63,    0,   18,   16,    4,    6,    0,    0,  920,    1],
       [  20,    2,   32,    1,   23,   12,   10,   14,    5,  855],
       [ 947,    3,    7,    1,    8,   23,    2,    1,    5,   12]])}, 33.9999755)
[2024-06-21 14:07:11,391][flwr][INFO] - configure_evaluate: no clients selected, skipping evaluation
[2024-06-21 14:07:11,391][flwr][INFO] - 
[2024-06-21 14:07:11,391][flwr][INFO] - [ROUND 7]
[2024-06-21 14:07:11,391][flwr][INFO] - configure_fit: strategy sampled 10 clients (out of 100)
[2024-06-21 14:07:16,746][flwr][INFO] - aggregate_fit: received 10 results and 0 failures
[2024-06-21 14:07:17,117][flwr][INFO] - fit progress: (7, 398.3401002883911, {'accuracy': 0.0095, 'precision': 0.009385638205913097, 'recall': 0.0095, 'f1': 0.009419519742127817, 'confusion_matrix': array([[   0,  961,    0,    0,    1,    0,    5,    4,    1,    8],
       [   0,    0, 1120,    2,    2,    0,    1,    4,    0,    6],
       [   3,   13,   25,  913,   21,   14,    2,   12,   15,   14],
       [   3,    2,    4,   17,  919,    0,   15,    5,   15,   30],
       [  63,    1,    4,    2,    1,  883,    2,   12,    0,   14],
       [  13,   12,    3,    1,   28,    6,  776,   14,    4,   35],
       [   0,   11,    4,    2,    1,   12,   15,  907,    0,    6],
       [  40,    2,   18,   25,    4,    6,    0,    0,  931,    2],
       [   6,    6,   24,    7,   18,    9,   16,   14,    6,  868],
       [ 923,    9,    6,    2,   11,   20,    2,    1,   10,   25]])}, 39.726742209)
[2024-06-21 14:07:17,118][flwr][INFO] - configure_evaluate: no clients selected, skipping evaluation
[2024-06-21 14:07:17,118][flwr][INFO] - 
[2024-06-21 14:07:17,118][flwr][INFO] - [ROUND 8]
[2024-06-21 14:07:17,118][flwr][INFO] - configure_fit: strategy sampled 10 clients (out of 100)
[2024-06-21 14:07:22,649][flwr][INFO] - aggregate_fit: received 10 results and 0 failures
[2024-06-21 14:07:22,989][flwr][INFO] - fit progress: (8, 469.80545806884766, {'accuracy': 0.0075, 'precision': 0.0075897145819158835, 'recall': 0.0075, 'f1': 0.007533969573933011, 'confusion_matrix': array([[   0,  961,    0,    0,    1,    0,    4,    6,    2,    6],
       [   0,    0, 1113,    2,    2,    1,    0,    4,    0,   13],
       [   4,   13,    9,  923,    8,   14,    0,   10,   17,   34],
       [   7,    3,    1,   21,  906,    1,   20,    3,   16,   32],
       [  48,    1,    2,    2,    0,  909,    2,   11,    1,    6],
       [  10,   13,    3,    1,   21,    5,  799,   12,    5,   23],
       [   0,   11,    4,    1,    0,    9,   19,  906,    0,    8],
       [  33,    2,   14,   20,    2,    5,    0,    0,  950,    2],
       [  10,    6,    9,    3,   10,    4,   13,    9,   10,  900],
       [ 939,    5,    6,    1,    9,   26,    3,    1,    8,   11]])}, 45.598220167)
[2024-06-21 14:07:22,989][flwr][INFO] - configure_evaluate: no clients selected, skipping evaluation
[2024-06-21 14:07:22,989][flwr][INFO] - 
[2024-06-21 14:07:22,989][flwr][INFO] - [ROUND 9]
[2024-06-21 14:07:22,990][flwr][INFO] - configure_fit: strategy sampled 10 clients (out of 100)
[2024-06-21 14:07:28,912][flwr][INFO] - aggregate_fit: received 10 results and 0 failures
[2024-06-21 14:07:29,258][flwr][INFO] - fit progress: (9, 430.7570958137512, {'accuracy': 0.0083, 'precision': 0.007975005341357401, 'recall': 0.0083, 'f1': 0.008118588689711955, 'confusion_matrix': array([[   3,  953,    0,    2,    0,    0,    3,    8,    1,   10],
       [   0,    0, 1100,    3,    2,    1,    0,    3,    0,   26],
       [   1,    8,    4,  930,    8,    8,    1,   13,   19,   40],
       [   6,    1,    0,   21,  901,    0,   14,    4,   18,   45],
       [  37,    1,    0,    2,    0,  906,    4,   15,    1,   16],
       [  10,    8,    1,    2,   27,    3,  790,   16,    0,   35],
       [   0,   11,    3,    2,    1,    7,    8,  919,    1,    6],
       [  58,    1,   11,   18,    2,    7,    0,    0,  928,    3],
       [   5,    4,    2,    2,   11,    5,    9,   12,    6,  918],
       [ 917,    4,    5,    1,    5,   29,    2,    1,    7,   38]])}, 51.867074834)
[2024-06-21 14:07:29,258][flwr][INFO] - configure_evaluate: no clients selected, skipping evaluation
[2024-06-21 14:07:29,258][flwr][INFO] - 
[2024-06-21 14:07:29,258][flwr][INFO] - [ROUND 10]
[2024-06-21 14:07:29,259][flwr][INFO] - configure_fit: strategy sampled 10 clients (out of 100)
[2024-06-21 14:07:34,772][flwr][INFO] - aggregate_fit: received 10 results and 0 failures
[2024-06-21 14:07:35,125][flwr][INFO] - fit progress: (10, 450.1729335784912, {'accuracy': 0.006, 'precision': 0.0061731052332666455, 'recall': 0.006, 'f1': 0.0060811440403328925, 'confusion_matrix': array([[   0,  963,    0,    0,    2,    0,    5,    6,    2,    2],
       [   0,    0, 1117,    4,    3,    0,    1,    4,    1,    5],
       [   6,    7,    2,  953,   16,    9,    5,   10,   12,   12],
       [   6,    0,    0,   14,  937,    0,   18,    2,   13,   20],
       [  56,    2,    1,    3,    0,  903,    3,   10,    1,    3],
       [   9,   11,    1,    1,   26,    4,  814,    7,    0,   19],
       [   0,   15,    3,    0,    2,    8,   20,  904,    1,    5],
       [  37,    2,    9,   23,    5,    5,    1,    1,  945,    0],
       [  11,    4,    7,   19,   20,    7,   19,   12,    7,  868],
       [ 938,    5,    6,    1,   13,   23,    3,    1,    7,   12]])}, 57.734008208999995)
[2024-06-21 14:07:35,125][flwr][INFO] - configure_evaluate: no clients selected, skipping evaluation
[2024-06-21 14:07:35,125][flwr][INFO] - 
[2024-06-21 14:07:35,126][flwr][INFO] - [SUMMARY]
[2024-06-21 14:07:35,126][flwr][INFO] - Run finished 10 round(s) in 57.73s
[2024-06-21 14:07:35,129][flwr][INFO] - 	History (loss, centralized):
[2024-06-21 14:07:35,130][flwr][INFO] - 		round 0: 181.76928067207336
[2024-06-21 14:07:35,130][flwr][INFO] - 		round 1: 288.8660395145416
[2024-06-21 14:07:35,130][flwr][INFO] - 		round 2: 404.2192668914795
[2024-06-21 14:07:35,130][flwr][INFO] - 		round 3: 430.36850357055664
[2024-06-21 14:07:35,130][flwr][INFO] - 		round 4: 421.3429021835327
[2024-06-21 14:07:35,130][flwr][INFO] - 		round 5: 441.95207691192627
[2024-06-21 14:07:35,130][flwr][INFO] - 		round 6: 432.57225275039673
[2024-06-21 14:07:35,130][flwr][INFO] - 		round 7: 398.3401002883911
[2024-06-21 14:07:35,130][flwr][INFO] - 		round 8: 469.80545806884766
[2024-06-21 14:07:35,130][flwr][INFO] - 		round 9: 430.7570958137512
[2024-06-21 14:07:35,130][flwr][INFO] - 		round 10: 450.1729335784912
[2024-06-21 14:07:35,130][flwr][INFO] - 	History (metrics, centralized):
[2024-06-21 14:07:35,130][flwr][INFO] - 	{'accuracy': [(0, 0.1086),
[2024-06-21 14:07:35,130][flwr][INFO] - 	              (1, 0.0218),
[2024-06-21 14:07:35,130][flwr][INFO] - 	              (2, 0.0195),
[2024-06-21 14:07:35,130][flwr][INFO] - 	              (3, 0.015),
[2024-06-21 14:07:35,130][flwr][INFO] - 	              (4, 0.0143),
[2024-06-21 14:07:35,130][flwr][INFO] - 	              (5, 0.0113),
[2024-06-21 14:07:35,130][flwr][INFO] - 	              (6, 0.0123),
[2024-06-21 14:07:35,130][flwr][INFO] - 	              (7, 0.0095),
[2024-06-21 14:07:35,130][flwr][INFO] - 	              (8, 0.0075),
[2024-06-21 14:07:35,130][flwr][INFO] - 	              (9, 0.0083),
[2024-06-21 14:07:35,130][flwr][INFO] - 	              (10, 0.006)],
[2024-06-21 14:07:35,130][flwr][INFO] - 	 'confusion_matrix': [(0,
[2024-06-21 14:07:35,130][flwr][INFO] - 	                       array([[   0,    8,    0,  956,    0,    1,    0,   15,    0,    0],
[2024-06-21 14:07:35,130][flwr][INFO] - 	       [   0,  122,    0, 1013,    0,    0,    0,    0,    0,    0],
[2024-06-21 14:07:35,130][flwr][INFO] - 	       [   0,   38,    0,  971,    0,    0,    3,   19,    1,    0],
[2024-06-21 14:07:35,130][flwr][INFO] - 	       [   0,   44,    0,  945,    1,    1,    0,   17,    2,    0],
[2024-06-21 14:07:35,130][flwr][INFO] - 	       [   0,  143,    0,  816,    1,    0,    2,   20,    0,    0],
[2024-06-21 14:07:35,130][flwr][INFO] - 	       [   0,  118,    0,  735,    1,    7,    0,   30,    1,    0],
[2024-06-21 14:07:35,130][flwr][INFO] - 	       [   0,  144,    0,  749,   25,    0,    2,   38,    0,    0],
[2024-06-21 14:07:35,130][flwr][INFO] - 	       [   0,  272,    0,  724,    8,    0,    0,    9,   15,    0],
[2024-06-21 14:07:35,130][flwr][INFO] - 	       [   0,   81,    0,  859,    1,    0,    1,   32,    0,    0],
[2024-06-21 14:07:35,130][flwr][INFO] - 	       [   0,  178,    0,  799,    1,    0,    0,   31,    0,    0]])),
[2024-06-21 14:07:35,130][flwr][INFO] - 	                      (1,
[2024-06-21 14:07:35,130][flwr][INFO] - 	                       array([[   1,  940,    0,    3,    2,    0,    9,   24,    1,    0],
[2024-06-21 14:07:35,130][flwr][INFO] - 	       [   1,    0, 1119,    4,    2,    0,    2,    7,    0,    0],
[2024-06-21 14:07:35,130][flwr][INFO] - 	       [   1,   33,   25,  823,    7,    2,    1,   92,   36,   12],
[2024-06-21 14:07:35,130][flwr][INFO] - 	       [  16,   16,   19,   42,  758,    0,   63,   24,   68,    4],
[2024-06-21 14:07:35,130][flwr][INFO] - 	       [ 477,   11,   19,    7,    0,  224,   14,  123,  107,    0],
[2024-06-21 14:07:35,130][flwr][INFO] - 	       [  55,   71,   29,    8,   64,    2,  578,   56,   27,    2],
[2024-06-21 14:07:35,130][flwr][INFO] - 	       [   0,   22,    8,   11,    0,    3,   21,  892,    1,    0],
[2024-06-21 14:07:35,130][flwr][INFO] - 	       [  19,    5,   25,   17,    1,    0,    1,    2,  957,    1],
[2024-06-21 14:07:35,130][flwr][INFO] - 	       [  39,   77,   70,   37,   81,    0,  112,   93,  125,  340],
[2024-06-21 14:07:35,130][flwr][INFO] - 	       [ 610,   23,    9,    6,    5,    1,    6,   20,  329,    0]])),
[2024-06-21 14:07:35,130][flwr][INFO] - 	                      (2,
[2024-06-21 14:07:35,131][flwr][INFO] - 	                       array([[   8,  883,    0,    6,    1,    3,   32,   27,    1,   19],
[2024-06-21 14:07:35,131][flwr][INFO] - 	       [   0,    0, 1122,    2,    1,    0,    1,    4,    0,    5],
[2024-06-21 14:07:35,131][flwr][INFO] - 	       [   4,    5,   53,  845,    7,   18,    1,   49,   13,   37],
[2024-06-21 14:07:35,131][flwr][INFO] - 	       [   1,    2,   23,   52,  821,    0,   21,    5,   24,   61],
[2024-06-21 14:07:35,131][flwr][INFO] - 	       [  44,    0,   10,    1,    0,  890,    2,   29,    1,    5],
[2024-06-21 14:07:35,131][flwr][INFO] - 	       [  25,   10,   14,    9,   60,   26,  646,   29,    8,   65],
[2024-06-21 14:07:35,131][flwr][INFO] - 	       [   0,    6,    7,    8,    1,    9,   21,  905,    0,    1],
[2024-06-21 14:07:35,131][flwr][INFO] - 	       [  69,    0,   43,   18,    0,   13,    0,    0,  872,   13],
[2024-06-21 14:07:35,131][flwr][INFO] - 	       [  14,    4,   49,   16,   20,    9,   31,   23,    7,  801],
[2024-06-21 14:07:35,131][flwr][INFO] - 	       [ 863,    2,   11,    2,    7,   56,    4,    8,   28,   28]])),
[2024-06-21 14:07:35,131][flwr][INFO] - 	                      (3,
[2024-06-21 14:07:35,131][flwr][INFO] - 	                       array([[   0,  934,    0,    2,    3,    0,   16,   12,    1,   12],
[2024-06-21 14:07:35,131][flwr][INFO] - 	       [   0,    0, 1114,    2,    1,    0,    3,    4,    0,   11],
[2024-06-21 14:07:35,131][flwr][INFO] - 	       [   6,    7,   56,  842,   12,   19,    2,   22,   17,   49],
[2024-06-21 14:07:35,131][flwr][INFO] - 	       [   3,    3,    8,   20,  863,    0,   39,    3,   16,   55],
[2024-06-21 14:07:35,131][flwr][INFO] - 	       [  64,    0,    2,    1,    0,  877,    7,   16,    1,   14],
[2024-06-21 14:07:35,131][flwr][INFO] - 	       [   9,   10,    7,    5,   47,    6,  745,    9,    5,   49],
[2024-06-21 14:07:35,131][flwr][INFO] - 	       [   0,    9,    3,    3,    0,   14,   34,  891,    0,    4],
[2024-06-21 14:07:35,131][flwr][INFO] - 	       [  56,    0,   27,   19,    2,   11,    0,    0,  903,   10],
[2024-06-21 14:07:35,131][flwr][INFO] - 	       [   6,    3,   23,    4,   18,    4,   34,   15,    6,  861],
[2024-06-21 14:07:35,131][flwr][INFO] - 	       [ 902,    3,    6,    3,    8,   27,   14,    2,   16,   28]])),
[2024-06-21 14:07:35,131][flwr][INFO] - 	                      (4,
[2024-06-21 14:07:35,131][flwr][INFO] - 	                       array([[   1,  952,    0,    3,    0,    0,    1,   10,    2,   11],
[2024-06-21 14:07:35,131][flwr][INFO] - 	       [   0,    0, 1113,    2,    1,    0,    0,    4,    3,   12],
[2024-06-21 14:07:35,131][flwr][INFO] - 	       [   4,    7,   31,  892,    9,    7,    1,   24,   23,   34],
[2024-06-21 14:07:35,131][flwr][INFO] - 	       [   2,    3,    7,   41,  860,    0,   18,    3,   27,   49],
[2024-06-21 14:07:35,131][flwr][INFO] - 	       [ 115,    1,    5,    5,    1,  799,    2,   24,    3,   27],
[2024-06-21 14:07:35,131][flwr][INFO] - 	       [  16,   15,    4,    8,   45,    3,  704,   17,   12,   68],
[2024-06-21 14:07:35,131][flwr][INFO] - 	       [   0,   11,    4,    3,    0,    3,   16,  913,    2,    6],
[2024-06-21 14:07:35,131][flwr][INFO] - 	       [  18,    0,   21,   24,    0,    4,    0,    1,  957,    3],
[2024-06-21 14:07:35,131][flwr][INFO] - 	       [   5,    4,   19,    8,   13,    3,   12,   16,   10,  884],
[2024-06-21 14:07:35,131][flwr][INFO] - 	       [ 883,    5,    6,    3,    7,   18,    2,    2,   44,   39]])),
[2024-06-21 14:07:35,131][flwr][INFO] - 	                      (5,
[2024-06-21 14:07:35,131][flwr][INFO] - 	                       array([[   0,  949,    0,    0,    2,    0,    9,    9,    1,   10],
[2024-06-21 14:07:35,131][flwr][INFO] - 	       [   0,    0, 1114,    3,    2,    0,    1,    3,    0,   12],
[2024-06-21 14:07:35,131][flwr][INFO] - 	       [   5,    6,   19,  903,   15,    9,    1,   17,   14,   43],
[2024-06-21 14:07:35,131][flwr][INFO] - 	       [   5,    2,    3,   25,  893,    0,   24,    2,   15,   41],
[2024-06-21 14:07:35,131][flwr][INFO] - 	       [  64,    1,    2,    5,    0,  875,    4,   17,    2,   12],
[2024-06-21 14:07:35,131][flwr][INFO] - 	       [   8,    9,    4,    7,   44,    5,  771,    8,    6,   30],
[2024-06-21 14:07:35,131][flwr][INFO] - 	       [   0,   11,    4,    2,    0,    6,   32,  894,    0,    9],
[2024-06-21 14:07:35,131][flwr][INFO] - 	       [  41,    1,   20,   28,    0,    6,    0,    0,  926,    6],
[2024-06-21 14:07:35,131][flwr][INFO] - 	       [   9,    4,   12,    8,   19,    8,   27,   10,    5,  872],
[2024-06-21 14:07:35,131][flwr][INFO] - 	       [ 912,    4,    7,    3,    7,   28,    5,    1,   15,   27]])),
[2024-06-21 14:07:35,131][flwr][INFO] - 	                      (6,
[2024-06-21 14:07:35,131][flwr][INFO] - 	                       array([[  25,  918,    0,    1,    2,    1,    6,   14,    2,   11],
[2024-06-21 14:07:35,131][flwr][INFO] - 	       [   0,    0, 1119,    2,    2,    1,    0,    4,    1,    6],
[2024-06-21 14:07:35,131][flwr][INFO] - 	       [  13,    6,   45,  868,   20,   17,    1,   20,   21,   21],
[2024-06-21 14:07:35,132][flwr][INFO] - 	       [  11,    2,    4,   11,  922,    2,   15,    4,   16,   23],
[2024-06-21 14:07:35,132][flwr][INFO] - 	       [  66,    0,    2,    1,    1,  896,    1,   11,    0,    4],
[2024-06-21 14:07:35,132][flwr][INFO] - 	       [  17,    8,    6,    1,   31,   11,  758,   17,    7,   36],
[2024-06-21 14:07:35,132][flwr][INFO] - 	       [   1,    9,    4,    2,    1,   16,   13,  906,    0,    6],
[2024-06-21 14:07:35,132][flwr][INFO] - 	       [  63,    0,   18,   16,    4,    6,    0,    0,  920,    1],
[2024-06-21 14:07:35,132][flwr][INFO] - 	       [  20,    2,   32,    1,   23,   12,   10,   14,    5,  855],
[2024-06-21 14:07:35,132][flwr][INFO] - 	       [ 947,    3,    7,    1,    8,   23,    2,    1,    5,   12]])),
[2024-06-21 14:07:35,132][flwr][INFO] - 	                      (7,
[2024-06-21 14:07:35,132][flwr][INFO] - 	                       array([[   0,  961,    0,    0,    1,    0,    5,    4,    1,    8],
[2024-06-21 14:07:35,132][flwr][INFO] - 	       [   0,    0, 1120,    2,    2,    0,    1,    4,    0,    6],
[2024-06-21 14:07:35,132][flwr][INFO] - 	       [   3,   13,   25,  913,   21,   14,    2,   12,   15,   14],
[2024-06-21 14:07:35,132][flwr][INFO] - 	       [   3,    2,    4,   17,  919,    0,   15,    5,   15,   30],
[2024-06-21 14:07:35,132][flwr][INFO] - 	       [  63,    1,    4,    2,    1,  883,    2,   12,    0,   14],
[2024-06-21 14:07:35,132][flwr][INFO] - 	       [  13,   12,    3,    1,   28,    6,  776,   14,    4,   35],
[2024-06-21 14:07:35,132][flwr][INFO] - 	       [   0,   11,    4,    2,    1,   12,   15,  907,    0,    6],
[2024-06-21 14:07:35,132][flwr][INFO] - 	       [  40,    2,   18,   25,    4,    6,    0,    0,  931,    2],
[2024-06-21 14:07:35,132][flwr][INFO] - 	       [   6,    6,   24,    7,   18,    9,   16,   14,    6,  868],
[2024-06-21 14:07:35,132][flwr][INFO] - 	       [ 923,    9,    6,    2,   11,   20,    2,    1,   10,   25]])),
[2024-06-21 14:07:35,132][flwr][INFO] - 	                      (8,
[2024-06-21 14:07:35,132][flwr][INFO] - 	                       array([[   0,  961,    0,    0,    1,    0,    4,    6,    2,    6],
[2024-06-21 14:07:35,132][flwr][INFO] - 	       [   0,    0, 1113,    2,    2,    1,    0,    4,    0,   13],
[2024-06-21 14:07:35,132][flwr][INFO] - 	       [   4,   13,    9,  923,    8,   14,    0,   10,   17,   34],
[2024-06-21 14:07:35,132][flwr][INFO] - 	       [   7,    3,    1,   21,  906,    1,   20,    3,   16,   32],
[2024-06-21 14:07:35,132][flwr][INFO] - 	       [  48,    1,    2,    2,    0,  909,    2,   11,    1,    6],
[2024-06-21 14:07:35,132][flwr][INFO] - 	       [  10,   13,    3,    1,   21,    5,  799,   12,    5,   23],
[2024-06-21 14:07:35,132][flwr][INFO] - 	       [   0,   11,    4,    1,    0,    9,   19,  906,    0,    8],
[2024-06-21 14:07:35,132][flwr][INFO] - 	       [  33,    2,   14,   20,    2,    5,    0,    0,  950,    2],
[2024-06-21 14:07:35,132][flwr][INFO] - 	       [  10,    6,    9,    3,   10,    4,   13,    9,   10,  900],
[2024-06-21 14:07:35,132][flwr][INFO] - 	       [ 939,    5,    6,    1,    9,   26,    3,    1,    8,   11]])),
[2024-06-21 14:07:35,132][flwr][INFO] - 	                      (9,
[2024-06-21 14:07:35,132][flwr][INFO] - 	                       array([[   3,  953,    0,    2,    0,    0,    3,    8,    1,   10],
[2024-06-21 14:07:35,132][flwr][INFO] - 	       [   0,    0, 1100,    3,    2,    1,    0,    3,    0,   26],
[2024-06-21 14:07:35,132][flwr][INFO] - 	       [   1,    8,    4,  930,    8,    8,    1,   13,   19,   40],
[2024-06-21 14:07:35,132][flwr][INFO] - 	       [   6,    1,    0,   21,  901,    0,   14,    4,   18,   45],
[2024-06-21 14:07:35,132][flwr][INFO] - 	       [  37,    1,    0,    2,    0,  906,    4,   15,    1,   16],
[2024-06-21 14:07:35,132][flwr][INFO] - 	       [  10,    8,    1,    2,   27,    3,  790,   16,    0,   35],
[2024-06-21 14:07:35,132][flwr][INFO] - 	       [   0,   11,    3,    2,    1,    7,    8,  919,    1,    6],
[2024-06-21 14:07:35,132][flwr][INFO] - 	       [  58,    1,   11,   18,    2,    7,    0,    0,  928,    3],
[2024-06-21 14:07:35,132][flwr][INFO] - 	       [   5,    4,    2,    2,   11,    5,    9,   12,    6,  918],
[2024-06-21 14:07:35,132][flwr][INFO] - 	       [ 917,    4,    5,    1,    5,   29,    2,    1,    7,   38]])),
[2024-06-21 14:07:35,132][flwr][INFO] - 	                      (10,
[2024-06-21 14:07:35,132][flwr][INFO] - 	                       array([[   0,  963,    0,    0,    2,    0,    5,    6,    2,    2],
[2024-06-21 14:07:35,132][flwr][INFO] - 	       [   0,    0, 1117,    4,    3,    0,    1,    4,    1,    5],
[2024-06-21 14:07:35,132][flwr][INFO] - 	       [   6,    7,    2,  953,   16,    9,    5,   10,   12,   12],
[2024-06-21 14:07:35,132][flwr][INFO] - 	       [   6,    0,    0,   14,  937,    0,   18,    2,   13,   20],
[2024-06-21 14:07:35,132][flwr][INFO] - 	       [  56,    2,    1,    3,    0,  903,    3,   10,    1,    3],
[2024-06-21 14:07:35,132][flwr][INFO] - 	       [   9,   11,    1,    1,   26,    4,  814,    7,    0,   19],
[2024-06-21 14:07:35,132][flwr][INFO] - 	       [   0,   15,    3,    0,    2,    8,   20,  904,    1,    5],
[2024-06-21 14:07:35,132][flwr][INFO] - 	       [  37,    2,    9,   23,    5,    5,    1,    1,  945,    0],
[2024-06-21 14:07:35,132][flwr][INFO] - 	       [  11,    4,    7,   19,   20,    7,   19,   12,    7,  868],
[2024-06-21 14:07:35,132][flwr][INFO] - 	       [ 938,    5,    6,    1,   13,   23,    3,    1,    7,   12]]))],
[2024-06-21 14:07:35,132][flwr][INFO] - 	 'f1': [(0, 0.03553137346181725),
[2024-06-21 14:07:35,133][flwr][INFO] - 	        (1, 0.01863864158099235),
[2024-06-21 14:07:35,133][flwr][INFO] - 	        (2, 0.01897888675248211),
[2024-06-21 14:07:35,133][flwr][INFO] - 	        (3, 0.014574981595855548),
[2024-06-21 14:07:35,133][flwr][INFO] - 	        (4, 0.014016221628452473),
[2024-06-21 14:07:35,133][flwr][INFO] - 	        (5, 0.011264247059855527),
[2024-06-21 14:07:35,133][flwr][INFO] - 	        (6, 0.0118165757522464),
[2024-06-21 14:07:35,133][flwr][INFO] - 	        (7, 0.009419519742127817),
[2024-06-21 14:07:35,133][flwr][INFO] - 	        (8, 0.007533969573933011),
[2024-06-21 14:07:35,133][flwr][INFO] - 	        (9, 0.008118588689711955),
[2024-06-21 14:07:35,133][flwr][INFO] - 	        (10, 0.0060811440403328925)],
[2024-06-21 14:07:35,133][flwr][INFO] - 	 'precision': [(0, 0.12349967530374152),
[2024-06-21 14:07:35,133][flwr][INFO] - 	               (1, 0.017248941566520504),
[2024-06-21 14:07:35,133][flwr][INFO] - 	               (2, 0.01870526380471805),
[2024-06-21 14:07:35,133][flwr][INFO] - 	               (3, 0.014272628260575923),
[2024-06-21 14:07:35,133][flwr][INFO] - 	               (4, 0.013850938223881091),
[2024-06-21 14:07:35,133][flwr][INFO] - 	               (5, 0.01126445207193191),
[2024-06-21 14:07:35,133][flwr][INFO] - 	               (6, 0.011468305693613403),
[2024-06-21 14:07:35,133][flwr][INFO] - 	               (7, 0.009385638205913097),
[2024-06-21 14:07:35,133][flwr][INFO] - 	               (8, 0.0075897145819158835),
[2024-06-21 14:07:35,133][flwr][INFO] - 	               (9, 0.007975005341357401),
[2024-06-21 14:07:35,133][flwr][INFO] - 	               (10, 0.0061731052332666455)],
[2024-06-21 14:07:35,133][flwr][INFO] - 	 'recall': [(0, 0.1086),
[2024-06-21 14:07:35,133][flwr][INFO] - 	            (1, 0.0218),
[2024-06-21 14:07:35,133][flwr][INFO] - 	            (2, 0.0195),
[2024-06-21 14:07:35,133][flwr][INFO] - 	            (3, 0.015),
[2024-06-21 14:07:35,133][flwr][INFO] - 	            (4, 0.0143),
[2024-06-21 14:07:35,133][flwr][INFO] - 	            (5, 0.0113),
[2024-06-21 14:07:35,133][flwr][INFO] - 	            (6, 0.0123),
[2024-06-21 14:07:35,133][flwr][INFO] - 	            (7, 0.0095),
[2024-06-21 14:07:35,133][flwr][INFO] - 	            (8, 0.0075),
[2024-06-21 14:07:35,133][flwr][INFO] - 	            (9, 0.0083),
[2024-06-21 14:07:35,133][flwr][INFO] - 	            (10, 0.006)]}
[2024-06-21 14:07:35,133][flwr][INFO] - 
