[2024-06-21 13:30:07,337][flwr][INFO] - Starting Flower simulation, config: num_rounds=10, no round_timeout
[2024-06-21 13:30:09,305][flwr][INFO] - Flower VCE: Ray initialized with resources: {'memory': 9871684404.0, 'object_store_memory': 2147483648.0, 'node:127.0.0.1': 1.0, 'node:__internal_head__': 1.0, 'CPU': 12.0}
[2024-06-21 13:30:09,305][flwr][INFO] - Optimize your simulation with Flower VCE: https://flower.ai/docs/framework/how-to-run-simulations.html
[2024-06-21 13:30:09,305][flwr][INFO] - Flower VCE: Resources for each Virtual Client: {'num_cpus': 2, 'num_gpus': 0}
[2024-06-21 13:30:09,311][flwr][INFO] - Flower VCE: Creating VirtualClientEngineActorPool with 6 actors
[2024-06-21 13:30:09,311][flwr][INFO] - [INIT]
[2024-06-21 13:30:09,311][flwr][INFO] - Requesting initial parameters from one random client
[2024-06-21 13:30:10,693][flwr][INFO] - Received initial parameters from one random client
[2024-06-21 13:30:10,693][flwr][INFO] - Evaluating initial global parameters
[2024-06-21 13:30:11,027][flwr][INFO] - initial parameters (loss, other metrics): 181.76928067207336, {'accuracy': 0.1086, 'precision': 0.12349967530374152, 'recall': 0.1086, 'f1': 0.03553137346181725, 'confusion_matrix': array([[   0,    8,    0,  956,    0,    1,    0,   15,    0,    0],
       [   0,  122,    0, 1013,    0,    0,    0,    0,    0,    0],
       [   0,   38,    0,  971,    0,    0,    3,   19,    1,    0],
       [   0,   44,    0,  945,    1,    1,    0,   17,    2,    0],
       [   0,  143,    0,  816,    1,    0,    2,   20,    0,    0],
       [   0,  118,    0,  735,    1,    7,    0,   30,    1,    0],
       [   0,  144,    0,  749,   25,    0,    2,   38,    0,    0],
       [   0,  272,    0,  724,    8,    0,    0,    9,   15,    0],
       [   0,   81,    0,  859,    1,    0,    1,   32,    0,    0],
       [   0,  178,    0,  799,    1,    0,    0,   31,    0,    0]])}
[2024-06-21 13:30:11,027][flwr][INFO] - 
[2024-06-21 13:30:11,027][flwr][INFO] - [ROUND 1]
[2024-06-21 13:30:11,028][flwr][INFO] - configure_fit: strategy sampled 10 clients (out of 100)
[2024-06-21 13:30:18,380][flwr][INFO] - aggregate_fit: received 10 results and 0 failures
[2024-06-21 13:30:18,385][flwr][WARNING] - No fit_metrics_aggregation_fn provided
[2024-06-21 13:30:18,708][flwr][INFO] - fit progress: (1, 146.62666416168213, {'accuracy': 0.4802, 'precision': 0.6248242313952018, 'recall': 0.4802, 'f1': 0.42418571441212644, 'confusion_matrix': array([[948,   1,   1,  18,   0,   0,   5,   7,   0,   0],
       [  1, 317, 776,   6,   0,   0,   1,   1,   0,  33],
       [ 23,   0, 869,  60,   0,   0,  16,  30,   2,  32],
       [ 36,   1,  59, 747,  10,   1,  19,  17,   7, 113],
       [371,   1,   6,   2, 127,   0,  43,  87,   0, 345],
       [598,  22,  17,  89,   9,   4,  82,  11,   2,  58],
       [ 62,   2,  32,   5,   0,   0, 702, 152,   0,   3],
       [180,   3,  47,   5,   0,   0,   1, 503,   2, 287],
       [ 89,   1,  92,  93,   3,   0,  10,  15,  15, 656],
       [343,   0,   3,   3,   4,   0,   1,  85,   0, 570]])}, 7.68114025)
[2024-06-21 13:30:18,709][flwr][INFO] - configure_evaluate: no clients selected, skipping evaluation
[2024-06-21 13:30:18,709][flwr][INFO] - 
[2024-06-21 13:30:18,709][flwr][INFO] - [ROUND 2]
[2024-06-21 13:30:18,709][flwr][INFO] - configure_fit: strategy sampled 10 clients (out of 100)
[2024-06-21 13:30:24,121][flwr][INFO] - aggregate_fit: received 10 results and 0 failures
[2024-06-21 13:30:24,486][flwr][INFO] - fit progress: (2, 105.27018082141876, {'accuracy': 0.5225, 'precision': 0.6124664196789497, 'recall': 0.5225, 'f1': 0.47582992311823236, 'confusion_matrix': array([[845,  11,   0,  28,  25,  14,  21,   0,   0,  36],
       [  0, 703, 393,  12,   7,   1,   3,   0,   0,  16],
       [  6,   2, 139, 772,  23,   0,  20,   1,   7,  62],
       [  2,   3,   4, 842,  95,   0,   4,   0,   0,  60],
       [  0,   0,   0,   0, 915,   4,  11,   0,   0,  52],
       [ 11,  20,   2, 124, 441, 193,  28,   0,   0,  73],
       [ 11,   2,   2,  11,  50,   4, 863,   0,   0,  15],
       [ 13,  11,  21,  51,  58,   5,   1,  40, 182, 646],
       [  3,   0,  17, 132,  93,   3,   4,   0,  23, 699],
       [  5,   2,   2,   8, 328,   2,   0,   0,   0, 662]])}, 13.458918542000001)
[2024-06-21 13:30:24,486][flwr][INFO] - configure_evaluate: no clients selected, skipping evaluation
[2024-06-21 13:30:24,486][flwr][INFO] - 
[2024-06-21 13:30:24,486][flwr][INFO] - [ROUND 3]
[2024-06-21 13:30:24,487][flwr][INFO] - configure_fit: strategy sampled 10 clients (out of 100)
[2024-06-21 13:30:29,523][flwr][INFO] - aggregate_fit: received 10 results and 0 failures
[2024-06-21 13:30:29,904][flwr][INFO] - fit progress: (3, 99.37050819396973, {'accuracy': 0.6016, 'precision': 0.6505919942085948, 'recall': 0.6016, 'f1': 0.5830069126429167, 'confusion_matrix': array([[879,  76,   0,   3,   4,   2,   9,   0,   2,   5],
       [  1, 459, 661,   2,   1,   1,   2,   0,   3,   5],
       [  7,   8, 772, 165,   9,   8,  10,   5,  14,  34],
       [  3,   4,  23, 696, 207,   3,   6,   1,   3,  64],
       [  5,   1,   3,   2, 792, 128,   8,   0,   0,  43],
       [ 63,  19,  16,  41, 200, 352, 152,   0,   5,  44],
       [ 30,   3,  34,   1,  28,   2, 836,   6,   0,  18],
       [111,  14,  51,  25,  19,  15,   0, 408, 107, 278],
       [ 10,   3,  36,  32,  61,  14,   5,   0, 106, 707],
       [ 43,   5,   3,   5, 202,  35,   0,   0,   0, 716]])}, 18.877287334000002)
[2024-06-21 13:30:29,904][flwr][INFO] - configure_evaluate: no clients selected, skipping evaluation
[2024-06-21 13:30:29,904][flwr][INFO] - 
[2024-06-21 13:30:29,905][flwr][INFO] - [ROUND 4]
[2024-06-21 13:30:29,905][flwr][INFO] - configure_fit: strategy sampled 10 clients (out of 100)
[2024-06-21 13:30:34,686][flwr][INFO] - aggregate_fit: received 10 results and 0 failures
[2024-06-21 13:30:35,025][flwr][INFO] - fit progress: (4, 89.34326654672623, {'accuracy': 0.6751, 'precision': 0.6935852320714648, 'recall': 0.6751, 'f1': 0.6680486712174849, 'confusion_matrix': array([[ 738,  213,    0,    1,    1,    5,   17,    1,    3,    1],
       [   1, 1047,   62,    4,    1,    1,    4,    0,   15,    0],
       [   7,   25,  441,  469,   10,    5,   12,    7,   54,    2],
       [   2,   13,    0,  650,  247,   34,   11,    2,   40,   11],
       [   7,    4,    0,    5,  715,  202,   14,    0,    7,   28],
       [  26,   31,    2,   18,   13,  283,  478,    0,   26,   15],
       [  27,    8,    6,    2,   20,    0,  871,   13,    7,    4],
       [  30,   24,   34,   56,   20,   10,    0,  630,  214,   10],
       [   8,   11,    7,   24,   19,   24,   27,    1,  740,  113],
       [ 120,    8,    2,    7,   55,  105,   10,    5,   61,  636]])}, 23.998069417000004)
[2024-06-21 13:30:35,025][flwr][INFO] - configure_evaluate: no clients selected, skipping evaluation
[2024-06-21 13:30:35,025][flwr][INFO] - 
[2024-06-21 13:30:35,025][flwr][INFO] - [ROUND 5]
[2024-06-21 13:30:35,026][flwr][INFO] - configure_fit: strategy sampled 10 clients (out of 100)
[2024-06-21 13:30:39,738][flwr][INFO] - aggregate_fit: received 10 results and 0 failures
[2024-06-21 13:30:40,075][flwr][INFO] - fit progress: (5, 78.58856844902039, {'accuracy': 0.7149, 'precision': 0.7272680332186212, 'recall': 0.7149, 'f1': 0.6927458379889195, 'confusion_matrix': array([[ 940,    8,    0,    4,    1,    5,    8,    1,    0,   13],
       [   0, 1081,   22,    3,    1,    0,    4,    0,   13,   11],
       [  11,   15,  689,  230,   17,    1,   10,    5,   38,   16],
       [   0,   11,    3,  803,  107,   12,    7,    3,    3,   61],
       [   4,    2,    0,    1,  871,   41,    9,    0,    1,   53],
       [  24,    9,    4,   35,   17,  282,  430,    1,    6,   84],
       [  19,    3,   11,    3,   28,    1,  874,    3,    0,   16],
       [  39,   31,   21,   49,   17,    6,    0,  688,  125,   52],
       [   4,   11,   10,   16,    8,   16,   10,    1,   78,  820],
       [  71,    6,    2,    5,   63,   14,    0,    2,    3,  843]])}, 29.048142709000004)
[2024-06-21 13:30:40,075][flwr][INFO] - configure_evaluate: no clients selected, skipping evaluation
[2024-06-21 13:30:40,075][flwr][INFO] - 
[2024-06-21 13:30:40,075][flwr][INFO] - [ROUND 6]
[2024-06-21 13:30:40,075][flwr][INFO] - configure_fit: strategy sampled 10 clients (out of 100)
[2024-06-21 13:30:44,947][flwr][INFO] - aggregate_fit: received 10 results and 0 failures
[2024-06-21 13:30:45,281][flwr][INFO] - fit progress: (6, 75.42922377586365, {'accuracy': 0.7247, 'precision': 0.7475434539152798, 'recall': 0.7247, 'f1': 0.7198078836384479, 'confusion_matrix': array([[653, 299,   0,   2,   0,   6,   6,   5,   3,   6],
       [  0, 992, 110,   2,   0,   0,   4,   0,  26,   1],
       [  6,  11, 740, 182,   8,   6,   6,   8,  63,   2],
       [  0,   9,   8, 865,   6,  49,   7,   5,  36,  25],
       [  4,   1,   5,   6, 296, 611,   7,   1,   3,  48],
       [  5,  14,   3,  23,   0, 446, 350,   3,  24,  24],
       [ 14,   5,   6,   0,  16,   8, 835,  61,   5,   8],
       [ 18,  11,  33,  22,   6,  11,   0, 811,  92,  24],
       [  3,   4,  18,  13,   4,  23,  11,   1, 783, 114],
       [ 55,   7,   0,   4,  31,  58,   1,   7,  20, 826]])}, 34.254677375)
[2024-06-21 13:30:45,282][flwr][INFO] - configure_evaluate: no clients selected, skipping evaluation
[2024-06-21 13:30:45,282][flwr][INFO] - 
[2024-06-21 13:30:45,282][flwr][INFO] - [ROUND 7]
[2024-06-21 13:30:45,282][flwr][INFO] - configure_fit: strategy sampled 10 clients (out of 100)
[2024-06-21 13:30:50,127][flwr][INFO] - aggregate_fit: received 10 results and 0 failures
[2024-06-21 13:30:50,461][flwr][INFO] - fit progress: (7, 70.01477819681168, {'accuracy': 0.7358, 'precision': 0.7689413016278268, 'recall': 0.7358, 'f1': 0.7210044064229176, 'confusion_matrix': array([[ 806,  148,    0,    1,    0,    3,    4,    4,    0,   14],
       [   0, 1059,   47,    2,    0,    0,    3,    0,   10,   14],
       [   6,    9,  705,  228,   11,    2,    7,   10,   33,   21],
       [   0,    7,    4,  878,   16,   33,   11,    8,    7,   46],
       [   3,    4,    0,    7,  816,   46,    3,    1,    0,  102],
       [   6,   11,    2,   27,    2,  268,  511,    5,    8,   52],
       [  13,    5,    4,    0,   18,    5,  834,   44,    0,   35],
       [   6,   10,   35,   26,    4,    6,    0,  840,   41,   60],
       [   3,    5,   11,   17,    5,   11,    5,    4,  213,  700],
       [  25,    7,    0,    5,   19,    9,    1,    4,    0,  939]])}, 39.434959875000004)
[2024-06-21 13:30:50,462][flwr][INFO] - configure_evaluate: no clients selected, skipping evaluation
[2024-06-21 13:30:50,462][flwr][INFO] - 
[2024-06-21 13:30:50,462][flwr][INFO] - [ROUND 8]
[2024-06-21 13:30:50,462][flwr][INFO] - configure_fit: strategy sampled 10 clients (out of 100)
[2024-06-21 13:30:55,242][flwr][INFO] - aggregate_fit: received 10 results and 0 failures
[2024-06-21 13:30:55,579][flwr][INFO] - fit progress: (8, 70.01207077503204, {'accuracy': 0.784, 'precision': 0.7899692096481874, 'recall': 0.784, 'f1': 0.7827716236367289, 'confusion_matrix': array([[ 846,  111,    0,    0,    0,    3,    8,    0,    1,   11],
       [   0, 1116,    3,    3,    0,    0,    3,    0,   10,    0],
       [   9,   23,  771,  130,   12,    4,    7,   11,   55,   10],
       [   0,   11,    9,  867,   35,   21,    3,    7,   13,   44],
       [   2,    7,    3,    2,  770,  155,    5,    3,    3,   32],
       [   6,   14,    1,   35,    0,  567,  208,    4,   17,   40],
       [   3,   18,    1,    1,   14,    8,  801,   95,    2,   15],
       [  12,   29,   21,   13,    7,    9,    0,  871,   40,   26],
       [   1,   22,   10,    8,    4,   20,    6,    2,  606,  295],
       [ 268,   11,    1,    5,   51,   38,    1,    4,    5,  625]])}, 44.553097834)
[2024-06-21 13:30:55,580][flwr][INFO] - configure_evaluate: no clients selected, skipping evaluation
[2024-06-21 13:30:55,580][flwr][INFO] - 
[2024-06-21 13:30:55,580][flwr][INFO] - [ROUND 9]
[2024-06-21 13:30:55,580][flwr][INFO] - configure_fit: strategy sampled 10 clients (out of 100)
[2024-06-21 13:31:00,339][flwr][INFO] - aggregate_fit: received 10 results and 0 failures
[2024-06-21 13:31:00,680][flwr][INFO] - fit progress: (9, 59.69942665100098, {'accuracy': 0.828, 'precision': 0.8368678150791551, 'recall': 0.828, 'f1': 0.8248833685354245, 'confusion_matrix': array([[ 925,   25,    0,    0,    0,    4,    1,    7,    8,   10],
       [   0, 1109,    6,    1,    0,    0,    3,    1,   15,    0],
       [   5,   19,  617,  296,   12,    1,    5,   15,   57,    5],
       [   0,   11,    4,  853,   12,   35,    6,   15,   51,   23],
       [   1,    6,    0,    5,  892,    8,    2,    4,    3,   61],
       [   3,   13,    1,   11,    6,  633,  156,   11,   35,   23],
       [   7,   17,    4,    2,   13,   17,  590,  286,   11,   11],
       [   3,   16,   26,    8,    4,    2,    0,  895,   57,   17],
       [   3,   18,    6,    8,    5,   10,    1,    6,  868,   49],
       [   8,    7,    0,    2,   39,    7,    1,   11,   36,  898]])}, 49.653595042)
[2024-06-21 13:31:00,680][flwr][INFO] - configure_evaluate: no clients selected, skipping evaluation
[2024-06-21 13:31:00,680][flwr][INFO] - 
[2024-06-21 13:31:00,680][flwr][INFO] - [ROUND 10]
[2024-06-21 13:31:00,681][flwr][INFO] - configure_fit: strategy sampled 10 clients (out of 100)
[2024-06-21 13:31:05,786][flwr][INFO] - aggregate_fit: received 10 results and 0 failures
[2024-06-21 13:31:06,135][flwr][INFO] - fit progress: (10, 61.14534616470337, {'accuracy': 0.8083, 'precision': 0.8274324958773185, 'recall': 0.8083, 'f1': 0.8008002546241487, 'confusion_matrix': array([[ 931,   20,    0,    0,    0,    3,    7,    3,    3,   13],
       [   0, 1113,    8,    1,    0,    0,    2,    0,   11,    0],
       [   5,   15,  760,  165,   18,    0,    4,   15,   44,    6],
       [   0,    7,    8,  898,    4,   10,    3,    3,   19,   58],
       [   1,    5,    3,    2,  923,   10,    4,    0,    2,   32],
       [   5,   14,    1,   42,    8,  313,  423,    7,   28,   51],
       [   5,   12,    6,    1,   18,    7,  885,    5,    3,   16],
       [   2,   16,   27,   14,    8,    3,    0,  778,  158,   22],
       [   3,   13,   14,   10,   10,    8,    4,    2,  590,  320],
       [  14,   10,    0,    1,   66,    4,    1,    1,   20,  892]])}, 55.108498125000004)
[2024-06-21 13:31:06,135][flwr][INFO] - configure_evaluate: no clients selected, skipping evaluation
[2024-06-21 13:31:06,135][flwr][INFO] - 
[2024-06-21 13:31:06,135][flwr][INFO] - [SUMMARY]
[2024-06-21 13:31:06,135][flwr][INFO] - Run finished 10 round(s) in 55.11s
[2024-06-21 13:31:06,139][flwr][INFO] - 	History (loss, centralized):
[2024-06-21 13:31:06,140][flwr][INFO] - 		round 0: 181.76928067207336
[2024-06-21 13:31:06,140][flwr][INFO] - 		round 1: 146.62666416168213
[2024-06-21 13:31:06,140][flwr][INFO] - 		round 2: 105.27018082141876
[2024-06-21 13:31:06,140][flwr][INFO] - 		round 3: 99.37050819396973
[2024-06-21 13:31:06,140][flwr][INFO] - 		round 4: 89.34326654672623
[2024-06-21 13:31:06,140][flwr][INFO] - 		round 5: 78.58856844902039
[2024-06-21 13:31:06,140][flwr][INFO] - 		round 6: 75.42922377586365
[2024-06-21 13:31:06,140][flwr][INFO] - 		round 7: 70.01477819681168
[2024-06-21 13:31:06,140][flwr][INFO] - 		round 8: 70.01207077503204
[2024-06-21 13:31:06,140][flwr][INFO] - 		round 9: 59.69942665100098
[2024-06-21 13:31:06,140][flwr][INFO] - 		round 10: 61.14534616470337
[2024-06-21 13:31:06,140][flwr][INFO] - 	History (metrics, centralized):
[2024-06-21 13:31:06,140][flwr][INFO] - 	{'accuracy': [(0, 0.1086),
[2024-06-21 13:31:06,140][flwr][INFO] - 	              (1, 0.4802),
[2024-06-21 13:31:06,140][flwr][INFO] - 	              (2, 0.5225),
[2024-06-21 13:31:06,140][flwr][INFO] - 	              (3, 0.6016),
[2024-06-21 13:31:06,140][flwr][INFO] - 	              (4, 0.6751),
[2024-06-21 13:31:06,140][flwr][INFO] - 	              (5, 0.7149),
[2024-06-21 13:31:06,140][flwr][INFO] - 	              (6, 0.7247),
[2024-06-21 13:31:06,140][flwr][INFO] - 	              (7, 0.7358),
[2024-06-21 13:31:06,140][flwr][INFO] - 	              (8, 0.784),
[2024-06-21 13:31:06,140][flwr][INFO] - 	              (9, 0.828),
[2024-06-21 13:31:06,140][flwr][INFO] - 	              (10, 0.8083)],
[2024-06-21 13:31:06,140][flwr][INFO] - 	 'confusion_matrix': [(0,
[2024-06-21 13:31:06,140][flwr][INFO] - 	                       array([[   0,    8,    0,  956,    0,    1,    0,   15,    0,    0],
[2024-06-21 13:31:06,140][flwr][INFO] - 	       [   0,  122,    0, 1013,    0,    0,    0,    0,    0,    0],
[2024-06-21 13:31:06,140][flwr][INFO] - 	       [   0,   38,    0,  971,    0,    0,    3,   19,    1,    0],
[2024-06-21 13:31:06,140][flwr][INFO] - 	       [   0,   44,    0,  945,    1,    1,    0,   17,    2,    0],
[2024-06-21 13:31:06,140][flwr][INFO] - 	       [   0,  143,    0,  816,    1,    0,    2,   20,    0,    0],
[2024-06-21 13:31:06,140][flwr][INFO] - 	       [   0,  118,    0,  735,    1,    7,    0,   30,    1,    0],
[2024-06-21 13:31:06,140][flwr][INFO] - 	       [   0,  144,    0,  749,   25,    0,    2,   38,    0,    0],
[2024-06-21 13:31:06,141][flwr][INFO] - 	       [   0,  272,    0,  724,    8,    0,    0,    9,   15,    0],
[2024-06-21 13:31:06,141][flwr][INFO] - 	       [   0,   81,    0,  859,    1,    0,    1,   32,    0,    0],
[2024-06-21 13:31:06,141][flwr][INFO] - 	       [   0,  178,    0,  799,    1,    0,    0,   31,    0,    0]])),
[2024-06-21 13:31:06,141][flwr][INFO] - 	                      (1,
[2024-06-21 13:31:06,141][flwr][INFO] - 	                       array([[948,   1,   1,  18,   0,   0,   5,   7,   0,   0],
[2024-06-21 13:31:06,141][flwr][INFO] - 	       [  1, 317, 776,   6,   0,   0,   1,   1,   0,  33],
[2024-06-21 13:31:06,141][flwr][INFO] - 	       [ 23,   0, 869,  60,   0,   0,  16,  30,   2,  32],
[2024-06-21 13:31:06,141][flwr][INFO] - 	       [ 36,   1,  59, 747,  10,   1,  19,  17,   7, 113],
[2024-06-21 13:31:06,141][flwr][INFO] - 	       [371,   1,   6,   2, 127,   0,  43,  87,   0, 345],
[2024-06-21 13:31:06,141][flwr][INFO] - 	       [598,  22,  17,  89,   9,   4,  82,  11,   2,  58],
[2024-06-21 13:31:06,141][flwr][INFO] - 	       [ 62,   2,  32,   5,   0,   0, 702, 152,   0,   3],
[2024-06-21 13:31:06,141][flwr][INFO] - 	       [180,   3,  47,   5,   0,   0,   1, 503,   2, 287],
[2024-06-21 13:31:06,141][flwr][INFO] - 	       [ 89,   1,  92,  93,   3,   0,  10,  15,  15, 656],
[2024-06-21 13:31:06,141][flwr][INFO] - 	       [343,   0,   3,   3,   4,   0,   1,  85,   0, 570]])),
[2024-06-21 13:31:06,141][flwr][INFO] - 	                      (2,
[2024-06-21 13:31:06,141][flwr][INFO] - 	                       array([[845,  11,   0,  28,  25,  14,  21,   0,   0,  36],
[2024-06-21 13:31:06,141][flwr][INFO] - 	       [  0, 703, 393,  12,   7,   1,   3,   0,   0,  16],
[2024-06-21 13:31:06,141][flwr][INFO] - 	       [  6,   2, 139, 772,  23,   0,  20,   1,   7,  62],
[2024-06-21 13:31:06,141][flwr][INFO] - 	       [  2,   3,   4, 842,  95,   0,   4,   0,   0,  60],
[2024-06-21 13:31:06,141][flwr][INFO] - 	       [  0,   0,   0,   0, 915,   4,  11,   0,   0,  52],
[2024-06-21 13:31:06,141][flwr][INFO] - 	       [ 11,  20,   2, 124, 441, 193,  28,   0,   0,  73],
[2024-06-21 13:31:06,141][flwr][INFO] - 	       [ 11,   2,   2,  11,  50,   4, 863,   0,   0,  15],
[2024-06-21 13:31:06,141][flwr][INFO] - 	       [ 13,  11,  21,  51,  58,   5,   1,  40, 182, 646],
[2024-06-21 13:31:06,141][flwr][INFO] - 	       [  3,   0,  17, 132,  93,   3,   4,   0,  23, 699],
[2024-06-21 13:31:06,141][flwr][INFO] - 	       [  5,   2,   2,   8, 328,   2,   0,   0,   0, 662]])),
[2024-06-21 13:31:06,141][flwr][INFO] - 	                      (3,
[2024-06-21 13:31:06,141][flwr][INFO] - 	                       array([[879,  76,   0,   3,   4,   2,   9,   0,   2,   5],
[2024-06-21 13:31:06,141][flwr][INFO] - 	       [  1, 459, 661,   2,   1,   1,   2,   0,   3,   5],
[2024-06-21 13:31:06,141][flwr][INFO] - 	       [  7,   8, 772, 165,   9,   8,  10,   5,  14,  34],
[2024-06-21 13:31:06,141][flwr][INFO] - 	       [  3,   4,  23, 696, 207,   3,   6,   1,   3,  64],
[2024-06-21 13:31:06,141][flwr][INFO] - 	       [  5,   1,   3,   2, 792, 128,   8,   0,   0,  43],
[2024-06-21 13:31:06,141][flwr][INFO] - 	       [ 63,  19,  16,  41, 200, 352, 152,   0,   5,  44],
[2024-06-21 13:31:06,141][flwr][INFO] - 	       [ 30,   3,  34,   1,  28,   2, 836,   6,   0,  18],
[2024-06-21 13:31:06,141][flwr][INFO] - 	       [111,  14,  51,  25,  19,  15,   0, 408, 107, 278],
[2024-06-21 13:31:06,141][flwr][INFO] - 	       [ 10,   3,  36,  32,  61,  14,   5,   0, 106, 707],
[2024-06-21 13:31:06,141][flwr][INFO] - 	       [ 43,   5,   3,   5, 202,  35,   0,   0,   0, 716]])),
[2024-06-21 13:31:06,141][flwr][INFO] - 	                      (4,
[2024-06-21 13:31:06,141][flwr][INFO] - 	                       array([[ 738,  213,    0,    1,    1,    5,   17,    1,    3,    1],
[2024-06-21 13:31:06,141][flwr][INFO] - 	       [   1, 1047,   62,    4,    1,    1,    4,    0,   15,    0],
[2024-06-21 13:31:06,141][flwr][INFO] - 	       [   7,   25,  441,  469,   10,    5,   12,    7,   54,    2],
[2024-06-21 13:31:06,141][flwr][INFO] - 	       [   2,   13,    0,  650,  247,   34,   11,    2,   40,   11],
[2024-06-21 13:31:06,141][flwr][INFO] - 	       [   7,    4,    0,    5,  715,  202,   14,    0,    7,   28],
[2024-06-21 13:31:06,141][flwr][INFO] - 	       [  26,   31,    2,   18,   13,  283,  478,    0,   26,   15],
[2024-06-21 13:31:06,141][flwr][INFO] - 	       [  27,    8,    6,    2,   20,    0,  871,   13,    7,    4],
[2024-06-21 13:31:06,141][flwr][INFO] - 	       [  30,   24,   34,   56,   20,   10,    0,  630,  214,   10],
[2024-06-21 13:31:06,141][flwr][INFO] - 	       [   8,   11,    7,   24,   19,   24,   27,    1,  740,  113],
[2024-06-21 13:31:06,141][flwr][INFO] - 	       [ 120,    8,    2,    7,   55,  105,   10,    5,   61,  636]])),
[2024-06-21 13:31:06,141][flwr][INFO] - 	                      (5,
[2024-06-21 13:31:06,141][flwr][INFO] - 	                       array([[ 940,    8,    0,    4,    1,    5,    8,    1,    0,   13],
[2024-06-21 13:31:06,142][flwr][INFO] - 	       [   0, 1081,   22,    3,    1,    0,    4,    0,   13,   11],
[2024-06-21 13:31:06,142][flwr][INFO] - 	       [  11,   15,  689,  230,   17,    1,   10,    5,   38,   16],
[2024-06-21 13:31:06,142][flwr][INFO] - 	       [   0,   11,    3,  803,  107,   12,    7,    3,    3,   61],
[2024-06-21 13:31:06,142][flwr][INFO] - 	       [   4,    2,    0,    1,  871,   41,    9,    0,    1,   53],
[2024-06-21 13:31:06,142][flwr][INFO] - 	       [  24,    9,    4,   35,   17,  282,  430,    1,    6,   84],
[2024-06-21 13:31:06,142][flwr][INFO] - 	       [  19,    3,   11,    3,   28,    1,  874,    3,    0,   16],
[2024-06-21 13:31:06,142][flwr][INFO] - 	       [  39,   31,   21,   49,   17,    6,    0,  688,  125,   52],
[2024-06-21 13:31:06,142][flwr][INFO] - 	       [   4,   11,   10,   16,    8,   16,   10,    1,   78,  820],
[2024-06-21 13:31:06,142][flwr][INFO] - 	       [  71,    6,    2,    5,   63,   14,    0,    2,    3,  843]])),
[2024-06-21 13:31:06,142][flwr][INFO] - 	                      (6,
[2024-06-21 13:31:06,142][flwr][INFO] - 	                       array([[653, 299,   0,   2,   0,   6,   6,   5,   3,   6],
[2024-06-21 13:31:06,142][flwr][INFO] - 	       [  0, 992, 110,   2,   0,   0,   4,   0,  26,   1],
[2024-06-21 13:31:06,142][flwr][INFO] - 	       [  6,  11, 740, 182,   8,   6,   6,   8,  63,   2],
[2024-06-21 13:31:06,142][flwr][INFO] - 	       [  0,   9,   8, 865,   6,  49,   7,   5,  36,  25],
[2024-06-21 13:31:06,142][flwr][INFO] - 	       [  4,   1,   5,   6, 296, 611,   7,   1,   3,  48],
[2024-06-21 13:31:06,142][flwr][INFO] - 	       [  5,  14,   3,  23,   0, 446, 350,   3,  24,  24],
[2024-06-21 13:31:06,142][flwr][INFO] - 	       [ 14,   5,   6,   0,  16,   8, 835,  61,   5,   8],
[2024-06-21 13:31:06,142][flwr][INFO] - 	       [ 18,  11,  33,  22,   6,  11,   0, 811,  92,  24],
[2024-06-21 13:31:06,142][flwr][INFO] - 	       [  3,   4,  18,  13,   4,  23,  11,   1, 783, 114],
[2024-06-21 13:31:06,142][flwr][INFO] - 	       [ 55,   7,   0,   4,  31,  58,   1,   7,  20, 826]])),
[2024-06-21 13:31:06,142][flwr][INFO] - 	                      (7,
[2024-06-21 13:31:06,142][flwr][INFO] - 	                       array([[ 806,  148,    0,    1,    0,    3,    4,    4,    0,   14],
[2024-06-21 13:31:06,142][flwr][INFO] - 	       [   0, 1059,   47,    2,    0,    0,    3,    0,   10,   14],
[2024-06-21 13:31:06,142][flwr][INFO] - 	       [   6,    9,  705,  228,   11,    2,    7,   10,   33,   21],
[2024-06-21 13:31:06,142][flwr][INFO] - 	       [   0,    7,    4,  878,   16,   33,   11,    8,    7,   46],
[2024-06-21 13:31:06,142][flwr][INFO] - 	       [   3,    4,    0,    7,  816,   46,    3,    1,    0,  102],
[2024-06-21 13:31:06,142][flwr][INFO] - 	       [   6,   11,    2,   27,    2,  268,  511,    5,    8,   52],
[2024-06-21 13:31:06,142][flwr][INFO] - 	       [  13,    5,    4,    0,   18,    5,  834,   44,    0,   35],
[2024-06-21 13:31:06,142][flwr][INFO] - 	       [   6,   10,   35,   26,    4,    6,    0,  840,   41,   60],
[2024-06-21 13:31:06,142][flwr][INFO] - 	       [   3,    5,   11,   17,    5,   11,    5,    4,  213,  700],
[2024-06-21 13:31:06,142][flwr][INFO] - 	       [  25,    7,    0,    5,   19,    9,    1,    4,    0,  939]])),
[2024-06-21 13:31:06,142][flwr][INFO] - 	                      (8,
[2024-06-21 13:31:06,142][flwr][INFO] - 	                       array([[ 846,  111,    0,    0,    0,    3,    8,    0,    1,   11],
[2024-06-21 13:31:06,142][flwr][INFO] - 	       [   0, 1116,    3,    3,    0,    0,    3,    0,   10,    0],
[2024-06-21 13:31:06,142][flwr][INFO] - 	       [   9,   23,  771,  130,   12,    4,    7,   11,   55,   10],
[2024-06-21 13:31:06,142][flwr][INFO] - 	       [   0,   11,    9,  867,   35,   21,    3,    7,   13,   44],
[2024-06-21 13:31:06,142][flwr][INFO] - 	       [   2,    7,    3,    2,  770,  155,    5,    3,    3,   32],
[2024-06-21 13:31:06,142][flwr][INFO] - 	       [   6,   14,    1,   35,    0,  567,  208,    4,   17,   40],
[2024-06-21 13:31:06,142][flwr][INFO] - 	       [   3,   18,    1,    1,   14,    8,  801,   95,    2,   15],
[2024-06-21 13:31:06,142][flwr][INFO] - 	       [  12,   29,   21,   13,    7,    9,    0,  871,   40,   26],
[2024-06-21 13:31:06,142][flwr][INFO] - 	       [   1,   22,   10,    8,    4,   20,    6,    2,  606,  295],
[2024-06-21 13:31:06,142][flwr][INFO] - 	       [ 268,   11,    1,    5,   51,   38,    1,    4,    5,  625]])),
[2024-06-21 13:31:06,142][flwr][INFO] - 	                      (9,
[2024-06-21 13:31:06,142][flwr][INFO] - 	                       array([[ 925,   25,    0,    0,    0,    4,    1,    7,    8,   10],
[2024-06-21 13:31:06,142][flwr][INFO] - 	       [   0, 1109,    6,    1,    0,    0,    3,    1,   15,    0],
[2024-06-21 13:31:06,142][flwr][INFO] - 	       [   5,   19,  617,  296,   12,    1,    5,   15,   57,    5],
[2024-06-21 13:31:06,142][flwr][INFO] - 	       [   0,   11,    4,  853,   12,   35,    6,   15,   51,   23],
[2024-06-21 13:31:06,142][flwr][INFO] - 	       [   1,    6,    0,    5,  892,    8,    2,    4,    3,   61],
[2024-06-21 13:31:06,142][flwr][INFO] - 	       [   3,   13,    1,   11,    6,  633,  156,   11,   35,   23],
[2024-06-21 13:31:06,143][flwr][INFO] - 	       [   7,   17,    4,    2,   13,   17,  590,  286,   11,   11],
[2024-06-21 13:31:06,143][flwr][INFO] - 	       [   3,   16,   26,    8,    4,    2,    0,  895,   57,   17],
[2024-06-21 13:31:06,143][flwr][INFO] - 	       [   3,   18,    6,    8,    5,   10,    1,    6,  868,   49],
[2024-06-21 13:31:06,143][flwr][INFO] - 	       [   8,    7,    0,    2,   39,    7,    1,   11,   36,  898]])),
[2024-06-21 13:31:06,143][flwr][INFO] - 	                      (10,
[2024-06-21 13:31:06,143][flwr][INFO] - 	                       array([[ 931,   20,    0,    0,    0,    3,    7,    3,    3,   13],
[2024-06-21 13:31:06,143][flwr][INFO] - 	       [   0, 1113,    8,    1,    0,    0,    2,    0,   11,    0],
[2024-06-21 13:31:06,143][flwr][INFO] - 	       [   5,   15,  760,  165,   18,    0,    4,   15,   44,    6],
[2024-06-21 13:31:06,143][flwr][INFO] - 	       [   0,    7,    8,  898,    4,   10,    3,    3,   19,   58],
[2024-06-21 13:31:06,143][flwr][INFO] - 	       [   1,    5,    3,    2,  923,   10,    4,    0,    2,   32],
[2024-06-21 13:31:06,143][flwr][INFO] - 	       [   5,   14,    1,   42,    8,  313,  423,    7,   28,   51],
[2024-06-21 13:31:06,143][flwr][INFO] - 	       [   5,   12,    6,    1,   18,    7,  885,    5,    3,   16],
[2024-06-21 13:31:06,143][flwr][INFO] - 	       [   2,   16,   27,   14,    8,    3,    0,  778,  158,   22],
[2024-06-21 13:31:06,143][flwr][INFO] - 	       [   3,   13,   14,   10,   10,    8,    4,    2,  590,  320],
[2024-06-21 13:31:06,143][flwr][INFO] - 	       [  14,   10,    0,    1,   66,    4,    1,    1,   20,  892]]))],
[2024-06-21 13:31:06,143][flwr][INFO] - 	 'f1': [(0, 0.03553137346181725),
[2024-06-21 13:31:06,143][flwr][INFO] - 	        (1, 0.42418571441212644),
[2024-06-21 13:31:06,143][flwr][INFO] - 	        (2, 0.47582992311823236),
[2024-06-21 13:31:06,143][flwr][INFO] - 	        (3, 0.5830069126429167),
[2024-06-21 13:31:06,143][flwr][INFO] - 	        (4, 0.6680486712174849),
[2024-06-21 13:31:06,143][flwr][INFO] - 	        (5, 0.6927458379889195),
[2024-06-21 13:31:06,143][flwr][INFO] - 	        (6, 0.7198078836384479),
[2024-06-21 13:31:06,143][flwr][INFO] - 	        (7, 0.7210044064229176),
[2024-06-21 13:31:06,143][flwr][INFO] - 	        (8, 0.7827716236367289),
[2024-06-21 13:31:06,143][flwr][INFO] - 	        (9, 0.8248833685354245),
[2024-06-21 13:31:06,143][flwr][INFO] - 	        (10, 0.8008002546241487)],
[2024-06-21 13:31:06,143][flwr][INFO] - 	 'precision': [(0, 0.12349967530374152),
[2024-06-21 13:31:06,143][flwr][INFO] - 	               (1, 0.6248242313952018),
[2024-06-21 13:31:06,143][flwr][INFO] - 	               (2, 0.6124664196789497),
[2024-06-21 13:31:06,143][flwr][INFO] - 	               (3, 0.6505919942085948),
[2024-06-21 13:31:06,143][flwr][INFO] - 	               (4, 0.6935852320714648),
[2024-06-21 13:31:06,143][flwr][INFO] - 	               (5, 0.7272680332186212),
[2024-06-21 13:31:06,143][flwr][INFO] - 	               (6, 0.7475434539152798),
[2024-06-21 13:31:06,143][flwr][INFO] - 	               (7, 0.7689413016278268),
[2024-06-21 13:31:06,143][flwr][INFO] - 	               (8, 0.7899692096481874),
[2024-06-21 13:31:06,143][flwr][INFO] - 	               (9, 0.8368678150791551),
[2024-06-21 13:31:06,143][flwr][INFO] - 	               (10, 0.8274324958773185)],
[2024-06-21 13:31:06,143][flwr][INFO] - 	 'recall': [(0, 0.1086),
[2024-06-21 13:31:06,143][flwr][INFO] - 	            (1, 0.4802),
[2024-06-21 13:31:06,143][flwr][INFO] - 	            (2, 0.5225),
[2024-06-21 13:31:06,143][flwr][INFO] - 	            (3, 0.6016),
[2024-06-21 13:31:06,143][flwr][INFO] - 	            (4, 0.6751),
[2024-06-21 13:31:06,143][flwr][INFO] - 	            (5, 0.7149),
[2024-06-21 13:31:06,143][flwr][INFO] - 	            (6, 0.7247),
[2024-06-21 13:31:06,143][flwr][INFO] - 	            (7, 0.7358),
[2024-06-21 13:31:06,143][flwr][INFO] - 	            (8, 0.784),
[2024-06-21 13:31:06,143][flwr][INFO] - 	            (9, 0.828),
[2024-06-21 13:31:06,143][flwr][INFO] - 	            (10, 0.8083)]}
[2024-06-21 13:31:06,143][flwr][INFO] - 
