[2024-06-20 20:54:17,468][flwr][INFO] - Starting Flower simulation, config: num_rounds=10, no round_timeout
[2024-06-20 20:54:18,503][flwr][INFO] - Flower VCE: Ray initialized with resources: {'memory': 10079833293.0, 'object_store_memory': 2147483648.0, 'CPU': 12.0, 'node:127.0.0.1': 1.0, 'node:__internal_head__': 1.0}
[2024-06-20 20:54:18,503][flwr][INFO] - Optimize your simulation with Flower VCE: https://flower.ai/docs/framework/how-to-run-simulations.html
[2024-06-20 20:54:18,503][flwr][INFO] - Flower VCE: Resources for each Virtual Client: {'num_cpus': 2, 'num_gpus': 0}
[2024-06-20 20:54:18,510][flwr][INFO] - Flower VCE: Creating VirtualClientEngineActorPool with 6 actors
[2024-06-20 20:54:18,510][flwr][INFO] - [INIT]
[2024-06-20 20:54:18,510][flwr][INFO] - Requesting initial parameters from one random client
[2024-06-20 20:54:20,483][flwr][INFO] - Received initial parameters from one random client
[2024-06-20 20:54:20,483][flwr][INFO] - Evaluating initial global parameters
[2024-06-20 20:54:20,908][flwr][INFO] - initial parameters (loss, other metrics): 181.76928067207336, {'accuracy': 0.1086, 'precision': 0.12349967530374152, 'recall': 0.1086, 'f1': 0.03553137346181725, 'confusion_matrix': array([[   0,    8,    0,  956,    0,    1,    0,   15,    0,    0],
       [   0,  122,    0, 1013,    0,    0,    0,    0,    0,    0],
       [   0,   38,    0,  971,    0,    0,    3,   19,    1,    0],
       [   0,   44,    0,  945,    1,    1,    0,   17,    2,    0],
       [   0,  143,    0,  816,    1,    0,    2,   20,    0,    0],
       [   0,  118,    0,  735,    1,    7,    0,   30,    1,    0],
       [   0,  144,    0,  749,   25,    0,    2,   38,    0,    0],
       [   0,  272,    0,  724,    8,    0,    0,    9,   15,    0],
       [   0,   81,    0,  859,    1,    0,    1,   32,    0,    0],
       [   0,  178,    0,  799,    1,    0,    0,   31,    0,    0]])}
[2024-06-20 20:54:20,909][flwr][INFO] - 
[2024-06-20 20:54:20,909][flwr][INFO] - [ROUND 1]
[2024-06-20 20:54:20,909][flwr][INFO] - configure_fit: strategy sampled 10 clients (out of 100)
[2024-06-20 20:54:27,849][flwr][INFO] - aggregate_fit: received 10 results and 0 failures
[2024-06-20 20:54:27,856][flwr][WARNING] - No fit_metrics_aggregation_fn provided
[2024-06-20 20:54:28,289][flwr][INFO] - fit progress: (1, 25216.866271972656, {'accuracy': 0.0643, 'precision': 0.0766019425014395, 'recall': 0.0643, 'f1': 0.03261282258203266, 'confusion_matrix': array([[ 21, 840,   2,   2,  95,   3,   1,   8,   7,   1],
       [146,  40, 234,  22, 692,   0,   0,   0,   1,   0],
       [ 97, 442,  19,   4, 464,   4,   1,   1,   0,   0],
       [355, 375,  29,  20, 160,   3,   0,  13,  50,   5],
       [ 11, 430,   5,   0, 531,   2,   0,   0,   2,   1],
       [234, 358,  24,  16, 194,   8,   9,  11,  35,   3],
       [ 12, 521,  20,   0, 401,   2,   0,   0,   2,   0],
       [ 23, 312,  49,   3, 495,   8,   0,   1, 137,   0],
       [144, 207,  15,   4, 598,   0,   2,   1,   3,   0],
       [ 13, 398,  18,   0, 569,   0,   0,   0,  11,   0]])}, 7.380285250000001)
[2024-06-20 20:54:28,289][flwr][INFO] - configure_evaluate: no clients selected, skipping evaluation
[2024-06-20 20:54:28,290][flwr][INFO] - 
[2024-06-20 20:54:28,290][flwr][INFO] - [ROUND 2]
[2024-06-20 20:54:28,290][flwr][INFO] - configure_fit: strategy sampled 10 clients (out of 100)
[2024-06-20 20:54:33,562][flwr][INFO] - aggregate_fit: received 10 results and 0 failures
[2024-06-20 20:54:34,005][flwr][INFO] - fit progress: (2, 45309.952209472656, {'accuracy': 0.1947, 'precision': 0.2477910235336387, 'recall': 0.1947, 'f1': 0.18232869322201617, 'confusion_matrix': array([[ 69,  20,  41, 142,  33,  90,   3,  54,  47, 481],
       [  0,  77,   0,   1,   7, 402,   0, 324, 211, 113],
       [ 39,  10,  32,  91,  47, 220, 110, 337,  57,  89],
       [  4,  14,  20, 270,  21, 203,   5, 231, 106, 136],
       [ 33,  62,  73,  70, 103, 195,  46, 133,  75, 192],
       [ 15,  17,  31,  78,  16, 231,  31, 111,  78, 284],
       [ 11,  35,  15,  28,  29, 123, 196, 155, 126, 240],
       [  8,  40,   5,  55,  17, 203,   8, 505, 147,  40],
       [ 12,   4,  16,  17,   5, 267,  21, 240, 216, 176],
       [ 12,  21,  26,  26,  19, 318,  35, 172, 132, 248]])}, 13.096856333999998)
[2024-06-20 20:54:34,006][flwr][INFO] - configure_evaluate: no clients selected, skipping evaluation
[2024-06-20 20:54:34,006][flwr][INFO] - 
[2024-06-20 20:54:34,006][flwr][INFO] - [ROUND 3]
[2024-06-20 20:54:34,006][flwr][INFO] - configure_fit: strategy sampled 10 clients (out of 100)
[2024-06-20 20:54:39,389][flwr][INFO] - aggregate_fit: received 10 results and 0 failures
[2024-06-20 20:54:39,837][flwr][INFO] - fit progress: (3, 123843.52044677734, {'accuracy': 0.321, 'precision': 0.34881843502726595, 'recall': 0.321, 'f1': 0.29668939555237117, 'confusion_matrix': array([[430,  38,  43,   2,  61, 305,   8,  29,  45,  19],
       [ 16, 851,   3,   0,  13, 178,   9,  10,  46,   9],
       [191,  46,  60,   9, 151, 175, 167,  36, 156,  41],
       [234, 103,   8,  15, 211, 141,  29,  38, 133,  98],
       [227, 131,  34,   1, 180, 230,  62,  10,  65,  42],
       [ 99,  76,  14,   4,  44, 440,  34,  35,  78,  68],
       [ 83,  79,  64,   2,  62, 230, 336,  18,  73,  11],
       [196,  85,   3,   1,  99,  93,  15, 410,  76,  50],
       [122,  24,  11,   3,  19, 284,  76,  18, 318,  99],
       [138,  88,   6,   2,  66, 294, 104,  33, 108, 170]])}, 18.928325)
[2024-06-20 20:54:39,837][flwr][INFO] - configure_evaluate: no clients selected, skipping evaluation
[2024-06-20 20:54:39,837][flwr][INFO] - 
[2024-06-20 20:54:39,837][flwr][INFO] - [ROUND 4]
[2024-06-20 20:54:39,838][flwr][INFO] - configure_fit: strategy sampled 10 clients (out of 100)
[2024-06-20 20:54:45,528][flwr][INFO] - aggregate_fit: received 10 results and 0 failures
[2024-06-20 20:54:45,994][flwr][INFO] - fit progress: (4, 305220.6350097656, {'accuracy': 0.3538, 'precision': 0.38260858097372585, 'recall': 0.3538, 'f1': 0.3337157654153417, 'confusion_matrix': array([[612,  16,  59,  15,  29, 144,   8,  32,  51,  14],
       [  5, 711,  34,   0,   8, 197,   2,  84,  44,  50],
       [280,  28, 214,  25,  76, 123,  11,  24, 197,  54],
       [380,  23,  42,  17,  91, 165,   7,  52, 135,  98],
       [204, 104, 144,   2, 130, 142,  17,  19,  72, 148],
       [145,  47,  37,   4,  20, 466,  22,  24,  55,  72],
       [178,  42, 131,  13,  72, 161, 207,  10, 113,  31],
       [131,  69,  15,   1,  68,  51,   8, 409, 117, 159],
       [194,  24,  29,   9,   8, 213,  14,  17, 306, 160],
       [118,  38,  30,   0,  54, 183,  11,  37,  72, 466]])}, 25.086233542)
[2024-06-20 20:54:45,995][flwr][INFO] - configure_evaluate: no clients selected, skipping evaluation
[2024-06-20 20:54:45,995][flwr][INFO] - 
[2024-06-20 20:54:45,995][flwr][INFO] - [ROUND 5]
[2024-06-20 20:54:45,995][flwr][INFO] - configure_fit: strategy sampled 10 clients (out of 100)
[2024-06-20 20:54:51,364][flwr][INFO] - aggregate_fit: received 10 results and 0 failures
[2024-06-20 20:54:51,809][flwr][INFO] - fit progress: (5, 922514.5434570312, {'accuracy': 0.336, 'precision': 0.4069711089559798, 'recall': 0.336, 'f1': 0.33123932167179837, 'confusion_matrix': array([[353,   4, 204,  34, 122,  36,  13,  26,  71, 117],
       [  9, 595,  26,   6, 100,  33,  39,   5,  28, 294],
       [ 84,   5, 283,  72, 239,  40,  16,  25, 181,  87],
       [ 98,   9, 101,  96, 297,  69,  29,  20,  56, 235],
       [ 24,  38, 109,   7, 322,  19,  25,   2,  53, 383],
       [ 52,  28,  56,  30,  95, 236,  61,  26,  80, 228],
       [ 12,  12, 180,  13, 253,  52, 279,   1,  31, 125],
       [ 36,  44,  17,   4, 306,  16,   3, 136,  38, 428],
       [ 52,  12,  62,  58,  63,  85,  49,  22, 277, 294],
       [ 15,  11,  23,   7, 113,  23,   3,   5,  26, 783]])}, 30.900830375)
[2024-06-20 20:54:51,809][flwr][INFO] - configure_evaluate: no clients selected, skipping evaluation
[2024-06-20 20:54:51,809][flwr][INFO] - 
[2024-06-20 20:54:51,810][flwr][INFO] - [ROUND 6]
[2024-06-20 20:54:51,810][flwr][INFO] - configure_fit: strategy sampled 10 clients (out of 100)
[2024-06-20 20:54:57,048][flwr][INFO] - aggregate_fit: received 10 results and 0 failures
[2024-06-20 20:54:57,493][flwr][INFO] - fit progress: (6, 2308623.990234375, {'accuracy': 0.3644, 'precision': 0.35998349119468714, 'recall': 0.3644, 'f1': 0.3487622087301292, 'confusion_matrix': array([[492,  28, 131,  33,  71,  25,  25, 156,   7,  12],
       [  5, 967,   3,   0,  25,  16,   5,   3,   4, 107],
       [182,  46, 204, 169, 179,  46,  13,  94,  85,  14],
       [264,  26,  37, 212, 235,  49,  44,  80,  31,  32],
       [ 78, 171, 129,  13, 294,  56, 140,  18,  20,  63],
       [133, 112,  30,  97,  78, 174,  84,  98,  46,  40],
       [ 47,  54,  86,  27, 199,  39, 462,  14,   7,  23],
       [ 79, 160,  15,   8, 184,  43,   6, 429,  34,  70],
       [176,  49,  33, 157,  76, 102,  31, 129, 145,  76],
       [149,  89,  54,  12, 194, 105,  30,  59,  52, 265]])}, 36.584632042)
[2024-06-20 20:54:57,493][flwr][INFO] - configure_evaluate: no clients selected, skipping evaluation
[2024-06-20 20:54:57,493][flwr][INFO] - 
[2024-06-20 20:54:57,493][flwr][INFO] - [ROUND 7]
[2024-06-20 20:54:57,493][flwr][INFO] - configure_fit: strategy sampled 10 clients (out of 100)
[2024-06-20 20:55:02,888][flwr][INFO] - aggregate_fit: received 10 results and 0 failures
[2024-06-20 20:55:03,337][flwr][INFO] - fit progress: (7, 6577853.87109375, {'accuracy': 0.3557, 'precision': 0.37484709593999344, 'recall': 0.3557, 'f1': 0.35100131467350587, 'confusion_matrix': array([[251,  36, 180,  69, 213,  65,  43,  28,  15,  80],
       [ 14, 924,  11,   2,  56,  26,   9,   1,   7,  85],
       [ 78,  34, 205, 238, 251,  52,  22,  46,  81,  25],
       [ 48,  15,  44, 352, 293, 112,  41,  58,  22,  25],
       [ 18, 106, 131,  43, 412,  53, 144,   6,  20,  49],
       [ 39,  76,  65, 148, 110, 212, 124,  26,  52,  40],
       [ 14,  29,  55,  37, 248,  43, 488,   2,   4,  38],
       [ 62, 124,  38,  17, 247,  65,   4, 375,  62,  34],
       [ 63,  32,  25, 235, 127, 177,  55,  46, 159,  55],
       [ 55,  41,  70,  36, 321, 117,  71,  47,  72, 179]])}, 42.428879125)
[2024-06-20 20:55:03,337][flwr][INFO] - configure_evaluate: no clients selected, skipping evaluation
[2024-06-20 20:55:03,337][flwr][INFO] - 
[2024-06-20 20:55:03,337][flwr][INFO] - [ROUND 8]
[2024-06-20 20:55:03,338][flwr][INFO] - configure_fit: strategy sampled 10 clients (out of 100)
[2024-06-20 20:55:08,553][flwr][INFO] - aggregate_fit: received 10 results and 0 failures
[2024-06-20 20:55:08,999][flwr][INFO] - fit progress: (8, 18638238.015625, {'accuracy': 0.3556, 'precision': 0.36967598752568137, 'recall': 0.3556, 'f1': 0.35294022330694513, 'confusion_matrix': array([[388,  11, 215,  52,  84, 146,  12,  17,  10,  45],
       [ 15, 928,  24,   5,  27,  15,   8,   0,  95,  18],
       [153,  42, 341, 214,  78,  43,  11,  29,  98,  23],
       [195,  18,  37, 376, 138, 109,  13,  43,  44,  37],
       [ 56,  81, 236,  61, 224,  91, 158,   8,  32,  35],
       [ 97,  68,  89, 141,  46, 252,  77,  17,  73,  32],
       [ 45,  27, 155,  54, 128, 122, 274,   1,   5, 147],
       [103, 128,  54,   8, 161,  65,   6, 364,  95,  44],
       [108,  47,  56, 215,  55, 199,  36,  30, 157,  71],
       [ 93,  43, 129,  30, 163, 126,  61,  56,  56, 252]])}, 48.091136584000004)
[2024-06-20 20:55:08,999][flwr][INFO] - configure_evaluate: no clients selected, skipping evaluation
[2024-06-20 20:55:08,999][flwr][INFO] - 
[2024-06-20 20:55:08,999][flwr][INFO] - [ROUND 9]
[2024-06-20 20:55:09,000][flwr][INFO] - configure_fit: strategy sampled 10 clients (out of 100)
[2024-06-20 20:55:14,231][flwr][INFO] - aggregate_fit: received 10 results and 0 failures
[2024-06-20 20:55:14,673][flwr][INFO] - fit progress: (9, 56069637.8125, {'accuracy': 0.346, 'precision': 0.3727848795476331, 'recall': 0.346, 'f1': 0.3440754882881226, 'confusion_matrix': array([[338,  52, 151,  90, 136, 157,   8,  18,  12,  18],
       [ 12, 816,  15,  15,  96,  18,   5,   5, 150,   3],
       [ 84,  50, 190, 240, 267,  25,  16,  43, 106,  11],
       [ 58,  25,  47, 452, 213,  66,  13,  62,  58,  16],
       [ 31,  69, 197,  73, 408,  71,  74,   7,  27,  25],
       [ 69,  69,  98, 173,  68, 240,  54,  35,  59,  27],
       [ 28,  36, 103,  75, 142,  75, 329,   6,  17, 147],
       [ 54,  77,  37,  14, 277,  74,   8, 426,  44,  17],
       [ 40,  54,  53, 301, 172, 128,  14,  35, 156,  21],
       [ 65,  32, 120,  52, 296, 190,  38,  74,  37, 105]])}, 53.765653292)
[2024-06-20 20:55:14,674][flwr][INFO] - configure_evaluate: no clients selected, skipping evaluation
[2024-06-20 20:55:14,674][flwr][INFO] - 
[2024-06-20 20:55:14,674][flwr][INFO] - [ROUND 10]
[2024-06-20 20:55:14,674][flwr][INFO] - configure_fit: strategy sampled 10 clients (out of 100)
[2024-06-20 20:55:19,967][flwr][INFO] - aggregate_fit: received 10 results and 0 failures
[2024-06-20 20:55:20,404][flwr][INFO] - fit progress: (10, 160706279.5, {'accuracy': 0.3391, 'precision': 0.3490971718450571, 'recall': 0.3391, 'f1': 0.3345600499773681, 'confusion_matrix': array([[346,  28, 193,  99,  50, 189,  34,  10,  19,  12],
       [ 27, 715,  12,  21,  50,  28,   3,  15, 262,   2],
       [ 69,  40, 291, 230, 102,  24,  16,  52, 199,   9],
       [ 92,  33,  92, 425, 101, 104,  18,  47,  80,  18],
       [ 34,  97, 252,  57, 276,  66, 122,  16,  58,   4],
       [ 78,  58, 120, 162,  28, 245,  86,  36,  71,   8],
       [ 22,  31, 136,  90,  61, 106, 399,  10,  23,  80],
       [ 51,  96,  43,  16, 159, 102,  16, 410, 133,   2],
       [ 46,  53,  68, 293,  42, 129,  19,  55, 249,  20],
       [ 83,  35, 146,  55, 167, 217,  72,  85, 114,  35]])}, 59.496367125000006)
[2024-06-20 20:55:20,404][flwr][INFO] - configure_evaluate: no clients selected, skipping evaluation
[2024-06-20 20:55:20,404][flwr][INFO] - 
[2024-06-20 20:55:20,404][flwr][INFO] - [SUMMARY]
[2024-06-20 20:55:20,405][flwr][INFO] - Run finished 10 round(s) in 59.50s
[2024-06-20 20:55:20,409][flwr][INFO] - 	History (loss, centralized):
[2024-06-20 20:55:20,410][flwr][INFO] - 		round 0: 181.76928067207336
[2024-06-20 20:55:20,410][flwr][INFO] - 		round 1: 25216.866271972656
[2024-06-20 20:55:20,410][flwr][INFO] - 		round 2: 45309.952209472656
[2024-06-20 20:55:20,410][flwr][INFO] - 		round 3: 123843.52044677734
[2024-06-20 20:55:20,410][flwr][INFO] - 		round 4: 305220.6350097656
[2024-06-20 20:55:20,410][flwr][INFO] - 		round 5: 922514.5434570312
[2024-06-20 20:55:20,410][flwr][INFO] - 		round 6: 2308623.990234375
[2024-06-20 20:55:20,410][flwr][INFO] - 		round 7: 6577853.87109375
[2024-06-20 20:55:20,410][flwr][INFO] - 		round 8: 18638238.015625
[2024-06-20 20:55:20,410][flwr][INFO] - 		round 9: 56069637.8125
[2024-06-20 20:55:20,410][flwr][INFO] - 		round 10: 160706279.5
[2024-06-20 20:55:20,410][flwr][INFO] - 	History (metrics, centralized):
[2024-06-20 20:55:20,410][flwr][INFO] - 	{'accuracy': [(0, 0.1086),
[2024-06-20 20:55:20,410][flwr][INFO] - 	              (1, 0.0643),
[2024-06-20 20:55:20,410][flwr][INFO] - 	              (2, 0.1947),
[2024-06-20 20:55:20,410][flwr][INFO] - 	              (3, 0.321),
[2024-06-20 20:55:20,410][flwr][INFO] - 	              (4, 0.3538),
[2024-06-20 20:55:20,410][flwr][INFO] - 	              (5, 0.336),
[2024-06-20 20:55:20,410][flwr][INFO] - 	              (6, 0.3644),
[2024-06-20 20:55:20,410][flwr][INFO] - 	              (7, 0.3557),
[2024-06-20 20:55:20,410][flwr][INFO] - 	              (8, 0.3556),
[2024-06-20 20:55:20,410][flwr][INFO] - 	              (9, 0.346),
[2024-06-20 20:55:20,410][flwr][INFO] - 	              (10, 0.3391)],
[2024-06-20 20:55:20,410][flwr][INFO] - 	 'confusion_matrix': [(0,
[2024-06-20 20:55:20,410][flwr][INFO] - 	                       array([[   0,    8,    0,  956,    0,    1,    0,   15,    0,    0],
[2024-06-20 20:55:20,410][flwr][INFO] - 	       [   0,  122,    0, 1013,    0,    0,    0,    0,    0,    0],
[2024-06-20 20:55:20,410][flwr][INFO] - 	       [   0,   38,    0,  971,    0,    0,    3,   19,    1,    0],
[2024-06-20 20:55:20,410][flwr][INFO] - 	       [   0,   44,    0,  945,    1,    1,    0,   17,    2,    0],
[2024-06-20 20:55:20,410][flwr][INFO] - 	       [   0,  143,    0,  816,    1,    0,    2,   20,    0,    0],
[2024-06-20 20:55:20,410][flwr][INFO] - 	       [   0,  118,    0,  735,    1,    7,    0,   30,    1,    0],
[2024-06-20 20:55:20,410][flwr][INFO] - 	       [   0,  144,    0,  749,   25,    0,    2,   38,    0,    0],
[2024-06-20 20:55:20,410][flwr][INFO] - 	       [   0,  272,    0,  724,    8,    0,    0,    9,   15,    0],
[2024-06-20 20:55:20,410][flwr][INFO] - 	       [   0,   81,    0,  859,    1,    0,    1,   32,    0,    0],
[2024-06-20 20:55:20,410][flwr][INFO] - 	       [   0,  178,    0,  799,    1,    0,    0,   31,    0,    0]])),
[2024-06-20 20:55:20,410][flwr][INFO] - 	                      (1,
[2024-06-20 20:55:20,411][flwr][INFO] - 	                       array([[ 21, 840,   2,   2,  95,   3,   1,   8,   7,   1],
[2024-06-20 20:55:20,411][flwr][INFO] - 	       [146,  40, 234,  22, 692,   0,   0,   0,   1,   0],
[2024-06-20 20:55:20,411][flwr][INFO] - 	       [ 97, 442,  19,   4, 464,   4,   1,   1,   0,   0],
[2024-06-20 20:55:20,411][flwr][INFO] - 	       [355, 375,  29,  20, 160,   3,   0,  13,  50,   5],
[2024-06-20 20:55:20,411][flwr][INFO] - 	       [ 11, 430,   5,   0, 531,   2,   0,   0,   2,   1],
[2024-06-20 20:55:20,411][flwr][INFO] - 	       [234, 358,  24,  16, 194,   8,   9,  11,  35,   3],
[2024-06-20 20:55:20,411][flwr][INFO] - 	       [ 12, 521,  20,   0, 401,   2,   0,   0,   2,   0],
[2024-06-20 20:55:20,411][flwr][INFO] - 	       [ 23, 312,  49,   3, 495,   8,   0,   1, 137,   0],
[2024-06-20 20:55:20,411][flwr][INFO] - 	       [144, 207,  15,   4, 598,   0,   2,   1,   3,   0],
[2024-06-20 20:55:20,411][flwr][INFO] - 	       [ 13, 398,  18,   0, 569,   0,   0,   0,  11,   0]])),
[2024-06-20 20:55:20,411][flwr][INFO] - 	                      (2,
[2024-06-20 20:55:20,411][flwr][INFO] - 	                       array([[ 69,  20,  41, 142,  33,  90,   3,  54,  47, 481],
[2024-06-20 20:55:20,411][flwr][INFO] - 	       [  0,  77,   0,   1,   7, 402,   0, 324, 211, 113],
[2024-06-20 20:55:20,411][flwr][INFO] - 	       [ 39,  10,  32,  91,  47, 220, 110, 337,  57,  89],
[2024-06-20 20:55:20,411][flwr][INFO] - 	       [  4,  14,  20, 270,  21, 203,   5, 231, 106, 136],
[2024-06-20 20:55:20,411][flwr][INFO] - 	       [ 33,  62,  73,  70, 103, 195,  46, 133,  75, 192],
[2024-06-20 20:55:20,411][flwr][INFO] - 	       [ 15,  17,  31,  78,  16, 231,  31, 111,  78, 284],
[2024-06-20 20:55:20,411][flwr][INFO] - 	       [ 11,  35,  15,  28,  29, 123, 196, 155, 126, 240],
[2024-06-20 20:55:20,411][flwr][INFO] - 	       [  8,  40,   5,  55,  17, 203,   8, 505, 147,  40],
[2024-06-20 20:55:20,411][flwr][INFO] - 	       [ 12,   4,  16,  17,   5, 267,  21, 240, 216, 176],
[2024-06-20 20:55:20,411][flwr][INFO] - 	       [ 12,  21,  26,  26,  19, 318,  35, 172, 132, 248]])),
[2024-06-20 20:55:20,411][flwr][INFO] - 	                      (3,
[2024-06-20 20:55:20,411][flwr][INFO] - 	                       array([[430,  38,  43,   2,  61, 305,   8,  29,  45,  19],
[2024-06-20 20:55:20,411][flwr][INFO] - 	       [ 16, 851,   3,   0,  13, 178,   9,  10,  46,   9],
[2024-06-20 20:55:20,411][flwr][INFO] - 	       [191,  46,  60,   9, 151, 175, 167,  36, 156,  41],
[2024-06-20 20:55:20,411][flwr][INFO] - 	       [234, 103,   8,  15, 211, 141,  29,  38, 133,  98],
[2024-06-20 20:55:20,411][flwr][INFO] - 	       [227, 131,  34,   1, 180, 230,  62,  10,  65,  42],
[2024-06-20 20:55:20,411][flwr][INFO] - 	       [ 99,  76,  14,   4,  44, 440,  34,  35,  78,  68],
[2024-06-20 20:55:20,411][flwr][INFO] - 	       [ 83,  79,  64,   2,  62, 230, 336,  18,  73,  11],
[2024-06-20 20:55:20,411][flwr][INFO] - 	       [196,  85,   3,   1,  99,  93,  15, 410,  76,  50],
[2024-06-20 20:55:20,411][flwr][INFO] - 	       [122,  24,  11,   3,  19, 284,  76,  18, 318,  99],
[2024-06-20 20:55:20,411][flwr][INFO] - 	       [138,  88,   6,   2,  66, 294, 104,  33, 108, 170]])),
[2024-06-20 20:55:20,411][flwr][INFO] - 	                      (4,
[2024-06-20 20:55:20,411][flwr][INFO] - 	                       array([[612,  16,  59,  15,  29, 144,   8,  32,  51,  14],
[2024-06-20 20:55:20,411][flwr][INFO] - 	       [  5, 711,  34,   0,   8, 197,   2,  84,  44,  50],
[2024-06-20 20:55:20,411][flwr][INFO] - 	       [280,  28, 214,  25,  76, 123,  11,  24, 197,  54],
[2024-06-20 20:55:20,411][flwr][INFO] - 	       [380,  23,  42,  17,  91, 165,   7,  52, 135,  98],
[2024-06-20 20:55:20,411][flwr][INFO] - 	       [204, 104, 144,   2, 130, 142,  17,  19,  72, 148],
[2024-06-20 20:55:20,411][flwr][INFO] - 	       [145,  47,  37,   4,  20, 466,  22,  24,  55,  72],
[2024-06-20 20:55:20,411][flwr][INFO] - 	       [178,  42, 131,  13,  72, 161, 207,  10, 113,  31],
[2024-06-20 20:55:20,411][flwr][INFO] - 	       [131,  69,  15,   1,  68,  51,   8, 409, 117, 159],
[2024-06-20 20:55:20,411][flwr][INFO] - 	       [194,  24,  29,   9,   8, 213,  14,  17, 306, 160],
[2024-06-20 20:55:20,412][flwr][INFO] - 	       [118,  38,  30,   0,  54, 183,  11,  37,  72, 466]])),
[2024-06-20 20:55:20,412][flwr][INFO] - 	                      (5,
[2024-06-20 20:55:20,412][flwr][INFO] - 	                       array([[353,   4, 204,  34, 122,  36,  13,  26,  71, 117],
[2024-06-20 20:55:20,412][flwr][INFO] - 	       [  9, 595,  26,   6, 100,  33,  39,   5,  28, 294],
[2024-06-20 20:55:20,412][flwr][INFO] - 	       [ 84,   5, 283,  72, 239,  40,  16,  25, 181,  87],
[2024-06-20 20:55:20,412][flwr][INFO] - 	       [ 98,   9, 101,  96, 297,  69,  29,  20,  56, 235],
[2024-06-20 20:55:20,412][flwr][INFO] - 	       [ 24,  38, 109,   7, 322,  19,  25,   2,  53, 383],
[2024-06-20 20:55:20,412][flwr][INFO] - 	       [ 52,  28,  56,  30,  95, 236,  61,  26,  80, 228],
[2024-06-20 20:55:20,412][flwr][INFO] - 	       [ 12,  12, 180,  13, 253,  52, 279,   1,  31, 125],
[2024-06-20 20:55:20,412][flwr][INFO] - 	       [ 36,  44,  17,   4, 306,  16,   3, 136,  38, 428],
[2024-06-20 20:55:20,412][flwr][INFO] - 	       [ 52,  12,  62,  58,  63,  85,  49,  22, 277, 294],
[2024-06-20 20:55:20,412][flwr][INFO] - 	       [ 15,  11,  23,   7, 113,  23,   3,   5,  26, 783]])),
[2024-06-20 20:55:20,412][flwr][INFO] - 	                      (6,
[2024-06-20 20:55:20,412][flwr][INFO] - 	                       array([[492,  28, 131,  33,  71,  25,  25, 156,   7,  12],
[2024-06-20 20:55:20,412][flwr][INFO] - 	       [  5, 967,   3,   0,  25,  16,   5,   3,   4, 107],
[2024-06-20 20:55:20,412][flwr][INFO] - 	       [182,  46, 204, 169, 179,  46,  13,  94,  85,  14],
[2024-06-20 20:55:20,412][flwr][INFO] - 	       [264,  26,  37, 212, 235,  49,  44,  80,  31,  32],
[2024-06-20 20:55:20,412][flwr][INFO] - 	       [ 78, 171, 129,  13, 294,  56, 140,  18,  20,  63],
[2024-06-20 20:55:20,412][flwr][INFO] - 	       [133, 112,  30,  97,  78, 174,  84,  98,  46,  40],
[2024-06-20 20:55:20,412][flwr][INFO] - 	       [ 47,  54,  86,  27, 199,  39, 462,  14,   7,  23],
[2024-06-20 20:55:20,412][flwr][INFO] - 	       [ 79, 160,  15,   8, 184,  43,   6, 429,  34,  70],
[2024-06-20 20:55:20,412][flwr][INFO] - 	       [176,  49,  33, 157,  76, 102,  31, 129, 145,  76],
[2024-06-20 20:55:20,412][flwr][INFO] - 	       [149,  89,  54,  12, 194, 105,  30,  59,  52, 265]])),
[2024-06-20 20:55:20,412][flwr][INFO] - 	                      (7,
[2024-06-20 20:55:20,412][flwr][INFO] - 	                       array([[251,  36, 180,  69, 213,  65,  43,  28,  15,  80],
[2024-06-20 20:55:20,412][flwr][INFO] - 	       [ 14, 924,  11,   2,  56,  26,   9,   1,   7,  85],
[2024-06-20 20:55:20,412][flwr][INFO] - 	       [ 78,  34, 205, 238, 251,  52,  22,  46,  81,  25],
[2024-06-20 20:55:20,412][flwr][INFO] - 	       [ 48,  15,  44, 352, 293, 112,  41,  58,  22,  25],
[2024-06-20 20:55:20,412][flwr][INFO] - 	       [ 18, 106, 131,  43, 412,  53, 144,   6,  20,  49],
[2024-06-20 20:55:20,412][flwr][INFO] - 	       [ 39,  76,  65, 148, 110, 212, 124,  26,  52,  40],
[2024-06-20 20:55:20,412][flwr][INFO] - 	       [ 14,  29,  55,  37, 248,  43, 488,   2,   4,  38],
[2024-06-20 20:55:20,412][flwr][INFO] - 	       [ 62, 124,  38,  17, 247,  65,   4, 375,  62,  34],
[2024-06-20 20:55:20,412][flwr][INFO] - 	       [ 63,  32,  25, 235, 127, 177,  55,  46, 159,  55],
[2024-06-20 20:55:20,412][flwr][INFO] - 	       [ 55,  41,  70,  36, 321, 117,  71,  47,  72, 179]])),
[2024-06-20 20:55:20,412][flwr][INFO] - 	                      (8,
[2024-06-20 20:55:20,412][flwr][INFO] - 	                       array([[388,  11, 215,  52,  84, 146,  12,  17,  10,  45],
[2024-06-20 20:55:20,412][flwr][INFO] - 	       [ 15, 928,  24,   5,  27,  15,   8,   0,  95,  18],
[2024-06-20 20:55:20,412][flwr][INFO] - 	       [153,  42, 341, 214,  78,  43,  11,  29,  98,  23],
[2024-06-20 20:55:20,412][flwr][INFO] - 	       [195,  18,  37, 376, 138, 109,  13,  43,  44,  37],
[2024-06-20 20:55:20,412][flwr][INFO] - 	       [ 56,  81, 236,  61, 224,  91, 158,   8,  32,  35],
[2024-06-20 20:55:20,412][flwr][INFO] - 	       [ 97,  68,  89, 141,  46, 252,  77,  17,  73,  32],
[2024-06-20 20:55:20,412][flwr][INFO] - 	       [ 45,  27, 155,  54, 128, 122, 274,   1,   5, 147],
[2024-06-20 20:55:20,413][flwr][INFO] - 	       [103, 128,  54,   8, 161,  65,   6, 364,  95,  44],
[2024-06-20 20:55:20,413][flwr][INFO] - 	       [108,  47,  56, 215,  55, 199,  36,  30, 157,  71],
[2024-06-20 20:55:20,413][flwr][INFO] - 	       [ 93,  43, 129,  30, 163, 126,  61,  56,  56, 252]])),
[2024-06-20 20:55:20,413][flwr][INFO] - 	                      (9,
[2024-06-20 20:55:20,413][flwr][INFO] - 	                       array([[338,  52, 151,  90, 136, 157,   8,  18,  12,  18],
[2024-06-20 20:55:20,413][flwr][INFO] - 	       [ 12, 816,  15,  15,  96,  18,   5,   5, 150,   3],
[2024-06-20 20:55:20,413][flwr][INFO] - 	       [ 84,  50, 190, 240, 267,  25,  16,  43, 106,  11],
[2024-06-20 20:55:20,413][flwr][INFO] - 	       [ 58,  25,  47, 452, 213,  66,  13,  62,  58,  16],
[2024-06-20 20:55:20,413][flwr][INFO] - 	       [ 31,  69, 197,  73, 408,  71,  74,   7,  27,  25],
[2024-06-20 20:55:20,413][flwr][INFO] - 	       [ 69,  69,  98, 173,  68, 240,  54,  35,  59,  27],
[2024-06-20 20:55:20,413][flwr][INFO] - 	       [ 28,  36, 103,  75, 142,  75, 329,   6,  17, 147],
[2024-06-20 20:55:20,413][flwr][INFO] - 	       [ 54,  77,  37,  14, 277,  74,   8, 426,  44,  17],
[2024-06-20 20:55:20,413][flwr][INFO] - 	       [ 40,  54,  53, 301, 172, 128,  14,  35, 156,  21],
[2024-06-20 20:55:20,413][flwr][INFO] - 	       [ 65,  32, 120,  52, 296, 190,  38,  74,  37, 105]])),
[2024-06-20 20:55:20,413][flwr][INFO] - 	                      (10,
[2024-06-20 20:55:20,413][flwr][INFO] - 	                       array([[346,  28, 193,  99,  50, 189,  34,  10,  19,  12],
[2024-06-20 20:55:20,413][flwr][INFO] - 	       [ 27, 715,  12,  21,  50,  28,   3,  15, 262,   2],
[2024-06-20 20:55:20,413][flwr][INFO] - 	       [ 69,  40, 291, 230, 102,  24,  16,  52, 199,   9],
[2024-06-20 20:55:20,413][flwr][INFO] - 	       [ 92,  33,  92, 425, 101, 104,  18,  47,  80,  18],
[2024-06-20 20:55:20,413][flwr][INFO] - 	       [ 34,  97, 252,  57, 276,  66, 122,  16,  58,   4],
[2024-06-20 20:55:20,413][flwr][INFO] - 	       [ 78,  58, 120, 162,  28, 245,  86,  36,  71,   8],
[2024-06-20 20:55:20,413][flwr][INFO] - 	       [ 22,  31, 136,  90,  61, 106, 399,  10,  23,  80],
[2024-06-20 20:55:20,413][flwr][INFO] - 	       [ 51,  96,  43,  16, 159, 102,  16, 410, 133,   2],
[2024-06-20 20:55:20,413][flwr][INFO] - 	       [ 46,  53,  68, 293,  42, 129,  19,  55, 249,  20],
[2024-06-20 20:55:20,413][flwr][INFO] - 	       [ 83,  35, 146,  55, 167, 217,  72,  85, 114,  35]]))],
[2024-06-20 20:55:20,413][flwr][INFO] - 	 'f1': [(0, 0.03553137346181725),
[2024-06-20 20:55:20,413][flwr][INFO] - 	        (1, 0.03261282258203266),
[2024-06-20 20:55:20,413][flwr][INFO] - 	        (2, 0.18232869322201617),
[2024-06-20 20:55:20,413][flwr][INFO] - 	        (3, 0.29668939555237117),
[2024-06-20 20:55:20,413][flwr][INFO] - 	        (4, 0.3337157654153417),
[2024-06-20 20:55:20,413][flwr][INFO] - 	        (5, 0.33123932167179837),
[2024-06-20 20:55:20,413][flwr][INFO] - 	        (6, 0.3487622087301292),
[2024-06-20 20:55:20,413][flwr][INFO] - 	        (7, 0.35100131467350587),
[2024-06-20 20:55:20,413][flwr][INFO] - 	        (8, 0.35294022330694513),
[2024-06-20 20:55:20,413][flwr][INFO] - 	        (9, 0.3440754882881226),
[2024-06-20 20:55:20,413][flwr][INFO] - 	        (10, 0.3345600499773681)],
[2024-06-20 20:55:20,413][flwr][INFO] - 	 'precision': [(0, 0.12349967530374152),
[2024-06-20 20:55:20,413][flwr][INFO] - 	               (1, 0.0766019425014395),
[2024-06-20 20:55:20,413][flwr][INFO] - 	               (2, 0.2477910235336387),
[2024-06-20 20:55:20,413][flwr][INFO] - 	               (3, 0.34881843502726595),
[2024-06-20 20:55:20,413][flwr][INFO] - 	               (4, 0.38260858097372585),
[2024-06-20 20:55:20,413][flwr][INFO] - 	               (5, 0.4069711089559798),
[2024-06-20 20:55:20,413][flwr][INFO] - 	               (6, 0.35998349119468714),
[2024-06-20 20:55:20,414][flwr][INFO] - 	               (7, 0.37484709593999344),
[2024-06-20 20:55:20,414][flwr][INFO] - 	               (8, 0.36967598752568137),
[2024-06-20 20:55:20,414][flwr][INFO] - 	               (9, 0.3727848795476331),
[2024-06-20 20:55:20,414][flwr][INFO] - 	               (10, 0.3490971718450571)],
[2024-06-20 20:55:20,414][flwr][INFO] - 	 'recall': [(0, 0.1086),
[2024-06-20 20:55:20,414][flwr][INFO] - 	            (1, 0.0643),
[2024-06-20 20:55:20,414][flwr][INFO] - 	            (2, 0.1947),
[2024-06-20 20:55:20,414][flwr][INFO] - 	            (3, 0.321),
[2024-06-20 20:55:20,414][flwr][INFO] - 	            (4, 0.3538),
[2024-06-20 20:55:20,414][flwr][INFO] - 	            (5, 0.336),
[2024-06-20 20:55:20,414][flwr][INFO] - 	            (6, 0.3644),
[2024-06-20 20:55:20,414][flwr][INFO] - 	            (7, 0.3557),
[2024-06-20 20:55:20,414][flwr][INFO] - 	            (8, 0.3556),
[2024-06-20 20:55:20,414][flwr][INFO] - 	            (9, 0.346),
[2024-06-20 20:55:20,414][flwr][INFO] - 	            (10, 0.3391)]}
[2024-06-20 20:55:20,414][flwr][INFO] - 
