[2024-07-08 17:07:38,427][flwr][INFO] - Starting Flower simulation, config: num_rounds=10, no round_timeout
[2024-07-08 17:07:41,257][flwr][INFO] - Flower VCE: Ray initialized with resources: {'node:__internal_head__': 1.0, 'CPU': 12.0, 'node:127.0.0.1': 1.0, 'object_store_memory': 2147483648.0, 'memory': 9896383284.0}
[2024-07-08 17:07:41,258][flwr][INFO] - Optimize your simulation with Flower VCE: https://flower.ai/docs/framework/how-to-run-simulations.html
[2024-07-08 17:07:41,258][flwr][INFO] - Flower VCE: Resources for each Virtual Client: {'num_cpus': 2, 'num_gpus': 0}
[2024-07-08 17:07:41,265][flwr][INFO] - Flower VCE: Creating VirtualClientEngineActorPool with 6 actors
[2024-07-08 17:07:41,265][flwr][INFO] - [INIT]
[2024-07-08 17:07:41,265][flwr][INFO] - Requesting initial parameters from one random client
[2024-07-08 17:07:43,545][flwr][INFO] - Received initial parameters from one random client
[2024-07-08 17:07:43,545][flwr][INFO] - Evaluating initial global parameters
[2024-07-08 17:07:43,925][flwr][INFO] - initial parameters (loss, other metrics): 181.76928067207336, {'accuracy': 0.1086, 'precision': 0.12349967530374152, 'recall': 0.1086, 'f1': 0.03553137346181725, 'confusion_matrix': array([[   0,    8,    0,  956,    0,    1,    0,   15,    0,    0],
       [   0,  122,    0, 1013,    0,    0,    0,    0,    0,    0],
       [   0,   38,    0,  971,    0,    0,    3,   19,    1,    0],
       [   0,   44,    0,  945,    1,    1,    0,   17,    2,    0],
       [   0,  143,    0,  816,    1,    0,    2,   20,    0,    0],
       [   0,  118,    0,  735,    1,    7,    0,   30,    1,    0],
       [   0,  144,    0,  749,   25,    0,    2,   38,    0,    0],
       [   0,  272,    0,  724,    8,    0,    0,    9,   15,    0],
       [   0,   81,    0,  859,    1,    0,    1,   32,    0,    0],
       [   0,  178,    0,  799,    1,    0,    0,   31,    0,    0]])}
[2024-07-08 17:07:43,925][flwr][INFO] - 
[2024-07-08 17:07:43,925][flwr][INFO] - [ROUND 1]
[2024-07-08 17:07:43,926][flwr][INFO] - configure_fit: strategy sampled 10 clients (out of 10)
[2024-07-08 17:08:04,270][flwr][INFO] - aggregate_fit: received 10 results and 0 failures
[2024-07-08 17:08:04,278][flwr][WARNING] - No fit_metrics_aggregation_fn provided
[2024-07-08 17:08:04,641][flwr][INFO] - fit progress: (1, 148.82791674137115, {'accuracy': 0.6163, 'precision': 0.7423474305138997, 'recall': 0.6163, 'f1': 0.5851713030588531, 'confusion_matrix': array([[ 965,    1,    0,    3,    0,    0,    0,    1,    0,   10],
       [   2, 1023,    0,   73,    0,    1,    0,    0,    4,   32],
       [  32,   14,  386,  476,    3,    0,   11,    2,   25,   83],
       [  62,    4,    1,  877,    0,    0,    0,    3,    2,   61],
       [  58,    7,    1,   31,  417,   11,  155,    0,    1,  301],
       [ 363,   23,    0,   97,    3,   95,   71,    3,    3,  234],
       [ 153,   15,   15,   24,    0,   18,  648,    1,    0,   84],
       [  29,    8,    1,  119,    0,    0,    1,  729,    1,  140],
       [  18,    8,    0,   74,    2,    3,    7,    1,   85,  776],
       [  32,    7,    0,   14,    3,    2,    9,    4,    0,  938]])}, 20.714877709)
[2024-07-08 17:08:04,641][flwr][INFO] - configure_evaluate: no clients selected, skipping evaluation
[2024-07-08 17:08:04,641][flwr][INFO] - 
[2024-07-08 17:08:04,641][flwr][INFO] - [ROUND 2]
[2024-07-08 17:08:04,641][flwr][INFO] - configure_fit: strategy sampled 10 clients (out of 10)
[2024-07-08 17:08:21,641][flwr][INFO] - aggregate_fit: received 10 results and 0 failures
[2024-07-08 17:08:22,061][flwr][INFO] - fit progress: (2, 57.024085998535156, {'accuracy': 0.8928, 'precision': 0.895605002576317, 'recall': 0.8928, 'f1': 0.8929333230216833, 'confusion_matrix': array([[ 915,    0,    0,    7,    3,    9,   17,    2,    8,   19],
       [   0, 1054,   36,    4,    0,    0,   10,    0,   30,    1],
       [   5,    3,  934,   24,   14,    5,   13,    7,   24,    3],
       [   1,    2,   21,  868,    4,   57,    6,   11,   33,    7],
       [   0,    0,    2,    1,  943,    2,   12,    0,    5,   17],
       [   9,    5,    0,   32,   19,  771,   31,    4,   14,    7],
       [   6,    2,    1,    2,   11,   12,  918,    1,    4,    1],
       [   3,    7,   53,    9,   29,    1,    0,  864,    2,   60],
       [   3,    0,    8,   37,   13,   26,   17,    1,  842,   27],
       [   5,    4,    0,    7,  128,   14,    0,   15,   17,  819]])}, 38.135249209)
[2024-07-08 17:08:22,062][flwr][INFO] - configure_evaluate: no clients selected, skipping evaluation
[2024-07-08 17:08:22,062][flwr][INFO] - 
[2024-07-08 17:08:22,062][flwr][INFO] - [ROUND 3]
[2024-07-08 17:08:22,062][flwr][INFO] - configure_fit: strategy sampled 10 clients (out of 10)
[2024-07-08 17:08:37,498][flwr][INFO] - aggregate_fit: received 10 results and 0 failures
[2024-07-08 17:08:37,886][flwr][INFO] - fit progress: (3, 29.714175164699554, {'accuracy': 0.9064, 'precision': 0.9121688681804954, 'recall': 0.9064, 'f1': 0.9062508446711932, 'confusion_matrix': array([[ 957,    0,    0,    0,    0,    4,   11,    1,    6,    1],
       [   0, 1104,    4,    2,    1,    4,    4,    0,   16,    0],
       [  13,    1,  904,   25,   18,    3,   13,    8,   46,    1],
       [   8,    1,   20,  836,    3,   58,    7,   12,   63,    2],
       [   1,    1,    1,    1,  952,    2,   10,    0,    7,    7],
       [   8,    1,    0,   10,    3,  819,   15,    1,   33,    2],
       [  13,    3,    0,    0,   21,   15,  899,    0,    7,    0],
       [   3,   18,   35,    6,   21,    1,    1,  915,    6,   22],
       [   6,    4,    2,   12,   12,   16,    7,    3,  911,    1],
       [   9,    5,    0,    3,  133,   11,    0,   14,   67,  767]])}, 53.959613584)
[2024-07-08 17:08:37,886][flwr][INFO] - configure_evaluate: no clients selected, skipping evaluation
[2024-07-08 17:08:37,886][flwr][INFO] - 
[2024-07-08 17:08:37,886][flwr][INFO] - [ROUND 4]
[2024-07-08 17:08:37,887][flwr][INFO] - configure_fit: strategy sampled 10 clients (out of 10)
[2024-07-08 17:08:56,200][flwr][INFO] - aggregate_fit: received 10 results and 0 failures
[2024-07-08 17:08:56,630][flwr][INFO] - fit progress: (4, 25.409518219530582, {'accuracy': 0.9104, 'precision': 0.9186135963107649, 'recall': 0.9104, 'f1': 0.9111975169443768, 'confusion_matrix': array([[ 959,    0,    0,    0,    0,    4,    6,    1,   10,    0],
       [   0, 1105,    1,    3,    1,    3,    3,    0,   19,    0],
       [  10,    3,  881,   42,   12,    4,    5,   15,   59,    1],
       [   7,    3,   10,  809,    1,   78,    2,   14,   83,    3],
       [   1,    1,    2,    1,  940,    0,    7,    0,   14,   16],
       [   5,    1,    0,    7,    3,  803,    7,    2,   62,    2],
       [   9,    3,    0,    0,   18,   30,  881,    1,   16,    0],
       [   2,   12,   17,    6,   11,    1,    0,  954,    7,   18],
       [   3,    1,    1,    3,    9,    3,    2,    3,  947,    2],
       [   8,    5,    0,    3,   53,    5,    0,   18,   92,  825]])}, 72.703100834)
[2024-07-08 17:08:56,630][flwr][INFO] - configure_evaluate: no clients selected, skipping evaluation
[2024-07-08 17:08:56,630][flwr][INFO] - 
[2024-07-08 17:08:56,630][flwr][INFO] - [ROUND 5]
[2024-07-08 17:08:56,631][flwr][INFO] - configure_fit: strategy sampled 10 clients (out of 10)
[2024-07-08 17:09:11,954][flwr][INFO] - aggregate_fit: received 10 results and 0 failures
[2024-07-08 17:09:12,356][flwr][INFO] - fit progress: (5, 22.376217737793922, {'accuracy': 0.9165, 'precision': 0.9253836720129708, 'recall': 0.9165, 'f1': 0.9164123022982225, 'confusion_matrix': array([[ 954,    1,    0,    1,    1,    3,   12,    1,    7,    0],
       [   0, 1107,    4,    1,    1,    1,    3,    0,   18,    0],
       [   7,    3,  959,   10,   10,    0,    8,    6,   29,    0],
       [   1,    4,   23,  881,    1,   36,    1,    9,   51,    3],
       [   1,    0,    0,    1,  952,    0,   10,    0,   13,    5],
       [   5,    0,    0,   10,    3,  808,   20,    0,   45,    1],
       [   5,    3,    1,    0,    7,    8,  928,    0,    6,    0],
       [   0,   12,   35,    4,   13,    1,    0,  932,   15,   16],
       [   4,    1,    2,    5,    8,    3,    7,    3,  941,    0],
       [   8,    5,    0,    4,  108,    5,    1,    6,  169,  703]])}, 88.429365167)
[2024-07-08 17:09:12,357][flwr][INFO] - configure_evaluate: no clients selected, skipping evaluation
[2024-07-08 17:09:12,357][flwr][INFO] - 
[2024-07-08 17:09:12,357][flwr][INFO] - [ROUND 6]
[2024-07-08 17:09:12,357][flwr][INFO] - configure_fit: strategy sampled 10 clients (out of 10)
[2024-07-08 17:09:29,120][flwr][INFO] - aggregate_fit: received 10 results and 0 failures
[2024-07-08 17:09:29,519][flwr][INFO] - fit progress: (6, 17.151609383523464, {'accuracy': 0.9396, 'precision': 0.9414774593742544, 'recall': 0.9396, 'f1': 0.9398186639222201, 'confusion_matrix': array([[ 963,    1,    0,    0,    1,    3,    5,    2,    5,    0],
       [   0, 1110,    3,    5,    1,    1,    1,    0,   14,    0],
       [   8,    3,  960,   17,    9,    0,    5,    9,   20,    1],
       [   2,    1,   14,  934,    2,   17,    0,    7,   29,    4],
       [   1,    1,    6,    0,  940,    0,    4,    0,    9,   21],
       [   8,    0,    0,   25,    3,  809,    8,    0,   37,    2],
       [  10,    3,    1,    1,   10,   19,  899,    0,   15,    0],
       [   0,   11,   21,    6,    7,    0,    0,  957,    8,   18],
       [   3,    1,    3,   11,    8,    2,    4,    3,  936,    3],
       [  10,    6,    0,    9,   38,    5,    0,    6,   47,  888]])}, 105.59206275)
[2024-07-08 17:09:29,520][flwr][INFO] - configure_evaluate: no clients selected, skipping evaluation
[2024-07-08 17:09:29,520][flwr][INFO] - 
[2024-07-08 17:09:29,520][flwr][INFO] - [ROUND 7]
[2024-07-08 17:09:29,520][flwr][INFO] - configure_fit: strategy sampled 10 clients (out of 10)
[2024-07-08 17:09:45,186][flwr][INFO] - aggregate_fit: received 10 results and 0 failures
[2024-07-08 17:09:46,063][flwr][INFO] - fit progress: (7, 16.294140769168735, {'accuracy': 0.9408, 'precision': 0.9427594898964968, 'recall': 0.9408, 'f1': 0.9410999491093118, 'confusion_matrix': array([[ 964,    1,    0,    0,    2,    2,    4,    1,    6,    0],
       [   0, 1087,    2,    5,    1,    1,    2,    2,   35,    0],
       [   8,    3,  968,   13,    7,    0,    4,    7,   20,    2],
       [   2,    0,   17,  919,    1,   20,    0,    8,   34,    9],
       [   1,    0,    3,    0,  939,    0,    7,    1,    8,   23],
       [  10,    0,    0,   20,    4,  807,   15,    0,   33,    3],
       [  13,    3,    1,    0,    9,    6,  914,    0,   12,    0],
       [   2,    7,   21,    4,    7,    0,    0,  954,    7,   26],
       [   7,    0,    2,    8,    7,    1,    5,    3,  937,    4],
       [  12,    3,    0,    6,   29,    5,    0,    5,   30,  919]])}, 122.135261459)
[2024-07-08 17:09:46,063][flwr][INFO] - configure_evaluate: no clients selected, skipping evaluation
[2024-07-08 17:09:46,063][flwr][INFO] - 
[2024-07-08 17:09:46,063][flwr][INFO] - [ROUND 8]
[2024-07-08 17:09:46,064][flwr][INFO] - configure_fit: strategy sampled 10 clients (out of 10)
[2024-07-08 17:10:02,553][flwr][INFO] - aggregate_fit: received 10 results and 0 failures
[2024-07-08 17:10:02,977][flwr][INFO] - fit progress: (8, 15.045806808397174, {'accuracy': 0.9452, 'precision': 0.9462069722075516, 'recall': 0.9452, 'f1': 0.9453497949039124, 'confusion_matrix': array([[ 967,    1,    1,    0,    1,    2,    3,    1,    4,    0],
       [   0, 1102,    2,    3,    1,    2,    1,    2,   22,    0],
       [   9,    3,  959,   15,    6,    0,    3,    7,   26,    4],
       [   3,    0,   17,  921,    1,   21,    0,    7,   31,    9],
       [   1,    0,    3,    0,  935,    0,    7,    1,    7,   28],
       [   7,    0,    0,   18,    2,  829,   14,    0,   19,    3],
       [  12,    3,    0,    0,    6,   10,  919,    0,    8,    0],
       [   2,    6,   22,    4,    7,    0,    0,  957,    8,   22],
       [   8,    0,    2,   10,    8,    3,    7,    3,  927,    6],
       [  13,    4,    0,    7,   21,    3,    0,    5,   20,  936]])}, 139.049103167)
[2024-07-08 17:10:02,977][flwr][INFO] - configure_evaluate: no clients selected, skipping evaluation
[2024-07-08 17:10:02,977][flwr][INFO] - 
[2024-07-08 17:10:02,977][flwr][INFO] - [ROUND 9]
[2024-07-08 17:10:02,978][flwr][INFO] - configure_fit: strategy sampled 10 clients (out of 10)
[2024-07-08 17:10:19,703][flwr][INFO] - aggregate_fit: received 10 results and 0 failures
[2024-07-08 17:10:20,099][flwr][INFO] - fit progress: (9, 15.021562872454524, {'accuracy': 0.9436, 'precision': 0.9454182483433027, 'recall': 0.9436, 'f1': 0.943861380227863, 'confusion_matrix': array([[ 967,    1,    1,    1,    0,    2,    2,    1,    5,    0],
       [   0, 1106,    2,    4,    1,    2,    2,    1,   17,    0],
       [   9,    2,  964,   11,    7,    0,    4,    8,   24,    3],
       [   3,    0,   15,  914,    1,   19,    0,    7,   42,    9],
       [   1,    0,    3,    0,  933,    0,    5,    1,    8,   31],
       [   5,    0,    0,   22,    2,  809,   16,    0,   34,    4],
       [  14,    3,    0,    1,   11,    6,  911,    0,   12,    0],
       [   2,    8,   15,    2,    8,    0,    0,  947,   10,   36],
       [   6,    0,    2,    7,    6,    2,    4,    3,  937,    7],
       [  10,    3,    0,    4,   17,    3,    0,    3,   21,  948]])}, 156.170695959)
[2024-07-08 17:10:20,099][flwr][INFO] - configure_evaluate: no clients selected, skipping evaluation
[2024-07-08 17:10:20,099][flwr][INFO] - 
[2024-07-08 17:10:20,099][flwr][INFO] - [ROUND 10]
[2024-07-08 17:10:20,099][flwr][INFO] - configure_fit: strategy sampled 10 clients (out of 10)
[2024-07-08 17:10:37,343][flwr][INFO] - aggregate_fit: received 10 results and 0 failures
[2024-07-08 17:10:37,916][flwr][INFO] - fit progress: (10, 14.367332927882671, {'accuracy': 0.9463, 'precision': 0.947652281597488, 'recall': 0.9463, 'f1': 0.9464712878454037, 'confusion_matrix': array([[ 966,    1,    0,    0,    1,    2,    5,    1,    4,    0],
       [   0, 1114,    2,    3,    1,    1,    5,    1,    8,    0],
       [  10,    2,  958,   11,    7,    0,    5,   14,   22,    3],
       [   2,    0,   16,  926,    1,    5,    0,    9,   42,    9],
       [   1,    0,    1,    0,  924,    0,   12,    1,    9,   34],
       [   6,    0,    0,   29,    2,  810,   16,    0,   25,    4],
       [  11,    3,    0,    1,    9,    5,  919,    0,   10,    0],
       [   2,   11,   12,    1,    3,    0,    0,  969,   11,   19],
       [   9,    0,    2,    6,    6,    2,    7,    4,  934,    4],
       [   9,    5,    0,    7,   14,    2,    0,    5,   24,  943]])}, 173.988281375)
[2024-07-08 17:10:37,917][flwr][INFO] - configure_evaluate: no clients selected, skipping evaluation
[2024-07-08 17:10:37,917][flwr][INFO] - 
[2024-07-08 17:10:37,917][flwr][INFO] - [SUMMARY]
[2024-07-08 17:10:37,917][flwr][INFO] - Run finished 10 round(s) in 173.99s
[2024-07-08 17:10:37,923][flwr][INFO] - 	History (loss, centralized):
[2024-07-08 17:10:37,923][flwr][INFO] - 		round 0: 181.76928067207336
[2024-07-08 17:10:37,923][flwr][INFO] - 		round 1: 148.82791674137115
[2024-07-08 17:10:37,923][flwr][INFO] - 		round 2: 57.024085998535156
[2024-07-08 17:10:37,923][flwr][INFO] - 		round 3: 29.714175164699554
[2024-07-08 17:10:37,923][flwr][INFO] - 		round 4: 25.409518219530582
[2024-07-08 17:10:37,923][flwr][INFO] - 		round 5: 22.376217737793922
[2024-07-08 17:10:37,923][flwr][INFO] - 		round 6: 17.151609383523464
[2024-07-08 17:10:37,923][flwr][INFO] - 		round 7: 16.294140769168735
[2024-07-08 17:10:37,923][flwr][INFO] - 		round 8: 15.045806808397174
[2024-07-08 17:10:37,923][flwr][INFO] - 		round 9: 15.021562872454524
[2024-07-08 17:10:37,923][flwr][INFO] - 		round 10: 14.367332927882671
[2024-07-08 17:10:37,923][flwr][INFO] - 	History (metrics, centralized):
[2024-07-08 17:10:37,924][flwr][INFO] - 	{'accuracy': [(0, 0.1086),
[2024-07-08 17:10:37,924][flwr][INFO] - 	              (1, 0.6163),
[2024-07-08 17:10:37,924][flwr][INFO] - 	              (2, 0.8928),
[2024-07-08 17:10:37,924][flwr][INFO] - 	              (3, 0.9064),
[2024-07-08 17:10:37,924][flwr][INFO] - 	              (4, 0.9104),
[2024-07-08 17:10:37,924][flwr][INFO] - 	              (5, 0.9165),
[2024-07-08 17:10:37,924][flwr][INFO] - 	              (6, 0.9396),
[2024-07-08 17:10:37,924][flwr][INFO] - 	              (7, 0.9408),
[2024-07-08 17:10:37,924][flwr][INFO] - 	              (8, 0.9452),
[2024-07-08 17:10:37,924][flwr][INFO] - 	              (9, 0.9436),
[2024-07-08 17:10:37,924][flwr][INFO] - 	              (10, 0.9463)],
[2024-07-08 17:10:37,924][flwr][INFO] - 	 'confusion_matrix': [(0,
[2024-07-08 17:10:37,924][flwr][INFO] - 	                       array([[   0,    8,    0,  956,    0,    1,    0,   15,    0,    0],
[2024-07-08 17:10:37,924][flwr][INFO] - 	       [   0,  122,    0, 1013,    0,    0,    0,    0,    0,    0],
[2024-07-08 17:10:37,924][flwr][INFO] - 	       [   0,   38,    0,  971,    0,    0,    3,   19,    1,    0],
[2024-07-08 17:10:37,924][flwr][INFO] - 	       [   0,   44,    0,  945,    1,    1,    0,   17,    2,    0],
[2024-07-08 17:10:37,924][flwr][INFO] - 	       [   0,  143,    0,  816,    1,    0,    2,   20,    0,    0],
[2024-07-08 17:10:37,924][flwr][INFO] - 	       [   0,  118,    0,  735,    1,    7,    0,   30,    1,    0],
[2024-07-08 17:10:37,924][flwr][INFO] - 	       [   0,  144,    0,  749,   25,    0,    2,   38,    0,    0],
[2024-07-08 17:10:37,924][flwr][INFO] - 	       [   0,  272,    0,  724,    8,    0,    0,    9,   15,    0],
[2024-07-08 17:10:37,924][flwr][INFO] - 	       [   0,   81,    0,  859,    1,    0,    1,   32,    0,    0],
[2024-07-08 17:10:37,924][flwr][INFO] - 	       [   0,  178,    0,  799,    1,    0,    0,   31,    0,    0]])),
[2024-07-08 17:10:37,924][flwr][INFO] - 	                      (1,
[2024-07-08 17:10:37,924][flwr][INFO] - 	                       array([[ 965,    1,    0,    3,    0,    0,    0,    1,    0,   10],
[2024-07-08 17:10:37,924][flwr][INFO] - 	       [   2, 1023,    0,   73,    0,    1,    0,    0,    4,   32],
[2024-07-08 17:10:37,924][flwr][INFO] - 	       [  32,   14,  386,  476,    3,    0,   11,    2,   25,   83],
[2024-07-08 17:10:37,924][flwr][INFO] - 	       [  62,    4,    1,  877,    0,    0,    0,    3,    2,   61],
[2024-07-08 17:10:37,924][flwr][INFO] - 	       [  58,    7,    1,   31,  417,   11,  155,    0,    1,  301],
[2024-07-08 17:10:37,924][flwr][INFO] - 	       [ 363,   23,    0,   97,    3,   95,   71,    3,    3,  234],
[2024-07-08 17:10:37,924][flwr][INFO] - 	       [ 153,   15,   15,   24,    0,   18,  648,    1,    0,   84],
[2024-07-08 17:10:37,924][flwr][INFO] - 	       [  29,    8,    1,  119,    0,    0,    1,  729,    1,  140],
[2024-07-08 17:10:37,924][flwr][INFO] - 	       [  18,    8,    0,   74,    2,    3,    7,    1,   85,  776],
[2024-07-08 17:10:37,924][flwr][INFO] - 	       [  32,    7,    0,   14,    3,    2,    9,    4,    0,  938]])),
[2024-07-08 17:10:37,924][flwr][INFO] - 	                      (2,
[2024-07-08 17:10:37,924][flwr][INFO] - 	                       array([[ 915,    0,    0,    7,    3,    9,   17,    2,    8,   19],
[2024-07-08 17:10:37,924][flwr][INFO] - 	       [   0, 1054,   36,    4,    0,    0,   10,    0,   30,    1],
[2024-07-08 17:10:37,925][flwr][INFO] - 	       [   5,    3,  934,   24,   14,    5,   13,    7,   24,    3],
[2024-07-08 17:10:37,925][flwr][INFO] - 	       [   1,    2,   21,  868,    4,   57,    6,   11,   33,    7],
[2024-07-08 17:10:37,925][flwr][INFO] - 	       [   0,    0,    2,    1,  943,    2,   12,    0,    5,   17],
[2024-07-08 17:10:37,925][flwr][INFO] - 	       [   9,    5,    0,   32,   19,  771,   31,    4,   14,    7],
[2024-07-08 17:10:37,925][flwr][INFO] - 	       [   6,    2,    1,    2,   11,   12,  918,    1,    4,    1],
[2024-07-08 17:10:37,925][flwr][INFO] - 	       [   3,    7,   53,    9,   29,    1,    0,  864,    2,   60],
[2024-07-08 17:10:37,925][flwr][INFO] - 	       [   3,    0,    8,   37,   13,   26,   17,    1,  842,   27],
[2024-07-08 17:10:37,925][flwr][INFO] - 	       [   5,    4,    0,    7,  128,   14,    0,   15,   17,  819]])),
[2024-07-08 17:10:37,925][flwr][INFO] - 	                      (3,
[2024-07-08 17:10:37,925][flwr][INFO] - 	                       array([[ 957,    0,    0,    0,    0,    4,   11,    1,    6,    1],
[2024-07-08 17:10:37,925][flwr][INFO] - 	       [   0, 1104,    4,    2,    1,    4,    4,    0,   16,    0],
[2024-07-08 17:10:37,925][flwr][INFO] - 	       [  13,    1,  904,   25,   18,    3,   13,    8,   46,    1],
[2024-07-08 17:10:37,925][flwr][INFO] - 	       [   8,    1,   20,  836,    3,   58,    7,   12,   63,    2],
[2024-07-08 17:10:37,925][flwr][INFO] - 	       [   1,    1,    1,    1,  952,    2,   10,    0,    7,    7],
[2024-07-08 17:10:37,925][flwr][INFO] - 	       [   8,    1,    0,   10,    3,  819,   15,    1,   33,    2],
[2024-07-08 17:10:37,925][flwr][INFO] - 	       [  13,    3,    0,    0,   21,   15,  899,    0,    7,    0],
[2024-07-08 17:10:37,925][flwr][INFO] - 	       [   3,   18,   35,    6,   21,    1,    1,  915,    6,   22],
[2024-07-08 17:10:37,925][flwr][INFO] - 	       [   6,    4,    2,   12,   12,   16,    7,    3,  911,    1],
[2024-07-08 17:10:37,925][flwr][INFO] - 	       [   9,    5,    0,    3,  133,   11,    0,   14,   67,  767]])),
[2024-07-08 17:10:37,925][flwr][INFO] - 	                      (4,
[2024-07-08 17:10:37,925][flwr][INFO] - 	                       array([[ 959,    0,    0,    0,    0,    4,    6,    1,   10,    0],
[2024-07-08 17:10:37,925][flwr][INFO] - 	       [   0, 1105,    1,    3,    1,    3,    3,    0,   19,    0],
[2024-07-08 17:10:37,925][flwr][INFO] - 	       [  10,    3,  881,   42,   12,    4,    5,   15,   59,    1],
[2024-07-08 17:10:37,925][flwr][INFO] - 	       [   7,    3,   10,  809,    1,   78,    2,   14,   83,    3],
[2024-07-08 17:10:37,925][flwr][INFO] - 	       [   1,    1,    2,    1,  940,    0,    7,    0,   14,   16],
[2024-07-08 17:10:37,925][flwr][INFO] - 	       [   5,    1,    0,    7,    3,  803,    7,    2,   62,    2],
[2024-07-08 17:10:37,925][flwr][INFO] - 	       [   9,    3,    0,    0,   18,   30,  881,    1,   16,    0],
[2024-07-08 17:10:37,925][flwr][INFO] - 	       [   2,   12,   17,    6,   11,    1,    0,  954,    7,   18],
[2024-07-08 17:10:37,925][flwr][INFO] - 	       [   3,    1,    1,    3,    9,    3,    2,    3,  947,    2],
[2024-07-08 17:10:37,925][flwr][INFO] - 	       [   8,    5,    0,    3,   53,    5,    0,   18,   92,  825]])),
[2024-07-08 17:10:37,925][flwr][INFO] - 	                      (5,
[2024-07-08 17:10:37,925][flwr][INFO] - 	                       array([[ 954,    1,    0,    1,    1,    3,   12,    1,    7,    0],
[2024-07-08 17:10:37,925][flwr][INFO] - 	       [   0, 1107,    4,    1,    1,    1,    3,    0,   18,    0],
[2024-07-08 17:10:37,925][flwr][INFO] - 	       [   7,    3,  959,   10,   10,    0,    8,    6,   29,    0],
[2024-07-08 17:10:37,925][flwr][INFO] - 	       [   1,    4,   23,  881,    1,   36,    1,    9,   51,    3],
[2024-07-08 17:10:37,925][flwr][INFO] - 	       [   1,    0,    0,    1,  952,    0,   10,    0,   13,    5],
[2024-07-08 17:10:37,925][flwr][INFO] - 	       [   5,    0,    0,   10,    3,  808,   20,    0,   45,    1],
[2024-07-08 17:10:37,926][flwr][INFO] - 	       [   5,    3,    1,    0,    7,    8,  928,    0,    6,    0],
[2024-07-08 17:10:37,926][flwr][INFO] - 	       [   0,   12,   35,    4,   13,    1,    0,  932,   15,   16],
[2024-07-08 17:10:37,926][flwr][INFO] - 	       [   4,    1,    2,    5,    8,    3,    7,    3,  941,    0],
[2024-07-08 17:10:37,926][flwr][INFO] - 	       [   8,    5,    0,    4,  108,    5,    1,    6,  169,  703]])),
[2024-07-08 17:10:37,926][flwr][INFO] - 	                      (6,
[2024-07-08 17:10:37,926][flwr][INFO] - 	                       array([[ 963,    1,    0,    0,    1,    3,    5,    2,    5,    0],
[2024-07-08 17:10:37,926][flwr][INFO] - 	       [   0, 1110,    3,    5,    1,    1,    1,    0,   14,    0],
[2024-07-08 17:10:37,926][flwr][INFO] - 	       [   8,    3,  960,   17,    9,    0,    5,    9,   20,    1],
[2024-07-08 17:10:37,926][flwr][INFO] - 	       [   2,    1,   14,  934,    2,   17,    0,    7,   29,    4],
[2024-07-08 17:10:37,926][flwr][INFO] - 	       [   1,    1,    6,    0,  940,    0,    4,    0,    9,   21],
[2024-07-08 17:10:37,926][flwr][INFO] - 	       [   8,    0,    0,   25,    3,  809,    8,    0,   37,    2],
[2024-07-08 17:10:37,926][flwr][INFO] - 	       [  10,    3,    1,    1,   10,   19,  899,    0,   15,    0],
[2024-07-08 17:10:37,926][flwr][INFO] - 	       [   0,   11,   21,    6,    7,    0,    0,  957,    8,   18],
[2024-07-08 17:10:37,926][flwr][INFO] - 	       [   3,    1,    3,   11,    8,    2,    4,    3,  936,    3],
[2024-07-08 17:10:37,926][flwr][INFO] - 	       [  10,    6,    0,    9,   38,    5,    0,    6,   47,  888]])),
[2024-07-08 17:10:37,926][flwr][INFO] - 	                      (7,
[2024-07-08 17:10:37,926][flwr][INFO] - 	                       array([[ 964,    1,    0,    0,    2,    2,    4,    1,    6,    0],
[2024-07-08 17:10:37,926][flwr][INFO] - 	       [   0, 1087,    2,    5,    1,    1,    2,    2,   35,    0],
[2024-07-08 17:10:37,926][flwr][INFO] - 	       [   8,    3,  968,   13,    7,    0,    4,    7,   20,    2],
[2024-07-08 17:10:37,926][flwr][INFO] - 	       [   2,    0,   17,  919,    1,   20,    0,    8,   34,    9],
[2024-07-08 17:10:37,926][flwr][INFO] - 	       [   1,    0,    3,    0,  939,    0,    7,    1,    8,   23],
[2024-07-08 17:10:37,926][flwr][INFO] - 	       [  10,    0,    0,   20,    4,  807,   15,    0,   33,    3],
[2024-07-08 17:10:37,926][flwr][INFO] - 	       [  13,    3,    1,    0,    9,    6,  914,    0,   12,    0],
[2024-07-08 17:10:37,926][flwr][INFO] - 	       [   2,    7,   21,    4,    7,    0,    0,  954,    7,   26],
[2024-07-08 17:10:37,926][flwr][INFO] - 	       [   7,    0,    2,    8,    7,    1,    5,    3,  937,    4],
[2024-07-08 17:10:37,926][flwr][INFO] - 	       [  12,    3,    0,    6,   29,    5,    0,    5,   30,  919]])),
[2024-07-08 17:10:37,926][flwr][INFO] - 	                      (8,
[2024-07-08 17:10:37,926][flwr][INFO] - 	                       array([[ 967,    1,    1,    0,    1,    2,    3,    1,    4,    0],
[2024-07-08 17:10:37,926][flwr][INFO] - 	       [   0, 1102,    2,    3,    1,    2,    1,    2,   22,    0],
[2024-07-08 17:10:37,926][flwr][INFO] - 	       [   9,    3,  959,   15,    6,    0,    3,    7,   26,    4],
[2024-07-08 17:10:37,926][flwr][INFO] - 	       [   3,    0,   17,  921,    1,   21,    0,    7,   31,    9],
[2024-07-08 17:10:37,926][flwr][INFO] - 	       [   1,    0,    3,    0,  935,    0,    7,    1,    7,   28],
[2024-07-08 17:10:37,926][flwr][INFO] - 	       [   7,    0,    0,   18,    2,  829,   14,    0,   19,    3],
[2024-07-08 17:10:37,926][flwr][INFO] - 	       [  12,    3,    0,    0,    6,   10,  919,    0,    8,    0],
[2024-07-08 17:10:37,926][flwr][INFO] - 	       [   2,    6,   22,    4,    7,    0,    0,  957,    8,   22],
[2024-07-08 17:10:37,926][flwr][INFO] - 	       [   8,    0,    2,   10,    8,    3,    7,    3,  927,    6],
[2024-07-08 17:10:37,926][flwr][INFO] - 	       [  13,    4,    0,    7,   21,    3,    0,    5,   20,  936]])),
[2024-07-08 17:10:37,927][flwr][INFO] - 	                      (9,
[2024-07-08 17:10:37,927][flwr][INFO] - 	                       array([[ 967,    1,    1,    1,    0,    2,    2,    1,    5,    0],
[2024-07-08 17:10:37,927][flwr][INFO] - 	       [   0, 1106,    2,    4,    1,    2,    2,    1,   17,    0],
[2024-07-08 17:10:37,927][flwr][INFO] - 	       [   9,    2,  964,   11,    7,    0,    4,    8,   24,    3],
[2024-07-08 17:10:37,927][flwr][INFO] - 	       [   3,    0,   15,  914,    1,   19,    0,    7,   42,    9],
[2024-07-08 17:10:37,927][flwr][INFO] - 	       [   1,    0,    3,    0,  933,    0,    5,    1,    8,   31],
[2024-07-08 17:10:37,927][flwr][INFO] - 	       [   5,    0,    0,   22,    2,  809,   16,    0,   34,    4],
[2024-07-08 17:10:37,927][flwr][INFO] - 	       [  14,    3,    0,    1,   11,    6,  911,    0,   12,    0],
[2024-07-08 17:10:37,927][flwr][INFO] - 	       [   2,    8,   15,    2,    8,    0,    0,  947,   10,   36],
[2024-07-08 17:10:37,927][flwr][INFO] - 	       [   6,    0,    2,    7,    6,    2,    4,    3,  937,    7],
[2024-07-08 17:10:37,927][flwr][INFO] - 	       [  10,    3,    0,    4,   17,    3,    0,    3,   21,  948]])),
[2024-07-08 17:10:37,927][flwr][INFO] - 	                      (10,
[2024-07-08 17:10:37,927][flwr][INFO] - 	                       array([[ 966,    1,    0,    0,    1,    2,    5,    1,    4,    0],
[2024-07-08 17:10:37,927][flwr][INFO] - 	       [   0, 1114,    2,    3,    1,    1,    5,    1,    8,    0],
[2024-07-08 17:10:37,927][flwr][INFO] - 	       [  10,    2,  958,   11,    7,    0,    5,   14,   22,    3],
[2024-07-08 17:10:37,927][flwr][INFO] - 	       [   2,    0,   16,  926,    1,    5,    0,    9,   42,    9],
[2024-07-08 17:10:37,927][flwr][INFO] - 	       [   1,    0,    1,    0,  924,    0,   12,    1,    9,   34],
[2024-07-08 17:10:37,927][flwr][INFO] - 	       [   6,    0,    0,   29,    2,  810,   16,    0,   25,    4],
[2024-07-08 17:10:37,927][flwr][INFO] - 	       [  11,    3,    0,    1,    9,    5,  919,    0,   10,    0],
[2024-07-08 17:10:37,927][flwr][INFO] - 	       [   2,   11,   12,    1,    3,    0,    0,  969,   11,   19],
[2024-07-08 17:10:37,927][flwr][INFO] - 	       [   9,    0,    2,    6,    6,    2,    7,    4,  934,    4],
[2024-07-08 17:10:37,927][flwr][INFO] - 	       [   9,    5,    0,    7,   14,    2,    0,    5,   24,  943]]))],
[2024-07-08 17:10:37,927][flwr][INFO] - 	 'f1': [(0, 0.03553137346181725),
[2024-07-08 17:10:37,927][flwr][INFO] - 	        (1, 0.5851713030588531),
[2024-07-08 17:10:37,927][flwr][INFO] - 	        (2, 0.8929333230216833),
[2024-07-08 17:10:37,927][flwr][INFO] - 	        (3, 0.9062508446711932),
[2024-07-08 17:10:37,927][flwr][INFO] - 	        (4, 0.9111975169443768),
[2024-07-08 17:10:37,927][flwr][INFO] - 	        (5, 0.9164123022982225),
[2024-07-08 17:10:37,927][flwr][INFO] - 	        (6, 0.9398186639222201),
[2024-07-08 17:10:37,927][flwr][INFO] - 	        (7, 0.9410999491093118),
[2024-07-08 17:10:37,927][flwr][INFO] - 	        (8, 0.9453497949039124),
[2024-07-08 17:10:37,927][flwr][INFO] - 	        (9, 0.943861380227863),
[2024-07-08 17:10:37,927][flwr][INFO] - 	        (10, 0.9464712878454037)],
[2024-07-08 17:10:37,927][flwr][INFO] - 	 'precision': [(0, 0.12349967530374152),
[2024-07-08 17:10:37,927][flwr][INFO] - 	               (1, 0.7423474305138997),
[2024-07-08 17:10:37,927][flwr][INFO] - 	               (2, 0.895605002576317),
[2024-07-08 17:10:37,927][flwr][INFO] - 	               (3, 0.9121688681804954),
[2024-07-08 17:10:37,928][flwr][INFO] - 	               (4, 0.9186135963107649),
[2024-07-08 17:10:37,928][flwr][INFO] - 	               (5, 0.9253836720129708),
[2024-07-08 17:10:37,928][flwr][INFO] - 	               (6, 0.9414774593742544),
[2024-07-08 17:10:37,928][flwr][INFO] - 	               (7, 0.9427594898964968),
[2024-07-08 17:10:37,928][flwr][INFO] - 	               (8, 0.9462069722075516),
[2024-07-08 17:10:37,928][flwr][INFO] - 	               (9, 0.9454182483433027),
[2024-07-08 17:10:37,928][flwr][INFO] - 	               (10, 0.947652281597488)],
[2024-07-08 17:10:37,928][flwr][INFO] - 	 'recall': [(0, 0.1086),
[2024-07-08 17:10:37,928][flwr][INFO] - 	            (1, 0.6163),
[2024-07-08 17:10:37,928][flwr][INFO] - 	            (2, 0.8928),
[2024-07-08 17:10:37,928][flwr][INFO] - 	            (3, 0.9064),
[2024-07-08 17:10:37,928][flwr][INFO] - 	            (4, 0.9104),
[2024-07-08 17:10:37,928][flwr][INFO] - 	            (5, 0.9165),
[2024-07-08 17:10:37,928][flwr][INFO] - 	            (6, 0.9396),
[2024-07-08 17:10:37,928][flwr][INFO] - 	            (7, 0.9408),
[2024-07-08 17:10:37,928][flwr][INFO] - 	            (8, 0.9452),
[2024-07-08 17:10:37,928][flwr][INFO] - 	            (9, 0.9436),
[2024-07-08 17:10:37,928][flwr][INFO] - 	            (10, 0.9463)]}
[2024-07-08 17:10:37,928][flwr][INFO] - 
