[2024-07-08 18:38:52,604][flwr][INFO] - Starting Flower simulation, config: num_rounds=10, no round_timeout
[2024-07-08 18:38:54,606][flwr][INFO] - Flower VCE: Ray initialized with resources: {'CPU': 12.0, 'node:__internal_head__': 1.0, 'object_store_memory': 2147483648.0, 'node:127.0.0.1': 1.0, 'memory': 7841569178.0}
[2024-07-08 18:38:54,606][flwr][INFO] - Optimize your simulation with Flower VCE: https://flower.ai/docs/framework/how-to-run-simulations.html
[2024-07-08 18:38:54,606][flwr][INFO] - Flower VCE: Resources for each Virtual Client: {'num_cpus': 2, 'num_gpus': 0}
[2024-07-08 18:38:54,611][flwr][INFO] - Flower VCE: Creating VirtualClientEngineActorPool with 6 actors
[2024-07-08 18:38:54,612][flwr][INFO] - [INIT]
[2024-07-08 18:38:54,612][flwr][INFO] - Requesting initial parameters from one random client
[2024-07-08 18:38:56,156][flwr][INFO] - Received initial parameters from one random client
[2024-07-08 18:38:56,157][flwr][INFO] - Evaluating initial global parameters
[2024-07-08 18:38:56,486][flwr][INFO] - initial parameters (loss, other metrics): 181.76928067207336, {'accuracy': 0.1086, 'precision': 0.12349967530374152, 'recall': 0.1086, 'f1': 0.03553137346181725, 'confusion_matrix': array([[   0,    8,    0,  956,    0,    1,    0,   15,    0,    0],
       [   0,  122,    0, 1013,    0,    0,    0,    0,    0,    0],
       [   0,   38,    0,  971,    0,    0,    3,   19,    1,    0],
       [   0,   44,    0,  945,    1,    1,    0,   17,    2,    0],
       [   0,  143,    0,  816,    1,    0,    2,   20,    0,    0],
       [   0,  118,    0,  735,    1,    7,    0,   30,    1,    0],
       [   0,  144,    0,  749,   25,    0,    2,   38,    0,    0],
       [   0,  272,    0,  724,    8,    0,    0,    9,   15,    0],
       [   0,   81,    0,  859,    1,    0,    1,   32,    0,    0],
       [   0,  178,    0,  799,    1,    0,    0,   31,    0,    0]])}
[2024-07-08 18:38:56,486][flwr][INFO] - 
[2024-07-08 18:38:56,486][flwr][INFO] - [ROUND 1]
[2024-07-08 18:38:56,486][flwr][INFO] - configure_fit: strategy sampled 10 clients (out of 10)
[2024-07-08 18:39:04,797][flwr][INFO] - aggregate_fit: received 10 results and 0 failures
[2024-07-08 18:39:04,803][flwr][WARNING] - No fit_metrics_aggregation_fn provided
[2024-07-08 18:39:05,138][flwr][INFO] - fit progress: (1, 287.5087032318115, {'accuracy': 0.0087, 'precision': 0.008911198589526763, 'recall': 0.0087, 'f1': 0.008769143291972642, 'confusion_matrix': array([[   3,  949,    0,    1,    0,    1,    1,   21,    1,    3],
       [   2,    0, 1109,    3,    0,    0,    1,   10,    2,    8],
       [  16,   14,    2,  832,    5,    4,    5,   93,   27,   34],
       [  37,   17,    4,   34,  603,    1,  183,   19,   48,   64],
       [ 215,    0,    0,    1,    0,  716,    3,   41,    4,    2],
       [  33,   32,    3,    2,    6,   10,  755,   36,    5,   10],
       [   0,    8,    3,    3,    0,    1,   13,  929,    1,    0],
       [  54,    0,    8,   18,    0,    3,    1,    1,  942,    1],
       [  68,    7,   12,    5,    3,   11,   56,   45,   22,  745],
       [ 950,    4,    5,    1,    1,    5,   11,    4,   26,    2]])}, 8.651813875)
[2024-07-08 18:39:05,138][flwr][INFO] - configure_evaluate: no clients selected, skipping evaluation
[2024-07-08 18:39:05,138][flwr][INFO] - 
[2024-07-08 18:39:05,138][flwr][INFO] - [ROUND 2]
[2024-07-08 18:39:05,139][flwr][INFO] - configure_fit: strategy sampled 10 clients (out of 10)
[2024-07-08 18:39:11,733][flwr][INFO] - aggregate_fit: received 10 results and 0 failures
[2024-07-08 18:39:12,066][flwr][INFO] - fit progress: (2, 558.2371206283569, {'accuracy': 0.0076, 'precision': 0.007744060489561518, 'recall': 0.0076, 'f1': 0.007662365579212653, 'confusion_matrix': array([[   0,  967,    0,    1,    0,    0,    2,    6,    1,    3],
       [   1,    0, 1107,    4,    3,    1,    1,    3,    1,   14],
       [   3,   14,    0,  947,   13,    6,    0,   13,    9,   27],
       [   3,    5,    0,   15,  929,    0,   14,    0,   11,   33],
       [  17,    1,    0,    3,    1,  939,    0,   11,    1,    9],
       [   4,   15,    1,    2,   22,    5,  809,   12,    2,   20],
       [   0,    8,    3,    2,    0,    6,   30,  904,    0,    5],
       [  36,    2,    6,   19,    4,    8,    0,    0,  942,   11],
       [   3,    5,    3,    4,   10,    8,   15,    9,    4,  913],
       [ 907,    6,    5,    1,   11,   47,    4,    1,    6,   21]])}, 15.580605959)
[2024-07-08 18:39:12,067][flwr][INFO] - configure_evaluate: no clients selected, skipping evaluation
[2024-07-08 18:39:12,067][flwr][INFO] - 
[2024-07-08 18:39:12,067][flwr][INFO] - [ROUND 3]
[2024-07-08 18:39:12,067][flwr][INFO] - configure_fit: strategy sampled 10 clients (out of 10)
[2024-07-08 18:39:18,290][flwr][INFO] - aggregate_fit: received 10 results and 0 failures
[2024-07-08 18:39:18,625][flwr][INFO] - fit progress: (3, 587.7319531440735, {'accuracy': 0.0077, 'precision': 0.007621188059064251, 'recall': 0.0077, 'f1': 0.007651006432990802, 'confusion_matrix': array([[   2,  956,    0,    1,    0,    0,    4,    9,    2,    6],
       [   0,    0, 1124,    3,    0,    0,    1,    1,    0,    6],
       [   1,    5,    0,  982,    9,    6,    2,    6,    6,   15],
       [   0,    0,    1,   20,  923,    0,   11,    0,   15,   40],
       [  11,    2,    0,    5,    0,  942,    0,   12,    2,    8],
       [   5,    7,    1,    4,   11,    6,  825,    8,    2,   23],
       [   0,    4,    3,    1,    1,    7,   20,  916,    0,    6],
       [  19,    1,   15,   22,    2,    7,    1,    0,  957,    4],
       [   3,    1,    4,    3,    5,    5,    6,   10,    4,  933],
       [ 895,    4,   10,    0,    9,   53,    4,    1,    8,   25]])}, 22.139296625)
[2024-07-08 18:39:18,626][flwr][INFO] - configure_evaluate: no clients selected, skipping evaluation
[2024-07-08 18:39:18,626][flwr][INFO] - 
[2024-07-08 18:39:18,626][flwr][INFO] - [ROUND 4]
[2024-07-08 18:39:18,626][flwr][INFO] - configure_fit: strategy sampled 10 clients (out of 10)
[2024-07-08 18:39:26,009][flwr][INFO] - aggregate_fit: received 10 results and 0 failures
[2024-07-08 18:39:26,356][flwr][INFO] - fit progress: (4, 667.2049570083618, {'accuracy': 0.005, 'precision': 0.004991588696905563, 'recall': 0.005, 'f1': 0.004991462216850737, 'confusion_matrix': array([[   0,  971,    0,    2,    0,    0,    2,    3,    1,    1],
       [   0,    0, 1121,    6,    0,    0,    0,    1,    0,    7],
       [   0,    9,    0,  998,    4,    4,    2,    6,    4,    5],
       [   2,    0,    0,   18,  946,    0,   13,    0,   13,   18],
       [  15,    1,    0,    4,    0,  941,    0,   14,    2,    5],
       [   7,    6,    1,    2,    7,    3,  839,   13,    1,   13],
       [   0,    5,    3,    1,    1,    4,   12,  929,    0,    3],
       [  18,    1,    8,   25,    1,    4,    1,    0,  968,    2],
       [   2,    5,    2,    9,    3,    3,    9,   13,    5,  923],
       [ 932,    3,    7,    0,   11,   29,    4,    3,    8,   12]])}, 29.870241375000003)
[2024-07-08 18:39:26,356][flwr][INFO] - configure_evaluate: no clients selected, skipping evaluation
[2024-07-08 18:39:26,356][flwr][INFO] - 
[2024-07-08 18:39:26,356][flwr][INFO] - [ROUND 5]
[2024-07-08 18:39:26,357][flwr][INFO] - configure_fit: strategy sampled 10 clients (out of 10)
[2024-07-08 18:39:32,836][flwr][INFO] - aggregate_fit: received 10 results and 0 failures
[2024-07-08 18:39:33,249][flwr][INFO] - fit progress: (5, 664.417013168335, {'accuracy': 0.009, 'precision': 0.008255600662218629, 'recall': 0.009, 'f1': 0.008600663296893782, 'confusion_matrix': array([[   0,  969,    0,    1,    0,    0,    1,    4,    1,    4],
       [   0,    0, 1111,    8,    0,    0,    0,    1,    0,   15],
       [   0,    7,    0,  994,    5,    4,    2,    4,    3,   13],
       [   0,    0,    4,   22,  912,    0,   15,    1,    7,   49],
       [   6,    1,    0,    5,    0,  937,    0,   12,    2,   19],
       [   3,    7,    1,    5,    4,    2,  840,    8,    1,   21],
       [   0,    5,    3,    1,    0,    5,   10,  925,    0,    9],
       [  12,    1,    9,   43,    3,    5,    0,    0,  945,   10],
       [   1,    5,    1,    4,    4,    2,    1,    5,    0,  951],
       [ 886,    4,    6,    1,    7,   38,    2,    2,    7,   56]])}, 36.762966209)
[2024-07-08 18:39:33,249][flwr][INFO] - configure_evaluate: no clients selected, skipping evaluation
[2024-07-08 18:39:33,249][flwr][INFO] - 
[2024-07-08 18:39:33,249][flwr][INFO] - [ROUND 6]
[2024-07-08 18:39:33,249][flwr][INFO] - configure_fit: strategy sampled 10 clients (out of 10)
[2024-07-08 18:39:39,603][flwr][INFO] - aggregate_fit: received 10 results and 0 failures
[2024-07-08 18:39:39,957][flwr][INFO] - fit progress: (6, 758.4545440673828, {'accuracy': 0.0041, 'precision': 0.004124115775896152, 'recall': 0.0041, 'f1': 0.0041086958061171425, 'confusion_matrix': array([[   0,  968,    0,    1,    1,    0,    2,    4,    2,    2],
       [   0,    0, 1122,    4,    1,    0,    0,    1,    1,    6],
       [   1,    5,    0,  999,    7,    3,    1,    4,    5,    7],
       [   1,    0,    0,    9,  972,    0,    7,    0,    5,   16],
       [   9,    1,    0,    5,    0,  951,    0,    8,    1,    7],
       [   3,    4,    1,    1,   12,    3,  849,    6,    1,   12],
       [   0,    4,    3,    1,    1,    5,   11,  928,    0,    5],
       [  10,    2,    6,   19,    3,    4,    0,    0,  981,    3],
       [   1,    4,    2,    2,    9,    2,    4,    4,    3,  943],
       [ 934,    4,    6,    0,   12,   25,    3,    2,    8,   15]])}, 43.471753084)
[2024-07-08 18:39:39,958][flwr][INFO] - configure_evaluate: no clients selected, skipping evaluation
[2024-07-08 18:39:39,958][flwr][INFO] - 
[2024-07-08 18:39:39,958][flwr][INFO] - [ROUND 7]
[2024-07-08 18:39:39,958][flwr][INFO] - configure_fit: strategy sampled 10 clients (out of 10)
[2024-07-08 18:39:47,181][flwr][INFO] - aggregate_fit: received 10 results and 0 failures
[2024-07-08 18:39:47,521][flwr][INFO] - fit progress: (7, 851.2169723510742, {'accuracy': 0.0043, 'precision': 0.0041704180491341945, 'recall': 0.0043, 'f1': 0.004231789878656005, 'confusion_matrix': array([[   0,  972,    1,    1,    0,    0,    0,    2,    1,    3],
       [   0,    0, 1116,    6,    0,    0,    0,    1,    0,   12],
       [   0,    8,    0,  991,    6,    4,    2,    4,    7,   10],
       [   0,    0,    1,   14,  945,    0,    9,    0,   10,   31],
       [  11,    1,    0,    2,    0,  950,    0,    7,    3,    8],
       [   3,    3,    1,    4,    9,    3,  840,    7,    3,   19],
       [   0,    4,    3,    0,    1,    4,    3,  936,    0,    7],
       [  11,    1,    6,   14,    1,    2,    0,    1,  988,    4],
       [   1,    4,    1,    2,    5,    2,    1,    4,    4,  950],
       [ 939,    4,    6,    1,    9,   19,    1,    2,   10,   18]])}, 51.0351275)
[2024-07-08 18:39:47,521][flwr][INFO] - configure_evaluate: no clients selected, skipping evaluation
[2024-07-08 18:39:47,521][flwr][INFO] - 
[2024-07-08 18:39:47,521][flwr][INFO] - [ROUND 8]
[2024-07-08 18:39:47,522][flwr][INFO] - configure_fit: strategy sampled 10 clients (out of 10)
[2024-07-08 18:39:54,347][flwr][INFO] - aggregate_fit: received 10 results and 0 failures
[2024-07-08 18:39:54,689][flwr][INFO] - fit progress: (8, 839.233099937439, {'accuracy': 0.0055, 'precision': 0.005259457557857119, 'recall': 0.0055, 'f1': 0.005374268150110121, 'confusion_matrix': array([[   1,  965,    1,    1,    0,    0,    1,    5,    2,    4],
       [   0,    0, 1117,    6,    0,    0,    0,    1,    1,   10],
       [   1,    4,    0, 1006,    2,    4,    2,    3,    5,    5],
       [   1,    0,    1,   16,  941,    1,    6,    0,    7,   37],
       [   8,    1,    0,    4,    0,  952,    0,    6,    1,   10],
       [   3,    3,    1,    3,    9,    2,  844,    6,    3,   18],
       [   0,    5,    3,    1,    1,    5,    3,  934,    0,    6],
       [   9,    1,    7,   20,    3,    2,    1,    1,  978,    6],
       [   1,    4,    1,    2,    3,    2,    1,    3,    4,  953],
       [ 940,    2,    5,    1,    9,   17,    0,    1,    6,   28]])}, 58.203505667)
[2024-07-08 18:39:54,689][flwr][INFO] - configure_evaluate: no clients selected, skipping evaluation
[2024-07-08 18:39:54,689][flwr][INFO] - 
[2024-07-08 18:39:54,689][flwr][INFO] - [ROUND 9]
[2024-07-08 18:39:54,690][flwr][INFO] - configure_fit: strategy sampled 10 clients (out of 10)
[2024-07-08 18:40:01,276][flwr][INFO] - aggregate_fit: received 10 results and 0 failures
[2024-07-08 18:40:01,611][flwr][INFO] - fit progress: (9, 917.9119310379028, {'accuracy': 0.0049, 'precision': 0.004762797211174708, 'recall': 0.0049, 'f1': 0.004828027079456749, 'confusion_matrix': array([[   0,  970,    1,    0,    0,    0,    2,    3,    1,    3],
       [   0,    0, 1117,    4,    0,    0,    0,    2,    0,   12],
       [   1,    4,    0, 1006,    5,    3,    2,    2,    3,    6],
       [   3,    0,    0,    9,  951,    0,   11,    0,    8,   28],
       [  16,    2,    0,    2,    0,  947,    0,    5,    1,    9],
       [   2,    2,    0,    1,    9,    2,  861,    6,    2,    7],
       [   0,    6,    2,    1,    1,    7,    6,  929,    0,    6],
       [  12,    1,    4,   24,    1,    3,    1,    1,  974,    7],
       [   1,    2,    1,    4,    2,    2,    5,    1,    3,  953],
       [ 947,    3,    3,    0,    9,   11,    2,    1,    5,   28]])}, 65.12561370899999)
[2024-07-08 18:40:01,611][flwr][INFO] - configure_evaluate: no clients selected, skipping evaluation
[2024-07-08 18:40:01,611][flwr][INFO] - 
[2024-07-08 18:40:01,611][flwr][INFO] - [ROUND 10]
[2024-07-08 18:40:01,612][flwr][INFO] - configure_fit: strategy sampled 10 clients (out of 10)
[2024-07-08 18:40:08,356][flwr][INFO] - aggregate_fit: received 10 results and 0 failures
[2024-07-08 18:40:08,693][flwr][INFO] - fit progress: (10, 965.8564310073853, {'accuracy': 0.0049, 'precision': 0.004746895198569737, 'recall': 0.0049, 'f1': 0.004817208861934701, 'confusion_matrix': array([[   0,  973,    1,    0,    0,    0,    0,    0,    2,    4],
       [   0,    0, 1117,    4,    0,    0,    0,    1,    1,   12],
       [   1,    7,    0, 1002,    4,    3,    2,    1,    3,    9],
       [   1,    0,    0,   10,  959,    1,    6,    0,    5,   28],
       [  10,    4,    0,    2,    0,  954,    0,    5,    1,    6],
       [   4,    3,    0,    2,   21,    4,  839,    3,    3,   13],
       [   0,    9,    2,    2,    1,    6,    7,  925,    0,    6],
       [   7,    3,    5,   23,    1,    4,    0,    0,  974,   11],
       [   1,    5,    0,    3,    2,    2,    0,    0,    2,  959],
       [ 945,    4,    3,    0,    9,   16,    1,    1,    4,   26]])}, 72.207947459)
[2024-07-08 18:40:08,694][flwr][INFO] - configure_evaluate: no clients selected, skipping evaluation
[2024-07-08 18:40:08,694][flwr][INFO] - 
[2024-07-08 18:40:08,694][flwr][INFO] - [SUMMARY]
[2024-07-08 18:40:08,694][flwr][INFO] - Run finished 10 round(s) in 72.21s
[2024-07-08 18:40:08,697][flwr][INFO] - 	History (loss, centralized):
[2024-07-08 18:40:08,698][flwr][INFO] - 		round 0: 181.76928067207336
[2024-07-08 18:40:08,698][flwr][INFO] - 		round 1: 287.5087032318115
[2024-07-08 18:40:08,698][flwr][INFO] - 		round 2: 558.2371206283569
[2024-07-08 18:40:08,698][flwr][INFO] - 		round 3: 587.7319531440735
[2024-07-08 18:40:08,698][flwr][INFO] - 		round 4: 667.2049570083618
[2024-07-08 18:40:08,698][flwr][INFO] - 		round 5: 664.417013168335
[2024-07-08 18:40:08,698][flwr][INFO] - 		round 6: 758.4545440673828
[2024-07-08 18:40:08,698][flwr][INFO] - 		round 7: 851.2169723510742
[2024-07-08 18:40:08,698][flwr][INFO] - 		round 8: 839.233099937439
[2024-07-08 18:40:08,698][flwr][INFO] - 		round 9: 917.9119310379028
[2024-07-08 18:40:08,698][flwr][INFO] - 		round 10: 965.8564310073853
[2024-07-08 18:40:08,698][flwr][INFO] - 	History (metrics, centralized):
[2024-07-08 18:40:08,698][flwr][INFO] - 	{'accuracy': [(0, 0.1086),
[2024-07-08 18:40:08,698][flwr][INFO] - 	              (1, 0.0087),
[2024-07-08 18:40:08,698][flwr][INFO] - 	              (2, 0.0076),
[2024-07-08 18:40:08,698][flwr][INFO] - 	              (3, 0.0077),
[2024-07-08 18:40:08,698][flwr][INFO] - 	              (4, 0.005),
[2024-07-08 18:40:08,698][flwr][INFO] - 	              (5, 0.009),
[2024-07-08 18:40:08,698][flwr][INFO] - 	              (6, 0.0041),
[2024-07-08 18:40:08,698][flwr][INFO] - 	              (7, 0.0043),
[2024-07-08 18:40:08,698][flwr][INFO] - 	              (8, 0.0055),
[2024-07-08 18:40:08,698][flwr][INFO] - 	              (9, 0.0049),
[2024-07-08 18:40:08,698][flwr][INFO] - 	              (10, 0.0049)],
[2024-07-08 18:40:08,698][flwr][INFO] - 	 'confusion_matrix': [(0,
[2024-07-08 18:40:08,698][flwr][INFO] - 	                       array([[   0,    8,    0,  956,    0,    1,    0,   15,    0,    0],
[2024-07-08 18:40:08,698][flwr][INFO] - 	       [   0,  122,    0, 1013,    0,    0,    0,    0,    0,    0],
[2024-07-08 18:40:08,698][flwr][INFO] - 	       [   0,   38,    0,  971,    0,    0,    3,   19,    1,    0],
[2024-07-08 18:40:08,698][flwr][INFO] - 	       [   0,   44,    0,  945,    1,    1,    0,   17,    2,    0],
[2024-07-08 18:40:08,698][flwr][INFO] - 	       [   0,  143,    0,  816,    1,    0,    2,   20,    0,    0],
[2024-07-08 18:40:08,698][flwr][INFO] - 	       [   0,  118,    0,  735,    1,    7,    0,   30,    1,    0],
[2024-07-08 18:40:08,698][flwr][INFO] - 	       [   0,  144,    0,  749,   25,    0,    2,   38,    0,    0],
[2024-07-08 18:40:08,698][flwr][INFO] - 	       [   0,  272,    0,  724,    8,    0,    0,    9,   15,    0],
[2024-07-08 18:40:08,698][flwr][INFO] - 	       [   0,   81,    0,  859,    1,    0,    1,   32,    0,    0],
[2024-07-08 18:40:08,698][flwr][INFO] - 	       [   0,  178,    0,  799,    1,    0,    0,   31,    0,    0]])),
[2024-07-08 18:40:08,698][flwr][INFO] - 	                      (1,
[2024-07-08 18:40:08,698][flwr][INFO] - 	                       array([[   3,  949,    0,    1,    0,    1,    1,   21,    1,    3],
[2024-07-08 18:40:08,698][flwr][INFO] - 	       [   2,    0, 1109,    3,    0,    0,    1,   10,    2,    8],
[2024-07-08 18:40:08,698][flwr][INFO] - 	       [  16,   14,    2,  832,    5,    4,    5,   93,   27,   34],
[2024-07-08 18:40:08,698][flwr][INFO] - 	       [  37,   17,    4,   34,  603,    1,  183,   19,   48,   64],
[2024-07-08 18:40:08,698][flwr][INFO] - 	       [ 215,    0,    0,    1,    0,  716,    3,   41,    4,    2],
[2024-07-08 18:40:08,698][flwr][INFO] - 	       [  33,   32,    3,    2,    6,   10,  755,   36,    5,   10],
[2024-07-08 18:40:08,699][flwr][INFO] - 	       [   0,    8,    3,    3,    0,    1,   13,  929,    1,    0],
[2024-07-08 18:40:08,699][flwr][INFO] - 	       [  54,    0,    8,   18,    0,    3,    1,    1,  942,    1],
[2024-07-08 18:40:08,699][flwr][INFO] - 	       [  68,    7,   12,    5,    3,   11,   56,   45,   22,  745],
[2024-07-08 18:40:08,699][flwr][INFO] - 	       [ 950,    4,    5,    1,    1,    5,   11,    4,   26,    2]])),
[2024-07-08 18:40:08,699][flwr][INFO] - 	                      (2,
[2024-07-08 18:40:08,699][flwr][INFO] - 	                       array([[   0,  967,    0,    1,    0,    0,    2,    6,    1,    3],
[2024-07-08 18:40:08,699][flwr][INFO] - 	       [   1,    0, 1107,    4,    3,    1,    1,    3,    1,   14],
[2024-07-08 18:40:08,699][flwr][INFO] - 	       [   3,   14,    0,  947,   13,    6,    0,   13,    9,   27],
[2024-07-08 18:40:08,699][flwr][INFO] - 	       [   3,    5,    0,   15,  929,    0,   14,    0,   11,   33],
[2024-07-08 18:40:08,699][flwr][INFO] - 	       [  17,    1,    0,    3,    1,  939,    0,   11,    1,    9],
[2024-07-08 18:40:08,699][flwr][INFO] - 	       [   4,   15,    1,    2,   22,    5,  809,   12,    2,   20],
[2024-07-08 18:40:08,699][flwr][INFO] - 	       [   0,    8,    3,    2,    0,    6,   30,  904,    0,    5],
[2024-07-08 18:40:08,699][flwr][INFO] - 	       [  36,    2,    6,   19,    4,    8,    0,    0,  942,   11],
[2024-07-08 18:40:08,699][flwr][INFO] - 	       [   3,    5,    3,    4,   10,    8,   15,    9,    4,  913],
[2024-07-08 18:40:08,699][flwr][INFO] - 	       [ 907,    6,    5,    1,   11,   47,    4,    1,    6,   21]])),
[2024-07-08 18:40:08,699][flwr][INFO] - 	                      (3,
[2024-07-08 18:40:08,699][flwr][INFO] - 	                       array([[   2,  956,    0,    1,    0,    0,    4,    9,    2,    6],
[2024-07-08 18:40:08,699][flwr][INFO] - 	       [   0,    0, 1124,    3,    0,    0,    1,    1,    0,    6],
[2024-07-08 18:40:08,699][flwr][INFO] - 	       [   1,    5,    0,  982,    9,    6,    2,    6,    6,   15],
[2024-07-08 18:40:08,699][flwr][INFO] - 	       [   0,    0,    1,   20,  923,    0,   11,    0,   15,   40],
[2024-07-08 18:40:08,699][flwr][INFO] - 	       [  11,    2,    0,    5,    0,  942,    0,   12,    2,    8],
[2024-07-08 18:40:08,699][flwr][INFO] - 	       [   5,    7,    1,    4,   11,    6,  825,    8,    2,   23],
[2024-07-08 18:40:08,699][flwr][INFO] - 	       [   0,    4,    3,    1,    1,    7,   20,  916,    0,    6],
[2024-07-08 18:40:08,699][flwr][INFO] - 	       [  19,    1,   15,   22,    2,    7,    1,    0,  957,    4],
[2024-07-08 18:40:08,699][flwr][INFO] - 	       [   3,    1,    4,    3,    5,    5,    6,   10,    4,  933],
[2024-07-08 18:40:08,699][flwr][INFO] - 	       [ 895,    4,   10,    0,    9,   53,    4,    1,    8,   25]])),
[2024-07-08 18:40:08,699][flwr][INFO] - 	                      (4,
[2024-07-08 18:40:08,699][flwr][INFO] - 	                       array([[   0,  971,    0,    2,    0,    0,    2,    3,    1,    1],
[2024-07-08 18:40:08,699][flwr][INFO] - 	       [   0,    0, 1121,    6,    0,    0,    0,    1,    0,    7],
[2024-07-08 18:40:08,699][flwr][INFO] - 	       [   0,    9,    0,  998,    4,    4,    2,    6,    4,    5],
[2024-07-08 18:40:08,699][flwr][INFO] - 	       [   2,    0,    0,   18,  946,    0,   13,    0,   13,   18],
[2024-07-08 18:40:08,699][flwr][INFO] - 	       [  15,    1,    0,    4,    0,  941,    0,   14,    2,    5],
[2024-07-08 18:40:08,699][flwr][INFO] - 	       [   7,    6,    1,    2,    7,    3,  839,   13,    1,   13],
[2024-07-08 18:40:08,699][flwr][INFO] - 	       [   0,    5,    3,    1,    1,    4,   12,  929,    0,    3],
[2024-07-08 18:40:08,699][flwr][INFO] - 	       [  18,    1,    8,   25,    1,    4,    1,    0,  968,    2],
[2024-07-08 18:40:08,699][flwr][INFO] - 	       [   2,    5,    2,    9,    3,    3,    9,   13,    5,  923],
[2024-07-08 18:40:08,699][flwr][INFO] - 	       [ 932,    3,    7,    0,   11,   29,    4,    3,    8,   12]])),
[2024-07-08 18:40:08,699][flwr][INFO] - 	                      (5,
[2024-07-08 18:40:08,699][flwr][INFO] - 	                       array([[   0,  969,    0,    1,    0,    0,    1,    4,    1,    4],
[2024-07-08 18:40:08,699][flwr][INFO] - 	       [   0,    0, 1111,    8,    0,    0,    0,    1,    0,   15],
[2024-07-08 18:40:08,699][flwr][INFO] - 	       [   0,    7,    0,  994,    5,    4,    2,    4,    3,   13],
[2024-07-08 18:40:08,699][flwr][INFO] - 	       [   0,    0,    4,   22,  912,    0,   15,    1,    7,   49],
[2024-07-08 18:40:08,699][flwr][INFO] - 	       [   6,    1,    0,    5,    0,  937,    0,   12,    2,   19],
[2024-07-08 18:40:08,699][flwr][INFO] - 	       [   3,    7,    1,    5,    4,    2,  840,    8,    1,   21],
[2024-07-08 18:40:08,699][flwr][INFO] - 	       [   0,    5,    3,    1,    0,    5,   10,  925,    0,    9],
[2024-07-08 18:40:08,699][flwr][INFO] - 	       [  12,    1,    9,   43,    3,    5,    0,    0,  945,   10],
[2024-07-08 18:40:08,699][flwr][INFO] - 	       [   1,    5,    1,    4,    4,    2,    1,    5,    0,  951],
[2024-07-08 18:40:08,699][flwr][INFO] - 	       [ 886,    4,    6,    1,    7,   38,    2,    2,    7,   56]])),
[2024-07-08 18:40:08,699][flwr][INFO] - 	                      (6,
[2024-07-08 18:40:08,699][flwr][INFO] - 	                       array([[   0,  968,    0,    1,    1,    0,    2,    4,    2,    2],
[2024-07-08 18:40:08,699][flwr][INFO] - 	       [   0,    0, 1122,    4,    1,    0,    0,    1,    1,    6],
[2024-07-08 18:40:08,700][flwr][INFO] - 	       [   1,    5,    0,  999,    7,    3,    1,    4,    5,    7],
[2024-07-08 18:40:08,700][flwr][INFO] - 	       [   1,    0,    0,    9,  972,    0,    7,    0,    5,   16],
[2024-07-08 18:40:08,700][flwr][INFO] - 	       [   9,    1,    0,    5,    0,  951,    0,    8,    1,    7],
[2024-07-08 18:40:08,700][flwr][INFO] - 	       [   3,    4,    1,    1,   12,    3,  849,    6,    1,   12],
[2024-07-08 18:40:08,700][flwr][INFO] - 	       [   0,    4,    3,    1,    1,    5,   11,  928,    0,    5],
[2024-07-08 18:40:08,700][flwr][INFO] - 	       [  10,    2,    6,   19,    3,    4,    0,    0,  981,    3],
[2024-07-08 18:40:08,700][flwr][INFO] - 	       [   1,    4,    2,    2,    9,    2,    4,    4,    3,  943],
[2024-07-08 18:40:08,700][flwr][INFO] - 	       [ 934,    4,    6,    0,   12,   25,    3,    2,    8,   15]])),
[2024-07-08 18:40:08,700][flwr][INFO] - 	                      (7,
[2024-07-08 18:40:08,700][flwr][INFO] - 	                       array([[   0,  972,    1,    1,    0,    0,    0,    2,    1,    3],
[2024-07-08 18:40:08,700][flwr][INFO] - 	       [   0,    0, 1116,    6,    0,    0,    0,    1,    0,   12],
[2024-07-08 18:40:08,700][flwr][INFO] - 	       [   0,    8,    0,  991,    6,    4,    2,    4,    7,   10],
[2024-07-08 18:40:08,700][flwr][INFO] - 	       [   0,    0,    1,   14,  945,    0,    9,    0,   10,   31],
[2024-07-08 18:40:08,700][flwr][INFO] - 	       [  11,    1,    0,    2,    0,  950,    0,    7,    3,    8],
[2024-07-08 18:40:08,700][flwr][INFO] - 	       [   3,    3,    1,    4,    9,    3,  840,    7,    3,   19],
[2024-07-08 18:40:08,700][flwr][INFO] - 	       [   0,    4,    3,    0,    1,    4,    3,  936,    0,    7],
[2024-07-08 18:40:08,700][flwr][INFO] - 	       [  11,    1,    6,   14,    1,    2,    0,    1,  988,    4],
[2024-07-08 18:40:08,700][flwr][INFO] - 	       [   1,    4,    1,    2,    5,    2,    1,    4,    4,  950],
[2024-07-08 18:40:08,700][flwr][INFO] - 	       [ 939,    4,    6,    1,    9,   19,    1,    2,   10,   18]])),
[2024-07-08 18:40:08,700][flwr][INFO] - 	                      (8,
[2024-07-08 18:40:08,700][flwr][INFO] - 	                       array([[   1,  965,    1,    1,    0,    0,    1,    5,    2,    4],
[2024-07-08 18:40:08,700][flwr][INFO] - 	       [   0,    0, 1117,    6,    0,    0,    0,    1,    1,   10],
[2024-07-08 18:40:08,700][flwr][INFO] - 	       [   1,    4,    0, 1006,    2,    4,    2,    3,    5,    5],
[2024-07-08 18:40:08,700][flwr][INFO] - 	       [   1,    0,    1,   16,  941,    1,    6,    0,    7,   37],
[2024-07-08 18:40:08,700][flwr][INFO] - 	       [   8,    1,    0,    4,    0,  952,    0,    6,    1,   10],
[2024-07-08 18:40:08,700][flwr][INFO] - 	       [   3,    3,    1,    3,    9,    2,  844,    6,    3,   18],
[2024-07-08 18:40:08,700][flwr][INFO] - 	       [   0,    5,    3,    1,    1,    5,    3,  934,    0,    6],
[2024-07-08 18:40:08,700][flwr][INFO] - 	       [   9,    1,    7,   20,    3,    2,    1,    1,  978,    6],
[2024-07-08 18:40:08,700][flwr][INFO] - 	       [   1,    4,    1,    2,    3,    2,    1,    3,    4,  953],
[2024-07-08 18:40:08,700][flwr][INFO] - 	       [ 940,    2,    5,    1,    9,   17,    0,    1,    6,   28]])),
[2024-07-08 18:40:08,700][flwr][INFO] - 	                      (9,
[2024-07-08 18:40:08,700][flwr][INFO] - 	                       array([[   0,  970,    1,    0,    0,    0,    2,    3,    1,    3],
[2024-07-08 18:40:08,700][flwr][INFO] - 	       [   0,    0, 1117,    4,    0,    0,    0,    2,    0,   12],
[2024-07-08 18:40:08,700][flwr][INFO] - 	       [   1,    4,    0, 1006,    5,    3,    2,    2,    3,    6],
[2024-07-08 18:40:08,700][flwr][INFO] - 	       [   3,    0,    0,    9,  951,    0,   11,    0,    8,   28],
[2024-07-08 18:40:08,700][flwr][INFO] - 	       [  16,    2,    0,    2,    0,  947,    0,    5,    1,    9],
[2024-07-08 18:40:08,700][flwr][INFO] - 	       [   2,    2,    0,    1,    9,    2,  861,    6,    2,    7],
[2024-07-08 18:40:08,700][flwr][INFO] - 	       [   0,    6,    2,    1,    1,    7,    6,  929,    0,    6],
[2024-07-08 18:40:08,700][flwr][INFO] - 	       [  12,    1,    4,   24,    1,    3,    1,    1,  974,    7],
[2024-07-08 18:40:08,700][flwr][INFO] - 	       [   1,    2,    1,    4,    2,    2,    5,    1,    3,  953],
[2024-07-08 18:40:08,700][flwr][INFO] - 	       [ 947,    3,    3,    0,    9,   11,    2,    1,    5,   28]])),
[2024-07-08 18:40:08,700][flwr][INFO] - 	                      (10,
[2024-07-08 18:40:08,700][flwr][INFO] - 	                       array([[   0,  973,    1,    0,    0,    0,    0,    0,    2,    4],
[2024-07-08 18:40:08,700][flwr][INFO] - 	       [   0,    0, 1117,    4,    0,    0,    0,    1,    1,   12],
[2024-07-08 18:40:08,700][flwr][INFO] - 	       [   1,    7,    0, 1002,    4,    3,    2,    1,    3,    9],
[2024-07-08 18:40:08,700][flwr][INFO] - 	       [   1,    0,    0,   10,  959,    1,    6,    0,    5,   28],
[2024-07-08 18:40:08,700][flwr][INFO] - 	       [  10,    4,    0,    2,    0,  954,    0,    5,    1,    6],
[2024-07-08 18:40:08,700][flwr][INFO] - 	       [   4,    3,    0,    2,   21,    4,  839,    3,    3,   13],
[2024-07-08 18:40:08,701][flwr][INFO] - 	       [   0,    9,    2,    2,    1,    6,    7,  925,    0,    6],
[2024-07-08 18:40:08,701][flwr][INFO] - 	       [   7,    3,    5,   23,    1,    4,    0,    0,  974,   11],
[2024-07-08 18:40:08,701][flwr][INFO] - 	       [   1,    5,    0,    3,    2,    2,    0,    0,    2,  959],
[2024-07-08 18:40:08,701][flwr][INFO] - 	       [ 945,    4,    3,    0,    9,   16,    1,    1,    4,   26]]))],
[2024-07-08 18:40:08,701][flwr][INFO] - 	 'f1': [(0, 0.03553137346181725),
[2024-07-08 18:40:08,701][flwr][INFO] - 	        (1, 0.008769143291972642),
[2024-07-08 18:40:08,701][flwr][INFO] - 	        (2, 0.007662365579212653),
[2024-07-08 18:40:08,701][flwr][INFO] - 	        (3, 0.007651006432990802),
[2024-07-08 18:40:08,701][flwr][INFO] - 	        (4, 0.004991462216850737),
[2024-07-08 18:40:08,701][flwr][INFO] - 	        (5, 0.008600663296893782),
[2024-07-08 18:40:08,701][flwr][INFO] - 	        (6, 0.0041086958061171425),
[2024-07-08 18:40:08,701][flwr][INFO] - 	        (7, 0.004231789878656005),
[2024-07-08 18:40:08,701][flwr][INFO] - 	        (8, 0.005374268150110121),
[2024-07-08 18:40:08,701][flwr][INFO] - 	        (9, 0.004828027079456749),
[2024-07-08 18:40:08,701][flwr][INFO] - 	        (10, 0.004817208861934701)],
[2024-07-08 18:40:08,701][flwr][INFO] - 	 'precision': [(0, 0.12349967530374152),
[2024-07-08 18:40:08,701][flwr][INFO] - 	               (1, 0.008911198589526763),
[2024-07-08 18:40:08,701][flwr][INFO] - 	               (2, 0.007744060489561518),
[2024-07-08 18:40:08,701][flwr][INFO] - 	               (3, 0.007621188059064251),
[2024-07-08 18:40:08,701][flwr][INFO] - 	               (4, 0.004991588696905563),
[2024-07-08 18:40:08,701][flwr][INFO] - 	               (5, 0.008255600662218629),
[2024-07-08 18:40:08,701][flwr][INFO] - 	               (6, 0.004124115775896152),
[2024-07-08 18:40:08,701][flwr][INFO] - 	               (7, 0.0041704180491341945),
[2024-07-08 18:40:08,701][flwr][INFO] - 	               (8, 0.005259457557857119),
[2024-07-08 18:40:08,701][flwr][INFO] - 	               (9, 0.004762797211174708),
[2024-07-08 18:40:08,701][flwr][INFO] - 	               (10, 0.004746895198569737)],
[2024-07-08 18:40:08,701][flwr][INFO] - 	 'recall': [(0, 0.1086),
[2024-07-08 18:40:08,701][flwr][INFO] - 	            (1, 0.0087),
[2024-07-08 18:40:08,701][flwr][INFO] - 	            (2, 0.0076),
[2024-07-08 18:40:08,701][flwr][INFO] - 	            (3, 0.0077),
[2024-07-08 18:40:08,701][flwr][INFO] - 	            (4, 0.005),
[2024-07-08 18:40:08,701][flwr][INFO] - 	            (5, 0.009),
[2024-07-08 18:40:08,701][flwr][INFO] - 	            (6, 0.0041),
[2024-07-08 18:40:08,701][flwr][INFO] - 	            (7, 0.0043),
[2024-07-08 18:40:08,701][flwr][INFO] - 	            (8, 0.0055),
[2024-07-08 18:40:08,701][flwr][INFO] - 	            (9, 0.0049),
[2024-07-08 18:40:08,701][flwr][INFO] - 	            (10, 0.0049)]}
[2024-07-08 18:40:08,701][flwr][INFO] - 
