[2024-06-20 20:10:46,986][flwr][INFO] - Starting Flower simulation, config: num_rounds=10, no round_timeout
[2024-06-20 20:10:48,085][flwr][INFO] - Flower VCE: Ray initialized with resources: {'memory': 9076262503.0, 'node:127.0.0.1': 1.0, 'node:__internal_head__': 1.0, 'object_store_memory': 2147483648.0, 'CPU': 12.0}
[2024-06-20 20:10:48,086][flwr][INFO] - Optimize your simulation with Flower VCE: https://flower.ai/docs/framework/how-to-run-simulations.html
[2024-06-20 20:10:48,086][flwr][INFO] - Flower VCE: Resources for each Virtual Client: {'num_cpus': 2, 'num_gpus': 0}
[2024-06-20 20:10:48,092][flwr][INFO] - Flower VCE: Creating VirtualClientEngineActorPool with 6 actors
[2024-06-20 20:10:48,093][flwr][INFO] - [INIT]
[2024-06-20 20:10:48,093][flwr][INFO] - Requesting initial parameters from one random client
[2024-06-20 20:10:49,970][flwr][INFO] - Received initial parameters from one random client
[2024-06-20 20:10:49,970][flwr][INFO] - Evaluating initial global parameters
[2024-06-20 20:10:50,398][flwr][INFO] - initial parameters (loss, other metrics): 181.76928067207336, {'accuracy': 0.1086, 'precision': 0.12349967530374152, 'recall': 0.1086, 'f1': 0.03553137346181725, 'confusion_matrix': array([[   0,    8,    0,  956,    0,    1,    0,   15,    0,    0],
       [   0,  122,    0, 1013,    0,    0,    0,    0,    0,    0],
       [   0,   38,    0,  971,    0,    0,    3,   19,    1,    0],
       [   0,   44,    0,  945,    1,    1,    0,   17,    2,    0],
       [   0,  143,    0,  816,    1,    0,    2,   20,    0,    0],
       [   0,  118,    0,  735,    1,    7,    0,   30,    1,    0],
       [   0,  144,    0,  749,   25,    0,    2,   38,    0,    0],
       [   0,  272,    0,  724,    8,    0,    0,    9,   15,    0],
       [   0,   81,    0,  859,    1,    0,    1,   32,    0,    0],
       [   0,  178,    0,  799,    1,    0,    0,   31,    0,    0]])}
[2024-06-20 20:10:50,399][flwr][INFO] - 
[2024-06-20 20:10:50,399][flwr][INFO] - [ROUND 1]
[2024-06-20 20:10:50,399][flwr][INFO] - configure_fit: strategy sampled 10 clients (out of 100)
[2024-06-20 20:10:57,337][flwr][INFO] - aggregate_fit: received 10 results and 0 failures
[2024-06-20 20:10:57,344][flwr][WARNING] - No fit_metrics_aggregation_fn provided
[2024-06-20 20:10:57,792][flwr][INFO] - fit progress: (1, 3018.809616088867, {'accuracy': 0.142, 'precision': 0.1699088356369281, 'recall': 0.142, 'f1': 0.09920318389849428, 'confusion_matrix': array([[176,  58,   0, 395,   0,   4, 319,   0,  25,   3],
       [132, 283,   0, 123,   2, 521,  61,   0,  13,   0],
       [141,  87,   4, 397,   0,  73, 284,   1,  43,   2],
       [ 62, 276,   0, 569,   0,  38,  42,   1,  19,   3],
       [171, 364,   0, 102,   0,  56, 191,   0,  95,   3],
       [106, 279,   0, 357,   0,  35,  86,   0,  21,   8],
       [ 66, 187,   0, 373,   2,  60, 253,   1,   9,   7],
       [ 36, 495,   1, 242,   0, 164,  31,   0,  59,   0],
       [110, 268,   0, 434,   0,  26,  30,   0, 100,   6],
       [ 50, 650,   0, 123,   0,  54,  37,   1,  94,   0]])}, 7.393069333)
[2024-06-20 20:10:57,792][flwr][INFO] - configure_evaluate: no clients selected, skipping evaluation
[2024-06-20 20:10:57,792][flwr][INFO] - 
[2024-06-20 20:10:57,792][flwr][INFO] - [ROUND 2]
[2024-06-20 20:10:57,793][flwr][INFO] - configure_fit: strategy sampled 10 clients (out of 100)
[2024-06-20 20:11:03,073][flwr][INFO] - aggregate_fit: received 10 results and 0 failures
[2024-06-20 20:11:03,537][flwr][INFO] - fit progress: (2, 6109.013706207275, {'accuracy': 0.2299, 'precision': 0.28737730800028555, 'recall': 0.2299, 'f1': 0.16682087863546402, 'confusion_matrix': array([[121, 524,  12, 186,   0,  43,  40,  25,   0,  29],
       [  1, 949,   0, 125,   0,   4,   2,   0,   0,  54],
       [  6, 357,  46, 439,   2,  93,  27,   9,   0,  53],
       [  1, 199,   2, 611,   0, 147,   1,  25,   0,  24],
       [ 43, 285,   2, 353,   0,  87,  62,  19,   0, 131],
       [  6, 391,   1, 257,   0, 170,   7,  33,   0,  27],
       [ 25, 419,  21, 261,   0,  88, 117,  18,   0,   9],
       [  7, 140,   0, 247,   1,  92,   5,  75,   0, 461],
       [  4, 450,   3, 277,   0, 139,   4,   5,   1,  91],
       [ 48, 196,   0, 434,   0,  78,  17,  25,   2, 209]])}, 13.138607666)
[2024-06-20 20:11:03,537][flwr][INFO] - configure_evaluate: no clients selected, skipping evaluation
[2024-06-20 20:11:03,538][flwr][INFO] - 
[2024-06-20 20:11:03,538][flwr][INFO] - [ROUND 3]
[2024-06-20 20:11:03,538][flwr][INFO] - configure_fit: strategy sampled 10 clients (out of 100)
[2024-06-20 20:11:09,046][flwr][INFO] - aggregate_fit: received 10 results and 0 failures
[2024-06-20 20:11:09,502][flwr][INFO] - fit progress: (3, 6212.4866943359375, {'accuracy': 0.3079, 'precision': 0.3658034122098735, 'recall': 0.3079, 'f1': 0.28340189316194153, 'confusion_matrix': array([[698,   1,  94,   3,   1,  24,   7,  74,  66,  12],
       [ 21, 532,   4,   9,  16, 424,   3,  39,  67,  20],
       [ 42,   9, 626,   7,   3,  91,  31,  97,  95,  31],
       [318,  14,  61, 124,   4,  75,   3, 117, 275,  19],
       [ 66,   8, 350,   5,  19, 133,  78,  67, 188,  68],
       [186,  18, 100,  46,   5, 108,   7,  37, 366,  19],
       [ 98,  11, 340,   2,   0, 100, 212,  76,  97,  22],
       [ 56,   6, 199,   4,  11,  63,  22, 188, 366, 113],
       [ 72,   6, 121,  19,   8, 149,   6,  43, 511,  39],
       [141,   3, 162,   6,  19,  38,  39,  43, 497,  61]])}, 19.103895875)
[2024-06-20 20:11:09,503][flwr][INFO] - configure_evaluate: no clients selected, skipping evaluation
[2024-06-20 20:11:09,503][flwr][INFO] - 
[2024-06-20 20:11:09,503][flwr][INFO] - [ROUND 4]
[2024-06-20 20:11:09,503][flwr][INFO] - configure_fit: strategy sampled 10 clients (out of 100)
[2024-06-20 20:11:14,667][flwr][INFO] - aggregate_fit: received 10 results and 0 failures
[2024-06-20 20:11:15,119][flwr][INFO] - fit progress: (4, 8788.367889404297, {'accuracy': 0.3901, 'precision': 0.39634963269769796, 'recall': 0.3901, 'f1': 0.3681460684672708, 'confusion_matrix': array([[640,  19,  10, 125,  77,  11,  18,  36,  16,  28],
       [126, 677,   8,   7,   3,  54,   7,  67,   4, 182],
       [ 41, 127, 408,  36,  28,  28,  67, 199,   8,  90],
       [ 60,  65,  28, 482,  17,  60,   7, 232,  20,  39],
       [ 86,  51, 363, 146, 127,  10,  21,  20,  12, 146],
       [ 74,  41, 105, 120,  35, 133,  12, 190, 113,  69],
       [139,  77, 149,  87,  46,  18, 338,   8,  25,  71],
       [100,  14,  13,  46,  10,  12,   2, 767,   5,  59],
       [ 19,  34, 211,  95,  45,  40,  13, 241, 122, 154],
       [ 86,  20, 232, 210,  19,  30,  10, 140,  55, 207]])}, 24.721566125000003)
[2024-06-20 20:11:15,120][flwr][INFO] - configure_evaluate: no clients selected, skipping evaluation
[2024-06-20 20:11:15,120][flwr][INFO] - 
[2024-06-20 20:11:15,120][flwr][INFO] - [ROUND 5]
[2024-06-20 20:11:15,120][flwr][INFO] - configure_fit: strategy sampled 10 clients (out of 100)
[2024-06-20 20:11:20,421][flwr][INFO] - aggregate_fit: received 10 results and 0 failures
[2024-06-20 20:11:20,867][flwr][INFO] - fit progress: (5, 12682.818504333496, {'accuracy': 0.4026, 'precision': 0.45667949137368596, 'recall': 0.4026, 'f1': 0.40449396768213064, 'confusion_matrix': array([[548,   9,  26, 132,  13,  29,  65,  55,  86,  17],
       [ 20, 789,   0,   3,   0,  91, 167,   1,  61,   3],
       [ 25,  24, 311,  18,   9, 152, 275,  21, 148,  49],
       [ 23, 118,  25, 362,  13, 126,  71,  45, 188,  39],
       [ 13,  38,  31, 147, 199,  44, 235,  19, 169,  87],
       [ 50,  75,  25,  95,  19, 140,  35,  27, 400,  26],
       [ 30,  20,  42,  43,  25, 113, 413,  28, 194,  50],
       [  8,  45,  25,  65,   5, 104,  51, 480, 135, 110],
       [  8,  69,  22,  32,  18,  95,  90,  24, 595,  21],
       [ 10,  38,  49, 150,  60,  66, 118,  38, 291, 189]])}, 30.469596832999997)
[2024-06-20 20:11:20,868][flwr][INFO] - configure_evaluate: no clients selected, skipping evaluation
[2024-06-20 20:11:20,868][flwr][INFO] - 
[2024-06-20 20:11:20,868][flwr][INFO] - [ROUND 6]
[2024-06-20 20:11:20,868][flwr][INFO] - configure_fit: strategy sampled 10 clients (out of 100)
[2024-06-20 20:11:26,136][flwr][INFO] - aggregate_fit: received 10 results and 0 failures
[2024-06-20 20:11:26,576][flwr][INFO] - fit progress: (6, 21951.896026611328, {'accuracy': 0.4087, 'precision': 0.47937828466798, 'recall': 0.4087, 'f1': 0.4004534657633248, 'confusion_matrix': array([[554,   7,  12,  15,  27,  94,  52, 156,  60,   3],
       [ 66, 653,   2, 132,  14, 178,  10,  24,  49,   7],
       [ 40,  15, 375,  30,  29, 181,  77, 144, 101,  40],
       [ 42,  27,  16, 321,  26, 232,  22, 213,  77,  34],
       [ 12,  16,   9,  56, 157, 277,  13, 242,  86, 114],
       [ 40,  17,  16,  35,  34, 477,   6, 122, 128,  17],
       [160,   8,  48,  28,  42, 134, 270, 152,  90,  26],
       [  3,   9,   4,  13,   2,  53,   0, 910,  20,  14],
       [ 26,   6,  16,  12,  13, 361,  15, 218, 294,  13],
       [  8,   3,   5,  28,  40, 289,   3, 396, 161,  76]])}, 36.178100707999995)
[2024-06-20 20:11:26,576][flwr][INFO] - configure_evaluate: no clients selected, skipping evaluation
[2024-06-20 20:11:26,576][flwr][INFO] - 
[2024-06-20 20:11:26,576][flwr][INFO] - [ROUND 7]
[2024-06-20 20:11:26,576][flwr][INFO] - configure_fit: strategy sampled 10 clients (out of 100)
[2024-06-20 20:11:31,929][flwr][INFO] - aggregate_fit: received 10 results and 0 failures
[2024-06-20 20:11:32,365][flwr][INFO] - fit progress: (7, 30596.287109375, {'accuracy': 0.4543, 'precision': 0.5214127990444535, 'recall': 0.4543, 'f1': 0.44680085664000924, 'confusion_matrix': array([[735,   0,   9,  16,  71,  53,  37,   5,  28,  26],
       [ 45, 925,   2, 114,   1,  32,   1,   0,   5,  10],
       [122,   9, 333,  40,  42, 131, 189,   6,  73,  87],
       [145,  20,  32, 475,  26, 123,  11,   6,  15, 157],
       [ 15,   6,  13,  35, 387,  33,  29,   6,   7, 451],
       [164,   8,  47,  73, 142, 286,  13,  12,  36, 111],
       [327,   3,  19,  44,  43,  72, 297,   1,  50, 102],
       [ 23,  13,  10,  38,  60,  38,   4, 234,  10, 598],
       [ 75,  17,  65,  43, 165, 206,  24,  13, 169, 197],
       [ 13,   7,   8,  28, 205,  25,   5,  14,   2, 702]])}, 41.968292665999996)
[2024-06-20 20:11:32,366][flwr][INFO] - configure_evaluate: no clients selected, skipping evaluation
[2024-06-20 20:11:32,366][flwr][INFO] - 
[2024-06-20 20:11:32,366][flwr][INFO] - [ROUND 8]
[2024-06-20 20:11:32,366][flwr][INFO] - configure_fit: strategy sampled 10 clients (out of 100)
[2024-06-20 20:11:37,697][flwr][INFO] - aggregate_fit: received 10 results and 0 failures
[2024-06-20 20:11:38,153][flwr][INFO] - fit progress: (8, 37924.788497924805, {'accuracy': 0.529, 'precision': 0.5522720382218967, 'recall': 0.529, 'f1': 0.5078881423129865, 'confusion_matrix': array([[503,   8,  99,  49,  24,  74, 127,  84,   7,   5],
       [ 39, 945,  24,  78,   0,   2,  35,   0,   5,   7],
       [ 43,  11, 720,  66,   1,   9, 112,  14,  28,  28],
       [ 42,  36,  69, 729,   6,  21,  30,  11,  14,  52],
       [  9,  12, 113,  82, 288,  16, 129,  41,   6, 286],
       [ 76,  32, 171, 189,  50, 145, 109,  57,  30,  33],
       [ 80,   8, 180,  50,   6,   8, 572,   3,   5,  46],
       [  6,  19,  42,  56,  20,  11,   8, 631,   2, 233],
       [ 32,  47, 262, 150,  24,  26, 143,  68, 155,  67],
       [  7,  15,  64,  98,  81,   7,  56,  77,   2, 602]])}, 47.755878791)
[2024-06-20 20:11:38,153][flwr][INFO] - configure_evaluate: no clients selected, skipping evaluation
[2024-06-20 20:11:38,153][flwr][INFO] - 
[2024-06-20 20:11:38,154][flwr][INFO] - [ROUND 9]
[2024-06-20 20:11:38,154][flwr][INFO] - configure_fit: strategy sampled 10 clients (out of 100)
[2024-06-20 20:11:43,395][flwr][INFO] - aggregate_fit: received 10 results and 0 failures
[2024-06-20 20:11:43,849][flwr][INFO] - fit progress: (9, 48845.52978515625, {'accuracy': 0.5625, 'precision': 0.570146375156288, 'recall': 0.5625, 'f1': 0.5498196758397343, 'confusion_matrix': array([[584,  16,  28,  26,  12,  41, 108,  92,  63,  10],
       [  2, 982,  20,  52,   1,   6,  23,   0,  40,   9],
       [ 46,  20, 495,  33,   3,   9, 222,  29, 150,  25],
       [ 66,  37,  56, 593,  10,  16,  45,  20, 113,  54],
       [ 20,  28,  46,  62, 356,  18, 126,  48,  61, 217],
       [ 69,  63,  98,  65,  47, 113,  70,  55, 271,  41],
       [ 95,  11,  43,  40,   3,  13, 665,   7,  62,  19],
       [ 13,  34,  16,  31,  12,   9,   6, 671,  49, 187],
       [ 17,  26, 114,  73,  19,  17,  67,  38, 564,  39],
       [  8,  23,  36,  38,  78,  14,  54,  65,  91, 602]])}, 53.451956416)
[2024-06-20 20:11:43,849][flwr][INFO] - configure_evaluate: no clients selected, skipping evaluation
[2024-06-20 20:11:43,849][flwr][INFO] - 
[2024-06-20 20:11:43,849][flwr][INFO] - [ROUND 10]
[2024-06-20 20:11:43,850][flwr][INFO] - configure_fit: strategy sampled 10 clients (out of 100)
[2024-06-20 20:11:49,922][flwr][INFO] - aggregate_fit: received 10 results and 0 failures
[2024-06-20 20:11:50,374][flwr][INFO] - fit progress: (10, 72494.16802978516, {'accuracy': 0.5504, 'precision': 0.564941581455916, 'recall': 0.5504, 'f1': 0.5437544502405831, 'confusion_matrix': array([[516,   8,  18,  16, 148,  70,  89,  87,  15,  13],
       [ 15, 930,  16,  87,   8,  47,  10,   7,  13,   2],
       [ 34,  41, 623,  40,  24,  59, 101,  43,  57,  10],
       [ 98,  33,  52, 530,  41,  96,  67,  30,  37,  26],
       [  3,  13,  29,  39, 679,  49,  63,  46,  13,  48],
       [ 71,  25,  65,  77, 215, 267,  42,  62,  56,  12],
       [ 35,  12, 100,  18,  44, 101, 608,  14,   8,  18],
       [ 10,  13,  25,  29,  38,  43,   9, 781,  19,  61],
       [ 19,  27, 120,  71, 174, 133,  83,  36, 274,  37],
       [  4,   8,  29,  38, 369,  89,  39, 119,  18, 296]])}, 59.977367458)
[2024-06-20 20:11:50,374][flwr][INFO] - configure_evaluate: no clients selected, skipping evaluation
[2024-06-20 20:11:50,376][flwr][INFO] - 
[2024-06-20 20:11:50,376][flwr][INFO] - [SUMMARY]
[2024-06-20 20:11:50,376][flwr][INFO] - Run finished 10 round(s) in 59.98s
[2024-06-20 20:11:50,380][flwr][INFO] - 	History (loss, centralized):
[2024-06-20 20:11:50,381][flwr][INFO] - 		round 0: 181.76928067207336
[2024-06-20 20:11:50,381][flwr][INFO] - 		round 1: 3018.809616088867
[2024-06-20 20:11:50,381][flwr][INFO] - 		round 2: 6109.013706207275
[2024-06-20 20:11:50,381][flwr][INFO] - 		round 3: 6212.4866943359375
[2024-06-20 20:11:50,381][flwr][INFO] - 		round 4: 8788.367889404297
[2024-06-20 20:11:50,381][flwr][INFO] - 		round 5: 12682.818504333496
[2024-06-20 20:11:50,381][flwr][INFO] - 		round 6: 21951.896026611328
[2024-06-20 20:11:50,381][flwr][INFO] - 		round 7: 30596.287109375
[2024-06-20 20:11:50,381][flwr][INFO] - 		round 8: 37924.788497924805
[2024-06-20 20:11:50,381][flwr][INFO] - 		round 9: 48845.52978515625
[2024-06-20 20:11:50,381][flwr][INFO] - 		round 10: 72494.16802978516
[2024-06-20 20:11:50,381][flwr][INFO] - 	History (metrics, centralized):
[2024-06-20 20:11:50,381][flwr][INFO] - 	{'accuracy': [(0, 0.1086),
[2024-06-20 20:11:50,381][flwr][INFO] - 	              (1, 0.142),
[2024-06-20 20:11:50,381][flwr][INFO] - 	              (2, 0.2299),
[2024-06-20 20:11:50,381][flwr][INFO] - 	              (3, 0.3079),
[2024-06-20 20:11:50,381][flwr][INFO] - 	              (4, 0.3901),
[2024-06-20 20:11:50,381][flwr][INFO] - 	              (5, 0.4026),
[2024-06-20 20:11:50,381][flwr][INFO] - 	              (6, 0.4087),
[2024-06-20 20:11:50,381][flwr][INFO] - 	              (7, 0.4543),
[2024-06-20 20:11:50,381][flwr][INFO] - 	              (8, 0.529),
[2024-06-20 20:11:50,381][flwr][INFO] - 	              (9, 0.5625),
[2024-06-20 20:11:50,381][flwr][INFO] - 	              (10, 0.5504)],
[2024-06-20 20:11:50,381][flwr][INFO] - 	 'confusion_matrix': [(0,
[2024-06-20 20:11:50,381][flwr][INFO] - 	                       array([[   0,    8,    0,  956,    0,    1,    0,   15,    0,    0],
[2024-06-20 20:11:50,381][flwr][INFO] - 	       [   0,  122,    0, 1013,    0,    0,    0,    0,    0,    0],
[2024-06-20 20:11:50,381][flwr][INFO] - 	       [   0,   38,    0,  971,    0,    0,    3,   19,    1,    0],
[2024-06-20 20:11:50,381][flwr][INFO] - 	       [   0,   44,    0,  945,    1,    1,    0,   17,    2,    0],
[2024-06-20 20:11:50,381][flwr][INFO] - 	       [   0,  143,    0,  816,    1,    0,    2,   20,    0,    0],
[2024-06-20 20:11:50,381][flwr][INFO] - 	       [   0,  118,    0,  735,    1,    7,    0,   30,    1,    0],
[2024-06-20 20:11:50,381][flwr][INFO] - 	       [   0,  144,    0,  749,   25,    0,    2,   38,    0,    0],
[2024-06-20 20:11:50,381][flwr][INFO] - 	       [   0,  272,    0,  724,    8,    0,    0,    9,   15,    0],
[2024-06-20 20:11:50,381][flwr][INFO] - 	       [   0,   81,    0,  859,    1,    0,    1,   32,    0,    0],
[2024-06-20 20:11:50,381][flwr][INFO] - 	       [   0,  178,    0,  799,    1,    0,    0,   31,    0,    0]])),
[2024-06-20 20:11:50,381][flwr][INFO] - 	                      (1,
[2024-06-20 20:11:50,381][flwr][INFO] - 	                       array([[176,  58,   0, 395,   0,   4, 319,   0,  25,   3],
[2024-06-20 20:11:50,381][flwr][INFO] - 	       [132, 283,   0, 123,   2, 521,  61,   0,  13,   0],
[2024-06-20 20:11:50,382][flwr][INFO] - 	       [141,  87,   4, 397,   0,  73, 284,   1,  43,   2],
[2024-06-20 20:11:50,382][flwr][INFO] - 	       [ 62, 276,   0, 569,   0,  38,  42,   1,  19,   3],
[2024-06-20 20:11:50,382][flwr][INFO] - 	       [171, 364,   0, 102,   0,  56, 191,   0,  95,   3],
[2024-06-20 20:11:50,382][flwr][INFO] - 	       [106, 279,   0, 357,   0,  35,  86,   0,  21,   8],
[2024-06-20 20:11:50,382][flwr][INFO] - 	       [ 66, 187,   0, 373,   2,  60, 253,   1,   9,   7],
[2024-06-20 20:11:50,382][flwr][INFO] - 	       [ 36, 495,   1, 242,   0, 164,  31,   0,  59,   0],
[2024-06-20 20:11:50,382][flwr][INFO] - 	       [110, 268,   0, 434,   0,  26,  30,   0, 100,   6],
[2024-06-20 20:11:50,382][flwr][INFO] - 	       [ 50, 650,   0, 123,   0,  54,  37,   1,  94,   0]])),
[2024-06-20 20:11:50,382][flwr][INFO] - 	                      (2,
[2024-06-20 20:11:50,382][flwr][INFO] - 	                       array([[121, 524,  12, 186,   0,  43,  40,  25,   0,  29],
[2024-06-20 20:11:50,382][flwr][INFO] - 	       [  1, 949,   0, 125,   0,   4,   2,   0,   0,  54],
[2024-06-20 20:11:50,382][flwr][INFO] - 	       [  6, 357,  46, 439,   2,  93,  27,   9,   0,  53],
[2024-06-20 20:11:50,382][flwr][INFO] - 	       [  1, 199,   2, 611,   0, 147,   1,  25,   0,  24],
[2024-06-20 20:11:50,382][flwr][INFO] - 	       [ 43, 285,   2, 353,   0,  87,  62,  19,   0, 131],
[2024-06-20 20:11:50,382][flwr][INFO] - 	       [  6, 391,   1, 257,   0, 170,   7,  33,   0,  27],
[2024-06-20 20:11:50,382][flwr][INFO] - 	       [ 25, 419,  21, 261,   0,  88, 117,  18,   0,   9],
[2024-06-20 20:11:50,382][flwr][INFO] - 	       [  7, 140,   0, 247,   1,  92,   5,  75,   0, 461],
[2024-06-20 20:11:50,382][flwr][INFO] - 	       [  4, 450,   3, 277,   0, 139,   4,   5,   1,  91],
[2024-06-20 20:11:50,382][flwr][INFO] - 	       [ 48, 196,   0, 434,   0,  78,  17,  25,   2, 209]])),
[2024-06-20 20:11:50,382][flwr][INFO] - 	                      (3,
[2024-06-20 20:11:50,382][flwr][INFO] - 	                       array([[698,   1,  94,   3,   1,  24,   7,  74,  66,  12],
[2024-06-20 20:11:50,382][flwr][INFO] - 	       [ 21, 532,   4,   9,  16, 424,   3,  39,  67,  20],
[2024-06-20 20:11:50,382][flwr][INFO] - 	       [ 42,   9, 626,   7,   3,  91,  31,  97,  95,  31],
[2024-06-20 20:11:50,382][flwr][INFO] - 	       [318,  14,  61, 124,   4,  75,   3, 117, 275,  19],
[2024-06-20 20:11:50,382][flwr][INFO] - 	       [ 66,   8, 350,   5,  19, 133,  78,  67, 188,  68],
[2024-06-20 20:11:50,382][flwr][INFO] - 	       [186,  18, 100,  46,   5, 108,   7,  37, 366,  19],
[2024-06-20 20:11:50,382][flwr][INFO] - 	       [ 98,  11, 340,   2,   0, 100, 212,  76,  97,  22],
[2024-06-20 20:11:50,382][flwr][INFO] - 	       [ 56,   6, 199,   4,  11,  63,  22, 188, 366, 113],
[2024-06-20 20:11:50,382][flwr][INFO] - 	       [ 72,   6, 121,  19,   8, 149,   6,  43, 511,  39],
[2024-06-20 20:11:50,382][flwr][INFO] - 	       [141,   3, 162,   6,  19,  38,  39,  43, 497,  61]])),
[2024-06-20 20:11:50,382][flwr][INFO] - 	                      (4,
[2024-06-20 20:11:50,382][flwr][INFO] - 	                       array([[640,  19,  10, 125,  77,  11,  18,  36,  16,  28],
[2024-06-20 20:11:50,382][flwr][INFO] - 	       [126, 677,   8,   7,   3,  54,   7,  67,   4, 182],
[2024-06-20 20:11:50,382][flwr][INFO] - 	       [ 41, 127, 408,  36,  28,  28,  67, 199,   8,  90],
[2024-06-20 20:11:50,382][flwr][INFO] - 	       [ 60,  65,  28, 482,  17,  60,   7, 232,  20,  39],
[2024-06-20 20:11:50,382][flwr][INFO] - 	       [ 86,  51, 363, 146, 127,  10,  21,  20,  12, 146],
[2024-06-20 20:11:50,382][flwr][INFO] - 	       [ 74,  41, 105, 120,  35, 133,  12, 190, 113,  69],
[2024-06-20 20:11:50,382][flwr][INFO] - 	       [139,  77, 149,  87,  46,  18, 338,   8,  25,  71],
[2024-06-20 20:11:50,382][flwr][INFO] - 	       [100,  14,  13,  46,  10,  12,   2, 767,   5,  59],
[2024-06-20 20:11:50,382][flwr][INFO] - 	       [ 19,  34, 211,  95,  45,  40,  13, 241, 122, 154],
[2024-06-20 20:11:50,382][flwr][INFO] - 	       [ 86,  20, 232, 210,  19,  30,  10, 140,  55, 207]])),
[2024-06-20 20:11:50,382][flwr][INFO] - 	                      (5,
[2024-06-20 20:11:50,383][flwr][INFO] - 	                       array([[548,   9,  26, 132,  13,  29,  65,  55,  86,  17],
[2024-06-20 20:11:50,383][flwr][INFO] - 	       [ 20, 789,   0,   3,   0,  91, 167,   1,  61,   3],
[2024-06-20 20:11:50,383][flwr][INFO] - 	       [ 25,  24, 311,  18,   9, 152, 275,  21, 148,  49],
[2024-06-20 20:11:50,383][flwr][INFO] - 	       [ 23, 118,  25, 362,  13, 126,  71,  45, 188,  39],
[2024-06-20 20:11:50,383][flwr][INFO] - 	       [ 13,  38,  31, 147, 199,  44, 235,  19, 169,  87],
[2024-06-20 20:11:50,383][flwr][INFO] - 	       [ 50,  75,  25,  95,  19, 140,  35,  27, 400,  26],
[2024-06-20 20:11:50,383][flwr][INFO] - 	       [ 30,  20,  42,  43,  25, 113, 413,  28, 194,  50],
[2024-06-20 20:11:50,383][flwr][INFO] - 	       [  8,  45,  25,  65,   5, 104,  51, 480, 135, 110],
[2024-06-20 20:11:50,383][flwr][INFO] - 	       [  8,  69,  22,  32,  18,  95,  90,  24, 595,  21],
[2024-06-20 20:11:50,383][flwr][INFO] - 	       [ 10,  38,  49, 150,  60,  66, 118,  38, 291, 189]])),
[2024-06-20 20:11:50,383][flwr][INFO] - 	                      (6,
[2024-06-20 20:11:50,383][flwr][INFO] - 	                       array([[554,   7,  12,  15,  27,  94,  52, 156,  60,   3],
[2024-06-20 20:11:50,383][flwr][INFO] - 	       [ 66, 653,   2, 132,  14, 178,  10,  24,  49,   7],
[2024-06-20 20:11:50,383][flwr][INFO] - 	       [ 40,  15, 375,  30,  29, 181,  77, 144, 101,  40],
[2024-06-20 20:11:50,383][flwr][INFO] - 	       [ 42,  27,  16, 321,  26, 232,  22, 213,  77,  34],
[2024-06-20 20:11:50,383][flwr][INFO] - 	       [ 12,  16,   9,  56, 157, 277,  13, 242,  86, 114],
[2024-06-20 20:11:50,383][flwr][INFO] - 	       [ 40,  17,  16,  35,  34, 477,   6, 122, 128,  17],
[2024-06-20 20:11:50,383][flwr][INFO] - 	       [160,   8,  48,  28,  42, 134, 270, 152,  90,  26],
[2024-06-20 20:11:50,383][flwr][INFO] - 	       [  3,   9,   4,  13,   2,  53,   0, 910,  20,  14],
[2024-06-20 20:11:50,383][flwr][INFO] - 	       [ 26,   6,  16,  12,  13, 361,  15, 218, 294,  13],
[2024-06-20 20:11:50,383][flwr][INFO] - 	       [  8,   3,   5,  28,  40, 289,   3, 396, 161,  76]])),
[2024-06-20 20:11:50,383][flwr][INFO] - 	                      (7,
[2024-06-20 20:11:50,383][flwr][INFO] - 	                       array([[735,   0,   9,  16,  71,  53,  37,   5,  28,  26],
[2024-06-20 20:11:50,383][flwr][INFO] - 	       [ 45, 925,   2, 114,   1,  32,   1,   0,   5,  10],
[2024-06-20 20:11:50,383][flwr][INFO] - 	       [122,   9, 333,  40,  42, 131, 189,   6,  73,  87],
[2024-06-20 20:11:50,383][flwr][INFO] - 	       [145,  20,  32, 475,  26, 123,  11,   6,  15, 157],
[2024-06-20 20:11:50,383][flwr][INFO] - 	       [ 15,   6,  13,  35, 387,  33,  29,   6,   7, 451],
[2024-06-20 20:11:50,383][flwr][INFO] - 	       [164,   8,  47,  73, 142, 286,  13,  12,  36, 111],
[2024-06-20 20:11:50,383][flwr][INFO] - 	       [327,   3,  19,  44,  43,  72, 297,   1,  50, 102],
[2024-06-20 20:11:50,383][flwr][INFO] - 	       [ 23,  13,  10,  38,  60,  38,   4, 234,  10, 598],
[2024-06-20 20:11:50,383][flwr][INFO] - 	       [ 75,  17,  65,  43, 165, 206,  24,  13, 169, 197],
[2024-06-20 20:11:50,383][flwr][INFO] - 	       [ 13,   7,   8,  28, 205,  25,   5,  14,   2, 702]])),
[2024-06-20 20:11:50,383][flwr][INFO] - 	                      (8,
[2024-06-20 20:11:50,383][flwr][INFO] - 	                       array([[503,   8,  99,  49,  24,  74, 127,  84,   7,   5],
[2024-06-20 20:11:50,383][flwr][INFO] - 	       [ 39, 945,  24,  78,   0,   2,  35,   0,   5,   7],
[2024-06-20 20:11:50,383][flwr][INFO] - 	       [ 43,  11, 720,  66,   1,   9, 112,  14,  28,  28],
[2024-06-20 20:11:50,383][flwr][INFO] - 	       [ 42,  36,  69, 729,   6,  21,  30,  11,  14,  52],
[2024-06-20 20:11:50,383][flwr][INFO] - 	       [  9,  12, 113,  82, 288,  16, 129,  41,   6, 286],
[2024-06-20 20:11:50,383][flwr][INFO] - 	       [ 76,  32, 171, 189,  50, 145, 109,  57,  30,  33],
[2024-06-20 20:11:50,383][flwr][INFO] - 	       [ 80,   8, 180,  50,   6,   8, 572,   3,   5,  46],
[2024-06-20 20:11:50,383][flwr][INFO] - 	       [  6,  19,  42,  56,  20,  11,   8, 631,   2, 233],
[2024-06-20 20:11:50,384][flwr][INFO] - 	       [ 32,  47, 262, 150,  24,  26, 143,  68, 155,  67],
[2024-06-20 20:11:50,384][flwr][INFO] - 	       [  7,  15,  64,  98,  81,   7,  56,  77,   2, 602]])),
[2024-06-20 20:11:50,384][flwr][INFO] - 	                      (9,
[2024-06-20 20:11:50,384][flwr][INFO] - 	                       array([[584,  16,  28,  26,  12,  41, 108,  92,  63,  10],
[2024-06-20 20:11:50,384][flwr][INFO] - 	       [  2, 982,  20,  52,   1,   6,  23,   0,  40,   9],
[2024-06-20 20:11:50,384][flwr][INFO] - 	       [ 46,  20, 495,  33,   3,   9, 222,  29, 150,  25],
[2024-06-20 20:11:50,384][flwr][INFO] - 	       [ 66,  37,  56, 593,  10,  16,  45,  20, 113,  54],
[2024-06-20 20:11:50,384][flwr][INFO] - 	       [ 20,  28,  46,  62, 356,  18, 126,  48,  61, 217],
[2024-06-20 20:11:50,384][flwr][INFO] - 	       [ 69,  63,  98,  65,  47, 113,  70,  55, 271,  41],
[2024-06-20 20:11:50,384][flwr][INFO] - 	       [ 95,  11,  43,  40,   3,  13, 665,   7,  62,  19],
[2024-06-20 20:11:50,384][flwr][INFO] - 	       [ 13,  34,  16,  31,  12,   9,   6, 671,  49, 187],
[2024-06-20 20:11:50,384][flwr][INFO] - 	       [ 17,  26, 114,  73,  19,  17,  67,  38, 564,  39],
[2024-06-20 20:11:50,384][flwr][INFO] - 	       [  8,  23,  36,  38,  78,  14,  54,  65,  91, 602]])),
[2024-06-20 20:11:50,384][flwr][INFO] - 	                      (10,
[2024-06-20 20:11:50,384][flwr][INFO] - 	                       array([[516,   8,  18,  16, 148,  70,  89,  87,  15,  13],
[2024-06-20 20:11:50,384][flwr][INFO] - 	       [ 15, 930,  16,  87,   8,  47,  10,   7,  13,   2],
[2024-06-20 20:11:50,384][flwr][INFO] - 	       [ 34,  41, 623,  40,  24,  59, 101,  43,  57,  10],
[2024-06-20 20:11:50,384][flwr][INFO] - 	       [ 98,  33,  52, 530,  41,  96,  67,  30,  37,  26],
[2024-06-20 20:11:50,384][flwr][INFO] - 	       [  3,  13,  29,  39, 679,  49,  63,  46,  13,  48],
[2024-06-20 20:11:50,384][flwr][INFO] - 	       [ 71,  25,  65,  77, 215, 267,  42,  62,  56,  12],
[2024-06-20 20:11:50,384][flwr][INFO] - 	       [ 35,  12, 100,  18,  44, 101, 608,  14,   8,  18],
[2024-06-20 20:11:50,384][flwr][INFO] - 	       [ 10,  13,  25,  29,  38,  43,   9, 781,  19,  61],
[2024-06-20 20:11:50,384][flwr][INFO] - 	       [ 19,  27, 120,  71, 174, 133,  83,  36, 274,  37],
[2024-06-20 20:11:50,384][flwr][INFO] - 	       [  4,   8,  29,  38, 369,  89,  39, 119,  18, 296]]))],
[2024-06-20 20:11:50,384][flwr][INFO] - 	 'f1': [(0, 0.03553137346181725),
[2024-06-20 20:11:50,384][flwr][INFO] - 	        (1, 0.09920318389849428),
[2024-06-20 20:11:50,384][flwr][INFO] - 	        (2, 0.16682087863546402),
[2024-06-20 20:11:50,384][flwr][INFO] - 	        (3, 0.28340189316194153),
[2024-06-20 20:11:50,384][flwr][INFO] - 	        (4, 0.3681460684672708),
[2024-06-20 20:11:50,384][flwr][INFO] - 	        (5, 0.40449396768213064),
[2024-06-20 20:11:50,384][flwr][INFO] - 	        (6, 0.4004534657633248),
[2024-06-20 20:11:50,384][flwr][INFO] - 	        (7, 0.44680085664000924),
[2024-06-20 20:11:50,384][flwr][INFO] - 	        (8, 0.5078881423129865),
[2024-06-20 20:11:50,384][flwr][INFO] - 	        (9, 0.5498196758397343),
[2024-06-20 20:11:50,384][flwr][INFO] - 	        (10, 0.5437544502405831)],
[2024-06-20 20:11:50,384][flwr][INFO] - 	 'precision': [(0, 0.12349967530374152),
[2024-06-20 20:11:50,384][flwr][INFO] - 	               (1, 0.1699088356369281),
[2024-06-20 20:11:50,384][flwr][INFO] - 	               (2, 0.28737730800028555),
[2024-06-20 20:11:50,384][flwr][INFO] - 	               (3, 0.3658034122098735),
[2024-06-20 20:11:50,384][flwr][INFO] - 	               (4, 0.39634963269769796),
[2024-06-20 20:11:50,384][flwr][INFO] - 	               (5, 0.45667949137368596),
[2024-06-20 20:11:50,384][flwr][INFO] - 	               (6, 0.47937828466798),
[2024-06-20 20:11:50,385][flwr][INFO] - 	               (7, 0.5214127990444535),
[2024-06-20 20:11:50,385][flwr][INFO] - 	               (8, 0.5522720382218967),
[2024-06-20 20:11:50,385][flwr][INFO] - 	               (9, 0.570146375156288),
[2024-06-20 20:11:50,385][flwr][INFO] - 	               (10, 0.564941581455916)],
[2024-06-20 20:11:50,385][flwr][INFO] - 	 'recall': [(0, 0.1086),
[2024-06-20 20:11:50,385][flwr][INFO] - 	            (1, 0.142),
[2024-06-20 20:11:50,385][flwr][INFO] - 	            (2, 0.2299),
[2024-06-20 20:11:50,385][flwr][INFO] - 	            (3, 0.3079),
[2024-06-20 20:11:50,385][flwr][INFO] - 	            (4, 0.3901),
[2024-06-20 20:11:50,385][flwr][INFO] - 	            (5, 0.4026),
[2024-06-20 20:11:50,385][flwr][INFO] - 	            (6, 0.4087),
[2024-06-20 20:11:50,385][flwr][INFO] - 	            (7, 0.4543),
[2024-06-20 20:11:50,385][flwr][INFO] - 	            (8, 0.529),
[2024-06-20 20:11:50,385][flwr][INFO] - 	            (9, 0.5625),
[2024-06-20 20:11:50,385][flwr][INFO] - 	            (10, 0.5504)]}
[2024-06-20 20:11:50,385][flwr][INFO] - 
