[2024-06-21 13:51:48,751][flwr][INFO] - Starting Flower simulation, config: num_rounds=10, no round_timeout
[2024-06-21 13:51:50,578][flwr][INFO] - Flower VCE: Ray initialized with resources: {'memory': 10009364071.0, 'node:127.0.0.1': 1.0, 'node:__internal_head__': 1.0, 'CPU': 12.0, 'object_store_memory': 2147483648.0}
[2024-06-21 13:51:50,578][flwr][INFO] - Optimize your simulation with Flower VCE: https://flower.ai/docs/framework/how-to-run-simulations.html
[2024-06-21 13:51:50,578][flwr][INFO] - Flower VCE: Resources for each Virtual Client: {'num_cpus': 2, 'num_gpus': 0}
[2024-06-21 13:51:50,583][flwr][INFO] - Flower VCE: Creating VirtualClientEngineActorPool with 6 actors
[2024-06-21 13:51:50,584][flwr][INFO] - [INIT]
[2024-06-21 13:51:50,584][flwr][INFO] - Requesting initial parameters from one random client
[2024-06-21 13:51:52,074][flwr][INFO] - Received initial parameters from one random client
[2024-06-21 13:51:52,074][flwr][INFO] - Evaluating initial global parameters
[2024-06-21 13:51:52,410][flwr][INFO] - initial parameters (loss, other metrics): 181.76928067207336, {'accuracy': 0.1086, 'precision': 0.12349967530374152, 'recall': 0.1086, 'f1': 0.03553137346181725, 'confusion_matrix': array([[   0,    8,    0,  956,    0,    1,    0,   15,    0,    0],
       [   0,  122,    0, 1013,    0,    0,    0,    0,    0,    0],
       [   0,   38,    0,  971,    0,    0,    3,   19,    1,    0],
       [   0,   44,    0,  945,    1,    1,    0,   17,    2,    0],
       [   0,  143,    0,  816,    1,    0,    2,   20,    0,    0],
       [   0,  118,    0,  735,    1,    7,    0,   30,    1,    0],
       [   0,  144,    0,  749,   25,    0,    2,   38,    0,    0],
       [   0,  272,    0,  724,    8,    0,    0,    9,   15,    0],
       [   0,   81,    0,  859,    1,    0,    1,   32,    0,    0],
       [   0,  178,    0,  799,    1,    0,    0,   31,    0,    0]])}
[2024-06-21 13:51:52,410][flwr][INFO] - 
[2024-06-21 13:51:52,410][flwr][INFO] - [ROUND 1]
[2024-06-21 13:51:52,410][flwr][INFO] - configure_fit: strategy sampled 10 clients (out of 100)
[2024-06-21 13:51:58,849][flwr][INFO] - aggregate_fit: received 10 results and 0 failures
[2024-06-21 13:51:58,854][flwr][WARNING] - No fit_metrics_aggregation_fn provided
[2024-06-21 13:51:59,182][flwr][INFO] - fit progress: (1, 152.09974825382233, {'accuracy': 0.51, 'precision': 0.6282852707403133, 'recall': 0.51, 'f1': 0.48260987091895313, 'confusion_matrix': array([[953,   3,   0,  10,   1,   0,  12,   1,   0,   0],
       [  4, 567, 262, 284,   1,   0,   4,   0,   9,   4],
       [ 49,   1, 405, 475,   1,   0,  40,  22,  37,   2],
       [ 28,   2,   2, 849,  59,   0,  12,   7,  43,   8],
       [434,   1,   0,  13, 402,   0,  61,   3,  14,  54],
       [507,  11,   2, 133, 160,   1,  61,   2,  11,   4],
       [ 58,   2,  17,   9,   1,   0, 869,   1,   0,   1],
       [151,   3,   2,  38,   2,   0,   6, 542, 275,   9],
       [150,   9,   6, 274,  28,   0,  13,  13, 274, 207],
       [567,   0,   0,  16,  84,   0,  14,  70,  20, 238]])}, 6.7720533750000005)
[2024-06-21 13:51:59,182][flwr][INFO] - configure_evaluate: no clients selected, skipping evaluation
[2024-06-21 13:51:59,182][flwr][INFO] - 
[2024-06-21 13:51:59,182][flwr][INFO] - [ROUND 2]
[2024-06-21 13:51:59,183][flwr][INFO] - configure_fit: strategy sampled 10 clients (out of 100)
[2024-06-21 13:52:04,175][flwr][INFO] - aggregate_fit: received 10 results and 0 failures
[2024-06-21 13:52:04,514][flwr][INFO] - fit progress: (2, 99.92438644170761, {'accuracy': 0.6733, 'precision': 0.6930609451576721, 'recall': 0.6733, 'f1': 0.6576651170360382, 'confusion_matrix': array([[ 807,   74,    2,    2,   15,   12,   25,    3,    1,   39],
       [   0, 1107,   20,    0,    1,    0,    2,    1,    0,    4],
       [   3,   64,  832,   35,   12,    8,   12,   13,   30,   23],
       [   0,   67,  166,  558,   89,    2,   11,   11,   60,   46],
       [   0,    8,    1,    0,  840,   60,   10,    1,    0,   62],
       [   8,   84,   13,   56,  262,  268,   42,   12,    5,  142],
       [   7,   39,   13,    2,   24,   14,  840,    3,    0,   16],
       [   4,   46,   16,    6,   42,    1,    0,  715,  142,   56],
       [   5,   72,   36,   29,   49,   10,    6,    4,  113,  650],
       [   3,    9,    1,    6,  276,    7,    2,   42,   10,  653]])}, 12.103890999999999)
[2024-06-21 13:52:04,514][flwr][INFO] - configure_evaluate: no clients selected, skipping evaluation
[2024-06-21 13:52:04,514][flwr][INFO] - 
[2024-06-21 13:52:04,514][flwr][INFO] - [ROUND 3]
[2024-06-21 13:52:04,515][flwr][INFO] - configure_fit: strategy sampled 10 clients (out of 100)
[2024-06-21 13:52:10,023][flwr][INFO] - aggregate_fit: received 10 results and 0 failures
[2024-06-21 13:52:10,364][flwr][INFO] - fit progress: (3, 95.80693435668945, {'accuracy': 0.6828, 'precision': 0.658347558243434, 'recall': 0.6828, 'f1': 0.6579911715017773, 'confusion_matrix': array([[ 951,    3,    0,    1,    3,    2,    7,    4,    1,    8],
       [   0, 1088,   39,    1,    1,    0,    2,    0,    0,    4],
       [  11,   75,  658,  214,   12,    8,   11,   11,   17,   15],
       [  10,   44,   14,  793,   83,    2,   11,    6,   13,   34],
       [   1,    9,    0,    4,  563,  335,    7,    0,    0,   63],
       [  61,   63,    3,   51,  116,  398,   89,   11,    7,   93],
       [  22,   38,    4,    2,   11,   19,  821,   31,    0,   10],
       [  11,   49,   26,   20,   18,    7,    0,  728,  122,   47],
       [  13,   71,   18,   63,   32,   16,    7,    6,   16,  732],
       [  25,   14,    1,    8,  102,   21,    1,   11,   14,  812]])}, 17.953843542)
[2024-06-21 13:52:10,364][flwr][INFO] - configure_evaluate: no clients selected, skipping evaluation
[2024-06-21 13:52:10,364][flwr][INFO] - 
[2024-06-21 13:52:10,364][flwr][INFO] - [ROUND 4]
[2024-06-21 13:52:10,364][flwr][INFO] - configure_fit: strategy sampled 10 clients (out of 100)
[2024-06-21 13:52:15,929][flwr][INFO] - aggregate_fit: received 10 results and 0 failures
[2024-06-21 13:52:16,292][flwr][INFO] - fit progress: (4, 83.97571104764938, {'accuracy': 0.69, 'precision': 0.7044850747786966, 'recall': 0.69, 'f1': 0.6706492604672556, 'confusion_matrix': array([[ 723,  202,    0,    4,    1,    8,   26,    3,    2,   11],
       [   0, 1110,   14,    1,    0,    2,    3,    0,    1,    4],
       [   1,   55,  799,   88,    7,    9,   11,   17,   31,   14],
       [   0,   26,   28,  807,   56,    8,   12,   10,   30,   33],
       [   0,    6,    3,    1,  225,  698,   10,    0,    1,   38],
       [  10,   34,    5,   44,   71,  571,   90,   10,    8,   49],
       [   5,   17,    4,    2,    8,   13,  885,   15,    0,    9],
       [   6,   42,   25,    8,   11,    9,    3,  852,   46,   26],
       [   3,   42,    9,   24,   21,   35,    6,    8,  125,  701],
       [  18,   14,    2,    5,   51,   79,    1,   31,    5,  803]])}, 23.882335833)
[2024-06-21 13:52:16,292][flwr][INFO] - configure_evaluate: no clients selected, skipping evaluation
[2024-06-21 13:52:16,293][flwr][INFO] - 
[2024-06-21 13:52:16,293][flwr][INFO] - [ROUND 5]
[2024-06-21 13:52:16,293][flwr][INFO] - configure_fit: strategy sampled 10 clients (out of 100)
[2024-06-21 13:52:21,441][flwr][INFO] - aggregate_fit: received 10 results and 0 failures
[2024-06-21 13:52:21,778][flwr][INFO] - fit progress: (5, 73.7124473452568, {'accuracy': 0.766, 'precision': 0.7725370296710785, 'recall': 0.766, 'f1': 0.7424819425969652, 'confusion_matrix': array([[ 952,    4,    0,    2,    3,    2,    6,    1,    1,    9],
       [   1, 1106,   19,    2,    1,    0,    2,    0,    1,    3],
       [  10,   90,  748,  111,   11,    2,   10,   14,   23,   13],
       [   2,   33,   13,  812,   88,    3,    4,   10,   10,   35],
       [   1,    8,    5,    1,  895,   19,    6,    0,    1,   46],
       [  25,   26,    3,   35,  117,  486,  136,    8,    3,   53],
       [  21,   23,    2,    0,   13,    5,  880,    1,    0,   13],
       [   3,   39,   23,    9,   26,    0,    0,  858,   38,   32],
       [   8,   55,   11,   28,   27,   11,    8,    6,   67,  753],
       [  20,   11,    1,    5,   87,    8,    1,   13,    7,  856]])}, 29.368411666999997)
[2024-06-21 13:52:21,778][flwr][INFO] - configure_evaluate: no clients selected, skipping evaluation
[2024-06-21 13:52:21,778][flwr][INFO] - 
[2024-06-21 13:52:21,779][flwr][INFO] - [ROUND 6]
[2024-06-21 13:52:21,779][flwr][INFO] - configure_fit: strategy sampled 10 clients (out of 100)
[2024-06-21 13:52:27,515][flwr][INFO] - aggregate_fit: received 10 results and 0 failures
[2024-06-21 13:52:27,853][flwr][INFO] - fit progress: (6, 69.2641344666481, {'accuracy': 0.7954, 'precision': 0.8014423343870514, 'recall': 0.7954, 'f1': 0.7861448795254702, 'confusion_matrix': array([[ 952,    3,    0,    0,    0,    3,   11,    3,    3,    5],
       [   0, 1090,   30,    1,    0,    1,    3,    0,   10,    0],
       [   7,   40,  838,   63,   13,    4,   15,   13,   38,    1],
       [   2,   24,   40,  723,  125,    7,   20,   15,   31,   23],
       [   1,    7,    2,    5,  828,   87,   16,    0,    5,   31],
       [  13,   16,    3,    7,   21,  281,  475,   11,   41,   24],
       [  11,    4,    1,    1,   11,    2,  923,    2,    3,    0],
       [   2,   16,   30,   14,   13,    0,    3,  904,   32,   14],
       [   6,   14,   16,   21,    9,   24,   28,   12,  560,  284],
       [  15,    7,    0,    7,   64,   13,    1,   19,   28,  855]])}, 35.443277708)
[2024-06-21 13:52:27,853][flwr][INFO] - configure_evaluate: no clients selected, skipping evaluation
[2024-06-21 13:52:27,853][flwr][INFO] - 
[2024-06-21 13:52:27,853][flwr][INFO] - [ROUND 7]
[2024-06-21 13:52:27,854][flwr][INFO] - configure_fit: strategy sampled 10 clients (out of 100)
[2024-06-21 13:52:32,599][flwr][INFO] - aggregate_fit: received 10 results and 0 failures
[2024-06-21 13:52:32,943][flwr][INFO] - fit progress: (7, 69.31834185123444, {'accuracy': 0.79, 'precision': 0.7889198157683952, 'recall': 0.79, 'f1': 0.7780457133022325, 'confusion_matrix': array([[ 962,    2,    0,    0,    0,    1,    8,    2,    2,    3],
       [   0, 1119,    4,    3,    0,    1,    3,    0,    5,    0],
       [  10,   56,  826,   67,    6,    1,    9,   27,   30,    0],
       [   2,   14,   17,  902,    8,    5,    8,   22,   22,   10],
       [   4,   25,    7,    7,  650,  221,   12,    3,   10,   43],
       [  15,   15,    5,   42,    9,  209,  539,   27,   18,   13],
       [  12,   10,    2,    1,    5,    1,  918,    4,    2,    3],
       [   2,   31,   17,   11,    6,    0,    2,  951,    6,    2],
       [   9,   39,    5,   28,    9,   17,   17,   21,  621,  208],
       [  50,   11,    1,   10,   38,   15,    1,  115,   26,  742]])}, 40.533778041999994)
[2024-06-21 13:52:32,944][flwr][INFO] - configure_evaluate: no clients selected, skipping evaluation
[2024-06-21 13:52:32,944][flwr][INFO] - 
[2024-06-21 13:52:32,944][flwr][INFO] - [ROUND 8]
[2024-06-21 13:52:32,944][flwr][INFO] - configure_fit: strategy sampled 10 clients (out of 100)
[2024-06-21 13:52:37,939][flwr][INFO] - aggregate_fit: received 10 results and 0 failures
[2024-06-21 13:52:38,279][flwr][INFO] - fit progress: (8, 62.96376106142998, {'accuracy': 0.8263, 'precision': 0.8284202974758227, 'recall': 0.8263, 'f1': 0.8198552743026947, 'confusion_matrix': array([[ 962,    1,    0,    0,    0,    3,    7,    3,    2,    2],
       [   0, 1113,   10,    1,    0,    2,    3,    1,    5,    0],
       [   8,   44,  851,   45,   17,    3,    9,   19,   36,    0],
       [   5,   15,   20,  876,   21,    7,    4,   21,   24,   17],
       [   3,    3,    2,    2,  886,   66,    5,    1,    3,   11],
       [  27,    9,    4,   36,    5,  444,  307,   16,   15,   29],
       [  19,    3,    2,    0,   16,    6,  907,    2,    2,    1],
       [   2,   16,   19,    6,   14,    1,    1,  939,   26,    4],
       [  11,   23,    7,   22,   10,   26,   13,   10,  519,  333],
       [  53,    8,    1,    6,   87,   11,    1,   29,   47,  766]])}, 45.869781667)
[2024-06-21 13:52:38,280][flwr][INFO] - configure_evaluate: no clients selected, skipping evaluation
[2024-06-21 13:52:38,280][flwr][INFO] - 
[2024-06-21 13:52:38,280][flwr][INFO] - [ROUND 9]
[2024-06-21 13:52:38,280][flwr][INFO] - configure_fit: strategy sampled 10 clients (out of 100)
[2024-06-21 13:52:43,282][flwr][INFO] - aggregate_fit: received 10 results and 0 failures
[2024-06-21 13:52:43,620][flwr][INFO] - fit progress: (9, 57.44960004091263, {'accuracy': 0.8545, 'precision': 0.8573342279782273, 'recall': 0.8545, 'f1': 0.8526222864549351, 'confusion_matrix': array([[ 961,    1,    2,    1,    0,    2,    5,    4,    0,    4],
       [   0, 1115,    6,    2,    0,    0,    3,    1,    8,    0],
       [  10,   34,  848,   65,    6,    3,    8,   22,   36,    0],
       [   4,   12,   21,  881,   14,    1,    3,   20,   33,   21],
       [   1,    9,    6,    2,  830,   65,   11,    2,    7,   49],
       [  17,   10,    7,   31,   13,  608,  103,   21,   23,   59],
       [  16,    6,    4,    0,    5,    5,  896,   18,    7,    1],
       [   3,   21,   16,    9,    1,    1,    2,  951,   20,    4],
       [   8,   16,   12,   13,    7,   11,    8,   17,  622,  260],
       [  25,    9,    1,    6,   33,   11,    1,   48,   42,  833]])}, 51.210634708)
[2024-06-21 13:52:43,621][flwr][INFO] - configure_evaluate: no clients selected, skipping evaluation
[2024-06-21 13:52:43,621][flwr][INFO] - 
[2024-06-21 13:52:43,621][flwr][INFO] - [ROUND 10]
[2024-06-21 13:52:43,621][flwr][INFO] - configure_fit: strategy sampled 10 clients (out of 100)
[2024-06-21 13:52:48,557][flwr][INFO] - aggregate_fit: received 10 results and 0 failures
[2024-06-21 13:52:48,892][flwr][INFO] - fit progress: (10, 60.189261078834534, {'accuracy': 0.8356, 'precision': 0.839925452237247, 'recall': 0.8356, 'f1': 0.8313242727488321, 'confusion_matrix': array([[ 962,    1,    1,    1,    0,    2,    6,    4,    0,    3],
       [   0, 1116,    8,    1,    0,    0,    3,    1,    5,    1],
       [  10,   30,  859,   58,    5,    4,    9,   21,   35,    1],
       [   3,   12,   22,  894,   11,    3,    4,   19,   22,   20],
       [   6,   11,    4,    3,  566,  289,   12,    6,   10,   75],
       [  15,    7,    3,   29,    9,  482,  272,   24,   33,   18],
       [  20,    5,    1,    1,    3,    2,  881,   39,    5,    1],
       [   2,   19,   11,   11,    1,    0,    2,  951,   22,    9],
       [   5,   13,   12,   16,    5,   14,    9,   13,  742,  145],
       [  20,    6,    0,   11,   10,    2,    0,   30,   27,  903]])}, 56.482878875)
[2024-06-21 13:52:48,893][flwr][INFO] - configure_evaluate: no clients selected, skipping evaluation
[2024-06-21 13:52:48,893][flwr][INFO] - 
[2024-06-21 13:52:48,893][flwr][INFO] - [SUMMARY]
[2024-06-21 13:52:48,893][flwr][INFO] - Run finished 10 round(s) in 56.48s
[2024-06-21 13:52:48,896][flwr][INFO] - 	History (loss, centralized):
[2024-06-21 13:52:48,897][flwr][INFO] - 		round 0: 181.76928067207336
[2024-06-21 13:52:48,897][flwr][INFO] - 		round 1: 152.09974825382233
[2024-06-21 13:52:48,897][flwr][INFO] - 		round 2: 99.92438644170761
[2024-06-21 13:52:48,897][flwr][INFO] - 		round 3: 95.80693435668945
[2024-06-21 13:52:48,897][flwr][INFO] - 		round 4: 83.97571104764938
[2024-06-21 13:52:48,897][flwr][INFO] - 		round 5: 73.7124473452568
[2024-06-21 13:52:48,897][flwr][INFO] - 		round 6: 69.2641344666481
[2024-06-21 13:52:48,897][flwr][INFO] - 		round 7: 69.31834185123444
[2024-06-21 13:52:48,897][flwr][INFO] - 		round 8: 62.96376106142998
[2024-06-21 13:52:48,897][flwr][INFO] - 		round 9: 57.44960004091263
[2024-06-21 13:52:48,897][flwr][INFO] - 		round 10: 60.189261078834534
[2024-06-21 13:52:48,897][flwr][INFO] - 	History (metrics, centralized):
[2024-06-21 13:52:48,897][flwr][INFO] - 	{'accuracy': [(0, 0.1086),
[2024-06-21 13:52:48,897][flwr][INFO] - 	              (1, 0.51),
[2024-06-21 13:52:48,897][flwr][INFO] - 	              (2, 0.6733),
[2024-06-21 13:52:48,897][flwr][INFO] - 	              (3, 0.6828),
[2024-06-21 13:52:48,897][flwr][INFO] - 	              (4, 0.69),
[2024-06-21 13:52:48,897][flwr][INFO] - 	              (5, 0.766),
[2024-06-21 13:52:48,897][flwr][INFO] - 	              (6, 0.7954),
[2024-06-21 13:52:48,897][flwr][INFO] - 	              (7, 0.79),
[2024-06-21 13:52:48,897][flwr][INFO] - 	              (8, 0.8263),
[2024-06-21 13:52:48,897][flwr][INFO] - 	              (9, 0.8545),
[2024-06-21 13:52:48,897][flwr][INFO] - 	              (10, 0.8356)],
[2024-06-21 13:52:48,897][flwr][INFO] - 	 'confusion_matrix': [(0,
[2024-06-21 13:52:48,897][flwr][INFO] - 	                       array([[   0,    8,    0,  956,    0,    1,    0,   15,    0,    0],
[2024-06-21 13:52:48,897][flwr][INFO] - 	       [   0,  122,    0, 1013,    0,    0,    0,    0,    0,    0],
[2024-06-21 13:52:48,897][flwr][INFO] - 	       [   0,   38,    0,  971,    0,    0,    3,   19,    1,    0],
[2024-06-21 13:52:48,897][flwr][INFO] - 	       [   0,   44,    0,  945,    1,    1,    0,   17,    2,    0],
[2024-06-21 13:52:48,897][flwr][INFO] - 	       [   0,  143,    0,  816,    1,    0,    2,   20,    0,    0],
[2024-06-21 13:52:48,897][flwr][INFO] - 	       [   0,  118,    0,  735,    1,    7,    0,   30,    1,    0],
[2024-06-21 13:52:48,897][flwr][INFO] - 	       [   0,  144,    0,  749,   25,    0,    2,   38,    0,    0],
[2024-06-21 13:52:48,897][flwr][INFO] - 	       [   0,  272,    0,  724,    8,    0,    0,    9,   15,    0],
[2024-06-21 13:52:48,897][flwr][INFO] - 	       [   0,   81,    0,  859,    1,    0,    1,   32,    0,    0],
[2024-06-21 13:52:48,897][flwr][INFO] - 	       [   0,  178,    0,  799,    1,    0,    0,   31,    0,    0]])),
[2024-06-21 13:52:48,897][flwr][INFO] - 	                      (1,
[2024-06-21 13:52:48,897][flwr][INFO] - 	                       array([[953,   3,   0,  10,   1,   0,  12,   1,   0,   0],
[2024-06-21 13:52:48,897][flwr][INFO] - 	       [  4, 567, 262, 284,   1,   0,   4,   0,   9,   4],
[2024-06-21 13:52:48,897][flwr][INFO] - 	       [ 49,   1, 405, 475,   1,   0,  40,  22,  37,   2],
[2024-06-21 13:52:48,897][flwr][INFO] - 	       [ 28,   2,   2, 849,  59,   0,  12,   7,  43,   8],
[2024-06-21 13:52:48,898][flwr][INFO] - 	       [434,   1,   0,  13, 402,   0,  61,   3,  14,  54],
[2024-06-21 13:52:48,898][flwr][INFO] - 	       [507,  11,   2, 133, 160,   1,  61,   2,  11,   4],
[2024-06-21 13:52:48,898][flwr][INFO] - 	       [ 58,   2,  17,   9,   1,   0, 869,   1,   0,   1],
[2024-06-21 13:52:48,898][flwr][INFO] - 	       [151,   3,   2,  38,   2,   0,   6, 542, 275,   9],
[2024-06-21 13:52:48,898][flwr][INFO] - 	       [150,   9,   6, 274,  28,   0,  13,  13, 274, 207],
[2024-06-21 13:52:48,898][flwr][INFO] - 	       [567,   0,   0,  16,  84,   0,  14,  70,  20, 238]])),
[2024-06-21 13:52:48,898][flwr][INFO] - 	                      (2,
[2024-06-21 13:52:48,898][flwr][INFO] - 	                       array([[ 807,   74,    2,    2,   15,   12,   25,    3,    1,   39],
[2024-06-21 13:52:48,898][flwr][INFO] - 	       [   0, 1107,   20,    0,    1,    0,    2,    1,    0,    4],
[2024-06-21 13:52:48,898][flwr][INFO] - 	       [   3,   64,  832,   35,   12,    8,   12,   13,   30,   23],
[2024-06-21 13:52:48,898][flwr][INFO] - 	       [   0,   67,  166,  558,   89,    2,   11,   11,   60,   46],
[2024-06-21 13:52:48,898][flwr][INFO] - 	       [   0,    8,    1,    0,  840,   60,   10,    1,    0,   62],
[2024-06-21 13:52:48,898][flwr][INFO] - 	       [   8,   84,   13,   56,  262,  268,   42,   12,    5,  142],
[2024-06-21 13:52:48,898][flwr][INFO] - 	       [   7,   39,   13,    2,   24,   14,  840,    3,    0,   16],
[2024-06-21 13:52:48,898][flwr][INFO] - 	       [   4,   46,   16,    6,   42,    1,    0,  715,  142,   56],
[2024-06-21 13:52:48,898][flwr][INFO] - 	       [   5,   72,   36,   29,   49,   10,    6,    4,  113,  650],
[2024-06-21 13:52:48,898][flwr][INFO] - 	       [   3,    9,    1,    6,  276,    7,    2,   42,   10,  653]])),
[2024-06-21 13:52:48,898][flwr][INFO] - 	                      (3,
[2024-06-21 13:52:48,898][flwr][INFO] - 	                       array([[ 951,    3,    0,    1,    3,    2,    7,    4,    1,    8],
[2024-06-21 13:52:48,898][flwr][INFO] - 	       [   0, 1088,   39,    1,    1,    0,    2,    0,    0,    4],
[2024-06-21 13:52:48,898][flwr][INFO] - 	       [  11,   75,  658,  214,   12,    8,   11,   11,   17,   15],
[2024-06-21 13:52:48,898][flwr][INFO] - 	       [  10,   44,   14,  793,   83,    2,   11,    6,   13,   34],
[2024-06-21 13:52:48,898][flwr][INFO] - 	       [   1,    9,    0,    4,  563,  335,    7,    0,    0,   63],
[2024-06-21 13:52:48,898][flwr][INFO] - 	       [  61,   63,    3,   51,  116,  398,   89,   11,    7,   93],
[2024-06-21 13:52:48,898][flwr][INFO] - 	       [  22,   38,    4,    2,   11,   19,  821,   31,    0,   10],
[2024-06-21 13:52:48,898][flwr][INFO] - 	       [  11,   49,   26,   20,   18,    7,    0,  728,  122,   47],
[2024-06-21 13:52:48,898][flwr][INFO] - 	       [  13,   71,   18,   63,   32,   16,    7,    6,   16,  732],
[2024-06-21 13:52:48,898][flwr][INFO] - 	       [  25,   14,    1,    8,  102,   21,    1,   11,   14,  812]])),
[2024-06-21 13:52:48,898][flwr][INFO] - 	                      (4,
[2024-06-21 13:52:48,898][flwr][INFO] - 	                       array([[ 723,  202,    0,    4,    1,    8,   26,    3,    2,   11],
[2024-06-21 13:52:48,898][flwr][INFO] - 	       [   0, 1110,   14,    1,    0,    2,    3,    0,    1,    4],
[2024-06-21 13:52:48,898][flwr][INFO] - 	       [   1,   55,  799,   88,    7,    9,   11,   17,   31,   14],
[2024-06-21 13:52:48,898][flwr][INFO] - 	       [   0,   26,   28,  807,   56,    8,   12,   10,   30,   33],
[2024-06-21 13:52:48,898][flwr][INFO] - 	       [   0,    6,    3,    1,  225,  698,   10,    0,    1,   38],
[2024-06-21 13:52:48,898][flwr][INFO] - 	       [  10,   34,    5,   44,   71,  571,   90,   10,    8,   49],
[2024-06-21 13:52:48,898][flwr][INFO] - 	       [   5,   17,    4,    2,    8,   13,  885,   15,    0,    9],
[2024-06-21 13:52:48,898][flwr][INFO] - 	       [   6,   42,   25,    8,   11,    9,    3,  852,   46,   26],
[2024-06-21 13:52:48,898][flwr][INFO] - 	       [   3,   42,    9,   24,   21,   35,    6,    8,  125,  701],
[2024-06-21 13:52:48,898][flwr][INFO] - 	       [  18,   14,    2,    5,   51,   79,    1,   31,    5,  803]])),
[2024-06-21 13:52:48,898][flwr][INFO] - 	                      (5,
[2024-06-21 13:52:48,898][flwr][INFO] - 	                       array([[ 952,    4,    0,    2,    3,    2,    6,    1,    1,    9],
[2024-06-21 13:52:48,898][flwr][INFO] - 	       [   1, 1106,   19,    2,    1,    0,    2,    0,    1,    3],
[2024-06-21 13:52:48,898][flwr][INFO] - 	       [  10,   90,  748,  111,   11,    2,   10,   14,   23,   13],
[2024-06-21 13:52:48,898][flwr][INFO] - 	       [   2,   33,   13,  812,   88,    3,    4,   10,   10,   35],
[2024-06-21 13:52:48,898][flwr][INFO] - 	       [   1,    8,    5,    1,  895,   19,    6,    0,    1,   46],
[2024-06-21 13:52:48,898][flwr][INFO] - 	       [  25,   26,    3,   35,  117,  486,  136,    8,    3,   53],
[2024-06-21 13:52:48,898][flwr][INFO] - 	       [  21,   23,    2,    0,   13,    5,  880,    1,    0,   13],
[2024-06-21 13:52:48,898][flwr][INFO] - 	       [   3,   39,   23,    9,   26,    0,    0,  858,   38,   32],
[2024-06-21 13:52:48,898][flwr][INFO] - 	       [   8,   55,   11,   28,   27,   11,    8,    6,   67,  753],
[2024-06-21 13:52:48,899][flwr][INFO] - 	       [  20,   11,    1,    5,   87,    8,    1,   13,    7,  856]])),
[2024-06-21 13:52:48,899][flwr][INFO] - 	                      (6,
[2024-06-21 13:52:48,899][flwr][INFO] - 	                       array([[ 952,    3,    0,    0,    0,    3,   11,    3,    3,    5],
[2024-06-21 13:52:48,899][flwr][INFO] - 	       [   0, 1090,   30,    1,    0,    1,    3,    0,   10,    0],
[2024-06-21 13:52:48,899][flwr][INFO] - 	       [   7,   40,  838,   63,   13,    4,   15,   13,   38,    1],
[2024-06-21 13:52:48,899][flwr][INFO] - 	       [   2,   24,   40,  723,  125,    7,   20,   15,   31,   23],
[2024-06-21 13:52:48,899][flwr][INFO] - 	       [   1,    7,    2,    5,  828,   87,   16,    0,    5,   31],
[2024-06-21 13:52:48,899][flwr][INFO] - 	       [  13,   16,    3,    7,   21,  281,  475,   11,   41,   24],
[2024-06-21 13:52:48,899][flwr][INFO] - 	       [  11,    4,    1,    1,   11,    2,  923,    2,    3,    0],
[2024-06-21 13:52:48,899][flwr][INFO] - 	       [   2,   16,   30,   14,   13,    0,    3,  904,   32,   14],
[2024-06-21 13:52:48,899][flwr][INFO] - 	       [   6,   14,   16,   21,    9,   24,   28,   12,  560,  284],
[2024-06-21 13:52:48,899][flwr][INFO] - 	       [  15,    7,    0,    7,   64,   13,    1,   19,   28,  855]])),
[2024-06-21 13:52:48,899][flwr][INFO] - 	                      (7,
[2024-06-21 13:52:48,899][flwr][INFO] - 	                       array([[ 962,    2,    0,    0,    0,    1,    8,    2,    2,    3],
[2024-06-21 13:52:48,899][flwr][INFO] - 	       [   0, 1119,    4,    3,    0,    1,    3,    0,    5,    0],
[2024-06-21 13:52:48,899][flwr][INFO] - 	       [  10,   56,  826,   67,    6,    1,    9,   27,   30,    0],
[2024-06-21 13:52:48,899][flwr][INFO] - 	       [   2,   14,   17,  902,    8,    5,    8,   22,   22,   10],
[2024-06-21 13:52:48,899][flwr][INFO] - 	       [   4,   25,    7,    7,  650,  221,   12,    3,   10,   43],
[2024-06-21 13:52:48,899][flwr][INFO] - 	       [  15,   15,    5,   42,    9,  209,  539,   27,   18,   13],
[2024-06-21 13:52:48,899][flwr][INFO] - 	       [  12,   10,    2,    1,    5,    1,  918,    4,    2,    3],
[2024-06-21 13:52:48,899][flwr][INFO] - 	       [   2,   31,   17,   11,    6,    0,    2,  951,    6,    2],
[2024-06-21 13:52:48,899][flwr][INFO] - 	       [   9,   39,    5,   28,    9,   17,   17,   21,  621,  208],
[2024-06-21 13:52:48,899][flwr][INFO] - 	       [  50,   11,    1,   10,   38,   15,    1,  115,   26,  742]])),
[2024-06-21 13:52:48,899][flwr][INFO] - 	                      (8,
[2024-06-21 13:52:48,899][flwr][INFO] - 	                       array([[ 962,    1,    0,    0,    0,    3,    7,    3,    2,    2],
[2024-06-21 13:52:48,899][flwr][INFO] - 	       [   0, 1113,   10,    1,    0,    2,    3,    1,    5,    0],
[2024-06-21 13:52:48,899][flwr][INFO] - 	       [   8,   44,  851,   45,   17,    3,    9,   19,   36,    0],
[2024-06-21 13:52:48,899][flwr][INFO] - 	       [   5,   15,   20,  876,   21,    7,    4,   21,   24,   17],
[2024-06-21 13:52:48,899][flwr][INFO] - 	       [   3,    3,    2,    2,  886,   66,    5,    1,    3,   11],
[2024-06-21 13:52:48,899][flwr][INFO] - 	       [  27,    9,    4,   36,    5,  444,  307,   16,   15,   29],
[2024-06-21 13:52:48,899][flwr][INFO] - 	       [  19,    3,    2,    0,   16,    6,  907,    2,    2,    1],
[2024-06-21 13:52:48,899][flwr][INFO] - 	       [   2,   16,   19,    6,   14,    1,    1,  939,   26,    4],
[2024-06-21 13:52:48,899][flwr][INFO] - 	       [  11,   23,    7,   22,   10,   26,   13,   10,  519,  333],
[2024-06-21 13:52:48,899][flwr][INFO] - 	       [  53,    8,    1,    6,   87,   11,    1,   29,   47,  766]])),
[2024-06-21 13:52:48,899][flwr][INFO] - 	                      (9,
[2024-06-21 13:52:48,899][flwr][INFO] - 	                       array([[ 961,    1,    2,    1,    0,    2,    5,    4,    0,    4],
[2024-06-21 13:52:48,899][flwr][INFO] - 	       [   0, 1115,    6,    2,    0,    0,    3,    1,    8,    0],
[2024-06-21 13:52:48,899][flwr][INFO] - 	       [  10,   34,  848,   65,    6,    3,    8,   22,   36,    0],
[2024-06-21 13:52:48,899][flwr][INFO] - 	       [   4,   12,   21,  881,   14,    1,    3,   20,   33,   21],
[2024-06-21 13:52:48,899][flwr][INFO] - 	       [   1,    9,    6,    2,  830,   65,   11,    2,    7,   49],
[2024-06-21 13:52:48,899][flwr][INFO] - 	       [  17,   10,    7,   31,   13,  608,  103,   21,   23,   59],
[2024-06-21 13:52:48,899][flwr][INFO] - 	       [  16,    6,    4,    0,    5,    5,  896,   18,    7,    1],
[2024-06-21 13:52:48,899][flwr][INFO] - 	       [   3,   21,   16,    9,    1,    1,    2,  951,   20,    4],
[2024-06-21 13:52:48,899][flwr][INFO] - 	       [   8,   16,   12,   13,    7,   11,    8,   17,  622,  260],
[2024-06-21 13:52:48,899][flwr][INFO] - 	       [  25,    9,    1,    6,   33,   11,    1,   48,   42,  833]])),
[2024-06-21 13:52:48,899][flwr][INFO] - 	                      (10,
[2024-06-21 13:52:48,899][flwr][INFO] - 	                       array([[ 962,    1,    1,    1,    0,    2,    6,    4,    0,    3],
[2024-06-21 13:52:48,899][flwr][INFO] - 	       [   0, 1116,    8,    1,    0,    0,    3,    1,    5,    1],
[2024-06-21 13:52:48,899][flwr][INFO] - 	       [  10,   30,  859,   58,    5,    4,    9,   21,   35,    1],
[2024-06-21 13:52:48,900][flwr][INFO] - 	       [   3,   12,   22,  894,   11,    3,    4,   19,   22,   20],
[2024-06-21 13:52:48,900][flwr][INFO] - 	       [   6,   11,    4,    3,  566,  289,   12,    6,   10,   75],
[2024-06-21 13:52:48,900][flwr][INFO] - 	       [  15,    7,    3,   29,    9,  482,  272,   24,   33,   18],
[2024-06-21 13:52:48,900][flwr][INFO] - 	       [  20,    5,    1,    1,    3,    2,  881,   39,    5,    1],
[2024-06-21 13:52:48,900][flwr][INFO] - 	       [   2,   19,   11,   11,    1,    0,    2,  951,   22,    9],
[2024-06-21 13:52:48,900][flwr][INFO] - 	       [   5,   13,   12,   16,    5,   14,    9,   13,  742,  145],
[2024-06-21 13:52:48,900][flwr][INFO] - 	       [  20,    6,    0,   11,   10,    2,    0,   30,   27,  903]]))],
[2024-06-21 13:52:48,900][flwr][INFO] - 	 'f1': [(0, 0.03553137346181725),
[2024-06-21 13:52:48,900][flwr][INFO] - 	        (1, 0.48260987091895313),
[2024-06-21 13:52:48,900][flwr][INFO] - 	        (2, 0.6576651170360382),
[2024-06-21 13:52:48,900][flwr][INFO] - 	        (3, 0.6579911715017773),
[2024-06-21 13:52:48,900][flwr][INFO] - 	        (4, 0.6706492604672556),
[2024-06-21 13:52:48,900][flwr][INFO] - 	        (5, 0.7424819425969652),
[2024-06-21 13:52:48,900][flwr][INFO] - 	        (6, 0.7861448795254702),
[2024-06-21 13:52:48,900][flwr][INFO] - 	        (7, 0.7780457133022325),
[2024-06-21 13:52:48,900][flwr][INFO] - 	        (8, 0.8198552743026947),
[2024-06-21 13:52:48,900][flwr][INFO] - 	        (9, 0.8526222864549351),
[2024-06-21 13:52:48,900][flwr][INFO] - 	        (10, 0.8313242727488321)],
[2024-06-21 13:52:48,900][flwr][INFO] - 	 'precision': [(0, 0.12349967530374152),
[2024-06-21 13:52:48,900][flwr][INFO] - 	               (1, 0.6282852707403133),
[2024-06-21 13:52:48,900][flwr][INFO] - 	               (2, 0.6930609451576721),
[2024-06-21 13:52:48,900][flwr][INFO] - 	               (3, 0.658347558243434),
[2024-06-21 13:52:48,900][flwr][INFO] - 	               (4, 0.7044850747786966),
[2024-06-21 13:52:48,900][flwr][INFO] - 	               (5, 0.7725370296710785),
[2024-06-21 13:52:48,900][flwr][INFO] - 	               (6, 0.8014423343870514),
[2024-06-21 13:52:48,900][flwr][INFO] - 	               (7, 0.7889198157683952),
[2024-06-21 13:52:48,900][flwr][INFO] - 	               (8, 0.8284202974758227),
[2024-06-21 13:52:48,900][flwr][INFO] - 	               (9, 0.8573342279782273),
[2024-06-21 13:52:48,900][flwr][INFO] - 	               (10, 0.839925452237247)],
[2024-06-21 13:52:48,900][flwr][INFO] - 	 'recall': [(0, 0.1086),
[2024-06-21 13:52:48,900][flwr][INFO] - 	            (1, 0.51),
[2024-06-21 13:52:48,900][flwr][INFO] - 	            (2, 0.6733),
[2024-06-21 13:52:48,900][flwr][INFO] - 	            (3, 0.6828),
[2024-06-21 13:52:48,900][flwr][INFO] - 	            (4, 0.69),
[2024-06-21 13:52:48,900][flwr][INFO] - 	            (5, 0.766),
[2024-06-21 13:52:48,900][flwr][INFO] - 	            (6, 0.7954),
[2024-06-21 13:52:48,900][flwr][INFO] - 	            (7, 0.79),
[2024-06-21 13:52:48,900][flwr][INFO] - 	            (8, 0.8263),
[2024-06-21 13:52:48,900][flwr][INFO] - 	            (9, 0.8545),
[2024-06-21 13:52:48,900][flwr][INFO] - 	            (10, 0.8356)]}
[2024-06-21 13:52:48,900][flwr][INFO] - 
