[2024-06-21 13:38:12,435][flwr][INFO] - Starting Flower simulation, config: num_rounds=10, no round_timeout
[2024-06-21 13:38:14,398][flwr][INFO] - Flower VCE: Ray initialized with resources: {'memory': 9783122330.0, 'node:127.0.0.1': 1.0, 'CPU': 12.0, 'object_store_memory': 2147483648.0, 'node:__internal_head__': 1.0}
[2024-06-21 13:38:14,398][flwr][INFO] - Optimize your simulation with Flower VCE: https://flower.ai/docs/framework/how-to-run-simulations.html
[2024-06-21 13:38:14,398][flwr][INFO] - Flower VCE: Resources for each Virtual Client: {'num_cpus': 2, 'num_gpus': 0}
[2024-06-21 13:38:14,404][flwr][INFO] - Flower VCE: Creating VirtualClientEngineActorPool with 6 actors
[2024-06-21 13:38:14,404][flwr][INFO] - [INIT]
[2024-06-21 13:38:14,404][flwr][INFO] - Requesting initial parameters from one random client
[2024-06-21 13:38:15,897][flwr][INFO] - Received initial parameters from one random client
[2024-06-21 13:38:15,897][flwr][INFO] - Evaluating initial global parameters
[2024-06-21 13:38:16,225][flwr][INFO] - initial parameters (loss, other metrics): 181.76928067207336, {'accuracy': 0.1086, 'precision': 0.12349967530374152, 'recall': 0.1086, 'f1': 0.03553137346181725, 'confusion_matrix': array([[   0,    8,    0,  956,    0,    1,    0,   15,    0,    0],
       [   0,  122,    0, 1013,    0,    0,    0,    0,    0,    0],
       [   0,   38,    0,  971,    0,    0,    3,   19,    1,    0],
       [   0,   44,    0,  945,    1,    1,    0,   17,    2,    0],
       [   0,  143,    0,  816,    1,    0,    2,   20,    0,    0],
       [   0,  118,    0,  735,    1,    7,    0,   30,    1,    0],
       [   0,  144,    0,  749,   25,    0,    2,   38,    0,    0],
       [   0,  272,    0,  724,    8,    0,    0,    9,   15,    0],
       [   0,   81,    0,  859,    1,    0,    1,   32,    0,    0],
       [   0,  178,    0,  799,    1,    0,    0,   31,    0,    0]])}
[2024-06-21 13:38:16,225][flwr][INFO] - 
[2024-06-21 13:38:16,225][flwr][INFO] - [ROUND 1]
[2024-06-21 13:38:16,226][flwr][INFO] - configure_fit: strategy sampled 10 clients (out of 100)
[2024-06-21 13:38:22,436][flwr][INFO] - aggregate_fit: received 10 results and 0 failures
[2024-06-21 13:38:22,442][flwr][WARNING] - No fit_metrics_aggregation_fn provided
[2024-06-21 13:38:22,796][flwr][INFO] - fit progress: (1, 164.43405675888062, {'accuracy': 0.2565, 'precision': 0.2049869591848767, 'recall': 0.2565, 'f1': 0.21229691548808746, 'confusion_matrix': array([[ 416,   36,    2,   12,    4,    3,  501,    1,    1,    4],
       [   0,    0, 1115,    3,   11,    0,    2,    1,    0,    3],
       [   3,    0,  369,  545,   18,    0,   52,    7,   25,   13],
       [   0,    0,   39,  131,  747,    0,   19,    0,   53,   21],
       [ 113,    0,   23,    2,  357,   75,  119,    3,    6,  284],
       [  54,    0,   56,   12,  223,   19,  493,    2,   26,    7],
       [   7,    0,   38,   28,   29,    1,  628,  223,    0,    4],
       [  43,    0,   50,    3,   16,    0,    0,    2,  862,   52],
       [   9,    0,  112,   22,  233,    1,  121,    1,   46,  429],
       [ 148,    0,    7,    6,  136,    0,   12,    1,  102,  597]])}, 6.570625875)
[2024-06-21 13:38:22,796][flwr][INFO] - configure_evaluate: no clients selected, skipping evaluation
[2024-06-21 13:38:22,796][flwr][INFO] - 
[2024-06-21 13:38:22,796][flwr][INFO] - [ROUND 2]
[2024-06-21 13:38:22,797][flwr][INFO] - configure_fit: strategy sampled 10 clients (out of 100)
[2024-06-21 13:38:28,165][flwr][INFO] - aggregate_fit: received 10 results and 0 failures
[2024-06-21 13:38:28,506][flwr][INFO] - fit progress: (2, 177.05519008636475, {'accuracy': 0.2131, 'precision': 0.17540234785740885, 'recall': 0.2131, 'f1': 0.18996294735788502, 'confusion_matrix': array([[ 712,  190,    1,   20,    2,    7,   37,    5,    1,    5],
       [   1,    0, 1117,    3,    6,    0,    5,    0,    0,    3],
       [  16,    2,  233,  693,    7,   13,   14,   15,   14,   25],
       [   0,    0,   19,  247,  661,    0,   12,    4,   18,   49],
       [  49,    0,    4,    0,   63,  804,   20,    6,    2,   34],
       [  96,    1,   24,   30,  200,  198,  327,    1,    5,   10],
       [  17,    0,   13,   12,    5,    4,  418,  488,    0,    1],
       [ 103,    0,   45,    8,    7,    8,    0,    2,  827,   28],
       [  35,    0,   60,   24,  152,   14,   52,    1,    5,  631],
       [ 553,    0,    3,    2,   67,   82,    4,    3,   42,  253]])}, 12.280478457999997)
[2024-06-21 13:38:28,506][flwr][INFO] - configure_evaluate: no clients selected, skipping evaluation
[2024-06-21 13:38:28,506][flwr][INFO] - 
[2024-06-21 13:38:28,506][flwr][INFO] - [ROUND 3]
[2024-06-21 13:38:28,506][flwr][INFO] - configure_fit: strategy sampled 10 clients (out of 100)
[2024-06-21 13:38:33,385][flwr][INFO] - aggregate_fit: received 10 results and 0 failures
[2024-06-21 13:38:33,722][flwr][INFO] - fit progress: (3, 143.99011492729187, {'accuracy': 0.2259, 'precision': 0.19508785733258774, 'recall': 0.2259, 'f1': 0.2077630703066284, 'confusion_matrix': array([[ 485,  390,    2,   13,    0,    5,   61,   18,    1,    5],
       [   0,    0, 1122,    3,    0,    0,    6,    0,    1,    3],
       [   7,    5,  348,  602,    3,    9,    7,   19,   18,   14],
       [   1,    0,   26,  454,  438,    1,   13,    6,   36,   35],
       [  17,    0,    3,    1,   43,  840,   13,   10,    3,   52],
       [  39,    8,   19,   36,   62,  222,  451,    4,   25,   26],
       [   1,    3,    5,    6,    2,    6,  360,  574,    0,    1],
       [  43,    0,   49,   16,    5,    8,    0,    6,  889,   12],
       [  17,    1,   70,   29,   28,   16,   43,    4,   21,  745],
       [ 452,    1,    3,    4,   34,   65,    5,    4,  121,  320]])}, 17.497462374999998)
[2024-06-21 13:38:33,723][flwr][INFO] - configure_evaluate: no clients selected, skipping evaluation
[2024-06-21 13:38:33,723][flwr][INFO] - 
[2024-06-21 13:38:33,723][flwr][INFO] - [ROUND 4]
[2024-06-21 13:38:33,723][flwr][INFO] - configure_fit: strategy sampled 10 clients (out of 100)
[2024-06-21 13:38:38,670][flwr][INFO] - aggregate_fit: received 10 results and 0 failures
[2024-06-21 13:38:39,025][flwr][INFO] - fit progress: (4, 137.7506068944931, {'accuracy': 0.2062, 'precision': 0.18241316424505236, 'recall': 0.2062, 'f1': 0.18288103588058927, 'confusion_matrix': array([[ 178,  691,    0,    6,    0,    5,   69,   14,    2,   15],
       [   0,    3, 1113,    3,    0,    1,    8,    0,    0,    7],
       [   1,    6,  349,  573,    5,   14,   15,   16,   21,   32],
       [   0,    1,   14,  258,  622,   10,   21,    5,   14,   65],
       [   2,    0,    2,    2,   14,  908,   11,    5,    0,   38],
       [   8,    6,    7,   23,   37,  160,  610,    3,    9,   29],
       [   0,    6,    4,    4,    0,   10,  396,  535,    0,    3],
       [  66,    0,   40,    9,    5,   23,    0,    8,  824,   53],
       [   3,    1,   26,   12,   23,   24,   62,    2,    6,  815],
       [ 148,    2,    3,    2,   16,  125,    5,    6,   12,  690]])}, 22.799894875)
[2024-06-21 13:38:39,025][flwr][INFO] - configure_evaluate: no clients selected, skipping evaluation
[2024-06-21 13:38:39,025][flwr][INFO] - 
[2024-06-21 13:38:39,025][flwr][INFO] - [ROUND 5]
[2024-06-21 13:38:39,026][flwr][INFO] - configure_fit: strategy sampled 10 clients (out of 100)
[2024-06-21 13:38:43,812][flwr][INFO] - aggregate_fit: received 10 results and 0 failures
[2024-06-21 13:38:44,154][flwr][INFO] - fit progress: (5, 133.5702623128891, {'accuracy': 0.1646, 'precision': 0.1380513433794733, 'recall': 0.1646, 'f1': 0.14885919709888654, 'confusion_matrix': array([[ 395,  559,    0,    0,    0,    2,    8,    9,    0,    7],
       [   1,    2, 1111,    3,    0,    0,    8,    0,    0,   10],
       [  10,    6,  189,  738,   10,    5,    7,   16,   12,   39],
       [   1,    6,   12,  153,  730,    0,   15,    5,   12,   76],
       [  40,    0,    0,    3,   66,  810,    9,    6,    0,   48],
       [  42,    8,    4,   12,   51,   77,  624,    4,    5,   65],
       [   8,    9,    3,    3,    1,    6,  369,  555,    0,    4],
       [ 149,    0,   35,   23,    4,    8,    0,   21,  750,   38],
       [  13,    4,   17,    7,   15,    7,   31,    1,    2,  877],
       [ 573,    1,    4,    1,   18,   30,    0,    4,    6,  372]])}, 27.92934075)
[2024-06-21 13:38:44,155][flwr][INFO] - configure_evaluate: no clients selected, skipping evaluation
[2024-06-21 13:38:44,155][flwr][INFO] - 
[2024-06-21 13:38:44,155][flwr][INFO] - [ROUND 6]
[2024-06-21 13:38:44,155][flwr][INFO] - configure_fit: strategy sampled 10 clients (out of 100)
[2024-06-21 13:38:48,923][flwr][INFO] - aggregate_fit: received 10 results and 0 failures
[2024-06-21 13:38:49,257][flwr][INFO] - fit progress: (6, 133.2555478811264, {'accuracy': 0.1455, 'precision': 0.11118210055215075, 'recall': 0.1455, 'f1': 0.12316614162401274, 'confusion_matrix': array([[  22,  930,    0,    4,    0,    3,    8,    9,    2,    2],
       [   0,   23, 1087,    7,    0,    1,   10,    0,    1,    6],
       [   1,   10,   57,  904,    3,   12,   10,   13,   22,    0],
       [   1,    0,    5,  627,  305,    7,   25,    1,   18,   21],
       [   9,    1,    0,    6,   13,  927,    9,    5,    1,   11],
       [   6,   12,    1,   42,   11,  114,  679,    3,   16,    8],
       [   2,   12,    2,    3,    0,   11,  400,  527,    0,    1],
       [  44,    0,   19,   66,    5,   12,    1,    9,  868,    4],
       [   5,    8,   17,   80,    3,   28,   69,    1,  127,  636],
       [ 759,    4,    3,    8,   13,  114,    2,    2,   41,   63]])}, 33.032064583)
[2024-06-21 13:38:49,257][flwr][INFO] - configure_evaluate: no clients selected, skipping evaluation
[2024-06-21 13:38:49,257][flwr][INFO] - 
[2024-06-21 13:38:49,257][flwr][INFO] - [ROUND 7]
[2024-06-21 13:38:49,258][flwr][INFO] - configure_fit: strategy sampled 10 clients (out of 100)
[2024-06-21 13:38:54,321][flwr][INFO] - aggregate_fit: received 10 results and 0 failures
[2024-06-21 13:38:54,715][flwr][INFO] - fit progress: (7, 116.45513010025024, {'accuracy': 0.1719, 'precision': 0.15206188418521296, 'recall': 0.1719, 'f1': 0.15874737798235836, 'confusion_matrix': array([[ 584,  362,    0,    2,    0,    3,   11,   13,    1,    4],
       [   1,   34, 1083,    3,    1,    0,    6,    2,    0,    5],
       [   9,    3,  221,  732,   10,    3,    4,   14,   10,   26],
       [   0,    1,   14,  152,  777,    1,   10,    3,   11,   41],
       [  22,    2,    1,    3,  115,  773,   10,   11,    1,   44],
       [  19,    3,    3,   16,   44,   96,  671,    8,    7,   25],
       [   6,    4,    3,    2,    2,    4,  152,  782,    0,    3],
       [  36,    0,   38,   48,    5,    6,    0,   18,  861,   16],
       [  15,    3,   29,   21,   17,   16,   34,    5,   11,  823],
       [ 575,    2,    4,    4,   24,   36,    1,    2,   25,  336]])}, 38.490130667)
[2024-06-21 13:38:54,715][flwr][INFO] - configure_evaluate: no clients selected, skipping evaluation
[2024-06-21 13:38:54,715][flwr][INFO] - 
[2024-06-21 13:38:54,715][flwr][INFO] - [ROUND 8]
[2024-06-21 13:38:54,716][flwr][INFO] - configure_fit: strategy sampled 10 clients (out of 100)
[2024-06-21 13:38:59,696][flwr][INFO] - aggregate_fit: received 10 results and 0 failures
[2024-06-21 13:39:00,035][flwr][INFO] - fit progress: (8, 125.13837814331055, {'accuracy': 0.1402, 'precision': 0.11894848762611243, 'recall': 0.1402, 'f1': 0.12733828291560673, 'confusion_matrix': array([[  25,  924,    0,    3,    0,    4,    8,   11,    3,    2],
       [   1,   33, 1078,    3,    0,    1,    9,    0,    5,    5],
       [   2,   10,  112,  820,    8,   16,    6,   10,   35,   13],
       [   1,    3,    6,  345,  570,    8,   22,    0,   22,   33],
       [  19,    1,    0,    4,   18,  907,   11,    5,    1,   16],
       [   9,    7,    0,   17,   13,   63,  753,    5,   13,   12],
       [   1,   10,    3,    2,    0,   11,  428,  501,    0,    2],
       [  51,    1,   16,   27,    4,    8,    0,   11,  901,    9],
       [  11,    4,   13,   18,    8,   25,   55,    0,  274,  566],
       [ 808,    4,    3,    3,   15,   61,    2,    2,   18,   93]])}, 43.809948125)
[2024-06-21 13:39:00,035][flwr][INFO] - configure_evaluate: no clients selected, skipping evaluation
[2024-06-21 13:39:00,035][flwr][INFO] - 
[2024-06-21 13:39:00,035][flwr][INFO] - [ROUND 9]
[2024-06-21 13:39:00,035][flwr][INFO] - configure_fit: strategy sampled 10 clients (out of 100)
[2024-06-21 13:39:05,022][flwr][INFO] - aggregate_fit: received 10 results and 0 failures
[2024-06-21 13:39:05,370][flwr][INFO] - fit progress: (9, 133.81460452079773, {'accuracy': 0.0918, 'precision': 0.08741012381585014, 'recall': 0.0918, 'f1': 0.0891726301628528, 'confusion_matrix': array([[  41,  927,    0,    0,    1,    1,    3,    5,    0,    2],
       [   0,  104, 1012,    3,    2,    0,    4,    3,    0,    7],
       [   6,   13,   82,  873,    8,    6,    1,    9,   11,   23],
       [   1,    2,    6,  121,  823,    3,    8,    0,   16,   30],
       [  28,    4,    2,    6,  164,  731,    1,   10,    1,   35],
       [  23,    9,    1,    9,   47,  116,  637,    7,    8,   35],
       [   0,   20,    2,    1,    1,   10,   59,  860,    0,    5],
       [  36,    3,   21,   39,    4,    5,    0,    4,  907,    9],
       [  12,    9,   14,   18,   16,   10,   13,    6,    8,  868],
       [ 708,    5,    4,    3,   30,   18,    0,    1,   21,  219]])}, 49.145429583)
[2024-06-21 13:39:05,370][flwr][INFO] - configure_evaluate: no clients selected, skipping evaluation
[2024-06-21 13:39:05,370][flwr][INFO] - 
[2024-06-21 13:39:05,371][flwr][INFO] - [ROUND 10]
[2024-06-21 13:39:05,371][flwr][INFO] - configure_fit: strategy sampled 10 clients (out of 100)
[2024-06-21 13:39:11,061][flwr][INFO] - aggregate_fit: received 10 results and 0 failures
[2024-06-21 13:39:11,404][flwr][INFO] - fit progress: (10, 113.09738683700562, {'accuracy': 0.2384, 'precision': 0.18594764833254485, 'recall': 0.2384, 'f1': 0.19762645694428338, 'confusion_matrix': array([[ 750,  189,    0,    6,    0,    1,   22,    6,    1,    5],
       [   0,    0, 1115,    3,    1,    0,    7,    1,    0,    8],
       [   5,    1,  197,  767,   12,    4,    8,    4,   13,   21],
       [   0,    1,    9,  141,  790,    0,   20,    0,   15,   34],
       [  33,    0,    5,    2,  232,  665,   15,    1,    1,   28],
       [  10,    2,    1,    6,   23,   48,  768,    7,    4,   23],
       [   7,    3,    2,    1,    2,    6,  789,  145,    0,    3],
       [  20,    0,   26,   33,    7,    6,    1,   49,  876,   10],
       [   9,    0,   15,   12,   15,    9,   47,    1,   11,  855],
       [ 744,    1,    5,    2,   40,   19,    5,    2,   24,  167]])}, 55.179413417)
[2024-06-21 13:39:11,404][flwr][INFO] - configure_evaluate: no clients selected, skipping evaluation
[2024-06-21 13:39:11,405][flwr][INFO] - 
[2024-06-21 13:39:11,405][flwr][INFO] - [SUMMARY]
[2024-06-21 13:39:11,405][flwr][INFO] - Run finished 10 round(s) in 55.18s
[2024-06-21 13:39:11,408][flwr][INFO] - 	History (loss, centralized):
[2024-06-21 13:39:11,408][flwr][INFO] - 		round 0: 181.76928067207336
[2024-06-21 13:39:11,408][flwr][INFO] - 		round 1: 164.43405675888062
[2024-06-21 13:39:11,408][flwr][INFO] - 		round 2: 177.05519008636475
[2024-06-21 13:39:11,408][flwr][INFO] - 		round 3: 143.99011492729187
[2024-06-21 13:39:11,408][flwr][INFO] - 		round 4: 137.7506068944931
[2024-06-21 13:39:11,409][flwr][INFO] - 		round 5: 133.5702623128891
[2024-06-21 13:39:11,409][flwr][INFO] - 		round 6: 133.2555478811264
[2024-06-21 13:39:11,409][flwr][INFO] - 		round 7: 116.45513010025024
[2024-06-21 13:39:11,409][flwr][INFO] - 		round 8: 125.13837814331055
[2024-06-21 13:39:11,409][flwr][INFO] - 		round 9: 133.81460452079773
[2024-06-21 13:39:11,409][flwr][INFO] - 		round 10: 113.09738683700562
[2024-06-21 13:39:11,409][flwr][INFO] - 	History (metrics, centralized):
[2024-06-21 13:39:11,409][flwr][INFO] - 	{'accuracy': [(0, 0.1086),
[2024-06-21 13:39:11,409][flwr][INFO] - 	              (1, 0.2565),
[2024-06-21 13:39:11,409][flwr][INFO] - 	              (2, 0.2131),
[2024-06-21 13:39:11,409][flwr][INFO] - 	              (3, 0.2259),
[2024-06-21 13:39:11,409][flwr][INFO] - 	              (4, 0.2062),
[2024-06-21 13:39:11,409][flwr][INFO] - 	              (5, 0.1646),
[2024-06-21 13:39:11,409][flwr][INFO] - 	              (6, 0.1455),
[2024-06-21 13:39:11,409][flwr][INFO] - 	              (7, 0.1719),
[2024-06-21 13:39:11,409][flwr][INFO] - 	              (8, 0.1402),
[2024-06-21 13:39:11,409][flwr][INFO] - 	              (9, 0.0918),
[2024-06-21 13:39:11,409][flwr][INFO] - 	              (10, 0.2384)],
[2024-06-21 13:39:11,409][flwr][INFO] - 	 'confusion_matrix': [(0,
[2024-06-21 13:39:11,409][flwr][INFO] - 	                       array([[   0,    8,    0,  956,    0,    1,    0,   15,    0,    0],
[2024-06-21 13:39:11,409][flwr][INFO] - 	       [   0,  122,    0, 1013,    0,    0,    0,    0,    0,    0],
[2024-06-21 13:39:11,409][flwr][INFO] - 	       [   0,   38,    0,  971,    0,    0,    3,   19,    1,    0],
[2024-06-21 13:39:11,409][flwr][INFO] - 	       [   0,   44,    0,  945,    1,    1,    0,   17,    2,    0],
[2024-06-21 13:39:11,409][flwr][INFO] - 	       [   0,  143,    0,  816,    1,    0,    2,   20,    0,    0],
[2024-06-21 13:39:11,409][flwr][INFO] - 	       [   0,  118,    0,  735,    1,    7,    0,   30,    1,    0],
[2024-06-21 13:39:11,409][flwr][INFO] - 	       [   0,  144,    0,  749,   25,    0,    2,   38,    0,    0],
[2024-06-21 13:39:11,409][flwr][INFO] - 	       [   0,  272,    0,  724,    8,    0,    0,    9,   15,    0],
[2024-06-21 13:39:11,409][flwr][INFO] - 	       [   0,   81,    0,  859,    1,    0,    1,   32,    0,    0],
[2024-06-21 13:39:11,409][flwr][INFO] - 	       [   0,  178,    0,  799,    1,    0,    0,   31,    0,    0]])),
[2024-06-21 13:39:11,409][flwr][INFO] - 	                      (1,
[2024-06-21 13:39:11,409][flwr][INFO] - 	                       array([[ 416,   36,    2,   12,    4,    3,  501,    1,    1,    4],
[2024-06-21 13:39:11,409][flwr][INFO] - 	       [   0,    0, 1115,    3,   11,    0,    2,    1,    0,    3],
[2024-06-21 13:39:11,409][flwr][INFO] - 	       [   3,    0,  369,  545,   18,    0,   52,    7,   25,   13],
[2024-06-21 13:39:11,409][flwr][INFO] - 	       [   0,    0,   39,  131,  747,    0,   19,    0,   53,   21],
[2024-06-21 13:39:11,409][flwr][INFO] - 	       [ 113,    0,   23,    2,  357,   75,  119,    3,    6,  284],
[2024-06-21 13:39:11,409][flwr][INFO] - 	       [  54,    0,   56,   12,  223,   19,  493,    2,   26,    7],
[2024-06-21 13:39:11,409][flwr][INFO] - 	       [   7,    0,   38,   28,   29,    1,  628,  223,    0,    4],
[2024-06-21 13:39:11,409][flwr][INFO] - 	       [  43,    0,   50,    3,   16,    0,    0,    2,  862,   52],
[2024-06-21 13:39:11,409][flwr][INFO] - 	       [   9,    0,  112,   22,  233,    1,  121,    1,   46,  429],
[2024-06-21 13:39:11,409][flwr][INFO] - 	       [ 148,    0,    7,    6,  136,    0,   12,    1,  102,  597]])),
[2024-06-21 13:39:11,409][flwr][INFO] - 	                      (2,
[2024-06-21 13:39:11,409][flwr][INFO] - 	                       array([[ 712,  190,    1,   20,    2,    7,   37,    5,    1,    5],
[2024-06-21 13:39:11,409][flwr][INFO] - 	       [   1,    0, 1117,    3,    6,    0,    5,    0,    0,    3],
[2024-06-21 13:39:11,409][flwr][INFO] - 	       [  16,    2,  233,  693,    7,   13,   14,   15,   14,   25],
[2024-06-21 13:39:11,409][flwr][INFO] - 	       [   0,    0,   19,  247,  661,    0,   12,    4,   18,   49],
[2024-06-21 13:39:11,409][flwr][INFO] - 	       [  49,    0,    4,    0,   63,  804,   20,    6,    2,   34],
[2024-06-21 13:39:11,409][flwr][INFO] - 	       [  96,    1,   24,   30,  200,  198,  327,    1,    5,   10],
[2024-06-21 13:39:11,409][flwr][INFO] - 	       [  17,    0,   13,   12,    5,    4,  418,  488,    0,    1],
[2024-06-21 13:39:11,410][flwr][INFO] - 	       [ 103,    0,   45,    8,    7,    8,    0,    2,  827,   28],
[2024-06-21 13:39:11,410][flwr][INFO] - 	       [  35,    0,   60,   24,  152,   14,   52,    1,    5,  631],
[2024-06-21 13:39:11,410][flwr][INFO] - 	       [ 553,    0,    3,    2,   67,   82,    4,    3,   42,  253]])),
[2024-06-21 13:39:11,410][flwr][INFO] - 	                      (3,
[2024-06-21 13:39:11,410][flwr][INFO] - 	                       array([[ 485,  390,    2,   13,    0,    5,   61,   18,    1,    5],
[2024-06-21 13:39:11,410][flwr][INFO] - 	       [   0,    0, 1122,    3,    0,    0,    6,    0,    1,    3],
[2024-06-21 13:39:11,410][flwr][INFO] - 	       [   7,    5,  348,  602,    3,    9,    7,   19,   18,   14],
[2024-06-21 13:39:11,410][flwr][INFO] - 	       [   1,    0,   26,  454,  438,    1,   13,    6,   36,   35],
[2024-06-21 13:39:11,410][flwr][INFO] - 	       [  17,    0,    3,    1,   43,  840,   13,   10,    3,   52],
[2024-06-21 13:39:11,410][flwr][INFO] - 	       [  39,    8,   19,   36,   62,  222,  451,    4,   25,   26],
[2024-06-21 13:39:11,410][flwr][INFO] - 	       [   1,    3,    5,    6,    2,    6,  360,  574,    0,    1],
[2024-06-21 13:39:11,410][flwr][INFO] - 	       [  43,    0,   49,   16,    5,    8,    0,    6,  889,   12],
[2024-06-21 13:39:11,410][flwr][INFO] - 	       [  17,    1,   70,   29,   28,   16,   43,    4,   21,  745],
[2024-06-21 13:39:11,410][flwr][INFO] - 	       [ 452,    1,    3,    4,   34,   65,    5,    4,  121,  320]])),
[2024-06-21 13:39:11,410][flwr][INFO] - 	                      (4,
[2024-06-21 13:39:11,410][flwr][INFO] - 	                       array([[ 178,  691,    0,    6,    0,    5,   69,   14,    2,   15],
[2024-06-21 13:39:11,410][flwr][INFO] - 	       [   0,    3, 1113,    3,    0,    1,    8,    0,    0,    7],
[2024-06-21 13:39:11,410][flwr][INFO] - 	       [   1,    6,  349,  573,    5,   14,   15,   16,   21,   32],
[2024-06-21 13:39:11,410][flwr][INFO] - 	       [   0,    1,   14,  258,  622,   10,   21,    5,   14,   65],
[2024-06-21 13:39:11,410][flwr][INFO] - 	       [   2,    0,    2,    2,   14,  908,   11,    5,    0,   38],
[2024-06-21 13:39:11,410][flwr][INFO] - 	       [   8,    6,    7,   23,   37,  160,  610,    3,    9,   29],
[2024-06-21 13:39:11,410][flwr][INFO] - 	       [   0,    6,    4,    4,    0,   10,  396,  535,    0,    3],
[2024-06-21 13:39:11,410][flwr][INFO] - 	       [  66,    0,   40,    9,    5,   23,    0,    8,  824,   53],
[2024-06-21 13:39:11,410][flwr][INFO] - 	       [   3,    1,   26,   12,   23,   24,   62,    2,    6,  815],
[2024-06-21 13:39:11,410][flwr][INFO] - 	       [ 148,    2,    3,    2,   16,  125,    5,    6,   12,  690]])),
[2024-06-21 13:39:11,410][flwr][INFO] - 	                      (5,
[2024-06-21 13:39:11,410][flwr][INFO] - 	                       array([[ 395,  559,    0,    0,    0,    2,    8,    9,    0,    7],
[2024-06-21 13:39:11,410][flwr][INFO] - 	       [   1,    2, 1111,    3,    0,    0,    8,    0,    0,   10],
[2024-06-21 13:39:11,410][flwr][INFO] - 	       [  10,    6,  189,  738,   10,    5,    7,   16,   12,   39],
[2024-06-21 13:39:11,410][flwr][INFO] - 	       [   1,    6,   12,  153,  730,    0,   15,    5,   12,   76],
[2024-06-21 13:39:11,410][flwr][INFO] - 	       [  40,    0,    0,    3,   66,  810,    9,    6,    0,   48],
[2024-06-21 13:39:11,410][flwr][INFO] - 	       [  42,    8,    4,   12,   51,   77,  624,    4,    5,   65],
[2024-06-21 13:39:11,410][flwr][INFO] - 	       [   8,    9,    3,    3,    1,    6,  369,  555,    0,    4],
[2024-06-21 13:39:11,410][flwr][INFO] - 	       [ 149,    0,   35,   23,    4,    8,    0,   21,  750,   38],
[2024-06-21 13:39:11,410][flwr][INFO] - 	       [  13,    4,   17,    7,   15,    7,   31,    1,    2,  877],
[2024-06-21 13:39:11,410][flwr][INFO] - 	       [ 573,    1,    4,    1,   18,   30,    0,    4,    6,  372]])),
[2024-06-21 13:39:11,410][flwr][INFO] - 	                      (6,
[2024-06-21 13:39:11,410][flwr][INFO] - 	                       array([[  22,  930,    0,    4,    0,    3,    8,    9,    2,    2],
[2024-06-21 13:39:11,410][flwr][INFO] - 	       [   0,   23, 1087,    7,    0,    1,   10,    0,    1,    6],
[2024-06-21 13:39:11,410][flwr][INFO] - 	       [   1,   10,   57,  904,    3,   12,   10,   13,   22,    0],
[2024-06-21 13:39:11,410][flwr][INFO] - 	       [   1,    0,    5,  627,  305,    7,   25,    1,   18,   21],
[2024-06-21 13:39:11,410][flwr][INFO] - 	       [   9,    1,    0,    6,   13,  927,    9,    5,    1,   11],
[2024-06-21 13:39:11,410][flwr][INFO] - 	       [   6,   12,    1,   42,   11,  114,  679,    3,   16,    8],
[2024-06-21 13:39:11,410][flwr][INFO] - 	       [   2,   12,    2,    3,    0,   11,  400,  527,    0,    1],
[2024-06-21 13:39:11,410][flwr][INFO] - 	       [  44,    0,   19,   66,    5,   12,    1,    9,  868,    4],
[2024-06-21 13:39:11,410][flwr][INFO] - 	       [   5,    8,   17,   80,    3,   28,   69,    1,  127,  636],
[2024-06-21 13:39:11,411][flwr][INFO] - 	       [ 759,    4,    3,    8,   13,  114,    2,    2,   41,   63]])),
[2024-06-21 13:39:11,411][flwr][INFO] - 	                      (7,
[2024-06-21 13:39:11,411][flwr][INFO] - 	                       array([[ 584,  362,    0,    2,    0,    3,   11,   13,    1,    4],
[2024-06-21 13:39:11,411][flwr][INFO] - 	       [   1,   34, 1083,    3,    1,    0,    6,    2,    0,    5],
[2024-06-21 13:39:11,411][flwr][INFO] - 	       [   9,    3,  221,  732,   10,    3,    4,   14,   10,   26],
[2024-06-21 13:39:11,411][flwr][INFO] - 	       [   0,    1,   14,  152,  777,    1,   10,    3,   11,   41],
[2024-06-21 13:39:11,411][flwr][INFO] - 	       [  22,    2,    1,    3,  115,  773,   10,   11,    1,   44],
[2024-06-21 13:39:11,411][flwr][INFO] - 	       [  19,    3,    3,   16,   44,   96,  671,    8,    7,   25],
[2024-06-21 13:39:11,411][flwr][INFO] - 	       [   6,    4,    3,    2,    2,    4,  152,  782,    0,    3],
[2024-06-21 13:39:11,411][flwr][INFO] - 	       [  36,    0,   38,   48,    5,    6,    0,   18,  861,   16],
[2024-06-21 13:39:11,411][flwr][INFO] - 	       [  15,    3,   29,   21,   17,   16,   34,    5,   11,  823],
[2024-06-21 13:39:11,411][flwr][INFO] - 	       [ 575,    2,    4,    4,   24,   36,    1,    2,   25,  336]])),
[2024-06-21 13:39:11,411][flwr][INFO] - 	                      (8,
[2024-06-21 13:39:11,411][flwr][INFO] - 	                       array([[  25,  924,    0,    3,    0,    4,    8,   11,    3,    2],
[2024-06-21 13:39:11,411][flwr][INFO] - 	       [   1,   33, 1078,    3,    0,    1,    9,    0,    5,    5],
[2024-06-21 13:39:11,411][flwr][INFO] - 	       [   2,   10,  112,  820,    8,   16,    6,   10,   35,   13],
[2024-06-21 13:39:11,411][flwr][INFO] - 	       [   1,    3,    6,  345,  570,    8,   22,    0,   22,   33],
[2024-06-21 13:39:11,411][flwr][INFO] - 	       [  19,    1,    0,    4,   18,  907,   11,    5,    1,   16],
[2024-06-21 13:39:11,411][flwr][INFO] - 	       [   9,    7,    0,   17,   13,   63,  753,    5,   13,   12],
[2024-06-21 13:39:11,411][flwr][INFO] - 	       [   1,   10,    3,    2,    0,   11,  428,  501,    0,    2],
[2024-06-21 13:39:11,411][flwr][INFO] - 	       [  51,    1,   16,   27,    4,    8,    0,   11,  901,    9],
[2024-06-21 13:39:11,411][flwr][INFO] - 	       [  11,    4,   13,   18,    8,   25,   55,    0,  274,  566],
[2024-06-21 13:39:11,411][flwr][INFO] - 	       [ 808,    4,    3,    3,   15,   61,    2,    2,   18,   93]])),
[2024-06-21 13:39:11,411][flwr][INFO] - 	                      (9,
[2024-06-21 13:39:11,411][flwr][INFO] - 	                       array([[  41,  927,    0,    0,    1,    1,    3,    5,    0,    2],
[2024-06-21 13:39:11,411][flwr][INFO] - 	       [   0,  104, 1012,    3,    2,    0,    4,    3,    0,    7],
[2024-06-21 13:39:11,411][flwr][INFO] - 	       [   6,   13,   82,  873,    8,    6,    1,    9,   11,   23],
[2024-06-21 13:39:11,411][flwr][INFO] - 	       [   1,    2,    6,  121,  823,    3,    8,    0,   16,   30],
[2024-06-21 13:39:11,411][flwr][INFO] - 	       [  28,    4,    2,    6,  164,  731,    1,   10,    1,   35],
[2024-06-21 13:39:11,411][flwr][INFO] - 	       [  23,    9,    1,    9,   47,  116,  637,    7,    8,   35],
[2024-06-21 13:39:11,411][flwr][INFO] - 	       [   0,   20,    2,    1,    1,   10,   59,  860,    0,    5],
[2024-06-21 13:39:11,411][flwr][INFO] - 	       [  36,    3,   21,   39,    4,    5,    0,    4,  907,    9],
[2024-06-21 13:39:11,411][flwr][INFO] - 	       [  12,    9,   14,   18,   16,   10,   13,    6,    8,  868],
[2024-06-21 13:39:11,411][flwr][INFO] - 	       [ 708,    5,    4,    3,   30,   18,    0,    1,   21,  219]])),
[2024-06-21 13:39:11,411][flwr][INFO] - 	                      (10,
[2024-06-21 13:39:11,411][flwr][INFO] - 	                       array([[ 750,  189,    0,    6,    0,    1,   22,    6,    1,    5],
[2024-06-21 13:39:11,411][flwr][INFO] - 	       [   0,    0, 1115,    3,    1,    0,    7,    1,    0,    8],
[2024-06-21 13:39:11,411][flwr][INFO] - 	       [   5,    1,  197,  767,   12,    4,    8,    4,   13,   21],
[2024-06-21 13:39:11,411][flwr][INFO] - 	       [   0,    1,    9,  141,  790,    0,   20,    0,   15,   34],
[2024-06-21 13:39:11,411][flwr][INFO] - 	       [  33,    0,    5,    2,  232,  665,   15,    1,    1,   28],
[2024-06-21 13:39:11,411][flwr][INFO] - 	       [  10,    2,    1,    6,   23,   48,  768,    7,    4,   23],
[2024-06-21 13:39:11,411][flwr][INFO] - 	       [   7,    3,    2,    1,    2,    6,  789,  145,    0,    3],
[2024-06-21 13:39:11,411][flwr][INFO] - 	       [  20,    0,   26,   33,    7,    6,    1,   49,  876,   10],
[2024-06-21 13:39:11,411][flwr][INFO] - 	       [   9,    0,   15,   12,   15,    9,   47,    1,   11,  855],
[2024-06-21 13:39:11,411][flwr][INFO] - 	       [ 744,    1,    5,    2,   40,   19,    5,    2,   24,  167]]))],
[2024-06-21 13:39:11,411][flwr][INFO] - 	 'f1': [(0, 0.03553137346181725),
[2024-06-21 13:39:11,411][flwr][INFO] - 	        (1, 0.21229691548808746),
[2024-06-21 13:39:11,411][flwr][INFO] - 	        (2, 0.18996294735788502),
[2024-06-21 13:39:11,411][flwr][INFO] - 	        (3, 0.2077630703066284),
[2024-06-21 13:39:11,412][flwr][INFO] - 	        (4, 0.18288103588058927),
[2024-06-21 13:39:11,412][flwr][INFO] - 	        (5, 0.14885919709888654),
[2024-06-21 13:39:11,412][flwr][INFO] - 	        (6, 0.12316614162401274),
[2024-06-21 13:39:11,412][flwr][INFO] - 	        (7, 0.15874737798235836),
[2024-06-21 13:39:11,412][flwr][INFO] - 	        (8, 0.12733828291560673),
[2024-06-21 13:39:11,412][flwr][INFO] - 	        (9, 0.0891726301628528),
[2024-06-21 13:39:11,412][flwr][INFO] - 	        (10, 0.19762645694428338)],
[2024-06-21 13:39:11,412][flwr][INFO] - 	 'precision': [(0, 0.12349967530374152),
[2024-06-21 13:39:11,412][flwr][INFO] - 	               (1, 0.2049869591848767),
[2024-06-21 13:39:11,412][flwr][INFO] - 	               (2, 0.17540234785740885),
[2024-06-21 13:39:11,412][flwr][INFO] - 	               (3, 0.19508785733258774),
[2024-06-21 13:39:11,412][flwr][INFO] - 	               (4, 0.18241316424505236),
[2024-06-21 13:39:11,412][flwr][INFO] - 	               (5, 0.1380513433794733),
[2024-06-21 13:39:11,412][flwr][INFO] - 	               (6, 0.11118210055215075),
[2024-06-21 13:39:11,412][flwr][INFO] - 	               (7, 0.15206188418521296),
[2024-06-21 13:39:11,412][flwr][INFO] - 	               (8, 0.11894848762611243),
[2024-06-21 13:39:11,412][flwr][INFO] - 	               (9, 0.08741012381585014),
[2024-06-21 13:39:11,412][flwr][INFO] - 	               (10, 0.18594764833254485)],
[2024-06-21 13:39:11,412][flwr][INFO] - 	 'recall': [(0, 0.1086),
[2024-06-21 13:39:11,412][flwr][INFO] - 	            (1, 0.2565),
[2024-06-21 13:39:11,412][flwr][INFO] - 	            (2, 0.2131),
[2024-06-21 13:39:11,412][flwr][INFO] - 	            (3, 0.2259),
[2024-06-21 13:39:11,412][flwr][INFO] - 	            (4, 0.2062),
[2024-06-21 13:39:11,412][flwr][INFO] - 	            (5, 0.1646),
[2024-06-21 13:39:11,412][flwr][INFO] - 	            (6, 0.1455),
[2024-06-21 13:39:11,412][flwr][INFO] - 	            (7, 0.1719),
[2024-06-21 13:39:11,412][flwr][INFO] - 	            (8, 0.1402),
[2024-06-21 13:39:11,412][flwr][INFO] - 	            (9, 0.0918),
[2024-06-21 13:39:11,412][flwr][INFO] - 	            (10, 0.2384)]}
[2024-06-21 13:39:11,412][flwr][INFO] - 
