[2024-06-20 20:22:18,256][flwr][INFO] - Starting Flower simulation, config: num_rounds=10, no round_timeout
[2024-06-20 20:22:19,303][flwr][INFO] - Flower VCE: Ray initialized with resources: {'memory': 9816875008.0, 'CPU': 12.0, 'node:127.0.0.1': 1.0, 'node:__internal_head__': 1.0, 'object_store_memory': 2147483648.0}
[2024-06-20 20:22:19,303][flwr][INFO] - Optimize your simulation with Flower VCE: https://flower.ai/docs/framework/how-to-run-simulations.html
[2024-06-20 20:22:19,303][flwr][INFO] - Flower VCE: Resources for each Virtual Client: {'num_cpus': 2, 'num_gpus': 0}
[2024-06-20 20:22:19,310][flwr][INFO] - Flower VCE: Creating VirtualClientEngineActorPool with 6 actors
[2024-06-20 20:22:19,310][flwr][INFO] - [INIT]
[2024-06-20 20:22:19,310][flwr][INFO] - Requesting initial parameters from one random client
[2024-06-20 20:22:21,229][flwr][INFO] - Received initial parameters from one random client
[2024-06-20 20:22:21,229][flwr][INFO] - Evaluating initial global parameters
[2024-06-20 20:22:21,664][flwr][INFO] - initial parameters (loss, other metrics): 181.76928067207336, {'accuracy': 0.1086, 'precision': 0.12349967530374152, 'recall': 0.1086, 'f1': 0.03553137346181725, 'confusion_matrix': array([[   0,    8,    0,  956,    0,    1,    0,   15,    0,    0],
       [   0,  122,    0, 1013,    0,    0,    0,    0,    0,    0],
       [   0,   38,    0,  971,    0,    0,    3,   19,    1,    0],
       [   0,   44,    0,  945,    1,    1,    0,   17,    2,    0],
       [   0,  143,    0,  816,    1,    0,    2,   20,    0,    0],
       [   0,  118,    0,  735,    1,    7,    0,   30,    1,    0],
       [   0,  144,    0,  749,   25,    0,    2,   38,    0,    0],
       [   0,  272,    0,  724,    8,    0,    0,    9,   15,    0],
       [   0,   81,    0,  859,    1,    0,    1,   32,    0,    0],
       [   0,  178,    0,  799,    1,    0,    0,   31,    0,    0]])}
[2024-06-20 20:22:21,665][flwr][INFO] - 
[2024-06-20 20:22:21,665][flwr][INFO] - [ROUND 1]
[2024-06-20 20:22:21,665][flwr][INFO] - configure_fit: strategy sampled 10 clients (out of 100)
[2024-06-20 20:22:28,572][flwr][INFO] - aggregate_fit: received 10 results and 0 failures
[2024-06-20 20:22:28,579][flwr][WARNING] - No fit_metrics_aggregation_fn provided
[2024-06-20 20:22:29,019][flwr][INFO] - fit progress: (1, 470088.6162109375, {'accuracy': 0.0873, 'precision': 0.07834950529617267, 'recall': 0.0873, 'f1': 0.06132679218372202, 'confusion_matrix': array([[ 37, 249, 131,   7,  44, 153, 359,   0,   0,   0],
       [242, 143, 655,   0,  75,   3,  15,   0,   2,   0],
       [119, 313, 192,  10,  58,  11, 321,   0,   8,   0],
       [ 55, 167, 443,  15,  91,  13, 219,   0,   5,   2],
       [ 92, 416,  72,  90,  24,  25, 256,   0,   5,   2],
       [ 36, 189, 307,  45,  29,  69, 200,   0,  14,   3],
       [ 55, 238, 221,   6,  37,  16, 377,   0,   4,   4],
       [ 61, 223, 173,  68,  48,  39, 405,   0,   9,   2],
       [126, 162, 283,  51,  54,   5, 276,   0,  16,   1],
       [ 82, 291, 136,  34,  27,  12, 412,   0,  15,   0]])}, 7.354068541999999)
[2024-06-20 20:22:29,019][flwr][INFO] - configure_evaluate: no clients selected, skipping evaluation
[2024-06-20 20:22:29,019][flwr][INFO] - 
[2024-06-20 20:22:29,019][flwr][INFO] - [ROUND 2]
[2024-06-20 20:22:29,020][flwr][INFO] - configure_fit: strategy sampled 10 clients (out of 100)
[2024-06-20 20:22:34,371][flwr][INFO] - aggregate_fit: received 10 results and 0 failures
[2024-06-20 20:22:34,825][flwr][INFO] - fit progress: (2, 3433485.9609375, {'accuracy': 0.2281, 'precision': 0.20411506343818162, 'recall': 0.2281, 'f1': 0.19926608009799843, 'confusion_matrix': array([[154, 104,  72, 334,   8, 193,  28,  46,  33,   8],
       [ 46, 732,  61,  20,   4,  39,   4, 196,  13,  20],
       [ 33, 270,  87, 242,  10, 109, 133,  54,  55,  39],
       [ 14, 165,  24, 304,   1, 279,  17, 119,  72,  15],
       [ 82, 132,  42, 147,   1, 257,  40, 121, 109,  51],
       [  7, 104,  49, 219,   0, 289,   9,  92,  83,  40],
       [ 89, 210, 107,  72,   2, 109, 143,  68,  77,  81],
       [ 28, 147,  31,  43,   5, 217,  49, 336, 132,  40],
       [ 48, 142,  91, 248,   2,  91,  73, 105, 146,  28],
       [ 91,  83,  43,  68,   3, 205,  47, 164, 216,  89]])}, 13.160155)
[2024-06-20 20:22:34,825][flwr][INFO] - configure_evaluate: no clients selected, skipping evaluation
[2024-06-20 20:22:34,825][flwr][INFO] - 
[2024-06-20 20:22:34,825][flwr][INFO] - [ROUND 3]
[2024-06-20 20:22:34,826][flwr][INFO] - configure_fit: strategy sampled 10 clients (out of 100)
[2024-06-20 20:22:40,090][flwr][INFO] - aggregate_fit: received 10 results and 0 failures
[2024-06-20 20:22:40,543][flwr][INFO] - fit progress: (3, 36986319.03125, {'accuracy': 0.2778, 'precision': 0.2726498968351061, 'recall': 0.2778, 'f1': 0.26513863526244635, 'confusion_matrix': array([[291,  52, 146, 152,  16, 125,  69,  45,  68,  16],
       [ 57, 652,  95,  11,  20,  20,  17, 153,  30,  80],
       [ 28, 140, 184, 120,  21,  52, 252,  61, 121,  53],
       [ 20, 125,  74, 242,   3, 201,  74, 106, 122,  43],
       [ 76,  81,  61,  65,  25, 122, 110, 153, 170, 119],
       [ 15,  64,  90, 149,   3, 219,  26,  94, 133,  99],
       [ 72,  94, 196,  36,   3,  30, 257,  79, 106,  85],
       [ 29,  75,  31,  19,  13,  69,  45, 467, 185,  95],
       [ 41,  69, 110, 124,  10,  43, 163, 104, 239,  71],
       [ 94,  28,  52,  14,  13,  69,  76, 209, 252, 202]])}, 18.878883917)
[2024-06-20 20:22:40,544][flwr][INFO] - configure_evaluate: no clients selected, skipping evaluation
[2024-06-20 20:22:40,544][flwr][INFO] - 
[2024-06-20 20:22:40,544][flwr][INFO] - [ROUND 4]
[2024-06-20 20:22:40,544][flwr][INFO] - configure_fit: strategy sampled 10 clients (out of 100)
[2024-06-20 20:22:46,397][flwr][INFO] - aggregate_fit: received 10 results and 0 failures
[2024-06-20 20:22:46,850][flwr][INFO] - fit progress: (4, 464329309.25, {'accuracy': 0.3089, 'precision': 0.3068428877675013, 'recall': 0.3089, 'f1': 0.29823982358335954, 'confusion_matrix': array([[381,  55, 128,  88,  21,  89,  53,  53,  99,  13],
       [ 52, 765,  80,  10,  37,  10,  16,  64,  40,  61],
       [ 33, 131, 182, 108,  27,  45, 267,  50, 140,  49],
       [ 26, 124,  74, 229,  10, 202,  82,  85, 148,  30],
       [ 68,  75,  63,  58,  70,  97, 112, 136, 189, 114],
       [ 19,  63,  81, 134,   4, 205,  42,  88, 173,  83],
       [ 74, 101, 159,  26,  16,  19, 298,  62, 124,  79],
       [ 23,  76,  37,  12,  27,  56,  38, 456, 201, 102],
       [ 40,  65, 103, 113,  15,  37, 163,  77, 300,  61],
       [ 64,  27,  45,  11,  57,  59,  79, 204, 260, 203]])}, 25.186209625)
[2024-06-20 20:22:46,851][flwr][INFO] - configure_evaluate: no clients selected, skipping evaluation
[2024-06-20 20:22:46,851][flwr][INFO] - 
[2024-06-20 20:22:46,851][flwr][INFO] - [ROUND 5]
[2024-06-20 20:22:46,851][flwr][INFO] - configure_fit: strategy sampled 10 clients (out of 100)
[2024-06-20 20:22:52,673][flwr][INFO] - aggregate_fit: received 10 results and 0 failures
[2024-06-20 20:22:53,143][flwr][INFO] - fit progress: (5, 6142007400.0, {'accuracy': 0.3191, 'precision': 0.3187645016664528, 'recall': 0.3191, 'f1': 0.31028611745524237, 'confusion_matrix': array([[398,  54, 144,  77,  21,  80,  54,  47,  93,  12],
       [ 52, 760,  81,  10,  40,  12,  16,  55,  47,  62],
       [ 37, 110, 209, 101,  27,  43, 274,  46, 139,  46],
       [ 27, 116,  75, 234,  11, 205,  81,  82, 154,  25],
       [ 66,  68,  70,  53,  83,  99, 121, 130, 178, 114],
       [ 20,  63,  80, 132,   5, 212,  43,  78, 175,  84],
       [ 71,  88, 160,  24,  20,  14, 329,  63, 111,  78],
       [ 24,  73,  45,  11,  34,  57,  39, 446, 193, 106],
       [ 40,  57, 102, 109,  18,  43, 170,  60, 316,  59],
       [ 66,  26,  51,  11,  69,  59,  78, 188, 257, 204]])}, 31.478968833)
[2024-06-20 20:22:53,143][flwr][INFO] - configure_evaluate: no clients selected, skipping evaluation
[2024-06-20 20:22:53,144][flwr][INFO] - 
[2024-06-20 20:22:53,144][flwr][INFO] - [ROUND 6]
[2024-06-20 20:22:53,144][flwr][INFO] - configure_fit: strategy sampled 10 clients (out of 100)
[2024-06-20 20:22:58,614][flwr][INFO] - aggregate_fit: received 10 results and 0 failures
[2024-06-20 20:22:59,072][flwr][INFO] - fit progress: (6, 83148438080.0, {'accuracy': 0.3259, 'precision': 0.324229442788015, 'recall': 0.3259, 'f1': 0.31740371776412707, 'confusion_matrix': array([[411,  52, 139,  82,  22,  80,  54,  45,  82,  13],
       [ 53, 753,  77,  10,  40,  14,  16,  56,  43,  73],
       [ 37, 108, 205, 106,  28,  43, 278,  47, 130,  50],
       [ 26, 110,  70, 247,  11, 202,  81,  82, 150,  31],
       [ 66,  68,  63,  54,  91,  97, 122, 131, 164, 126],
       [ 22,  62,  74, 137,   7, 210,  43,  78, 176,  83],
       [ 73,  85, 151,  23,  22,  16, 339,  65, 105,  79],
       [ 22,  73,  36,  13,  36,  54,  37, 466, 175, 116],
       [ 41,  56, 100, 114,  20,  40, 173,  58, 309,  63],
       [ 65,  27,  43,  13,  75,  57,  82, 188, 231, 228]])}, 37.408210749999995)
[2024-06-20 20:22:59,072][flwr][INFO] - configure_evaluate: no clients selected, skipping evaluation
[2024-06-20 20:22:59,073][flwr][INFO] - 
[2024-06-20 20:22:59,073][flwr][INFO] - [ROUND 7]
[2024-06-20 20:22:59,073][flwr][INFO] - configure_fit: strategy sampled 10 clients (out of 100)
[2024-06-20 20:23:04,359][flwr][INFO] - aggregate_fit: received 10 results and 0 failures
[2024-06-20 20:23:04,805][flwr][INFO] - fit progress: (7, 1140395495424.0, {'accuracy': 0.3276, 'precision': 0.32522394971283664, 'recall': 0.3276, 'f1': 0.3190424357004032, 'confusion_matrix': array([[416,  52, 137,  84,  21,  79,  53,  45,  80,  13],
       [ 53, 756,  77,  11,  40,  15,  16,  56,  39,  72],
       [ 38, 109, 204, 111,  29,  44, 271,  47, 129,  50],
       [ 28, 110,  70, 247,  11, 204,  78,  82, 149,  31],
       [ 68,  68,  63,  54,  95,  97, 123, 131, 159, 124],
       [ 22,  58,  72, 138,   7, 215,  43,  79, 175,  83],
       [ 74,  85, 151,  25,  23,  17, 338,  64, 101,  80],
       [ 25,  75,  34,  13,  37,  56,  36, 468, 169, 115],
       [ 42,  56,  99, 116,  20,  39, 173,  58, 307,  64],
       [ 66,  27,  43,  12,  77,  58,  82, 186, 228, 230]])}, 43.141880957999994)
[2024-06-20 20:23:04,806][flwr][INFO] - configure_evaluate: no clients selected, skipping evaluation
[2024-06-20 20:23:04,806][flwr][INFO] - 
[2024-06-20 20:23:04,806][flwr][INFO] - [ROUND 8]
[2024-06-20 20:23:04,806][flwr][INFO] - configure_fit: strategy sampled 10 clients (out of 100)
[2024-06-20 20:23:10,127][flwr][INFO] - aggregate_fit: received 10 results and 0 failures
[2024-06-20 20:23:10,584][flwr][INFO] - fit progress: (8, 15709742178304.0, {'accuracy': 0.3276, 'precision': 0.3253495011636455, 'recall': 0.3276, 'f1': 0.31924476180964795, 'confusion_matrix': array([[417,  52, 137,  84,  22,  79,  53,  45,  78,  13],
       [ 53, 755,  77,  11,  40,  16,  16,  56,  38,  73],
       [ 38, 108, 205, 110,  29,  44, 272,  47, 129,  50],
       [ 28, 111,  71, 247,  11, 205,  77,  81, 148,  31],
       [ 67,  68,  63,  53,  95,  98, 124, 130, 158, 126],
       [ 22,  57,  73, 138,   7, 216,  41,  78, 173,  87],
       [ 74,  86, 150,  24,  23,  17, 338,  63, 103,  80],
       [ 24,  75,  34,  13,  37,  57,  36, 467, 168, 117],
       [ 42,  56,  99, 115,  20,  41, 174,  58, 303,  66],
       [ 65,  27,  43,  12,  78,  58,  82, 184, 227, 233]])}, 48.920757417)
[2024-06-20 20:23:10,585][flwr][INFO] - configure_evaluate: no clients selected, skipping evaluation
[2024-06-20 20:23:10,585][flwr][INFO] - 
[2024-06-20 20:23:10,585][flwr][INFO] - [ROUND 9]
[2024-06-20 20:23:10,585][flwr][INFO] - configure_fit: strategy sampled 10 clients (out of 100)
[2024-06-20 20:23:15,933][flwr][INFO] - aggregate_fit: received 10 results and 0 failures
[2024-06-20 20:23:16,387][flwr][INFO] - fit progress: (9, 216899109519360.0, {'accuracy': 0.3282, 'precision': 0.32585752744343577, 'recall': 0.3282, 'f1': 0.31979893582153746, 'confusion_matrix': array([[418,  52, 137,  84,  22,  78,  53,  45,  78,  13],
       [ 53, 757,  76,  11,  40,  16,  16,  56,  38,  72],
       [ 38, 108, 206, 110,  29,  44, 271,  47, 129,  50],
       [ 28, 111,  71, 247,  11, 205,  77,  81, 148,  31],
       [ 67,  68,  64,  52,  95,  98, 124, 129, 158, 127],
       [ 22,  57,  73, 138,   7, 216,  41,  78, 173,  87],
       [ 75,  86, 150,  24,  23,  17, 337,  63, 103,  80],
       [ 24,  76,  34,  13,  37,  57,  36, 467, 168, 116],
       [ 43,  56,  99, 114,  20,  41, 173,  58, 304,  66],
       [ 65,  27,  43,  12,  78,  58,  83, 181, 227, 235]])}, 54.723873583)
[2024-06-20 20:23:16,388][flwr][INFO] - configure_evaluate: no clients selected, skipping evaluation
[2024-06-20 20:23:16,388][flwr][INFO] - 
[2024-06-20 20:23:16,388][flwr][INFO] - [ROUND 10]
[2024-06-20 20:23:16,388][flwr][INFO] - configure_fit: strategy sampled 10 clients (out of 100)
[2024-06-20 20:23:21,951][flwr][INFO] - aggregate_fit: received 10 results and 0 failures
[2024-06-20 20:23:22,404][flwr][INFO] - fit progress: (10, 2997029158518784.0, {'accuracy': 0.3283, 'precision': 0.32597474377759555, 'recall': 0.3283, 'f1': 0.3199118172762913, 'confusion_matrix': array([[418,  52, 137,  84,  22,  78,  53,  45,  78,  13],
       [ 53, 757,  76,  11,  40,  16,  16,  56,  38,  72],
       [ 38, 108, 206, 110,  29,  44, 271,  47, 129,  50],
       [ 28, 111,  71, 247,  11, 205,  77,  81, 148,  31],
       [ 67,  68,  64,  52,  95,  98, 124, 129, 158, 127],
       [ 22,  57,  73, 138,   7, 216,  41,  78, 173,  87],
       [ 75,  86, 150,  24,  23,  17, 337,  63, 103,  80],
       [ 24,  76,  34,  13,  37,  57,  36, 467, 168, 116],
       [ 43,  56,  99, 114,  20,  41, 173,  58, 304,  66],
       [ 65,  27,  43,  12,  78,  58,  83, 180, 227, 236]])}, 60.740874667)
[2024-06-20 20:23:22,404][flwr][INFO] - configure_evaluate: no clients selected, skipping evaluation
[2024-06-20 20:23:22,405][flwr][INFO] - 
[2024-06-20 20:23:22,405][flwr][INFO] - [SUMMARY]
[2024-06-20 20:23:22,405][flwr][INFO] - Run finished 10 round(s) in 60.74s
[2024-06-20 20:23:22,409][flwr][INFO] - 	History (loss, centralized):
[2024-06-20 20:23:22,410][flwr][INFO] - 		round 0: 181.76928067207336
[2024-06-20 20:23:22,410][flwr][INFO] - 		round 1: 470088.6162109375
[2024-06-20 20:23:22,410][flwr][INFO] - 		round 2: 3433485.9609375
[2024-06-20 20:23:22,410][flwr][INFO] - 		round 3: 36986319.03125
[2024-06-20 20:23:22,410][flwr][INFO] - 		round 4: 464329309.25
[2024-06-20 20:23:22,410][flwr][INFO] - 		round 5: 6142007400.0
[2024-06-20 20:23:22,410][flwr][INFO] - 		round 6: 83148438080.0
[2024-06-20 20:23:22,410][flwr][INFO] - 		round 7: 1140395495424.0
[2024-06-20 20:23:22,410][flwr][INFO] - 		round 8: 15709742178304.0
[2024-06-20 20:23:22,410][flwr][INFO] - 		round 9: 216899109519360.0
[2024-06-20 20:23:22,410][flwr][INFO] - 		round 10: 2997029158518784.0
[2024-06-20 20:23:22,410][flwr][INFO] - 	History (metrics, centralized):
[2024-06-20 20:23:22,410][flwr][INFO] - 	{'accuracy': [(0, 0.1086),
[2024-06-20 20:23:22,410][flwr][INFO] - 	              (1, 0.0873),
[2024-06-20 20:23:22,410][flwr][INFO] - 	              (2, 0.2281),
[2024-06-20 20:23:22,410][flwr][INFO] - 	              (3, 0.2778),
[2024-06-20 20:23:22,410][flwr][INFO] - 	              (4, 0.3089),
[2024-06-20 20:23:22,410][flwr][INFO] - 	              (5, 0.3191),
[2024-06-20 20:23:22,410][flwr][INFO] - 	              (6, 0.3259),
[2024-06-20 20:23:22,410][flwr][INFO] - 	              (7, 0.3276),
[2024-06-20 20:23:22,410][flwr][INFO] - 	              (8, 0.3276),
[2024-06-20 20:23:22,411][flwr][INFO] - 	              (9, 0.3282),
[2024-06-20 20:23:22,411][flwr][INFO] - 	              (10, 0.3283)],
[2024-06-20 20:23:22,411][flwr][INFO] - 	 'confusion_matrix': [(0,
[2024-06-20 20:23:22,411][flwr][INFO] - 	                       array([[   0,    8,    0,  956,    0,    1,    0,   15,    0,    0],
[2024-06-20 20:23:22,411][flwr][INFO] - 	       [   0,  122,    0, 1013,    0,    0,    0,    0,    0,    0],
[2024-06-20 20:23:22,411][flwr][INFO] - 	       [   0,   38,    0,  971,    0,    0,    3,   19,    1,    0],
[2024-06-20 20:23:22,411][flwr][INFO] - 	       [   0,   44,    0,  945,    1,    1,    0,   17,    2,    0],
[2024-06-20 20:23:22,411][flwr][INFO] - 	       [   0,  143,    0,  816,    1,    0,    2,   20,    0,    0],
[2024-06-20 20:23:22,411][flwr][INFO] - 	       [   0,  118,    0,  735,    1,    7,    0,   30,    1,    0],
[2024-06-20 20:23:22,411][flwr][INFO] - 	       [   0,  144,    0,  749,   25,    0,    2,   38,    0,    0],
[2024-06-20 20:23:22,411][flwr][INFO] - 	       [   0,  272,    0,  724,    8,    0,    0,    9,   15,    0],
[2024-06-20 20:23:22,411][flwr][INFO] - 	       [   0,   81,    0,  859,    1,    0,    1,   32,    0,    0],
[2024-06-20 20:23:22,411][flwr][INFO] - 	       [   0,  178,    0,  799,    1,    0,    0,   31,    0,    0]])),
[2024-06-20 20:23:22,411][flwr][INFO] - 	                      (1,
[2024-06-20 20:23:22,411][flwr][INFO] - 	                       array([[ 37, 249, 131,   7,  44, 153, 359,   0,   0,   0],
[2024-06-20 20:23:22,411][flwr][INFO] - 	       [242, 143, 655,   0,  75,   3,  15,   0,   2,   0],
[2024-06-20 20:23:22,411][flwr][INFO] - 	       [119, 313, 192,  10,  58,  11, 321,   0,   8,   0],
[2024-06-20 20:23:22,411][flwr][INFO] - 	       [ 55, 167, 443,  15,  91,  13, 219,   0,   5,   2],
[2024-06-20 20:23:22,411][flwr][INFO] - 	       [ 92, 416,  72,  90,  24,  25, 256,   0,   5,   2],
[2024-06-20 20:23:22,411][flwr][INFO] - 	       [ 36, 189, 307,  45,  29,  69, 200,   0,  14,   3],
[2024-06-20 20:23:22,411][flwr][INFO] - 	       [ 55, 238, 221,   6,  37,  16, 377,   0,   4,   4],
[2024-06-20 20:23:22,411][flwr][INFO] - 	       [ 61, 223, 173,  68,  48,  39, 405,   0,   9,   2],
[2024-06-20 20:23:22,411][flwr][INFO] - 	       [126, 162, 283,  51,  54,   5, 276,   0,  16,   1],
[2024-06-20 20:23:22,411][flwr][INFO] - 	       [ 82, 291, 136,  34,  27,  12, 412,   0,  15,   0]])),
[2024-06-20 20:23:22,411][flwr][INFO] - 	                      (2,
[2024-06-20 20:23:22,411][flwr][INFO] - 	                       array([[154, 104,  72, 334,   8, 193,  28,  46,  33,   8],
[2024-06-20 20:23:22,411][flwr][INFO] - 	       [ 46, 732,  61,  20,   4,  39,   4, 196,  13,  20],
[2024-06-20 20:23:22,411][flwr][INFO] - 	       [ 33, 270,  87, 242,  10, 109, 133,  54,  55,  39],
[2024-06-20 20:23:22,411][flwr][INFO] - 	       [ 14, 165,  24, 304,   1, 279,  17, 119,  72,  15],
[2024-06-20 20:23:22,411][flwr][INFO] - 	       [ 82, 132,  42, 147,   1, 257,  40, 121, 109,  51],
[2024-06-20 20:23:22,411][flwr][INFO] - 	       [  7, 104,  49, 219,   0, 289,   9,  92,  83,  40],
[2024-06-20 20:23:22,411][flwr][INFO] - 	       [ 89, 210, 107,  72,   2, 109, 143,  68,  77,  81],
[2024-06-20 20:23:22,411][flwr][INFO] - 	       [ 28, 147,  31,  43,   5, 217,  49, 336, 132,  40],
[2024-06-20 20:23:22,411][flwr][INFO] - 	       [ 48, 142,  91, 248,   2,  91,  73, 105, 146,  28],
[2024-06-20 20:23:22,411][flwr][INFO] - 	       [ 91,  83,  43,  68,   3, 205,  47, 164, 216,  89]])),
[2024-06-20 20:23:22,411][flwr][INFO] - 	                      (3,
[2024-06-20 20:23:22,411][flwr][INFO] - 	                       array([[291,  52, 146, 152,  16, 125,  69,  45,  68,  16],
[2024-06-20 20:23:22,411][flwr][INFO] - 	       [ 57, 652,  95,  11,  20,  20,  17, 153,  30,  80],
[2024-06-20 20:23:22,411][flwr][INFO] - 	       [ 28, 140, 184, 120,  21,  52, 252,  61, 121,  53],
[2024-06-20 20:23:22,411][flwr][INFO] - 	       [ 20, 125,  74, 242,   3, 201,  74, 106, 122,  43],
[2024-06-20 20:23:22,411][flwr][INFO] - 	       [ 76,  81,  61,  65,  25, 122, 110, 153, 170, 119],
[2024-06-20 20:23:22,412][flwr][INFO] - 	       [ 15,  64,  90, 149,   3, 219,  26,  94, 133,  99],
[2024-06-20 20:23:22,412][flwr][INFO] - 	       [ 72,  94, 196,  36,   3,  30, 257,  79, 106,  85],
[2024-06-20 20:23:22,412][flwr][INFO] - 	       [ 29,  75,  31,  19,  13,  69,  45, 467, 185,  95],
[2024-06-20 20:23:22,412][flwr][INFO] - 	       [ 41,  69, 110, 124,  10,  43, 163, 104, 239,  71],
[2024-06-20 20:23:22,412][flwr][INFO] - 	       [ 94,  28,  52,  14,  13,  69,  76, 209, 252, 202]])),
[2024-06-20 20:23:22,412][flwr][INFO] - 	                      (4,
[2024-06-20 20:23:22,412][flwr][INFO] - 	                       array([[381,  55, 128,  88,  21,  89,  53,  53,  99,  13],
[2024-06-20 20:23:22,412][flwr][INFO] - 	       [ 52, 765,  80,  10,  37,  10,  16,  64,  40,  61],
[2024-06-20 20:23:22,412][flwr][INFO] - 	       [ 33, 131, 182, 108,  27,  45, 267,  50, 140,  49],
[2024-06-20 20:23:22,412][flwr][INFO] - 	       [ 26, 124,  74, 229,  10, 202,  82,  85, 148,  30],
[2024-06-20 20:23:22,412][flwr][INFO] - 	       [ 68,  75,  63,  58,  70,  97, 112, 136, 189, 114],
[2024-06-20 20:23:22,412][flwr][INFO] - 	       [ 19,  63,  81, 134,   4, 205,  42,  88, 173,  83],
[2024-06-20 20:23:22,412][flwr][INFO] - 	       [ 74, 101, 159,  26,  16,  19, 298,  62, 124,  79],
[2024-06-20 20:23:22,412][flwr][INFO] - 	       [ 23,  76,  37,  12,  27,  56,  38, 456, 201, 102],
[2024-06-20 20:23:22,412][flwr][INFO] - 	       [ 40,  65, 103, 113,  15,  37, 163,  77, 300,  61],
[2024-06-20 20:23:22,412][flwr][INFO] - 	       [ 64,  27,  45,  11,  57,  59,  79, 204, 260, 203]])),
[2024-06-20 20:23:22,412][flwr][INFO] - 	                      (5,
[2024-06-20 20:23:22,412][flwr][INFO] - 	                       array([[398,  54, 144,  77,  21,  80,  54,  47,  93,  12],
[2024-06-20 20:23:22,412][flwr][INFO] - 	       [ 52, 760,  81,  10,  40,  12,  16,  55,  47,  62],
[2024-06-20 20:23:22,412][flwr][INFO] - 	       [ 37, 110, 209, 101,  27,  43, 274,  46, 139,  46],
[2024-06-20 20:23:22,412][flwr][INFO] - 	       [ 27, 116,  75, 234,  11, 205,  81,  82, 154,  25],
[2024-06-20 20:23:22,412][flwr][INFO] - 	       [ 66,  68,  70,  53,  83,  99, 121, 130, 178, 114],
[2024-06-20 20:23:22,412][flwr][INFO] - 	       [ 20,  63,  80, 132,   5, 212,  43,  78, 175,  84],
[2024-06-20 20:23:22,412][flwr][INFO] - 	       [ 71,  88, 160,  24,  20,  14, 329,  63, 111,  78],
[2024-06-20 20:23:22,412][flwr][INFO] - 	       [ 24,  73,  45,  11,  34,  57,  39, 446, 193, 106],
[2024-06-20 20:23:22,412][flwr][INFO] - 	       [ 40,  57, 102, 109,  18,  43, 170,  60, 316,  59],
[2024-06-20 20:23:22,412][flwr][INFO] - 	       [ 66,  26,  51,  11,  69,  59,  78, 188, 257, 204]])),
[2024-06-20 20:23:22,412][flwr][INFO] - 	                      (6,
[2024-06-20 20:23:22,412][flwr][INFO] - 	                       array([[411,  52, 139,  82,  22,  80,  54,  45,  82,  13],
[2024-06-20 20:23:22,412][flwr][INFO] - 	       [ 53, 753,  77,  10,  40,  14,  16,  56,  43,  73],
[2024-06-20 20:23:22,412][flwr][INFO] - 	       [ 37, 108, 205, 106,  28,  43, 278,  47, 130,  50],
[2024-06-20 20:23:22,412][flwr][INFO] - 	       [ 26, 110,  70, 247,  11, 202,  81,  82, 150,  31],
[2024-06-20 20:23:22,412][flwr][INFO] - 	       [ 66,  68,  63,  54,  91,  97, 122, 131, 164, 126],
[2024-06-20 20:23:22,412][flwr][INFO] - 	       [ 22,  62,  74, 137,   7, 210,  43,  78, 176,  83],
[2024-06-20 20:23:22,412][flwr][INFO] - 	       [ 73,  85, 151,  23,  22,  16, 339,  65, 105,  79],
[2024-06-20 20:23:22,412][flwr][INFO] - 	       [ 22,  73,  36,  13,  36,  54,  37, 466, 175, 116],
[2024-06-20 20:23:22,412][flwr][INFO] - 	       [ 41,  56, 100, 114,  20,  40, 173,  58, 309,  63],
[2024-06-20 20:23:22,412][flwr][INFO] - 	       [ 65,  27,  43,  13,  75,  57,  82, 188, 231, 228]])),
[2024-06-20 20:23:22,412][flwr][INFO] - 	                      (7,
[2024-06-20 20:23:22,412][flwr][INFO] - 	                       array([[416,  52, 137,  84,  21,  79,  53,  45,  80,  13],
[2024-06-20 20:23:22,412][flwr][INFO] - 	       [ 53, 756,  77,  11,  40,  15,  16,  56,  39,  72],
[2024-06-20 20:23:22,412][flwr][INFO] - 	       [ 38, 109, 204, 111,  29,  44, 271,  47, 129,  50],
[2024-06-20 20:23:22,412][flwr][INFO] - 	       [ 28, 110,  70, 247,  11, 204,  78,  82, 149,  31],
[2024-06-20 20:23:22,413][flwr][INFO] - 	       [ 68,  68,  63,  54,  95,  97, 123, 131, 159, 124],
[2024-06-20 20:23:22,413][flwr][INFO] - 	       [ 22,  58,  72, 138,   7, 215,  43,  79, 175,  83],
[2024-06-20 20:23:22,413][flwr][INFO] - 	       [ 74,  85, 151,  25,  23,  17, 338,  64, 101,  80],
[2024-06-20 20:23:22,413][flwr][INFO] - 	       [ 25,  75,  34,  13,  37,  56,  36, 468, 169, 115],
[2024-06-20 20:23:22,413][flwr][INFO] - 	       [ 42,  56,  99, 116,  20,  39, 173,  58, 307,  64],
[2024-06-20 20:23:22,413][flwr][INFO] - 	       [ 66,  27,  43,  12,  77,  58,  82, 186, 228, 230]])),
[2024-06-20 20:23:22,413][flwr][INFO] - 	                      (8,
[2024-06-20 20:23:22,413][flwr][INFO] - 	                       array([[417,  52, 137,  84,  22,  79,  53,  45,  78,  13],
[2024-06-20 20:23:22,413][flwr][INFO] - 	       [ 53, 755,  77,  11,  40,  16,  16,  56,  38,  73],
[2024-06-20 20:23:22,413][flwr][INFO] - 	       [ 38, 108, 205, 110,  29,  44, 272,  47, 129,  50],
[2024-06-20 20:23:22,413][flwr][INFO] - 	       [ 28, 111,  71, 247,  11, 205,  77,  81, 148,  31],
[2024-06-20 20:23:22,413][flwr][INFO] - 	       [ 67,  68,  63,  53,  95,  98, 124, 130, 158, 126],
[2024-06-20 20:23:22,413][flwr][INFO] - 	       [ 22,  57,  73, 138,   7, 216,  41,  78, 173,  87],
[2024-06-20 20:23:22,413][flwr][INFO] - 	       [ 74,  86, 150,  24,  23,  17, 338,  63, 103,  80],
[2024-06-20 20:23:22,413][flwr][INFO] - 	       [ 24,  75,  34,  13,  37,  57,  36, 467, 168, 117],
[2024-06-20 20:23:22,413][flwr][INFO] - 	       [ 42,  56,  99, 115,  20,  41, 174,  58, 303,  66],
[2024-06-20 20:23:22,413][flwr][INFO] - 	       [ 65,  27,  43,  12,  78,  58,  82, 184, 227, 233]])),
[2024-06-20 20:23:22,413][flwr][INFO] - 	                      (9,
[2024-06-20 20:23:22,413][flwr][INFO] - 	                       array([[418,  52, 137,  84,  22,  78,  53,  45,  78,  13],
[2024-06-20 20:23:22,413][flwr][INFO] - 	       [ 53, 757,  76,  11,  40,  16,  16,  56,  38,  72],
[2024-06-20 20:23:22,413][flwr][INFO] - 	       [ 38, 108, 206, 110,  29,  44, 271,  47, 129,  50],
[2024-06-20 20:23:22,413][flwr][INFO] - 	       [ 28, 111,  71, 247,  11, 205,  77,  81, 148,  31],
[2024-06-20 20:23:22,413][flwr][INFO] - 	       [ 67,  68,  64,  52,  95,  98, 124, 129, 158, 127],
[2024-06-20 20:23:22,413][flwr][INFO] - 	       [ 22,  57,  73, 138,   7, 216,  41,  78, 173,  87],
[2024-06-20 20:23:22,413][flwr][INFO] - 	       [ 75,  86, 150,  24,  23,  17, 337,  63, 103,  80],
[2024-06-20 20:23:22,413][flwr][INFO] - 	       [ 24,  76,  34,  13,  37,  57,  36, 467, 168, 116],
[2024-06-20 20:23:22,413][flwr][INFO] - 	       [ 43,  56,  99, 114,  20,  41, 173,  58, 304,  66],
[2024-06-20 20:23:22,413][flwr][INFO] - 	       [ 65,  27,  43,  12,  78,  58,  83, 181, 227, 235]])),
[2024-06-20 20:23:22,413][flwr][INFO] - 	                      (10,
[2024-06-20 20:23:22,413][flwr][INFO] - 	                       array([[418,  52, 137,  84,  22,  78,  53,  45,  78,  13],
[2024-06-20 20:23:22,413][flwr][INFO] - 	       [ 53, 757,  76,  11,  40,  16,  16,  56,  38,  72],
[2024-06-20 20:23:22,413][flwr][INFO] - 	       [ 38, 108, 206, 110,  29,  44, 271,  47, 129,  50],
[2024-06-20 20:23:22,413][flwr][INFO] - 	       [ 28, 111,  71, 247,  11, 205,  77,  81, 148,  31],
[2024-06-20 20:23:22,413][flwr][INFO] - 	       [ 67,  68,  64,  52,  95,  98, 124, 129, 158, 127],
[2024-06-20 20:23:22,413][flwr][INFO] - 	       [ 22,  57,  73, 138,   7, 216,  41,  78, 173,  87],
[2024-06-20 20:23:22,413][flwr][INFO] - 	       [ 75,  86, 150,  24,  23,  17, 337,  63, 103,  80],
[2024-06-20 20:23:22,413][flwr][INFO] - 	       [ 24,  76,  34,  13,  37,  57,  36, 467, 168, 116],
[2024-06-20 20:23:22,413][flwr][INFO] - 	       [ 43,  56,  99, 114,  20,  41, 173,  58, 304,  66],
[2024-06-20 20:23:22,413][flwr][INFO] - 	       [ 65,  27,  43,  12,  78,  58,  83, 180, 227, 236]]))],
[2024-06-20 20:23:22,413][flwr][INFO] - 	 'f1': [(0, 0.03553137346181725),
[2024-06-20 20:23:22,413][flwr][INFO] - 	        (1, 0.06132679218372202),
[2024-06-20 20:23:22,413][flwr][INFO] - 	        (2, 0.19926608009799843),
[2024-06-20 20:23:22,414][flwr][INFO] - 	        (3, 0.26513863526244635),
[2024-06-20 20:23:22,414][flwr][INFO] - 	        (4, 0.29823982358335954),
[2024-06-20 20:23:22,414][flwr][INFO] - 	        (5, 0.31028611745524237),
[2024-06-20 20:23:22,414][flwr][INFO] - 	        (6, 0.31740371776412707),
[2024-06-20 20:23:22,414][flwr][INFO] - 	        (7, 0.3190424357004032),
[2024-06-20 20:23:22,414][flwr][INFO] - 	        (8, 0.31924476180964795),
[2024-06-20 20:23:22,414][flwr][INFO] - 	        (9, 0.31979893582153746),
[2024-06-20 20:23:22,414][flwr][INFO] - 	        (10, 0.3199118172762913)],
[2024-06-20 20:23:22,414][flwr][INFO] - 	 'precision': [(0, 0.12349967530374152),
[2024-06-20 20:23:22,414][flwr][INFO] - 	               (1, 0.07834950529617267),
[2024-06-20 20:23:22,414][flwr][INFO] - 	               (2, 0.20411506343818162),
[2024-06-20 20:23:22,414][flwr][INFO] - 	               (3, 0.2726498968351061),
[2024-06-20 20:23:22,414][flwr][INFO] - 	               (4, 0.3068428877675013),
[2024-06-20 20:23:22,414][flwr][INFO] - 	               (5, 0.3187645016664528),
[2024-06-20 20:23:22,414][flwr][INFO] - 	               (6, 0.324229442788015),
[2024-06-20 20:23:22,414][flwr][INFO] - 	               (7, 0.32522394971283664),
[2024-06-20 20:23:22,414][flwr][INFO] - 	               (8, 0.3253495011636455),
[2024-06-20 20:23:22,414][flwr][INFO] - 	               (9, 0.32585752744343577),
[2024-06-20 20:23:22,414][flwr][INFO] - 	               (10, 0.32597474377759555)],
[2024-06-20 20:23:22,414][flwr][INFO] - 	 'recall': [(0, 0.1086),
[2024-06-20 20:23:22,414][flwr][INFO] - 	            (1, 0.0873),
[2024-06-20 20:23:22,414][flwr][INFO] - 	            (2, 0.2281),
[2024-06-20 20:23:22,414][flwr][INFO] - 	            (3, 0.2778),
[2024-06-20 20:23:22,414][flwr][INFO] - 	            (4, 0.3089),
[2024-06-20 20:23:22,414][flwr][INFO] - 	            (5, 0.3191),
[2024-06-20 20:23:22,414][flwr][INFO] - 	            (6, 0.3259),
[2024-06-20 20:23:22,414][flwr][INFO] - 	            (7, 0.3276),
[2024-06-20 20:23:22,414][flwr][INFO] - 	            (8, 0.3276),
[2024-06-20 20:23:22,414][flwr][INFO] - 	            (9, 0.3282),
[2024-06-20 20:23:22,414][flwr][INFO] - 	            (10, 0.3283)]}
[2024-06-20 20:23:22,414][flwr][INFO] - 
