[2024-07-08 18:20:28,365][flwr][INFO] - Starting Flower simulation, config: num_rounds=10, no round_timeout
[2024-07-08 18:20:30,359][flwr][INFO] - Flower VCE: Ray initialized with resources: {'node:127.0.0.1': 1.0, 'CPU': 12.0, 'node:__internal_head__': 1.0, 'object_store_memory': 2147483648.0, 'memory': 8788723303.0}
[2024-07-08 18:20:30,359][flwr][INFO] - Optimize your simulation with Flower VCE: https://flower.ai/docs/framework/how-to-run-simulations.html
[2024-07-08 18:20:30,359][flwr][INFO] - Flower VCE: Resources for each Virtual Client: {'num_cpus': 2, 'num_gpus': 0}
[2024-07-08 18:20:30,365][flwr][INFO] - Flower VCE: Creating VirtualClientEngineActorPool with 6 actors
[2024-07-08 18:20:30,365][flwr][INFO] - [INIT]
[2024-07-08 18:20:30,365][flwr][INFO] - Requesting initial parameters from one random client
[2024-07-08 18:20:31,848][flwr][INFO] - Received initial parameters from one random client
[2024-07-08 18:20:31,848][flwr][INFO] - Evaluating initial global parameters
[2024-07-08 18:20:32,175][flwr][INFO] - initial parameters (loss, other metrics): 181.76928067207336, {'accuracy': 0.1086, 'precision': 0.12349967530374152, 'recall': 0.1086, 'f1': 0.03553137346181725, 'confusion_matrix': array([[   0,    8,    0,  956,    0,    1,    0,   15,    0,    0],
       [   0,  122,    0, 1013,    0,    0,    0,    0,    0,    0],
       [   0,   38,    0,  971,    0,    0,    3,   19,    1,    0],
       [   0,   44,    0,  945,    1,    1,    0,   17,    2,    0],
       [   0,  143,    0,  816,    1,    0,    2,   20,    0,    0],
       [   0,  118,    0,  735,    1,    7,    0,   30,    1,    0],
       [   0,  144,    0,  749,   25,    0,    2,   38,    0,    0],
       [   0,  272,    0,  724,    8,    0,    0,    9,   15,    0],
       [   0,   81,    0,  859,    1,    0,    1,   32,    0,    0],
       [   0,  178,    0,  799,    1,    0,    0,   31,    0,    0]])}
[2024-07-08 18:20:32,176][flwr][INFO] - 
[2024-07-08 18:20:32,176][flwr][INFO] - [ROUND 1]
[2024-07-08 18:20:32,176][flwr][INFO] - configure_fit: strategy sampled 10 clients (out of 10)
[2024-07-08 18:20:39,716][flwr][INFO] - aggregate_fit: received 10 results and 0 failures
[2024-07-08 18:20:39,721][flwr][WARNING] - No fit_metrics_aggregation_fn provided
[2024-07-08 18:20:40,057][flwr][INFO] - fit progress: (1, 243.43837070465088, {'accuracy': 0.0176, 'precision': 0.015925120307594798, 'recall': 0.0176, 'f1': 0.016649636219467207, 'confusion_matrix': array([[  11,  938,    0,    7,    1,    0,    8,   14,    1,    0],
       [   0,    0, 1102,   22,    0,    0,    2,    4,    1,    4],
       [   3,   11,    2,  962,    8,    0,    0,   24,   12,   10],
       [   7,    5,    3,   67,  845,    0,   31,    3,   44,    5],
       [ 444,    3,    8,   30,   29,  303,   40,  103,    5,   17],
       [  18,   20,    8,    5,   22,    0,  792,   11,    5,   11],
       [   0,    9,    4,   15,    0,    0,   34,  895,    0,    1],
       [  57,    0,    8,   49,    1,    0,    1,    2,  909,    1],
       [  29,   10,   18,   44,   62,    0,  107,   14,   26,  664],
       [ 931,    2,    7,    6,    9,    0,   16,    4,   29,    5]])}, 7.881499707999999)
[2024-07-08 18:20:40,058][flwr][INFO] - configure_evaluate: no clients selected, skipping evaluation
[2024-07-08 18:20:40,058][flwr][INFO] - 
[2024-07-08 18:20:40,058][flwr][INFO] - [ROUND 2]
[2024-07-08 18:20:40,058][flwr][INFO] - configure_fit: strategy sampled 10 clients (out of 10)
[2024-07-08 18:20:47,135][flwr][INFO] - aggregate_fit: received 10 results and 0 failures
[2024-07-08 18:20:47,477][flwr][INFO] - fit progress: (2, 382.47268748283386, {'accuracy': 0.0164, 'precision': 0.01587567825195437, 'recall': 0.0164, 'f1': 0.016116889699106508, 'confusion_matrix': array([[   5,  959,    0,    0,    0,    0,    3,    8,    0,    5],
       [   0,    0, 1117,    3,    0,    0,    1,    3,    0,   11],
       [   1,    7,    3,  975,    5,    7,    0,   13,    5,   16],
       [   5,    5,    1,   64,  844,    2,   29,    2,   17,   41],
       [  36,    1,    0,    4,    0,  914,    1,   14,    0,   12],
       [  13,   11,    1,    2,   12,   10,  813,    4,    2,   24],
       [   0,    7,    3,    1,    0,    2,   53,  890,    0,    2],
       [ 103,    0,   11,   41,    0,   14,    0,    1,  848,   10],
       [   3,    6,    6,    8,    4,   11,   16,    4,    4,  912],
       [ 941,    4,    6,    1,    5,   25,    2,    1,    0,   24]])}, 15.301241749999999)
[2024-07-08 18:20:47,477][flwr][INFO] - configure_evaluate: no clients selected, skipping evaluation
[2024-07-08 18:20:47,477][flwr][INFO] - 
[2024-07-08 18:20:47,477][flwr][INFO] - [ROUND 3]
[2024-07-08 18:20:47,478][flwr][INFO] - configure_fit: strategy sampled 10 clients (out of 10)
[2024-07-08 18:20:54,515][flwr][INFO] - aggregate_fit: received 10 results and 0 failures
[2024-07-08 18:20:54,848][flwr][INFO] - fit progress: (3, 421.1394348144531, {'accuracy': 0.0168, 'precision': 0.016698835332768922, 'recall': 0.0168, 'f1': 0.016735701812564032, 'confusion_matrix': array([[   5,  962,    0,    1,    1,    0,    3,    5,    0,    3],
       [   0,    0, 1118,    4,    1,    0,    0,    1,    0,   11],
       [   1,    5,    1, 1002,    4,    5,    1,    3,    3,    7],
       [   3,    0,    0,   39,  919,    0,   11,    0,   14,   24],
       [  50,    0,    0,    7,    0,  905,    0,   11,    1,    8],
       [   6,    7,    1,    2,   31,    9,  808,    4,    2,   22],
       [   0,    7,    3,    0,    1,    4,   85,  852,    0,    6],
       [  38,    1,    7,   39,    0,    7,    0,    0,  928,    8],
       [   1,    5,    3,    9,   10,   12,    8,    1,    5,  920],
       [ 938,    4,    6,    0,   10,   21,    1,    1,    4,   24]])}, 22.672335917)
[2024-07-08 18:20:54,848][flwr][INFO] - configure_evaluate: no clients selected, skipping evaluation
[2024-07-08 18:20:54,848][flwr][INFO] - 
[2024-07-08 18:20:54,848][flwr][INFO] - [ROUND 4]
[2024-07-08 18:20:54,849][flwr][INFO] - configure_fit: strategy sampled 10 clients (out of 10)
[2024-07-08 18:21:01,113][flwr][INFO] - aggregate_fit: received 10 results and 0 failures
[2024-07-08 18:21:01,458][flwr][INFO] - fit progress: (4, 441.81990671157837, {'accuracy': 0.0098, 'precision': 0.009805247275586872, 'recall': 0.0098, 'f1': 0.009796489746001143, 'confusion_matrix': array([[   8,  958,    2,    1,    0,    0,    3,    6,    0,    2],
       [   0,    0, 1123,    3,    1,    0,    0,    1,    0,    7],
       [   1,    5,    3,  998,    6,    3,    2,    4,    5,    5],
       [   1,    0,    1,   21,  945,    0,   12,    0,    9,   21],
       [  31,    0,    1,    6,    0,  918,    0,   17,    3,    6],
       [   5,    4,    1,    2,   18,    5,  845,    4,    1,    7],
       [   0,    6,    4,    0,    1,    3,   40,  900,    0,    4],
       [  40,    1,   13,   28,    0,    3,    0,    1,  937,    5],
       [   1,    4,    3,    7,   12,    8,   11,    2,    4,  922],
       [ 949,    2,    6,    0,   13,   19,    2,    1,    1,   16]])}, 29.282366666999998)
[2024-07-08 18:21:01,458][flwr][INFO] - configure_evaluate: no clients selected, skipping evaluation
[2024-07-08 18:21:01,458][flwr][INFO] - 
[2024-07-08 18:21:01,458][flwr][INFO] - [ROUND 5]
[2024-07-08 18:21:01,459][flwr][INFO] - configure_fit: strategy sampled 10 clients (out of 10)
[2024-07-08 18:21:07,932][flwr][INFO] - aggregate_fit: received 10 results and 0 failures
[2024-07-08 18:21:08,278][flwr][INFO] - fit progress: (5, 460.80904960632324, {'accuracy': 0.0126, 'precision': 0.012414413870018258, 'recall': 0.0126, 'f1': 0.01249619614014419, 'confusion_matrix': array([[  20,  948,    0,    1,    1,    0,    1,    3,    2,    4],
       [   0,    0, 1120,    4,    1,    0,    0,    1,    1,    8],
       [   1,    3,    1, 1009,    3,    2,    1,    3,    4,    5],
       [   1,    0,    2,   27,  937,    0,    8,    0,    8,   27],
       [  40,    0,    0,    7,    0,  916,    0,    9,    2,    8],
       [   6,    1,    1,    3,   20,    4,  841,    3,    1,   12],
       [   1,    5,    4,    0,    1,    3,   40,  896,    0,    8],
       [  28,    1,   10,   24,    1,    3,    0,    0,  955,    6],
       [   1,    3,    2,    7,    9,    2,    6,    0,    3,  941],
       [ 944,    2,    5,    0,    9,   14,    1,    1,    2,   31]])}, 36.102031583)
[2024-07-08 18:21:08,278][flwr][INFO] - configure_evaluate: no clients selected, skipping evaluation
[2024-07-08 18:21:08,278][flwr][INFO] - 
[2024-07-08 18:21:08,278][flwr][INFO] - [ROUND 6]
[2024-07-08 18:21:08,278][flwr][INFO] - configure_fit: strategy sampled 10 clients (out of 10)
[2024-07-08 18:21:14,485][flwr][INFO] - aggregate_fit: received 10 results and 0 failures
[2024-07-08 18:21:14,829][flwr][INFO] - fit progress: (6, 473.34956216812134, {'accuracy': 0.01, 'precision': 0.009980752097220357, 'recall': 0.01, 'f1': 0.009979801332065285, 'confusion_matrix': array([[  20,  942,    2,    1,    3,    0,    2,    4,    2,    4],
       [   0,    0, 1113,    4,    4,    0,    0,    1,    2,   11],
       [   0,    2,    0, 1013,    6,    3,    0,    1,    5,    2],
       [   0,    0,    0,   22,  962,    0,    7,    0,    7,   12],
       [  36,    0,    1,    8,    0,  923,    0,    7,    1,    6],
       [   5,    1,    1,    1,   28,    3,  838,    4,    1,   10],
       [   0,    5,    3,    2,    1,    3,   34,  904,    0,    6],
       [  21,    1,    8,   30,    1,    3,    0,    0,  961,    3],
       [   1,    3,    3,   19,   15,    4,    7,    0,    2,  920],
       [ 953,    2,    4,    0,   11,   15,    2,    0,    3,   19]])}, 42.653947542)
[2024-07-08 18:21:14,830][flwr][INFO] - configure_evaluate: no clients selected, skipping evaluation
[2024-07-08 18:21:14,830][flwr][INFO] - 
[2024-07-08 18:21:14,830][flwr][INFO] - [ROUND 7]
[2024-07-08 18:21:14,830][flwr][INFO] - configure_fit: strategy sampled 10 clients (out of 10)
[2024-07-08 18:21:21,362][flwr][INFO] - aggregate_fit: received 10 results and 0 failures
[2024-07-08 18:21:21,706][flwr][INFO] - fit progress: (7, 532.6058483123779, {'accuracy': 0.0072, 'precision': 0.007265729463577423, 'recall': 0.0072, 'f1': 0.0072260628212008045, 'confusion_matrix': array([[   8,  956,    2,    1,    2,    1,    2,    1,    3,    4],
       [   0,    0, 1118,    4,    3,    0,    1,    1,    1,    7],
       [   1,    2,    1, 1009,    6,    3,    0,    1,    5,    4],
       [   0,    0,    0,   15,  972,    0,    6,    0,    6,   11],
       [  28,    0,    0,    8,    0,  939,    0,    3,    1,    3],
       [   5,    4,    0,    2,   19,    4,  842,    3,    1,   12],
       [   0,    5,    3,    0,    1,    4,   25,  914,    0,    6],
       [  13,    1,    7,   22,    1,    7,    0,    1,  971,    5],
       [   1,    2,    1,    8,    9,    4,    7,    1,    2,  939],
       [ 953,    3,    3,    0,   10,   18,    2,    0,    4,   16]])}, 49.530575875000004)
[2024-07-08 18:21:21,706][flwr][INFO] - configure_evaluate: no clients selected, skipping evaluation
[2024-07-08 18:21:21,706][flwr][INFO] - 
[2024-07-08 18:21:21,706][flwr][INFO] - [ROUND 8]
[2024-07-08 18:21:21,707][flwr][INFO] - configure_fit: strategy sampled 10 clients (out of 10)
[2024-07-08 18:21:27,851][flwr][INFO] - aggregate_fit: received 10 results and 0 failures
[2024-07-08 18:21:28,197][flwr][INFO] - fit progress: (8, 532.8008394241333, {'accuracy': 0.008, 'precision': 0.008107282978684516, 'recall': 0.008, 'f1': 0.00804478888680983, 'confusion_matrix': array([[  10,  958,    1,    1,    1,    1,    1,    2,    1,    4],
       [   0,    0, 1121,    3,    1,    0,    0,    2,    1,    7],
       [   0,    2,    1, 1002,   10,    2,    2,    0,    8,    5],
       [   0,    0,    0,   17,  967,    0,    1,    0,    8,   17],
       [  24,    1,    0,    4,    0,  943,    0,    5,    2,    3],
       [   8,    3,    0,    0,   23,    3,  831,    3,    1,   20],
       [   1,    4,    3,    1,    1,    5,   29,  909,    0,    5],
       [  17,    1,    5,   19,    1,    4,    0,    0,  977,    4],
       [   1,    2,    1,    6,    8,    4,    6,    0,    3,  943],
       [ 957,    3,    2,    0,    4,   21,    2,    1,    2,   17]])}, 56.022107875)
[2024-07-08 18:21:28,198][flwr][INFO] - configure_evaluate: no clients selected, skipping evaluation
[2024-07-08 18:21:28,198][flwr][INFO] - 
[2024-07-08 18:21:28,198][flwr][INFO] - [ROUND 9]
[2024-07-08 18:21:28,198][flwr][INFO] - configure_fit: strategy sampled 10 clients (out of 10)
[2024-07-08 18:21:34,654][flwr][INFO] - aggregate_fit: received 10 results and 0 failures
[2024-07-08 18:21:34,994][flwr][INFO] - fit progress: (9, 579.6353087425232, {'accuracy': 0.0064, 'precision': 0.006373819899578116, 'recall': 0.0064, 'f1': 0.006381123009083488, 'confusion_matrix': array([[   4,  966,    1,    1,    0,    0,    0,    2,    1,    5],
       [   0,    0, 1123,    1,    3,    0,    0,    2,    1,    5],
       [   0,    3,    1, 1011,    3,    2,    0,    0,    7,    5],
       [   0,    0,    0,   18,  967,    0,    2,    0,    6,   17],
       [  24,    1,    0,    5,    0,  943,    0,    5,    2,    2],
       [   6,    2,    0,    0,   10,    2,  852,    4,    2,   14],
       [   1,    3,    3,    0,    1,    4,   16,  921,    0,    9],
       [   9,    1,    7,   19,    1,    4,    0,    0,  983,    4],
       [   1,    2,    1,    8,    3,    3,    2,    0,    2,  952],
       [ 956,    2,    4,    0,    4,   17,    1,    1,    3,   21]])}, 62.819001125)
[2024-07-08 18:21:34,995][flwr][INFO] - configure_evaluate: no clients selected, skipping evaluation
[2024-07-08 18:21:34,995][flwr][INFO] - 
[2024-07-08 18:21:34,995][flwr][INFO] - [ROUND 10]
[2024-07-08 18:21:34,995][flwr][INFO] - configure_fit: strategy sampled 10 clients (out of 10)
[2024-07-08 18:21:41,211][flwr][INFO] - aggregate_fit: received 10 results and 0 failures
[2024-07-08 18:21:41,548][flwr][INFO] - fit progress: (10, 604.3599729537964, {'accuracy': 0.0057, 'precision': 0.005668063550217093, 'recall': 0.0057, 'f1': 0.005680231673786463, 'confusion_matrix': array([[   4,  967,    2,    1,    0,    0,    1,    2,    1,    2],
       [   0,    0, 1123,    4,    2,    0,    0,    1,    0,    5],
       [   0,    6,    1, 1004,    5,    1,    1,    2,    5,    7],
       [   1,    0,    0,   14,  967,    1,    9,    0,    4,   14],
       [  32,    2,    0,    6,    0,  933,    0,    6,    1,    2],
       [  10,    2,    0,    0,   11,    2,  853,    5,    1,    8],
       [   0,    5,    3,    1,    1,    3,   13,  925,    0,    7],
       [  16,    1,    6,   19,    2,    6,    0,    0,  971,    7],
       [   1,    4,    0,    7,    1,    2,    5,    0,    1,  953],
       [ 962,    2,    4,    0,    2,   12,    1,    1,    3,   22]])}, 69.372939208)
[2024-07-08 18:21:41,549][flwr][INFO] - configure_evaluate: no clients selected, skipping evaluation
[2024-07-08 18:21:41,549][flwr][INFO] - 
[2024-07-08 18:21:41,549][flwr][INFO] - [SUMMARY]
[2024-07-08 18:21:41,549][flwr][INFO] - Run finished 10 round(s) in 69.37s
[2024-07-08 18:21:41,552][flwr][INFO] - 	History (loss, centralized):
[2024-07-08 18:21:41,553][flwr][INFO] - 		round 0: 181.76928067207336
[2024-07-08 18:21:41,553][flwr][INFO] - 		round 1: 243.43837070465088
[2024-07-08 18:21:41,553][flwr][INFO] - 		round 2: 382.47268748283386
[2024-07-08 18:21:41,553][flwr][INFO] - 		round 3: 421.1394348144531
[2024-07-08 18:21:41,553][flwr][INFO] - 		round 4: 441.81990671157837
[2024-07-08 18:21:41,553][flwr][INFO] - 		round 5: 460.80904960632324
[2024-07-08 18:21:41,553][flwr][INFO] - 		round 6: 473.34956216812134
[2024-07-08 18:21:41,553][flwr][INFO] - 		round 7: 532.6058483123779
[2024-07-08 18:21:41,553][flwr][INFO] - 		round 8: 532.8008394241333
[2024-07-08 18:21:41,553][flwr][INFO] - 		round 9: 579.6353087425232
[2024-07-08 18:21:41,553][flwr][INFO] - 		round 10: 604.3599729537964
[2024-07-08 18:21:41,553][flwr][INFO] - 	History (metrics, centralized):
[2024-07-08 18:21:41,553][flwr][INFO] - 	{'accuracy': [(0, 0.1086),
[2024-07-08 18:21:41,553][flwr][INFO] - 	              (1, 0.0176),
[2024-07-08 18:21:41,553][flwr][INFO] - 	              (2, 0.0164),
[2024-07-08 18:21:41,553][flwr][INFO] - 	              (3, 0.0168),
[2024-07-08 18:21:41,553][flwr][INFO] - 	              (4, 0.0098),
[2024-07-08 18:21:41,553][flwr][INFO] - 	              (5, 0.0126),
[2024-07-08 18:21:41,553][flwr][INFO] - 	              (6, 0.01),
[2024-07-08 18:21:41,553][flwr][INFO] - 	              (7, 0.0072),
[2024-07-08 18:21:41,553][flwr][INFO] - 	              (8, 0.008),
[2024-07-08 18:21:41,553][flwr][INFO] - 	              (9, 0.0064),
[2024-07-08 18:21:41,553][flwr][INFO] - 	              (10, 0.0057)],
[2024-07-08 18:21:41,553][flwr][INFO] - 	 'confusion_matrix': [(0,
[2024-07-08 18:21:41,553][flwr][INFO] - 	                       array([[   0,    8,    0,  956,    0,    1,    0,   15,    0,    0],
[2024-07-08 18:21:41,553][flwr][INFO] - 	       [   0,  122,    0, 1013,    0,    0,    0,    0,    0,    0],
[2024-07-08 18:21:41,553][flwr][INFO] - 	       [   0,   38,    0,  971,    0,    0,    3,   19,    1,    0],
[2024-07-08 18:21:41,553][flwr][INFO] - 	       [   0,   44,    0,  945,    1,    1,    0,   17,    2,    0],
[2024-07-08 18:21:41,553][flwr][INFO] - 	       [   0,  143,    0,  816,    1,    0,    2,   20,    0,    0],
[2024-07-08 18:21:41,553][flwr][INFO] - 	       [   0,  118,    0,  735,    1,    7,    0,   30,    1,    0],
[2024-07-08 18:21:41,553][flwr][INFO] - 	       [   0,  144,    0,  749,   25,    0,    2,   38,    0,    0],
[2024-07-08 18:21:41,553][flwr][INFO] - 	       [   0,  272,    0,  724,    8,    0,    0,    9,   15,    0],
[2024-07-08 18:21:41,553][flwr][INFO] - 	       [   0,   81,    0,  859,    1,    0,    1,   32,    0,    0],
[2024-07-08 18:21:41,553][flwr][INFO] - 	       [   0,  178,    0,  799,    1,    0,    0,   31,    0,    0]])),
[2024-07-08 18:21:41,553][flwr][INFO] - 	                      (1,
[2024-07-08 18:21:41,553][flwr][INFO] - 	                       array([[  11,  938,    0,    7,    1,    0,    8,   14,    1,    0],
[2024-07-08 18:21:41,553][flwr][INFO] - 	       [   0,    0, 1102,   22,    0,    0,    2,    4,    1,    4],
[2024-07-08 18:21:41,553][flwr][INFO] - 	       [   3,   11,    2,  962,    8,    0,    0,   24,   12,   10],
[2024-07-08 18:21:41,553][flwr][INFO] - 	       [   7,    5,    3,   67,  845,    0,   31,    3,   44,    5],
[2024-07-08 18:21:41,554][flwr][INFO] - 	       [ 444,    3,    8,   30,   29,  303,   40,  103,    5,   17],
[2024-07-08 18:21:41,554][flwr][INFO] - 	       [  18,   20,    8,    5,   22,    0,  792,   11,    5,   11],
[2024-07-08 18:21:41,554][flwr][INFO] - 	       [   0,    9,    4,   15,    0,    0,   34,  895,    0,    1],
[2024-07-08 18:21:41,554][flwr][INFO] - 	       [  57,    0,    8,   49,    1,    0,    1,    2,  909,    1],
[2024-07-08 18:21:41,554][flwr][INFO] - 	       [  29,   10,   18,   44,   62,    0,  107,   14,   26,  664],
[2024-07-08 18:21:41,554][flwr][INFO] - 	       [ 931,    2,    7,    6,    9,    0,   16,    4,   29,    5]])),
[2024-07-08 18:21:41,554][flwr][INFO] - 	                      (2,
[2024-07-08 18:21:41,554][flwr][INFO] - 	                       array([[   5,  959,    0,    0,    0,    0,    3,    8,    0,    5],
[2024-07-08 18:21:41,554][flwr][INFO] - 	       [   0,    0, 1117,    3,    0,    0,    1,    3,    0,   11],
[2024-07-08 18:21:41,554][flwr][INFO] - 	       [   1,    7,    3,  975,    5,    7,    0,   13,    5,   16],
[2024-07-08 18:21:41,554][flwr][INFO] - 	       [   5,    5,    1,   64,  844,    2,   29,    2,   17,   41],
[2024-07-08 18:21:41,554][flwr][INFO] - 	       [  36,    1,    0,    4,    0,  914,    1,   14,    0,   12],
[2024-07-08 18:21:41,554][flwr][INFO] - 	       [  13,   11,    1,    2,   12,   10,  813,    4,    2,   24],
[2024-07-08 18:21:41,554][flwr][INFO] - 	       [   0,    7,    3,    1,    0,    2,   53,  890,    0,    2],
[2024-07-08 18:21:41,554][flwr][INFO] - 	       [ 103,    0,   11,   41,    0,   14,    0,    1,  848,   10],
[2024-07-08 18:21:41,554][flwr][INFO] - 	       [   3,    6,    6,    8,    4,   11,   16,    4,    4,  912],
[2024-07-08 18:21:41,554][flwr][INFO] - 	       [ 941,    4,    6,    1,    5,   25,    2,    1,    0,   24]])),
[2024-07-08 18:21:41,554][flwr][INFO] - 	                      (3,
[2024-07-08 18:21:41,554][flwr][INFO] - 	                       array([[   5,  962,    0,    1,    1,    0,    3,    5,    0,    3],
[2024-07-08 18:21:41,554][flwr][INFO] - 	       [   0,    0, 1118,    4,    1,    0,    0,    1,    0,   11],
[2024-07-08 18:21:41,554][flwr][INFO] - 	       [   1,    5,    1, 1002,    4,    5,    1,    3,    3,    7],
[2024-07-08 18:21:41,554][flwr][INFO] - 	       [   3,    0,    0,   39,  919,    0,   11,    0,   14,   24],
[2024-07-08 18:21:41,554][flwr][INFO] - 	       [  50,    0,    0,    7,    0,  905,    0,   11,    1,    8],
[2024-07-08 18:21:41,554][flwr][INFO] - 	       [   6,    7,    1,    2,   31,    9,  808,    4,    2,   22],
[2024-07-08 18:21:41,554][flwr][INFO] - 	       [   0,    7,    3,    0,    1,    4,   85,  852,    0,    6],
[2024-07-08 18:21:41,554][flwr][INFO] - 	       [  38,    1,    7,   39,    0,    7,    0,    0,  928,    8],
[2024-07-08 18:21:41,554][flwr][INFO] - 	       [   1,    5,    3,    9,   10,   12,    8,    1,    5,  920],
[2024-07-08 18:21:41,554][flwr][INFO] - 	       [ 938,    4,    6,    0,   10,   21,    1,    1,    4,   24]])),
[2024-07-08 18:21:41,554][flwr][INFO] - 	                      (4,
[2024-07-08 18:21:41,554][flwr][INFO] - 	                       array([[   8,  958,    2,    1,    0,    0,    3,    6,    0,    2],
[2024-07-08 18:21:41,554][flwr][INFO] - 	       [   0,    0, 1123,    3,    1,    0,    0,    1,    0,    7],
[2024-07-08 18:21:41,554][flwr][INFO] - 	       [   1,    5,    3,  998,    6,    3,    2,    4,    5,    5],
[2024-07-08 18:21:41,554][flwr][INFO] - 	       [   1,    0,    1,   21,  945,    0,   12,    0,    9,   21],
[2024-07-08 18:21:41,554][flwr][INFO] - 	       [  31,    0,    1,    6,    0,  918,    0,   17,    3,    6],
[2024-07-08 18:21:41,554][flwr][INFO] - 	       [   5,    4,    1,    2,   18,    5,  845,    4,    1,    7],
[2024-07-08 18:21:41,554][flwr][INFO] - 	       [   0,    6,    4,    0,    1,    3,   40,  900,    0,    4],
[2024-07-08 18:21:41,554][flwr][INFO] - 	       [  40,    1,   13,   28,    0,    3,    0,    1,  937,    5],
[2024-07-08 18:21:41,554][flwr][INFO] - 	       [   1,    4,    3,    7,   12,    8,   11,    2,    4,  922],
[2024-07-08 18:21:41,554][flwr][INFO] - 	       [ 949,    2,    6,    0,   13,   19,    2,    1,    1,   16]])),
[2024-07-08 18:21:41,554][flwr][INFO] - 	                      (5,
[2024-07-08 18:21:41,554][flwr][INFO] - 	                       array([[  20,  948,    0,    1,    1,    0,    1,    3,    2,    4],
[2024-07-08 18:21:41,554][flwr][INFO] - 	       [   0,    0, 1120,    4,    1,    0,    0,    1,    1,    8],
[2024-07-08 18:21:41,554][flwr][INFO] - 	       [   1,    3,    1, 1009,    3,    2,    1,    3,    4,    5],
[2024-07-08 18:21:41,554][flwr][INFO] - 	       [   1,    0,    2,   27,  937,    0,    8,    0,    8,   27],
[2024-07-08 18:21:41,554][flwr][INFO] - 	       [  40,    0,    0,    7,    0,  916,    0,    9,    2,    8],
[2024-07-08 18:21:41,554][flwr][INFO] - 	       [   6,    1,    1,    3,   20,    4,  841,    3,    1,   12],
[2024-07-08 18:21:41,554][flwr][INFO] - 	       [   1,    5,    4,    0,    1,    3,   40,  896,    0,    8],
[2024-07-08 18:21:41,554][flwr][INFO] - 	       [  28,    1,   10,   24,    1,    3,    0,    0,  955,    6],
[2024-07-08 18:21:41,555][flwr][INFO] - 	       [   1,    3,    2,    7,    9,    2,    6,    0,    3,  941],
[2024-07-08 18:21:41,555][flwr][INFO] - 	       [ 944,    2,    5,    0,    9,   14,    1,    1,    2,   31]])),
[2024-07-08 18:21:41,555][flwr][INFO] - 	                      (6,
[2024-07-08 18:21:41,555][flwr][INFO] - 	                       array([[  20,  942,    2,    1,    3,    0,    2,    4,    2,    4],
[2024-07-08 18:21:41,555][flwr][INFO] - 	       [   0,    0, 1113,    4,    4,    0,    0,    1,    2,   11],
[2024-07-08 18:21:41,555][flwr][INFO] - 	       [   0,    2,    0, 1013,    6,    3,    0,    1,    5,    2],
[2024-07-08 18:21:41,555][flwr][INFO] - 	       [   0,    0,    0,   22,  962,    0,    7,    0,    7,   12],
[2024-07-08 18:21:41,555][flwr][INFO] - 	       [  36,    0,    1,    8,    0,  923,    0,    7,    1,    6],
[2024-07-08 18:21:41,555][flwr][INFO] - 	       [   5,    1,    1,    1,   28,    3,  838,    4,    1,   10],
[2024-07-08 18:21:41,555][flwr][INFO] - 	       [   0,    5,    3,    2,    1,    3,   34,  904,    0,    6],
[2024-07-08 18:21:41,555][flwr][INFO] - 	       [  21,    1,    8,   30,    1,    3,    0,    0,  961,    3],
[2024-07-08 18:21:41,555][flwr][INFO] - 	       [   1,    3,    3,   19,   15,    4,    7,    0,    2,  920],
[2024-07-08 18:21:41,555][flwr][INFO] - 	       [ 953,    2,    4,    0,   11,   15,    2,    0,    3,   19]])),
[2024-07-08 18:21:41,555][flwr][INFO] - 	                      (7,
[2024-07-08 18:21:41,555][flwr][INFO] - 	                       array([[   8,  956,    2,    1,    2,    1,    2,    1,    3,    4],
[2024-07-08 18:21:41,555][flwr][INFO] - 	       [   0,    0, 1118,    4,    3,    0,    1,    1,    1,    7],
[2024-07-08 18:21:41,555][flwr][INFO] - 	       [   1,    2,    1, 1009,    6,    3,    0,    1,    5,    4],
[2024-07-08 18:21:41,555][flwr][INFO] - 	       [   0,    0,    0,   15,  972,    0,    6,    0,    6,   11],
[2024-07-08 18:21:41,555][flwr][INFO] - 	       [  28,    0,    0,    8,    0,  939,    0,    3,    1,    3],
[2024-07-08 18:21:41,555][flwr][INFO] - 	       [   5,    4,    0,    2,   19,    4,  842,    3,    1,   12],
[2024-07-08 18:21:41,555][flwr][INFO] - 	       [   0,    5,    3,    0,    1,    4,   25,  914,    0,    6],
[2024-07-08 18:21:41,555][flwr][INFO] - 	       [  13,    1,    7,   22,    1,    7,    0,    1,  971,    5],
[2024-07-08 18:21:41,555][flwr][INFO] - 	       [   1,    2,    1,    8,    9,    4,    7,    1,    2,  939],
[2024-07-08 18:21:41,555][flwr][INFO] - 	       [ 953,    3,    3,    0,   10,   18,    2,    0,    4,   16]])),
[2024-07-08 18:21:41,555][flwr][INFO] - 	                      (8,
[2024-07-08 18:21:41,555][flwr][INFO] - 	                       array([[  10,  958,    1,    1,    1,    1,    1,    2,    1,    4],
[2024-07-08 18:21:41,555][flwr][INFO] - 	       [   0,    0, 1121,    3,    1,    0,    0,    2,    1,    7],
[2024-07-08 18:21:41,555][flwr][INFO] - 	       [   0,    2,    1, 1002,   10,    2,    2,    0,    8,    5],
[2024-07-08 18:21:41,555][flwr][INFO] - 	       [   0,    0,    0,   17,  967,    0,    1,    0,    8,   17],
[2024-07-08 18:21:41,555][flwr][INFO] - 	       [  24,    1,    0,    4,    0,  943,    0,    5,    2,    3],
[2024-07-08 18:21:41,555][flwr][INFO] - 	       [   8,    3,    0,    0,   23,    3,  831,    3,    1,   20],
[2024-07-08 18:21:41,555][flwr][INFO] - 	       [   1,    4,    3,    1,    1,    5,   29,  909,    0,    5],
[2024-07-08 18:21:41,555][flwr][INFO] - 	       [  17,    1,    5,   19,    1,    4,    0,    0,  977,    4],
[2024-07-08 18:21:41,555][flwr][INFO] - 	       [   1,    2,    1,    6,    8,    4,    6,    0,    3,  943],
[2024-07-08 18:21:41,555][flwr][INFO] - 	       [ 957,    3,    2,    0,    4,   21,    2,    1,    2,   17]])),
[2024-07-08 18:21:41,555][flwr][INFO] - 	                      (9,
[2024-07-08 18:21:41,555][flwr][INFO] - 	                       array([[   4,  966,    1,    1,    0,    0,    0,    2,    1,    5],
[2024-07-08 18:21:41,555][flwr][INFO] - 	       [   0,    0, 1123,    1,    3,    0,    0,    2,    1,    5],
[2024-07-08 18:21:41,555][flwr][INFO] - 	       [   0,    3,    1, 1011,    3,    2,    0,    0,    7,    5],
[2024-07-08 18:21:41,555][flwr][INFO] - 	       [   0,    0,    0,   18,  967,    0,    2,    0,    6,   17],
[2024-07-08 18:21:41,555][flwr][INFO] - 	       [  24,    1,    0,    5,    0,  943,    0,    5,    2,    2],
[2024-07-08 18:21:41,555][flwr][INFO] - 	       [   6,    2,    0,    0,   10,    2,  852,    4,    2,   14],
[2024-07-08 18:21:41,555][flwr][INFO] - 	       [   1,    3,    3,    0,    1,    4,   16,  921,    0,    9],
[2024-07-08 18:21:41,555][flwr][INFO] - 	       [   9,    1,    7,   19,    1,    4,    0,    0,  983,    4],
[2024-07-08 18:21:41,555][flwr][INFO] - 	       [   1,    2,    1,    8,    3,    3,    2,    0,    2,  952],
[2024-07-08 18:21:41,555][flwr][INFO] - 	       [ 956,    2,    4,    0,    4,   17,    1,    1,    3,   21]])),
[2024-07-08 18:21:41,555][flwr][INFO] - 	                      (10,
[2024-07-08 18:21:41,555][flwr][INFO] - 	                       array([[   4,  967,    2,    1,    0,    0,    1,    2,    1,    2],
[2024-07-08 18:21:41,556][flwr][INFO] - 	       [   0,    0, 1123,    4,    2,    0,    0,    1,    0,    5],
[2024-07-08 18:21:41,556][flwr][INFO] - 	       [   0,    6,    1, 1004,    5,    1,    1,    2,    5,    7],
[2024-07-08 18:21:41,556][flwr][INFO] - 	       [   1,    0,    0,   14,  967,    1,    9,    0,    4,   14],
[2024-07-08 18:21:41,556][flwr][INFO] - 	       [  32,    2,    0,    6,    0,  933,    0,    6,    1,    2],
[2024-07-08 18:21:41,556][flwr][INFO] - 	       [  10,    2,    0,    0,   11,    2,  853,    5,    1,    8],
[2024-07-08 18:21:41,556][flwr][INFO] - 	       [   0,    5,    3,    1,    1,    3,   13,  925,    0,    7],
[2024-07-08 18:21:41,556][flwr][INFO] - 	       [  16,    1,    6,   19,    2,    6,    0,    0,  971,    7],
[2024-07-08 18:21:41,556][flwr][INFO] - 	       [   1,    4,    0,    7,    1,    2,    5,    0,    1,  953],
[2024-07-08 18:21:41,556][flwr][INFO] - 	       [ 962,    2,    4,    0,    2,   12,    1,    1,    3,   22]]))],
[2024-07-08 18:21:41,556][flwr][INFO] - 	 'f1': [(0, 0.03553137346181725),
[2024-07-08 18:21:41,556][flwr][INFO] - 	        (1, 0.016649636219467207),
[2024-07-08 18:21:41,556][flwr][INFO] - 	        (2, 0.016116889699106508),
[2024-07-08 18:21:41,556][flwr][INFO] - 	        (3, 0.016735701812564032),
[2024-07-08 18:21:41,556][flwr][INFO] - 	        (4, 0.009796489746001143),
[2024-07-08 18:21:41,556][flwr][INFO] - 	        (5, 0.01249619614014419),
[2024-07-08 18:21:41,556][flwr][INFO] - 	        (6, 0.009979801332065285),
[2024-07-08 18:21:41,556][flwr][INFO] - 	        (7, 0.0072260628212008045),
[2024-07-08 18:21:41,556][flwr][INFO] - 	        (8, 0.00804478888680983),
[2024-07-08 18:21:41,556][flwr][INFO] - 	        (9, 0.006381123009083488),
[2024-07-08 18:21:41,556][flwr][INFO] - 	        (10, 0.005680231673786463)],
[2024-07-08 18:21:41,556][flwr][INFO] - 	 'precision': [(0, 0.12349967530374152),
[2024-07-08 18:21:41,556][flwr][INFO] - 	               (1, 0.015925120307594798),
[2024-07-08 18:21:41,556][flwr][INFO] - 	               (2, 0.01587567825195437),
[2024-07-08 18:21:41,556][flwr][INFO] - 	               (3, 0.016698835332768922),
[2024-07-08 18:21:41,556][flwr][INFO] - 	               (4, 0.009805247275586872),
[2024-07-08 18:21:41,556][flwr][INFO] - 	               (5, 0.012414413870018258),
[2024-07-08 18:21:41,556][flwr][INFO] - 	               (6, 0.009980752097220357),
[2024-07-08 18:21:41,556][flwr][INFO] - 	               (7, 0.007265729463577423),
[2024-07-08 18:21:41,556][flwr][INFO] - 	               (8, 0.008107282978684516),
[2024-07-08 18:21:41,556][flwr][INFO] - 	               (9, 0.006373819899578116),
[2024-07-08 18:21:41,556][flwr][INFO] - 	               (10, 0.005668063550217093)],
[2024-07-08 18:21:41,556][flwr][INFO] - 	 'recall': [(0, 0.1086),
[2024-07-08 18:21:41,556][flwr][INFO] - 	            (1, 0.0176),
[2024-07-08 18:21:41,556][flwr][INFO] - 	            (2, 0.0164),
[2024-07-08 18:21:41,556][flwr][INFO] - 	            (3, 0.0168),
[2024-07-08 18:21:41,556][flwr][INFO] - 	            (4, 0.0098),
[2024-07-08 18:21:41,556][flwr][INFO] - 	            (5, 0.0126),
[2024-07-08 18:21:41,556][flwr][INFO] - 	            (6, 0.01),
[2024-07-08 18:21:41,556][flwr][INFO] - 	            (7, 0.0072),
[2024-07-08 18:21:41,556][flwr][INFO] - 	            (8, 0.008),
[2024-07-08 18:21:41,556][flwr][INFO] - 	            (9, 0.0064),
[2024-07-08 18:21:41,556][flwr][INFO] - 	            (10, 0.0057)]}
[2024-07-08 18:21:41,556][flwr][INFO] - 
