[2024-07-19 14:50:01,286][flwr][INFO] - Starting Flower simulation, config: num_rounds=10, no round_timeout
[2024-07-19 14:50:03,196][flwr][INFO] - Flower VCE: Ray initialized with resources: {'memory': 7458979840.0, 'node:__internal_head__': 1.0, 'node:127.0.0.1': 1.0, 'CPU': 12.0, 'object_store_memory': 2147483648.0}
[2024-07-19 14:50:03,196][flwr][INFO] - Optimize your simulation with Flower VCE: https://flower.ai/docs/framework/how-to-run-simulations.html
[2024-07-19 14:50:03,196][flwr][INFO] - Flower VCE: Resources for each Virtual Client: {'num_cpus': 2, 'num_gpus': 0}
[2024-07-19 14:50:03,203][flwr][INFO] - Flower VCE: Creating VirtualClientEngineActorPool with 6 actors
[2024-07-19 14:50:03,203][flwr][INFO] - [INIT]
[2024-07-19 14:50:03,203][flwr][INFO] - Requesting initial parameters from one random client
[2024-07-19 14:50:04,725][flwr][INFO] - Received initial parameters from one random client
[2024-07-19 14:50:04,725][flwr][INFO] - Evaluating initial global parameters
[2024-07-19 14:50:05,080][flwr][INFO] - initial parameters (loss, other metrics): 181.76928067207336, {'accuracy': 0.1086, 'precision': 0.12349967530374152, 'recall': 0.1086, 'f1': 0.03553137346181725, 'confusion_matrix': array([[   0,    8,    0,  956,    0,    1,    0,   15,    0,    0],
       [   0,  122,    0, 1013,    0,    0,    0,    0,    0,    0],
       [   0,   38,    0,  971,    0,    0,    3,   19,    1,    0],
       [   0,   44,    0,  945,    1,    1,    0,   17,    2,    0],
       [   0,  143,    0,  816,    1,    0,    2,   20,    0,    0],
       [   0,  118,    0,  735,    1,    7,    0,   30,    1,    0],
       [   0,  144,    0,  749,   25,    0,    2,   38,    0,    0],
       [   0,  272,    0,  724,    8,    0,    0,    9,   15,    0],
       [   0,   81,    0,  859,    1,    0,    1,   32,    0,    0],
       [   0,  178,    0,  799,    1,    0,    0,   31,    0,    0]])}
[2024-07-19 14:50:05,081][flwr][INFO] - 
[2024-07-19 14:50:05,081][flwr][INFO] - [ROUND 1]
[2024-07-19 14:50:05,081][flwr][INFO] - configure_fit: strategy sampled 10 clients (out of 30)
[2024-07-19 14:50:11,634][flwr][INFO] - aggregate_fit: received 10 results and 0 failures
[2024-07-19 14:50:11,639][flwr][WARNING] - No fit_metrics_aggregation_fn provided
[2024-07-19 14:50:11,982][flwr][INFO] - fit progress: (1, 52.53371399641037, {'accuracy': 0.8443, 'precision': 0.8576696831524038, 'recall': 0.8443, 'f1': 0.8404252811637482, 'confusion_matrix': array([[ 955,    0,    2,    3,    0,    4,    9,    6,    1,    0],
       [   0, 1119,    7,    3,    0,    0,    3,    1,    2,    0],
       [  10,   11,  912,   42,    4,    0,   20,   23,    8,    2],
       [   8,    5,   23,  913,    0,    5,    2,   44,    7,    3],
       [   0,   12,   13,    0,  695,    0,   42,    9,    5,  206],
       [  22,   14,   16,  209,   10,  509,   29,   46,   23,   14],
       [  17,    5,    5,    2,    3,    7,  917,    1,    1,    0],
       [   1,   17,   28,    1,    4,    0,    0,  973,    1,    3],
       [  10,   47,   43,  100,    8,   20,   22,   36,  651,   37],
       [  12,   13,    5,   16,    9,    0,    2,  152,    1,  799]])}, 6.900920999999999)
[2024-07-19 14:50:11,982][flwr][INFO] - configure_evaluate: no clients selected, skipping evaluation
[2024-07-19 14:50:11,982][flwr][INFO] - 
[2024-07-19 14:50:11,982][flwr][INFO] - [ROUND 2]
[2024-07-19 14:50:11,983][flwr][INFO] - configure_fit: strategy sampled 10 clients (out of 30)
[2024-07-19 14:50:16,692][flwr][INFO] - aggregate_fit: received 10 results and 0 failures
[2024-07-19 14:50:17,025][flwr][INFO] - fit progress: (2, 21.027688931673765, {'accuracy': 0.9219, 'precision': 0.9219537368137141, 'recall': 0.9219, 'f1': 0.9216968394112166, 'confusion_matrix': array([[ 964,    0,    1,    1,    0,    7,    5,    1,    1,    0],
       [   0, 1110,    6,    2,    1,    2,    3,    1,   10,    0],
       [   9,    4,  948,   12,   16,    2,   14,   11,   13,    3],
       [   3,    2,   21,  915,    0,   33,    2,   15,   14,    5],
       [   0,    2,    5,    0,  923,    0,   15,    0,    3,   34],
       [   8,    3,    7,   29,   13,  787,    7,   11,   21,    6],
       [  17,    3,    4,    0,   12,   15,  902,    1,    4,    0],
       [   2,   10,   30,    8,    7,    0,    0,  931,    2,   38],
       [   6,    9,    9,   26,   12,   41,   12,    5,  839,   15],
       [  10,    6,    3,   11,   50,   10,    1,   11,    7,  900]])}, 11.944495583000002)
[2024-07-19 14:50:17,026][flwr][INFO] - configure_evaluate: no clients selected, skipping evaluation
[2024-07-19 14:50:17,026][flwr][INFO] - 
[2024-07-19 14:50:17,026][flwr][INFO] - [ROUND 3]
[2024-07-19 14:50:17,026][flwr][INFO] - configure_fit: strategy sampled 10 clients (out of 30)
[2024-07-19 14:50:21,575][flwr][INFO] - aggregate_fit: received 10 results and 0 failures
[2024-07-19 14:50:21,925][flwr][INFO] - fit progress: (3, 18.385611668229103, {'accuracy': 0.9282, 'precision': 0.9292551602050302, 'recall': 0.9282, 'f1': 0.9281233996591362, 'confusion_matrix': array([[ 965,    0,    0,    2,    0,    4,    6,    1,    2,    0],
       [   0, 1116,    2,    3,    1,    1,    4,    0,    8,    0],
       [  10,    8,  936,   12,   18,    0,   15,   10,   20,    3],
       [   2,    4,   16,  935,    2,   21,    1,    8,   15,    6],
       [   0,    1,    4,    0,  944,    0,   12,    0,    3,   18],
       [   8,    1,    0,   23,   11,  810,   13,    5,   15,    6],
       [  11,    3,    0,    0,   16,   18,  904,    0,    6,    0],
       [   2,   16,   19,   10,   11,    1,    0,  921,    0,   48],
       [   5,    9,    2,   14,   16,   24,    9,    4,  875,   16],
       [   8,    8,    0,    9,   87,    8,    1,    4,    8,  876]])}, 16.844309667)
[2024-07-19 14:50:21,925][flwr][INFO] - configure_evaluate: no clients selected, skipping evaluation
[2024-07-19 14:50:21,925][flwr][INFO] - 
[2024-07-19 14:50:21,926][flwr][INFO] - [ROUND 4]
[2024-07-19 14:50:21,926][flwr][INFO] - configure_fit: strategy sampled 10 clients (out of 30)
[2024-07-19 14:50:26,681][flwr][INFO] - aggregate_fit: received 10 results and 0 failures
[2024-07-19 14:50:27,018][flwr][INFO] - fit progress: (4, 15.066924918442965, {'accuracy': 0.9435, 'precision': 0.9435512067773081, 'recall': 0.9435, 'f1': 0.9433761872760439, 'confusion_matrix': array([[ 964,    0,    1,    2,    0,    3,    6,    1,    3,    0],
       [   0, 1120,    3,    3,    1,    1,    3,    0,    4,    0],
       [   7,    4,  968,    9,   11,    0,    8,   14,   10,    1],
       [   2,    0,   16,  958,    1,    7,    0,   13,   10,    3],
       [   0,    2,    4,    0,  928,    0,   12,    2,    4,   30],
       [   6,    1,    2,   29,    4,  814,   10,    5,   15,    6],
       [   9,    3,    0,    2,    9,   12,  920,    0,    3,    0],
       [   1,   12,   13,   10,    7,    1,    0,  964,    0,   20],
       [   4,    7,    6,   26,    5,   19,    8,   12,  874,   13],
       [   5,    9,    2,   13,   35,    5,    1,    5,    9,  925]])}, 21.937383833000002)
[2024-07-19 14:50:27,019][flwr][INFO] - configure_evaluate: no clients selected, skipping evaluation
[2024-07-19 14:50:27,019][flwr][INFO] - 
[2024-07-19 14:50:27,019][flwr][INFO] - [ROUND 5]
[2024-07-19 14:50:27,019][flwr][INFO] - configure_fit: strategy sampled 10 clients (out of 30)
[2024-07-19 14:50:33,237][flwr][INFO] - aggregate_fit: received 10 results and 0 failures
[2024-07-19 14:50:33,598][flwr][INFO] - fit progress: (5, 13.885783619247377, {'accuracy': 0.9476, 'precision': 0.9479045745344432, 'recall': 0.9476, 'f1': 0.9475312384134646, 'confusion_matrix': array([[ 965,    0,    1,    3,    0,    3,    6,    1,    1,    0],
       [   0, 1121,    2,    3,    0,    1,    3,    0,    5,    0],
       [   8,    2,  980,   12,    7,    0,    6,    9,    8,    0],
       [   0,    0,    9,  971,    0,    8,    2,    9,    8,    3],
       [   0,    1,    5,    0,  936,    0,   13,    1,    4,   22],
       [   7,    1,    0,   33,    3,  822,   10,    1,   11,    4],
       [   9,    3,    0,    2,    9,   10,  921,    0,    4,    0],
       [   0,   10,   20,    9,    5,    2,    0,  955,    0,   27],
       [   3,    4,    3,   26,    9,   17,    7,    4,  889,   12],
       [   5,    7,    1,   13,   43,    7,    1,    4,   12,  916]])}, 28.517010374999998)
[2024-07-19 14:50:33,598][flwr][INFO] - configure_evaluate: no clients selected, skipping evaluation
[2024-07-19 14:50:33,598][flwr][INFO] - 
[2024-07-19 14:50:33,598][flwr][INFO] - [ROUND 6]
[2024-07-19 14:50:33,599][flwr][INFO] - configure_fit: strategy sampled 10 clients (out of 30)
[2024-07-19 14:50:38,466][flwr][INFO] - aggregate_fit: received 10 results and 0 failures
[2024-07-19 14:50:38,838][flwr][INFO] - fit progress: (6, 12.811363556422293, {'accuracy': 0.9527, 'precision': 0.9529799755181233, 'recall': 0.9527, 'f1': 0.9527029793005101, 'confusion_matrix': array([[ 970,    0,    1,    2,    0,    3,    2,    1,    1,    0],
       [   0, 1121,    4,    2,    0,    0,    3,    0,    5,    0],
       [   8,    1,  984,    5,    3,    1,    5,    9,   15,    1],
       [   0,    0,    9,  966,    0,    4,    1,   10,   15,    5],
       [   0,    1,    8,    0,  927,    0,    7,    1,    4,   34],
       [   7,    1,    1,   24,    2,  824,   10,    2,   12,    9],
       [  14,    3,    0,    2,    7,   10,  917,    0,    5,    0],
       [   1,    8,   12,    8,    4,    0,    0,  969,    0,   26],
       [   5,    3,    3,   14,    9,    7,    4,    5,  902,   22],
       [   5,    6,    0,   12,   23,    1,    1,    4,   10,  947]])}, 33.757484917)
[2024-07-19 14:50:38,839][flwr][INFO] - configure_evaluate: no clients selected, skipping evaluation
[2024-07-19 14:50:38,839][flwr][INFO] - 
[2024-07-19 14:50:38,839][flwr][INFO] - [ROUND 7]
[2024-07-19 14:50:38,839][flwr][INFO] - configure_fit: strategy sampled 10 clients (out of 30)
[2024-07-19 14:50:43,801][flwr][INFO] - aggregate_fit: received 10 results and 0 failures
[2024-07-19 14:50:44,143][flwr][INFO] - fit progress: (7, 12.507599433418363, {'accuracy': 0.9537, 'precision': 0.9538570390071134, 'recall': 0.9537, 'f1': 0.9536556272572471, 'confusion_matrix': array([[ 967,    0,    1,    1,    0,    3,    5,    1,    2,    0],
       [   0, 1119,    3,    2,    1,    1,    3,    0,    6,    0],
       [   9,    2,  982,    7,    4,    0,    5,    9,   13,    1],
       [   0,    0,    9,  964,    0,    8,    1,    6,   16,    6],
       [   0,    0,    6,    0,  946,    0,    9,    1,    4,   16],
       [   6,    1,    1,   13,    2,  844,    9,    0,   12,    4],
       [   6,    3,    0,    0,    8,   14,  921,    0,    6,    0],
       [   0,    9,   12,    9,    4,    1,    0,  969,    0,   24],
       [   5,    1,    3,   14,   10,   12,    4,    4,  912,    9],
       [   5,    9,    0,    9,   51,    4,    1,    4,   13,  913]])}, 39.062548083)
[2024-07-19 14:50:44,144][flwr][INFO] - configure_evaluate: no clients selected, skipping evaluation
[2024-07-19 14:50:44,144][flwr][INFO] - 
[2024-07-19 14:50:44,144][flwr][INFO] - [ROUND 8]
[2024-07-19 14:50:44,144][flwr][INFO] - configure_fit: strategy sampled 10 clients (out of 30)
[2024-07-19 14:50:48,947][flwr][INFO] - aggregate_fit: received 10 results and 0 failures
[2024-07-19 14:50:49,324][flwr][INFO] - fit progress: (8, 11.671000864356756, {'accuracy': 0.9573, 'precision': 0.9573568602024927, 'recall': 0.9573, 'f1': 0.9572690609744196, 'confusion_matrix': array([[ 968,    0,    1,    1,    0,    3,    4,    1,    2,    0],
       [   0, 1115,    3,    3,    0,    1,    4,    1,    8,    0],
       [   9,    1,  980,    8,    5,    1,    6,   10,   12,    0],
       [   1,    0,    8,  949,    0,   24,    1,    9,   15,    3],
       [   1,    2,    5,    0,  926,    0,   11,    1,    4,   32],
       [   6,    1,    1,   11,    2,  850,    9,    0,    9,    3],
       [   5,    3,    0,    0,    5,    9,  933,    0,    3,    0],
       [   2,    8,   10,    5,    2,    0,    0,  987,    0,   14],
       [   4,    2,    3,   13,    4,    9,    4,    3,  928,    4],
       [   6,    6,    0,   12,   22,    4,    1,    5,   16,  937]])}, 44.243751625)
[2024-07-19 14:50:49,325][flwr][INFO] - configure_evaluate: no clients selected, skipping evaluation
[2024-07-19 14:50:49,325][flwr][INFO] - 
[2024-07-19 14:50:49,325][flwr][INFO] - [ROUND 9]
[2024-07-19 14:50:49,325][flwr][INFO] - configure_fit: strategy sampled 10 clients (out of 30)
[2024-07-19 14:50:54,680][flwr][INFO] - aggregate_fit: received 10 results and 0 failures
[2024-07-19 14:50:55,014][flwr][INFO] - fit progress: (9, 11.566096429247409, {'accuracy': 0.9565, 'precision': 0.9567221778517893, 'recall': 0.9565, 'f1': 0.9565049188856543, 'confusion_matrix': array([[ 970,    0,    1,    1,    0,    2,    3,    1,    2,    0],
       [   0, 1116,    4,    4,    0,    1,    4,    0,    6,    0],
       [   8,    1,  978,   11,    5,    3,    5,   10,   11,    0],
       [   1,    0,    5,  953,    0,   27,    1,    7,   12,    4],
       [   2,    0,    4,    0,  941,    1,    6,    1,    3,   24],
       [   6,    0,    0,    9,    2,  859,    7,    0,    6,    3],
       [   6,    3,    0,    1,    6,   18,  919,    0,    5,    0],
       [   1,    9,   12,    4,    3,    2,    0,  976,    0,   21],
       [   4,    2,    2,   14,    4,   18,    4,    3,  918,    5],
       [   6,    6,    0,   10,   30,    5,    0,    4,   13,  935]])}, 49.933346792)
[2024-07-19 14:50:55,014][flwr][INFO] - configure_evaluate: no clients selected, skipping evaluation
[2024-07-19 14:50:55,014][flwr][INFO] - 
[2024-07-19 14:50:55,014][flwr][INFO] - [ROUND 10]
[2024-07-19 14:50:55,015][flwr][INFO] - configure_fit: strategy sampled 10 clients (out of 30)
[2024-07-19 14:51:00,717][flwr][INFO] - aggregate_fit: received 10 results and 0 failures
[2024-07-19 14:51:01,116][flwr][INFO] - fit progress: (10, 10.635877361753955, {'accuracy': 0.9595, 'precision': 0.9596932610488675, 'recall': 0.9595, 'f1': 0.959518014906988, 'confusion_matrix': array([[ 968,    0,    0,    1,    1,    3,    3,    1,    2,    1],
       [   0, 1120,    3,    2,    0,    1,    2,    0,    7,    0],
       [   7,    1,  986,    8,    5,    1,    5,   13,    6,    0],
       [   0,    0,    5,  972,    0,   16,    1,    7,    7,    2],
       [   1,    0,    4,    0,  923,    0,    5,    1,    4,   44],
       [   5,    1,    0,   12,    2,  850,    9,    1,    8,    4],
       [   7,    3,    0,    0,    7,   17,  918,    0,    6,    0],
       [   1,    7,   13,    9,    1,    1,    0,  979,    0,   17],
       [   3,    2,    4,   18,    3,    9,    2,    3,  924,    6],
       [   6,    6,    0,   14,   10,    5,    0,    4,    9,  955]])}, 56.035573625)
[2024-07-19 14:51:01,117][flwr][INFO] - configure_evaluate: no clients selected, skipping evaluation
[2024-07-19 14:51:01,117][flwr][INFO] - 
[2024-07-19 14:51:01,117][flwr][INFO] - [SUMMARY]
[2024-07-19 14:51:01,117][flwr][INFO] - Run finished 10 round(s) in 56.04s
[2024-07-19 14:51:01,120][flwr][INFO] - 	History (loss, centralized):
[2024-07-19 14:51:01,121][flwr][INFO] - 		round 0: 181.76928067207336
[2024-07-19 14:51:01,121][flwr][INFO] - 		round 1: 52.53371399641037
[2024-07-19 14:51:01,121][flwr][INFO] - 		round 2: 21.027688931673765
[2024-07-19 14:51:01,121][flwr][INFO] - 		round 3: 18.385611668229103
[2024-07-19 14:51:01,121][flwr][INFO] - 		round 4: 15.066924918442965
[2024-07-19 14:51:01,121][flwr][INFO] - 		round 5: 13.885783619247377
[2024-07-19 14:51:01,121][flwr][INFO] - 		round 6: 12.811363556422293
[2024-07-19 14:51:01,121][flwr][INFO] - 		round 7: 12.507599433418363
[2024-07-19 14:51:01,121][flwr][INFO] - 		round 8: 11.671000864356756
[2024-07-19 14:51:01,121][flwr][INFO] - 		round 9: 11.566096429247409
[2024-07-19 14:51:01,121][flwr][INFO] - 		round 10: 10.635877361753955
[2024-07-19 14:51:01,121][flwr][INFO] - 	History (metrics, centralized):
[2024-07-19 14:51:01,121][flwr][INFO] - 	{'accuracy': [(0, 0.1086),
[2024-07-19 14:51:01,121][flwr][INFO] - 	              (1, 0.8443),
[2024-07-19 14:51:01,121][flwr][INFO] - 	              (2, 0.9219),
[2024-07-19 14:51:01,121][flwr][INFO] - 	              (3, 0.9282),
[2024-07-19 14:51:01,121][flwr][INFO] - 	              (4, 0.9435),
[2024-07-19 14:51:01,121][flwr][INFO] - 	              (5, 0.9476),
[2024-07-19 14:51:01,121][flwr][INFO] - 	              (6, 0.9527),
[2024-07-19 14:51:01,121][flwr][INFO] - 	              (7, 0.9537),
[2024-07-19 14:51:01,121][flwr][INFO] - 	              (8, 0.9573),
[2024-07-19 14:51:01,121][flwr][INFO] - 	              (9, 0.9565),
[2024-07-19 14:51:01,121][flwr][INFO] - 	              (10, 0.9595)],
[2024-07-19 14:51:01,121][flwr][INFO] - 	 'confusion_matrix': [(0,
[2024-07-19 14:51:01,121][flwr][INFO] - 	                       array([[   0,    8,    0,  956,    0,    1,    0,   15,    0,    0],
[2024-07-19 14:51:01,121][flwr][INFO] - 	       [   0,  122,    0, 1013,    0,    0,    0,    0,    0,    0],
[2024-07-19 14:51:01,121][flwr][INFO] - 	       [   0,   38,    0,  971,    0,    0,    3,   19,    1,    0],
[2024-07-19 14:51:01,121][flwr][INFO] - 	       [   0,   44,    0,  945,    1,    1,    0,   17,    2,    0],
[2024-07-19 14:51:01,121][flwr][INFO] - 	       [   0,  143,    0,  816,    1,    0,    2,   20,    0,    0],
[2024-07-19 14:51:01,121][flwr][INFO] - 	       [   0,  118,    0,  735,    1,    7,    0,   30,    1,    0],
[2024-07-19 14:51:01,121][flwr][INFO] - 	       [   0,  144,    0,  749,   25,    0,    2,   38,    0,    0],
[2024-07-19 14:51:01,121][flwr][INFO] - 	       [   0,  272,    0,  724,    8,    0,    0,    9,   15,    0],
[2024-07-19 14:51:01,121][flwr][INFO] - 	       [   0,   81,    0,  859,    1,    0,    1,   32,    0,    0],
[2024-07-19 14:51:01,121][flwr][INFO] - 	       [   0,  178,    0,  799,    1,    0,    0,   31,    0,    0]])),
[2024-07-19 14:51:01,121][flwr][INFO] - 	                      (1,
[2024-07-19 14:51:01,121][flwr][INFO] - 	                       array([[ 955,    0,    2,    3,    0,    4,    9,    6,    1,    0],
[2024-07-19 14:51:01,121][flwr][INFO] - 	       [   0, 1119,    7,    3,    0,    0,    3,    1,    2,    0],
[2024-07-19 14:51:01,122][flwr][INFO] - 	       [  10,   11,  912,   42,    4,    0,   20,   23,    8,    2],
[2024-07-19 14:51:01,122][flwr][INFO] - 	       [   8,    5,   23,  913,    0,    5,    2,   44,    7,    3],
[2024-07-19 14:51:01,122][flwr][INFO] - 	       [   0,   12,   13,    0,  695,    0,   42,    9,    5,  206],
[2024-07-19 14:51:01,122][flwr][INFO] - 	       [  22,   14,   16,  209,   10,  509,   29,   46,   23,   14],
[2024-07-19 14:51:01,122][flwr][INFO] - 	       [  17,    5,    5,    2,    3,    7,  917,    1,    1,    0],
[2024-07-19 14:51:01,122][flwr][INFO] - 	       [   1,   17,   28,    1,    4,    0,    0,  973,    1,    3],
[2024-07-19 14:51:01,122][flwr][INFO] - 	       [  10,   47,   43,  100,    8,   20,   22,   36,  651,   37],
[2024-07-19 14:51:01,122][flwr][INFO] - 	       [  12,   13,    5,   16,    9,    0,    2,  152,    1,  799]])),
[2024-07-19 14:51:01,122][flwr][INFO] - 	                      (2,
[2024-07-19 14:51:01,122][flwr][INFO] - 	                       array([[ 964,    0,    1,    1,    0,    7,    5,    1,    1,    0],
[2024-07-19 14:51:01,122][flwr][INFO] - 	       [   0, 1110,    6,    2,    1,    2,    3,    1,   10,    0],
[2024-07-19 14:51:01,122][flwr][INFO] - 	       [   9,    4,  948,   12,   16,    2,   14,   11,   13,    3],
[2024-07-19 14:51:01,122][flwr][INFO] - 	       [   3,    2,   21,  915,    0,   33,    2,   15,   14,    5],
[2024-07-19 14:51:01,122][flwr][INFO] - 	       [   0,    2,    5,    0,  923,    0,   15,    0,    3,   34],
[2024-07-19 14:51:01,122][flwr][INFO] - 	       [   8,    3,    7,   29,   13,  787,    7,   11,   21,    6],
[2024-07-19 14:51:01,122][flwr][INFO] - 	       [  17,    3,    4,    0,   12,   15,  902,    1,    4,    0],
[2024-07-19 14:51:01,122][flwr][INFO] - 	       [   2,   10,   30,    8,    7,    0,    0,  931,    2,   38],
[2024-07-19 14:51:01,122][flwr][INFO] - 	       [   6,    9,    9,   26,   12,   41,   12,    5,  839,   15],
[2024-07-19 14:51:01,122][flwr][INFO] - 	       [  10,    6,    3,   11,   50,   10,    1,   11,    7,  900]])),
[2024-07-19 14:51:01,122][flwr][INFO] - 	                      (3,
[2024-07-19 14:51:01,122][flwr][INFO] - 	                       array([[ 965,    0,    0,    2,    0,    4,    6,    1,    2,    0],
[2024-07-19 14:51:01,122][flwr][INFO] - 	       [   0, 1116,    2,    3,    1,    1,    4,    0,    8,    0],
[2024-07-19 14:51:01,122][flwr][INFO] - 	       [  10,    8,  936,   12,   18,    0,   15,   10,   20,    3],
[2024-07-19 14:51:01,122][flwr][INFO] - 	       [   2,    4,   16,  935,    2,   21,    1,    8,   15,    6],
[2024-07-19 14:51:01,122][flwr][INFO] - 	       [   0,    1,    4,    0,  944,    0,   12,    0,    3,   18],
[2024-07-19 14:51:01,122][flwr][INFO] - 	       [   8,    1,    0,   23,   11,  810,   13,    5,   15,    6],
[2024-07-19 14:51:01,122][flwr][INFO] - 	       [  11,    3,    0,    0,   16,   18,  904,    0,    6,    0],
[2024-07-19 14:51:01,122][flwr][INFO] - 	       [   2,   16,   19,   10,   11,    1,    0,  921,    0,   48],
[2024-07-19 14:51:01,122][flwr][INFO] - 	       [   5,    9,    2,   14,   16,   24,    9,    4,  875,   16],
[2024-07-19 14:51:01,122][flwr][INFO] - 	       [   8,    8,    0,    9,   87,    8,    1,    4,    8,  876]])),
[2024-07-19 14:51:01,122][flwr][INFO] - 	                      (4,
[2024-07-19 14:51:01,122][flwr][INFO] - 	                       array([[ 964,    0,    1,    2,    0,    3,    6,    1,    3,    0],
[2024-07-19 14:51:01,122][flwr][INFO] - 	       [   0, 1120,    3,    3,    1,    1,    3,    0,    4,    0],
[2024-07-19 14:51:01,122][flwr][INFO] - 	       [   7,    4,  968,    9,   11,    0,    8,   14,   10,    1],
[2024-07-19 14:51:01,122][flwr][INFO] - 	       [   2,    0,   16,  958,    1,    7,    0,   13,   10,    3],
[2024-07-19 14:51:01,122][flwr][INFO] - 	       [   0,    2,    4,    0,  928,    0,   12,    2,    4,   30],
[2024-07-19 14:51:01,122][flwr][INFO] - 	       [   6,    1,    2,   29,    4,  814,   10,    5,   15,    6],
[2024-07-19 14:51:01,122][flwr][INFO] - 	       [   9,    3,    0,    2,    9,   12,  920,    0,    3,    0],
[2024-07-19 14:51:01,122][flwr][INFO] - 	       [   1,   12,   13,   10,    7,    1,    0,  964,    0,   20],
[2024-07-19 14:51:01,122][flwr][INFO] - 	       [   4,    7,    6,   26,    5,   19,    8,   12,  874,   13],
[2024-07-19 14:51:01,122][flwr][INFO] - 	       [   5,    9,    2,   13,   35,    5,    1,    5,    9,  925]])),
[2024-07-19 14:51:01,122][flwr][INFO] - 	                      (5,
[2024-07-19 14:51:01,122][flwr][INFO] - 	                       array([[ 965,    0,    1,    3,    0,    3,    6,    1,    1,    0],
[2024-07-19 14:51:01,123][flwr][INFO] - 	       [   0, 1121,    2,    3,    0,    1,    3,    0,    5,    0],
[2024-07-19 14:51:01,123][flwr][INFO] - 	       [   8,    2,  980,   12,    7,    0,    6,    9,    8,    0],
[2024-07-19 14:51:01,123][flwr][INFO] - 	       [   0,    0,    9,  971,    0,    8,    2,    9,    8,    3],
[2024-07-19 14:51:01,123][flwr][INFO] - 	       [   0,    1,    5,    0,  936,    0,   13,    1,    4,   22],
[2024-07-19 14:51:01,123][flwr][INFO] - 	       [   7,    1,    0,   33,    3,  822,   10,    1,   11,    4],
[2024-07-19 14:51:01,123][flwr][INFO] - 	       [   9,    3,    0,    2,    9,   10,  921,    0,    4,    0],
[2024-07-19 14:51:01,123][flwr][INFO] - 	       [   0,   10,   20,    9,    5,    2,    0,  955,    0,   27],
[2024-07-19 14:51:01,123][flwr][INFO] - 	       [   3,    4,    3,   26,    9,   17,    7,    4,  889,   12],
[2024-07-19 14:51:01,123][flwr][INFO] - 	       [   5,    7,    1,   13,   43,    7,    1,    4,   12,  916]])),
[2024-07-19 14:51:01,123][flwr][INFO] - 	                      (6,
[2024-07-19 14:51:01,123][flwr][INFO] - 	                       array([[ 970,    0,    1,    2,    0,    3,    2,    1,    1,    0],
[2024-07-19 14:51:01,123][flwr][INFO] - 	       [   0, 1121,    4,    2,    0,    0,    3,    0,    5,    0],
[2024-07-19 14:51:01,123][flwr][INFO] - 	       [   8,    1,  984,    5,    3,    1,    5,    9,   15,    1],
[2024-07-19 14:51:01,123][flwr][INFO] - 	       [   0,    0,    9,  966,    0,    4,    1,   10,   15,    5],
[2024-07-19 14:51:01,123][flwr][INFO] - 	       [   0,    1,    8,    0,  927,    0,    7,    1,    4,   34],
[2024-07-19 14:51:01,123][flwr][INFO] - 	       [   7,    1,    1,   24,    2,  824,   10,    2,   12,    9],
[2024-07-19 14:51:01,123][flwr][INFO] - 	       [  14,    3,    0,    2,    7,   10,  917,    0,    5,    0],
[2024-07-19 14:51:01,123][flwr][INFO] - 	       [   1,    8,   12,    8,    4,    0,    0,  969,    0,   26],
[2024-07-19 14:51:01,123][flwr][INFO] - 	       [   5,    3,    3,   14,    9,    7,    4,    5,  902,   22],
[2024-07-19 14:51:01,123][flwr][INFO] - 	       [   5,    6,    0,   12,   23,    1,    1,    4,   10,  947]])),
[2024-07-19 14:51:01,123][flwr][INFO] - 	                      (7,
[2024-07-19 14:51:01,123][flwr][INFO] - 	                       array([[ 967,    0,    1,    1,    0,    3,    5,    1,    2,    0],
[2024-07-19 14:51:01,123][flwr][INFO] - 	       [   0, 1119,    3,    2,    1,    1,    3,    0,    6,    0],
[2024-07-19 14:51:01,123][flwr][INFO] - 	       [   9,    2,  982,    7,    4,    0,    5,    9,   13,    1],
[2024-07-19 14:51:01,123][flwr][INFO] - 	       [   0,    0,    9,  964,    0,    8,    1,    6,   16,    6],
[2024-07-19 14:51:01,123][flwr][INFO] - 	       [   0,    0,    6,    0,  946,    0,    9,    1,    4,   16],
[2024-07-19 14:51:01,123][flwr][INFO] - 	       [   6,    1,    1,   13,    2,  844,    9,    0,   12,    4],
[2024-07-19 14:51:01,123][flwr][INFO] - 	       [   6,    3,    0,    0,    8,   14,  921,    0,    6,    0],
[2024-07-19 14:51:01,123][flwr][INFO] - 	       [   0,    9,   12,    9,    4,    1,    0,  969,    0,   24],
[2024-07-19 14:51:01,123][flwr][INFO] - 	       [   5,    1,    3,   14,   10,   12,    4,    4,  912,    9],
[2024-07-19 14:51:01,123][flwr][INFO] - 	       [   5,    9,    0,    9,   51,    4,    1,    4,   13,  913]])),
[2024-07-19 14:51:01,123][flwr][INFO] - 	                      (8,
[2024-07-19 14:51:01,123][flwr][INFO] - 	                       array([[ 968,    0,    1,    1,    0,    3,    4,    1,    2,    0],
[2024-07-19 14:51:01,123][flwr][INFO] - 	       [   0, 1115,    3,    3,    0,    1,    4,    1,    8,    0],
[2024-07-19 14:51:01,123][flwr][INFO] - 	       [   9,    1,  980,    8,    5,    1,    6,   10,   12,    0],
[2024-07-19 14:51:01,123][flwr][INFO] - 	       [   1,    0,    8,  949,    0,   24,    1,    9,   15,    3],
[2024-07-19 14:51:01,123][flwr][INFO] - 	       [   1,    2,    5,    0,  926,    0,   11,    1,    4,   32],
[2024-07-19 14:51:01,123][flwr][INFO] - 	       [   6,    1,    1,   11,    2,  850,    9,    0,    9,    3],
[2024-07-19 14:51:01,123][flwr][INFO] - 	       [   5,    3,    0,    0,    5,    9,  933,    0,    3,    0],
[2024-07-19 14:51:01,123][flwr][INFO] - 	       [   2,    8,   10,    5,    2,    0,    0,  987,    0,   14],
[2024-07-19 14:51:01,123][flwr][INFO] - 	       [   4,    2,    3,   13,    4,    9,    4,    3,  928,    4],
[2024-07-19 14:51:01,123][flwr][INFO] - 	       [   6,    6,    0,   12,   22,    4,    1,    5,   16,  937]])),
[2024-07-19 14:51:01,123][flwr][INFO] - 	                      (9,
[2024-07-19 14:51:01,124][flwr][INFO] - 	                       array([[ 970,    0,    1,    1,    0,    2,    3,    1,    2,    0],
[2024-07-19 14:51:01,124][flwr][INFO] - 	       [   0, 1116,    4,    4,    0,    1,    4,    0,    6,    0],
[2024-07-19 14:51:01,124][flwr][INFO] - 	       [   8,    1,  978,   11,    5,    3,    5,   10,   11,    0],
[2024-07-19 14:51:01,124][flwr][INFO] - 	       [   1,    0,    5,  953,    0,   27,    1,    7,   12,    4],
[2024-07-19 14:51:01,124][flwr][INFO] - 	       [   2,    0,    4,    0,  941,    1,    6,    1,    3,   24],
[2024-07-19 14:51:01,124][flwr][INFO] - 	       [   6,    0,    0,    9,    2,  859,    7,    0,    6,    3],
[2024-07-19 14:51:01,124][flwr][INFO] - 	       [   6,    3,    0,    1,    6,   18,  919,    0,    5,    0],
[2024-07-19 14:51:01,124][flwr][INFO] - 	       [   1,    9,   12,    4,    3,    2,    0,  976,    0,   21],
[2024-07-19 14:51:01,124][flwr][INFO] - 	       [   4,    2,    2,   14,    4,   18,    4,    3,  918,    5],
[2024-07-19 14:51:01,124][flwr][INFO] - 	       [   6,    6,    0,   10,   30,    5,    0,    4,   13,  935]])),
[2024-07-19 14:51:01,124][flwr][INFO] - 	                      (10,
[2024-07-19 14:51:01,124][flwr][INFO] - 	                       array([[ 968,    0,    0,    1,    1,    3,    3,    1,    2,    1],
[2024-07-19 14:51:01,124][flwr][INFO] - 	       [   0, 1120,    3,    2,    0,    1,    2,    0,    7,    0],
[2024-07-19 14:51:01,124][flwr][INFO] - 	       [   7,    1,  986,    8,    5,    1,    5,   13,    6,    0],
[2024-07-19 14:51:01,124][flwr][INFO] - 	       [   0,    0,    5,  972,    0,   16,    1,    7,    7,    2],
[2024-07-19 14:51:01,124][flwr][INFO] - 	       [   1,    0,    4,    0,  923,    0,    5,    1,    4,   44],
[2024-07-19 14:51:01,124][flwr][INFO] - 	       [   5,    1,    0,   12,    2,  850,    9,    1,    8,    4],
[2024-07-19 14:51:01,124][flwr][INFO] - 	       [   7,    3,    0,    0,    7,   17,  918,    0,    6,    0],
[2024-07-19 14:51:01,124][flwr][INFO] - 	       [   1,    7,   13,    9,    1,    1,    0,  979,    0,   17],
[2024-07-19 14:51:01,124][flwr][INFO] - 	       [   3,    2,    4,   18,    3,    9,    2,    3,  924,    6],
[2024-07-19 14:51:01,124][flwr][INFO] - 	       [   6,    6,    0,   14,   10,    5,    0,    4,    9,  955]]))],
[2024-07-19 14:51:01,124][flwr][INFO] - 	 'f1': [(0, 0.03553137346181725),
[2024-07-19 14:51:01,124][flwr][INFO] - 	        (1, 0.8404252811637482),
[2024-07-19 14:51:01,124][flwr][INFO] - 	        (2, 0.9216968394112166),
[2024-07-19 14:51:01,124][flwr][INFO] - 	        (3, 0.9281233996591362),
[2024-07-19 14:51:01,124][flwr][INFO] - 	        (4, 0.9433761872760439),
[2024-07-19 14:51:01,124][flwr][INFO] - 	        (5, 0.9475312384134646),
[2024-07-19 14:51:01,124][flwr][INFO] - 	        (6, 0.9527029793005101),
[2024-07-19 14:51:01,124][flwr][INFO] - 	        (7, 0.9536556272572471),
[2024-07-19 14:51:01,124][flwr][INFO] - 	        (8, 0.9572690609744196),
[2024-07-19 14:51:01,124][flwr][INFO] - 	        (9, 0.9565049188856543),
[2024-07-19 14:51:01,124][flwr][INFO] - 	        (10, 0.959518014906988)],
[2024-07-19 14:51:01,124][flwr][INFO] - 	 'precision': [(0, 0.12349967530374152),
[2024-07-19 14:51:01,124][flwr][INFO] - 	               (1, 0.8576696831524038),
[2024-07-19 14:51:01,124][flwr][INFO] - 	               (2, 0.9219537368137141),
[2024-07-19 14:51:01,124][flwr][INFO] - 	               (3, 0.9292551602050302),
[2024-07-19 14:51:01,124][flwr][INFO] - 	               (4, 0.9435512067773081),
[2024-07-19 14:51:01,124][flwr][INFO] - 	               (5, 0.9479045745344432),
[2024-07-19 14:51:01,124][flwr][INFO] - 	               (6, 0.9529799755181233),
[2024-07-19 14:51:01,124][flwr][INFO] - 	               (7, 0.9538570390071134),
[2024-07-19 14:51:01,124][flwr][INFO] - 	               (8, 0.9573568602024927),
[2024-07-19 14:51:01,125][flwr][INFO] - 	               (9, 0.9567221778517893),
[2024-07-19 14:51:01,125][flwr][INFO] - 	               (10, 0.9596932610488675)],
[2024-07-19 14:51:01,125][flwr][INFO] - 	 'recall': [(0, 0.1086),
[2024-07-19 14:51:01,125][flwr][INFO] - 	            (1, 0.8443),
[2024-07-19 14:51:01,125][flwr][INFO] - 	            (2, 0.9219),
[2024-07-19 14:51:01,125][flwr][INFO] - 	            (3, 0.9282),
[2024-07-19 14:51:01,125][flwr][INFO] - 	            (4, 0.9435),
[2024-07-19 14:51:01,125][flwr][INFO] - 	            (5, 0.9476),
[2024-07-19 14:51:01,125][flwr][INFO] - 	            (6, 0.9527),
[2024-07-19 14:51:01,125][flwr][INFO] - 	            (7, 0.9537),
[2024-07-19 14:51:01,125][flwr][INFO] - 	            (8, 0.9573),
[2024-07-19 14:51:01,125][flwr][INFO] - 	            (9, 0.9565),
[2024-07-19 14:51:01,125][flwr][INFO] - 	            (10, 0.9595)]}
[2024-07-19 14:51:01,125][flwr][INFO] - 
