[2024-06-21 12:49:38,021][flwr][INFO] - Starting Flower simulation, config: num_rounds=10, no round_timeout
[2024-06-21 12:49:39,063][flwr][INFO] - Flower VCE: Ray initialized with resources: {'memory': 8613398119.0, 'CPU': 12.0, 'object_store_memory': 2147483648.0, 'node:127.0.0.1': 1.0, 'node:__internal_head__': 1.0}
[2024-06-21 12:49:39,064][flwr][INFO] - Optimize your simulation with Flower VCE: https://flower.ai/docs/framework/how-to-run-simulations.html
[2024-06-21 12:49:39,064][flwr][INFO] - Flower VCE: Resources for each Virtual Client: {'num_cpus': 2, 'num_gpus': 0}
[2024-06-21 12:49:39,072][flwr][INFO] - Flower VCE: Creating VirtualClientEngineActorPool with 6 actors
[2024-06-21 12:49:39,073][flwr][INFO] - [INIT]
[2024-06-21 12:49:39,073][flwr][INFO] - Requesting initial parameters from one random client
[2024-06-21 12:49:41,079][flwr][INFO] - Received initial parameters from one random client
[2024-06-21 12:49:41,079][flwr][INFO] - Evaluating initial global parameters
[2024-06-21 12:49:41,467][flwr][INFO] - initial parameters (loss, other metrics): 181.76928067207336, {'accuracy': 0.1086, 'precision': 0.12349967530374152, 'recall': 0.1086, 'f1': 0.03553137346181725, 'confusion_matrix': array([[   0,    8,    0,  956,    0,    1,    0,   15,    0,    0],
       [   0,  122,    0, 1013,    0,    0,    0,    0,    0,    0],
       [   0,   38,    0,  971,    0,    0,    3,   19,    1,    0],
       [   0,   44,    0,  945,    1,    1,    0,   17,    2,    0],
       [   0,  143,    0,  816,    1,    0,    2,   20,    0,    0],
       [   0,  118,    0,  735,    1,    7,    0,   30,    1,    0],
       [   0,  144,    0,  749,   25,    0,    2,   38,    0,    0],
       [   0,  272,    0,  724,    8,    0,    0,    9,   15,    0],
       [   0,   81,    0,  859,    1,    0,    1,   32,    0,    0],
       [   0,  178,    0,  799,    1,    0,    0,   31,    0,    0]])}
[2024-06-21 12:49:41,468][flwr][INFO] - 
[2024-06-21 12:49:41,468][flwr][INFO] - [ROUND 1]
[2024-06-21 12:49:41,468][flwr][INFO] - configure_fit: strategy sampled 10 clients (out of 100)
[2024-06-21 12:49:49,082][flwr][INFO] - aggregate_fit: received 10 results and 0 failures
[2024-06-21 12:49:49,088][flwr][WARNING] - No fit_metrics_aggregation_fn provided
[2024-06-21 12:49:49,467][flwr][INFO] - fit progress: (1, 94.67170935869217, {'accuracy': 0.6778, 'precision': 0.7466373758807171, 'recall': 0.6778, 'f1': 0.6467074220140301, 'confusion_matrix': array([[ 846,    0,    7,   21,    0,    0,   66,   31,    1,    8],
       [   0, 1029,   92,    0,    0,    0,    3,    0,    2,    9],
       [   9,    3,  907,   14,    7,    0,   31,   20,    7,   34],
       [   2,    2,  170,  718,    0,    0,    6,   33,   20,   59],
       [   0,    3,    6,    0,  330,    0,   25,    3,    0,  615],
       [  80,   35,   44,  269,   33,   43,   72,   94,  100,  122],
       [   8,    5,   44,    2,    8,    1,  873,    3,    0,   14],
       [   0,    9,   26,    1,    2,    0,    2,  881,    1,  106],
       [  10,    7,  179,  122,    0,    1,    8,   22,  322,  303],
       [   6,    4,    5,    6,    7,    0,    3,  145,    4,  829]])}, 7.999515416)
[2024-06-21 12:49:49,468][flwr][INFO] - configure_evaluate: no clients selected, skipping evaluation
[2024-06-21 12:49:49,468][flwr][INFO] - 
[2024-06-21 12:49:49,468][flwr][INFO] - [ROUND 2]
[2024-06-21 12:49:49,468][flwr][INFO] - configure_fit: strategy sampled 10 clients (out of 100)
[2024-06-21 12:49:55,850][flwr][INFO] - aggregate_fit: received 10 results and 0 failures
[2024-06-21 12:49:56,261][flwr][INFO] - fit progress: (2, 46.614415138959885, {'accuracy': 0.8516, 'precision': 0.8548362669173062, 'recall': 0.8516, 'f1': 0.8503747382417994, 'confusion_matrix': array([[ 956,    0,    2,    5,    0,    6,    7,    1,    3,    0],
       [   0, 1098,   18,    1,    1,    2,    3,    0,   12,    0],
       [  12,   11,  868,   50,   14,    1,   18,   15,   35,    8],
       [   8,    4,   31,  869,    5,   22,    2,    9,   50,   10],
       [   1,    2,    4,    0,  911,    1,   16,    0,    3,   44],
       [  33,   15,   13,  122,   41,  605,   15,    9,   24,   15],
       [  23,    7,   17,    2,   14,   29,  862,    2,    2,    0],
       [   7,   22,   38,    2,   21,    0,    0,  826,   24,   88],
       [  11,   11,   26,   85,   27,   39,    6,    4,  715,   50],
       [  19,    6,    6,    8,  134,    1,    0,   10,   19,  806]])}, 14.792863291)
[2024-06-21 12:49:56,261][flwr][INFO] - configure_evaluate: no clients selected, skipping evaluation
[2024-06-21 12:49:56,261][flwr][INFO] - 
[2024-06-21 12:49:56,261][flwr][INFO] - [ROUND 3]
[2024-06-21 12:49:56,262][flwr][INFO] - configure_fit: strategy sampled 10 clients (out of 100)
[2024-06-21 12:50:04,005][flwr][INFO] - aggregate_fit: received 10 results and 0 failures
[2024-06-21 12:50:04,383][flwr][INFO] - fit progress: (3, 43.81891503930092, {'accuracy': 0.8783, 'precision': 0.879348611165466, 'recall': 0.8783, 'f1': 0.8781910229664465, 'confusion_matrix': array([[ 956,    0,    1,    4,    0,    7,    9,    1,    2,    0],
       [   0, 1066,   46,    1,    0,    1,    3,    0,   18,    0],
       [  14,    7,  875,   38,   10,    3,   23,   15,   43,    4],
       [   6,    3,   34,  862,    1,   38,    5,   14,   40,    7],
       [   1,    1,    4,    1,  843,    6,   22,    1,    8,   95],
       [  20,    8,   11,   49,   10,  710,   22,   11,   39,   12],
       [  20,    4,    6,    0,    7,   17,  900,    2,    2,    0],
       [   7,   11,   43,    7,    8,    1,    1,  887,   13,   50],
       [  10,    5,   22,   35,    7,   52,   16,    5,  788,   34],
       [  19,    3,    4,    8,   30,   11,    1,   15,   22,  896]])}, 22.914883125)
[2024-06-21 12:50:04,384][flwr][INFO] - configure_evaluate: no clients selected, skipping evaluation
[2024-06-21 12:50:04,384][flwr][INFO] - 
[2024-06-21 12:50:04,384][flwr][INFO] - [ROUND 4]
[2024-06-21 12:50:04,384][flwr][INFO] - configure_fit: strategy sampled 10 clients (out of 100)
[2024-06-21 12:50:10,330][flwr][INFO] - aggregate_fit: received 10 results and 0 failures
[2024-06-21 12:50:10,702][flwr][INFO] - fit progress: (4, 39.211436837911606, {'accuracy': 0.8761, 'precision': 0.8779293749865952, 'recall': 0.8761, 'f1': 0.8750591967935779, 'confusion_matrix': array([[ 966,    0,    0,    2,    0,    5,    4,    1,    2,    0],
       [   0, 1088,   23,    1,    1,    2,    3,    1,   16,    0],
       [  18,    9,  845,   61,   18,    0,   16,   23,   34,    8],
       [  11,    2,   14,  896,    3,   25,    3,   17,   24,   15],
       [   1,    0,    4,    1,  919,    0,   12,    1,    3,   41],
       [  48,    5,    4,   51,   31,  689,   18,   10,   19,   17],
       [  28,    4,    4,    0,   20,   16,  881,    2,    2,    1],
       [   6,   13,   30,    7,   14,    0,    0,  890,    3,   65],
       [  20,    5,   11,   51,   25,   63,    9,    9,  712,   69],
       [  21,    5,    0,    7,   69,    3,    2,   23,    4,  875]])}, 29.233050458)
[2024-06-21 12:50:10,702][flwr][INFO] - configure_evaluate: no clients selected, skipping evaluation
[2024-06-21 12:50:10,702][flwr][INFO] - 
[2024-06-21 12:50:10,702][flwr][INFO] - [ROUND 5]
[2024-06-21 12:50:10,702][flwr][INFO] - configure_fit: strategy sampled 10 clients (out of 100)
[2024-06-21 12:50:17,107][flwr][INFO] - aggregate_fit: received 10 results and 0 failures
[2024-06-21 12:50:17,515][flwr][INFO] - fit progress: (5, 33.694690994918346, {'accuracy': 0.8899, 'precision': 0.8934134659109304, 'recall': 0.8899, 'f1': 0.8900591019634787, 'confusion_matrix': array([[ 956,    0,    0,    0,    0,    9,   11,    1,    3,    0],
       [   0, 1105,    3,    1,    1,    1,    3,    0,   21,    0],
       [  15,   19,  845,   37,   15,    2,   15,   17,   62,    5],
       [   4,    4,   21,  810,    2,   79,    4,   15,   61,   10],
       [   1,    1,    3,    1,  887,    4,   14,    0,    7,   64],
       [  12,    7,    3,   16,    7,  788,   16,    5,   31,    7],
       [  19,    4,    3,    0,   11,   25,  893,    0,    3,    0],
       [   3,   23,   16,    4,   10,    1,    1,  883,   28,   59],
       [   6,    8,    5,   13,    8,   74,   10,    4,  835,   11],
       [  15,    5,    0,    3,   36,   16,    2,    9,   26,  897]])}, 36.046264)
[2024-06-21 12:50:17,516][flwr][INFO] - configure_evaluate: no clients selected, skipping evaluation
[2024-06-21 12:50:17,516][flwr][INFO] - 
[2024-06-21 12:50:17,516][flwr][INFO] - [ROUND 6]
[2024-06-21 12:50:17,516][flwr][INFO] - configure_fit: strategy sampled 10 clients (out of 100)
[2024-06-21 12:50:26,513][flwr][INFO] - aggregate_fit: received 10 results and 0 failures
[2024-06-21 12:50:26,923][flwr][INFO] - fit progress: (6, 31.80872616171837, {'accuracy': 0.8956, 'precision': 0.8974587264974747, 'recall': 0.8956, 'f1': 0.8952148453884391, 'confusion_matrix': array([[ 966,    0,    0,    1,    0,    3,    8,    1,    1,    0],
       [   0, 1105,   13,    1,    1,    0,    3,    0,   11,    1],
       [  20,   19,  880,   28,   15,    0,   15,   20,   27,    8],
       [   6,    3,   23,  885,    2,   29,    5,   14,   20,   23],
       [   1,    1,    3,    1,  898,    1,   12,    0,    4,   61],
       [  32,    7,    3,   31,   16,  745,   18,    8,   21,   11],
       [  24,    3,    2,    0,   11,   20,  895,    1,    2,    0],
       [   5,   14,   26,    6,    9,    0,    0,  887,    0,   81],
       [  14,    8,   10,   25,   13,   56,   12,    7,  775,   54],
       [  21,    5,    1,    7,   38,    5,    2,    7,    3,  920]])}, 45.453694915999996)
[2024-06-21 12:50:26,923][flwr][INFO] - configure_evaluate: no clients selected, skipping evaluation
[2024-06-21 12:50:26,923][flwr][INFO] - 
[2024-06-21 12:50:26,923][flwr][INFO] - [ROUND 7]
[2024-06-21 12:50:26,924][flwr][INFO] - configure_fit: strategy sampled 10 clients (out of 100)
[2024-06-21 12:50:34,418][flwr][INFO] - aggregate_fit: received 10 results and 0 failures
[2024-06-21 12:50:34,833][flwr][INFO] - fit progress: (7, 28.419673271477222, {'accuracy': 0.9072, 'precision': 0.9086375798108282, 'recall': 0.9072, 'f1': 0.9072921954060935, 'confusion_matrix': array([[ 959,    0,    0,    1,    0,    7,    8,    2,    3,    0],
       [   0, 1086,   13,    3,    1,    2,    3,    0,   27,    0],
       [  10,    8,  879,   45,   16,    0,   12,   21,   37,    4],
       [   2,    1,    9,  878,    1,   50,    4,   13,   32,   20],
       [   1,    0,    4,    1,  894,    4,   11,    0,    4,   63],
       [  10,    4,    0,   23,    5,  803,   14,   10,   16,    7],
       [  20,    3,    2,    0,   11,   22,  894,    2,    4,    0],
       [   4,   11,   25,    6,    9,    0,    0,  919,    4,   50],
       [   4,    4,    6,   15,   10,   56,   10,    5,  831,   33],
       [  13,    4,    0,    5,   29,   14,    1,    7,    7,  929]])}, 53.364010541)
[2024-06-21 12:50:34,834][flwr][INFO] - configure_evaluate: no clients selected, skipping evaluation
[2024-06-21 12:50:34,834][flwr][INFO] - 
[2024-06-21 12:50:34,834][flwr][INFO] - [ROUND 8]
[2024-06-21 12:50:34,834][flwr][INFO] - configure_fit: strategy sampled 10 clients (out of 100)
[2024-06-21 12:50:41,178][flwr][INFO] - aggregate_fit: received 10 results and 0 failures
[2024-06-21 12:50:41,540][flwr][INFO] - fit progress: (8, 28.650278858840466, {'accuracy': 0.9096, 'precision': 0.9124290624274696, 'recall': 0.9096, 'f1': 0.9096916637251903, 'confusion_matrix': array([[ 964,    0,    0,    1,    0,    4,    5,    2,    4,    0],
       [   0, 1113,    3,    2,    0,    2,    3,    0,   12,    0],
       [  14,   14,  895,   22,   13,    0,   13,   18,   32,   11],
       [   4,    3,   13,  891,    1,   43,    4,    9,   26,   16],
       [   2,    1,    4,    1,  886,    3,    8,    0,    4,   73],
       [  20,    4,    1,   18,    5,  802,   11,    3,   17,   11],
       [  22,    3,    2,    0,    9,   26,  889,    2,    5,    0],
       [   7,   21,   19,    6,    8,    0,    0,  867,    5,   95],
       [   7,    8,    5,   19,   10,   39,    8,    2,  848,   28],
       [  15,    7,    0,    9,   19,    8,    1,    4,    5,  941]])}, 60.070283874999994)
[2024-06-21 12:50:41,540][flwr][INFO] - configure_evaluate: no clients selected, skipping evaluation
[2024-06-21 12:50:41,540][flwr][INFO] - 
[2024-06-21 12:50:41,540][flwr][INFO] - [ROUND 9]
[2024-06-21 12:50:41,541][flwr][INFO] - configure_fit: strategy sampled 10 clients (out of 100)
[2024-06-21 12:50:48,803][flwr][INFO] - aggregate_fit: received 10 results and 0 failures
[2024-06-21 12:50:49,192][flwr][INFO] - fit progress: (9, 26.039569832384586, {'accuracy': 0.912, 'precision': 0.913699703986718, 'recall': 0.912, 'f1': 0.9119298321764269, 'confusion_matrix': array([[ 961,    0,    1,    1,    0,    6,    6,    2,    3,    0],
       [   0, 1111,    3,    3,    1,    1,    3,    0,   12,    1],
       [  13,   15,  912,   23,   11,    0,    9,   21,   22,    6],
       [   5,    3,   12,  906,    3,   36,    2,   15,   13,   15],
       [   1,    0,    4,    1,  893,    2,   10,    0,    4,   67],
       [  17,    3,    0,   21,   10,  795,   16,    5,   12,   13],
       [  17,    3,    5,    0,   15,   14,  898,    2,    4,    0],
       [   4,   17,   22,   11,    8,    0,    0,  894,    1,   71],
       [   7,   11,    4,   24,   25,   34,    6,    8,  813,   42],
       [  14,    6,    1,    9,   24,    8,    0,    7,    3,  937]])}, 67.721989375)
[2024-06-21 12:50:49,192][flwr][INFO] - configure_evaluate: no clients selected, skipping evaluation
[2024-06-21 12:50:49,192][flwr][INFO] - 
[2024-06-21 12:50:49,192][flwr][INFO] - [ROUND 10]
[2024-06-21 12:50:49,193][flwr][INFO] - configure_fit: strategy sampled 10 clients (out of 100)
[2024-06-21 12:50:56,824][flwr][INFO] - aggregate_fit: received 10 results and 0 failures
[2024-06-21 12:50:57,243][flwr][INFO] - fit progress: (10, 23.34386320412159, {'accuracy': 0.919, 'precision': 0.9203257039089946, 'recall': 0.919, 'f1': 0.9190355317214027, 'confusion_matrix': array([[ 964,    0,    1,    2,    0,    5,    3,    2,    3,    0],
       [   0, 1109,    5,    2,    0,    1,    3,    1,   14,    0],
       [  12,    9,  920,   20,   11,    0,    9,   21,   24,    6],
       [   1,    2,   16,  927,    3,   18,    0,   19,    9,   15],
       [   1,    0,    4,    1,  883,    1,   12,    0,    4,   76],
       [  12,    3,    1,   32,    6,  794,   11,    9,   12,   12],
       [  19,    4,    3,    2,   12,   15,  897,    2,    4,    0],
       [   5,   12,   24,    5,    6,    0,    0,  922,    1,   53],
       [   5,    4,    6,   21,   15,   32,    5,   11,  834,   41],
       [  12,    5,    0,    9,   21,    8,    0,    9,    5,  940]])}, 75.773014583)
[2024-06-21 12:50:57,243][flwr][INFO] - configure_evaluate: no clients selected, skipping evaluation
[2024-06-21 12:50:57,244][flwr][INFO] - 
[2024-06-21 12:50:57,244][flwr][INFO] - [SUMMARY]
[2024-06-21 12:50:57,244][flwr][INFO] - Run finished 10 round(s) in 75.77s
[2024-06-21 12:50:57,249][flwr][INFO] - 	History (loss, centralized):
[2024-06-21 12:50:57,254][flwr][INFO] - 		round 0: 181.76928067207336
[2024-06-21 12:50:57,254][flwr][INFO] - 		round 1: 94.67170935869217
[2024-06-21 12:50:57,254][flwr][INFO] - 		round 2: 46.614415138959885
[2024-06-21 12:50:57,254][flwr][INFO] - 		round 3: 43.81891503930092
[2024-06-21 12:50:57,254][flwr][INFO] - 		round 4: 39.211436837911606
[2024-06-21 12:50:57,254][flwr][INFO] - 		round 5: 33.694690994918346
[2024-06-21 12:50:57,254][flwr][INFO] - 		round 6: 31.80872616171837
[2024-06-21 12:50:57,254][flwr][INFO] - 		round 7: 28.419673271477222
[2024-06-21 12:50:57,254][flwr][INFO] - 		round 8: 28.650278858840466
[2024-06-21 12:50:57,254][flwr][INFO] - 		round 9: 26.039569832384586
[2024-06-21 12:50:57,254][flwr][INFO] - 		round 10: 23.34386320412159
[2024-06-21 12:50:57,254][flwr][INFO] - 	History (metrics, centralized):
[2024-06-21 12:50:57,254][flwr][INFO] - 	{'accuracy': [(0, 0.1086),
[2024-06-21 12:50:57,254][flwr][INFO] - 	              (1, 0.6778),
[2024-06-21 12:50:57,254][flwr][INFO] - 	              (2, 0.8516),
[2024-06-21 12:50:57,254][flwr][INFO] - 	              (3, 0.8783),
[2024-06-21 12:50:57,254][flwr][INFO] - 	              (4, 0.8761),
[2024-06-21 12:50:57,254][flwr][INFO] - 	              (5, 0.8899),
[2024-06-21 12:50:57,254][flwr][INFO] - 	              (6, 0.8956),
[2024-06-21 12:50:57,254][flwr][INFO] - 	              (7, 0.9072),
[2024-06-21 12:50:57,254][flwr][INFO] - 	              (8, 0.9096),
[2024-06-21 12:50:57,254][flwr][INFO] - 	              (9, 0.912),
[2024-06-21 12:50:57,254][flwr][INFO] - 	              (10, 0.919)],
[2024-06-21 12:50:57,254][flwr][INFO] - 	 'confusion_matrix': [(0,
[2024-06-21 12:50:57,254][flwr][INFO] - 	                       array([[   0,    8,    0,  956,    0,    1,    0,   15,    0,    0],
[2024-06-21 12:50:57,254][flwr][INFO] - 	       [   0,  122,    0, 1013,    0,    0,    0,    0,    0,    0],
[2024-06-21 12:50:57,254][flwr][INFO] - 	       [   0,   38,    0,  971,    0,    0,    3,   19,    1,    0],
[2024-06-21 12:50:57,254][flwr][INFO] - 	       [   0,   44,    0,  945,    1,    1,    0,   17,    2,    0],
[2024-06-21 12:50:57,254][flwr][INFO] - 	       [   0,  143,    0,  816,    1,    0,    2,   20,    0,    0],
[2024-06-21 12:50:57,254][flwr][INFO] - 	       [   0,  118,    0,  735,    1,    7,    0,   30,    1,    0],
[2024-06-21 12:50:57,254][flwr][INFO] - 	       [   0,  144,    0,  749,   25,    0,    2,   38,    0,    0],
[2024-06-21 12:50:57,255][flwr][INFO] - 	       [   0,  272,    0,  724,    8,    0,    0,    9,   15,    0],
[2024-06-21 12:50:57,255][flwr][INFO] - 	       [   0,   81,    0,  859,    1,    0,    1,   32,    0,    0],
[2024-06-21 12:50:57,255][flwr][INFO] - 	       [   0,  178,    0,  799,    1,    0,    0,   31,    0,    0]])),
[2024-06-21 12:50:57,255][flwr][INFO] - 	                      (1,
[2024-06-21 12:50:57,255][flwr][INFO] - 	                       array([[ 846,    0,    7,   21,    0,    0,   66,   31,    1,    8],
[2024-06-21 12:50:57,255][flwr][INFO] - 	       [   0, 1029,   92,    0,    0,    0,    3,    0,    2,    9],
[2024-06-21 12:50:57,255][flwr][INFO] - 	       [   9,    3,  907,   14,    7,    0,   31,   20,    7,   34],
[2024-06-21 12:50:57,255][flwr][INFO] - 	       [   2,    2,  170,  718,    0,    0,    6,   33,   20,   59],
[2024-06-21 12:50:57,255][flwr][INFO] - 	       [   0,    3,    6,    0,  330,    0,   25,    3,    0,  615],
[2024-06-21 12:50:57,255][flwr][INFO] - 	       [  80,   35,   44,  269,   33,   43,   72,   94,  100,  122],
[2024-06-21 12:50:57,255][flwr][INFO] - 	       [   8,    5,   44,    2,    8,    1,  873,    3,    0,   14],
[2024-06-21 12:50:57,255][flwr][INFO] - 	       [   0,    9,   26,    1,    2,    0,    2,  881,    1,  106],
[2024-06-21 12:50:57,255][flwr][INFO] - 	       [  10,    7,  179,  122,    0,    1,    8,   22,  322,  303],
[2024-06-21 12:50:57,255][flwr][INFO] - 	       [   6,    4,    5,    6,    7,    0,    3,  145,    4,  829]])),
[2024-06-21 12:50:57,255][flwr][INFO] - 	                      (2,
[2024-06-21 12:50:57,255][flwr][INFO] - 	                       array([[ 956,    0,    2,    5,    0,    6,    7,    1,    3,    0],
[2024-06-21 12:50:57,255][flwr][INFO] - 	       [   0, 1098,   18,    1,    1,    2,    3,    0,   12,    0],
[2024-06-21 12:50:57,255][flwr][INFO] - 	       [  12,   11,  868,   50,   14,    1,   18,   15,   35,    8],
[2024-06-21 12:50:57,255][flwr][INFO] - 	       [   8,    4,   31,  869,    5,   22,    2,    9,   50,   10],
[2024-06-21 12:50:57,255][flwr][INFO] - 	       [   1,    2,    4,    0,  911,    1,   16,    0,    3,   44],
[2024-06-21 12:50:57,255][flwr][INFO] - 	       [  33,   15,   13,  122,   41,  605,   15,    9,   24,   15],
[2024-06-21 12:50:57,255][flwr][INFO] - 	       [  23,    7,   17,    2,   14,   29,  862,    2,    2,    0],
[2024-06-21 12:50:57,255][flwr][INFO] - 	       [   7,   22,   38,    2,   21,    0,    0,  826,   24,   88],
[2024-06-21 12:50:57,255][flwr][INFO] - 	       [  11,   11,   26,   85,   27,   39,    6,    4,  715,   50],
[2024-06-21 12:50:57,255][flwr][INFO] - 	       [  19,    6,    6,    8,  134,    1,    0,   10,   19,  806]])),
[2024-06-21 12:50:57,255][flwr][INFO] - 	                      (3,
[2024-06-21 12:50:57,255][flwr][INFO] - 	                       array([[ 956,    0,    1,    4,    0,    7,    9,    1,    2,    0],
[2024-06-21 12:50:57,255][flwr][INFO] - 	       [   0, 1066,   46,    1,    0,    1,    3,    0,   18,    0],
[2024-06-21 12:50:57,255][flwr][INFO] - 	       [  14,    7,  875,   38,   10,    3,   23,   15,   43,    4],
[2024-06-21 12:50:57,255][flwr][INFO] - 	       [   6,    3,   34,  862,    1,   38,    5,   14,   40,    7],
[2024-06-21 12:50:57,255][flwr][INFO] - 	       [   1,    1,    4,    1,  843,    6,   22,    1,    8,   95],
[2024-06-21 12:50:57,255][flwr][INFO] - 	       [  20,    8,   11,   49,   10,  710,   22,   11,   39,   12],
[2024-06-21 12:50:57,255][flwr][INFO] - 	       [  20,    4,    6,    0,    7,   17,  900,    2,    2,    0],
[2024-06-21 12:50:57,255][flwr][INFO] - 	       [   7,   11,   43,    7,    8,    1,    1,  887,   13,   50],
[2024-06-21 12:50:57,255][flwr][INFO] - 	       [  10,    5,   22,   35,    7,   52,   16,    5,  788,   34],
[2024-06-21 12:50:57,255][flwr][INFO] - 	       [  19,    3,    4,    8,   30,   11,    1,   15,   22,  896]])),
[2024-06-21 12:50:57,256][flwr][INFO] - 	                      (4,
[2024-06-21 12:50:57,256][flwr][INFO] - 	                       array([[ 966,    0,    0,    2,    0,    5,    4,    1,    2,    0],
[2024-06-21 12:50:57,256][flwr][INFO] - 	       [   0, 1088,   23,    1,    1,    2,    3,    1,   16,    0],
[2024-06-21 12:50:57,256][flwr][INFO] - 	       [  18,    9,  845,   61,   18,    0,   16,   23,   34,    8],
[2024-06-21 12:50:57,256][flwr][INFO] - 	       [  11,    2,   14,  896,    3,   25,    3,   17,   24,   15],
[2024-06-21 12:50:57,256][flwr][INFO] - 	       [   1,    0,    4,    1,  919,    0,   12,    1,    3,   41],
[2024-06-21 12:50:57,256][flwr][INFO] - 	       [  48,    5,    4,   51,   31,  689,   18,   10,   19,   17],
[2024-06-21 12:50:57,256][flwr][INFO] - 	       [  28,    4,    4,    0,   20,   16,  881,    2,    2,    1],
[2024-06-21 12:50:57,256][flwr][INFO] - 	       [   6,   13,   30,    7,   14,    0,    0,  890,    3,   65],
[2024-06-21 12:50:57,256][flwr][INFO] - 	       [  20,    5,   11,   51,   25,   63,    9,    9,  712,   69],
[2024-06-21 12:50:57,256][flwr][INFO] - 	       [  21,    5,    0,    7,   69,    3,    2,   23,    4,  875]])),
[2024-06-21 12:50:57,256][flwr][INFO] - 	                      (5,
[2024-06-21 12:50:57,256][flwr][INFO] - 	                       array([[ 956,    0,    0,    0,    0,    9,   11,    1,    3,    0],
[2024-06-21 12:50:57,256][flwr][INFO] - 	       [   0, 1105,    3,    1,    1,    1,    3,    0,   21,    0],
[2024-06-21 12:50:57,256][flwr][INFO] - 	       [  15,   19,  845,   37,   15,    2,   15,   17,   62,    5],
[2024-06-21 12:50:57,256][flwr][INFO] - 	       [   4,    4,   21,  810,    2,   79,    4,   15,   61,   10],
[2024-06-21 12:50:57,256][flwr][INFO] - 	       [   1,    1,    3,    1,  887,    4,   14,    0,    7,   64],
[2024-06-21 12:50:57,256][flwr][INFO] - 	       [  12,    7,    3,   16,    7,  788,   16,    5,   31,    7],
[2024-06-21 12:50:57,256][flwr][INFO] - 	       [  19,    4,    3,    0,   11,   25,  893,    0,    3,    0],
[2024-06-21 12:50:57,256][flwr][INFO] - 	       [   3,   23,   16,    4,   10,    1,    1,  883,   28,   59],
[2024-06-21 12:50:57,256][flwr][INFO] - 	       [   6,    8,    5,   13,    8,   74,   10,    4,  835,   11],
[2024-06-21 12:50:57,256][flwr][INFO] - 	       [  15,    5,    0,    3,   36,   16,    2,    9,   26,  897]])),
[2024-06-21 12:50:57,256][flwr][INFO] - 	                      (6,
[2024-06-21 12:50:57,256][flwr][INFO] - 	                       array([[ 966,    0,    0,    1,    0,    3,    8,    1,    1,    0],
[2024-06-21 12:50:57,256][flwr][INFO] - 	       [   0, 1105,   13,    1,    1,    0,    3,    0,   11,    1],
[2024-06-21 12:50:57,256][flwr][INFO] - 	       [  20,   19,  880,   28,   15,    0,   15,   20,   27,    8],
[2024-06-21 12:50:57,256][flwr][INFO] - 	       [   6,    3,   23,  885,    2,   29,    5,   14,   20,   23],
[2024-06-21 12:50:57,256][flwr][INFO] - 	       [   1,    1,    3,    1,  898,    1,   12,    0,    4,   61],
[2024-06-21 12:50:57,256][flwr][INFO] - 	       [  32,    7,    3,   31,   16,  745,   18,    8,   21,   11],
[2024-06-21 12:50:57,256][flwr][INFO] - 	       [  24,    3,    2,    0,   11,   20,  895,    1,    2,    0],
[2024-06-21 12:50:57,256][flwr][INFO] - 	       [   5,   14,   26,    6,    9,    0,    0,  887,    0,   81],
[2024-06-21 12:50:57,256][flwr][INFO] - 	       [  14,    8,   10,   25,   13,   56,   12,    7,  775,   54],
[2024-06-21 12:50:57,256][flwr][INFO] - 	       [  21,    5,    1,    7,   38,    5,    2,    7,    3,  920]])),
[2024-06-21 12:50:57,256][flwr][INFO] - 	                      (7,
[2024-06-21 12:50:57,256][flwr][INFO] - 	                       array([[ 959,    0,    0,    1,    0,    7,    8,    2,    3,    0],
[2024-06-21 12:50:57,256][flwr][INFO] - 	       [   0, 1086,   13,    3,    1,    2,    3,    0,   27,    0],
[2024-06-21 12:50:57,256][flwr][INFO] - 	       [  10,    8,  879,   45,   16,    0,   12,   21,   37,    4],
[2024-06-21 12:50:57,256][flwr][INFO] - 	       [   2,    1,    9,  878,    1,   50,    4,   13,   32,   20],
[2024-06-21 12:50:57,256][flwr][INFO] - 	       [   1,    0,    4,    1,  894,    4,   11,    0,    4,   63],
[2024-06-21 12:50:57,256][flwr][INFO] - 	       [  10,    4,    0,   23,    5,  803,   14,   10,   16,    7],
[2024-06-21 12:50:57,256][flwr][INFO] - 	       [  20,    3,    2,    0,   11,   22,  894,    2,    4,    0],
[2024-06-21 12:50:57,256][flwr][INFO] - 	       [   4,   11,   25,    6,    9,    0,    0,  919,    4,   50],
[2024-06-21 12:50:57,256][flwr][INFO] - 	       [   4,    4,    6,   15,   10,   56,   10,    5,  831,   33],
[2024-06-21 12:50:57,256][flwr][INFO] - 	       [  13,    4,    0,    5,   29,   14,    1,    7,    7,  929]])),
[2024-06-21 12:50:57,256][flwr][INFO] - 	                      (8,
[2024-06-21 12:50:57,257][flwr][INFO] - 	                       array([[ 964,    0,    0,    1,    0,    4,    5,    2,    4,    0],
[2024-06-21 12:50:57,257][flwr][INFO] - 	       [   0, 1113,    3,    2,    0,    2,    3,    0,   12,    0],
[2024-06-21 12:50:57,257][flwr][INFO] - 	       [  14,   14,  895,   22,   13,    0,   13,   18,   32,   11],
[2024-06-21 12:50:57,257][flwr][INFO] - 	       [   4,    3,   13,  891,    1,   43,    4,    9,   26,   16],
[2024-06-21 12:50:57,257][flwr][INFO] - 	       [   2,    1,    4,    1,  886,    3,    8,    0,    4,   73],
[2024-06-21 12:50:57,257][flwr][INFO] - 	       [  20,    4,    1,   18,    5,  802,   11,    3,   17,   11],
[2024-06-21 12:50:57,257][flwr][INFO] - 	       [  22,    3,    2,    0,    9,   26,  889,    2,    5,    0],
[2024-06-21 12:50:57,257][flwr][INFO] - 	       [   7,   21,   19,    6,    8,    0,    0,  867,    5,   95],
[2024-06-21 12:50:57,257][flwr][INFO] - 	       [   7,    8,    5,   19,   10,   39,    8,    2,  848,   28],
[2024-06-21 12:50:57,257][flwr][INFO] - 	       [  15,    7,    0,    9,   19,    8,    1,    4,    5,  941]])),
[2024-06-21 12:50:57,257][flwr][INFO] - 	                      (9,
[2024-06-21 12:50:57,257][flwr][INFO] - 	                       array([[ 961,    0,    1,    1,    0,    6,    6,    2,    3,    0],
[2024-06-21 12:50:57,257][flwr][INFO] - 	       [   0, 1111,    3,    3,    1,    1,    3,    0,   12,    1],
[2024-06-21 12:50:57,257][flwr][INFO] - 	       [  13,   15,  912,   23,   11,    0,    9,   21,   22,    6],
[2024-06-21 12:50:57,257][flwr][INFO] - 	       [   5,    3,   12,  906,    3,   36,    2,   15,   13,   15],
[2024-06-21 12:50:57,257][flwr][INFO] - 	       [   1,    0,    4,    1,  893,    2,   10,    0,    4,   67],
[2024-06-21 12:50:57,257][flwr][INFO] - 	       [  17,    3,    0,   21,   10,  795,   16,    5,   12,   13],
[2024-06-21 12:50:57,257][flwr][INFO] - 	       [  17,    3,    5,    0,   15,   14,  898,    2,    4,    0],
[2024-06-21 12:50:57,257][flwr][INFO] - 	       [   4,   17,   22,   11,    8,    0,    0,  894,    1,   71],
[2024-06-21 12:50:57,257][flwr][INFO] - 	       [   7,   11,    4,   24,   25,   34,    6,    8,  813,   42],
[2024-06-21 12:50:57,257][flwr][INFO] - 	       [  14,    6,    1,    9,   24,    8,    0,    7,    3,  937]])),
[2024-06-21 12:50:57,257][flwr][INFO] - 	                      (10,
[2024-06-21 12:50:57,257][flwr][INFO] - 	                       array([[ 964,    0,    1,    2,    0,    5,    3,    2,    3,    0],
[2024-06-21 12:50:57,257][flwr][INFO] - 	       [   0, 1109,    5,    2,    0,    1,    3,    1,   14,    0],
[2024-06-21 12:50:57,257][flwr][INFO] - 	       [  12,    9,  920,   20,   11,    0,    9,   21,   24,    6],
[2024-06-21 12:50:57,257][flwr][INFO] - 	       [   1,    2,   16,  927,    3,   18,    0,   19,    9,   15],
[2024-06-21 12:50:57,257][flwr][INFO] - 	       [   1,    0,    4,    1,  883,    1,   12,    0,    4,   76],
[2024-06-21 12:50:57,257][flwr][INFO] - 	       [  12,    3,    1,   32,    6,  794,   11,    9,   12,   12],
[2024-06-21 12:50:57,257][flwr][INFO] - 	       [  19,    4,    3,    2,   12,   15,  897,    2,    4,    0],
[2024-06-21 12:50:57,257][flwr][INFO] - 	       [   5,   12,   24,    5,    6,    0,    0,  922,    1,   53],
[2024-06-21 12:50:57,257][flwr][INFO] - 	       [   5,    4,    6,   21,   15,   32,    5,   11,  834,   41],
[2024-06-21 12:50:57,257][flwr][INFO] - 	       [  12,    5,    0,    9,   21,    8,    0,    9,    5,  940]]))],
[2024-06-21 12:50:57,257][flwr][INFO] - 	 'f1': [(0, 0.03553137346181725),
[2024-06-21 12:50:57,257][flwr][INFO] - 	        (1, 0.6467074220140301),
[2024-06-21 12:50:57,257][flwr][INFO] - 	        (2, 0.8503747382417994),
[2024-06-21 12:50:57,257][flwr][INFO] - 	        (3, 0.8781910229664465),
[2024-06-21 12:50:57,257][flwr][INFO] - 	        (4, 0.8750591967935779),
[2024-06-21 12:50:57,257][flwr][INFO] - 	        (5, 0.8900591019634787),
[2024-06-21 12:50:57,257][flwr][INFO] - 	        (6, 0.8952148453884391),
[2024-06-21 12:50:57,257][flwr][INFO] - 	        (7, 0.9072921954060935),
[2024-06-21 12:50:57,257][flwr][INFO] - 	        (8, 0.9096916637251903),
[2024-06-21 12:50:57,257][flwr][INFO] - 	        (9, 0.9119298321764269),
[2024-06-21 12:50:57,257][flwr][INFO] - 	        (10, 0.9190355317214027)],
[2024-06-21 12:50:57,257][flwr][INFO] - 	 'precision': [(0, 0.12349967530374152),
[2024-06-21 12:50:57,257][flwr][INFO] - 	               (1, 0.7466373758807171),
[2024-06-21 12:50:57,257][flwr][INFO] - 	               (2, 0.8548362669173062),
[2024-06-21 12:50:57,257][flwr][INFO] - 	               (3, 0.879348611165466),
[2024-06-21 12:50:57,257][flwr][INFO] - 	               (4, 0.8779293749865952),
[2024-06-21 12:50:57,257][flwr][INFO] - 	               (5, 0.8934134659109304),
[2024-06-21 12:50:57,257][flwr][INFO] - 	               (6, 0.8974587264974747),
[2024-06-21 12:50:57,257][flwr][INFO] - 	               (7, 0.9086375798108282),
[2024-06-21 12:50:57,257][flwr][INFO] - 	               (8, 0.9124290624274696),
[2024-06-21 12:50:57,257][flwr][INFO] - 	               (9, 0.913699703986718),
[2024-06-21 12:50:57,258][flwr][INFO] - 	               (10, 0.9203257039089946)],
[2024-06-21 12:50:57,258][flwr][INFO] - 	 'recall': [(0, 0.1086),
[2024-06-21 12:50:57,258][flwr][INFO] - 	            (1, 0.6778),
[2024-06-21 12:50:57,258][flwr][INFO] - 	            (2, 0.8516),
[2024-06-21 12:50:57,258][flwr][INFO] - 	            (3, 0.8783),
[2024-06-21 12:50:57,258][flwr][INFO] - 	            (4, 0.8761),
[2024-06-21 12:50:57,258][flwr][INFO] - 	            (5, 0.8899),
[2024-06-21 12:50:57,258][flwr][INFO] - 	            (6, 0.8956),
[2024-06-21 12:50:57,258][flwr][INFO] - 	            (7, 0.9072),
[2024-06-21 12:50:57,258][flwr][INFO] - 	            (8, 0.9096),
[2024-06-21 12:50:57,258][flwr][INFO] - 	            (9, 0.912),
[2024-06-21 12:50:57,258][flwr][INFO] - 	            (10, 0.919)]}
[2024-06-21 12:50:57,258][flwr][INFO] - 
