[2024-06-20 19:59:14,657][flwr][INFO] - Starting Flower simulation, config: num_rounds=10, no round_timeout
[2024-06-20 19:59:16,726][flwr][INFO] - Flower VCE: Ray initialized with resources: {'memory': 9948582708.0, 'node:__internal_head__': 1.0, 'CPU': 12.0, 'object_store_memory': 2147483648.0, 'node:127.0.0.1': 1.0}
[2024-06-20 19:59:16,726][flwr][INFO] - Optimize your simulation with Flower VCE: https://flower.ai/docs/framework/how-to-run-simulations.html
[2024-06-20 19:59:16,726][flwr][INFO] - Flower VCE: Resources for each Virtual Client: {'num_cpus': 2, 'num_gpus': 0}
[2024-06-20 19:59:16,733][flwr][INFO] - Flower VCE: Creating VirtualClientEngineActorPool with 6 actors
[2024-06-20 19:59:16,733][flwr][INFO] - [INIT]
[2024-06-20 19:59:16,733][flwr][INFO] - Requesting initial parameters from one random client
[2024-06-20 19:59:18,635][flwr][INFO] - Received initial parameters from one random client
[2024-06-20 19:59:18,635][flwr][INFO] - Evaluating initial global parameters
[2024-06-20 19:59:19,073][flwr][INFO] - initial parameters (loss, other metrics): 181.76928067207336, {'accuracy': 0.1086, 'precision': 0.12349967530374152, 'recall': 0.1086, 'f1': 0.03553137346181725, 'confusion_matrix': array([[   0,    8,    0,  956,    0,    1,    0,   15,    0,    0],
       [   0,  122,    0, 1013,    0,    0,    0,    0,    0,    0],
       [   0,   38,    0,  971,    0,    0,    3,   19,    1,    0],
       [   0,   44,    0,  945,    1,    1,    0,   17,    2,    0],
       [   0,  143,    0,  816,    1,    0,    2,   20,    0,    0],
       [   0,  118,    0,  735,    1,    7,    0,   30,    1,    0],
       [   0,  144,    0,  749,   25,    0,    2,   38,    0,    0],
       [   0,  272,    0,  724,    8,    0,    0,    9,   15,    0],
       [   0,   81,    0,  859,    1,    0,    1,   32,    0,    0],
       [   0,  178,    0,  799,    1,    0,    0,   31,    0,    0]])}
[2024-06-20 19:59:19,074][flwr][INFO] - 
[2024-06-20 19:59:19,074][flwr][INFO] - [ROUND 1]
[2024-06-20 19:59:19,074][flwr][INFO] - configure_fit: strategy sampled 10 clients (out of 100)
[2024-06-20 19:59:26,184][flwr][INFO] - aggregate_fit: received 10 results and 0 failures
[2024-06-20 19:59:26,191][flwr][WARNING] - No fit_metrics_aggregation_fn provided
[2024-06-20 19:59:26,642][flwr][INFO] - fit progress: (1, 30031.39974975586, {'accuracy': 0.0922, 'precision': 0.058378657740992684, 'recall': 0.0922, 'f1': 0.052243644747633676, 'confusion_matrix': array([[504,  22, 387,   3,   0,   1,  62,   1,   0,   0],
       [731,   4, 222, 105,   0,  50,  18,   0,   5,   0],
       [365,  46, 187,  60,   5,  17, 347,   0,   4,   1],
       [253,  19, 636,  39,   1,   9,  44,   0,   6,   3],
       [235,   9, 360,  84,   1,  44, 249,   0,   0,   0],
       [229,   6, 517,  53,   0,  10,  76,   0,   1,   0],
       [503,  95, 147,  18,   1,   9, 174,   5,   5,   1],
       [ 88,  15, 558, 122,   3,  43, 196,   0,   3,   0],
       [214,   8, 583,  19,   0,  57,  90,   0,   3,   0],
       [161,  25, 467, 104,   6,  11, 232,   0,   3,   0]])}, 7.568538791)
[2024-06-20 19:59:26,643][flwr][INFO] - configure_evaluate: no clients selected, skipping evaluation
[2024-06-20 19:59:26,643][flwr][INFO] - 
[2024-06-20 19:59:26,643][flwr][INFO] - [ROUND 2]
[2024-06-20 19:59:26,643][flwr][INFO] - configure_fit: strategy sampled 10 clients (out of 100)
[2024-06-20 19:59:32,082][flwr][INFO] - aggregate_fit: received 10 results and 0 failures
[2024-06-20 19:59:32,520][flwr][INFO] - fit progress: (2, 54010.38391113281, {'accuracy': 0.2383, 'precision': 0.18604363564976029, 'recall': 0.2383, 'f1': 0.17937467237726656, 'confusion_matrix': array([[553,  82,  34,  94,  68,   8,   0, 133,   5,   3],
       [153, 504,   0,   9,   0,   5,   0, 443,   0,  21],
       [336, 230,  67,  79,   7,  30,   2, 129,   8, 144],
       [195, 133,  19, 461,   0,  19,   1, 111,  39,  32],
       [251,  80, 148,   5,   8, 115,   2, 326,  18,  29],
       [286, 120,  80, 163,   1,  64,   0, 136,  30,  12],
       [267, 307,  29,  34,  12,  76,   1, 135,  10,  87],
       [ 94, 175,  17,  10,   5,  16,   0, 673,   4,  34],
       [517,  98,  74,  43,   1,  64,   0, 144,  19,  14],
       [138,  97, 140,  15,   2,  86,   5, 457,  36,  33]])}, 13.446489958)
[2024-06-20 19:59:32,520][flwr][INFO] - configure_evaluate: no clients selected, skipping evaluation
[2024-06-20 19:59:32,520][flwr][INFO] - 
[2024-06-20 19:59:32,520][flwr][INFO] - [ROUND 3]
[2024-06-20 19:59:32,520][flwr][INFO] - configure_fit: strategy sampled 10 clients (out of 100)
[2024-06-20 19:59:38,180][flwr][INFO] - aggregate_fit: received 10 results and 0 failures
[2024-06-20 19:59:38,640][flwr][INFO] - fit progress: (3, 76269.27239990234, {'accuracy': 0.3461, 'precision': 0.316157359862083, 'recall': 0.3461, 'f1': 0.30744938951251227, 'confusion_matrix': array([[360,  73, 308, 128,  48,  13,  37,   7,   5,   1],
       [ 33, 920,  45,   8,   7,   1,   4,  24,   4,  89],
       [108, 134, 444,  71, 110,  50,  27,  37,  10,  41],
       [ 58,  53, 163, 547,  17,  63,  25,  20,  50,  14],
       [104, 231, 119,  28, 160,  17,  75, 122,  60,  66],
       [132, 105, 173, 233,  17, 106,  35,  19,  65,   7],
       [ 35, 277, 152,  48, 172, 140,  85,  33,  11,   5],
       [ 86, 114,  42,  24,  29,   6,  20, 655,  22,  30],
       [143, 140, 297, 114,  26,  39,  37,  28, 106,  44],
       [ 62, 194, 218,  37,  40,   4,  32, 275,  69,  78]])}, 19.566869791000002)
[2024-06-20 19:59:38,640][flwr][INFO] - configure_evaluate: no clients selected, skipping evaluation
[2024-06-20 19:59:38,640][flwr][INFO] - 
[2024-06-20 19:59:38,640][flwr][INFO] - [ROUND 4]
[2024-06-20 19:59:38,641][flwr][INFO] - configure_fit: strategy sampled 10 clients (out of 100)
[2024-06-20 19:59:43,929][flwr][INFO] - aggregate_fit: received 10 results and 0 failures
[2024-06-20 19:59:44,394][flwr][INFO] - fit progress: (4, 183791.0909423828, {'accuracy': 0.3472, 'precision': 0.4104866583983294, 'recall': 0.3472, 'f1': 0.3329581865903114, 'confusion_matrix': array([[363,   2, 107,  82,  16,  27, 312,  46,  20,   5],
       [ 21, 358,   2,  38,   0,   2, 227,   6,  13, 468],
       [ 67,  27, 256, 105,   5,  53, 375,  31,  42,  71],
       [ 60,  19,  22, 600,   0,  50, 125,  22,  54,  58],
       [ 18,   6,  20,  37,  53,  17, 275,  84,  67, 405],
       [ 80,  23,  20, 298,   1, 111, 200,  11,  89,  59],
       [ 38,  29,  65,  46,  11,  91, 577,  12,  52,  37],
       [ 34,   5,   8,  44,  13,   5,  78, 666,  40, 135],
       [ 35,  24,  23, 124,   3,  39, 313,  35, 132, 246],
       [ 28,   7,  17,  37,   9,   4, 138, 293, 120, 356]])}, 25.321088375000002)
[2024-06-20 19:59:44,394][flwr][INFO] - configure_evaluate: no clients selected, skipping evaluation
[2024-06-20 19:59:44,394][flwr][INFO] - 
[2024-06-20 19:59:44,394][flwr][INFO] - [ROUND 5]
[2024-06-20 19:59:44,395][flwr][INFO] - configure_fit: strategy sampled 10 clients (out of 100)
[2024-06-20 19:59:50,164][flwr][INFO] - aggregate_fit: received 10 results and 0 failures
[2024-06-20 19:59:50,622][flwr][INFO] - fit progress: (5, 390288.357421875, {'accuracy': 0.4087, 'precision': 0.4251896315448577, 'recall': 0.4087, 'f1': 0.3959275365499775, 'confusion_matrix': array([[ 376,   25,  230,  119,   17,   62,   78,   15,   54,    4],
       [   7, 1019,    3,   35,    4,    0,   42,   10,   12,    3],
       [  41,  120,  281,  140,   19,   80,  188,   22,   97,   44],
       [  30,   66,   78,  554,    4,   69,   52,   14,  127,   16],
       [  16,   99,   21,   81,  175,   44,  264,   57,  109,  116],
       [  44,   95,   45,  228,    2,  228,   99,    2,  135,   14],
       [  63,  205,   54,   38,   53,  170,  316,   12,   37,   10],
       [  27,   31,    5,   68,   30,   24,   76,  584,   94,   89],
       [  19,  151,   61,  110,   10,   76,  169,   19,  320,   39],
       [  23,   88,   21,   75,   38,   18,  143,  138,  231,  234]])}, 31.549503583000003)
[2024-06-20 19:59:50,623][flwr][INFO] - configure_evaluate: no clients selected, skipping evaluation
[2024-06-20 19:59:50,623][flwr][INFO] - 
[2024-06-20 19:59:50,623][flwr][INFO] - [ROUND 6]
[2024-06-20 19:59:50,623][flwr][INFO] - configure_fit: strategy sampled 10 clients (out of 100)
[2024-06-20 19:59:55,811][flwr][INFO] - aggregate_fit: received 10 results and 0 failures
[2024-06-20 19:59:56,252][flwr][INFO] - fit progress: (6, 1024343.3041992188, {'accuracy': 0.3955, 'precision': 0.422927839032249, 'recall': 0.3955, 'f1': 0.38565251496866604, 'confusion_matrix': array([[209,  14, 439,  77,  39, 102,  22,  42,  29,   7],
       [ 30, 806,  33,  96,   6,   8,  30,  28,  49,  49],
       [  6,  25, 638,  89,  23,  51,  66,  29,  64,  41],
       [ 12,  37, 327, 422,   5,  98,  12,  14,  74,   9],
       [  8, 182,  41,  83, 294,  54,  72,  63, 133,  52],
       [ 35,  30, 130, 190,   5, 332,  41,   9, 110,  10],
       [ 30,  99, 181,  59,  85, 254, 163,  14,  55,  18],
       [ 18,  18,  49,  60,  38,  33,  21, 538, 186,  67],
       [ 20,  82, 170, 103,   8, 146,  46,  22, 339,  38],
       [ 16,  74,  91,  94,  74,  23,  22, 147, 254, 214]])}, 37.180082791000004)
[2024-06-20 19:59:56,253][flwr][INFO] - configure_evaluate: no clients selected, skipping evaluation
[2024-06-20 19:59:56,253][flwr][INFO] - 
[2024-06-20 19:59:56,253][flwr][INFO] - [ROUND 7]
[2024-06-20 19:59:56,253][flwr][INFO] - configure_fit: strategy sampled 10 clients (out of 100)
[2024-06-20 20:00:01,672][flwr][INFO] - aggregate_fit: received 10 results and 0 failures
[2024-06-20 20:00:02,124][flwr][INFO] - fit progress: (7, 2535374.484375, {'accuracy': 0.4112, 'precision': 0.4420510222841701, 'recall': 0.4112, 'f1': 0.40389140123208994, 'confusion_matrix': array([[596,  15, 218,  14,  16,  58,  22,  23,  13,   5],
       [220, 486,  32,   1,   0,   3, 116, 111,  13, 153],
       [103,  21, 581,  41,  28,  29, 115,  28,  32,  54],
       [ 82,  41, 352, 268,  10,  93,  29,  43,  55,  37],
       [111,  53,  34,   4, 416,  38,  50,  69,  42, 165],
       [209,  19,  96,  59,  11, 330,  56,  44,  53,  15],
       [274,  98, 189,   3,  48, 114, 151,  15,  38,  28],
       [ 50,   5,  25,   3,  73,  27,  30, 672,  40, 103],
       [270,  53, 150,  20,  14, 100,  63,  46, 180,  78],
       [122,   9,  69,   7, 134,  24,  21, 155,  36, 432]])}, 43.051928958)
[2024-06-20 20:00:02,124][flwr][INFO] - configure_evaluate: no clients selected, skipping evaluation
[2024-06-20 20:00:02,124][flwr][INFO] - 
[2024-06-20 20:00:02,125][flwr][INFO] - [ROUND 8]
[2024-06-20 20:00:02,125][flwr][INFO] - configure_fit: strategy sampled 10 clients (out of 100)
[2024-06-20 20:00:07,401][flwr][INFO] - aggregate_fit: received 10 results and 0 failures
[2024-06-20 20:00:07,848][flwr][INFO] - fit progress: (8, 5237667.3984375, {'accuracy': 0.4703, 'precision': 0.4843292621372525, 'recall': 0.4703, 'f1': 0.46939508057951224, 'confusion_matrix': array([[496,   8, 181,  27,  13, 129,  41,  43,  29,  13],
       [ 24, 869,  17,   5,   1,   6,  52,   8,  11, 142],
       [ 59,  28, 425, 102,  22,  69, 146,  28,  61,  92],
       [ 46,  37, 201, 442,   5, 124,  35,  18,  66,  36],
       [ 28,  64,  20,  19, 430,  72,  44,  56,  52, 197],
       [ 87,  18,  50,  87,   4, 495,  44,  22,  53,  32],
       [ 87,  55, 130,   8,  56, 217, 230,  20,  68,  87],
       [ 30,  10,  21,  15,  50,  45,  17, 533,  39, 268],
       [100,  94,  81,  45,  16, 173,  53,  19, 273, 120],
       [ 36,  39,  45,  30, 140,  50,  19,  68,  72, 510]])}, 48.77663175)
[2024-06-20 20:00:07,849][flwr][INFO] - configure_evaluate: no clients selected, skipping evaluation
[2024-06-20 20:00:07,849][flwr][INFO] - 
[2024-06-20 20:00:07,849][flwr][INFO] - [ROUND 9]
[2024-06-20 20:00:07,849][flwr][INFO] - configure_fit: strategy sampled 10 clients (out of 100)
[2024-06-20 20:00:13,055][flwr][INFO] - aggregate_fit: received 10 results and 0 failures
[2024-06-20 20:00:13,500][flwr][INFO] - fit progress: (9, 17143187.109375, {'accuracy': 0.423, 'precision': 0.44644858651196756, 'recall': 0.423, 'f1': 0.41047932066913034, 'confusion_matrix': array([[563,  14, 209,  16,   9,  62,  28,  42,  20,  17],
       [ 18, 732,  60,   2,   2,   4, 147,  15,  25, 130],
       [ 89,  32, 567,  10,  23,  38,  91,  31,  41, 110],
       [110,  36, 404, 144,   6,  88,  34,  66,  88,  34],
       [ 61,  87,  21,   2, 473,  76,  34,  70,  45, 113],
       [188,  28,  76,  38,  13, 376,  59,  14,  60,  40],
       [ 94, 117, 168,   2,  53, 162, 108,  23,  78, 153],
       [ 52,   7,  34,   1,  19,  37,  13, 557,  30, 278],
       [199,  75, 126,   9,  21, 112,  45,  29, 239, 119],
       [ 82,  25,  37,   2, 149,  32,  23,  99,  89, 471]])}, 54.428761875)
[2024-06-20 20:00:13,501][flwr][INFO] - configure_evaluate: no clients selected, skipping evaluation
[2024-06-20 20:00:13,501][flwr][INFO] - 
[2024-06-20 20:00:13,501][flwr][INFO] - [ROUND 10]
[2024-06-20 20:00:13,501][flwr][INFO] - configure_fit: strategy sampled 10 clients (out of 100)
[2024-06-20 20:00:18,813][flwr][INFO] - aggregate_fit: received 10 results and 0 failures
[2024-06-20 20:00:19,256][flwr][INFO] - fit progress: (10, 49868591.15625, {'accuracy': 0.3792, 'precision': 0.45372730974123754, 'recall': 0.3792, 'f1': 0.3845397324134638, 'confusion_matrix': array([[432,   9, 168,   7,  42, 185,  32,  32,  53,  20],
       [  9, 427,   5,   2,  15,  79, 252,   3, 108, 235],
       [ 37,  16, 369,  33,  74, 105, 141,  15, 121, 121],
       [ 45,  22, 166, 214,  23, 216,  52,  39, 173,  60],
       [ 54,  28,   4,  11, 492,  92,  40,  12,  87, 162],
       [ 84,  14,  27,  36,  11, 526,  52,   6,  97,  39],
       [ 38,  64,  82,   8,  41, 301, 149,   8, 100, 167],
       [ 50,   6,  12,   2,  37,  65,  14, 354,  77, 411],
       [ 82,  34,  16,   7,  29, 239,  59,  17, 323, 168],
       [ 35,  13,   7,   9, 134,  78,  21,  27, 179, 506]])}, 60.184560833000006)
[2024-06-20 20:00:19,256][flwr][INFO] - configure_evaluate: no clients selected, skipping evaluation
[2024-06-20 20:00:19,257][flwr][INFO] - 
[2024-06-20 20:00:19,257][flwr][INFO] - [SUMMARY]
[2024-06-20 20:00:19,257][flwr][INFO] - Run finished 10 round(s) in 60.19s
[2024-06-20 20:00:19,261][flwr][INFO] - 	History (loss, centralized):
[2024-06-20 20:00:19,262][flwr][INFO] - 		round 0: 181.76928067207336
[2024-06-20 20:00:19,262][flwr][INFO] - 		round 1: 30031.39974975586
[2024-06-20 20:00:19,262][flwr][INFO] - 		round 2: 54010.38391113281
[2024-06-20 20:00:19,262][flwr][INFO] - 		round 3: 76269.27239990234
[2024-06-20 20:00:19,262][flwr][INFO] - 		round 4: 183791.0909423828
[2024-06-20 20:00:19,262][flwr][INFO] - 		round 5: 390288.357421875
[2024-06-20 20:00:19,262][flwr][INFO] - 		round 6: 1024343.3041992188
[2024-06-20 20:00:19,262][flwr][INFO] - 		round 7: 2535374.484375
[2024-06-20 20:00:19,262][flwr][INFO] - 		round 8: 5237667.3984375
[2024-06-20 20:00:19,262][flwr][INFO] - 		round 9: 17143187.109375
[2024-06-20 20:00:19,262][flwr][INFO] - 		round 10: 49868591.15625
[2024-06-20 20:00:19,262][flwr][INFO] - 	History (metrics, centralized):
[2024-06-20 20:00:19,262][flwr][INFO] - 	{'accuracy': [(0, 0.1086),
[2024-06-20 20:00:19,262][flwr][INFO] - 	              (1, 0.0922),
[2024-06-20 20:00:19,262][flwr][INFO] - 	              (2, 0.2383),
[2024-06-20 20:00:19,262][flwr][INFO] - 	              (3, 0.3461),
[2024-06-20 20:00:19,262][flwr][INFO] - 	              (4, 0.3472),
[2024-06-20 20:00:19,262][flwr][INFO] - 	              (5, 0.4087),
[2024-06-20 20:00:19,262][flwr][INFO] - 	              (6, 0.3955),
[2024-06-20 20:00:19,262][flwr][INFO] - 	              (7, 0.4112),
[2024-06-20 20:00:19,262][flwr][INFO] - 	              (8, 0.4703),
[2024-06-20 20:00:19,262][flwr][INFO] - 	              (9, 0.423),
[2024-06-20 20:00:19,262][flwr][INFO] - 	              (10, 0.3792)],
[2024-06-20 20:00:19,262][flwr][INFO] - 	 'confusion_matrix': [(0,
[2024-06-20 20:00:19,262][flwr][INFO] - 	                       array([[   0,    8,    0,  956,    0,    1,    0,   15,    0,    0],
[2024-06-20 20:00:19,262][flwr][INFO] - 	       [   0,  122,    0, 1013,    0,    0,    0,    0,    0,    0],
[2024-06-20 20:00:19,262][flwr][INFO] - 	       [   0,   38,    0,  971,    0,    0,    3,   19,    1,    0],
[2024-06-20 20:00:19,262][flwr][INFO] - 	       [   0,   44,    0,  945,    1,    1,    0,   17,    2,    0],
[2024-06-20 20:00:19,262][flwr][INFO] - 	       [   0,  143,    0,  816,    1,    0,    2,   20,    0,    0],
[2024-06-20 20:00:19,262][flwr][INFO] - 	       [   0,  118,    0,  735,    1,    7,    0,   30,    1,    0],
[2024-06-20 20:00:19,263][flwr][INFO] - 	       [   0,  144,    0,  749,   25,    0,    2,   38,    0,    0],
[2024-06-20 20:00:19,263][flwr][INFO] - 	       [   0,  272,    0,  724,    8,    0,    0,    9,   15,    0],
[2024-06-20 20:00:19,263][flwr][INFO] - 	       [   0,   81,    0,  859,    1,    0,    1,   32,    0,    0],
[2024-06-20 20:00:19,263][flwr][INFO] - 	       [   0,  178,    0,  799,    1,    0,    0,   31,    0,    0]])),
[2024-06-20 20:00:19,263][flwr][INFO] - 	                      (1,
[2024-06-20 20:00:19,263][flwr][INFO] - 	                       array([[504,  22, 387,   3,   0,   1,  62,   1,   0,   0],
[2024-06-20 20:00:19,263][flwr][INFO] - 	       [731,   4, 222, 105,   0,  50,  18,   0,   5,   0],
[2024-06-20 20:00:19,263][flwr][INFO] - 	       [365,  46, 187,  60,   5,  17, 347,   0,   4,   1],
[2024-06-20 20:00:19,263][flwr][INFO] - 	       [253,  19, 636,  39,   1,   9,  44,   0,   6,   3],
[2024-06-20 20:00:19,263][flwr][INFO] - 	       [235,   9, 360,  84,   1,  44, 249,   0,   0,   0],
[2024-06-20 20:00:19,263][flwr][INFO] - 	       [229,   6, 517,  53,   0,  10,  76,   0,   1,   0],
[2024-06-20 20:00:19,263][flwr][INFO] - 	       [503,  95, 147,  18,   1,   9, 174,   5,   5,   1],
[2024-06-20 20:00:19,263][flwr][INFO] - 	       [ 88,  15, 558, 122,   3,  43, 196,   0,   3,   0],
[2024-06-20 20:00:19,263][flwr][INFO] - 	       [214,   8, 583,  19,   0,  57,  90,   0,   3,   0],
[2024-06-20 20:00:19,263][flwr][INFO] - 	       [161,  25, 467, 104,   6,  11, 232,   0,   3,   0]])),
[2024-06-20 20:00:19,263][flwr][INFO] - 	                      (2,
[2024-06-20 20:00:19,263][flwr][INFO] - 	                       array([[553,  82,  34,  94,  68,   8,   0, 133,   5,   3],
[2024-06-20 20:00:19,263][flwr][INFO] - 	       [153, 504,   0,   9,   0,   5,   0, 443,   0,  21],
[2024-06-20 20:00:19,263][flwr][INFO] - 	       [336, 230,  67,  79,   7,  30,   2, 129,   8, 144],
[2024-06-20 20:00:19,263][flwr][INFO] - 	       [195, 133,  19, 461,   0,  19,   1, 111,  39,  32],
[2024-06-20 20:00:19,263][flwr][INFO] - 	       [251,  80, 148,   5,   8, 115,   2, 326,  18,  29],
[2024-06-20 20:00:19,263][flwr][INFO] - 	       [286, 120,  80, 163,   1,  64,   0, 136,  30,  12],
[2024-06-20 20:00:19,263][flwr][INFO] - 	       [267, 307,  29,  34,  12,  76,   1, 135,  10,  87],
[2024-06-20 20:00:19,263][flwr][INFO] - 	       [ 94, 175,  17,  10,   5,  16,   0, 673,   4,  34],
[2024-06-20 20:00:19,263][flwr][INFO] - 	       [517,  98,  74,  43,   1,  64,   0, 144,  19,  14],
[2024-06-20 20:00:19,263][flwr][INFO] - 	       [138,  97, 140,  15,   2,  86,   5, 457,  36,  33]])),
[2024-06-20 20:00:19,263][flwr][INFO] - 	                      (3,
[2024-06-20 20:00:19,263][flwr][INFO] - 	                       array([[360,  73, 308, 128,  48,  13,  37,   7,   5,   1],
[2024-06-20 20:00:19,263][flwr][INFO] - 	       [ 33, 920,  45,   8,   7,   1,   4,  24,   4,  89],
[2024-06-20 20:00:19,263][flwr][INFO] - 	       [108, 134, 444,  71, 110,  50,  27,  37,  10,  41],
[2024-06-20 20:00:19,263][flwr][INFO] - 	       [ 58,  53, 163, 547,  17,  63,  25,  20,  50,  14],
[2024-06-20 20:00:19,263][flwr][INFO] - 	       [104, 231, 119,  28, 160,  17,  75, 122,  60,  66],
[2024-06-20 20:00:19,263][flwr][INFO] - 	       [132, 105, 173, 233,  17, 106,  35,  19,  65,   7],
[2024-06-20 20:00:19,263][flwr][INFO] - 	       [ 35, 277, 152,  48, 172, 140,  85,  33,  11,   5],
[2024-06-20 20:00:19,263][flwr][INFO] - 	       [ 86, 114,  42,  24,  29,   6,  20, 655,  22,  30],
[2024-06-20 20:00:19,263][flwr][INFO] - 	       [143, 140, 297, 114,  26,  39,  37,  28, 106,  44],
[2024-06-20 20:00:19,263][flwr][INFO] - 	       [ 62, 194, 218,  37,  40,   4,  32, 275,  69,  78]])),
[2024-06-20 20:00:19,263][flwr][INFO] - 	                      (4,
[2024-06-20 20:00:19,263][flwr][INFO] - 	                       array([[363,   2, 107,  82,  16,  27, 312,  46,  20,   5],
[2024-06-20 20:00:19,263][flwr][INFO] - 	       [ 21, 358,   2,  38,   0,   2, 227,   6,  13, 468],
[2024-06-20 20:00:19,263][flwr][INFO] - 	       [ 67,  27, 256, 105,   5,  53, 375,  31,  42,  71],
[2024-06-20 20:00:19,263][flwr][INFO] - 	       [ 60,  19,  22, 600,   0,  50, 125,  22,  54,  58],
[2024-06-20 20:00:19,264][flwr][INFO] - 	       [ 18,   6,  20,  37,  53,  17, 275,  84,  67, 405],
[2024-06-20 20:00:19,264][flwr][INFO] - 	       [ 80,  23,  20, 298,   1, 111, 200,  11,  89,  59],
[2024-06-20 20:00:19,264][flwr][INFO] - 	       [ 38,  29,  65,  46,  11,  91, 577,  12,  52,  37],
[2024-06-20 20:00:19,264][flwr][INFO] - 	       [ 34,   5,   8,  44,  13,   5,  78, 666,  40, 135],
[2024-06-20 20:00:19,264][flwr][INFO] - 	       [ 35,  24,  23, 124,   3,  39, 313,  35, 132, 246],
[2024-06-20 20:00:19,264][flwr][INFO] - 	       [ 28,   7,  17,  37,   9,   4, 138, 293, 120, 356]])),
[2024-06-20 20:00:19,264][flwr][INFO] - 	                      (5,
[2024-06-20 20:00:19,264][flwr][INFO] - 	                       array([[ 376,   25,  230,  119,   17,   62,   78,   15,   54,    4],
[2024-06-20 20:00:19,264][flwr][INFO] - 	       [   7, 1019,    3,   35,    4,    0,   42,   10,   12,    3],
[2024-06-20 20:00:19,264][flwr][INFO] - 	       [  41,  120,  281,  140,   19,   80,  188,   22,   97,   44],
[2024-06-20 20:00:19,264][flwr][INFO] - 	       [  30,   66,   78,  554,    4,   69,   52,   14,  127,   16],
[2024-06-20 20:00:19,264][flwr][INFO] - 	       [  16,   99,   21,   81,  175,   44,  264,   57,  109,  116],
[2024-06-20 20:00:19,264][flwr][INFO] - 	       [  44,   95,   45,  228,    2,  228,   99,    2,  135,   14],
[2024-06-20 20:00:19,264][flwr][INFO] - 	       [  63,  205,   54,   38,   53,  170,  316,   12,   37,   10],
[2024-06-20 20:00:19,264][flwr][INFO] - 	       [  27,   31,    5,   68,   30,   24,   76,  584,   94,   89],
[2024-06-20 20:00:19,264][flwr][INFO] - 	       [  19,  151,   61,  110,   10,   76,  169,   19,  320,   39],
[2024-06-20 20:00:19,264][flwr][INFO] - 	       [  23,   88,   21,   75,   38,   18,  143,  138,  231,  234]])),
[2024-06-20 20:00:19,264][flwr][INFO] - 	                      (6,
[2024-06-20 20:00:19,264][flwr][INFO] - 	                       array([[209,  14, 439,  77,  39, 102,  22,  42,  29,   7],
[2024-06-20 20:00:19,264][flwr][INFO] - 	       [ 30, 806,  33,  96,   6,   8,  30,  28,  49,  49],
[2024-06-20 20:00:19,264][flwr][INFO] - 	       [  6,  25, 638,  89,  23,  51,  66,  29,  64,  41],
[2024-06-20 20:00:19,264][flwr][INFO] - 	       [ 12,  37, 327, 422,   5,  98,  12,  14,  74,   9],
[2024-06-20 20:00:19,264][flwr][INFO] - 	       [  8, 182,  41,  83, 294,  54,  72,  63, 133,  52],
[2024-06-20 20:00:19,264][flwr][INFO] - 	       [ 35,  30, 130, 190,   5, 332,  41,   9, 110,  10],
[2024-06-20 20:00:19,264][flwr][INFO] - 	       [ 30,  99, 181,  59,  85, 254, 163,  14,  55,  18],
[2024-06-20 20:00:19,264][flwr][INFO] - 	       [ 18,  18,  49,  60,  38,  33,  21, 538, 186,  67],
[2024-06-20 20:00:19,264][flwr][INFO] - 	       [ 20,  82, 170, 103,   8, 146,  46,  22, 339,  38],
[2024-06-20 20:00:19,264][flwr][INFO] - 	       [ 16,  74,  91,  94,  74,  23,  22, 147, 254, 214]])),
[2024-06-20 20:00:19,264][flwr][INFO] - 	                      (7,
[2024-06-20 20:00:19,264][flwr][INFO] - 	                       array([[596,  15, 218,  14,  16,  58,  22,  23,  13,   5],
[2024-06-20 20:00:19,264][flwr][INFO] - 	       [220, 486,  32,   1,   0,   3, 116, 111,  13, 153],
[2024-06-20 20:00:19,264][flwr][INFO] - 	       [103,  21, 581,  41,  28,  29, 115,  28,  32,  54],
[2024-06-20 20:00:19,264][flwr][INFO] - 	       [ 82,  41, 352, 268,  10,  93,  29,  43,  55,  37],
[2024-06-20 20:00:19,264][flwr][INFO] - 	       [111,  53,  34,   4, 416,  38,  50,  69,  42, 165],
[2024-06-20 20:00:19,264][flwr][INFO] - 	       [209,  19,  96,  59,  11, 330,  56,  44,  53,  15],
[2024-06-20 20:00:19,264][flwr][INFO] - 	       [274,  98, 189,   3,  48, 114, 151,  15,  38,  28],
[2024-06-20 20:00:19,264][flwr][INFO] - 	       [ 50,   5,  25,   3,  73,  27,  30, 672,  40, 103],
[2024-06-20 20:00:19,264][flwr][INFO] - 	       [270,  53, 150,  20,  14, 100,  63,  46, 180,  78],
[2024-06-20 20:00:19,264][flwr][INFO] - 	       [122,   9,  69,   7, 134,  24,  21, 155,  36, 432]])),
[2024-06-20 20:00:19,264][flwr][INFO] - 	                      (8,
[2024-06-20 20:00:19,264][flwr][INFO] - 	                       array([[496,   8, 181,  27,  13, 129,  41,  43,  29,  13],
[2024-06-20 20:00:19,264][flwr][INFO] - 	       [ 24, 869,  17,   5,   1,   6,  52,   8,  11, 142],
[2024-06-20 20:00:19,264][flwr][INFO] - 	       [ 59,  28, 425, 102,  22,  69, 146,  28,  61,  92],
[2024-06-20 20:00:19,265][flwr][INFO] - 	       [ 46,  37, 201, 442,   5, 124,  35,  18,  66,  36],
[2024-06-20 20:00:19,265][flwr][INFO] - 	       [ 28,  64,  20,  19, 430,  72,  44,  56,  52, 197],
[2024-06-20 20:00:19,265][flwr][INFO] - 	       [ 87,  18,  50,  87,   4, 495,  44,  22,  53,  32],
[2024-06-20 20:00:19,265][flwr][INFO] - 	       [ 87,  55, 130,   8,  56, 217, 230,  20,  68,  87],
[2024-06-20 20:00:19,265][flwr][INFO] - 	       [ 30,  10,  21,  15,  50,  45,  17, 533,  39, 268],
[2024-06-20 20:00:19,265][flwr][INFO] - 	       [100,  94,  81,  45,  16, 173,  53,  19, 273, 120],
[2024-06-20 20:00:19,265][flwr][INFO] - 	       [ 36,  39,  45,  30, 140,  50,  19,  68,  72, 510]])),
[2024-06-20 20:00:19,265][flwr][INFO] - 	                      (9,
[2024-06-20 20:00:19,265][flwr][INFO] - 	                       array([[563,  14, 209,  16,   9,  62,  28,  42,  20,  17],
[2024-06-20 20:00:19,265][flwr][INFO] - 	       [ 18, 732,  60,   2,   2,   4, 147,  15,  25, 130],
[2024-06-20 20:00:19,265][flwr][INFO] - 	       [ 89,  32, 567,  10,  23,  38,  91,  31,  41, 110],
[2024-06-20 20:00:19,265][flwr][INFO] - 	       [110,  36, 404, 144,   6,  88,  34,  66,  88,  34],
[2024-06-20 20:00:19,265][flwr][INFO] - 	       [ 61,  87,  21,   2, 473,  76,  34,  70,  45, 113],
[2024-06-20 20:00:19,265][flwr][INFO] - 	       [188,  28,  76,  38,  13, 376,  59,  14,  60,  40],
[2024-06-20 20:00:19,265][flwr][INFO] - 	       [ 94, 117, 168,   2,  53, 162, 108,  23,  78, 153],
[2024-06-20 20:00:19,265][flwr][INFO] - 	       [ 52,   7,  34,   1,  19,  37,  13, 557,  30, 278],
[2024-06-20 20:00:19,265][flwr][INFO] - 	       [199,  75, 126,   9,  21, 112,  45,  29, 239, 119],
[2024-06-20 20:00:19,265][flwr][INFO] - 	       [ 82,  25,  37,   2, 149,  32,  23,  99,  89, 471]])),
[2024-06-20 20:00:19,265][flwr][INFO] - 	                      (10,
[2024-06-20 20:00:19,265][flwr][INFO] - 	                       array([[432,   9, 168,   7,  42, 185,  32,  32,  53,  20],
[2024-06-20 20:00:19,265][flwr][INFO] - 	       [  9, 427,   5,   2,  15,  79, 252,   3, 108, 235],
[2024-06-20 20:00:19,265][flwr][INFO] - 	       [ 37,  16, 369,  33,  74, 105, 141,  15, 121, 121],
[2024-06-20 20:00:19,265][flwr][INFO] - 	       [ 45,  22, 166, 214,  23, 216,  52,  39, 173,  60],
[2024-06-20 20:00:19,265][flwr][INFO] - 	       [ 54,  28,   4,  11, 492,  92,  40,  12,  87, 162],
[2024-06-20 20:00:19,265][flwr][INFO] - 	       [ 84,  14,  27,  36,  11, 526,  52,   6,  97,  39],
[2024-06-20 20:00:19,265][flwr][INFO] - 	       [ 38,  64,  82,   8,  41, 301, 149,   8, 100, 167],
[2024-06-20 20:00:19,265][flwr][INFO] - 	       [ 50,   6,  12,   2,  37,  65,  14, 354,  77, 411],
[2024-06-20 20:00:19,265][flwr][INFO] - 	       [ 82,  34,  16,   7,  29, 239,  59,  17, 323, 168],
[2024-06-20 20:00:19,265][flwr][INFO] - 	       [ 35,  13,   7,   9, 134,  78,  21,  27, 179, 506]]))],
[2024-06-20 20:00:19,265][flwr][INFO] - 	 'f1': [(0, 0.03553137346181725),
[2024-06-20 20:00:19,265][flwr][INFO] - 	        (1, 0.052243644747633676),
[2024-06-20 20:00:19,265][flwr][INFO] - 	        (2, 0.17937467237726656),
[2024-06-20 20:00:19,265][flwr][INFO] - 	        (3, 0.30744938951251227),
[2024-06-20 20:00:19,265][flwr][INFO] - 	        (4, 0.3329581865903114),
[2024-06-20 20:00:19,265][flwr][INFO] - 	        (5, 0.3959275365499775),
[2024-06-20 20:00:19,265][flwr][INFO] - 	        (6, 0.38565251496866604),
[2024-06-20 20:00:19,265][flwr][INFO] - 	        (7, 0.40389140123208994),
[2024-06-20 20:00:19,265][flwr][INFO] - 	        (8, 0.46939508057951224),
[2024-06-20 20:00:19,265][flwr][INFO] - 	        (9, 0.41047932066913034),
[2024-06-20 20:00:19,265][flwr][INFO] - 	        (10, 0.3845397324134638)],
[2024-06-20 20:00:19,265][flwr][INFO] - 	 'precision': [(0, 0.12349967530374152),
[2024-06-20 20:00:19,265][flwr][INFO] - 	               (1, 0.058378657740992684),
[2024-06-20 20:00:19,265][flwr][INFO] - 	               (2, 0.18604363564976029),
[2024-06-20 20:00:19,266][flwr][INFO] - 	               (3, 0.316157359862083),
[2024-06-20 20:00:19,266][flwr][INFO] - 	               (4, 0.4104866583983294),
[2024-06-20 20:00:19,266][flwr][INFO] - 	               (5, 0.4251896315448577),
[2024-06-20 20:00:19,266][flwr][INFO] - 	               (6, 0.422927839032249),
[2024-06-20 20:00:19,266][flwr][INFO] - 	               (7, 0.4420510222841701),
[2024-06-20 20:00:19,266][flwr][INFO] - 	               (8, 0.4843292621372525),
[2024-06-20 20:00:19,266][flwr][INFO] - 	               (9, 0.44644858651196756),
[2024-06-20 20:00:19,266][flwr][INFO] - 	               (10, 0.45372730974123754)],
[2024-06-20 20:00:19,266][flwr][INFO] - 	 'recall': [(0, 0.1086),
[2024-06-20 20:00:19,266][flwr][INFO] - 	            (1, 0.0922),
[2024-06-20 20:00:19,266][flwr][INFO] - 	            (2, 0.2383),
[2024-06-20 20:00:19,266][flwr][INFO] - 	            (3, 0.3461),
[2024-06-20 20:00:19,266][flwr][INFO] - 	            (4, 0.3472),
[2024-06-20 20:00:19,266][flwr][INFO] - 	            (5, 0.4087),
[2024-06-20 20:00:19,266][flwr][INFO] - 	            (6, 0.3955),
[2024-06-20 20:00:19,266][flwr][INFO] - 	            (7, 0.4112),
[2024-06-20 20:00:19,266][flwr][INFO] - 	            (8, 0.4703),
[2024-06-20 20:00:19,266][flwr][INFO] - 	            (9, 0.423),
[2024-06-20 20:00:19,266][flwr][INFO] - 	            (10, 0.3792)]}
[2024-06-20 20:00:19,266][flwr][INFO] - 
