[2024-07-08 18:03:51,464][flwr][INFO] - Starting Flower simulation, config: num_rounds=10, no round_timeout
[2024-07-08 18:03:52,302][flwr][INFO] - Flower VCE: Ray initialized with resources: {'memory': 7494723175.0, 'node:127.0.0.1': 1.0, 'object_store_memory': 2147483648.0, 'node:__internal_head__': 1.0, 'CPU': 12.0}
[2024-07-08 18:03:52,302][flwr][INFO] - Optimize your simulation with Flower VCE: https://flower.ai/docs/framework/how-to-run-simulations.html
[2024-07-08 18:03:52,302][flwr][INFO] - Flower VCE: Resources for each Virtual Client: {'num_cpus': 2, 'num_gpus': 0}
[2024-07-08 18:03:52,307][flwr][INFO] - Flower VCE: Creating VirtualClientEngineActorPool with 6 actors
[2024-07-08 18:03:52,308][flwr][INFO] - [INIT]
[2024-07-08 18:03:52,308][flwr][INFO] - Requesting initial parameters from one random client
[2024-07-08 18:03:53,836][flwr][INFO] - Received initial parameters from one random client
[2024-07-08 18:03:53,836][flwr][INFO] - Evaluating initial global parameters
[2024-07-08 18:03:54,167][flwr][INFO] - initial parameters (loss, other metrics): 181.76928067207336, {'accuracy': 0.1086, 'precision': 0.12349967530374152, 'recall': 0.1086, 'f1': 0.03553137346181725, 'confusion_matrix': array([[   0,    8,    0,  956,    0,    1,    0,   15,    0,    0],
       [   0,  122,    0, 1013,    0,    0,    0,    0,    0,    0],
       [   0,   38,    0,  971,    0,    0,    3,   19,    1,    0],
       [   0,   44,    0,  945,    1,    1,    0,   17,    2,    0],
       [   0,  143,    0,  816,    1,    0,    2,   20,    0,    0],
       [   0,  118,    0,  735,    1,    7,    0,   30,    1,    0],
       [   0,  144,    0,  749,   25,    0,    2,   38,    0,    0],
       [   0,  272,    0,  724,    8,    0,    0,    9,   15,    0],
       [   0,   81,    0,  859,    1,    0,    1,   32,    0,    0],
       [   0,  178,    0,  799,    1,    0,    0,   31,    0,    0]])}
[2024-07-08 18:03:54,167][flwr][INFO] - 
[2024-07-08 18:03:54,167][flwr][INFO] - [ROUND 1]
[2024-07-08 18:03:54,168][flwr][INFO] - configure_fit: strategy sampled 10 clients (out of 10)
[2024-07-08 18:04:01,979][flwr][INFO] - aggregate_fit: received 10 results and 0 failures
[2024-07-08 18:04:01,985][flwr][WARNING] - No fit_metrics_aggregation_fn provided
[2024-07-08 18:04:02,319][flwr][INFO] - fit progress: (1, 204.44357538223267, {'accuracy': 0.0312, 'precision': 0.02943537947986048, 'recall': 0.0312, 'f1': 0.03013654735108854, 'confusion_matrix': array([[  28,  914,    0,    4,    2,    0,   17,   14,    1,    0],
       [   1,    0, 1116,    6,    0,    0,    3,    5,    2,    2],
       [   3,   12,   24,  891,    8,    0,    5,   60,   15,   14],
       [   7,    6,    2,  102,  782,    0,   63,    3,   32,   13],
       [ 231,    0,    7,   17,   34,  531,   23,   97,    9,   33],
       [  18,   17,    6,    2,   19,    2,  805,    8,    3,   12],
       [   0,    7,    3,   12,    0,    0,   73,  861,    0,    2],
       [  63,    0,   13,   31,    0,    0,    2,    2,  914,    3],
       [  11,    8,   26,   43,   20,    0,  125,   14,   12,  715],
       [ 855,    2,    6,    3,   12,    3,   22,    8,   63,   35]])}, 8.151933457999998)
[2024-07-08 18:04:02,320][flwr][INFO] - configure_evaluate: no clients selected, skipping evaluation
[2024-07-08 18:04:02,320][flwr][INFO] - 
[2024-07-08 18:04:02,320][flwr][INFO] - [ROUND 2]
[2024-07-08 18:04:02,320][flwr][INFO] - configure_fit: strategy sampled 10 clients (out of 10)
[2024-07-08 18:04:08,695][flwr][INFO] - aggregate_fit: received 10 results and 0 failures
[2024-07-08 18:04:09,050][flwr][INFO] - fit progress: (2, 271.25752091407776, {'accuracy': 0.0644, 'precision': 0.05498129073170101, 'recall': 0.0644, 'f1': 0.059165042596794254, 'confusion_matrix': array([[  25,  932,    1,    1,    0,    1,    6,   11,    0,    3],
       [   0,    0, 1123,    4,    0,    0,    6,    0,    0,    2],
       [   1,    5,   18,  975,    4,    4,    1,   12,    3,    9],
       [   1,    2,    0,  171,  775,    1,   14,    0,   11,   35],
       [  15,    1,    0,    5,    5,  902,   11,   19,    0,   24],
       [   9,   13,    1,    6,   39,    9,  794,    3,    4,   14],
       [   0,    5,    3,    0,    0,    3,  270,  675,    0,    2],
       [  70,    0,   17,  112,    1,   13,    0,    2,  805,    8],
       [   1,    4,   12,   35,   11,   12,   55,    6,    4,  834],
       [ 789,    2,    5,    3,   10,   42,    7,    5,    6,  140]])}, 14.882232249999998)
[2024-07-08 18:04:09,050][flwr][INFO] - configure_evaluate: no clients selected, skipping evaluation
[2024-07-08 18:04:09,050][flwr][INFO] - 
[2024-07-08 18:04:09,050][flwr][INFO] - [ROUND 3]
[2024-07-08 18:04:09,051][flwr][INFO] - configure_fit: strategy sampled 10 clients (out of 10)
[2024-07-08 18:04:15,277][flwr][INFO] - aggregate_fit: received 10 results and 0 failures
[2024-07-08 18:04:15,614][flwr][INFO] - fit progress: (3, 279.8106186389923, {'accuracy': 0.0399, 'precision': 0.03588589483534409, 'recall': 0.0399, 'f1': 0.03761010745631013, 'confusion_matrix': array([[  18,  943,    1,    2,    0,    0,    1,   11,    2,    2],
       [   0,    0, 1123,    4,    0,    0,    3,    2,    0,    3],
       [   1,    6,   11,  992,    3,    3,    1,    6,    5,    4],
       [   2,    0,    2,  193,  775,    1,    1,    0,   12,   24],
       [  37,    1,    1,    3,    1,  902,    1,   28,    2,    6],
       [   9,    8,    1,    7,   43,   11,  791,    4,    6,   12],
       [   0,    6,    3,    0,    1,    3,  116,  827,    0,    2],
       [  36,    0,   12,   65,    0,    2,    0,    3,  907,    3],
       [   2,    6,    8,   30,    6,   12,   19,   11,    9,  871],
       [ 915,    2,    6,    4,    9,   28,    0,    3,    5,   37]])}, 21.44674775)
[2024-07-08 18:04:15,615][flwr][INFO] - configure_evaluate: no clients selected, skipping evaluation
[2024-07-08 18:04:15,615][flwr][INFO] - 
[2024-07-08 18:04:15,615][flwr][INFO] - [ROUND 4]
[2024-07-08 18:04:15,615][flwr][INFO] - configure_fit: strategy sampled 10 clients (out of 10)
[2024-07-08 18:04:22,190][flwr][INFO] - aggregate_fit: received 10 results and 0 failures
[2024-07-08 18:04:22,535][flwr][INFO] - fit progress: (4, 281.26135540008545, {'accuracy': 0.0406, 'precision': 0.038142288733098544, 'recall': 0.0406, 'f1': 0.039307137182783614, 'confusion_matrix': array([[  29,  934,    1,    1,    0,    0,    3,    7,    1,    4],
       [   0,    0, 1124,    4,    1,    0,    0,    1,    0,    5],
       [   3,    1,   11,  997,    5,    3,    1,    3,    5,    3],
       [   0,    0,    1,   66,  900,    1,    1,    0,   13,   28],
       [  22,    1,    2,    6,    2,  900,    0,   21,    2,   26],
       [   7,    2,    1,    4,   37,    6,  810,    3,    3,   19],
       [   0,    8,    3,    0,    1,    3,  175,  766,    0,    2],
       [  20,    1,   11,   44,    0,    2,    0,    3,  944,    3],
       [   0,    3,    5,   21,   11,    3,   18,    1,    9,  903],
       [ 860,    2,    5,    3,    8,   18,    0,    2,    6,  105]])}, 28.367975292)
[2024-07-08 18:04:22,536][flwr][INFO] - configure_evaluate: no clients selected, skipping evaluation
[2024-07-08 18:04:22,536][flwr][INFO] - 
[2024-07-08 18:04:22,536][flwr][INFO] - [ROUND 5]
[2024-07-08 18:04:22,536][flwr][INFO] - configure_fit: strategy sampled 10 clients (out of 10)
[2024-07-08 18:04:28,865][flwr][INFO] - aggregate_fit: received 10 results and 0 failures
[2024-07-08 18:04:29,223][flwr][INFO] - fit progress: (5, 291.7797167301178, {'accuracy': 0.0299, 'precision': 0.028057563209064756, 'recall': 0.0299, 'f1': 0.02889707799008765, 'confusion_matrix': array([[  13,  952,    0,    1,    0,    0,    1,    6,    1,    6],
       [   0,    0, 1124,    4,    0,    0,    0,    2,    0,    5],
       [   1,    1,   16,  995,    4,    3,    0,    3,    4,    5],
       [   0,    0,    6,   74,  883,    0,    2,    0,   11,   34],
       [  28,    1,    3,    5,    3,  905,    0,   15,    3,   19],
       [   7,    2,    2,    4,   32,    3,  820,    4,    2,   16],
       [   0,    7,    3,    0,    1,    3,   57,  884,    0,    3],
       [  26,    0,   10,   48,    0,    3,    0,    2,  937,    2],
       [   0,    3,    6,   13,    7,    2,    9,    4,   10,  920],
       [ 854,    3,    4,    3,    5,   14,    0,    0,    5,  121]])}, 35.055115958)
[2024-07-08 18:04:29,223][flwr][INFO] - configure_evaluate: no clients selected, skipping evaluation
[2024-07-08 18:04:29,223][flwr][INFO] - 
[2024-07-08 18:04:29,223][flwr][INFO] - [ROUND 6]
[2024-07-08 18:04:29,224][flwr][INFO] - configure_fit: strategy sampled 10 clients (out of 10)
[2024-07-08 18:04:35,451][flwr][INFO] - aggregate_fit: received 10 results and 0 failures
[2024-07-08 18:04:35,797][flwr][INFO] - fit progress: (6, 303.4848966598511, {'accuracy': 0.0169, 'precision': 0.016503795294053564, 'recall': 0.0169, 'f1': 0.01667514718267664, 'confusion_matrix': array([[   9,  950,    0,    1,    0,    0,    3,   10,    2,    5],
       [   0,    1, 1123,    4,    1,    0,    0,    1,    0,    5],
       [   1,    1,    6, 1005,    7,    2,    1,    1,    3,    5],
       [   0,    0,    0,   40,  943,    0,    1,    0,    6,   20],
       [  12,    1,    1,    6,    4,  931,    0,   14,    2,   11],
       [   6,    1,    1,    2,   36,    6,  817,    4,    4,   15],
       [   0,    4,    3,    1,    1,    3,   27,  917,    0,    2],
       [  14,    1,   11,   39,    3,    1,    0,    3,  956,    0],
       [   1,    4,    4,   14,    8,    5,    3,    6,    4,  925],
       [ 899,    3,    5,    1,    6,   21,    0,    1,    4,   69]])}, 41.629213292)
[2024-07-08 18:04:35,797][flwr][INFO] - configure_evaluate: no clients selected, skipping evaluation
[2024-07-08 18:04:35,797][flwr][INFO] - 
[2024-07-08 18:04:35,797][flwr][INFO] - [ROUND 7]
[2024-07-08 18:04:35,798][flwr][INFO] - configure_fit: strategy sampled 10 clients (out of 10)
[2024-07-08 18:04:41,817][flwr][INFO] - aggregate_fit: received 10 results and 0 failures
[2024-07-08 18:04:42,181][flwr][INFO] - fit progress: (7, 319.585134267807, {'accuracy': 0.0172, 'precision': 0.01659315772425912, 'recall': 0.0172, 'f1': 0.016872532758644088, 'confusion_matrix': array([[  11,  959,    0,    1,    0,    0,    1,    3,    0,    5],
       [   0,    2, 1122,    3,    2,    0,    0,    1,    0,    5],
       [   1,    3,    7,  998,    2,    3,    1,    2,    9,    6],
       [   0,    0,    1,   41,  914,    0,    5,    0,   12,   37],
       [  14,    2,    0,    4,    1,  923,    0,   19,    2,   17],
       [   5,    1,    1,    0,   21,    2,  845,    3,    3,   11],
       [   0,    7,    3,    1,    1,    2,   25,  916,    0,    3],
       [   7,    1,   10,   22,    0,    3,    0,    3,  980,    2],
       [   0,    5,    3,    4,    6,    4,    7,    4,    7,  934],
       [ 899,    2,    5,    1,    3,   22,    0,    0,    4,   73]])}, 48.013108375)
[2024-07-08 18:04:42,181][flwr][INFO] - configure_evaluate: no clients selected, skipping evaluation
[2024-07-08 18:04:42,181][flwr][INFO] - 
[2024-07-08 18:04:42,181][flwr][INFO] - [ROUND 8]
[2024-07-08 18:04:42,182][flwr][INFO] - configure_fit: strategy sampled 10 clients (out of 10)
[2024-07-08 18:04:49,125][flwr][INFO] - aggregate_fit: received 10 results and 0 failures
[2024-07-08 18:04:49,461][flwr][INFO] - fit progress: (8, 322.77901434898376, {'accuracy': 0.0173, 'precision': 0.01689671153322368, 'recall': 0.0173, 'f1': 0.017081325479818218, 'confusion_matrix': array([[  37,  932,    0,    2,    0,    0,    0,    3,    1,    5],
       [   0,    0, 1124,    4,    0,    0,    0,    2,    0,    5],
       [   1,    2,    8, 1002,    3,    0,    2,    1,    9,    4],
       [   3,    0,    1,   37,  931,    0,    3,    0,    9,   26],
       [  24,    1,    1,    5,    4,  921,    0,   11,    4,   11],
       [   8,    2,    1,    0,   22,    3,  836,    4,    4,   12],
       [   0,    6,    3,    1,    1,    2,   30,  911,    0,    4],
       [  16,    0,    5,   19,    1,    0,    0,    2,  984,    1],
       [   2,    1,    3,   10,    5,    4,    7,    4,   10,  928],
       [ 942,    1,    5,    2,    5,    9,    0,    0,    3,   42]])}, 55.293316083)
[2024-07-08 18:04:49,461][flwr][INFO] - configure_evaluate: no clients selected, skipping evaluation
[2024-07-08 18:04:49,462][flwr][INFO] - 
[2024-07-08 18:04:49,462][flwr][INFO] - [ROUND 9]
[2024-07-08 18:04:49,462][flwr][INFO] - configure_fit: strategy sampled 10 clients (out of 10)
[2024-07-08 18:04:55,694][flwr][INFO] - aggregate_fit: received 10 results and 0 failures
[2024-07-08 18:04:56,045][flwr][INFO] - fit progress: (9, 321.0997221469879, {'accuracy': 0.0162, 'precision': 0.015775060409637835, 'recall': 0.0162, 'f1': 0.01596423932296693, 'confusion_matrix': array([[  17,  954,    0,    1,    0,    0,    0,    2,    1,    5],
       [   0,    5, 1120,    3,    0,    1,    0,    1,    0,    5],
       [   0,    2,   17,  991,    4,    1,    2,    1,    8,    6],
       [   3,    1,    0,   35,  934,    0,    1,    1,    7,   28],
       [  11,    3,    2,    5,    2,  935,    0,   10,    3,   11],
       [  12,    4,    0,    1,   22,    7,  819,    5,    4,   18],
       [   0,    6,    3,    1,    1,    2,   16,  927,    0,    2],
       [  13,    1,    7,   16,    0,    2,    0,    2,  987,    0],
       [   0,    2,    3,    7,    2,    4,    5,    2,    8,  941],
       [ 924,    2,    3,    1,    2,   18,    0,    1,    5,   53]])}, 61.87769416700001)
[2024-07-08 18:04:56,046][flwr][INFO] - configure_evaluate: no clients selected, skipping evaluation
[2024-07-08 18:04:56,046][flwr][INFO] - 
[2024-07-08 18:04:56,046][flwr][INFO] - [ROUND 10]
[2024-07-08 18:04:56,046][flwr][INFO] - configure_fit: strategy sampled 10 clients (out of 10)
[2024-07-08 18:05:02,335][flwr][INFO] - aggregate_fit: received 10 results and 0 failures
[2024-07-08 18:05:02,688][flwr][INFO] - fit progress: (10, 321.312331199646, {'accuracy': 0.0223, 'precision': 0.021815547709640015, 'recall': 0.0223, 'f1': 0.022014409002663386, 'confusion_matrix': array([[  15,  952,    0,    2,    0,    0,    2,    3,    1,    5],
       [   0,   23, 1096,    3,    2,    1,    0,    3,    1,    6],
       [   0,    1,    8, 1002,    3,    1,    2,    2,    8,    5],
       [   4,    1,    1,   37,  931,    2,    2,    0,    6,   26],
       [  19,    1,    0,    5,   12,  915,    0,   11,    3,   16],
       [   6,    2,    1,    0,   22,    5,  834,    4,    2,   16],
       [   0,    4,    3,    1,    1,    3,   24,  918,    0,    4],
       [  13,    0,    4,   18,    0,    1,    0,    3,  988,    1],
       [   0,    1,    2,    8,    1,    4,    6,    4,    7,  941],
       [ 896,    1,    3,    0,    4,   11,    0,    1,    4,   89]])}, 68.52020583299999)
[2024-07-08 18:05:02,688][flwr][INFO] - configure_evaluate: no clients selected, skipping evaluation
[2024-07-08 18:05:02,689][flwr][INFO] - 
[2024-07-08 18:05:02,689][flwr][INFO] - [SUMMARY]
[2024-07-08 18:05:02,689][flwr][INFO] - Run finished 10 round(s) in 68.52s
[2024-07-08 18:05:02,692][flwr][INFO] - 	History (loss, centralized):
[2024-07-08 18:05:02,692][flwr][INFO] - 		round 0: 181.76928067207336
[2024-07-08 18:05:02,692][flwr][INFO] - 		round 1: 204.44357538223267
[2024-07-08 18:05:02,692][flwr][INFO] - 		round 2: 271.25752091407776
[2024-07-08 18:05:02,692][flwr][INFO] - 		round 3: 279.8106186389923
[2024-07-08 18:05:02,692][flwr][INFO] - 		round 4: 281.26135540008545
[2024-07-08 18:05:02,692][flwr][INFO] - 		round 5: 291.7797167301178
[2024-07-08 18:05:02,693][flwr][INFO] - 		round 6: 303.4848966598511
[2024-07-08 18:05:02,693][flwr][INFO] - 		round 7: 319.585134267807
[2024-07-08 18:05:02,693][flwr][INFO] - 		round 8: 322.77901434898376
[2024-07-08 18:05:02,693][flwr][INFO] - 		round 9: 321.0997221469879
[2024-07-08 18:05:02,693][flwr][INFO] - 		round 10: 321.312331199646
[2024-07-08 18:05:02,693][flwr][INFO] - 	History (metrics, centralized):
[2024-07-08 18:05:02,693][flwr][INFO] - 	{'accuracy': [(0, 0.1086),
[2024-07-08 18:05:02,693][flwr][INFO] - 	              (1, 0.0312),
[2024-07-08 18:05:02,693][flwr][INFO] - 	              (2, 0.0644),
[2024-07-08 18:05:02,693][flwr][INFO] - 	              (3, 0.0399),
[2024-07-08 18:05:02,693][flwr][INFO] - 	              (4, 0.0406),
[2024-07-08 18:05:02,693][flwr][INFO] - 	              (5, 0.0299),
[2024-07-08 18:05:02,693][flwr][INFO] - 	              (6, 0.0169),
[2024-07-08 18:05:02,693][flwr][INFO] - 	              (7, 0.0172),
[2024-07-08 18:05:02,693][flwr][INFO] - 	              (8, 0.0173),
[2024-07-08 18:05:02,693][flwr][INFO] - 	              (9, 0.0162),
[2024-07-08 18:05:02,693][flwr][INFO] - 	              (10, 0.0223)],
[2024-07-08 18:05:02,693][flwr][INFO] - 	 'confusion_matrix': [(0,
[2024-07-08 18:05:02,693][flwr][INFO] - 	                       array([[   0,    8,    0,  956,    0,    1,    0,   15,    0,    0],
[2024-07-08 18:05:02,693][flwr][INFO] - 	       [   0,  122,    0, 1013,    0,    0,    0,    0,    0,    0],
[2024-07-08 18:05:02,693][flwr][INFO] - 	       [   0,   38,    0,  971,    0,    0,    3,   19,    1,    0],
[2024-07-08 18:05:02,693][flwr][INFO] - 	       [   0,   44,    0,  945,    1,    1,    0,   17,    2,    0],
[2024-07-08 18:05:02,693][flwr][INFO] - 	       [   0,  143,    0,  816,    1,    0,    2,   20,    0,    0],
[2024-07-08 18:05:02,693][flwr][INFO] - 	       [   0,  118,    0,  735,    1,    7,    0,   30,    1,    0],
[2024-07-08 18:05:02,693][flwr][INFO] - 	       [   0,  144,    0,  749,   25,    0,    2,   38,    0,    0],
[2024-07-08 18:05:02,693][flwr][INFO] - 	       [   0,  272,    0,  724,    8,    0,    0,    9,   15,    0],
[2024-07-08 18:05:02,693][flwr][INFO] - 	       [   0,   81,    0,  859,    1,    0,    1,   32,    0,    0],
[2024-07-08 18:05:02,693][flwr][INFO] - 	       [   0,  178,    0,  799,    1,    0,    0,   31,    0,    0]])),
[2024-07-08 18:05:02,693][flwr][INFO] - 	                      (1,
[2024-07-08 18:05:02,693][flwr][INFO] - 	                       array([[  28,  914,    0,    4,    2,    0,   17,   14,    1,    0],
[2024-07-08 18:05:02,693][flwr][INFO] - 	       [   1,    0, 1116,    6,    0,    0,    3,    5,    2,    2],
[2024-07-08 18:05:02,693][flwr][INFO] - 	       [   3,   12,   24,  891,    8,    0,    5,   60,   15,   14],
[2024-07-08 18:05:02,693][flwr][INFO] - 	       [   7,    6,    2,  102,  782,    0,   63,    3,   32,   13],
[2024-07-08 18:05:02,693][flwr][INFO] - 	       [ 231,    0,    7,   17,   34,  531,   23,   97,    9,   33],
[2024-07-08 18:05:02,693][flwr][INFO] - 	       [  18,   17,    6,    2,   19,    2,  805,    8,    3,   12],
[2024-07-08 18:05:02,693][flwr][INFO] - 	       [   0,    7,    3,   12,    0,    0,   73,  861,    0,    2],
[2024-07-08 18:05:02,693][flwr][INFO] - 	       [  63,    0,   13,   31,    0,    0,    2,    2,  914,    3],
[2024-07-08 18:05:02,693][flwr][INFO] - 	       [  11,    8,   26,   43,   20,    0,  125,   14,   12,  715],
[2024-07-08 18:05:02,693][flwr][INFO] - 	       [ 855,    2,    6,    3,   12,    3,   22,    8,   63,   35]])),
[2024-07-08 18:05:02,693][flwr][INFO] - 	                      (2,
[2024-07-08 18:05:02,693][flwr][INFO] - 	                       array([[  25,  932,    1,    1,    0,    1,    6,   11,    0,    3],
[2024-07-08 18:05:02,693][flwr][INFO] - 	       [   0,    0, 1123,    4,    0,    0,    6,    0,    0,    2],
[2024-07-08 18:05:02,693][flwr][INFO] - 	       [   1,    5,   18,  975,    4,    4,    1,   12,    3,    9],
[2024-07-08 18:05:02,693][flwr][INFO] - 	       [   1,    2,    0,  171,  775,    1,   14,    0,   11,   35],
[2024-07-08 18:05:02,693][flwr][INFO] - 	       [  15,    1,    0,    5,    5,  902,   11,   19,    0,   24],
[2024-07-08 18:05:02,693][flwr][INFO] - 	       [   9,   13,    1,    6,   39,    9,  794,    3,    4,   14],
[2024-07-08 18:05:02,693][flwr][INFO] - 	       [   0,    5,    3,    0,    0,    3,  270,  675,    0,    2],
[2024-07-08 18:05:02,693][flwr][INFO] - 	       [  70,    0,   17,  112,    1,   13,    0,    2,  805,    8],
[2024-07-08 18:05:02,694][flwr][INFO] - 	       [   1,    4,   12,   35,   11,   12,   55,    6,    4,  834],
[2024-07-08 18:05:02,694][flwr][INFO] - 	       [ 789,    2,    5,    3,   10,   42,    7,    5,    6,  140]])),
[2024-07-08 18:05:02,694][flwr][INFO] - 	                      (3,
[2024-07-08 18:05:02,694][flwr][INFO] - 	                       array([[  18,  943,    1,    2,    0,    0,    1,   11,    2,    2],
[2024-07-08 18:05:02,694][flwr][INFO] - 	       [   0,    0, 1123,    4,    0,    0,    3,    2,    0,    3],
[2024-07-08 18:05:02,694][flwr][INFO] - 	       [   1,    6,   11,  992,    3,    3,    1,    6,    5,    4],
[2024-07-08 18:05:02,694][flwr][INFO] - 	       [   2,    0,    2,  193,  775,    1,    1,    0,   12,   24],
[2024-07-08 18:05:02,694][flwr][INFO] - 	       [  37,    1,    1,    3,    1,  902,    1,   28,    2,    6],
[2024-07-08 18:05:02,694][flwr][INFO] - 	       [   9,    8,    1,    7,   43,   11,  791,    4,    6,   12],
[2024-07-08 18:05:02,694][flwr][INFO] - 	       [   0,    6,    3,    0,    1,    3,  116,  827,    0,    2],
[2024-07-08 18:05:02,694][flwr][INFO] - 	       [  36,    0,   12,   65,    0,    2,    0,    3,  907,    3],
[2024-07-08 18:05:02,694][flwr][INFO] - 	       [   2,    6,    8,   30,    6,   12,   19,   11,    9,  871],
[2024-07-08 18:05:02,694][flwr][INFO] - 	       [ 915,    2,    6,    4,    9,   28,    0,    3,    5,   37]])),
[2024-07-08 18:05:02,694][flwr][INFO] - 	                      (4,
[2024-07-08 18:05:02,694][flwr][INFO] - 	                       array([[  29,  934,    1,    1,    0,    0,    3,    7,    1,    4],
[2024-07-08 18:05:02,694][flwr][INFO] - 	       [   0,    0, 1124,    4,    1,    0,    0,    1,    0,    5],
[2024-07-08 18:05:02,694][flwr][INFO] - 	       [   3,    1,   11,  997,    5,    3,    1,    3,    5,    3],
[2024-07-08 18:05:02,694][flwr][INFO] - 	       [   0,    0,    1,   66,  900,    1,    1,    0,   13,   28],
[2024-07-08 18:05:02,694][flwr][INFO] - 	       [  22,    1,    2,    6,    2,  900,    0,   21,    2,   26],
[2024-07-08 18:05:02,694][flwr][INFO] - 	       [   7,    2,    1,    4,   37,    6,  810,    3,    3,   19],
[2024-07-08 18:05:02,694][flwr][INFO] - 	       [   0,    8,    3,    0,    1,    3,  175,  766,    0,    2],
[2024-07-08 18:05:02,694][flwr][INFO] - 	       [  20,    1,   11,   44,    0,    2,    0,    3,  944,    3],
[2024-07-08 18:05:02,694][flwr][INFO] - 	       [   0,    3,    5,   21,   11,    3,   18,    1,    9,  903],
[2024-07-08 18:05:02,694][flwr][INFO] - 	       [ 860,    2,    5,    3,    8,   18,    0,    2,    6,  105]])),
[2024-07-08 18:05:02,694][flwr][INFO] - 	                      (5,
[2024-07-08 18:05:02,694][flwr][INFO] - 	                       array([[  13,  952,    0,    1,    0,    0,    1,    6,    1,    6],
[2024-07-08 18:05:02,694][flwr][INFO] - 	       [   0,    0, 1124,    4,    0,    0,    0,    2,    0,    5],
[2024-07-08 18:05:02,694][flwr][INFO] - 	       [   1,    1,   16,  995,    4,    3,    0,    3,    4,    5],
[2024-07-08 18:05:02,694][flwr][INFO] - 	       [   0,    0,    6,   74,  883,    0,    2,    0,   11,   34],
[2024-07-08 18:05:02,694][flwr][INFO] - 	       [  28,    1,    3,    5,    3,  905,    0,   15,    3,   19],
[2024-07-08 18:05:02,694][flwr][INFO] - 	       [   7,    2,    2,    4,   32,    3,  820,    4,    2,   16],
[2024-07-08 18:05:02,694][flwr][INFO] - 	       [   0,    7,    3,    0,    1,    3,   57,  884,    0,    3],
[2024-07-08 18:05:02,694][flwr][INFO] - 	       [  26,    0,   10,   48,    0,    3,    0,    2,  937,    2],
[2024-07-08 18:05:02,694][flwr][INFO] - 	       [   0,    3,    6,   13,    7,    2,    9,    4,   10,  920],
[2024-07-08 18:05:02,694][flwr][INFO] - 	       [ 854,    3,    4,    3,    5,   14,    0,    0,    5,  121]])),
[2024-07-08 18:05:02,694][flwr][INFO] - 	                      (6,
[2024-07-08 18:05:02,694][flwr][INFO] - 	                       array([[   9,  950,    0,    1,    0,    0,    3,   10,    2,    5],
[2024-07-08 18:05:02,694][flwr][INFO] - 	       [   0,    1, 1123,    4,    1,    0,    0,    1,    0,    5],
[2024-07-08 18:05:02,694][flwr][INFO] - 	       [   1,    1,    6, 1005,    7,    2,    1,    1,    3,    5],
[2024-07-08 18:05:02,694][flwr][INFO] - 	       [   0,    0,    0,   40,  943,    0,    1,    0,    6,   20],
[2024-07-08 18:05:02,694][flwr][INFO] - 	       [  12,    1,    1,    6,    4,  931,    0,   14,    2,   11],
[2024-07-08 18:05:02,694][flwr][INFO] - 	       [   6,    1,    1,    2,   36,    6,  817,    4,    4,   15],
[2024-07-08 18:05:02,694][flwr][INFO] - 	       [   0,    4,    3,    1,    1,    3,   27,  917,    0,    2],
[2024-07-08 18:05:02,694][flwr][INFO] - 	       [  14,    1,   11,   39,    3,    1,    0,    3,  956,    0],
[2024-07-08 18:05:02,694][flwr][INFO] - 	       [   1,    4,    4,   14,    8,    5,    3,    6,    4,  925],
[2024-07-08 18:05:02,694][flwr][INFO] - 	       [ 899,    3,    5,    1,    6,   21,    0,    1,    4,   69]])),
[2024-07-08 18:05:02,694][flwr][INFO] - 	                      (7,
[2024-07-08 18:05:02,694][flwr][INFO] - 	                       array([[  11,  959,    0,    1,    0,    0,    1,    3,    0,    5],
[2024-07-08 18:05:02,695][flwr][INFO] - 	       [   0,    2, 1122,    3,    2,    0,    0,    1,    0,    5],
[2024-07-08 18:05:02,695][flwr][INFO] - 	       [   1,    3,    7,  998,    2,    3,    1,    2,    9,    6],
[2024-07-08 18:05:02,695][flwr][INFO] - 	       [   0,    0,    1,   41,  914,    0,    5,    0,   12,   37],
[2024-07-08 18:05:02,695][flwr][INFO] - 	       [  14,    2,    0,    4,    1,  923,    0,   19,    2,   17],
[2024-07-08 18:05:02,695][flwr][INFO] - 	       [   5,    1,    1,    0,   21,    2,  845,    3,    3,   11],
[2024-07-08 18:05:02,695][flwr][INFO] - 	       [   0,    7,    3,    1,    1,    2,   25,  916,    0,    3],
[2024-07-08 18:05:02,695][flwr][INFO] - 	       [   7,    1,   10,   22,    0,    3,    0,    3,  980,    2],
[2024-07-08 18:05:02,695][flwr][INFO] - 	       [   0,    5,    3,    4,    6,    4,    7,    4,    7,  934],
[2024-07-08 18:05:02,695][flwr][INFO] - 	       [ 899,    2,    5,    1,    3,   22,    0,    0,    4,   73]])),
[2024-07-08 18:05:02,695][flwr][INFO] - 	                      (8,
[2024-07-08 18:05:02,695][flwr][INFO] - 	                       array([[  37,  932,    0,    2,    0,    0,    0,    3,    1,    5],
[2024-07-08 18:05:02,695][flwr][INFO] - 	       [   0,    0, 1124,    4,    0,    0,    0,    2,    0,    5],
[2024-07-08 18:05:02,695][flwr][INFO] - 	       [   1,    2,    8, 1002,    3,    0,    2,    1,    9,    4],
[2024-07-08 18:05:02,695][flwr][INFO] - 	       [   3,    0,    1,   37,  931,    0,    3,    0,    9,   26],
[2024-07-08 18:05:02,695][flwr][INFO] - 	       [  24,    1,    1,    5,    4,  921,    0,   11,    4,   11],
[2024-07-08 18:05:02,695][flwr][INFO] - 	       [   8,    2,    1,    0,   22,    3,  836,    4,    4,   12],
[2024-07-08 18:05:02,695][flwr][INFO] - 	       [   0,    6,    3,    1,    1,    2,   30,  911,    0,    4],
[2024-07-08 18:05:02,695][flwr][INFO] - 	       [  16,    0,    5,   19,    1,    0,    0,    2,  984,    1],
[2024-07-08 18:05:02,695][flwr][INFO] - 	       [   2,    1,    3,   10,    5,    4,    7,    4,   10,  928],
[2024-07-08 18:05:02,695][flwr][INFO] - 	       [ 942,    1,    5,    2,    5,    9,    0,    0,    3,   42]])),
[2024-07-08 18:05:02,695][flwr][INFO] - 	                      (9,
[2024-07-08 18:05:02,695][flwr][INFO] - 	                       array([[  17,  954,    0,    1,    0,    0,    0,    2,    1,    5],
[2024-07-08 18:05:02,695][flwr][INFO] - 	       [   0,    5, 1120,    3,    0,    1,    0,    1,    0,    5],
[2024-07-08 18:05:02,695][flwr][INFO] - 	       [   0,    2,   17,  991,    4,    1,    2,    1,    8,    6],
[2024-07-08 18:05:02,695][flwr][INFO] - 	       [   3,    1,    0,   35,  934,    0,    1,    1,    7,   28],
[2024-07-08 18:05:02,695][flwr][INFO] - 	       [  11,    3,    2,    5,    2,  935,    0,   10,    3,   11],
[2024-07-08 18:05:02,695][flwr][INFO] - 	       [  12,    4,    0,    1,   22,    7,  819,    5,    4,   18],
[2024-07-08 18:05:02,695][flwr][INFO] - 	       [   0,    6,    3,    1,    1,    2,   16,  927,    0,    2],
[2024-07-08 18:05:02,695][flwr][INFO] - 	       [  13,    1,    7,   16,    0,    2,    0,    2,  987,    0],
[2024-07-08 18:05:02,695][flwr][INFO] - 	       [   0,    2,    3,    7,    2,    4,    5,    2,    8,  941],
[2024-07-08 18:05:02,695][flwr][INFO] - 	       [ 924,    2,    3,    1,    2,   18,    0,    1,    5,   53]])),
[2024-07-08 18:05:02,695][flwr][INFO] - 	                      (10,
[2024-07-08 18:05:02,695][flwr][INFO] - 	                       array([[  15,  952,    0,    2,    0,    0,    2,    3,    1,    5],
[2024-07-08 18:05:02,695][flwr][INFO] - 	       [   0,   23, 1096,    3,    2,    1,    0,    3,    1,    6],
[2024-07-08 18:05:02,695][flwr][INFO] - 	       [   0,    1,    8, 1002,    3,    1,    2,    2,    8,    5],
[2024-07-08 18:05:02,695][flwr][INFO] - 	       [   4,    1,    1,   37,  931,    2,    2,    0,    6,   26],
[2024-07-08 18:05:02,695][flwr][INFO] - 	       [  19,    1,    0,    5,   12,  915,    0,   11,    3,   16],
[2024-07-08 18:05:02,695][flwr][INFO] - 	       [   6,    2,    1,    0,   22,    5,  834,    4,    2,   16],
[2024-07-08 18:05:02,695][flwr][INFO] - 	       [   0,    4,    3,    1,    1,    3,   24,  918,    0,    4],
[2024-07-08 18:05:02,695][flwr][INFO] - 	       [  13,    0,    4,   18,    0,    1,    0,    3,  988,    1],
[2024-07-08 18:05:02,695][flwr][INFO] - 	       [   0,    1,    2,    8,    1,    4,    6,    4,    7,  941],
[2024-07-08 18:05:02,695][flwr][INFO] - 	       [ 896,    1,    3,    0,    4,   11,    0,    1,    4,   89]]))],
[2024-07-08 18:05:02,695][flwr][INFO] - 	 'f1': [(0, 0.03553137346181725),
[2024-07-08 18:05:02,695][flwr][INFO] - 	        (1, 0.03013654735108854),
[2024-07-08 18:05:02,695][flwr][INFO] - 	        (2, 0.059165042596794254),
[2024-07-08 18:05:02,695][flwr][INFO] - 	        (3, 0.03761010745631013),
[2024-07-08 18:05:02,695][flwr][INFO] - 	        (4, 0.039307137182783614),
[2024-07-08 18:05:02,695][flwr][INFO] - 	        (5, 0.02889707799008765),
[2024-07-08 18:05:02,696][flwr][INFO] - 	        (6, 0.01667514718267664),
[2024-07-08 18:05:02,696][flwr][INFO] - 	        (7, 0.016872532758644088),
[2024-07-08 18:05:02,696][flwr][INFO] - 	        (8, 0.017081325479818218),
[2024-07-08 18:05:02,696][flwr][INFO] - 	        (9, 0.01596423932296693),
[2024-07-08 18:05:02,696][flwr][INFO] - 	        (10, 0.022014409002663386)],
[2024-07-08 18:05:02,696][flwr][INFO] - 	 'precision': [(0, 0.12349967530374152),
[2024-07-08 18:05:02,696][flwr][INFO] - 	               (1, 0.02943537947986048),
[2024-07-08 18:05:02,696][flwr][INFO] - 	               (2, 0.05498129073170101),
[2024-07-08 18:05:02,696][flwr][INFO] - 	               (3, 0.03588589483534409),
[2024-07-08 18:05:02,696][flwr][INFO] - 	               (4, 0.038142288733098544),
[2024-07-08 18:05:02,696][flwr][INFO] - 	               (5, 0.028057563209064756),
[2024-07-08 18:05:02,696][flwr][INFO] - 	               (6, 0.016503795294053564),
[2024-07-08 18:05:02,696][flwr][INFO] - 	               (7, 0.01659315772425912),
[2024-07-08 18:05:02,696][flwr][INFO] - 	               (8, 0.01689671153322368),
[2024-07-08 18:05:02,696][flwr][INFO] - 	               (9, 0.015775060409637835),
[2024-07-08 18:05:02,696][flwr][INFO] - 	               (10, 0.021815547709640015)],
[2024-07-08 18:05:02,696][flwr][INFO] - 	 'recall': [(0, 0.1086),
[2024-07-08 18:05:02,696][flwr][INFO] - 	            (1, 0.0312),
[2024-07-08 18:05:02,696][flwr][INFO] - 	            (2, 0.0644),
[2024-07-08 18:05:02,696][flwr][INFO] - 	            (3, 0.0399),
[2024-07-08 18:05:02,696][flwr][INFO] - 	            (4, 0.0406),
[2024-07-08 18:05:02,696][flwr][INFO] - 	            (5, 0.0299),
[2024-07-08 18:05:02,696][flwr][INFO] - 	            (6, 0.0169),
[2024-07-08 18:05:02,696][flwr][INFO] - 	            (7, 0.0172),
[2024-07-08 18:05:02,696][flwr][INFO] - 	            (8, 0.0173),
[2024-07-08 18:05:02,696][flwr][INFO] - 	            (9, 0.0162),
[2024-07-08 18:05:02,696][flwr][INFO] - 	            (10, 0.0223)]}
[2024-07-08 18:05:02,696][flwr][INFO] - 
