[2024-07-08 18:52:19,779][flwr][INFO] - Starting Flower simulation, config: num_rounds=10, no round_timeout
[2024-07-08 18:52:21,652][flwr][INFO] - Flower VCE: Ray initialized with resources: {'memory': 9926508544.0, 'CPU': 12.0, 'object_store_memory': 2147483648.0, 'node:__internal_head__': 1.0, 'node:127.0.0.1': 1.0}
[2024-07-08 18:52:21,652][flwr][INFO] - Optimize your simulation with Flower VCE: https://flower.ai/docs/framework/how-to-run-simulations.html
[2024-07-08 18:52:21,652][flwr][INFO] - Flower VCE: Resources for each Virtual Client: {'num_cpus': 2, 'num_gpus': 0}
[2024-07-08 18:52:21,658][flwr][INFO] - Flower VCE: Creating VirtualClientEngineActorPool with 6 actors
[2024-07-08 18:52:21,658][flwr][INFO] - [INIT]
[2024-07-08 18:52:21,658][flwr][INFO] - Requesting initial parameters from one random client
[2024-07-08 18:52:23,114][flwr][INFO] - Received initial parameters from one random client
[2024-07-08 18:52:23,114][flwr][INFO] - Evaluating initial global parameters
[2024-07-08 18:52:23,438][flwr][INFO] - initial parameters (loss, other metrics): 181.76928067207336, {'accuracy': 0.1086, 'precision': 0.12349967530374152, 'recall': 0.1086, 'f1': 0.03553137346181725, 'confusion_matrix': array([[   0,    8,    0,  956,    0,    1,    0,   15,    0,    0],
       [   0,  122,    0, 1013,    0,    0,    0,    0,    0,    0],
       [   0,   38,    0,  971,    0,    0,    3,   19,    1,    0],
       [   0,   44,    0,  945,    1,    1,    0,   17,    2,    0],
       [   0,  143,    0,  816,    1,    0,    2,   20,    0,    0],
       [   0,  118,    0,  735,    1,    7,    0,   30,    1,    0],
       [   0,  144,    0,  749,   25,    0,    2,   38,    0,    0],
       [   0,  272,    0,  724,    8,    0,    0,    9,   15,    0],
       [   0,   81,    0,  859,    1,    0,    1,   32,    0,    0],
       [   0,  178,    0,  799,    1,    0,    0,   31,    0,    0]])}
[2024-07-08 18:52:23,438][flwr][INFO] - 
[2024-07-08 18:52:23,438][flwr][INFO] - [ROUND 1]
[2024-07-08 18:52:23,439][flwr][INFO] - configure_fit: strategy sampled 10 clients (out of 10)
[2024-07-08 18:52:30,989][flwr][INFO] - aggregate_fit: received 10 results and 0 failures
[2024-07-08 18:52:30,994][flwr][WARNING] - No fit_metrics_aggregation_fn provided
[2024-07-08 18:52:31,336][flwr][INFO] - fit progress: (1, 316.238849401474, {'accuracy': 0.0086, 'precision': 0.008481474784217952, 'recall': 0.0086, 'f1': 0.008496782006879495, 'confusion_matrix': array([[   1,  957,    0,    3,    1,    0,    6,   11,    1,    0],
       [   1,    0, 1104,   13,    1,    0,    0,    3,    1,   12],
       [   4,   12,    2,  939,   14,    1,    1,   22,   12,   25],
       [   9,    4,    0,   40,  881,    0,   34,    3,   21,   18],
       [ 435,    2,    7,   19,    2,  454,    2,   50,    2,    9],
       [  11,   18,    5,    8,   28,    2,  785,   13,    6,   16],
       [   0,    8,    3,   13,    0,    1,   25,  903,    1,    4],
       [  25,    2,    5,   32,    1,    0,    1,    0,  961,    1],
       [  39,    5,    7,   21,   12,    0,   51,   20,   12,  807],
       [ 925,    7,    6,    5,    6,    1,   12,    2,   43,    2]])}, 7.897695541999999)
[2024-07-08 18:52:31,336][flwr][INFO] - configure_evaluate: no clients selected, skipping evaluation
[2024-07-08 18:52:31,336][flwr][INFO] - 
[2024-07-08 18:52:31,336][flwr][INFO] - [ROUND 2]
[2024-07-08 18:52:31,337][flwr][INFO] - configure_fit: strategy sampled 10 clients (out of 10)
[2024-07-08 18:52:37,287][flwr][INFO] - aggregate_fit: received 10 results and 0 failures
[2024-07-08 18:52:37,627][flwr][INFO] - fit progress: (2, 747.806987285614, {'accuracy': 0.0051, 'precision': 0.005200155216570574, 'recall': 0.0051, 'f1': 0.005142032894118752, 'confusion_matrix': array([[   0,  961,    0,    0,    1,    0,    4,    9,    1,    4],
       [   0,    0, 1111,    4,    2,    1,    0,    3,    0,   14],
       [   1,    7,    0,  974,   12,    9,    1,    8,    6,   14],
       [   8,    1,    0,   15,  936,    0,   18,    1,   11,   20],
       [  22,    1,    0,    4,    0,  937,    0,   12,    1,    5],
       [   8,   10,    1,    4,   20,    6,  814,    9,    2,   18],
       [   0,    8,    3,    2,    1,    9,   19,  912,    0,    4],
       [  36,    1,    6,   28,    7,   10,    0,    0,  938,    2],
       [  11,    4,    3,    5,   15,    8,    7,    9,    5,  907],
       [ 928,    8,    5,    2,   12,   40,    2,    1,    5,    6]])}, 14.188621833000001)
[2024-07-08 18:52:37,627][flwr][INFO] - configure_evaluate: no clients selected, skipping evaluation
[2024-07-08 18:52:37,627][flwr][INFO] - 
[2024-07-08 18:52:37,627][flwr][INFO] - [ROUND 3]
[2024-07-08 18:52:37,628][flwr][INFO] - configure_fit: strategy sampled 10 clients (out of 10)
[2024-07-08 18:52:43,448][flwr][INFO] - aggregate_fit: received 10 results and 0 failures
[2024-07-08 18:52:43,787][flwr][INFO] - fit progress: (3, 830.8361539840698, {'accuracy': 0.0033, 'precision': 0.0033280721980771914, 'recall': 0.0033, 'f1': 0.0033111305479466154, 'confusion_matrix': array([[   0,  962,    0,    0,    1,    0,    5,   10,    1,    1],
       [   0,    0, 1120,    3,    2,    0,    0,    3,    0,    7],
       [   1,    7,    1,  984,    9,    7,    0,    5,   10,    8],
       [   6,    0,    1,    7,  934,    1,   25,    1,   12,   23],
       [  21,    1,    0,    4,    0,  938,    1,   12,    2,    3],
       [   6,    7,    1,    3,   11,    3,  836,   11,    2,   12],
       [   0,    6,    3,    2,    1,   10,   10,  921,    0,    5],
       [  17,    1,    8,   15,   11,    4,    0,    0,  972,    0],
       [  11,    3,    3,    3,    9,    6,   11,   11,    5,  912],
       [ 936,    7,    6,    1,    9,   30,    3,    1,    9,    7]])}, 20.349060875)
[2024-07-08 18:52:43,788][flwr][INFO] - configure_evaluate: no clients selected, skipping evaluation
[2024-07-08 18:52:43,788][flwr][INFO] - 
[2024-07-08 18:52:43,788][flwr][INFO] - [ROUND 4]
[2024-07-08 18:52:43,788][flwr][INFO] - configure_fit: strategy sampled 10 clients (out of 10)
[2024-07-08 18:52:50,838][flwr][INFO] - aggregate_fit: received 10 results and 0 failures
[2024-07-08 18:52:51,174][flwr][INFO] - fit progress: (4, 904.0020122528076, {'accuracy': 0.0034, 'precision': 0.0034313758148743936, 'recall': 0.0034, 'f1': 0.0034132036457052515, 'confusion_matrix': array([[   0,  964,    1,    0,    1,    0,    4,    7,    1,    2],
       [   0,    0, 1116,    3,    2,    0,    0,    6,    0,    8],
       [   0,    4,    0,  995,    9,    4,    2,    5,    7,    6],
       [   3,    0,    1,   10,  950,    0,   13,    2,   12,   19],
       [  20,    1,    0,    6,    0,  933,    0,   14,    2,    6],
       [   6,    4,    1,    3,   12,    1,  841,   13,    1,   10],
       [   0,    6,    3,    0,    1,    6,    9,  928,    0,    5],
       [  17,    1,    7,   17,    2,    6,    0,    0,  977,    1],
       [   6,    3,    2,    3,    7,    3,    6,    9,    7,  928],
       [ 946,    5,    6,    1,   10,   24,    3,    1,    6,    7]])}, 27.735861582999995)
[2024-07-08 18:52:51,175][flwr][INFO] - configure_evaluate: no clients selected, skipping evaluation
[2024-07-08 18:52:51,175][flwr][INFO] - 
[2024-07-08 18:52:51,175][flwr][INFO] - [ROUND 5]
[2024-07-08 18:52:51,175][flwr][INFO] - configure_fit: strategy sampled 10 clients (out of 10)
[2024-07-08 18:52:57,009][flwr][INFO] - aggregate_fit: received 10 results and 0 failures
[2024-07-08 18:52:57,340][flwr][INFO] - fit progress: (5, 1029.5096836090088, {'accuracy': 0.0024, 'precision': 0.002451176357552618, 'recall': 0.0024, 'f1': 0.0024230587441157253, 'confusion_matrix': array([[   0,  967,    1,    1,    0,    0,    4,    5,    1,    1],
       [   0,    0, 1119,    3,    2,    0,    0,    2,    0,    9],
       [   0,    3,    0,  991,   13,    5,    0,    2,    8,   10],
       [   0,    0,    0,    6,  968,    0,   10,    1,    7,   18],
       [  24,    1,    0,    5,    0,  936,    0,    9,    3,    4],
       [   6,    3,    1,    3,   20,    2,  839,    6,    1,   11],
       [   0,    5,    3,    1,    1,    5,    8,  927,    0,    8],
       [  19,    1,    8,   15,    9,    5,    0,    0,  970,    1],
       [   3,    3,    0,    1,    7,    2,    3,    5,    2,  948],
       [ 961,    3,    6,    0,   12,   12,    2,    1,    6,    6]])}, 33.901938707999996)
[2024-07-08 18:52:57,341][flwr][INFO] - configure_evaluate: no clients selected, skipping evaluation
[2024-07-08 18:52:57,341][flwr][INFO] - 
[2024-07-08 18:52:57,341][flwr][INFO] - [ROUND 6]
[2024-07-08 18:52:57,341][flwr][INFO] - configure_fit: strategy sampled 10 clients (out of 10)
[2024-07-08 18:53:03,168][flwr][INFO] - aggregate_fit: received 10 results and 0 failures
[2024-07-08 18:53:03,501][flwr][INFO] - fit progress: (6, 1172.660605430603, {'accuracy': 0.0022, 'precision': 0.0022408150909770407, 'recall': 0.0022, 'f1': 0.0022179068166546623, 'confusion_matrix': array([[   1,  968,    1,    0,    0,    0,    0,    5,    1,    4],
       [   1,    0, 1119,    3,    2,    0,    0,    2,    0,    8],
       [   1,    4,    0,  994,   13,    5,    0,    2,    7,    6],
       [   0,    0,    0,    6,  977,    0,    4,    1,    3,   19],
       [  32,    1,    0,    2,    0,  937,    0,    6,    2,    2],
       [   7,    1,    1,    2,   26,    1,  830,    8,    1,   15],
       [   0,    5,    3,    0,    1,    5,    5,  932,    0,    7],
       [  29,    1,    6,   12,   14,    5,    0,    0,  960,    1],
       [   4,    2,    0,    1,    6,    2,    2,    4,    2,  951],
       [ 966,    3,    6,    0,   10,   12,    1,    1,    3,    7]])}, 40.062309917)
[2024-07-08 18:53:03,501][flwr][INFO] - configure_evaluate: no clients selected, skipping evaluation
[2024-07-08 18:53:03,501][flwr][INFO] - 
[2024-07-08 18:53:03,501][flwr][INFO] - [ROUND 7]
[2024-07-08 18:53:03,501][flwr][INFO] - configure_fit: strategy sampled 10 clients (out of 10)
[2024-07-08 18:53:09,128][flwr][INFO] - aggregate_fit: received 10 results and 0 failures
[2024-07-08 18:53:09,459][flwr][INFO] - fit progress: (7, 1260.3354387283325, {'accuracy': 0.0028, 'precision': 0.0028001782428052147, 'recall': 0.0028, 'f1': 0.002797062663399962, 'confusion_matrix': array([[   1,  966,    1,    1,    0,    0,    1,    5,    1,    4],
       [   0,    0, 1120,    2,    2,    0,    0,    2,    0,    9],
       [   1,    3,    0, 1002,    6,    4,    0,    0,    7,    9],
       [   1,    0,    1,    6,  964,    0,    7,    0,    7,   24],
       [  20,    1,    0,    3,    0,  949,    0,    4,    3,    2],
       [   6,    2,    1,    2,   17,    2,  837,    6,    1,   18],
       [   0,    5,    4,    1,    1,    6,    6,  928,    0,    7],
       [  20,    1,    7,   15,    5,    4,    0,    0,  975,    1],
       [   4,    0,    0,    2,    3,    3,    1,    4,    2,  955],
       [ 966,    2,    4,    0,    5,   13,    0,    1,    7,   11]])}, 46.020256208)
[2024-07-08 18:53:09,459][flwr][INFO] - configure_evaluate: no clients selected, skipping evaluation
[2024-07-08 18:53:09,459][flwr][INFO] - 
[2024-07-08 18:53:09,459][flwr][INFO] - [ROUND 8]
[2024-07-08 18:53:09,459][flwr][INFO] - configure_fit: strategy sampled 10 clients (out of 10)
[2024-07-08 18:53:15,312][flwr][INFO] - aggregate_fit: received 10 results and 0 failures
[2024-07-08 18:53:15,648][flwr][INFO] - fit progress: (8, 1304.093861579895, {'accuracy': 0.0021, 'precision': 0.002097085543658826, 'recall': 0.0021, 'f1': 0.0020968313011025344, 'confusion_matrix': array([[   0,  967,    0,    0,    0,    0,    2,    5,    1,    5],
       [   0,    0, 1113,    3,    2,    0,    0,    2,    0,   15],
       [   2,    4,    0,  994,   11,    2,    1,    0,    7,   11],
       [   1,    0,    1,    3,  968,    0,   10,    1,    4,   22],
       [  22,    1,    0,    3,    0,  947,    0,    4,    2,    3],
       [   5,    2,    0,    2,   12,    1,  850,    7,    1,   12],
       [   0,    4,    4,    1,    1,    5,    5,  928,    0,   10],
       [  19,    0,    7,   12,    9,    3,    1,    0,  975,    2],
       [   2,    0,    0,    0,    4,    2,    2,    4,    2,  958],
       [ 968,    3,    4,    0,    8,   10,    1,    0,    5,   10]])}, 52.210021833)
[2024-07-08 18:53:15,649][flwr][INFO] - configure_evaluate: no clients selected, skipping evaluation
[2024-07-08 18:53:15,649][flwr][INFO] - 
[2024-07-08 18:53:15,649][flwr][INFO] - [ROUND 9]
[2024-07-08 18:53:15,649][flwr][INFO] - configure_fit: strategy sampled 10 clients (out of 10)
[2024-07-08 18:53:22,038][flwr][INFO] - aggregate_fit: received 10 results and 0 failures
[2024-07-08 18:53:22,375][flwr][INFO] - fit progress: (9, 1400.7696285247803, {'accuracy': 0.002, 'precision': 0.0020099561032927127, 'recall': 0.002, 'f1': 0.002002217968634276, 'confusion_matrix': array([[   3,  965,    0,    0,    0,    1,    0,    5,    1,    5],
       [   0,    0, 1113,    4,    2,    0,    0,    2,    1,   13],
       [   2,    5,    0,  994,   10,    2,    0,    2,    6,   11],
       [   6,    1,    0,    2,  975,    0,    5,    0,    3,   18],
       [  39,    1,    0,    4,    0,  928,    0,    5,    2,    3],
       [   8,    5,    0,    0,   17,    1,  837,   10,    0,   14],
       [   0,    5,    3,    0,    1,    3,    5,  933,    0,    8],
       [  27,    1,    6,   13,    8,    3,    0,    0,  966,    4],
       [   6,    2,    0,    1,    1,    2,    1,    3,    2,  956],
       [ 978,    2,    3,    0,    7,    6,    0,    1,    5,    7]])}, 58.936388917)
[2024-07-08 18:53:22,375][flwr][INFO] - configure_evaluate: no clients selected, skipping evaluation
[2024-07-08 18:53:22,375][flwr][INFO] - 
[2024-07-08 18:53:22,375][flwr][INFO] - [ROUND 10]
[2024-07-08 18:53:22,376][flwr][INFO] - configure_fit: strategy sampled 10 clients (out of 10)
[2024-07-08 18:53:27,944][flwr][INFO] - aggregate_fit: received 10 results and 0 failures
[2024-07-08 18:53:28,280][flwr][INFO] - fit progress: (10, 1400.3138227462769, {'accuracy': 0.0029, 'precision': 0.002815277259868012, 'recall': 0.0029, 'f1': 0.0028535621412724963, 'confusion_matrix': array([[   3,  961,    0,    0,    0,    1,    1,    7,    1,    6],
       [   0,    0, 1113,    3,    2,    0,    0,    1,    0,   16],
       [   1,    4,    0,  988,   11,    5,    0,    4,    6,   13],
       [   5,    1,    1,    3,  947,    1,   13,    0,    5,   34],
       [  16,    1,    0,    1,    0,  954,    0,    6,    0,    4],
       [   6,    4,    0,    0,    8,    1,  842,    7,    0,   24],
       [   0,    5,    3,    0,    0,    3,    5,  932,    0,   10],
       [  22,    1,    8,   10,    5,    5,    0,    0,  970,    7],
       [   3,    3,    0,    1,    1,    2,    1,    2,    1,  960],
       [ 962,    3,    4,    0,    4,   13,    1,    1,    5,   16]])}, 64.841331875)
[2024-07-08 18:53:28,280][flwr][INFO] - configure_evaluate: no clients selected, skipping evaluation
[2024-07-08 18:53:28,281][flwr][INFO] - 
[2024-07-08 18:53:28,281][flwr][INFO] - [SUMMARY]
[2024-07-08 18:53:28,281][flwr][INFO] - Run finished 10 round(s) in 64.84s
[2024-07-08 18:53:28,284][flwr][INFO] - 	History (loss, centralized):
[2024-07-08 18:53:28,285][flwr][INFO] - 		round 0: 181.76928067207336
[2024-07-08 18:53:28,285][flwr][INFO] - 		round 1: 316.238849401474
[2024-07-08 18:53:28,285][flwr][INFO] - 		round 2: 747.806987285614
[2024-07-08 18:53:28,285][flwr][INFO] - 		round 3: 830.8361539840698
[2024-07-08 18:53:28,285][flwr][INFO] - 		round 4: 904.0020122528076
[2024-07-08 18:53:28,285][flwr][INFO] - 		round 5: 1029.5096836090088
[2024-07-08 18:53:28,285][flwr][INFO] - 		round 6: 1172.660605430603
[2024-07-08 18:53:28,285][flwr][INFO] - 		round 7: 1260.3354387283325
[2024-07-08 18:53:28,285][flwr][INFO] - 		round 8: 1304.093861579895
[2024-07-08 18:53:28,285][flwr][INFO] - 		round 9: 1400.7696285247803
[2024-07-08 18:53:28,285][flwr][INFO] - 		round 10: 1400.3138227462769
[2024-07-08 18:53:28,285][flwr][INFO] - 	History (metrics, centralized):
[2024-07-08 18:53:28,285][flwr][INFO] - 	{'accuracy': [(0, 0.1086),
[2024-07-08 18:53:28,285][flwr][INFO] - 	              (1, 0.0086),
[2024-07-08 18:53:28,285][flwr][INFO] - 	              (2, 0.0051),
[2024-07-08 18:53:28,285][flwr][INFO] - 	              (3, 0.0033),
[2024-07-08 18:53:28,285][flwr][INFO] - 	              (4, 0.0034),
[2024-07-08 18:53:28,285][flwr][INFO] - 	              (5, 0.0024),
[2024-07-08 18:53:28,285][flwr][INFO] - 	              (6, 0.0022),
[2024-07-08 18:53:28,285][flwr][INFO] - 	              (7, 0.0028),
[2024-07-08 18:53:28,285][flwr][INFO] - 	              (8, 0.0021),
[2024-07-08 18:53:28,285][flwr][INFO] - 	              (9, 0.002),
[2024-07-08 18:53:28,285][flwr][INFO] - 	              (10, 0.0029)],
[2024-07-08 18:53:28,285][flwr][INFO] - 	 'confusion_matrix': [(0,
[2024-07-08 18:53:28,285][flwr][INFO] - 	                       array([[   0,    8,    0,  956,    0,    1,    0,   15,    0,    0],
[2024-07-08 18:53:28,285][flwr][INFO] - 	       [   0,  122,    0, 1013,    0,    0,    0,    0,    0,    0],
[2024-07-08 18:53:28,285][flwr][INFO] - 	       [   0,   38,    0,  971,    0,    0,    3,   19,    1,    0],
[2024-07-08 18:53:28,285][flwr][INFO] - 	       [   0,   44,    0,  945,    1,    1,    0,   17,    2,    0],
[2024-07-08 18:53:28,285][flwr][INFO] - 	       [   0,  143,    0,  816,    1,    0,    2,   20,    0,    0],
[2024-07-08 18:53:28,285][flwr][INFO] - 	       [   0,  118,    0,  735,    1,    7,    0,   30,    1,    0],
[2024-07-08 18:53:28,285][flwr][INFO] - 	       [   0,  144,    0,  749,   25,    0,    2,   38,    0,    0],
[2024-07-08 18:53:28,285][flwr][INFO] - 	       [   0,  272,    0,  724,    8,    0,    0,    9,   15,    0],
[2024-07-08 18:53:28,285][flwr][INFO] - 	       [   0,   81,    0,  859,    1,    0,    1,   32,    0,    0],
[2024-07-08 18:53:28,285][flwr][INFO] - 	       [   0,  178,    0,  799,    1,    0,    0,   31,    0,    0]])),
[2024-07-08 18:53:28,285][flwr][INFO] - 	                      (1,
[2024-07-08 18:53:28,285][flwr][INFO] - 	                       array([[   1,  957,    0,    3,    1,    0,    6,   11,    1,    0],
[2024-07-08 18:53:28,285][flwr][INFO] - 	       [   1,    0, 1104,   13,    1,    0,    0,    3,    1,   12],
[2024-07-08 18:53:28,285][flwr][INFO] - 	       [   4,   12,    2,  939,   14,    1,    1,   22,   12,   25],
[2024-07-08 18:53:28,285][flwr][INFO] - 	       [   9,    4,    0,   40,  881,    0,   34,    3,   21,   18],
[2024-07-08 18:53:28,285][flwr][INFO] - 	       [ 435,    2,    7,   19,    2,  454,    2,   50,    2,    9],
[2024-07-08 18:53:28,285][flwr][INFO] - 	       [  11,   18,    5,    8,   28,    2,  785,   13,    6,   16],
[2024-07-08 18:53:28,285][flwr][INFO] - 	       [   0,    8,    3,   13,    0,    1,   25,  903,    1,    4],
[2024-07-08 18:53:28,285][flwr][INFO] - 	       [  25,    2,    5,   32,    1,    0,    1,    0,  961,    1],
[2024-07-08 18:53:28,285][flwr][INFO] - 	       [  39,    5,    7,   21,   12,    0,   51,   20,   12,  807],
[2024-07-08 18:53:28,285][flwr][INFO] - 	       [ 925,    7,    6,    5,    6,    1,   12,    2,   43,    2]])),
[2024-07-08 18:53:28,285][flwr][INFO] - 	                      (2,
[2024-07-08 18:53:28,286][flwr][INFO] - 	                       array([[   0,  961,    0,    0,    1,    0,    4,    9,    1,    4],
[2024-07-08 18:53:28,286][flwr][INFO] - 	       [   0,    0, 1111,    4,    2,    1,    0,    3,    0,   14],
[2024-07-08 18:53:28,286][flwr][INFO] - 	       [   1,    7,    0,  974,   12,    9,    1,    8,    6,   14],
[2024-07-08 18:53:28,286][flwr][INFO] - 	       [   8,    1,    0,   15,  936,    0,   18,    1,   11,   20],
[2024-07-08 18:53:28,286][flwr][INFO] - 	       [  22,    1,    0,    4,    0,  937,    0,   12,    1,    5],
[2024-07-08 18:53:28,286][flwr][INFO] - 	       [   8,   10,    1,    4,   20,    6,  814,    9,    2,   18],
[2024-07-08 18:53:28,286][flwr][INFO] - 	       [   0,    8,    3,    2,    1,    9,   19,  912,    0,    4],
[2024-07-08 18:53:28,286][flwr][INFO] - 	       [  36,    1,    6,   28,    7,   10,    0,    0,  938,    2],
[2024-07-08 18:53:28,286][flwr][INFO] - 	       [  11,    4,    3,    5,   15,    8,    7,    9,    5,  907],
[2024-07-08 18:53:28,286][flwr][INFO] - 	       [ 928,    8,    5,    2,   12,   40,    2,    1,    5,    6]])),
[2024-07-08 18:53:28,286][flwr][INFO] - 	                      (3,
[2024-07-08 18:53:28,286][flwr][INFO] - 	                       array([[   0,  962,    0,    0,    1,    0,    5,   10,    1,    1],
[2024-07-08 18:53:28,286][flwr][INFO] - 	       [   0,    0, 1120,    3,    2,    0,    0,    3,    0,    7],
[2024-07-08 18:53:28,286][flwr][INFO] - 	       [   1,    7,    1,  984,    9,    7,    0,    5,   10,    8],
[2024-07-08 18:53:28,286][flwr][INFO] - 	       [   6,    0,    1,    7,  934,    1,   25,    1,   12,   23],
[2024-07-08 18:53:28,286][flwr][INFO] - 	       [  21,    1,    0,    4,    0,  938,    1,   12,    2,    3],
[2024-07-08 18:53:28,286][flwr][INFO] - 	       [   6,    7,    1,    3,   11,    3,  836,   11,    2,   12],
[2024-07-08 18:53:28,286][flwr][INFO] - 	       [   0,    6,    3,    2,    1,   10,   10,  921,    0,    5],
[2024-07-08 18:53:28,286][flwr][INFO] - 	       [  17,    1,    8,   15,   11,    4,    0,    0,  972,    0],
[2024-07-08 18:53:28,286][flwr][INFO] - 	       [  11,    3,    3,    3,    9,    6,   11,   11,    5,  912],
[2024-07-08 18:53:28,286][flwr][INFO] - 	       [ 936,    7,    6,    1,    9,   30,    3,    1,    9,    7]])),
[2024-07-08 18:53:28,286][flwr][INFO] - 	                      (4,
[2024-07-08 18:53:28,286][flwr][INFO] - 	                       array([[   0,  964,    1,    0,    1,    0,    4,    7,    1,    2],
[2024-07-08 18:53:28,286][flwr][INFO] - 	       [   0,    0, 1116,    3,    2,    0,    0,    6,    0,    8],
[2024-07-08 18:53:28,286][flwr][INFO] - 	       [   0,    4,    0,  995,    9,    4,    2,    5,    7,    6],
[2024-07-08 18:53:28,286][flwr][INFO] - 	       [   3,    0,    1,   10,  950,    0,   13,    2,   12,   19],
[2024-07-08 18:53:28,286][flwr][INFO] - 	       [  20,    1,    0,    6,    0,  933,    0,   14,    2,    6],
[2024-07-08 18:53:28,286][flwr][INFO] - 	       [   6,    4,    1,    3,   12,    1,  841,   13,    1,   10],
[2024-07-08 18:53:28,286][flwr][INFO] - 	       [   0,    6,    3,    0,    1,    6,    9,  928,    0,    5],
[2024-07-08 18:53:28,286][flwr][INFO] - 	       [  17,    1,    7,   17,    2,    6,    0,    0,  977,    1],
[2024-07-08 18:53:28,286][flwr][INFO] - 	       [   6,    3,    2,    3,    7,    3,    6,    9,    7,  928],
[2024-07-08 18:53:28,286][flwr][INFO] - 	       [ 946,    5,    6,    1,   10,   24,    3,    1,    6,    7]])),
[2024-07-08 18:53:28,286][flwr][INFO] - 	                      (5,
[2024-07-08 18:53:28,286][flwr][INFO] - 	                       array([[   0,  967,    1,    1,    0,    0,    4,    5,    1,    1],
[2024-07-08 18:53:28,286][flwr][INFO] - 	       [   0,    0, 1119,    3,    2,    0,    0,    2,    0,    9],
[2024-07-08 18:53:28,286][flwr][INFO] - 	       [   0,    3,    0,  991,   13,    5,    0,    2,    8,   10],
[2024-07-08 18:53:28,286][flwr][INFO] - 	       [   0,    0,    0,    6,  968,    0,   10,    1,    7,   18],
[2024-07-08 18:53:28,286][flwr][INFO] - 	       [  24,    1,    0,    5,    0,  936,    0,    9,    3,    4],
[2024-07-08 18:53:28,286][flwr][INFO] - 	       [   6,    3,    1,    3,   20,    2,  839,    6,    1,   11],
[2024-07-08 18:53:28,286][flwr][INFO] - 	       [   0,    5,    3,    1,    1,    5,    8,  927,    0,    8],
[2024-07-08 18:53:28,286][flwr][INFO] - 	       [  19,    1,    8,   15,    9,    5,    0,    0,  970,    1],
[2024-07-08 18:53:28,286][flwr][INFO] - 	       [   3,    3,    0,    1,    7,    2,    3,    5,    2,  948],
[2024-07-08 18:53:28,286][flwr][INFO] - 	       [ 961,    3,    6,    0,   12,   12,    2,    1,    6,    6]])),
[2024-07-08 18:53:28,286][flwr][INFO] - 	                      (6,
[2024-07-08 18:53:28,286][flwr][INFO] - 	                       array([[   1,  968,    1,    0,    0,    0,    0,    5,    1,    4],
[2024-07-08 18:53:28,286][flwr][INFO] - 	       [   1,    0, 1119,    3,    2,    0,    0,    2,    0,    8],
[2024-07-08 18:53:28,286][flwr][INFO] - 	       [   1,    4,    0,  994,   13,    5,    0,    2,    7,    6],
[2024-07-08 18:53:28,286][flwr][INFO] - 	       [   0,    0,    0,    6,  977,    0,    4,    1,    3,   19],
[2024-07-08 18:53:28,286][flwr][INFO] - 	       [  32,    1,    0,    2,    0,  937,    0,    6,    2,    2],
[2024-07-08 18:53:28,287][flwr][INFO] - 	       [   7,    1,    1,    2,   26,    1,  830,    8,    1,   15],
[2024-07-08 18:53:28,287][flwr][INFO] - 	       [   0,    5,    3,    0,    1,    5,    5,  932,    0,    7],
[2024-07-08 18:53:28,287][flwr][INFO] - 	       [  29,    1,    6,   12,   14,    5,    0,    0,  960,    1],
[2024-07-08 18:53:28,287][flwr][INFO] - 	       [   4,    2,    0,    1,    6,    2,    2,    4,    2,  951],
[2024-07-08 18:53:28,287][flwr][INFO] - 	       [ 966,    3,    6,    0,   10,   12,    1,    1,    3,    7]])),
[2024-07-08 18:53:28,287][flwr][INFO] - 	                      (7,
[2024-07-08 18:53:28,287][flwr][INFO] - 	                       array([[   1,  966,    1,    1,    0,    0,    1,    5,    1,    4],
[2024-07-08 18:53:28,287][flwr][INFO] - 	       [   0,    0, 1120,    2,    2,    0,    0,    2,    0,    9],
[2024-07-08 18:53:28,287][flwr][INFO] - 	       [   1,    3,    0, 1002,    6,    4,    0,    0,    7,    9],
[2024-07-08 18:53:28,287][flwr][INFO] - 	       [   1,    0,    1,    6,  964,    0,    7,    0,    7,   24],
[2024-07-08 18:53:28,287][flwr][INFO] - 	       [  20,    1,    0,    3,    0,  949,    0,    4,    3,    2],
[2024-07-08 18:53:28,287][flwr][INFO] - 	       [   6,    2,    1,    2,   17,    2,  837,    6,    1,   18],
[2024-07-08 18:53:28,287][flwr][INFO] - 	       [   0,    5,    4,    1,    1,    6,    6,  928,    0,    7],
[2024-07-08 18:53:28,287][flwr][INFO] - 	       [  20,    1,    7,   15,    5,    4,    0,    0,  975,    1],
[2024-07-08 18:53:28,287][flwr][INFO] - 	       [   4,    0,    0,    2,    3,    3,    1,    4,    2,  955],
[2024-07-08 18:53:28,287][flwr][INFO] - 	       [ 966,    2,    4,    0,    5,   13,    0,    1,    7,   11]])),
[2024-07-08 18:53:28,287][flwr][INFO] - 	                      (8,
[2024-07-08 18:53:28,287][flwr][INFO] - 	                       array([[   0,  967,    0,    0,    0,    0,    2,    5,    1,    5],
[2024-07-08 18:53:28,287][flwr][INFO] - 	       [   0,    0, 1113,    3,    2,    0,    0,    2,    0,   15],
[2024-07-08 18:53:28,287][flwr][INFO] - 	       [   2,    4,    0,  994,   11,    2,    1,    0,    7,   11],
[2024-07-08 18:53:28,287][flwr][INFO] - 	       [   1,    0,    1,    3,  968,    0,   10,    1,    4,   22],
[2024-07-08 18:53:28,287][flwr][INFO] - 	       [  22,    1,    0,    3,    0,  947,    0,    4,    2,    3],
[2024-07-08 18:53:28,287][flwr][INFO] - 	       [   5,    2,    0,    2,   12,    1,  850,    7,    1,   12],
[2024-07-08 18:53:28,287][flwr][INFO] - 	       [   0,    4,    4,    1,    1,    5,    5,  928,    0,   10],
[2024-07-08 18:53:28,287][flwr][INFO] - 	       [  19,    0,    7,   12,    9,    3,    1,    0,  975,    2],
[2024-07-08 18:53:28,287][flwr][INFO] - 	       [   2,    0,    0,    0,    4,    2,    2,    4,    2,  958],
[2024-07-08 18:53:28,287][flwr][INFO] - 	       [ 968,    3,    4,    0,    8,   10,    1,    0,    5,   10]])),
[2024-07-08 18:53:28,287][flwr][INFO] - 	                      (9,
[2024-07-08 18:53:28,287][flwr][INFO] - 	                       array([[   3,  965,    0,    0,    0,    1,    0,    5,    1,    5],
[2024-07-08 18:53:28,287][flwr][INFO] - 	       [   0,    0, 1113,    4,    2,    0,    0,    2,    1,   13],
[2024-07-08 18:53:28,287][flwr][INFO] - 	       [   2,    5,    0,  994,   10,    2,    0,    2,    6,   11],
[2024-07-08 18:53:28,287][flwr][INFO] - 	       [   6,    1,    0,    2,  975,    0,    5,    0,    3,   18],
[2024-07-08 18:53:28,287][flwr][INFO] - 	       [  39,    1,    0,    4,    0,  928,    0,    5,    2,    3],
[2024-07-08 18:53:28,287][flwr][INFO] - 	       [   8,    5,    0,    0,   17,    1,  837,   10,    0,   14],
[2024-07-08 18:53:28,287][flwr][INFO] - 	       [   0,    5,    3,    0,    1,    3,    5,  933,    0,    8],
[2024-07-08 18:53:28,287][flwr][INFO] - 	       [  27,    1,    6,   13,    8,    3,    0,    0,  966,    4],
[2024-07-08 18:53:28,287][flwr][INFO] - 	       [   6,    2,    0,    1,    1,    2,    1,    3,    2,  956],
[2024-07-08 18:53:28,287][flwr][INFO] - 	       [ 978,    2,    3,    0,    7,    6,    0,    1,    5,    7]])),
[2024-07-08 18:53:28,287][flwr][INFO] - 	                      (10,
[2024-07-08 18:53:28,287][flwr][INFO] - 	                       array([[   3,  961,    0,    0,    0,    1,    1,    7,    1,    6],
[2024-07-08 18:53:28,287][flwr][INFO] - 	       [   0,    0, 1113,    3,    2,    0,    0,    1,    0,   16],
[2024-07-08 18:53:28,287][flwr][INFO] - 	       [   1,    4,    0,  988,   11,    5,    0,    4,    6,   13],
[2024-07-08 18:53:28,287][flwr][INFO] - 	       [   5,    1,    1,    3,  947,    1,   13,    0,    5,   34],
[2024-07-08 18:53:28,287][flwr][INFO] - 	       [  16,    1,    0,    1,    0,  954,    0,    6,    0,    4],
[2024-07-08 18:53:28,287][flwr][INFO] - 	       [   6,    4,    0,    0,    8,    1,  842,    7,    0,   24],
[2024-07-08 18:53:28,287][flwr][INFO] - 	       [   0,    5,    3,    0,    0,    3,    5,  932,    0,   10],
[2024-07-08 18:53:28,287][flwr][INFO] - 	       [  22,    1,    8,   10,    5,    5,    0,    0,  970,    7],
[2024-07-08 18:53:28,287][flwr][INFO] - 	       [   3,    3,    0,    1,    1,    2,    1,    2,    1,  960],
[2024-07-08 18:53:28,287][flwr][INFO] - 	       [ 962,    3,    4,    0,    4,   13,    1,    1,    5,   16]]))],
[2024-07-08 18:53:28,287][flwr][INFO] - 	 'f1': [(0, 0.03553137346181725),
[2024-07-08 18:53:28,288][flwr][INFO] - 	        (1, 0.008496782006879495),
[2024-07-08 18:53:28,288][flwr][INFO] - 	        (2, 0.005142032894118752),
[2024-07-08 18:53:28,288][flwr][INFO] - 	        (3, 0.0033111305479466154),
[2024-07-08 18:53:28,288][flwr][INFO] - 	        (4, 0.0034132036457052515),
[2024-07-08 18:53:28,288][flwr][INFO] - 	        (5, 0.0024230587441157253),
[2024-07-08 18:53:28,288][flwr][INFO] - 	        (6, 0.0022179068166546623),
[2024-07-08 18:53:28,288][flwr][INFO] - 	        (7, 0.002797062663399962),
[2024-07-08 18:53:28,288][flwr][INFO] - 	        (8, 0.0020968313011025344),
[2024-07-08 18:53:28,288][flwr][INFO] - 	        (9, 0.002002217968634276),
[2024-07-08 18:53:28,288][flwr][INFO] - 	        (10, 0.0028535621412724963)],
[2024-07-08 18:53:28,288][flwr][INFO] - 	 'precision': [(0, 0.12349967530374152),
[2024-07-08 18:53:28,288][flwr][INFO] - 	               (1, 0.008481474784217952),
[2024-07-08 18:53:28,288][flwr][INFO] - 	               (2, 0.005200155216570574),
[2024-07-08 18:53:28,288][flwr][INFO] - 	               (3, 0.0033280721980771914),
[2024-07-08 18:53:28,288][flwr][INFO] - 	               (4, 0.0034313758148743936),
[2024-07-08 18:53:28,288][flwr][INFO] - 	               (5, 0.002451176357552618),
[2024-07-08 18:53:28,288][flwr][INFO] - 	               (6, 0.0022408150909770407),
[2024-07-08 18:53:28,288][flwr][INFO] - 	               (7, 0.0028001782428052147),
[2024-07-08 18:53:28,288][flwr][INFO] - 	               (8, 0.002097085543658826),
[2024-07-08 18:53:28,288][flwr][INFO] - 	               (9, 0.0020099561032927127),
[2024-07-08 18:53:28,288][flwr][INFO] - 	               (10, 0.002815277259868012)],
[2024-07-08 18:53:28,288][flwr][INFO] - 	 'recall': [(0, 0.1086),
[2024-07-08 18:53:28,288][flwr][INFO] - 	            (1, 0.0086),
[2024-07-08 18:53:28,288][flwr][INFO] - 	            (2, 0.0051),
[2024-07-08 18:53:28,288][flwr][INFO] - 	            (3, 0.0033),
[2024-07-08 18:53:28,288][flwr][INFO] - 	            (4, 0.0034),
[2024-07-08 18:53:28,288][flwr][INFO] - 	            (5, 0.0024),
[2024-07-08 18:53:28,288][flwr][INFO] - 	            (6, 0.0022),
[2024-07-08 18:53:28,288][flwr][INFO] - 	            (7, 0.0028),
[2024-07-08 18:53:28,288][flwr][INFO] - 	            (8, 0.0021),
[2024-07-08 18:53:28,288][flwr][INFO] - 	            (9, 0.002),
[2024-07-08 18:53:28,288][flwr][INFO] - 	            (10, 0.0029)]}
[2024-07-08 18:53:28,288][flwr][INFO] - 
