[2024-06-21 14:00:51,112][flwr][INFO] - Starting Flower simulation, config: num_rounds=10, no round_timeout
[2024-06-21 14:00:53,006][flwr][INFO] - Flower VCE: Ray initialized with resources: {'memory': 9976112743.0, 'CPU': 12.0, 'node:127.0.0.1': 1.0, 'object_store_memory': 2147483648.0, 'node:__internal_head__': 1.0}
[2024-06-21 14:00:53,006][flwr][INFO] - Optimize your simulation with Flower VCE: https://flower.ai/docs/framework/how-to-run-simulations.html
[2024-06-21 14:00:53,006][flwr][INFO] - Flower VCE: Resources for each Virtual Client: {'num_cpus': 2, 'num_gpus': 0}
[2024-06-21 14:00:53,012][flwr][INFO] - Flower VCE: Creating VirtualClientEngineActorPool with 6 actors
[2024-06-21 14:00:53,012][flwr][INFO] - [INIT]
[2024-06-21 14:00:53,012][flwr][INFO] - Requesting initial parameters from one random client
[2024-06-21 14:00:54,506][flwr][INFO] - Received initial parameters from one random client
[2024-06-21 14:00:54,506][flwr][INFO] - Evaluating initial global parameters
[2024-06-21 14:00:54,837][flwr][INFO] - initial parameters (loss, other metrics): 181.76928067207336, {'accuracy': 0.1086, 'precision': 0.12349967530374152, 'recall': 0.1086, 'f1': 0.03553137346181725, 'confusion_matrix': array([[   0,    8,    0,  956,    0,    1,    0,   15,    0,    0],
       [   0,  122,    0, 1013,    0,    0,    0,    0,    0,    0],
       [   0,   38,    0,  971,    0,    0,    3,   19,    1,    0],
       [   0,   44,    0,  945,    1,    1,    0,   17,    2,    0],
       [   0,  143,    0,  816,    1,    0,    2,   20,    0,    0],
       [   0,  118,    0,  735,    1,    7,    0,   30,    1,    0],
       [   0,  144,    0,  749,   25,    0,    2,   38,    0,    0],
       [   0,  272,    0,  724,    8,    0,    0,    9,   15,    0],
       [   0,   81,    0,  859,    1,    0,    1,   32,    0,    0],
       [   0,  178,    0,  799,    1,    0,    0,   31,    0,    0]])}
[2024-06-21 14:00:54,837][flwr][INFO] - 
[2024-06-21 14:00:54,838][flwr][INFO] - [ROUND 1]
[2024-06-21 14:00:54,838][flwr][INFO] - configure_fit: strategy sampled 10 clients (out of 100)
[2024-06-21 14:01:01,691][flwr][INFO] - aggregate_fit: received 10 results and 0 failures
[2024-06-21 14:01:01,697][flwr][WARNING] - No fit_metrics_aggregation_fn provided
[2024-06-21 14:01:02,024][flwr][INFO] - fit progress: (1, 255.02708101272583, {'accuracy': 0.0291, 'precision': 0.04756668108300724, 'recall': 0.0291, 'f1': 0.026199948321045885, 'confusion_matrix': array([[  57,  663,    1,   10,    1,    1,   69,  153,    3,   22],
       [   1,    0, 1117,    2,    1,    0,    0,    6,    1,    7],
       [  10,    6,   95,  700,    9,    0,    1,  124,   35,   52],
       [  15,    0,   37,   52,  684,    0,   17,   35,   52,  118],
       [ 849,    1,   17,    2,    1,    2,    7,   81,   14,    8],
       [ 166,    6,   63,    6,  111,    1,  375,   66,   30,   68],
       [   3,    3,   21,    8,    0,    0,   18,  904,    1,    0],
       [  53,    0,   31,    7,    0,    0,    1,    2,  922,   12],
       [  43,    1,   46,    8,   35,    0,   17,   53,   50,  721],
       [ 847,    1,    7,    2,    5,    0,    2,   12,  118,   15]])}, 7.186298333)
[2024-06-21 14:01:02,024][flwr][INFO] - configure_evaluate: no clients selected, skipping evaluation
[2024-06-21 14:01:02,024][flwr][INFO] - 
[2024-06-21 14:01:02,024][flwr][INFO] - [ROUND 2]
[2024-06-21 14:01:02,025][flwr][INFO] - configure_fit: strategy sampled 10 clients (out of 100)
[2024-06-21 14:01:07,532][flwr][INFO] - aggregate_fit: received 10 results and 0 failures
[2024-06-21 14:01:07,891][flwr][INFO] - fit progress: (2, 338.67387342453003, {'accuracy': 0.0284, 'precision': 0.027309243995606358, 'recall': 0.0284, 'f1': 0.027571082442978796, 'confusion_matrix': array([[  20,  871,    1,    6,    2,    0,   40,   15,    1,   24],
       [   1,    0, 1120,    3,    1,    0,    0,    3,    0,    7],
       [  11,    5,   90,  822,    8,    8,    3,   31,   14,   40],
       [   4,    2,   15,   71,  817,    0,   16,    0,   21,   64],
       [ 284,    0,    5,    1,    0,  641,   15,   19,    1,   16],
       [  47,   12,   22,   18,   89,    5,  629,    3,    3,   64],
       [   0,    5,   11,   12,    1,    5,   64,  856,    0,    4],
       [ 165,    0,   33,   13,    1,    8,    0,    0,  794,   14],
       [  26,    5,   49,   12,   32,    2,   31,   10,    9,  798],
       [ 927,    2,    6,    3,   10,    9,   10,    3,   14,   25]])}, 13.053666166)
[2024-06-21 14:01:07,891][flwr][INFO] - configure_evaluate: no clients selected, skipping evaluation
[2024-06-21 14:01:07,892][flwr][INFO] - 
[2024-06-21 14:01:07,892][flwr][INFO] - [ROUND 3]
[2024-06-21 14:01:07,892][flwr][INFO] - configure_fit: strategy sampled 10 clients (out of 100)
[2024-06-21 14:01:13,326][flwr][INFO] - aggregate_fit: received 10 results and 0 failures
[2024-06-21 14:01:13,701][flwr][INFO] - fit progress: (3, 290.8575541973114, {'accuracy': 0.0229, 'precision': 0.022464629155006126, 'recall': 0.0229, 'f1': 0.022629389616642057, 'confusion_matrix': array([[  21,  891,    0,    2,    3,    2,   31,   15,    1,   14],
       [   0,    0, 1109,    5,    1,    1,    2,    4,    2,   11],
       [  10,    7,   48,  849,   17,   19,    2,   28,   17,   35],
       [   5,    3,    3,   39,  870,    0,   30,    2,   23,   35],
       [  64,    0,    0,    1,    4,  872,    8,   17,    1,   15],
       [  26,   11,   10,    4,   59,   18,  717,    7,    4,   36],
       [   0,    4,    4,    5,    0,   10,   60,  872,    0,    3],
       [  97,    0,   17,   15,    7,   11,    0,    0,  873,    8],
       [  12,    2,   17,   10,   45,    8,   46,   12,   11,  811],
       [ 887,    2,    4,    3,   12,   41,   11,    2,   19,   28]])}, 18.863953041)
[2024-06-21 14:01:13,702][flwr][INFO] - configure_evaluate: no clients selected, skipping evaluation
[2024-06-21 14:01:13,702][flwr][INFO] - 
[2024-06-21 14:01:13,702][flwr][INFO] - [ROUND 4]
[2024-06-21 14:01:13,702][flwr][INFO] - configure_fit: strategy sampled 10 clients (out of 100)
[2024-06-21 14:01:19,203][flwr][INFO] - aggregate_fit: received 10 results and 0 failures
[2024-06-21 14:01:19,571][flwr][INFO] - fit progress: (4, 293.97926235198975, {'accuracy': 0.032, 'precision': 0.030274179796361055, 'recall': 0.032, 'f1': 0.03097328319581877, 'confusion_matrix': array([[  27,  928,    0,    1,    0,    1,    1,    8,    0,   14],
       [   1,    0, 1112,    4,    0,    0,    2,    3,    0,   13],
       [   8,    7,   53,  861,    7,   15,    2,   11,   14,   54],
       [   4,    7,    6,   58,  807,    0,   36,    0,   13,   79],
       [  60,    1,    3,    3,    2,  872,    3,   11,    0,   27],
       [  25,   14,   16,    8,   25,   13,  711,    2,    8,   70],
       [   0,   10,    8,    5,    0,    9,   80,  838,    0,    8],
       [  84,    0,   36,   22,    2,    7,    0,    0,  857,   20],
       [   4,    7,   17,   11,   13,    8,   23,    6,    4,  881],
       [ 856,    3,    6,    2,    7,   37,    6,    1,    8,   83]])}, 24.733759458)
[2024-06-21 14:01:19,571][flwr][INFO] - configure_evaluate: no clients selected, skipping evaluation
[2024-06-21 14:01:19,571][flwr][INFO] - 
[2024-06-21 14:01:19,571][flwr][INFO] - [ROUND 5]
[2024-06-21 14:01:19,572][flwr][INFO] - configure_fit: strategy sampled 10 clients (out of 100)
[2024-06-21 14:01:25,171][flwr][INFO] - aggregate_fit: received 10 results and 0 failures
[2024-06-21 14:01:25,527][flwr][INFO] - fit progress: (5, 313.50479459762573, {'accuracy': 0.0164, 'precision': 0.015902987476702476, 'recall': 0.0164, 'f1': 0.016046560354379655, 'confusion_matrix': array([[   5,  955,    0,    0,    1,    1,    2,   10,    0,    6],
       [   2,    0, 1097,    3,    2,    1,    1,    3,    0,   26],
       [   8,   10,   14,  867,   16,    9,    0,   28,   17,   63],
       [   7,    4,    1,   25,  886,    0,   18,    1,   12,   56],
       [  56,    1,    0,    3,    7,  863,    3,   17,    0,   32],
       [  20,   13,    6,    5,   50,   14,  711,    7,    5,   61],
       [   0,   11,    3,    5,    2,    6,   30,  892,    0,    9],
       [  85,    0,   17,   14,    8,    7,    0,    1,  879,   17],
       [   3,    5,    6,    3,   24,    4,   13,   10,    4,  902],
       [ 886,    3,    3,    2,   15,   22,    2,    2,   10,   64]])}, 30.689736166000003)
[2024-06-21 14:01:25,527][flwr][INFO] - configure_evaluate: no clients selected, skipping evaluation
[2024-06-21 14:01:25,527][flwr][INFO] - 
[2024-06-21 14:01:25,527][flwr][INFO] - [ROUND 6]
[2024-06-21 14:01:25,528][flwr][INFO] - configure_fit: strategy sampled 10 clients (out of 100)
[2024-06-21 14:01:30,827][flwr][INFO] - aggregate_fit: received 10 results and 0 failures
[2024-06-21 14:01:31,185][flwr][INFO] - fit progress: (6, 280.9019982814789, {'accuracy': 0.0327, 'precision': 0.030406226905560475, 'recall': 0.0327, 'f1': 0.03148154934683053, 'confusion_matrix': array([[  45,  910,    0,    0,    1,    0,    7,    8,    1,    8],
       [   2,    0, 1105,    4,    2,    0,    3,    1,    0,   18],
       [  10,    6,    9,  910,   11,   12,    6,   11,   15,   42],
       [   9,    3,    1,   39,  864,    0,   33,    0,   16,   45],
       [  65,    1,    1,    4,    3,  852,    6,    7,    0,   43],
       [  18,    6,    6,    2,   26,   11,  774,    2,    5,   42],
       [   1,    8,    3,    4,    0,   11,  142,  776,    0,   13],
       [  73,    0,   12,   24,    4,    6,    0,    1,  899,    9],
       [   9,    4,    5,    7,   19,    8,   29,    1,    4,  888],
       [ 880,    3,    4,    2,   10,   22,    6,    1,    8,   73]])}, 36.348285083)
[2024-06-21 14:01:31,186][flwr][INFO] - configure_evaluate: no clients selected, skipping evaluation
[2024-06-21 14:01:31,186][flwr][INFO] - 
[2024-06-21 14:01:31,186][flwr][INFO] - [ROUND 7]
[2024-06-21 14:01:31,186][flwr][INFO] - configure_fit: strategy sampled 10 clients (out of 100)
[2024-06-21 14:01:36,491][flwr][INFO] - aggregate_fit: received 10 results and 0 failures
[2024-06-21 14:01:36,843][flwr][INFO] - fit progress: (7, 292.0910084247589, {'accuracy': 0.0181, 'precision': 0.017632959381655166, 'recall': 0.0181, 'f1': 0.017845385560077035, 'confusion_matrix': array([[   4,  954,    0,    0,    1,    1,    7,   10,    0,    3],
       [   1,    0, 1103,    4,    3,    1,    7,    1,    0,   15],
       [   8,    9,    6,  925,   10,   15,    8,   17,    9,   25],
       [   7,    1,    1,   36,  911,    1,   18,    1,    9,   25],
       [  33,    1,    1,    2,    3,  922,    5,    9,    0,    6],
       [  11,    6,    5,    2,   50,   21,  777,    5,    1,   14],
       [   0,    7,    3,    3,    1,   10,   97,  834,    0,    3],
       [  97,    2,   18,   39,    4,   12,    1,    2,  851,    2],
       [  19,    3,    7,   11,   27,   19,   40,    5,    4,  839],
       [ 904,    5,    6,    1,   13,   59,    9,    1,    3,    8]])}, 42.005972291)
[2024-06-21 14:01:36,843][flwr][INFO] - configure_evaluate: no clients selected, skipping evaluation
[2024-06-21 14:01:36,843][flwr][INFO] - 
[2024-06-21 14:01:36,844][flwr][INFO] - [ROUND 8]
[2024-06-21 14:01:36,844][flwr][INFO] - configure_fit: strategy sampled 10 clients (out of 100)
[2024-06-21 14:01:42,190][flwr][INFO] - aggregate_fit: received 10 results and 0 failures
[2024-06-21 14:01:42,521][flwr][INFO] - fit progress: (8, 286.08039116859436, {'accuracy': 0.0371, 'precision': 0.03097826099200907, 'recall': 0.0371, 'f1': 0.03364726582114988, 'confusion_matrix': array([[  12,  939,    0,    0,    1,    2,    9,    7,    2,    8],
       [   2,    0, 1088,    2,    2,    1,    9,    1,    0,   30],
       [   5,    8,   11,  886,   14,   19,    9,    8,   16,   56],
       [   6,    2,    0,    9,  854,    1,   61,    0,   17,   60],
       [  28,    1,    0,    1,    3,  901,    7,    7,    0,   34],
       [   9,    6,    2,    1,   11,   15,  816,    2,    4,   26],
       [   0,    9,    3,    1,    0,   16,  121,  799,    0,    9],
       [  63,    0,    7,   16,    5,    8,    1,    1,  915,   12],
       [   2,    4,    4,    0,    7,   10,   35,    2,    3,  907],
       [ 748,    4,    3,    0,    6,   33,    9,    1,    9,  196]])}, 47.684217291)
[2024-06-21 14:01:42,522][flwr][INFO] - configure_evaluate: no clients selected, skipping evaluation
[2024-06-21 14:01:42,522][flwr][INFO] - 
[2024-06-21 14:01:42,522][flwr][INFO] - [ROUND 9]
[2024-06-21 14:01:42,522][flwr][INFO] - configure_fit: strategy sampled 10 clients (out of 100)
[2024-06-21 14:01:47,451][flwr][INFO] - aggregate_fit: received 10 results and 0 failures
[2024-06-21 14:01:47,807][flwr][INFO] - fit progress: (9, 329.8621201515198, {'accuracy': 0.0189, 'precision': 0.018351425671456062, 'recall': 0.0189, 'f1': 0.018609574332364417, 'confusion_matrix': array([[   6,  949,    0,    0,    0,    2,    4,    8,    2,    9],
       [   0,    0, 1094,    5,    2,    1,    2,    2,    2,   27],
       [  10,    7,    1,  949,    6,    9,    6,    9,   10,   25],
       [   9,    1,    1,   53,  868,    1,   20,    0,   16,   41],
       [  50,    1,    0,    2,    0,  908,    6,    7,    0,    8],
       [  11,    6,    3,    2,   24,   24,  798,    3,    3,   18],
       [   0,    7,    3,    2,    0,   11,   76,  851,    0,    8],
       [  39,    0,    7,   33,    1,    9,    0,    2,  933,    4],
       [   3,    3,    3,    6,   10,   13,   26,    3,    4,  903],
       [ 923,    2,    2,    1,    4,   40,    7,    1,    6,   23]])}, 52.970221625)
[2024-06-21 14:01:47,808][flwr][INFO] - configure_evaluate: no clients selected, skipping evaluation
[2024-06-21 14:01:47,808][flwr][INFO] - 
[2024-06-21 14:01:47,808][flwr][INFO] - [ROUND 10]
[2024-06-21 14:01:47,808][flwr][INFO] - configure_fit: strategy sampled 10 clients (out of 100)
[2024-06-21 14:01:53,263][flwr][INFO] - aggregate_fit: received 10 results and 0 failures
[2024-06-21 14:01:53,595][flwr][INFO] - fit progress: (10, 296.6190664768219, {'accuracy': 0.0147, 'precision': 0.014560034328651165, 'recall': 0.0147, 'f1': 0.014593608083192908, 'confusion_matrix': array([[  17,  949,    0,    0,    2,    1,    2,    5,    0,    4],
       [   0,    0, 1119,    5,    2,    1,    0,    3,    0,    5],
       [   8,    5,    6,  962,    9,    7,    1,    9,    9,   16],
       [   2,    1,    4,   46,  914,    1,   10,    1,   15,   16],
       [  51,    1,    3,    4,    5,  893,    1,    7,    0,   17],
       [  16,    7,    7,    5,   53,   16,  750,    3,    3,   32],
       [   1,   11,    5,    2,    2,   11,   25,  890,    0,   11],
       [  39,    0,   18,   32,    3,    9,    0,    1,  924,    2],
       [   7,    3,   17,   23,   27,    8,    8,    2,    4,  875],
       [ 932,    0,    6,    0,   16,   18,    2,    1,    7,   27]])}, 58.758495166)
[2024-06-21 14:01:53,596][flwr][INFO] - configure_evaluate: no clients selected, skipping evaluation
[2024-06-21 14:01:53,596][flwr][INFO] - 
[2024-06-21 14:01:53,596][flwr][INFO] - [SUMMARY]
[2024-06-21 14:01:53,596][flwr][INFO] - Run finished 10 round(s) in 58.76s
[2024-06-21 14:01:53,599][flwr][INFO] - 	History (loss, centralized):
[2024-06-21 14:01:53,600][flwr][INFO] - 		round 0: 181.76928067207336
[2024-06-21 14:01:53,600][flwr][INFO] - 		round 1: 255.02708101272583
[2024-06-21 14:01:53,600][flwr][INFO] - 		round 2: 338.67387342453003
[2024-06-21 14:01:53,600][flwr][INFO] - 		round 3: 290.8575541973114
[2024-06-21 14:01:53,600][flwr][INFO] - 		round 4: 293.97926235198975
[2024-06-21 14:01:53,600][flwr][INFO] - 		round 5: 313.50479459762573
[2024-06-21 14:01:53,600][flwr][INFO] - 		round 6: 280.9019982814789
[2024-06-21 14:01:53,600][flwr][INFO] - 		round 7: 292.0910084247589
[2024-06-21 14:01:53,600][flwr][INFO] - 		round 8: 286.08039116859436
[2024-06-21 14:01:53,600][flwr][INFO] - 		round 9: 329.8621201515198
[2024-06-21 14:01:53,600][flwr][INFO] - 		round 10: 296.6190664768219
[2024-06-21 14:01:53,600][flwr][INFO] - 	History (metrics, centralized):
[2024-06-21 14:01:53,600][flwr][INFO] - 	{'accuracy': [(0, 0.1086),
[2024-06-21 14:01:53,600][flwr][INFO] - 	              (1, 0.0291),
[2024-06-21 14:01:53,600][flwr][INFO] - 	              (2, 0.0284),
[2024-06-21 14:01:53,600][flwr][INFO] - 	              (3, 0.0229),
[2024-06-21 14:01:53,600][flwr][INFO] - 	              (4, 0.032),
[2024-06-21 14:01:53,600][flwr][INFO] - 	              (5, 0.0164),
[2024-06-21 14:01:53,600][flwr][INFO] - 	              (6, 0.0327),
[2024-06-21 14:01:53,600][flwr][INFO] - 	              (7, 0.0181),
[2024-06-21 14:01:53,600][flwr][INFO] - 	              (8, 0.0371),
[2024-06-21 14:01:53,600][flwr][INFO] - 	              (9, 0.0189),
[2024-06-21 14:01:53,600][flwr][INFO] - 	              (10, 0.0147)],
[2024-06-21 14:01:53,600][flwr][INFO] - 	 'confusion_matrix': [(0,
[2024-06-21 14:01:53,600][flwr][INFO] - 	                       array([[   0,    8,    0,  956,    0,    1,    0,   15,    0,    0],
[2024-06-21 14:01:53,600][flwr][INFO] - 	       [   0,  122,    0, 1013,    0,    0,    0,    0,    0,    0],
[2024-06-21 14:01:53,600][flwr][INFO] - 	       [   0,   38,    0,  971,    0,    0,    3,   19,    1,    0],
[2024-06-21 14:01:53,600][flwr][INFO] - 	       [   0,   44,    0,  945,    1,    1,    0,   17,    2,    0],
[2024-06-21 14:01:53,600][flwr][INFO] - 	       [   0,  143,    0,  816,    1,    0,    2,   20,    0,    0],
[2024-06-21 14:01:53,600][flwr][INFO] - 	       [   0,  118,    0,  735,    1,    7,    0,   30,    1,    0],
[2024-06-21 14:01:53,600][flwr][INFO] - 	       [   0,  144,    0,  749,   25,    0,    2,   38,    0,    0],
[2024-06-21 14:01:53,600][flwr][INFO] - 	       [   0,  272,    0,  724,    8,    0,    0,    9,   15,    0],
[2024-06-21 14:01:53,600][flwr][INFO] - 	       [   0,   81,    0,  859,    1,    0,    1,   32,    0,    0],
[2024-06-21 14:01:53,600][flwr][INFO] - 	       [   0,  178,    0,  799,    1,    0,    0,   31,    0,    0]])),
[2024-06-21 14:01:53,600][flwr][INFO] - 	                      (1,
[2024-06-21 14:01:53,600][flwr][INFO] - 	                       array([[  57,  663,    1,   10,    1,    1,   69,  153,    3,   22],
[2024-06-21 14:01:53,600][flwr][INFO] - 	       [   1,    0, 1117,    2,    1,    0,    0,    6,    1,    7],
[2024-06-21 14:01:53,600][flwr][INFO] - 	       [  10,    6,   95,  700,    9,    0,    1,  124,   35,   52],
[2024-06-21 14:01:53,600][flwr][INFO] - 	       [  15,    0,   37,   52,  684,    0,   17,   35,   52,  118],
[2024-06-21 14:01:53,601][flwr][INFO] - 	       [ 849,    1,   17,    2,    1,    2,    7,   81,   14,    8],
[2024-06-21 14:01:53,601][flwr][INFO] - 	       [ 166,    6,   63,    6,  111,    1,  375,   66,   30,   68],
[2024-06-21 14:01:53,601][flwr][INFO] - 	       [   3,    3,   21,    8,    0,    0,   18,  904,    1,    0],
[2024-06-21 14:01:53,601][flwr][INFO] - 	       [  53,    0,   31,    7,    0,    0,    1,    2,  922,   12],
[2024-06-21 14:01:53,601][flwr][INFO] - 	       [  43,    1,   46,    8,   35,    0,   17,   53,   50,  721],
[2024-06-21 14:01:53,601][flwr][INFO] - 	       [ 847,    1,    7,    2,    5,    0,    2,   12,  118,   15]])),
[2024-06-21 14:01:53,601][flwr][INFO] - 	                      (2,
[2024-06-21 14:01:53,601][flwr][INFO] - 	                       array([[  20,  871,    1,    6,    2,    0,   40,   15,    1,   24],
[2024-06-21 14:01:53,601][flwr][INFO] - 	       [   1,    0, 1120,    3,    1,    0,    0,    3,    0,    7],
[2024-06-21 14:01:53,601][flwr][INFO] - 	       [  11,    5,   90,  822,    8,    8,    3,   31,   14,   40],
[2024-06-21 14:01:53,601][flwr][INFO] - 	       [   4,    2,   15,   71,  817,    0,   16,    0,   21,   64],
[2024-06-21 14:01:53,601][flwr][INFO] - 	       [ 284,    0,    5,    1,    0,  641,   15,   19,    1,   16],
[2024-06-21 14:01:53,601][flwr][INFO] - 	       [  47,   12,   22,   18,   89,    5,  629,    3,    3,   64],
[2024-06-21 14:01:53,601][flwr][INFO] - 	       [   0,    5,   11,   12,    1,    5,   64,  856,    0,    4],
[2024-06-21 14:01:53,601][flwr][INFO] - 	       [ 165,    0,   33,   13,    1,    8,    0,    0,  794,   14],
[2024-06-21 14:01:53,601][flwr][INFO] - 	       [  26,    5,   49,   12,   32,    2,   31,   10,    9,  798],
[2024-06-21 14:01:53,601][flwr][INFO] - 	       [ 927,    2,    6,    3,   10,    9,   10,    3,   14,   25]])),
[2024-06-21 14:01:53,601][flwr][INFO] - 	                      (3,
[2024-06-21 14:01:53,601][flwr][INFO] - 	                       array([[  21,  891,    0,    2,    3,    2,   31,   15,    1,   14],
[2024-06-21 14:01:53,601][flwr][INFO] - 	       [   0,    0, 1109,    5,    1,    1,    2,    4,    2,   11],
[2024-06-21 14:01:53,601][flwr][INFO] - 	       [  10,    7,   48,  849,   17,   19,    2,   28,   17,   35],
[2024-06-21 14:01:53,601][flwr][INFO] - 	       [   5,    3,    3,   39,  870,    0,   30,    2,   23,   35],
[2024-06-21 14:01:53,601][flwr][INFO] - 	       [  64,    0,    0,    1,    4,  872,    8,   17,    1,   15],
[2024-06-21 14:01:53,601][flwr][INFO] - 	       [  26,   11,   10,    4,   59,   18,  717,    7,    4,   36],
[2024-06-21 14:01:53,601][flwr][INFO] - 	       [   0,    4,    4,    5,    0,   10,   60,  872,    0,    3],
[2024-06-21 14:01:53,601][flwr][INFO] - 	       [  97,    0,   17,   15,    7,   11,    0,    0,  873,    8],
[2024-06-21 14:01:53,601][flwr][INFO] - 	       [  12,    2,   17,   10,   45,    8,   46,   12,   11,  811],
[2024-06-21 14:01:53,601][flwr][INFO] - 	       [ 887,    2,    4,    3,   12,   41,   11,    2,   19,   28]])),
[2024-06-21 14:01:53,601][flwr][INFO] - 	                      (4,
[2024-06-21 14:01:53,601][flwr][INFO] - 	                       array([[  27,  928,    0,    1,    0,    1,    1,    8,    0,   14],
[2024-06-21 14:01:53,601][flwr][INFO] - 	       [   1,    0, 1112,    4,    0,    0,    2,    3,    0,   13],
[2024-06-21 14:01:53,601][flwr][INFO] - 	       [   8,    7,   53,  861,    7,   15,    2,   11,   14,   54],
[2024-06-21 14:01:53,601][flwr][INFO] - 	       [   4,    7,    6,   58,  807,    0,   36,    0,   13,   79],
[2024-06-21 14:01:53,601][flwr][INFO] - 	       [  60,    1,    3,    3,    2,  872,    3,   11,    0,   27],
[2024-06-21 14:01:53,601][flwr][INFO] - 	       [  25,   14,   16,    8,   25,   13,  711,    2,    8,   70],
[2024-06-21 14:01:53,601][flwr][INFO] - 	       [   0,   10,    8,    5,    0,    9,   80,  838,    0,    8],
[2024-06-21 14:01:53,601][flwr][INFO] - 	       [  84,    0,   36,   22,    2,    7,    0,    0,  857,   20],
[2024-06-21 14:01:53,601][flwr][INFO] - 	       [   4,    7,   17,   11,   13,    8,   23,    6,    4,  881],
[2024-06-21 14:01:53,601][flwr][INFO] - 	       [ 856,    3,    6,    2,    7,   37,    6,    1,    8,   83]])),
[2024-06-21 14:01:53,601][flwr][INFO] - 	                      (5,
[2024-06-21 14:01:53,601][flwr][INFO] - 	                       array([[   5,  955,    0,    0,    1,    1,    2,   10,    0,    6],
[2024-06-21 14:01:53,601][flwr][INFO] - 	       [   2,    0, 1097,    3,    2,    1,    1,    3,    0,   26],
[2024-06-21 14:01:53,601][flwr][INFO] - 	       [   8,   10,   14,  867,   16,    9,    0,   28,   17,   63],
[2024-06-21 14:01:53,601][flwr][INFO] - 	       [   7,    4,    1,   25,  886,    0,   18,    1,   12,   56],
[2024-06-21 14:01:53,601][flwr][INFO] - 	       [  56,    1,    0,    3,    7,  863,    3,   17,    0,   32],
[2024-06-21 14:01:53,601][flwr][INFO] - 	       [  20,   13,    6,    5,   50,   14,  711,    7,    5,   61],
[2024-06-21 14:01:53,601][flwr][INFO] - 	       [   0,   11,    3,    5,    2,    6,   30,  892,    0,    9],
[2024-06-21 14:01:53,601][flwr][INFO] - 	       [  85,    0,   17,   14,    8,    7,    0,    1,  879,   17],
[2024-06-21 14:01:53,601][flwr][INFO] - 	       [   3,    5,    6,    3,   24,    4,   13,   10,    4,  902],
[2024-06-21 14:01:53,601][flwr][INFO] - 	       [ 886,    3,    3,    2,   15,   22,    2,    2,   10,   64]])),
[2024-06-21 14:01:53,602][flwr][INFO] - 	                      (6,
[2024-06-21 14:01:53,602][flwr][INFO] - 	                       array([[  45,  910,    0,    0,    1,    0,    7,    8,    1,    8],
[2024-06-21 14:01:53,602][flwr][INFO] - 	       [   2,    0, 1105,    4,    2,    0,    3,    1,    0,   18],
[2024-06-21 14:01:53,602][flwr][INFO] - 	       [  10,    6,    9,  910,   11,   12,    6,   11,   15,   42],
[2024-06-21 14:01:53,602][flwr][INFO] - 	       [   9,    3,    1,   39,  864,    0,   33,    0,   16,   45],
[2024-06-21 14:01:53,602][flwr][INFO] - 	       [  65,    1,    1,    4,    3,  852,    6,    7,    0,   43],
[2024-06-21 14:01:53,602][flwr][INFO] - 	       [  18,    6,    6,    2,   26,   11,  774,    2,    5,   42],
[2024-06-21 14:01:53,602][flwr][INFO] - 	       [   1,    8,    3,    4,    0,   11,  142,  776,    0,   13],
[2024-06-21 14:01:53,602][flwr][INFO] - 	       [  73,    0,   12,   24,    4,    6,    0,    1,  899,    9],
[2024-06-21 14:01:53,602][flwr][INFO] - 	       [   9,    4,    5,    7,   19,    8,   29,    1,    4,  888],
[2024-06-21 14:01:53,602][flwr][INFO] - 	       [ 880,    3,    4,    2,   10,   22,    6,    1,    8,   73]])),
[2024-06-21 14:01:53,602][flwr][INFO] - 	                      (7,
[2024-06-21 14:01:53,602][flwr][INFO] - 	                       array([[   4,  954,    0,    0,    1,    1,    7,   10,    0,    3],
[2024-06-21 14:01:53,602][flwr][INFO] - 	       [   1,    0, 1103,    4,    3,    1,    7,    1,    0,   15],
[2024-06-21 14:01:53,602][flwr][INFO] - 	       [   8,    9,    6,  925,   10,   15,    8,   17,    9,   25],
[2024-06-21 14:01:53,602][flwr][INFO] - 	       [   7,    1,    1,   36,  911,    1,   18,    1,    9,   25],
[2024-06-21 14:01:53,602][flwr][INFO] - 	       [  33,    1,    1,    2,    3,  922,    5,    9,    0,    6],
[2024-06-21 14:01:53,602][flwr][INFO] - 	       [  11,    6,    5,    2,   50,   21,  777,    5,    1,   14],
[2024-06-21 14:01:53,602][flwr][INFO] - 	       [   0,    7,    3,    3,    1,   10,   97,  834,    0,    3],
[2024-06-21 14:01:53,602][flwr][INFO] - 	       [  97,    2,   18,   39,    4,   12,    1,    2,  851,    2],
[2024-06-21 14:01:53,602][flwr][INFO] - 	       [  19,    3,    7,   11,   27,   19,   40,    5,    4,  839],
[2024-06-21 14:01:53,602][flwr][INFO] - 	       [ 904,    5,    6,    1,   13,   59,    9,    1,    3,    8]])),
[2024-06-21 14:01:53,602][flwr][INFO] - 	                      (8,
[2024-06-21 14:01:53,602][flwr][INFO] - 	                       array([[  12,  939,    0,    0,    1,    2,    9,    7,    2,    8],
[2024-06-21 14:01:53,602][flwr][INFO] - 	       [   2,    0, 1088,    2,    2,    1,    9,    1,    0,   30],
[2024-06-21 14:01:53,602][flwr][INFO] - 	       [   5,    8,   11,  886,   14,   19,    9,    8,   16,   56],
[2024-06-21 14:01:53,602][flwr][INFO] - 	       [   6,    2,    0,    9,  854,    1,   61,    0,   17,   60],
[2024-06-21 14:01:53,602][flwr][INFO] - 	       [  28,    1,    0,    1,    3,  901,    7,    7,    0,   34],
[2024-06-21 14:01:53,602][flwr][INFO] - 	       [   9,    6,    2,    1,   11,   15,  816,    2,    4,   26],
[2024-06-21 14:01:53,602][flwr][INFO] - 	       [   0,    9,    3,    1,    0,   16,  121,  799,    0,    9],
[2024-06-21 14:01:53,602][flwr][INFO] - 	       [  63,    0,    7,   16,    5,    8,    1,    1,  915,   12],
[2024-06-21 14:01:53,602][flwr][INFO] - 	       [   2,    4,    4,    0,    7,   10,   35,    2,    3,  907],
[2024-06-21 14:01:53,602][flwr][INFO] - 	       [ 748,    4,    3,    0,    6,   33,    9,    1,    9,  196]])),
[2024-06-21 14:01:53,602][flwr][INFO] - 	                      (9,
[2024-06-21 14:01:53,602][flwr][INFO] - 	                       array([[   6,  949,    0,    0,    0,    2,    4,    8,    2,    9],
[2024-06-21 14:01:53,602][flwr][INFO] - 	       [   0,    0, 1094,    5,    2,    1,    2,    2,    2,   27],
[2024-06-21 14:01:53,602][flwr][INFO] - 	       [  10,    7,    1,  949,    6,    9,    6,    9,   10,   25],
[2024-06-21 14:01:53,602][flwr][INFO] - 	       [   9,    1,    1,   53,  868,    1,   20,    0,   16,   41],
[2024-06-21 14:01:53,602][flwr][INFO] - 	       [  50,    1,    0,    2,    0,  908,    6,    7,    0,    8],
[2024-06-21 14:01:53,602][flwr][INFO] - 	       [  11,    6,    3,    2,   24,   24,  798,    3,    3,   18],
[2024-06-21 14:01:53,602][flwr][INFO] - 	       [   0,    7,    3,    2,    0,   11,   76,  851,    0,    8],
[2024-06-21 14:01:53,602][flwr][INFO] - 	       [  39,    0,    7,   33,    1,    9,    0,    2,  933,    4],
[2024-06-21 14:01:53,602][flwr][INFO] - 	       [   3,    3,    3,    6,   10,   13,   26,    3,    4,  903],
[2024-06-21 14:01:53,602][flwr][INFO] - 	       [ 923,    2,    2,    1,    4,   40,    7,    1,    6,   23]])),
[2024-06-21 14:01:53,602][flwr][INFO] - 	                      (10,
[2024-06-21 14:01:53,602][flwr][INFO] - 	                       array([[  17,  949,    0,    0,    2,    1,    2,    5,    0,    4],
[2024-06-21 14:01:53,602][flwr][INFO] - 	       [   0,    0, 1119,    5,    2,    1,    0,    3,    0,    5],
[2024-06-21 14:01:53,602][flwr][INFO] - 	       [   8,    5,    6,  962,    9,    7,    1,    9,    9,   16],
[2024-06-21 14:01:53,602][flwr][INFO] - 	       [   2,    1,    4,   46,  914,    1,   10,    1,   15,   16],
[2024-06-21 14:01:53,602][flwr][INFO] - 	       [  51,    1,    3,    4,    5,  893,    1,    7,    0,   17],
[2024-06-21 14:01:53,603][flwr][INFO] - 	       [  16,    7,    7,    5,   53,   16,  750,    3,    3,   32],
[2024-06-21 14:01:53,603][flwr][INFO] - 	       [   1,   11,    5,    2,    2,   11,   25,  890,    0,   11],
[2024-06-21 14:01:53,603][flwr][INFO] - 	       [  39,    0,   18,   32,    3,    9,    0,    1,  924,    2],
[2024-06-21 14:01:53,603][flwr][INFO] - 	       [   7,    3,   17,   23,   27,    8,    8,    2,    4,  875],
[2024-06-21 14:01:53,603][flwr][INFO] - 	       [ 932,    0,    6,    0,   16,   18,    2,    1,    7,   27]]))],
[2024-06-21 14:01:53,603][flwr][INFO] - 	 'f1': [(0, 0.03553137346181725),
[2024-06-21 14:01:53,603][flwr][INFO] - 	        (1, 0.026199948321045885),
[2024-06-21 14:01:53,603][flwr][INFO] - 	        (2, 0.027571082442978796),
[2024-06-21 14:01:53,603][flwr][INFO] - 	        (3, 0.022629389616642057),
[2024-06-21 14:01:53,603][flwr][INFO] - 	        (4, 0.03097328319581877),
[2024-06-21 14:01:53,603][flwr][INFO] - 	        (5, 0.016046560354379655),
[2024-06-21 14:01:53,603][flwr][INFO] - 	        (6, 0.03148154934683053),
[2024-06-21 14:01:53,603][flwr][INFO] - 	        (7, 0.017845385560077035),
[2024-06-21 14:01:53,603][flwr][INFO] - 	        (8, 0.03364726582114988),
[2024-06-21 14:01:53,603][flwr][INFO] - 	        (9, 0.018609574332364417),
[2024-06-21 14:01:53,603][flwr][INFO] - 	        (10, 0.014593608083192908)],
[2024-06-21 14:01:53,603][flwr][INFO] - 	 'precision': [(0, 0.12349967530374152),
[2024-06-21 14:01:53,603][flwr][INFO] - 	               (1, 0.04756668108300724),
[2024-06-21 14:01:53,603][flwr][INFO] - 	               (2, 0.027309243995606358),
[2024-06-21 14:01:53,603][flwr][INFO] - 	               (3, 0.022464629155006126),
[2024-06-21 14:01:53,603][flwr][INFO] - 	               (4, 0.030274179796361055),
[2024-06-21 14:01:53,603][flwr][INFO] - 	               (5, 0.015902987476702476),
[2024-06-21 14:01:53,603][flwr][INFO] - 	               (6, 0.030406226905560475),
[2024-06-21 14:01:53,603][flwr][INFO] - 	               (7, 0.017632959381655166),
[2024-06-21 14:01:53,603][flwr][INFO] - 	               (8, 0.03097826099200907),
[2024-06-21 14:01:53,603][flwr][INFO] - 	               (9, 0.018351425671456062),
[2024-06-21 14:01:53,603][flwr][INFO] - 	               (10, 0.014560034328651165)],
[2024-06-21 14:01:53,603][flwr][INFO] - 	 'recall': [(0, 0.1086),
[2024-06-21 14:01:53,603][flwr][INFO] - 	            (1, 0.0291),
[2024-06-21 14:01:53,603][flwr][INFO] - 	            (2, 0.0284),
[2024-06-21 14:01:53,603][flwr][INFO] - 	            (3, 0.0229),
[2024-06-21 14:01:53,603][flwr][INFO] - 	            (4, 0.032),
[2024-06-21 14:01:53,603][flwr][INFO] - 	            (5, 0.0164),
[2024-06-21 14:01:53,603][flwr][INFO] - 	            (6, 0.0327),
[2024-06-21 14:01:53,603][flwr][INFO] - 	            (7, 0.0181),
[2024-06-21 14:01:53,603][flwr][INFO] - 	            (8, 0.0371),
[2024-06-21 14:01:53,603][flwr][INFO] - 	            (9, 0.0189),
[2024-06-21 14:01:53,603][flwr][INFO] - 	            (10, 0.0147)]}
[2024-06-21 14:01:53,603][flwr][INFO] - 
