[2024-06-20 19:32:16,531][flwr][INFO] - Starting Flower simulation, config: num_rounds=10, no round_timeout
[2024-06-20 19:32:18,602][flwr][INFO] - Flower VCE: Ray initialized with resources: {'memory': 9942419047.0, 'CPU': 12.0, 'node:127.0.0.1': 1.0, 'node:__internal_head__': 1.0, 'object_store_memory': 2147483648.0}
[2024-06-20 19:32:18,603][flwr][INFO] - Optimize your simulation with Flower VCE: https://flower.ai/docs/framework/how-to-run-simulations.html
[2024-06-20 19:32:18,603][flwr][INFO] - Flower VCE: Resources for each Virtual Client: {'num_cpus': 2, 'num_gpus': 0}
[2024-06-20 19:32:18,610][flwr][INFO] - Flower VCE: Creating VirtualClientEngineActorPool with 6 actors
[2024-06-20 19:32:18,610][flwr][INFO] - [INIT]
[2024-06-20 19:32:18,610][flwr][INFO] - Requesting initial parameters from one random client
[2024-06-20 19:32:20,482][flwr][INFO] - Received initial parameters from one random client
[2024-06-20 19:32:20,482][flwr][INFO] - Evaluating initial global parameters
[2024-06-20 19:32:20,913][flwr][INFO] - initial parameters (loss, other metrics): 181.76928067207336, {'accuracy': 0.1086, 'precision': 0.12349967530374152, 'recall': 0.1086, 'f1': 0.03553137346181725, 'confusion_matrix': array([[   0,    8,    0,  956,    0,    1,    0,   15,    0,    0],
       [   0,  122,    0, 1013,    0,    0,    0,    0,    0,    0],
       [   0,   38,    0,  971,    0,    0,    3,   19,    1,    0],
       [   0,   44,    0,  945,    1,    1,    0,   17,    2,    0],
       [   0,  143,    0,  816,    1,    0,    2,   20,    0,    0],
       [   0,  118,    0,  735,    1,    7,    0,   30,    1,    0],
       [   0,  144,    0,  749,   25,    0,    2,   38,    0,    0],
       [   0,  272,    0,  724,    8,    0,    0,    9,   15,    0],
       [   0,   81,    0,  859,    1,    0,    1,   32,    0,    0],
       [   0,  178,    0,  799,    1,    0,    0,   31,    0,    0]])}
[2024-06-20 19:32:20,914][flwr][INFO] - 
[2024-06-20 19:32:20,914][flwr][INFO] - [ROUND 1]
[2024-06-20 19:32:20,914][flwr][INFO] - configure_fit: strategy sampled 10 clients (out of 100)
[2024-06-20 19:32:27,855][flwr][INFO] - aggregate_fit: received 10 results and 0 failures
[2024-06-20 19:32:27,862][flwr][WARNING] - No fit_metrics_aggregation_fn provided
[2024-06-20 19:32:28,298][flwr][INFO] - fit progress: (1, 17089.321685791016, {'accuracy': 0.06, 'precision': 0.17091732799026899, 'recall': 0.06, 'f1': 0.03674433821502924, 'confusion_matrix': array([[  6, 557,  23, 149,   0,  11, 218,   0,  11,   5],
       [ 19, 186, 342, 586,   0,   0,   1,   0,   1,   0],
       [ 15, 421,  24, 556,   2,   2,  10,   0,   1,   1],
       [  5, 627,  46, 294,   0,   1,  13,   0,  24,   0],
       [ 50, 141,   0, 752,   5,   1,  31,   2,   0,   0],
       [  9, 427,  13, 327,   0,  18,  91,   1,   6,   0],
       [ 65, 423,  17, 390,   3,   0,  56,   0,   2,   2],
       [ 12, 214,  35, 696,   0,   7,  56,   3,   3,   2],
       [ 78, 266,  41, 545,   0,   2,  32,   0,   7,   3],
       [  5, 234,   9, 720,   0,   3,  32,   2,   3,   1]])}, 7.384189291999999)
[2024-06-20 19:32:28,298][flwr][INFO] - configure_evaluate: no clients selected, skipping evaluation
[2024-06-20 19:32:28,298][flwr][INFO] - 
[2024-06-20 19:32:28,298][flwr][INFO] - [ROUND 2]
[2024-06-20 19:32:28,299][flwr][INFO] - configure_fit: strategy sampled 10 clients (out of 100)
[2024-06-20 19:32:33,569][flwr][INFO] - aggregate_fit: received 10 results and 0 failures
[2024-06-20 19:32:34,012][flwr][INFO] - fit progress: (2, 26835.449920654297, {'accuracy': 0.2627, 'precision': 0.26377287035324043, 'recall': 0.2627, 'f1': 0.2126209951192503, 'confusion_matrix': array([[ 15,  11,  11, 109,   0, 329, 137, 292,   1,  75],
       [  0, 538,  21, 273,   0, 139,  86,  24,  22,  32],
       [  1,  20,  57, 233,   0, 124, 171, 236,  37, 153],
       [  1,  42, 178, 395,   0, 200,  20,  95,   1,  78],
       [  3,  21,  21,  90,   0, 131,  73, 513,   2, 128],
       [  4,   9,  27, 121,   0, 554,  64,  83,   1,  29],
       [  0,  18,  26, 102,   0,  35, 153, 407,   0, 217],
       [  0,  22,  26,  58,   0,  59,  36, 662,   0, 165],
       [  3,  55,  27, 157,   0, 450,  40, 109,   8, 125],
       [  2,  39,   9,  78,   0, 110,  38, 487,   1, 245]])}, 13.098461083)
[2024-06-20 19:32:34,012][flwr][INFO] - configure_evaluate: no clients selected, skipping evaluation
[2024-06-20 19:32:34,012][flwr][INFO] - 
[2024-06-20 19:32:34,012][flwr][INFO] - [ROUND 3]
[2024-06-20 19:32:34,013][flwr][INFO] - configure_fit: strategy sampled 10 clients (out of 100)
[2024-06-20 19:32:39,214][flwr][INFO] - aggregate_fit: received 10 results and 0 failures
[2024-06-20 19:32:39,656][flwr][INFO] - fit progress: (3, 53859.86721801758, {'accuracy': 0.265, 'precision': 0.3152747715656481, 'recall': 0.265, 'f1': 0.2337589832241959, 'confusion_matrix': array([[416,   0,  12,  23,   1,  14,   4, 478,  19,  13],
       [ 24, 206, 489,  27,  15,  38, 254,  11,  48,  23],
       [ 73,   2, 464,  97,  18,  19,  46, 194, 101,  18],
       [ 95,  22, 439, 137,   3, 106,  23, 121,  40,  24],
       [124,   0,  70,  12,  39,  85,  26, 470,  86,  70],
       [161,   5,  95,  70,   1, 237,  37, 250,  13,  23],
       [103,   5, 212,  28,  41,  28,  65, 385,  61,  30],
       [ 28,   1,  67,  13,  10,  29,   7, 793,  51,  29],
       [248,  17, 174, 114,  17,  93,  31,  76, 182,  22],
       [ 66,   9,  36,  15,   7,  54,  15, 607,  89, 111]])}, 18.742595375)
[2024-06-20 19:32:39,656][flwr][INFO] - configure_evaluate: no clients selected, skipping evaluation
[2024-06-20 19:32:39,656][flwr][INFO] - 
[2024-06-20 19:32:39,656][flwr][INFO] - [ROUND 4]
[2024-06-20 19:32:39,657][flwr][INFO] - configure_fit: strategy sampled 10 clients (out of 100)
[2024-06-20 19:32:45,361][flwr][INFO] - aggregate_fit: received 10 results and 0 failures
[2024-06-20 19:32:45,850][flwr][INFO] - fit progress: (4, 96620.88983154297, {'accuracy': 0.3792, 'precision': 0.41733502116376286, 'recall': 0.3792, 'f1': 0.359992345648878, 'confusion_matrix': array([[653,  13,  11,  12,  24,  19,  50,  70,   3, 125],
       [  0, 212,  13,   1, 636,   6, 260,   4,   0,   3],
       [ 39,  52, 273,  62, 203,   9, 271,  43,  18,  62],
       [ 34,  86, 235, 215, 135, 105,  37,  57,   1, 105],
       [ 50,  19,  17,   0, 589,  17, 141,  50,   9,  90],
       [ 96,  38,  63,  95,  49, 246, 102,  79,   8, 116],
       [ 33,  26,  48,   1, 191,   8, 579,  44,   2,  26],
       [ 35,   4,  21,   9, 134,   2,  62, 644,  13, 104],
       [ 63, 107, 114, 130, 302,  42,  80,  16,  76,  44],
       [ 67,  53,   9,   5, 249,   9, 111, 189,  12, 305]])}, 24.937243708)
[2024-06-20 19:32:45,851][flwr][INFO] - configure_evaluate: no clients selected, skipping evaluation
[2024-06-20 19:32:45,851][flwr][INFO] - 
[2024-06-20 19:32:45,851][flwr][INFO] - [ROUND 5]
[2024-06-20 19:32:45,851][flwr][INFO] - configure_fit: strategy sampled 10 clients (out of 100)
[2024-06-20 19:32:51,209][flwr][INFO] - aggregate_fit: received 10 results and 0 failures
[2024-06-20 19:32:51,663][flwr][INFO] - fit progress: (5, 174508.6123046875, {'accuracy': 0.4382, 'precision': 0.4767324162478444, 'recall': 0.4382, 'f1': 0.4233110844753564, 'confusion_matrix': array([[444,   4,  17,  30,   7,   3,  98, 114,  77, 186],
       [  8, 419,  88,  56, 218,  10, 163,  21,   1, 151],
       [ 31,  30, 278, 164,  26,   5, 296,  51,  34, 117],
       [ 17,  35,  89, 557,  11,  80,  36,  68,  21,  96],
       [ 34,   3,   4,  10, 182,   7, 399, 108,  20, 215],
       [ 56,  21,  36, 168,   7, 221,  87,  66, 102, 128],
       [ 18,  19,  22,  16,  42,   0, 780,  17,  18,  26],
       [  9,   4,  20,  12,  27,   2,  35, 834,   5,  80],
       [ 43,  46,  43, 265,  47,  18,  98,  34, 265, 115],
       [ 51,  16,   3,  15,  45,  10, 143, 290,  34, 402]])}, 30.750265708)
[2024-06-20 19:32:51,663][flwr][INFO] - configure_evaluate: no clients selected, skipping evaluation
[2024-06-20 19:32:51,663][flwr][INFO] - 
[2024-06-20 19:32:51,663][flwr][INFO] - [ROUND 6]
[2024-06-20 19:32:51,664][flwr][INFO] - configure_fit: strategy sampled 10 clients (out of 100)
[2024-06-20 19:32:56,983][flwr][INFO] - aggregate_fit: received 10 results and 0 failures
[2024-06-20 19:32:57,423][flwr][INFO] - fit progress: (6, 413431.5119628906, {'accuracy': 0.4674, 'precision': 0.5077965539982893, 'recall': 0.4674, 'f1': 0.4563630695277238, 'confusion_matrix': array([[560,   3,  19, 291,   3,  13,  49,  11,  19,  12],
       [ 24, 862,  58,  24,  79,  10,  50,   1,   0,  27],
       [ 52,  38, 409, 245,  42,  12, 155,   5,  16,  58],
       [ 24,  43,  78, 734,  12,  48,  28,   9,   7,  27],
       [170,  21,  15,  34, 407,  44, 187,   4,  16,  84],
       [125,  14,  42, 441,   4, 166,  39,  12,  38,  11],
       [ 61,  22,  86,  74,  96,  18, 583,   1,  13,   4],
       [ 51,  11,  32,  45,  70,  16,  48, 507,   7, 241],
       [141,  58,  39, 461,  40,  12,  79,   1, 109,  34],
       [183,  41,  12,  75, 109,  27, 142,  37,  46, 337]])}, 36.510882625)
[2024-06-20 19:32:57,424][flwr][INFO] - configure_evaluate: no clients selected, skipping evaluation
[2024-06-20 19:32:57,424][flwr][INFO] - 
[2024-06-20 19:32:57,424][flwr][INFO] - [ROUND 7]
[2024-06-20 19:32:57,424][flwr][INFO] - configure_fit: strategy sampled 10 clients (out of 100)
[2024-06-20 19:33:02,800][flwr][INFO] - aggregate_fit: received 10 results and 0 failures
[2024-06-20 19:33:03,256][flwr][INFO] - fit progress: (7, 855585.0966796875, {'accuracy': 0.4921, 'precision': 0.52064201477173, 'recall': 0.4921, 'f1': 0.4877538256118925, 'confusion_matrix': array([[555,  10,  51, 113,   0,  28,  88,  25,  82,  28],
       [ 25, 778, 124,  12,  14,   7,  25,   5,   2, 143],
       [ 36,  38, 654,  70,  14,  11,  95,  13,  15,  86],
       [ 16,  38, 232, 506,   1,  80,  15,  41,  16,  65],
       [117,  12,  46,   6, 261,  54, 157,  23,  33, 273],
       [ 42,  28, 142, 185,   0, 278,  49,  40,  99,  29],
       [ 34,  17, 186,   8,  64,  19, 587,   5,  21,  17],
       [ 26,   9,  70,   9,  17,  13,  28, 523,  16, 317],
       [ 46,  86, 173, 235,  16,  22,  58,  16, 240,  82],
       [ 68,  34,  39,  29,  40,  33,  95,  78,  54, 539]])}, 42.343518583)
[2024-06-20 19:33:03,256][flwr][INFO] - configure_evaluate: no clients selected, skipping evaluation
[2024-06-20 19:33:03,256][flwr][INFO] - 
[2024-06-20 19:33:03,256][flwr][INFO] - [ROUND 8]
[2024-06-20 19:33:03,257][flwr][INFO] - configure_fit: strategy sampled 10 clients (out of 100)
[2024-06-20 19:33:08,542][flwr][INFO] - aggregate_fit: received 10 results and 0 failures
[2024-06-20 19:33:08,995][flwr][INFO] - fit progress: (8, 2127009.9794921875, {'accuracy': 0.4786, 'precision': 0.512010083422152, 'recall': 0.4786, 'f1': 0.4653321586794661, 'confusion_matrix': array([[689,   5,  12,  81,   1,   7,  91,  10,  68,  16],
       [ 44, 856,  58,  20,  20,   7,  53,   3,   7,  67],
       [ 72,  37, 405, 197,  14,   6, 162,  12,  30,  97],
       [ 35,  33,  62, 718,   4,  35,  17,  36,  26,  44],
       [291,  11,  12,  13, 299,  20, 170,  26,  29, 111],
       [ 99,  12,  36, 332,   7, 141,  85,  34, 125,  21],
       [ 78,  11,  57,  15,  66,   9, 683,  10,  24,   5],
       [110,  10,  19,  23,  23,  15,  40, 446,  11, 331],
       [126,  50,  32, 319,  14,  12,  60,  12, 280,  69],
       [311,  32,   8,  41, 110,  14, 113,  68,  43, 269]])}, 48.0832595)
[2024-06-20 19:33:08,996][flwr][INFO] - configure_evaluate: no clients selected, skipping evaluation
[2024-06-20 19:33:08,996][flwr][INFO] - 
[2024-06-20 19:33:08,996][flwr][INFO] - [ROUND 9]
[2024-06-20 19:33:08,996][flwr][INFO] - configure_fit: strategy sampled 10 clients (out of 100)
[2024-06-20 19:33:14,269][flwr][INFO] - aggregate_fit: received 10 results and 0 failures
[2024-06-20 19:33:14,712][flwr][INFO] - fit progress: (9, 4477946.70703125, {'accuracy': 0.4749, 'precision': 0.5201758653120095, 'recall': 0.4749, 'f1': 0.4777095108226325, 'confusion_matrix': array([[608,   5,  10, 114,   1,  40,  91,  14,  76,  21],
       [ 49, 612,  54,  26,  21,  27, 127,  31,   6, 182],
       [ 32,  12, 355, 173,  31,  15, 211,  22,  54, 127],
       [ 13,  18,  53, 645,  12,  87,  27,  43,  50,  62],
       [ 94,   4,   6,  13, 404,  82, 143,  32,  78, 126],
       [ 30,   6,  23, 220,  11, 331,  84,  26, 142,  19],
       [ 33,   4,  32,  17,  67,  47, 692,  15,  42,   9],
       [ 53,   1,  13,  23,  29,  34,  32, 367,  19, 457],
       [ 40,  20,  18, 282,  27,  32,  85,  14, 342, 114],
       [ 76,  16,   3,  40, 181,  53,  71,  45, 131, 393]])}, 53.799954)
[2024-06-20 19:33:14,712][flwr][INFO] - configure_evaluate: no clients selected, skipping evaluation
[2024-06-20 19:33:14,712][flwr][INFO] - 
[2024-06-20 19:33:14,712][flwr][INFO] - [ROUND 10]
[2024-06-20 19:33:14,713][flwr][INFO] - configure_fit: strategy sampled 10 clients (out of 100)
[2024-06-20 19:33:20,185][flwr][INFO] - aggregate_fit: received 10 results and 0 failures
[2024-06-20 19:33:20,629][flwr][INFO] - fit progress: (10, 10871917.1484375, {'accuracy': 0.4975, 'precision': 0.5197721723427554, 'recall': 0.4975, 'f1': 0.4992029774272827, 'confusion_matrix': array([[634,   4,   8, 112,   8,  77,  51,  11,  61,  14],
       [ 15, 760, 182,  22,  35,  23,  13,  19,   0,  66],
       [ 38,  11, 443, 109,  45,  27, 152,  24,  71, 112],
       [ 18,  33, 115, 443,  26, 207,  27,  21,  86,  34],
       [ 63,   8,  11,   7, 584, 106,  49,  16,  63,  75],
       [ 54,   8,  34,  90,  15, 472,  50,  16, 139,  14],
       [ 32,   5,  35,  11, 129,  79, 599,  11,  51,   6],
       [ 83,  12,  38,  15,  70,  50,  13, 356,  13, 378],
       [ 51,  21,  54, 199,  67,  62,  45,   9, 423,  43],
       [ 94,  19,  19,  23, 350,  73,  29,  35, 106, 261]])}, 59.717518917)
[2024-06-20 19:33:20,629][flwr][INFO] - configure_evaluate: no clients selected, skipping evaluation
[2024-06-20 19:33:20,630][flwr][INFO] - 
[2024-06-20 19:33:20,630][flwr][INFO] - [SUMMARY]
[2024-06-20 19:33:20,630][flwr][INFO] - Run finished 10 round(s) in 59.72s
[2024-06-20 19:33:20,634][flwr][INFO] - 	History (loss, centralized):
[2024-06-20 19:33:20,635][flwr][INFO] - 		round 0: 181.76928067207336
[2024-06-20 19:33:20,635][flwr][INFO] - 		round 1: 17089.321685791016
[2024-06-20 19:33:20,635][flwr][INFO] - 		round 2: 26835.449920654297
[2024-06-20 19:33:20,635][flwr][INFO] - 		round 3: 53859.86721801758
[2024-06-20 19:33:20,635][flwr][INFO] - 		round 4: 96620.88983154297
[2024-06-20 19:33:20,635][flwr][INFO] - 		round 5: 174508.6123046875
[2024-06-20 19:33:20,635][flwr][INFO] - 		round 6: 413431.5119628906
[2024-06-20 19:33:20,635][flwr][INFO] - 		round 7: 855585.0966796875
[2024-06-20 19:33:20,635][flwr][INFO] - 		round 8: 2127009.9794921875
[2024-06-20 19:33:20,635][flwr][INFO] - 		round 9: 4477946.70703125
[2024-06-20 19:33:20,635][flwr][INFO] - 		round 10: 10871917.1484375
[2024-06-20 19:33:20,635][flwr][INFO] - 	History (metrics, centralized):
[2024-06-20 19:33:20,635][flwr][INFO] - 	{'accuracy': [(0, 0.1086),
[2024-06-20 19:33:20,635][flwr][INFO] - 	              (1, 0.06),
[2024-06-20 19:33:20,635][flwr][INFO] - 	              (2, 0.2627),
[2024-06-20 19:33:20,635][flwr][INFO] - 	              (3, 0.265),
[2024-06-20 19:33:20,635][flwr][INFO] - 	              (4, 0.3792),
[2024-06-20 19:33:20,635][flwr][INFO] - 	              (5, 0.4382),
[2024-06-20 19:33:20,635][flwr][INFO] - 	              (6, 0.4674),
[2024-06-20 19:33:20,635][flwr][INFO] - 	              (7, 0.4921),
[2024-06-20 19:33:20,635][flwr][INFO] - 	              (8, 0.4786),
[2024-06-20 19:33:20,635][flwr][INFO] - 	              (9, 0.4749),
[2024-06-20 19:33:20,635][flwr][INFO] - 	              (10, 0.4975)],
[2024-06-20 19:33:20,635][flwr][INFO] - 	 'confusion_matrix': [(0,
[2024-06-20 19:33:20,635][flwr][INFO] - 	                       array([[   0,    8,    0,  956,    0,    1,    0,   15,    0,    0],
[2024-06-20 19:33:20,635][flwr][INFO] - 	       [   0,  122,    0, 1013,    0,    0,    0,    0,    0,    0],
[2024-06-20 19:33:20,635][flwr][INFO] - 	       [   0,   38,    0,  971,    0,    0,    3,   19,    1,    0],
[2024-06-20 19:33:20,635][flwr][INFO] - 	       [   0,   44,    0,  945,    1,    1,    0,   17,    2,    0],
[2024-06-20 19:33:20,635][flwr][INFO] - 	       [   0,  143,    0,  816,    1,    0,    2,   20,    0,    0],
[2024-06-20 19:33:20,635][flwr][INFO] - 	       [   0,  118,    0,  735,    1,    7,    0,   30,    1,    0],
[2024-06-20 19:33:20,635][flwr][INFO] - 	       [   0,  144,    0,  749,   25,    0,    2,   38,    0,    0],
[2024-06-20 19:33:20,636][flwr][INFO] - 	       [   0,  272,    0,  724,    8,    0,    0,    9,   15,    0],
[2024-06-20 19:33:20,636][flwr][INFO] - 	       [   0,   81,    0,  859,    1,    0,    1,   32,    0,    0],
[2024-06-20 19:33:20,636][flwr][INFO] - 	       [   0,  178,    0,  799,    1,    0,    0,   31,    0,    0]])),
[2024-06-20 19:33:20,636][flwr][INFO] - 	                      (1,
[2024-06-20 19:33:20,636][flwr][INFO] - 	                       array([[  6, 557,  23, 149,   0,  11, 218,   0,  11,   5],
[2024-06-20 19:33:20,636][flwr][INFO] - 	       [ 19, 186, 342, 586,   0,   0,   1,   0,   1,   0],
[2024-06-20 19:33:20,636][flwr][INFO] - 	       [ 15, 421,  24, 556,   2,   2,  10,   0,   1,   1],
[2024-06-20 19:33:20,636][flwr][INFO] - 	       [  5, 627,  46, 294,   0,   1,  13,   0,  24,   0],
[2024-06-20 19:33:20,636][flwr][INFO] - 	       [ 50, 141,   0, 752,   5,   1,  31,   2,   0,   0],
[2024-06-20 19:33:20,636][flwr][INFO] - 	       [  9, 427,  13, 327,   0,  18,  91,   1,   6,   0],
[2024-06-20 19:33:20,636][flwr][INFO] - 	       [ 65, 423,  17, 390,   3,   0,  56,   0,   2,   2],
[2024-06-20 19:33:20,636][flwr][INFO] - 	       [ 12, 214,  35, 696,   0,   7,  56,   3,   3,   2],
[2024-06-20 19:33:20,636][flwr][INFO] - 	       [ 78, 266,  41, 545,   0,   2,  32,   0,   7,   3],
[2024-06-20 19:33:20,636][flwr][INFO] - 	       [  5, 234,   9, 720,   0,   3,  32,   2,   3,   1]])),
[2024-06-20 19:33:20,636][flwr][INFO] - 	                      (2,
[2024-06-20 19:33:20,636][flwr][INFO] - 	                       array([[ 15,  11,  11, 109,   0, 329, 137, 292,   1,  75],
[2024-06-20 19:33:20,636][flwr][INFO] - 	       [  0, 538,  21, 273,   0, 139,  86,  24,  22,  32],
[2024-06-20 19:33:20,636][flwr][INFO] - 	       [  1,  20,  57, 233,   0, 124, 171, 236,  37, 153],
[2024-06-20 19:33:20,636][flwr][INFO] - 	       [  1,  42, 178, 395,   0, 200,  20,  95,   1,  78],
[2024-06-20 19:33:20,636][flwr][INFO] - 	       [  3,  21,  21,  90,   0, 131,  73, 513,   2, 128],
[2024-06-20 19:33:20,636][flwr][INFO] - 	       [  4,   9,  27, 121,   0, 554,  64,  83,   1,  29],
[2024-06-20 19:33:20,636][flwr][INFO] - 	       [  0,  18,  26, 102,   0,  35, 153, 407,   0, 217],
[2024-06-20 19:33:20,636][flwr][INFO] - 	       [  0,  22,  26,  58,   0,  59,  36, 662,   0, 165],
[2024-06-20 19:33:20,636][flwr][INFO] - 	       [  3,  55,  27, 157,   0, 450,  40, 109,   8, 125],
[2024-06-20 19:33:20,636][flwr][INFO] - 	       [  2,  39,   9,  78,   0, 110,  38, 487,   1, 245]])),
[2024-06-20 19:33:20,636][flwr][INFO] - 	                      (3,
[2024-06-20 19:33:20,636][flwr][INFO] - 	                       array([[416,   0,  12,  23,   1,  14,   4, 478,  19,  13],
[2024-06-20 19:33:20,636][flwr][INFO] - 	       [ 24, 206, 489,  27,  15,  38, 254,  11,  48,  23],
[2024-06-20 19:33:20,636][flwr][INFO] - 	       [ 73,   2, 464,  97,  18,  19,  46, 194, 101,  18],
[2024-06-20 19:33:20,636][flwr][INFO] - 	       [ 95,  22, 439, 137,   3, 106,  23, 121,  40,  24],
[2024-06-20 19:33:20,636][flwr][INFO] - 	       [124,   0,  70,  12,  39,  85,  26, 470,  86,  70],
[2024-06-20 19:33:20,636][flwr][INFO] - 	       [161,   5,  95,  70,   1, 237,  37, 250,  13,  23],
[2024-06-20 19:33:20,636][flwr][INFO] - 	       [103,   5, 212,  28,  41,  28,  65, 385,  61,  30],
[2024-06-20 19:33:20,636][flwr][INFO] - 	       [ 28,   1,  67,  13,  10,  29,   7, 793,  51,  29],
[2024-06-20 19:33:20,636][flwr][INFO] - 	       [248,  17, 174, 114,  17,  93,  31,  76, 182,  22],
[2024-06-20 19:33:20,636][flwr][INFO] - 	       [ 66,   9,  36,  15,   7,  54,  15, 607,  89, 111]])),
[2024-06-20 19:33:20,636][flwr][INFO] - 	                      (4,
[2024-06-20 19:33:20,636][flwr][INFO] - 	                       array([[653,  13,  11,  12,  24,  19,  50,  70,   3, 125],
[2024-06-20 19:33:20,636][flwr][INFO] - 	       [  0, 212,  13,   1, 636,   6, 260,   4,   0,   3],
[2024-06-20 19:33:20,636][flwr][INFO] - 	       [ 39,  52, 273,  62, 203,   9, 271,  43,  18,  62],
[2024-06-20 19:33:20,636][flwr][INFO] - 	       [ 34,  86, 235, 215, 135, 105,  37,  57,   1, 105],
[2024-06-20 19:33:20,636][flwr][INFO] - 	       [ 50,  19,  17,   0, 589,  17, 141,  50,   9,  90],
[2024-06-20 19:33:20,637][flwr][INFO] - 	       [ 96,  38,  63,  95,  49, 246, 102,  79,   8, 116],
[2024-06-20 19:33:20,637][flwr][INFO] - 	       [ 33,  26,  48,   1, 191,   8, 579,  44,   2,  26],
[2024-06-20 19:33:20,637][flwr][INFO] - 	       [ 35,   4,  21,   9, 134,   2,  62, 644,  13, 104],
[2024-06-20 19:33:20,637][flwr][INFO] - 	       [ 63, 107, 114, 130, 302,  42,  80,  16,  76,  44],
[2024-06-20 19:33:20,637][flwr][INFO] - 	       [ 67,  53,   9,   5, 249,   9, 111, 189,  12, 305]])),
[2024-06-20 19:33:20,637][flwr][INFO] - 	                      (5,
[2024-06-20 19:33:20,637][flwr][INFO] - 	                       array([[444,   4,  17,  30,   7,   3,  98, 114,  77, 186],
[2024-06-20 19:33:20,637][flwr][INFO] - 	       [  8, 419,  88,  56, 218,  10, 163,  21,   1, 151],
[2024-06-20 19:33:20,637][flwr][INFO] - 	       [ 31,  30, 278, 164,  26,   5, 296,  51,  34, 117],
[2024-06-20 19:33:20,637][flwr][INFO] - 	       [ 17,  35,  89, 557,  11,  80,  36,  68,  21,  96],
[2024-06-20 19:33:20,637][flwr][INFO] - 	       [ 34,   3,   4,  10, 182,   7, 399, 108,  20, 215],
[2024-06-20 19:33:20,637][flwr][INFO] - 	       [ 56,  21,  36, 168,   7, 221,  87,  66, 102, 128],
[2024-06-20 19:33:20,637][flwr][INFO] - 	       [ 18,  19,  22,  16,  42,   0, 780,  17,  18,  26],
[2024-06-20 19:33:20,637][flwr][INFO] - 	       [  9,   4,  20,  12,  27,   2,  35, 834,   5,  80],
[2024-06-20 19:33:20,637][flwr][INFO] - 	       [ 43,  46,  43, 265,  47,  18,  98,  34, 265, 115],
[2024-06-20 19:33:20,637][flwr][INFO] - 	       [ 51,  16,   3,  15,  45,  10, 143, 290,  34, 402]])),
[2024-06-20 19:33:20,637][flwr][INFO] - 	                      (6,
[2024-06-20 19:33:20,637][flwr][INFO] - 	                       array([[560,   3,  19, 291,   3,  13,  49,  11,  19,  12],
[2024-06-20 19:33:20,637][flwr][INFO] - 	       [ 24, 862,  58,  24,  79,  10,  50,   1,   0,  27],
[2024-06-20 19:33:20,637][flwr][INFO] - 	       [ 52,  38, 409, 245,  42,  12, 155,   5,  16,  58],
[2024-06-20 19:33:20,637][flwr][INFO] - 	       [ 24,  43,  78, 734,  12,  48,  28,   9,   7,  27],
[2024-06-20 19:33:20,637][flwr][INFO] - 	       [170,  21,  15,  34, 407,  44, 187,   4,  16,  84],
[2024-06-20 19:33:20,637][flwr][INFO] - 	       [125,  14,  42, 441,   4, 166,  39,  12,  38,  11],
[2024-06-20 19:33:20,637][flwr][INFO] - 	       [ 61,  22,  86,  74,  96,  18, 583,   1,  13,   4],
[2024-06-20 19:33:20,637][flwr][INFO] - 	       [ 51,  11,  32,  45,  70,  16,  48, 507,   7, 241],
[2024-06-20 19:33:20,637][flwr][INFO] - 	       [141,  58,  39, 461,  40,  12,  79,   1, 109,  34],
[2024-06-20 19:33:20,637][flwr][INFO] - 	       [183,  41,  12,  75, 109,  27, 142,  37,  46, 337]])),
[2024-06-20 19:33:20,637][flwr][INFO] - 	                      (7,
[2024-06-20 19:33:20,637][flwr][INFO] - 	                       array([[555,  10,  51, 113,   0,  28,  88,  25,  82,  28],
[2024-06-20 19:33:20,637][flwr][INFO] - 	       [ 25, 778, 124,  12,  14,   7,  25,   5,   2, 143],
[2024-06-20 19:33:20,637][flwr][INFO] - 	       [ 36,  38, 654,  70,  14,  11,  95,  13,  15,  86],
[2024-06-20 19:33:20,637][flwr][INFO] - 	       [ 16,  38, 232, 506,   1,  80,  15,  41,  16,  65],
[2024-06-20 19:33:20,637][flwr][INFO] - 	       [117,  12,  46,   6, 261,  54, 157,  23,  33, 273],
[2024-06-20 19:33:20,637][flwr][INFO] - 	       [ 42,  28, 142, 185,   0, 278,  49,  40,  99,  29],
[2024-06-20 19:33:20,637][flwr][INFO] - 	       [ 34,  17, 186,   8,  64,  19, 587,   5,  21,  17],
[2024-06-20 19:33:20,637][flwr][INFO] - 	       [ 26,   9,  70,   9,  17,  13,  28, 523,  16, 317],
[2024-06-20 19:33:20,637][flwr][INFO] - 	       [ 46,  86, 173, 235,  16,  22,  58,  16, 240,  82],
[2024-06-20 19:33:20,637][flwr][INFO] - 	       [ 68,  34,  39,  29,  40,  33,  95,  78,  54, 539]])),
[2024-06-20 19:33:20,637][flwr][INFO] - 	                      (8,
[2024-06-20 19:33:20,637][flwr][INFO] - 	                       array([[689,   5,  12,  81,   1,   7,  91,  10,  68,  16],
[2024-06-20 19:33:20,637][flwr][INFO] - 	       [ 44, 856,  58,  20,  20,   7,  53,   3,   7,  67],
[2024-06-20 19:33:20,637][flwr][INFO] - 	       [ 72,  37, 405, 197,  14,   6, 162,  12,  30,  97],
[2024-06-20 19:33:20,637][flwr][INFO] - 	       [ 35,  33,  62, 718,   4,  35,  17,  36,  26,  44],
[2024-06-20 19:33:20,638][flwr][INFO] - 	       [291,  11,  12,  13, 299,  20, 170,  26,  29, 111],
[2024-06-20 19:33:20,638][flwr][INFO] - 	       [ 99,  12,  36, 332,   7, 141,  85,  34, 125,  21],
[2024-06-20 19:33:20,638][flwr][INFO] - 	       [ 78,  11,  57,  15,  66,   9, 683,  10,  24,   5],
[2024-06-20 19:33:20,638][flwr][INFO] - 	       [110,  10,  19,  23,  23,  15,  40, 446,  11, 331],
[2024-06-20 19:33:20,638][flwr][INFO] - 	       [126,  50,  32, 319,  14,  12,  60,  12, 280,  69],
[2024-06-20 19:33:20,638][flwr][INFO] - 	       [311,  32,   8,  41, 110,  14, 113,  68,  43, 269]])),
[2024-06-20 19:33:20,638][flwr][INFO] - 	                      (9,
[2024-06-20 19:33:20,638][flwr][INFO] - 	                       array([[608,   5,  10, 114,   1,  40,  91,  14,  76,  21],
[2024-06-20 19:33:20,638][flwr][INFO] - 	       [ 49, 612,  54,  26,  21,  27, 127,  31,   6, 182],
[2024-06-20 19:33:20,638][flwr][INFO] - 	       [ 32,  12, 355, 173,  31,  15, 211,  22,  54, 127],
[2024-06-20 19:33:20,638][flwr][INFO] - 	       [ 13,  18,  53, 645,  12,  87,  27,  43,  50,  62],
[2024-06-20 19:33:20,638][flwr][INFO] - 	       [ 94,   4,   6,  13, 404,  82, 143,  32,  78, 126],
[2024-06-20 19:33:20,638][flwr][INFO] - 	       [ 30,   6,  23, 220,  11, 331,  84,  26, 142,  19],
[2024-06-20 19:33:20,638][flwr][INFO] - 	       [ 33,   4,  32,  17,  67,  47, 692,  15,  42,   9],
[2024-06-20 19:33:20,638][flwr][INFO] - 	       [ 53,   1,  13,  23,  29,  34,  32, 367,  19, 457],
[2024-06-20 19:33:20,638][flwr][INFO] - 	       [ 40,  20,  18, 282,  27,  32,  85,  14, 342, 114],
[2024-06-20 19:33:20,638][flwr][INFO] - 	       [ 76,  16,   3,  40, 181,  53,  71,  45, 131, 393]])),
[2024-06-20 19:33:20,638][flwr][INFO] - 	                      (10,
[2024-06-20 19:33:20,638][flwr][INFO] - 	                       array([[634,   4,   8, 112,   8,  77,  51,  11,  61,  14],
[2024-06-20 19:33:20,638][flwr][INFO] - 	       [ 15, 760, 182,  22,  35,  23,  13,  19,   0,  66],
[2024-06-20 19:33:20,638][flwr][INFO] - 	       [ 38,  11, 443, 109,  45,  27, 152,  24,  71, 112],
[2024-06-20 19:33:20,638][flwr][INFO] - 	       [ 18,  33, 115, 443,  26, 207,  27,  21,  86,  34],
[2024-06-20 19:33:20,638][flwr][INFO] - 	       [ 63,   8,  11,   7, 584, 106,  49,  16,  63,  75],
[2024-06-20 19:33:20,638][flwr][INFO] - 	       [ 54,   8,  34,  90,  15, 472,  50,  16, 139,  14],
[2024-06-20 19:33:20,638][flwr][INFO] - 	       [ 32,   5,  35,  11, 129,  79, 599,  11,  51,   6],
[2024-06-20 19:33:20,638][flwr][INFO] - 	       [ 83,  12,  38,  15,  70,  50,  13, 356,  13, 378],
[2024-06-20 19:33:20,638][flwr][INFO] - 	       [ 51,  21,  54, 199,  67,  62,  45,   9, 423,  43],
[2024-06-20 19:33:20,638][flwr][INFO] - 	       [ 94,  19,  19,  23, 350,  73,  29,  35, 106, 261]]))],
[2024-06-20 19:33:20,638][flwr][INFO] - 	 'f1': [(0, 0.03553137346181725),
[2024-06-20 19:33:20,638][flwr][INFO] - 	        (1, 0.03674433821502924),
[2024-06-20 19:33:20,638][flwr][INFO] - 	        (2, 0.2126209951192503),
[2024-06-20 19:33:20,638][flwr][INFO] - 	        (3, 0.2337589832241959),
[2024-06-20 19:33:20,638][flwr][INFO] - 	        (4, 0.359992345648878),
[2024-06-20 19:33:20,638][flwr][INFO] - 	        (5, 0.4233110844753564),
[2024-06-20 19:33:20,638][flwr][INFO] - 	        (6, 0.4563630695277238),
[2024-06-20 19:33:20,638][flwr][INFO] - 	        (7, 0.4877538256118925),
[2024-06-20 19:33:20,638][flwr][INFO] - 	        (8, 0.4653321586794661),
[2024-06-20 19:33:20,638][flwr][INFO] - 	        (9, 0.4777095108226325),
[2024-06-20 19:33:20,638][flwr][INFO] - 	        (10, 0.4992029774272827)],
[2024-06-20 19:33:20,638][flwr][INFO] - 	 'precision': [(0, 0.12349967530374152),
[2024-06-20 19:33:20,638][flwr][INFO] - 	               (1, 0.17091732799026899),
[2024-06-20 19:33:20,638][flwr][INFO] - 	               (2, 0.26377287035324043),
[2024-06-20 19:33:20,638][flwr][INFO] - 	               (3, 0.3152747715656481),
[2024-06-20 19:33:20,639][flwr][INFO] - 	               (4, 0.41733502116376286),
[2024-06-20 19:33:20,639][flwr][INFO] - 	               (5, 0.4767324162478444),
[2024-06-20 19:33:20,639][flwr][INFO] - 	               (6, 0.5077965539982893),
[2024-06-20 19:33:20,639][flwr][INFO] - 	               (7, 0.52064201477173),
[2024-06-20 19:33:20,639][flwr][INFO] - 	               (8, 0.512010083422152),
[2024-06-20 19:33:20,639][flwr][INFO] - 	               (9, 0.5201758653120095),
[2024-06-20 19:33:20,639][flwr][INFO] - 	               (10, 0.5197721723427554)],
[2024-06-20 19:33:20,639][flwr][INFO] - 	 'recall': [(0, 0.1086),
[2024-06-20 19:33:20,639][flwr][INFO] - 	            (1, 0.06),
[2024-06-20 19:33:20,639][flwr][INFO] - 	            (2, 0.2627),
[2024-06-20 19:33:20,639][flwr][INFO] - 	            (3, 0.265),
[2024-06-20 19:33:20,639][flwr][INFO] - 	            (4, 0.3792),
[2024-06-20 19:33:20,639][flwr][INFO] - 	            (5, 0.4382),
[2024-06-20 19:33:20,639][flwr][INFO] - 	            (6, 0.4674),
[2024-06-20 19:33:20,639][flwr][INFO] - 	            (7, 0.4921),
[2024-06-20 19:33:20,639][flwr][INFO] - 	            (8, 0.4786),
[2024-06-20 19:33:20,639][flwr][INFO] - 	            (9, 0.4749),
[2024-06-20 19:33:20,639][flwr][INFO] - 	            (10, 0.4975)]}
[2024-06-20 19:33:20,639][flwr][INFO] - 
