[2024-06-20 17:41:37,713][flwr][INFO] - Starting Flower simulation, config: num_rounds=10, no round_timeout
[2024-06-20 17:41:39,765][flwr][INFO] - Flower VCE: Ray initialized with resources: {'memory': 10360265114.0, 'node:127.0.0.1': 1.0, 'CPU': 12.0, 'node:__internal_head__': 1.0, 'object_store_memory': 2147483648.0}
[2024-06-20 17:41:39,765][flwr][INFO] - Optimize your simulation with Flower VCE: https://flower.ai/docs/framework/how-to-run-simulations.html
[2024-06-20 17:41:39,765][flwr][INFO] - Flower VCE: Resources for each Virtual Client: {'num_cpus': 2, 'num_gpus': 0}
[2024-06-20 17:41:39,772][flwr][INFO] - Flower VCE: Creating VirtualClientEngineActorPool with 6 actors
[2024-06-20 17:41:39,772][flwr][INFO] - [INIT]
[2024-06-20 17:41:39,773][flwr][INFO] - Requesting initial parameters from one random client
[2024-06-20 17:52:12,880][flwr][INFO] - Received initial parameters from one random client
[2024-06-20 17:52:12,880][flwr][INFO] - Evaluating initial global parameters
[2024-06-20 17:52:13,394][flwr][INFO] - initial parameters (loss, other metrics): 181.76928067207336, {'accuracy': 0.1086, 'precision': 0.12349967530374152, 'recall': 0.1086, 'f1': 0.03553137346181725, 'confusion_matrix': array([[   0,    8,    0,  956,    0,    1,    0,   15,    0,    0],
       [   0,  122,    0, 1013,    0,    0,    0,    0,    0,    0],
       [   0,   38,    0,  971,    0,    0,    3,   19,    1,    0],
       [   0,   44,    0,  945,    1,    1,    0,   17,    2,    0],
       [   0,  143,    0,  816,    1,    0,    2,   20,    0,    0],
       [   0,  118,    0,  735,    1,    7,    0,   30,    1,    0],
       [   0,  144,    0,  749,   25,    0,    2,   38,    0,    0],
       [   0,  272,    0,  724,    8,    0,    0,    9,   15,    0],
       [   0,   81,    0,  859,    1,    0,    1,   32,    0,    0],
       [   0,  178,    0,  799,    1,    0,    0,   31,    0,    0]])}
[2024-06-20 17:52:13,394][flwr][INFO] - 
[2024-06-20 17:52:13,394][flwr][INFO] - [ROUND 1]
[2024-06-20 17:52:13,395][flwr][INFO] - configure_fit: strategy sampled 10 clients (out of 100)
[2024-06-20 17:52:27,183][flwr][INFO] - aggregate_fit: received 10 results and 0 failures
[2024-06-20 17:52:27,209][flwr][WARNING] - No fit_metrics_aggregation_fn provided
[2024-06-20 17:52:27,743][flwr][INFO] - fit progress: (1, 73.3175373673439, {'accuracy': 0.7105, 'precision': 0.7618082994783405, 'recall': 0.7105, 'f1': 0.6926588171549449, 'confusion_matrix': array([[ 930,    0,   15,    4,    0,    0,   26,    2,    3,    0],
       [   0, 1020,   55,   13,    0,    0,    2,    3,   41,    1],
       [  16,    2,  919,   25,    2,    0,   23,   27,   12,    6],
       [  13,    1,   95,  825,    0,    2,    6,   41,   23,    4],
       [   7,    4,   31,    0,  264,    1,   41,   93,    9,  532],
       [  82,    7,   57,  256,    2,  287,   41,   81,   69,   10],
       [  29,    3,   69,    1,    1,    4,  844,    2,    2,    3],
       [   3,    6,   37,    0,    0,    0,    1,  973,    4,    4],
       [  22,    2,  136,  135,    0,    5,    9,   54,  574,   37],
       [  21,    5,   11,   11,    5,    0,    0,  481,    6,  469]])}, 14.347973957999999)
[2024-06-20 17:52:27,743][flwr][INFO] - configure_evaluate: no clients selected, skipping evaluation
[2024-06-20 17:52:27,743][flwr][INFO] - 
[2024-06-20 17:52:27,743][flwr][INFO] - [ROUND 2]
[2024-06-20 17:52:27,744][flwr][INFO] - configure_fit: strategy sampled 10 clients (out of 100)
[2024-06-20 17:52:34,065][flwr][INFO] - aggregate_fit: received 10 results and 0 failures
[2024-06-20 17:52:34,532][flwr][INFO] - fit progress: (2, 33.94850851595402, {'accuracy': 0.8825, 'precision': 0.884113928182179, 'recall': 0.8825, 'f1': 0.882225103663104, 'confusion_matrix': array([[ 941,    0,    4,    1,    0,   13,   17,    1,    3,    0],
       [   0, 1091,    3,    3,    0,    1,    4,    0,   33,    0],
       [  11,   10,  884,   17,   12,    4,   38,   12,   38,    6],
       [   6,    6,   44,  813,    0,   54,    4,   15,   59,    9],
       [   0,    2,    5,    0,  896,    0,   33,    1,   11,   34],
       [  13,    5,   10,   36,   18,  732,   29,    9,   36,    4],
       [  17,    4,    4,    0,    4,   18,  908,    1,    2,    0],
       [   3,   21,   39,    0,   11,    0,    0,  900,   10,   44],
       [   7,    9,   16,    9,    9,   41,   20,    5,  839,   19],
       [  11,    6,    4,    4,   85,    8,    4,   26,   40,  821]])}, 21.137212417)
[2024-06-20 17:52:34,533][flwr][INFO] - configure_evaluate: no clients selected, skipping evaluation
[2024-06-20 17:52:34,533][flwr][INFO] - 
[2024-06-20 17:52:34,533][flwr][INFO] - [ROUND 3]
[2024-06-20 17:52:34,533][flwr][INFO] - configure_fit: strategy sampled 10 clients (out of 100)
[2024-06-20 17:52:40,306][flwr][INFO] - aggregate_fit: received 10 results and 0 failures
[2024-06-20 17:52:40,768][flwr][INFO] - fit progress: (3, 27.566017534583807, {'accuracy': 0.9052, 'precision': 0.9054111666856658, 'recall': 0.9052, 'f1': 0.904874575927631, 'confusion_matrix': array([[ 963,    0,    1,    1,    0,    8,    3,    1,    3,    0],
       [   0, 1100,    4,    5,    0,    5,    4,    1,   16,    0],
       [  11,    7,  905,   25,   17,    2,   15,   16,   28,    6],
       [   5,    3,   23,  898,    0,   41,    1,   20,   13,    6],
       [   1,    4,    6,    0,  892,    3,   16,    1,    4,   55],
       [  16,    5,   11,   33,    7,  780,    7,   10,   18,    5],
       [  23,    4,    3,    0,   13,   21,  891,    1,    2,    0],
       [   4,   11,   29,    3,    6,    0,    0,  933,    3,   39],
       [   9,    7,   15,   41,   11,   59,   11,    9,  784,   28],
       [  13,    6,    3,    8,   34,   13,    1,   21,    4,  906]])}, 27.37335875)
[2024-06-20 17:52:40,769][flwr][INFO] - configure_evaluate: no clients selected, skipping evaluation
[2024-06-20 17:52:40,769][flwr][INFO] - 
[2024-06-20 17:52:40,769][flwr][INFO] - [ROUND 4]
[2024-06-20 17:52:40,769][flwr][INFO] - configure_fit: strategy sampled 10 clients (out of 100)
[2024-06-20 17:52:46,727][flwr][INFO] - aggregate_fit: received 10 results and 0 failures
[2024-06-20 17:52:47,193][flwr][INFO] - fit progress: (4, 23.93404228426516, {'accuracy': 0.9114, 'precision': 0.9114552955149083, 'recall': 0.9114, 'f1': 0.9110608193406119, 'confusion_matrix': array([[ 965,    0,    1,    1,    0,    6,    5,    1,    1,    0],
       [   0, 1097,    4,    4,    0,    2,    4,    2,   22,    0],
       [  12,    5,  899,   28,   22,    0,   19,   17,   24,    6],
       [   3,    1,   17,  924,    1,   24,    0,   21,   16,    3],
       [   1,    1,    4,    0,  896,    0,   14,    1,    5,   60],
       [  19,    3,   10,   42,   14,  756,    8,   10,   22,    8],
       [  21,    3,    4,    1,    9,   15,  901,    1,    3,    0],
       [   7,   14,   21,    4,    6,    0,    0,  945,    1,   30],
       [  12,    8,   11,   32,   12,   36,   13,    7,  828,   15],
       [  17,    5,    2,   10,   40,    4,    1,   21,    6,  903]])}, 33.798392083)
[2024-06-20 17:52:47,194][flwr][INFO] - configure_evaluate: no clients selected, skipping evaluation
[2024-06-20 17:52:47,194][flwr][INFO] - 
[2024-06-20 17:52:47,194][flwr][INFO] - [ROUND 5]
[2024-06-20 17:52:47,194][flwr][INFO] - configure_fit: strategy sampled 10 clients (out of 100)
[2024-06-20 17:52:52,561][flwr][INFO] - aggregate_fit: received 10 results and 0 failures
[2024-06-20 17:52:53,011][flwr][INFO] - fit progress: (5, 22.301188150420785, {'accuracy': 0.9174, 'precision': 0.9181601617384842, 'recall': 0.9174, 'f1': 0.9173565338325438, 'confusion_matrix': array([[ 964,    0,    0,    1,    0,    6,    5,    1,    3,    0],
       [   0, 1098,    3,    4,    1,    1,    5,    1,   22,    0],
       [  11,    1,  908,   18,   20,    1,   15,   18,   34,    6],
       [   3,    0,   15,  924,    1,   24,    2,   13,   17,   11],
       [   1,    1,    4,    0,  919,    0,   10,    0,    4,   43],
       [  14,    2,    3,   34,   13,  775,   16,    5,   22,    8],
       [  16,    3,    1,    0,   14,   15,  905,    1,    3,    0],
       [   2,    7,   27,    8,    8,    0,    0,  926,    0,   50],
       [   9,    3,    4,   25,   15,   26,   15,    2,  851,   24],
       [  13,    4,    1,   10,   58,    5,    1,    6,    7,  904]])}, 39.616344083)
[2024-06-20 17:52:53,012][flwr][INFO] - configure_evaluate: no clients selected, skipping evaluation
[2024-06-20 17:52:53,012][flwr][INFO] - 
[2024-06-20 17:52:53,012][flwr][INFO] - [ROUND 6]
[2024-06-20 17:52:53,012][flwr][INFO] - configure_fit: strategy sampled 10 clients (out of 100)
[2024-06-20 17:52:58,916][flwr][INFO] - aggregate_fit: received 10 results and 0 failures
[2024-06-20 17:52:59,370][flwr][INFO] - fit progress: (6, 20.376124404370785, {'accuracy': 0.9263, 'precision': 0.9265365582291545, 'recall': 0.9263, 'f1': 0.9260992580052878, 'confusion_matrix': array([[ 970,    0,    0,    1,    0,    2,    4,    1,    2,    0],
       [   0, 1107,    4,    2,    1,    2,    4,    0,   15,    0],
       [  12,    4,  946,   14,   14,    1,   10,   10,   18,    3],
       [   4,    1,   23,  921,    0,   23,    2,   12,   15,    9],
       [   1,    1,    6,    0,  929,    0,   13,    0,    3,   29],
       [  15,    1,    4,   26,    6,  794,   17,    2,   22,    5],
       [  15,    3,    3,    1,   12,   11,  909,    1,    3,    0],
       [   6,   11,   34,    4,    8,    1,    0,  928,    0,   36],
       [   8,    6,   10,   23,   14,   28,   13,    4,  851,   17],
       [  14,    7,    2,   10,   50,    7,    1,    5,    5,  908]])}, 45.97571475)
[2024-06-20 17:52:59,371][flwr][INFO] - configure_evaluate: no clients selected, skipping evaluation
[2024-06-20 17:52:59,371][flwr][INFO] - 
[2024-06-20 17:52:59,371][flwr][INFO] - [ROUND 7]
[2024-06-20 17:52:59,371][flwr][INFO] - configure_fit: strategy sampled 10 clients (out of 100)
[2024-06-20 17:53:04,709][flwr][INFO] - aggregate_fit: received 10 results and 0 failures
[2024-06-20 17:53:05,051][flwr][INFO] - fit progress: (7, 18.482861073687673, {'accuracy': 0.9325, 'precision': 0.9324786197193309, 'recall': 0.9325, 'f1': 0.9322799071092264, 'confusion_matrix': array([[ 967,    0,    0,    2,    0,    2,    6,    1,    2,    0],
       [   0, 1116,    4,    2,    0,    1,    4,    0,    8,    0],
       [  12,    6,  947,   14,   10,    1,    9,   14,   17,    2],
       [   2,    1,   18,  912,    0,   42,    1,   13,   14,    7],
       [   1,    3,    4,    0,  925,    0,   17,    0,    5,   27],
       [   8,    3,    3,   20,    4,  817,   14,    1,   18,    4],
       [  14,    3,    2,    1,    9,    7,  920,    0,    2,    0],
       [   3,   18,   23,    3,    5,    0,    0,  945,    0,   31],
       [   9,    8,    7,   26,    7,   20,   13,    5,  863,   16],
       [  12,    7,    1,    8,   44,   11,    1,    7,    5,  913]])}, 51.656840583000005)
[2024-06-20 17:53:05,052][flwr][INFO] - configure_evaluate: no clients selected, skipping evaluation
[2024-06-20 17:53:05,052][flwr][INFO] - 
[2024-06-20 17:53:05,052][flwr][INFO] - [ROUND 8]
[2024-06-20 17:53:05,052][flwr][INFO] - configure_fit: strategy sampled 10 clients (out of 100)
[2024-06-20 17:53:09,602][flwr][INFO] - aggregate_fit: received 10 results and 0 failures
[2024-06-20 17:53:09,958][flwr][INFO] - fit progress: (8, 17.36208241712302, {'accuracy': 0.9365, 'precision': 0.9368184978020717, 'recall': 0.9365, 'f1': 0.9364384758338543, 'confusion_matrix': array([[ 967,    0,    1,    2,    0,    3,    4,    1,    2,    0],
       [   0, 1114,    2,    3,    1,    0,    4,    0,   11,    0],
       [  13,    3,  949,    8,   15,    1,    9,   12,   20,    2],
       [   3,    0,   14,  919,    0,   32,    0,   15,   21,    6],
       [   1,    1,    4,    0,  936,    0,   11,    0,    5,   24],
       [   9,    1,    2,   11,    5,  829,   11,    3,   16,    5],
       [   9,    3,    1,    1,   10,   20,  910,    0,    4,    0],
       [   2,    9,   21,    8,    7,    0,    0,  943,    0,   38],
       [   6,    3,    4,   12,   12,   20,   11,    5,  883,   18],
       [  11,    7,    0,    5,   47,    7,    1,    6,   10,  915]])}, 56.56411025)
[2024-06-20 17:53:09,959][flwr][INFO] - configure_evaluate: no clients selected, skipping evaluation
[2024-06-20 17:53:09,959][flwr][INFO] - 
[2024-06-20 17:53:09,959][flwr][INFO] - [ROUND 9]
[2024-06-20 17:53:09,959][flwr][INFO] - configure_fit: strategy sampled 10 clients (out of 100)
[2024-06-20 17:53:14,655][flwr][INFO] - aggregate_fit: received 10 results and 0 failures
[2024-06-20 17:53:15,010][flwr][INFO] - fit progress: (9, 16.294897777028382, {'accuracy': 0.9399, 'precision': 0.9398919509258138, 'recall': 0.9399, 'f1': 0.9398280526000055, 'confusion_matrix': array([[ 962,    0,    1,    2,    0,    3,    7,    2,    3,    0],
       [   0, 1118,    3,    3,    0,    0,    3,    0,    8,    0],
       [   9,    3,  961,   10,    7,    1,    5,   15,   19,    2],
       [   2,    1,   14,  940,    0,   11,    0,   17,   20,    5],
       [   0,    4,    5,    0,  918,    0,   13,    1,    4,   37],
       [   8,    3,    1,   27,    2,  815,    8,    4,   20,    4],
       [   9,    3,    2,    1,    9,   17,  912,    0,    5,    0],
       [   1,   15,   15,    7,    3,    1,    0,  955,    0,   31],
       [   4,    6,    5,   11,    9,   18,    5,    8,  899,    9],
       [   9,    7,    0,    8,   40,    6,    1,    7,   12,  919]])}, 61.61592412500001)
[2024-06-20 17:53:15,011][flwr][INFO] - configure_evaluate: no clients selected, skipping evaluation
[2024-06-20 17:53:15,011][flwr][INFO] - 
[2024-06-20 17:53:15,011][flwr][INFO] - [ROUND 10]
[2024-06-20 17:53:15,011][flwr][INFO] - configure_fit: strategy sampled 10 clients (out of 100)
[2024-06-20 17:53:19,612][flwr][INFO] - aggregate_fit: received 10 results and 0 failures
[2024-06-20 17:53:19,954][flwr][INFO] - fit progress: (10, 15.742670078761876, {'accuracy': 0.9403, 'precision': 0.9404059602826099, 'recall': 0.9403, 'f1': 0.9401900810295467, 'confusion_matrix': array([[ 968,    0,    0,    1,    0,    3,    6,    1,    1,    0],
       [   0, 1119,    3,    3,    0,    1,    3,    0,    6,    0],
       [   9,    3,  954,   11,   14,    2,   10,   13,   16,    0],
       [   2,    2,   11,  946,    1,   21,    0,   11,   13,    3],
       [   1,    2,    4,    0,  926,    0,   12,    0,    3,   34],
       [   9,    1,    0,   19,    3,  828,    9,    1,   17,    5],
       [  15,    3,    0,    0,   11,   16,  909,    0,    4,    0],
       [   2,   16,   21,   10,    4,    1,    0,  939,    0,   35],
       [   5,    4,    7,   25,    8,   18,    8,    6,  884,    9],
       [  10,    8,    0,    7,   33,    6,    1,    5,    9,  930]])}, 66.559428583)
[2024-06-20 17:53:19,954][flwr][INFO] - configure_evaluate: no clients selected, skipping evaluation
[2024-06-20 17:53:19,954][flwr][INFO] - 
[2024-06-20 17:53:19,954][flwr][INFO] - [SUMMARY]
[2024-06-20 17:53:19,954][flwr][INFO] - Run finished 10 round(s) in 66.56s
[2024-06-20 17:53:19,958][flwr][INFO] - 	History (loss, centralized):
[2024-06-20 17:53:19,959][flwr][INFO] - 		round 0: 181.76928067207336
[2024-06-20 17:53:19,959][flwr][INFO] - 		round 1: 73.3175373673439
[2024-06-20 17:53:19,959][flwr][INFO] - 		round 2: 33.94850851595402
[2024-06-20 17:53:19,959][flwr][INFO] - 		round 3: 27.566017534583807
[2024-06-20 17:53:19,959][flwr][INFO] - 		round 4: 23.93404228426516
[2024-06-20 17:53:19,959][flwr][INFO] - 		round 5: 22.301188150420785
[2024-06-20 17:53:19,959][flwr][INFO] - 		round 6: 20.376124404370785
[2024-06-20 17:53:19,959][flwr][INFO] - 		round 7: 18.482861073687673
[2024-06-20 17:53:19,959][flwr][INFO] - 		round 8: 17.36208241712302
[2024-06-20 17:53:19,959][flwr][INFO] - 		round 9: 16.294897777028382
[2024-06-20 17:53:19,959][flwr][INFO] - 		round 10: 15.742670078761876
[2024-06-20 17:53:19,959][flwr][INFO] - 	History (metrics, centralized):
[2024-06-20 17:53:19,959][flwr][INFO] - 	{'accuracy': [(0, 0.1086),
[2024-06-20 17:53:19,959][flwr][INFO] - 	              (1, 0.7105),
[2024-06-20 17:53:19,959][flwr][INFO] - 	              (2, 0.8825),
[2024-06-20 17:53:19,959][flwr][INFO] - 	              (3, 0.9052),
[2024-06-20 17:53:19,959][flwr][INFO] - 	              (4, 0.9114),
[2024-06-20 17:53:19,959][flwr][INFO] - 	              (5, 0.9174),
[2024-06-20 17:53:19,959][flwr][INFO] - 	              (6, 0.9263),
[2024-06-20 17:53:19,959][flwr][INFO] - 	              (7, 0.9325),
[2024-06-20 17:53:19,959][flwr][INFO] - 	              (8, 0.9365),
[2024-06-20 17:53:19,959][flwr][INFO] - 	              (9, 0.9399),
[2024-06-20 17:53:19,959][flwr][INFO] - 	              (10, 0.9403)],
[2024-06-20 17:53:19,959][flwr][INFO] - 	 'confusion_matrix': [(0,
[2024-06-20 17:53:19,959][flwr][INFO] - 	                       array([[   0,    8,    0,  956,    0,    1,    0,   15,    0,    0],
[2024-06-20 17:53:19,959][flwr][INFO] - 	       [   0,  122,    0, 1013,    0,    0,    0,    0,    0,    0],
[2024-06-20 17:53:19,959][flwr][INFO] - 	       [   0,   38,    0,  971,    0,    0,    3,   19,    1,    0],
[2024-06-20 17:53:19,959][flwr][INFO] - 	       [   0,   44,    0,  945,    1,    1,    0,   17,    2,    0],
[2024-06-20 17:53:19,959][flwr][INFO] - 	       [   0,  143,    0,  816,    1,    0,    2,   20,    0,    0],
[2024-06-20 17:53:19,959][flwr][INFO] - 	       [   0,  118,    0,  735,    1,    7,    0,   30,    1,    0],
[2024-06-20 17:53:19,959][flwr][INFO] - 	       [   0,  144,    0,  749,   25,    0,    2,   38,    0,    0],
[2024-06-20 17:53:19,959][flwr][INFO] - 	       [   0,  272,    0,  724,    8,    0,    0,    9,   15,    0],
[2024-06-20 17:53:19,959][flwr][INFO] - 	       [   0,   81,    0,  859,    1,    0,    1,   32,    0,    0],
[2024-06-20 17:53:19,960][flwr][INFO] - 	       [   0,  178,    0,  799,    1,    0,    0,   31,    0,    0]])),
[2024-06-20 17:53:19,960][flwr][INFO] - 	                      (1,
[2024-06-20 17:53:19,960][flwr][INFO] - 	                       array([[ 930,    0,   15,    4,    0,    0,   26,    2,    3,    0],
[2024-06-20 17:53:19,960][flwr][INFO] - 	       [   0, 1020,   55,   13,    0,    0,    2,    3,   41,    1],
[2024-06-20 17:53:19,960][flwr][INFO] - 	       [  16,    2,  919,   25,    2,    0,   23,   27,   12,    6],
[2024-06-20 17:53:19,960][flwr][INFO] - 	       [  13,    1,   95,  825,    0,    2,    6,   41,   23,    4],
[2024-06-20 17:53:19,960][flwr][INFO] - 	       [   7,    4,   31,    0,  264,    1,   41,   93,    9,  532],
[2024-06-20 17:53:19,960][flwr][INFO] - 	       [  82,    7,   57,  256,    2,  287,   41,   81,   69,   10],
[2024-06-20 17:53:19,960][flwr][INFO] - 	       [  29,    3,   69,    1,    1,    4,  844,    2,    2,    3],
[2024-06-20 17:53:19,960][flwr][INFO] - 	       [   3,    6,   37,    0,    0,    0,    1,  973,    4,    4],
[2024-06-20 17:53:19,960][flwr][INFO] - 	       [  22,    2,  136,  135,    0,    5,    9,   54,  574,   37],
[2024-06-20 17:53:19,960][flwr][INFO] - 	       [  21,    5,   11,   11,    5,    0,    0,  481,    6,  469]])),
[2024-06-20 17:53:19,960][flwr][INFO] - 	                      (2,
[2024-06-20 17:53:19,960][flwr][INFO] - 	                       array([[ 941,    0,    4,    1,    0,   13,   17,    1,    3,    0],
[2024-06-20 17:53:19,960][flwr][INFO] - 	       [   0, 1091,    3,    3,    0,    1,    4,    0,   33,    0],
[2024-06-20 17:53:19,960][flwr][INFO] - 	       [  11,   10,  884,   17,   12,    4,   38,   12,   38,    6],
[2024-06-20 17:53:19,960][flwr][INFO] - 	       [   6,    6,   44,  813,    0,   54,    4,   15,   59,    9],
[2024-06-20 17:53:19,960][flwr][INFO] - 	       [   0,    2,    5,    0,  896,    0,   33,    1,   11,   34],
[2024-06-20 17:53:19,960][flwr][INFO] - 	       [  13,    5,   10,   36,   18,  732,   29,    9,   36,    4],
[2024-06-20 17:53:19,960][flwr][INFO] - 	       [  17,    4,    4,    0,    4,   18,  908,    1,    2,    0],
[2024-06-20 17:53:19,960][flwr][INFO] - 	       [   3,   21,   39,    0,   11,    0,    0,  900,   10,   44],
[2024-06-20 17:53:19,960][flwr][INFO] - 	       [   7,    9,   16,    9,    9,   41,   20,    5,  839,   19],
[2024-06-20 17:53:19,960][flwr][INFO] - 	       [  11,    6,    4,    4,   85,    8,    4,   26,   40,  821]])),
[2024-06-20 17:53:19,960][flwr][INFO] - 	                      (3,
[2024-06-20 17:53:19,960][flwr][INFO] - 	                       array([[ 963,    0,    1,    1,    0,    8,    3,    1,    3,    0],
[2024-06-20 17:53:19,960][flwr][INFO] - 	       [   0, 1100,    4,    5,    0,    5,    4,    1,   16,    0],
[2024-06-20 17:53:19,960][flwr][INFO] - 	       [  11,    7,  905,   25,   17,    2,   15,   16,   28,    6],
[2024-06-20 17:53:19,960][flwr][INFO] - 	       [   5,    3,   23,  898,    0,   41,    1,   20,   13,    6],
[2024-06-20 17:53:19,960][flwr][INFO] - 	       [   1,    4,    6,    0,  892,    3,   16,    1,    4,   55],
[2024-06-20 17:53:19,960][flwr][INFO] - 	       [  16,    5,   11,   33,    7,  780,    7,   10,   18,    5],
[2024-06-20 17:53:19,960][flwr][INFO] - 	       [  23,    4,    3,    0,   13,   21,  891,    1,    2,    0],
[2024-06-20 17:53:19,960][flwr][INFO] - 	       [   4,   11,   29,    3,    6,    0,    0,  933,    3,   39],
[2024-06-20 17:53:19,960][flwr][INFO] - 	       [   9,    7,   15,   41,   11,   59,   11,    9,  784,   28],
[2024-06-20 17:53:19,960][flwr][INFO] - 	       [  13,    6,    3,    8,   34,   13,    1,   21,    4,  906]])),
[2024-06-20 17:53:19,960][flwr][INFO] - 	                      (4,
[2024-06-20 17:53:19,960][flwr][INFO] - 	                       array([[ 965,    0,    1,    1,    0,    6,    5,    1,    1,    0],
[2024-06-20 17:53:19,960][flwr][INFO] - 	       [   0, 1097,    4,    4,    0,    2,    4,    2,   22,    0],
[2024-06-20 17:53:19,960][flwr][INFO] - 	       [  12,    5,  899,   28,   22,    0,   19,   17,   24,    6],
[2024-06-20 17:53:19,960][flwr][INFO] - 	       [   3,    1,   17,  924,    1,   24,    0,   21,   16,    3],
[2024-06-20 17:53:19,960][flwr][INFO] - 	       [   1,    1,    4,    0,  896,    0,   14,    1,    5,   60],
[2024-06-20 17:53:19,960][flwr][INFO] - 	       [  19,    3,   10,   42,   14,  756,    8,   10,   22,    8],
[2024-06-20 17:53:19,960][flwr][INFO] - 	       [  21,    3,    4,    1,    9,   15,  901,    1,    3,    0],
[2024-06-20 17:53:19,960][flwr][INFO] - 	       [   7,   14,   21,    4,    6,    0,    0,  945,    1,   30],
[2024-06-20 17:53:19,960][flwr][INFO] - 	       [  12,    8,   11,   32,   12,   36,   13,    7,  828,   15],
[2024-06-20 17:53:19,960][flwr][INFO] - 	       [  17,    5,    2,   10,   40,    4,    1,   21,    6,  903]])),
[2024-06-20 17:53:19,960][flwr][INFO] - 	                      (5,
[2024-06-20 17:53:19,960][flwr][INFO] - 	                       array([[ 964,    0,    0,    1,    0,    6,    5,    1,    3,    0],
[2024-06-20 17:53:19,960][flwr][INFO] - 	       [   0, 1098,    3,    4,    1,    1,    5,    1,   22,    0],
[2024-06-20 17:53:19,960][flwr][INFO] - 	       [  11,    1,  908,   18,   20,    1,   15,   18,   34,    6],
[2024-06-20 17:53:19,960][flwr][INFO] - 	       [   3,    0,   15,  924,    1,   24,    2,   13,   17,   11],
[2024-06-20 17:53:19,960][flwr][INFO] - 	       [   1,    1,    4,    0,  919,    0,   10,    0,    4,   43],
[2024-06-20 17:53:19,960][flwr][INFO] - 	       [  14,    2,    3,   34,   13,  775,   16,    5,   22,    8],
[2024-06-20 17:53:19,961][flwr][INFO] - 	       [  16,    3,    1,    0,   14,   15,  905,    1,    3,    0],
[2024-06-20 17:53:19,961][flwr][INFO] - 	       [   2,    7,   27,    8,    8,    0,    0,  926,    0,   50],
[2024-06-20 17:53:19,961][flwr][INFO] - 	       [   9,    3,    4,   25,   15,   26,   15,    2,  851,   24],
[2024-06-20 17:53:19,961][flwr][INFO] - 	       [  13,    4,    1,   10,   58,    5,    1,    6,    7,  904]])),
[2024-06-20 17:53:19,961][flwr][INFO] - 	                      (6,
[2024-06-20 17:53:19,961][flwr][INFO] - 	                       array([[ 970,    0,    0,    1,    0,    2,    4,    1,    2,    0],
[2024-06-20 17:53:19,961][flwr][INFO] - 	       [   0, 1107,    4,    2,    1,    2,    4,    0,   15,    0],
[2024-06-20 17:53:19,961][flwr][INFO] - 	       [  12,    4,  946,   14,   14,    1,   10,   10,   18,    3],
[2024-06-20 17:53:19,961][flwr][INFO] - 	       [   4,    1,   23,  921,    0,   23,    2,   12,   15,    9],
[2024-06-20 17:53:19,961][flwr][INFO] - 	       [   1,    1,    6,    0,  929,    0,   13,    0,    3,   29],
[2024-06-20 17:53:19,961][flwr][INFO] - 	       [  15,    1,    4,   26,    6,  794,   17,    2,   22,    5],
[2024-06-20 17:53:19,961][flwr][INFO] - 	       [  15,    3,    3,    1,   12,   11,  909,    1,    3,    0],
[2024-06-20 17:53:19,961][flwr][INFO] - 	       [   6,   11,   34,    4,    8,    1,    0,  928,    0,   36],
[2024-06-20 17:53:19,961][flwr][INFO] - 	       [   8,    6,   10,   23,   14,   28,   13,    4,  851,   17],
[2024-06-20 17:53:19,961][flwr][INFO] - 	       [  14,    7,    2,   10,   50,    7,    1,    5,    5,  908]])),
[2024-06-20 17:53:19,961][flwr][INFO] - 	                      (7,
[2024-06-20 17:53:19,961][flwr][INFO] - 	                       array([[ 967,    0,    0,    2,    0,    2,    6,    1,    2,    0],
[2024-06-20 17:53:19,961][flwr][INFO] - 	       [   0, 1116,    4,    2,    0,    1,    4,    0,    8,    0],
[2024-06-20 17:53:19,961][flwr][INFO] - 	       [  12,    6,  947,   14,   10,    1,    9,   14,   17,    2],
[2024-06-20 17:53:19,961][flwr][INFO] - 	       [   2,    1,   18,  912,    0,   42,    1,   13,   14,    7],
[2024-06-20 17:53:19,961][flwr][INFO] - 	       [   1,    3,    4,    0,  925,    0,   17,    0,    5,   27],
[2024-06-20 17:53:19,961][flwr][INFO] - 	       [   8,    3,    3,   20,    4,  817,   14,    1,   18,    4],
[2024-06-20 17:53:19,961][flwr][INFO] - 	       [  14,    3,    2,    1,    9,    7,  920,    0,    2,    0],
[2024-06-20 17:53:19,961][flwr][INFO] - 	       [   3,   18,   23,    3,    5,    0,    0,  945,    0,   31],
[2024-06-20 17:53:19,961][flwr][INFO] - 	       [   9,    8,    7,   26,    7,   20,   13,    5,  863,   16],
[2024-06-20 17:53:19,961][flwr][INFO] - 	       [  12,    7,    1,    8,   44,   11,    1,    7,    5,  913]])),
[2024-06-20 17:53:19,961][flwr][INFO] - 	                      (8,
[2024-06-20 17:53:19,961][flwr][INFO] - 	                       array([[ 967,    0,    1,    2,    0,    3,    4,    1,    2,    0],
[2024-06-20 17:53:19,961][flwr][INFO] - 	       [   0, 1114,    2,    3,    1,    0,    4,    0,   11,    0],
[2024-06-20 17:53:19,961][flwr][INFO] - 	       [  13,    3,  949,    8,   15,    1,    9,   12,   20,    2],
[2024-06-20 17:53:19,961][flwr][INFO] - 	       [   3,    0,   14,  919,    0,   32,    0,   15,   21,    6],
[2024-06-20 17:53:19,961][flwr][INFO] - 	       [   1,    1,    4,    0,  936,    0,   11,    0,    5,   24],
[2024-06-20 17:53:19,961][flwr][INFO] - 	       [   9,    1,    2,   11,    5,  829,   11,    3,   16,    5],
[2024-06-20 17:53:19,961][flwr][INFO] - 	       [   9,    3,    1,    1,   10,   20,  910,    0,    4,    0],
[2024-06-20 17:53:19,961][flwr][INFO] - 	       [   2,    9,   21,    8,    7,    0,    0,  943,    0,   38],
[2024-06-20 17:53:19,961][flwr][INFO] - 	       [   6,    3,    4,   12,   12,   20,   11,    5,  883,   18],
[2024-06-20 17:53:19,961][flwr][INFO] - 	       [  11,    7,    0,    5,   47,    7,    1,    6,   10,  915]])),
[2024-06-20 17:53:19,961][flwr][INFO] - 	                      (9,
[2024-06-20 17:53:19,961][flwr][INFO] - 	                       array([[ 962,    0,    1,    2,    0,    3,    7,    2,    3,    0],
[2024-06-20 17:53:19,961][flwr][INFO] - 	       [   0, 1118,    3,    3,    0,    0,    3,    0,    8,    0],
[2024-06-20 17:53:19,961][flwr][INFO] - 	       [   9,    3,  961,   10,    7,    1,    5,   15,   19,    2],
[2024-06-20 17:53:19,961][flwr][INFO] - 	       [   2,    1,   14,  940,    0,   11,    0,   17,   20,    5],
[2024-06-20 17:53:19,961][flwr][INFO] - 	       [   0,    4,    5,    0,  918,    0,   13,    1,    4,   37],
[2024-06-20 17:53:19,961][flwr][INFO] - 	       [   8,    3,    1,   27,    2,  815,    8,    4,   20,    4],
[2024-06-20 17:53:19,961][flwr][INFO] - 	       [   9,    3,    2,    1,    9,   17,  912,    0,    5,    0],
[2024-06-20 17:53:19,961][flwr][INFO] - 	       [   1,   15,   15,    7,    3,    1,    0,  955,    0,   31],
[2024-06-20 17:53:19,961][flwr][INFO] - 	       [   4,    6,    5,   11,    9,   18,    5,    8,  899,    9],
[2024-06-20 17:53:19,961][flwr][INFO] - 	       [   9,    7,    0,    8,   40,    6,    1,    7,   12,  919]])),
[2024-06-20 17:53:19,961][flwr][INFO] - 	                      (10,
[2024-06-20 17:53:19,961][flwr][INFO] - 	                       array([[ 968,    0,    0,    1,    0,    3,    6,    1,    1,    0],
[2024-06-20 17:53:19,961][flwr][INFO] - 	       [   0, 1119,    3,    3,    0,    1,    3,    0,    6,    0],
[2024-06-20 17:53:19,961][flwr][INFO] - 	       [   9,    3,  954,   11,   14,    2,   10,   13,   16,    0],
[2024-06-20 17:53:19,961][flwr][INFO] - 	       [   2,    2,   11,  946,    1,   21,    0,   11,   13,    3],
[2024-06-20 17:53:19,961][flwr][INFO] - 	       [   1,    2,    4,    0,  926,    0,   12,    0,    3,   34],
[2024-06-20 17:53:19,961][flwr][INFO] - 	       [   9,    1,    0,   19,    3,  828,    9,    1,   17,    5],
[2024-06-20 17:53:19,961][flwr][INFO] - 	       [  15,    3,    0,    0,   11,   16,  909,    0,    4,    0],
[2024-06-20 17:53:19,962][flwr][INFO] - 	       [   2,   16,   21,   10,    4,    1,    0,  939,    0,   35],
[2024-06-20 17:53:19,962][flwr][INFO] - 	       [   5,    4,    7,   25,    8,   18,    8,    6,  884,    9],
[2024-06-20 17:53:19,962][flwr][INFO] - 	       [  10,    8,    0,    7,   33,    6,    1,    5,    9,  930]]))],
[2024-06-20 17:53:19,962][flwr][INFO] - 	 'f1': [(0, 0.03553137346181725),
[2024-06-20 17:53:19,962][flwr][INFO] - 	        (1, 0.6926588171549449),
[2024-06-20 17:53:19,962][flwr][INFO] - 	        (2, 0.882225103663104),
[2024-06-20 17:53:19,962][flwr][INFO] - 	        (3, 0.904874575927631),
[2024-06-20 17:53:19,962][flwr][INFO] - 	        (4, 0.9110608193406119),
[2024-06-20 17:53:19,962][flwr][INFO] - 	        (5, 0.9173565338325438),
[2024-06-20 17:53:19,962][flwr][INFO] - 	        (6, 0.9260992580052878),
[2024-06-20 17:53:19,962][flwr][INFO] - 	        (7, 0.9322799071092264),
[2024-06-20 17:53:19,962][flwr][INFO] - 	        (8, 0.9364384758338543),
[2024-06-20 17:53:19,962][flwr][INFO] - 	        (9, 0.9398280526000055),
[2024-06-20 17:53:19,962][flwr][INFO] - 	        (10, 0.9401900810295467)],
[2024-06-20 17:53:19,962][flwr][INFO] - 	 'precision': [(0, 0.12349967530374152),
[2024-06-20 17:53:19,962][flwr][INFO] - 	               (1, 0.7618082994783405),
[2024-06-20 17:53:19,962][flwr][INFO] - 	               (2, 0.884113928182179),
[2024-06-20 17:53:19,962][flwr][INFO] - 	               (3, 0.9054111666856658),
[2024-06-20 17:53:19,962][flwr][INFO] - 	               (4, 0.9114552955149083),
[2024-06-20 17:53:19,962][flwr][INFO] - 	               (5, 0.9181601617384842),
[2024-06-20 17:53:19,962][flwr][INFO] - 	               (6, 0.9265365582291545),
[2024-06-20 17:53:19,962][flwr][INFO] - 	               (7, 0.9324786197193309),
[2024-06-20 17:53:19,962][flwr][INFO] - 	               (8, 0.9368184978020717),
[2024-06-20 17:53:19,962][flwr][INFO] - 	               (9, 0.9398919509258138),
[2024-06-20 17:53:19,962][flwr][INFO] - 	               (10, 0.9404059602826099)],
[2024-06-20 17:53:19,962][flwr][INFO] - 	 'recall': [(0, 0.1086),
[2024-06-20 17:53:19,962][flwr][INFO] - 	            (1, 0.7105),
[2024-06-20 17:53:19,962][flwr][INFO] - 	            (2, 0.8825),
[2024-06-20 17:53:19,962][flwr][INFO] - 	            (3, 0.9052),
[2024-06-20 17:53:19,962][flwr][INFO] - 	            (4, 0.9114),
[2024-06-20 17:53:19,962][flwr][INFO] - 	            (5, 0.9174),
[2024-06-20 17:53:19,962][flwr][INFO] - 	            (6, 0.9263),
[2024-06-20 17:53:19,962][flwr][INFO] - 	            (7, 0.9325),
[2024-06-20 17:53:19,962][flwr][INFO] - 	            (8, 0.9365),
[2024-06-20 17:53:19,962][flwr][INFO] - 	            (9, 0.9399),
[2024-06-20 17:53:19,962][flwr][INFO] - 	            (10, 0.9403)]}
[2024-06-20 17:53:19,962][flwr][INFO] - 
