[2024-06-21 12:25:35,457][flwr][INFO] - Starting Flower simulation, config: num_rounds=10, no round_timeout
[2024-06-21 12:25:37,444][flwr][INFO] - Flower VCE: Ray initialized with resources: {'memory': 8014254900.0, 'node:__internal_head__': 1.0, 'node:127.0.0.1': 1.0, 'CPU': 12.0, 'object_store_memory': 2147483648.0}
[2024-06-21 12:25:37,445][flwr][INFO] - Optimize your simulation with Flower VCE: https://flower.ai/docs/framework/how-to-run-simulations.html
[2024-06-21 12:25:37,445][flwr][INFO] - Flower VCE: Resources for each Virtual Client: {'num_cpus': 2, 'num_gpus': 0}
[2024-06-21 12:25:37,450][flwr][INFO] - Flower VCE: Creating VirtualClientEngineActorPool with 6 actors
[2024-06-21 12:25:37,450][flwr][INFO] - [INIT]
[2024-06-21 12:25:37,450][flwr][INFO] - Requesting initial parameters from one random client
[2024-06-21 12:25:39,007][flwr][INFO] - Received initial parameters from one random client
[2024-06-21 12:25:39,007][flwr][INFO] - Evaluating initial global parameters
[2024-06-21 12:25:39,340][flwr][INFO] - initial parameters (loss, other metrics): 181.76928067207336, {'accuracy': 0.1086, 'precision': 0.12349967530374152, 'recall': 0.1086, 'f1': 0.03553137346181725, 'confusion_matrix': array([[   0,    8,    0,  956,    0,    1,    0,   15,    0,    0],
       [   0,  122,    0, 1013,    0,    0,    0,    0,    0,    0],
       [   0,   38,    0,  971,    0,    0,    3,   19,    1,    0],
       [   0,   44,    0,  945,    1,    1,    0,   17,    2,    0],
       [   0,  143,    0,  816,    1,    0,    2,   20,    0,    0],
       [   0,  118,    0,  735,    1,    7,    0,   30,    1,    0],
       [   0,  144,    0,  749,   25,    0,    2,   38,    0,    0],
       [   0,  272,    0,  724,    8,    0,    0,    9,   15,    0],
       [   0,   81,    0,  859,    1,    0,    1,   32,    0,    0],
       [   0,  178,    0,  799,    1,    0,    0,   31,    0,    0]])}
[2024-06-21 12:25:39,340][flwr][INFO] - 
[2024-06-21 12:25:39,340][flwr][INFO] - [ROUND 1]
[2024-06-21 12:25:39,341][flwr][INFO] - configure_fit: strategy sampled 10 clients (out of 100)
[2024-06-21 12:25:46,360][flwr][INFO] - aggregate_fit: received 10 results and 0 failures
[2024-06-21 12:25:46,365][flwr][WARNING] - No fit_metrics_aggregation_fn provided
[2024-06-21 12:25:46,719][flwr][INFO] - fit progress: (1, 87.7740148305893, {'accuracy': 0.6629, 'precision': 0.7519522270876727, 'recall': 0.6629, 'f1': 0.6432482894069911, 'confusion_matrix': array([[956,   0,   6,   1,   0,   0,  12,   5,   0,   0],
       [  1, 796, 308,   1,   1,   0,   4,   4,   5,  15],
       [ 28,   0, 920,   4,   3,   0,  37,  24,   6,  10],
       [ 68,   0, 226, 604,   2,   2,  15,  55,   9,  29],
       [ 21,   0,   8,   0, 524,   0,  85,  65,   2, 277],
       [332,   1,  90,  71,  14, 147,  94, 122,  14,   7],
       [ 48,   1,  12,   0,   2,   2, 892,   1,   0,   0],
       [  6,   2,  38,   1,   2,   0,   3, 960,   0,  16],
       [ 48,   0, 359,  39,   6,   2,  24,  76, 325,  95],
       [ 30,   1,   7,   4,  14,   0,   4, 441,   3, 505]])}, 7.37798675)
[2024-06-21 12:25:46,719][flwr][INFO] - configure_evaluate: no clients selected, skipping evaluation
[2024-06-21 12:25:46,719][flwr][INFO] - 
[2024-06-21 12:25:46,719][flwr][INFO] - [ROUND 2]
[2024-06-21 12:25:46,720][flwr][INFO] - configure_fit: strategy sampled 10 clients (out of 100)
[2024-06-21 12:25:52,627][flwr][INFO] - aggregate_fit: received 10 results and 0 failures
[2024-06-21 12:25:53,022][flwr][INFO] - fit progress: (2, 39.88375127315521, {'accuracy': 0.8681, 'precision': 0.8746211379890964, 'recall': 0.8681, 'f1': 0.8686981763331801, 'confusion_matrix': array([[ 958,    0,    1,    2,    0,    8,    7,    1,    3,    0],
       [   0, 1024,    6,    4,    1,    3,    5,    0,   92,    0],
       [  20,    4,  840,   38,   14,    3,   31,   15,   60,    7],
       [  13,    0,   20,  828,    1,   61,    4,   12,   64,    7],
       [   1,    0,    3,    0,  915,    0,   25,    0,   12,   26],
       [  28,    2,    7,   43,   17,  711,   25,    5,   49,    5],
       [  30,    3,    4,    0,    6,   18,  893,    0,    4,    0],
       [  10,    8,   20,    4,   13,    1,    0,  865,   35,   72],
       [  13,    0,    8,   18,   20,   35,   11,    3,  854,   12],
       [  19,    3,    2,    3,  119,    9,    2,   20,   39,  793]])}, 13.681293958)
[2024-06-21 12:25:53,023][flwr][INFO] - configure_evaluate: no clients selected, skipping evaluation
[2024-06-21 12:25:53,023][flwr][INFO] - 
[2024-06-21 12:25:53,023][flwr][INFO] - [ROUND 3]
[2024-06-21 12:25:53,023][flwr][INFO] - configure_fit: strategy sampled 10 clients (out of 100)
[2024-06-21 12:25:58,779][flwr][INFO] - aggregate_fit: received 10 results and 0 failures
[2024-06-21 12:25:59,165][flwr][INFO] - fit progress: (3, 32.89836806058884, {'accuracy': 0.8977, 'precision': 0.8980926250031985, 'recall': 0.8977, 'f1': 0.8973633138751711, 'confusion_matrix': array([[ 952,    0,    1,    3,    0,   10,   10,    1,    3,    0],
       [   0, 1102,    4,    4,    1,    2,    3,    0,   19,    0],
       [  10,    7,  874,   39,   14,    1,   26,   14,   39,    8],
       [   3,    2,   19,  884,    2,   29,    2,   14,   44,   11],
       [   0,    1,    3,    0,  909,    1,   22,    0,    5,   41],
       [  13,    6,    6,   54,   20,  723,   17,   12,   34,    7],
       [  12,    5,    5,    0,    5,   15,  912,    1,    3,    0],
       [   3,   17,   24,    5,    8,    0,    0,  904,    9,   58],
       [   5,    8,   13,   20,   17,   33,   13,    4,  838,   23],
       [  11,    5,    3,    6,   63,    7,    0,   21,   14,  879]])}, 19.823649000000003)
[2024-06-21 12:25:59,165][flwr][INFO] - configure_evaluate: no clients selected, skipping evaluation
[2024-06-21 12:25:59,165][flwr][INFO] - 
[2024-06-21 12:25:59,165][flwr][INFO] - [ROUND 4]
[2024-06-21 12:25:59,166][flwr][INFO] - configure_fit: strategy sampled 10 clients (out of 100)
[2024-06-21 12:26:04,032][flwr][INFO] - aggregate_fit: received 10 results and 0 failures
[2024-06-21 12:26:04,431][flwr][INFO] - fit progress: (4, 29.90333418548107, {'accuracy': 0.9021, 'precision': 0.9031101058574764, 'recall': 0.9021, 'f1': 0.9018286815287142, 'confusion_matrix': array([[ 963,    0,    1,    1,    0,    4,    7,    1,    3,    0],
       [   0, 1098,   13,    3,    1,    1,    3,    1,   15,    0],
       [  15,    4,  903,   25,   18,    0,   18,   14,   30,    5],
       [   4,    3,   18,  900,    2,   23,    3,   13,   30,   14],
       [   1,    2,    4,    1,  895,    1,   16,    0,    7,   55],
       [  21,    6,    4,   49,   16,  722,   23,    8,   35,    8],
       [  19,    5,    3,    0,    9,   15,  905,    1,    1,    0],
       [   4,   10,   24,    7,    8,    0,    0,  884,    2,   89],
       [   5,    8,   11,   18,   15,   35,   15,    3,  845,   19],
       [  18,    5,    1,    9,   47,    6,    2,    7,    8,  906]])}, 25.090135957999998)
[2024-06-21 12:26:04,432][flwr][INFO] - configure_evaluate: no clients selected, skipping evaluation
[2024-06-21 12:26:04,432][flwr][INFO] - 
[2024-06-21 12:26:04,432][flwr][INFO] - [ROUND 5]
[2024-06-21 12:26:04,432][flwr][INFO] - configure_fit: strategy sampled 10 clients (out of 100)
[2024-06-21 12:26:09,797][flwr][INFO] - aggregate_fit: received 10 results and 0 failures
[2024-06-21 12:26:10,143][flwr][INFO] - fit progress: (5, 26.584050115197897, {'accuracy': 0.9069, 'precision': 0.9104309762636098, 'recall': 0.9069, 'f1': 0.9072500326013941, 'confusion_matrix': array([[ 951,    0,    0,    4,    0,    8,    9,    1,    7,    0],
       [   0, 1101,    4,    1,    1,    0,    3,    1,   24,    0],
       [  10,    7,  887,   29,   12,    0,   15,   11,   53,    8],
       [   3,    3,   14,  904,    0,   13,    2,   13,   43,   15],
       [   0,    3,    4,    1,  866,    2,   13,    0,    5,   88],
       [   8,    4,    4,   49,    8,  725,   13,    8,   65,    8],
       [  13,    4,    4,    0,    7,   22,  895,    1,   12,    0],
       [   1,   10,   24,    7,    5,    0,    0,  909,    2,   70],
       [   3,    3,    2,   14,   11,   19,    6,    3,  893,   20],
       [   8,    5,    1,    8,   21,    4,    2,    7,   15,  938]])}, 30.801387915999996)
[2024-06-21 12:26:10,143][flwr][INFO] - configure_evaluate: no clients selected, skipping evaluation
[2024-06-21 12:26:10,143][flwr][INFO] - 
[2024-06-21 12:26:10,143][flwr][INFO] - [ROUND 6]
[2024-06-21 12:26:10,144][flwr][INFO] - configure_fit: strategy sampled 10 clients (out of 100)
[2024-06-21 12:26:15,086][flwr][INFO] - aggregate_fit: received 10 results and 0 failures
[2024-06-21 12:26:15,468][flwr][INFO] - fit progress: (6, 26.92612262815237, {'accuracy': 0.9111, 'precision': 0.9149384711526918, 'recall': 0.9111, 'f1': 0.9114525546882242, 'confusion_matrix': array([[ 965,    0,    0,    1,    0,    2,    5,    1,    6,    0],
       [   0, 1108,    5,    2,    1,    0,    3,    0,   15,    1],
       [  14,    2,  935,   12,    9,    3,   11,   11,   30,    5],
       [   5,    1,   20,  849,    2,   52,    2,    9,   48,   22],
       [   2,    1,    5,    1,  855,    1,   15,    0,    4,   98],
       [  13,    1,    4,   15,    3,  790,   12,    6,   36,   12],
       [  17,    3,    3,    0,   12,   25,  894,    0,    4,    0],
       [   3,    9,   26,    5,    6,    0,    0,  885,    0,   94],
       [   8,    5,    8,    9,   11,   24,    8,    1,  881,   19],
       [  12,    4,    1,    2,   16,    7,    1,    5,   12,  949]])}, 36.126592625)
[2024-06-21 12:26:15,469][flwr][INFO] - configure_evaluate: no clients selected, skipping evaluation
[2024-06-21 12:26:15,469][flwr][INFO] - 
[2024-06-21 12:26:15,469][flwr][INFO] - [ROUND 7]
[2024-06-21 12:26:15,469][flwr][INFO] - configure_fit: strategy sampled 10 clients (out of 100)
[2024-06-21 12:26:20,802][flwr][INFO] - aggregate_fit: received 10 results and 0 failures
[2024-06-21 12:26:21,206][flwr][INFO] - fit progress: (7, 24.479348994791508, {'accuracy': 0.914, 'precision': 0.9190425954715729, 'recall': 0.914, 'f1': 0.9145067604519725, 'confusion_matrix': array([[ 962,    0,    0,    1,    1,    2,    4,    1,    9,    0],
       [   0, 1102,    4,    2,    0,    0,    3,    0,   24,    0],
       [  12,    1,  931,   17,    7,    0,   12,    9,   41,    2],
       [   3,    2,   11,  902,    2,   21,    3,   10,   45,   11],
       [   1,    1,    5,    0,  858,    1,   16,    0,    9,   91],
       [  13,    4,    5,   22,    6,  757,    6,    7,   59,   13],
       [  19,    3,    4,    0,   11,   17,  888,    1,   15,    0],
       [   2,    9,   27,   12,    6,    0,    0,  866,    1,  105],
       [   6,    3,    4,    9,    6,    5,    3,    2,  922,   14],
       [   8,    6,    1,    3,   15,    1,    1,    4,   18,  952]])}, 41.864212166)
[2024-06-21 12:26:21,206][flwr][INFO] - configure_evaluate: no clients selected, skipping evaluation
[2024-06-21 12:26:21,206][flwr][INFO] - 
[2024-06-21 12:26:21,206][flwr][INFO] - [ROUND 8]
[2024-06-21 12:26:21,207][flwr][INFO] - configure_fit: strategy sampled 10 clients (out of 100)
[2024-06-21 12:26:27,884][flwr][INFO] - aggregate_fit: received 10 results and 0 failures
[2024-06-21 12:26:28,234][flwr][INFO] - fit progress: (8, 21.926551658660173, {'accuracy': 0.9266, 'precision': 0.9286512864441556, 'recall': 0.9266, 'f1': 0.9268644438886091, 'confusion_matrix': array([[ 964,    0,    0,    1,    0,    3,    3,    1,    8,    0],
       [   0, 1104,    5,    2,    1,    0,    5,    0,   18,    0],
       [  13,    1,  930,   12,   10,    0,    9,   10,   43,    4],
       [   4,    2,   10,  897,    2,   30,    2,   12,   39,   12],
       [   1,    1,    4,    0,  900,    1,   10,    0,    3,   62],
       [  12,    2,    1,   14,    6,  805,    7,    8,   28,    9],
       [  21,    3,    0,    0,   18,   16,  892,    0,    8,    0],
       [   2,    7,   22,    8,    5,    0,    0,  921,    1,   62],
       [   6,    2,    6,    5,   10,   13,    8,    3,  911,   10],
       [   6,    4,    0,    3,   23,    7,    1,    5,   18,  942]])}, 48.892115915999995)
[2024-06-21 12:26:28,234][flwr][INFO] - configure_evaluate: no clients selected, skipping evaluation
[2024-06-21 12:26:28,235][flwr][INFO] - 
[2024-06-21 12:26:28,235][flwr][INFO] - [ROUND 9]
[2024-06-21 12:26:28,235][flwr][INFO] - configure_fit: strategy sampled 10 clients (out of 100)
[2024-06-21 12:26:35,034][flwr][INFO] - aggregate_fit: received 10 results and 0 failures
[2024-06-21 12:26:35,435][flwr][INFO] - fit progress: (9, 19.938719322904944, {'accuracy': 0.9315, 'precision': 0.9326749351001492, 'recall': 0.9315, 'f1': 0.9316085100318189, 'confusion_matrix': array([[ 965,    0,    0,    1,    0,    3,    6,    1,    4,    0],
       [   0, 1109,    3,    2,    2,    1,    4,    0,   14,    0],
       [  12,    1,  936,   22,    9,    3,   10,    9,   28,    2],
       [   2,    2,    8,  942,    1,   15,    2,    9,   17,   12],
       [   1,    0,    4,    0,  908,    1,   12,    0,    3,   53],
       [   9,    1,    1,   26,    4,  812,    9,    2,   20,    8],
       [  15,    3,    2,    1,    8,   19,  905,    0,    5,    0],
       [   2,    9,   20,    9,    7,    3,    0,  911,    0,   67],
       [   6,    4,    4,   22,    8,   18,    7,    3,  888,   14],
       [   8,    3,    0,   10,   28,    9,    1,    3,    8,  939]])}, 56.093027625)
[2024-06-21 12:26:35,436][flwr][INFO] - configure_evaluate: no clients selected, skipping evaluation
[2024-06-21 12:26:35,436][flwr][INFO] - 
[2024-06-21 12:26:35,436][flwr][INFO] - [ROUND 10]
[2024-06-21 12:26:35,436][flwr][INFO] - configure_fit: strategy sampled 10 clients (out of 100)
[2024-06-21 12:26:43,313][flwr][INFO] - aggregate_fit: received 10 results and 0 failures
[2024-06-21 12:26:43,711][flwr][INFO] - fit progress: (10, 21.19621105492115, {'accuracy': 0.934, 'precision': 0.9347880413695419, 'recall': 0.934, 'f1': 0.9340142119338941, 'confusion_matrix': array([[ 969,    0,    1,    1,    0,    1,    4,    1,    3,    0],
       [   0, 1109,    5,    2,    0,    0,    4,    0,   15,    0],
       [   6,    1,  968,   15,    7,    2,    6,    9,   17,    1],
       [   2,    0,   10,  905,    1,   50,    3,    9,   23,    7],
       [   1,    1,    6,    0,  884,    1,   15,    1,    6,   67],
       [  13,    2,    3,   12,    5,  817,    5,    3,   27,    5],
       [  20,    3,    7,    1,   12,   19,  891,    0,    5,    0],
       [   3,   11,   22,   14,    4,    0,    0,  936,    0,   38],
       [   7,    3,    6,   15,   10,    7,    5,    2,  912,    7],
       [   8,    4,    0,    9,   16,    5,    1,    5,   12,  949]])}, 64.36814625000001)
[2024-06-21 12:26:43,711][flwr][INFO] - configure_evaluate: no clients selected, skipping evaluation
[2024-06-21 12:26:43,711][flwr][INFO] - 
[2024-06-21 12:26:43,711][flwr][INFO] - [SUMMARY]
[2024-06-21 12:26:43,711][flwr][INFO] - Run finished 10 round(s) in 64.37s
[2024-06-21 12:26:43,715][flwr][INFO] - 	History (loss, centralized):
[2024-06-21 12:26:43,716][flwr][INFO] - 		round 0: 181.76928067207336
[2024-06-21 12:26:43,716][flwr][INFO] - 		round 1: 87.7740148305893
[2024-06-21 12:26:43,716][flwr][INFO] - 		round 2: 39.88375127315521
[2024-06-21 12:26:43,716][flwr][INFO] - 		round 3: 32.89836806058884
[2024-06-21 12:26:43,716][flwr][INFO] - 		round 4: 29.90333418548107
[2024-06-21 12:26:43,716][flwr][INFO] - 		round 5: 26.584050115197897
[2024-06-21 12:26:43,716][flwr][INFO] - 		round 6: 26.92612262815237
[2024-06-21 12:26:43,716][flwr][INFO] - 		round 7: 24.479348994791508
[2024-06-21 12:26:43,716][flwr][INFO] - 		round 8: 21.926551658660173
[2024-06-21 12:26:43,716][flwr][INFO] - 		round 9: 19.938719322904944
[2024-06-21 12:26:43,716][flwr][INFO] - 		round 10: 21.19621105492115
[2024-06-21 12:26:43,716][flwr][INFO] - 	History (metrics, centralized):
[2024-06-21 12:26:43,716][flwr][INFO] - 	{'accuracy': [(0, 0.1086),
[2024-06-21 12:26:43,716][flwr][INFO] - 	              (1, 0.6629),
[2024-06-21 12:26:43,716][flwr][INFO] - 	              (2, 0.8681),
[2024-06-21 12:26:43,716][flwr][INFO] - 	              (3, 0.8977),
[2024-06-21 12:26:43,716][flwr][INFO] - 	              (4, 0.9021),
[2024-06-21 12:26:43,716][flwr][INFO] - 	              (5, 0.9069),
[2024-06-21 12:26:43,716][flwr][INFO] - 	              (6, 0.9111),
[2024-06-21 12:26:43,716][flwr][INFO] - 	              (7, 0.914),
[2024-06-21 12:26:43,716][flwr][INFO] - 	              (8, 0.9266),
[2024-06-21 12:26:43,716][flwr][INFO] - 	              (9, 0.9315),
[2024-06-21 12:26:43,716][flwr][INFO] - 	              (10, 0.934)],
[2024-06-21 12:26:43,716][flwr][INFO] - 	 'confusion_matrix': [(0,
[2024-06-21 12:26:43,716][flwr][INFO] - 	                       array([[   0,    8,    0,  956,    0,    1,    0,   15,    0,    0],
[2024-06-21 12:26:43,716][flwr][INFO] - 	       [   0,  122,    0, 1013,    0,    0,    0,    0,    0,    0],
[2024-06-21 12:26:43,716][flwr][INFO] - 	       [   0,   38,    0,  971,    0,    0,    3,   19,    1,    0],
[2024-06-21 12:26:43,716][flwr][INFO] - 	       [   0,   44,    0,  945,    1,    1,    0,   17,    2,    0],
[2024-06-21 12:26:43,716][flwr][INFO] - 	       [   0,  143,    0,  816,    1,    0,    2,   20,    0,    0],
[2024-06-21 12:26:43,716][flwr][INFO] - 	       [   0,  118,    0,  735,    1,    7,    0,   30,    1,    0],
[2024-06-21 12:26:43,716][flwr][INFO] - 	       [   0,  144,    0,  749,   25,    0,    2,   38,    0,    0],
[2024-06-21 12:26:43,716][flwr][INFO] - 	       [   0,  272,    0,  724,    8,    0,    0,    9,   15,    0],
[2024-06-21 12:26:43,716][flwr][INFO] - 	       [   0,   81,    0,  859,    1,    0,    1,   32,    0,    0],
[2024-06-21 12:26:43,716][flwr][INFO] - 	       [   0,  178,    0,  799,    1,    0,    0,   31,    0,    0]])),
[2024-06-21 12:26:43,716][flwr][INFO] - 	                      (1,
[2024-06-21 12:26:43,716][flwr][INFO] - 	                       array([[956,   0,   6,   1,   0,   0,  12,   5,   0,   0],
[2024-06-21 12:26:43,716][flwr][INFO] - 	       [  1, 796, 308,   1,   1,   0,   4,   4,   5,  15],
[2024-06-21 12:26:43,716][flwr][INFO] - 	       [ 28,   0, 920,   4,   3,   0,  37,  24,   6,  10],
[2024-06-21 12:26:43,716][flwr][INFO] - 	       [ 68,   0, 226, 604,   2,   2,  15,  55,   9,  29],
[2024-06-21 12:26:43,716][flwr][INFO] - 	       [ 21,   0,   8,   0, 524,   0,  85,  65,   2, 277],
[2024-06-21 12:26:43,716][flwr][INFO] - 	       [332,   1,  90,  71,  14, 147,  94, 122,  14,   7],
[2024-06-21 12:26:43,716][flwr][INFO] - 	       [ 48,   1,  12,   0,   2,   2, 892,   1,   0,   0],
[2024-06-21 12:26:43,717][flwr][INFO] - 	       [  6,   2,  38,   1,   2,   0,   3, 960,   0,  16],
[2024-06-21 12:26:43,717][flwr][INFO] - 	       [ 48,   0, 359,  39,   6,   2,  24,  76, 325,  95],
[2024-06-21 12:26:43,717][flwr][INFO] - 	       [ 30,   1,   7,   4,  14,   0,   4, 441,   3, 505]])),
[2024-06-21 12:26:43,717][flwr][INFO] - 	                      (2,
[2024-06-21 12:26:43,717][flwr][INFO] - 	                       array([[ 958,    0,    1,    2,    0,    8,    7,    1,    3,    0],
[2024-06-21 12:26:43,717][flwr][INFO] - 	       [   0, 1024,    6,    4,    1,    3,    5,    0,   92,    0],
[2024-06-21 12:26:43,717][flwr][INFO] - 	       [  20,    4,  840,   38,   14,    3,   31,   15,   60,    7],
[2024-06-21 12:26:43,717][flwr][INFO] - 	       [  13,    0,   20,  828,    1,   61,    4,   12,   64,    7],
[2024-06-21 12:26:43,717][flwr][INFO] - 	       [   1,    0,    3,    0,  915,    0,   25,    0,   12,   26],
[2024-06-21 12:26:43,717][flwr][INFO] - 	       [  28,    2,    7,   43,   17,  711,   25,    5,   49,    5],
[2024-06-21 12:26:43,717][flwr][INFO] - 	       [  30,    3,    4,    0,    6,   18,  893,    0,    4,    0],
[2024-06-21 12:26:43,717][flwr][INFO] - 	       [  10,    8,   20,    4,   13,    1,    0,  865,   35,   72],
[2024-06-21 12:26:43,717][flwr][INFO] - 	       [  13,    0,    8,   18,   20,   35,   11,    3,  854,   12],
[2024-06-21 12:26:43,717][flwr][INFO] - 	       [  19,    3,    2,    3,  119,    9,    2,   20,   39,  793]])),
[2024-06-21 12:26:43,717][flwr][INFO] - 	                      (3,
[2024-06-21 12:26:43,717][flwr][INFO] - 	                       array([[ 952,    0,    1,    3,    0,   10,   10,    1,    3,    0],
[2024-06-21 12:26:43,717][flwr][INFO] - 	       [   0, 1102,    4,    4,    1,    2,    3,    0,   19,    0],
[2024-06-21 12:26:43,717][flwr][INFO] - 	       [  10,    7,  874,   39,   14,    1,   26,   14,   39,    8],
[2024-06-21 12:26:43,717][flwr][INFO] - 	       [   3,    2,   19,  884,    2,   29,    2,   14,   44,   11],
[2024-06-21 12:26:43,717][flwr][INFO] - 	       [   0,    1,    3,    0,  909,    1,   22,    0,    5,   41],
[2024-06-21 12:26:43,717][flwr][INFO] - 	       [  13,    6,    6,   54,   20,  723,   17,   12,   34,    7],
[2024-06-21 12:26:43,717][flwr][INFO] - 	       [  12,    5,    5,    0,    5,   15,  912,    1,    3,    0],
[2024-06-21 12:26:43,717][flwr][INFO] - 	       [   3,   17,   24,    5,    8,    0,    0,  904,    9,   58],
[2024-06-21 12:26:43,717][flwr][INFO] - 	       [   5,    8,   13,   20,   17,   33,   13,    4,  838,   23],
[2024-06-21 12:26:43,717][flwr][INFO] - 	       [  11,    5,    3,    6,   63,    7,    0,   21,   14,  879]])),
[2024-06-21 12:26:43,717][flwr][INFO] - 	                      (4,
[2024-06-21 12:26:43,717][flwr][INFO] - 	                       array([[ 963,    0,    1,    1,    0,    4,    7,    1,    3,    0],
[2024-06-21 12:26:43,717][flwr][INFO] - 	       [   0, 1098,   13,    3,    1,    1,    3,    1,   15,    0],
[2024-06-21 12:26:43,717][flwr][INFO] - 	       [  15,    4,  903,   25,   18,    0,   18,   14,   30,    5],
[2024-06-21 12:26:43,717][flwr][INFO] - 	       [   4,    3,   18,  900,    2,   23,    3,   13,   30,   14],
[2024-06-21 12:26:43,717][flwr][INFO] - 	       [   1,    2,    4,    1,  895,    1,   16,    0,    7,   55],
[2024-06-21 12:26:43,717][flwr][INFO] - 	       [  21,    6,    4,   49,   16,  722,   23,    8,   35,    8],
[2024-06-21 12:26:43,717][flwr][INFO] - 	       [  19,    5,    3,    0,    9,   15,  905,    1,    1,    0],
[2024-06-21 12:26:43,717][flwr][INFO] - 	       [   4,   10,   24,    7,    8,    0,    0,  884,    2,   89],
[2024-06-21 12:26:43,717][flwr][INFO] - 	       [   5,    8,   11,   18,   15,   35,   15,    3,  845,   19],
[2024-06-21 12:26:43,717][flwr][INFO] - 	       [  18,    5,    1,    9,   47,    6,    2,    7,    8,  906]])),
[2024-06-21 12:26:43,717][flwr][INFO] - 	                      (5,
[2024-06-21 12:26:43,717][flwr][INFO] - 	                       array([[ 951,    0,    0,    4,    0,    8,    9,    1,    7,    0],
[2024-06-21 12:26:43,717][flwr][INFO] - 	       [   0, 1101,    4,    1,    1,    0,    3,    1,   24,    0],
[2024-06-21 12:26:43,717][flwr][INFO] - 	       [  10,    7,  887,   29,   12,    0,   15,   11,   53,    8],
[2024-06-21 12:26:43,717][flwr][INFO] - 	       [   3,    3,   14,  904,    0,   13,    2,   13,   43,   15],
[2024-06-21 12:26:43,717][flwr][INFO] - 	       [   0,    3,    4,    1,  866,    2,   13,    0,    5,   88],
[2024-06-21 12:26:43,717][flwr][INFO] - 	       [   8,    4,    4,   49,    8,  725,   13,    8,   65,    8],
[2024-06-21 12:26:43,717][flwr][INFO] - 	       [  13,    4,    4,    0,    7,   22,  895,    1,   12,    0],
[2024-06-21 12:26:43,717][flwr][INFO] - 	       [   1,   10,   24,    7,    5,    0,    0,  909,    2,   70],
[2024-06-21 12:26:43,717][flwr][INFO] - 	       [   3,    3,    2,   14,   11,   19,    6,    3,  893,   20],
[2024-06-21 12:26:43,717][flwr][INFO] - 	       [   8,    5,    1,    8,   21,    4,    2,    7,   15,  938]])),
[2024-06-21 12:26:43,717][flwr][INFO] - 	                      (6,
[2024-06-21 12:26:43,717][flwr][INFO] - 	                       array([[ 965,    0,    0,    1,    0,    2,    5,    1,    6,    0],
[2024-06-21 12:26:43,717][flwr][INFO] - 	       [   0, 1108,    5,    2,    1,    0,    3,    0,   15,    1],
[2024-06-21 12:26:43,717][flwr][INFO] - 	       [  14,    2,  935,   12,    9,    3,   11,   11,   30,    5],
[2024-06-21 12:26:43,717][flwr][INFO] - 	       [   5,    1,   20,  849,    2,   52,    2,    9,   48,   22],
[2024-06-21 12:26:43,717][flwr][INFO] - 	       [   2,    1,    5,    1,  855,    1,   15,    0,    4,   98],
[2024-06-21 12:26:43,717][flwr][INFO] - 	       [  13,    1,    4,   15,    3,  790,   12,    6,   36,   12],
[2024-06-21 12:26:43,718][flwr][INFO] - 	       [  17,    3,    3,    0,   12,   25,  894,    0,    4,    0],
[2024-06-21 12:26:43,718][flwr][INFO] - 	       [   3,    9,   26,    5,    6,    0,    0,  885,    0,   94],
[2024-06-21 12:26:43,718][flwr][INFO] - 	       [   8,    5,    8,    9,   11,   24,    8,    1,  881,   19],
[2024-06-21 12:26:43,718][flwr][INFO] - 	       [  12,    4,    1,    2,   16,    7,    1,    5,   12,  949]])),
[2024-06-21 12:26:43,718][flwr][INFO] - 	                      (7,
[2024-06-21 12:26:43,718][flwr][INFO] - 	                       array([[ 962,    0,    0,    1,    1,    2,    4,    1,    9,    0],
[2024-06-21 12:26:43,718][flwr][INFO] - 	       [   0, 1102,    4,    2,    0,    0,    3,    0,   24,    0],
[2024-06-21 12:26:43,718][flwr][INFO] - 	       [  12,    1,  931,   17,    7,    0,   12,    9,   41,    2],
[2024-06-21 12:26:43,718][flwr][INFO] - 	       [   3,    2,   11,  902,    2,   21,    3,   10,   45,   11],
[2024-06-21 12:26:43,718][flwr][INFO] - 	       [   1,    1,    5,    0,  858,    1,   16,    0,    9,   91],
[2024-06-21 12:26:43,718][flwr][INFO] - 	       [  13,    4,    5,   22,    6,  757,    6,    7,   59,   13],
[2024-06-21 12:26:43,718][flwr][INFO] - 	       [  19,    3,    4,    0,   11,   17,  888,    1,   15,    0],
[2024-06-21 12:26:43,718][flwr][INFO] - 	       [   2,    9,   27,   12,    6,    0,    0,  866,    1,  105],
[2024-06-21 12:26:43,718][flwr][INFO] - 	       [   6,    3,    4,    9,    6,    5,    3,    2,  922,   14],
[2024-06-21 12:26:43,718][flwr][INFO] - 	       [   8,    6,    1,    3,   15,    1,    1,    4,   18,  952]])),
[2024-06-21 12:26:43,718][flwr][INFO] - 	                      (8,
[2024-06-21 12:26:43,718][flwr][INFO] - 	                       array([[ 964,    0,    0,    1,    0,    3,    3,    1,    8,    0],
[2024-06-21 12:26:43,718][flwr][INFO] - 	       [   0, 1104,    5,    2,    1,    0,    5,    0,   18,    0],
[2024-06-21 12:26:43,718][flwr][INFO] - 	       [  13,    1,  930,   12,   10,    0,    9,   10,   43,    4],
[2024-06-21 12:26:43,718][flwr][INFO] - 	       [   4,    2,   10,  897,    2,   30,    2,   12,   39,   12],
[2024-06-21 12:26:43,718][flwr][INFO] - 	       [   1,    1,    4,    0,  900,    1,   10,    0,    3,   62],
[2024-06-21 12:26:43,718][flwr][INFO] - 	       [  12,    2,    1,   14,    6,  805,    7,    8,   28,    9],
[2024-06-21 12:26:43,718][flwr][INFO] - 	       [  21,    3,    0,    0,   18,   16,  892,    0,    8,    0],
[2024-06-21 12:26:43,718][flwr][INFO] - 	       [   2,    7,   22,    8,    5,    0,    0,  921,    1,   62],
[2024-06-21 12:26:43,718][flwr][INFO] - 	       [   6,    2,    6,    5,   10,   13,    8,    3,  911,   10],
[2024-06-21 12:26:43,718][flwr][INFO] - 	       [   6,    4,    0,    3,   23,    7,    1,    5,   18,  942]])),
[2024-06-21 12:26:43,718][flwr][INFO] - 	                      (9,
[2024-06-21 12:26:43,718][flwr][INFO] - 	                       array([[ 965,    0,    0,    1,    0,    3,    6,    1,    4,    0],
[2024-06-21 12:26:43,718][flwr][INFO] - 	       [   0, 1109,    3,    2,    2,    1,    4,    0,   14,    0],
[2024-06-21 12:26:43,718][flwr][INFO] - 	       [  12,    1,  936,   22,    9,    3,   10,    9,   28,    2],
[2024-06-21 12:26:43,718][flwr][INFO] - 	       [   2,    2,    8,  942,    1,   15,    2,    9,   17,   12],
[2024-06-21 12:26:43,718][flwr][INFO] - 	       [   1,    0,    4,    0,  908,    1,   12,    0,    3,   53],
[2024-06-21 12:26:43,718][flwr][INFO] - 	       [   9,    1,    1,   26,    4,  812,    9,    2,   20,    8],
[2024-06-21 12:26:43,718][flwr][INFO] - 	       [  15,    3,    2,    1,    8,   19,  905,    0,    5,    0],
[2024-06-21 12:26:43,718][flwr][INFO] - 	       [   2,    9,   20,    9,    7,    3,    0,  911,    0,   67],
[2024-06-21 12:26:43,718][flwr][INFO] - 	       [   6,    4,    4,   22,    8,   18,    7,    3,  888,   14],
[2024-06-21 12:26:43,718][flwr][INFO] - 	       [   8,    3,    0,   10,   28,    9,    1,    3,    8,  939]])),
[2024-06-21 12:26:43,718][flwr][INFO] - 	                      (10,
[2024-06-21 12:26:43,718][flwr][INFO] - 	                       array([[ 969,    0,    1,    1,    0,    1,    4,    1,    3,    0],
[2024-06-21 12:26:43,718][flwr][INFO] - 	       [   0, 1109,    5,    2,    0,    0,    4,    0,   15,    0],
[2024-06-21 12:26:43,718][flwr][INFO] - 	       [   6,    1,  968,   15,    7,    2,    6,    9,   17,    1],
[2024-06-21 12:26:43,718][flwr][INFO] - 	       [   2,    0,   10,  905,    1,   50,    3,    9,   23,    7],
[2024-06-21 12:26:43,718][flwr][INFO] - 	       [   1,    1,    6,    0,  884,    1,   15,    1,    6,   67],
[2024-06-21 12:26:43,718][flwr][INFO] - 	       [  13,    2,    3,   12,    5,  817,    5,    3,   27,    5],
[2024-06-21 12:26:43,718][flwr][INFO] - 	       [  20,    3,    7,    1,   12,   19,  891,    0,    5,    0],
[2024-06-21 12:26:43,718][flwr][INFO] - 	       [   3,   11,   22,   14,    4,    0,    0,  936,    0,   38],
[2024-06-21 12:26:43,718][flwr][INFO] - 	       [   7,    3,    6,   15,   10,    7,    5,    2,  912,    7],
[2024-06-21 12:26:43,718][flwr][INFO] - 	       [   8,    4,    0,    9,   16,    5,    1,    5,   12,  949]]))],
[2024-06-21 12:26:43,718][flwr][INFO] - 	 'f1': [(0, 0.03553137346181725),
[2024-06-21 12:26:43,718][flwr][INFO] - 	        (1, 0.6432482894069911),
[2024-06-21 12:26:43,719][flwr][INFO] - 	        (2, 0.8686981763331801),
[2024-06-21 12:26:43,719][flwr][INFO] - 	        (3, 0.8973633138751711),
[2024-06-21 12:26:43,719][flwr][INFO] - 	        (4, 0.9018286815287142),
[2024-06-21 12:26:43,719][flwr][INFO] - 	        (5, 0.9072500326013941),
[2024-06-21 12:26:43,719][flwr][INFO] - 	        (6, 0.9114525546882242),
[2024-06-21 12:26:43,719][flwr][INFO] - 	        (7, 0.9145067604519725),
[2024-06-21 12:26:43,719][flwr][INFO] - 	        (8, 0.9268644438886091),
[2024-06-21 12:26:43,719][flwr][INFO] - 	        (9, 0.9316085100318189),
[2024-06-21 12:26:43,719][flwr][INFO] - 	        (10, 0.9340142119338941)],
[2024-06-21 12:26:43,719][flwr][INFO] - 	 'precision': [(0, 0.12349967530374152),
[2024-06-21 12:26:43,719][flwr][INFO] - 	               (1, 0.7519522270876727),
[2024-06-21 12:26:43,719][flwr][INFO] - 	               (2, 0.8746211379890964),
[2024-06-21 12:26:43,719][flwr][INFO] - 	               (3, 0.8980926250031985),
[2024-06-21 12:26:43,719][flwr][INFO] - 	               (4, 0.9031101058574764),
[2024-06-21 12:26:43,719][flwr][INFO] - 	               (5, 0.9104309762636098),
[2024-06-21 12:26:43,719][flwr][INFO] - 	               (6, 0.9149384711526918),
[2024-06-21 12:26:43,719][flwr][INFO] - 	               (7, 0.9190425954715729),
[2024-06-21 12:26:43,719][flwr][INFO] - 	               (8, 0.9286512864441556),
[2024-06-21 12:26:43,719][flwr][INFO] - 	               (9, 0.9326749351001492),
[2024-06-21 12:26:43,719][flwr][INFO] - 	               (10, 0.9347880413695419)],
[2024-06-21 12:26:43,719][flwr][INFO] - 	 'recall': [(0, 0.1086),
[2024-06-21 12:26:43,719][flwr][INFO] - 	            (1, 0.6629),
[2024-06-21 12:26:43,719][flwr][INFO] - 	            (2, 0.8681),
[2024-06-21 12:26:43,719][flwr][INFO] - 	            (3, 0.8977),
[2024-06-21 12:26:43,719][flwr][INFO] - 	            (4, 0.9021),
[2024-06-21 12:26:43,719][flwr][INFO] - 	            (5, 0.9069),
[2024-06-21 12:26:43,719][flwr][INFO] - 	            (6, 0.9111),
[2024-06-21 12:26:43,719][flwr][INFO] - 	            (7, 0.914),
[2024-06-21 12:26:43,719][flwr][INFO] - 	            (8, 0.9266),
[2024-06-21 12:26:43,719][flwr][INFO] - 	            (9, 0.9315),
[2024-06-21 12:26:43,719][flwr][INFO] - 	            (10, 0.934)]}
[2024-06-21 12:26:43,719][flwr][INFO] - 
