[2024-06-20 20:26:08,247][flwr][INFO] - Starting Flower simulation, config: num_rounds=10, no round_timeout
[2024-06-20 20:26:10,277][flwr][INFO] - Flower VCE: Ray initialized with resources: {'object_store_memory': 2147483648.0, 'node:__internal_head__': 1.0, 'CPU': 12.0, 'node:127.0.0.1': 1.0, 'memory': 9889629799.0}
[2024-06-20 20:26:10,277][flwr][INFO] - Optimize your simulation with Flower VCE: https://flower.ai/docs/framework/how-to-run-simulations.html
[2024-06-20 20:26:10,277][flwr][INFO] - Flower VCE: Resources for each Virtual Client: {'num_cpus': 2, 'num_gpus': 0}
[2024-06-20 20:26:10,284][flwr][INFO] - Flower VCE: Creating VirtualClientEngineActorPool with 6 actors
[2024-06-20 20:26:10,284][flwr][INFO] - [INIT]
[2024-06-20 20:26:10,284][flwr][INFO] - Requesting initial parameters from one random client
[2024-06-20 20:26:12,188][flwr][INFO] - Received initial parameters from one random client
[2024-06-20 20:26:12,188][flwr][INFO] - Evaluating initial global parameters
[2024-06-20 20:26:12,627][flwr][INFO] - initial parameters (loss, other metrics): 181.76928067207336, {'accuracy': 0.1086, 'precision': 0.12349967530374152, 'recall': 0.1086, 'f1': 0.03553137346181725, 'confusion_matrix': array([[   0,    8,    0,  956,    0,    1,    0,   15,    0,    0],
       [   0,  122,    0, 1013,    0,    0,    0,    0,    0,    0],
       [   0,   38,    0,  971,    0,    0,    3,   19,    1,    0],
       [   0,   44,    0,  945,    1,    1,    0,   17,    2,    0],
       [   0,  143,    0,  816,    1,    0,    2,   20,    0,    0],
       [   0,  118,    0,  735,    1,    7,    0,   30,    1,    0],
       [   0,  144,    0,  749,   25,    0,    2,   38,    0,    0],
       [   0,  272,    0,  724,    8,    0,    0,    9,   15,    0],
       [   0,   81,    0,  859,    1,    0,    1,   32,    0,    0],
       [   0,  178,    0,  799,    1,    0,    0,   31,    0,    0]])}
[2024-06-20 20:26:12,627][flwr][INFO] - 
[2024-06-20 20:26:12,628][flwr][INFO] - [ROUND 1]
[2024-06-20 20:26:12,628][flwr][INFO] - configure_fit: strategy sampled 10 clients (out of 100)
[2024-06-20 20:26:19,581][flwr][INFO] - aggregate_fit: received 10 results and 0 failures
[2024-06-20 20:26:19,588][flwr][WARNING] - No fit_metrics_aggregation_fn provided
[2024-06-20 20:26:20,037][flwr][INFO] - fit progress: (1, 14957.650131225586, {'accuracy': 0.1113, 'precision': 0.06067130449192787, 'recall': 0.1113, 'f1': 0.046807315988994444, 'confusion_matrix': array([[  55,  328,  422,  134,    1,   14,   14,    0,    0,   12],
       [   8,   67, 1003,   26,    0,    0,   22,    0,    9,    0],
       [  11,   46,  923,   13,    1,    2,   31,    0,    1,    4],
       [  18,   83,  810,   22,    0,    1,   59,    0,    1,   16],
       [ 108,   43,  760,   32,    0,    6,   23,    0,    8,    2],
       [  67,  222,  391,   92,    0,    2,   65,    0,   13,   40],
       [ 118,   11,  768,    7,    0,   11,   38,    0,    2,    3],
       [   9,  158,  711,   95,    2,   28,   15,    0,    2,    8],
       [  67,  126,  663,   28,    8,    1,   72,    0,    6,    3],
       [  50,  119,  780,   34,    0,    2,   22,    0,    2,    0]])}, 7.41005125)
[2024-06-20 20:26:20,038][flwr][INFO] - configure_evaluate: no clients selected, skipping evaluation
[2024-06-20 20:26:20,038][flwr][INFO] - 
[2024-06-20 20:26:20,038][flwr][INFO] - [ROUND 2]
[2024-06-20 20:26:20,038][flwr][INFO] - configure_fit: strategy sampled 10 clients (out of 100)
[2024-06-20 20:26:25,452][flwr][INFO] - aggregate_fit: received 10 results and 0 failures
[2024-06-20 20:26:25,954][flwr][INFO] - fit progress: (2, 26332.086853027344, {'accuracy': 0.2353, 'precision': 0.31112642272637187, 'recall': 0.2353, 'f1': 0.21517877853174333, 'confusion_matrix': array([[364,  40, 107,  47,   0,  41,   3,  77, 261,  40],
       [  0, 639, 120,   8,   0, 168,  22,  20, 114,  44],
       [  8,  39, 404,   5,   0,  78,  66,  88, 180, 164],
       [ 31,  91, 321,  84,   0,  69,   4, 126, 241,  43],
       [ 11, 215, 129, 119,   2, 146,  30,  26, 241,  63],
       [ 28, 196, 137,  76,   0, 222,   4,  49, 148,  32],
       [ 23,  74, 344,  20,   0,  64, 127,  44, 187,  75],
       [ 31, 458,  43,  78,   1, 105,   9, 119, 109,  75],
       [ 17,  89, 256,  29,   0, 130,   3,  86, 296,  68],
       [ 11, 284,  48,  71,   0, 118,  18,  29, 334,  96]])}, 13.326608875)
[2024-06-20 20:26:25,954][flwr][INFO] - configure_evaluate: no clients selected, skipping evaluation
[2024-06-20 20:26:25,954][flwr][INFO] - 
[2024-06-20 20:26:25,954][flwr][INFO] - [ROUND 3]
[2024-06-20 20:26:25,955][flwr][INFO] - configure_fit: strategy sampled 10 clients (out of 100)
[2024-06-20 20:26:31,323][flwr][INFO] - aggregate_fit: received 10 results and 0 failures
[2024-06-20 20:26:31,775][flwr][INFO] - fit progress: (3, 55505.415283203125, {'accuracy': 0.3294, 'precision': 0.3651085071675897, 'recall': 0.3294, 'f1': 0.2957058007541072, 'confusion_matrix': array([[405,  10,   5,   2, 228,   1, 250,  12,  64,   3],
       [  2, 862,  16,   0,  34,   0,  92,  12, 103,  14],
       [  5,  27,  54,   0,  46,   7, 548,  61, 250,  34],
       [ 16,  48,  44,  33, 105,  24, 130,  81, 436,  93],
       [  5,  48,  35,   3, 155,   9, 313,  69, 225, 120],
       [ 61,  66,  37,  16,  70,  82, 160,  57, 272,  71],
       [  8,  61,  35,   0,  30,   7, 697,  71,  38,  11],
       [ 48, 127,  15,   9,  71,   6, 157, 342,  88, 165],
       [ 32,  74,  20,  27, 107,   8, 143,  60, 481,  22],
       [ 30,  70,  17,  12,  81,   4, 201, 112, 299, 183]])}, 19.148294458000002)
[2024-06-20 20:26:31,776][flwr][INFO] - configure_evaluate: no clients selected, skipping evaluation
[2024-06-20 20:26:31,776][flwr][INFO] - 
[2024-06-20 20:26:31,776][flwr][INFO] - [ROUND 4]
[2024-06-20 20:26:31,776][flwr][INFO] - configure_fit: strategy sampled 10 clients (out of 100)
[2024-06-20 20:26:37,123][flwr][INFO] - aggregate_fit: received 10 results and 0 failures
[2024-06-20 20:26:37,575][flwr][INFO] - fit progress: (4, 119609.98559570312, {'accuracy': 0.3142, 'precision': 0.3175081094062889, 'recall': 0.3142, 'f1': 0.27684067072567353, 'confusion_matrix': array([[648,  32,  86,   0,  16,   3, 115,  69,   8,   3],
       [  4, 927,  34,   3,  32,  19,  28,  48,  32,   8],
       [ 14,  37, 250,   3,  19,  28, 329, 201, 131,  20],
       [ 35, 146, 133,  36,  20, 143, 241, 104, 111,  41],
       [ 15, 302, 128,   4,  31,  64, 238,  93,  35,  72],
       [124, 160,  67,   1,   7, 221, 155, 124,  19,  14],
       [ 28, 123, 133,   4,   7,  17, 279, 350,  11,   6],
       [ 36, 146, 134,   0,  24,  20, 108, 490,  14,  56],
       [116,  97, 104,  42,  11,  48, 189, 233, 114,  20],
       [ 27, 185, 103,   5,  20,  33, 198, 251,  41, 146]])}, 24.94862525)
[2024-06-20 20:26:37,576][flwr][INFO] - configure_evaluate: no clients selected, skipping evaluation
[2024-06-20 20:26:37,576][flwr][INFO] - 
[2024-06-20 20:26:37,576][flwr][INFO] - [ROUND 5]
[2024-06-20 20:26:37,576][flwr][INFO] - configure_fit: strategy sampled 10 clients (out of 100)
[2024-06-20 20:26:42,812][flwr][INFO] - aggregate_fit: received 10 results and 0 failures
[2024-06-20 20:26:43,252][flwr][INFO] - fit progress: (5, 211915.46069335938, {'accuracy': 0.3681, 'precision': 0.4444827847251583, 'recall': 0.3681, 'f1': 0.3599526677001145, 'confusion_matrix': array([[831,   3,  40,   6,  10,   3,  66,   5,   7,   9],
       [  9, 295,  27,  11,  49,  74, 100,  55, 309, 206],
       [ 13,  12, 496,  16,  31,   7, 187,  17, 162,  91],
       [ 46,  15, 106, 316,  49,  47, 135,  15,  60, 221],
       [  9,  20,  52,   9, 194,  10, 229,  42,  18, 399],
       [139,  10,  56,  22,  42, 173, 135,  55,  16, 244],
       [ 60,  16, 193,   3,  47,   5, 471,  74,  20,  69],
       [ 16,  10, 103,   3,  83,   6, 215, 155,  10, 427],
       [ 45,  14,  80,  19,  62,  13, 203,  51, 139, 348],
       [ 13,   3,  37,   4,  50,  10, 220,  52,   9, 611]])}, 30.625570625)
[2024-06-20 20:26:43,253][flwr][INFO] - configure_evaluate: no clients selected, skipping evaluation
[2024-06-20 20:26:43,253][flwr][INFO] - 
[2024-06-20 20:26:43,253][flwr][INFO] - [ROUND 6]
[2024-06-20 20:26:43,253][flwr][INFO] - configure_fit: strategy sampled 10 clients (out of 100)
[2024-06-20 20:26:49,235][flwr][INFO] - aggregate_fit: received 10 results and 0 failures
[2024-06-20 20:26:49,744][flwr][INFO] - fit progress: (6, 440481.01318359375, {'accuracy': 0.4365, 'precision': 0.4372489116081537, 'recall': 0.4365, 'f1': 0.4103832465698852, 'confusion_matrix': array([[855,   6,  35,  12,   2,  24,  34,   1,   2,   9],
       [  1, 643, 117,   6,  18,  81,  12,   7, 152,  98],
       [ 17,  37, 646,  28,  34,  17, 106,   4,  85,  58],
       [ 33, 109, 175, 315,  29, 134,  62,  10,  46,  97],
       [ 44,  53,  31,  21, 239, 230, 154,  33,  12, 165],
       [ 70,  73,  70,  26,  21, 511,  52,  11,   9,  49],
       [ 79,  33, 153,  11,  49,  56, 507,  13,   5,  52],
       [136,  68, 187,  12,  73,  69,  90, 128,  12, 253],
       [ 59,  95, 186,  77,  67,  93,  80,  28, 104, 185],
       [ 52,  56,  78,  13,  72,  99, 161,  49,  12, 417]])}, 37.117425916)
[2024-06-20 20:26:49,744][flwr][INFO] - configure_evaluate: no clients selected, skipping evaluation
[2024-06-20 20:26:49,744][flwr][INFO] - 
[2024-06-20 20:26:49,744][flwr][INFO] - [ROUND 7]
[2024-06-20 20:26:49,745][flwr][INFO] - configure_fit: strategy sampled 10 clients (out of 100)
[2024-06-20 20:26:55,039][flwr][INFO] - aggregate_fit: received 10 results and 0 failures
[2024-06-20 20:26:55,491][flwr][INFO] - fit progress: (7, 893932.8627929688, {'accuracy': 0.4246, 'precision': 0.4615527144546607, 'recall': 0.4246, 'f1': 0.4320144271605126, 'confusion_matrix': array([[492,   4,  68, 148,  20,  12,  80, 130,   4,  22],
       [  4, 491,   8,  15,  17,  27,   5,  31, 331, 206],
       [  7,  15, 384,  57,  52,   9, 150,  33, 212, 113],
       [ 13,  60,  59, 442,  37,  80,  62,  51,  75, 131],
       [  6,  15,  13,  34, 358, 163,  94,  70,  61, 168],
       [ 24,  49,  33,  70,  46, 320,  69, 144,  34, 103],
       [ 16,  16,  80,  29,  82,  41, 569,  45,  42,  38],
       [ 20,  19,  18,  25, 113,  58,  35, 528,  35, 177],
       [ 14,  67,  40, 109,  79,  52,  77,  99, 215, 222],
       [  7,  20,  20,  25, 154,  46,  86, 148,  56, 447]])}, 42.864650791)
[2024-06-20 20:26:55,491][flwr][INFO] - configure_evaluate: no clients selected, skipping evaluation
[2024-06-20 20:26:55,491][flwr][INFO] - 
[2024-06-20 20:26:55,491][flwr][INFO] - [ROUND 8]
[2024-06-20 20:26:55,492][flwr][INFO] - configure_fit: strategy sampled 10 clients (out of 100)
[2024-06-20 20:27:00,726][flwr][INFO] - aggregate_fit: received 10 results and 0 failures
[2024-06-20 20:27:01,165][flwr][INFO] - fit progress: (8, 2242129.6728515625, {'accuracy': 0.4443, 'precision': 0.4651024280514991, 'recall': 0.4443, 'f1': 0.4464300478395523, 'confusion_matrix': array([[626,   6,  49,  83,   6,  20, 132,  25,  17,  16],
       [  5, 712,  20,  41,   6,   7,   9,  14, 238,  83],
       [ 12,  23, 466,  73,  17,   7,  77,  15, 278,  64],
       [ 28,  94,  90, 445,  17,  63,  51,  27, 137,  58],
       [ 12,  27,  48,  81, 282,  97,  63,  42, 259,  71],
       [ 73,  52,  74, 118,  37, 254,  57,  58,  65, 104],
       [ 20,  27, 148,  58,  43,  20, 520,  15,  89,  18],
       [ 30,  41, 110,  78,  56,  41,  14, 538,  63,  57],
       [ 28,  95,  81, 137,  29,  20,  39,  44, 417,  84],
       [ 20,  28,  70,  78, 104,  32,  61, 175, 258, 183]])}, 48.538990958)
[2024-06-20 20:27:01,166][flwr][INFO] - configure_evaluate: no clients selected, skipping evaluation
[2024-06-20 20:27:01,166][flwr][INFO] - 
[2024-06-20 20:27:01,166][flwr][INFO] - [ROUND 9]
[2024-06-20 20:27:01,166][flwr][INFO] - configure_fit: strategy sampled 10 clients (out of 100)
[2024-06-20 20:27:06,419][flwr][INFO] - aggregate_fit: received 10 results and 0 failures
[2024-06-20 20:27:06,862][flwr][INFO] - fit progress: (9, 5159597.51171875, {'accuracy': 0.4476, 'precision': 0.4662889333392315, 'recall': 0.4476, 'f1': 0.4460316111339791, 'confusion_matrix': array([[688,   2,  18,  36,  14,  12, 142,  22,   9,  37],
       [  4, 667,  20,  89,  15,  15,  29,  14,  82, 200],
       [ 19,  22, 392, 119,  56,   6, 135,  35, 153,  95],
       [ 17,  63,  62, 460,  42,  45, 103,  42,  53, 123],
       [ 20,  32,  18,  65, 402,  32, 106,  49, 115, 143],
       [ 81,  56,  46, 100,  59, 168, 116,  62,  41, 163],
       [ 30,  19,  42,  39,  58,  12, 649,  17,  55,  37],
       [ 39,  34,  72, 117,  90,  28,  41, 501,  34,  72],
       [ 29,  70,  45, 156, 122,  13,  82,  39, 263, 155],
       [ 25,  20,  29,  60, 174,  19,  99, 147, 150, 286]])}, 54.235657125)
[2024-06-20 20:27:06,862][flwr][INFO] - configure_evaluate: no clients selected, skipping evaluation
[2024-06-20 20:27:06,862][flwr][INFO] - 
[2024-06-20 20:27:06,862][flwr][INFO] - [ROUND 10]
[2024-06-20 20:27:06,862][flwr][INFO] - configure_fit: strategy sampled 10 clients (out of 100)
[2024-06-20 20:27:12,074][flwr][INFO] - aggregate_fit: received 10 results and 0 failures
[2024-06-20 20:27:12,522][flwr][INFO] - fit progress: (10, 12928261.7265625, {'accuracy': 0.4086, 'precision': 0.45925449053657874, 'recall': 0.4086, 'f1': 0.41817579758336826, 'confusion_matrix': array([[597,   7,  40,  57,  42,  36, 105,  12,  48,  36],
       [  1, 618,   6, 161,   2,  44,   1,   4, 152, 146],
       [ 17,  37, 317, 144,  85,  16, 101,  15, 172, 128],
       [ 13, 106,  48, 381,  51,  89,  62,  17,  64, 179],
       [  9,  69,   7,  43, 383,  54,  49,  27, 123, 218],
       [ 42,  68,  27, 136,  58, 263,  41,  16,  80, 161],
       [ 18,  50,  64,  28, 173,  22, 403,  20, 106,  74],
       [ 19,  41,  29, 140, 106,  24,  27, 350,  34, 258],
       [ 13,  66,  36, 161, 171,  31,  32,  12, 279, 173],
       [ 11,  49,  10,  65, 153,  23,  49,  61,  93, 495]])}, 59.896404583000006)
[2024-06-20 20:27:12,523][flwr][INFO] - configure_evaluate: no clients selected, skipping evaluation
[2024-06-20 20:27:12,523][flwr][INFO] - 
[2024-06-20 20:27:12,523][flwr][INFO] - [SUMMARY]
[2024-06-20 20:27:12,523][flwr][INFO] - Run finished 10 round(s) in 59.90s
[2024-06-20 20:27:12,528][flwr][INFO] - 	History (loss, centralized):
[2024-06-20 20:27:12,528][flwr][INFO] - 		round 0: 181.76928067207336
[2024-06-20 20:27:12,528][flwr][INFO] - 		round 1: 14957.650131225586
[2024-06-20 20:27:12,528][flwr][INFO] - 		round 2: 26332.086853027344
[2024-06-20 20:27:12,528][flwr][INFO] - 		round 3: 55505.415283203125
[2024-06-20 20:27:12,528][flwr][INFO] - 		round 4: 119609.98559570312
[2024-06-20 20:27:12,528][flwr][INFO] - 		round 5: 211915.46069335938
[2024-06-20 20:27:12,528][flwr][INFO] - 		round 6: 440481.01318359375
[2024-06-20 20:27:12,528][flwr][INFO] - 		round 7: 893932.8627929688
[2024-06-20 20:27:12,528][flwr][INFO] - 		round 8: 2242129.6728515625
[2024-06-20 20:27:12,528][flwr][INFO] - 		round 9: 5159597.51171875
[2024-06-20 20:27:12,528][flwr][INFO] - 		round 10: 12928261.7265625
[2024-06-20 20:27:12,528][flwr][INFO] - 	History (metrics, centralized):
[2024-06-20 20:27:12,528][flwr][INFO] - 	{'accuracy': [(0, 0.1086),
[2024-06-20 20:27:12,528][flwr][INFO] - 	              (1, 0.1113),
[2024-06-20 20:27:12,528][flwr][INFO] - 	              (2, 0.2353),
[2024-06-20 20:27:12,528][flwr][INFO] - 	              (3, 0.3294),
[2024-06-20 20:27:12,528][flwr][INFO] - 	              (4, 0.3142),
[2024-06-20 20:27:12,528][flwr][INFO] - 	              (5, 0.3681),
[2024-06-20 20:27:12,528][flwr][INFO] - 	              (6, 0.4365),
[2024-06-20 20:27:12,528][flwr][INFO] - 	              (7, 0.4246),
[2024-06-20 20:27:12,529][flwr][INFO] - 	              (8, 0.4443),
[2024-06-20 20:27:12,529][flwr][INFO] - 	              (9, 0.4476),
[2024-06-20 20:27:12,529][flwr][INFO] - 	              (10, 0.4086)],
[2024-06-20 20:27:12,529][flwr][INFO] - 	 'confusion_matrix': [(0,
[2024-06-20 20:27:12,529][flwr][INFO] - 	                       array([[   0,    8,    0,  956,    0,    1,    0,   15,    0,    0],
[2024-06-20 20:27:12,529][flwr][INFO] - 	       [   0,  122,    0, 1013,    0,    0,    0,    0,    0,    0],
[2024-06-20 20:27:12,529][flwr][INFO] - 	       [   0,   38,    0,  971,    0,    0,    3,   19,    1,    0],
[2024-06-20 20:27:12,529][flwr][INFO] - 	       [   0,   44,    0,  945,    1,    1,    0,   17,    2,    0],
[2024-06-20 20:27:12,529][flwr][INFO] - 	       [   0,  143,    0,  816,    1,    0,    2,   20,    0,    0],
[2024-06-20 20:27:12,529][flwr][INFO] - 	       [   0,  118,    0,  735,    1,    7,    0,   30,    1,    0],
[2024-06-20 20:27:12,529][flwr][INFO] - 	       [   0,  144,    0,  749,   25,    0,    2,   38,    0,    0],
[2024-06-20 20:27:12,529][flwr][INFO] - 	       [   0,  272,    0,  724,    8,    0,    0,    9,   15,    0],
[2024-06-20 20:27:12,529][flwr][INFO] - 	       [   0,   81,    0,  859,    1,    0,    1,   32,    0,    0],
[2024-06-20 20:27:12,529][flwr][INFO] - 	       [   0,  178,    0,  799,    1,    0,    0,   31,    0,    0]])),
[2024-06-20 20:27:12,529][flwr][INFO] - 	                      (1,
[2024-06-20 20:27:12,529][flwr][INFO] - 	                       array([[  55,  328,  422,  134,    1,   14,   14,    0,    0,   12],
[2024-06-20 20:27:12,529][flwr][INFO] - 	       [   8,   67, 1003,   26,    0,    0,   22,    0,    9,    0],
[2024-06-20 20:27:12,529][flwr][INFO] - 	       [  11,   46,  923,   13,    1,    2,   31,    0,    1,    4],
[2024-06-20 20:27:12,529][flwr][INFO] - 	       [  18,   83,  810,   22,    0,    1,   59,    0,    1,   16],
[2024-06-20 20:27:12,529][flwr][INFO] - 	       [ 108,   43,  760,   32,    0,    6,   23,    0,    8,    2],
[2024-06-20 20:27:12,529][flwr][INFO] - 	       [  67,  222,  391,   92,    0,    2,   65,    0,   13,   40],
[2024-06-20 20:27:12,529][flwr][INFO] - 	       [ 118,   11,  768,    7,    0,   11,   38,    0,    2,    3],
[2024-06-20 20:27:12,529][flwr][INFO] - 	       [   9,  158,  711,   95,    2,   28,   15,    0,    2,    8],
[2024-06-20 20:27:12,529][flwr][INFO] - 	       [  67,  126,  663,   28,    8,    1,   72,    0,    6,    3],
[2024-06-20 20:27:12,529][flwr][INFO] - 	       [  50,  119,  780,   34,    0,    2,   22,    0,    2,    0]])),
[2024-06-20 20:27:12,529][flwr][INFO] - 	                      (2,
[2024-06-20 20:27:12,529][flwr][INFO] - 	                       array([[364,  40, 107,  47,   0,  41,   3,  77, 261,  40],
[2024-06-20 20:27:12,529][flwr][INFO] - 	       [  0, 639, 120,   8,   0, 168,  22,  20, 114,  44],
[2024-06-20 20:27:12,529][flwr][INFO] - 	       [  8,  39, 404,   5,   0,  78,  66,  88, 180, 164],
[2024-06-20 20:27:12,529][flwr][INFO] - 	       [ 31,  91, 321,  84,   0,  69,   4, 126, 241,  43],
[2024-06-20 20:27:12,529][flwr][INFO] - 	       [ 11, 215, 129, 119,   2, 146,  30,  26, 241,  63],
[2024-06-20 20:27:12,529][flwr][INFO] - 	       [ 28, 196, 137,  76,   0, 222,   4,  49, 148,  32],
[2024-06-20 20:27:12,529][flwr][INFO] - 	       [ 23,  74, 344,  20,   0,  64, 127,  44, 187,  75],
[2024-06-20 20:27:12,529][flwr][INFO] - 	       [ 31, 458,  43,  78,   1, 105,   9, 119, 109,  75],
[2024-06-20 20:27:12,529][flwr][INFO] - 	       [ 17,  89, 256,  29,   0, 130,   3,  86, 296,  68],
[2024-06-20 20:27:12,529][flwr][INFO] - 	       [ 11, 284,  48,  71,   0, 118,  18,  29, 334,  96]])),
[2024-06-20 20:27:12,529][flwr][INFO] - 	                      (3,
[2024-06-20 20:27:12,529][flwr][INFO] - 	                       array([[405,  10,   5,   2, 228,   1, 250,  12,  64,   3],
[2024-06-20 20:27:12,529][flwr][INFO] - 	       [  2, 862,  16,   0,  34,   0,  92,  12, 103,  14],
[2024-06-20 20:27:12,529][flwr][INFO] - 	       [  5,  27,  54,   0,  46,   7, 548,  61, 250,  34],
[2024-06-20 20:27:12,530][flwr][INFO] - 	       [ 16,  48,  44,  33, 105,  24, 130,  81, 436,  93],
[2024-06-20 20:27:12,530][flwr][INFO] - 	       [  5,  48,  35,   3, 155,   9, 313,  69, 225, 120],
[2024-06-20 20:27:12,530][flwr][INFO] - 	       [ 61,  66,  37,  16,  70,  82, 160,  57, 272,  71],
[2024-06-20 20:27:12,530][flwr][INFO] - 	       [  8,  61,  35,   0,  30,   7, 697,  71,  38,  11],
[2024-06-20 20:27:12,530][flwr][INFO] - 	       [ 48, 127,  15,   9,  71,   6, 157, 342,  88, 165],
[2024-06-20 20:27:12,530][flwr][INFO] - 	       [ 32,  74,  20,  27, 107,   8, 143,  60, 481,  22],
[2024-06-20 20:27:12,530][flwr][INFO] - 	       [ 30,  70,  17,  12,  81,   4, 201, 112, 299, 183]])),
[2024-06-20 20:27:12,530][flwr][INFO] - 	                      (4,
[2024-06-20 20:27:12,530][flwr][INFO] - 	                       array([[648,  32,  86,   0,  16,   3, 115,  69,   8,   3],
[2024-06-20 20:27:12,530][flwr][INFO] - 	       [  4, 927,  34,   3,  32,  19,  28,  48,  32,   8],
[2024-06-20 20:27:12,530][flwr][INFO] - 	       [ 14,  37, 250,   3,  19,  28, 329, 201, 131,  20],
[2024-06-20 20:27:12,530][flwr][INFO] - 	       [ 35, 146, 133,  36,  20, 143, 241, 104, 111,  41],
[2024-06-20 20:27:12,530][flwr][INFO] - 	       [ 15, 302, 128,   4,  31,  64, 238,  93,  35,  72],
[2024-06-20 20:27:12,530][flwr][INFO] - 	       [124, 160,  67,   1,   7, 221, 155, 124,  19,  14],
[2024-06-20 20:27:12,530][flwr][INFO] - 	       [ 28, 123, 133,   4,   7,  17, 279, 350,  11,   6],
[2024-06-20 20:27:12,530][flwr][INFO] - 	       [ 36, 146, 134,   0,  24,  20, 108, 490,  14,  56],
[2024-06-20 20:27:12,530][flwr][INFO] - 	       [116,  97, 104,  42,  11,  48, 189, 233, 114,  20],
[2024-06-20 20:27:12,530][flwr][INFO] - 	       [ 27, 185, 103,   5,  20,  33, 198, 251,  41, 146]])),
[2024-06-20 20:27:12,530][flwr][INFO] - 	                      (5,
[2024-06-20 20:27:12,530][flwr][INFO] - 	                       array([[831,   3,  40,   6,  10,   3,  66,   5,   7,   9],
[2024-06-20 20:27:12,530][flwr][INFO] - 	       [  9, 295,  27,  11,  49,  74, 100,  55, 309, 206],
[2024-06-20 20:27:12,530][flwr][INFO] - 	       [ 13,  12, 496,  16,  31,   7, 187,  17, 162,  91],
[2024-06-20 20:27:12,530][flwr][INFO] - 	       [ 46,  15, 106, 316,  49,  47, 135,  15,  60, 221],
[2024-06-20 20:27:12,530][flwr][INFO] - 	       [  9,  20,  52,   9, 194,  10, 229,  42,  18, 399],
[2024-06-20 20:27:12,530][flwr][INFO] - 	       [139,  10,  56,  22,  42, 173, 135,  55,  16, 244],
[2024-06-20 20:27:12,530][flwr][INFO] - 	       [ 60,  16, 193,   3,  47,   5, 471,  74,  20,  69],
[2024-06-20 20:27:12,530][flwr][INFO] - 	       [ 16,  10, 103,   3,  83,   6, 215, 155,  10, 427],
[2024-06-20 20:27:12,530][flwr][INFO] - 	       [ 45,  14,  80,  19,  62,  13, 203,  51, 139, 348],
[2024-06-20 20:27:12,530][flwr][INFO] - 	       [ 13,   3,  37,   4,  50,  10, 220,  52,   9, 611]])),
[2024-06-20 20:27:12,530][flwr][INFO] - 	                      (6,
[2024-06-20 20:27:12,530][flwr][INFO] - 	                       array([[855,   6,  35,  12,   2,  24,  34,   1,   2,   9],
[2024-06-20 20:27:12,530][flwr][INFO] - 	       [  1, 643, 117,   6,  18,  81,  12,   7, 152,  98],
[2024-06-20 20:27:12,530][flwr][INFO] - 	       [ 17,  37, 646,  28,  34,  17, 106,   4,  85,  58],
[2024-06-20 20:27:12,530][flwr][INFO] - 	       [ 33, 109, 175, 315,  29, 134,  62,  10,  46,  97],
[2024-06-20 20:27:12,530][flwr][INFO] - 	       [ 44,  53,  31,  21, 239, 230, 154,  33,  12, 165],
[2024-06-20 20:27:12,530][flwr][INFO] - 	       [ 70,  73,  70,  26,  21, 511,  52,  11,   9,  49],
[2024-06-20 20:27:12,530][flwr][INFO] - 	       [ 79,  33, 153,  11,  49,  56, 507,  13,   5,  52],
[2024-06-20 20:27:12,530][flwr][INFO] - 	       [136,  68, 187,  12,  73,  69,  90, 128,  12, 253],
[2024-06-20 20:27:12,530][flwr][INFO] - 	       [ 59,  95, 186,  77,  67,  93,  80,  28, 104, 185],
[2024-06-20 20:27:12,530][flwr][INFO] - 	       [ 52,  56,  78,  13,  72,  99, 161,  49,  12, 417]])),
[2024-06-20 20:27:12,530][flwr][INFO] - 	                      (7,
[2024-06-20 20:27:12,530][flwr][INFO] - 	                       array([[492,   4,  68, 148,  20,  12,  80, 130,   4,  22],
[2024-06-20 20:27:12,531][flwr][INFO] - 	       [  4, 491,   8,  15,  17,  27,   5,  31, 331, 206],
[2024-06-20 20:27:12,531][flwr][INFO] - 	       [  7,  15, 384,  57,  52,   9, 150,  33, 212, 113],
[2024-06-20 20:27:12,531][flwr][INFO] - 	       [ 13,  60,  59, 442,  37,  80,  62,  51,  75, 131],
[2024-06-20 20:27:12,531][flwr][INFO] - 	       [  6,  15,  13,  34, 358, 163,  94,  70,  61, 168],
[2024-06-20 20:27:12,531][flwr][INFO] - 	       [ 24,  49,  33,  70,  46, 320,  69, 144,  34, 103],
[2024-06-20 20:27:12,531][flwr][INFO] - 	       [ 16,  16,  80,  29,  82,  41, 569,  45,  42,  38],
[2024-06-20 20:27:12,531][flwr][INFO] - 	       [ 20,  19,  18,  25, 113,  58,  35, 528,  35, 177],
[2024-06-20 20:27:12,531][flwr][INFO] - 	       [ 14,  67,  40, 109,  79,  52,  77,  99, 215, 222],
[2024-06-20 20:27:12,531][flwr][INFO] - 	       [  7,  20,  20,  25, 154,  46,  86, 148,  56, 447]])),
[2024-06-20 20:27:12,531][flwr][INFO] - 	                      (8,
[2024-06-20 20:27:12,531][flwr][INFO] - 	                       array([[626,   6,  49,  83,   6,  20, 132,  25,  17,  16],
[2024-06-20 20:27:12,531][flwr][INFO] - 	       [  5, 712,  20,  41,   6,   7,   9,  14, 238,  83],
[2024-06-20 20:27:12,531][flwr][INFO] - 	       [ 12,  23, 466,  73,  17,   7,  77,  15, 278,  64],
[2024-06-20 20:27:12,531][flwr][INFO] - 	       [ 28,  94,  90, 445,  17,  63,  51,  27, 137,  58],
[2024-06-20 20:27:12,531][flwr][INFO] - 	       [ 12,  27,  48,  81, 282,  97,  63,  42, 259,  71],
[2024-06-20 20:27:12,531][flwr][INFO] - 	       [ 73,  52,  74, 118,  37, 254,  57,  58,  65, 104],
[2024-06-20 20:27:12,531][flwr][INFO] - 	       [ 20,  27, 148,  58,  43,  20, 520,  15,  89,  18],
[2024-06-20 20:27:12,531][flwr][INFO] - 	       [ 30,  41, 110,  78,  56,  41,  14, 538,  63,  57],
[2024-06-20 20:27:12,531][flwr][INFO] - 	       [ 28,  95,  81, 137,  29,  20,  39,  44, 417,  84],
[2024-06-20 20:27:12,531][flwr][INFO] - 	       [ 20,  28,  70,  78, 104,  32,  61, 175, 258, 183]])),
[2024-06-20 20:27:12,531][flwr][INFO] - 	                      (9,
[2024-06-20 20:27:12,531][flwr][INFO] - 	                       array([[688,   2,  18,  36,  14,  12, 142,  22,   9,  37],
[2024-06-20 20:27:12,531][flwr][INFO] - 	       [  4, 667,  20,  89,  15,  15,  29,  14,  82, 200],
[2024-06-20 20:27:12,531][flwr][INFO] - 	       [ 19,  22, 392, 119,  56,   6, 135,  35, 153,  95],
[2024-06-20 20:27:12,531][flwr][INFO] - 	       [ 17,  63,  62, 460,  42,  45, 103,  42,  53, 123],
[2024-06-20 20:27:12,531][flwr][INFO] - 	       [ 20,  32,  18,  65, 402,  32, 106,  49, 115, 143],
[2024-06-20 20:27:12,531][flwr][INFO] - 	       [ 81,  56,  46, 100,  59, 168, 116,  62,  41, 163],
[2024-06-20 20:27:12,531][flwr][INFO] - 	       [ 30,  19,  42,  39,  58,  12, 649,  17,  55,  37],
[2024-06-20 20:27:12,531][flwr][INFO] - 	       [ 39,  34,  72, 117,  90,  28,  41, 501,  34,  72],
[2024-06-20 20:27:12,531][flwr][INFO] - 	       [ 29,  70,  45, 156, 122,  13,  82,  39, 263, 155],
[2024-06-20 20:27:12,531][flwr][INFO] - 	       [ 25,  20,  29,  60, 174,  19,  99, 147, 150, 286]])),
[2024-06-20 20:27:12,531][flwr][INFO] - 	                      (10,
[2024-06-20 20:27:12,531][flwr][INFO] - 	                       array([[597,   7,  40,  57,  42,  36, 105,  12,  48,  36],
[2024-06-20 20:27:12,531][flwr][INFO] - 	       [  1, 618,   6, 161,   2,  44,   1,   4, 152, 146],
[2024-06-20 20:27:12,531][flwr][INFO] - 	       [ 17,  37, 317, 144,  85,  16, 101,  15, 172, 128],
[2024-06-20 20:27:12,531][flwr][INFO] - 	       [ 13, 106,  48, 381,  51,  89,  62,  17,  64, 179],
[2024-06-20 20:27:12,531][flwr][INFO] - 	       [  9,  69,   7,  43, 383,  54,  49,  27, 123, 218],
[2024-06-20 20:27:12,531][flwr][INFO] - 	       [ 42,  68,  27, 136,  58, 263,  41,  16,  80, 161],
[2024-06-20 20:27:12,531][flwr][INFO] - 	       [ 18,  50,  64,  28, 173,  22, 403,  20, 106,  74],
[2024-06-20 20:27:12,531][flwr][INFO] - 	       [ 19,  41,  29, 140, 106,  24,  27, 350,  34, 258],
[2024-06-20 20:27:12,531][flwr][INFO] - 	       [ 13,  66,  36, 161, 171,  31,  32,  12, 279, 173],
[2024-06-20 20:27:12,531][flwr][INFO] - 	       [ 11,  49,  10,  65, 153,  23,  49,  61,  93, 495]]))],
[2024-06-20 20:27:12,532][flwr][INFO] - 	 'f1': [(0, 0.03553137346181725),
[2024-06-20 20:27:12,532][flwr][INFO] - 	        (1, 0.046807315988994444),
[2024-06-20 20:27:12,532][flwr][INFO] - 	        (2, 0.21517877853174333),
[2024-06-20 20:27:12,532][flwr][INFO] - 	        (3, 0.2957058007541072),
[2024-06-20 20:27:12,532][flwr][INFO] - 	        (4, 0.27684067072567353),
[2024-06-20 20:27:12,532][flwr][INFO] - 	        (5, 0.3599526677001145),
[2024-06-20 20:27:12,532][flwr][INFO] - 	        (6, 0.4103832465698852),
[2024-06-20 20:27:12,532][flwr][INFO] - 	        (7, 0.4320144271605126),
[2024-06-20 20:27:12,532][flwr][INFO] - 	        (8, 0.4464300478395523),
[2024-06-20 20:27:12,532][flwr][INFO] - 	        (9, 0.4460316111339791),
[2024-06-20 20:27:12,532][flwr][INFO] - 	        (10, 0.41817579758336826)],
[2024-06-20 20:27:12,532][flwr][INFO] - 	 'precision': [(0, 0.12349967530374152),
[2024-06-20 20:27:12,532][flwr][INFO] - 	               (1, 0.06067130449192787),
[2024-06-20 20:27:12,532][flwr][INFO] - 	               (2, 0.31112642272637187),
[2024-06-20 20:27:12,532][flwr][INFO] - 	               (3, 0.3651085071675897),
[2024-06-20 20:27:12,532][flwr][INFO] - 	               (4, 0.3175081094062889),
[2024-06-20 20:27:12,532][flwr][INFO] - 	               (5, 0.4444827847251583),
[2024-06-20 20:27:12,532][flwr][INFO] - 	               (6, 0.4372489116081537),
[2024-06-20 20:27:12,532][flwr][INFO] - 	               (7, 0.4615527144546607),
[2024-06-20 20:27:12,532][flwr][INFO] - 	               (8, 0.4651024280514991),
[2024-06-20 20:27:12,532][flwr][INFO] - 	               (9, 0.4662889333392315),
[2024-06-20 20:27:12,532][flwr][INFO] - 	               (10, 0.45925449053657874)],
[2024-06-20 20:27:12,532][flwr][INFO] - 	 'recall': [(0, 0.1086),
[2024-06-20 20:27:12,532][flwr][INFO] - 	            (1, 0.1113),
[2024-06-20 20:27:12,532][flwr][INFO] - 	            (2, 0.2353),
[2024-06-20 20:27:12,532][flwr][INFO] - 	            (3, 0.3294),
[2024-06-20 20:27:12,532][flwr][INFO] - 	            (4, 0.3142),
[2024-06-20 20:27:12,532][flwr][INFO] - 	            (5, 0.3681),
[2024-06-20 20:27:12,532][flwr][INFO] - 	            (6, 0.4365),
[2024-06-20 20:27:12,532][flwr][INFO] - 	            (7, 0.4246),
[2024-06-20 20:27:12,532][flwr][INFO] - 	            (8, 0.4443),
[2024-06-20 20:27:12,532][flwr][INFO] - 	            (9, 0.4476),
[2024-06-20 20:27:12,532][flwr][INFO] - 	            (10, 0.4086)]}
[2024-06-20 20:27:12,532][flwr][INFO] - 
