[2024-06-21 13:09:45,066][flwr][INFO] - Starting Flower simulation, config: num_rounds=10, no round_timeout
[2024-06-21 13:09:47,082][flwr][INFO] - Flower VCE: Ray initialized with resources: {'node:__internal_head__': 1.0, 'node:127.0.0.1': 1.0, 'object_store_memory': 2147483648.0, 'CPU': 12.0, 'memory': 8815619277.0}
[2024-06-21 13:09:47,082][flwr][INFO] - Optimize your simulation with Flower VCE: https://flower.ai/docs/framework/how-to-run-simulations.html
[2024-06-21 13:09:47,082][flwr][INFO] - Flower VCE: Resources for each Virtual Client: {'num_cpus': 2, 'num_gpus': 0}
[2024-06-21 13:09:47,088][flwr][INFO] - Flower VCE: Creating VirtualClientEngineActorPool with 6 actors
[2024-06-21 13:09:47,089][flwr][INFO] - [INIT]
[2024-06-21 13:09:47,089][flwr][INFO] - Requesting initial parameters from one random client
[2024-06-21 13:09:48,654][flwr][INFO] - Received initial parameters from one random client
[2024-06-21 13:09:48,654][flwr][INFO] - Evaluating initial global parameters
[2024-06-21 13:09:48,991][flwr][INFO] - initial parameters (loss, other metrics): 181.76928067207336, {'accuracy': 0.1086, 'precision': 0.12349967530374152, 'recall': 0.1086, 'f1': 0.03553137346181725, 'confusion_matrix': array([[   0,    8,    0,  956,    0,    1,    0,   15,    0,    0],
       [   0,  122,    0, 1013,    0,    0,    0,    0,    0,    0],
       [   0,   38,    0,  971,    0,    0,    3,   19,    1,    0],
       [   0,   44,    0,  945,    1,    1,    0,   17,    2,    0],
       [   0,  143,    0,  816,    1,    0,    2,   20,    0,    0],
       [   0,  118,    0,  735,    1,    7,    0,   30,    1,    0],
       [   0,  144,    0,  749,   25,    0,    2,   38,    0,    0],
       [   0,  272,    0,  724,    8,    0,    0,    9,   15,    0],
       [   0,   81,    0,  859,    1,    0,    1,   32,    0,    0],
       [   0,  178,    0,  799,    1,    0,    0,   31,    0,    0]])}
[2024-06-21 13:09:48,992][flwr][INFO] - 
[2024-06-21 13:09:48,992][flwr][INFO] - [ROUND 1]
[2024-06-21 13:09:48,992][flwr][INFO] - configure_fit: strategy sampled 10 clients (out of 100)
[2024-06-21 13:09:55,374][flwr][INFO] - aggregate_fit: received 10 results and 0 failures
[2024-06-21 13:09:55,380][flwr][WARNING] - No fit_metrics_aggregation_fn provided
[2024-06-21 13:09:55,711][flwr][INFO] - fit progress: (1, 117.93837749958038, {'accuracy': 0.5964, 'precision': 0.6693914454748023, 'recall': 0.5964, 'f1': 0.5631731410454395, 'confusion_matrix': array([[872,   0,   2,   1,   4,  35,  64,   0,   0,   2],
       [  0, 184, 918,   4,   6,  13,   8,   0,   1,   1],
       [ 16,   1, 800,  69,  21,  20,  54,  17,   7,  27],
       [  5,   0,  58, 445, 149, 257,  30,   3,  18,  45],
       [ 11,   0,   2,   0, 767,   9,  67,  51,   0,  75],
       [ 19,   4,  19,   3, 150, 526, 129,  10,   7,  25],
       [ 17,   1,   6,   0,  12,  13, 902,   6,   0,   1],
       [ 15,   0,  34,   7,  21,   2,   3, 667,   4, 275],
       [ 18,   1,  50, 124, 153,  89,  65,   1, 111, 362],
       [ 41,   1,   1,   2, 149,  11,   2, 111,   1, 690]])}, 6.718932541000001)
[2024-06-21 13:09:55,711][flwr][INFO] - configure_evaluate: no clients selected, skipping evaluation
[2024-06-21 13:09:55,711][flwr][INFO] - 
[2024-06-21 13:09:55,711][flwr][INFO] - [ROUND 2]
[2024-06-21 13:09:55,712][flwr][INFO] - configure_fit: strategy sampled 10 clients (out of 100)
[2024-06-21 13:10:00,188][flwr][INFO] - aggregate_fit: received 10 results and 0 failures
[2024-06-21 13:10:00,524][flwr][INFO] - fit progress: (2, 94.01298278570175, {'accuracy': 0.5828, 'precision': 0.5846254505590397, 'recall': 0.5828, 'f1': 0.5414079588753583, 'confusion_matrix': array([[ 862,   37,    2,   26,    0,   20,   25,    1,    1,    6],
       [   0,    0, 1122,    5,    2,    1,    3,    0,    1,    1],
       [   5,    1,  810,  153,    8,   10,   11,    8,   16,   10],
       [   0,    0,   32,  822,   33,   37,    4,    3,   17,   62],
       [   1,    0,   10,    0,  394,  462,   14,    0,    0,  101],
       [  15,    7,   32,   81,   18,  649,   53,    2,   24,   11],
       [  11,    0,   50,    5,   13,   17,  832,   26,    0,    4],
       [  48,    0,   72,   21,    3,   39,    1,  430,   70,  344],
       [   9,    0,   86,  138,   12,   57,   21,    0,  165,  486],
       [  22,    0,    4,    6,   19,   80,    0,   12,    2,  864]])}, 11.531531666000001)
[2024-06-21 13:10:00,524][flwr][INFO] - configure_evaluate: no clients selected, skipping evaluation
[2024-06-21 13:10:00,524][flwr][INFO] - 
[2024-06-21 13:10:00,524][flwr][INFO] - [ROUND 3]
[2024-06-21 13:10:00,524][flwr][INFO] - configure_fit: strategy sampled 10 clients (out of 100)
[2024-06-21 13:10:05,271][flwr][INFO] - aggregate_fit: received 10 results and 0 failures
[2024-06-21 13:10:05,621][flwr][INFO] - fit progress: (3, 75.67131632566452, {'accuracy': 0.6752, 'precision': 0.6935297717019127, 'recall': 0.6752, 'f1': 0.6586526357678593, 'confusion_matrix': array([[917,  26,   1,   7,   0,  14,   8,   1,   6,   0],
       [  0, 743, 350,   4,   3,   3,   3,   0,  27,   2],
       [  9,   2, 527, 378,   9,  13,  13,  15,  60,   6],
       [  2,   3,   6, 792,  58,  50,   4,   3,  58,  34],
       [  9,   0,   3,   0, 603, 262,  12,   2,   1,  90],
       [ 21,  15,   2,  43,  16, 692,  44,   2,  40,  17],
       [ 31,   3,   8,   6,  12,  14, 821,  61,   0,   2],
       [ 46,   3,  24,  11,   4,  20,   0, 113, 710,  97],
       [ 12,   2,  14,  49,   9,  49,  18,   0, 679, 142],
       [ 46,   4,   1,   3,  26,  35,   0,   9,  20, 865]])}, 16.628298207999997)
[2024-06-21 13:10:05,621][flwr][INFO] - configure_evaluate: no clients selected, skipping evaluation
[2024-06-21 13:10:05,621][flwr][INFO] - 
[2024-06-21 13:10:05,621][flwr][INFO] - [ROUND 4]
[2024-06-21 13:10:05,621][flwr][INFO] - configure_fit: strategy sampled 10 clients (out of 100)
[2024-06-21 13:10:11,465][flwr][INFO] - aggregate_fit: received 10 results and 0 failures
[2024-06-21 13:10:11,801][flwr][INFO] - fit progress: (4, 68.56380242109299, {'accuracy': 0.6663, 'precision': 0.6966525795651936, 'recall': 0.6663, 'f1': 0.6526134108161852, 'confusion_matrix': array([[734, 195,   1,   8,   0,  20,  12,   7,   0,   3],
       [  0, 173, 936,   7,   2,   3,   3,   0,   8,   3],
       [  1,   7, 654, 278,  16,  13,   9,  14,  32,   8],
       [  0,   1,   5, 881,  25,  27,   1,   4,   9,  57],
       [  1,   0,   3,   1, 627, 289,   8,   0,   0,  53],
       [  7,  12,   3,  52,   7, 732,  37,   2,  20,  20],
       [  9,   2,   9,   6,  19,  11, 862,  36,   0,   4],
       [  9,   0,  44,  26,   7,  25,   0, 777,  36, 104],
       [  4,   3,  19,  70,   7,  66,  17,   0, 334, 454],
       [ 12,   1,   4,   4,  26,  63,   0,  10,   0, 889]])}, 22.808645249999998)
[2024-06-21 13:10:11,801][flwr][INFO] - configure_evaluate: no clients selected, skipping evaluation
[2024-06-21 13:10:11,801][flwr][INFO] - 
[2024-06-21 13:10:11,801][flwr][INFO] - [ROUND 5]
[2024-06-21 13:10:11,802][flwr][INFO] - configure_fit: strategy sampled 10 clients (out of 100)
[2024-06-21 13:10:16,788][flwr][INFO] - aggregate_fit: received 10 results and 0 failures
[2024-06-21 13:10:17,132][flwr][INFO] - fit progress: (5, 64.56695491075516, {'accuracy': 0.7054, 'precision': 0.7565056539924402, 'recall': 0.7054, 'f1': 0.692658852569164, 'confusion_matrix': array([[939,  22,   0,   2,   0,   8,   2,   4,   3,   0],
       [  0, 919, 193,   2,   1,   2,   3,   0,  13,   2],
       [ 14,   5, 801, 121,   8,  19,   4,   8,  50,   2],
       [  2,   4,   8, 860,  18,  37,   5,   4,  37,  35],
       [  2,   0,   3,   1, 189, 741,   6,   0,   4,  36],
       [ 18,  15,   1,  40,   3, 772,  14,   3,  23,   3],
       [ 29,   4,   9,   1,   4,  57, 803,  48,   1,   2],
       [ 32,   4,  49,   9,   2,  27,   0, 328, 553,  24],
       [ 11,   4,  16,  27,   5,  66,  11,   0, 645, 189],
       [ 56,   5,   2,   5,  12,  97,   0,   7,  27, 798]])}, 28.139201457999995)
[2024-06-21 13:10:17,132][flwr][INFO] - configure_evaluate: no clients selected, skipping evaluation
[2024-06-21 13:10:17,132][flwr][INFO] - 
[2024-06-21 13:10:17,132][flwr][INFO] - [ROUND 6]
[2024-06-21 13:10:17,133][flwr][INFO] - configure_fit: strategy sampled 10 clients (out of 100)
[2024-06-21 13:10:22,165][flwr][INFO] - aggregate_fit: received 10 results and 0 failures
[2024-06-21 13:10:22,568][flwr][INFO] - fit progress: (6, 58.3919412791729, {'accuracy': 0.7617, 'precision': 0.7916682360687055, 'recall': 0.7617, 'f1': 0.7572903895268677, 'confusion_matrix': array([[942,  13,   0,   1,   0,   9,   6,   7,   1,   1],
       [  0, 783, 325,   8,   1,   4,   6,   0,   4,   4],
       [  9,   2, 603, 335,  12,  12,   9,  21,  22,   7],
       [  0,   1,   4, 898,  11,  42,   4,   7,   5,  38],
       [  2,   0,   1,   5, 653, 252,   7,   2,   0,  60],
       [  8,  10,   1,  32,   3, 744,  75,   7,   6,   6],
       [ 12,   2,   4,   2,   6,  13, 844,  75,   0,   0],
       [ 11,   0,  30,  36,   3,  12,   0, 872,  18,  46],
       [ 15,   3,  15,  59,   4,  66,  29,   2, 380, 401],
       [ 42,   5,   3,   5,  11,  35,   0,  10,   0, 898]])}, 33.575460207999996)
[2024-06-21 13:10:22,569][flwr][INFO] - configure_evaluate: no clients selected, skipping evaluation
[2024-06-21 13:10:22,569][flwr][INFO] - 
[2024-06-21 13:10:22,569][flwr][INFO] - [ROUND 7]
[2024-06-21 13:10:22,569][flwr][INFO] - configure_fit: strategy sampled 10 clients (out of 100)
[2024-06-21 13:10:29,010][flwr][INFO] - aggregate_fit: received 10 results and 0 failures
[2024-06-21 13:10:29,383][flwr][INFO] - fit progress: (7, 57.086309373378754, {'accuracy': 0.7657, 'precision': 0.7995490857599415, 'recall': 0.7657, 'f1': 0.7630860369077084, 'confusion_matrix': array([[937,  20,   0,   1,   0,   6,   3,   8,   4,   1],
       [  0, 707, 399,   4,   0,   3,   3,   0,  19,   0],
       [  9,   2, 723, 188,   5,  12,   5,  22,  59,   7],
       [  0,   3,   5, 889,   3,  50,   4,   5,  32,  19],
       [  2,   0,   2,   2, 412, 466,   4,   5,   4,  85],
       [  5,   7,   0,  25,   0, 790,  22,   6,  29,   8],
       [  8,   7,   3,   3,   3,  23, 772, 133,   3,   3],
       [ 12,   0,  29,  16,   0,   8,   0, 738, 191,  34],
       [  5,   6,   7,  28,   3,  41,  10,   1, 776,  97],
       [ 19,   5,   1,   9,   4,  31,   0,  11,  16, 913]])}, 40.390193249999996)
[2024-06-21 13:10:29,383][flwr][INFO] - configure_evaluate: no clients selected, skipping evaluation
[2024-06-21 13:10:29,384][flwr][INFO] - 
[2024-06-21 13:10:29,384][flwr][INFO] - [ROUND 8]
[2024-06-21 13:10:29,384][flwr][INFO] - configure_fit: strategy sampled 10 clients (out of 100)
[2024-06-21 13:10:35,067][flwr][INFO] - aggregate_fit: received 10 results and 0 failures
[2024-06-21 13:10:35,417][flwr][INFO] - fit progress: (8, 50.121927350759506, {'accuracy': 0.8239, 'precision': 0.8361186758034997, 'recall': 0.8239, 'f1': 0.82233483282889, 'confusion_matrix': array([[952,   8,   0,   1,   0,   3,  11,   2,   3,   0],
       [  0, 995, 114,   5,   1,   1,   9,   1,   9,   0],
       [  7,   4, 799, 133,   3,   6,  17,  19,  37,   7],
       [  0,   4,   4, 908,  15,  22,  15,   5,  16,  21],
       [  6,   0,   1,   4, 588, 225,  25,   1,   3, 129],
       [  9,   5,   0,  24,   2, 639, 190,   4,  15,   4],
       [ 10,   2,   5,   0,   1,   5, 922,  13,   0,   0],
       [ 21,   5,  20,  28,   1,   5,   1, 848,  71,  28],
       [  6,   9,  11,  32,   4,  27,  40,   1, 680, 164],
       [ 44,   8,   1,   9,   9,  16,   1,   8,   5, 908]])}, 46.424134916)
[2024-06-21 13:10:35,418][flwr][INFO] - configure_evaluate: no clients selected, skipping evaluation
[2024-06-21 13:10:35,418][flwr][INFO] - 
[2024-06-21 13:10:35,418][flwr][INFO] - [ROUND 9]
[2024-06-21 13:10:35,418][flwr][INFO] - configure_fit: strategy sampled 10 clients (out of 100)
[2024-06-21 13:10:40,805][flwr][INFO] - aggregate_fit: received 10 results and 0 failures
[2024-06-21 13:10:41,160][flwr][INFO] - fit progress: (9, 54.7155357003212, {'accuracy': 0.776, 'precision': 0.7962415654880254, 'recall': 0.776, 'f1': 0.772911938374694, 'confusion_matrix': array([[853, 102,   0,   1,   0,   7,   2,   8,   5,   2],
       [  0, 853, 261,   4,   1,   1,   3,   0,  10,   2],
       [  4,   6, 805, 144,   8,  11,   1,  11,  38,   4],
       [  0,   2,  10, 877,  34,  37,   6,   5,  16,  23],
       [  1,   0,   1,   3, 657, 246,   3,   6,   5,  60],
       [  3,   8,   1,  19,   3, 785,  37,   7,  23,   6],
       [  6,  12,   4,   1,   2,  25, 414, 492,   1,   1],
       [  7,   3,  35,  32,   2,  11,   0, 870,  35,  33],
       [  0,   6,  12,  20,   5,  29,  14,   1, 743, 144],
       [ 19,   4,   5,   6,  28,  32,   0,  10,   2, 903]])}, 52.166690791)
[2024-06-21 13:10:41,160][flwr][INFO] - configure_evaluate: no clients selected, skipping evaluation
[2024-06-21 13:10:41,160][flwr][INFO] - 
[2024-06-21 13:10:41,160][flwr][INFO] - [ROUND 10]
[2024-06-21 13:10:41,161][flwr][INFO] - configure_fit: strategy sampled 10 clients (out of 100)
[2024-06-21 13:10:46,169][flwr][INFO] - aggregate_fit: received 10 results and 0 failures
[2024-06-21 13:10:46,531][flwr][INFO] - fit progress: (10, 46.06482535600662, {'accuracy': 0.8428, 'precision': 0.8510049225043864, 'recall': 0.8428, 'f1': 0.8424707961655786, 'confusion_matrix': array([[964,   2,   0,   1,   0,   3,   8,   1,   1,   0],
       [  0, 982, 122,   5,   1,   2,   6,   0,  17,   0],
       [ 13,   1, 706, 235,  11,   3,  12,   6,  40,   5],
       [  2,   0,   1, 887,  47,  22,  10,   2,  16,  23],
       [  9,   0,   1,   3, 795,  98,  11,   1,   4,  60],
       [ 15,   1,   1,  27,   5, 708, 112,   3,  16,   4],
       [ 15,   1,   4,   2,   5,   7, 919,   4,   1,   0],
       [ 21,   3,  18,  46,   3,   3,   0, 792,  89,  53],
       [ 10,   1,   5,  25,   9,  22,  20,   0, 765, 117],
       [ 38,   5,   0,   5,  25,  17,   1,   4,   4, 910]])}, 57.537997415999996)
[2024-06-21 13:10:46,532][flwr][INFO] - configure_evaluate: no clients selected, skipping evaluation
[2024-06-21 13:10:46,532][flwr][INFO] - 
[2024-06-21 13:10:46,532][flwr][INFO] - [SUMMARY]
[2024-06-21 13:10:46,532][flwr][INFO] - Run finished 10 round(s) in 57.54s
[2024-06-21 13:10:46,536][flwr][INFO] - 	History (loss, centralized):
[2024-06-21 13:10:46,536][flwr][INFO] - 		round 0: 181.76928067207336
[2024-06-21 13:10:46,536][flwr][INFO] - 		round 1: 117.93837749958038
[2024-06-21 13:10:46,536][flwr][INFO] - 		round 2: 94.01298278570175
[2024-06-21 13:10:46,536][flwr][INFO] - 		round 3: 75.67131632566452
[2024-06-21 13:10:46,536][flwr][INFO] - 		round 4: 68.56380242109299
[2024-06-21 13:10:46,536][flwr][INFO] - 		round 5: 64.56695491075516
[2024-06-21 13:10:46,536][flwr][INFO] - 		round 6: 58.3919412791729
[2024-06-21 13:10:46,536][flwr][INFO] - 		round 7: 57.086309373378754
[2024-06-21 13:10:46,536][flwr][INFO] - 		round 8: 50.121927350759506
[2024-06-21 13:10:46,536][flwr][INFO] - 		round 9: 54.7155357003212
[2024-06-21 13:10:46,536][flwr][INFO] - 		round 10: 46.06482535600662
[2024-06-21 13:10:46,536][flwr][INFO] - 	History (metrics, centralized):
[2024-06-21 13:10:46,536][flwr][INFO] - 	{'accuracy': [(0, 0.1086),
[2024-06-21 13:10:46,537][flwr][INFO] - 	              (1, 0.5964),
[2024-06-21 13:10:46,537][flwr][INFO] - 	              (2, 0.5828),
[2024-06-21 13:10:46,537][flwr][INFO] - 	              (3, 0.6752),
[2024-06-21 13:10:46,537][flwr][INFO] - 	              (4, 0.6663),
[2024-06-21 13:10:46,537][flwr][INFO] - 	              (5, 0.7054),
[2024-06-21 13:10:46,537][flwr][INFO] - 	              (6, 0.7617),
[2024-06-21 13:10:46,537][flwr][INFO] - 	              (7, 0.7657),
[2024-06-21 13:10:46,537][flwr][INFO] - 	              (8, 0.8239),
[2024-06-21 13:10:46,537][flwr][INFO] - 	              (9, 0.776),
[2024-06-21 13:10:46,537][flwr][INFO] - 	              (10, 0.8428)],
[2024-06-21 13:10:46,537][flwr][INFO] - 	 'confusion_matrix': [(0,
[2024-06-21 13:10:46,537][flwr][INFO] - 	                       array([[   0,    8,    0,  956,    0,    1,    0,   15,    0,    0],
[2024-06-21 13:10:46,537][flwr][INFO] - 	       [   0,  122,    0, 1013,    0,    0,    0,    0,    0,    0],
[2024-06-21 13:10:46,537][flwr][INFO] - 	       [   0,   38,    0,  971,    0,    0,    3,   19,    1,    0],
[2024-06-21 13:10:46,537][flwr][INFO] - 	       [   0,   44,    0,  945,    1,    1,    0,   17,    2,    0],
[2024-06-21 13:10:46,537][flwr][INFO] - 	       [   0,  143,    0,  816,    1,    0,    2,   20,    0,    0],
[2024-06-21 13:10:46,537][flwr][INFO] - 	       [   0,  118,    0,  735,    1,    7,    0,   30,    1,    0],
[2024-06-21 13:10:46,537][flwr][INFO] - 	       [   0,  144,    0,  749,   25,    0,    2,   38,    0,    0],
[2024-06-21 13:10:46,537][flwr][INFO] - 	       [   0,  272,    0,  724,    8,    0,    0,    9,   15,    0],
[2024-06-21 13:10:46,537][flwr][INFO] - 	       [   0,   81,    0,  859,    1,    0,    1,   32,    0,    0],
[2024-06-21 13:10:46,537][flwr][INFO] - 	       [   0,  178,    0,  799,    1,    0,    0,   31,    0,    0]])),
[2024-06-21 13:10:46,537][flwr][INFO] - 	                      (1,
[2024-06-21 13:10:46,537][flwr][INFO] - 	                       array([[872,   0,   2,   1,   4,  35,  64,   0,   0,   2],
[2024-06-21 13:10:46,537][flwr][INFO] - 	       [  0, 184, 918,   4,   6,  13,   8,   0,   1,   1],
[2024-06-21 13:10:46,537][flwr][INFO] - 	       [ 16,   1, 800,  69,  21,  20,  54,  17,   7,  27],
[2024-06-21 13:10:46,537][flwr][INFO] - 	       [  5,   0,  58, 445, 149, 257,  30,   3,  18,  45],
[2024-06-21 13:10:46,537][flwr][INFO] - 	       [ 11,   0,   2,   0, 767,   9,  67,  51,   0,  75],
[2024-06-21 13:10:46,537][flwr][INFO] - 	       [ 19,   4,  19,   3, 150, 526, 129,  10,   7,  25],
[2024-06-21 13:10:46,538][flwr][INFO] - 	       [ 17,   1,   6,   0,  12,  13, 902,   6,   0,   1],
[2024-06-21 13:10:46,538][flwr][INFO] - 	       [ 15,   0,  34,   7,  21,   2,   3, 667,   4, 275],
[2024-06-21 13:10:46,538][flwr][INFO] - 	       [ 18,   1,  50, 124, 153,  89,  65,   1, 111, 362],
[2024-06-21 13:10:46,538][flwr][INFO] - 	       [ 41,   1,   1,   2, 149,  11,   2, 111,   1, 690]])),
[2024-06-21 13:10:46,538][flwr][INFO] - 	                      (2,
[2024-06-21 13:10:46,538][flwr][INFO] - 	                       array([[ 862,   37,    2,   26,    0,   20,   25,    1,    1,    6],
[2024-06-21 13:10:46,538][flwr][INFO] - 	       [   0,    0, 1122,    5,    2,    1,    3,    0,    1,    1],
[2024-06-21 13:10:46,538][flwr][INFO] - 	       [   5,    1,  810,  153,    8,   10,   11,    8,   16,   10],
[2024-06-21 13:10:46,538][flwr][INFO] - 	       [   0,    0,   32,  822,   33,   37,    4,    3,   17,   62],
[2024-06-21 13:10:46,538][flwr][INFO] - 	       [   1,    0,   10,    0,  394,  462,   14,    0,    0,  101],
[2024-06-21 13:10:46,538][flwr][INFO] - 	       [  15,    7,   32,   81,   18,  649,   53,    2,   24,   11],
[2024-06-21 13:10:46,538][flwr][INFO] - 	       [  11,    0,   50,    5,   13,   17,  832,   26,    0,    4],
[2024-06-21 13:10:46,538][flwr][INFO] - 	       [  48,    0,   72,   21,    3,   39,    1,  430,   70,  344],
[2024-06-21 13:10:46,538][flwr][INFO] - 	       [   9,    0,   86,  138,   12,   57,   21,    0,  165,  486],
[2024-06-21 13:10:46,538][flwr][INFO] - 	       [  22,    0,    4,    6,   19,   80,    0,   12,    2,  864]])),
[2024-06-21 13:10:46,538][flwr][INFO] - 	                      (3,
[2024-06-21 13:10:46,538][flwr][INFO] - 	                       array([[917,  26,   1,   7,   0,  14,   8,   1,   6,   0],
[2024-06-21 13:10:46,538][flwr][INFO] - 	       [  0, 743, 350,   4,   3,   3,   3,   0,  27,   2],
[2024-06-21 13:10:46,538][flwr][INFO] - 	       [  9,   2, 527, 378,   9,  13,  13,  15,  60,   6],
[2024-06-21 13:10:46,538][flwr][INFO] - 	       [  2,   3,   6, 792,  58,  50,   4,   3,  58,  34],
[2024-06-21 13:10:46,538][flwr][INFO] - 	       [  9,   0,   3,   0, 603, 262,  12,   2,   1,  90],
[2024-06-21 13:10:46,538][flwr][INFO] - 	       [ 21,  15,   2,  43,  16, 692,  44,   2,  40,  17],
[2024-06-21 13:10:46,538][flwr][INFO] - 	       [ 31,   3,   8,   6,  12,  14, 821,  61,   0,   2],
[2024-06-21 13:10:46,538][flwr][INFO] - 	       [ 46,   3,  24,  11,   4,  20,   0, 113, 710,  97],
[2024-06-21 13:10:46,538][flwr][INFO] - 	       [ 12,   2,  14,  49,   9,  49,  18,   0, 679, 142],
[2024-06-21 13:10:46,538][flwr][INFO] - 	       [ 46,   4,   1,   3,  26,  35,   0,   9,  20, 865]])),
[2024-06-21 13:10:46,538][flwr][INFO] - 	                      (4,
[2024-06-21 13:10:46,538][flwr][INFO] - 	                       array([[734, 195,   1,   8,   0,  20,  12,   7,   0,   3],
[2024-06-21 13:10:46,538][flwr][INFO] - 	       [  0, 173, 936,   7,   2,   3,   3,   0,   8,   3],
[2024-06-21 13:10:46,538][flwr][INFO] - 	       [  1,   7, 654, 278,  16,  13,   9,  14,  32,   8],
[2024-06-21 13:10:46,538][flwr][INFO] - 	       [  0,   1,   5, 881,  25,  27,   1,   4,   9,  57],
[2024-06-21 13:10:46,538][flwr][INFO] - 	       [  1,   0,   3,   1, 627, 289,   8,   0,   0,  53],
[2024-06-21 13:10:46,538][flwr][INFO] - 	       [  7,  12,   3,  52,   7, 732,  37,   2,  20,  20],
[2024-06-21 13:10:46,538][flwr][INFO] - 	       [  9,   2,   9,   6,  19,  11, 862,  36,   0,   4],
[2024-06-21 13:10:46,538][flwr][INFO] - 	       [  9,   0,  44,  26,   7,  25,   0, 777,  36, 104],
[2024-06-21 13:10:46,538][flwr][INFO] - 	       [  4,   3,  19,  70,   7,  66,  17,   0, 334, 454],
[2024-06-21 13:10:46,538][flwr][INFO] - 	       [ 12,   1,   4,   4,  26,  63,   0,  10,   0, 889]])),
[2024-06-21 13:10:46,538][flwr][INFO] - 	                      (5,
[2024-06-21 13:10:46,538][flwr][INFO] - 	                       array([[939,  22,   0,   2,   0,   8,   2,   4,   3,   0],
[2024-06-21 13:10:46,538][flwr][INFO] - 	       [  0, 919, 193,   2,   1,   2,   3,   0,  13,   2],
[2024-06-21 13:10:46,538][flwr][INFO] - 	       [ 14,   5, 801, 121,   8,  19,   4,   8,  50,   2],
[2024-06-21 13:10:46,538][flwr][INFO] - 	       [  2,   4,   8, 860,  18,  37,   5,   4,  37,  35],
[2024-06-21 13:10:46,538][flwr][INFO] - 	       [  2,   0,   3,   1, 189, 741,   6,   0,   4,  36],
[2024-06-21 13:10:46,538][flwr][INFO] - 	       [ 18,  15,   1,  40,   3, 772,  14,   3,  23,   3],
[2024-06-21 13:10:46,539][flwr][INFO] - 	       [ 29,   4,   9,   1,   4,  57, 803,  48,   1,   2],
[2024-06-21 13:10:46,539][flwr][INFO] - 	       [ 32,   4,  49,   9,   2,  27,   0, 328, 553,  24],
[2024-06-21 13:10:46,539][flwr][INFO] - 	       [ 11,   4,  16,  27,   5,  66,  11,   0, 645, 189],
[2024-06-21 13:10:46,539][flwr][INFO] - 	       [ 56,   5,   2,   5,  12,  97,   0,   7,  27, 798]])),
[2024-06-21 13:10:46,539][flwr][INFO] - 	                      (6,
[2024-06-21 13:10:46,539][flwr][INFO] - 	                       array([[942,  13,   0,   1,   0,   9,   6,   7,   1,   1],
[2024-06-21 13:10:46,539][flwr][INFO] - 	       [  0, 783, 325,   8,   1,   4,   6,   0,   4,   4],
[2024-06-21 13:10:46,539][flwr][INFO] - 	       [  9,   2, 603, 335,  12,  12,   9,  21,  22,   7],
[2024-06-21 13:10:46,539][flwr][INFO] - 	       [  0,   1,   4, 898,  11,  42,   4,   7,   5,  38],
[2024-06-21 13:10:46,539][flwr][INFO] - 	       [  2,   0,   1,   5, 653, 252,   7,   2,   0,  60],
[2024-06-21 13:10:46,539][flwr][INFO] - 	       [  8,  10,   1,  32,   3, 744,  75,   7,   6,   6],
[2024-06-21 13:10:46,539][flwr][INFO] - 	       [ 12,   2,   4,   2,   6,  13, 844,  75,   0,   0],
[2024-06-21 13:10:46,539][flwr][INFO] - 	       [ 11,   0,  30,  36,   3,  12,   0, 872,  18,  46],
[2024-06-21 13:10:46,539][flwr][INFO] - 	       [ 15,   3,  15,  59,   4,  66,  29,   2, 380, 401],
[2024-06-21 13:10:46,539][flwr][INFO] - 	       [ 42,   5,   3,   5,  11,  35,   0,  10,   0, 898]])),
[2024-06-21 13:10:46,539][flwr][INFO] - 	                      (7,
[2024-06-21 13:10:46,539][flwr][INFO] - 	                       array([[937,  20,   0,   1,   0,   6,   3,   8,   4,   1],
[2024-06-21 13:10:46,539][flwr][INFO] - 	       [  0, 707, 399,   4,   0,   3,   3,   0,  19,   0],
[2024-06-21 13:10:46,539][flwr][INFO] - 	       [  9,   2, 723, 188,   5,  12,   5,  22,  59,   7],
[2024-06-21 13:10:46,539][flwr][INFO] - 	       [  0,   3,   5, 889,   3,  50,   4,   5,  32,  19],
[2024-06-21 13:10:46,539][flwr][INFO] - 	       [  2,   0,   2,   2, 412, 466,   4,   5,   4,  85],
[2024-06-21 13:10:46,539][flwr][INFO] - 	       [  5,   7,   0,  25,   0, 790,  22,   6,  29,   8],
[2024-06-21 13:10:46,539][flwr][INFO] - 	       [  8,   7,   3,   3,   3,  23, 772, 133,   3,   3],
[2024-06-21 13:10:46,539][flwr][INFO] - 	       [ 12,   0,  29,  16,   0,   8,   0, 738, 191,  34],
[2024-06-21 13:10:46,539][flwr][INFO] - 	       [  5,   6,   7,  28,   3,  41,  10,   1, 776,  97],
[2024-06-21 13:10:46,539][flwr][INFO] - 	       [ 19,   5,   1,   9,   4,  31,   0,  11,  16, 913]])),
[2024-06-21 13:10:46,539][flwr][INFO] - 	                      (8,
[2024-06-21 13:10:46,539][flwr][INFO] - 	                       array([[952,   8,   0,   1,   0,   3,  11,   2,   3,   0],
[2024-06-21 13:10:46,539][flwr][INFO] - 	       [  0, 995, 114,   5,   1,   1,   9,   1,   9,   0],
[2024-06-21 13:10:46,539][flwr][INFO] - 	       [  7,   4, 799, 133,   3,   6,  17,  19,  37,   7],
[2024-06-21 13:10:46,539][flwr][INFO] - 	       [  0,   4,   4, 908,  15,  22,  15,   5,  16,  21],
[2024-06-21 13:10:46,539][flwr][INFO] - 	       [  6,   0,   1,   4, 588, 225,  25,   1,   3, 129],
[2024-06-21 13:10:46,539][flwr][INFO] - 	       [  9,   5,   0,  24,   2, 639, 190,   4,  15,   4],
[2024-06-21 13:10:46,539][flwr][INFO] - 	       [ 10,   2,   5,   0,   1,   5, 922,  13,   0,   0],
[2024-06-21 13:10:46,539][flwr][INFO] - 	       [ 21,   5,  20,  28,   1,   5,   1, 848,  71,  28],
[2024-06-21 13:10:46,539][flwr][INFO] - 	       [  6,   9,  11,  32,   4,  27,  40,   1, 680, 164],
[2024-06-21 13:10:46,539][flwr][INFO] - 	       [ 44,   8,   1,   9,   9,  16,   1,   8,   5, 908]])),
[2024-06-21 13:10:46,539][flwr][INFO] - 	                      (9,
[2024-06-21 13:10:46,539][flwr][INFO] - 	                       array([[853, 102,   0,   1,   0,   7,   2,   8,   5,   2],
[2024-06-21 13:10:46,539][flwr][INFO] - 	       [  0, 853, 261,   4,   1,   1,   3,   0,  10,   2],
[2024-06-21 13:10:46,539][flwr][INFO] - 	       [  4,   6, 805, 144,   8,  11,   1,  11,  38,   4],
[2024-06-21 13:10:46,539][flwr][INFO] - 	       [  0,   2,  10, 877,  34,  37,   6,   5,  16,  23],
[2024-06-21 13:10:46,539][flwr][INFO] - 	       [  1,   0,   1,   3, 657, 246,   3,   6,   5,  60],
[2024-06-21 13:10:46,540][flwr][INFO] - 	       [  3,   8,   1,  19,   3, 785,  37,   7,  23,   6],
[2024-06-21 13:10:46,540][flwr][INFO] - 	       [  6,  12,   4,   1,   2,  25, 414, 492,   1,   1],
[2024-06-21 13:10:46,540][flwr][INFO] - 	       [  7,   3,  35,  32,   2,  11,   0, 870,  35,  33],
[2024-06-21 13:10:46,540][flwr][INFO] - 	       [  0,   6,  12,  20,   5,  29,  14,   1, 743, 144],
[2024-06-21 13:10:46,540][flwr][INFO] - 	       [ 19,   4,   5,   6,  28,  32,   0,  10,   2, 903]])),
[2024-06-21 13:10:46,540][flwr][INFO] - 	                      (10,
[2024-06-21 13:10:46,540][flwr][INFO] - 	                       array([[964,   2,   0,   1,   0,   3,   8,   1,   1,   0],
[2024-06-21 13:10:46,540][flwr][INFO] - 	       [  0, 982, 122,   5,   1,   2,   6,   0,  17,   0],
[2024-06-21 13:10:46,540][flwr][INFO] - 	       [ 13,   1, 706, 235,  11,   3,  12,   6,  40,   5],
[2024-06-21 13:10:46,540][flwr][INFO] - 	       [  2,   0,   1, 887,  47,  22,  10,   2,  16,  23],
[2024-06-21 13:10:46,540][flwr][INFO] - 	       [  9,   0,   1,   3, 795,  98,  11,   1,   4,  60],
[2024-06-21 13:10:46,540][flwr][INFO] - 	       [ 15,   1,   1,  27,   5, 708, 112,   3,  16,   4],
[2024-06-21 13:10:46,540][flwr][INFO] - 	       [ 15,   1,   4,   2,   5,   7, 919,   4,   1,   0],
[2024-06-21 13:10:46,540][flwr][INFO] - 	       [ 21,   3,  18,  46,   3,   3,   0, 792,  89,  53],
[2024-06-21 13:10:46,540][flwr][INFO] - 	       [ 10,   1,   5,  25,   9,  22,  20,   0, 765, 117],
[2024-06-21 13:10:46,540][flwr][INFO] - 	       [ 38,   5,   0,   5,  25,  17,   1,   4,   4, 910]]))],
[2024-06-21 13:10:46,540][flwr][INFO] - 	 'f1': [(0, 0.03553137346181725),
[2024-06-21 13:10:46,540][flwr][INFO] - 	        (1, 0.5631731410454395),
[2024-06-21 13:10:46,540][flwr][INFO] - 	        (2, 0.5414079588753583),
[2024-06-21 13:10:46,540][flwr][INFO] - 	        (3, 0.6586526357678593),
[2024-06-21 13:10:46,540][flwr][INFO] - 	        (4, 0.6526134108161852),
[2024-06-21 13:10:46,540][flwr][INFO] - 	        (5, 0.692658852569164),
[2024-06-21 13:10:46,540][flwr][INFO] - 	        (6, 0.7572903895268677),
[2024-06-21 13:10:46,540][flwr][INFO] - 	        (7, 0.7630860369077084),
[2024-06-21 13:10:46,540][flwr][INFO] - 	        (8, 0.82233483282889),
[2024-06-21 13:10:46,540][flwr][INFO] - 	        (9, 0.772911938374694),
[2024-06-21 13:10:46,540][flwr][INFO] - 	        (10, 0.8424707961655786)],
[2024-06-21 13:10:46,540][flwr][INFO] - 	 'precision': [(0, 0.12349967530374152),
[2024-06-21 13:10:46,540][flwr][INFO] - 	               (1, 0.6693914454748023),
[2024-06-21 13:10:46,540][flwr][INFO] - 	               (2, 0.5846254505590397),
[2024-06-21 13:10:46,540][flwr][INFO] - 	               (3, 0.6935297717019127),
[2024-06-21 13:10:46,540][flwr][INFO] - 	               (4, 0.6966525795651936),
[2024-06-21 13:10:46,540][flwr][INFO] - 	               (5, 0.7565056539924402),
[2024-06-21 13:10:46,540][flwr][INFO] - 	               (6, 0.7916682360687055),
[2024-06-21 13:10:46,540][flwr][INFO] - 	               (7, 0.7995490857599415),
[2024-06-21 13:10:46,540][flwr][INFO] - 	               (8, 0.8361186758034997),
[2024-06-21 13:10:46,540][flwr][INFO] - 	               (9, 0.7962415654880254),
[2024-06-21 13:10:46,540][flwr][INFO] - 	               (10, 0.8510049225043864)],
[2024-06-21 13:10:46,540][flwr][INFO] - 	 'recall': [(0, 0.1086),
[2024-06-21 13:10:46,540][flwr][INFO] - 	            (1, 0.5964),
[2024-06-21 13:10:46,540][flwr][INFO] - 	            (2, 0.5828),
[2024-06-21 13:10:46,540][flwr][INFO] - 	            (3, 0.6752),
[2024-06-21 13:10:46,540][flwr][INFO] - 	            (4, 0.6663),
[2024-06-21 13:10:46,540][flwr][INFO] - 	            (5, 0.7054),
[2024-06-21 13:10:46,540][flwr][INFO] - 	            (6, 0.7617),
[2024-06-21 13:10:46,540][flwr][INFO] - 	            (7, 0.7657),
[2024-06-21 13:10:46,540][flwr][INFO] - 	            (8, 0.8239),
[2024-06-21 13:10:46,540][flwr][INFO] - 	            (9, 0.776),
[2024-06-21 13:10:46,540][flwr][INFO] - 	            (10, 0.8428)]}
[2024-06-21 13:10:46,540][flwr][INFO] - 
