[2024-07-08 18:48:30,122][flwr][INFO] - Starting Flower simulation, config: num_rounds=10, no round_timeout
[2024-07-08 18:48:32,009][flwr][INFO] - Flower VCE: Ray initialized with resources: {'memory': 9584970957.0, 'node:__internal_head__': 1.0, 'CPU': 12.0, 'object_store_memory': 2147483648.0, 'node:127.0.0.1': 1.0}
[2024-07-08 18:48:32,009][flwr][INFO] - Optimize your simulation with Flower VCE: https://flower.ai/docs/framework/how-to-run-simulations.html
[2024-07-08 18:48:32,009][flwr][INFO] - Flower VCE: Resources for each Virtual Client: {'num_cpus': 2, 'num_gpus': 0}
[2024-07-08 18:48:32,015][flwr][INFO] - Flower VCE: Creating VirtualClientEngineActorPool with 6 actors
[2024-07-08 18:48:32,015][flwr][INFO] - [INIT]
[2024-07-08 18:48:32,015][flwr][INFO] - Requesting initial parameters from one random client
[2024-07-08 18:48:33,504][flwr][INFO] - Received initial parameters from one random client
[2024-07-08 18:48:33,504][flwr][INFO] - Evaluating initial global parameters
[2024-07-08 18:48:33,824][flwr][INFO] - initial parameters (loss, other metrics): 181.76928067207336, {'accuracy': 0.1086, 'precision': 0.12349967530374152, 'recall': 0.1086, 'f1': 0.03553137346181725, 'confusion_matrix': array([[   0,    8,    0,  956,    0,    1,    0,   15,    0,    0],
       [   0,  122,    0, 1013,    0,    0,    0,    0,    0,    0],
       [   0,   38,    0,  971,    0,    0,    3,   19,    1,    0],
       [   0,   44,    0,  945,    1,    1,    0,   17,    2,    0],
       [   0,  143,    0,  816,    1,    0,    2,   20,    0,    0],
       [   0,  118,    0,  735,    1,    7,    0,   30,    1,    0],
       [   0,  144,    0,  749,   25,    0,    2,   38,    0,    0],
       [   0,  272,    0,  724,    8,    0,    0,    9,   15,    0],
       [   0,   81,    0,  859,    1,    0,    1,   32,    0,    0],
       [   0,  178,    0,  799,    1,    0,    0,   31,    0,    0]])}
[2024-07-08 18:48:33,824][flwr][INFO] - 
[2024-07-08 18:48:33,824][flwr][INFO] - [ROUND 1]
[2024-07-08 18:48:33,825][flwr][INFO] - configure_fit: strategy sampled 10 clients (out of 10)
[2024-07-08 18:48:41,421][flwr][INFO] - aggregate_fit: received 10 results and 0 failures
[2024-07-08 18:48:41,426][flwr][WARNING] - No fit_metrics_aggregation_fn provided
[2024-07-08 18:48:41,756][flwr][INFO] - fit progress: (1, 336.65145897865295, {'accuracy': 0.0053, 'precision': 0.005347586103457634, 'recall': 0.0053, 'f1': 0.005313480487547611, 'confusion_matrix': array([[   0,  959,    0,    2,    1,    0,    6,   10,    1,    1],
       [   2,    0, 1048,   40,    2,    0,    2,   12,    4,   25],
       [  11,   15,    0,  896,   15,    2,    2,   49,   13,   29],
       [  29,    7,    1,   25,  792,    0,  103,    8,   16,   29],
       [ 333,    4,    0,    4,    0,  578,    9,   49,    0,    5],
       [  20,   22,    2,    4,    7,    1,  793,   23,    2,   18],
       [   0,   10,    2,    3,    0,    1,   13,  927,    1,    1],
       [  60,    3,    5,   22,    1,    2,    0,    0,  933,    2],
       [  59,    7,    2,    8,    9,    3,   91,   26,    8,  761],
       [ 959,    7,    2,    0,    1,    3,   16,    4,   11,    6]])}, 7.9315437079999995)
[2024-07-08 18:48:41,756][flwr][INFO] - configure_evaluate: no clients selected, skipping evaluation
[2024-07-08 18:48:41,756][flwr][INFO] - 
[2024-07-08 18:48:41,756][flwr][INFO] - [ROUND 2]
[2024-07-08 18:48:41,757][flwr][INFO] - configure_fit: strategy sampled 10 clients (out of 10)
[2024-07-08 18:48:48,153][flwr][INFO] - aggregate_fit: received 10 results and 0 failures
[2024-07-08 18:48:48,490][flwr][INFO] - fit progress: (2, 755.531674861908, {'accuracy': 0.0066, 'precision': 0.00644332398694632, 'recall': 0.0066, 'f1': 0.006512066836257714, 'confusion_matrix': array([[   0,  966,    0,    1,    1,    0,    3,    7,    1,    1],
       [   0,    0, 1114,    4,    2,    1,    1,    3,    0,   10],
       [   1,    8,    1,  979,    9,   10,    1,    9,    8,    6],
       [   4,    1,    2,   32,  915,    1,   29,    1,   14,   11],
       [  22,    1,    0,    4,    0,  941,    0,   10,    1,    3],
       [   5,    9,    2,    5,   15,    8,  824,   11,    0,   13],
       [   0,   11,    3,    2,    1,   11,   15,  911,    0,    4],
       [  35,    2,   10,   28,    4,    9,    1,    0,  939,    0],
       [  11,    7,    7,   11,   14,   13,   22,   11,    4,  874],
       [ 913,   11,    6,    2,    8,   49,    8,    1,    5,    6]])}, 14.665916708000001)
[2024-07-08 18:48:48,491][flwr][INFO] - configure_evaluate: no clients selected, skipping evaluation
[2024-07-08 18:48:48,491][flwr][INFO] - 
[2024-07-08 18:48:48,491][flwr][INFO] - [ROUND 3]
[2024-07-08 18:48:48,491][flwr][INFO] - configure_fit: strategy sampled 10 clients (out of 10)
[2024-07-08 18:48:54,181][flwr][INFO] - aggregate_fit: received 10 results and 0 failures
[2024-07-08 18:48:54,516][flwr][INFO] - fit progress: (3, 854.0014638900757, {'accuracy': 0.0035, 'precision': 0.003506623108656588, 'recall': 0.0035, 'f1': 0.0034994167317708353, 'confusion_matrix': array([[   0,  969,    0,    1,    0,    0,    3,    4,    1,    2],
       [   0,    0, 1119,    4,    2,    0,    1,    3,    0,    6],
       [   1,    8,    0,  986,   10,    5,    0,    4,    8,   10],
       [   5,    2,    1,   12,  945,    0,   17,    0,   10,   18],
       [  25,    1,    0,    5,    0,  936,    0,   10,    3,    2],
       [   7,    9,    2,    3,   10,    4,  830,   14,    3,   10],
       [   0,    8,    3,    1,    1,   12,    7,  920,    0,    6],
       [  23,    2,    8,   20,    4,    6,    0,    0,  965,    0],
       [   9,    4,    4,    3,    7,   11,    3,    8,    4,  921],
       [ 925,    5,    6,    0,    8,   41,    4,    1,   11,    8]])}, 20.691319125)
[2024-07-08 18:48:54,516][flwr][INFO] - configure_evaluate: no clients selected, skipping evaluation
[2024-07-08 18:48:54,516][flwr][INFO] - 
[2024-07-08 18:48:54,516][flwr][INFO] - [ROUND 4]
[2024-07-08 18:48:54,516][flwr][INFO] - configure_fit: strategy sampled 10 clients (out of 10)
[2024-07-08 18:49:00,325][flwr][INFO] - aggregate_fit: received 10 results and 0 failures
[2024-07-08 18:49:00,666][flwr][INFO] - fit progress: (4, 912.9156560897827, {'accuracy': 0.0027, 'precision': 0.0027633052316737732, 'recall': 0.0027, 'f1': 0.002727945476816461, 'confusion_matrix': array([[   2,  961,    0,    1,    1,    0,    3,    8,    2,    2],
       [   0,    0, 1121,    2,    3,    0,    0,    3,    0,    6],
       [   0,    5,    1,  990,   12,    3,    2,    3,   10,    6],
       [   3,    0,    1,    5,  977,    0,    8,    0,    8,    8],
       [  25,    0,    0,    3,    0,  937,    0,   12,    3,    2],
       [   7,    5,    2,    2,   20,    2,  834,   10,    1,    9],
       [   0,    5,    3,    0,    1,    6,    7,  932,    0,    4],
       [  32,    1,    7,   15,    2,    3,    0,    0,  968,    0],
       [  22,    2,    3,    3,   15,    9,    7,   11,    4,  898],
       [ 945,    4,    6,    0,   11,   28,    3,    1,    5,    6]])}, 26.841995)
[2024-07-08 18:49:00,667][flwr][INFO] - configure_evaluate: no clients selected, skipping evaluation
[2024-07-08 18:49:00,667][flwr][INFO] - 
[2024-07-08 18:49:00,667][flwr][INFO] - [ROUND 5]
[2024-07-08 18:49:00,667][flwr][INFO] - configure_fit: strategy sampled 10 clients (out of 10)
[2024-07-08 18:49:06,700][flwr][INFO] - aggregate_fit: received 10 results and 0 failures
[2024-07-08 18:49:07,037][flwr][INFO] - fit progress: (5, 1020.3098192214966, {'accuracy': 0.0029, 'precision': 0.0029303967353526126, 'recall': 0.0029, 'f1': 0.002912602712121317, 'confusion_matrix': array([[   0,  968,    0,    1,    0,    0,    4,    4,    1,    2],
       [   0,    0, 1123,    2,    2,    0,    1,    2,    0,    5],
       [   0,    5,    1,  997,   10,    3,    0,    1,    8,    7],
       [   4,    0,    1,    7,  969,    0,    6,    0,    7,   16],
       [  22,    1,    0,    1,    0,  945,    0,    8,    3,    2],
       [   7,    5,    2,    1,   20,    2,  837,    9,    1,    8],
       [   0,    5,    3,    0,    1,    6,    5,  932,    0,    6],
       [  23,    1,    8,   15,    2,    4,    0,    0,  975,    0],
       [   8,    3,    1,    1,    9,    7,    5,    6,    3,  931],
       [ 941,    3,    6,    0,   10,   29,    2,    1,    6,   11]])}, 33.212437458)
[2024-07-08 18:49:07,037][flwr][INFO] - configure_evaluate: no clients selected, skipping evaluation
[2024-07-08 18:49:07,037][flwr][INFO] - 
[2024-07-08 18:49:07,037][flwr][INFO] - [ROUND 6]
[2024-07-08 18:49:07,038][flwr][INFO] - configure_fit: strategy sampled 10 clients (out of 10)
[2024-07-08 18:49:12,900][flwr][INFO] - aggregate_fit: received 10 results and 0 failures
[2024-07-08 18:49:13,237][flwr][INFO] - fit progress: (6, 1134.9527502059937, {'accuracy': 0.0025, 'precision': 0.0024907284267315483, 'recall': 0.0025, 'f1': 0.0024933374262495274, 'confusion_matrix': array([[   0,  969,    1,    1,    0,    1,    0,    4,    1,    3],
       [   0,    0, 1122,    2,    1,    0,    0,    3,    0,    7],
       [   0,    5,    1, 1001,    7,    5,    0,    1,    6,    6],
       [   1,    0,    1,    4,  969,    0,   10,    1,    6,   18],
       [  16,    1,    0,    2,    0,  953,    0,    5,    3,    2],
       [   7,    5,    2,    2,    9,    2,  843,    8,    1,   13],
       [   0,    4,    4,    0,    1,    6,    3,  935,    0,    5],
       [  18,    1,    9,   14,    6,    5,    0,    1,  973,    1],
       [   4,    3,    0,    1,    6,    4,    2,    4,    2,  948],
       [ 947,    3,    6,    1,    7,   27,    1,    1,    4,   12]])}, 39.412448583)
[2024-07-08 18:49:13,237][flwr][INFO] - configure_evaluate: no clients selected, skipping evaluation
[2024-07-08 18:49:13,237][flwr][INFO] - 
[2024-07-08 18:49:13,237][flwr][INFO] - [ROUND 7]
[2024-07-08 18:49:13,238][flwr][INFO] - configure_fit: strategy sampled 10 clients (out of 10)
[2024-07-08 18:49:19,470][flwr][INFO] - aggregate_fit: received 10 results and 0 failures
[2024-07-08 18:49:19,804][flwr][INFO] - fit progress: (7, 1208.8807363510132, {'accuracy': 0.0024, 'precision': 0.002420508673923122, 'recall': 0.0024, 'f1': 0.0024087885121002748, 'confusion_matrix': array([[   0,  973,    1,    1,    0,    0,    2,    1,    1,    1],
       [   0,    0, 1120,    4,    2,    0,    1,    3,    0,    5],
       [   0,    5,    0, 1004,    6,    4,    0,    1,    7,    5],
       [   1,    0,    0,    6,  983,    0,    3,    1,    5,   11],
       [  16,    1,    0,    3,    0,  952,    0,    5,    3,    2],
       [   6,    5,    1,    1,   13,    1,  846,    5,    1,   13],
       [   0,    7,    3,    0,    1,    5,    3,  933,    0,    6],
       [  39,    4,    9,   16,    3,    6,    0,    1,  948,    2],
       [   3,    5,    1,    2,    3,    2,    2,    3,    2,  951],
       [ 958,    4,    6,    0,    7,   19,    1,    1,    2,   11]])}, 45.979781292)
[2024-07-08 18:49:19,805][flwr][INFO] - configure_evaluate: no clients selected, skipping evaluation
[2024-07-08 18:49:19,805][flwr][INFO] - 
[2024-07-08 18:49:19,805][flwr][INFO] - [ROUND 8]
[2024-07-08 18:49:19,805][flwr][INFO] - configure_fit: strategy sampled 10 clients (out of 10)
[2024-07-08 18:49:25,632][flwr][INFO] - aggregate_fit: received 10 results and 0 failures
[2024-07-08 18:49:25,966][flwr][INFO] - fit progress: (8, 1324.4179315567017, {'accuracy': 0.0024, 'precision': 0.0023644996208367726, 'recall': 0.0024, 'f1': 0.0023800270594785877, 'confusion_matrix': array([[   0,  968,    1,    0,    1,    0,    2,    3,    2,    3],
       [   0,    0, 1123,    2,    1,    0,    0,    1,    0,    8],
       [   0,    4,    2, 1003,    7,    4,    0,    0,    8,    4],
       [   5,    0,    0,    6,  980,    0,    5,    0,    4,   10],
       [  13,    1,    0,    6,    0,  953,    0,    4,    3,    2],
       [   6,    4,    2,    0,   10,    2,  847,    6,    2,   13],
       [   0,    6,    4,    2,    1,    9,    3,  923,    0,   10],
       [  21,    1,    7,   16,    2,    6,    0,    0,  974,    1],
       [   3,    3,    0,    1,    4,    2,    2,    0,    3,  956],
       [ 954,    2,    6,    0,    6,   25,    1,    1,    6,    8]])}, 52.142052167)
[2024-07-08 18:49:25,967][flwr][INFO] - configure_evaluate: no clients selected, skipping evaluation
[2024-07-08 18:49:25,967][flwr][INFO] - 
[2024-07-08 18:49:25,967][flwr][INFO] - [ROUND 9]
[2024-07-08 18:49:25,967][flwr][INFO] - configure_fit: strategy sampled 10 clients (out of 10)
[2024-07-08 18:49:31,547][flwr][INFO] - aggregate_fit: received 10 results and 0 failures
[2024-07-08 18:49:31,876][flwr][INFO] - fit progress: (9, 1419.379690170288, {'accuracy': 0.0021, 'precision': 0.00204195396618702, 'recall': 0.0021, 'f1': 0.0020684777368455832, 'confusion_matrix': array([[   0,  969,    0,    0,    1,    1,    0,    3,    1,    5],
       [   0,    0, 1122,    1,    0,    0,    0,    2,    0,   10],
       [   0,    5,    2, 1000,    5,    4,    0,    0,    8,    8],
       [   6,    1,    0,    1,  979,    0,    4,    0,    4,   15],
       [  13,    2,    0,    2,    0,  955,    0,    5,    3,    2],
       [   7,    3,    2,    1,   16,    3,  835,    8,    3,   14],
       [   0,    3,    3,    2,    1,    7,    2,  929,    0,   11],
       [  33,    1,    6,   11,    1,    6,    0,    0,  968,    2],
       [   3,    1,    0,    1,    3,    2,    1,    2,    2,  959],
       [ 960,    3,    4,    0,    4,   22,    0,    1,    4,   11]])}, 58.052046292)
[2024-07-08 18:49:31,877][flwr][INFO] - configure_evaluate: no clients selected, skipping evaluation
[2024-07-08 18:49:31,877][flwr][INFO] - 
[2024-07-08 18:49:31,877][flwr][INFO] - [ROUND 10]
[2024-07-08 18:49:31,877][flwr][INFO] - configure_fit: strategy sampled 10 clients (out of 10)
[2024-07-08 18:49:37,482][flwr][INFO] - aggregate_fit: received 10 results and 0 failures
[2024-07-08 18:49:37,815][flwr][INFO] - fit progress: (10, 1590.6759939193726, {'accuracy': 0.0023, 'precision': 0.0022659357503222303, 'recall': 0.0023, 'f1': 0.0022808670102095604, 'confusion_matrix': array([[   0,  971,    0,    0,    0,    0,    0,    3,    1,    5],
       [   1,    0, 1119,    3,    1,    0,    1,    2,    0,    8],
       [   0,    5,    1, 1000,    6,    5,    0,    0,   10,    5],
       [   3,    1,    0,    5,  981,    0,    5,    0,    6,    9],
       [  15,    2,    0,    2,    0,  955,    0,    5,    2,    1],
       [   9,    3,    3,    0,   19,    3,  833,    6,    3,   13],
       [   0,    5,    3,    2,    1,    8,    2,  928,    0,    9],
       [  24,    1,    4,   11,    3,    7,    0,    0,  977,    1],
       [   4,    4,    0,    1,    3,    3,    2,    1,    3,  953],
       [ 964,    3,    4,    0,    5,   18,    0,    1,    5,    9]])}, 63.990195375)
[2024-07-08 18:49:37,815][flwr][INFO] - configure_evaluate: no clients selected, skipping evaluation
[2024-07-08 18:49:37,815][flwr][INFO] - 
[2024-07-08 18:49:37,815][flwr][INFO] - [SUMMARY]
[2024-07-08 18:49:37,815][flwr][INFO] - Run finished 10 round(s) in 63.99s
[2024-07-08 18:49:37,818][flwr][INFO] - 	History (loss, centralized):
[2024-07-08 18:49:37,819][flwr][INFO] - 		round 0: 181.76928067207336
[2024-07-08 18:49:37,819][flwr][INFO] - 		round 1: 336.65145897865295
[2024-07-08 18:49:37,819][flwr][INFO] - 		round 2: 755.531674861908
[2024-07-08 18:49:37,819][flwr][INFO] - 		round 3: 854.0014638900757
[2024-07-08 18:49:37,819][flwr][INFO] - 		round 4: 912.9156560897827
[2024-07-08 18:49:37,819][flwr][INFO] - 		round 5: 1020.3098192214966
[2024-07-08 18:49:37,819][flwr][INFO] - 		round 6: 1134.9527502059937
[2024-07-08 18:49:37,819][flwr][INFO] - 		round 7: 1208.8807363510132
[2024-07-08 18:49:37,819][flwr][INFO] - 		round 8: 1324.4179315567017
[2024-07-08 18:49:37,819][flwr][INFO] - 		round 9: 1419.379690170288
[2024-07-08 18:49:37,819][flwr][INFO] - 		round 10: 1590.6759939193726
[2024-07-08 18:49:37,819][flwr][INFO] - 	History (metrics, centralized):
[2024-07-08 18:49:37,819][flwr][INFO] - 	{'accuracy': [(0, 0.1086),
[2024-07-08 18:49:37,819][flwr][INFO] - 	              (1, 0.0053),
[2024-07-08 18:49:37,819][flwr][INFO] - 	              (2, 0.0066),
[2024-07-08 18:49:37,819][flwr][INFO] - 	              (3, 0.0035),
[2024-07-08 18:49:37,819][flwr][INFO] - 	              (4, 0.0027),
[2024-07-08 18:49:37,819][flwr][INFO] - 	              (5, 0.0029),
[2024-07-08 18:49:37,819][flwr][INFO] - 	              (6, 0.0025),
[2024-07-08 18:49:37,819][flwr][INFO] - 	              (7, 0.0024),
[2024-07-08 18:49:37,819][flwr][INFO] - 	              (8, 0.0024),
[2024-07-08 18:49:37,819][flwr][INFO] - 	              (9, 0.0021),
[2024-07-08 18:49:37,819][flwr][INFO] - 	              (10, 0.0023)],
[2024-07-08 18:49:37,819][flwr][INFO] - 	 'confusion_matrix': [(0,
[2024-07-08 18:49:37,819][flwr][INFO] - 	                       array([[   0,    8,    0,  956,    0,    1,    0,   15,    0,    0],
[2024-07-08 18:49:37,819][flwr][INFO] - 	       [   0,  122,    0, 1013,    0,    0,    0,    0,    0,    0],
[2024-07-08 18:49:37,819][flwr][INFO] - 	       [   0,   38,    0,  971,    0,    0,    3,   19,    1,    0],
[2024-07-08 18:49:37,819][flwr][INFO] - 	       [   0,   44,    0,  945,    1,    1,    0,   17,    2,    0],
[2024-07-08 18:49:37,819][flwr][INFO] - 	       [   0,  143,    0,  816,    1,    0,    2,   20,    0,    0],
[2024-07-08 18:49:37,820][flwr][INFO] - 	       [   0,  118,    0,  735,    1,    7,    0,   30,    1,    0],
[2024-07-08 18:49:37,820][flwr][INFO] - 	       [   0,  144,    0,  749,   25,    0,    2,   38,    0,    0],
[2024-07-08 18:49:37,820][flwr][INFO] - 	       [   0,  272,    0,  724,    8,    0,    0,    9,   15,    0],
[2024-07-08 18:49:37,820][flwr][INFO] - 	       [   0,   81,    0,  859,    1,    0,    1,   32,    0,    0],
[2024-07-08 18:49:37,820][flwr][INFO] - 	       [   0,  178,    0,  799,    1,    0,    0,   31,    0,    0]])),
[2024-07-08 18:49:37,820][flwr][INFO] - 	                      (1,
[2024-07-08 18:49:37,820][flwr][INFO] - 	                       array([[   0,  959,    0,    2,    1,    0,    6,   10,    1,    1],
[2024-07-08 18:49:37,820][flwr][INFO] - 	       [   2,    0, 1048,   40,    2,    0,    2,   12,    4,   25],
[2024-07-08 18:49:37,820][flwr][INFO] - 	       [  11,   15,    0,  896,   15,    2,    2,   49,   13,   29],
[2024-07-08 18:49:37,820][flwr][INFO] - 	       [  29,    7,    1,   25,  792,    0,  103,    8,   16,   29],
[2024-07-08 18:49:37,820][flwr][INFO] - 	       [ 333,    4,    0,    4,    0,  578,    9,   49,    0,    5],
[2024-07-08 18:49:37,820][flwr][INFO] - 	       [  20,   22,    2,    4,    7,    1,  793,   23,    2,   18],
[2024-07-08 18:49:37,820][flwr][INFO] - 	       [   0,   10,    2,    3,    0,    1,   13,  927,    1,    1],
[2024-07-08 18:49:37,820][flwr][INFO] - 	       [  60,    3,    5,   22,    1,    2,    0,    0,  933,    2],
[2024-07-08 18:49:37,820][flwr][INFO] - 	       [  59,    7,    2,    8,    9,    3,   91,   26,    8,  761],
[2024-07-08 18:49:37,820][flwr][INFO] - 	       [ 959,    7,    2,    0,    1,    3,   16,    4,   11,    6]])),
[2024-07-08 18:49:37,820][flwr][INFO] - 	                      (2,
[2024-07-08 18:49:37,820][flwr][INFO] - 	                       array([[   0,  966,    0,    1,    1,    0,    3,    7,    1,    1],
[2024-07-08 18:49:37,820][flwr][INFO] - 	       [   0,    0, 1114,    4,    2,    1,    1,    3,    0,   10],
[2024-07-08 18:49:37,820][flwr][INFO] - 	       [   1,    8,    1,  979,    9,   10,    1,    9,    8,    6],
[2024-07-08 18:49:37,820][flwr][INFO] - 	       [   4,    1,    2,   32,  915,    1,   29,    1,   14,   11],
[2024-07-08 18:49:37,820][flwr][INFO] - 	       [  22,    1,    0,    4,    0,  941,    0,   10,    1,    3],
[2024-07-08 18:49:37,820][flwr][INFO] - 	       [   5,    9,    2,    5,   15,    8,  824,   11,    0,   13],
[2024-07-08 18:49:37,820][flwr][INFO] - 	       [   0,   11,    3,    2,    1,   11,   15,  911,    0,    4],
[2024-07-08 18:49:37,820][flwr][INFO] - 	       [  35,    2,   10,   28,    4,    9,    1,    0,  939,    0],
[2024-07-08 18:49:37,820][flwr][INFO] - 	       [  11,    7,    7,   11,   14,   13,   22,   11,    4,  874],
[2024-07-08 18:49:37,820][flwr][INFO] - 	       [ 913,   11,    6,    2,    8,   49,    8,    1,    5,    6]])),
[2024-07-08 18:49:37,820][flwr][INFO] - 	                      (3,
[2024-07-08 18:49:37,820][flwr][INFO] - 	                       array([[   0,  969,    0,    1,    0,    0,    3,    4,    1,    2],
[2024-07-08 18:49:37,820][flwr][INFO] - 	       [   0,    0, 1119,    4,    2,    0,    1,    3,    0,    6],
[2024-07-08 18:49:37,820][flwr][INFO] - 	       [   1,    8,    0,  986,   10,    5,    0,    4,    8,   10],
[2024-07-08 18:49:37,820][flwr][INFO] - 	       [   5,    2,    1,   12,  945,    0,   17,    0,   10,   18],
[2024-07-08 18:49:37,820][flwr][INFO] - 	       [  25,    1,    0,    5,    0,  936,    0,   10,    3,    2],
[2024-07-08 18:49:37,820][flwr][INFO] - 	       [   7,    9,    2,    3,   10,    4,  830,   14,    3,   10],
[2024-07-08 18:49:37,820][flwr][INFO] - 	       [   0,    8,    3,    1,    1,   12,    7,  920,    0,    6],
[2024-07-08 18:49:37,820][flwr][INFO] - 	       [  23,    2,    8,   20,    4,    6,    0,    0,  965,    0],
[2024-07-08 18:49:37,820][flwr][INFO] - 	       [   9,    4,    4,    3,    7,   11,    3,    8,    4,  921],
[2024-07-08 18:49:37,820][flwr][INFO] - 	       [ 925,    5,    6,    0,    8,   41,    4,    1,   11,    8]])),
[2024-07-08 18:49:37,820][flwr][INFO] - 	                      (4,
[2024-07-08 18:49:37,820][flwr][INFO] - 	                       array([[   2,  961,    0,    1,    1,    0,    3,    8,    2,    2],
[2024-07-08 18:49:37,820][flwr][INFO] - 	       [   0,    0, 1121,    2,    3,    0,    0,    3,    0,    6],
[2024-07-08 18:49:37,820][flwr][INFO] - 	       [   0,    5,    1,  990,   12,    3,    2,    3,   10,    6],
[2024-07-08 18:49:37,820][flwr][INFO] - 	       [   3,    0,    1,    5,  977,    0,    8,    0,    8,    8],
[2024-07-08 18:49:37,820][flwr][INFO] - 	       [  25,    0,    0,    3,    0,  937,    0,   12,    3,    2],
[2024-07-08 18:49:37,820][flwr][INFO] - 	       [   7,    5,    2,    2,   20,    2,  834,   10,    1,    9],
[2024-07-08 18:49:37,820][flwr][INFO] - 	       [   0,    5,    3,    0,    1,    6,    7,  932,    0,    4],
[2024-07-08 18:49:37,820][flwr][INFO] - 	       [  32,    1,    7,   15,    2,    3,    0,    0,  968,    0],
[2024-07-08 18:49:37,820][flwr][INFO] - 	       [  22,    2,    3,    3,   15,    9,    7,   11,    4,  898],
[2024-07-08 18:49:37,820][flwr][INFO] - 	       [ 945,    4,    6,    0,   11,   28,    3,    1,    5,    6]])),
[2024-07-08 18:49:37,821][flwr][INFO] - 	                      (5,
[2024-07-08 18:49:37,821][flwr][INFO] - 	                       array([[   0,  968,    0,    1,    0,    0,    4,    4,    1,    2],
[2024-07-08 18:49:37,821][flwr][INFO] - 	       [   0,    0, 1123,    2,    2,    0,    1,    2,    0,    5],
[2024-07-08 18:49:37,821][flwr][INFO] - 	       [   0,    5,    1,  997,   10,    3,    0,    1,    8,    7],
[2024-07-08 18:49:37,821][flwr][INFO] - 	       [   4,    0,    1,    7,  969,    0,    6,    0,    7,   16],
[2024-07-08 18:49:37,821][flwr][INFO] - 	       [  22,    1,    0,    1,    0,  945,    0,    8,    3,    2],
[2024-07-08 18:49:37,821][flwr][INFO] - 	       [   7,    5,    2,    1,   20,    2,  837,    9,    1,    8],
[2024-07-08 18:49:37,821][flwr][INFO] - 	       [   0,    5,    3,    0,    1,    6,    5,  932,    0,    6],
[2024-07-08 18:49:37,821][flwr][INFO] - 	       [  23,    1,    8,   15,    2,    4,    0,    0,  975,    0],
[2024-07-08 18:49:37,821][flwr][INFO] - 	       [   8,    3,    1,    1,    9,    7,    5,    6,    3,  931],
[2024-07-08 18:49:37,821][flwr][INFO] - 	       [ 941,    3,    6,    0,   10,   29,    2,    1,    6,   11]])),
[2024-07-08 18:49:37,821][flwr][INFO] - 	                      (6,
[2024-07-08 18:49:37,821][flwr][INFO] - 	                       array([[   0,  969,    1,    1,    0,    1,    0,    4,    1,    3],
[2024-07-08 18:49:37,821][flwr][INFO] - 	       [   0,    0, 1122,    2,    1,    0,    0,    3,    0,    7],
[2024-07-08 18:49:37,821][flwr][INFO] - 	       [   0,    5,    1, 1001,    7,    5,    0,    1,    6,    6],
[2024-07-08 18:49:37,821][flwr][INFO] - 	       [   1,    0,    1,    4,  969,    0,   10,    1,    6,   18],
[2024-07-08 18:49:37,821][flwr][INFO] - 	       [  16,    1,    0,    2,    0,  953,    0,    5,    3,    2],
[2024-07-08 18:49:37,821][flwr][INFO] - 	       [   7,    5,    2,    2,    9,    2,  843,    8,    1,   13],
[2024-07-08 18:49:37,821][flwr][INFO] - 	       [   0,    4,    4,    0,    1,    6,    3,  935,    0,    5],
[2024-07-08 18:49:37,821][flwr][INFO] - 	       [  18,    1,    9,   14,    6,    5,    0,    1,  973,    1],
[2024-07-08 18:49:37,821][flwr][INFO] - 	       [   4,    3,    0,    1,    6,    4,    2,    4,    2,  948],
[2024-07-08 18:49:37,821][flwr][INFO] - 	       [ 947,    3,    6,    1,    7,   27,    1,    1,    4,   12]])),
[2024-07-08 18:49:37,821][flwr][INFO] - 	                      (7,
[2024-07-08 18:49:37,821][flwr][INFO] - 	                       array([[   0,  973,    1,    1,    0,    0,    2,    1,    1,    1],
[2024-07-08 18:49:37,821][flwr][INFO] - 	       [   0,    0, 1120,    4,    2,    0,    1,    3,    0,    5],
[2024-07-08 18:49:37,821][flwr][INFO] - 	       [   0,    5,    0, 1004,    6,    4,    0,    1,    7,    5],
[2024-07-08 18:49:37,821][flwr][INFO] - 	       [   1,    0,    0,    6,  983,    0,    3,    1,    5,   11],
[2024-07-08 18:49:37,821][flwr][INFO] - 	       [  16,    1,    0,    3,    0,  952,    0,    5,    3,    2],
[2024-07-08 18:49:37,821][flwr][INFO] - 	       [   6,    5,    1,    1,   13,    1,  846,    5,    1,   13],
[2024-07-08 18:49:37,821][flwr][INFO] - 	       [   0,    7,    3,    0,    1,    5,    3,  933,    0,    6],
[2024-07-08 18:49:37,821][flwr][INFO] - 	       [  39,    4,    9,   16,    3,    6,    0,    1,  948,    2],
[2024-07-08 18:49:37,821][flwr][INFO] - 	       [   3,    5,    1,    2,    3,    2,    2,    3,    2,  951],
[2024-07-08 18:49:37,821][flwr][INFO] - 	       [ 958,    4,    6,    0,    7,   19,    1,    1,    2,   11]])),
[2024-07-08 18:49:37,821][flwr][INFO] - 	                      (8,
[2024-07-08 18:49:37,821][flwr][INFO] - 	                       array([[   0,  968,    1,    0,    1,    0,    2,    3,    2,    3],
[2024-07-08 18:49:37,821][flwr][INFO] - 	       [   0,    0, 1123,    2,    1,    0,    0,    1,    0,    8],
[2024-07-08 18:49:37,821][flwr][INFO] - 	       [   0,    4,    2, 1003,    7,    4,    0,    0,    8,    4],
[2024-07-08 18:49:37,821][flwr][INFO] - 	       [   5,    0,    0,    6,  980,    0,    5,    0,    4,   10],
[2024-07-08 18:49:37,821][flwr][INFO] - 	       [  13,    1,    0,    6,    0,  953,    0,    4,    3,    2],
[2024-07-08 18:49:37,821][flwr][INFO] - 	       [   6,    4,    2,    0,   10,    2,  847,    6,    2,   13],
[2024-07-08 18:49:37,821][flwr][INFO] - 	       [   0,    6,    4,    2,    1,    9,    3,  923,    0,   10],
[2024-07-08 18:49:37,821][flwr][INFO] - 	       [  21,    1,    7,   16,    2,    6,    0,    0,  974,    1],
[2024-07-08 18:49:37,821][flwr][INFO] - 	       [   3,    3,    0,    1,    4,    2,    2,    0,    3,  956],
[2024-07-08 18:49:37,821][flwr][INFO] - 	       [ 954,    2,    6,    0,    6,   25,    1,    1,    6,    8]])),
[2024-07-08 18:49:37,821][flwr][INFO] - 	                      (9,
[2024-07-08 18:49:37,821][flwr][INFO] - 	                       array([[   0,  969,    0,    0,    1,    1,    0,    3,    1,    5],
[2024-07-08 18:49:37,821][flwr][INFO] - 	       [   0,    0, 1122,    1,    0,    0,    0,    2,    0,   10],
[2024-07-08 18:49:37,821][flwr][INFO] - 	       [   0,    5,    2, 1000,    5,    4,    0,    0,    8,    8],
[2024-07-08 18:49:37,822][flwr][INFO] - 	       [   6,    1,    0,    1,  979,    0,    4,    0,    4,   15],
[2024-07-08 18:49:37,822][flwr][INFO] - 	       [  13,    2,    0,    2,    0,  955,    0,    5,    3,    2],
[2024-07-08 18:49:37,822][flwr][INFO] - 	       [   7,    3,    2,    1,   16,    3,  835,    8,    3,   14],
[2024-07-08 18:49:37,822][flwr][INFO] - 	       [   0,    3,    3,    2,    1,    7,    2,  929,    0,   11],
[2024-07-08 18:49:37,822][flwr][INFO] - 	       [  33,    1,    6,   11,    1,    6,    0,    0,  968,    2],
[2024-07-08 18:49:37,822][flwr][INFO] - 	       [   3,    1,    0,    1,    3,    2,    1,    2,    2,  959],
[2024-07-08 18:49:37,822][flwr][INFO] - 	       [ 960,    3,    4,    0,    4,   22,    0,    1,    4,   11]])),
[2024-07-08 18:49:37,822][flwr][INFO] - 	                      (10,
[2024-07-08 18:49:37,822][flwr][INFO] - 	                       array([[   0,  971,    0,    0,    0,    0,    0,    3,    1,    5],
[2024-07-08 18:49:37,822][flwr][INFO] - 	       [   1,    0, 1119,    3,    1,    0,    1,    2,    0,    8],
[2024-07-08 18:49:37,822][flwr][INFO] - 	       [   0,    5,    1, 1000,    6,    5,    0,    0,   10,    5],
[2024-07-08 18:49:37,822][flwr][INFO] - 	       [   3,    1,    0,    5,  981,    0,    5,    0,    6,    9],
[2024-07-08 18:49:37,822][flwr][INFO] - 	       [  15,    2,    0,    2,    0,  955,    0,    5,    2,    1],
[2024-07-08 18:49:37,822][flwr][INFO] - 	       [   9,    3,    3,    0,   19,    3,  833,    6,    3,   13],
[2024-07-08 18:49:37,822][flwr][INFO] - 	       [   0,    5,    3,    2,    1,    8,    2,  928,    0,    9],
[2024-07-08 18:49:37,822][flwr][INFO] - 	       [  24,    1,    4,   11,    3,    7,    0,    0,  977,    1],
[2024-07-08 18:49:37,822][flwr][INFO] - 	       [   4,    4,    0,    1,    3,    3,    2,    1,    3,  953],
[2024-07-08 18:49:37,822][flwr][INFO] - 	       [ 964,    3,    4,    0,    5,   18,    0,    1,    5,    9]]))],
[2024-07-08 18:49:37,822][flwr][INFO] - 	 'f1': [(0, 0.03553137346181725),
[2024-07-08 18:49:37,822][flwr][INFO] - 	        (1, 0.005313480487547611),
[2024-07-08 18:49:37,822][flwr][INFO] - 	        (2, 0.006512066836257714),
[2024-07-08 18:49:37,822][flwr][INFO] - 	        (3, 0.0034994167317708353),
[2024-07-08 18:49:37,822][flwr][INFO] - 	        (4, 0.002727945476816461),
[2024-07-08 18:49:37,822][flwr][INFO] - 	        (5, 0.002912602712121317),
[2024-07-08 18:49:37,822][flwr][INFO] - 	        (6, 0.0024933374262495274),
[2024-07-08 18:49:37,822][flwr][INFO] - 	        (7, 0.0024087885121002748),
[2024-07-08 18:49:37,822][flwr][INFO] - 	        (8, 0.0023800270594785877),
[2024-07-08 18:49:37,822][flwr][INFO] - 	        (9, 0.0020684777368455832),
[2024-07-08 18:49:37,822][flwr][INFO] - 	        (10, 0.0022808670102095604)],
[2024-07-08 18:49:37,822][flwr][INFO] - 	 'precision': [(0, 0.12349967530374152),
[2024-07-08 18:49:37,822][flwr][INFO] - 	               (1, 0.005347586103457634),
[2024-07-08 18:49:37,822][flwr][INFO] - 	               (2, 0.00644332398694632),
[2024-07-08 18:49:37,822][flwr][INFO] - 	               (3, 0.003506623108656588),
[2024-07-08 18:49:37,822][flwr][INFO] - 	               (4, 0.0027633052316737732),
[2024-07-08 18:49:37,822][flwr][INFO] - 	               (5, 0.0029303967353526126),
[2024-07-08 18:49:37,822][flwr][INFO] - 	               (6, 0.0024907284267315483),
[2024-07-08 18:49:37,822][flwr][INFO] - 	               (7, 0.002420508673923122),
[2024-07-08 18:49:37,822][flwr][INFO] - 	               (8, 0.0023644996208367726),
[2024-07-08 18:49:37,822][flwr][INFO] - 	               (9, 0.00204195396618702),
[2024-07-08 18:49:37,822][flwr][INFO] - 	               (10, 0.0022659357503222303)],
[2024-07-08 18:49:37,822][flwr][INFO] - 	 'recall': [(0, 0.1086),
[2024-07-08 18:49:37,822][flwr][INFO] - 	            (1, 0.0053),
[2024-07-08 18:49:37,822][flwr][INFO] - 	            (2, 0.0066),
[2024-07-08 18:49:37,822][flwr][INFO] - 	            (3, 0.0035),
[2024-07-08 18:49:37,822][flwr][INFO] - 	            (4, 0.0027),
[2024-07-08 18:49:37,822][flwr][INFO] - 	            (5, 0.0029),
[2024-07-08 18:49:37,822][flwr][INFO] - 	            (6, 0.0025),
[2024-07-08 18:49:37,822][flwr][INFO] - 	            (7, 0.0024),
[2024-07-08 18:49:37,822][flwr][INFO] - 	            (8, 0.0024),
[2024-07-08 18:49:37,822][flwr][INFO] - 	            (9, 0.0021),
[2024-07-08 18:49:37,822][flwr][INFO] - 	            (10, 0.0023)]}
[2024-07-08 18:49:37,822][flwr][INFO] - 
