[2024-07-08 17:58:23,034][flwr][INFO] - Starting Flower simulation, config: num_rounds=10, no round_timeout
[2024-07-08 17:58:25,046][flwr][INFO] - Flower VCE: Ray initialized with resources: {'memory': 7908307764.0, 'CPU': 12.0, 'node:127.0.0.1': 1.0, 'object_store_memory': 2147483648.0, 'node:__internal_head__': 1.0}
[2024-07-08 17:58:25,046][flwr][INFO] - Optimize your simulation with Flower VCE: https://flower.ai/docs/framework/how-to-run-simulations.html
[2024-07-08 17:58:25,046][flwr][INFO] - Flower VCE: Resources for each Virtual Client: {'num_cpus': 2, 'num_gpus': 0}
[2024-07-08 17:58:25,052][flwr][INFO] - Flower VCE: Creating VirtualClientEngineActorPool with 6 actors
[2024-07-08 17:58:25,052][flwr][INFO] - [INIT]
[2024-07-08 17:58:25,052][flwr][INFO] - Requesting initial parameters from one random client
[2024-07-08 17:58:26,563][flwr][INFO] - Received initial parameters from one random client
[2024-07-08 17:58:26,563][flwr][INFO] - Evaluating initial global parameters
[2024-07-08 17:58:26,890][flwr][INFO] - initial parameters (loss, other metrics): 181.76928067207336, {'accuracy': 0.1086, 'precision': 0.12349967530374152, 'recall': 0.1086, 'f1': 0.03553137346181725, 'confusion_matrix': array([[   0,    8,    0,  956,    0,    1,    0,   15,    0,    0],
       [   0,  122,    0, 1013,    0,    0,    0,    0,    0,    0],
       [   0,   38,    0,  971,    0,    0,    3,   19,    1,    0],
       [   0,   44,    0,  945,    1,    1,    0,   17,    2,    0],
       [   0,  143,    0,  816,    1,    0,    2,   20,    0,    0],
       [   0,  118,    0,  735,    1,    7,    0,   30,    1,    0],
       [   0,  144,    0,  749,   25,    0,    2,   38,    0,    0],
       [   0,  272,    0,  724,    8,    0,    0,    9,   15,    0],
       [   0,   81,    0,  859,    1,    0,    1,   32,    0,    0],
       [   0,  178,    0,  799,    1,    0,    0,   31,    0,    0]])}
[2024-07-08 17:58:26,891][flwr][INFO] - 
[2024-07-08 17:58:26,891][flwr][INFO] - [ROUND 1]
[2024-07-08 17:58:26,891][flwr][INFO] - configure_fit: strategy sampled 10 clients (out of 10)
[2024-07-08 17:58:33,953][flwr][INFO] - aggregate_fit: received 10 results and 0 failures
[2024-07-08 17:58:33,958][flwr][WARNING] - No fit_metrics_aggregation_fn provided
[2024-07-08 17:58:34,290][flwr][INFO] - fit progress: (1, 147.7664771080017, {'accuracy': 0.6495, 'precision': 0.6788569631805165, 'recall': 0.6495, 'f1': 0.6215039204648247, 'confusion_matrix': array([[903,   5,   0,  15,   0,  16,  11,   0,   0,  30],
       [  1, 909,   4, 207,   0,   6,   6,   0,   0,   2],
       [ 21,  25, 335, 583,   3,   8,  30,   2,   0,  25],
       [  4,   9,   0, 938,   0,  19,   3,   1,   0,  36],
       [ 19,  10,   0,   4, 725,  87,  13,   0,   0, 124],
       [ 43,  15,   0, 107, 160, 473,  16,   0,   0,  78],
       [ 29,   9,   0,   8,   3,  31, 873,   0,   0,   5],
       [ 53,  21,   0, 175,   0,   4,   1, 526,   0, 248],
       [ 39,  26,   0, 101,  31,  34,  10,   0,   0, 733],
       [ 28,   6,   0,  18,  97,  39,   2,   6,   0, 813]])}, 7.398888040999999)
[2024-07-08 17:58:34,290][flwr][INFO] - configure_evaluate: no clients selected, skipping evaluation
[2024-07-08 17:58:34,290][flwr][INFO] - 
[2024-07-08 17:58:34,290][flwr][INFO] - [ROUND 2]
[2024-07-08 17:58:34,290][flwr][INFO] - configure_fit: strategy sampled 10 clients (out of 10)
[2024-07-08 17:58:40,388][flwr][INFO] - aggregate_fit: received 10 results and 0 failures
[2024-07-08 17:58:40,729][flwr][INFO] - fit progress: (2, 60.704137444496155, {'accuracy': 0.8512, 'precision': 0.871530050429643, 'recall': 0.8512, 'f1': 0.8517748025534518, 'confusion_matrix': array([[ 927,    0,    0,    4,    2,    3,    3,    1,   31,    9],
       [   0, 1090,    2,    8,    1,    3,    3,    0,   28,    0],
       [   7,    6,  874,   53,   18,    2,    4,    4,   63,    1],
       [   1,    0,    5,  937,    4,    9,    2,    2,   38,   12],
       [   1,    3,    0,    1,  925,    1,    4,    0,   30,   17],
       [   6,    4,    0,  100,   76,  592,   15,    1,   62,   36],
       [  16,    8,    0,    2,   46,    7,  818,    0,   44,   17],
       [   2,   18,   49,   41,   25,    1,    0,  702,   55,  135],
       [   3,    3,    1,   16,   33,    1,    2,    2,  904,    9],
       [   6,    4,    0,    9,  135,    2,    0,    2,  108,  743]])}, 13.837961750000002)
[2024-07-08 17:58:40,729][flwr][INFO] - configure_evaluate: no clients selected, skipping evaluation
[2024-07-08 17:58:40,729][flwr][INFO] - 
[2024-07-08 17:58:40,729][flwr][INFO] - [ROUND 3]
[2024-07-08 17:58:40,729][flwr][INFO] - configure_fit: strategy sampled 10 clients (out of 10)
[2024-07-08 17:58:47,063][flwr][INFO] - aggregate_fit: received 10 results and 0 failures
[2024-07-08 17:58:47,396][flwr][INFO] - fit progress: (3, 29.33296211063862, {'accuracy': 0.8997, 'precision': 0.908128821568496, 'recall': 0.8997, 'f1': 0.8992891312604208, 'confusion_matrix': array([[ 967,    0,    1,    2,    1,    1,    2,    2,    4,    0],
       [   0, 1104,    0,    9,    1,    1,    3,    1,   16,    0],
       [  26,   19,  764,   88,   16,    1,    5,   30,   81,    2],
       [   2,    0,    6,  945,    2,    6,    0,   12,   30,    7],
       [   2,    2,    1,    2,  946,    1,    5,    0,   12,   11],
       [  12,    2,    0,   70,   18,  742,    6,    5,   33,    4],
       [  34,    4,    2,    2,   20,   11,  859,    1,   24,    1],
       [   5,   18,    8,    8,    9,    0,    0,  952,   13,   15],
       [   9,    9,    1,   18,   18,    3,    3,    5,  907,    1],
       [  15,    6,    0,   16,  110,    1,    0,   15,   35,  811]])}, 20.504793791)
[2024-07-08 17:58:47,396][flwr][INFO] - configure_evaluate: no clients selected, skipping evaluation
[2024-07-08 17:58:47,396][flwr][INFO] - 
[2024-07-08 17:58:47,396][flwr][INFO] - [ROUND 4]
[2024-07-08 17:58:47,396][flwr][INFO] - configure_fit: strategy sampled 10 clients (out of 10)
[2024-07-08 17:58:53,270][flwr][INFO] - aggregate_fit: received 10 results and 0 failures
[2024-07-08 17:58:53,613][flwr][INFO] - fit progress: (4, 22.173209093511105, {'accuracy': 0.9246, 'precision': 0.927699006482351, 'recall': 0.9246, 'f1': 0.9244845243022913, 'confusion_matrix': array([[ 963,    0,    1,    1,    0,    3,    4,    2,    6,    0],
       [   0, 1102,    1,    7,    0,    1,    3,    1,   20,    0],
       [  19,    9,  821,   56,    6,    1,    8,   20,   91,    1],
       [   1,    0,    5,  931,    1,   22,    1,    8,   32,    9],
       [   1,    1,    1,    1,  927,    0,   12,    0,   13,   26],
       [   7,    1,    0,   18,    3,  831,   10,    3,   15,    4],
       [  10,    3,    1,    0,   11,   18,  909,    0,    6,    0],
       [   3,   13,   13,   12,    7,    1,    1,  952,    8,   18],
       [   4,    3,    2,   11,    8,    5,    9,    4,  925,    3],
       [  12,    5,    0,   11,   50,    5,    0,   12,   29,  885]])}, 26.722177540999997)
[2024-07-08 17:58:53,613][flwr][INFO] - configure_evaluate: no clients selected, skipping evaluation
[2024-07-08 17:58:53,613][flwr][INFO] - 
[2024-07-08 17:58:53,613][flwr][INFO] - [ROUND 5]
[2024-07-08 17:58:53,614][flwr][INFO] - configure_fit: strategy sampled 10 clients (out of 10)
[2024-07-08 17:58:59,754][flwr][INFO] - aggregate_fit: received 10 results and 0 failures
[2024-07-08 17:59:00,087][flwr][INFO] - fit progress: (5, 20.3508925922215, {'accuracy': 0.9338, 'precision': 0.934690307043603, 'recall': 0.9338, 'f1': 0.9337154446606699, 'confusion_matrix': array([[ 964,    0,    1,    1,    0,    4,    4,    2,    4,    0],
       [   0, 1113,    0,    6,    0,    1,    3,    1,   11,    0],
       [  14,    9,  901,   33,    5,    1,    8,   20,   40,    1],
       [   1,    0,   16,  913,    0,   36,    3,   11,   25,    5],
       [   1,    2,    2,    0,  889,    4,   28,    3,   17,   36],
       [   6,    1,    0,   17,    0,  847,   10,    3,    5,    3],
       [  10,    3,    0,    0,    5,   27,  908,    1,    4,    0],
       [   2,   10,   18,    8,    0,    0,    0,  975,    4,   11],
       [   6,    3,    4,   11,    7,   12,   12,    6,  911,    2],
       [  11,    6,    0,   10,   14,    7,    1,   20,   23,  917]])}, 33.196495541000004)
[2024-07-08 17:59:00,088][flwr][INFO] - configure_evaluate: no clients selected, skipping evaluation
[2024-07-08 17:59:00,088][flwr][INFO] - 
[2024-07-08 17:59:00,088][flwr][INFO] - [ROUND 6]
[2024-07-08 17:59:00,088][flwr][INFO] - configure_fit: strategy sampled 10 clients (out of 10)
[2024-07-08 17:59:05,679][flwr][INFO] - aggregate_fit: received 10 results and 0 failures
[2024-07-08 17:59:06,011][flwr][INFO] - fit progress: (6, 19.456973476335406, {'accuracy': 0.9342, 'precision': 0.9362524047001006, 'recall': 0.9342, 'f1': 0.9341973506190803, 'confusion_matrix': array([[ 967,    0,    1,    2,    0,    1,    3,    1,    5,    0],
       [   0, 1111,    0,    6,    0,    1,    1,    1,   15,    0],
       [  15,    8,  870,   33,    3,    0,    7,   30,   65,    1],
       [   3,    0,    9,  924,    0,   23,    1,    9,   35,    6],
       [   1,    1,    4,    1,  886,    0,   14,    3,   17,   55],
       [   5,    1,    0,   17,    1,  842,    8,    3,   10,    5],
       [  10,    3,    0,    1,    6,   34,  891,    0,   12,    1],
       [   2,    9,   10,    6,    0,    0,    0,  979,    5,   17],
       [   7,    3,    1,    9,    4,    8,    6,    5,  928,    3],
       [  11,    4,    0,   10,   12,    6,    0,   10,   12,  944]])}, 39.12010975)
[2024-07-08 17:59:06,011][flwr][INFO] - configure_evaluate: no clients selected, skipping evaluation
[2024-07-08 17:59:06,011][flwr][INFO] - 
[2024-07-08 17:59:06,011][flwr][INFO] - [ROUND 7]
[2024-07-08 17:59:06,012][flwr][INFO] - configure_fit: strategy sampled 10 clients (out of 10)
[2024-07-08 17:59:11,615][flwr][INFO] - aggregate_fit: received 10 results and 0 failures
[2024-07-08 17:59:11,951][flwr][INFO] - fit progress: (7, 18.230773197486997, {'accuracy': 0.9416, 'precision': 0.9418024264916236, 'recall': 0.9416, 'f1': 0.9414840203645063, 'confusion_matrix': array([[ 959,    0,    1,    2,    1,    4,    5,    2,    6,    0],
       [   0, 1119,    0,    5,    0,    1,    1,    1,    8,    0],
       [  12,    6,  921,   27,    3,    1,    5,   22,   33,    2],
       [   2,    1,   19,  925,    0,   22,    1,   11,   24,    5],
       [   1,    1,    3,    1,  914,    0,   17,    2,    8,   35],
       [   3,    0,    0,   16,    1,  844,   15,    3,    6,    4],
       [   5,    3,    1,    0,    7,   11,  928,    0,    3,    0],
       [   2,   11,   19,    6,    1,    0,    0,  976,    1,   12],
       [   4,    3,    4,    7,    7,   14,   14,    5,  913,    3],
       [   8,    7,    0,   12,   27,    6,    0,   13,   19,  917]])}, 45.06054704100001)
[2024-07-08 17:59:11,952][flwr][INFO] - configure_evaluate: no clients selected, skipping evaluation
[2024-07-08 17:59:11,952][flwr][INFO] - 
[2024-07-08 17:59:11,952][flwr][INFO] - [ROUND 8]
[2024-07-08 17:59:11,952][flwr][INFO] - configure_fit: strategy sampled 10 clients (out of 10)
[2024-07-08 17:59:17,597][flwr][INFO] - aggregate_fit: received 10 results and 0 failures
[2024-07-08 17:59:17,945][flwr][INFO] - fit progress: (8, 16.911911003291607, {'accuracy': 0.9451, 'precision': 0.9456761224243956, 'recall': 0.9451, 'f1': 0.9450093267145494, 'confusion_matrix': array([[ 967,    0,    0,    1,    1,    4,    2,    1,    4,    0],
       [   0, 1122,    0,    5,    0,    1,    1,    0,    6,    0],
       [  15,    8,  908,   24,    6,    0,    6,   26,   38,    1],
       [   5,    0,   16,  931,    1,    9,    1,    8,   27,   12],
       [   1,    1,    4,    0,  917,    0,   11,    1,   10,   37],
       [   6,    0,    0,   13,    1,  841,   11,    3,   10,    7],
       [   7,    3,    0,    0,    5,   15,  919,    0,    8,    1],
       [   2,   11,   16,    7,    1,    0,    0,  975,    3,   13],
       [   5,    2,    3,    5,    5,    4,    8,    4,  931,    7],
       [  10,    6,    0,    7,   22,    1,    0,    8,   15,  940]])}, 51.054234832999995)
[2024-07-08 17:59:17,946][flwr][INFO] - configure_evaluate: no clients selected, skipping evaluation
[2024-07-08 17:59:17,946][flwr][INFO] - 
[2024-07-08 17:59:17,946][flwr][INFO] - [ROUND 9]
[2024-07-08 17:59:17,946][flwr][INFO] - configure_fit: strategy sampled 10 clients (out of 10)
[2024-07-08 17:59:23,606][flwr][INFO] - aggregate_fit: received 10 results and 0 failures
[2024-07-08 17:59:23,939][flwr][INFO] - fit progress: (9, 15.863276889547706, {'accuracy': 0.9454, 'precision': 0.9462787938249828, 'recall': 0.9454, 'f1': 0.9453908131098248, 'confusion_matrix': array([[ 962,    0,    0,    1,    2,    2,    2,    2,    7,    2],
       [   0, 1118,    1,    5,    1,    1,    1,    1,    7,    0],
       [  11,    2,  922,   22,    6,    0,    6,   26,   35,    2],
       [   2,    1,   17,  908,    1,   18,    2,   14,   29,   18],
       [   1,    1,    2,    1,  920,    0,   11,    1,   10,   35],
       [   4,    1,    0,   12,    2,  830,   10,    4,   22,    7],
       [   6,    3,    1,    0,    9,    8,  920,    0,   11,    0],
       [   2,    8,   13,    4,    2,    0,    0,  984,    2,   13],
       [   5,    1,    1,    5,    7,    1,    7,    5,  936,    6],
       [   7,    5,    0,    5,   20,    0,    0,    8,   10,  954]])}, 57.048268625000006)
[2024-07-08 17:59:23,940][flwr][INFO] - configure_evaluate: no clients selected, skipping evaluation
[2024-07-08 17:59:23,940][flwr][INFO] - 
[2024-07-08 17:59:23,940][flwr][INFO] - [ROUND 10]
[2024-07-08 17:59:23,940][flwr][INFO] - configure_fit: strategy sampled 10 clients (out of 10)
[2024-07-08 17:59:29,413][flwr][INFO] - aggregate_fit: received 10 results and 0 failures
[2024-07-08 17:59:29,744][flwr][INFO] - fit progress: (10, 15.740916553884745, {'accuracy': 0.9457, 'precision': 0.9462803068249889, 'recall': 0.9457, 'f1': 0.9456793956379163, 'confusion_matrix': array([[ 959,    0,    2,    1,    2,    4,    1,    2,    5,    4],
       [   0, 1118,    3,    3,    0,    1,    0,    1,    8,    1],
       [  12,    2,  916,   30,    4,    0,    5,   25,   35,    3],
       [   4,    1,   14,  925,    1,   21,    2,   10,   20,   12],
       [   1,    0,    5,    1,  913,    0,    6,    1,    8,   47],
       [   3,    2,    0,   13,    1,  847,    7,    3,    8,    8],
       [   6,    3,    1,    1,    7,   19,  911,    1,    8,    1],
       [   1,    5,   14,   10,    1,    0,    0,  982,    0,   15],
       [   5,    0,    2,    8,    4,    6,    6,    6,  926,   11],
       [   8,    5,    0,    6,   14,    1,    0,    9,    6,  960]])}, 62.852504833)
[2024-07-08 17:59:29,744][flwr][INFO] - configure_evaluate: no clients selected, skipping evaluation
[2024-07-08 17:59:29,744][flwr][INFO] - 
[2024-07-08 17:59:29,744][flwr][INFO] - [SUMMARY]
[2024-07-08 17:59:29,744][flwr][INFO] - Run finished 10 round(s) in 62.85s
[2024-07-08 17:59:29,748][flwr][INFO] - 	History (loss, centralized):
[2024-07-08 17:59:29,748][flwr][INFO] - 		round 0: 181.76928067207336
[2024-07-08 17:59:29,748][flwr][INFO] - 		round 1: 147.7664771080017
[2024-07-08 17:59:29,748][flwr][INFO] - 		round 2: 60.704137444496155
[2024-07-08 17:59:29,748][flwr][INFO] - 		round 3: 29.33296211063862
[2024-07-08 17:59:29,748][flwr][INFO] - 		round 4: 22.173209093511105
[2024-07-08 17:59:29,748][flwr][INFO] - 		round 5: 20.3508925922215
[2024-07-08 17:59:29,748][flwr][INFO] - 		round 6: 19.456973476335406
[2024-07-08 17:59:29,748][flwr][INFO] - 		round 7: 18.230773197486997
[2024-07-08 17:59:29,748][flwr][INFO] - 		round 8: 16.911911003291607
[2024-07-08 17:59:29,748][flwr][INFO] - 		round 9: 15.863276889547706
[2024-07-08 17:59:29,748][flwr][INFO] - 		round 10: 15.740916553884745
[2024-07-08 17:59:29,748][flwr][INFO] - 	History (metrics, centralized):
[2024-07-08 17:59:29,748][flwr][INFO] - 	{'accuracy': [(0, 0.1086),
[2024-07-08 17:59:29,748][flwr][INFO] - 	              (1, 0.6495),
[2024-07-08 17:59:29,748][flwr][INFO] - 	              (2, 0.8512),
[2024-07-08 17:59:29,748][flwr][INFO] - 	              (3, 0.8997),
[2024-07-08 17:59:29,748][flwr][INFO] - 	              (4, 0.9246),
[2024-07-08 17:59:29,748][flwr][INFO] - 	              (5, 0.9338),
[2024-07-08 17:59:29,748][flwr][INFO] - 	              (6, 0.9342),
[2024-07-08 17:59:29,748][flwr][INFO] - 	              (7, 0.9416),
[2024-07-08 17:59:29,748][flwr][INFO] - 	              (8, 0.9451),
[2024-07-08 17:59:29,748][flwr][INFO] - 	              (9, 0.9454),
[2024-07-08 17:59:29,748][flwr][INFO] - 	              (10, 0.9457)],
[2024-07-08 17:59:29,748][flwr][INFO] - 	 'confusion_matrix': [(0,
[2024-07-08 17:59:29,749][flwr][INFO] - 	                       array([[   0,    8,    0,  956,    0,    1,    0,   15,    0,    0],
[2024-07-08 17:59:29,749][flwr][INFO] - 	       [   0,  122,    0, 1013,    0,    0,    0,    0,    0,    0],
[2024-07-08 17:59:29,749][flwr][INFO] - 	       [   0,   38,    0,  971,    0,    0,    3,   19,    1,    0],
[2024-07-08 17:59:29,749][flwr][INFO] - 	       [   0,   44,    0,  945,    1,    1,    0,   17,    2,    0],
[2024-07-08 17:59:29,749][flwr][INFO] - 	       [   0,  143,    0,  816,    1,    0,    2,   20,    0,    0],
[2024-07-08 17:59:29,749][flwr][INFO] - 	       [   0,  118,    0,  735,    1,    7,    0,   30,    1,    0],
[2024-07-08 17:59:29,749][flwr][INFO] - 	       [   0,  144,    0,  749,   25,    0,    2,   38,    0,    0],
[2024-07-08 17:59:29,749][flwr][INFO] - 	       [   0,  272,    0,  724,    8,    0,    0,    9,   15,    0],
[2024-07-08 17:59:29,749][flwr][INFO] - 	       [   0,   81,    0,  859,    1,    0,    1,   32,    0,    0],
[2024-07-08 17:59:29,749][flwr][INFO] - 	       [   0,  178,    0,  799,    1,    0,    0,   31,    0,    0]])),
[2024-07-08 17:59:29,749][flwr][INFO] - 	                      (1,
[2024-07-08 17:59:29,749][flwr][INFO] - 	                       array([[903,   5,   0,  15,   0,  16,  11,   0,   0,  30],
[2024-07-08 17:59:29,749][flwr][INFO] - 	       [  1, 909,   4, 207,   0,   6,   6,   0,   0,   2],
[2024-07-08 17:59:29,749][flwr][INFO] - 	       [ 21,  25, 335, 583,   3,   8,  30,   2,   0,  25],
[2024-07-08 17:59:29,749][flwr][INFO] - 	       [  4,   9,   0, 938,   0,  19,   3,   1,   0,  36],
[2024-07-08 17:59:29,749][flwr][INFO] - 	       [ 19,  10,   0,   4, 725,  87,  13,   0,   0, 124],
[2024-07-08 17:59:29,749][flwr][INFO] - 	       [ 43,  15,   0, 107, 160, 473,  16,   0,   0,  78],
[2024-07-08 17:59:29,749][flwr][INFO] - 	       [ 29,   9,   0,   8,   3,  31, 873,   0,   0,   5],
[2024-07-08 17:59:29,749][flwr][INFO] - 	       [ 53,  21,   0, 175,   0,   4,   1, 526,   0, 248],
[2024-07-08 17:59:29,749][flwr][INFO] - 	       [ 39,  26,   0, 101,  31,  34,  10,   0,   0, 733],
[2024-07-08 17:59:29,749][flwr][INFO] - 	       [ 28,   6,   0,  18,  97,  39,   2,   6,   0, 813]])),
[2024-07-08 17:59:29,749][flwr][INFO] - 	                      (2,
[2024-07-08 17:59:29,749][flwr][INFO] - 	                       array([[ 927,    0,    0,    4,    2,    3,    3,    1,   31,    9],
[2024-07-08 17:59:29,749][flwr][INFO] - 	       [   0, 1090,    2,    8,    1,    3,    3,    0,   28,    0],
[2024-07-08 17:59:29,749][flwr][INFO] - 	       [   7,    6,  874,   53,   18,    2,    4,    4,   63,    1],
[2024-07-08 17:59:29,749][flwr][INFO] - 	       [   1,    0,    5,  937,    4,    9,    2,    2,   38,   12],
[2024-07-08 17:59:29,749][flwr][INFO] - 	       [   1,    3,    0,    1,  925,    1,    4,    0,   30,   17],
[2024-07-08 17:59:29,749][flwr][INFO] - 	       [   6,    4,    0,  100,   76,  592,   15,    1,   62,   36],
[2024-07-08 17:59:29,749][flwr][INFO] - 	       [  16,    8,    0,    2,   46,    7,  818,    0,   44,   17],
[2024-07-08 17:59:29,749][flwr][INFO] - 	       [   2,   18,   49,   41,   25,    1,    0,  702,   55,  135],
[2024-07-08 17:59:29,749][flwr][INFO] - 	       [   3,    3,    1,   16,   33,    1,    2,    2,  904,    9],
[2024-07-08 17:59:29,749][flwr][INFO] - 	       [   6,    4,    0,    9,  135,    2,    0,    2,  108,  743]])),
[2024-07-08 17:59:29,749][flwr][INFO] - 	                      (3,
[2024-07-08 17:59:29,749][flwr][INFO] - 	                       array([[ 967,    0,    1,    2,    1,    1,    2,    2,    4,    0],
[2024-07-08 17:59:29,749][flwr][INFO] - 	       [   0, 1104,    0,    9,    1,    1,    3,    1,   16,    0],
[2024-07-08 17:59:29,749][flwr][INFO] - 	       [  26,   19,  764,   88,   16,    1,    5,   30,   81,    2],
[2024-07-08 17:59:29,749][flwr][INFO] - 	       [   2,    0,    6,  945,    2,    6,    0,   12,   30,    7],
[2024-07-08 17:59:29,749][flwr][INFO] - 	       [   2,    2,    1,    2,  946,    1,    5,    0,   12,   11],
[2024-07-08 17:59:29,749][flwr][INFO] - 	       [  12,    2,    0,   70,   18,  742,    6,    5,   33,    4],
[2024-07-08 17:59:29,749][flwr][INFO] - 	       [  34,    4,    2,    2,   20,   11,  859,    1,   24,    1],
[2024-07-08 17:59:29,749][flwr][INFO] - 	       [   5,   18,    8,    8,    9,    0,    0,  952,   13,   15],
[2024-07-08 17:59:29,749][flwr][INFO] - 	       [   9,    9,    1,   18,   18,    3,    3,    5,  907,    1],
[2024-07-08 17:59:29,749][flwr][INFO] - 	       [  15,    6,    0,   16,  110,    1,    0,   15,   35,  811]])),
[2024-07-08 17:59:29,749][flwr][INFO] - 	                      (4,
[2024-07-08 17:59:29,749][flwr][INFO] - 	                       array([[ 963,    0,    1,    1,    0,    3,    4,    2,    6,    0],
[2024-07-08 17:59:29,749][flwr][INFO] - 	       [   0, 1102,    1,    7,    0,    1,    3,    1,   20,    0],
[2024-07-08 17:59:29,749][flwr][INFO] - 	       [  19,    9,  821,   56,    6,    1,    8,   20,   91,    1],
[2024-07-08 17:59:29,749][flwr][INFO] - 	       [   1,    0,    5,  931,    1,   22,    1,    8,   32,    9],
[2024-07-08 17:59:29,749][flwr][INFO] - 	       [   1,    1,    1,    1,  927,    0,   12,    0,   13,   26],
[2024-07-08 17:59:29,750][flwr][INFO] - 	       [   7,    1,    0,   18,    3,  831,   10,    3,   15,    4],
[2024-07-08 17:59:29,750][flwr][INFO] - 	       [  10,    3,    1,    0,   11,   18,  909,    0,    6,    0],
[2024-07-08 17:59:29,750][flwr][INFO] - 	       [   3,   13,   13,   12,    7,    1,    1,  952,    8,   18],
[2024-07-08 17:59:29,750][flwr][INFO] - 	       [   4,    3,    2,   11,    8,    5,    9,    4,  925,    3],
[2024-07-08 17:59:29,750][flwr][INFO] - 	       [  12,    5,    0,   11,   50,    5,    0,   12,   29,  885]])),
[2024-07-08 17:59:29,750][flwr][INFO] - 	                      (5,
[2024-07-08 17:59:29,750][flwr][INFO] - 	                       array([[ 964,    0,    1,    1,    0,    4,    4,    2,    4,    0],
[2024-07-08 17:59:29,750][flwr][INFO] - 	       [   0, 1113,    0,    6,    0,    1,    3,    1,   11,    0],
[2024-07-08 17:59:29,750][flwr][INFO] - 	       [  14,    9,  901,   33,    5,    1,    8,   20,   40,    1],
[2024-07-08 17:59:29,750][flwr][INFO] - 	       [   1,    0,   16,  913,    0,   36,    3,   11,   25,    5],
[2024-07-08 17:59:29,750][flwr][INFO] - 	       [   1,    2,    2,    0,  889,    4,   28,    3,   17,   36],
[2024-07-08 17:59:29,750][flwr][INFO] - 	       [   6,    1,    0,   17,    0,  847,   10,    3,    5,    3],
[2024-07-08 17:59:29,750][flwr][INFO] - 	       [  10,    3,    0,    0,    5,   27,  908,    1,    4,    0],
[2024-07-08 17:59:29,750][flwr][INFO] - 	       [   2,   10,   18,    8,    0,    0,    0,  975,    4,   11],
[2024-07-08 17:59:29,750][flwr][INFO] - 	       [   6,    3,    4,   11,    7,   12,   12,    6,  911,    2],
[2024-07-08 17:59:29,750][flwr][INFO] - 	       [  11,    6,    0,   10,   14,    7,    1,   20,   23,  917]])),
[2024-07-08 17:59:29,750][flwr][INFO] - 	                      (6,
[2024-07-08 17:59:29,750][flwr][INFO] - 	                       array([[ 967,    0,    1,    2,    0,    1,    3,    1,    5,    0],
[2024-07-08 17:59:29,750][flwr][INFO] - 	       [   0, 1111,    0,    6,    0,    1,    1,    1,   15,    0],
[2024-07-08 17:59:29,750][flwr][INFO] - 	       [  15,    8,  870,   33,    3,    0,    7,   30,   65,    1],
[2024-07-08 17:59:29,750][flwr][INFO] - 	       [   3,    0,    9,  924,    0,   23,    1,    9,   35,    6],
[2024-07-08 17:59:29,750][flwr][INFO] - 	       [   1,    1,    4,    1,  886,    0,   14,    3,   17,   55],
[2024-07-08 17:59:29,750][flwr][INFO] - 	       [   5,    1,    0,   17,    1,  842,    8,    3,   10,    5],
[2024-07-08 17:59:29,750][flwr][INFO] - 	       [  10,    3,    0,    1,    6,   34,  891,    0,   12,    1],
[2024-07-08 17:59:29,750][flwr][INFO] - 	       [   2,    9,   10,    6,    0,    0,    0,  979,    5,   17],
[2024-07-08 17:59:29,750][flwr][INFO] - 	       [   7,    3,    1,    9,    4,    8,    6,    5,  928,    3],
[2024-07-08 17:59:29,750][flwr][INFO] - 	       [  11,    4,    0,   10,   12,    6,    0,   10,   12,  944]])),
[2024-07-08 17:59:29,750][flwr][INFO] - 	                      (7,
[2024-07-08 17:59:29,750][flwr][INFO] - 	                       array([[ 959,    0,    1,    2,    1,    4,    5,    2,    6,    0],
[2024-07-08 17:59:29,750][flwr][INFO] - 	       [   0, 1119,    0,    5,    0,    1,    1,    1,    8,    0],
[2024-07-08 17:59:29,750][flwr][INFO] - 	       [  12,    6,  921,   27,    3,    1,    5,   22,   33,    2],
[2024-07-08 17:59:29,750][flwr][INFO] - 	       [   2,    1,   19,  925,    0,   22,    1,   11,   24,    5],
[2024-07-08 17:59:29,750][flwr][INFO] - 	       [   1,    1,    3,    1,  914,    0,   17,    2,    8,   35],
[2024-07-08 17:59:29,750][flwr][INFO] - 	       [   3,    0,    0,   16,    1,  844,   15,    3,    6,    4],
[2024-07-08 17:59:29,750][flwr][INFO] - 	       [   5,    3,    1,    0,    7,   11,  928,    0,    3,    0],
[2024-07-08 17:59:29,750][flwr][INFO] - 	       [   2,   11,   19,    6,    1,    0,    0,  976,    1,   12],
[2024-07-08 17:59:29,750][flwr][INFO] - 	       [   4,    3,    4,    7,    7,   14,   14,    5,  913,    3],
[2024-07-08 17:59:29,750][flwr][INFO] - 	       [   8,    7,    0,   12,   27,    6,    0,   13,   19,  917]])),
[2024-07-08 17:59:29,750][flwr][INFO] - 	                      (8,
[2024-07-08 17:59:29,750][flwr][INFO] - 	                       array([[ 967,    0,    0,    1,    1,    4,    2,    1,    4,    0],
[2024-07-08 17:59:29,750][flwr][INFO] - 	       [   0, 1122,    0,    5,    0,    1,    1,    0,    6,    0],
[2024-07-08 17:59:29,750][flwr][INFO] - 	       [  15,    8,  908,   24,    6,    0,    6,   26,   38,    1],
[2024-07-08 17:59:29,750][flwr][INFO] - 	       [   5,    0,   16,  931,    1,    9,    1,    8,   27,   12],
[2024-07-08 17:59:29,750][flwr][INFO] - 	       [   1,    1,    4,    0,  917,    0,   11,    1,   10,   37],
[2024-07-08 17:59:29,750][flwr][INFO] - 	       [   6,    0,    0,   13,    1,  841,   11,    3,   10,    7],
[2024-07-08 17:59:29,750][flwr][INFO] - 	       [   7,    3,    0,    0,    5,   15,  919,    0,    8,    1],
[2024-07-08 17:59:29,750][flwr][INFO] - 	       [   2,   11,   16,    7,    1,    0,    0,  975,    3,   13],
[2024-07-08 17:59:29,750][flwr][INFO] - 	       [   5,    2,    3,    5,    5,    4,    8,    4,  931,    7],
[2024-07-08 17:59:29,750][flwr][INFO] - 	       [  10,    6,    0,    7,   22,    1,    0,    8,   15,  940]])),
[2024-07-08 17:59:29,751][flwr][INFO] - 	                      (9,
[2024-07-08 17:59:29,751][flwr][INFO] - 	                       array([[ 962,    0,    0,    1,    2,    2,    2,    2,    7,    2],
[2024-07-08 17:59:29,751][flwr][INFO] - 	       [   0, 1118,    1,    5,    1,    1,    1,    1,    7,    0],
[2024-07-08 17:59:29,751][flwr][INFO] - 	       [  11,    2,  922,   22,    6,    0,    6,   26,   35,    2],
[2024-07-08 17:59:29,751][flwr][INFO] - 	       [   2,    1,   17,  908,    1,   18,    2,   14,   29,   18],
[2024-07-08 17:59:29,751][flwr][INFO] - 	       [   1,    1,    2,    1,  920,    0,   11,    1,   10,   35],
[2024-07-08 17:59:29,751][flwr][INFO] - 	       [   4,    1,    0,   12,    2,  830,   10,    4,   22,    7],
[2024-07-08 17:59:29,751][flwr][INFO] - 	       [   6,    3,    1,    0,    9,    8,  920,    0,   11,    0],
[2024-07-08 17:59:29,751][flwr][INFO] - 	       [   2,    8,   13,    4,    2,    0,    0,  984,    2,   13],
[2024-07-08 17:59:29,751][flwr][INFO] - 	       [   5,    1,    1,    5,    7,    1,    7,    5,  936,    6],
[2024-07-08 17:59:29,751][flwr][INFO] - 	       [   7,    5,    0,    5,   20,    0,    0,    8,   10,  954]])),
[2024-07-08 17:59:29,751][flwr][INFO] - 	                      (10,
[2024-07-08 17:59:29,751][flwr][INFO] - 	                       array([[ 959,    0,    2,    1,    2,    4,    1,    2,    5,    4],
[2024-07-08 17:59:29,751][flwr][INFO] - 	       [   0, 1118,    3,    3,    0,    1,    0,    1,    8,    1],
[2024-07-08 17:59:29,751][flwr][INFO] - 	       [  12,    2,  916,   30,    4,    0,    5,   25,   35,    3],
[2024-07-08 17:59:29,751][flwr][INFO] - 	       [   4,    1,   14,  925,    1,   21,    2,   10,   20,   12],
[2024-07-08 17:59:29,751][flwr][INFO] - 	       [   1,    0,    5,    1,  913,    0,    6,    1,    8,   47],
[2024-07-08 17:59:29,751][flwr][INFO] - 	       [   3,    2,    0,   13,    1,  847,    7,    3,    8,    8],
[2024-07-08 17:59:29,751][flwr][INFO] - 	       [   6,    3,    1,    1,    7,   19,  911,    1,    8,    1],
[2024-07-08 17:59:29,751][flwr][INFO] - 	       [   1,    5,   14,   10,    1,    0,    0,  982,    0,   15],
[2024-07-08 17:59:29,751][flwr][INFO] - 	       [   5,    0,    2,    8,    4,    6,    6,    6,  926,   11],
[2024-07-08 17:59:29,751][flwr][INFO] - 	       [   8,    5,    0,    6,   14,    1,    0,    9,    6,  960]]))],
[2024-07-08 17:59:29,751][flwr][INFO] - 	 'f1': [(0, 0.03553137346181725),
[2024-07-08 17:59:29,751][flwr][INFO] - 	        (1, 0.6215039204648247),
[2024-07-08 17:59:29,751][flwr][INFO] - 	        (2, 0.8517748025534518),
[2024-07-08 17:59:29,751][flwr][INFO] - 	        (3, 0.8992891312604208),
[2024-07-08 17:59:29,751][flwr][INFO] - 	        (4, 0.9244845243022913),
[2024-07-08 17:59:29,751][flwr][INFO] - 	        (5, 0.9337154446606699),
[2024-07-08 17:59:29,751][flwr][INFO] - 	        (6, 0.9341973506190803),
[2024-07-08 17:59:29,751][flwr][INFO] - 	        (7, 0.9414840203645063),
[2024-07-08 17:59:29,751][flwr][INFO] - 	        (8, 0.9450093267145494),
[2024-07-08 17:59:29,751][flwr][INFO] - 	        (9, 0.9453908131098248),
[2024-07-08 17:59:29,751][flwr][INFO] - 	        (10, 0.9456793956379163)],
[2024-07-08 17:59:29,751][flwr][INFO] - 	 'precision': [(0, 0.12349967530374152),
[2024-07-08 17:59:29,751][flwr][INFO] - 	               (1, 0.6788569631805165),
[2024-07-08 17:59:29,751][flwr][INFO] - 	               (2, 0.871530050429643),
[2024-07-08 17:59:29,751][flwr][INFO] - 	               (3, 0.908128821568496),
[2024-07-08 17:59:29,751][flwr][INFO] - 	               (4, 0.927699006482351),
[2024-07-08 17:59:29,751][flwr][INFO] - 	               (5, 0.934690307043603),
[2024-07-08 17:59:29,751][flwr][INFO] - 	               (6, 0.9362524047001006),
[2024-07-08 17:59:29,751][flwr][INFO] - 	               (7, 0.9418024264916236),
[2024-07-08 17:59:29,751][flwr][INFO] - 	               (8, 0.9456761224243956),
[2024-07-08 17:59:29,751][flwr][INFO] - 	               (9, 0.9462787938249828),
[2024-07-08 17:59:29,751][flwr][INFO] - 	               (10, 0.9462803068249889)],
[2024-07-08 17:59:29,751][flwr][INFO] - 	 'recall': [(0, 0.1086),
[2024-07-08 17:59:29,751][flwr][INFO] - 	            (1, 0.6495),
[2024-07-08 17:59:29,751][flwr][INFO] - 	            (2, 0.8512),
[2024-07-08 17:59:29,751][flwr][INFO] - 	            (3, 0.8997),
[2024-07-08 17:59:29,751][flwr][INFO] - 	            (4, 0.9246),
[2024-07-08 17:59:29,752][flwr][INFO] - 	            (5, 0.9338),
[2024-07-08 17:59:29,752][flwr][INFO] - 	            (6, 0.9342),
[2024-07-08 17:59:29,752][flwr][INFO] - 	            (7, 0.9416),
[2024-07-08 17:59:29,752][flwr][INFO] - 	            (8, 0.9451),
[2024-07-08 17:59:29,752][flwr][INFO] - 	            (9, 0.9454),
[2024-07-08 17:59:29,752][flwr][INFO] - 	            (10, 0.9457)]}
[2024-07-08 17:59:29,752][flwr][INFO] - 
