[2024-06-20 20:19:44,235][flwr][INFO] - Starting Flower simulation, config: num_rounds=10, no round_timeout
[2024-06-20 20:19:45,627][flwr][INFO] - Flower VCE: Ray initialized with resources: {'memory': 8758922445.0, 'node:127.0.0.1': 1.0, 'node:__internal_head__': 1.0, 'object_store_memory': 2147483648.0, 'CPU': 12.0}
[2024-06-20 20:19:45,627][flwr][INFO] - Optimize your simulation with Flower VCE: https://flower.ai/docs/framework/how-to-run-simulations.html
[2024-06-20 20:19:45,627][flwr][INFO] - Flower VCE: Resources for each Virtual Client: {'num_cpus': 2, 'num_gpus': 0}
[2024-06-20 20:19:45,634][flwr][INFO] - Flower VCE: Creating VirtualClientEngineActorPool with 6 actors
[2024-06-20 20:19:45,634][flwr][INFO] - [INIT]
[2024-06-20 20:19:45,635][flwr][INFO] - Requesting initial parameters from one random client
[2024-06-20 20:19:47,522][flwr][INFO] - Received initial parameters from one random client
[2024-06-20 20:19:47,522][flwr][INFO] - Evaluating initial global parameters
[2024-06-20 20:19:47,952][flwr][INFO] - initial parameters (loss, other metrics): 181.76928067207336, {'accuracy': 0.1086, 'precision': 0.12349967530374152, 'recall': 0.1086, 'f1': 0.03553137346181725, 'confusion_matrix': array([[   0,    8,    0,  956,    0,    1,    0,   15,    0,    0],
       [   0,  122,    0, 1013,    0,    0,    0,    0,    0,    0],
       [   0,   38,    0,  971,    0,    0,    3,   19,    1,    0],
       [   0,   44,    0,  945,    1,    1,    0,   17,    2,    0],
       [   0,  143,    0,  816,    1,    0,    2,   20,    0,    0],
       [   0,  118,    0,  735,    1,    7,    0,   30,    1,    0],
       [   0,  144,    0,  749,   25,    0,    2,   38,    0,    0],
       [   0,  272,    0,  724,    8,    0,    0,    9,   15,    0],
       [   0,   81,    0,  859,    1,    0,    1,   32,    0,    0],
       [   0,  178,    0,  799,    1,    0,    0,   31,    0,    0]])}
[2024-06-20 20:19:47,953][flwr][INFO] - 
[2024-06-20 20:19:47,953][flwr][INFO] - [ROUND 1]
[2024-06-20 20:19:47,953][flwr][INFO] - configure_fit: strategy sampled 10 clients (out of 100)
[2024-06-20 20:19:55,031][flwr][INFO] - aggregate_fit: received 10 results and 0 failures
[2024-06-20 20:19:55,038][flwr][WARNING] - No fit_metrics_aggregation_fn provided
[2024-06-20 20:19:55,471][flwr][INFO] - fit progress: (1, 270601.28857421875, {'accuracy': 0.0842, 'precision': 0.07982183029283915, 'recall': 0.0842, 'f1': 0.05734956044994062, 'confusion_matrix': array([[ 46, 190, 289,  66,  44,  60, 283,   0,   2,   0],
       [275,  59, 572,  14, 138,   1,  71,   0,   5,   0],
       [ 65, 337, 246,  18,  82,   3, 261,   2,  18,   0],
       [ 46, 152, 474,  33, 148,   5, 147,   0,   4,   1],
       [ 62, 432,  98, 130,  47,   6, 198,   0,   8,   1],
       [ 18, 127, 411,  74,  39,  18, 188,   0,  14,   3],
       [ 26, 204, 292,   7,  26,   9, 384,   0,   5,   5],
       [ 68, 181, 261,  92,  45,  11, 363,   0,   5,   2],
       [104, 174, 333,  91,  46,   3, 216,   0,   7,   0],
       [ 68, 263, 158,  58,  41,   6, 393,   0,  20,   2]])}, 7.518617375)
[2024-06-20 20:19:55,472][flwr][INFO] - configure_evaluate: no clients selected, skipping evaluation
[2024-06-20 20:19:55,472][flwr][INFO] - 
[2024-06-20 20:19:55,472][flwr][INFO] - [ROUND 2]
[2024-06-20 20:19:55,472][flwr][INFO] - configure_fit: strategy sampled 10 clients (out of 100)
[2024-06-20 20:20:00,843][flwr][INFO] - aggregate_fit: received 10 results and 0 failures
[2024-06-20 20:20:01,291][flwr][INFO] - fit progress: (2, 1749955.82421875, {'accuracy': 0.2041, 'precision': 0.16450934210874513, 'recall': 0.2041, 'f1': 0.15311394125076996, 'confusion_matrix': array([[ 70, 170,  24, 466,   1, 161,  14,  50,  20,   4],
       [ 23, 839,   4,   8,   0,  22,  10, 132,   1,  96],
       [  6, 394,  44, 254,   2, 111,  57,  84,  22,  58],
       [  6, 216,   8, 369,   0, 170,   8, 180,  23,  30],
       [ 28, 207,  27, 175,   0, 227,  19, 222,  34,  43],
       [  9, 159,  15, 282,   0, 197,  12, 155,  24,  39],
       [ 56, 419,  33,  94,   0,  62,  60, 100,  22, 112],
       [ 21, 117,  31,  32,   1, 220,  50, 365, 118,  73],
       [ 26, 310,  30, 233,   0,  87,  50, 161,  43,  34],
       [ 56, 102,  10,  88,   0, 143,  36, 366, 154,  54]])}, 13.338093291000002)
[2024-06-20 20:20:01,291][flwr][INFO] - configure_evaluate: no clients selected, skipping evaluation
[2024-06-20 20:20:01,291][flwr][INFO] - 
[2024-06-20 20:20:01,291][flwr][INFO] - [ROUND 3]
[2024-06-20 20:20:01,292][flwr][INFO] - configure_fit: strategy sampled 10 clients (out of 100)
[2024-06-20 20:20:06,692][flwr][INFO] - aggregate_fit: received 10 results and 0 failures
[2024-06-20 20:20:07,134][flwr][INFO] - fit progress: (3, 12739095.9453125, {'accuracy': 0.2429, 'precision': 0.2598728797026646, 'recall': 0.2429, 'f1': 0.2294877898700368, 'confusion_matrix': array([[168,  69, 137,  78,   4, 125, 250,  24, 121,   4],
       [ 21, 599,  67,   1,   0,   2,  44, 100,   7, 294],
       [  4, 120, 302,  28,   7,  39, 292,  45, 124,  71],
       [ 18, 126, 106, 151,   6, 141, 173, 104, 127,  58],
       [ 19, 110, 121,  17,   2,  67, 232, 173, 135, 106],
       [  8,  59,  97,  67,   1, 158, 173,  97, 135,  97],
       [ 22, 108, 209,  10,   3,   8, 393,  42,  85,  78],
       [  7,  52,  78,   3,   8,  64, 138, 320, 212, 146],
       [ 20,  99, 101,  37,   3,  29, 317, 102, 147, 119],
       [ 43,  39,  78,   1,   3,  27, 128, 220, 281, 189]])}, 19.181493582999998)
[2024-06-20 20:20:07,134][flwr][INFO] - configure_evaluate: no clients selected, skipping evaluation
[2024-06-20 20:20:07,134][flwr][INFO] - 
[2024-06-20 20:20:07,134][flwr][INFO] - [ROUND 4]
[2024-06-20 20:20:07,135][flwr][INFO] - configure_fit: strategy sampled 10 clients (out of 100)
[2024-06-20 20:20:12,336][flwr][INFO] - aggregate_fit: received 10 results and 0 failures
[2024-06-20 20:20:12,788][flwr][INFO] - fit progress: (4, 115596985.375, {'accuracy': 0.2773, 'precision': 0.2862414481497398, 'recall': 0.2773, 'f1': 0.2562631486875313, 'confusion_matrix': array([[202,  80, 110,  64,   5, 161, 232,  28,  97,   1],
       [ 14, 765,  68,   5,   0,   4,  47, 120,  10, 102],
       [ 17, 138, 352,  23,   5,  43, 277,  61,  87,  29],
       [ 23, 132,  80, 184,   6, 207, 136, 127,  79,  36],
       [ 24, 111, 117,  19,   6,  98, 237, 235,  87,  48],
       [  9,  74,  86,  56,   3, 243, 169, 107, 106,  39],
       [ 31, 127, 164,   7,   4,  15, 386,  99,  94,  31],
       [ 10,  59,  72,   3,  16,  90, 143, 389, 159,  87],
       [ 27, 103,  92,  35,   6,  69, 321, 128, 128,  65],
       [ 45,  54,  82,   1,   9,  69, 112, 306, 213, 118]])}, 24.835263291000004)
[2024-06-20 20:20:12,788][flwr][INFO] - configure_evaluate: no clients selected, skipping evaluation
[2024-06-20 20:20:12,788][flwr][INFO] - 
[2024-06-20 20:20:12,788][flwr][INFO] - [ROUND 5]
[2024-06-20 20:20:12,789][flwr][INFO] - configure_fit: strategy sampled 10 clients (out of 100)
[2024-06-20 20:20:18,019][flwr][INFO] - aggregate_fit: received 10 results and 0 failures
[2024-06-20 20:20:18,476][flwr][INFO] - fit progress: (5, 1084159584.0, {'accuracy': 0.2767, 'precision': 0.29459684794854885, 'recall': 0.2767, 'f1': 0.2655750242107111, 'confusion_matrix': array([[279,  30,  84,  63,   9, 146, 222,  52,  92,   3],
       [ 37, 621,  45,   8,   0,   0,  59, 168,  22, 175],
       [ 21,  73, 297,  25,   4,  39, 315,  91, 129,  38],
       [ 35,  91,  54, 172,   9, 156, 207, 127,  95,  64],
       [ 29,  79,  93,  25,   5,  69, 238, 269, 107,  68],
       [ 14,  53,  76,  57,   3, 221, 165, 125, 111,  67],
       [ 35, 102, 132,   5,   2,  14, 416, 115,  90,  47],
       [ 13,  41,  49,   5,   7,  68, 116, 421, 185, 123],
       [ 32,  65,  65,  39,   9,  57, 319, 134, 147, 107],
       [ 47,  31,  47,   4,   7,  30,  98, 347, 210, 188]])}, 30.523958125)
[2024-06-20 20:20:18,477][flwr][INFO] - configure_evaluate: no clients selected, skipping evaluation
[2024-06-20 20:20:18,477][flwr][INFO] - 
[2024-06-20 20:20:18,477][flwr][INFO] - [ROUND 6]
[2024-06-20 20:20:18,477][flwr][INFO] - configure_fit: strategy sampled 10 clients (out of 100)
[2024-06-20 20:20:23,889][flwr][INFO] - aggregate_fit: received 10 results and 0 failures
[2024-06-20 20:20:24,340][flwr][INFO] - fit progress: (6, 10449986488.0, {'accuracy': 0.2525, 'precision': 0.293352156918384, 'recall': 0.2525, 'f1': 0.24605065788786357, 'confusion_matrix': array([[274,  21, 107,  75,   7, 128, 189, 101,  77,   1],
       [ 24, 418,  92,   9,   0,   1,  42, 364,  18, 167],
       [ 11,  60, 368,  37,   3,  23, 220, 128, 140,  42],
       [ 28,  77,  95, 204,   3,  85, 165, 182,  94,  77],
       [  7,  72,  97,  40,   8,  35, 192, 360, 117,  54],
       [ 10,  50,  85,  88,   5, 179, 145, 150, 127,  53],
       [ 23,  80, 203,   6,   3,   6, 265, 193, 134,  45],
       [  8,  23,  59,   8,  11,  27,  94, 527, 183,  88],
       [ 15,  84,  99,  65,  11,  31, 239, 195, 145,  90],
       [ 25,  21,  54,   7,   7,  12,  95, 392, 259, 137]])}, 36.387691083)
[2024-06-20 20:20:24,340][flwr][INFO] - configure_evaluate: no clients selected, skipping evaluation
[2024-06-20 20:20:24,340][flwr][INFO] - 
[2024-06-20 20:20:24,340][flwr][INFO] - [ROUND 7]
[2024-06-20 20:20:24,341][flwr][INFO] - configure_fit: strategy sampled 10 clients (out of 100)
[2024-06-20 20:20:29,675][flwr][INFO] - aggregate_fit: received 10 results and 0 failures
[2024-06-20 20:20:30,132][flwr][INFO] - fit progress: (7, 91699396672.0, {'accuracy': 0.2768, 'precision': 0.29714364855627357, 'recall': 0.2768, 'f1': 0.26856440787552777, 'confusion_matrix': array([[307,  35,  92, 103,   9, 121, 138, 107,  64,   4],
       [ 16, 603,  63,   4,   8,   2,  11, 283,   7, 138],
       [ 20, 100, 326,  59,  12,  27, 181, 109, 138,  60],
       [ 29, 117,  80, 249,  23,  60, 116, 167,  70,  99],
       [ 18,  58,  58,  65,  22,  50, 201, 317, 106,  87],
       [ 12,  84,  65, 124,  10, 168, 113, 155,  85,  76],
       [ 26,  80, 164,   8,  17,   7, 273, 166, 142,  75],
       [  7,  45,  64,   7,  27,  24,  99, 510, 141, 104],
       [ 16, 146,  89,  75,  20,  38, 130, 215, 116, 129],
       [ 30,  24,  33,  13,  29,  12,  97, 376, 201, 194]])}, 42.180520083000005)
[2024-06-20 20:20:30,133][flwr][INFO] - configure_evaluate: no clients selected, skipping evaluation
[2024-06-20 20:20:30,133][flwr][INFO] - 
[2024-06-20 20:20:30,133][flwr][INFO] - [ROUND 8]
[2024-06-20 20:20:30,133][flwr][INFO] - configure_fit: strategy sampled 10 clients (out of 100)
[2024-06-20 20:20:35,571][flwr][INFO] - aggregate_fit: received 10 results and 0 failures
[2024-06-20 20:20:36,015][flwr][INFO] - fit progress: (8, 983194980864.0, {'accuracy': 0.2385, 'precision': 0.2646269900778897, 'recall': 0.2385, 'f1': 0.2286948852896807, 'confusion_matrix': array([[240,  45, 128,  67,   3, 139, 180, 150,  24,   4],
       [ 18, 350, 126,  14,   4,   2,  14, 352,   5, 250],
       [ 20,  92, 335,  61,   8,  24, 234,  99,  64,  95],
       [ 20, 123,  83, 224,  16,  70, 123, 169,  38, 144],
       [ 30,  28,  68,  74,  12,  60, 250, 316,  46,  98],
       [  9,  85,  80,  97,   5, 193, 120, 165,  57,  81],
       [ 24,  67, 250,  11,   3,   8, 292, 156,  52,  95],
       [  5,  39,  81,  10,  18,  34, 168, 493,  70, 110],
       [  9, 120,  78,  72,  21,  46, 153, 239,  66, 170],
       [ 23,  19,  49,  22,  21,  17, 129, 420, 129, 180]])}, 48.063756500000004)
[2024-06-20 20:20:36,016][flwr][INFO] - configure_evaluate: no clients selected, skipping evaluation
[2024-06-20 20:20:36,016][flwr][INFO] - 
[2024-06-20 20:20:36,016][flwr][INFO] - [ROUND 9]
[2024-06-20 20:20:36,016][flwr][INFO] - configure_fit: strategy sampled 10 clients (out of 100)
[2024-06-20 20:20:41,303][flwr][INFO] - aggregate_fit: received 10 results and 0 failures
[2024-06-20 20:20:41,750][flwr][INFO] - fit progress: (9, 10697147908096.0, {'accuracy': 0.2195, 'precision': 0.2454429206797603, 'recall': 0.2195, 'f1': 0.20199311764233363, 'confusion_matrix': array([[216,  49,  62,  44,   1, 123, 181, 290,  12,   2],
       [ 34, 404,  49,  18,  11,   2,  14, 528,   3,  72],
       [ 28, 120, 274,  54,   9,  22, 249, 190,  57,  29],
       [ 22, 181,  53, 148,  22,  77, 117, 313,  30,  47],
       [ 46,  47,  31,  66,  10,  46, 238, 430,  30,  38],
       [ 11, 142,  38,  65,   9, 164, 158, 249,  33,  23],
       [ 34,  89, 185,   8,   8,   7, 222, 327,  38,  40],
       [ 11,  35,  26,  10,  26,  25, 164, 634,  53,  44],
       [ 16, 148,  55,  47,  17,  45, 178, 371,  57,  40],
       [ 25,  24,  12,  29,  33,  16, 118, 583, 103,  66]])}, 53.799017333)
[2024-06-20 20:20:41,751][flwr][INFO] - configure_evaluate: no clients selected, skipping evaluation
[2024-06-20 20:20:41,751][flwr][INFO] - 
[2024-06-20 20:20:41,751][flwr][INFO] - [ROUND 10]
[2024-06-20 20:20:41,751][flwr][INFO] - configure_fit: strategy sampled 10 clients (out of 100)
[2024-06-20 20:20:47,897][flwr][INFO] - aggregate_fit: received 10 results and 0 failures
[2024-06-20 20:20:48,345][flwr][INFO] - fit progress: (10, 95744684261376.0, {'accuracy': 0.2549, 'precision': 0.271946391311561, 'recall': 0.2549, 'f1': 0.23322139490256924, 'confusion_matrix': array([[252,  77,  46,  80,   9, 119, 229, 163,   4,   1],
       [ 16, 693,  17,  10,  77,   1,  37, 240,   0,  44],
       [ 18, 188, 265,  68,  18,  15, 301, 103,  40,  16],
       [ 23, 196,  51, 239,  56,  65, 163, 173,  19,  25],
       [ 39,  82,  30, 102,  42,  41, 347, 253,  24,  22],
       [ 11, 173,  30,  90,  18, 159, 229, 139,  24,  19],
       [ 45, 131, 111,  16,  50,   4, 394, 162,  24,  21],
       [ 10,  94,  36,  24,  55,   7, 303, 426,  47,  26],
       [ 23, 228,  35,  67,  36,  35, 293, 201,  31,  25],
       [ 50,  35,  22,  59,  54,  10, 282, 370,  79,  48]])}, 60.393338458)
[2024-06-20 20:20:48,345][flwr][INFO] - configure_evaluate: no clients selected, skipping evaluation
[2024-06-20 20:20:48,346][flwr][INFO] - 
[2024-06-20 20:20:48,346][flwr][INFO] - [SUMMARY]
[2024-06-20 20:20:48,346][flwr][INFO] - Run finished 10 round(s) in 60.39s
[2024-06-20 20:20:48,350][flwr][INFO] - 	History (loss, centralized):
[2024-06-20 20:20:48,351][flwr][INFO] - 		round 0: 181.76928067207336
[2024-06-20 20:20:48,351][flwr][INFO] - 		round 1: 270601.28857421875
[2024-06-20 20:20:48,351][flwr][INFO] - 		round 2: 1749955.82421875
[2024-06-20 20:20:48,351][flwr][INFO] - 		round 3: 12739095.9453125
[2024-06-20 20:20:48,351][flwr][INFO] - 		round 4: 115596985.375
[2024-06-20 20:20:48,351][flwr][INFO] - 		round 5: 1084159584.0
[2024-06-20 20:20:48,351][flwr][INFO] - 		round 6: 10449986488.0
[2024-06-20 20:20:48,351][flwr][INFO] - 		round 7: 91699396672.0
[2024-06-20 20:20:48,351][flwr][INFO] - 		round 8: 983194980864.0
[2024-06-20 20:20:48,351][flwr][INFO] - 		round 9: 10697147908096.0
[2024-06-20 20:20:48,351][flwr][INFO] - 		round 10: 95744684261376.0
[2024-06-20 20:20:48,351][flwr][INFO] - 	History (metrics, centralized):
[2024-06-20 20:20:48,351][flwr][INFO] - 	{'accuracy': [(0, 0.1086),
[2024-06-20 20:20:48,351][flwr][INFO] - 	              (1, 0.0842),
[2024-06-20 20:20:48,351][flwr][INFO] - 	              (2, 0.2041),
[2024-06-20 20:20:48,351][flwr][INFO] - 	              (3, 0.2429),
[2024-06-20 20:20:48,351][flwr][INFO] - 	              (4, 0.2773),
[2024-06-20 20:20:48,351][flwr][INFO] - 	              (5, 0.2767),
[2024-06-20 20:20:48,351][flwr][INFO] - 	              (6, 0.2525),
[2024-06-20 20:20:48,351][flwr][INFO] - 	              (7, 0.2768),
[2024-06-20 20:20:48,351][flwr][INFO] - 	              (8, 0.2385),
[2024-06-20 20:20:48,351][flwr][INFO] - 	              (9, 0.2195),
[2024-06-20 20:20:48,351][flwr][INFO] - 	              (10, 0.2549)],
[2024-06-20 20:20:48,351][flwr][INFO] - 	 'confusion_matrix': [(0,
[2024-06-20 20:20:48,351][flwr][INFO] - 	                       array([[   0,    8,    0,  956,    0,    1,    0,   15,    0,    0],
[2024-06-20 20:20:48,351][flwr][INFO] - 	       [   0,  122,    0, 1013,    0,    0,    0,    0,    0,    0],
[2024-06-20 20:20:48,352][flwr][INFO] - 	       [   0,   38,    0,  971,    0,    0,    3,   19,    1,    0],
[2024-06-20 20:20:48,352][flwr][INFO] - 	       [   0,   44,    0,  945,    1,    1,    0,   17,    2,    0],
[2024-06-20 20:20:48,352][flwr][INFO] - 	       [   0,  143,    0,  816,    1,    0,    2,   20,    0,    0],
[2024-06-20 20:20:48,352][flwr][INFO] - 	       [   0,  118,    0,  735,    1,    7,    0,   30,    1,    0],
[2024-06-20 20:20:48,352][flwr][INFO] - 	       [   0,  144,    0,  749,   25,    0,    2,   38,    0,    0],
[2024-06-20 20:20:48,352][flwr][INFO] - 	       [   0,  272,    0,  724,    8,    0,    0,    9,   15,    0],
[2024-06-20 20:20:48,352][flwr][INFO] - 	       [   0,   81,    0,  859,    1,    0,    1,   32,    0,    0],
[2024-06-20 20:20:48,352][flwr][INFO] - 	       [   0,  178,    0,  799,    1,    0,    0,   31,    0,    0]])),
[2024-06-20 20:20:48,352][flwr][INFO] - 	                      (1,
[2024-06-20 20:20:48,352][flwr][INFO] - 	                       array([[ 46, 190, 289,  66,  44,  60, 283,   0,   2,   0],
[2024-06-20 20:20:48,352][flwr][INFO] - 	       [275,  59, 572,  14, 138,   1,  71,   0,   5,   0],
[2024-06-20 20:20:48,352][flwr][INFO] - 	       [ 65, 337, 246,  18,  82,   3, 261,   2,  18,   0],
[2024-06-20 20:20:48,352][flwr][INFO] - 	       [ 46, 152, 474,  33, 148,   5, 147,   0,   4,   1],
[2024-06-20 20:20:48,352][flwr][INFO] - 	       [ 62, 432,  98, 130,  47,   6, 198,   0,   8,   1],
[2024-06-20 20:20:48,352][flwr][INFO] - 	       [ 18, 127, 411,  74,  39,  18, 188,   0,  14,   3],
[2024-06-20 20:20:48,352][flwr][INFO] - 	       [ 26, 204, 292,   7,  26,   9, 384,   0,   5,   5],
[2024-06-20 20:20:48,352][flwr][INFO] - 	       [ 68, 181, 261,  92,  45,  11, 363,   0,   5,   2],
[2024-06-20 20:20:48,352][flwr][INFO] - 	       [104, 174, 333,  91,  46,   3, 216,   0,   7,   0],
[2024-06-20 20:20:48,352][flwr][INFO] - 	       [ 68, 263, 158,  58,  41,   6, 393,   0,  20,   2]])),
[2024-06-20 20:20:48,352][flwr][INFO] - 	                      (2,
[2024-06-20 20:20:48,352][flwr][INFO] - 	                       array([[ 70, 170,  24, 466,   1, 161,  14,  50,  20,   4],
[2024-06-20 20:20:48,352][flwr][INFO] - 	       [ 23, 839,   4,   8,   0,  22,  10, 132,   1,  96],
[2024-06-20 20:20:48,352][flwr][INFO] - 	       [  6, 394,  44, 254,   2, 111,  57,  84,  22,  58],
[2024-06-20 20:20:48,352][flwr][INFO] - 	       [  6, 216,   8, 369,   0, 170,   8, 180,  23,  30],
[2024-06-20 20:20:48,352][flwr][INFO] - 	       [ 28, 207,  27, 175,   0, 227,  19, 222,  34,  43],
[2024-06-20 20:20:48,352][flwr][INFO] - 	       [  9, 159,  15, 282,   0, 197,  12, 155,  24,  39],
[2024-06-20 20:20:48,352][flwr][INFO] - 	       [ 56, 419,  33,  94,   0,  62,  60, 100,  22, 112],
[2024-06-20 20:20:48,352][flwr][INFO] - 	       [ 21, 117,  31,  32,   1, 220,  50, 365, 118,  73],
[2024-06-20 20:20:48,352][flwr][INFO] - 	       [ 26, 310,  30, 233,   0,  87,  50, 161,  43,  34],
[2024-06-20 20:20:48,352][flwr][INFO] - 	       [ 56, 102,  10,  88,   0, 143,  36, 366, 154,  54]])),
[2024-06-20 20:20:48,352][flwr][INFO] - 	                      (3,
[2024-06-20 20:20:48,352][flwr][INFO] - 	                       array([[168,  69, 137,  78,   4, 125, 250,  24, 121,   4],
[2024-06-20 20:20:48,352][flwr][INFO] - 	       [ 21, 599,  67,   1,   0,   2,  44, 100,   7, 294],
[2024-06-20 20:20:48,352][flwr][INFO] - 	       [  4, 120, 302,  28,   7,  39, 292,  45, 124,  71],
[2024-06-20 20:20:48,352][flwr][INFO] - 	       [ 18, 126, 106, 151,   6, 141, 173, 104, 127,  58],
[2024-06-20 20:20:48,352][flwr][INFO] - 	       [ 19, 110, 121,  17,   2,  67, 232, 173, 135, 106],
[2024-06-20 20:20:48,352][flwr][INFO] - 	       [  8,  59,  97,  67,   1, 158, 173,  97, 135,  97],
[2024-06-20 20:20:48,352][flwr][INFO] - 	       [ 22, 108, 209,  10,   3,   8, 393,  42,  85,  78],
[2024-06-20 20:20:48,352][flwr][INFO] - 	       [  7,  52,  78,   3,   8,  64, 138, 320, 212, 146],
[2024-06-20 20:20:48,352][flwr][INFO] - 	       [ 20,  99, 101,  37,   3,  29, 317, 102, 147, 119],
[2024-06-20 20:20:48,352][flwr][INFO] - 	       [ 43,  39,  78,   1,   3,  27, 128, 220, 281, 189]])),
[2024-06-20 20:20:48,353][flwr][INFO] - 	                      (4,
[2024-06-20 20:20:48,353][flwr][INFO] - 	                       array([[202,  80, 110,  64,   5, 161, 232,  28,  97,   1],
[2024-06-20 20:20:48,353][flwr][INFO] - 	       [ 14, 765,  68,   5,   0,   4,  47, 120,  10, 102],
[2024-06-20 20:20:48,353][flwr][INFO] - 	       [ 17, 138, 352,  23,   5,  43, 277,  61,  87,  29],
[2024-06-20 20:20:48,353][flwr][INFO] - 	       [ 23, 132,  80, 184,   6, 207, 136, 127,  79,  36],
[2024-06-20 20:20:48,353][flwr][INFO] - 	       [ 24, 111, 117,  19,   6,  98, 237, 235,  87,  48],
[2024-06-20 20:20:48,353][flwr][INFO] - 	       [  9,  74,  86,  56,   3, 243, 169, 107, 106,  39],
[2024-06-20 20:20:48,353][flwr][INFO] - 	       [ 31, 127, 164,   7,   4,  15, 386,  99,  94,  31],
[2024-06-20 20:20:48,353][flwr][INFO] - 	       [ 10,  59,  72,   3,  16,  90, 143, 389, 159,  87],
[2024-06-20 20:20:48,353][flwr][INFO] - 	       [ 27, 103,  92,  35,   6,  69, 321, 128, 128,  65],
[2024-06-20 20:20:48,353][flwr][INFO] - 	       [ 45,  54,  82,   1,   9,  69, 112, 306, 213, 118]])),
[2024-06-20 20:20:48,353][flwr][INFO] - 	                      (5,
[2024-06-20 20:20:48,353][flwr][INFO] - 	                       array([[279,  30,  84,  63,   9, 146, 222,  52,  92,   3],
[2024-06-20 20:20:48,353][flwr][INFO] - 	       [ 37, 621,  45,   8,   0,   0,  59, 168,  22, 175],
[2024-06-20 20:20:48,353][flwr][INFO] - 	       [ 21,  73, 297,  25,   4,  39, 315,  91, 129,  38],
[2024-06-20 20:20:48,353][flwr][INFO] - 	       [ 35,  91,  54, 172,   9, 156, 207, 127,  95,  64],
[2024-06-20 20:20:48,353][flwr][INFO] - 	       [ 29,  79,  93,  25,   5,  69, 238, 269, 107,  68],
[2024-06-20 20:20:48,353][flwr][INFO] - 	       [ 14,  53,  76,  57,   3, 221, 165, 125, 111,  67],
[2024-06-20 20:20:48,353][flwr][INFO] - 	       [ 35, 102, 132,   5,   2,  14, 416, 115,  90,  47],
[2024-06-20 20:20:48,353][flwr][INFO] - 	       [ 13,  41,  49,   5,   7,  68, 116, 421, 185, 123],
[2024-06-20 20:20:48,353][flwr][INFO] - 	       [ 32,  65,  65,  39,   9,  57, 319, 134, 147, 107],
[2024-06-20 20:20:48,353][flwr][INFO] - 	       [ 47,  31,  47,   4,   7,  30,  98, 347, 210, 188]])),
[2024-06-20 20:20:48,353][flwr][INFO] - 	                      (6,
[2024-06-20 20:20:48,353][flwr][INFO] - 	                       array([[274,  21, 107,  75,   7, 128, 189, 101,  77,   1],
[2024-06-20 20:20:48,353][flwr][INFO] - 	       [ 24, 418,  92,   9,   0,   1,  42, 364,  18, 167],
[2024-06-20 20:20:48,353][flwr][INFO] - 	       [ 11,  60, 368,  37,   3,  23, 220, 128, 140,  42],
[2024-06-20 20:20:48,353][flwr][INFO] - 	       [ 28,  77,  95, 204,   3,  85, 165, 182,  94,  77],
[2024-06-20 20:20:48,353][flwr][INFO] - 	       [  7,  72,  97,  40,   8,  35, 192, 360, 117,  54],
[2024-06-20 20:20:48,353][flwr][INFO] - 	       [ 10,  50,  85,  88,   5, 179, 145, 150, 127,  53],
[2024-06-20 20:20:48,353][flwr][INFO] - 	       [ 23,  80, 203,   6,   3,   6, 265, 193, 134,  45],
[2024-06-20 20:20:48,353][flwr][INFO] - 	       [  8,  23,  59,   8,  11,  27,  94, 527, 183,  88],
[2024-06-20 20:20:48,353][flwr][INFO] - 	       [ 15,  84,  99,  65,  11,  31, 239, 195, 145,  90],
[2024-06-20 20:20:48,353][flwr][INFO] - 	       [ 25,  21,  54,   7,   7,  12,  95, 392, 259, 137]])),
[2024-06-20 20:20:48,353][flwr][INFO] - 	                      (7,
[2024-06-20 20:20:48,353][flwr][INFO] - 	                       array([[307,  35,  92, 103,   9, 121, 138, 107,  64,   4],
[2024-06-20 20:20:48,353][flwr][INFO] - 	       [ 16, 603,  63,   4,   8,   2,  11, 283,   7, 138],
[2024-06-20 20:20:48,353][flwr][INFO] - 	       [ 20, 100, 326,  59,  12,  27, 181, 109, 138,  60],
[2024-06-20 20:20:48,353][flwr][INFO] - 	       [ 29, 117,  80, 249,  23,  60, 116, 167,  70,  99],
[2024-06-20 20:20:48,353][flwr][INFO] - 	       [ 18,  58,  58,  65,  22,  50, 201, 317, 106,  87],
[2024-06-20 20:20:48,353][flwr][INFO] - 	       [ 12,  84,  65, 124,  10, 168, 113, 155,  85,  76],
[2024-06-20 20:20:48,353][flwr][INFO] - 	       [ 26,  80, 164,   8,  17,   7, 273, 166, 142,  75],
[2024-06-20 20:20:48,353][flwr][INFO] - 	       [  7,  45,  64,   7,  27,  24,  99, 510, 141, 104],
[2024-06-20 20:20:48,353][flwr][INFO] - 	       [ 16, 146,  89,  75,  20,  38, 130, 215, 116, 129],
[2024-06-20 20:20:48,354][flwr][INFO] - 	       [ 30,  24,  33,  13,  29,  12,  97, 376, 201, 194]])),
[2024-06-20 20:20:48,354][flwr][INFO] - 	                      (8,
[2024-06-20 20:20:48,354][flwr][INFO] - 	                       array([[240,  45, 128,  67,   3, 139, 180, 150,  24,   4],
[2024-06-20 20:20:48,354][flwr][INFO] - 	       [ 18, 350, 126,  14,   4,   2,  14, 352,   5, 250],
[2024-06-20 20:20:48,354][flwr][INFO] - 	       [ 20,  92, 335,  61,   8,  24, 234,  99,  64,  95],
[2024-06-20 20:20:48,354][flwr][INFO] - 	       [ 20, 123,  83, 224,  16,  70, 123, 169,  38, 144],
[2024-06-20 20:20:48,354][flwr][INFO] - 	       [ 30,  28,  68,  74,  12,  60, 250, 316,  46,  98],
[2024-06-20 20:20:48,354][flwr][INFO] - 	       [  9,  85,  80,  97,   5, 193, 120, 165,  57,  81],
[2024-06-20 20:20:48,354][flwr][INFO] - 	       [ 24,  67, 250,  11,   3,   8, 292, 156,  52,  95],
[2024-06-20 20:20:48,354][flwr][INFO] - 	       [  5,  39,  81,  10,  18,  34, 168, 493,  70, 110],
[2024-06-20 20:20:48,354][flwr][INFO] - 	       [  9, 120,  78,  72,  21,  46, 153, 239,  66, 170],
[2024-06-20 20:20:48,354][flwr][INFO] - 	       [ 23,  19,  49,  22,  21,  17, 129, 420, 129, 180]])),
[2024-06-20 20:20:48,354][flwr][INFO] - 	                      (9,
[2024-06-20 20:20:48,354][flwr][INFO] - 	                       array([[216,  49,  62,  44,   1, 123, 181, 290,  12,   2],
[2024-06-20 20:20:48,354][flwr][INFO] - 	       [ 34, 404,  49,  18,  11,   2,  14, 528,   3,  72],
[2024-06-20 20:20:48,354][flwr][INFO] - 	       [ 28, 120, 274,  54,   9,  22, 249, 190,  57,  29],
[2024-06-20 20:20:48,354][flwr][INFO] - 	       [ 22, 181,  53, 148,  22,  77, 117, 313,  30,  47],
[2024-06-20 20:20:48,354][flwr][INFO] - 	       [ 46,  47,  31,  66,  10,  46, 238, 430,  30,  38],
[2024-06-20 20:20:48,354][flwr][INFO] - 	       [ 11, 142,  38,  65,   9, 164, 158, 249,  33,  23],
[2024-06-20 20:20:48,354][flwr][INFO] - 	       [ 34,  89, 185,   8,   8,   7, 222, 327,  38,  40],
[2024-06-20 20:20:48,354][flwr][INFO] - 	       [ 11,  35,  26,  10,  26,  25, 164, 634,  53,  44],
[2024-06-20 20:20:48,354][flwr][INFO] - 	       [ 16, 148,  55,  47,  17,  45, 178, 371,  57,  40],
[2024-06-20 20:20:48,354][flwr][INFO] - 	       [ 25,  24,  12,  29,  33,  16, 118, 583, 103,  66]])),
[2024-06-20 20:20:48,354][flwr][INFO] - 	                      (10,
[2024-06-20 20:20:48,354][flwr][INFO] - 	                       array([[252,  77,  46,  80,   9, 119, 229, 163,   4,   1],
[2024-06-20 20:20:48,354][flwr][INFO] - 	       [ 16, 693,  17,  10,  77,   1,  37, 240,   0,  44],
[2024-06-20 20:20:48,354][flwr][INFO] - 	       [ 18, 188, 265,  68,  18,  15, 301, 103,  40,  16],
[2024-06-20 20:20:48,354][flwr][INFO] - 	       [ 23, 196,  51, 239,  56,  65, 163, 173,  19,  25],
[2024-06-20 20:20:48,354][flwr][INFO] - 	       [ 39,  82,  30, 102,  42,  41, 347, 253,  24,  22],
[2024-06-20 20:20:48,354][flwr][INFO] - 	       [ 11, 173,  30,  90,  18, 159, 229, 139,  24,  19],
[2024-06-20 20:20:48,354][flwr][INFO] - 	       [ 45, 131, 111,  16,  50,   4, 394, 162,  24,  21],
[2024-06-20 20:20:48,354][flwr][INFO] - 	       [ 10,  94,  36,  24,  55,   7, 303, 426,  47,  26],
[2024-06-20 20:20:48,354][flwr][INFO] - 	       [ 23, 228,  35,  67,  36,  35, 293, 201,  31,  25],
[2024-06-20 20:20:48,354][flwr][INFO] - 	       [ 50,  35,  22,  59,  54,  10, 282, 370,  79,  48]]))],
[2024-06-20 20:20:48,354][flwr][INFO] - 	 'f1': [(0, 0.03553137346181725),
[2024-06-20 20:20:48,354][flwr][INFO] - 	        (1, 0.05734956044994062),
[2024-06-20 20:20:48,354][flwr][INFO] - 	        (2, 0.15311394125076996),
[2024-06-20 20:20:48,354][flwr][INFO] - 	        (3, 0.2294877898700368),
[2024-06-20 20:20:48,354][flwr][INFO] - 	        (4, 0.2562631486875313),
[2024-06-20 20:20:48,354][flwr][INFO] - 	        (5, 0.2655750242107111),
[2024-06-20 20:20:48,354][flwr][INFO] - 	        (6, 0.24605065788786357),
[2024-06-20 20:20:48,354][flwr][INFO] - 	        (7, 0.26856440787552777),
[2024-06-20 20:20:48,355][flwr][INFO] - 	        (8, 0.2286948852896807),
[2024-06-20 20:20:48,355][flwr][INFO] - 	        (9, 0.20199311764233363),
[2024-06-20 20:20:48,355][flwr][INFO] - 	        (10, 0.23322139490256924)],
[2024-06-20 20:20:48,355][flwr][INFO] - 	 'precision': [(0, 0.12349967530374152),
[2024-06-20 20:20:48,355][flwr][INFO] - 	               (1, 0.07982183029283915),
[2024-06-20 20:20:48,355][flwr][INFO] - 	               (2, 0.16450934210874513),
[2024-06-20 20:20:48,355][flwr][INFO] - 	               (3, 0.2598728797026646),
[2024-06-20 20:20:48,355][flwr][INFO] - 	               (4, 0.2862414481497398),
[2024-06-20 20:20:48,355][flwr][INFO] - 	               (5, 0.29459684794854885),
[2024-06-20 20:20:48,355][flwr][INFO] - 	               (6, 0.293352156918384),
[2024-06-20 20:20:48,355][flwr][INFO] - 	               (7, 0.29714364855627357),
[2024-06-20 20:20:48,355][flwr][INFO] - 	               (8, 0.2646269900778897),
[2024-06-20 20:20:48,355][flwr][INFO] - 	               (9, 0.2454429206797603),
[2024-06-20 20:20:48,355][flwr][INFO] - 	               (10, 0.271946391311561)],
[2024-06-20 20:20:48,355][flwr][INFO] - 	 'recall': [(0, 0.1086),
[2024-06-20 20:20:48,355][flwr][INFO] - 	            (1, 0.0842),
[2024-06-20 20:20:48,355][flwr][INFO] - 	            (2, 0.2041),
[2024-06-20 20:20:48,355][flwr][INFO] - 	            (3, 0.2429),
[2024-06-20 20:20:48,355][flwr][INFO] - 	            (4, 0.2773),
[2024-06-20 20:20:48,355][flwr][INFO] - 	            (5, 0.2767),
[2024-06-20 20:20:48,355][flwr][INFO] - 	            (6, 0.2525),
[2024-06-20 20:20:48,355][flwr][INFO] - 	            (7, 0.2768),
[2024-06-20 20:20:48,355][flwr][INFO] - 	            (8, 0.2385),
[2024-06-20 20:20:48,355][flwr][INFO] - 	            (9, 0.2195),
[2024-06-20 20:20:48,355][flwr][INFO] - 	            (10, 0.2549)]}
[2024-06-20 20:20:48,355][flwr][INFO] - 
