[2024-06-20 19:52:49,202][flwr][INFO] - Starting Flower simulation, config: num_rounds=10, no round_timeout
[2024-06-20 19:52:50,291][flwr][INFO] - Flower VCE: Ray initialized with resources: {'node:127.0.0.1': 1.0, 'CPU': 12.0, 'node:__internal_head__': 1.0, 'object_store_memory': 2147483648.0, 'memory': 9028575232.0}
[2024-06-20 19:52:50,291][flwr][INFO] - Optimize your simulation with Flower VCE: https://flower.ai/docs/framework/how-to-run-simulations.html
[2024-06-20 19:52:50,291][flwr][INFO] - Flower VCE: Resources for each Virtual Client: {'num_cpus': 2, 'num_gpus': 0}
[2024-06-20 19:52:50,298][flwr][INFO] - Flower VCE: Creating VirtualClientEngineActorPool with 6 actors
[2024-06-20 19:52:50,298][flwr][INFO] - [INIT]
[2024-06-20 19:52:50,298][flwr][INFO] - Requesting initial parameters from one random client
[2024-06-20 19:52:52,228][flwr][INFO] - Received initial parameters from one random client
[2024-06-20 19:52:52,228][flwr][INFO] - Evaluating initial global parameters
[2024-06-20 19:52:52,658][flwr][INFO] - initial parameters (loss, other metrics): 181.76928067207336, {'accuracy': 0.1086, 'precision': 0.12349967530374152, 'recall': 0.1086, 'f1': 0.03553137346181725, 'confusion_matrix': array([[   0,    8,    0,  956,    0,    1,    0,   15,    0,    0],
       [   0,  122,    0, 1013,    0,    0,    0,    0,    0,    0],
       [   0,   38,    0,  971,    0,    0,    3,   19,    1,    0],
       [   0,   44,    0,  945,    1,    1,    0,   17,    2,    0],
       [   0,  143,    0,  816,    1,    0,    2,   20,    0,    0],
       [   0,  118,    0,  735,    1,    7,    0,   30,    1,    0],
       [   0,  144,    0,  749,   25,    0,    2,   38,    0,    0],
       [   0,  272,    0,  724,    8,    0,    0,    9,   15,    0],
       [   0,   81,    0,  859,    1,    0,    1,   32,    0,    0],
       [   0,  178,    0,  799,    1,    0,    0,   31,    0,    0]])}
[2024-06-20 19:52:52,658][flwr][INFO] - 
[2024-06-20 19:52:52,658][flwr][INFO] - [ROUND 1]
[2024-06-20 19:52:52,659][flwr][INFO] - configure_fit: strategy sampled 10 clients (out of 100)
[2024-06-20 19:52:59,626][flwr][INFO] - aggregate_fit: received 10 results and 0 failures
[2024-06-20 19:52:59,638][flwr][WARNING] - No fit_metrics_aggregation_fn provided
[2024-06-20 19:53:00,082][flwr][INFO] - fit progress: (1, 193868.9493408203, {'accuracy': 0.0958, 'precision': 0.06506374525029086, 'recall': 0.0958, 'f1': 0.05830107055527367, 'confusion_matrix': array([[ 34, 103,  26,   7,   9,  74, 715,   1,   1,  10],
       [517, 177, 257,  11,  32,   4, 132,   0,   5,   0],
       [ 71, 308,  99,  31,   5,   7, 501,   0,   3,   7],
       [ 48, 127, 296,  74,  35,  12, 375,   0,   5,  38],
       [119, 269,  21, 165,   2,  18, 370,   0,   7,  11],
       [ 50, 126, 108, 120,   7,  18, 396,   0,  17,  50],
       [ 32, 220,  83,  33,   6,   9, 544,   0,  17,  14],
       [ 56, 166,  31, 408,  13,  13, 328,   0,   1,  12],
       [ 91, 114,  90,  93,   6,   4, 562,   0,   6,   8],
       [ 95, 229,  17, 151,   1,  17, 493,   0,   2,   4]])}, 7.424483583000001)
[2024-06-20 19:53:00,083][flwr][INFO] - configure_evaluate: no clients selected, skipping evaluation
[2024-06-20 19:53:00,083][flwr][INFO] - 
[2024-06-20 19:53:00,083][flwr][INFO] - [ROUND 2]
[2024-06-20 19:53:00,084][flwr][INFO] - configure_fit: strategy sampled 10 clients (out of 100)
[2024-06-20 19:53:05,425][flwr][INFO] - aggregate_fit: received 10 results and 0 failures
[2024-06-20 19:53:05,878][flwr][INFO] - fit progress: (2, 765845.8022460938, {'accuracy': 0.2377, 'precision': 0.20383808463790146, 'recall': 0.2377, 'f1': 0.18981673506322827, 'confusion_matrix': array([[128, 179, 293, 151,   1,  81,  40, 104,   0,   3],
       [  0, 934,  50,  35,   2,  11,   4,  66,   6,  27],
       [ 15, 359, 113, 278,  10,  15, 162,  26,   2,  52],
       [  1, 205, 137, 459,   2, 112,  11,  60,  16,   7],
       [ 94, 314,  75, 149,   4,  56,  63,  81,  48,  98],
       [  7, 149,  85, 271,   4, 193,  21, 147,   2,  13],
       [ 59, 219,  36, 200,   4,  39, 258,  11,  12, 120],
       [ 33, 412,  77,  82,   3,  77,  72, 187,   7,  78],
       [ 16, 354,  97, 285,   2,  36,  92,  68,   6,  18],
       [111, 391,  64,  87,  10,  56, 110,  82,   3,  95]])}, 13.220827583)
[2024-06-20 19:53:05,879][flwr][INFO] - configure_evaluate: no clients selected, skipping evaluation
[2024-06-20 19:53:05,879][flwr][INFO] - 
[2024-06-20 19:53:05,879][flwr][INFO] - [ROUND 3]
[2024-06-20 19:53:05,879][flwr][INFO] - configure_fit: strategy sampled 10 clients (out of 100)
[2024-06-20 19:53:11,000][flwr][INFO] - aggregate_fit: received 10 results and 0 failures
[2024-06-20 19:53:11,447][flwr][INFO] - fit progress: (3, 4861667.70703125, {'accuracy': 0.242, 'precision': 0.25060357280775564, 'recall': 0.242, 'f1': 0.20333520152999507, 'confusion_matrix': array([[126,  92,  88, 106,  35,  30,  50, 447,   1,   5],
       [  0, 472,  21,  26,  33,   6,   1, 449,   1, 126],
       [ 23, 136,  90, 156, 136,   4, 169, 194,   6, 118],
       [  7,  88,  31, 468,  19,  26,  23, 297,  29,  22],
       [ 47,  19,  21, 126,  17,  12,  53, 450,  64, 173],
       [  6,  53,   8, 221,  31,  34,  23, 437,  12,  67],
       [ 32,  40,  31, 145,  58,   4, 243, 210,   5, 190],
       [  5,  21,  10,  37,  21,   4,  10, 824,  41,  55],
       [  9, 127,  31, 160,  32,   4,  70, 458,  17,  66],
       [ 55,  15,  14,  51,  24,  15,  19, 652,  35, 129]])}, 18.789567083)
[2024-06-20 19:53:11,447][flwr][INFO] - configure_evaluate: no clients selected, skipping evaluation
[2024-06-20 19:53:11,448][flwr][INFO] - 
[2024-06-20 19:53:11,448][flwr][INFO] - [ROUND 4]
[2024-06-20 19:53:11,448][flwr][INFO] - configure_fit: strategy sampled 10 clients (out of 100)
[2024-06-20 19:53:16,690][flwr][INFO] - aggregate_fit: received 10 results and 0 failures
[2024-06-20 19:53:17,159][flwr][INFO] - fit progress: (4, 23465710.46875, {'accuracy': 0.3029, 'precision': 0.296861775725643, 'recall': 0.3029, 'f1': 0.28272126633403694, 'confusion_matrix': array([[202,  93, 267, 151,  40,  78,  41,  96,   3,   9],
       [  0, 653,  69,  54,  71,   8,   0, 152,  32,  96],
       [ 44,  98, 279, 197,  75,  11, 138,  78,  18,  94],
       [ 14, 108,  79, 581,  10,  33,  12,  53,  84,  36],
       [ 54,  17,  71, 178,  32,  30,  60, 152, 197, 191],
       [ 12,  56,  41, 390,  40,  90,  23, 111,  36,  93],
       [ 47,  33,  89, 221,  33,  10, 275,  99,  30, 121],
       [  9,  33,  72,  98,  29,  32,  16, 485, 117, 137],
       [ 14, 152,  85, 257,  41,  14,  70, 121, 119, 101],
       [ 83,  26,  83, 104,  34,  30,  35, 175, 126, 313]])}, 24.50173375)
[2024-06-20 19:53:17,159][flwr][INFO] - configure_evaluate: no clients selected, skipping evaluation
[2024-06-20 19:53:17,159][flwr][INFO] - 
[2024-06-20 19:53:17,160][flwr][INFO] - [ROUND 5]
[2024-06-20 19:53:17,160][flwr][INFO] - configure_fit: strategy sampled 10 clients (out of 100)
[2024-06-20 19:53:22,549][flwr][INFO] - aggregate_fit: received 10 results and 0 failures
[2024-06-20 19:53:23,006][flwr][INFO] - fit progress: (5, 154014652.0, {'accuracy': 0.3128, 'precision': 0.30774212106055987, 'recall': 0.3128, 'f1': 0.295725177820483, 'confusion_matrix': array([[207, 135, 258, 139,  25,  81,  40,  89,   3,   3],
       [  3, 768, 108,  31,  45,  11,   0,  93,  42,  34],
       [ 60, 109, 344, 161,  53,  17, 131,  77,  28,  52],
       [ 15, 116,  97, 513,  14,  72,  15,  43, 103,  22],
       [ 62,  20, 136, 207,  56,  52,  47, 123, 149, 130],
       [ 20,  76,  69, 319,  41, 154,  19,  92,  54,  48],
       [ 58,  29, 132, 236,  24,  11, 259, 102,  22,  85],
       [ 25,  38, 110, 105,  29,  73,  12, 433, 114,  89],
       [ 20, 165, 105, 203,  46,  34,  58, 108, 163,  72],
       [108,  31, 157, 111,  41,  56,  24, 158,  92, 231]])}, 30.348865083)
[2024-06-20 19:53:23,006][flwr][INFO] - configure_evaluate: no clients selected, skipping evaluation
[2024-06-20 19:53:23,006][flwr][INFO] - 
[2024-06-20 19:53:23,006][flwr][INFO] - [ROUND 6]
[2024-06-20 19:53:23,007][flwr][INFO] - configure_fit: strategy sampled 10 clients (out of 100)
[2024-06-20 19:53:28,389][flwr][INFO] - aggregate_fit: received 10 results and 0 failures
[2024-06-20 19:53:28,845][flwr][INFO] - fit progress: (6, 1031221416.5, {'accuracy': 0.3149, 'precision': 0.3178960649019351, 'recall': 0.3149, 'f1': 0.3063490939851457, 'confusion_matrix': array([[223, 114, 245, 153,  49,  72,  61,  50,   7,   6],
       [  4, 736, 100,  39,  67,  15,   0,  91,  34,  49],
       [ 52, 100, 324, 175,  66,  27, 171,  53,  33,  31],
       [ 17,  89,  88, 472,  20, 134,  26,  22, 123,  19],
       [ 45,  19, 117, 214,  99,  63,  53, 111, 143, 118],
       [ 15,  83,  42, 314,  54, 197,  27,  56,  55,  49],
       [ 50,  22,  97, 242,  23,  18, 333,  89,  27,  57],
       [ 30,  45,  97,  99,  43, 128,  26, 326, 114, 120],
       [ 18, 170,  83, 213,  72,  45,  83,  75, 168,  47],
       [ 86,  49, 136, 112,  79,  71,  38,  84,  83, 271]])}, 36.188315249999995)
[2024-06-20 19:53:28,846][flwr][INFO] - configure_evaluate: no clients selected, skipping evaluation
[2024-06-20 19:53:28,846][flwr][INFO] - 
[2024-06-20 19:53:28,846][flwr][INFO] - [ROUND 7]
[2024-06-20 19:53:28,846][flwr][INFO] - configure_fit: strategy sampled 10 clients (out of 100)
[2024-06-20 19:53:34,333][flwr][INFO] - aggregate_fit: received 10 results and 0 failures
[2024-06-20 19:53:34,785][flwr][INFO] - fit progress: (7, 6978242572.0, {'accuracy': 0.3121, 'precision': 0.3193316700680368, 'recall': 0.3121, 'f1': 0.30580056698835034, 'confusion_matrix': array([[245, 123, 269, 135,  44,  70,  55,  30,   4,   5],
       [  4, 674, 150,  43, 109,  13,   0,  68,  30,  44],
       [ 74,  73, 361, 152,  78,  24, 169,  45,  25,  31],
       [ 19,  87, 115, 469,  28, 125,  27,  15, 111,  14],
       [ 55,  18, 185, 162, 119,  59,  57,  91, 140,  96],
       [ 15,  97,  58, 296,  55, 199,  29,  51,  44,  48],
       [ 49,  14, 122, 248,  31,  13, 304,  85,  22,  70],
       [ 33,  39, 123,  82,  52, 132,  26, 379,  81,  81],
       [ 24, 162, 104, 193,  87,  48,  98,  53, 158,  47],
       [ 97,  44, 197, 106, 100,  64,  42,  83,  63, 213]])}, 42.128976957999996)
[2024-06-20 19:53:34,786][flwr][INFO] - configure_evaluate: no clients selected, skipping evaluation
[2024-06-20 19:53:34,786][flwr][INFO] - 
[2024-06-20 19:53:34,786][flwr][INFO] - [ROUND 8]
[2024-06-20 19:53:34,786][flwr][INFO] - configure_fit: strategy sampled 10 clients (out of 100)
[2024-06-20 19:53:40,169][flwr][INFO] - aggregate_fit: received 10 results and 0 failures
[2024-06-20 19:53:40,619][flwr][INFO] - fit progress: (8, 50357254144.0, {'accuracy': 0.3105, 'precision': 0.32224040358008016, 'recall': 0.3105, 'f1': 0.29643545544518896, 'confusion_matrix': array([[238, 109, 255, 161,  33,  91,  53,  35,   3,   2],
       [  4, 721, 177,  63,  40,  11,   0,  77,  16,  26],
       [ 58,  74, 364, 204,  82,  26, 136,  47,  16,  25],
       [ 16,  81,  79, 576,  26, 106,  18,  21,  75,  12],
       [ 27,  17, 204, 228, 104,  76,  47,  94, 108,  77],
       [ 14,  86,  56, 336,  68, 176,  21,  63,  28,  44],
       [ 37,  21, 149, 306,  32,  14, 241,  88,   8,  62],
       [ 20,  51, 130, 114,  28, 128,  17, 419,  55,  66],
       [ 18, 173,  90, 273,  94,  54,  69,  71,  96,  36],
       [ 64,  52, 234, 151,  91,  62,  35, 100,  50, 170]])}, 47.96269025)
[2024-06-20 19:53:40,620][flwr][INFO] - configure_evaluate: no clients selected, skipping evaluation
[2024-06-20 19:53:40,620][flwr][INFO] - 
[2024-06-20 19:53:40,620][flwr][INFO] - [ROUND 9]
[2024-06-20 19:53:40,620][flwr][INFO] - configure_fit: strategy sampled 10 clients (out of 100)
[2024-06-20 19:53:46,591][flwr][INFO] - aggregate_fit: received 10 results and 0 failures
[2024-06-20 19:53:47,051][flwr][INFO] - fit progress: (9, 360281961472.0, {'accuracy': 0.3124, 'precision': 0.32009705254897947, 'recall': 0.3124, 'f1': 0.2915459761795151, 'confusion_matrix': array([[251, 157, 245, 133,  31,  84,  46,  27,   3,   3],
       [  2, 781, 167,  48,  15,  11,   0,  60,  14,  37],
       [ 49, 136, 437, 146,  51,  26,  90,  58,  14,  25],
       [  7, 170,  94, 481,  28, 113,  13,  21,  67,  16],
       [ 26,  29, 244, 203,  76,  83,  29,  95, 111,  86],
       [ 17, 180,  72, 209,  80, 199,  16,  56,  29,  34],
       [ 36,  42, 159, 271,  31,  20, 200, 123,  19,  57],
       [ 17,  85, 153,  73,  31, 116,  10, 435,  48,  60],
       [ 20, 303, 120, 180,  83,  49,  43,  72,  73,  31],
       [ 53,  70, 279, 109,  63,  77,  22, 101,  44, 191]])}, 54.394738624999995)
[2024-06-20 19:53:47,051][flwr][INFO] - configure_evaluate: no clients selected, skipping evaluation
[2024-06-20 19:53:47,051][flwr][INFO] - 
[2024-06-20 19:53:47,051][flwr][INFO] - [ROUND 10]
[2024-06-20 19:53:47,052][flwr][INFO] - configure_fit: strategy sampled 10 clients (out of 100)
[2024-06-20 19:53:52,214][flwr][INFO] - aggregate_fit: received 10 results and 0 failures
[2024-06-20 19:53:52,663][flwr][INFO] - fit progress: (10, 2502103760896.0, {'accuracy': 0.3227, 'precision': 0.326087448615867, 'recall': 0.3227, 'f1': 0.2970910136149954, 'confusion_matrix': array([[263, 176, 209, 134,  35,  69,  49,  39,   4,   2],
       [  5, 829, 125,  43,  29,  11,   0,  54,  23,  16],
       [ 45, 157, 404, 151,  56,  23,  94,  67,  19,  16],
       [ 14, 182,  90, 484,  32,  82,  10,  26,  76,  14],
       [ 33,  37, 174, 221,  96,  57,  31, 154, 122,  57],
       [ 19, 206,  65, 200,  85, 173,  16,  74,  31,  23],
       [ 37,  50, 120, 265,  35,  15, 217, 152,  28,  39],
       [ 20,  78, 125,  73,  39,  83,   7, 532,  41,  30],
       [ 20, 288,  99, 168,  95,  38,  40, 106,  99,  21],
       [ 75,  85, 182, 125,  75,  62,  27, 196,  52, 130]])}, 60.007234041000004)
[2024-06-20 19:53:52,664][flwr][INFO] - configure_evaluate: no clients selected, skipping evaluation
[2024-06-20 19:53:52,664][flwr][INFO] - 
[2024-06-20 19:53:52,664][flwr][INFO] - [SUMMARY]
[2024-06-20 19:53:52,664][flwr][INFO] - Run finished 10 round(s) in 60.01s
[2024-06-20 19:53:52,669][flwr][INFO] - 	History (loss, centralized):
[2024-06-20 19:53:52,670][flwr][INFO] - 		round 0: 181.76928067207336
[2024-06-20 19:53:52,670][flwr][INFO] - 		round 1: 193868.9493408203
[2024-06-20 19:53:52,670][flwr][INFO] - 		round 2: 765845.8022460938
[2024-06-20 19:53:52,670][flwr][INFO] - 		round 3: 4861667.70703125
[2024-06-20 19:53:52,670][flwr][INFO] - 		round 4: 23465710.46875
[2024-06-20 19:53:52,670][flwr][INFO] - 		round 5: 154014652.0
[2024-06-20 19:53:52,670][flwr][INFO] - 		round 6: 1031221416.5
[2024-06-20 19:53:52,670][flwr][INFO] - 		round 7: 6978242572.0
[2024-06-20 19:53:52,670][flwr][INFO] - 		round 8: 50357254144.0
[2024-06-20 19:53:52,670][flwr][INFO] - 		round 9: 360281961472.0
[2024-06-20 19:53:52,670][flwr][INFO] - 		round 10: 2502103760896.0
[2024-06-20 19:53:52,670][flwr][INFO] - 	History (metrics, centralized):
[2024-06-20 19:53:52,670][flwr][INFO] - 	{'accuracy': [(0, 0.1086),
[2024-06-20 19:53:52,670][flwr][INFO] - 	              (1, 0.0958),
[2024-06-20 19:53:52,670][flwr][INFO] - 	              (2, 0.2377),
[2024-06-20 19:53:52,670][flwr][INFO] - 	              (3, 0.242),
[2024-06-20 19:53:52,670][flwr][INFO] - 	              (4, 0.3029),
[2024-06-20 19:53:52,670][flwr][INFO] - 	              (5, 0.3128),
[2024-06-20 19:53:52,670][flwr][INFO] - 	              (6, 0.3149),
[2024-06-20 19:53:52,670][flwr][INFO] - 	              (7, 0.3121),
[2024-06-20 19:53:52,670][flwr][INFO] - 	              (8, 0.3105),
[2024-06-20 19:53:52,670][flwr][INFO] - 	              (9, 0.3124),
[2024-06-20 19:53:52,670][flwr][INFO] - 	              (10, 0.3227)],
[2024-06-20 19:53:52,670][flwr][INFO] - 	 'confusion_matrix': [(0,
[2024-06-20 19:53:52,670][flwr][INFO] - 	                       array([[   0,    8,    0,  956,    0,    1,    0,   15,    0,    0],
[2024-06-20 19:53:52,670][flwr][INFO] - 	       [   0,  122,    0, 1013,    0,    0,    0,    0,    0,    0],
[2024-06-20 19:53:52,670][flwr][INFO] - 	       [   0,   38,    0,  971,    0,    0,    3,   19,    1,    0],
[2024-06-20 19:53:52,670][flwr][INFO] - 	       [   0,   44,    0,  945,    1,    1,    0,   17,    2,    0],
[2024-06-20 19:53:52,670][flwr][INFO] - 	       [   0,  143,    0,  816,    1,    0,    2,   20,    0,    0],
[2024-06-20 19:53:52,670][flwr][INFO] - 	       [   0,  118,    0,  735,    1,    7,    0,   30,    1,    0],
[2024-06-20 19:53:52,670][flwr][INFO] - 	       [   0,  144,    0,  749,   25,    0,    2,   38,    0,    0],
[2024-06-20 19:53:52,670][flwr][INFO] - 	       [   0,  272,    0,  724,    8,    0,    0,    9,   15,    0],
[2024-06-20 19:53:52,670][flwr][INFO] - 	       [   0,   81,    0,  859,    1,    0,    1,   32,    0,    0],
[2024-06-20 19:53:52,670][flwr][INFO] - 	       [   0,  178,    0,  799,    1,    0,    0,   31,    0,    0]])),
[2024-06-20 19:53:52,670][flwr][INFO] - 	                      (1,
[2024-06-20 19:53:52,670][flwr][INFO] - 	                       array([[ 34, 103,  26,   7,   9,  74, 715,   1,   1,  10],
[2024-06-20 19:53:52,670][flwr][INFO] - 	       [517, 177, 257,  11,  32,   4, 132,   0,   5,   0],
[2024-06-20 19:53:52,670][flwr][INFO] - 	       [ 71, 308,  99,  31,   5,   7, 501,   0,   3,   7],
[2024-06-20 19:53:52,670][flwr][INFO] - 	       [ 48, 127, 296,  74,  35,  12, 375,   0,   5,  38],
[2024-06-20 19:53:52,670][flwr][INFO] - 	       [119, 269,  21, 165,   2,  18, 370,   0,   7,  11],
[2024-06-20 19:53:52,671][flwr][INFO] - 	       [ 50, 126, 108, 120,   7,  18, 396,   0,  17,  50],
[2024-06-20 19:53:52,671][flwr][INFO] - 	       [ 32, 220,  83,  33,   6,   9, 544,   0,  17,  14],
[2024-06-20 19:53:52,671][flwr][INFO] - 	       [ 56, 166,  31, 408,  13,  13, 328,   0,   1,  12],
[2024-06-20 19:53:52,671][flwr][INFO] - 	       [ 91, 114,  90,  93,   6,   4, 562,   0,   6,   8],
[2024-06-20 19:53:52,671][flwr][INFO] - 	       [ 95, 229,  17, 151,   1,  17, 493,   0,   2,   4]])),
[2024-06-20 19:53:52,671][flwr][INFO] - 	                      (2,
[2024-06-20 19:53:52,671][flwr][INFO] - 	                       array([[128, 179, 293, 151,   1,  81,  40, 104,   0,   3],
[2024-06-20 19:53:52,671][flwr][INFO] - 	       [  0, 934,  50,  35,   2,  11,   4,  66,   6,  27],
[2024-06-20 19:53:52,671][flwr][INFO] - 	       [ 15, 359, 113, 278,  10,  15, 162,  26,   2,  52],
[2024-06-20 19:53:52,671][flwr][INFO] - 	       [  1, 205, 137, 459,   2, 112,  11,  60,  16,   7],
[2024-06-20 19:53:52,671][flwr][INFO] - 	       [ 94, 314,  75, 149,   4,  56,  63,  81,  48,  98],
[2024-06-20 19:53:52,671][flwr][INFO] - 	       [  7, 149,  85, 271,   4, 193,  21, 147,   2,  13],
[2024-06-20 19:53:52,671][flwr][INFO] - 	       [ 59, 219,  36, 200,   4,  39, 258,  11,  12, 120],
[2024-06-20 19:53:52,671][flwr][INFO] - 	       [ 33, 412,  77,  82,   3,  77,  72, 187,   7,  78],
[2024-06-20 19:53:52,671][flwr][INFO] - 	       [ 16, 354,  97, 285,   2,  36,  92,  68,   6,  18],
[2024-06-20 19:53:52,671][flwr][INFO] - 	       [111, 391,  64,  87,  10,  56, 110,  82,   3,  95]])),
[2024-06-20 19:53:52,671][flwr][INFO] - 	                      (3,
[2024-06-20 19:53:52,671][flwr][INFO] - 	                       array([[126,  92,  88, 106,  35,  30,  50, 447,   1,   5],
[2024-06-20 19:53:52,671][flwr][INFO] - 	       [  0, 472,  21,  26,  33,   6,   1, 449,   1, 126],
[2024-06-20 19:53:52,671][flwr][INFO] - 	       [ 23, 136,  90, 156, 136,   4, 169, 194,   6, 118],
[2024-06-20 19:53:52,671][flwr][INFO] - 	       [  7,  88,  31, 468,  19,  26,  23, 297,  29,  22],
[2024-06-20 19:53:52,671][flwr][INFO] - 	       [ 47,  19,  21, 126,  17,  12,  53, 450,  64, 173],
[2024-06-20 19:53:52,671][flwr][INFO] - 	       [  6,  53,   8, 221,  31,  34,  23, 437,  12,  67],
[2024-06-20 19:53:52,671][flwr][INFO] - 	       [ 32,  40,  31, 145,  58,   4, 243, 210,   5, 190],
[2024-06-20 19:53:52,671][flwr][INFO] - 	       [  5,  21,  10,  37,  21,   4,  10, 824,  41,  55],
[2024-06-20 19:53:52,671][flwr][INFO] - 	       [  9, 127,  31, 160,  32,   4,  70, 458,  17,  66],
[2024-06-20 19:53:52,671][flwr][INFO] - 	       [ 55,  15,  14,  51,  24,  15,  19, 652,  35, 129]])),
[2024-06-20 19:53:52,671][flwr][INFO] - 	                      (4,
[2024-06-20 19:53:52,671][flwr][INFO] - 	                       array([[202,  93, 267, 151,  40,  78,  41,  96,   3,   9],
[2024-06-20 19:53:52,671][flwr][INFO] - 	       [  0, 653,  69,  54,  71,   8,   0, 152,  32,  96],
[2024-06-20 19:53:52,671][flwr][INFO] - 	       [ 44,  98, 279, 197,  75,  11, 138,  78,  18,  94],
[2024-06-20 19:53:52,671][flwr][INFO] - 	       [ 14, 108,  79, 581,  10,  33,  12,  53,  84,  36],
[2024-06-20 19:53:52,671][flwr][INFO] - 	       [ 54,  17,  71, 178,  32,  30,  60, 152, 197, 191],
[2024-06-20 19:53:52,671][flwr][INFO] - 	       [ 12,  56,  41, 390,  40,  90,  23, 111,  36,  93],
[2024-06-20 19:53:52,671][flwr][INFO] - 	       [ 47,  33,  89, 221,  33,  10, 275,  99,  30, 121],
[2024-06-20 19:53:52,671][flwr][INFO] - 	       [  9,  33,  72,  98,  29,  32,  16, 485, 117, 137],
[2024-06-20 19:53:52,671][flwr][INFO] - 	       [ 14, 152,  85, 257,  41,  14,  70, 121, 119, 101],
[2024-06-20 19:53:52,671][flwr][INFO] - 	       [ 83,  26,  83, 104,  34,  30,  35, 175, 126, 313]])),
[2024-06-20 19:53:52,671][flwr][INFO] - 	                      (5,
[2024-06-20 19:53:52,671][flwr][INFO] - 	                       array([[207, 135, 258, 139,  25,  81,  40,  89,   3,   3],
[2024-06-20 19:53:52,671][flwr][INFO] - 	       [  3, 768, 108,  31,  45,  11,   0,  93,  42,  34],
[2024-06-20 19:53:52,671][flwr][INFO] - 	       [ 60, 109, 344, 161,  53,  17, 131,  77,  28,  52],
[2024-06-20 19:53:52,671][flwr][INFO] - 	       [ 15, 116,  97, 513,  14,  72,  15,  43, 103,  22],
[2024-06-20 19:53:52,672][flwr][INFO] - 	       [ 62,  20, 136, 207,  56,  52,  47, 123, 149, 130],
[2024-06-20 19:53:52,672][flwr][INFO] - 	       [ 20,  76,  69, 319,  41, 154,  19,  92,  54,  48],
[2024-06-20 19:53:52,672][flwr][INFO] - 	       [ 58,  29, 132, 236,  24,  11, 259, 102,  22,  85],
[2024-06-20 19:53:52,672][flwr][INFO] - 	       [ 25,  38, 110, 105,  29,  73,  12, 433, 114,  89],
[2024-06-20 19:53:52,672][flwr][INFO] - 	       [ 20, 165, 105, 203,  46,  34,  58, 108, 163,  72],
[2024-06-20 19:53:52,672][flwr][INFO] - 	       [108,  31, 157, 111,  41,  56,  24, 158,  92, 231]])),
[2024-06-20 19:53:52,672][flwr][INFO] - 	                      (6,
[2024-06-20 19:53:52,672][flwr][INFO] - 	                       array([[223, 114, 245, 153,  49,  72,  61,  50,   7,   6],
[2024-06-20 19:53:52,672][flwr][INFO] - 	       [  4, 736, 100,  39,  67,  15,   0,  91,  34,  49],
[2024-06-20 19:53:52,672][flwr][INFO] - 	       [ 52, 100, 324, 175,  66,  27, 171,  53,  33,  31],
[2024-06-20 19:53:52,672][flwr][INFO] - 	       [ 17,  89,  88, 472,  20, 134,  26,  22, 123,  19],
[2024-06-20 19:53:52,672][flwr][INFO] - 	       [ 45,  19, 117, 214,  99,  63,  53, 111, 143, 118],
[2024-06-20 19:53:52,672][flwr][INFO] - 	       [ 15,  83,  42, 314,  54, 197,  27,  56,  55,  49],
[2024-06-20 19:53:52,672][flwr][INFO] - 	       [ 50,  22,  97, 242,  23,  18, 333,  89,  27,  57],
[2024-06-20 19:53:52,672][flwr][INFO] - 	       [ 30,  45,  97,  99,  43, 128,  26, 326, 114, 120],
[2024-06-20 19:53:52,672][flwr][INFO] - 	       [ 18, 170,  83, 213,  72,  45,  83,  75, 168,  47],
[2024-06-20 19:53:52,672][flwr][INFO] - 	       [ 86,  49, 136, 112,  79,  71,  38,  84,  83, 271]])),
[2024-06-20 19:53:52,672][flwr][INFO] - 	                      (7,
[2024-06-20 19:53:52,672][flwr][INFO] - 	                       array([[245, 123, 269, 135,  44,  70,  55,  30,   4,   5],
[2024-06-20 19:53:52,672][flwr][INFO] - 	       [  4, 674, 150,  43, 109,  13,   0,  68,  30,  44],
[2024-06-20 19:53:52,672][flwr][INFO] - 	       [ 74,  73, 361, 152,  78,  24, 169,  45,  25,  31],
[2024-06-20 19:53:52,672][flwr][INFO] - 	       [ 19,  87, 115, 469,  28, 125,  27,  15, 111,  14],
[2024-06-20 19:53:52,672][flwr][INFO] - 	       [ 55,  18, 185, 162, 119,  59,  57,  91, 140,  96],
[2024-06-20 19:53:52,672][flwr][INFO] - 	       [ 15,  97,  58, 296,  55, 199,  29,  51,  44,  48],
[2024-06-20 19:53:52,672][flwr][INFO] - 	       [ 49,  14, 122, 248,  31,  13, 304,  85,  22,  70],
[2024-06-20 19:53:52,672][flwr][INFO] - 	       [ 33,  39, 123,  82,  52, 132,  26, 379,  81,  81],
[2024-06-20 19:53:52,672][flwr][INFO] - 	       [ 24, 162, 104, 193,  87,  48,  98,  53, 158,  47],
[2024-06-20 19:53:52,672][flwr][INFO] - 	       [ 97,  44, 197, 106, 100,  64,  42,  83,  63, 213]])),
[2024-06-20 19:53:52,672][flwr][INFO] - 	                      (8,
[2024-06-20 19:53:52,672][flwr][INFO] - 	                       array([[238, 109, 255, 161,  33,  91,  53,  35,   3,   2],
[2024-06-20 19:53:52,672][flwr][INFO] - 	       [  4, 721, 177,  63,  40,  11,   0,  77,  16,  26],
[2024-06-20 19:53:52,672][flwr][INFO] - 	       [ 58,  74, 364, 204,  82,  26, 136,  47,  16,  25],
[2024-06-20 19:53:52,672][flwr][INFO] - 	       [ 16,  81,  79, 576,  26, 106,  18,  21,  75,  12],
[2024-06-20 19:53:52,672][flwr][INFO] - 	       [ 27,  17, 204, 228, 104,  76,  47,  94, 108,  77],
[2024-06-20 19:53:52,672][flwr][INFO] - 	       [ 14,  86,  56, 336,  68, 176,  21,  63,  28,  44],
[2024-06-20 19:53:52,672][flwr][INFO] - 	       [ 37,  21, 149, 306,  32,  14, 241,  88,   8,  62],
[2024-06-20 19:53:52,672][flwr][INFO] - 	       [ 20,  51, 130, 114,  28, 128,  17, 419,  55,  66],
[2024-06-20 19:53:52,672][flwr][INFO] - 	       [ 18, 173,  90, 273,  94,  54,  69,  71,  96,  36],
[2024-06-20 19:53:52,672][flwr][INFO] - 	       [ 64,  52, 234, 151,  91,  62,  35, 100,  50, 170]])),
[2024-06-20 19:53:52,672][flwr][INFO] - 	                      (9,
[2024-06-20 19:53:52,672][flwr][INFO] - 	                       array([[251, 157, 245, 133,  31,  84,  46,  27,   3,   3],
[2024-06-20 19:53:52,672][flwr][INFO] - 	       [  2, 781, 167,  48,  15,  11,   0,  60,  14,  37],
[2024-06-20 19:53:52,673][flwr][INFO] - 	       [ 49, 136, 437, 146,  51,  26,  90,  58,  14,  25],
[2024-06-20 19:53:52,673][flwr][INFO] - 	       [  7, 170,  94, 481,  28, 113,  13,  21,  67,  16],
[2024-06-20 19:53:52,673][flwr][INFO] - 	       [ 26,  29, 244, 203,  76,  83,  29,  95, 111,  86],
[2024-06-20 19:53:52,673][flwr][INFO] - 	       [ 17, 180,  72, 209,  80, 199,  16,  56,  29,  34],
[2024-06-20 19:53:52,673][flwr][INFO] - 	       [ 36,  42, 159, 271,  31,  20, 200, 123,  19,  57],
[2024-06-20 19:53:52,673][flwr][INFO] - 	       [ 17,  85, 153,  73,  31, 116,  10, 435,  48,  60],
[2024-06-20 19:53:52,673][flwr][INFO] - 	       [ 20, 303, 120, 180,  83,  49,  43,  72,  73,  31],
[2024-06-20 19:53:52,673][flwr][INFO] - 	       [ 53,  70, 279, 109,  63,  77,  22, 101,  44, 191]])),
[2024-06-20 19:53:52,673][flwr][INFO] - 	                      (10,
[2024-06-20 19:53:52,673][flwr][INFO] - 	                       array([[263, 176, 209, 134,  35,  69,  49,  39,   4,   2],
[2024-06-20 19:53:52,673][flwr][INFO] - 	       [  5, 829, 125,  43,  29,  11,   0,  54,  23,  16],
[2024-06-20 19:53:52,673][flwr][INFO] - 	       [ 45, 157, 404, 151,  56,  23,  94,  67,  19,  16],
[2024-06-20 19:53:52,673][flwr][INFO] - 	       [ 14, 182,  90, 484,  32,  82,  10,  26,  76,  14],
[2024-06-20 19:53:52,673][flwr][INFO] - 	       [ 33,  37, 174, 221,  96,  57,  31, 154, 122,  57],
[2024-06-20 19:53:52,673][flwr][INFO] - 	       [ 19, 206,  65, 200,  85, 173,  16,  74,  31,  23],
[2024-06-20 19:53:52,673][flwr][INFO] - 	       [ 37,  50, 120, 265,  35,  15, 217, 152,  28,  39],
[2024-06-20 19:53:52,673][flwr][INFO] - 	       [ 20,  78, 125,  73,  39,  83,   7, 532,  41,  30],
[2024-06-20 19:53:52,673][flwr][INFO] - 	       [ 20, 288,  99, 168,  95,  38,  40, 106,  99,  21],
[2024-06-20 19:53:52,673][flwr][INFO] - 	       [ 75,  85, 182, 125,  75,  62,  27, 196,  52, 130]]))],
[2024-06-20 19:53:52,673][flwr][INFO] - 	 'f1': [(0, 0.03553137346181725),
[2024-06-20 19:53:52,673][flwr][INFO] - 	        (1, 0.05830107055527367),
[2024-06-20 19:53:52,673][flwr][INFO] - 	        (2, 0.18981673506322827),
[2024-06-20 19:53:52,673][flwr][INFO] - 	        (3, 0.20333520152999507),
[2024-06-20 19:53:52,673][flwr][INFO] - 	        (4, 0.28272126633403694),
[2024-06-20 19:53:52,673][flwr][INFO] - 	        (5, 0.295725177820483),
[2024-06-20 19:53:52,673][flwr][INFO] - 	        (6, 0.3063490939851457),
[2024-06-20 19:53:52,673][flwr][INFO] - 	        (7, 0.30580056698835034),
[2024-06-20 19:53:52,673][flwr][INFO] - 	        (8, 0.29643545544518896),
[2024-06-20 19:53:52,673][flwr][INFO] - 	        (9, 0.2915459761795151),
[2024-06-20 19:53:52,673][flwr][INFO] - 	        (10, 0.2970910136149954)],
[2024-06-20 19:53:52,673][flwr][INFO] - 	 'precision': [(0, 0.12349967530374152),
[2024-06-20 19:53:52,673][flwr][INFO] - 	               (1, 0.06506374525029086),
[2024-06-20 19:53:52,673][flwr][INFO] - 	               (2, 0.20383808463790146),
[2024-06-20 19:53:52,673][flwr][INFO] - 	               (3, 0.25060357280775564),
[2024-06-20 19:53:52,673][flwr][INFO] - 	               (4, 0.296861775725643),
[2024-06-20 19:53:52,673][flwr][INFO] - 	               (5, 0.30774212106055987),
[2024-06-20 19:53:52,673][flwr][INFO] - 	               (6, 0.3178960649019351),
[2024-06-20 19:53:52,673][flwr][INFO] - 	               (7, 0.3193316700680368),
[2024-06-20 19:53:52,673][flwr][INFO] - 	               (8, 0.32224040358008016),
[2024-06-20 19:53:52,673][flwr][INFO] - 	               (9, 0.32009705254897947),
[2024-06-20 19:53:52,673][flwr][INFO] - 	               (10, 0.326087448615867)],
[2024-06-20 19:53:52,673][flwr][INFO] - 	 'recall': [(0, 0.1086),
[2024-06-20 19:53:52,674][flwr][INFO] - 	            (1, 0.0958),
[2024-06-20 19:53:52,674][flwr][INFO] - 	            (2, 0.2377),
[2024-06-20 19:53:52,674][flwr][INFO] - 	            (3, 0.242),
[2024-06-20 19:53:52,674][flwr][INFO] - 	            (4, 0.3029),
[2024-06-20 19:53:52,674][flwr][INFO] - 	            (5, 0.3128),
[2024-06-20 19:53:52,674][flwr][INFO] - 	            (6, 0.3149),
[2024-06-20 19:53:52,674][flwr][INFO] - 	            (7, 0.3121),
[2024-06-20 19:53:52,674][flwr][INFO] - 	            (8, 0.3105),
[2024-06-20 19:53:52,674][flwr][INFO] - 	            (9, 0.3124),
[2024-06-20 19:53:52,674][flwr][INFO] - 	            (10, 0.3227)]}
[2024-06-20 19:53:52,674][flwr][INFO] - 
