[2024-06-19 16:46:08,286][flwr][INFO] - Starting Flower simulation, config: num_rounds=10, no round_timeout
[2024-06-19 16:46:10,429][flwr][INFO] - Flower VCE: Ray initialized with resources: {'memory': 9261998080.0, 'CPU': 12.0, 'node:__internal_head__': 1.0, 'node:127.0.0.1': 1.0, 'object_store_memory': 2147483648.0}
[2024-06-19 16:46:10,429][flwr][INFO] - Optimize your simulation with Flower VCE: https://flower.ai/docs/framework/how-to-run-simulations.html
[2024-06-19 16:46:10,429][flwr][INFO] - Flower VCE: Resources for each Virtual Client: {'num_cpus': 2, 'num_gpus': 0}
[2024-06-19 16:46:10,450][flwr][INFO] - Flower VCE: Creating VirtualClientEngineActorPool with 6 actors
[2024-06-19 16:46:10,450][flwr][INFO] - [INIT]
[2024-06-19 16:46:10,450][flwr][INFO] - Requesting initial parameters from one random client
[2024-06-19 16:46:12,517][flwr][INFO] - Received initial parameters from one random client
[2024-06-19 16:46:12,517][flwr][INFO] - Evaluating initial global parameters
[2024-06-19 16:46:12,985][flwr][INFO] - initial parameters (loss, other metrics): 181.76928067207336, {'accuracy': 0.1086, 'precision': 0.12349967530374152, 'recall': 0.1086, 'f1': 0.03553137346181725, 'confusion_matrix': array([[   0,    8,    0,  956,    0,    1,    0,   15,    0,    0],
       [   0,  122,    0, 1013,    0,    0,    0,    0,    0,    0],
       [   0,   38,    0,  971,    0,    0,    3,   19,    1,    0],
       [   0,   44,    0,  945,    1,    1,    0,   17,    2,    0],
       [   0,  143,    0,  816,    1,    0,    2,   20,    0,    0],
       [   0,  118,    0,  735,    1,    7,    0,   30,    1,    0],
       [   0,  144,    0,  749,   25,    0,    2,   38,    0,    0],
       [   0,  272,    0,  724,    8,    0,    0,    9,   15,    0],
       [   0,   81,    0,  859,    1,    0,    1,   32,    0,    0],
       [   0,  178,    0,  799,    1,    0,    0,   31,    0,    0]])}
[2024-06-19 16:46:12,986][flwr][INFO] - 
[2024-06-19 16:46:12,986][flwr][INFO] - [ROUND 1]
[2024-06-19 16:46:12,986][flwr][INFO] - configure_fit: strategy sampled 10 clients (out of 100)
[2024-06-19 16:46:20,685][flwr][INFO] - aggregate_fit: received 10 results and 0 failures
[2024-06-19 16:46:20,694][flwr][WARNING] - No fit_metrics_aggregation_fn provided
[2024-06-19 16:46:21,151][flwr][INFO] - fit progress: (1, 152.19901323318481, {'accuracy': 0.5479, 'precision': 0.6245256296654353, 'recall': 0.5479, 'f1': 0.5032795647445854, 'confusion_matrix': array([[ 587,    2,    0,  259,   64,    9,   59,    0,    0,    0],
       [   0, 1116,    1,   17,    0,    0,    1,    0,    0,    0],
       [   0,   66,  250,  635,   27,    0,   48,    3,    0,    3],
       [   0,   31,    3,  967,    1,    0,    5,    1,    0,    2],
       [   0,   21,    0,   19,  870,    0,   47,    0,    0,   25],
       [  15,   97,    5,  591,   80,    9,   81,    3,    0,   11],
       [   2,   28,    0,   48,   85,    0,  795,    0,    0,    0],
       [   2,   65,    2,  180,   40,    0,    1,  603,    0,  135],
       [   1,   57,    4,  870,   12,    1,   19,    1,    0,    9],
       [   3,   22,    0,  124,  566,    1,    6,    5,    0,  282]])}, 8.164973458)
[2024-06-19 16:46:21,151][flwr][INFO] - configure_evaluate: no clients selected, skipping evaluation
[2024-06-19 16:46:21,151][flwr][INFO] - 
[2024-06-19 16:46:21,151][flwr][INFO] - [ROUND 2]
[2024-06-19 16:46:21,152][flwr][INFO] - configure_fit: strategy sampled 10 clients (out of 100)
[2024-06-19 16:46:26,531][flwr][INFO] - aggregate_fit: received 10 results and 0 failures
[2024-06-19 16:46:26,992][flwr][INFO] - fit progress: (2, 43.09853504598141, {'accuracy': 0.8538, 'precision': 0.863196024504746, 'recall': 0.8538, 'f1': 0.852886168105893, 'confusion_matrix': array([[ 908,    0,    0,    1,    0,   21,   35,    1,   14,    0],
       [   0, 1080,    1,    2,    1,    1,   10,    0,   40,    0],
       [  12,    9,  834,   39,    6,    3,   59,   13,   56,    1],
       [   7,    3,   15,  844,    0,   21,   10,   22,   84,    4],
       [   0,    1,    2,    0,  881,    0,   60,    1,   18,   19],
       [  23,    5,    4,   92,   19,  583,   59,    9,   88,   10],
       [  10,    3,    3,    0,    5,   10,  923,    0,    4,    0],
       [   1,   16,   21,    2,    9,    2,    4,  920,   18,   35],
       [   5,    4,    3,   15,   11,   14,   36,    6,  865,   15],
       [   5,    6,    2,    5,  190,   12,    6,   51,   32,  700]])}, 14.006883707999998)
[2024-06-19 16:46:26,993][flwr][INFO] - configure_evaluate: no clients selected, skipping evaluation
[2024-06-19 16:46:26,993][flwr][INFO] - 
[2024-06-19 16:46:26,993][flwr][INFO] - [ROUND 3]
[2024-06-19 16:46:26,994][flwr][INFO] - configure_fit: strategy sampled 10 clients (out of 100)
[2024-06-19 16:46:32,174][flwr][INFO] - aggregate_fit: received 10 results and 0 failures
[2024-06-19 16:46:32,627][flwr][INFO] - fit progress: (3, 36.85880400240421, {'accuracy': 0.8864, 'precision': 0.8903809607205633, 'recall': 0.8864, 'f1': 0.8860245242540749, 'confusion_matrix': array([[ 961,    0,    1,    3,    0,    3,    8,    1,    3,    0],
       [   0, 1065,    0,    7,    1,    1,    4,    0,   57,    0],
       [  12,    6,  844,   58,    9,    1,   37,   18,   45,    2],
       [   2,    0,   13,  927,    0,    8,    2,   19,   34,    5],
       [   0,    1,    3,    1,  895,    3,   37,    0,   15,   27],
       [  34,    1,    0,   88,   12,  667,   27,    4,   55,    4],
       [  15,    2,    1,    1,    7,   16,  899,    0,   17,    0],
       [   5,   16,   46,    6,    8,    0,    1,  904,    5,   37],
       [   7,    1,    5,   22,    7,   20,   19,    6,  879,    8],
       [  12,    5,    3,   11,   90,   14,    3,   26,   22,  823]])}, 19.641090833)
[2024-06-19 16:46:32,627][flwr][INFO] - configure_evaluate: no clients selected, skipping evaluation
[2024-06-19 16:46:32,627][flwr][INFO] - 
[2024-06-19 16:46:32,627][flwr][INFO] - [ROUND 4]
[2024-06-19 16:46:32,628][flwr][INFO] - configure_fit: strategy sampled 10 clients (out of 100)
[2024-06-19 16:46:38,703][flwr][INFO] - aggregate_fit: received 10 results and 0 failures
[2024-06-19 16:46:39,202][flwr][INFO] - fit progress: (4, 31.198835402727127, {'accuracy': 0.8955, 'precision': 0.9003036665052739, 'recall': 0.8955, 'f1': 0.8960058570005999, 'confusion_matrix': array([[ 941,    0,    0,    2,    0,    9,   18,    2,    8,    0],
       [   0, 1082,    1,    4,    1,    3,    7,    0,   37,    0],
       [   8,    3,  843,   31,    7,    2,   45,   15,   72,    6],
       [   3,    1,   13,  877,    0,   38,    3,   12,   55,    8],
       [   0,    1,    1,    1,  865,    1,   45,    0,    9,   59],
       [  11,    1,    1,   20,    5,  771,   33,    4,   36,   10],
       [   5,    2,    0,    0,    4,   18,  916,    0,   13,    0],
       [   1,   16,   30,   16,   10,    4,    3,  869,    6,   73],
       [   6,    3,    1,   11,    6,   23,   19,    3,  887,   15],
       [   6,    6,    1,    6,   43,   12,    3,    7,   21,  904]])}, 26.217020333)
[2024-06-19 16:46:39,203][flwr][INFO] - configure_evaluate: no clients selected, skipping evaluation
[2024-06-19 16:46:39,203][flwr][INFO] - 
[2024-06-19 16:46:39,203][flwr][INFO] - [ROUND 5]
[2024-06-19 16:46:39,204][flwr][INFO] - configure_fit: strategy sampled 10 clients (out of 100)
[2024-06-19 16:46:45,299][flwr][INFO] - aggregate_fit: received 10 results and 0 failures
[2024-06-19 16:46:45,794][flwr][INFO] - fit progress: (5, 31.05690175667405, {'accuracy': 0.8801, 'precision': 0.9003130662825186, 'recall': 0.8801, 'f1': 0.883369965565256, 'confusion_matrix': array([[ 942,    0,    0,    1,    0,    6,   11,    1,   19,    0],
       [   0, 1056,    0,    5,    0,    2,    4,    1,   67,    0],
       [   8,    1,  802,   33,    9,    3,   21,    8,  135,   12],
       [   1,    0,    3,  874,    0,    9,    2,    9,  101,   11],
       [   0,    1,    0,    0,  780,    1,   15,    0,   31,  154],
       [   7,    1,    1,   69,    4,  700,   12,    3,   83,   12],
       [   8,    2,    0,    1,    5,   12,  892,    0,   38,    0],
       [   4,   10,   17,    5,    6,    0,    0,  885,   28,   73],
       [   2,    0,    1,    7,    5,    9,    3,    2,  940,    5],
       [   4,    3,    1,    5,   12,    3,    1,    5,   45,  930]])}, 32.809067625000004)
[2024-06-19 16:46:45,795][flwr][INFO] - configure_evaluate: no clients selected, skipping evaluation
[2024-06-19 16:46:45,795][flwr][INFO] - 
[2024-06-19 16:46:45,795][flwr][INFO] - [ROUND 6]
[2024-06-19 16:46:45,796][flwr][INFO] - configure_fit: strategy sampled 10 clients (out of 100)
[2024-06-19 16:46:52,275][flwr][INFO] - aggregate_fit: received 10 results and 0 failures
[2024-06-19 16:46:52,740][flwr][INFO] - fit progress: (6, 27.188349079340696, {'accuracy': 0.8982, 'precision': 0.9105019476491129, 'recall': 0.8982, 'f1': 0.9003034816333536, 'confusion_matrix': array([[ 943,    0,    1,    1,    0,    3,    5,    3,   19,    5],
       [   0, 1086,    1,    2,    0,    0,    2,    1,   43,    0],
       [   7,    2,  888,   17,    8,    5,    7,   18,   74,    6],
       [   1,    0,   11,  836,    0,   42,    1,   18,   89,   12],
       [   0,    1,    7,    0,  802,    1,    7,    0,   15,  149],
       [  10,    2,    0,   12,    4,  744,    9,    5,   87,   19],
       [   7,    2,    4,    0,   11,    8,  875,    0,   51,    0],
       [   1,   11,   18,    2,    3,    0,    0,  935,    4,   54],
       [   4,    2,    3,    3,    8,    8,    1,    2,  923,   20],
       [   4,    5,    0,    5,   14,    2,    1,    5,   23,  950]])}, 39.755112708)
[2024-06-19 16:46:52,741][flwr][INFO] - configure_evaluate: no clients selected, skipping evaluation
[2024-06-19 16:46:52,741][flwr][INFO] - 
[2024-06-19 16:46:52,741][flwr][INFO] - [ROUND 7]
[2024-06-19 16:46:52,742][flwr][INFO] - configure_fit: strategy sampled 10 clients (out of 100)
[2024-06-19 16:46:58,455][flwr][INFO] - aggregate_fit: received 10 results and 0 failures
[2024-06-19 16:46:58,976][flwr][INFO] - fit progress: (7, 27.093736605718732, {'accuracy': 0.8948, 'precision': 0.9129845626072419, 'recall': 0.8948, 'f1': 0.8980266296925955, 'confusion_matrix': array([[ 927,    0,    0,    2,    0,    5,    5,    2,   38,    1],
       [   0, 1067,    1,    2,    0,    1,    3,    1,   60,    0],
       [   5,    0,  854,   29,    8,    2,   14,   18,   98,    4],
       [   1,    1,    4,  887,    0,   11,    0,   16,   81,    9],
       [   1,    2,    2,    0,  764,    1,   10,    0,   44,  158],
       [   5,    1,    0,   24,    1,  745,   11,    1,   94,   10],
       [   9,    2,    1,    1,    5,    7,  884,    1,   48,    0],
       [   0,    6,   21,    5,    1,    0,    0,  932,    9,   54],
       [   0,    0,    1,    7,    2,    3,    6,    2,  945,    8],
       [   3,    5,    0,    4,    7,    1,    2,    4,   40,  943]])}, 45.991462417)
[2024-06-19 16:46:58,977][flwr][INFO] - configure_evaluate: no clients selected, skipping evaluation
[2024-06-19 16:46:58,977][flwr][INFO] - 
[2024-06-19 16:46:58,977][flwr][INFO] - [ROUND 8]
[2024-06-19 16:46:58,977][flwr][INFO] - configure_fit: strategy sampled 10 clients (out of 100)
[2024-06-19 16:47:05,307][flwr][INFO] - aggregate_fit: received 10 results and 0 failures
[2024-06-19 16:47:05,777][flwr][INFO] - fit progress: (8, 26.10497546941042, {'accuracy': 0.9037, 'precision': 0.914326631918585, 'recall': 0.9037, 'f1': 0.9051880676046922, 'confusion_matrix': array([[ 930,    0,    0,    5,    0,   10,    7,    2,   26,    0],
       [   0, 1110,    1,    2,    0,    1,    4,    0,   15,    2],
       [   1,    1,  894,   28,    7,    4,   15,   16,   57,    9],
       [   1,    2,    6,  904,    0,    6,    1,   13,   64,   13],
       [   1,    1,    1,    0,  794,    0,   12,    0,   21,  152],
       [   7,    1,    0,   44,    8,  719,   15,    2,   82,   14],
       [   5,    3,    0,    2,    7,    6,  899,    1,   35,    0],
       [   2,    7,   16,    3,    3,    0,    0,  910,    5,   82],
       [   2,    2,    1,   11,    5,    6,    7,    2,  917,   21],
       [   3,    4,    1,    8,    9,    1,    1,    3,   19,  960]])}, 52.792303667)
[2024-06-19 16:47:05,778][flwr][INFO] - configure_evaluate: no clients selected, skipping evaluation
[2024-06-19 16:47:05,778][flwr][INFO] - 
[2024-06-19 16:47:05,778][flwr][INFO] - [ROUND 9]
[2024-06-19 16:47:05,779][flwr][INFO] - configure_fit: strategy sampled 10 clients (out of 100)
[2024-06-19 16:47:11,549][flwr][INFO] - aggregate_fit: received 10 results and 0 failures
[2024-06-19 16:47:12,025][flwr][INFO] - fit progress: (9, 25.297648195177317, {'accuracy': 0.9086, 'precision': 0.918255987799765, 'recall': 0.9086, 'f1': 0.910465649837762, 'confusion_matrix': array([[ 952,    0,    0,    2,    0,    1,    6,    2,   17,    0],
       [   0, 1099,    2,    3,    0,    2,    3,    0,   25,    1],
       [   6,    1,  908,   15,    6,    3,   11,   16,   61,    5],
       [   1,    0,    8,  908,    0,   20,    1,   11,   58,    3],
       [   0,    1,    3,    0,  832,    0,    9,    0,   40,   97],
       [  11,    1,    0,   22,    8,  745,    9,    3,   87,    6],
       [  10,    3,    1,    1,   11,    6,  886,    0,   40,    0],
       [   3,   10,   18,   11,    5,    2,    0,  919,   14,   46],
       [   1,    2,    3,   13,    2,    3,    6,    2,  936,    6],
       [   4,    5,    0,   11,   25,    0,    1,    4,   58,  901]])}, 59.040242208)
[2024-06-19 16:47:12,026][flwr][INFO] - configure_evaluate: no clients selected, skipping evaluation
[2024-06-19 16:47:12,026][flwr][INFO] - 
[2024-06-19 16:47:12,026][flwr][INFO] - [ROUND 10]
[2024-06-19 16:47:12,026][flwr][INFO] - configure_fit: strategy sampled 10 clients (out of 100)
[2024-06-19 16:47:17,447][flwr][INFO] - aggregate_fit: received 10 results and 0 failures
[2024-06-19 16:47:17,960][flwr][INFO] - fit progress: (10, 29.749112598598003, {'accuracy': 0.8979, 'precision': 0.9133700393240397, 'recall': 0.8979, 'f1': 0.8998557481944721, 'confusion_matrix': array([[ 934,    0,    0,    1,    0,    6,    6,    5,   28,    0],
       [   0, 1092,    0,    3,    0,    1,    4,    0,   33,    2],
       [   3,    1,  894,    5,    1,    3,    9,   20,   92,    4],
       [   0,    0,    7,  806,    0,   81,    3,   19,   90,    4],
       [   0,    1,    6,    0,  729,    5,    2,    3,   55,  181],
       [   4,    1,    0,    7,    0,  810,    8,    3,   55,    4],
       [   8,    2,    3,    0,    4,   21,  868,    1,   51,    0],
       [   0,   10,   15,    4,    0,    0,    0,  966,    8,   25],
       [   2,    1,    2,    6,    2,    7,    5,    3,  938,    8],
       [   3,    1,    0,    5,    6,    6,    1,    7,   38,  942]])}, 64.975291375)
[2024-06-19 16:47:17,961][flwr][INFO] - configure_evaluate: no clients selected, skipping evaluation
[2024-06-19 16:47:17,961][flwr][INFO] - 
[2024-06-19 16:47:17,961][flwr][INFO] - [SUMMARY]
[2024-06-19 16:47:17,961][flwr][INFO] - Run finished 10 round(s) in 64.98s
[2024-06-19 16:47:17,967][flwr][INFO] - 	History (loss, centralized):
[2024-06-19 16:47:17,974][flwr][INFO] - 		round 0: 181.76928067207336
[2024-06-19 16:47:17,974][flwr][INFO] - 		round 1: 152.19901323318481
[2024-06-19 16:47:17,974][flwr][INFO] - 		round 2: 43.09853504598141
[2024-06-19 16:47:17,974][flwr][INFO] - 		round 3: 36.85880400240421
[2024-06-19 16:47:17,974][flwr][INFO] - 		round 4: 31.198835402727127
[2024-06-19 16:47:17,974][flwr][INFO] - 		round 5: 31.05690175667405
[2024-06-19 16:47:17,974][flwr][INFO] - 		round 6: 27.188349079340696
[2024-06-19 16:47:17,974][flwr][INFO] - 		round 7: 27.093736605718732
[2024-06-19 16:47:17,974][flwr][INFO] - 		round 8: 26.10497546941042
[2024-06-19 16:47:17,974][flwr][INFO] - 		round 9: 25.297648195177317
[2024-06-19 16:47:17,974][flwr][INFO] - 		round 10: 29.749112598598003
[2024-06-19 16:47:17,974][flwr][INFO] - 	History (metrics, centralized):
[2024-06-19 16:47:17,974][flwr][INFO] - 	{'accuracy': [(0, 0.1086),
[2024-06-19 16:47:17,974][flwr][INFO] - 	              (1, 0.5479),
[2024-06-19 16:47:17,974][flwr][INFO] - 	              (2, 0.8538),
[2024-06-19 16:47:17,974][flwr][INFO] - 	              (3, 0.8864),
[2024-06-19 16:47:17,974][flwr][INFO] - 	              (4, 0.8955),
[2024-06-19 16:47:17,974][flwr][INFO] - 	              (5, 0.8801),
[2024-06-19 16:47:17,974][flwr][INFO] - 	              (6, 0.8982),
[2024-06-19 16:47:17,974][flwr][INFO] - 	              (7, 0.8948),
[2024-06-19 16:47:17,974][flwr][INFO] - 	              (8, 0.9037),
[2024-06-19 16:47:17,974][flwr][INFO] - 	              (9, 0.9086),
[2024-06-19 16:47:17,974][flwr][INFO] - 	              (10, 0.8979)],
[2024-06-19 16:47:17,974][flwr][INFO] - 	 'confusion_matrix': [(0,
[2024-06-19 16:47:17,975][flwr][INFO] - 	                       array([[   0,    8,    0,  956,    0,    1,    0,   15,    0,    0],
[2024-06-19 16:47:17,975][flwr][INFO] - 	       [   0,  122,    0, 1013,    0,    0,    0,    0,    0,    0],
[2024-06-19 16:47:17,975][flwr][INFO] - 	       [   0,   38,    0,  971,    0,    0,    3,   19,    1,    0],
[2024-06-19 16:47:17,975][flwr][INFO] - 	       [   0,   44,    0,  945,    1,    1,    0,   17,    2,    0],
[2024-06-19 16:47:17,975][flwr][INFO] - 	       [   0,  143,    0,  816,    1,    0,    2,   20,    0,    0],
[2024-06-19 16:47:17,975][flwr][INFO] - 	       [   0,  118,    0,  735,    1,    7,    0,   30,    1,    0],
[2024-06-19 16:47:17,975][flwr][INFO] - 	       [   0,  144,    0,  749,   25,    0,    2,   38,    0,    0],
[2024-06-19 16:47:17,975][flwr][INFO] - 	       [   0,  272,    0,  724,    8,    0,    0,    9,   15,    0],
[2024-06-19 16:47:17,975][flwr][INFO] - 	       [   0,   81,    0,  859,    1,    0,    1,   32,    0,    0],
[2024-06-19 16:47:17,975][flwr][INFO] - 	       [   0,  178,    0,  799,    1,    0,    0,   31,    0,    0]])),
[2024-06-19 16:47:17,975][flwr][INFO] - 	                      (1,
[2024-06-19 16:47:17,975][flwr][INFO] - 	                       array([[ 587,    2,    0,  259,   64,    9,   59,    0,    0,    0],
[2024-06-19 16:47:17,975][flwr][INFO] - 	       [   0, 1116,    1,   17,    0,    0,    1,    0,    0,    0],
[2024-06-19 16:47:17,975][flwr][INFO] - 	       [   0,   66,  250,  635,   27,    0,   48,    3,    0,    3],
[2024-06-19 16:47:17,975][flwr][INFO] - 	       [   0,   31,    3,  967,    1,    0,    5,    1,    0,    2],
[2024-06-19 16:47:17,975][flwr][INFO] - 	       [   0,   21,    0,   19,  870,    0,   47,    0,    0,   25],
[2024-06-19 16:47:17,975][flwr][INFO] - 	       [  15,   97,    5,  591,   80,    9,   81,    3,    0,   11],
[2024-06-19 16:47:17,975][flwr][INFO] - 	       [   2,   28,    0,   48,   85,    0,  795,    0,    0,    0],
[2024-06-19 16:47:17,975][flwr][INFO] - 	       [   2,   65,    2,  180,   40,    0,    1,  603,    0,  135],
[2024-06-19 16:47:17,975][flwr][INFO] - 	       [   1,   57,    4,  870,   12,    1,   19,    1,    0,    9],
[2024-06-19 16:47:17,975][flwr][INFO] - 	       [   3,   22,    0,  124,  566,    1,    6,    5,    0,  282]])),
[2024-06-19 16:47:17,975][flwr][INFO] - 	                      (2,
[2024-06-19 16:47:17,975][flwr][INFO] - 	                       array([[ 908,    0,    0,    1,    0,   21,   35,    1,   14,    0],
[2024-06-19 16:47:17,975][flwr][INFO] - 	       [   0, 1080,    1,    2,    1,    1,   10,    0,   40,    0],
[2024-06-19 16:47:17,975][flwr][INFO] - 	       [  12,    9,  834,   39,    6,    3,   59,   13,   56,    1],
[2024-06-19 16:47:17,975][flwr][INFO] - 	       [   7,    3,   15,  844,    0,   21,   10,   22,   84,    4],
[2024-06-19 16:47:17,975][flwr][INFO] - 	       [   0,    1,    2,    0,  881,    0,   60,    1,   18,   19],
[2024-06-19 16:47:17,975][flwr][INFO] - 	       [  23,    5,    4,   92,   19,  583,   59,    9,   88,   10],
[2024-06-19 16:47:17,975][flwr][INFO] - 	       [  10,    3,    3,    0,    5,   10,  923,    0,    4,    0],
[2024-06-19 16:47:17,975][flwr][INFO] - 	       [   1,   16,   21,    2,    9,    2,    4,  920,   18,   35],
[2024-06-19 16:47:17,975][flwr][INFO] - 	       [   5,    4,    3,   15,   11,   14,   36,    6,  865,   15],
[2024-06-19 16:47:17,975][flwr][INFO] - 	       [   5,    6,    2,    5,  190,   12,    6,   51,   32,  700]])),
[2024-06-19 16:47:17,975][flwr][INFO] - 	                      (3,
[2024-06-19 16:47:17,975][flwr][INFO] - 	                       array([[ 961,    0,    1,    3,    0,    3,    8,    1,    3,    0],
[2024-06-19 16:47:17,975][flwr][INFO] - 	       [   0, 1065,    0,    7,    1,    1,    4,    0,   57,    0],
[2024-06-19 16:47:17,975][flwr][INFO] - 	       [  12,    6,  844,   58,    9,    1,   37,   18,   45,    2],
[2024-06-19 16:47:17,975][flwr][INFO] - 	       [   2,    0,   13,  927,    0,    8,    2,   19,   34,    5],
[2024-06-19 16:47:17,975][flwr][INFO] - 	       [   0,    1,    3,    1,  895,    3,   37,    0,   15,   27],
[2024-06-19 16:47:17,975][flwr][INFO] - 	       [  34,    1,    0,   88,   12,  667,   27,    4,   55,    4],
[2024-06-19 16:47:17,975][flwr][INFO] - 	       [  15,    2,    1,    1,    7,   16,  899,    0,   17,    0],
[2024-06-19 16:47:17,975][flwr][INFO] - 	       [   5,   16,   46,    6,    8,    0,    1,  904,    5,   37],
[2024-06-19 16:47:17,976][flwr][INFO] - 	       [   7,    1,    5,   22,    7,   20,   19,    6,  879,    8],
[2024-06-19 16:47:17,976][flwr][INFO] - 	       [  12,    5,    3,   11,   90,   14,    3,   26,   22,  823]])),
[2024-06-19 16:47:17,976][flwr][INFO] - 	                      (4,
[2024-06-19 16:47:17,976][flwr][INFO] - 	                       array([[ 941,    0,    0,    2,    0,    9,   18,    2,    8,    0],
[2024-06-19 16:47:17,976][flwr][INFO] - 	       [   0, 1082,    1,    4,    1,    3,    7,    0,   37,    0],
[2024-06-19 16:47:17,976][flwr][INFO] - 	       [   8,    3,  843,   31,    7,    2,   45,   15,   72,    6],
[2024-06-19 16:47:17,976][flwr][INFO] - 	       [   3,    1,   13,  877,    0,   38,    3,   12,   55,    8],
[2024-06-19 16:47:17,976][flwr][INFO] - 	       [   0,    1,    1,    1,  865,    1,   45,    0,    9,   59],
[2024-06-19 16:47:17,976][flwr][INFO] - 	       [  11,    1,    1,   20,    5,  771,   33,    4,   36,   10],
[2024-06-19 16:47:17,976][flwr][INFO] - 	       [   5,    2,    0,    0,    4,   18,  916,    0,   13,    0],
[2024-06-19 16:47:17,976][flwr][INFO] - 	       [   1,   16,   30,   16,   10,    4,    3,  869,    6,   73],
[2024-06-19 16:47:17,976][flwr][INFO] - 	       [   6,    3,    1,   11,    6,   23,   19,    3,  887,   15],
[2024-06-19 16:47:17,976][flwr][INFO] - 	       [   6,    6,    1,    6,   43,   12,    3,    7,   21,  904]])),
[2024-06-19 16:47:17,976][flwr][INFO] - 	                      (5,
[2024-06-19 16:47:17,976][flwr][INFO] - 	                       array([[ 942,    0,    0,    1,    0,    6,   11,    1,   19,    0],
[2024-06-19 16:47:17,976][flwr][INFO] - 	       [   0, 1056,    0,    5,    0,    2,    4,    1,   67,    0],
[2024-06-19 16:47:17,976][flwr][INFO] - 	       [   8,    1,  802,   33,    9,    3,   21,    8,  135,   12],
[2024-06-19 16:47:17,976][flwr][INFO] - 	       [   1,    0,    3,  874,    0,    9,    2,    9,  101,   11],
[2024-06-19 16:47:17,976][flwr][INFO] - 	       [   0,    1,    0,    0,  780,    1,   15,    0,   31,  154],
[2024-06-19 16:47:17,976][flwr][INFO] - 	       [   7,    1,    1,   69,    4,  700,   12,    3,   83,   12],
[2024-06-19 16:47:17,976][flwr][INFO] - 	       [   8,    2,    0,    1,    5,   12,  892,    0,   38,    0],
[2024-06-19 16:47:17,976][flwr][INFO] - 	       [   4,   10,   17,    5,    6,    0,    0,  885,   28,   73],
[2024-06-19 16:47:17,976][flwr][INFO] - 	       [   2,    0,    1,    7,    5,    9,    3,    2,  940,    5],
[2024-06-19 16:47:17,976][flwr][INFO] - 	       [   4,    3,    1,    5,   12,    3,    1,    5,   45,  930]])),
[2024-06-19 16:47:17,976][flwr][INFO] - 	                      (6,
[2024-06-19 16:47:17,976][flwr][INFO] - 	                       array([[ 943,    0,    1,    1,    0,    3,    5,    3,   19,    5],
[2024-06-19 16:47:17,976][flwr][INFO] - 	       [   0, 1086,    1,    2,    0,    0,    2,    1,   43,    0],
[2024-06-19 16:47:17,976][flwr][INFO] - 	       [   7,    2,  888,   17,    8,    5,    7,   18,   74,    6],
[2024-06-19 16:47:17,976][flwr][INFO] - 	       [   1,    0,   11,  836,    0,   42,    1,   18,   89,   12],
[2024-06-19 16:47:17,976][flwr][INFO] - 	       [   0,    1,    7,    0,  802,    1,    7,    0,   15,  149],
[2024-06-19 16:47:17,976][flwr][INFO] - 	       [  10,    2,    0,   12,    4,  744,    9,    5,   87,   19],
[2024-06-19 16:47:17,976][flwr][INFO] - 	       [   7,    2,    4,    0,   11,    8,  875,    0,   51,    0],
[2024-06-19 16:47:17,976][flwr][INFO] - 	       [   1,   11,   18,    2,    3,    0,    0,  935,    4,   54],
[2024-06-19 16:47:17,976][flwr][INFO] - 	       [   4,    2,    3,    3,    8,    8,    1,    2,  923,   20],
[2024-06-19 16:47:17,976][flwr][INFO] - 	       [   4,    5,    0,    5,   14,    2,    1,    5,   23,  950]])),
[2024-06-19 16:47:17,976][flwr][INFO] - 	                      (7,
[2024-06-19 16:47:17,976][flwr][INFO] - 	                       array([[ 927,    0,    0,    2,    0,    5,    5,    2,   38,    1],
[2024-06-19 16:47:17,976][flwr][INFO] - 	       [   0, 1067,    1,    2,    0,    1,    3,    1,   60,    0],
[2024-06-19 16:47:17,976][flwr][INFO] - 	       [   5,    0,  854,   29,    8,    2,   14,   18,   98,    4],
[2024-06-19 16:47:17,976][flwr][INFO] - 	       [   1,    1,    4,  887,    0,   11,    0,   16,   81,    9],
[2024-06-19 16:47:17,976][flwr][INFO] - 	       [   1,    2,    2,    0,  764,    1,   10,    0,   44,  158],
[2024-06-19 16:47:17,976][flwr][INFO] - 	       [   5,    1,    0,   24,    1,  745,   11,    1,   94,   10],
[2024-06-19 16:47:17,976][flwr][INFO] - 	       [   9,    2,    1,    1,    5,    7,  884,    1,   48,    0],
[2024-06-19 16:47:17,977][flwr][INFO] - 	       [   0,    6,   21,    5,    1,    0,    0,  932,    9,   54],
[2024-06-19 16:47:17,977][flwr][INFO] - 	       [   0,    0,    1,    7,    2,    3,    6,    2,  945,    8],
[2024-06-19 16:47:17,977][flwr][INFO] - 	       [   3,    5,    0,    4,    7,    1,    2,    4,   40,  943]])),
[2024-06-19 16:47:17,977][flwr][INFO] - 	                      (8,
[2024-06-19 16:47:17,977][flwr][INFO] - 	                       array([[ 930,    0,    0,    5,    0,   10,    7,    2,   26,    0],
[2024-06-19 16:47:17,977][flwr][INFO] - 	       [   0, 1110,    1,    2,    0,    1,    4,    0,   15,    2],
[2024-06-19 16:47:17,977][flwr][INFO] - 	       [   1,    1,  894,   28,    7,    4,   15,   16,   57,    9],
[2024-06-19 16:47:17,977][flwr][INFO] - 	       [   1,    2,    6,  904,    0,    6,    1,   13,   64,   13],
[2024-06-19 16:47:17,977][flwr][INFO] - 	       [   1,    1,    1,    0,  794,    0,   12,    0,   21,  152],
[2024-06-19 16:47:17,977][flwr][INFO] - 	       [   7,    1,    0,   44,    8,  719,   15,    2,   82,   14],
[2024-06-19 16:47:17,977][flwr][INFO] - 	       [   5,    3,    0,    2,    7,    6,  899,    1,   35,    0],
[2024-06-19 16:47:17,977][flwr][INFO] - 	       [   2,    7,   16,    3,    3,    0,    0,  910,    5,   82],
[2024-06-19 16:47:17,977][flwr][INFO] - 	       [   2,    2,    1,   11,    5,    6,    7,    2,  917,   21],
[2024-06-19 16:47:17,977][flwr][INFO] - 	       [   3,    4,    1,    8,    9,    1,    1,    3,   19,  960]])),
[2024-06-19 16:47:17,977][flwr][INFO] - 	                      (9,
[2024-06-19 16:47:17,977][flwr][INFO] - 	                       array([[ 952,    0,    0,    2,    0,    1,    6,    2,   17,    0],
[2024-06-19 16:47:17,977][flwr][INFO] - 	       [   0, 1099,    2,    3,    0,    2,    3,    0,   25,    1],
[2024-06-19 16:47:17,977][flwr][INFO] - 	       [   6,    1,  908,   15,    6,    3,   11,   16,   61,    5],
[2024-06-19 16:47:17,977][flwr][INFO] - 	       [   1,    0,    8,  908,    0,   20,    1,   11,   58,    3],
[2024-06-19 16:47:17,977][flwr][INFO] - 	       [   0,    1,    3,    0,  832,    0,    9,    0,   40,   97],
[2024-06-19 16:47:17,977][flwr][INFO] - 	       [  11,    1,    0,   22,    8,  745,    9,    3,   87,    6],
[2024-06-19 16:47:17,977][flwr][INFO] - 	       [  10,    3,    1,    1,   11,    6,  886,    0,   40,    0],
[2024-06-19 16:47:17,977][flwr][INFO] - 	       [   3,   10,   18,   11,    5,    2,    0,  919,   14,   46],
[2024-06-19 16:47:17,977][flwr][INFO] - 	       [   1,    2,    3,   13,    2,    3,    6,    2,  936,    6],
[2024-06-19 16:47:17,977][flwr][INFO] - 	       [   4,    5,    0,   11,   25,    0,    1,    4,   58,  901]])),
[2024-06-19 16:47:17,977][flwr][INFO] - 	                      (10,
[2024-06-19 16:47:17,977][flwr][INFO] - 	                       array([[ 934,    0,    0,    1,    0,    6,    6,    5,   28,    0],
[2024-06-19 16:47:17,977][flwr][INFO] - 	       [   0, 1092,    0,    3,    0,    1,    4,    0,   33,    2],
[2024-06-19 16:47:17,977][flwr][INFO] - 	       [   3,    1,  894,    5,    1,    3,    9,   20,   92,    4],
[2024-06-19 16:47:17,977][flwr][INFO] - 	       [   0,    0,    7,  806,    0,   81,    3,   19,   90,    4],
[2024-06-19 16:47:17,977][flwr][INFO] - 	       [   0,    1,    6,    0,  729,    5,    2,    3,   55,  181],
[2024-06-19 16:47:17,977][flwr][INFO] - 	       [   4,    1,    0,    7,    0,  810,    8,    3,   55,    4],
[2024-06-19 16:47:17,977][flwr][INFO] - 	       [   8,    2,    3,    0,    4,   21,  868,    1,   51,    0],
[2024-06-19 16:47:17,977][flwr][INFO] - 	       [   0,   10,   15,    4,    0,    0,    0,  966,    8,   25],
[2024-06-19 16:47:17,977][flwr][INFO] - 	       [   2,    1,    2,    6,    2,    7,    5,    3,  938,    8],
[2024-06-19 16:47:17,977][flwr][INFO] - 	       [   3,    1,    0,    5,    6,    6,    1,    7,   38,  942]]))],
[2024-06-19 16:47:17,977][flwr][INFO] - 	 'f1': [(0, 0.03553137346181725),
[2024-06-19 16:47:17,977][flwr][INFO] - 	        (1, 0.5032795647445854),
[2024-06-19 16:47:17,977][flwr][INFO] - 	        (2, 0.852886168105893),
[2024-06-19 16:47:17,977][flwr][INFO] - 	        (3, 0.8860245242540749),
[2024-06-19 16:47:17,977][flwr][INFO] - 	        (4, 0.8960058570005999),
[2024-06-19 16:47:17,977][flwr][INFO] - 	        (5, 0.883369965565256),
[2024-06-19 16:47:17,978][flwr][INFO] - 	        (6, 0.9003034816333536),
[2024-06-19 16:47:17,978][flwr][INFO] - 	        (7, 0.8980266296925955),
[2024-06-19 16:47:17,978][flwr][INFO] - 	        (8, 0.9051880676046922),
[2024-06-19 16:47:17,978][flwr][INFO] - 	        (9, 0.910465649837762),
[2024-06-19 16:47:17,978][flwr][INFO] - 	        (10, 0.8998557481944721)],
[2024-06-19 16:47:17,978][flwr][INFO] - 	 'precision': [(0, 0.12349967530374152),
[2024-06-19 16:47:17,978][flwr][INFO] - 	               (1, 0.6245256296654353),
[2024-06-19 16:47:17,978][flwr][INFO] - 	               (2, 0.863196024504746),
[2024-06-19 16:47:17,978][flwr][INFO] - 	               (3, 0.8903809607205633),
[2024-06-19 16:47:17,978][flwr][INFO] - 	               (4, 0.9003036665052739),
[2024-06-19 16:47:17,978][flwr][INFO] - 	               (5, 0.9003130662825186),
[2024-06-19 16:47:17,978][flwr][INFO] - 	               (6, 0.9105019476491129),
[2024-06-19 16:47:17,978][flwr][INFO] - 	               (7, 0.9129845626072419),
[2024-06-19 16:47:17,978][flwr][INFO] - 	               (8, 0.914326631918585),
[2024-06-19 16:47:17,978][flwr][INFO] - 	               (9, 0.918255987799765),
[2024-06-19 16:47:17,978][flwr][INFO] - 	               (10, 0.9133700393240397)],
[2024-06-19 16:47:17,978][flwr][INFO] - 	 'recall': [(0, 0.1086),
[2024-06-19 16:47:17,978][flwr][INFO] - 	            (1, 0.5479),
[2024-06-19 16:47:17,978][flwr][INFO] - 	            (2, 0.8538),
[2024-06-19 16:47:17,978][flwr][INFO] - 	            (3, 0.8864),
[2024-06-19 16:47:17,978][flwr][INFO] - 	            (4, 0.8955),
[2024-06-19 16:47:17,978][flwr][INFO] - 	            (5, 0.8801),
[2024-06-19 16:47:17,978][flwr][INFO] - 	            (6, 0.8982),
[2024-06-19 16:47:17,978][flwr][INFO] - 	            (7, 0.8948),
[2024-06-19 16:47:17,978][flwr][INFO] - 	            (8, 0.9037),
[2024-06-19 16:47:17,978][flwr][INFO] - 	            (9, 0.9086),
[2024-06-19 16:47:17,978][flwr][INFO] - 	            (10, 0.8979)]}
[2024-06-19 16:47:17,978][flwr][INFO] - 
