[2024-06-21 13:39:18,636][flwr][INFO] - Starting Flower simulation, config: num_rounds=10, no round_timeout
[2024-06-21 13:39:20,622][flwr][INFO] - Flower VCE: Ray initialized with resources: {'memory': 9975036314.0, 'object_store_memory': 2147483648.0, 'node:127.0.0.1': 1.0, 'CPU': 12.0, 'node:__internal_head__': 1.0}
[2024-06-21 13:39:20,622][flwr][INFO] - Optimize your simulation with Flower VCE: https://flower.ai/docs/framework/how-to-run-simulations.html
[2024-06-21 13:39:20,622][flwr][INFO] - Flower VCE: Resources for each Virtual Client: {'num_cpus': 2, 'num_gpus': 0}
[2024-06-21 13:39:20,627][flwr][INFO] - Flower VCE: Creating VirtualClientEngineActorPool with 6 actors
[2024-06-21 13:39:20,628][flwr][INFO] - [INIT]
[2024-06-21 13:39:20,628][flwr][INFO] - Requesting initial parameters from one random client
[2024-06-21 13:39:22,214][flwr][INFO] - Received initial parameters from one random client
[2024-06-21 13:39:22,214][flwr][INFO] - Evaluating initial global parameters
[2024-06-21 13:39:22,540][flwr][INFO] - initial parameters (loss, other metrics): 181.76928067207336, {'accuracy': 0.1086, 'precision': 0.12349967530374152, 'recall': 0.1086, 'f1': 0.03553137346181725, 'confusion_matrix': array([[   0,    8,    0,  956,    0,    1,    0,   15,    0,    0],
       [   0,  122,    0, 1013,    0,    0,    0,    0,    0,    0],
       [   0,   38,    0,  971,    0,    0,    3,   19,    1,    0],
       [   0,   44,    0,  945,    1,    1,    0,   17,    2,    0],
       [   0,  143,    0,  816,    1,    0,    2,   20,    0,    0],
       [   0,  118,    0,  735,    1,    7,    0,   30,    1,    0],
       [   0,  144,    0,  749,   25,    0,    2,   38,    0,    0],
       [   0,  272,    0,  724,    8,    0,    0,    9,   15,    0],
       [   0,   81,    0,  859,    1,    0,    1,   32,    0,    0],
       [   0,  178,    0,  799,    1,    0,    0,   31,    0,    0]])}
[2024-06-21 13:39:22,541][flwr][INFO] - 
[2024-06-21 13:39:22,541][flwr][INFO] - [ROUND 1]
[2024-06-21 13:39:22,541][flwr][INFO] - configure_fit: strategy sampled 10 clients (out of 100)
[2024-06-21 13:39:29,017][flwr][INFO] - aggregate_fit: received 10 results and 0 failures
[2024-06-21 13:39:29,023][flwr][WARNING] - No fit_metrics_aggregation_fn provided
[2024-06-21 13:39:29,354][flwr][INFO] - fit progress: (1, 128.850026845932, {'accuracy': 0.622, 'precision': 0.678930384855121, 'recall': 0.622, 'f1': 0.5864950495561114, 'confusion_matrix': array([[909,   1,   2,  19,   0,   0,  11,  38,   0,   0],
       [  0, 898, 220,  13,   0,   0,   1,   0,   3,   0],
       [ 20,   9, 811, 107,   4,   1,  11,  45,  13,  11],
       [  6,   1,  30, 903,   2,   0,   1,  38,  17,  12],
       [ 15,   6,   6,  27, 484,   0,   7, 283,  20, 134],
       [257,  94,  14, 274,  71,  40,  13,  63,  37,  29],
       [ 48,  12,  70,  22,   7,   7, 731,  60,   0,   1],
       [  5,  10,  34,  14,   3,   0,   0, 929,  13,  20],
       [ 24,  56,  35, 348,   6,   0,   4, 121, 271, 109],
       [ 16,   5,   1,  17,  21,   0,   1, 681,  23, 244]])}, 6.813422916)
[2024-06-21 13:39:29,354][flwr][INFO] - configure_evaluate: no clients selected, skipping evaluation
[2024-06-21 13:39:29,354][flwr][INFO] - 
[2024-06-21 13:39:29,355][flwr][INFO] - [ROUND 2]
[2024-06-21 13:39:29,355][flwr][INFO] - configure_fit: strategy sampled 10 clients (out of 100)
[2024-06-21 13:39:34,127][flwr][INFO] - aggregate_fit: received 10 results and 0 failures
[2024-06-21 13:39:34,455][flwr][INFO] - fit progress: (2, 64.6653302013874, {'accuracy': 0.7958, 'precision': 0.8017961949257996, 'recall': 0.7958, 'f1': 0.7908705210888763, 'confusion_matrix': array([[ 878,    0,    3,   10,   17,   36,   26,    1,    0,    9],
       [   0, 1087,   39,    1,    0,    2,    3,    0,    2,    1],
       [   8,   16,  872,   46,   13,    5,   25,   22,   21,    4],
       [   3,    8,   60,  828,   12,   29,    9,   13,   42,    6],
       [   1,    2,    8,    1,  906,   11,   16,    0,    1,   36],
       [  18,   27,   15,  112,   72,  562,   24,    2,   13,   47],
       [  12,    9,   10,    2,   11,   27,  885,    0,    0,    2],
       [   6,   30,   48,    4,   37,    0,    1,  818,   13,   71],
       [   4,   35,   41,  126,   44,   81,    8,   10,  439,  186],
       [   6,    7,    6,    6,  234,   11,    3,   32,   21,  683]])}, 11.914393958)
[2024-06-21 13:39:34,455][flwr][INFO] - configure_evaluate: no clients selected, skipping evaluation
[2024-06-21 13:39:34,455][flwr][INFO] - 
[2024-06-21 13:39:34,455][flwr][INFO] - [ROUND 3]
[2024-06-21 13:39:34,456][flwr][INFO] - configure_fit: strategy sampled 10 clients (out of 100)
[2024-06-21 13:39:39,291][flwr][INFO] - aggregate_fit: received 10 results and 0 failures
[2024-06-21 13:39:39,631][flwr][INFO] - fit progress: (3, 59.507642447948456, {'accuracy': 0.8119, 'precision': 0.8232002890314885, 'recall': 0.8119, 'f1': 0.8064108617642112, 'confusion_matrix': array([[ 939,    1,    0,    7,    0,    2,   19,    2,    2,    8],
       [   0, 1092,   27,    3,    2,    0,    3,    0,    8,    0],
       [  13,   39,  790,   88,   14,    0,   24,   18,   40,    6],
       [   6,    9,   17,  883,   12,   11,    7,   13,   38,   14],
       [   1,    2,    2,    2,  895,    1,   15,    0,    2,   62],
       [  46,   36,    4,  109,   71,  475,   45,    8,   34,   64],
       [  16,    9,    6,    0,   17,    8,  896,    3,    0,    3],
       [   5,   25,   31,   10,   20,    0,    1,  818,   30,   88],
       [   9,   27,   15,   82,   30,   26,   14,    6,  476,  289],
       [  17,    6,    0,    6,   90,    0,    1,   20,   14,  855]])}, 17.090631916)
[2024-06-21 13:39:39,632][flwr][INFO] - configure_evaluate: no clients selected, skipping evaluation
[2024-06-21 13:39:39,632][flwr][INFO] - 
[2024-06-21 13:39:39,632][flwr][INFO] - [ROUND 4]
[2024-06-21 13:39:39,632][flwr][INFO] - configure_fit: strategy sampled 10 clients (out of 100)
[2024-06-21 13:39:44,485][flwr][INFO] - aggregate_fit: received 10 results and 0 failures
[2024-06-21 13:39:44,819][flwr][INFO] - fit progress: (4, 52.07782760262489, {'accuracy': 0.8421, 'precision': 0.8454826633669532, 'recall': 0.8421, 'f1': 0.8379202126052602, 'confusion_matrix': array([[ 939,    1,    2,    5,    1,    5,   18,    3,    3,    3],
       [   0, 1100,   23,    1,    0,    1,    3,    1,    6,    0],
       [  10,   22,  875,   46,   14,    0,   19,   28,   17,    1],
       [   3,    4,   36,  882,   10,    6,    7,   20,   36,    6],
       [   0,    3,    4,    1,  908,    2,   14,    4,    1,   45],
       [  20,   24,    5,   98,   62,  571,   42,   19,   25,   26],
       [  13,    5,    5,    1,   13,   15,  905,    0,    0,    1],
       [   3,   20,   32,    7,   17,    0,    1,  930,    3,   15],
       [   8,   34,   14,   78,   33,   30,   15,   27,  569,  166],
       [  12,    6,    4,    8,  137,    4,    2,   86,    8,  742]])}, 22.278911416)
[2024-06-21 13:39:44,820][flwr][INFO] - configure_evaluate: no clients selected, skipping evaluation
[2024-06-21 13:39:44,820][flwr][INFO] - 
[2024-06-21 13:39:44,820][flwr][INFO] - [ROUND 5]
[2024-06-21 13:39:44,820][flwr][INFO] - configure_fit: strategy sampled 10 clients (out of 100)
[2024-06-21 13:39:49,691][flwr][INFO] - aggregate_fit: received 10 results and 0 failures
[2024-06-21 13:39:50,035][flwr][INFO] - fit progress: (5, 46.27067585289478, {'accuracy': 0.8504, 'precision': 0.8586212847675546, 'recall': 0.8504, 'f1': 0.848467123287124, 'confusion_matrix': array([[ 959,    1,    0,    2,    1,    1,    8,    3,    1,    4],
       [   0, 1102,   12,    3,    1,    2,    3,    0,   12,    0],
       [  17,   35,  806,   83,   18,    0,   20,   21,   28,    4],
       [   5,    7,    8,  898,    5,   14,    8,   15,   37,   13],
       [   1,    0,    1,    3,  879,    5,   13,    0,    3,   77],
       [  41,   15,    1,   70,   31,  589,   34,   15,   39,   57],
       [  20,    6,    4,    0,   16,   13,  888,    5,    2,    4],
       [   5,   21,   24,    7,   15,    0,    1,  882,   13,   60],
       [  14,   20,    4,   43,   11,   17,   18,   10,  608,  229],
       [  20,    5,    1,    6,   55,    0,    1,   20,    8,  893]])}, 27.494915624999997)
[2024-06-21 13:39:50,036][flwr][INFO] - configure_evaluate: no clients selected, skipping evaluation
[2024-06-21 13:39:50,036][flwr][INFO] - 
[2024-06-21 13:39:50,036][flwr][INFO] - [ROUND 6]
[2024-06-21 13:39:50,036][flwr][INFO] - configure_fit: strategy sampled 10 clients (out of 100)
[2024-06-21 13:39:54,865][flwr][INFO] - aggregate_fit: received 10 results and 0 failures
[2024-06-21 13:39:55,206][flwr][INFO] - fit progress: (6, 43.09858500957489, {'accuracy': 0.8718, 'precision': 0.8786151098124021, 'recall': 0.8718, 'f1': 0.8710574855709181, 'confusion_matrix': array([[ 960,    0,    0,    2,    1,    0,   10,    2,    2,    3],
       [   0, 1099,   18,    3,    1,    0,    4,    1,    9,    0],
       [   9,   15,  894,   27,   10,    0,   28,   23,   23,    3],
       [   3,    4,   25,  874,    4,   16,   11,   19,   38,   16],
       [   1,    2,    3,    1,  812,    2,   19,    1,    4,  137],
       [  25,   19,    3,   48,   18,  642,   51,   23,   32,   31],
       [  12,    6,    3,    0,    1,   10,  920,    3,    2,    1],
       [   3,   16,   39,    4,    5,    0,    4,  908,    5,   44],
       [   9,   16,   10,   28,    7,   17,   21,   10,  682,  174],
       [  16,    5,    1,    3,   25,    1,    2,   20,    9,  927]])}, 32.666028125)
[2024-06-21 13:39:55,207][flwr][INFO] - configure_evaluate: no clients selected, skipping evaluation
[2024-06-21 13:39:55,207][flwr][INFO] - 
[2024-06-21 13:39:55,207][flwr][INFO] - [ROUND 7]
[2024-06-21 13:39:55,207][flwr][INFO] - configure_fit: strategy sampled 10 clients (out of 100)
[2024-06-21 13:40:00,297][flwr][INFO] - aggregate_fit: received 10 results and 0 failures
[2024-06-21 13:40:00,653][flwr][INFO] - fit progress: (7, 41.14883080124855, {'accuracy': 0.8881, 'precision': 0.8889545054085877, 'recall': 0.8881, 'f1': 0.88732720882087, 'confusion_matrix': array([[ 964,    2,    0,    2,    0,    0,    7,    2,    3,    0],
       [   0, 1102,   20,    2,    0,    0,    3,    0,    8,    0],
       [   9,   37,  875,   29,   13,    0,   11,   23,   33,    2],
       [   4,    7,   27,  888,    2,   16,    6,   15,   37,    8],
       [   1,    3,    5,    1,  905,    1,   11,    1,    4,   50],
       [  21,   17,    4,   33,   22,  697,   31,   16,   34,   17],
       [  20,    7,    2,    0,    9,   16,  892,    5,    6,    1],
       [   4,   18,   39,    4,   12,    0,    0,  910,    6,   35],
       [   7,   20,   11,   17,   10,   12,   14,   11,  779,   93],
       [  23,    6,    1,    7,   65,    0,    1,   26,   11,  869]])}, 38.113300290999995)
[2024-06-21 13:40:00,654][flwr][INFO] - configure_evaluate: no clients selected, skipping evaluation
[2024-06-21 13:40:00,654][flwr][INFO] - 
[2024-06-21 13:40:00,654][flwr][INFO] - [ROUND 8]
[2024-06-21 13:40:00,654][flwr][INFO] - configure_fit: strategy sampled 10 clients (out of 100)
[2024-06-21 13:40:06,123][flwr][INFO] - aggregate_fit: received 10 results and 0 failures
[2024-06-21 13:40:06,477][flwr][INFO] - fit progress: (8, 36.42777243256569, {'accuracy': 0.8927, 'precision': 0.894125411890415, 'recall': 0.8927, 'f1': 0.8920625262958, 'confusion_matrix': array([[ 967,    0,    0,    1,    1,    1,    5,    2,    3,    0],
       [   0, 1107,   13,    2,    0,    1,    3,    1,    8,    0],
       [  10,   29,  899,   16,   15,    1,   12,   24,   25,    1],
       [   5,    5,   25,  877,    4,   25,    5,   17,   37,   10],
       [   1,    3,    4,    1,  901,    3,    9,    1,    2,   57],
       [  21,   13,    3,   26,   18,  738,   17,   15,   22,   19],
       [  26,    5,    4,    0,   16,   20,  879,    3,    4,    1],
       [   3,   18,   30,    2,   11,    0,    1,  921,    7,   35],
       [  14,   20,    7,   20,   12,   22,   10,    9,  734,  126],
       [  19,    6,    3,    7,   45,    2,    1,   15,    7,  904]])}, 43.936412790999995)
[2024-06-21 13:40:06,477][flwr][INFO] - configure_evaluate: no clients selected, skipping evaluation
[2024-06-21 13:40:06,477][flwr][INFO] - 
[2024-06-21 13:40:06,477][flwr][INFO] - [ROUND 9]
[2024-06-21 13:40:06,477][flwr][INFO] - configure_fit: strategy sampled 10 clients (out of 100)
[2024-06-21 13:40:11,734][flwr][INFO] - aggregate_fit: received 10 results and 0 failures
[2024-06-21 13:40:12,110][flwr][INFO] - fit progress: (9, 37.52977794408798, {'accuracy': 0.8993, 'precision': 0.899403557089798, 'recall': 0.8993, 'f1': 0.8982863741572764, 'confusion_matrix': array([[ 965,    0,    0,    1,    0,    5,    7,    1,    1,    0],
       [   0, 1117,    3,    3,    1,    2,    3,    1,    5,    0],
       [  17,   30,  873,   30,   14,    2,   15,   21,   29,    1],
       [   5,    5,   15,  886,    3,   33,    8,   19,   28,    8],
       [   1,    3,    3,    1,  920,    6,   16,    1,    3,   28],
       [  19,    4,    0,   18,    3,  778,   30,   12,   18,   10],
       [  20,    4,    2,    0,    5,   17,  906,    1,    3,    0],
       [   4,   22,   29,    2,    8,    0,    1,  941,    4,   17],
       [  15,   19,    5,   16,    7,   48,   18,   14,  749,   83],
       [  21,    6,    0,    6,   71,   12,    0,   26,    9,  858]])}, 49.569740040999996)
[2024-06-21 13:40:12,110][flwr][INFO] - configure_evaluate: no clients selected, skipping evaluation
[2024-06-21 13:40:12,110][flwr][INFO] - 
[2024-06-21 13:40:12,110][flwr][INFO] - [ROUND 10]
[2024-06-21 13:40:12,111][flwr][INFO] - configure_fit: strategy sampled 10 clients (out of 100)
[2024-06-21 13:40:17,130][flwr][INFO] - aggregate_fit: received 10 results and 0 failures
[2024-06-21 13:40:17,474][flwr][INFO] - fit progress: (10, 35.36032459139824, {'accuracy': 0.9009, 'precision': 0.9035793338472283, 'recall': 0.9009, 'f1': 0.9008476672095233, 'confusion_matrix': array([[ 960,    0,    0,    1,    1,    3,    6,    3,    2,    4],
       [   0, 1115,    5,    3,    1,    0,    3,    1,    7,    0],
       [  13,   21,  882,   21,   15,    2,   11,   26,   34,    7],
       [   3,    5,   17,  872,    4,   36,    3,   17,   38,   15],
       [   1,    4,    4,    1,  866,    1,    9,    1,    2,   93],
       [  15,   10,    1,   21,   10,  764,   20,   16,   17,   18],
       [  15,    4,    1,    0,   10,   19,  894,    5,   10,    0],
       [   4,   16,   25,    3,    6,    0,    1,  944,    6,   23],
       [   5,   14,    3,   11,    9,   14,   11,   10,  779,  118],
       [  13,    6,    0,    4,   20,    8,    0,   19,    6,  933]])}, 54.933931582999996)
[2024-06-21 13:40:17,474][flwr][INFO] - configure_evaluate: no clients selected, skipping evaluation
[2024-06-21 13:40:17,474][flwr][INFO] - 
[2024-06-21 13:40:17,474][flwr][INFO] - [SUMMARY]
[2024-06-21 13:40:17,475][flwr][INFO] - Run finished 10 round(s) in 54.93s
[2024-06-21 13:40:17,478][flwr][INFO] - 	History (loss, centralized):
[2024-06-21 13:40:17,478][flwr][INFO] - 		round 0: 181.76928067207336
[2024-06-21 13:40:17,478][flwr][INFO] - 		round 1: 128.850026845932
[2024-06-21 13:40:17,478][flwr][INFO] - 		round 2: 64.6653302013874
[2024-06-21 13:40:17,478][flwr][INFO] - 		round 3: 59.507642447948456
[2024-06-21 13:40:17,478][flwr][INFO] - 		round 4: 52.07782760262489
[2024-06-21 13:40:17,478][flwr][INFO] - 		round 5: 46.27067585289478
[2024-06-21 13:40:17,478][flwr][INFO] - 		round 6: 43.09858500957489
[2024-06-21 13:40:17,479][flwr][INFO] - 		round 7: 41.14883080124855
[2024-06-21 13:40:17,479][flwr][INFO] - 		round 8: 36.42777243256569
[2024-06-21 13:40:17,479][flwr][INFO] - 		round 9: 37.52977794408798
[2024-06-21 13:40:17,479][flwr][INFO] - 		round 10: 35.36032459139824
[2024-06-21 13:40:17,479][flwr][INFO] - 	History (metrics, centralized):
[2024-06-21 13:40:17,479][flwr][INFO] - 	{'accuracy': [(0, 0.1086),
[2024-06-21 13:40:17,479][flwr][INFO] - 	              (1, 0.622),
[2024-06-21 13:40:17,479][flwr][INFO] - 	              (2, 0.7958),
[2024-06-21 13:40:17,479][flwr][INFO] - 	              (3, 0.8119),
[2024-06-21 13:40:17,479][flwr][INFO] - 	              (4, 0.8421),
[2024-06-21 13:40:17,479][flwr][INFO] - 	              (5, 0.8504),
[2024-06-21 13:40:17,479][flwr][INFO] - 	              (6, 0.8718),
[2024-06-21 13:40:17,479][flwr][INFO] - 	              (7, 0.8881),
[2024-06-21 13:40:17,479][flwr][INFO] - 	              (8, 0.8927),
[2024-06-21 13:40:17,479][flwr][INFO] - 	              (9, 0.8993),
[2024-06-21 13:40:17,479][flwr][INFO] - 	              (10, 0.9009)],
[2024-06-21 13:40:17,479][flwr][INFO] - 	 'confusion_matrix': [(0,
[2024-06-21 13:40:17,479][flwr][INFO] - 	                       array([[   0,    8,    0,  956,    0,    1,    0,   15,    0,    0],
[2024-06-21 13:40:17,479][flwr][INFO] - 	       [   0,  122,    0, 1013,    0,    0,    0,    0,    0,    0],
[2024-06-21 13:40:17,479][flwr][INFO] - 	       [   0,   38,    0,  971,    0,    0,    3,   19,    1,    0],
[2024-06-21 13:40:17,479][flwr][INFO] - 	       [   0,   44,    0,  945,    1,    1,    0,   17,    2,    0],
[2024-06-21 13:40:17,479][flwr][INFO] - 	       [   0,  143,    0,  816,    1,    0,    2,   20,    0,    0],
[2024-06-21 13:40:17,479][flwr][INFO] - 	       [   0,  118,    0,  735,    1,    7,    0,   30,    1,    0],
[2024-06-21 13:40:17,479][flwr][INFO] - 	       [   0,  144,    0,  749,   25,    0,    2,   38,    0,    0],
[2024-06-21 13:40:17,479][flwr][INFO] - 	       [   0,  272,    0,  724,    8,    0,    0,    9,   15,    0],
[2024-06-21 13:40:17,479][flwr][INFO] - 	       [   0,   81,    0,  859,    1,    0,    1,   32,    0,    0],
[2024-06-21 13:40:17,479][flwr][INFO] - 	       [   0,  178,    0,  799,    1,    0,    0,   31,    0,    0]])),
[2024-06-21 13:40:17,479][flwr][INFO] - 	                      (1,
[2024-06-21 13:40:17,479][flwr][INFO] - 	                       array([[909,   1,   2,  19,   0,   0,  11,  38,   0,   0],
[2024-06-21 13:40:17,479][flwr][INFO] - 	       [  0, 898, 220,  13,   0,   0,   1,   0,   3,   0],
[2024-06-21 13:40:17,479][flwr][INFO] - 	       [ 20,   9, 811, 107,   4,   1,  11,  45,  13,  11],
[2024-06-21 13:40:17,479][flwr][INFO] - 	       [  6,   1,  30, 903,   2,   0,   1,  38,  17,  12],
[2024-06-21 13:40:17,479][flwr][INFO] - 	       [ 15,   6,   6,  27, 484,   0,   7, 283,  20, 134],
[2024-06-21 13:40:17,479][flwr][INFO] - 	       [257,  94,  14, 274,  71,  40,  13,  63,  37,  29],
[2024-06-21 13:40:17,479][flwr][INFO] - 	       [ 48,  12,  70,  22,   7,   7, 731,  60,   0,   1],
[2024-06-21 13:40:17,479][flwr][INFO] - 	       [  5,  10,  34,  14,   3,   0,   0, 929,  13,  20],
[2024-06-21 13:40:17,479][flwr][INFO] - 	       [ 24,  56,  35, 348,   6,   0,   4, 121, 271, 109],
[2024-06-21 13:40:17,479][flwr][INFO] - 	       [ 16,   5,   1,  17,  21,   0,   1, 681,  23, 244]])),
[2024-06-21 13:40:17,479][flwr][INFO] - 	                      (2,
[2024-06-21 13:40:17,479][flwr][INFO] - 	                       array([[ 878,    0,    3,   10,   17,   36,   26,    1,    0,    9],
[2024-06-21 13:40:17,479][flwr][INFO] - 	       [   0, 1087,   39,    1,    0,    2,    3,    0,    2,    1],
[2024-06-21 13:40:17,479][flwr][INFO] - 	       [   8,   16,  872,   46,   13,    5,   25,   22,   21,    4],
[2024-06-21 13:40:17,479][flwr][INFO] - 	       [   3,    8,   60,  828,   12,   29,    9,   13,   42,    6],
[2024-06-21 13:40:17,479][flwr][INFO] - 	       [   1,    2,    8,    1,  906,   11,   16,    0,    1,   36],
[2024-06-21 13:40:17,480][flwr][INFO] - 	       [  18,   27,   15,  112,   72,  562,   24,    2,   13,   47],
[2024-06-21 13:40:17,480][flwr][INFO] - 	       [  12,    9,   10,    2,   11,   27,  885,    0,    0,    2],
[2024-06-21 13:40:17,480][flwr][INFO] - 	       [   6,   30,   48,    4,   37,    0,    1,  818,   13,   71],
[2024-06-21 13:40:17,480][flwr][INFO] - 	       [   4,   35,   41,  126,   44,   81,    8,   10,  439,  186],
[2024-06-21 13:40:17,480][flwr][INFO] - 	       [   6,    7,    6,    6,  234,   11,    3,   32,   21,  683]])),
[2024-06-21 13:40:17,480][flwr][INFO] - 	                      (3,
[2024-06-21 13:40:17,480][flwr][INFO] - 	                       array([[ 939,    1,    0,    7,    0,    2,   19,    2,    2,    8],
[2024-06-21 13:40:17,480][flwr][INFO] - 	       [   0, 1092,   27,    3,    2,    0,    3,    0,    8,    0],
[2024-06-21 13:40:17,480][flwr][INFO] - 	       [  13,   39,  790,   88,   14,    0,   24,   18,   40,    6],
[2024-06-21 13:40:17,480][flwr][INFO] - 	       [   6,    9,   17,  883,   12,   11,    7,   13,   38,   14],
[2024-06-21 13:40:17,480][flwr][INFO] - 	       [   1,    2,    2,    2,  895,    1,   15,    0,    2,   62],
[2024-06-21 13:40:17,480][flwr][INFO] - 	       [  46,   36,    4,  109,   71,  475,   45,    8,   34,   64],
[2024-06-21 13:40:17,480][flwr][INFO] - 	       [  16,    9,    6,    0,   17,    8,  896,    3,    0,    3],
[2024-06-21 13:40:17,480][flwr][INFO] - 	       [   5,   25,   31,   10,   20,    0,    1,  818,   30,   88],
[2024-06-21 13:40:17,480][flwr][INFO] - 	       [   9,   27,   15,   82,   30,   26,   14,    6,  476,  289],
[2024-06-21 13:40:17,480][flwr][INFO] - 	       [  17,    6,    0,    6,   90,    0,    1,   20,   14,  855]])),
[2024-06-21 13:40:17,480][flwr][INFO] - 	                      (4,
[2024-06-21 13:40:17,480][flwr][INFO] - 	                       array([[ 939,    1,    2,    5,    1,    5,   18,    3,    3,    3],
[2024-06-21 13:40:17,480][flwr][INFO] - 	       [   0, 1100,   23,    1,    0,    1,    3,    1,    6,    0],
[2024-06-21 13:40:17,480][flwr][INFO] - 	       [  10,   22,  875,   46,   14,    0,   19,   28,   17,    1],
[2024-06-21 13:40:17,480][flwr][INFO] - 	       [   3,    4,   36,  882,   10,    6,    7,   20,   36,    6],
[2024-06-21 13:40:17,480][flwr][INFO] - 	       [   0,    3,    4,    1,  908,    2,   14,    4,    1,   45],
[2024-06-21 13:40:17,480][flwr][INFO] - 	       [  20,   24,    5,   98,   62,  571,   42,   19,   25,   26],
[2024-06-21 13:40:17,480][flwr][INFO] - 	       [  13,    5,    5,    1,   13,   15,  905,    0,    0,    1],
[2024-06-21 13:40:17,480][flwr][INFO] - 	       [   3,   20,   32,    7,   17,    0,    1,  930,    3,   15],
[2024-06-21 13:40:17,480][flwr][INFO] - 	       [   8,   34,   14,   78,   33,   30,   15,   27,  569,  166],
[2024-06-21 13:40:17,480][flwr][INFO] - 	       [  12,    6,    4,    8,  137,    4,    2,   86,    8,  742]])),
[2024-06-21 13:40:17,480][flwr][INFO] - 	                      (5,
[2024-06-21 13:40:17,480][flwr][INFO] - 	                       array([[ 959,    1,    0,    2,    1,    1,    8,    3,    1,    4],
[2024-06-21 13:40:17,480][flwr][INFO] - 	       [   0, 1102,   12,    3,    1,    2,    3,    0,   12,    0],
[2024-06-21 13:40:17,480][flwr][INFO] - 	       [  17,   35,  806,   83,   18,    0,   20,   21,   28,    4],
[2024-06-21 13:40:17,480][flwr][INFO] - 	       [   5,    7,    8,  898,    5,   14,    8,   15,   37,   13],
[2024-06-21 13:40:17,480][flwr][INFO] - 	       [   1,    0,    1,    3,  879,    5,   13,    0,    3,   77],
[2024-06-21 13:40:17,480][flwr][INFO] - 	       [  41,   15,    1,   70,   31,  589,   34,   15,   39,   57],
[2024-06-21 13:40:17,480][flwr][INFO] - 	       [  20,    6,    4,    0,   16,   13,  888,    5,    2,    4],
[2024-06-21 13:40:17,480][flwr][INFO] - 	       [   5,   21,   24,    7,   15,    0,    1,  882,   13,   60],
[2024-06-21 13:40:17,480][flwr][INFO] - 	       [  14,   20,    4,   43,   11,   17,   18,   10,  608,  229],
[2024-06-21 13:40:17,480][flwr][INFO] - 	       [  20,    5,    1,    6,   55,    0,    1,   20,    8,  893]])),
[2024-06-21 13:40:17,480][flwr][INFO] - 	                      (6,
[2024-06-21 13:40:17,480][flwr][INFO] - 	                       array([[ 960,    0,    0,    2,    1,    0,   10,    2,    2,    3],
[2024-06-21 13:40:17,480][flwr][INFO] - 	       [   0, 1099,   18,    3,    1,    0,    4,    1,    9,    0],
[2024-06-21 13:40:17,480][flwr][INFO] - 	       [   9,   15,  894,   27,   10,    0,   28,   23,   23,    3],
[2024-06-21 13:40:17,480][flwr][INFO] - 	       [   3,    4,   25,  874,    4,   16,   11,   19,   38,   16],
[2024-06-21 13:40:17,480][flwr][INFO] - 	       [   1,    2,    3,    1,  812,    2,   19,    1,    4,  137],
[2024-06-21 13:40:17,480][flwr][INFO] - 	       [  25,   19,    3,   48,   18,  642,   51,   23,   32,   31],
[2024-06-21 13:40:17,480][flwr][INFO] - 	       [  12,    6,    3,    0,    1,   10,  920,    3,    2,    1],
[2024-06-21 13:40:17,480][flwr][INFO] - 	       [   3,   16,   39,    4,    5,    0,    4,  908,    5,   44],
[2024-06-21 13:40:17,480][flwr][INFO] - 	       [   9,   16,   10,   28,    7,   17,   21,   10,  682,  174],
[2024-06-21 13:40:17,480][flwr][INFO] - 	       [  16,    5,    1,    3,   25,    1,    2,   20,    9,  927]])),
[2024-06-21 13:40:17,481][flwr][INFO] - 	                      (7,
[2024-06-21 13:40:17,481][flwr][INFO] - 	                       array([[ 964,    2,    0,    2,    0,    0,    7,    2,    3,    0],
[2024-06-21 13:40:17,481][flwr][INFO] - 	       [   0, 1102,   20,    2,    0,    0,    3,    0,    8,    0],
[2024-06-21 13:40:17,481][flwr][INFO] - 	       [   9,   37,  875,   29,   13,    0,   11,   23,   33,    2],
[2024-06-21 13:40:17,481][flwr][INFO] - 	       [   4,    7,   27,  888,    2,   16,    6,   15,   37,    8],
[2024-06-21 13:40:17,481][flwr][INFO] - 	       [   1,    3,    5,    1,  905,    1,   11,    1,    4,   50],
[2024-06-21 13:40:17,481][flwr][INFO] - 	       [  21,   17,    4,   33,   22,  697,   31,   16,   34,   17],
[2024-06-21 13:40:17,481][flwr][INFO] - 	       [  20,    7,    2,    0,    9,   16,  892,    5,    6,    1],
[2024-06-21 13:40:17,481][flwr][INFO] - 	       [   4,   18,   39,    4,   12,    0,    0,  910,    6,   35],
[2024-06-21 13:40:17,481][flwr][INFO] - 	       [   7,   20,   11,   17,   10,   12,   14,   11,  779,   93],
[2024-06-21 13:40:17,481][flwr][INFO] - 	       [  23,    6,    1,    7,   65,    0,    1,   26,   11,  869]])),
[2024-06-21 13:40:17,481][flwr][INFO] - 	                      (8,
[2024-06-21 13:40:17,481][flwr][INFO] - 	                       array([[ 967,    0,    0,    1,    1,    1,    5,    2,    3,    0],
[2024-06-21 13:40:17,481][flwr][INFO] - 	       [   0, 1107,   13,    2,    0,    1,    3,    1,    8,    0],
[2024-06-21 13:40:17,481][flwr][INFO] - 	       [  10,   29,  899,   16,   15,    1,   12,   24,   25,    1],
[2024-06-21 13:40:17,481][flwr][INFO] - 	       [   5,    5,   25,  877,    4,   25,    5,   17,   37,   10],
[2024-06-21 13:40:17,481][flwr][INFO] - 	       [   1,    3,    4,    1,  901,    3,    9,    1,    2,   57],
[2024-06-21 13:40:17,481][flwr][INFO] - 	       [  21,   13,    3,   26,   18,  738,   17,   15,   22,   19],
[2024-06-21 13:40:17,481][flwr][INFO] - 	       [  26,    5,    4,    0,   16,   20,  879,    3,    4,    1],
[2024-06-21 13:40:17,481][flwr][INFO] - 	       [   3,   18,   30,    2,   11,    0,    1,  921,    7,   35],
[2024-06-21 13:40:17,481][flwr][INFO] - 	       [  14,   20,    7,   20,   12,   22,   10,    9,  734,  126],
[2024-06-21 13:40:17,481][flwr][INFO] - 	       [  19,    6,    3,    7,   45,    2,    1,   15,    7,  904]])),
[2024-06-21 13:40:17,481][flwr][INFO] - 	                      (9,
[2024-06-21 13:40:17,481][flwr][INFO] - 	                       array([[ 965,    0,    0,    1,    0,    5,    7,    1,    1,    0],
[2024-06-21 13:40:17,481][flwr][INFO] - 	       [   0, 1117,    3,    3,    1,    2,    3,    1,    5,    0],
[2024-06-21 13:40:17,481][flwr][INFO] - 	       [  17,   30,  873,   30,   14,    2,   15,   21,   29,    1],
[2024-06-21 13:40:17,481][flwr][INFO] - 	       [   5,    5,   15,  886,    3,   33,    8,   19,   28,    8],
[2024-06-21 13:40:17,481][flwr][INFO] - 	       [   1,    3,    3,    1,  920,    6,   16,    1,    3,   28],
[2024-06-21 13:40:17,481][flwr][INFO] - 	       [  19,    4,    0,   18,    3,  778,   30,   12,   18,   10],
[2024-06-21 13:40:17,481][flwr][INFO] - 	       [  20,    4,    2,    0,    5,   17,  906,    1,    3,    0],
[2024-06-21 13:40:17,481][flwr][INFO] - 	       [   4,   22,   29,    2,    8,    0,    1,  941,    4,   17],
[2024-06-21 13:40:17,481][flwr][INFO] - 	       [  15,   19,    5,   16,    7,   48,   18,   14,  749,   83],
[2024-06-21 13:40:17,481][flwr][INFO] - 	       [  21,    6,    0,    6,   71,   12,    0,   26,    9,  858]])),
[2024-06-21 13:40:17,481][flwr][INFO] - 	                      (10,
[2024-06-21 13:40:17,481][flwr][INFO] - 	                       array([[ 960,    0,    0,    1,    1,    3,    6,    3,    2,    4],
[2024-06-21 13:40:17,481][flwr][INFO] - 	       [   0, 1115,    5,    3,    1,    0,    3,    1,    7,    0],
[2024-06-21 13:40:17,481][flwr][INFO] - 	       [  13,   21,  882,   21,   15,    2,   11,   26,   34,    7],
[2024-06-21 13:40:17,481][flwr][INFO] - 	       [   3,    5,   17,  872,    4,   36,    3,   17,   38,   15],
[2024-06-21 13:40:17,481][flwr][INFO] - 	       [   1,    4,    4,    1,  866,    1,    9,    1,    2,   93],
[2024-06-21 13:40:17,481][flwr][INFO] - 	       [  15,   10,    1,   21,   10,  764,   20,   16,   17,   18],
[2024-06-21 13:40:17,481][flwr][INFO] - 	       [  15,    4,    1,    0,   10,   19,  894,    5,   10,    0],
[2024-06-21 13:40:17,481][flwr][INFO] - 	       [   4,   16,   25,    3,    6,    0,    1,  944,    6,   23],
[2024-06-21 13:40:17,481][flwr][INFO] - 	       [   5,   14,    3,   11,    9,   14,   11,   10,  779,  118],
[2024-06-21 13:40:17,481][flwr][INFO] - 	       [  13,    6,    0,    4,   20,    8,    0,   19,    6,  933]]))],
[2024-06-21 13:40:17,481][flwr][INFO] - 	 'f1': [(0, 0.03553137346181725),
[2024-06-21 13:40:17,481][flwr][INFO] - 	        (1, 0.5864950495561114),
[2024-06-21 13:40:17,481][flwr][INFO] - 	        (2, 0.7908705210888763),
[2024-06-21 13:40:17,481][flwr][INFO] - 	        (3, 0.8064108617642112),
[2024-06-21 13:40:17,481][flwr][INFO] - 	        (4, 0.8379202126052602),
[2024-06-21 13:40:17,482][flwr][INFO] - 	        (5, 0.848467123287124),
[2024-06-21 13:40:17,482][flwr][INFO] - 	        (6, 0.8710574855709181),
[2024-06-21 13:40:17,482][flwr][INFO] - 	        (7, 0.88732720882087),
[2024-06-21 13:40:17,482][flwr][INFO] - 	        (8, 0.8920625262958),
[2024-06-21 13:40:17,482][flwr][INFO] - 	        (9, 0.8982863741572764),
[2024-06-21 13:40:17,482][flwr][INFO] - 	        (10, 0.9008476672095233)],
[2024-06-21 13:40:17,482][flwr][INFO] - 	 'precision': [(0, 0.12349967530374152),
[2024-06-21 13:40:17,482][flwr][INFO] - 	               (1, 0.678930384855121),
[2024-06-21 13:40:17,482][flwr][INFO] - 	               (2, 0.8017961949257996),
[2024-06-21 13:40:17,482][flwr][INFO] - 	               (3, 0.8232002890314885),
[2024-06-21 13:40:17,482][flwr][INFO] - 	               (4, 0.8454826633669532),
[2024-06-21 13:40:17,482][flwr][INFO] - 	               (5, 0.8586212847675546),
[2024-06-21 13:40:17,482][flwr][INFO] - 	               (6, 0.8786151098124021),
[2024-06-21 13:40:17,482][flwr][INFO] - 	               (7, 0.8889545054085877),
[2024-06-21 13:40:17,482][flwr][INFO] - 	               (8, 0.894125411890415),
[2024-06-21 13:40:17,482][flwr][INFO] - 	               (9, 0.899403557089798),
[2024-06-21 13:40:17,482][flwr][INFO] - 	               (10, 0.9035793338472283)],
[2024-06-21 13:40:17,482][flwr][INFO] - 	 'recall': [(0, 0.1086),
[2024-06-21 13:40:17,482][flwr][INFO] - 	            (1, 0.622),
[2024-06-21 13:40:17,482][flwr][INFO] - 	            (2, 0.7958),
[2024-06-21 13:40:17,482][flwr][INFO] - 	            (3, 0.8119),
[2024-06-21 13:40:17,482][flwr][INFO] - 	            (4, 0.8421),
[2024-06-21 13:40:17,482][flwr][INFO] - 	            (5, 0.8504),
[2024-06-21 13:40:17,482][flwr][INFO] - 	            (6, 0.8718),
[2024-06-21 13:40:17,482][flwr][INFO] - 	            (7, 0.8881),
[2024-06-21 13:40:17,482][flwr][INFO] - 	            (8, 0.8927),
[2024-06-21 13:40:17,482][flwr][INFO] - 	            (9, 0.8993),
[2024-06-21 13:40:17,482][flwr][INFO] - 	            (10, 0.9009)]}
[2024-06-21 13:40:17,482][flwr][INFO] - 
