[2024-07-08 18:34:32,751][flwr][INFO] - Starting Flower simulation, config: num_rounds=10, no round_timeout
[2024-07-08 18:34:33,560][flwr][INFO] - Flower VCE: Ray initialized with resources: {'memory': 8712842445.0, 'object_store_memory': 2147483648.0, 'node:127.0.0.1': 1.0, 'node:__internal_head__': 1.0, 'CPU': 12.0}
[2024-07-08 18:34:33,560][flwr][INFO] - Optimize your simulation with Flower VCE: https://flower.ai/docs/framework/how-to-run-simulations.html
[2024-07-08 18:34:33,560][flwr][INFO] - Flower VCE: Resources for each Virtual Client: {'num_cpus': 2, 'num_gpus': 0}
[2024-07-08 18:34:33,566][flwr][INFO] - Flower VCE: Creating VirtualClientEngineActorPool with 6 actors
[2024-07-08 18:34:33,566][flwr][INFO] - [INIT]
[2024-07-08 18:34:33,566][flwr][INFO] - Requesting initial parameters from one random client
[2024-07-08 18:34:35,015][flwr][INFO] - Received initial parameters from one random client
[2024-07-08 18:34:35,015][flwr][INFO] - Evaluating initial global parameters
[2024-07-08 18:34:35,363][flwr][INFO] - initial parameters (loss, other metrics): 181.76928067207336, {'accuracy': 0.1086, 'precision': 0.12349967530374152, 'recall': 0.1086, 'f1': 0.03553137346181725, 'confusion_matrix': array([[   0,    8,    0,  956,    0,    1,    0,   15,    0,    0],
       [   0,  122,    0, 1013,    0,    0,    0,    0,    0,    0],
       [   0,   38,    0,  971,    0,    0,    3,   19,    1,    0],
       [   0,   44,    0,  945,    1,    1,    0,   17,    2,    0],
       [   0,  143,    0,  816,    1,    0,    2,   20,    0,    0],
       [   0,  118,    0,  735,    1,    7,    0,   30,    1,    0],
       [   0,  144,    0,  749,   25,    0,    2,   38,    0,    0],
       [   0,  272,    0,  724,    8,    0,    0,    9,   15,    0],
       [   0,   81,    0,  859,    1,    0,    1,   32,    0,    0],
       [   0,  178,    0,  799,    1,    0,    0,   31,    0,    0]])}
[2024-07-08 18:34:35,363][flwr][INFO] - 
[2024-07-08 18:34:35,364][flwr][INFO] - [ROUND 1]
[2024-07-08 18:34:35,364][flwr][INFO] - configure_fit: strategy sampled 10 clients (out of 10)
[2024-07-08 18:34:43,287][flwr][INFO] - aggregate_fit: received 10 results and 0 failures
[2024-07-08 18:34:43,293][flwr][WARNING] - No fit_metrics_aggregation_fn provided
[2024-07-08 18:34:43,820][flwr][INFO] - fit progress: (1, 300.6264853477478, {'accuracy': 0.0109, 'precision': 0.010487903280676706, 'recall': 0.0109, 'f1': 0.01024539377272157, 'confusion_matrix': array([[  14,  947,    0,    1,    0,    0,    7,   10,    0,    1],
       [   2,    0, 1113,    2,    1,    0,    2,    7,    0,    8],
       [  30,   15,    7,  885,    6,    1,    4,   41,   21,   22],
       [  32,   13,    3,   45,  690,    0,  157,    9,   22,   39],
       [ 816,    2,    6,    4,    0,  107,   18,   27,    0,    2],
       [  24,   16,    5,    3,    3,    1,  818,   13,    0,    9],
       [   4,    9,    4,    6,    0,    0,   31,  903,    1,    0],
       [ 101,    2,   13,   15,    1,    1,    2,    0,  891,    2],
       [  90,    6,   23,    7,    8,    0,  115,   16,    9,  700],
       [ 970,    4,    7,    0,    1,    0,   20,    1,    4,    2]])}, 8.456265667)
[2024-07-08 18:34:43,820][flwr][INFO] - configure_evaluate: no clients selected, skipping evaluation
[2024-07-08 18:34:43,820][flwr][INFO] - 
[2024-07-08 18:34:43,820][flwr][INFO] - [ROUND 2]
[2024-07-08 18:34:43,821][flwr][INFO] - configure_fit: strategy sampled 10 clients (out of 10)
[2024-07-08 18:34:51,133][flwr][INFO] - aggregate_fit: received 10 results and 0 failures
[2024-07-08 18:34:51,482][flwr][INFO] - fit progress: (2, 554.077112197876, {'accuracy': 0.0076, 'precision': 0.0075283249973229415, 'recall': 0.0076, 'f1': 0.007555539960675574, 'confusion_matrix': array([[   2,  964,    0,    0,    0,    0,    3,    6,    0,    5],
       [   0,    0, 1112,    2,    1,    0,    0,    3,    0,   17],
       [   5,   14,    2,  956,    7,    7,    1,   10,    7,   23],
       [   5,    5,    4,   27,  897,    1,   25,    1,    9,   36],
       [  42,    1,    0,    3,    0,  910,    0,   14,    1,   11],
       [  10,   10,    1,    3,   13,    6,  807,   15,    0,   27],
       [   0,    7,    3,    1,    0,    5,   15,  921,    0,    6],
       [  61,    1,    9,   28,    4,    7,    0,    0,  914,    4],
       [   5,    5,    2,    3,    6,    7,    5,    9,    3,  929],
       [ 943,    4,    6,    0,    6,   20,    6,    1,    2,   21]])}, 16.118295083)
[2024-07-08 18:34:51,482][flwr][INFO] - configure_evaluate: no clients selected, skipping evaluation
[2024-07-08 18:34:51,482][flwr][INFO] - 
[2024-07-08 18:34:51,482][flwr][INFO] - [ROUND 3]
[2024-07-08 18:34:51,482][flwr][INFO] - configure_fit: strategy sampled 10 clients (out of 10)
[2024-07-08 18:34:58,096][flwr][INFO] - aggregate_fit: received 10 results and 0 failures
[2024-07-08 18:34:58,453][flwr][INFO] - fit progress: (3, 608.5158729553223, {'accuracy': 0.0059, 'precision': 0.005854671511022469, 'recall': 0.0059, 'f1': 0.005870921330595449, 'confusion_matrix': array([[   1,  963,    0,    1,    0,    0,    3,    8,    1,    3],
       [   0,    0, 1118,    3,    1,    0,    1,    3,    0,    9],
       [   0,   10,    1,  986,   10,    5,    0,    7,    7,    6],
       [   4,    0,    2,   25,  921,    0,   24,    1,   12,   21],
       [  17,    1,    1,    3,    0,  938,    0,   17,    2,    3],
       [   6,   10,    2,    1,   11,    6,  826,   14,    2,   14],
       [   0,    7,    3,    0,    1,    3,   14,  925,    0,    5],
       [  30,    1,    8,   28,    3,    5,    1,    0,  951,    1],
       [   5,    5,    2,    2,    4,   11,    8,    9,    4,  924],
       [ 921,    5,    6,    0,    7,   52,    2,    1,    7,    8]])}, 23.090073875)
[2024-07-08 18:34:58,454][flwr][INFO] - configure_evaluate: no clients selected, skipping evaluation
[2024-07-08 18:34:58,454][flwr][INFO] - 
[2024-07-08 18:34:58,454][flwr][INFO] - [ROUND 4]
[2024-07-08 18:34:58,454][flwr][INFO] - configure_fit: strategy sampled 10 clients (out of 10)
[2024-07-08 18:35:04,863][flwr][INFO] - aggregate_fit: received 10 results and 0 failures
[2024-07-08 18:35:05,233][flwr][INFO] - fit progress: (4, 687.9160103797913, {'accuracy': 0.0066, 'precision': 0.006567062289077726, 'recall': 0.0066, 'f1': 0.006578197246287599, 'confusion_matrix': array([[   0,  964,    1,    1,    1,    0,    4,    5,    1,    3],
       [   0,    0, 1124,    4,    1,    0,    0,    1,    0,    5],
       [   0,    6,    1, 1004,    5,    3,    2,    3,    5,    3],
       [   4,    0,    1,   26,  933,    0,   14,    0,    9,   23],
       [  19,    1,    2,    7,    1,  935,    0,   12,    2,    3],
       [   6,    4,    2,    1,   15,    2,  841,    8,    1,   12],
       [   0,    5,    4,    0,    1,    3,   21,  919,    0,    5],
       [  19,    1,    8,   21,    3,    5,    2,    0,  968,    1],
       [   1,    3,    2,    4,    7,    4,    8,    7,    5,  933],
       [ 930,    5,    6,    2,    7,   36,    5,    1,    7,   10]])}, 29.869402708000003)
[2024-07-08 18:35:05,233][flwr][INFO] - configure_evaluate: no clients selected, skipping evaluation
[2024-07-08 18:35:05,233][flwr][INFO] - 
[2024-07-08 18:35:05,233][flwr][INFO] - [ROUND 5]
[2024-07-08 18:35:05,233][flwr][INFO] - configure_fit: strategy sampled 10 clients (out of 10)
[2024-07-08 18:35:11,518][flwr][INFO] - aggregate_fit: received 10 results and 0 failures
[2024-07-08 18:35:11,865][flwr][INFO] - fit progress: (5, 721.4674515724182, {'accuracy': 0.0035, 'precision': 0.0035887354258477763, 'recall': 0.0035, 'f1': 0.0035400346268299643, 'confusion_matrix': array([[   1,  964,    0,    1,    1,    0,    1,    5,    1,    6],
       [   0,    0, 1119,    4,    4,    0,    1,    1,    0,    6],
       [   0,    6,    1,  997,   10,    4,    2,    2,    5,    5],
       [   0,    0,    0,    7,  960,    0,   10,    0,   10,   23],
       [  31,    1,    0,    3,    0,  924,    0,   11,    5,    7],
       [   7,    5,    1,    0,   29,    2,  830,    5,    1,   12],
       [   1,    6,    3,    0,    1,    5,   14,  923,    0,    5],
       [  23,    1,    8,   21,    5,    3,    0,    0,  965,    2],
       [   1,    2,    0,    2,    7,    3,    6,    4,    2,  947],
       [ 956,    2,    6,    1,    9,   16,    3,    1,    7,    8]])}, 36.502389542)
[2024-07-08 18:35:11,866][flwr][INFO] - configure_evaluate: no clients selected, skipping evaluation
[2024-07-08 18:35:11,866][flwr][INFO] - 
[2024-07-08 18:35:11,866][flwr][INFO] - [ROUND 6]
[2024-07-08 18:35:11,866][flwr][INFO] - configure_fit: strategy sampled 10 clients (out of 10)
[2024-07-08 18:35:18,131][flwr][INFO] - aggregate_fit: received 10 results and 0 failures
[2024-07-08 18:35:18,482][flwr][INFO] - fit progress: (6, 792.8401985168457, {'accuracy': 0.0041, 'precision': 0.004124843159867801, 'recall': 0.0041, 'f1': 0.004107102281213282, 'confusion_matrix': array([[   0,  968,    0,    0,    0,    0,    2,    3,    1,    6],
       [   0,    0, 1122,    4,    2,    0,    0,    1,    0,    6],
       [   0,    4,    1,  999,   10,    4,    1,    2,    5,    6],
       [   0,    0,    0,    8,  961,    0,    4,    0,    8,   29],
       [  19,    0,    0,    4,    0,  945,    0,    7,    3,    4],
       [   7,    5,    1,    1,   30,    2,  829,    5,    1,   11],
       [   0,    5,    3,    0,    1,    4,   11,  925,    0,    9],
       [  23,    0,    9,   15,    3,    7,    0,    0,  966,    5],
       [   2,    0,    0,    1,    5,    3,    6,    2,    2,  953],
       [ 948,    2,    5,    1,    6,   23,    0,    1,    6,   17]])}, 43.119127)
[2024-07-08 18:35:18,483][flwr][INFO] - configure_evaluate: no clients selected, skipping evaluation
[2024-07-08 18:35:18,483][flwr][INFO] - 
[2024-07-08 18:35:18,483][flwr][INFO] - [ROUND 7]
[2024-07-08 18:35:18,483][flwr][INFO] - configure_fit: strategy sampled 10 clients (out of 10)
[2024-07-08 18:35:24,752][flwr][INFO] - aggregate_fit: received 10 results and 0 failures
[2024-07-08 18:35:25,098][flwr][INFO] - fit progress: (7, 826.6604022979736, {'accuracy': 0.0037, 'precision': 0.0036412853767120792, 'recall': 0.0037, 'f1': 0.003668094066466983, 'confusion_matrix': array([[   0,  965,    0,    1,    0,    0,    0,    6,    1,    7],
       [   0,    0, 1121,    5,    1,    0,    0,    1,    0,    7],
       [   0,    4,    1, 1003,    6,    3,    1,    2,    8,    4],
       [   1,    0,    0,   11,  952,    0,   14,    0,    9,   23],
       [  16,    1,    0,    4,    0,  941,    0,   11,    4,    5],
       [   6,    4,    1,    1,   17,    1,  840,    6,    1,   15],
       [   0,    4,    4,    0,    1,    5,    5,  933,    0,    6],
       [  19,    0,    8,   17,    4,    4,    0,    0,  972,    4],
       [   2,    1,    0,    2,    4,    3,    3,    4,    2,  953],
       [ 951,    2,    6,    1,    7,   15,    2,    3,    5,   17]])}, 49.734976333)
[2024-07-08 18:35:25,098][flwr][INFO] - configure_evaluate: no clients selected, skipping evaluation
[2024-07-08 18:35:25,098][flwr][INFO] - 
[2024-07-08 18:35:25,098][flwr][INFO] - [ROUND 8]
[2024-07-08 18:35:25,099][flwr][INFO] - configure_fit: strategy sampled 10 clients (out of 10)
[2024-07-08 18:35:31,505][flwr][INFO] - aggregate_fit: received 10 results and 0 failures
[2024-07-08 18:35:31,853][flwr][INFO] - fit progress: (8, 860.8230094909668, {'accuracy': 0.0041, 'precision': 0.00411619474101423, 'recall': 0.0041, 'f1': 0.004101024851012496, 'confusion_matrix': array([[   2,  966,    0,    0,    1,    0,    0,    1,    1,    9],
       [   0,    0, 1122,    4,    3,    0,    0,    1,    0,    5],
       [   0,    4,    4,  997,   12,    3,    0,    1,    4,    7],
       [   1,    0,    1,    5,  967,    0,    9,    0,    1,   26],
       [  32,    1,    1,    4,    0,  925,    0,    6,    1,   12],
       [   8,    6,    2,    1,   25,    1,  828,    4,    1,   16],
       [   0,    5,    3,    0,    1,    6,   13,  918,    0,   12],
       [  39,    0,   10,   18,    5,    3,    0,    0,  948,    5],
       [   2,    1,    2,    3,    5,    1,    3,    2,    1,  954],
       [ 968,    1,    5,    1,    6,    9,    0,    1,    3,   15]])}, 56.489635792)
[2024-07-08 18:35:31,853][flwr][INFO] - configure_evaluate: no clients selected, skipping evaluation
[2024-07-08 18:35:31,853][flwr][INFO] - 
[2024-07-08 18:35:31,853][flwr][INFO] - [ROUND 9]
[2024-07-08 18:35:31,853][flwr][INFO] - configure_fit: strategy sampled 10 clients (out of 10)
[2024-07-08 18:35:38,318][flwr][INFO] - aggregate_fit: received 10 results and 0 failures
[2024-07-08 18:35:38,667][flwr][INFO] - fit progress: (9, 939.9637861251831, {'accuracy': 0.0043, 'precision': 0.004271948351278596, 'recall': 0.0043, 'f1': 0.00428146039373041, 'confusion_matrix': array([[   0,  963,    0,    0,    1,    0,    1,    4,    1,   10],
       [   0,    0, 1119,    4,    1,    0,    1,    1,    0,    9],
       [   0,    3,    1, 1005,    5,    3,    1,    1,    7,    6],
       [   4,    0,    0,   11,  957,    0,   10,    0,    4,   24],
       [  23,    0,    0,    5,    0,  942,    0,    7,    2,    3],
       [   9,    3,    1,    1,   20,    1,  837,    7,    1,   12],
       [   0,    3,    3,    0,    1,    4,   10,  927,    0,   10],
       [  20,    0,    5,   15,    3,    4,    0,    0,  974,    7],
       [   1,    0,    0,    1,    3,    3,    3,    2,    2,  959],
       [ 966,    1,    4,    0,    4,   11,    0,    1,    4,   18]])}, 63.303906167)
[2024-07-08 18:35:38,667][flwr][INFO] - configure_evaluate: no clients selected, skipping evaluation
[2024-07-08 18:35:38,667][flwr][INFO] - 
[2024-07-08 18:35:38,667][flwr][INFO] - [ROUND 10]
[2024-07-08 18:35:38,668][flwr][INFO] - configure_fit: strategy sampled 10 clients (out of 10)
[2024-07-08 18:35:44,930][flwr][INFO] - aggregate_fit: received 10 results and 0 failures
[2024-07-08 18:35:45,408][flwr][INFO] - fit progress: (10, 970.1951103210449, {'accuracy': 0.004, 'precision': 0.003963202749048498, 'recall': 0.004, 'f1': 0.003975421831352882, 'confusion_matrix': array([[   0,  968,    1,    0,    0,    1,    1,    2,    1,    6],
       [   0,    0, 1123,    3,    0,    0,    0,    1,    0,    8],
       [   0,    4,    2, 1007,    2,    3,    0,    1,    4,    9],
       [   4,    0,    0,    6,  968,    1,    3,    0,    2,   26],
       [  25,    1,    0,    2,    0,  944,    0,    4,    2,    4],
       [   8,    2,    2,    0,   24,    0,  829,    8,    0,   19],
       [   0,    5,    4,    1,    1,    5,    9,  924,    0,    9],
       [  23,    1,    7,   25,    7,    5,    0,    0,  952,    8],
       [   1,    2,    0,    2,    1,    4,    1,    2,    2,  959],
       [ 961,    4,    6,    1,    1,    9,    2,    1,    3,   21]])}, 70.044913458)
[2024-07-08 18:35:45,408][flwr][INFO] - configure_evaluate: no clients selected, skipping evaluation
[2024-07-08 18:35:45,408][flwr][INFO] - 
[2024-07-08 18:35:45,408][flwr][INFO] - [SUMMARY]
[2024-07-08 18:35:45,408][flwr][INFO] - Run finished 10 round(s) in 70.05s
[2024-07-08 18:35:45,412][flwr][INFO] - 	History (loss, centralized):
[2024-07-08 18:35:45,412][flwr][INFO] - 		round 0: 181.76928067207336
[2024-07-08 18:35:45,412][flwr][INFO] - 		round 1: 300.6264853477478
[2024-07-08 18:35:45,412][flwr][INFO] - 		round 2: 554.077112197876
[2024-07-08 18:35:45,412][flwr][INFO] - 		round 3: 608.5158729553223
[2024-07-08 18:35:45,412][flwr][INFO] - 		round 4: 687.9160103797913
[2024-07-08 18:35:45,412][flwr][INFO] - 		round 5: 721.4674515724182
[2024-07-08 18:35:45,412][flwr][INFO] - 		round 6: 792.8401985168457
[2024-07-08 18:35:45,412][flwr][INFO] - 		round 7: 826.6604022979736
[2024-07-08 18:35:45,413][flwr][INFO] - 		round 8: 860.8230094909668
[2024-07-08 18:35:45,413][flwr][INFO] - 		round 9: 939.9637861251831
[2024-07-08 18:35:45,413][flwr][INFO] - 		round 10: 970.1951103210449
[2024-07-08 18:35:45,413][flwr][INFO] - 	History (metrics, centralized):
[2024-07-08 18:35:45,413][flwr][INFO] - 	{'accuracy': [(0, 0.1086),
[2024-07-08 18:35:45,413][flwr][INFO] - 	              (1, 0.0109),
[2024-07-08 18:35:45,413][flwr][INFO] - 	              (2, 0.0076),
[2024-07-08 18:35:45,413][flwr][INFO] - 	              (3, 0.0059),
[2024-07-08 18:35:45,413][flwr][INFO] - 	              (4, 0.0066),
[2024-07-08 18:35:45,413][flwr][INFO] - 	              (5, 0.0035),
[2024-07-08 18:35:45,413][flwr][INFO] - 	              (6, 0.0041),
[2024-07-08 18:35:45,413][flwr][INFO] - 	              (7, 0.0037),
[2024-07-08 18:35:45,413][flwr][INFO] - 	              (8, 0.0041),
[2024-07-08 18:35:45,413][flwr][INFO] - 	              (9, 0.0043),
[2024-07-08 18:35:45,413][flwr][INFO] - 	              (10, 0.004)],
[2024-07-08 18:35:45,413][flwr][INFO] - 	 'confusion_matrix': [(0,
[2024-07-08 18:35:45,413][flwr][INFO] - 	                       array([[   0,    8,    0,  956,    0,    1,    0,   15,    0,    0],
[2024-07-08 18:35:45,413][flwr][INFO] - 	       [   0,  122,    0, 1013,    0,    0,    0,    0,    0,    0],
[2024-07-08 18:35:45,413][flwr][INFO] - 	       [   0,   38,    0,  971,    0,    0,    3,   19,    1,    0],
[2024-07-08 18:35:45,413][flwr][INFO] - 	       [   0,   44,    0,  945,    1,    1,    0,   17,    2,    0],
[2024-07-08 18:35:45,413][flwr][INFO] - 	       [   0,  143,    0,  816,    1,    0,    2,   20,    0,    0],
[2024-07-08 18:35:45,413][flwr][INFO] - 	       [   0,  118,    0,  735,    1,    7,    0,   30,    1,    0],
[2024-07-08 18:35:45,413][flwr][INFO] - 	       [   0,  144,    0,  749,   25,    0,    2,   38,    0,    0],
[2024-07-08 18:35:45,413][flwr][INFO] - 	       [   0,  272,    0,  724,    8,    0,    0,    9,   15,    0],
[2024-07-08 18:35:45,413][flwr][INFO] - 	       [   0,   81,    0,  859,    1,    0,    1,   32,    0,    0],
[2024-07-08 18:35:45,413][flwr][INFO] - 	       [   0,  178,    0,  799,    1,    0,    0,   31,    0,    0]])),
[2024-07-08 18:35:45,413][flwr][INFO] - 	                      (1,
[2024-07-08 18:35:45,413][flwr][INFO] - 	                       array([[  14,  947,    0,    1,    0,    0,    7,   10,    0,    1],
[2024-07-08 18:35:45,413][flwr][INFO] - 	       [   2,    0, 1113,    2,    1,    0,    2,    7,    0,    8],
[2024-07-08 18:35:45,413][flwr][INFO] - 	       [  30,   15,    7,  885,    6,    1,    4,   41,   21,   22],
[2024-07-08 18:35:45,413][flwr][INFO] - 	       [  32,   13,    3,   45,  690,    0,  157,    9,   22,   39],
[2024-07-08 18:35:45,413][flwr][INFO] - 	       [ 816,    2,    6,    4,    0,  107,   18,   27,    0,    2],
[2024-07-08 18:35:45,413][flwr][INFO] - 	       [  24,   16,    5,    3,    3,    1,  818,   13,    0,    9],
[2024-07-08 18:35:45,413][flwr][INFO] - 	       [   4,    9,    4,    6,    0,    0,   31,  903,    1,    0],
[2024-07-08 18:35:45,414][flwr][INFO] - 	       [ 101,    2,   13,   15,    1,    1,    2,    0,  891,    2],
[2024-07-08 18:35:45,414][flwr][INFO] - 	       [  90,    6,   23,    7,    8,    0,  115,   16,    9,  700],
[2024-07-08 18:35:45,414][flwr][INFO] - 	       [ 970,    4,    7,    0,    1,    0,   20,    1,    4,    2]])),
[2024-07-08 18:35:45,414][flwr][INFO] - 	                      (2,
[2024-07-08 18:35:45,414][flwr][INFO] - 	                       array([[   2,  964,    0,    0,    0,    0,    3,    6,    0,    5],
[2024-07-08 18:35:45,414][flwr][INFO] - 	       [   0,    0, 1112,    2,    1,    0,    0,    3,    0,   17],
[2024-07-08 18:35:45,414][flwr][INFO] - 	       [   5,   14,    2,  956,    7,    7,    1,   10,    7,   23],
[2024-07-08 18:35:45,414][flwr][INFO] - 	       [   5,    5,    4,   27,  897,    1,   25,    1,    9,   36],
[2024-07-08 18:35:45,414][flwr][INFO] - 	       [  42,    1,    0,    3,    0,  910,    0,   14,    1,   11],
[2024-07-08 18:35:45,414][flwr][INFO] - 	       [  10,   10,    1,    3,   13,    6,  807,   15,    0,   27],
[2024-07-08 18:35:45,414][flwr][INFO] - 	       [   0,    7,    3,    1,    0,    5,   15,  921,    0,    6],
[2024-07-08 18:35:45,414][flwr][INFO] - 	       [  61,    1,    9,   28,    4,    7,    0,    0,  914,    4],
[2024-07-08 18:35:45,414][flwr][INFO] - 	       [   5,    5,    2,    3,    6,    7,    5,    9,    3,  929],
[2024-07-08 18:35:45,414][flwr][INFO] - 	       [ 943,    4,    6,    0,    6,   20,    6,    1,    2,   21]])),
[2024-07-08 18:35:45,414][flwr][INFO] - 	                      (3,
[2024-07-08 18:35:45,414][flwr][INFO] - 	                       array([[   1,  963,    0,    1,    0,    0,    3,    8,    1,    3],
[2024-07-08 18:35:45,414][flwr][INFO] - 	       [   0,    0, 1118,    3,    1,    0,    1,    3,    0,    9],
[2024-07-08 18:35:45,414][flwr][INFO] - 	       [   0,   10,    1,  986,   10,    5,    0,    7,    7,    6],
[2024-07-08 18:35:45,414][flwr][INFO] - 	       [   4,    0,    2,   25,  921,    0,   24,    1,   12,   21],
[2024-07-08 18:35:45,414][flwr][INFO] - 	       [  17,    1,    1,    3,    0,  938,    0,   17,    2,    3],
[2024-07-08 18:35:45,414][flwr][INFO] - 	       [   6,   10,    2,    1,   11,    6,  826,   14,    2,   14],
[2024-07-08 18:35:45,414][flwr][INFO] - 	       [   0,    7,    3,    0,    1,    3,   14,  925,    0,    5],
[2024-07-08 18:35:45,414][flwr][INFO] - 	       [  30,    1,    8,   28,    3,    5,    1,    0,  951,    1],
[2024-07-08 18:35:45,414][flwr][INFO] - 	       [   5,    5,    2,    2,    4,   11,    8,    9,    4,  924],
[2024-07-08 18:35:45,414][flwr][INFO] - 	       [ 921,    5,    6,    0,    7,   52,    2,    1,    7,    8]])),
[2024-07-08 18:35:45,414][flwr][INFO] - 	                      (4,
[2024-07-08 18:35:45,414][flwr][INFO] - 	                       array([[   0,  964,    1,    1,    1,    0,    4,    5,    1,    3],
[2024-07-08 18:35:45,414][flwr][INFO] - 	       [   0,    0, 1124,    4,    1,    0,    0,    1,    0,    5],
[2024-07-08 18:35:45,414][flwr][INFO] - 	       [   0,    6,    1, 1004,    5,    3,    2,    3,    5,    3],
[2024-07-08 18:35:45,414][flwr][INFO] - 	       [   4,    0,    1,   26,  933,    0,   14,    0,    9,   23],
[2024-07-08 18:35:45,414][flwr][INFO] - 	       [  19,    1,    2,    7,    1,  935,    0,   12,    2,    3],
[2024-07-08 18:35:45,414][flwr][INFO] - 	       [   6,    4,    2,    1,   15,    2,  841,    8,    1,   12],
[2024-07-08 18:35:45,414][flwr][INFO] - 	       [   0,    5,    4,    0,    1,    3,   21,  919,    0,    5],
[2024-07-08 18:35:45,414][flwr][INFO] - 	       [  19,    1,    8,   21,    3,    5,    2,    0,  968,    1],
[2024-07-08 18:35:45,414][flwr][INFO] - 	       [   1,    3,    2,    4,    7,    4,    8,    7,    5,  933],
[2024-07-08 18:35:45,414][flwr][INFO] - 	       [ 930,    5,    6,    2,    7,   36,    5,    1,    7,   10]])),
[2024-07-08 18:35:45,414][flwr][INFO] - 	                      (5,
[2024-07-08 18:35:45,414][flwr][INFO] - 	                       array([[   1,  964,    0,    1,    1,    0,    1,    5,    1,    6],
[2024-07-08 18:35:45,414][flwr][INFO] - 	       [   0,    0, 1119,    4,    4,    0,    1,    1,    0,    6],
[2024-07-08 18:35:45,414][flwr][INFO] - 	       [   0,    6,    1,  997,   10,    4,    2,    2,    5,    5],
[2024-07-08 18:35:45,414][flwr][INFO] - 	       [   0,    0,    0,    7,  960,    0,   10,    0,   10,   23],
[2024-07-08 18:35:45,414][flwr][INFO] - 	       [  31,    1,    0,    3,    0,  924,    0,   11,    5,    7],
[2024-07-08 18:35:45,414][flwr][INFO] - 	       [   7,    5,    1,    0,   29,    2,  830,    5,    1,   12],
[2024-07-08 18:35:45,414][flwr][INFO] - 	       [   1,    6,    3,    0,    1,    5,   14,  923,    0,    5],
[2024-07-08 18:35:45,414][flwr][INFO] - 	       [  23,    1,    8,   21,    5,    3,    0,    0,  965,    2],
[2024-07-08 18:35:45,414][flwr][INFO] - 	       [   1,    2,    0,    2,    7,    3,    6,    4,    2,  947],
[2024-07-08 18:35:45,414][flwr][INFO] - 	       [ 956,    2,    6,    1,    9,   16,    3,    1,    7,    8]])),
[2024-07-08 18:35:45,414][flwr][INFO] - 	                      (6,
[2024-07-08 18:35:45,415][flwr][INFO] - 	                       array([[   0,  968,    0,    0,    0,    0,    2,    3,    1,    6],
[2024-07-08 18:35:45,415][flwr][INFO] - 	       [   0,    0, 1122,    4,    2,    0,    0,    1,    0,    6],
[2024-07-08 18:35:45,415][flwr][INFO] - 	       [   0,    4,    1,  999,   10,    4,    1,    2,    5,    6],
[2024-07-08 18:35:45,415][flwr][INFO] - 	       [   0,    0,    0,    8,  961,    0,    4,    0,    8,   29],
[2024-07-08 18:35:45,415][flwr][INFO] - 	       [  19,    0,    0,    4,    0,  945,    0,    7,    3,    4],
[2024-07-08 18:35:45,415][flwr][INFO] - 	       [   7,    5,    1,    1,   30,    2,  829,    5,    1,   11],
[2024-07-08 18:35:45,415][flwr][INFO] - 	       [   0,    5,    3,    0,    1,    4,   11,  925,    0,    9],
[2024-07-08 18:35:45,415][flwr][INFO] - 	       [  23,    0,    9,   15,    3,    7,    0,    0,  966,    5],
[2024-07-08 18:35:45,415][flwr][INFO] - 	       [   2,    0,    0,    1,    5,    3,    6,    2,    2,  953],
[2024-07-08 18:35:45,415][flwr][INFO] - 	       [ 948,    2,    5,    1,    6,   23,    0,    1,    6,   17]])),
[2024-07-08 18:35:45,415][flwr][INFO] - 	                      (7,
[2024-07-08 18:35:45,415][flwr][INFO] - 	                       array([[   0,  965,    0,    1,    0,    0,    0,    6,    1,    7],
[2024-07-08 18:35:45,415][flwr][INFO] - 	       [   0,    0, 1121,    5,    1,    0,    0,    1,    0,    7],
[2024-07-08 18:35:45,415][flwr][INFO] - 	       [   0,    4,    1, 1003,    6,    3,    1,    2,    8,    4],
[2024-07-08 18:35:45,415][flwr][INFO] - 	       [   1,    0,    0,   11,  952,    0,   14,    0,    9,   23],
[2024-07-08 18:35:45,415][flwr][INFO] - 	       [  16,    1,    0,    4,    0,  941,    0,   11,    4,    5],
[2024-07-08 18:35:45,415][flwr][INFO] - 	       [   6,    4,    1,    1,   17,    1,  840,    6,    1,   15],
[2024-07-08 18:35:45,415][flwr][INFO] - 	       [   0,    4,    4,    0,    1,    5,    5,  933,    0,    6],
[2024-07-08 18:35:45,415][flwr][INFO] - 	       [  19,    0,    8,   17,    4,    4,    0,    0,  972,    4],
[2024-07-08 18:35:45,415][flwr][INFO] - 	       [   2,    1,    0,    2,    4,    3,    3,    4,    2,  953],
[2024-07-08 18:35:45,415][flwr][INFO] - 	       [ 951,    2,    6,    1,    7,   15,    2,    3,    5,   17]])),
[2024-07-08 18:35:45,415][flwr][INFO] - 	                      (8,
[2024-07-08 18:35:45,415][flwr][INFO] - 	                       array([[   2,  966,    0,    0,    1,    0,    0,    1,    1,    9],
[2024-07-08 18:35:45,415][flwr][INFO] - 	       [   0,    0, 1122,    4,    3,    0,    0,    1,    0,    5],
[2024-07-08 18:35:45,415][flwr][INFO] - 	       [   0,    4,    4,  997,   12,    3,    0,    1,    4,    7],
[2024-07-08 18:35:45,415][flwr][INFO] - 	       [   1,    0,    1,    5,  967,    0,    9,    0,    1,   26],
[2024-07-08 18:35:45,415][flwr][INFO] - 	       [  32,    1,    1,    4,    0,  925,    0,    6,    1,   12],
[2024-07-08 18:35:45,415][flwr][INFO] - 	       [   8,    6,    2,    1,   25,    1,  828,    4,    1,   16],
[2024-07-08 18:35:45,415][flwr][INFO] - 	       [   0,    5,    3,    0,    1,    6,   13,  918,    0,   12],
[2024-07-08 18:35:45,415][flwr][INFO] - 	       [  39,    0,   10,   18,    5,    3,    0,    0,  948,    5],
[2024-07-08 18:35:45,415][flwr][INFO] - 	       [   2,    1,    2,    3,    5,    1,    3,    2,    1,  954],
[2024-07-08 18:35:45,415][flwr][INFO] - 	       [ 968,    1,    5,    1,    6,    9,    0,    1,    3,   15]])),
[2024-07-08 18:35:45,415][flwr][INFO] - 	                      (9,
[2024-07-08 18:35:45,415][flwr][INFO] - 	                       array([[   0,  963,    0,    0,    1,    0,    1,    4,    1,   10],
[2024-07-08 18:35:45,415][flwr][INFO] - 	       [   0,    0, 1119,    4,    1,    0,    1,    1,    0,    9],
[2024-07-08 18:35:45,415][flwr][INFO] - 	       [   0,    3,    1, 1005,    5,    3,    1,    1,    7,    6],
[2024-07-08 18:35:45,415][flwr][INFO] - 	       [   4,    0,    0,   11,  957,    0,   10,    0,    4,   24],
[2024-07-08 18:35:45,415][flwr][INFO] - 	       [  23,    0,    0,    5,    0,  942,    0,    7,    2,    3],
[2024-07-08 18:35:45,415][flwr][INFO] - 	       [   9,    3,    1,    1,   20,    1,  837,    7,    1,   12],
[2024-07-08 18:35:45,415][flwr][INFO] - 	       [   0,    3,    3,    0,    1,    4,   10,  927,    0,   10],
[2024-07-08 18:35:45,415][flwr][INFO] - 	       [  20,    0,    5,   15,    3,    4,    0,    0,  974,    7],
[2024-07-08 18:35:45,415][flwr][INFO] - 	       [   1,    0,    0,    1,    3,    3,    3,    2,    2,  959],
[2024-07-08 18:35:45,415][flwr][INFO] - 	       [ 966,    1,    4,    0,    4,   11,    0,    1,    4,   18]])),
[2024-07-08 18:35:45,415][flwr][INFO] - 	                      (10,
[2024-07-08 18:35:45,415][flwr][INFO] - 	                       array([[   0,  968,    1,    0,    0,    1,    1,    2,    1,    6],
[2024-07-08 18:35:45,415][flwr][INFO] - 	       [   0,    0, 1123,    3,    0,    0,    0,    1,    0,    8],
[2024-07-08 18:35:45,415][flwr][INFO] - 	       [   0,    4,    2, 1007,    2,    3,    0,    1,    4,    9],
[2024-07-08 18:35:45,415][flwr][INFO] - 	       [   4,    0,    0,    6,  968,    1,    3,    0,    2,   26],
[2024-07-08 18:35:45,415][flwr][INFO] - 	       [  25,    1,    0,    2,    0,  944,    0,    4,    2,    4],
[2024-07-08 18:35:45,416][flwr][INFO] - 	       [   8,    2,    2,    0,   24,    0,  829,    8,    0,   19],
[2024-07-08 18:35:45,416][flwr][INFO] - 	       [   0,    5,    4,    1,    1,    5,    9,  924,    0,    9],
[2024-07-08 18:35:45,416][flwr][INFO] - 	       [  23,    1,    7,   25,    7,    5,    0,    0,  952,    8],
[2024-07-08 18:35:45,416][flwr][INFO] - 	       [   1,    2,    0,    2,    1,    4,    1,    2,    2,  959],
[2024-07-08 18:35:45,416][flwr][INFO] - 	       [ 961,    4,    6,    1,    1,    9,    2,    1,    3,   21]]))],
[2024-07-08 18:35:45,416][flwr][INFO] - 	 'f1': [(0, 0.03553137346181725),
[2024-07-08 18:35:45,416][flwr][INFO] - 	        (1, 0.01024539377272157),
[2024-07-08 18:35:45,416][flwr][INFO] - 	        (2, 0.007555539960675574),
[2024-07-08 18:35:45,416][flwr][INFO] - 	        (3, 0.005870921330595449),
[2024-07-08 18:35:45,416][flwr][INFO] - 	        (4, 0.006578197246287599),
[2024-07-08 18:35:45,416][flwr][INFO] - 	        (5, 0.0035400346268299643),
[2024-07-08 18:35:45,416][flwr][INFO] - 	        (6, 0.004107102281213282),
[2024-07-08 18:35:45,416][flwr][INFO] - 	        (7, 0.003668094066466983),
[2024-07-08 18:35:45,416][flwr][INFO] - 	        (8, 0.004101024851012496),
[2024-07-08 18:35:45,416][flwr][INFO] - 	        (9, 0.00428146039373041),
[2024-07-08 18:35:45,416][flwr][INFO] - 	        (10, 0.003975421831352882)],
[2024-07-08 18:35:45,416][flwr][INFO] - 	 'precision': [(0, 0.12349967530374152),
[2024-07-08 18:35:45,416][flwr][INFO] - 	               (1, 0.010487903280676706),
[2024-07-08 18:35:45,416][flwr][INFO] - 	               (2, 0.0075283249973229415),
[2024-07-08 18:35:45,416][flwr][INFO] - 	               (3, 0.005854671511022469),
[2024-07-08 18:35:45,416][flwr][INFO] - 	               (4, 0.006567062289077726),
[2024-07-08 18:35:45,416][flwr][INFO] - 	               (5, 0.0035887354258477763),
[2024-07-08 18:35:45,416][flwr][INFO] - 	               (6, 0.004124843159867801),
[2024-07-08 18:35:45,416][flwr][INFO] - 	               (7, 0.0036412853767120792),
[2024-07-08 18:35:45,416][flwr][INFO] - 	               (8, 0.00411619474101423),
[2024-07-08 18:35:45,416][flwr][INFO] - 	               (9, 0.004271948351278596),
[2024-07-08 18:35:45,416][flwr][INFO] - 	               (10, 0.003963202749048498)],
[2024-07-08 18:35:45,416][flwr][INFO] - 	 'recall': [(0, 0.1086),
[2024-07-08 18:35:45,416][flwr][INFO] - 	            (1, 0.0109),
[2024-07-08 18:35:45,416][flwr][INFO] - 	            (2, 0.0076),
[2024-07-08 18:35:45,416][flwr][INFO] - 	            (3, 0.0059),
[2024-07-08 18:35:45,416][flwr][INFO] - 	            (4, 0.0066),
[2024-07-08 18:35:45,416][flwr][INFO] - 	            (5, 0.0035),
[2024-07-08 18:35:45,416][flwr][INFO] - 	            (6, 0.0041),
[2024-07-08 18:35:45,416][flwr][INFO] - 	            (7, 0.0037),
[2024-07-08 18:35:45,416][flwr][INFO] - 	            (8, 0.0041),
[2024-07-08 18:35:45,416][flwr][INFO] - 	            (9, 0.0043),
[2024-07-08 18:35:45,416][flwr][INFO] - 	            (10, 0.004)]}
[2024-07-08 18:35:45,416][flwr][INFO] - 
