[2024-07-08 15:22:32,200][flwr][INFO] - Starting Flower simulation, config: num_rounds=10, no round_timeout
[2024-07-08 15:22:34,411][flwr][INFO] - Flower VCE: Ray initialized with resources: {'memory': 10312253440.0, 'node:__internal_head__': 1.0, 'node:127.0.0.1': 1.0, 'object_store_memory': 2147483648.0, 'CPU': 12.0}
[2024-07-08 15:22:34,411][flwr][INFO] - Optimize your simulation with Flower VCE: https://flower.ai/docs/framework/how-to-run-simulations.html
[2024-07-08 15:22:34,411][flwr][INFO] - Flower VCE: Resources for each Virtual Client: {'num_cpus': 2, 'num_gpus': 0}
[2024-07-08 15:22:34,425][flwr][INFO] - Flower VCE: Creating VirtualClientEngineActorPool with 6 actors
[2024-07-08 15:22:34,426][flwr][INFO] - [INIT]
[2024-07-08 15:22:34,426][flwr][INFO] - Requesting initial parameters from one random client
[2024-07-08 15:22:36,653][flwr][INFO] - Received initial parameters from one random client
[2024-07-08 15:22:36,653][flwr][INFO] - Evaluating initial global parameters
[2024-07-08 15:22:37,039][flwr][INFO] - initial parameters (loss, other metrics): 181.76928067207336, {'accuracy': 0.1086, 'precision': 0.12349967530374152, 'recall': 0.1086, 'f1': 0.03553137346181725, 'confusion_matrix': array([[   0,    8,    0,  956,    0,    1,    0,   15,    0,    0],
       [   0,  122,    0, 1013,    0,    0,    0,    0,    0,    0],
       [   0,   38,    0,  971,    0,    0,    3,   19,    1,    0],
       [   0,   44,    0,  945,    1,    1,    0,   17,    2,    0],
       [   0,  143,    0,  816,    1,    0,    2,   20,    0,    0],
       [   0,  118,    0,  735,    1,    7,    0,   30,    1,    0],
       [   0,  144,    0,  749,   25,    0,    2,   38,    0,    0],
       [   0,  272,    0,  724,    8,    0,    0,    9,   15,    0],
       [   0,   81,    0,  859,    1,    0,    1,   32,    0,    0],
       [   0,  178,    0,  799,    1,    0,    0,   31,    0,    0]])}
[2024-07-08 15:22:37,039][flwr][INFO] - 
[2024-07-08 15:22:37,039][flwr][INFO] - [ROUND 1]
[2024-07-08 15:22:37,040][flwr][INFO] - configure_fit: strategy sampled 10 clients (out of 10)
[2024-07-08 15:22:55,323][flwr][INFO] - aggregate_fit: received 10 results and 0 failures
[2024-07-08 15:22:55,330][flwr][WARNING] - No fit_metrics_aggregation_fn provided
[2024-07-08 15:22:55,707][flwr][INFO] - fit progress: (1, 73.95174592733383, {'accuracy': 0.8826, 'precision': 0.8895050150388663, 'recall': 0.8826, 'f1': 0.8816066250439082, 'confusion_matrix': array([[ 961,    0,    1,    1,    0,    7,    9,    1,    0,    0],
       [   0, 1096,   27,    1,    0,    1,    3,    1,    6,    0],
       [  14,    3,  934,   15,    7,    1,   17,   16,   12,   13],
       [   6,    3,   27,  885,    4,   32,    1,   19,   15,   18],
       [   2,    3,    3,    0,  793,    0,   23,    2,    1,  155],
       [  40,   11,    5,   33,    3,  708,   53,   11,   13,   15],
       [  12,    3,    5,    0,    6,    7,  923,    1,    1,    0],
       [  10,    8,   19,    8,    4,    0,    0,  922,    0,   57],
       [  42,   21,   29,   49,    7,   15,   51,    7,  671,   82],
       [  19,    8,    0,   13,   17,    2,    2,   11,    4,  933]])}, 18.668005667)
[2024-07-08 15:22:55,707][flwr][INFO] - configure_evaluate: no clients selected, skipping evaluation
[2024-07-08 15:22:55,707][flwr][INFO] - 
[2024-07-08 15:22:55,707][flwr][INFO] - [ROUND 2]
[2024-07-08 15:22:55,707][flwr][INFO] - configure_fit: strategy sampled 10 clients (out of 10)
[2024-07-08 15:23:11,363][flwr][INFO] - aggregate_fit: received 10 results and 0 failures
[2024-07-08 15:23:11,764][flwr][INFO] - fit progress: (2, 28.11444351822138, {'accuracy': 0.9179, 'precision': 0.922436930398865, 'recall': 0.9179, 'f1': 0.9175774662021222, 'confusion_matrix': array([[ 952,    0,    0,    1,    0,    4,   16,    1,    5,    1],
       [   0, 1101,   13,    3,    1,    0,    3,    0,   13,    1],
       [   5,    0,  929,   36,   10,    1,   12,    4,   34,    1],
       [   0,    0,    7,  942,    2,   22,    1,    0,   21,   15],
       [   0,    0,    4,    0,  920,    0,   16,    0,    4,   38],
       [  10,    1,    2,   19,    5,  791,   16,    0,   41,    7],
       [   4,    2,    4,    0,    6,    8,  931,    0,    3,    0],
       [   1,    1,   24,   71,    6,    1,    1,  768,   16,  139],
       [   3,    1,    6,   13,    9,   14,   13,    0,  906,    9],
       [   5,    4,    0,    4,   32,    6,    2,    2,   15,  939]])}, 34.726115875)
[2024-07-08 15:23:11,765][flwr][INFO] - configure_evaluate: no clients selected, skipping evaluation
[2024-07-08 15:23:11,765][flwr][INFO] - 
[2024-07-08 15:23:11,765][flwr][INFO] - [ROUND 3]
[2024-07-08 15:23:11,765][flwr][INFO] - configure_fit: strategy sampled 10 clients (out of 10)
[2024-07-08 15:23:26,866][flwr][INFO] - aggregate_fit: received 10 results and 0 failures
[2024-07-08 15:23:27,281][flwr][INFO] - fit progress: (3, 21.86808244138956, {'accuracy': 0.943, 'precision': 0.9436025262183042, 'recall': 0.943, 'f1': 0.9430361469793219, 'confusion_matrix': array([[ 963,    0,    2,    1,    0,    4,    6,    3,    1,    0],
       [   0, 1108,   16,    2,    0,    1,    1,    0,    7,    0],
       [   8,    1,  969,   21,    6,    1,    5,    5,   15,    1],
       [   1,    2,   13,  928,    2,   19,    0,    5,   23,   17],
       [   0,    0,   10,    0,  927,    2,   10,    1,    3,   29],
       [   8,    2,    0,    7,    3,  835,   16,    0,   16,    5],
       [   5,    1,    4,    0,    6,   10,  930,    0,    2,    0],
       [   2,    4,   27,    7,    3,    1,    0,  927,   12,   45],
       [   8,    1,    8,    9,    8,   13,   10,    2,  906,    9],
       [   8,    4,    0,    3,   27,   12,    1,    3,   14,  937]])}, 50.244027249999995)
[2024-07-08 15:23:27,282][flwr][INFO] - configure_evaluate: no clients selected, skipping evaluation
[2024-07-08 15:23:27,282][flwr][INFO] - 
[2024-07-08 15:23:27,282][flwr][INFO] - [ROUND 4]
[2024-07-08 15:23:27,282][flwr][INFO] - configure_fit: strategy sampled 10 clients (out of 10)
[2024-07-08 15:23:41,028][flwr][INFO] - aggregate_fit: received 10 results and 0 failures
[2024-07-08 15:23:41,396][flwr][INFO] - fit progress: (4, 18.62330111861229, {'accuracy': 0.9446, 'precision': 0.9454603757577286, 'recall': 0.9446, 'f1': 0.9445785079472265, 'confusion_matrix': array([[ 966,    0,    0,    4,    0,    4,    4,    0,    1,    1],
       [   0, 1114,    4,    4,    0,    0,    3,    0,   10,    0],
       [   8,    1,  954,   42,    8,    0,    2,    8,    9,    0],
       [   1,    0,    3,  966,    2,    9,    0,    3,   12,   14],
       [   0,    0,    8,    0,  952,    1,    7,    1,    2,   11],
       [   6,    1,    0,   12,    3,  839,   17,    0,   10,    4],
       [   6,    3,    1,    1,   11,   10,  922,    0,    3,    1],
       [   2,    6,   19,   25,    4,    1,    0,  918,    9,   44],
       [   9,    1,    3,   13,   12,   11,    8,    1,  896,   20],
       [  10,    5,    0,    4,   51,    9,    1,    3,    7,  919]])}, 64.35866641700001)
[2024-07-08 15:23:41,396][flwr][INFO] - configure_evaluate: no clients selected, skipping evaluation
[2024-07-08 15:23:41,396][flwr][INFO] - 
[2024-07-08 15:23:41,396][flwr][INFO] - [ROUND 5]
[2024-07-08 15:23:41,396][flwr][INFO] - configure_fit: strategy sampled 10 clients (out of 10)
[2024-07-08 15:23:56,411][flwr][INFO] - aggregate_fit: received 10 results and 0 failures
[2024-07-08 15:23:56,804][flwr][INFO] - fit progress: (5, 16.469693038612604, {'accuracy': 0.9523, 'precision': 0.9528782286138731, 'recall': 0.9523, 'f1': 0.9522602502973503, 'confusion_matrix': array([[ 964,    0,    0,    4,    0,    1,    5,    1,    2,    3],
       [   0, 1118,    8,    0,    0,    0,    4,    0,    5,    0],
       [   8,    0,  992,   12,    5,    0,    2,    7,    6,    0],
       [   0,    2,   11,  962,    0,    5,    1,    3,   16,   10],
       [   0,    0,    8,    0,  937,    2,   14,    1,    3,   17],
       [   4,    1,    1,   12,    3,  822,   40,    0,    6,    3],
       [   3,    3,    0,    1,    4,    5,  940,    0,    2,    0],
       [   5,    5,   24,    8,    1,    0,    1,  935,   10,   39],
       [   6,    2,    5,    7,    9,    7,   18,    1,  909,   10],
       [  10,    6,    0,    5,   24,    9,    1,    2,    8,  944]])}, 79.768041917)
[2024-07-08 15:23:56,805][flwr][INFO] - configure_evaluate: no clients selected, skipping evaluation
[2024-07-08 15:23:56,805][flwr][INFO] - 
[2024-07-08 15:23:56,805][flwr][INFO] - [ROUND 6]
[2024-07-08 15:23:56,805][flwr][INFO] - configure_fit: strategy sampled 10 clients (out of 10)
[2024-07-08 15:24:12,757][flwr][INFO] - aggregate_fit: received 10 results and 0 failures
[2024-07-08 15:24:13,171][flwr][INFO] - fit progress: (6, 13.776355480775237, {'accuracy': 0.9588, 'precision': 0.9594649309850076, 'recall': 0.9588, 'f1': 0.9588476181831884, 'confusion_matrix': array([[ 967,    0,    0,    3,    0,    2,    4,    0,    3,    1],
       [   0, 1112,    4,    5,    0,    1,    3,    3,    7,    0],
       [   3,    0,  973,   35,    8,    0,    1,    7,    5,    0],
       [   0,    0,    4,  987,    0,    3,    0,    0,    9,    7],
       [   0,    0,    5,    0,  950,    2,    8,    2,    2,   13],
       [   2,    1,    0,   18,    2,  845,   16,    0,    5,    3],
       [   4,    3,    0,    0,    7,    5,  935,    0,    4,    0],
       [   2,    4,   11,   19,    2,    0,    0,  949,    6,   35],
       [   4,    1,    4,    9,    9,    9,    7,    1,  914,   16],
       [   3,    4,    0,    7,   23,   10,    1,    1,    4,  956]])}, 96.13479925)
[2024-07-08 15:24:13,171][flwr][INFO] - configure_evaluate: no clients selected, skipping evaluation
[2024-07-08 15:24:13,171][flwr][INFO] - 
[2024-07-08 15:24:13,171][flwr][INFO] - [ROUND 7]
[2024-07-08 15:24:13,171][flwr][INFO] - configure_fit: strategy sampled 10 clients (out of 10)
[2024-07-08 15:24:28,449][flwr][INFO] - aggregate_fit: received 10 results and 0 failures
[2024-07-08 15:24:28,958][flwr][INFO] - fit progress: (7, 12.95782264508307, {'accuracy': 0.9608, 'precision': 0.9609883988105942, 'recall': 0.9608, 'f1': 0.9607933374615959, 'confusion_matrix': array([[ 970,    1,    0,    1,    0,    2,    2,    1,    3,    0],
       [   0, 1117,    5,    1,    0,    1,    3,    1,    7,    0],
       [   4,    0,  986,   20,    4,    0,    4,    7,    6,    1],
       [   0,    1,    8,  967,    1,   10,    1,    2,   13,    7],
       [   1,    0,    4,    0,  942,    2,    6,    4,    3,   20],
       [   2,    0,    0,   10,    1,  857,   16,    0,    4,    2],
       [   6,    2,    0,    0,    6,    7,  934,    0,    3,    0],
       [   2,    5,   14,   18,    3,    0,    0,  963,   11,   12],
       [   8,    0,    5,    8,    2,   11,   12,    1,  925,    2],
       [   9,    4,    0,    5,   14,   12,    0,    4,   14,  947]])}, 111.922659834)
[2024-07-08 15:24:28,958][flwr][INFO] - configure_evaluate: no clients selected, skipping evaluation
[2024-07-08 15:24:28,958][flwr][INFO] - 
[2024-07-08 15:24:28,959][flwr][INFO] - [ROUND 8]
[2024-07-08 15:24:28,959][flwr][INFO] - configure_fit: strategy sampled 10 clients (out of 10)
[2024-07-08 15:24:43,537][flwr][INFO] - aggregate_fit: received 10 results and 0 failures
[2024-07-08 15:24:43,952][flwr][INFO] - fit progress: (8, 12.258510863408446, {'accuracy': 0.9602, 'precision': 0.9607379535981476, 'recall': 0.9602, 'f1': 0.9602508730923334, 'confusion_matrix': array([[ 963,    0,    0,    2,    0,    5,    6,    0,    3,    1],
       [   0, 1119,    4,    3,    0,    1,    2,    0,    6,    0],
       [   3,    2,  987,   22,    1,    1,    1,    5,   10,    0],
       [   0,    2,    4,  969,    0,    8,    0,    2,   14,   11],
       [   0,    0,    3,    0,  924,    0,    6,    3,    3,   43],
       [   3,    1,    0,    6,    2,  856,   17,    0,    4,    3],
       [   4,    3,    0,    1,    8,    4,  931,    1,    6,    0],
       [   4,    5,   12,   13,    1,    0,    0,  950,   13,   30],
       [   3,    0,    3,    6,    2,    7,   11,    1,  938,    3],
       [   7,    4,    0,    2,   10,   11,    0,    3,    7,  965]])}, 126.91749062500001)
[2024-07-08 15:24:43,953][flwr][INFO] - configure_evaluate: no clients selected, skipping evaluation
[2024-07-08 15:24:43,953][flwr][INFO] - 
[2024-07-08 15:24:43,953][flwr][INFO] - [ROUND 9]
[2024-07-08 15:24:43,953][flwr][INFO] - configure_fit: strategy sampled 10 clients (out of 10)
[2024-07-08 15:24:59,655][flwr][INFO] - aggregate_fit: received 10 results and 0 failures
[2024-07-08 15:25:00,485][flwr][INFO] - fit progress: (9, 10.952680755406618, {'accuracy': 0.9646, 'precision': 0.9654006647204325, 'recall': 0.9646, 'f1': 0.964673661997113, 'confusion_matrix': array([[ 968,    0,    0,    0,    1,    2,    1,    0,    4,    4],
       [   0, 1120,    2,    4,    0,    1,    1,    1,    6,    0],
       [   4,    1,  987,   22,    2,    0,    2,    5,    9,    0],
       [   1,    0,    1,  985,    0,    4,    0,    1,    9,    9],
       [   1,    0,    3,    0,  932,    1,    4,    3,    1,   37],
       [   3,    1,    0,   14,    1,  849,    8,    1,   10,    5],
       [   6,    3,    0,    1,    8,    2,  931,    0,    7,    0],
       [   3,    4,    9,   16,    3,    0,    0,  948,    8,   37],
       [   4,    0,    2,    3,    2,    4,    6,    1,  946,    6],
       [   5,    4,    0,    4,    6,    3,    0,    3,    4,  980]])}, 143.45109449999998)
[2024-07-08 15:25:00,486][flwr][INFO] - configure_evaluate: no clients selected, skipping evaluation
[2024-07-08 15:25:00,486][flwr][INFO] - 
[2024-07-08 15:25:00,486][flwr][INFO] - [ROUND 10]
[2024-07-08 15:25:00,487][flwr][INFO] - configure_fit: strategy sampled 10 clients (out of 10)
[2024-07-08 15:25:17,131][flwr][INFO] - aggregate_fit: received 10 results and 0 failures
[2024-07-08 15:25:17,572][flwr][INFO] - fit progress: (10, 10.736743601039052, {'accuracy': 0.9635, 'precision': 0.9643024147208978, 'recall': 0.9635, 'f1': 0.9635700586667636, 'confusion_matrix': array([[ 964,    1,    0,    0,    0,    2,    6,    1,    5,    1],
       [   0, 1119,    8,    1,    0,    1,    1,    0,    5,    0],
       [   2,    1, 1002,   11,    3,    0,    2,    3,    8,    0],
       [   0,    0,    4,  975,    0,    6,    0,    1,   15,    9],
       [   0,    0,    3,    0,  923,    2,    4,    2,    4,   44],
       [   3,    1,    0,    7,    1,  855,   11,    0,   11,    3],
       [   5,    3,    0,    1,    5,    3,  934,    0,    7,    0],
       [   3,    3,   20,   11,    1,    0,    0,  944,   30,   16],
       [   4,    0,    6,    3,    2,    4,    4,    1,  949,    1],
       [   6,    3,    0,    4,    6,    3,    0,    4,   13,  970]])}, 160.53836404199998)
[2024-07-08 15:25:17,572][flwr][INFO] - configure_evaluate: no clients selected, skipping evaluation
[2024-07-08 15:25:17,572][flwr][INFO] - 
[2024-07-08 15:25:17,572][flwr][INFO] - [SUMMARY]
[2024-07-08 15:25:17,573][flwr][INFO] - Run finished 10 round(s) in 160.54s
[2024-07-08 15:25:17,576][flwr][INFO] - 	History (loss, centralized):
[2024-07-08 15:25:17,577][flwr][INFO] - 		round 0: 181.76928067207336
[2024-07-08 15:25:17,577][flwr][INFO] - 		round 1: 73.95174592733383
[2024-07-08 15:25:17,577][flwr][INFO] - 		round 2: 28.11444351822138
[2024-07-08 15:25:17,577][flwr][INFO] - 		round 3: 21.86808244138956
[2024-07-08 15:25:17,577][flwr][INFO] - 		round 4: 18.62330111861229
[2024-07-08 15:25:17,577][flwr][INFO] - 		round 5: 16.469693038612604
[2024-07-08 15:25:17,577][flwr][INFO] - 		round 6: 13.776355480775237
[2024-07-08 15:25:17,577][flwr][INFO] - 		round 7: 12.95782264508307
[2024-07-08 15:25:17,577][flwr][INFO] - 		round 8: 12.258510863408446
[2024-07-08 15:25:17,577][flwr][INFO] - 		round 9: 10.952680755406618
[2024-07-08 15:25:17,577][flwr][INFO] - 		round 10: 10.736743601039052
[2024-07-08 15:25:17,577][flwr][INFO] - 	History (metrics, centralized):
[2024-07-08 15:25:17,577][flwr][INFO] - 	{'accuracy': [(0, 0.1086),
[2024-07-08 15:25:17,577][flwr][INFO] - 	              (1, 0.8826),
[2024-07-08 15:25:17,577][flwr][INFO] - 	              (2, 0.9179),
[2024-07-08 15:25:17,577][flwr][INFO] - 	              (3, 0.943),
[2024-07-08 15:25:17,577][flwr][INFO] - 	              (4, 0.9446),
[2024-07-08 15:25:17,577][flwr][INFO] - 	              (5, 0.9523),
[2024-07-08 15:25:17,577][flwr][INFO] - 	              (6, 0.9588),
[2024-07-08 15:25:17,577][flwr][INFO] - 	              (7, 0.9608),
[2024-07-08 15:25:17,577][flwr][INFO] - 	              (8, 0.9602),
[2024-07-08 15:25:17,577][flwr][INFO] - 	              (9, 0.9646),
[2024-07-08 15:25:17,577][flwr][INFO] - 	              (10, 0.9635)],
[2024-07-08 15:25:17,577][flwr][INFO] - 	 'confusion_matrix': [(0,
[2024-07-08 15:25:17,577][flwr][INFO] - 	                       array([[   0,    8,    0,  956,    0,    1,    0,   15,    0,    0],
[2024-07-08 15:25:17,577][flwr][INFO] - 	       [   0,  122,    0, 1013,    0,    0,    0,    0,    0,    0],
[2024-07-08 15:25:17,577][flwr][INFO] - 	       [   0,   38,    0,  971,    0,    0,    3,   19,    1,    0],
[2024-07-08 15:25:17,577][flwr][INFO] - 	       [   0,   44,    0,  945,    1,    1,    0,   17,    2,    0],
[2024-07-08 15:25:17,577][flwr][INFO] - 	       [   0,  143,    0,  816,    1,    0,    2,   20,    0,    0],
[2024-07-08 15:25:17,577][flwr][INFO] - 	       [   0,  118,    0,  735,    1,    7,    0,   30,    1,    0],
[2024-07-08 15:25:17,577][flwr][INFO] - 	       [   0,  144,    0,  749,   25,    0,    2,   38,    0,    0],
[2024-07-08 15:25:17,577][flwr][INFO] - 	       [   0,  272,    0,  724,    8,    0,    0,    9,   15,    0],
[2024-07-08 15:25:17,577][flwr][INFO] - 	       [   0,   81,    0,  859,    1,    0,    1,   32,    0,    0],
[2024-07-08 15:25:17,577][flwr][INFO] - 	       [   0,  178,    0,  799,    1,    0,    0,   31,    0,    0]])),
[2024-07-08 15:25:17,577][flwr][INFO] - 	                      (1,
[2024-07-08 15:25:17,577][flwr][INFO] - 	                       array([[ 961,    0,    1,    1,    0,    7,    9,    1,    0,    0],
[2024-07-08 15:25:17,577][flwr][INFO] - 	       [   0, 1096,   27,    1,    0,    1,    3,    1,    6,    0],
[2024-07-08 15:25:17,577][flwr][INFO] - 	       [  14,    3,  934,   15,    7,    1,   17,   16,   12,   13],
[2024-07-08 15:25:17,577][flwr][INFO] - 	       [   6,    3,   27,  885,    4,   32,    1,   19,   15,   18],
[2024-07-08 15:25:17,577][flwr][INFO] - 	       [   2,    3,    3,    0,  793,    0,   23,    2,    1,  155],
[2024-07-08 15:25:17,577][flwr][INFO] - 	       [  40,   11,    5,   33,    3,  708,   53,   11,   13,   15],
[2024-07-08 15:25:17,577][flwr][INFO] - 	       [  12,    3,    5,    0,    6,    7,  923,    1,    1,    0],
[2024-07-08 15:25:17,577][flwr][INFO] - 	       [  10,    8,   19,    8,    4,    0,    0,  922,    0,   57],
[2024-07-08 15:25:17,577][flwr][INFO] - 	       [  42,   21,   29,   49,    7,   15,   51,    7,  671,   82],
[2024-07-08 15:25:17,577][flwr][INFO] - 	       [  19,    8,    0,   13,   17,    2,    2,   11,    4,  933]])),
[2024-07-08 15:25:17,577][flwr][INFO] - 	                      (2,
[2024-07-08 15:25:17,577][flwr][INFO] - 	                       array([[ 952,    0,    0,    1,    0,    4,   16,    1,    5,    1],
[2024-07-08 15:25:17,577][flwr][INFO] - 	       [   0, 1101,   13,    3,    1,    0,    3,    0,   13,    1],
[2024-07-08 15:25:17,577][flwr][INFO] - 	       [   5,    0,  929,   36,   10,    1,   12,    4,   34,    1],
[2024-07-08 15:25:17,578][flwr][INFO] - 	       [   0,    0,    7,  942,    2,   22,    1,    0,   21,   15],
[2024-07-08 15:25:17,578][flwr][INFO] - 	       [   0,    0,    4,    0,  920,    0,   16,    0,    4,   38],
[2024-07-08 15:25:17,578][flwr][INFO] - 	       [  10,    1,    2,   19,    5,  791,   16,    0,   41,    7],
[2024-07-08 15:25:17,578][flwr][INFO] - 	       [   4,    2,    4,    0,    6,    8,  931,    0,    3,    0],
[2024-07-08 15:25:17,578][flwr][INFO] - 	       [   1,    1,   24,   71,    6,    1,    1,  768,   16,  139],
[2024-07-08 15:25:17,578][flwr][INFO] - 	       [   3,    1,    6,   13,    9,   14,   13,    0,  906,    9],
[2024-07-08 15:25:17,578][flwr][INFO] - 	       [   5,    4,    0,    4,   32,    6,    2,    2,   15,  939]])),
[2024-07-08 15:25:17,578][flwr][INFO] - 	                      (3,
[2024-07-08 15:25:17,578][flwr][INFO] - 	                       array([[ 963,    0,    2,    1,    0,    4,    6,    3,    1,    0],
[2024-07-08 15:25:17,578][flwr][INFO] - 	       [   0, 1108,   16,    2,    0,    1,    1,    0,    7,    0],
[2024-07-08 15:25:17,578][flwr][INFO] - 	       [   8,    1,  969,   21,    6,    1,    5,    5,   15,    1],
[2024-07-08 15:25:17,578][flwr][INFO] - 	       [   1,    2,   13,  928,    2,   19,    0,    5,   23,   17],
[2024-07-08 15:25:17,578][flwr][INFO] - 	       [   0,    0,   10,    0,  927,    2,   10,    1,    3,   29],
[2024-07-08 15:25:17,578][flwr][INFO] - 	       [   8,    2,    0,    7,    3,  835,   16,    0,   16,    5],
[2024-07-08 15:25:17,578][flwr][INFO] - 	       [   5,    1,    4,    0,    6,   10,  930,    0,    2,    0],
[2024-07-08 15:25:17,578][flwr][INFO] - 	       [   2,    4,   27,    7,    3,    1,    0,  927,   12,   45],
[2024-07-08 15:25:17,578][flwr][INFO] - 	       [   8,    1,    8,    9,    8,   13,   10,    2,  906,    9],
[2024-07-08 15:25:17,578][flwr][INFO] - 	       [   8,    4,    0,    3,   27,   12,    1,    3,   14,  937]])),
[2024-07-08 15:25:17,578][flwr][INFO] - 	                      (4,
[2024-07-08 15:25:17,578][flwr][INFO] - 	                       array([[ 966,    0,    0,    4,    0,    4,    4,    0,    1,    1],
[2024-07-08 15:25:17,578][flwr][INFO] - 	       [   0, 1114,    4,    4,    0,    0,    3,    0,   10,    0],
[2024-07-08 15:25:17,578][flwr][INFO] - 	       [   8,    1,  954,   42,    8,    0,    2,    8,    9,    0],
[2024-07-08 15:25:17,578][flwr][INFO] - 	       [   1,    0,    3,  966,    2,    9,    0,    3,   12,   14],
[2024-07-08 15:25:17,578][flwr][INFO] - 	       [   0,    0,    8,    0,  952,    1,    7,    1,    2,   11],
[2024-07-08 15:25:17,578][flwr][INFO] - 	       [   6,    1,    0,   12,    3,  839,   17,    0,   10,    4],
[2024-07-08 15:25:17,578][flwr][INFO] - 	       [   6,    3,    1,    1,   11,   10,  922,    0,    3,    1],
[2024-07-08 15:25:17,578][flwr][INFO] - 	       [   2,    6,   19,   25,    4,    1,    0,  918,    9,   44],
[2024-07-08 15:25:17,578][flwr][INFO] - 	       [   9,    1,    3,   13,   12,   11,    8,    1,  896,   20],
[2024-07-08 15:25:17,578][flwr][INFO] - 	       [  10,    5,    0,    4,   51,    9,    1,    3,    7,  919]])),
[2024-07-08 15:25:17,578][flwr][INFO] - 	                      (5,
[2024-07-08 15:25:17,578][flwr][INFO] - 	                       array([[ 964,    0,    0,    4,    0,    1,    5,    1,    2,    3],
[2024-07-08 15:25:17,578][flwr][INFO] - 	       [   0, 1118,    8,    0,    0,    0,    4,    0,    5,    0],
[2024-07-08 15:25:17,578][flwr][INFO] - 	       [   8,    0,  992,   12,    5,    0,    2,    7,    6,    0],
[2024-07-08 15:25:17,578][flwr][INFO] - 	       [   0,    2,   11,  962,    0,    5,    1,    3,   16,   10],
[2024-07-08 15:25:17,578][flwr][INFO] - 	       [   0,    0,    8,    0,  937,    2,   14,    1,    3,   17],
[2024-07-08 15:25:17,578][flwr][INFO] - 	       [   4,    1,    1,   12,    3,  822,   40,    0,    6,    3],
[2024-07-08 15:25:17,578][flwr][INFO] - 	       [   3,    3,    0,    1,    4,    5,  940,    0,    2,    0],
[2024-07-08 15:25:17,578][flwr][INFO] - 	       [   5,    5,   24,    8,    1,    0,    1,  935,   10,   39],
[2024-07-08 15:25:17,578][flwr][INFO] - 	       [   6,    2,    5,    7,    9,    7,   18,    1,  909,   10],
[2024-07-08 15:25:17,578][flwr][INFO] - 	       [  10,    6,    0,    5,   24,    9,    1,    2,    8,  944]])),
[2024-07-08 15:25:17,578][flwr][INFO] - 	                      (6,
[2024-07-08 15:25:17,578][flwr][INFO] - 	                       array([[ 967,    0,    0,    3,    0,    2,    4,    0,    3,    1],
[2024-07-08 15:25:17,578][flwr][INFO] - 	       [   0, 1112,    4,    5,    0,    1,    3,    3,    7,    0],
[2024-07-08 15:25:17,578][flwr][INFO] - 	       [   3,    0,  973,   35,    8,    0,    1,    7,    5,    0],
[2024-07-08 15:25:17,578][flwr][INFO] - 	       [   0,    0,    4,  987,    0,    3,    0,    0,    9,    7],
[2024-07-08 15:25:17,578][flwr][INFO] - 	       [   0,    0,    5,    0,  950,    2,    8,    2,    2,   13],
[2024-07-08 15:25:17,578][flwr][INFO] - 	       [   2,    1,    0,   18,    2,  845,   16,    0,    5,    3],
[2024-07-08 15:25:17,578][flwr][INFO] - 	       [   4,    3,    0,    0,    7,    5,  935,    0,    4,    0],
[2024-07-08 15:25:17,578][flwr][INFO] - 	       [   2,    4,   11,   19,    2,    0,    0,  949,    6,   35],
[2024-07-08 15:25:17,578][flwr][INFO] - 	       [   4,    1,    4,    9,    9,    9,    7,    1,  914,   16],
[2024-07-08 15:25:17,578][flwr][INFO] - 	       [   3,    4,    0,    7,   23,   10,    1,    1,    4,  956]])),
[2024-07-08 15:25:17,578][flwr][INFO] - 	                      (7,
[2024-07-08 15:25:17,578][flwr][INFO] - 	                       array([[ 970,    1,    0,    1,    0,    2,    2,    1,    3,    0],
[2024-07-08 15:25:17,578][flwr][INFO] - 	       [   0, 1117,    5,    1,    0,    1,    3,    1,    7,    0],
[2024-07-08 15:25:17,579][flwr][INFO] - 	       [   4,    0,  986,   20,    4,    0,    4,    7,    6,    1],
[2024-07-08 15:25:17,579][flwr][INFO] - 	       [   0,    1,    8,  967,    1,   10,    1,    2,   13,    7],
[2024-07-08 15:25:17,579][flwr][INFO] - 	       [   1,    0,    4,    0,  942,    2,    6,    4,    3,   20],
[2024-07-08 15:25:17,579][flwr][INFO] - 	       [   2,    0,    0,   10,    1,  857,   16,    0,    4,    2],
[2024-07-08 15:25:17,579][flwr][INFO] - 	       [   6,    2,    0,    0,    6,    7,  934,    0,    3,    0],
[2024-07-08 15:25:17,579][flwr][INFO] - 	       [   2,    5,   14,   18,    3,    0,    0,  963,   11,   12],
[2024-07-08 15:25:17,579][flwr][INFO] - 	       [   8,    0,    5,    8,    2,   11,   12,    1,  925,    2],
[2024-07-08 15:25:17,579][flwr][INFO] - 	       [   9,    4,    0,    5,   14,   12,    0,    4,   14,  947]])),
[2024-07-08 15:25:17,579][flwr][INFO] - 	                      (8,
[2024-07-08 15:25:17,579][flwr][INFO] - 	                       array([[ 963,    0,    0,    2,    0,    5,    6,    0,    3,    1],
[2024-07-08 15:25:17,579][flwr][INFO] - 	       [   0, 1119,    4,    3,    0,    1,    2,    0,    6,    0],
[2024-07-08 15:25:17,579][flwr][INFO] - 	       [   3,    2,  987,   22,    1,    1,    1,    5,   10,    0],
[2024-07-08 15:25:17,579][flwr][INFO] - 	       [   0,    2,    4,  969,    0,    8,    0,    2,   14,   11],
[2024-07-08 15:25:17,579][flwr][INFO] - 	       [   0,    0,    3,    0,  924,    0,    6,    3,    3,   43],
[2024-07-08 15:25:17,579][flwr][INFO] - 	       [   3,    1,    0,    6,    2,  856,   17,    0,    4,    3],
[2024-07-08 15:25:17,579][flwr][INFO] - 	       [   4,    3,    0,    1,    8,    4,  931,    1,    6,    0],
[2024-07-08 15:25:17,579][flwr][INFO] - 	       [   4,    5,   12,   13,    1,    0,    0,  950,   13,   30],
[2024-07-08 15:25:17,579][flwr][INFO] - 	       [   3,    0,    3,    6,    2,    7,   11,    1,  938,    3],
[2024-07-08 15:25:17,579][flwr][INFO] - 	       [   7,    4,    0,    2,   10,   11,    0,    3,    7,  965]])),
[2024-07-08 15:25:17,579][flwr][INFO] - 	                      (9,
[2024-07-08 15:25:17,579][flwr][INFO] - 	                       array([[ 968,    0,    0,    0,    1,    2,    1,    0,    4,    4],
[2024-07-08 15:25:17,579][flwr][INFO] - 	       [   0, 1120,    2,    4,    0,    1,    1,    1,    6,    0],
[2024-07-08 15:25:17,579][flwr][INFO] - 	       [   4,    1,  987,   22,    2,    0,    2,    5,    9,    0],
[2024-07-08 15:25:17,579][flwr][INFO] - 	       [   1,    0,    1,  985,    0,    4,    0,    1,    9,    9],
[2024-07-08 15:25:17,579][flwr][INFO] - 	       [   1,    0,    3,    0,  932,    1,    4,    3,    1,   37],
[2024-07-08 15:25:17,579][flwr][INFO] - 	       [   3,    1,    0,   14,    1,  849,    8,    1,   10,    5],
[2024-07-08 15:25:17,579][flwr][INFO] - 	       [   6,    3,    0,    1,    8,    2,  931,    0,    7,    0],
[2024-07-08 15:25:17,579][flwr][INFO] - 	       [   3,    4,    9,   16,    3,    0,    0,  948,    8,   37],
[2024-07-08 15:25:17,579][flwr][INFO] - 	       [   4,    0,    2,    3,    2,    4,    6,    1,  946,    6],
[2024-07-08 15:25:17,579][flwr][INFO] - 	       [   5,    4,    0,    4,    6,    3,    0,    3,    4,  980]])),
[2024-07-08 15:25:17,579][flwr][INFO] - 	                      (10,
[2024-07-08 15:25:17,579][flwr][INFO] - 	                       array([[ 964,    1,    0,    0,    0,    2,    6,    1,    5,    1],
[2024-07-08 15:25:17,579][flwr][INFO] - 	       [   0, 1119,    8,    1,    0,    1,    1,    0,    5,    0],
[2024-07-08 15:25:17,579][flwr][INFO] - 	       [   2,    1, 1002,   11,    3,    0,    2,    3,    8,    0],
[2024-07-08 15:25:17,579][flwr][INFO] - 	       [   0,    0,    4,  975,    0,    6,    0,    1,   15,    9],
[2024-07-08 15:25:17,579][flwr][INFO] - 	       [   0,    0,    3,    0,  923,    2,    4,    2,    4,   44],
[2024-07-08 15:25:17,579][flwr][INFO] - 	       [   3,    1,    0,    7,    1,  855,   11,    0,   11,    3],
[2024-07-08 15:25:17,579][flwr][INFO] - 	       [   5,    3,    0,    1,    5,    3,  934,    0,    7,    0],
[2024-07-08 15:25:17,579][flwr][INFO] - 	       [   3,    3,   20,   11,    1,    0,    0,  944,   30,   16],
[2024-07-08 15:25:17,579][flwr][INFO] - 	       [   4,    0,    6,    3,    2,    4,    4,    1,  949,    1],
[2024-07-08 15:25:17,579][flwr][INFO] - 	       [   6,    3,    0,    4,    6,    3,    0,    4,   13,  970]]))],
[2024-07-08 15:25:17,579][flwr][INFO] - 	 'f1': [(0, 0.03553137346181725),
[2024-07-08 15:25:17,579][flwr][INFO] - 	        (1, 0.8816066250439082),
[2024-07-08 15:25:17,579][flwr][INFO] - 	        (2, 0.9175774662021222),
[2024-07-08 15:25:17,579][flwr][INFO] - 	        (3, 0.9430361469793219),
[2024-07-08 15:25:17,579][flwr][INFO] - 	        (4, 0.9445785079472265),
[2024-07-08 15:25:17,579][flwr][INFO] - 	        (5, 0.9522602502973503),
[2024-07-08 15:25:17,579][flwr][INFO] - 	        (6, 0.9588476181831884),
[2024-07-08 15:25:17,579][flwr][INFO] - 	        (7, 0.9607933374615959),
[2024-07-08 15:25:17,579][flwr][INFO] - 	        (8, 0.9602508730923334),
[2024-07-08 15:25:17,579][flwr][INFO] - 	        (9, 0.964673661997113),
[2024-07-08 15:25:17,579][flwr][INFO] - 	        (10, 0.9635700586667636)],
[2024-07-08 15:25:17,579][flwr][INFO] - 	 'precision': [(0, 0.12349967530374152),
[2024-07-08 15:25:17,579][flwr][INFO] - 	               (1, 0.8895050150388663),
[2024-07-08 15:25:17,579][flwr][INFO] - 	               (2, 0.922436930398865),
[2024-07-08 15:25:17,580][flwr][INFO] - 	               (3, 0.9436025262183042),
[2024-07-08 15:25:17,580][flwr][INFO] - 	               (4, 0.9454603757577286),
[2024-07-08 15:25:17,580][flwr][INFO] - 	               (5, 0.9528782286138731),
[2024-07-08 15:25:17,580][flwr][INFO] - 	               (6, 0.9594649309850076),
[2024-07-08 15:25:17,580][flwr][INFO] - 	               (7, 0.9609883988105942),
[2024-07-08 15:25:17,580][flwr][INFO] - 	               (8, 0.9607379535981476),
[2024-07-08 15:25:17,580][flwr][INFO] - 	               (9, 0.9654006647204325),
[2024-07-08 15:25:17,580][flwr][INFO] - 	               (10, 0.9643024147208978)],
[2024-07-08 15:25:17,580][flwr][INFO] - 	 'recall': [(0, 0.1086),
[2024-07-08 15:25:17,580][flwr][INFO] - 	            (1, 0.8826),
[2024-07-08 15:25:17,580][flwr][INFO] - 	            (2, 0.9179),
[2024-07-08 15:25:17,580][flwr][INFO] - 	            (3, 0.943),
[2024-07-08 15:25:17,580][flwr][INFO] - 	            (4, 0.9446),
[2024-07-08 15:25:17,580][flwr][INFO] - 	            (5, 0.9523),
[2024-07-08 15:25:17,580][flwr][INFO] - 	            (6, 0.9588),
[2024-07-08 15:25:17,580][flwr][INFO] - 	            (7, 0.9608),
[2024-07-08 15:25:17,580][flwr][INFO] - 	            (8, 0.9602),
[2024-07-08 15:25:17,580][flwr][INFO] - 	            (9, 0.9646),
[2024-07-08 15:25:17,580][flwr][INFO] - 	            (10, 0.9635)]}
[2024-07-08 15:25:17,580][flwr][INFO] - 
