[2024-06-20 20:55:33,753][flwr][INFO] - Starting Flower simulation, config: num_rounds=10, no round_timeout
[2024-06-20 20:55:35,846][flwr][INFO] - Flower VCE: Ray initialized with resources: {'memory': 9882315981.0, 'node:127.0.0.1': 1.0, 'object_store_memory': 2147483648.0, 'node:__internal_head__': 1.0, 'CPU': 12.0}
[2024-06-20 20:55:35,846][flwr][INFO] - Optimize your simulation with Flower VCE: https://flower.ai/docs/framework/how-to-run-simulations.html
[2024-06-20 20:55:35,846][flwr][INFO] - Flower VCE: Resources for each Virtual Client: {'num_cpus': 2, 'num_gpus': 0}
[2024-06-20 20:55:35,852][flwr][INFO] - Flower VCE: Creating VirtualClientEngineActorPool with 6 actors
[2024-06-20 20:55:35,853][flwr][INFO] - [INIT]
[2024-06-20 20:55:35,853][flwr][INFO] - Requesting initial parameters from one random client
[2024-06-20 20:55:37,787][flwr][INFO] - Received initial parameters from one random client
[2024-06-20 20:55:37,787][flwr][INFO] - Evaluating initial global parameters
[2024-06-20 20:55:38,224][flwr][INFO] - initial parameters (loss, other metrics): 181.76928067207336, {'accuracy': 0.1086, 'precision': 0.12349967530374152, 'recall': 0.1086, 'f1': 0.03553137346181725, 'confusion_matrix': array([[   0,    8,    0,  956,    0,    1,    0,   15,    0,    0],
       [   0,  122,    0, 1013,    0,    0,    0,    0,    0,    0],
       [   0,   38,    0,  971,    0,    0,    3,   19,    1,    0],
       [   0,   44,    0,  945,    1,    1,    0,   17,    2,    0],
       [   0,  143,    0,  816,    1,    0,    2,   20,    0,    0],
       [   0,  118,    0,  735,    1,    7,    0,   30,    1,    0],
       [   0,  144,    0,  749,   25,    0,    2,   38,    0,    0],
       [   0,  272,    0,  724,    8,    0,    0,    9,   15,    0],
       [   0,   81,    0,  859,    1,    0,    1,   32,    0,    0],
       [   0,  178,    0,  799,    1,    0,    0,   31,    0,    0]])}
[2024-06-20 20:55:38,224][flwr][INFO] - 
[2024-06-20 20:55:38,224][flwr][INFO] - [ROUND 1]
[2024-06-20 20:55:38,225][flwr][INFO] - configure_fit: strategy sampled 10 clients (out of 100)
[2024-06-20 20:55:45,589][flwr][INFO] - aggregate_fit: received 10 results and 0 failures
[2024-06-20 20:55:45,597][flwr][WARNING] - No fit_metrics_aggregation_fn provided
[2024-06-20 20:55:46,051][flwr][INFO] - fit progress: (1, 48414.64611816406, {'accuracy': 0.0943, 'precision': 0.06049142463181294, 'recall': 0.0943, 'f1': 0.050217666724306, 'confusion_matrix': array([[633, 146,   1,   0,  14,   8, 105,   2,   0,  71],
       [636,  63,  29,   2, 222,   8, 146,   2,   0,  27],
       [554, 107,   1,   2,  30,  22, 305,   0,   0,  11],
       [449,  89,  21,   0, 106,  71, 244,   0,   0,  30],
       [213, 449,   3,   1,  15,   7, 286,   0,   0,   8],
       [410, 170,  15,   0,  21,  30, 193,   0,   0,  53],
       [292, 417,   1,   0,  49,   5, 179,   0,   0,  15],
       [195, 549,  15,   8, 100,   6, 140,   0,   7,   8],
       [539, 160,   8,   0,  41,   3, 202,   0,   1,  20],
       [178, 472,  20,   0,  62,   6, 244,   0,   6,  21]])}, 7.8273656659999995)
[2024-06-20 20:55:46,052][flwr][INFO] - configure_evaluate: no clients selected, skipping evaluation
[2024-06-20 20:55:46,052][flwr][INFO] - 
[2024-06-20 20:55:46,052][flwr][INFO] - [ROUND 2]
[2024-06-20 20:55:46,052][flwr][INFO] - configure_fit: strategy sampled 10 clients (out of 100)
[2024-06-20 20:55:51,326][flwr][INFO] - aggregate_fit: received 10 results and 0 failures
[2024-06-20 20:55:51,770][flwr][INFO] - fit progress: (2, 168922.03125, {'accuracy': 0.195, 'precision': 0.25935900944252677, 'recall': 0.195, 'f1': 0.14426290321522, 'confusion_matrix': array([[258,   3,   5,  24,  17,  31,   0, 556,  70,  16],
       [ 49,  28,  18,   3, 157,   1,   1, 694, 112,  72],
       [183,  13,  34,  38,  61,  19,   6, 452, 162,  64],
       [ 35,   2,   5,  69,  23,  31,   3, 480, 344,  18],
       [ 97,   6,   6,   3, 285,  23,   4, 403, 113,  42],
       [ 69,   2,   6,  21,  71,  29,   1, 352, 242,  99],
       [146,   0,  29,  19, 126,   1,   7, 423, 147,  60],
       [ 12,   6,   2,   3,  36,  10,   0, 896,  30,  33],
       [ 77,   4,  16,  18,  43,   5,   2, 486, 240,  83],
       [ 45,   2,   2,   2, 164,  22,   0, 607,  61, 104]])}, 13.546252040999999)
[2024-06-20 20:55:51,771][flwr][INFO] - configure_evaluate: no clients selected, skipping evaluation
[2024-06-20 20:55:51,771][flwr][INFO] - 
[2024-06-20 20:55:51,771][flwr][INFO] - [ROUND 3]
[2024-06-20 20:55:51,771][flwr][INFO] - configure_fit: strategy sampled 10 clients (out of 100)
[2024-06-20 20:55:57,019][flwr][INFO] - aggregate_fit: received 10 results and 0 failures
[2024-06-20 20:55:57,461][flwr][INFO] - fit progress: (3, 619092.5385742188, {'accuracy': 0.2526, 'precision': 0.2997657045592398, 'recall': 0.2526, 'f1': 0.23051984078612528, 'confusion_matrix': array([[212, 189,  20, 189,  16,  91,   6, 115, 137,   5],
       [  2, 496,   2,  18,  38,   4,   1, 169, 385,  20],
       [ 19, 334,  79, 186,  70,  11,   3,  75, 233,  22],
       [  6, 122,   9, 242,  63,  53,   2,  39, 467,   7],
       [ 39, 216,  11,  54, 135,  26,  30, 160, 224,  87],
       [ 27, 122,  23,  55,  69,  40,   7,  31, 476,  42],
       [ 66, 148,  97,  52, 148,   7,  50, 138, 226,  26],
       [  4, 134,   2,  28,  16,  11,   0, 489, 145, 199],
       [ 17, 208,  24,  44,  39,  24,   3,  68, 502,  45],
       [ 24,  89,   3,  38,  61,  13,   5, 246, 249, 281]])}, 19.237581958)
[2024-06-20 20:55:57,462][flwr][INFO] - configure_evaluate: no clients selected, skipping evaluation
[2024-06-20 20:55:57,462][flwr][INFO] - 
[2024-06-20 20:55:57,462][flwr][INFO] - [ROUND 4]
[2024-06-20 20:55:57,462][flwr][INFO] - configure_fit: strategy sampled 10 clients (out of 100)
[2024-06-20 20:56:02,856][flwr][INFO] - aggregate_fit: received 10 results and 0 failures
[2024-06-20 20:56:03,316][flwr][INFO] - fit progress: (4, 2395003.908203125, {'accuracy': 0.2902, 'precision': 0.2845589047059666, 'recall': 0.2902, 'f1': 0.26767037783623193, 'confusion_matrix': array([[559,  25,  58, 186,  21,   2,  41,  48,  23,  17],
       [104, 298,  99,  47, 294,   8,  29,  75,  72, 109],
       [175, 139, 232, 203,  89,   5,  28,  80,  35,  46],
       [ 75,  51, 100, 406, 149,  26,  11,  44,  78,  70],
       [218,  93,  43,  49, 184,   9,  91,  76,   4, 215],
       [199,  50, 107, 121, 102,  26,  36,  29, 121, 101],
       [167,  41, 276,  92, 119,   2, 131,  67,  14,  49],
       [ 24, 159,  13,  40,  25,   4,  17, 470,  16, 260],
       [166,  72, 223, 177,  51,   7,  30,  58, 115,  75],
       [ 96,  62,  15,  57,  78,   5,  26, 175,  14, 481]])}, 25.092525416)
[2024-06-20 20:56:03,317][flwr][INFO] - configure_evaluate: no clients selected, skipping evaluation
[2024-06-20 20:56:03,317][flwr][INFO] - 
[2024-06-20 20:56:03,317][flwr][INFO] - [ROUND 5]
[2024-06-20 20:56:03,317][flwr][INFO] - configure_fit: strategy sampled 10 clients (out of 100)
[2024-06-20 20:56:08,759][flwr][INFO] - aggregate_fit: received 10 results and 0 failures
[2024-06-20 20:56:09,214][flwr][INFO] - fit progress: (5, 10371498.6640625, {'accuracy': 0.3158, 'precision': 0.3170299025484477, 'recall': 0.3158, 'f1': 0.2877102093509392, 'confusion_matrix': array([[528, 219,  32,  37,  16,   1,  48,  21,  20,  58],
       [ 63, 667,   4,   3, 255,   1,   7,  36,  85,  14],
       [100, 366, 207,  63,  63,   4,  29,  73,  65,  62],
       [ 63, 167, 100, 136, 124,  40,  14,  45, 102, 219],
       [100, 260,  11,  17, 163,  13,  67,  52,  15, 284],
       [140, 204,  87,  24,  67,  16,  33,  13, 120, 188],
       [145, 169, 137,  35, 101,   2, 199,  65,  40,  65],
       [ 10, 258,   5,  21,  24,   6,  18, 431,  19, 236],
       [117, 240, 139,  55,  50,   3,  25,  47, 185, 113],
       [ 26, 138,   7,  10,  57,   7,  16, 107,  15, 626]])}, 30.990932583000003)
[2024-06-20 20:56:09,215][flwr][INFO] - configure_evaluate: no clients selected, skipping evaluation
[2024-06-20 20:56:09,215][flwr][INFO] - 
[2024-06-20 20:56:09,215][flwr][INFO] - [ROUND 6]
[2024-06-20 20:56:09,215][flwr][INFO] - configure_fit: strategy sampled 10 clients (out of 100)
[2024-06-20 20:56:15,105][flwr][INFO] - aggregate_fit: received 10 results and 0 failures
[2024-06-20 20:56:15,600][flwr][INFO] - fit progress: (6, 47371958.625, {'accuracy': 0.3067, 'precision': 0.32813500532843964, 'recall': 0.3067, 'f1': 0.26999343933389747, 'confusion_matrix': array([[710, 168,  19,  24,   3,   2,  11,  16,  16,  11],
       [ 93, 714,   1,   2,  86,   8,   5, 119, 107,   0],
       [243, 423, 123,  44,  20,  17,   6,  82,  55,  19],
       [145, 293, 106, 112,  39,  88,   9,  53,  75,  90],
       [194, 333,   4,  27, 118,  22,  25,  76,  58, 125],
       [250, 254,  32,  48,  21, 107,  13,  22,  92,  53],
       [294, 177,  96,  32,  67,  18,  67, 113,  78,  16],
       [ 29, 309,   3,  15,  12,   7,   5, 516,  26, 106],
       [262, 216, 101,  37,  15,  70,   1,  52, 183,  37],
       [ 62, 226,   4,  17,  45,  17,   3, 190,  28, 417]])}, 37.376869958)
[2024-06-20 20:56:15,601][flwr][INFO] - configure_evaluate: no clients selected, skipping evaluation
[2024-06-20 20:56:15,601][flwr][INFO] - 
[2024-06-20 20:56:15,601][flwr][INFO] - [ROUND 7]
[2024-06-20 20:56:15,601][flwr][INFO] - configure_fit: strategy sampled 10 clients (out of 100)
[2024-06-20 20:56:21,274][flwr][INFO] - aggregate_fit: received 10 results and 0 failures
[2024-06-20 20:56:21,732][flwr][INFO] - fit progress: (7, 166988428.75, {'accuracy': 0.3391, 'precision': 0.34891747645679116, 'recall': 0.3391, 'f1': 0.3231567465266082, 'confusion_matrix': array([[558, 129,  67,  64,   9,  23,  30,  25,  12,  63],
       [ 53, 571,   5,  24,  96,  12,  10,  86, 261,  17],
       [164, 199, 292, 126,  30,  42,  12,  46,  66,  55],
       [ 50,  77, 170, 292,  41, 121,  12,  31,  98, 118],
       [ 82, 167,   5,  59, 241,  24,  12,  38,  50, 304],
       [113, 134,  51, 111,  31, 149,  13,  26, 114, 150],
       [164,  81, 157, 135,  82,  18, 101,  52,  64, 104],
       [ 13, 167,   6,  90,  40,  19,  12, 408,  21, 252],
       [145,  76, 130,  97,  14, 149,   1,  40, 211, 111],
       [ 15,  83,   6,  68,  42,  30,   3, 153,  41, 568]])}, 43.508876958)
[2024-06-20 20:56:21,733][flwr][INFO] - configure_evaluate: no clients selected, skipping evaluation
[2024-06-20 20:56:21,733][flwr][INFO] - 
[2024-06-20 20:56:21,733][flwr][INFO] - [ROUND 8]
[2024-06-20 20:56:21,733][flwr][INFO] - configure_fit: strategy sampled 10 clients (out of 100)
[2024-06-20 20:56:27,184][flwr][INFO] - aggregate_fit: received 10 results and 0 failures
[2024-06-20 20:56:27,644][flwr][INFO] - fit progress: (8, 725683996.5, {'accuracy': 0.3157, 'precision': 0.3333562637107456, 'recall': 0.3157, 'f1': 0.30772046251835866, 'confusion_matrix': array([[371, 122, 136, 120,   8,  31,  46,  74,  10,  62],
       [ 42, 488,  77,  40,  76,  66,  20,  85, 228,  13],
       [ 69, 105, 410, 251,  18,  43,  11,  55,  36,  34],
       [ 37,  56, 158, 329,  12, 184,  25,  58,  60,  91],
       [ 56, 117,  15, 152, 219,  23,  29,  68,  16, 287],
       [ 81, 135, 116, 146,  27, 144,  24,  27,  71, 121],
       [ 72,  70, 216, 245,  40,  13, 151,  49,  36,  66],
       [  5, 228,  16, 143,  11,  10,  15, 442,  14, 144],
       [102,  62, 257, 132,  11, 151,   7,  50, 110,  92],
       [ 12, 100,  12, 128,  44,  21,   7, 170,  22, 493]])}, 49.420835666)
[2024-06-20 20:56:27,644][flwr][INFO] - configure_evaluate: no clients selected, skipping evaluation
[2024-06-20 20:56:27,644][flwr][INFO] - 
[2024-06-20 20:56:27,645][flwr][INFO] - [ROUND 9]
[2024-06-20 20:56:27,645][flwr][INFO] - configure_fit: strategy sampled 10 clients (out of 100)
[2024-06-20 20:56:33,377][flwr][INFO] - aggregate_fit: received 10 results and 0 failures
[2024-06-20 20:56:33,839][flwr][INFO] - fit progress: (9, 3371939046.0, {'accuracy': 0.3016, 'precision': 0.33231821530595196, 'recall': 0.3016, 'f1': 0.2693681615818115, 'confusion_matrix': array([[250,  53, 354,  37,  20,  15,  37, 128,  10,  76],
       [  4, 147, 430,   7, 252,   9,   5, 129, 119,  33],
       [ 19,  70, 657,  88,  22,   7,   6,  97,  30,  36],
       [ 10,  16, 412, 226,  40,  30,   5, 109,  46, 116],
       [ 37,  48, 112,  45, 333,   6,  11, 113,  23, 254],
       [ 67,  40, 313,  75,  79,  51,   9,  59,  78, 121],
       [ 26,  36, 382, 156, 114,   7,  77,  88,  23,  49],
       [  2,  79,  39,  13,  67,   1,   4, 679,  14, 130],
       [ 47,  17, 548,  68,  30,  41,   4,  61,  74,  84],
       [  9,  26,  42,  20, 125,   5,   3, 248,   9, 522]])}, 55.61585)
[2024-06-20 20:56:33,839][flwr][INFO] - configure_evaluate: no clients selected, skipping evaluation
[2024-06-20 20:56:33,839][flwr][INFO] - 
[2024-06-20 20:56:33,839][flwr][INFO] - [ROUND 10]
[2024-06-20 20:56:33,840][flwr][INFO] - configure_fit: strategy sampled 10 clients (out of 100)
[2024-06-20 20:56:39,347][flwr][INFO] - aggregate_fit: received 10 results and 0 failures
[2024-06-20 20:56:39,793][flwr][INFO] - fit progress: (10, 15215891408.0, {'accuracy': 0.292, 'precision': 0.30360557859439563, 'recall': 0.292, 'f1': 0.26418568767084616, 'confusion_matrix': array([[212, 111, 157,  67,  38,  16,  12,  83,  32, 252],
       [ 11, 249, 287,  13, 332,  27,   2,  21, 141,  52],
       [ 33,  91, 463, 251,  32,   5,   4,  61,  23,  69],
       [ 21,  36, 191, 373,  53,  70,   3, 114,  33, 116],
       [ 27,  56,  42,  54, 297,  23,   1,  64,  25, 393],
       [ 56,  63, 168,  94, 119, 103,   4,  30, 120, 135],
       [ 30,  37, 195, 249, 106,   8,  14,  27,  26, 266],
       [  1,  97,  17,  44,  82,   6,   1, 571,  24, 185],
       [ 78,  18, 368, 118,  64,  73,   1,  48,  67, 139],
       [  3,  24,  14,  24, 136,  13,   0, 202,  22, 571]])}, 61.570648291000005)
[2024-06-20 20:56:39,794][flwr][INFO] - configure_evaluate: no clients selected, skipping evaluation
[2024-06-20 20:56:39,794][flwr][INFO] - 
[2024-06-20 20:56:39,794][flwr][INFO] - [SUMMARY]
[2024-06-20 20:56:39,794][flwr][INFO] - Run finished 10 round(s) in 61.57s
[2024-06-20 20:56:39,799][flwr][INFO] - 	History (loss, centralized):
[2024-06-20 20:56:39,799][flwr][INFO] - 		round 0: 181.76928067207336
[2024-06-20 20:56:39,799][flwr][INFO] - 		round 1: 48414.64611816406
[2024-06-20 20:56:39,799][flwr][INFO] - 		round 2: 168922.03125
[2024-06-20 20:56:39,799][flwr][INFO] - 		round 3: 619092.5385742188
[2024-06-20 20:56:39,799][flwr][INFO] - 		round 4: 2395003.908203125
[2024-06-20 20:56:39,799][flwr][INFO] - 		round 5: 10371498.6640625
[2024-06-20 20:56:39,799][flwr][INFO] - 		round 6: 47371958.625
[2024-06-20 20:56:39,799][flwr][INFO] - 		round 7: 166988428.75
[2024-06-20 20:56:39,799][flwr][INFO] - 		round 8: 725683996.5
[2024-06-20 20:56:39,799][flwr][INFO] - 		round 9: 3371939046.0
[2024-06-20 20:56:39,799][flwr][INFO] - 		round 10: 15215891408.0
[2024-06-20 20:56:39,799][flwr][INFO] - 	History (metrics, centralized):
[2024-06-20 20:56:39,799][flwr][INFO] - 	{'accuracy': [(0, 0.1086),
[2024-06-20 20:56:39,799][flwr][INFO] - 	              (1, 0.0943),
[2024-06-20 20:56:39,799][flwr][INFO] - 	              (2, 0.195),
[2024-06-20 20:56:39,799][flwr][INFO] - 	              (3, 0.2526),
[2024-06-20 20:56:39,799][flwr][INFO] - 	              (4, 0.2902),
[2024-06-20 20:56:39,799][flwr][INFO] - 	              (5, 0.3158),
[2024-06-20 20:56:39,799][flwr][INFO] - 	              (6, 0.3067),
[2024-06-20 20:56:39,800][flwr][INFO] - 	              (7, 0.3391),
[2024-06-20 20:56:39,800][flwr][INFO] - 	              (8, 0.3157),
[2024-06-20 20:56:39,800][flwr][INFO] - 	              (9, 0.3016),
[2024-06-20 20:56:39,800][flwr][INFO] - 	              (10, 0.292)],
[2024-06-20 20:56:39,800][flwr][INFO] - 	 'confusion_matrix': [(0,
[2024-06-20 20:56:39,800][flwr][INFO] - 	                       array([[   0,    8,    0,  956,    0,    1,    0,   15,    0,    0],
[2024-06-20 20:56:39,800][flwr][INFO] - 	       [   0,  122,    0, 1013,    0,    0,    0,    0,    0,    0],
[2024-06-20 20:56:39,800][flwr][INFO] - 	       [   0,   38,    0,  971,    0,    0,    3,   19,    1,    0],
[2024-06-20 20:56:39,800][flwr][INFO] - 	       [   0,   44,    0,  945,    1,    1,    0,   17,    2,    0],
[2024-06-20 20:56:39,800][flwr][INFO] - 	       [   0,  143,    0,  816,    1,    0,    2,   20,    0,    0],
[2024-06-20 20:56:39,800][flwr][INFO] - 	       [   0,  118,    0,  735,    1,    7,    0,   30,    1,    0],
[2024-06-20 20:56:39,800][flwr][INFO] - 	       [   0,  144,    0,  749,   25,    0,    2,   38,    0,    0],
[2024-06-20 20:56:39,800][flwr][INFO] - 	       [   0,  272,    0,  724,    8,    0,    0,    9,   15,    0],
[2024-06-20 20:56:39,800][flwr][INFO] - 	       [   0,   81,    0,  859,    1,    0,    1,   32,    0,    0],
[2024-06-20 20:56:39,800][flwr][INFO] - 	       [   0,  178,    0,  799,    1,    0,    0,   31,    0,    0]])),
[2024-06-20 20:56:39,800][flwr][INFO] - 	                      (1,
[2024-06-20 20:56:39,800][flwr][INFO] - 	                       array([[633, 146,   1,   0,  14,   8, 105,   2,   0,  71],
[2024-06-20 20:56:39,800][flwr][INFO] - 	       [636,  63,  29,   2, 222,   8, 146,   2,   0,  27],
[2024-06-20 20:56:39,800][flwr][INFO] - 	       [554, 107,   1,   2,  30,  22, 305,   0,   0,  11],
[2024-06-20 20:56:39,800][flwr][INFO] - 	       [449,  89,  21,   0, 106,  71, 244,   0,   0,  30],
[2024-06-20 20:56:39,800][flwr][INFO] - 	       [213, 449,   3,   1,  15,   7, 286,   0,   0,   8],
[2024-06-20 20:56:39,800][flwr][INFO] - 	       [410, 170,  15,   0,  21,  30, 193,   0,   0,  53],
[2024-06-20 20:56:39,800][flwr][INFO] - 	       [292, 417,   1,   0,  49,   5, 179,   0,   0,  15],
[2024-06-20 20:56:39,800][flwr][INFO] - 	       [195, 549,  15,   8, 100,   6, 140,   0,   7,   8],
[2024-06-20 20:56:39,800][flwr][INFO] - 	       [539, 160,   8,   0,  41,   3, 202,   0,   1,  20],
[2024-06-20 20:56:39,800][flwr][INFO] - 	       [178, 472,  20,   0,  62,   6, 244,   0,   6,  21]])),
[2024-06-20 20:56:39,800][flwr][INFO] - 	                      (2,
[2024-06-20 20:56:39,800][flwr][INFO] - 	                       array([[258,   3,   5,  24,  17,  31,   0, 556,  70,  16],
[2024-06-20 20:56:39,800][flwr][INFO] - 	       [ 49,  28,  18,   3, 157,   1,   1, 694, 112,  72],
[2024-06-20 20:56:39,800][flwr][INFO] - 	       [183,  13,  34,  38,  61,  19,   6, 452, 162,  64],
[2024-06-20 20:56:39,800][flwr][INFO] - 	       [ 35,   2,   5,  69,  23,  31,   3, 480, 344,  18],
[2024-06-20 20:56:39,800][flwr][INFO] - 	       [ 97,   6,   6,   3, 285,  23,   4, 403, 113,  42],
[2024-06-20 20:56:39,800][flwr][INFO] - 	       [ 69,   2,   6,  21,  71,  29,   1, 352, 242,  99],
[2024-06-20 20:56:39,800][flwr][INFO] - 	       [146,   0,  29,  19, 126,   1,   7, 423, 147,  60],
[2024-06-20 20:56:39,800][flwr][INFO] - 	       [ 12,   6,   2,   3,  36,  10,   0, 896,  30,  33],
[2024-06-20 20:56:39,800][flwr][INFO] - 	       [ 77,   4,  16,  18,  43,   5,   2, 486, 240,  83],
[2024-06-20 20:56:39,800][flwr][INFO] - 	       [ 45,   2,   2,   2, 164,  22,   0, 607,  61, 104]])),
[2024-06-20 20:56:39,800][flwr][INFO] - 	                      (3,
[2024-06-20 20:56:39,800][flwr][INFO] - 	                       array([[212, 189,  20, 189,  16,  91,   6, 115, 137,   5],
[2024-06-20 20:56:39,800][flwr][INFO] - 	       [  2, 496,   2,  18,  38,   4,   1, 169, 385,  20],
[2024-06-20 20:56:39,800][flwr][INFO] - 	       [ 19, 334,  79, 186,  70,  11,   3,  75, 233,  22],
[2024-06-20 20:56:39,801][flwr][INFO] - 	       [  6, 122,   9, 242,  63,  53,   2,  39, 467,   7],
[2024-06-20 20:56:39,801][flwr][INFO] - 	       [ 39, 216,  11,  54, 135,  26,  30, 160, 224,  87],
[2024-06-20 20:56:39,801][flwr][INFO] - 	       [ 27, 122,  23,  55,  69,  40,   7,  31, 476,  42],
[2024-06-20 20:56:39,801][flwr][INFO] - 	       [ 66, 148,  97,  52, 148,   7,  50, 138, 226,  26],
[2024-06-20 20:56:39,801][flwr][INFO] - 	       [  4, 134,   2,  28,  16,  11,   0, 489, 145, 199],
[2024-06-20 20:56:39,801][flwr][INFO] - 	       [ 17, 208,  24,  44,  39,  24,   3,  68, 502,  45],
[2024-06-20 20:56:39,801][flwr][INFO] - 	       [ 24,  89,   3,  38,  61,  13,   5, 246, 249, 281]])),
[2024-06-20 20:56:39,801][flwr][INFO] - 	                      (4,
[2024-06-20 20:56:39,801][flwr][INFO] - 	                       array([[559,  25,  58, 186,  21,   2,  41,  48,  23,  17],
[2024-06-20 20:56:39,801][flwr][INFO] - 	       [104, 298,  99,  47, 294,   8,  29,  75,  72, 109],
[2024-06-20 20:56:39,801][flwr][INFO] - 	       [175, 139, 232, 203,  89,   5,  28,  80,  35,  46],
[2024-06-20 20:56:39,801][flwr][INFO] - 	       [ 75,  51, 100, 406, 149,  26,  11,  44,  78,  70],
[2024-06-20 20:56:39,801][flwr][INFO] - 	       [218,  93,  43,  49, 184,   9,  91,  76,   4, 215],
[2024-06-20 20:56:39,801][flwr][INFO] - 	       [199,  50, 107, 121, 102,  26,  36,  29, 121, 101],
[2024-06-20 20:56:39,801][flwr][INFO] - 	       [167,  41, 276,  92, 119,   2, 131,  67,  14,  49],
[2024-06-20 20:56:39,801][flwr][INFO] - 	       [ 24, 159,  13,  40,  25,   4,  17, 470,  16, 260],
[2024-06-20 20:56:39,801][flwr][INFO] - 	       [166,  72, 223, 177,  51,   7,  30,  58, 115,  75],
[2024-06-20 20:56:39,801][flwr][INFO] - 	       [ 96,  62,  15,  57,  78,   5,  26, 175,  14, 481]])),
[2024-06-20 20:56:39,801][flwr][INFO] - 	                      (5,
[2024-06-20 20:56:39,801][flwr][INFO] - 	                       array([[528, 219,  32,  37,  16,   1,  48,  21,  20,  58],
[2024-06-20 20:56:39,801][flwr][INFO] - 	       [ 63, 667,   4,   3, 255,   1,   7,  36,  85,  14],
[2024-06-20 20:56:39,801][flwr][INFO] - 	       [100, 366, 207,  63,  63,   4,  29,  73,  65,  62],
[2024-06-20 20:56:39,801][flwr][INFO] - 	       [ 63, 167, 100, 136, 124,  40,  14,  45, 102, 219],
[2024-06-20 20:56:39,801][flwr][INFO] - 	       [100, 260,  11,  17, 163,  13,  67,  52,  15, 284],
[2024-06-20 20:56:39,801][flwr][INFO] - 	       [140, 204,  87,  24,  67,  16,  33,  13, 120, 188],
[2024-06-20 20:56:39,801][flwr][INFO] - 	       [145, 169, 137,  35, 101,   2, 199,  65,  40,  65],
[2024-06-20 20:56:39,801][flwr][INFO] - 	       [ 10, 258,   5,  21,  24,   6,  18, 431,  19, 236],
[2024-06-20 20:56:39,801][flwr][INFO] - 	       [117, 240, 139,  55,  50,   3,  25,  47, 185, 113],
[2024-06-20 20:56:39,801][flwr][INFO] - 	       [ 26, 138,   7,  10,  57,   7,  16, 107,  15, 626]])),
[2024-06-20 20:56:39,801][flwr][INFO] - 	                      (6,
[2024-06-20 20:56:39,801][flwr][INFO] - 	                       array([[710, 168,  19,  24,   3,   2,  11,  16,  16,  11],
[2024-06-20 20:56:39,801][flwr][INFO] - 	       [ 93, 714,   1,   2,  86,   8,   5, 119, 107,   0],
[2024-06-20 20:56:39,801][flwr][INFO] - 	       [243, 423, 123,  44,  20,  17,   6,  82,  55,  19],
[2024-06-20 20:56:39,801][flwr][INFO] - 	       [145, 293, 106, 112,  39,  88,   9,  53,  75,  90],
[2024-06-20 20:56:39,801][flwr][INFO] - 	       [194, 333,   4,  27, 118,  22,  25,  76,  58, 125],
[2024-06-20 20:56:39,801][flwr][INFO] - 	       [250, 254,  32,  48,  21, 107,  13,  22,  92,  53],
[2024-06-20 20:56:39,801][flwr][INFO] - 	       [294, 177,  96,  32,  67,  18,  67, 113,  78,  16],
[2024-06-20 20:56:39,801][flwr][INFO] - 	       [ 29, 309,   3,  15,  12,   7,   5, 516,  26, 106],
[2024-06-20 20:56:39,801][flwr][INFO] - 	       [262, 216, 101,  37,  15,  70,   1,  52, 183,  37],
[2024-06-20 20:56:39,801][flwr][INFO] - 	       [ 62, 226,   4,  17,  45,  17,   3, 190,  28, 417]])),
[2024-06-20 20:56:39,801][flwr][INFO] - 	                      (7,
[2024-06-20 20:56:39,801][flwr][INFO] - 	                       array([[558, 129,  67,  64,   9,  23,  30,  25,  12,  63],
[2024-06-20 20:56:39,801][flwr][INFO] - 	       [ 53, 571,   5,  24,  96,  12,  10,  86, 261,  17],
[2024-06-20 20:56:39,802][flwr][INFO] - 	       [164, 199, 292, 126,  30,  42,  12,  46,  66,  55],
[2024-06-20 20:56:39,802][flwr][INFO] - 	       [ 50,  77, 170, 292,  41, 121,  12,  31,  98, 118],
[2024-06-20 20:56:39,802][flwr][INFO] - 	       [ 82, 167,   5,  59, 241,  24,  12,  38,  50, 304],
[2024-06-20 20:56:39,802][flwr][INFO] - 	       [113, 134,  51, 111,  31, 149,  13,  26, 114, 150],
[2024-06-20 20:56:39,802][flwr][INFO] - 	       [164,  81, 157, 135,  82,  18, 101,  52,  64, 104],
[2024-06-20 20:56:39,802][flwr][INFO] - 	       [ 13, 167,   6,  90,  40,  19,  12, 408,  21, 252],
[2024-06-20 20:56:39,802][flwr][INFO] - 	       [145,  76, 130,  97,  14, 149,   1,  40, 211, 111],
[2024-06-20 20:56:39,802][flwr][INFO] - 	       [ 15,  83,   6,  68,  42,  30,   3, 153,  41, 568]])),
[2024-06-20 20:56:39,802][flwr][INFO] - 	                      (8,
[2024-06-20 20:56:39,802][flwr][INFO] - 	                       array([[371, 122, 136, 120,   8,  31,  46,  74,  10,  62],
[2024-06-20 20:56:39,802][flwr][INFO] - 	       [ 42, 488,  77,  40,  76,  66,  20,  85, 228,  13],
[2024-06-20 20:56:39,802][flwr][INFO] - 	       [ 69, 105, 410, 251,  18,  43,  11,  55,  36,  34],
[2024-06-20 20:56:39,802][flwr][INFO] - 	       [ 37,  56, 158, 329,  12, 184,  25,  58,  60,  91],
[2024-06-20 20:56:39,802][flwr][INFO] - 	       [ 56, 117,  15, 152, 219,  23,  29,  68,  16, 287],
[2024-06-20 20:56:39,802][flwr][INFO] - 	       [ 81, 135, 116, 146,  27, 144,  24,  27,  71, 121],
[2024-06-20 20:56:39,802][flwr][INFO] - 	       [ 72,  70, 216, 245,  40,  13, 151,  49,  36,  66],
[2024-06-20 20:56:39,802][flwr][INFO] - 	       [  5, 228,  16, 143,  11,  10,  15, 442,  14, 144],
[2024-06-20 20:56:39,802][flwr][INFO] - 	       [102,  62, 257, 132,  11, 151,   7,  50, 110,  92],
[2024-06-20 20:56:39,802][flwr][INFO] - 	       [ 12, 100,  12, 128,  44,  21,   7, 170,  22, 493]])),
[2024-06-20 20:56:39,802][flwr][INFO] - 	                      (9,
[2024-06-20 20:56:39,802][flwr][INFO] - 	                       array([[250,  53, 354,  37,  20,  15,  37, 128,  10,  76],
[2024-06-20 20:56:39,802][flwr][INFO] - 	       [  4, 147, 430,   7, 252,   9,   5, 129, 119,  33],
[2024-06-20 20:56:39,802][flwr][INFO] - 	       [ 19,  70, 657,  88,  22,   7,   6,  97,  30,  36],
[2024-06-20 20:56:39,802][flwr][INFO] - 	       [ 10,  16, 412, 226,  40,  30,   5, 109,  46, 116],
[2024-06-20 20:56:39,802][flwr][INFO] - 	       [ 37,  48, 112,  45, 333,   6,  11, 113,  23, 254],
[2024-06-20 20:56:39,802][flwr][INFO] - 	       [ 67,  40, 313,  75,  79,  51,   9,  59,  78, 121],
[2024-06-20 20:56:39,802][flwr][INFO] - 	       [ 26,  36, 382, 156, 114,   7,  77,  88,  23,  49],
[2024-06-20 20:56:39,802][flwr][INFO] - 	       [  2,  79,  39,  13,  67,   1,   4, 679,  14, 130],
[2024-06-20 20:56:39,802][flwr][INFO] - 	       [ 47,  17, 548,  68,  30,  41,   4,  61,  74,  84],
[2024-06-20 20:56:39,802][flwr][INFO] - 	       [  9,  26,  42,  20, 125,   5,   3, 248,   9, 522]])),
[2024-06-20 20:56:39,802][flwr][INFO] - 	                      (10,
[2024-06-20 20:56:39,802][flwr][INFO] - 	                       array([[212, 111, 157,  67,  38,  16,  12,  83,  32, 252],
[2024-06-20 20:56:39,802][flwr][INFO] - 	       [ 11, 249, 287,  13, 332,  27,   2,  21, 141,  52],
[2024-06-20 20:56:39,802][flwr][INFO] - 	       [ 33,  91, 463, 251,  32,   5,   4,  61,  23,  69],
[2024-06-20 20:56:39,802][flwr][INFO] - 	       [ 21,  36, 191, 373,  53,  70,   3, 114,  33, 116],
[2024-06-20 20:56:39,802][flwr][INFO] - 	       [ 27,  56,  42,  54, 297,  23,   1,  64,  25, 393],
[2024-06-20 20:56:39,802][flwr][INFO] - 	       [ 56,  63, 168,  94, 119, 103,   4,  30, 120, 135],
[2024-06-20 20:56:39,802][flwr][INFO] - 	       [ 30,  37, 195, 249, 106,   8,  14,  27,  26, 266],
[2024-06-20 20:56:39,802][flwr][INFO] - 	       [  1,  97,  17,  44,  82,   6,   1, 571,  24, 185],
[2024-06-20 20:56:39,802][flwr][INFO] - 	       [ 78,  18, 368, 118,  64,  73,   1,  48,  67, 139],
[2024-06-20 20:56:39,802][flwr][INFO] - 	       [  3,  24,  14,  24, 136,  13,   0, 202,  22, 571]]))],
[2024-06-20 20:56:39,802][flwr][INFO] - 	 'f1': [(0, 0.03553137346181725),
[2024-06-20 20:56:39,802][flwr][INFO] - 	        (1, 0.050217666724306),
[2024-06-20 20:56:39,803][flwr][INFO] - 	        (2, 0.14426290321522),
[2024-06-20 20:56:39,803][flwr][INFO] - 	        (3, 0.23051984078612528),
[2024-06-20 20:56:39,803][flwr][INFO] - 	        (4, 0.26767037783623193),
[2024-06-20 20:56:39,803][flwr][INFO] - 	        (5, 0.2877102093509392),
[2024-06-20 20:56:39,803][flwr][INFO] - 	        (6, 0.26999343933389747),
[2024-06-20 20:56:39,803][flwr][INFO] - 	        (7, 0.3231567465266082),
[2024-06-20 20:56:39,803][flwr][INFO] - 	        (8, 0.30772046251835866),
[2024-06-20 20:56:39,803][flwr][INFO] - 	        (9, 0.2693681615818115),
[2024-06-20 20:56:39,803][flwr][INFO] - 	        (10, 0.26418568767084616)],
[2024-06-20 20:56:39,803][flwr][INFO] - 	 'precision': [(0, 0.12349967530374152),
[2024-06-20 20:56:39,803][flwr][INFO] - 	               (1, 0.06049142463181294),
[2024-06-20 20:56:39,803][flwr][INFO] - 	               (2, 0.25935900944252677),
[2024-06-20 20:56:39,803][flwr][INFO] - 	               (3, 0.2997657045592398),
[2024-06-20 20:56:39,803][flwr][INFO] - 	               (4, 0.2845589047059666),
[2024-06-20 20:56:39,803][flwr][INFO] - 	               (5, 0.3170299025484477),
[2024-06-20 20:56:39,803][flwr][INFO] - 	               (6, 0.32813500532843964),
[2024-06-20 20:56:39,803][flwr][INFO] - 	               (7, 0.34891747645679116),
[2024-06-20 20:56:39,803][flwr][INFO] - 	               (8, 0.3333562637107456),
[2024-06-20 20:56:39,803][flwr][INFO] - 	               (9, 0.33231821530595196),
[2024-06-20 20:56:39,803][flwr][INFO] - 	               (10, 0.30360557859439563)],
[2024-06-20 20:56:39,803][flwr][INFO] - 	 'recall': [(0, 0.1086),
[2024-06-20 20:56:39,803][flwr][INFO] - 	            (1, 0.0943),
[2024-06-20 20:56:39,803][flwr][INFO] - 	            (2, 0.195),
[2024-06-20 20:56:39,803][flwr][INFO] - 	            (3, 0.2526),
[2024-06-20 20:56:39,803][flwr][INFO] - 	            (4, 0.2902),
[2024-06-20 20:56:39,803][flwr][INFO] - 	            (5, 0.3158),
[2024-06-20 20:56:39,803][flwr][INFO] - 	            (6, 0.3067),
[2024-06-20 20:56:39,803][flwr][INFO] - 	            (7, 0.3391),
[2024-06-20 20:56:39,803][flwr][INFO] - 	            (8, 0.3157),
[2024-06-20 20:56:39,803][flwr][INFO] - 	            (9, 0.3016),
[2024-06-20 20:56:39,803][flwr][INFO] - 	            (10, 0.292)]}
[2024-06-20 20:56:39,803][flwr][INFO] - 
