[2024-07-08 15:05:07,723][flwr][INFO] - Starting Flower simulation, config: num_rounds=10, no round_timeout
[2024-07-08 15:05:09,903][flwr][INFO] - Flower VCE: Ray initialized with resources: {'memory': 9485983744.0, 'node:__internal_head__': 1.0, 'object_store_memory': 2147483648.0, 'CPU': 12.0, 'node:127.0.0.1': 1.0}
[2024-07-08 15:05:09,904][flwr][INFO] - Optimize your simulation with Flower VCE: https://flower.ai/docs/framework/how-to-run-simulations.html
[2024-07-08 15:05:09,904][flwr][INFO] - Flower VCE: Resources for each Virtual Client: {'num_cpus': 2, 'num_gpus': 0}
[2024-07-08 15:05:09,918][flwr][INFO] - Flower VCE: Creating VirtualClientEngineActorPool with 6 actors
[2024-07-08 15:05:09,918][flwr][INFO] - [INIT]
[2024-07-08 15:05:09,918][flwr][INFO] - Requesting initial parameters from one random client
[2024-07-08 15:05:12,076][flwr][INFO] - Received initial parameters from one random client
[2024-07-08 15:05:12,076][flwr][INFO] - Evaluating initial global parameters
[2024-07-08 15:05:12,443][flwr][INFO] - initial parameters (loss, other metrics): 181.76928067207336, {'accuracy': 0.1086, 'precision': 0.12349967530374152, 'recall': 0.1086, 'f1': 0.03553137346181725, 'confusion_matrix': array([[   0,    8,    0,  956,    0,    1,    0,   15,    0,    0],
       [   0,  122,    0, 1013,    0,    0,    0,    0,    0,    0],
       [   0,   38,    0,  971,    0,    0,    3,   19,    1,    0],
       [   0,   44,    0,  945,    1,    1,    0,   17,    2,    0],
       [   0,  143,    0,  816,    1,    0,    2,   20,    0,    0],
       [   0,  118,    0,  735,    1,    7,    0,   30,    1,    0],
       [   0,  144,    0,  749,   25,    0,    2,   38,    0,    0],
       [   0,  272,    0,  724,    8,    0,    0,    9,   15,    0],
       [   0,   81,    0,  859,    1,    0,    1,   32,    0,    0],
       [   0,  178,    0,  799,    1,    0,    0,   31,    0,    0]])}
[2024-07-08 15:05:12,444][flwr][INFO] - 
[2024-07-08 15:05:12,444][flwr][INFO] - [ROUND 1]
[2024-07-08 15:05:12,444][flwr][INFO] - configure_fit: strategy sampled 10 clients (out of 10)
[2024-07-08 15:05:30,427][flwr][INFO] - aggregate_fit: received 10 results and 0 failures
[2024-07-08 15:05:30,436][flwr][WARNING] - No fit_metrics_aggregation_fn provided
[2024-07-08 15:05:30,818][flwr][INFO] - fit progress: (1, 90.46960872411728, {'accuracy': 0.8844, 'precision': 0.8891673107583565, 'recall': 0.8844, 'f1': 0.8828990612495121, 'confusion_matrix': array([[ 912,    0,    2,   14,    0,   34,   10,    7,    0,    1],
       [   0, 1117,    5,    1,    0,    1,    4,    2,    4,    1],
       [   9,   15,  900,   32,   15,    4,   10,   24,   13,   10],
       [   2,    7,    4,  901,    2,   52,    1,   24,    6,   11],
       [   0,    6,    1,    0,  898,    0,   10,    3,    2,   62],
       [   9,    8,    0,   45,   19,  762,   12,   17,    7,   13],
       [  10,    5,    4,    2,   32,   23,  881,    0,    0,    1],
       [   0,   15,   15,    9,    6,    1,    0,  951,    0,   31],
       [   3,   40,   15,  110,   20,   80,   15,   27,  622,   42],
       [   5,    6,    1,   14,   41,    6,    1,   34,    1,  900]])}, 18.374656208)
[2024-07-08 15:05:30,819][flwr][INFO] - configure_evaluate: no clients selected, skipping evaluation
[2024-07-08 15:05:30,819][flwr][INFO] - 
[2024-07-08 15:05:30,819][flwr][INFO] - [ROUND 2]
[2024-07-08 15:05:30,819][flwr][INFO] - configure_fit: strategy sampled 10 clients (out of 10)
[2024-07-08 15:05:44,341][flwr][INFO] - aggregate_fit: received 10 results and 0 failures
[2024-07-08 15:05:44,704][flwr][INFO] - fit progress: (2, 26.353187203407288, {'accuracy': 0.9269, 'precision': 0.9289152755781354, 'recall': 0.9269, 'f1': 0.92703862368981, 'confusion_matrix': array([[ 954,    0,    0,    1,    2,    3,   13,    3,    4,    0],
       [   0, 1093,    9,    0,    2,    1,    5,    1,   24,    0],
       [   7,    1,  968,   10,   13,    0,    6,   11,   14,    2],
       [   4,    3,   26,  900,    4,   18,    2,   11,   31,   11],
       [   0,    0,    4,    0,  947,    0,   10,    0,    4,   17],
       [  13,    1,    1,   21,   20,  775,   17,    9,   27,    8],
       [   9,    2,    3,    0,   19,    8,  910,    1,    6,    0],
       [   0,    5,   32,    5,   11,    0,    0,  934,    1,   40],
       [   5,    1,    7,    9,   15,    4,   11,    6,  904,   12],
       [   3,    4,    0,    5,   93,    1,    1,    4,   14,  884]])}, 32.261000833)
[2024-07-08 15:05:44,705][flwr][INFO] - configure_evaluate: no clients selected, skipping evaluation
[2024-07-08 15:05:44,705][flwr][INFO] - 
[2024-07-08 15:05:44,705][flwr][INFO] - [ROUND 3]
[2024-07-08 15:05:44,705][flwr][INFO] - configure_fit: strategy sampled 10 clients (out of 10)
[2024-07-08 15:05:59,250][flwr][INFO] - aggregate_fit: received 10 results and 0 failures
[2024-07-08 15:06:00,368][flwr][INFO] - fit progress: (3, 18.326581735163927, {'accuracy': 0.9429, 'precision': 0.9432727006091441, 'recall': 0.9429, 'f1': 0.9429166069108769, 'confusion_matrix': array([[ 965,    0,    2,    1,    1,    2,    5,    2,    2,    0],
       [   0, 1104,    5,    1,    1,    1,    4,    0,   19,    0],
       [  10,    1,  973,   15,    7,    1,    2,    9,   12,    2],
       [   2,    4,    8,  935,    1,   28,    0,    7,   15,   10],
       [   1,    0,    5,    0,  939,    0,    9,    1,    3,   24],
       [   9,    1,    0,   11,    7,  837,   11,    1,   10,    5],
       [  10,    3,    1,    0,   10,   17,  912,    1,    4,    0],
       [   0,    6,   22,   12,    7,    1,    0,  946,    2,   32],
       [   7,    1,    4,   15,   14,   10,    9,    4,  896,   14],
       [   5,    5,    0,    7,   52,    6,    1,    6,    5,  922]])}, 47.924967583)
[2024-07-08 15:06:00,369][flwr][INFO] - configure_evaluate: no clients selected, skipping evaluation
[2024-07-08 15:06:00,369][flwr][INFO] - 
[2024-07-08 15:06:00,369][flwr][INFO] - [ROUND 4]
[2024-07-08 15:06:00,369][flwr][INFO] - configure_fit: strategy sampled 10 clients (out of 10)
[2024-07-08 15:06:14,455][flwr][INFO] - aggregate_fit: received 10 results and 0 failures
[2024-07-08 15:06:14,857][flwr][INFO] - fit progress: (4, 13.928027356043458, {'accuracy': 0.9526, 'precision': 0.952880620408928, 'recall': 0.9526, 'f1': 0.9526267451693308, 'confusion_matrix': array([[ 960,    0,    2,    2,    0,    6,    7,    2,    1,    0],
       [   0, 1111,    1,    3,    1,    1,    3,    0,   15,    0],
       [   5,    2,  982,   17,    6,    2,    1,   11,    6,    0],
       [   0,    3,    6,  961,    0,   11,    1,   10,    6,   12],
       [   1,    0,    4,    0,  933,    0,    9,    1,    2,   32],
       [   5,    0,    0,    8,    3,  857,    8,    1,    6,    4],
       [   7,    3,    0,    0,   10,   23,  911,    1,    3,    0],
       [   1,    7,   18,    8,    4,    0,    0,  967,    0,   23],
       [   3,    2,    3,   16,   10,   15,    9,    5,  893,   18],
       [   5,    4,    0,   10,   22,    8,    0,    6,    3,  951]])}, 62.41352075)
[2024-07-08 15:06:14,857][flwr][INFO] - configure_evaluate: no clients selected, skipping evaluation
[2024-07-08 15:06:14,857][flwr][INFO] - 
[2024-07-08 15:06:14,857][flwr][INFO] - [ROUND 5]
[2024-07-08 15:06:14,857][flwr][INFO] - configure_fit: strategy sampled 10 clients (out of 10)
[2024-07-08 15:06:28,055][flwr][INFO] - aggregate_fit: received 10 results and 0 failures
[2024-07-08 15:06:28,420][flwr][INFO] - fit progress: (5, 12.441871834918857, {'accuracy': 0.9586, 'precision': 0.958792780668269, 'recall': 0.9586, 'f1': 0.9586114048534704, 'confusion_matrix': array([[ 969,    0,    1,    1,    1,    1,    1,    3,    3,    0],
       [   0, 1114,    2,    2,    0,    1,    2,    1,   13,    0],
       [   7,    3,  988,   11,    3,    0,    2,    9,    8,    1],
       [   0,    2,    8,  962,    0,    6,    1,   12,   12,    7],
       [   0,    0,   10,    0,  931,    0,    5,    3,    3,   30],
       [   5,    1,    0,   22,    4,  835,    8,    1,   11,    5],
       [  10,    4,    0,    2,    7,   11,  916,    1,    7,    0],
       [   1,    8,   17,    5,    1,    0,    0,  977,    0,   19],
       [   4,    1,    5,   15,    5,    4,    3,    4,  929,    4],
       [   4,    4,    0,    7,   16,    0,    0,    7,    6,  965]])}, 75.976666708)
[2024-07-08 15:06:28,420][flwr][INFO] - configure_evaluate: no clients selected, skipping evaluation
[2024-07-08 15:06:28,420][flwr][INFO] - 
[2024-07-08 15:06:28,420][flwr][INFO] - [ROUND 6]
[2024-07-08 15:06:28,420][flwr][INFO] - configure_fit: strategy sampled 10 clients (out of 10)
[2024-07-08 15:06:42,686][flwr][INFO] - aggregate_fit: received 10 results and 0 failures
[2024-07-08 15:06:43,081][flwr][INFO] - fit progress: (6, 11.164693500846624, {'accuracy': 0.96, 'precision': 0.9602460493020544, 'recall': 0.96, 'f1': 0.9599927523907911, 'confusion_matrix': array([[ 972,    0,    0,    2,    0,    1,    0,    3,    2,    0],
       [   0, 1114,    2,    1,    0,    1,    3,    0,   14,    0],
       [   7,    2, 1001,    6,    3,    1,    2,    5,    4,    1],
       [   1,    1,    8,  966,    0,   11,    0,    6,    9,    8],
       [   1,    0,    7,    0,  938,    0,    4,    2,    2,   28],
       [   3,    0,    0,   12,    3,  857,    4,    1,    7,    5],
       [  13,    3,    1,    1,   10,   27,  898,    1,    4,    0],
       [   1,    7,   24,    7,    2,    0,    0,  962,    2,   23],
       [   4,    1,    4,   12,    6,    6,    3,    4,  931,    3],
       [   5,    3,    0,    9,   14,    4,    0,    5,    8,  961]])}, 90.638710542)
[2024-07-08 15:06:43,082][flwr][INFO] - configure_evaluate: no clients selected, skipping evaluation
[2024-07-08 15:06:43,082][flwr][INFO] - 
[2024-07-08 15:06:43,082][flwr][INFO] - [ROUND 7]
[2024-07-08 15:06:43,082][flwr][INFO] - configure_fit: strategy sampled 10 clients (out of 10)
[2024-07-08 15:06:56,473][flwr][INFO] - aggregate_fit: received 10 results and 0 failures
[2024-07-08 15:06:56,865][flwr][INFO] - fit progress: (7, 10.852007783018053, {'accuracy': 0.9634, 'precision': 0.9636889734971492, 'recall': 0.9634, 'f1': 0.9634435665194313, 'confusion_matrix': array([[ 966,    0,    0,    3,    0,    1,    2,    4,    4,    0],
       [   0, 1115,    2,    0,    0,    1,    1,    0,   16,    0],
       [   9,    1,  988,    4,    7,    0,    2,   15,    6,    0],
       [   0,    0,    6,  963,    0,    8,    1,    8,   14,   10],
       [   0,    0,    1,    0,  945,    0,    5,    2,    3,   26],
       [   3,    0,    0,   15,    3,  847,    7,    2,   11,    4],
       [   9,    3,    0,    1,   10,   11,  915,    1,    8,    0],
       [   0,    7,    8,    8,    3,    1,    0,  979,    0,   22],
       [   4,    1,    2,    6,    4,    2,    2,    5,  944,    4],
       [   4,    2,    0,    4,   12,    3,    0,    5,    7,  972]])}, 104.42218224999999)
[2024-07-08 15:06:56,865][flwr][INFO] - configure_evaluate: no clients selected, skipping evaluation
[2024-07-08 15:06:56,865][flwr][INFO] - 
[2024-07-08 15:06:56,865][flwr][INFO] - [ROUND 8]
[2024-07-08 15:06:56,865][flwr][INFO] - configure_fit: strategy sampled 10 clients (out of 10)
[2024-07-08 15:07:13,376][flwr][INFO] - aggregate_fit: received 10 results and 0 failures
[2024-07-08 15:07:13,758][flwr][INFO] - fit progress: (8, 10.323259196942672, {'accuracy': 0.9626, 'precision': 0.9626262669886259, 'recall': 0.9626, 'f1': 0.9625749015569239, 'confusion_matrix': array([[ 968,    1,    1,    1,    1,    1,    4,    2,    1,    0],
       [   0, 1119,    2,    0,    0,    2,    2,    0,   10,    0],
       [   5,    1, 1001,    6,    4,    0,    4,    8,    3,    0],
       [   1,    2,    8,  955,    0,   17,    1,    8,    8,   10],
       [   0,    0,    3,    0,  947,    0,    7,    2,    3,   20],
       [   5,    0,    0,    9,    5,  854,    8,    1,    7,    3],
       [   6,    3,    1,    2,    8,   15,  916,    0,    7,    0],
       [   1,   10,   18,    6,    2,    0,    0,  970,    1,   20],
       [   3,    1,    4,   10,    5,    5,    5,    3,  934,    4],
       [   5,    4,    0,    7,   18,    5,    0,    6,    2,  962]])}, 121.315177375)
[2024-07-08 15:07:13,758][flwr][INFO] - configure_evaluate: no clients selected, skipping evaluation
[2024-07-08 15:07:13,758][flwr][INFO] - 
[2024-07-08 15:07:13,758][flwr][INFO] - [ROUND 9]
[2024-07-08 15:07:13,758][flwr][INFO] - configure_fit: strategy sampled 10 clients (out of 10)
[2024-07-08 15:07:27,736][flwr][INFO] - aggregate_fit: received 10 results and 0 failures
[2024-07-08 15:07:28,120][flwr][INFO] - fit progress: (9, 9.996259866282344, {'accuracy': 0.9635, 'precision': 0.9642887139741201, 'recall': 0.9635, 'f1': 0.9636487731030057, 'confusion_matrix': array([[ 966,    0,    0,    2,    1,    2,    1,    2,    3,    3],
       [   0, 1123,    1,    1,    0,    1,    1,    0,    8,    0],
       [   4,    2,  992,    7,    1,    0,    2,   15,    6,    3],
       [   1,    1,    3,  963,    0,   10,    0,    5,    7,   20],
       [   0,    0,    7,    0,  934,    0,    3,    2,    2,   34],
       [   4,    0,    0,   14,    3,  854,    3,    2,    6,    6],
       [   9,    4,    1,    0,    7,   13,  918,    0,    6,    0],
       [   1,    6,    6,    5,    2,    0,    0,  976,    0,   32],
       [   2,    0,    1,    8,    4,    3,    4,    3,  926,   23],
       [   3,    3,    0,    3,    8,    2,    0,    4,    3,  983]])}, 135.67758908300002)
[2024-07-08 15:07:28,120][flwr][INFO] - configure_evaluate: no clients selected, skipping evaluation
[2024-07-08 15:07:28,120][flwr][INFO] - 
[2024-07-08 15:07:28,120][flwr][INFO] - [ROUND 10]
[2024-07-08 15:07:28,121][flwr][INFO] - configure_fit: strategy sampled 10 clients (out of 10)
[2024-07-08 15:07:44,245][flwr][INFO] - aggregate_fit: received 10 results and 0 failures
[2024-07-08 15:07:44,717][flwr][INFO] - fit progress: (10, 9.918075411813334, {'accuracy': 0.9635, 'precision': 0.9641869413345064, 'recall': 0.9635, 'f1': 0.9636017711474151, 'confusion_matrix': array([[ 968,    0,    0,    2,    0,    0,    3,    2,    4,    1],
       [   0, 1113,    1,    2,    0,    1,    1,    1,   16,    0],
       [   6,    3,  983,    9,    2,    0,    1,   12,   14,    2],
       [   2,    1,    3,  974,    0,    4,    0,   10,    7,    9],
       [   1,    0,    4,    0,  927,    0,    3,    3,    3,   41],
       [   3,    0,    0,   18,    4,  848,    3,    0,   10,    6],
       [  10,    3,    0,    1,    8,   15,  910,    0,   11,    0],
       [   1,    2,    7,    6,    2,    0,    0,  986,    0,   24],
       [   4,    0,    1,    4,    3,    4,    0,    4,  944,   10],
       [   5,    2,    1,    5,    6,    0,    0,    4,    4,  982]])}, 152.27539387500002)
[2024-07-08 15:07:44,718][flwr][INFO] - configure_evaluate: no clients selected, skipping evaluation
[2024-07-08 15:07:44,719][flwr][INFO] - 
[2024-07-08 15:07:44,719][flwr][INFO] - [SUMMARY]
[2024-07-08 15:07:44,719][flwr][INFO] - Run finished 10 round(s) in 152.28s
[2024-07-08 15:07:44,722][flwr][INFO] - 	History (loss, centralized):
[2024-07-08 15:07:44,723][flwr][INFO] - 		round 0: 181.76928067207336
[2024-07-08 15:07:44,723][flwr][INFO] - 		round 1: 90.46960872411728
[2024-07-08 15:07:44,723][flwr][INFO] - 		round 2: 26.353187203407288
[2024-07-08 15:07:44,723][flwr][INFO] - 		round 3: 18.326581735163927
[2024-07-08 15:07:44,723][flwr][INFO] - 		round 4: 13.928027356043458
[2024-07-08 15:07:44,723][flwr][INFO] - 		round 5: 12.441871834918857
[2024-07-08 15:07:44,723][flwr][INFO] - 		round 6: 11.164693500846624
[2024-07-08 15:07:44,723][flwr][INFO] - 		round 7: 10.852007783018053
[2024-07-08 15:07:44,723][flwr][INFO] - 		round 8: 10.323259196942672
[2024-07-08 15:07:44,723][flwr][INFO] - 		round 9: 9.996259866282344
[2024-07-08 15:07:44,723][flwr][INFO] - 		round 10: 9.918075411813334
[2024-07-08 15:07:44,723][flwr][INFO] - 	History (metrics, centralized):
[2024-07-08 15:07:44,723][flwr][INFO] - 	{'accuracy': [(0, 0.1086),
[2024-07-08 15:07:44,723][flwr][INFO] - 	              (1, 0.8844),
[2024-07-08 15:07:44,723][flwr][INFO] - 	              (2, 0.9269),
[2024-07-08 15:07:44,723][flwr][INFO] - 	              (3, 0.9429),
[2024-07-08 15:07:44,723][flwr][INFO] - 	              (4, 0.9526),
[2024-07-08 15:07:44,723][flwr][INFO] - 	              (5, 0.9586),
[2024-07-08 15:07:44,723][flwr][INFO] - 	              (6, 0.96),
[2024-07-08 15:07:44,723][flwr][INFO] - 	              (7, 0.9634),
[2024-07-08 15:07:44,723][flwr][INFO] - 	              (8, 0.9626),
[2024-07-08 15:07:44,723][flwr][INFO] - 	              (9, 0.9635),
[2024-07-08 15:07:44,723][flwr][INFO] - 	              (10, 0.9635)],
[2024-07-08 15:07:44,723][flwr][INFO] - 	 'confusion_matrix': [(0,
[2024-07-08 15:07:44,723][flwr][INFO] - 	                       array([[   0,    8,    0,  956,    0,    1,    0,   15,    0,    0],
[2024-07-08 15:07:44,723][flwr][INFO] - 	       [   0,  122,    0, 1013,    0,    0,    0,    0,    0,    0],
[2024-07-08 15:07:44,723][flwr][INFO] - 	       [   0,   38,    0,  971,    0,    0,    3,   19,    1,    0],
[2024-07-08 15:07:44,723][flwr][INFO] - 	       [   0,   44,    0,  945,    1,    1,    0,   17,    2,    0],
[2024-07-08 15:07:44,723][flwr][INFO] - 	       [   0,  143,    0,  816,    1,    0,    2,   20,    0,    0],
[2024-07-08 15:07:44,723][flwr][INFO] - 	       [   0,  118,    0,  735,    1,    7,    0,   30,    1,    0],
[2024-07-08 15:07:44,723][flwr][INFO] - 	       [   0,  144,    0,  749,   25,    0,    2,   38,    0,    0],
[2024-07-08 15:07:44,723][flwr][INFO] - 	       [   0,  272,    0,  724,    8,    0,    0,    9,   15,    0],
[2024-07-08 15:07:44,723][flwr][INFO] - 	       [   0,   81,    0,  859,    1,    0,    1,   32,    0,    0],
[2024-07-08 15:07:44,724][flwr][INFO] - 	       [   0,  178,    0,  799,    1,    0,    0,   31,    0,    0]])),
[2024-07-08 15:07:44,724][flwr][INFO] - 	                      (1,
[2024-07-08 15:07:44,724][flwr][INFO] - 	                       array([[ 912,    0,    2,   14,    0,   34,   10,    7,    0,    1],
[2024-07-08 15:07:44,724][flwr][INFO] - 	       [   0, 1117,    5,    1,    0,    1,    4,    2,    4,    1],
[2024-07-08 15:07:44,724][flwr][INFO] - 	       [   9,   15,  900,   32,   15,    4,   10,   24,   13,   10],
[2024-07-08 15:07:44,724][flwr][INFO] - 	       [   2,    7,    4,  901,    2,   52,    1,   24,    6,   11],
[2024-07-08 15:07:44,724][flwr][INFO] - 	       [   0,    6,    1,    0,  898,    0,   10,    3,    2,   62],
[2024-07-08 15:07:44,724][flwr][INFO] - 	       [   9,    8,    0,   45,   19,  762,   12,   17,    7,   13],
[2024-07-08 15:07:44,724][flwr][INFO] - 	       [  10,    5,    4,    2,   32,   23,  881,    0,    0,    1],
[2024-07-08 15:07:44,724][flwr][INFO] - 	       [   0,   15,   15,    9,    6,    1,    0,  951,    0,   31],
[2024-07-08 15:07:44,724][flwr][INFO] - 	       [   3,   40,   15,  110,   20,   80,   15,   27,  622,   42],
[2024-07-08 15:07:44,724][flwr][INFO] - 	       [   5,    6,    1,   14,   41,    6,    1,   34,    1,  900]])),
[2024-07-08 15:07:44,724][flwr][INFO] - 	                      (2,
[2024-07-08 15:07:44,724][flwr][INFO] - 	                       array([[ 954,    0,    0,    1,    2,    3,   13,    3,    4,    0],
[2024-07-08 15:07:44,724][flwr][INFO] - 	       [   0, 1093,    9,    0,    2,    1,    5,    1,   24,    0],
[2024-07-08 15:07:44,724][flwr][INFO] - 	       [   7,    1,  968,   10,   13,    0,    6,   11,   14,    2],
[2024-07-08 15:07:44,724][flwr][INFO] - 	       [   4,    3,   26,  900,    4,   18,    2,   11,   31,   11],
[2024-07-08 15:07:44,724][flwr][INFO] - 	       [   0,    0,    4,    0,  947,    0,   10,    0,    4,   17],
[2024-07-08 15:07:44,724][flwr][INFO] - 	       [  13,    1,    1,   21,   20,  775,   17,    9,   27,    8],
[2024-07-08 15:07:44,724][flwr][INFO] - 	       [   9,    2,    3,    0,   19,    8,  910,    1,    6,    0],
[2024-07-08 15:07:44,724][flwr][INFO] - 	       [   0,    5,   32,    5,   11,    0,    0,  934,    1,   40],
[2024-07-08 15:07:44,724][flwr][INFO] - 	       [   5,    1,    7,    9,   15,    4,   11,    6,  904,   12],
[2024-07-08 15:07:44,724][flwr][INFO] - 	       [   3,    4,    0,    5,   93,    1,    1,    4,   14,  884]])),
[2024-07-08 15:07:44,724][flwr][INFO] - 	                      (3,
[2024-07-08 15:07:44,724][flwr][INFO] - 	                       array([[ 965,    0,    2,    1,    1,    2,    5,    2,    2,    0],
[2024-07-08 15:07:44,724][flwr][INFO] - 	       [   0, 1104,    5,    1,    1,    1,    4,    0,   19,    0],
[2024-07-08 15:07:44,724][flwr][INFO] - 	       [  10,    1,  973,   15,    7,    1,    2,    9,   12,    2],
[2024-07-08 15:07:44,724][flwr][INFO] - 	       [   2,    4,    8,  935,    1,   28,    0,    7,   15,   10],
[2024-07-08 15:07:44,724][flwr][INFO] - 	       [   1,    0,    5,    0,  939,    0,    9,    1,    3,   24],
[2024-07-08 15:07:44,724][flwr][INFO] - 	       [   9,    1,    0,   11,    7,  837,   11,    1,   10,    5],
[2024-07-08 15:07:44,724][flwr][INFO] - 	       [  10,    3,    1,    0,   10,   17,  912,    1,    4,    0],
[2024-07-08 15:07:44,724][flwr][INFO] - 	       [   0,    6,   22,   12,    7,    1,    0,  946,    2,   32],
[2024-07-08 15:07:44,724][flwr][INFO] - 	       [   7,    1,    4,   15,   14,   10,    9,    4,  896,   14],
[2024-07-08 15:07:44,724][flwr][INFO] - 	       [   5,    5,    0,    7,   52,    6,    1,    6,    5,  922]])),
[2024-07-08 15:07:44,724][flwr][INFO] - 	                      (4,
[2024-07-08 15:07:44,724][flwr][INFO] - 	                       array([[ 960,    0,    2,    2,    0,    6,    7,    2,    1,    0],
[2024-07-08 15:07:44,724][flwr][INFO] - 	       [   0, 1111,    1,    3,    1,    1,    3,    0,   15,    0],
[2024-07-08 15:07:44,724][flwr][INFO] - 	       [   5,    2,  982,   17,    6,    2,    1,   11,    6,    0],
[2024-07-08 15:07:44,724][flwr][INFO] - 	       [   0,    3,    6,  961,    0,   11,    1,   10,    6,   12],
[2024-07-08 15:07:44,724][flwr][INFO] - 	       [   1,    0,    4,    0,  933,    0,    9,    1,    2,   32],
[2024-07-08 15:07:44,724][flwr][INFO] - 	       [   5,    0,    0,    8,    3,  857,    8,    1,    6,    4],
[2024-07-08 15:07:44,724][flwr][INFO] - 	       [   7,    3,    0,    0,   10,   23,  911,    1,    3,    0],
[2024-07-08 15:07:44,724][flwr][INFO] - 	       [   1,    7,   18,    8,    4,    0,    0,  967,    0,   23],
[2024-07-08 15:07:44,724][flwr][INFO] - 	       [   3,    2,    3,   16,   10,   15,    9,    5,  893,   18],
[2024-07-08 15:07:44,724][flwr][INFO] - 	       [   5,    4,    0,   10,   22,    8,    0,    6,    3,  951]])),
[2024-07-08 15:07:44,724][flwr][INFO] - 	                      (5,
[2024-07-08 15:07:44,724][flwr][INFO] - 	                       array([[ 969,    0,    1,    1,    1,    1,    1,    3,    3,    0],
[2024-07-08 15:07:44,724][flwr][INFO] - 	       [   0, 1114,    2,    2,    0,    1,    2,    1,   13,    0],
[2024-07-08 15:07:44,724][flwr][INFO] - 	       [   7,    3,  988,   11,    3,    0,    2,    9,    8,    1],
[2024-07-08 15:07:44,724][flwr][INFO] - 	       [   0,    2,    8,  962,    0,    6,    1,   12,   12,    7],
[2024-07-08 15:07:44,724][flwr][INFO] - 	       [   0,    0,   10,    0,  931,    0,    5,    3,    3,   30],
[2024-07-08 15:07:44,725][flwr][INFO] - 	       [   5,    1,    0,   22,    4,  835,    8,    1,   11,    5],
[2024-07-08 15:07:44,725][flwr][INFO] - 	       [  10,    4,    0,    2,    7,   11,  916,    1,    7,    0],
[2024-07-08 15:07:44,725][flwr][INFO] - 	       [   1,    8,   17,    5,    1,    0,    0,  977,    0,   19],
[2024-07-08 15:07:44,725][flwr][INFO] - 	       [   4,    1,    5,   15,    5,    4,    3,    4,  929,    4],
[2024-07-08 15:07:44,725][flwr][INFO] - 	       [   4,    4,    0,    7,   16,    0,    0,    7,    6,  965]])),
[2024-07-08 15:07:44,725][flwr][INFO] - 	                      (6,
[2024-07-08 15:07:44,725][flwr][INFO] - 	                       array([[ 972,    0,    0,    2,    0,    1,    0,    3,    2,    0],
[2024-07-08 15:07:44,725][flwr][INFO] - 	       [   0, 1114,    2,    1,    0,    1,    3,    0,   14,    0],
[2024-07-08 15:07:44,725][flwr][INFO] - 	       [   7,    2, 1001,    6,    3,    1,    2,    5,    4,    1],
[2024-07-08 15:07:44,725][flwr][INFO] - 	       [   1,    1,    8,  966,    0,   11,    0,    6,    9,    8],
[2024-07-08 15:07:44,725][flwr][INFO] - 	       [   1,    0,    7,    0,  938,    0,    4,    2,    2,   28],
[2024-07-08 15:07:44,725][flwr][INFO] - 	       [   3,    0,    0,   12,    3,  857,    4,    1,    7,    5],
[2024-07-08 15:07:44,725][flwr][INFO] - 	       [  13,    3,    1,    1,   10,   27,  898,    1,    4,    0],
[2024-07-08 15:07:44,725][flwr][INFO] - 	       [   1,    7,   24,    7,    2,    0,    0,  962,    2,   23],
[2024-07-08 15:07:44,725][flwr][INFO] - 	       [   4,    1,    4,   12,    6,    6,    3,    4,  931,    3],
[2024-07-08 15:07:44,725][flwr][INFO] - 	       [   5,    3,    0,    9,   14,    4,    0,    5,    8,  961]])),
[2024-07-08 15:07:44,725][flwr][INFO] - 	                      (7,
[2024-07-08 15:07:44,725][flwr][INFO] - 	                       array([[ 966,    0,    0,    3,    0,    1,    2,    4,    4,    0],
[2024-07-08 15:07:44,725][flwr][INFO] - 	       [   0, 1115,    2,    0,    0,    1,    1,    0,   16,    0],
[2024-07-08 15:07:44,725][flwr][INFO] - 	       [   9,    1,  988,    4,    7,    0,    2,   15,    6,    0],
[2024-07-08 15:07:44,725][flwr][INFO] - 	       [   0,    0,    6,  963,    0,    8,    1,    8,   14,   10],
[2024-07-08 15:07:44,725][flwr][INFO] - 	       [   0,    0,    1,    0,  945,    0,    5,    2,    3,   26],
[2024-07-08 15:07:44,725][flwr][INFO] - 	       [   3,    0,    0,   15,    3,  847,    7,    2,   11,    4],
[2024-07-08 15:07:44,725][flwr][INFO] - 	       [   9,    3,    0,    1,   10,   11,  915,    1,    8,    0],
[2024-07-08 15:07:44,725][flwr][INFO] - 	       [   0,    7,    8,    8,    3,    1,    0,  979,    0,   22],
[2024-07-08 15:07:44,725][flwr][INFO] - 	       [   4,    1,    2,    6,    4,    2,    2,    5,  944,    4],
[2024-07-08 15:07:44,725][flwr][INFO] - 	       [   4,    2,    0,    4,   12,    3,    0,    5,    7,  972]])),
[2024-07-08 15:07:44,725][flwr][INFO] - 	                      (8,
[2024-07-08 15:07:44,725][flwr][INFO] - 	                       array([[ 968,    1,    1,    1,    1,    1,    4,    2,    1,    0],
[2024-07-08 15:07:44,725][flwr][INFO] - 	       [   0, 1119,    2,    0,    0,    2,    2,    0,   10,    0],
[2024-07-08 15:07:44,725][flwr][INFO] - 	       [   5,    1, 1001,    6,    4,    0,    4,    8,    3,    0],
[2024-07-08 15:07:44,725][flwr][INFO] - 	       [   1,    2,    8,  955,    0,   17,    1,    8,    8,   10],
[2024-07-08 15:07:44,725][flwr][INFO] - 	       [   0,    0,    3,    0,  947,    0,    7,    2,    3,   20],
[2024-07-08 15:07:44,725][flwr][INFO] - 	       [   5,    0,    0,    9,    5,  854,    8,    1,    7,    3],
[2024-07-08 15:07:44,725][flwr][INFO] - 	       [   6,    3,    1,    2,    8,   15,  916,    0,    7,    0],
[2024-07-08 15:07:44,725][flwr][INFO] - 	       [   1,   10,   18,    6,    2,    0,    0,  970,    1,   20],
[2024-07-08 15:07:44,725][flwr][INFO] - 	       [   3,    1,    4,   10,    5,    5,    5,    3,  934,    4],
[2024-07-08 15:07:44,725][flwr][INFO] - 	       [   5,    4,    0,    7,   18,    5,    0,    6,    2,  962]])),
[2024-07-08 15:07:44,725][flwr][INFO] - 	                      (9,
[2024-07-08 15:07:44,725][flwr][INFO] - 	                       array([[ 966,    0,    0,    2,    1,    2,    1,    2,    3,    3],
[2024-07-08 15:07:44,725][flwr][INFO] - 	       [   0, 1123,    1,    1,    0,    1,    1,    0,    8,    0],
[2024-07-08 15:07:44,725][flwr][INFO] - 	       [   4,    2,  992,    7,    1,    0,    2,   15,    6,    3],
[2024-07-08 15:07:44,725][flwr][INFO] - 	       [   1,    1,    3,  963,    0,   10,    0,    5,    7,   20],
[2024-07-08 15:07:44,725][flwr][INFO] - 	       [   0,    0,    7,    0,  934,    0,    3,    2,    2,   34],
[2024-07-08 15:07:44,725][flwr][INFO] - 	       [   4,    0,    0,   14,    3,  854,    3,    2,    6,    6],
[2024-07-08 15:07:44,725][flwr][INFO] - 	       [   9,    4,    1,    0,    7,   13,  918,    0,    6,    0],
[2024-07-08 15:07:44,725][flwr][INFO] - 	       [   1,    6,    6,    5,    2,    0,    0,  976,    0,   32],
[2024-07-08 15:07:44,725][flwr][INFO] - 	       [   2,    0,    1,    8,    4,    3,    4,    3,  926,   23],
[2024-07-08 15:07:44,725][flwr][INFO] - 	       [   3,    3,    0,    3,    8,    2,    0,    4,    3,  983]])),
[2024-07-08 15:07:44,725][flwr][INFO] - 	                      (10,
[2024-07-08 15:07:44,725][flwr][INFO] - 	                       array([[ 968,    0,    0,    2,    0,    0,    3,    2,    4,    1],
[2024-07-08 15:07:44,726][flwr][INFO] - 	       [   0, 1113,    1,    2,    0,    1,    1,    1,   16,    0],
[2024-07-08 15:07:44,726][flwr][INFO] - 	       [   6,    3,  983,    9,    2,    0,    1,   12,   14,    2],
[2024-07-08 15:07:44,726][flwr][INFO] - 	       [   2,    1,    3,  974,    0,    4,    0,   10,    7,    9],
[2024-07-08 15:07:44,726][flwr][INFO] - 	       [   1,    0,    4,    0,  927,    0,    3,    3,    3,   41],
[2024-07-08 15:07:44,726][flwr][INFO] - 	       [   3,    0,    0,   18,    4,  848,    3,    0,   10,    6],
[2024-07-08 15:07:44,726][flwr][INFO] - 	       [  10,    3,    0,    1,    8,   15,  910,    0,   11,    0],
[2024-07-08 15:07:44,726][flwr][INFO] - 	       [   1,    2,    7,    6,    2,    0,    0,  986,    0,   24],
[2024-07-08 15:07:44,726][flwr][INFO] - 	       [   4,    0,    1,    4,    3,    4,    0,    4,  944,   10],
[2024-07-08 15:07:44,726][flwr][INFO] - 	       [   5,    2,    1,    5,    6,    0,    0,    4,    4,  982]]))],
[2024-07-08 15:07:44,726][flwr][INFO] - 	 'f1': [(0, 0.03553137346181725),
[2024-07-08 15:07:44,726][flwr][INFO] - 	        (1, 0.8828990612495121),
[2024-07-08 15:07:44,726][flwr][INFO] - 	        (2, 0.92703862368981),
[2024-07-08 15:07:44,726][flwr][INFO] - 	        (3, 0.9429166069108769),
[2024-07-08 15:07:44,726][flwr][INFO] - 	        (4, 0.9526267451693308),
[2024-07-08 15:07:44,726][flwr][INFO] - 	        (5, 0.9586114048534704),
[2024-07-08 15:07:44,726][flwr][INFO] - 	        (6, 0.9599927523907911),
[2024-07-08 15:07:44,726][flwr][INFO] - 	        (7, 0.9634435665194313),
[2024-07-08 15:07:44,726][flwr][INFO] - 	        (8, 0.9625749015569239),
[2024-07-08 15:07:44,726][flwr][INFO] - 	        (9, 0.9636487731030057),
[2024-07-08 15:07:44,726][flwr][INFO] - 	        (10, 0.9636017711474151)],
[2024-07-08 15:07:44,726][flwr][INFO] - 	 'precision': [(0, 0.12349967530374152),
[2024-07-08 15:07:44,726][flwr][INFO] - 	               (1, 0.8891673107583565),
[2024-07-08 15:07:44,726][flwr][INFO] - 	               (2, 0.9289152755781354),
[2024-07-08 15:07:44,726][flwr][INFO] - 	               (3, 0.9432727006091441),
[2024-07-08 15:07:44,726][flwr][INFO] - 	               (4, 0.952880620408928),
[2024-07-08 15:07:44,726][flwr][INFO] - 	               (5, 0.958792780668269),
[2024-07-08 15:07:44,726][flwr][INFO] - 	               (6, 0.9602460493020544),
[2024-07-08 15:07:44,726][flwr][INFO] - 	               (7, 0.9636889734971492),
[2024-07-08 15:07:44,726][flwr][INFO] - 	               (8, 0.9626262669886259),
[2024-07-08 15:07:44,726][flwr][INFO] - 	               (9, 0.9642887139741201),
[2024-07-08 15:07:44,726][flwr][INFO] - 	               (10, 0.9641869413345064)],
[2024-07-08 15:07:44,726][flwr][INFO] - 	 'recall': [(0, 0.1086),
[2024-07-08 15:07:44,726][flwr][INFO] - 	            (1, 0.8844),
[2024-07-08 15:07:44,726][flwr][INFO] - 	            (2, 0.9269),
[2024-07-08 15:07:44,726][flwr][INFO] - 	            (3, 0.9429),
[2024-07-08 15:07:44,726][flwr][INFO] - 	            (4, 0.9526),
[2024-07-08 15:07:44,726][flwr][INFO] - 	            (5, 0.9586),
[2024-07-08 15:07:44,726][flwr][INFO] - 	            (6, 0.96),
[2024-07-08 15:07:44,726][flwr][INFO] - 	            (7, 0.9634),
[2024-07-08 15:07:44,726][flwr][INFO] - 	            (8, 0.9626),
[2024-07-08 15:07:44,726][flwr][INFO] - 	            (9, 0.9635),
[2024-07-08 15:07:44,726][flwr][INFO] - 	            (10, 0.9635)]}
[2024-07-08 15:07:44,726][flwr][INFO] - 
