[2024-07-08 17:23:26,733][flwr][INFO] - Starting Flower simulation, config: num_rounds=10, no round_timeout
[2024-07-08 17:23:28,390][flwr][INFO] - Flower VCE: Ray initialized with resources: {'object_store_memory': 2147483648.0, 'CPU': 12.0, 'node:__internal_head__': 1.0, 'node:127.0.0.1': 1.0, 'memory': 10284516967.0}
[2024-07-08 17:23:28,391][flwr][INFO] - Optimize your simulation with Flower VCE: https://flower.ai/docs/framework/how-to-run-simulations.html
[2024-07-08 17:23:28,391][flwr][INFO] - Flower VCE: Resources for each Virtual Client: {'num_cpus': 2, 'num_gpus': 0}
[2024-07-08 17:23:28,405][flwr][INFO] - Flower VCE: Creating VirtualClientEngineActorPool with 6 actors
[2024-07-08 17:23:28,405][flwr][INFO] - [INIT]
[2024-07-08 17:23:28,405][flwr][INFO] - Requesting initial parameters from one random client
[2024-07-08 17:23:30,659][flwr][INFO] - Received initial parameters from one random client
[2024-07-08 17:23:30,659][flwr][INFO] - Evaluating initial global parameters
[2024-07-08 17:23:31,049][flwr][INFO] - initial parameters (loss, other metrics): 181.76928067207336, {'accuracy': 0.1086, 'precision': 0.12349967530374152, 'recall': 0.1086, 'f1': 0.03553137346181725, 'confusion_matrix': array([[   0,    8,    0,  956,    0,    1,    0,   15,    0,    0],
       [   0,  122,    0, 1013,    0,    0,    0,    0,    0,    0],
       [   0,   38,    0,  971,    0,    0,    3,   19,    1,    0],
       [   0,   44,    0,  945,    1,    1,    0,   17,    2,    0],
       [   0,  143,    0,  816,    1,    0,    2,   20,    0,    0],
       [   0,  118,    0,  735,    1,    7,    0,   30,    1,    0],
       [   0,  144,    0,  749,   25,    0,    2,   38,    0,    0],
       [   0,  272,    0,  724,    8,    0,    0,    9,   15,    0],
       [   0,   81,    0,  859,    1,    0,    1,   32,    0,    0],
       [   0,  178,    0,  799,    1,    0,    0,   31,    0,    0]])}
[2024-07-08 17:23:31,050][flwr][INFO] - 
[2024-07-08 17:23:31,050][flwr][INFO] - [ROUND 1]
[2024-07-08 17:23:31,050][flwr][INFO] - configure_fit: strategy sampled 10 clients (out of 10)
[2024-07-08 17:23:54,740][flwr][INFO] - aggregate_fit: received 10 results and 0 failures
[2024-07-08 17:23:54,749][flwr][WARNING] - No fit_metrics_aggregation_fn provided
[2024-07-08 17:23:55,234][flwr][INFO] - fit progress: (1, 143.70456910133362, {'accuracy': 0.3798, 'precision': 0.3160907559432077, 'recall': 0.3798, 'f1': 0.31786137846738893, 'confusion_matrix': array([[ 699,   31,    0,   22,    0,    2,  223,    1,    1,    1],
       [   0,    0, 1111,    3,    0,    1,    5,    0,    0,   15],
       [  23,    1,  285,  627,   13,    0,   12,   12,    5,   54],
       [   5,    2,   14,  638,  261,    1,   24,    2,    9,   54],
       [ 115,    0,    3,    4,  534,   86,   54,    3,    1,  182],
       [  51,    0,    6,   16,   52,   87,  647,    3,   14,   16],
       [  15,    0,    5,   11,    7,    0,  736,  164,    0,   20],
       [ 122,    0,   16,  123,    2,    6,    2,   39,  647,   71],
       [  25,    0,   29,   27,   26,    0,   90,    0,    8,  769],
       [ 181,    0,    7,    3,   23,    2,    4,    2,   15,  772]])}, 24.183752916)
[2024-07-08 17:23:55,234][flwr][INFO] - configure_evaluate: no clients selected, skipping evaluation
[2024-07-08 17:23:55,234][flwr][INFO] - 
[2024-07-08 17:23:55,234][flwr][INFO] - [ROUND 2]
[2024-07-08 17:23:55,235][flwr][INFO] - configure_fit: strategy sampled 10 clients (out of 10)
[2024-07-08 17:24:11,164][flwr][INFO] - aggregate_fit: received 10 results and 0 failures
[2024-07-08 17:24:11,569][flwr][INFO] - fit progress: (2, 127.89725244045258, {'accuracy': 0.4254, 'precision': 0.34641477601093285, 'recall': 0.4254, 'f1': 0.35290873720795823, 'confusion_matrix': array([[ 924,   25,    1,    3,    0,    1,   20,    5,    0,    1],
       [   0,    0, 1124,    3,    0,    1,    5,    0,    0,    2],
       [   7,    0,  394,  602,    3,    4,    6,    5,    6,    5],
       [   3,    0,    9,  887,   45,   14,   12,    0,    7,   33],
       [   3,    0,    5,    6,  134,  760,   11,    3,    1,   59],
       [  28,    2,    2,   31,    7,  296,  470,    2,   24,   30],
       [   1,    3,    5,    1,    0,    5,  841,  101,    0,    1],
       [ 138,    0,   38,  160,    0,   21,    1,    6,  659,    5],
       [   7,    1,   37,   39,    8,   11,   57,    0,   70,  744],
       [ 236,    1,    7,    6,    7,   39,    0,    2,    9,  702]])}, 40.519276041)
[2024-07-08 17:24:11,570][flwr][INFO] - configure_evaluate: no clients selected, skipping evaluation
[2024-07-08 17:24:11,570][flwr][INFO] - 
[2024-07-08 17:24:11,570][flwr][INFO] - [ROUND 3]
[2024-07-08 17:24:11,570][flwr][INFO] - configure_fit: strategy sampled 10 clients (out of 10)
[2024-07-08 17:24:27,776][flwr][INFO] - aggregate_fit: received 10 results and 0 failures
[2024-07-08 17:24:28,195][flwr][INFO] - fit progress: (3, 104.73463773727417, {'accuracy': 0.4261, 'precision': 0.36929346500554605, 'recall': 0.4261, 'f1': 0.3564047863227297, 'confusion_matrix': array([[ 832,  123,    0,    2,    0,    6,    9,    7,    0,    1],
       [   0,    4, 1120,    4,    0,    0,    5,    0,    1,    1],
       [   4,    0,  135,  867,    1,    7,    4,    5,    3,    6],
       [   0,    0,    2,  930,   30,   13,    1,    0,    8,   26],
       [   3,    0,    0,    3,   51,  882,    5,   10,    2,   26],
       [   7,    3,    0,   22,    6,  391,  441,    0,   13,    9],
       [   0,    5,    3,    0,    1,    7,  897,   43,    0,    2],
       [  54,    0,   18,  194,    1,   19,    0,   13,  719,   10],
       [   2,    5,   11,   54,    2,   34,   42,    0,  296,  528],
       [ 199,    1,    5,    9,    5,   70,    1,    0,    7,  712]])}, 57.144845708)
[2024-07-08 17:24:28,195][flwr][INFO] - configure_evaluate: no clients selected, skipping evaluation
[2024-07-08 17:24:28,195][flwr][INFO] - 
[2024-07-08 17:24:28,195][flwr][INFO] - [ROUND 4]
[2024-07-08 17:24:28,196][flwr][INFO] - configure_fit: strategy sampled 10 clients (out of 10)
[2024-07-08 17:24:44,402][flwr][INFO] - aggregate_fit: received 10 results and 0 failures
[2024-07-08 17:24:44,850][flwr][INFO] - fit progress: (4, 95.25463032722473, {'accuracy': 0.4043, 'precision': 0.36853259614943074, 'recall': 0.4043, 'f1': 0.34687219283853976, 'confusion_matrix': array([[ 902,   59,    0,    0,    0,    4,    6,    6,    1,    2],
       [   0,   47, 1078,    4,    0,    0,    3,    0,    1,    2],
       [   6,    0,  104,  905,    1,    2,    3,    2,    5,    4],
       [   0,    2,    2,  788,  171,    6,    0,    0,   10,   31],
       [   3,    0,    1,    8,   57,  873,    7,    7,    2,   24],
       [   7,    2,    0,   11,    9,  224,  626,    0,    4,    9],
       [   0,    4,    3,    0,    1,    3,  830,  114,    0,    3],
       [  39,    0,   22,  134,    1,   11,    0,   36,  778,    7],
       [   3,    3,    6,   16,    2,   14,   38,    0,  386,  506],
       [ 256,    0,    4,    5,   13,   57,    0,    0,    5,  669]])}, 73.7998105)
[2024-07-08 17:24:44,850][flwr][INFO] - configure_evaluate: no clients selected, skipping evaluation
[2024-07-08 17:24:44,850][flwr][INFO] - 
[2024-07-08 17:24:44,851][flwr][INFO] - [ROUND 5]
[2024-07-08 17:24:44,851][flwr][INFO] - configure_fit: strategy sampled 10 clients (out of 10)
[2024-07-08 17:25:01,525][flwr][INFO] - aggregate_fit: received 10 results and 0 failures
[2024-07-08 17:25:01,913][flwr][INFO] - fit progress: (5, 87.14135086536407, {'accuracy': 0.4257, 'precision': 0.4166386176527901, 'recall': 0.4257, 'f1': 0.3806576763639462, 'confusion_matrix': array([[912,  53,   0,   0,   0,   3,   3,   6,   1,   2],
       [  0, 226, 895,   3,   1,   0,   2,   1,   3,   4],
       [  7,   0, 190, 814,   2,   1,   3,   3,   9,   3],
       [  0,   1,   0, 817, 146,   2,   0,   0,  10,  34],
       [ 10,   2,   2,   6,  74, 817,  13,  11,   1,  46],
       [  8,   3,   0,  14,  11, 143, 682,   2,  10,  19],
       [  0,   8,   2,   0,   1,   2, 760, 183,   0,   2],
       [ 16,   3,  13,  82,   0,   1,   0,  54, 852,   7],
       [  2,   3,   5,  13,   2,   5,  18,   2, 462, 462],
       [360,   2,   1,   5,   4,  10,   2,   1,   5, 619]])}, 90.86234312500001)
[2024-07-08 17:25:01,913][flwr][INFO] - configure_evaluate: no clients selected, skipping evaluation
[2024-07-08 17:25:01,913][flwr][INFO] - 
[2024-07-08 17:25:01,913][flwr][INFO] - [ROUND 6]
[2024-07-08 17:25:01,913][flwr][INFO] - configure_fit: strategy sampled 10 clients (out of 10)
[2024-07-08 17:25:22,156][flwr][INFO] - aggregate_fit: received 10 results and 0 failures
[2024-07-08 17:25:22,610][flwr][INFO] - fit progress: (6, 75.52915382385254, {'accuracy': 0.5023, 'precision': 0.4954460853804572, 'recall': 0.5023, 'f1': 0.46984239259863136, 'confusion_matrix': array([[844, 124,   0,   0,   0,   2,   5,   3,   1,   1],
       [  0, 219, 904,   3,   1,   0,   4,   0,   3,   1],
       [  4,   1, 335, 672,   4,   1,   1,   4,   7,   3],
       [  0,   2,   1, 715, 246,   3,   0,   0,  10,  33],
       [  0,   2,   1,   3, 383, 542,   8,  11,   0,  32],
       [  4,   3,   0,   7,  10, 160, 688,   2,   4,  14],
       [  0,  10,   3,   0,   3,   3, 775, 163,   0,   1],
       [ 10,   2,  13,  72,   0,   1,   0,  66, 853,  11],
       [  1,   5,   3,   7,   6,   5,  16,   1, 600, 330],
       [ 46,   5,   2,   5,   6,  14,   1,   1,   3, 926]])}, 111.560044833)
[2024-07-08 17:25:22,611][flwr][INFO] - configure_evaluate: no clients selected, skipping evaluation
[2024-07-08 17:25:22,611][flwr][INFO] - 
[2024-07-08 17:25:22,611][flwr][INFO] - [ROUND 7]
[2024-07-08 17:25:22,611][flwr][INFO] - configure_fit: strategy sampled 10 clients (out of 10)
[2024-07-08 17:25:38,998][flwr][INFO] - aggregate_fit: received 10 results and 0 failures
[2024-07-08 17:25:39,427][flwr][INFO] - fit progress: (7, 73.00928920507431, {'accuracy': 0.5168, 'precision': 0.5422433197706191, 'recall': 0.5168, 'f1': 0.49832946069823636, 'confusion_matrix': array([[903,  66,   1,   0,   0,   2,   3,   2,   1,   2],
       [  0, 332, 783,   3,   1,   1,   6,   0,   4,   5],
       [  3,   2, 254, 755,   2,   2,   1,   4,   7,   2],
       [  2,   1,   0, 713, 241,   9,   0,   0,   6,  38],
       [  0,   2,   0,   5, 170, 771,   3,   3,   0,  28],
       [  5,   1,   0,   7,   3, 327, 532,   0,   3,  14],
       [  2,   7,   3,   0,   3,   4, 795, 142,   0,   2],
       [  8,   0,  10,  47,   2,   3,   0, 361, 588,   9],
       [  4,   3,   1,   9,   4,   7,   9,   0, 435, 502],
       [ 88,   2,   1,   3,   9,  25,   0,   1,   2, 878]])}, 128.376030083)
[2024-07-08 17:25:39,427][flwr][INFO] - configure_evaluate: no clients selected, skipping evaluation
[2024-07-08 17:25:39,427][flwr][INFO] - 
[2024-07-08 17:25:39,427][flwr][INFO] - [ROUND 8]
[2024-07-08 17:25:39,427][flwr][INFO] - configure_fit: strategy sampled 10 clients (out of 10)
[2024-07-08 17:25:59,014][flwr][INFO] - aggregate_fit: received 10 results and 0 failures
[2024-07-08 17:25:59,474][flwr][INFO] - fit progress: (8, 63.30209642648697, {'accuracy': 0.6192, 'precision': 0.6471211664524226, 'recall': 0.6192, 'f1': 0.6065484427079783, 'confusion_matrix': array([[908,  59,   0,   0,   1,   2,   4,   2,   2,   2],
       [  0, 773, 345,   3,   1,   1,   4,   0,   3,   5],
       [  5,   0, 323, 687,   2,   2,   2,   2,   8,   1],
       [  0,   1,   0, 840, 115,   9,   0,   0,   7,  38],
       [  1,   0,   0,   6, 301, 623,   4,   5,   0,  42],
       [  4,   1,   0,   5,   2, 350, 510,   0,   8,  12],
       [  0,   9,   1,   0,   4,   3, 868,  69,   1,   3],
       [  8,   1,   7,  37,   0,   1,   0, 477, 486,  11],
       [  2,   3,   2,   5,   4,   5,  12,   0, 427, 514],
       [ 52,   4,   0,   4,   3,  16,   1,   1,   3, 925]])}, 148.422932125)
[2024-07-08 17:25:59,474][flwr][INFO] - configure_evaluate: no clients selected, skipping evaluation
[2024-07-08 17:25:59,474][flwr][INFO] - 
[2024-07-08 17:25:59,474][flwr][INFO] - [ROUND 9]
[2024-07-08 17:25:59,475][flwr][INFO] - configure_fit: strategy sampled 10 clients (out of 10)
[2024-07-08 17:26:16,498][flwr][INFO] - aggregate_fit: received 10 results and 0 failures
[2024-07-08 17:26:16,935][flwr][INFO] - fit progress: (9, 69.45175158977509, {'accuracy': 0.5317, 'precision': 0.5446231016741212, 'recall': 0.5317, 'f1': 0.5202518690322495, 'confusion_matrix': array([[755, 214,   0,   0,   0,   1,   3,   2,   3,   2],
       [  0, 327, 794,   2,   0,   1,   2,   2,   1,   6],
       [  4,   0, 278, 734,   2,   0,   2,   0,   9,   3],
       [  1,   2,   2, 748, 201,  10,   0,   1,   4,  41],
       [  0,   4,   0,   4, 436, 483,   2,  11,   0,  42],
       [  4,   2,   0,   6,   3, 209, 649,   1,   6,  12],
       [  0,   7,   2,   0,   5,   1, 544, 394,   2,   3],
       [  7,   0,  12,  40,   0,   0,   0, 715, 246,   8],
       [  2,   4,   3,   3,   4,   2,   8,   1, 380, 567],
       [ 55,   3,   4,   4,   3,   7,   1,   1,   6, 925]])}, 165.884094625)
[2024-07-08 17:26:16,935][flwr][INFO] - configure_evaluate: no clients selected, skipping evaluation
[2024-07-08 17:26:16,935][flwr][INFO] - 
[2024-07-08 17:26:16,935][flwr][INFO] - [ROUND 10]
[2024-07-08 17:26:16,936][flwr][INFO] - configure_fit: strategy sampled 10 clients (out of 10)
[2024-07-08 17:26:36,449][flwr][INFO] - aggregate_fit: received 10 results and 0 failures
[2024-07-08 17:26:36,901][flwr][INFO] - fit progress: (10, 66.5872950553894, {'accuracy': 0.5403, 'precision': 0.5515501410707531, 'recall': 0.5403, 'f1': 0.5281847786000404, 'confusion_matrix': array([[776, 189,   1,   0,   2,   1,   5,   1,   3,   2],
       [  0, 454, 666,   2,   0,   1,   3,   3,   2,   4],
       [  2,   2, 400, 608,   4,   1,   2,   4,   9,   0],
       [  1,   0,   0, 637, 315,  11,   1,   0,  11,  34],
       [  0,   1,   0,   3, 763, 170,   3,  11,   0,  31],
       [  2,   3,   0,   1,   4, 197, 669,   1,   7,   8],
       [  0,   7,   1,   0,   7,   0, 568, 372,   1,   2],
       [  4,   1,   8,  21,   0,   1,   0, 368, 618,   7],
       [  1,   3,   2,   3,   5,   3,  10,   1, 288, 658],
       [ 23,   2,   4,   2,   8,   9,   1,   2,   6, 952]])}, 185.850173791)
[2024-07-08 17:26:36,902][flwr][INFO] - configure_evaluate: no clients selected, skipping evaluation
[2024-07-08 17:26:36,902][flwr][INFO] - 
[2024-07-08 17:26:36,902][flwr][INFO] - [SUMMARY]
[2024-07-08 17:26:36,902][flwr][INFO] - Run finished 10 round(s) in 185.85s
[2024-07-08 17:26:36,906][flwr][INFO] - 	History (loss, centralized):
[2024-07-08 17:26:36,906][flwr][INFO] - 		round 0: 181.76928067207336
[2024-07-08 17:26:36,906][flwr][INFO] - 		round 1: 143.70456910133362
[2024-07-08 17:26:36,906][flwr][INFO] - 		round 2: 127.89725244045258
[2024-07-08 17:26:36,906][flwr][INFO] - 		round 3: 104.73463773727417
[2024-07-08 17:26:36,906][flwr][INFO] - 		round 4: 95.25463032722473
[2024-07-08 17:26:36,906][flwr][INFO] - 		round 5: 87.14135086536407
[2024-07-08 17:26:36,907][flwr][INFO] - 		round 6: 75.52915382385254
[2024-07-08 17:26:36,907][flwr][INFO] - 		round 7: 73.00928920507431
[2024-07-08 17:26:36,907][flwr][INFO] - 		round 8: 63.30209642648697
[2024-07-08 17:26:36,907][flwr][INFO] - 		round 9: 69.45175158977509
[2024-07-08 17:26:36,907][flwr][INFO] - 		round 10: 66.5872950553894
[2024-07-08 17:26:36,907][flwr][INFO] - 	History (metrics, centralized):
[2024-07-08 17:26:36,907][flwr][INFO] - 	{'accuracy': [(0, 0.1086),
[2024-07-08 17:26:36,907][flwr][INFO] - 	              (1, 0.3798),
[2024-07-08 17:26:36,907][flwr][INFO] - 	              (2, 0.4254),
[2024-07-08 17:26:36,907][flwr][INFO] - 	              (3, 0.4261),
[2024-07-08 17:26:36,907][flwr][INFO] - 	              (4, 0.4043),
[2024-07-08 17:26:36,907][flwr][INFO] - 	              (5, 0.4257),
[2024-07-08 17:26:36,907][flwr][INFO] - 	              (6, 0.5023),
[2024-07-08 17:26:36,907][flwr][INFO] - 	              (7, 0.5168),
[2024-07-08 17:26:36,907][flwr][INFO] - 	              (8, 0.6192),
[2024-07-08 17:26:36,907][flwr][INFO] - 	              (9, 0.5317),
[2024-07-08 17:26:36,907][flwr][INFO] - 	              (10, 0.5403)],
[2024-07-08 17:26:36,907][flwr][INFO] - 	 'confusion_matrix': [(0,
[2024-07-08 17:26:36,907][flwr][INFO] - 	                       array([[   0,    8,    0,  956,    0,    1,    0,   15,    0,    0],
[2024-07-08 17:26:36,907][flwr][INFO] - 	       [   0,  122,    0, 1013,    0,    0,    0,    0,    0,    0],
[2024-07-08 17:26:36,907][flwr][INFO] - 	       [   0,   38,    0,  971,    0,    0,    3,   19,    1,    0],
[2024-07-08 17:26:36,907][flwr][INFO] - 	       [   0,   44,    0,  945,    1,    1,    0,   17,    2,    0],
[2024-07-08 17:26:36,907][flwr][INFO] - 	       [   0,  143,    0,  816,    1,    0,    2,   20,    0,    0],
[2024-07-08 17:26:36,907][flwr][INFO] - 	       [   0,  118,    0,  735,    1,    7,    0,   30,    1,    0],
[2024-07-08 17:26:36,907][flwr][INFO] - 	       [   0,  144,    0,  749,   25,    0,    2,   38,    0,    0],
[2024-07-08 17:26:36,907][flwr][INFO] - 	       [   0,  272,    0,  724,    8,    0,    0,    9,   15,    0],
[2024-07-08 17:26:36,907][flwr][INFO] - 	       [   0,   81,    0,  859,    1,    0,    1,   32,    0,    0],
[2024-07-08 17:26:36,907][flwr][INFO] - 	       [   0,  178,    0,  799,    1,    0,    0,   31,    0,    0]])),
[2024-07-08 17:26:36,907][flwr][INFO] - 	                      (1,
[2024-07-08 17:26:36,907][flwr][INFO] - 	                       array([[ 699,   31,    0,   22,    0,    2,  223,    1,    1,    1],
[2024-07-08 17:26:36,907][flwr][INFO] - 	       [   0,    0, 1111,    3,    0,    1,    5,    0,    0,   15],
[2024-07-08 17:26:36,907][flwr][INFO] - 	       [  23,    1,  285,  627,   13,    0,   12,   12,    5,   54],
[2024-07-08 17:26:36,907][flwr][INFO] - 	       [   5,    2,   14,  638,  261,    1,   24,    2,    9,   54],
[2024-07-08 17:26:36,907][flwr][INFO] - 	       [ 115,    0,    3,    4,  534,   86,   54,    3,    1,  182],
[2024-07-08 17:26:36,907][flwr][INFO] - 	       [  51,    0,    6,   16,   52,   87,  647,    3,   14,   16],
[2024-07-08 17:26:36,907][flwr][INFO] - 	       [  15,    0,    5,   11,    7,    0,  736,  164,    0,   20],
[2024-07-08 17:26:36,907][flwr][INFO] - 	       [ 122,    0,   16,  123,    2,    6,    2,   39,  647,   71],
[2024-07-08 17:26:36,907][flwr][INFO] - 	       [  25,    0,   29,   27,   26,    0,   90,    0,    8,  769],
[2024-07-08 17:26:36,907][flwr][INFO] - 	       [ 181,    0,    7,    3,   23,    2,    4,    2,   15,  772]])),
[2024-07-08 17:26:36,907][flwr][INFO] - 	                      (2,
[2024-07-08 17:26:36,907][flwr][INFO] - 	                       array([[ 924,   25,    1,    3,    0,    1,   20,    5,    0,    1],
[2024-07-08 17:26:36,907][flwr][INFO] - 	       [   0,    0, 1124,    3,    0,    1,    5,    0,    0,    2],
[2024-07-08 17:26:36,907][flwr][INFO] - 	       [   7,    0,  394,  602,    3,    4,    6,    5,    6,    5],
[2024-07-08 17:26:36,907][flwr][INFO] - 	       [   3,    0,    9,  887,   45,   14,   12,    0,    7,   33],
[2024-07-08 17:26:36,907][flwr][INFO] - 	       [   3,    0,    5,    6,  134,  760,   11,    3,    1,   59],
[2024-07-08 17:26:36,907][flwr][INFO] - 	       [  28,    2,    2,   31,    7,  296,  470,    2,   24,   30],
[2024-07-08 17:26:36,907][flwr][INFO] - 	       [   1,    3,    5,    1,    0,    5,  841,  101,    0,    1],
[2024-07-08 17:26:36,907][flwr][INFO] - 	       [ 138,    0,   38,  160,    0,   21,    1,    6,  659,    5],
[2024-07-08 17:26:36,907][flwr][INFO] - 	       [   7,    1,   37,   39,    8,   11,   57,    0,   70,  744],
[2024-07-08 17:26:36,908][flwr][INFO] - 	       [ 236,    1,    7,    6,    7,   39,    0,    2,    9,  702]])),
[2024-07-08 17:26:36,908][flwr][INFO] - 	                      (3,
[2024-07-08 17:26:36,908][flwr][INFO] - 	                       array([[ 832,  123,    0,    2,    0,    6,    9,    7,    0,    1],
[2024-07-08 17:26:36,908][flwr][INFO] - 	       [   0,    4, 1120,    4,    0,    0,    5,    0,    1,    1],
[2024-07-08 17:26:36,908][flwr][INFO] - 	       [   4,    0,  135,  867,    1,    7,    4,    5,    3,    6],
[2024-07-08 17:26:36,908][flwr][INFO] - 	       [   0,    0,    2,  930,   30,   13,    1,    0,    8,   26],
[2024-07-08 17:26:36,908][flwr][INFO] - 	       [   3,    0,    0,    3,   51,  882,    5,   10,    2,   26],
[2024-07-08 17:26:36,908][flwr][INFO] - 	       [   7,    3,    0,   22,    6,  391,  441,    0,   13,    9],
[2024-07-08 17:26:36,908][flwr][INFO] - 	       [   0,    5,    3,    0,    1,    7,  897,   43,    0,    2],
[2024-07-08 17:26:36,908][flwr][INFO] - 	       [  54,    0,   18,  194,    1,   19,    0,   13,  719,   10],
[2024-07-08 17:26:36,908][flwr][INFO] - 	       [   2,    5,   11,   54,    2,   34,   42,    0,  296,  528],
[2024-07-08 17:26:36,908][flwr][INFO] - 	       [ 199,    1,    5,    9,    5,   70,    1,    0,    7,  712]])),
[2024-07-08 17:26:36,908][flwr][INFO] - 	                      (4,
[2024-07-08 17:26:36,908][flwr][INFO] - 	                       array([[ 902,   59,    0,    0,    0,    4,    6,    6,    1,    2],
[2024-07-08 17:26:36,908][flwr][INFO] - 	       [   0,   47, 1078,    4,    0,    0,    3,    0,    1,    2],
[2024-07-08 17:26:36,908][flwr][INFO] - 	       [   6,    0,  104,  905,    1,    2,    3,    2,    5,    4],
[2024-07-08 17:26:36,908][flwr][INFO] - 	       [   0,    2,    2,  788,  171,    6,    0,    0,   10,   31],
[2024-07-08 17:26:36,908][flwr][INFO] - 	       [   3,    0,    1,    8,   57,  873,    7,    7,    2,   24],
[2024-07-08 17:26:36,908][flwr][INFO] - 	       [   7,    2,    0,   11,    9,  224,  626,    0,    4,    9],
[2024-07-08 17:26:36,908][flwr][INFO] - 	       [   0,    4,    3,    0,    1,    3,  830,  114,    0,    3],
[2024-07-08 17:26:36,908][flwr][INFO] - 	       [  39,    0,   22,  134,    1,   11,    0,   36,  778,    7],
[2024-07-08 17:26:36,908][flwr][INFO] - 	       [   3,    3,    6,   16,    2,   14,   38,    0,  386,  506],
[2024-07-08 17:26:36,908][flwr][INFO] - 	       [ 256,    0,    4,    5,   13,   57,    0,    0,    5,  669]])),
[2024-07-08 17:26:36,908][flwr][INFO] - 	                      (5,
[2024-07-08 17:26:36,908][flwr][INFO] - 	                       array([[912,  53,   0,   0,   0,   3,   3,   6,   1,   2],
[2024-07-08 17:26:36,908][flwr][INFO] - 	       [  0, 226, 895,   3,   1,   0,   2,   1,   3,   4],
[2024-07-08 17:26:36,908][flwr][INFO] - 	       [  7,   0, 190, 814,   2,   1,   3,   3,   9,   3],
[2024-07-08 17:26:36,908][flwr][INFO] - 	       [  0,   1,   0, 817, 146,   2,   0,   0,  10,  34],
[2024-07-08 17:26:36,908][flwr][INFO] - 	       [ 10,   2,   2,   6,  74, 817,  13,  11,   1,  46],
[2024-07-08 17:26:36,908][flwr][INFO] - 	       [  8,   3,   0,  14,  11, 143, 682,   2,  10,  19],
[2024-07-08 17:26:36,908][flwr][INFO] - 	       [  0,   8,   2,   0,   1,   2, 760, 183,   0,   2],
[2024-07-08 17:26:36,908][flwr][INFO] - 	       [ 16,   3,  13,  82,   0,   1,   0,  54, 852,   7],
[2024-07-08 17:26:36,908][flwr][INFO] - 	       [  2,   3,   5,  13,   2,   5,  18,   2, 462, 462],
[2024-07-08 17:26:36,908][flwr][INFO] - 	       [360,   2,   1,   5,   4,  10,   2,   1,   5, 619]])),
[2024-07-08 17:26:36,908][flwr][INFO] - 	                      (6,
[2024-07-08 17:26:36,908][flwr][INFO] - 	                       array([[844, 124,   0,   0,   0,   2,   5,   3,   1,   1],
[2024-07-08 17:26:36,908][flwr][INFO] - 	       [  0, 219, 904,   3,   1,   0,   4,   0,   3,   1],
[2024-07-08 17:26:36,908][flwr][INFO] - 	       [  4,   1, 335, 672,   4,   1,   1,   4,   7,   3],
[2024-07-08 17:26:36,908][flwr][INFO] - 	       [  0,   2,   1, 715, 246,   3,   0,   0,  10,  33],
[2024-07-08 17:26:36,908][flwr][INFO] - 	       [  0,   2,   1,   3, 383, 542,   8,  11,   0,  32],
[2024-07-08 17:26:36,908][flwr][INFO] - 	       [  4,   3,   0,   7,  10, 160, 688,   2,   4,  14],
[2024-07-08 17:26:36,908][flwr][INFO] - 	       [  0,  10,   3,   0,   3,   3, 775, 163,   0,   1],
[2024-07-08 17:26:36,908][flwr][INFO] - 	       [ 10,   2,  13,  72,   0,   1,   0,  66, 853,  11],
[2024-07-08 17:26:36,908][flwr][INFO] - 	       [  1,   5,   3,   7,   6,   5,  16,   1, 600, 330],
[2024-07-08 17:26:36,908][flwr][INFO] - 	       [ 46,   5,   2,   5,   6,  14,   1,   1,   3, 926]])),
[2024-07-08 17:26:36,908][flwr][INFO] - 	                      (7,
[2024-07-08 17:26:36,908][flwr][INFO] - 	                       array([[903,  66,   1,   0,   0,   2,   3,   2,   1,   2],
[2024-07-08 17:26:36,908][flwr][INFO] - 	       [  0, 332, 783,   3,   1,   1,   6,   0,   4,   5],
[2024-07-08 17:26:36,908][flwr][INFO] - 	       [  3,   2, 254, 755,   2,   2,   1,   4,   7,   2],
[2024-07-08 17:26:36,908][flwr][INFO] - 	       [  2,   1,   0, 713, 241,   9,   0,   0,   6,  38],
[2024-07-08 17:26:36,908][flwr][INFO] - 	       [  0,   2,   0,   5, 170, 771,   3,   3,   0,  28],
[2024-07-08 17:26:36,909][flwr][INFO] - 	       [  5,   1,   0,   7,   3, 327, 532,   0,   3,  14],
[2024-07-08 17:26:36,909][flwr][INFO] - 	       [  2,   7,   3,   0,   3,   4, 795, 142,   0,   2],
[2024-07-08 17:26:36,909][flwr][INFO] - 	       [  8,   0,  10,  47,   2,   3,   0, 361, 588,   9],
[2024-07-08 17:26:36,909][flwr][INFO] - 	       [  4,   3,   1,   9,   4,   7,   9,   0, 435, 502],
[2024-07-08 17:26:36,909][flwr][INFO] - 	       [ 88,   2,   1,   3,   9,  25,   0,   1,   2, 878]])),
[2024-07-08 17:26:36,909][flwr][INFO] - 	                      (8,
[2024-07-08 17:26:36,909][flwr][INFO] - 	                       array([[908,  59,   0,   0,   1,   2,   4,   2,   2,   2],
[2024-07-08 17:26:36,909][flwr][INFO] - 	       [  0, 773, 345,   3,   1,   1,   4,   0,   3,   5],
[2024-07-08 17:26:36,909][flwr][INFO] - 	       [  5,   0, 323, 687,   2,   2,   2,   2,   8,   1],
[2024-07-08 17:26:36,909][flwr][INFO] - 	       [  0,   1,   0, 840, 115,   9,   0,   0,   7,  38],
[2024-07-08 17:26:36,909][flwr][INFO] - 	       [  1,   0,   0,   6, 301, 623,   4,   5,   0,  42],
[2024-07-08 17:26:36,909][flwr][INFO] - 	       [  4,   1,   0,   5,   2, 350, 510,   0,   8,  12],
[2024-07-08 17:26:36,909][flwr][INFO] - 	       [  0,   9,   1,   0,   4,   3, 868,  69,   1,   3],
[2024-07-08 17:26:36,909][flwr][INFO] - 	       [  8,   1,   7,  37,   0,   1,   0, 477, 486,  11],
[2024-07-08 17:26:36,909][flwr][INFO] - 	       [  2,   3,   2,   5,   4,   5,  12,   0, 427, 514],
[2024-07-08 17:26:36,909][flwr][INFO] - 	       [ 52,   4,   0,   4,   3,  16,   1,   1,   3, 925]])),
[2024-07-08 17:26:36,909][flwr][INFO] - 	                      (9,
[2024-07-08 17:26:36,909][flwr][INFO] - 	                       array([[755, 214,   0,   0,   0,   1,   3,   2,   3,   2],
[2024-07-08 17:26:36,909][flwr][INFO] - 	       [  0, 327, 794,   2,   0,   1,   2,   2,   1,   6],
[2024-07-08 17:26:36,909][flwr][INFO] - 	       [  4,   0, 278, 734,   2,   0,   2,   0,   9,   3],
[2024-07-08 17:26:36,909][flwr][INFO] - 	       [  1,   2,   2, 748, 201,  10,   0,   1,   4,  41],
[2024-07-08 17:26:36,909][flwr][INFO] - 	       [  0,   4,   0,   4, 436, 483,   2,  11,   0,  42],
[2024-07-08 17:26:36,909][flwr][INFO] - 	       [  4,   2,   0,   6,   3, 209, 649,   1,   6,  12],
[2024-07-08 17:26:36,909][flwr][INFO] - 	       [  0,   7,   2,   0,   5,   1, 544, 394,   2,   3],
[2024-07-08 17:26:36,909][flwr][INFO] - 	       [  7,   0,  12,  40,   0,   0,   0, 715, 246,   8],
[2024-07-08 17:26:36,909][flwr][INFO] - 	       [  2,   4,   3,   3,   4,   2,   8,   1, 380, 567],
[2024-07-08 17:26:36,909][flwr][INFO] - 	       [ 55,   3,   4,   4,   3,   7,   1,   1,   6, 925]])),
[2024-07-08 17:26:36,909][flwr][INFO] - 	                      (10,
[2024-07-08 17:26:36,909][flwr][INFO] - 	                       array([[776, 189,   1,   0,   2,   1,   5,   1,   3,   2],
[2024-07-08 17:26:36,909][flwr][INFO] - 	       [  0, 454, 666,   2,   0,   1,   3,   3,   2,   4],
[2024-07-08 17:26:36,909][flwr][INFO] - 	       [  2,   2, 400, 608,   4,   1,   2,   4,   9,   0],
[2024-07-08 17:26:36,909][flwr][INFO] - 	       [  1,   0,   0, 637, 315,  11,   1,   0,  11,  34],
[2024-07-08 17:26:36,909][flwr][INFO] - 	       [  0,   1,   0,   3, 763, 170,   3,  11,   0,  31],
[2024-07-08 17:26:36,909][flwr][INFO] - 	       [  2,   3,   0,   1,   4, 197, 669,   1,   7,   8],
[2024-07-08 17:26:36,909][flwr][INFO] - 	       [  0,   7,   1,   0,   7,   0, 568, 372,   1,   2],
[2024-07-08 17:26:36,909][flwr][INFO] - 	       [  4,   1,   8,  21,   0,   1,   0, 368, 618,   7],
[2024-07-08 17:26:36,909][flwr][INFO] - 	       [  1,   3,   2,   3,   5,   3,  10,   1, 288, 658],
[2024-07-08 17:26:36,909][flwr][INFO] - 	       [ 23,   2,   4,   2,   8,   9,   1,   2,   6, 952]]))],
[2024-07-08 17:26:36,909][flwr][INFO] - 	 'f1': [(0, 0.03553137346181725),
[2024-07-08 17:26:36,909][flwr][INFO] - 	        (1, 0.31786137846738893),
[2024-07-08 17:26:36,909][flwr][INFO] - 	        (2, 0.35290873720795823),
[2024-07-08 17:26:36,909][flwr][INFO] - 	        (3, 0.3564047863227297),
[2024-07-08 17:26:36,909][flwr][INFO] - 	        (4, 0.34687219283853976),
[2024-07-08 17:26:36,909][flwr][INFO] - 	        (5, 0.3806576763639462),
[2024-07-08 17:26:36,909][flwr][INFO] - 	        (6, 0.46984239259863136),
[2024-07-08 17:26:36,909][flwr][INFO] - 	        (7, 0.49832946069823636),
[2024-07-08 17:26:36,909][flwr][INFO] - 	        (8, 0.6065484427079783),
[2024-07-08 17:26:36,909][flwr][INFO] - 	        (9, 0.5202518690322495),
[2024-07-08 17:26:36,909][flwr][INFO] - 	        (10, 0.5281847786000404)],
[2024-07-08 17:26:36,909][flwr][INFO] - 	 'precision': [(0, 0.12349967530374152),
[2024-07-08 17:26:36,909][flwr][INFO] - 	               (1, 0.3160907559432077),
[2024-07-08 17:26:36,910][flwr][INFO] - 	               (2, 0.34641477601093285),
[2024-07-08 17:26:36,910][flwr][INFO] - 	               (3, 0.36929346500554605),
[2024-07-08 17:26:36,910][flwr][INFO] - 	               (4, 0.36853259614943074),
[2024-07-08 17:26:36,910][flwr][INFO] - 	               (5, 0.4166386176527901),
[2024-07-08 17:26:36,910][flwr][INFO] - 	               (6, 0.4954460853804572),
[2024-07-08 17:26:36,910][flwr][INFO] - 	               (7, 0.5422433197706191),
[2024-07-08 17:26:36,910][flwr][INFO] - 	               (8, 0.6471211664524226),
[2024-07-08 17:26:36,910][flwr][INFO] - 	               (9, 0.5446231016741212),
[2024-07-08 17:26:36,910][flwr][INFO] - 	               (10, 0.5515501410707531)],
[2024-07-08 17:26:36,910][flwr][INFO] - 	 'recall': [(0, 0.1086),
[2024-07-08 17:26:36,910][flwr][INFO] - 	            (1, 0.3798),
[2024-07-08 17:26:36,910][flwr][INFO] - 	            (2, 0.4254),
[2024-07-08 17:26:36,910][flwr][INFO] - 	            (3, 0.4261),
[2024-07-08 17:26:36,910][flwr][INFO] - 	            (4, 0.4043),
[2024-07-08 17:26:36,910][flwr][INFO] - 	            (5, 0.4257),
[2024-07-08 17:26:36,910][flwr][INFO] - 	            (6, 0.5023),
[2024-07-08 17:26:36,910][flwr][INFO] - 	            (7, 0.5168),
[2024-07-08 17:26:36,910][flwr][INFO] - 	            (8, 0.6192),
[2024-07-08 17:26:36,910][flwr][INFO] - 	            (9, 0.5317),
[2024-07-08 17:26:36,910][flwr][INFO] - 	            (10, 0.5403)]}
[2024-07-08 17:26:36,910][flwr][INFO] - 
