[2024-06-21 12:41:09,110][flwr][INFO] - Starting Flower simulation, config: num_rounds=10, no round_timeout
[2024-06-21 12:41:09,941][flwr][INFO] - Flower VCE: Ray initialized with resources: {'memory': 8650188391.0, 'object_store_memory': 2147483648.0, 'node:127.0.0.1': 1.0, 'node:__internal_head__': 1.0, 'CPU': 12.0}
[2024-06-21 12:41:09,941][flwr][INFO] - Optimize your simulation with Flower VCE: https://flower.ai/docs/framework/how-to-run-simulations.html
[2024-06-21 12:41:09,941][flwr][INFO] - Flower VCE: Resources for each Virtual Client: {'num_cpus': 2, 'num_gpus': 0}
[2024-06-21 12:41:09,946][flwr][INFO] - Flower VCE: Creating VirtualClientEngineActorPool with 6 actors
[2024-06-21 12:41:09,946][flwr][INFO] - [INIT]
[2024-06-21 12:41:09,946][flwr][INFO] - Requesting initial parameters from one random client
[2024-06-21 12:41:11,519][flwr][INFO] - Received initial parameters from one random client
[2024-06-21 12:41:11,519][flwr][INFO] - Evaluating initial global parameters
[2024-06-21 12:41:11,879][flwr][INFO] - initial parameters (loss, other metrics): 181.76928067207336, {'accuracy': 0.1086, 'precision': 0.12349967530374152, 'recall': 0.1086, 'f1': 0.03553137346181725, 'confusion_matrix': array([[   0,    8,    0,  956,    0,    1,    0,   15,    0,    0],
       [   0,  122,    0, 1013,    0,    0,    0,    0,    0,    0],
       [   0,   38,    0,  971,    0,    0,    3,   19,    1,    0],
       [   0,   44,    0,  945,    1,    1,    0,   17,    2,    0],
       [   0,  143,    0,  816,    1,    0,    2,   20,    0,    0],
       [   0,  118,    0,  735,    1,    7,    0,   30,    1,    0],
       [   0,  144,    0,  749,   25,    0,    2,   38,    0,    0],
       [   0,  272,    0,  724,    8,    0,    0,    9,   15,    0],
       [   0,   81,    0,  859,    1,    0,    1,   32,    0,    0],
       [   0,  178,    0,  799,    1,    0,    0,   31,    0,    0]])}
[2024-06-21 12:41:11,880][flwr][INFO] - 
[2024-06-21 12:41:11,880][flwr][INFO] - [ROUND 1]
[2024-06-21 12:41:11,880][flwr][INFO] - configure_fit: strategy sampled 10 clients (out of 100)
[2024-06-21 12:41:18,777][flwr][INFO] - aggregate_fit: received 10 results and 0 failures
[2024-06-21 12:41:18,786][flwr][WARNING] - No fit_metrics_aggregation_fn provided
[2024-06-21 12:41:19,232][flwr][INFO] - fit progress: (1, 88.34446913003922, {'accuracy': 0.6967, 'precision': 0.7882234436036532, 'recall': 0.6967, 'f1': 0.6964541348723886, 'confusion_matrix': array([[ 933,    0,   20,    4,    0,    7,    3,    1,    1,   11],
       [   0, 1016,  115,    0,    2,    0,    0,    0,    1,    1],
       [  16,    2,  958,    4,    6,    1,    7,    8,    7,   23],
       [   4,    1,  184,  703,    6,   25,    1,    6,   13,   67],
       [   5,    3,   15,    0,  355,    1,    8,    0,    0,  595],
       [  26,   19,  104,  111,   36,  454,    4,    5,   45,   88],
       [  42,    5,  240,    1,   15,   15,  621,    0,    0,   19],
       [   3,   10,   45,    1,    6,    0,    0,  636,    0,  327],
       [  17,   10,  219,  100,    9,   38,    0,    1,  330,  250],
       [  11,    6,    7,    4,   13,    2,    0,    3,    2,  961]])}, 7.352375083)
[2024-06-21 12:41:19,233][flwr][INFO] - configure_evaluate: no clients selected, skipping evaluation
[2024-06-21 12:41:19,233][flwr][INFO] - 
[2024-06-21 12:41:19,233][flwr][INFO] - [ROUND 2]
[2024-06-21 12:41:19,233][flwr][INFO] - configure_fit: strategy sampled 10 clients (out of 100)
[2024-06-21 12:41:26,266][flwr][INFO] - aggregate_fit: received 10 results and 0 failures
[2024-06-21 12:41:26,641][flwr][INFO] - fit progress: (2, 46.5676993727684, {'accuracy': 0.8503, 'precision': 0.8628880645952728, 'recall': 0.8503, 'f1': 0.8516832088794377, 'confusion_matrix': array([[961,   0,   2,   5,   0,   5,   2,   1,   4,   0],
       [  0, 965, 157,   3,   1,   2,   1,   0,   6,   0],
       [ 12,   1, 918,  27,  16,   2,  10,  15,  20,  11],
       [  7,   0,  50, 862,   2,  25,   0,  12,  32,  20],
       [  2,   0,   6,   0, 879,   0,   8,   0,   1,  86],
       [ 23,   5,  26,  92,  31, 652,   7,   8,  28,  20],
       [ 39,   2,  66,   2,  21,  19, 807,   1,   1,   0],
       [  8,   5,  49,   2,   8,   0,   0, 844,   6, 106],
       [  8,   2,  61,  40,  22,  24,   4,   3, 719,  91],
       [ 17,   4,   3,   3,  52,   4,   0,  19,  11, 896]])}, 14.761060542)
[2024-06-21 12:41:26,642][flwr][INFO] - configure_evaluate: no clients selected, skipping evaluation
[2024-06-21 12:41:26,642][flwr][INFO] - 
[2024-06-21 12:41:26,642][flwr][INFO] - [ROUND 3]
[2024-06-21 12:41:26,642][flwr][INFO] - configure_fit: strategy sampled 10 clients (out of 100)
[2024-06-21 12:41:33,410][flwr][INFO] - aggregate_fit: received 10 results and 0 failures
[2024-06-21 12:41:33,914][flwr][INFO] - fit progress: (3, 42.870646715164185, {'accuracy': 0.8753, 'precision': 0.8813049434392811, 'recall': 0.8753, 'f1': 0.8763271831186327, 'confusion_matrix': array([[ 964,    0,    1,    0,    0,    7,    3,    1,    4,    0],
       [   0, 1028,   68,    1,    0,    5,    3,    0,   30,    0],
       [  15,    0,  869,   47,   16,    5,   10,   10,   57,    3],
       [   6,    0,   26,  789,    1,  114,    1,   12,   54,    7],
       [   1,    1,    5,    0,  886,   13,   12,    0,   12,   52],
       [  20,    3,    9,   26,    5,  789,    9,    2,   28,    1],
       [  33,    1,   18,    0,   11,   24,  867,    2,    2,    0],
       [   9,    7,   41,    4,    8,    6,    0,  864,   27,   62],
       [   8,    0,   20,   17,    8,   73,    7,    2,  827,   12],
       [  17,    3,    1,    3,   40,   33,    0,    9,   33,  870]])}, 22.033355916999998)
[2024-06-21 12:41:33,914][flwr][INFO] - configure_evaluate: no clients selected, skipping evaluation
[2024-06-21 12:41:33,914][flwr][INFO] - 
[2024-06-21 12:41:33,914][flwr][INFO] - [ROUND 4]
[2024-06-21 12:41:33,915][flwr][INFO] - configure_fit: strategy sampled 10 clients (out of 100)
[2024-06-21 12:41:41,426][flwr][INFO] - aggregate_fit: received 10 results and 0 failures
[2024-06-21 12:41:41,786][flwr][INFO] - fit progress: (4, 33.46198669821024, {'accuracy': 0.8987, 'precision': 0.8996827269334501, 'recall': 0.8987, 'f1': 0.8986053211567985, 'confusion_matrix': array([[ 961,    0,    0,    0,    0,    7,    8,    1,    3,    0],
       [   0, 1094,   15,    4,    1,    2,    3,    0,   16,    0],
       [  16,    2,  897,   42,   14,    0,   16,   12,   32,    1],
       [   5,    0,   20,  853,    2,   72,    4,   14,   32,    8],
       [   2,    1,    3,    1,  898,    4,   19,    0,    5,   49],
       [  24,    7,    5,   30,    8,  770,   18,    5,   22,    3],
       [  19,    2,    5,    0,    7,   19,  903,    1,    2,    0],
       [  15,   11,   34,    6,    5,    7,    0,  898,   10,   42],
       [  16,    6,   10,   17,   13,   52,   12,    3,  829,   16],
       [  27,    6,    3,    5,   39,   18,    0,   13,   14,  884]])}, 29.905701082999997)
[2024-06-21 12:41:41,787][flwr][INFO] - configure_evaluate: no clients selected, skipping evaluation
[2024-06-21 12:41:41,787][flwr][INFO] - 
[2024-06-21 12:41:41,787][flwr][INFO] - [ROUND 5]
[2024-06-21 12:41:41,787][flwr][INFO] - configure_fit: strategy sampled 10 clients (out of 100)
[2024-06-21 12:41:50,524][flwr][INFO] - aggregate_fit: received 10 results and 0 failures
[2024-06-21 12:41:50,957][flwr][INFO] - fit progress: (5, 33.56625324487686, {'accuracy': 0.8983, 'precision': 0.899927396489661, 'recall': 0.8983, 'f1': 0.8983487917588096, 'confusion_matrix': array([[ 961,    0,    0,    1,    0,    5,    6,    2,    5,    0],
       [   0, 1103,   12,    2,    1,    1,    3,    0,   13,    0],
       [  12,    4,  890,   54,   17,    2,   12,   15,   24,    2],
       [   3,    2,   10,  847,    8,   72,    4,   16,   27,   21],
       [   1,    1,    3,    2,  903,   11,    9,    0,    5,   47],
       [  11,    9,    3,   22,    6,  792,   13,    7,   20,    9],
       [  15,    3,    5,    1,   18,   21,  884,    2,    8,    1],
       [   2,    9,   28,    7,    7,    2,    0,  900,    3,   70],
       [   5,    7,   11,   23,   15,   41,    5,    4,  809,   54],
       [  15,    6,    0,    4,   72,    8,    0,    8,    2,  894]])}, 39.076271333)
[2024-06-21 12:41:50,958][flwr][INFO] - configure_evaluate: no clients selected, skipping evaluation
[2024-06-21 12:41:50,958][flwr][INFO] - 
[2024-06-21 12:41:50,958][flwr][INFO] - [ROUND 6]
[2024-06-21 12:41:50,958][flwr][INFO] - configure_fit: strategy sampled 10 clients (out of 100)
[2024-06-21 12:41:59,455][flwr][INFO] - aggregate_fit: received 10 results and 0 failures
[2024-06-21 12:41:59,860][flwr][INFO] - fit progress: (6, 30.6775808557868, {'accuracy': 0.9043, 'precision': 0.9071148766934948, 'recall': 0.9043, 'f1': 0.9043954166459712, 'confusion_matrix': array([[ 968,    0,    0,    1,    0,    4,    5,    1,    1,    0],
       [   0, 1100,    6,    3,    1,    1,    4,    0,   20,    0],
       [  14,    1,  892,   49,   11,    1,   17,   12,   30,    5],
       [   4,    2,   10,  864,    3,   69,    4,   10,   33,   11],
       [   1,    1,    2,    2,  826,   15,   17,    0,    7,  111],
       [  16,    1,    2,   17,    1,  806,   22,    3,   19,    5],
       [  15,    2,    4,    0,    6,    9,  916,    3,    2,    1],
       [   8,    9,   24,   16,    4,    6,    0,  892,   16,   53],
       [   8,    2,    9,   23,    7,   36,   12,    2,  853,   22],
       [  25,    5,    0,    8,   15,   16,    0,    6,    8,  926]])}, 47.979091458)
[2024-06-21 12:41:59,861][flwr][INFO] - configure_evaluate: no clients selected, skipping evaluation
[2024-06-21 12:41:59,861][flwr][INFO] - 
[2024-06-21 12:41:59,861][flwr][INFO] - [ROUND 7]
[2024-06-21 12:41:59,861][flwr][INFO] - configure_fit: strategy sampled 10 clients (out of 100)
[2024-06-21 12:42:06,488][flwr][INFO] - aggregate_fit: received 10 results and 0 failures
[2024-06-21 12:42:06,877][flwr][INFO] - fit progress: (7, 30.816377334296703, {'accuracy': 0.909, 'precision': 0.9114499540655383, 'recall': 0.909, 'f1': 0.9092497454017903, 'confusion_matrix': array([[ 970,    0,    0,    0,    0,    4,    3,    2,    1,    0],
       [   0, 1073,   20,    2,    1,    3,    3,    1,   32,    0],
       [  15,    1,  920,   36,    8,    2,   10,   13,   25,    2],
       [   6,    1,    9,  853,    3,   83,    1,   11,   29,   14],
       [   1,    0,    3,    2,  900,   20,    9,    0,   10,   37],
       [  12,    1,    3,   12,    0,  828,   15,    4,   12,    5],
       [  21,    1,    5,    0,   11,   15,  902,    1,    2,    0],
       [   4,    4,   29,   11,    8,    8,    0,  905,   10,   49],
       [  18,    0,    9,   17,   10,   46,    9,    1,  848,   16],
       [  24,    4,    0,    2,   50,   21,    0,    5,   12,  891]])}, 54.995471375)
[2024-06-21 12:42:06,877][flwr][INFO] - configure_evaluate: no clients selected, skipping evaluation
[2024-06-21 12:42:06,877][flwr][INFO] - 
[2024-06-21 12:42:06,877][flwr][INFO] - [ROUND 8]
[2024-06-21 12:42:06,878][flwr][INFO] - configure_fit: strategy sampled 10 clients (out of 100)
[2024-06-21 12:42:12,840][flwr][INFO] - aggregate_fit: received 10 results and 0 failures
[2024-06-21 12:42:13,229][flwr][INFO] - fit progress: (8, 26.533138670027256, {'accuracy': 0.9164, 'precision': 0.91782751749315, 'recall': 0.9164, 'f1': 0.9165670403014444, 'confusion_matrix': array([[ 964,    0,    0,    2,    0,    4,    6,    4,    0,    0],
       [   0, 1103,    5,    3,    1,    1,    4,    0,   18,    0],
       [   8,    1,  890,   72,   11,    3,    9,   10,   25,    3],
       [   1,    0,    7,  898,    8,   41,    2,   11,   27,   15],
       [   1,    0,    2,    2,  884,    2,   10,    2,    3,   76],
       [   8,    5,    1,   24,    3,  801,   14,    5,   23,    8],
       [   9,    3,    4,    1,   12,   19,  898,    7,    4,    1],
       [   3,    5,   27,   10,    5,    1,    0,  929,    2,   46],
       [   5,    2,    4,   23,   14,   27,    9,    2,  859,   29],
       [   8,    7,    0,    4,   32,   12,    0,    6,    2,  938]])}, 61.347619167000005)
[2024-06-21 12:42:13,230][flwr][INFO] - configure_evaluate: no clients selected, skipping evaluation
[2024-06-21 12:42:13,230][flwr][INFO] - 
[2024-06-21 12:42:13,230][flwr][INFO] - [ROUND 9]
[2024-06-21 12:42:13,230][flwr][INFO] - configure_fit: strategy sampled 10 clients (out of 100)
[2024-06-21 12:42:18,400][flwr][INFO] - aggregate_fit: received 10 results and 0 failures
[2024-06-21 12:42:18,794][flwr][INFO] - fit progress: (9, 28.0557639375329, {'accuracy': 0.9161, 'precision': 0.9176330934483383, 'recall': 0.9161, 'f1': 0.9160155995966431, 'confusion_matrix': array([[ 967,    0,    0,    1,    0,    4,    4,    4,    0,    0],
       [   0, 1105,    9,    2,    1,    1,    3,    0,   14,    0],
       [  10,    1,  926,   37,    5,    2,    7,   13,   25,    6],
       [   4,    2,    6,  890,    8,   52,    1,   16,   11,   20],
       [   1,    0,    5,    1,  895,    4,    7,    2,    3,   64],
       [  14,    1,    0,   12,    2,  826,   14,    7,   12,    4],
       [  19,    3,    5,    0,    8,   19,  894,    7,    3,    0],
       [   4,    8,   23,   13,    2,    1,    0,  945,    2,   30],
       [  11,    3,    3,   29,   19,   36,   12,    3,  790,   68],
       [  20,    9,    0,    3,   33,   12,    0,    8,    1,  923]])}, 66.912380833)
[2024-06-21 12:42:18,795][flwr][INFO] - configure_evaluate: no clients selected, skipping evaluation
[2024-06-21 12:42:18,795][flwr][INFO] - 
[2024-06-21 12:42:18,795][flwr][INFO] - [ROUND 10]
[2024-06-21 12:42:18,795][flwr][INFO] - configure_fit: strategy sampled 10 clients (out of 100)
[2024-06-21 12:42:25,638][flwr][INFO] - aggregate_fit: received 10 results and 0 failures
[2024-06-21 12:42:26,049][flwr][INFO] - fit progress: (10, 27.20026906579733, {'accuracy': 0.9113, 'precision': 0.9149924888755362, 'recall': 0.9113, 'f1': 0.9117454276829278, 'confusion_matrix': array([[ 965,    0,    0,    1,    0,    4,    8,    2,    0,    0],
       [   0, 1065,   31,    3,    0,    1,    7,    0,   28,    0],
       [  10,    1,  890,   53,    5,    4,   13,    8,   47,    1],
       [   3,    0,    4,  854,    2,   97,    4,    9,   24,   13],
       [   1,    0,    5,    0,  857,   30,   21,    1,    7,   60],
       [   8,    2,    0,    8,    0,  837,   19,    3,   12,    3],
       [   8,    2,    1,    0,    6,   13,  925,    1,    2,    0],
       [   2,    1,   34,   10,    3,    3,    0,  918,   18,   39],
       [   8,    2,    2,   18,    7,   39,   10,    0,  883,    5],
       [  17,    5,    1,    2,   13,   36,    1,    5,   10,  919]])}, 74.167182708)
[2024-06-21 12:42:26,050][flwr][INFO] - configure_evaluate: no clients selected, skipping evaluation
[2024-06-21 12:42:26,050][flwr][INFO] - 
[2024-06-21 12:42:26,050][flwr][INFO] - [SUMMARY]
[2024-06-21 12:42:26,051][flwr][INFO] - Run finished 10 round(s) in 74.17s
[2024-06-21 12:42:26,054][flwr][INFO] - 	History (loss, centralized):
[2024-06-21 12:42:26,056][flwr][INFO] - 		round 0: 181.76928067207336
[2024-06-21 12:42:26,056][flwr][INFO] - 		round 1: 88.34446913003922
[2024-06-21 12:42:26,057][flwr][INFO] - 		round 2: 46.5676993727684
[2024-06-21 12:42:26,057][flwr][INFO] - 		round 3: 42.870646715164185
[2024-06-21 12:42:26,057][flwr][INFO] - 		round 4: 33.46198669821024
[2024-06-21 12:42:26,057][flwr][INFO] - 		round 5: 33.56625324487686
[2024-06-21 12:42:26,057][flwr][INFO] - 		round 6: 30.6775808557868
[2024-06-21 12:42:26,057][flwr][INFO] - 		round 7: 30.816377334296703
[2024-06-21 12:42:26,057][flwr][INFO] - 		round 8: 26.533138670027256
[2024-06-21 12:42:26,057][flwr][INFO] - 		round 9: 28.0557639375329
[2024-06-21 12:42:26,057][flwr][INFO] - 		round 10: 27.20026906579733
[2024-06-21 12:42:26,057][flwr][INFO] - 	History (metrics, centralized):
[2024-06-21 12:42:26,057][flwr][INFO] - 	{'accuracy': [(0, 0.1086),
[2024-06-21 12:42:26,057][flwr][INFO] - 	              (1, 0.6967),
[2024-06-21 12:42:26,057][flwr][INFO] - 	              (2, 0.8503),
[2024-06-21 12:42:26,057][flwr][INFO] - 	              (3, 0.8753),
[2024-06-21 12:42:26,057][flwr][INFO] - 	              (4, 0.8987),
[2024-06-21 12:42:26,057][flwr][INFO] - 	              (5, 0.8983),
[2024-06-21 12:42:26,057][flwr][INFO] - 	              (6, 0.9043),
[2024-06-21 12:42:26,057][flwr][INFO] - 	              (7, 0.909),
[2024-06-21 12:42:26,057][flwr][INFO] - 	              (8, 0.9164),
[2024-06-21 12:42:26,057][flwr][INFO] - 	              (9, 0.9161),
[2024-06-21 12:42:26,057][flwr][INFO] - 	              (10, 0.9113)],
[2024-06-21 12:42:26,057][flwr][INFO] - 	 'confusion_matrix': [(0,
[2024-06-21 12:42:26,057][flwr][INFO] - 	                       array([[   0,    8,    0,  956,    0,    1,    0,   15,    0,    0],
[2024-06-21 12:42:26,057][flwr][INFO] - 	       [   0,  122,    0, 1013,    0,    0,    0,    0,    0,    0],
[2024-06-21 12:42:26,057][flwr][INFO] - 	       [   0,   38,    0,  971,    0,    0,    3,   19,    1,    0],
[2024-06-21 12:42:26,057][flwr][INFO] - 	       [   0,   44,    0,  945,    1,    1,    0,   17,    2,    0],
[2024-06-21 12:42:26,057][flwr][INFO] - 	       [   0,  143,    0,  816,    1,    0,    2,   20,    0,    0],
[2024-06-21 12:42:26,057][flwr][INFO] - 	       [   0,  118,    0,  735,    1,    7,    0,   30,    1,    0],
[2024-06-21 12:42:26,057][flwr][INFO] - 	       [   0,  144,    0,  749,   25,    0,    2,   38,    0,    0],
[2024-06-21 12:42:26,057][flwr][INFO] - 	       [   0,  272,    0,  724,    8,    0,    0,    9,   15,    0],
[2024-06-21 12:42:26,057][flwr][INFO] - 	       [   0,   81,    0,  859,    1,    0,    1,   32,    0,    0],
[2024-06-21 12:42:26,057][flwr][INFO] - 	       [   0,  178,    0,  799,    1,    0,    0,   31,    0,    0]])),
[2024-06-21 12:42:26,057][flwr][INFO] - 	                      (1,
[2024-06-21 12:42:26,057][flwr][INFO] - 	                       array([[ 933,    0,   20,    4,    0,    7,    3,    1,    1,   11],
[2024-06-21 12:42:26,057][flwr][INFO] - 	       [   0, 1016,  115,    0,    2,    0,    0,    0,    1,    1],
[2024-06-21 12:42:26,057][flwr][INFO] - 	       [  16,    2,  958,    4,    6,    1,    7,    8,    7,   23],
[2024-06-21 12:42:26,057][flwr][INFO] - 	       [   4,    1,  184,  703,    6,   25,    1,    6,   13,   67],
[2024-06-21 12:42:26,057][flwr][INFO] - 	       [   5,    3,   15,    0,  355,    1,    8,    0,    0,  595],
[2024-06-21 12:42:26,057][flwr][INFO] - 	       [  26,   19,  104,  111,   36,  454,    4,    5,   45,   88],
[2024-06-21 12:42:26,057][flwr][INFO] - 	       [  42,    5,  240,    1,   15,   15,  621,    0,    0,   19],
[2024-06-21 12:42:26,057][flwr][INFO] - 	       [   3,   10,   45,    1,    6,    0,    0,  636,    0,  327],
[2024-06-21 12:42:26,057][flwr][INFO] - 	       [  17,   10,  219,  100,    9,   38,    0,    1,  330,  250],
[2024-06-21 12:42:26,057][flwr][INFO] - 	       [  11,    6,    7,    4,   13,    2,    0,    3,    2,  961]])),
[2024-06-21 12:42:26,057][flwr][INFO] - 	                      (2,
[2024-06-21 12:42:26,057][flwr][INFO] - 	                       array([[961,   0,   2,   5,   0,   5,   2,   1,   4,   0],
[2024-06-21 12:42:26,057][flwr][INFO] - 	       [  0, 965, 157,   3,   1,   2,   1,   0,   6,   0],
[2024-06-21 12:42:26,057][flwr][INFO] - 	       [ 12,   1, 918,  27,  16,   2,  10,  15,  20,  11],
[2024-06-21 12:42:26,058][flwr][INFO] - 	       [  7,   0,  50, 862,   2,  25,   0,  12,  32,  20],
[2024-06-21 12:42:26,058][flwr][INFO] - 	       [  2,   0,   6,   0, 879,   0,   8,   0,   1,  86],
[2024-06-21 12:42:26,058][flwr][INFO] - 	       [ 23,   5,  26,  92,  31, 652,   7,   8,  28,  20],
[2024-06-21 12:42:26,058][flwr][INFO] - 	       [ 39,   2,  66,   2,  21,  19, 807,   1,   1,   0],
[2024-06-21 12:42:26,058][flwr][INFO] - 	       [  8,   5,  49,   2,   8,   0,   0, 844,   6, 106],
[2024-06-21 12:42:26,058][flwr][INFO] - 	       [  8,   2,  61,  40,  22,  24,   4,   3, 719,  91],
[2024-06-21 12:42:26,058][flwr][INFO] - 	       [ 17,   4,   3,   3,  52,   4,   0,  19,  11, 896]])),
[2024-06-21 12:42:26,058][flwr][INFO] - 	                      (3,
[2024-06-21 12:42:26,058][flwr][INFO] - 	                       array([[ 964,    0,    1,    0,    0,    7,    3,    1,    4,    0],
[2024-06-21 12:42:26,058][flwr][INFO] - 	       [   0, 1028,   68,    1,    0,    5,    3,    0,   30,    0],
[2024-06-21 12:42:26,058][flwr][INFO] - 	       [  15,    0,  869,   47,   16,    5,   10,   10,   57,    3],
[2024-06-21 12:42:26,058][flwr][INFO] - 	       [   6,    0,   26,  789,    1,  114,    1,   12,   54,    7],
[2024-06-21 12:42:26,058][flwr][INFO] - 	       [   1,    1,    5,    0,  886,   13,   12,    0,   12,   52],
[2024-06-21 12:42:26,058][flwr][INFO] - 	       [  20,    3,    9,   26,    5,  789,    9,    2,   28,    1],
[2024-06-21 12:42:26,058][flwr][INFO] - 	       [  33,    1,   18,    0,   11,   24,  867,    2,    2,    0],
[2024-06-21 12:42:26,058][flwr][INFO] - 	       [   9,    7,   41,    4,    8,    6,    0,  864,   27,   62],
[2024-06-21 12:42:26,058][flwr][INFO] - 	       [   8,    0,   20,   17,    8,   73,    7,    2,  827,   12],
[2024-06-21 12:42:26,058][flwr][INFO] - 	       [  17,    3,    1,    3,   40,   33,    0,    9,   33,  870]])),
[2024-06-21 12:42:26,058][flwr][INFO] - 	                      (4,
[2024-06-21 12:42:26,058][flwr][INFO] - 	                       array([[ 961,    0,    0,    0,    0,    7,    8,    1,    3,    0],
[2024-06-21 12:42:26,058][flwr][INFO] - 	       [   0, 1094,   15,    4,    1,    2,    3,    0,   16,    0],
[2024-06-21 12:42:26,058][flwr][INFO] - 	       [  16,    2,  897,   42,   14,    0,   16,   12,   32,    1],
[2024-06-21 12:42:26,058][flwr][INFO] - 	       [   5,    0,   20,  853,    2,   72,    4,   14,   32,    8],
[2024-06-21 12:42:26,058][flwr][INFO] - 	       [   2,    1,    3,    1,  898,    4,   19,    0,    5,   49],
[2024-06-21 12:42:26,058][flwr][INFO] - 	       [  24,    7,    5,   30,    8,  770,   18,    5,   22,    3],
[2024-06-21 12:42:26,058][flwr][INFO] - 	       [  19,    2,    5,    0,    7,   19,  903,    1,    2,    0],
[2024-06-21 12:42:26,058][flwr][INFO] - 	       [  15,   11,   34,    6,    5,    7,    0,  898,   10,   42],
[2024-06-21 12:42:26,058][flwr][INFO] - 	       [  16,    6,   10,   17,   13,   52,   12,    3,  829,   16],
[2024-06-21 12:42:26,058][flwr][INFO] - 	       [  27,    6,    3,    5,   39,   18,    0,   13,   14,  884]])),
[2024-06-21 12:42:26,058][flwr][INFO] - 	                      (5,
[2024-06-21 12:42:26,058][flwr][INFO] - 	                       array([[ 961,    0,    0,    1,    0,    5,    6,    2,    5,    0],
[2024-06-21 12:42:26,058][flwr][INFO] - 	       [   0, 1103,   12,    2,    1,    1,    3,    0,   13,    0],
[2024-06-21 12:42:26,058][flwr][INFO] - 	       [  12,    4,  890,   54,   17,    2,   12,   15,   24,    2],
[2024-06-21 12:42:26,058][flwr][INFO] - 	       [   3,    2,   10,  847,    8,   72,    4,   16,   27,   21],
[2024-06-21 12:42:26,058][flwr][INFO] - 	       [   1,    1,    3,    2,  903,   11,    9,    0,    5,   47],
[2024-06-21 12:42:26,058][flwr][INFO] - 	       [  11,    9,    3,   22,    6,  792,   13,    7,   20,    9],
[2024-06-21 12:42:26,058][flwr][INFO] - 	       [  15,    3,    5,    1,   18,   21,  884,    2,    8,    1],
[2024-06-21 12:42:26,058][flwr][INFO] - 	       [   2,    9,   28,    7,    7,    2,    0,  900,    3,   70],
[2024-06-21 12:42:26,058][flwr][INFO] - 	       [   5,    7,   11,   23,   15,   41,    5,    4,  809,   54],
[2024-06-21 12:42:26,058][flwr][INFO] - 	       [  15,    6,    0,    4,   72,    8,    0,    8,    2,  894]])),
[2024-06-21 12:42:26,058][flwr][INFO] - 	                      (6,
[2024-06-21 12:42:26,058][flwr][INFO] - 	                       array([[ 968,    0,    0,    1,    0,    4,    5,    1,    1,    0],
[2024-06-21 12:42:26,058][flwr][INFO] - 	       [   0, 1100,    6,    3,    1,    1,    4,    0,   20,    0],
[2024-06-21 12:42:26,058][flwr][INFO] - 	       [  14,    1,  892,   49,   11,    1,   17,   12,   30,    5],
[2024-06-21 12:42:26,058][flwr][INFO] - 	       [   4,    2,   10,  864,    3,   69,    4,   10,   33,   11],
[2024-06-21 12:42:26,058][flwr][INFO] - 	       [   1,    1,    2,    2,  826,   15,   17,    0,    7,  111],
[2024-06-21 12:42:26,058][flwr][INFO] - 	       [  16,    1,    2,   17,    1,  806,   22,    3,   19,    5],
[2024-06-21 12:42:26,058][flwr][INFO] - 	       [  15,    2,    4,    0,    6,    9,  916,    3,    2,    1],
[2024-06-21 12:42:26,058][flwr][INFO] - 	       [   8,    9,   24,   16,    4,    6,    0,  892,   16,   53],
[2024-06-21 12:42:26,058][flwr][INFO] - 	       [   8,    2,    9,   23,    7,   36,   12,    2,  853,   22],
[2024-06-21 12:42:26,058][flwr][INFO] - 	       [  25,    5,    0,    8,   15,   16,    0,    6,    8,  926]])),
[2024-06-21 12:42:26,058][flwr][INFO] - 	                      (7,
[2024-06-21 12:42:26,059][flwr][INFO] - 	                       array([[ 970,    0,    0,    0,    0,    4,    3,    2,    1,    0],
[2024-06-21 12:42:26,059][flwr][INFO] - 	       [   0, 1073,   20,    2,    1,    3,    3,    1,   32,    0],
[2024-06-21 12:42:26,059][flwr][INFO] - 	       [  15,    1,  920,   36,    8,    2,   10,   13,   25,    2],
[2024-06-21 12:42:26,059][flwr][INFO] - 	       [   6,    1,    9,  853,    3,   83,    1,   11,   29,   14],
[2024-06-21 12:42:26,059][flwr][INFO] - 	       [   1,    0,    3,    2,  900,   20,    9,    0,   10,   37],
[2024-06-21 12:42:26,059][flwr][INFO] - 	       [  12,    1,    3,   12,    0,  828,   15,    4,   12,    5],
[2024-06-21 12:42:26,059][flwr][INFO] - 	       [  21,    1,    5,    0,   11,   15,  902,    1,    2,    0],
[2024-06-21 12:42:26,059][flwr][INFO] - 	       [   4,    4,   29,   11,    8,    8,    0,  905,   10,   49],
[2024-06-21 12:42:26,059][flwr][INFO] - 	       [  18,    0,    9,   17,   10,   46,    9,    1,  848,   16],
[2024-06-21 12:42:26,059][flwr][INFO] - 	       [  24,    4,    0,    2,   50,   21,    0,    5,   12,  891]])),
[2024-06-21 12:42:26,059][flwr][INFO] - 	                      (8,
[2024-06-21 12:42:26,059][flwr][INFO] - 	                       array([[ 964,    0,    0,    2,    0,    4,    6,    4,    0,    0],
[2024-06-21 12:42:26,059][flwr][INFO] - 	       [   0, 1103,    5,    3,    1,    1,    4,    0,   18,    0],
[2024-06-21 12:42:26,059][flwr][INFO] - 	       [   8,    1,  890,   72,   11,    3,    9,   10,   25,    3],
[2024-06-21 12:42:26,059][flwr][INFO] - 	       [   1,    0,    7,  898,    8,   41,    2,   11,   27,   15],
[2024-06-21 12:42:26,059][flwr][INFO] - 	       [   1,    0,    2,    2,  884,    2,   10,    2,    3,   76],
[2024-06-21 12:42:26,059][flwr][INFO] - 	       [   8,    5,    1,   24,    3,  801,   14,    5,   23,    8],
[2024-06-21 12:42:26,059][flwr][INFO] - 	       [   9,    3,    4,    1,   12,   19,  898,    7,    4,    1],
[2024-06-21 12:42:26,059][flwr][INFO] - 	       [   3,    5,   27,   10,    5,    1,    0,  929,    2,   46],
[2024-06-21 12:42:26,059][flwr][INFO] - 	       [   5,    2,    4,   23,   14,   27,    9,    2,  859,   29],
[2024-06-21 12:42:26,059][flwr][INFO] - 	       [   8,    7,    0,    4,   32,   12,    0,    6,    2,  938]])),
[2024-06-21 12:42:26,059][flwr][INFO] - 	                      (9,
[2024-06-21 12:42:26,059][flwr][INFO] - 	                       array([[ 967,    0,    0,    1,    0,    4,    4,    4,    0,    0],
[2024-06-21 12:42:26,059][flwr][INFO] - 	       [   0, 1105,    9,    2,    1,    1,    3,    0,   14,    0],
[2024-06-21 12:42:26,059][flwr][INFO] - 	       [  10,    1,  926,   37,    5,    2,    7,   13,   25,    6],
[2024-06-21 12:42:26,059][flwr][INFO] - 	       [   4,    2,    6,  890,    8,   52,    1,   16,   11,   20],
[2024-06-21 12:42:26,059][flwr][INFO] - 	       [   1,    0,    5,    1,  895,    4,    7,    2,    3,   64],
[2024-06-21 12:42:26,059][flwr][INFO] - 	       [  14,    1,    0,   12,    2,  826,   14,    7,   12,    4],
[2024-06-21 12:42:26,059][flwr][INFO] - 	       [  19,    3,    5,    0,    8,   19,  894,    7,    3,    0],
[2024-06-21 12:42:26,059][flwr][INFO] - 	       [   4,    8,   23,   13,    2,    1,    0,  945,    2,   30],
[2024-06-21 12:42:26,059][flwr][INFO] - 	       [  11,    3,    3,   29,   19,   36,   12,    3,  790,   68],
[2024-06-21 12:42:26,059][flwr][INFO] - 	       [  20,    9,    0,    3,   33,   12,    0,    8,    1,  923]])),
[2024-06-21 12:42:26,059][flwr][INFO] - 	                      (10,
[2024-06-21 12:42:26,059][flwr][INFO] - 	                       array([[ 965,    0,    0,    1,    0,    4,    8,    2,    0,    0],
[2024-06-21 12:42:26,059][flwr][INFO] - 	       [   0, 1065,   31,    3,    0,    1,    7,    0,   28,    0],
[2024-06-21 12:42:26,059][flwr][INFO] - 	       [  10,    1,  890,   53,    5,    4,   13,    8,   47,    1],
[2024-06-21 12:42:26,059][flwr][INFO] - 	       [   3,    0,    4,  854,    2,   97,    4,    9,   24,   13],
[2024-06-21 12:42:26,059][flwr][INFO] - 	       [   1,    0,    5,    0,  857,   30,   21,    1,    7,   60],
[2024-06-21 12:42:26,059][flwr][INFO] - 	       [   8,    2,    0,    8,    0,  837,   19,    3,   12,    3],
[2024-06-21 12:42:26,059][flwr][INFO] - 	       [   8,    2,    1,    0,    6,   13,  925,    1,    2,    0],
[2024-06-21 12:42:26,059][flwr][INFO] - 	       [   2,    1,   34,   10,    3,    3,    0,  918,   18,   39],
[2024-06-21 12:42:26,059][flwr][INFO] - 	       [   8,    2,    2,   18,    7,   39,   10,    0,  883,    5],
[2024-06-21 12:42:26,059][flwr][INFO] - 	       [  17,    5,    1,    2,   13,   36,    1,    5,   10,  919]]))],
[2024-06-21 12:42:26,059][flwr][INFO] - 	 'f1': [(0, 0.03553137346181725),
[2024-06-21 12:42:26,059][flwr][INFO] - 	        (1, 0.6964541348723886),
[2024-06-21 12:42:26,059][flwr][INFO] - 	        (2, 0.8516832088794377),
[2024-06-21 12:42:26,059][flwr][INFO] - 	        (3, 0.8763271831186327),
[2024-06-21 12:42:26,059][flwr][INFO] - 	        (4, 0.8986053211567985),
[2024-06-21 12:42:26,059][flwr][INFO] - 	        (5, 0.8983487917588096),
[2024-06-21 12:42:26,059][flwr][INFO] - 	        (6, 0.9043954166459712),
[2024-06-21 12:42:26,059][flwr][INFO] - 	        (7, 0.9092497454017903),
[2024-06-21 12:42:26,059][flwr][INFO] - 	        (8, 0.9165670403014444),
[2024-06-21 12:42:26,059][flwr][INFO] - 	        (9, 0.9160155995966431),
[2024-06-21 12:42:26,060][flwr][INFO] - 	        (10, 0.9117454276829278)],
[2024-06-21 12:42:26,060][flwr][INFO] - 	 'precision': [(0, 0.12349967530374152),
[2024-06-21 12:42:26,060][flwr][INFO] - 	               (1, 0.7882234436036532),
[2024-06-21 12:42:26,060][flwr][INFO] - 	               (2, 0.8628880645952728),
[2024-06-21 12:42:26,060][flwr][INFO] - 	               (3, 0.8813049434392811),
[2024-06-21 12:42:26,060][flwr][INFO] - 	               (4, 0.8996827269334501),
[2024-06-21 12:42:26,060][flwr][INFO] - 	               (5, 0.899927396489661),
[2024-06-21 12:42:26,060][flwr][INFO] - 	               (6, 0.9071148766934948),
[2024-06-21 12:42:26,060][flwr][INFO] - 	               (7, 0.9114499540655383),
[2024-06-21 12:42:26,060][flwr][INFO] - 	               (8, 0.91782751749315),
[2024-06-21 12:42:26,060][flwr][INFO] - 	               (9, 0.9176330934483383),
[2024-06-21 12:42:26,060][flwr][INFO] - 	               (10, 0.9149924888755362)],
[2024-06-21 12:42:26,060][flwr][INFO] - 	 'recall': [(0, 0.1086),
[2024-06-21 12:42:26,060][flwr][INFO] - 	            (1, 0.6967),
[2024-06-21 12:42:26,060][flwr][INFO] - 	            (2, 0.8503),
[2024-06-21 12:42:26,060][flwr][INFO] - 	            (3, 0.8753),
[2024-06-21 12:42:26,060][flwr][INFO] - 	            (4, 0.8987),
[2024-06-21 12:42:26,060][flwr][INFO] - 	            (5, 0.8983),
[2024-06-21 12:42:26,060][flwr][INFO] - 	            (6, 0.9043),
[2024-06-21 12:42:26,060][flwr][INFO] - 	            (7, 0.909),
[2024-06-21 12:42:26,060][flwr][INFO] - 	            (8, 0.9164),
[2024-06-21 12:42:26,060][flwr][INFO] - 	            (9, 0.9161),
[2024-06-21 12:42:26,060][flwr][INFO] - 	            (10, 0.9113)]}
[2024-06-21 12:42:26,060][flwr][INFO] - 
