[2024-06-20 19:33:33,674][flwr][INFO] - Starting Flower simulation, config: num_rounds=10, no round_timeout
[2024-06-20 19:33:35,709][flwr][INFO] - Flower VCE: Ray initialized with resources: {'memory': 10174131405.0, 'node:__internal_head__': 1.0, 'node:127.0.0.1': 1.0, 'object_store_memory': 2147483648.0, 'CPU': 12.0}
[2024-06-20 19:33:35,709][flwr][INFO] - Optimize your simulation with Flower VCE: https://flower.ai/docs/framework/how-to-run-simulations.html
[2024-06-20 19:33:35,709][flwr][INFO] - Flower VCE: Resources for each Virtual Client: {'num_cpus': 2, 'num_gpus': 0}
[2024-06-20 19:33:35,716][flwr][INFO] - Flower VCE: Creating VirtualClientEngineActorPool with 6 actors
[2024-06-20 19:33:35,716][flwr][INFO] - [INIT]
[2024-06-20 19:33:35,716][flwr][INFO] - Requesting initial parameters from one random client
[2024-06-20 19:33:37,575][flwr][INFO] - Received initial parameters from one random client
[2024-06-20 19:33:37,575][flwr][INFO] - Evaluating initial global parameters
[2024-06-20 19:33:38,003][flwr][INFO] - initial parameters (loss, other metrics): 181.76928067207336, {'accuracy': 0.1086, 'precision': 0.12349967530374152, 'recall': 0.1086, 'f1': 0.03553137346181725, 'confusion_matrix': array([[   0,    8,    0,  956,    0,    1,    0,   15,    0,    0],
       [   0,  122,    0, 1013,    0,    0,    0,    0,    0,    0],
       [   0,   38,    0,  971,    0,    0,    3,   19,    1,    0],
       [   0,   44,    0,  945,    1,    1,    0,   17,    2,    0],
       [   0,  143,    0,  816,    1,    0,    2,   20,    0,    0],
       [   0,  118,    0,  735,    1,    7,    0,   30,    1,    0],
       [   0,  144,    0,  749,   25,    0,    2,   38,    0,    0],
       [   0,  272,    0,  724,    8,    0,    0,    9,   15,    0],
       [   0,   81,    0,  859,    1,    0,    1,   32,    0,    0],
       [   0,  178,    0,  799,    1,    0,    0,   31,    0,    0]])}
[2024-06-20 19:33:38,003][flwr][INFO] - 
[2024-06-20 19:33:38,004][flwr][INFO] - [ROUND 1]
[2024-06-20 19:33:38,004][flwr][INFO] - configure_fit: strategy sampled 10 clients (out of 100)
[2024-06-20 19:33:45,115][flwr][INFO] - aggregate_fit: received 10 results and 0 failures
[2024-06-20 19:33:45,123][flwr][WARNING] - No fit_metrics_aggregation_fn provided
[2024-06-20 19:33:45,577][flwr][INFO] - fit progress: (1, 24095.2587890625, {'accuracy': 0.0862, 'precision': 0.07518635019814938, 'recall': 0.0862, 'f1': 0.05296469471969975, 'confusion_matrix': array([[118,  17, 305, 153,   2,   8, 361,   5,   0,  11],
       [  2,   1, 655,  59,   0,   0, 414,   2,   0,   2],
       [ 24,  17, 334, 334,   2,   2, 312,   0,   1,   6],
       [ 43,  28, 558,  88,   4,  19, 258,   0,   1,  11],
       [ 11,  21, 213, 255,   0,   5, 467,   3,   2,   5],
       [ 86,  28, 388,  69,   3,   6, 284,   5,   0,  23],
       [ 38,  24, 402, 128,  10,  22, 308,   6,   2,  18],
       [  4,   4, 153, 343,   0,   4, 498,   0,   3,  19],
       [ 39,  11, 470, 219,   1,   2, 226,   3,   1,   2],
       [ 33,  11, 248, 262,   0,   2, 443,   4,   0,   6]])}, 7.573514208000001)
[2024-06-20 19:33:45,577][flwr][INFO] - configure_evaluate: no clients selected, skipping evaluation
[2024-06-20 19:33:45,577][flwr][INFO] - 
[2024-06-20 19:33:45,577][flwr][INFO] - [ROUND 2]
[2024-06-20 19:33:45,578][flwr][INFO] - configure_fit: strategy sampled 10 clients (out of 100)
[2024-06-20 19:33:50,816][flwr][INFO] - aggregate_fit: received 10 results and 0 failures
[2024-06-20 19:33:51,270][flwr][INFO] - fit progress: (2, 88319.10107421875, {'accuracy': 0.1822, 'precision': 0.1467996548083168, 'recall': 0.1822, 'f1': 0.11796844307218185, 'confusion_matrix': array([[ 18, 451,  60,  36,   0, 112, 235,  68,   0,   0],
       [  3, 907,   1,  25,   0,  36, 163,   0,   0,   0],
       [  7, 381,  38,  68,   0,  56, 478,   4,   0,   0],
       [  8, 177,  16, 138,   0, 446, 206,  19,   0,   0],
       [ 59, 280, 201,  43,   0,  96, 234,  64,   0,   5],
       [  5, 336,   7,  34,   0, 341, 108,  61,   0,   0],
       [ 25, 470,  38,  45,   0,  70, 300,   8,   0,   2],
       [ 27, 271,  97,  17,   0, 287, 248,  75,   0,   6],
       [  8, 480,  20,  27,   0, 109, 314,  16,   0,   0],
       [ 54, 328, 161,  19,   0, 171, 181,  90,   0,   5]])}, 13.267518292)
[2024-06-20 19:33:51,271][flwr][INFO] - configure_evaluate: no clients selected, skipping evaluation
[2024-06-20 19:33:51,271][flwr][INFO] - 
[2024-06-20 19:33:51,271][flwr][INFO] - [ROUND 3]
[2024-06-20 19:33:51,271][flwr][INFO] - configure_fit: strategy sampled 10 clients (out of 100)
[2024-06-20 19:33:56,660][flwr][INFO] - aggregate_fit: received 10 results and 0 failures
[2024-06-20 19:33:57,120][flwr][INFO] - fit progress: (3, 172554.236328125, {'accuracy': 0.3197, 'precision': 0.38721559432445346, 'recall': 0.3197, 'f1': 0.25545087561931834, 'confusion_matrix': array([[625,  26,  19,   2,   0,  15, 103, 182,   6,   2],
       [ 22, 938,   0,   2,   0,   2,  35,  64,  72,   0],
       [255, 179, 154,   4,   1,   5, 111, 266,  49,   8],
       [202, 110,  91, 162,   0,  37, 148, 194,  64,   2],
       [159,  53,   0,   6,   6,  10, 155, 543,  47,   3],
       [136,  67,  15,  31,   0,  51, 167, 368,  56,   1],
       [211,  43,   1,   2,   0,   1, 351, 315,  31,   3],
       [ 34,  58,  11,   0,   3,  21,  51, 818,  30,   2],
       [135, 130,  34,   4,   0,   9, 102, 473,  87,   0],
       [108,  34,   5,   3,   1,  14,  99, 726,  14,   5]])}, 19.117410542000002)
[2024-06-20 19:33:57,121][flwr][INFO] - configure_evaluate: no clients selected, skipping evaluation
[2024-06-20 19:33:57,121][flwr][INFO] - 
[2024-06-20 19:33:57,121][flwr][INFO] - [ROUND 4]
[2024-06-20 19:33:57,121][flwr][INFO] - configure_fit: strategy sampled 10 clients (out of 100)
[2024-06-20 19:34:02,519][flwr][INFO] - aggregate_fit: received 10 results and 0 failures
[2024-06-20 19:34:02,966][flwr][INFO] - fit progress: (4, 274169.36560058594, {'accuracy': 0.3619, 'precision': 0.3861612873338131, 'recall': 0.3619, 'f1': 0.358012118197847, 'confusion_matrix': array([[397,  38, 116,  25,   2, 296,  74,  13,  15,   4],
       [ 11, 680, 121,  24,  30, 131,  11,   6, 121,   0],
       [ 74,  48, 457,  80,  20, 149,  34,  17, 147,   6],
       [ 71,  33,  80, 488,   3, 162,  43,  14, 109,   7],
       [123,  36,  75, 101, 155,  88, 102, 107, 110,  85],
       [ 33,  23,  55, 146,  12, 333,  45,  28, 210,   7],
       [ 93,  26,  93,  92,  24,  55, 386,  36,  93,  60],
       [ 33,  93,  71,  41,  46, 259,  39, 216, 103, 127],
       [ 62,  61, 115, 131,  14, 164,  50,  24, 338,  15],
       [110,  63,  65,  88,  65, 139,  82, 108, 120, 169]])}, 24.963843167)
[2024-06-20 19:34:02,967][flwr][INFO] - configure_evaluate: no clients selected, skipping evaluation
[2024-06-20 19:34:02,967][flwr][INFO] - 
[2024-06-20 19:34:02,967][flwr][INFO] - [ROUND 5]
[2024-06-20 19:34:02,967][flwr][INFO] - configure_fit: strategy sampled 10 clients (out of 100)
[2024-06-20 19:34:08,178][flwr][INFO] - aggregate_fit: received 10 results and 0 failures
[2024-06-20 19:34:08,613][flwr][INFO] - fit progress: (5, 757788.6118164062, {'accuracy': 0.4129, 'precision': 0.4529036525854227, 'recall': 0.4129, 'f1': 0.38939412648603516, 'confusion_matrix': array([[696,  34,  39,  12,   3,  34, 112,  43,   7,   0],
       [ 22, 548,  39,  92,  57,   7, 239,  48,  83,   0],
       [222,  19, 358,  48,  20,  56, 150,  74,  84,   1],
       [137,  30,  72, 450,   3,  30, 119,  80,  88,   1],
       [ 56,  25,  37, 131, 324,  31, 143, 158,  64,  13],
       [ 69,  50,  47, 125,  24, 171, 144, 137, 125,   0],
       [157,  27,  21,  54,  35,   5, 609,  27,  22,   1],
       [ 12,  27,  37,  29,  43,  57,  88, 700,  25,  10],
       [ 61,  40,  67, 155,  30,  61, 235, 100, 217,   8],
       [ 54,  18,  27,  83, 110,  19, 312, 292,  38,  56]])}, 30.610865458)
[2024-06-20 19:34:08,614][flwr][INFO] - configure_evaluate: no clients selected, skipping evaluation
[2024-06-20 19:34:08,614][flwr][INFO] - 
[2024-06-20 19:34:08,614][flwr][INFO] - [ROUND 6]
[2024-06-20 19:34:08,614][flwr][INFO] - configure_fit: strategy sampled 10 clients (out of 100)
[2024-06-20 19:34:13,773][flwr][INFO] - aggregate_fit: received 10 results and 0 failures
[2024-06-20 19:34:14,222][flwr][INFO] - fit progress: (6, 2027177.4130859375, {'accuracy': 0.4437, 'precision': 0.46314763123978636, 'recall': 0.4437, 'f1': 0.4194994062773787, 'confusion_matrix': array([[425,  13,  96,  11,   1, 103, 163, 155,   9,   4],
       [  1, 825,  65,  37,  16,  18,  13, 106,  54,   0],
       [ 53,  25, 609,  14,  13,  63,  67,  88,  99,   1],
       [ 43,  22, 154, 360,   2, 122,  78, 130,  96,   3],
       [ 10,  75, 127,  86, 267,  70,  43, 262,  24,  18],
       [ 24,  44,  69,  74,   9, 317,  64, 190, 101,   0],
       [ 43,  28,  77,  55,  42,  31, 542,  62,  40,  38],
       [  1,  29,  42,  11,  18,  65,   7, 847,   5,   3],
       [ 19,  72, 196,  87,  21, 148,  59, 172, 193,   7],
       [ 17,  49,  86,  46, 153,  56,  43, 480,  27,  52]])}, 36.220076708)
[2024-06-20 19:34:14,223][flwr][INFO] - configure_evaluate: no clients selected, skipping evaluation
[2024-06-20 19:34:14,223][flwr][INFO] - 
[2024-06-20 19:34:14,223][flwr][INFO] - [ROUND 7]
[2024-06-20 19:34:14,223][flwr][INFO] - configure_fit: strategy sampled 10 clients (out of 100)
[2024-06-20 19:34:19,587][flwr][INFO] - aggregate_fit: received 10 results and 0 failures
[2024-06-20 19:34:20,044][flwr][INFO] - fit progress: (7, 5112292.322265625, {'accuracy': 0.4567, 'precision': 0.46958499198676806, 'recall': 0.4567, 'f1': 0.43422559548639283, 'confusion_matrix': array([[636,   8,  29,  20,   7, 118, 124,  24,  10,   4],
       [  8, 683,  43,  90,  92,  13, 112,  31,  60,   3],
       [116,  23, 458,  79,  49, 123,  89,  30,  63,   2],
       [106,  21,  36, 513,  13, 117,  69,  58,  76,   1],
       [ 27,  37,  14, 105, 473,  88, 112,  73,  47,   6],
       [ 60,  46,  32, 125,  29, 350,  71,  81,  98,   0],
       [ 94,  18,  22, 101,  76,  55, 551,   6,  33,   2],
       [ 14,  51,  22,  58,  62,  76,  32, 702,   7,   4],
       [ 48,  64,  89, 168,  47, 232,  80,  65, 181,   0],
       [ 82,  32,  18, 152, 251,  95, 144, 177,  38,  20]])}, 42.042195)
[2024-06-20 19:34:20,045][flwr][INFO] - configure_evaluate: no clients selected, skipping evaluation
[2024-06-20 19:34:20,045][flwr][INFO] - 
[2024-06-20 19:34:20,045][flwr][INFO] - [ROUND 8]
[2024-06-20 19:34:20,045][flwr][INFO] - configure_fit: strategy sampled 10 clients (out of 100)
[2024-06-20 19:34:25,333][flwr][INFO] - aggregate_fit: received 10 results and 0 failures
[2024-06-20 19:34:25,787][flwr][INFO] - fit progress: (8, 14323125.5703125, {'accuracy': 0.4586, 'precision': 0.4391887669237491, 'recall': 0.4586, 'f1': 0.4334283291634003, 'confusion_matrix': array([[679,   5,  29,  10,   3,  92,  46, 100,  16,   0],
       [ 17, 647,  53,  58, 119,   5,  84,  67,  80,   5],
       [157,  14, 520,  33,  40,  74,  60,  52,  82,   0],
       [108,  32,  49, 421,  23,  72,  62, 101, 138,   4],
       [ 31,  41,  19,  65, 526,  31,  96,  74,  84,  15],
       [ 83,  50,  40,  78,  21, 264,  83, 105, 168,   0],
       [141,  11,  53,  44,  60,  25, 551,  33,  40,   0],
       [ 13,  68,  22,  61,  74,  44,  41, 682,  21,   2],
       [ 57,  57,  77, 126,  52, 120, 139,  57, 289,   0],
       [ 74,  47,  11, 137, 325,  32, 166, 118,  92,   7]])}, 47.785239125000004)
[2024-06-20 19:34:25,787][flwr][INFO] - configure_evaluate: no clients selected, skipping evaluation
[2024-06-20 19:34:25,787][flwr][INFO] - 
[2024-06-20 19:34:25,788][flwr][INFO] - [ROUND 9]
[2024-06-20 19:34:25,788][flwr][INFO] - configure_fit: strategy sampled 10 clients (out of 100)
[2024-06-20 19:34:31,046][flwr][INFO] - aggregate_fit: received 10 results and 0 failures
[2024-06-20 19:34:31,504][flwr][INFO] - fit progress: (9, 40703886.515625, {'accuracy': 0.459, 'precision': 0.43473042417800634, 'recall': 0.459, 'f1': 0.43451820523069234, 'confusion_matrix': array([[656,   1,  59,  12,   3, 111,  42,  81,  15,   0],
       [ 34, 624,  59,  41, 175,   4,  72,  35,  84,   7],
       [139,   5, 614,  25,  36,  61,  59,  48,  40,   5],
       [111,  18,  77, 461,  30,  98,  51,  63,  99,   2],
       [ 34,  32,  15,  92, 524,  12, 111,  55,  75,  32],
       [122,  32,  65,  78,  31, 228,  86,  77, 173,   0],
       [115,   8,  59,  58,  39,  32, 584,  30,  25,   8],
       [ 15,  68,  33,  85, 118,  20,  28, 629,  18,  14],
       [106,  45, 111, 138,  65,  93, 112,  44, 256,   4],
       [ 49,  71,   7, 191, 354,  22, 158,  75,  68,  14]])}, 53.502373458)
[2024-06-20 19:34:31,504][flwr][INFO] - configure_evaluate: no clients selected, skipping evaluation
[2024-06-20 19:34:31,504][flwr][INFO] - 
[2024-06-20 19:34:31,504][flwr][INFO] - [ROUND 10]
[2024-06-20 19:34:31,505][flwr][INFO] - configure_fit: strategy sampled 10 clients (out of 100)
[2024-06-20 19:34:36,806][flwr][INFO] - aggregate_fit: received 10 results and 0 failures
[2024-06-20 19:34:37,264][flwr][INFO] - fit progress: (10, 116239152.875, {'accuracy': 0.4577, 'precision': 0.4376719298000478, 'recall': 0.4577, 'f1': 0.43044781454061704, 'confusion_matrix': array([[662,   0,  57,  10,   5, 127,  79,  29,   8,   3],
       [ 43, 566, 126,  83, 112,   3,  87,  61,  39,  15],
       [108,   3, 642,  21,  30,  67,  80,  58,  17,   6],
       [150,  24, 116, 374,  17, 115,  67,  88,  52,   7],
       [ 36,  18,  16,  90, 543,  24, 108,  50,  60,  37],
       [142,  29,  67,  44,  36, 254, 125,  77, 114,   4],
       [ 82,   7,  59,  38,  23,  23, 671,  27,   3,  25],
       [ 27,  78,  45,  36,  84,  28,  36, 645,  15,  34],
       [144,  46, 133,  98,  67, 126, 129,  46, 178,   7],
       [ 68,  84,  17, 117, 353,  30, 165,  86,  47,  42]])}, 59.262418125)
[2024-06-20 19:34:37,264][flwr][INFO] - configure_evaluate: no clients selected, skipping evaluation
[2024-06-20 19:34:37,265][flwr][INFO] - 
[2024-06-20 19:34:37,265][flwr][INFO] - [SUMMARY]
[2024-06-20 19:34:37,265][flwr][INFO] - Run finished 10 round(s) in 59.26s
[2024-06-20 19:34:37,269][flwr][INFO] - 	History (loss, centralized):
[2024-06-20 19:34:37,270][flwr][INFO] - 		round 0: 181.76928067207336
[2024-06-20 19:34:37,270][flwr][INFO] - 		round 1: 24095.2587890625
[2024-06-20 19:34:37,270][flwr][INFO] - 		round 2: 88319.10107421875
[2024-06-20 19:34:37,270][flwr][INFO] - 		round 3: 172554.236328125
[2024-06-20 19:34:37,270][flwr][INFO] - 		round 4: 274169.36560058594
[2024-06-20 19:34:37,270][flwr][INFO] - 		round 5: 757788.6118164062
[2024-06-20 19:34:37,270][flwr][INFO] - 		round 6: 2027177.4130859375
[2024-06-20 19:34:37,270][flwr][INFO] - 		round 7: 5112292.322265625
[2024-06-20 19:34:37,270][flwr][INFO] - 		round 8: 14323125.5703125
[2024-06-20 19:34:37,270][flwr][INFO] - 		round 9: 40703886.515625
[2024-06-20 19:34:37,270][flwr][INFO] - 		round 10: 116239152.875
[2024-06-20 19:34:37,270][flwr][INFO] - 	History (metrics, centralized):
[2024-06-20 19:34:37,270][flwr][INFO] - 	{'accuracy': [(0, 0.1086),
[2024-06-20 19:34:37,270][flwr][INFO] - 	              (1, 0.0862),
[2024-06-20 19:34:37,270][flwr][INFO] - 	              (2, 0.1822),
[2024-06-20 19:34:37,270][flwr][INFO] - 	              (3, 0.3197),
[2024-06-20 19:34:37,270][flwr][INFO] - 	              (4, 0.3619),
[2024-06-20 19:34:37,270][flwr][INFO] - 	              (5, 0.4129),
[2024-06-20 19:34:37,270][flwr][INFO] - 	              (6, 0.4437),
[2024-06-20 19:34:37,270][flwr][INFO] - 	              (7, 0.4567),
[2024-06-20 19:34:37,270][flwr][INFO] - 	              (8, 0.4586),
[2024-06-20 19:34:37,270][flwr][INFO] - 	              (9, 0.459),
[2024-06-20 19:34:37,270][flwr][INFO] - 	              (10, 0.4577)],
[2024-06-20 19:34:37,270][flwr][INFO] - 	 'confusion_matrix': [(0,
[2024-06-20 19:34:37,270][flwr][INFO] - 	                       array([[   0,    8,    0,  956,    0,    1,    0,   15,    0,    0],
[2024-06-20 19:34:37,270][flwr][INFO] - 	       [   0,  122,    0, 1013,    0,    0,    0,    0,    0,    0],
[2024-06-20 19:34:37,270][flwr][INFO] - 	       [   0,   38,    0,  971,    0,    0,    3,   19,    1,    0],
[2024-06-20 19:34:37,270][flwr][INFO] - 	       [   0,   44,    0,  945,    1,    1,    0,   17,    2,    0],
[2024-06-20 19:34:37,270][flwr][INFO] - 	       [   0,  143,    0,  816,    1,    0,    2,   20,    0,    0],
[2024-06-20 19:34:37,270][flwr][INFO] - 	       [   0,  118,    0,  735,    1,    7,    0,   30,    1,    0],
[2024-06-20 19:34:37,271][flwr][INFO] - 	       [   0,  144,    0,  749,   25,    0,    2,   38,    0,    0],
[2024-06-20 19:34:37,271][flwr][INFO] - 	       [   0,  272,    0,  724,    8,    0,    0,    9,   15,    0],
[2024-06-20 19:34:37,271][flwr][INFO] - 	       [   0,   81,    0,  859,    1,    0,    1,   32,    0,    0],
[2024-06-20 19:34:37,271][flwr][INFO] - 	       [   0,  178,    0,  799,    1,    0,    0,   31,    0,    0]])),
[2024-06-20 19:34:37,271][flwr][INFO] - 	                      (1,
[2024-06-20 19:34:37,271][flwr][INFO] - 	                       array([[118,  17, 305, 153,   2,   8, 361,   5,   0,  11],
[2024-06-20 19:34:37,271][flwr][INFO] - 	       [  2,   1, 655,  59,   0,   0, 414,   2,   0,   2],
[2024-06-20 19:34:37,271][flwr][INFO] - 	       [ 24,  17, 334, 334,   2,   2, 312,   0,   1,   6],
[2024-06-20 19:34:37,271][flwr][INFO] - 	       [ 43,  28, 558,  88,   4,  19, 258,   0,   1,  11],
[2024-06-20 19:34:37,271][flwr][INFO] - 	       [ 11,  21, 213, 255,   0,   5, 467,   3,   2,   5],
[2024-06-20 19:34:37,271][flwr][INFO] - 	       [ 86,  28, 388,  69,   3,   6, 284,   5,   0,  23],
[2024-06-20 19:34:37,271][flwr][INFO] - 	       [ 38,  24, 402, 128,  10,  22, 308,   6,   2,  18],
[2024-06-20 19:34:37,271][flwr][INFO] - 	       [  4,   4, 153, 343,   0,   4, 498,   0,   3,  19],
[2024-06-20 19:34:37,271][flwr][INFO] - 	       [ 39,  11, 470, 219,   1,   2, 226,   3,   1,   2],
[2024-06-20 19:34:37,271][flwr][INFO] - 	       [ 33,  11, 248, 262,   0,   2, 443,   4,   0,   6]])),
[2024-06-20 19:34:37,271][flwr][INFO] - 	                      (2,
[2024-06-20 19:34:37,271][flwr][INFO] - 	                       array([[ 18, 451,  60,  36,   0, 112, 235,  68,   0,   0],
[2024-06-20 19:34:37,271][flwr][INFO] - 	       [  3, 907,   1,  25,   0,  36, 163,   0,   0,   0],
[2024-06-20 19:34:37,271][flwr][INFO] - 	       [  7, 381,  38,  68,   0,  56, 478,   4,   0,   0],
[2024-06-20 19:34:37,271][flwr][INFO] - 	       [  8, 177,  16, 138,   0, 446, 206,  19,   0,   0],
[2024-06-20 19:34:37,271][flwr][INFO] - 	       [ 59, 280, 201,  43,   0,  96, 234,  64,   0,   5],
[2024-06-20 19:34:37,271][flwr][INFO] - 	       [  5, 336,   7,  34,   0, 341, 108,  61,   0,   0],
[2024-06-20 19:34:37,271][flwr][INFO] - 	       [ 25, 470,  38,  45,   0,  70, 300,   8,   0,   2],
[2024-06-20 19:34:37,271][flwr][INFO] - 	       [ 27, 271,  97,  17,   0, 287, 248,  75,   0,   6],
[2024-06-20 19:34:37,271][flwr][INFO] - 	       [  8, 480,  20,  27,   0, 109, 314,  16,   0,   0],
[2024-06-20 19:34:37,271][flwr][INFO] - 	       [ 54, 328, 161,  19,   0, 171, 181,  90,   0,   5]])),
[2024-06-20 19:34:37,271][flwr][INFO] - 	                      (3,
[2024-06-20 19:34:37,271][flwr][INFO] - 	                       array([[625,  26,  19,   2,   0,  15, 103, 182,   6,   2],
[2024-06-20 19:34:37,271][flwr][INFO] - 	       [ 22, 938,   0,   2,   0,   2,  35,  64,  72,   0],
[2024-06-20 19:34:37,271][flwr][INFO] - 	       [255, 179, 154,   4,   1,   5, 111, 266,  49,   8],
[2024-06-20 19:34:37,271][flwr][INFO] - 	       [202, 110,  91, 162,   0,  37, 148, 194,  64,   2],
[2024-06-20 19:34:37,271][flwr][INFO] - 	       [159,  53,   0,   6,   6,  10, 155, 543,  47,   3],
[2024-06-20 19:34:37,271][flwr][INFO] - 	       [136,  67,  15,  31,   0,  51, 167, 368,  56,   1],
[2024-06-20 19:34:37,271][flwr][INFO] - 	       [211,  43,   1,   2,   0,   1, 351, 315,  31,   3],
[2024-06-20 19:34:37,271][flwr][INFO] - 	       [ 34,  58,  11,   0,   3,  21,  51, 818,  30,   2],
[2024-06-20 19:34:37,271][flwr][INFO] - 	       [135, 130,  34,   4,   0,   9, 102, 473,  87,   0],
[2024-06-20 19:34:37,271][flwr][INFO] - 	       [108,  34,   5,   3,   1,  14,  99, 726,  14,   5]])),
[2024-06-20 19:34:37,271][flwr][INFO] - 	                      (4,
[2024-06-20 19:34:37,271][flwr][INFO] - 	                       array([[397,  38, 116,  25,   2, 296,  74,  13,  15,   4],
[2024-06-20 19:34:37,271][flwr][INFO] - 	       [ 11, 680, 121,  24,  30, 131,  11,   6, 121,   0],
[2024-06-20 19:34:37,271][flwr][INFO] - 	       [ 74,  48, 457,  80,  20, 149,  34,  17, 147,   6],
[2024-06-20 19:34:37,271][flwr][INFO] - 	       [ 71,  33,  80, 488,   3, 162,  43,  14, 109,   7],
[2024-06-20 19:34:37,272][flwr][INFO] - 	       [123,  36,  75, 101, 155,  88, 102, 107, 110,  85],
[2024-06-20 19:34:37,272][flwr][INFO] - 	       [ 33,  23,  55, 146,  12, 333,  45,  28, 210,   7],
[2024-06-20 19:34:37,272][flwr][INFO] - 	       [ 93,  26,  93,  92,  24,  55, 386,  36,  93,  60],
[2024-06-20 19:34:37,272][flwr][INFO] - 	       [ 33,  93,  71,  41,  46, 259,  39, 216, 103, 127],
[2024-06-20 19:34:37,272][flwr][INFO] - 	       [ 62,  61, 115, 131,  14, 164,  50,  24, 338,  15],
[2024-06-20 19:34:37,272][flwr][INFO] - 	       [110,  63,  65,  88,  65, 139,  82, 108, 120, 169]])),
[2024-06-20 19:34:37,272][flwr][INFO] - 	                      (5,
[2024-06-20 19:34:37,272][flwr][INFO] - 	                       array([[696,  34,  39,  12,   3,  34, 112,  43,   7,   0],
[2024-06-20 19:34:37,272][flwr][INFO] - 	       [ 22, 548,  39,  92,  57,   7, 239,  48,  83,   0],
[2024-06-20 19:34:37,272][flwr][INFO] - 	       [222,  19, 358,  48,  20,  56, 150,  74,  84,   1],
[2024-06-20 19:34:37,272][flwr][INFO] - 	       [137,  30,  72, 450,   3,  30, 119,  80,  88,   1],
[2024-06-20 19:34:37,272][flwr][INFO] - 	       [ 56,  25,  37, 131, 324,  31, 143, 158,  64,  13],
[2024-06-20 19:34:37,272][flwr][INFO] - 	       [ 69,  50,  47, 125,  24, 171, 144, 137, 125,   0],
[2024-06-20 19:34:37,272][flwr][INFO] - 	       [157,  27,  21,  54,  35,   5, 609,  27,  22,   1],
[2024-06-20 19:34:37,272][flwr][INFO] - 	       [ 12,  27,  37,  29,  43,  57,  88, 700,  25,  10],
[2024-06-20 19:34:37,272][flwr][INFO] - 	       [ 61,  40,  67, 155,  30,  61, 235, 100, 217,   8],
[2024-06-20 19:34:37,272][flwr][INFO] - 	       [ 54,  18,  27,  83, 110,  19, 312, 292,  38,  56]])),
[2024-06-20 19:34:37,272][flwr][INFO] - 	                      (6,
[2024-06-20 19:34:37,272][flwr][INFO] - 	                       array([[425,  13,  96,  11,   1, 103, 163, 155,   9,   4],
[2024-06-20 19:34:37,272][flwr][INFO] - 	       [  1, 825,  65,  37,  16,  18,  13, 106,  54,   0],
[2024-06-20 19:34:37,272][flwr][INFO] - 	       [ 53,  25, 609,  14,  13,  63,  67,  88,  99,   1],
[2024-06-20 19:34:37,272][flwr][INFO] - 	       [ 43,  22, 154, 360,   2, 122,  78, 130,  96,   3],
[2024-06-20 19:34:37,272][flwr][INFO] - 	       [ 10,  75, 127,  86, 267,  70,  43, 262,  24,  18],
[2024-06-20 19:34:37,272][flwr][INFO] - 	       [ 24,  44,  69,  74,   9, 317,  64, 190, 101,   0],
[2024-06-20 19:34:37,272][flwr][INFO] - 	       [ 43,  28,  77,  55,  42,  31, 542,  62,  40,  38],
[2024-06-20 19:34:37,272][flwr][INFO] - 	       [  1,  29,  42,  11,  18,  65,   7, 847,   5,   3],
[2024-06-20 19:34:37,272][flwr][INFO] - 	       [ 19,  72, 196,  87,  21, 148,  59, 172, 193,   7],
[2024-06-20 19:34:37,272][flwr][INFO] - 	       [ 17,  49,  86,  46, 153,  56,  43, 480,  27,  52]])),
[2024-06-20 19:34:37,272][flwr][INFO] - 	                      (7,
[2024-06-20 19:34:37,272][flwr][INFO] - 	                       array([[636,   8,  29,  20,   7, 118, 124,  24,  10,   4],
[2024-06-20 19:34:37,272][flwr][INFO] - 	       [  8, 683,  43,  90,  92,  13, 112,  31,  60,   3],
[2024-06-20 19:34:37,272][flwr][INFO] - 	       [116,  23, 458,  79,  49, 123,  89,  30,  63,   2],
[2024-06-20 19:34:37,272][flwr][INFO] - 	       [106,  21,  36, 513,  13, 117,  69,  58,  76,   1],
[2024-06-20 19:34:37,272][flwr][INFO] - 	       [ 27,  37,  14, 105, 473,  88, 112,  73,  47,   6],
[2024-06-20 19:34:37,272][flwr][INFO] - 	       [ 60,  46,  32, 125,  29, 350,  71,  81,  98,   0],
[2024-06-20 19:34:37,272][flwr][INFO] - 	       [ 94,  18,  22, 101,  76,  55, 551,   6,  33,   2],
[2024-06-20 19:34:37,272][flwr][INFO] - 	       [ 14,  51,  22,  58,  62,  76,  32, 702,   7,   4],
[2024-06-20 19:34:37,272][flwr][INFO] - 	       [ 48,  64,  89, 168,  47, 232,  80,  65, 181,   0],
[2024-06-20 19:34:37,272][flwr][INFO] - 	       [ 82,  32,  18, 152, 251,  95, 144, 177,  38,  20]])),
[2024-06-20 19:34:37,272][flwr][INFO] - 	                      (8,
[2024-06-20 19:34:37,272][flwr][INFO] - 	                       array([[679,   5,  29,  10,   3,  92,  46, 100,  16,   0],
[2024-06-20 19:34:37,272][flwr][INFO] - 	       [ 17, 647,  53,  58, 119,   5,  84,  67,  80,   5],
[2024-06-20 19:34:37,272][flwr][INFO] - 	       [157,  14, 520,  33,  40,  74,  60,  52,  82,   0],
[2024-06-20 19:34:37,273][flwr][INFO] - 	       [108,  32,  49, 421,  23,  72,  62, 101, 138,   4],
[2024-06-20 19:34:37,273][flwr][INFO] - 	       [ 31,  41,  19,  65, 526,  31,  96,  74,  84,  15],
[2024-06-20 19:34:37,273][flwr][INFO] - 	       [ 83,  50,  40,  78,  21, 264,  83, 105, 168,   0],
[2024-06-20 19:34:37,273][flwr][INFO] - 	       [141,  11,  53,  44,  60,  25, 551,  33,  40,   0],
[2024-06-20 19:34:37,273][flwr][INFO] - 	       [ 13,  68,  22,  61,  74,  44,  41, 682,  21,   2],
[2024-06-20 19:34:37,273][flwr][INFO] - 	       [ 57,  57,  77, 126,  52, 120, 139,  57, 289,   0],
[2024-06-20 19:34:37,273][flwr][INFO] - 	       [ 74,  47,  11, 137, 325,  32, 166, 118,  92,   7]])),
[2024-06-20 19:34:37,273][flwr][INFO] - 	                      (9,
[2024-06-20 19:34:37,273][flwr][INFO] - 	                       array([[656,   1,  59,  12,   3, 111,  42,  81,  15,   0],
[2024-06-20 19:34:37,273][flwr][INFO] - 	       [ 34, 624,  59,  41, 175,   4,  72,  35,  84,   7],
[2024-06-20 19:34:37,273][flwr][INFO] - 	       [139,   5, 614,  25,  36,  61,  59,  48,  40,   5],
[2024-06-20 19:34:37,273][flwr][INFO] - 	       [111,  18,  77, 461,  30,  98,  51,  63,  99,   2],
[2024-06-20 19:34:37,273][flwr][INFO] - 	       [ 34,  32,  15,  92, 524,  12, 111,  55,  75,  32],
[2024-06-20 19:34:37,273][flwr][INFO] - 	       [122,  32,  65,  78,  31, 228,  86,  77, 173,   0],
[2024-06-20 19:34:37,273][flwr][INFO] - 	       [115,   8,  59,  58,  39,  32, 584,  30,  25,   8],
[2024-06-20 19:34:37,273][flwr][INFO] - 	       [ 15,  68,  33,  85, 118,  20,  28, 629,  18,  14],
[2024-06-20 19:34:37,273][flwr][INFO] - 	       [106,  45, 111, 138,  65,  93, 112,  44, 256,   4],
[2024-06-20 19:34:37,273][flwr][INFO] - 	       [ 49,  71,   7, 191, 354,  22, 158,  75,  68,  14]])),
[2024-06-20 19:34:37,273][flwr][INFO] - 	                      (10,
[2024-06-20 19:34:37,273][flwr][INFO] - 	                       array([[662,   0,  57,  10,   5, 127,  79,  29,   8,   3],
[2024-06-20 19:34:37,273][flwr][INFO] - 	       [ 43, 566, 126,  83, 112,   3,  87,  61,  39,  15],
[2024-06-20 19:34:37,273][flwr][INFO] - 	       [108,   3, 642,  21,  30,  67,  80,  58,  17,   6],
[2024-06-20 19:34:37,273][flwr][INFO] - 	       [150,  24, 116, 374,  17, 115,  67,  88,  52,   7],
[2024-06-20 19:34:37,273][flwr][INFO] - 	       [ 36,  18,  16,  90, 543,  24, 108,  50,  60,  37],
[2024-06-20 19:34:37,273][flwr][INFO] - 	       [142,  29,  67,  44,  36, 254, 125,  77, 114,   4],
[2024-06-20 19:34:37,273][flwr][INFO] - 	       [ 82,   7,  59,  38,  23,  23, 671,  27,   3,  25],
[2024-06-20 19:34:37,273][flwr][INFO] - 	       [ 27,  78,  45,  36,  84,  28,  36, 645,  15,  34],
[2024-06-20 19:34:37,273][flwr][INFO] - 	       [144,  46, 133,  98,  67, 126, 129,  46, 178,   7],
[2024-06-20 19:34:37,273][flwr][INFO] - 	       [ 68,  84,  17, 117, 353,  30, 165,  86,  47,  42]]))],
[2024-06-20 19:34:37,273][flwr][INFO] - 	 'f1': [(0, 0.03553137346181725),
[2024-06-20 19:34:37,273][flwr][INFO] - 	        (1, 0.05296469471969975),
[2024-06-20 19:34:37,273][flwr][INFO] - 	        (2, 0.11796844307218185),
[2024-06-20 19:34:37,273][flwr][INFO] - 	        (3, 0.25545087561931834),
[2024-06-20 19:34:37,273][flwr][INFO] - 	        (4, 0.358012118197847),
[2024-06-20 19:34:37,273][flwr][INFO] - 	        (5, 0.38939412648603516),
[2024-06-20 19:34:37,273][flwr][INFO] - 	        (6, 0.4194994062773787),
[2024-06-20 19:34:37,273][flwr][INFO] - 	        (7, 0.43422559548639283),
[2024-06-20 19:34:37,273][flwr][INFO] - 	        (8, 0.4334283291634003),
[2024-06-20 19:34:37,273][flwr][INFO] - 	        (9, 0.43451820523069234),
[2024-06-20 19:34:37,273][flwr][INFO] - 	        (10, 0.43044781454061704)],
[2024-06-20 19:34:37,273][flwr][INFO] - 	 'precision': [(0, 0.12349967530374152),
[2024-06-20 19:34:37,273][flwr][INFO] - 	               (1, 0.07518635019814938),
[2024-06-20 19:34:37,274][flwr][INFO] - 	               (2, 0.1467996548083168),
[2024-06-20 19:34:37,274][flwr][INFO] - 	               (3, 0.38721559432445346),
[2024-06-20 19:34:37,274][flwr][INFO] - 	               (4, 0.3861612873338131),
[2024-06-20 19:34:37,274][flwr][INFO] - 	               (5, 0.4529036525854227),
[2024-06-20 19:34:37,274][flwr][INFO] - 	               (6, 0.46314763123978636),
[2024-06-20 19:34:37,274][flwr][INFO] - 	               (7, 0.46958499198676806),
[2024-06-20 19:34:37,274][flwr][INFO] - 	               (8, 0.4391887669237491),
[2024-06-20 19:34:37,274][flwr][INFO] - 	               (9, 0.43473042417800634),
[2024-06-20 19:34:37,274][flwr][INFO] - 	               (10, 0.4376719298000478)],
[2024-06-20 19:34:37,274][flwr][INFO] - 	 'recall': [(0, 0.1086),
[2024-06-20 19:34:37,274][flwr][INFO] - 	            (1, 0.0862),
[2024-06-20 19:34:37,274][flwr][INFO] - 	            (2, 0.1822),
[2024-06-20 19:34:37,274][flwr][INFO] - 	            (3, 0.3197),
[2024-06-20 19:34:37,274][flwr][INFO] - 	            (4, 0.3619),
[2024-06-20 19:34:37,274][flwr][INFO] - 	            (5, 0.4129),
[2024-06-20 19:34:37,274][flwr][INFO] - 	            (6, 0.4437),
[2024-06-20 19:34:37,274][flwr][INFO] - 	            (7, 0.4567),
[2024-06-20 19:34:37,274][flwr][INFO] - 	            (8, 0.4586),
[2024-06-20 19:34:37,274][flwr][INFO] - 	            (9, 0.459),
[2024-06-20 19:34:37,274][flwr][INFO] - 	            (10, 0.4577)]}
[2024-06-20 19:34:37,274][flwr][INFO] - 
