[2024-06-21 13:36:56,043][flwr][INFO] - Starting Flower simulation, config: num_rounds=10, no round_timeout
[2024-06-21 13:36:58,156][flwr][INFO] - Flower VCE: Ray initialized with resources: {'memory': 10009924404.0, 'node:127.0.0.1': 1.0, 'CPU': 12.0, 'object_store_memory': 2147483648.0, 'node:__internal_head__': 1.0}
[2024-06-21 13:36:58,156][flwr][INFO] - Optimize your simulation with Flower VCE: https://flower.ai/docs/framework/how-to-run-simulations.html
[2024-06-21 13:36:58,156][flwr][INFO] - Flower VCE: Resources for each Virtual Client: {'num_cpus': 2, 'num_gpus': 0}
[2024-06-21 13:36:58,162][flwr][INFO] - Flower VCE: Creating VirtualClientEngineActorPool with 6 actors
[2024-06-21 13:36:58,162][flwr][INFO] - [INIT]
[2024-06-21 13:36:58,162][flwr][INFO] - Requesting initial parameters from one random client
[2024-06-21 13:36:59,691][flwr][INFO] - Received initial parameters from one random client
[2024-06-21 13:36:59,691][flwr][INFO] - Evaluating initial global parameters
[2024-06-21 13:37:00,037][flwr][INFO] - initial parameters (loss, other metrics): 181.76928067207336, {'accuracy': 0.1086, 'precision': 0.12349967530374152, 'recall': 0.1086, 'f1': 0.03553137346181725, 'confusion_matrix': array([[   0,    8,    0,  956,    0,    1,    0,   15,    0,    0],
       [   0,  122,    0, 1013,    0,    0,    0,    0,    0,    0],
       [   0,   38,    0,  971,    0,    0,    3,   19,    1,    0],
       [   0,   44,    0,  945,    1,    1,    0,   17,    2,    0],
       [   0,  143,    0,  816,    1,    0,    2,   20,    0,    0],
       [   0,  118,    0,  735,    1,    7,    0,   30,    1,    0],
       [   0,  144,    0,  749,   25,    0,    2,   38,    0,    0],
       [   0,  272,    0,  724,    8,    0,    0,    9,   15,    0],
       [   0,   81,    0,  859,    1,    0,    1,   32,    0,    0],
       [   0,  178,    0,  799,    1,    0,    0,   31,    0,    0]])}
[2024-06-21 13:37:00,038][flwr][INFO] - 
[2024-06-21 13:37:00,038][flwr][INFO] - [ROUND 1]
[2024-06-21 13:37:00,038][flwr][INFO] - configure_fit: strategy sampled 10 clients (out of 100)
[2024-06-21 13:37:06,308][flwr][INFO] - aggregate_fit: received 10 results and 0 failures
[2024-06-21 13:37:06,313][flwr][WARNING] - No fit_metrics_aggregation_fn provided
[2024-06-21 13:37:06,653][flwr][INFO] - fit progress: (1, 175.10646629333496, {'accuracy': 0.2124, 'precision': 0.16366363776795462, 'recall': 0.2124, 'f1': 0.1776263198994092, 'confusion_matrix': array([[ 350,  418,    0,    3,    2,   85,  119,    2,    1,    0],
       [   0,    0, 1126,    3,    0,    2,    1,    1,    2,    0],
       [  35,    3,  277,  563,    8,   70,   11,    7,   58,    0],
       [  26,    0,   80,  123,  586,   55,   15,    0,  125,    0],
       [  15,    0,   12,    0,    1,  924,    7,    0,   22,    1],
       [  32,    2,   27,    9,  140,  443,  184,    2,   52,    1],
       [   8,    1,   45,    7,    0,   85,  504,  308,    0,    0],
       [  46,    0,   36,    4,    0,   30,    0,    0,  911,    1],
       [  49,    0,  104,    9,  133,  138,   56,    0,  426,   59],
       [ 407,    0,    6,    1,    2,  253,    0,    2,  338,    0]])}, 6.6150355)
[2024-06-21 13:37:06,653][flwr][INFO] - configure_evaluate: no clients selected, skipping evaluation
[2024-06-21 13:37:06,653][flwr][INFO] - 
[2024-06-21 13:37:06,653][flwr][INFO] - [ROUND 2]
[2024-06-21 13:37:06,654][flwr][INFO] - configure_fit: strategy sampled 10 clients (out of 100)
[2024-06-21 13:37:11,955][flwr][INFO] - aggregate_fit: received 10 results and 0 failures
[2024-06-21 13:37:12,327][flwr][INFO] - fit progress: (2, 170.2496600151062, {'accuracy': 0.2646, 'precision': 0.19675656542678635, 'recall': 0.2646, 'f1': 0.2233209229074605, 'confusion_matrix': array([[ 746,  159,    1,    9,    0,    7,   53,    3,    1,    1],
       [   0,    0, 1127,    3,    0,    0,    4,    0,    1,    0],
       [  13,    1,  424,  517,    2,   17,   18,    7,   23,   10],
       [   9,    0,   85,  576,  168,    6,   66,    3,   67,   30],
       [  26,    0,   16,    0,    1,  876,   21,    4,    6,   32],
       [ 107,    3,   29,   30,   46,  166,  480,    1,   24,    6],
       [  11,    0,   38,    8,    0,   11,  472,  418,    0,    0],
       [  68,    0,   58,   11,    2,   11,    0,    0,  873,    5],
       [  28,    2,  140,   41,   15,   21,   84,    0,   30,  613],
       [ 527,    0,    7,    6,    4,   78,    7,    2,  147,  231]])}, 12.289577625)
[2024-06-21 13:37:12,328][flwr][INFO] - configure_evaluate: no clients selected, skipping evaluation
[2024-06-21 13:37:12,328][flwr][INFO] - 
[2024-06-21 13:37:12,328][flwr][INFO] - [ROUND 3]
[2024-06-21 13:37:12,328][flwr][INFO] - configure_fit: strategy sampled 10 clients (out of 100)
[2024-06-21 13:37:18,148][flwr][INFO] - aggregate_fit: received 10 results and 0 failures
[2024-06-21 13:37:18,509][flwr][INFO] - fit progress: (3, 143.68470656871796, {'accuracy': 0.2628, 'precision': 0.22611482293859345, 'recall': 0.2628, 'f1': 0.2379186703994413, 'confusion_matrix': array([[ 502,  442,    0,    1,    0,    6,   11,   10,    0,    8],
       [   0,    2, 1116,    3,    0,    0,    9,    0,    1,    4],
       [   9,    8,  222,  695,    4,   12,   16,   15,   20,   31],
       [   1,    2,   16,  463,  416,    9,   12,    6,   26,   59],
       [  12,    0,    2,    0,   60,  815,   14,    7,    0,   72],
       [  25,   13,   14,   32,   50,  342,  368,    4,    7,   37],
       [   7,    6,    7,    6,    4,    7,  363,  556,    0,    2],
       [  83,    0,   32,   15,    6,   23,    1,    5,  825,   38],
       [  13,    2,   29,   19,   25,   21,   39,    2,   10,  814],
       [ 221,    0,    4,    4,   17,   70,    2,    2,   30,  659]])}, 18.471196875)
[2024-06-21 13:37:18,509][flwr][INFO] - configure_evaluate: no clients selected, skipping evaluation
[2024-06-21 13:37:18,509][flwr][INFO] - 
[2024-06-21 13:37:18,509][flwr][INFO] - [ROUND 4]
[2024-06-21 13:37:18,510][flwr][INFO] - configure_fit: strategy sampled 10 clients (out of 100)
[2024-06-21 13:37:24,649][flwr][INFO] - aggregate_fit: received 10 results and 0 failures
[2024-06-21 13:37:25,038][flwr][INFO] - fit progress: (4, 141.93596291542053, {'accuracy': 0.1951, 'precision': 0.15817644886283033, 'recall': 0.1951, 'f1': 0.1734251021816024, 'confusion_matrix': array([[ 649,  305,    0,    7,    0,    3,    2,   10,    0,    4],
       [   0,    3, 1113,    3,    1,    0,    7,    0,    1,    7],
       [  16,    3,  184,  748,    5,   10,    5,   19,   18,   24],
       [   2,    1,    9,  319,  583,    2,   22,    5,   25,   42],
       [  36,    0,    2,    0,   42,  801,   13,    7,    2,   79],
       [  31,   17,    4,   33,   27,   75,  657,    4,   21,   23],
       [  12,    7,    5,   10,    1,    2,  241,  676,    0,    4],
       [  68,    1,   29,   21,    5,    6,    0,    7,  869,   22],
       [  14,    3,   27,   17,   19,   11,   52,    2,   15,  814],
       [ 500,    1,    5,    5,   13,   23,    5,    3,   38,  416]])}, 24.999984291)
[2024-06-21 13:37:25,038][flwr][INFO] - configure_evaluate: no clients selected, skipping evaluation
[2024-06-21 13:37:25,038][flwr][INFO] - 
[2024-06-21 13:37:25,038][flwr][INFO] - [ROUND 5]
[2024-06-21 13:37:25,039][flwr][INFO] - configure_fit: strategy sampled 10 clients (out of 100)
[2024-06-21 13:37:30,906][flwr][INFO] - aggregate_fit: received 10 results and 0 failures
[2024-06-21 13:37:31,262][flwr][INFO] - fit progress: (5, 133.14123153686523, {'accuracy': 0.1908, 'precision': 0.1649025651995944, 'recall': 0.1908, 'f1': 0.1725880444102052, 'confusion_matrix': array([[ 72, 883,   0,   0,   0,   3,  11,   4,   1,   6],
       [  1, 212, 895,   3,   1,   1,  13,   0,   0,   9],
       [  4,  14, 249, 646,  12,  13,  16,  12,  34,  32],
       [  0,   9,   2,  87, 815,   3,  23,   5,  30,  36],
       [  9,   0,   0,   0,  31, 890,  14,   1,   1,  36],
       [  3,  31,   1,  14,  30, 160, 610,   2,  20,  21],
       [  2,  15,   2,   3,   1,  10, 508, 412,   0,   5],
       [ 38,   6,  20,  14,   6,  18,   1,  12, 898,  15],
       [  2,   7,  13,   0,  27,  14,  59,   1,  32, 819],
       [312,   4,   2,   4,  14,  88,   7,   2,  31, 545]])}, 31.224061582999997)
[2024-06-21 13:37:31,262][flwr][INFO] - configure_evaluate: no clients selected, skipping evaluation
[2024-06-21 13:37:31,262][flwr][INFO] - 
[2024-06-21 13:37:31,262][flwr][INFO] - [ROUND 6]
[2024-06-21 13:37:31,262][flwr][INFO] - configure_fit: strategy sampled 10 clients (out of 100)
[2024-06-21 13:37:37,217][flwr][INFO] - aggregate_fit: received 10 results and 0 failures
[2024-06-21 13:37:37,581][flwr][INFO] - fit progress: (6, 126.19906628131866, {'accuracy': 0.1755, 'precision': 0.13900726368420754, 'recall': 0.1755, 'f1': 0.15351978006122352, 'confusion_matrix': array([[ 582,  372,    0,    0,    0,    3,   14,    6,    1,    2],
       [   1,    5, 1109,    3,    0,    1,    7,    0,    0,    9],
       [   8,    7,  228,  703,    6,   11,   10,   14,   15,   30],
       [   9,    4,    7,  307,  572,   15,   35,    5,   24,   32],
       [  16,    0,    1,    0,   13,  913,    9,    4,    0,   26],
       [  28,   10,    3,   23,    6,   84,  713,    2,   10,   13],
       [   6,    6,    3,    4,    1,   11,  371,  553,    0,    3],
       [  67,    0,   32,   17,    5,   19,    0,   12,  854,   22],
       [  26,    4,   15,    5,   11,   15,   58,    1,   20,  819],
       [ 778,    1,    4,    4,    7,   69,    2,    1,   10,  133]])}, 37.543462708)
[2024-06-21 13:37:37,581][flwr][INFO] - configure_evaluate: no clients selected, skipping evaluation
[2024-06-21 13:37:37,581][flwr][INFO] - 
[2024-06-21 13:37:37,581][flwr][INFO] - [ROUND 7]
[2024-06-21 13:37:37,582][flwr][INFO] - configure_fit: strategy sampled 10 clients (out of 100)
[2024-06-21 13:37:42,894][flwr][INFO] - aggregate_fit: received 10 results and 0 failures
[2024-06-21 13:37:43,247][flwr][INFO] - fit progress: (7, 130.65178847312927, {'accuracy': 0.1253, 'precision': 0.11251348532468024, 'recall': 0.1253, 'f1': 0.11782677993718917, 'confusion_matrix': array([[ 68, 898,   0,   0,   0,   2,   5,   4,   1,   2],
       [  1, 372, 740,   3,   0,   1,   7,   0,   0,  11],
       [  7,  25, 136, 780,  11,  12,   8,  13,  24,  16],
       [ 15,  14,   0,  57, 831,   1,  39,   5,  15,  33],
       [ 26,   1,   1,   2,  16, 883,  10,   4,   0,  39],
       [ 17,  28,   0,   9,  13,  28, 770,   3,  10,  14],
       [  2,  22,   2,   2,   2,  10, 328, 589,   0,   1],
       [ 85,   6,  13,  18,   7,  10,   0,  11, 866,  12],
       [ 16,  17,   6,   3,  17,  12,  76,   1,  41, 785],
       [751,   6,   1,   2,   8,  31,   6,   3,   5, 196]])}, 43.209727833)
[2024-06-21 13:37:43,248][flwr][INFO] - configure_evaluate: no clients selected, skipping evaluation
[2024-06-21 13:37:43,248][flwr][INFO] - 
[2024-06-21 13:37:43,248][flwr][INFO] - [ROUND 8]
[2024-06-21 13:37:43,248][flwr][INFO] - configure_fit: strategy sampled 10 clients (out of 100)
[2024-06-21 13:37:47,892][flwr][INFO] - aggregate_fit: received 10 results and 0 failures
[2024-06-21 13:37:48,232][flwr][INFO] - fit progress: (8, 111.13522291183472, {'accuracy': 0.2075, 'precision': 0.1740655629902378, 'recall': 0.2075, 'f1': 0.1863450402111832, 'confusion_matrix': array([[ 575,  389,    0,    0,    1,    1,    5,    5,    0,    4],
       [   0,   13, 1094,    4,    2,    0,    7,    0,    1,   14],
       [  16,    9,  260,  664,   15,    7,    6,   11,   14,   30],
       [   5,    2,    1,   63,  868,    4,   13,    2,   12,   40],
       [  22,    1,    1,    1,  173,  677,    8,    6,    0,   93],
       [  15,   10,    1,   11,   34,   50,  727,    2,    6,   36],
       [   8,    7,    2,    3,    2,    4,  351,  577,    0,    4],
       [  68,    1,   20,   20,    9,    2,    0,  101,  782,   25],
       [  10,    4,    8,    3,   20,    4,   24,    2,   13,  886],
       [ 481,    1,    3,    3,   15,   21,    1,    3,    5,  476]])}, 48.195073583)
[2024-06-21 13:37:48,233][flwr][INFO] - configure_evaluate: no clients selected, skipping evaluation
[2024-06-21 13:37:48,233][flwr][INFO] - 
[2024-06-21 13:37:48,233][flwr][INFO] - [ROUND 9]
[2024-06-21 13:37:48,233][flwr][INFO] - configure_fit: strategy sampled 10 clients (out of 100)
[2024-06-21 13:37:52,966][flwr][INFO] - aggregate_fit: received 10 results and 0 failures
[2024-06-21 13:37:53,303][flwr][INFO] - fit progress: (9, 137.22953927516937, {'accuracy': 0.0939, 'precision': 0.08589116440191984, 'recall': 0.0939, 'f1': 0.08938944021139639, 'confusion_matrix': array([[ 49, 906,   0,   2,   0,   0,  11,  10,   0,   2],
       [  0, 226, 877,   4,   0,   1,   9,   0,   0,  18],
       [  2,  10,  69, 866,   3,  13,   8,  15,  13,  33],
       [  6,   3,   1, 129, 785,   3,  27,   3,  13,  40],
       [ 35,   1,   0,   2,   4, 892,   8,   7,   0,  33],
       [  8,  10,   0,  20,   8,  30, 793,   3,   4,  16],
       [  0,   9,   2,   3,   0,   7, 293, 643,   0,   1],
       [ 68,   4,  11,  24,   4,   8,   1,  14, 879,  15],
       [  3,   8,   5,   7,  12,   5,  60,   1,  18, 855],
       [838,   6,   0,   3,   2,  35,   9,   1,   8, 107]])}, 53.265622291)
[2024-06-21 13:37:53,303][flwr][INFO] - configure_evaluate: no clients selected, skipping evaluation
[2024-06-21 13:37:53,303][flwr][INFO] - 
[2024-06-21 13:37:53,303][flwr][INFO] - [ROUND 10]
[2024-06-21 13:37:53,304][flwr][INFO] - configure_fit: strategy sampled 10 clients (out of 100)
[2024-06-21 13:37:58,038][flwr][INFO] - aggregate_fit: received 10 results and 0 failures
[2024-06-21 13:37:58,377][flwr][INFO] - fit progress: (10, 109.86325252056122, {'accuracy': 0.254, 'precision': 0.22309547509361763, 'recall': 0.254, 'f1': 0.23030669141595322, 'confusion_matrix': array([[ 325,  634,    0,    0,    0,    2,    6,    7,    2,    4],
       [   0,    0, 1121,    4,    0,    0,    4,    1,    2,    3],
       [   4,    6,  651,  296,   13,    2,    6,   11,   37,    6],
       [   3,    2,    6,   89,  829,    8,   14,    3,   24,   32],
       [  11,    0,    2,    3,  262,  616,   15,    7,    1,   65],
       [  12,    4,    2,   18,   18,   64,  741,    5,   11,   17],
       [   1,    7,    5,    1,    2,    2,  291,  646,    0,    3],
       [  31,    1,   30,    5,    8,    4,    0,   63,  873,   13],
       [   8,    1,   25,    5,   14,    2,   30,    1,  302,  586],
       [ 450,    1,    6,    2,   15,   22,    2,    3,   15,  493]])}, 58.339432916)
[2024-06-21 13:37:58,377][flwr][INFO] - configure_evaluate: no clients selected, skipping evaluation
[2024-06-21 13:37:58,377][flwr][INFO] - 
[2024-06-21 13:37:58,377][flwr][INFO] - [SUMMARY]
[2024-06-21 13:37:58,377][flwr][INFO] - Run finished 10 round(s) in 58.34s
[2024-06-21 13:37:58,381][flwr][INFO] - 	History (loss, centralized):
[2024-06-21 13:37:58,381][flwr][INFO] - 		round 0: 181.76928067207336
[2024-06-21 13:37:58,381][flwr][INFO] - 		round 1: 175.10646629333496
[2024-06-21 13:37:58,381][flwr][INFO] - 		round 2: 170.2496600151062
[2024-06-21 13:37:58,381][flwr][INFO] - 		round 3: 143.68470656871796
[2024-06-21 13:37:58,381][flwr][INFO] - 		round 4: 141.93596291542053
[2024-06-21 13:37:58,381][flwr][INFO] - 		round 5: 133.14123153686523
[2024-06-21 13:37:58,381][flwr][INFO] - 		round 6: 126.19906628131866
[2024-06-21 13:37:58,381][flwr][INFO] - 		round 7: 130.65178847312927
[2024-06-21 13:37:58,381][flwr][INFO] - 		round 8: 111.13522291183472
[2024-06-21 13:37:58,381][flwr][INFO] - 		round 9: 137.22953927516937
[2024-06-21 13:37:58,381][flwr][INFO] - 		round 10: 109.86325252056122
[2024-06-21 13:37:58,381][flwr][INFO] - 	History (metrics, centralized):
[2024-06-21 13:37:58,381][flwr][INFO] - 	{'accuracy': [(0, 0.1086),
[2024-06-21 13:37:58,381][flwr][INFO] - 	              (1, 0.2124),
[2024-06-21 13:37:58,381][flwr][INFO] - 	              (2, 0.2646),
[2024-06-21 13:37:58,381][flwr][INFO] - 	              (3, 0.2628),
[2024-06-21 13:37:58,381][flwr][INFO] - 	              (4, 0.1951),
[2024-06-21 13:37:58,381][flwr][INFO] - 	              (5, 0.1908),
[2024-06-21 13:37:58,381][flwr][INFO] - 	              (6, 0.1755),
[2024-06-21 13:37:58,381][flwr][INFO] - 	              (7, 0.1253),
[2024-06-21 13:37:58,381][flwr][INFO] - 	              (8, 0.2075),
[2024-06-21 13:37:58,381][flwr][INFO] - 	              (9, 0.0939),
[2024-06-21 13:37:58,381][flwr][INFO] - 	              (10, 0.254)],
[2024-06-21 13:37:58,381][flwr][INFO] - 	 'confusion_matrix': [(0,
[2024-06-21 13:37:58,381][flwr][INFO] - 	                       array([[   0,    8,    0,  956,    0,    1,    0,   15,    0,    0],
[2024-06-21 13:37:58,382][flwr][INFO] - 	       [   0,  122,    0, 1013,    0,    0,    0,    0,    0,    0],
[2024-06-21 13:37:58,382][flwr][INFO] - 	       [   0,   38,    0,  971,    0,    0,    3,   19,    1,    0],
[2024-06-21 13:37:58,382][flwr][INFO] - 	       [   0,   44,    0,  945,    1,    1,    0,   17,    2,    0],
[2024-06-21 13:37:58,382][flwr][INFO] - 	       [   0,  143,    0,  816,    1,    0,    2,   20,    0,    0],
[2024-06-21 13:37:58,382][flwr][INFO] - 	       [   0,  118,    0,  735,    1,    7,    0,   30,    1,    0],
[2024-06-21 13:37:58,382][flwr][INFO] - 	       [   0,  144,    0,  749,   25,    0,    2,   38,    0,    0],
[2024-06-21 13:37:58,382][flwr][INFO] - 	       [   0,  272,    0,  724,    8,    0,    0,    9,   15,    0],
[2024-06-21 13:37:58,382][flwr][INFO] - 	       [   0,   81,    0,  859,    1,    0,    1,   32,    0,    0],
[2024-06-21 13:37:58,382][flwr][INFO] - 	       [   0,  178,    0,  799,    1,    0,    0,   31,    0,    0]])),
[2024-06-21 13:37:58,382][flwr][INFO] - 	                      (1,
[2024-06-21 13:37:58,382][flwr][INFO] - 	                       array([[ 350,  418,    0,    3,    2,   85,  119,    2,    1,    0],
[2024-06-21 13:37:58,382][flwr][INFO] - 	       [   0,    0, 1126,    3,    0,    2,    1,    1,    2,    0],
[2024-06-21 13:37:58,382][flwr][INFO] - 	       [  35,    3,  277,  563,    8,   70,   11,    7,   58,    0],
[2024-06-21 13:37:58,382][flwr][INFO] - 	       [  26,    0,   80,  123,  586,   55,   15,    0,  125,    0],
[2024-06-21 13:37:58,382][flwr][INFO] - 	       [  15,    0,   12,    0,    1,  924,    7,    0,   22,    1],
[2024-06-21 13:37:58,382][flwr][INFO] - 	       [  32,    2,   27,    9,  140,  443,  184,    2,   52,    1],
[2024-06-21 13:37:58,382][flwr][INFO] - 	       [   8,    1,   45,    7,    0,   85,  504,  308,    0,    0],
[2024-06-21 13:37:58,382][flwr][INFO] - 	       [  46,    0,   36,    4,    0,   30,    0,    0,  911,    1],
[2024-06-21 13:37:58,382][flwr][INFO] - 	       [  49,    0,  104,    9,  133,  138,   56,    0,  426,   59],
[2024-06-21 13:37:58,382][flwr][INFO] - 	       [ 407,    0,    6,    1,    2,  253,    0,    2,  338,    0]])),
[2024-06-21 13:37:58,382][flwr][INFO] - 	                      (2,
[2024-06-21 13:37:58,382][flwr][INFO] - 	                       array([[ 746,  159,    1,    9,    0,    7,   53,    3,    1,    1],
[2024-06-21 13:37:58,382][flwr][INFO] - 	       [   0,    0, 1127,    3,    0,    0,    4,    0,    1,    0],
[2024-06-21 13:37:58,382][flwr][INFO] - 	       [  13,    1,  424,  517,    2,   17,   18,    7,   23,   10],
[2024-06-21 13:37:58,382][flwr][INFO] - 	       [   9,    0,   85,  576,  168,    6,   66,    3,   67,   30],
[2024-06-21 13:37:58,382][flwr][INFO] - 	       [  26,    0,   16,    0,    1,  876,   21,    4,    6,   32],
[2024-06-21 13:37:58,382][flwr][INFO] - 	       [ 107,    3,   29,   30,   46,  166,  480,    1,   24,    6],
[2024-06-21 13:37:58,382][flwr][INFO] - 	       [  11,    0,   38,    8,    0,   11,  472,  418,    0,    0],
[2024-06-21 13:37:58,382][flwr][INFO] - 	       [  68,    0,   58,   11,    2,   11,    0,    0,  873,    5],
[2024-06-21 13:37:58,382][flwr][INFO] - 	       [  28,    2,  140,   41,   15,   21,   84,    0,   30,  613],
[2024-06-21 13:37:58,382][flwr][INFO] - 	       [ 527,    0,    7,    6,    4,   78,    7,    2,  147,  231]])),
[2024-06-21 13:37:58,382][flwr][INFO] - 	                      (3,
[2024-06-21 13:37:58,382][flwr][INFO] - 	                       array([[ 502,  442,    0,    1,    0,    6,   11,   10,    0,    8],
[2024-06-21 13:37:58,382][flwr][INFO] - 	       [   0,    2, 1116,    3,    0,    0,    9,    0,    1,    4],
[2024-06-21 13:37:58,382][flwr][INFO] - 	       [   9,    8,  222,  695,    4,   12,   16,   15,   20,   31],
[2024-06-21 13:37:58,382][flwr][INFO] - 	       [   1,    2,   16,  463,  416,    9,   12,    6,   26,   59],
[2024-06-21 13:37:58,382][flwr][INFO] - 	       [  12,    0,    2,    0,   60,  815,   14,    7,    0,   72],
[2024-06-21 13:37:58,382][flwr][INFO] - 	       [  25,   13,   14,   32,   50,  342,  368,    4,    7,   37],
[2024-06-21 13:37:58,382][flwr][INFO] - 	       [   7,    6,    7,    6,    4,    7,  363,  556,    0,    2],
[2024-06-21 13:37:58,382][flwr][INFO] - 	       [  83,    0,   32,   15,    6,   23,    1,    5,  825,   38],
[2024-06-21 13:37:58,382][flwr][INFO] - 	       [  13,    2,   29,   19,   25,   21,   39,    2,   10,  814],
[2024-06-21 13:37:58,382][flwr][INFO] - 	       [ 221,    0,    4,    4,   17,   70,    2,    2,   30,  659]])),
[2024-06-21 13:37:58,382][flwr][INFO] - 	                      (4,
[2024-06-21 13:37:58,382][flwr][INFO] - 	                       array([[ 649,  305,    0,    7,    0,    3,    2,   10,    0,    4],
[2024-06-21 13:37:58,382][flwr][INFO] - 	       [   0,    3, 1113,    3,    1,    0,    7,    0,    1,    7],
[2024-06-21 13:37:58,382][flwr][INFO] - 	       [  16,    3,  184,  748,    5,   10,    5,   19,   18,   24],
[2024-06-21 13:37:58,382][flwr][INFO] - 	       [   2,    1,    9,  319,  583,    2,   22,    5,   25,   42],
[2024-06-21 13:37:58,382][flwr][INFO] - 	       [  36,    0,    2,    0,   42,  801,   13,    7,    2,   79],
[2024-06-21 13:37:58,382][flwr][INFO] - 	       [  31,   17,    4,   33,   27,   75,  657,    4,   21,   23],
[2024-06-21 13:37:58,382][flwr][INFO] - 	       [  12,    7,    5,   10,    1,    2,  241,  676,    0,    4],
[2024-06-21 13:37:58,382][flwr][INFO] - 	       [  68,    1,   29,   21,    5,    6,    0,    7,  869,   22],
[2024-06-21 13:37:58,382][flwr][INFO] - 	       [  14,    3,   27,   17,   19,   11,   52,    2,   15,  814],
[2024-06-21 13:37:58,382][flwr][INFO] - 	       [ 500,    1,    5,    5,   13,   23,    5,    3,   38,  416]])),
[2024-06-21 13:37:58,382][flwr][INFO] - 	                      (5,
[2024-06-21 13:37:58,382][flwr][INFO] - 	                       array([[ 72, 883,   0,   0,   0,   3,  11,   4,   1,   6],
[2024-06-21 13:37:58,383][flwr][INFO] - 	       [  1, 212, 895,   3,   1,   1,  13,   0,   0,   9],
[2024-06-21 13:37:58,383][flwr][INFO] - 	       [  4,  14, 249, 646,  12,  13,  16,  12,  34,  32],
[2024-06-21 13:37:58,383][flwr][INFO] - 	       [  0,   9,   2,  87, 815,   3,  23,   5,  30,  36],
[2024-06-21 13:37:58,383][flwr][INFO] - 	       [  9,   0,   0,   0,  31, 890,  14,   1,   1,  36],
[2024-06-21 13:37:58,383][flwr][INFO] - 	       [  3,  31,   1,  14,  30, 160, 610,   2,  20,  21],
[2024-06-21 13:37:58,383][flwr][INFO] - 	       [  2,  15,   2,   3,   1,  10, 508, 412,   0,   5],
[2024-06-21 13:37:58,383][flwr][INFO] - 	       [ 38,   6,  20,  14,   6,  18,   1,  12, 898,  15],
[2024-06-21 13:37:58,383][flwr][INFO] - 	       [  2,   7,  13,   0,  27,  14,  59,   1,  32, 819],
[2024-06-21 13:37:58,383][flwr][INFO] - 	       [312,   4,   2,   4,  14,  88,   7,   2,  31, 545]])),
[2024-06-21 13:37:58,383][flwr][INFO] - 	                      (6,
[2024-06-21 13:37:58,383][flwr][INFO] - 	                       array([[ 582,  372,    0,    0,    0,    3,   14,    6,    1,    2],
[2024-06-21 13:37:58,383][flwr][INFO] - 	       [   1,    5, 1109,    3,    0,    1,    7,    0,    0,    9],
[2024-06-21 13:37:58,383][flwr][INFO] - 	       [   8,    7,  228,  703,    6,   11,   10,   14,   15,   30],
[2024-06-21 13:37:58,383][flwr][INFO] - 	       [   9,    4,    7,  307,  572,   15,   35,    5,   24,   32],
[2024-06-21 13:37:58,383][flwr][INFO] - 	       [  16,    0,    1,    0,   13,  913,    9,    4,    0,   26],
[2024-06-21 13:37:58,383][flwr][INFO] - 	       [  28,   10,    3,   23,    6,   84,  713,    2,   10,   13],
[2024-06-21 13:37:58,383][flwr][INFO] - 	       [   6,    6,    3,    4,    1,   11,  371,  553,    0,    3],
[2024-06-21 13:37:58,383][flwr][INFO] - 	       [  67,    0,   32,   17,    5,   19,    0,   12,  854,   22],
[2024-06-21 13:37:58,383][flwr][INFO] - 	       [  26,    4,   15,    5,   11,   15,   58,    1,   20,  819],
[2024-06-21 13:37:58,383][flwr][INFO] - 	       [ 778,    1,    4,    4,    7,   69,    2,    1,   10,  133]])),
[2024-06-21 13:37:58,383][flwr][INFO] - 	                      (7,
[2024-06-21 13:37:58,383][flwr][INFO] - 	                       array([[ 68, 898,   0,   0,   0,   2,   5,   4,   1,   2],
[2024-06-21 13:37:58,383][flwr][INFO] - 	       [  1, 372, 740,   3,   0,   1,   7,   0,   0,  11],
[2024-06-21 13:37:58,383][flwr][INFO] - 	       [  7,  25, 136, 780,  11,  12,   8,  13,  24,  16],
[2024-06-21 13:37:58,383][flwr][INFO] - 	       [ 15,  14,   0,  57, 831,   1,  39,   5,  15,  33],
[2024-06-21 13:37:58,383][flwr][INFO] - 	       [ 26,   1,   1,   2,  16, 883,  10,   4,   0,  39],
[2024-06-21 13:37:58,383][flwr][INFO] - 	       [ 17,  28,   0,   9,  13,  28, 770,   3,  10,  14],
[2024-06-21 13:37:58,383][flwr][INFO] - 	       [  2,  22,   2,   2,   2,  10, 328, 589,   0,   1],
[2024-06-21 13:37:58,383][flwr][INFO] - 	       [ 85,   6,  13,  18,   7,  10,   0,  11, 866,  12],
[2024-06-21 13:37:58,383][flwr][INFO] - 	       [ 16,  17,   6,   3,  17,  12,  76,   1,  41, 785],
[2024-06-21 13:37:58,383][flwr][INFO] - 	       [751,   6,   1,   2,   8,  31,   6,   3,   5, 196]])),
[2024-06-21 13:37:58,383][flwr][INFO] - 	                      (8,
[2024-06-21 13:37:58,383][flwr][INFO] - 	                       array([[ 575,  389,    0,    0,    1,    1,    5,    5,    0,    4],
[2024-06-21 13:37:58,383][flwr][INFO] - 	       [   0,   13, 1094,    4,    2,    0,    7,    0,    1,   14],
[2024-06-21 13:37:58,383][flwr][INFO] - 	       [  16,    9,  260,  664,   15,    7,    6,   11,   14,   30],
[2024-06-21 13:37:58,383][flwr][INFO] - 	       [   5,    2,    1,   63,  868,    4,   13,    2,   12,   40],
[2024-06-21 13:37:58,383][flwr][INFO] - 	       [  22,    1,    1,    1,  173,  677,    8,    6,    0,   93],
[2024-06-21 13:37:58,383][flwr][INFO] - 	       [  15,   10,    1,   11,   34,   50,  727,    2,    6,   36],
[2024-06-21 13:37:58,383][flwr][INFO] - 	       [   8,    7,    2,    3,    2,    4,  351,  577,    0,    4],
[2024-06-21 13:37:58,383][flwr][INFO] - 	       [  68,    1,   20,   20,    9,    2,    0,  101,  782,   25],
[2024-06-21 13:37:58,383][flwr][INFO] - 	       [  10,    4,    8,    3,   20,    4,   24,    2,   13,  886],
[2024-06-21 13:37:58,383][flwr][INFO] - 	       [ 481,    1,    3,    3,   15,   21,    1,    3,    5,  476]])),
[2024-06-21 13:37:58,383][flwr][INFO] - 	                      (9,
[2024-06-21 13:37:58,383][flwr][INFO] - 	                       array([[ 49, 906,   0,   2,   0,   0,  11,  10,   0,   2],
[2024-06-21 13:37:58,383][flwr][INFO] - 	       [  0, 226, 877,   4,   0,   1,   9,   0,   0,  18],
[2024-06-21 13:37:58,383][flwr][INFO] - 	       [  2,  10,  69, 866,   3,  13,   8,  15,  13,  33],
[2024-06-21 13:37:58,383][flwr][INFO] - 	       [  6,   3,   1, 129, 785,   3,  27,   3,  13,  40],
[2024-06-21 13:37:58,383][flwr][INFO] - 	       [ 35,   1,   0,   2,   4, 892,   8,   7,   0,  33],
[2024-06-21 13:37:58,383][flwr][INFO] - 	       [  8,  10,   0,  20,   8,  30, 793,   3,   4,  16],
[2024-06-21 13:37:58,383][flwr][INFO] - 	       [  0,   9,   2,   3,   0,   7, 293, 643,   0,   1],
[2024-06-21 13:37:58,383][flwr][INFO] - 	       [ 68,   4,  11,  24,   4,   8,   1,  14, 879,  15],
[2024-06-21 13:37:58,383][flwr][INFO] - 	       [  3,   8,   5,   7,  12,   5,  60,   1,  18, 855],
[2024-06-21 13:37:58,383][flwr][INFO] - 	       [838,   6,   0,   3,   2,  35,   9,   1,   8, 107]])),
[2024-06-21 13:37:58,383][flwr][INFO] - 	                      (10,
[2024-06-21 13:37:58,384][flwr][INFO] - 	                       array([[ 325,  634,    0,    0,    0,    2,    6,    7,    2,    4],
[2024-06-21 13:37:58,384][flwr][INFO] - 	       [   0,    0, 1121,    4,    0,    0,    4,    1,    2,    3],
[2024-06-21 13:37:58,384][flwr][INFO] - 	       [   4,    6,  651,  296,   13,    2,    6,   11,   37,    6],
[2024-06-21 13:37:58,384][flwr][INFO] - 	       [   3,    2,    6,   89,  829,    8,   14,    3,   24,   32],
[2024-06-21 13:37:58,384][flwr][INFO] - 	       [  11,    0,    2,    3,  262,  616,   15,    7,    1,   65],
[2024-06-21 13:37:58,384][flwr][INFO] - 	       [  12,    4,    2,   18,   18,   64,  741,    5,   11,   17],
[2024-06-21 13:37:58,384][flwr][INFO] - 	       [   1,    7,    5,    1,    2,    2,  291,  646,    0,    3],
[2024-06-21 13:37:58,384][flwr][INFO] - 	       [  31,    1,   30,    5,    8,    4,    0,   63,  873,   13],
[2024-06-21 13:37:58,384][flwr][INFO] - 	       [   8,    1,   25,    5,   14,    2,   30,    1,  302,  586],
[2024-06-21 13:37:58,384][flwr][INFO] - 	       [ 450,    1,    6,    2,   15,   22,    2,    3,   15,  493]]))],
[2024-06-21 13:37:58,384][flwr][INFO] - 	 'f1': [(0, 0.03553137346181725),
[2024-06-21 13:37:58,384][flwr][INFO] - 	        (1, 0.1776263198994092),
[2024-06-21 13:37:58,384][flwr][INFO] - 	        (2, 0.2233209229074605),
[2024-06-21 13:37:58,384][flwr][INFO] - 	        (3, 0.2379186703994413),
[2024-06-21 13:37:58,384][flwr][INFO] - 	        (4, 0.1734251021816024),
[2024-06-21 13:37:58,384][flwr][INFO] - 	        (5, 0.1725880444102052),
[2024-06-21 13:37:58,384][flwr][INFO] - 	        (6, 0.15351978006122352),
[2024-06-21 13:37:58,384][flwr][INFO] - 	        (7, 0.11782677993718917),
[2024-06-21 13:37:58,384][flwr][INFO] - 	        (8, 0.1863450402111832),
[2024-06-21 13:37:58,384][flwr][INFO] - 	        (9, 0.08938944021139639),
[2024-06-21 13:37:58,384][flwr][INFO] - 	        (10, 0.23030669141595322)],
[2024-06-21 13:37:58,384][flwr][INFO] - 	 'precision': [(0, 0.12349967530374152),
[2024-06-21 13:37:58,384][flwr][INFO] - 	               (1, 0.16366363776795462),
[2024-06-21 13:37:58,384][flwr][INFO] - 	               (2, 0.19675656542678635),
[2024-06-21 13:37:58,384][flwr][INFO] - 	               (3, 0.22611482293859345),
[2024-06-21 13:37:58,384][flwr][INFO] - 	               (4, 0.15817644886283033),
[2024-06-21 13:37:58,384][flwr][INFO] - 	               (5, 0.1649025651995944),
[2024-06-21 13:37:58,384][flwr][INFO] - 	               (6, 0.13900726368420754),
[2024-06-21 13:37:58,384][flwr][INFO] - 	               (7, 0.11251348532468024),
[2024-06-21 13:37:58,384][flwr][INFO] - 	               (8, 0.1740655629902378),
[2024-06-21 13:37:58,384][flwr][INFO] - 	               (9, 0.08589116440191984),
[2024-06-21 13:37:58,384][flwr][INFO] - 	               (10, 0.22309547509361763)],
[2024-06-21 13:37:58,384][flwr][INFO] - 	 'recall': [(0, 0.1086),
[2024-06-21 13:37:58,384][flwr][INFO] - 	            (1, 0.2124),
[2024-06-21 13:37:58,384][flwr][INFO] - 	            (2, 0.2646),
[2024-06-21 13:37:58,384][flwr][INFO] - 	            (3, 0.2628),
[2024-06-21 13:37:58,384][flwr][INFO] - 	            (4, 0.1951),
[2024-06-21 13:37:58,384][flwr][INFO] - 	            (5, 0.1908),
[2024-06-21 13:37:58,384][flwr][INFO] - 	            (6, 0.1755),
[2024-06-21 13:37:58,384][flwr][INFO] - 	            (7, 0.1253),
[2024-06-21 13:37:58,384][flwr][INFO] - 	            (8, 0.2075),
[2024-06-21 13:37:58,384][flwr][INFO] - 	            (9, 0.0939),
[2024-06-21 13:37:58,384][flwr][INFO] - 	            (10, 0.254)]}
[2024-06-21 13:37:58,384][flwr][INFO] - 
