[2024-07-08 17:17:11,803][flwr][INFO] - Starting Flower simulation, config: num_rounds=10, no round_timeout
[2024-07-08 17:17:13,664][flwr][INFO] - Flower VCE: Ray initialized with resources: {'memory': 10255011021.0, 'CPU': 12.0, 'object_store_memory': 2147483648.0, 'node:127.0.0.1': 1.0, 'node:__internal_head__': 1.0}
[2024-07-08 17:17:13,664][flwr][INFO] - Optimize your simulation with Flower VCE: https://flower.ai/docs/framework/how-to-run-simulations.html
[2024-07-08 17:17:13,664][flwr][INFO] - Flower VCE: Resources for each Virtual Client: {'num_cpus': 2, 'num_gpus': 0}
[2024-07-08 17:17:13,679][flwr][INFO] - Flower VCE: Creating VirtualClientEngineActorPool with 6 actors
[2024-07-08 17:17:13,680][flwr][INFO] - [INIT]
[2024-07-08 17:17:13,680][flwr][INFO] - Requesting initial parameters from one random client
[2024-07-08 17:17:16,240][flwr][INFO] - Received initial parameters from one random client
[2024-07-08 17:17:16,240][flwr][INFO] - Evaluating initial global parameters
[2024-07-08 17:17:16,613][flwr][INFO] - initial parameters (loss, other metrics): 181.76928067207336, {'accuracy': 0.1086, 'precision': 0.12349967530374152, 'recall': 0.1086, 'f1': 0.03553137346181725, 'confusion_matrix': array([[   0,    8,    0,  956,    0,    1,    0,   15,    0,    0],
       [   0,  122,    0, 1013,    0,    0,    0,    0,    0,    0],
       [   0,   38,    0,  971,    0,    0,    3,   19,    1,    0],
       [   0,   44,    0,  945,    1,    1,    0,   17,    2,    0],
       [   0,  143,    0,  816,    1,    0,    2,   20,    0,    0],
       [   0,  118,    0,  735,    1,    7,    0,   30,    1,    0],
       [   0,  144,    0,  749,   25,    0,    2,   38,    0,    0],
       [   0,  272,    0,  724,    8,    0,    0,    9,   15,    0],
       [   0,   81,    0,  859,    1,    0,    1,   32,    0,    0],
       [   0,  178,    0,  799,    1,    0,    0,   31,    0,    0]])}
[2024-07-08 17:17:16,614][flwr][INFO] - 
[2024-07-08 17:17:16,614][flwr][INFO] - [ROUND 1]
[2024-07-08 17:17:16,614][flwr][INFO] - configure_fit: strategy sampled 10 clients (out of 10)
[2024-07-08 17:17:34,663][flwr][INFO] - aggregate_fit: received 10 results and 0 failures
[2024-07-08 17:17:34,671][flwr][WARNING] - No fit_metrics_aggregation_fn provided
[2024-07-08 17:17:35,024][flwr][INFO] - fit progress: (1, 147.16053295135498, {'accuracy': 0.3521, 'precision': 0.2650820940522396, 'recall': 0.3521, 'f1': 0.29115539456085643, 'confusion_matrix': array([[ 837,   20,    0,   13,    0,    8,   85,   14,    1,    2],
       [   0,    0, 1075,   45,    0,    0,    7,    3,    0,    5],
       [  20,    0,  302,  590,    8,    1,    6,   76,    4,   25],
       [  27,    0,    9,  758,  123,   26,   15,    6,    5,   41],
       [ 104,    0,    0,    3,  266,  137,   53,  274,    0,  145],
       [ 157,    0,   12,   31,   56,   25,  585,    9,    3,   14],
       [   4,    0,    4,   11,    2,    8,  315,  590,    0,   24],
       [ 218,    0,    5,  120,    0,    1,    1,  426,  185,   72],
       [  30,    0,   13,   76,  136,    0,   77,    6,    1,  635],
       [ 317,    0,    3,    4,    9,    2,    4,   78,    1,  591]])}, 18.41063125)
[2024-07-08 17:17:35,025][flwr][INFO] - configure_evaluate: no clients selected, skipping evaluation
[2024-07-08 17:17:35,025][flwr][INFO] - 
[2024-07-08 17:17:35,025][flwr][INFO] - [ROUND 2]
[2024-07-08 17:17:35,025][flwr][INFO] - configure_fit: strategy sampled 10 clients (out of 10)
[2024-07-08 17:17:51,050][flwr][INFO] - aggregate_fit: received 10 results and 0 failures
[2024-07-08 17:17:51,440][flwr][INFO] - fit progress: (2, 118.76923501491547, {'accuracy': 0.4509, 'precision': 0.3645547975653532, 'recall': 0.4509, 'f1': 0.3796861605272394, 'confusion_matrix': array([[ 898,   10,    0,    0,    0,   16,   49,    4,    2,    1],
       [   0,    1, 1115,    4,    0,    1,    9,    0,    2,    3],
       [  14,    0,  590,  370,    4,    7,   10,    4,   24,    9],
       [   2,    0,    3,  794,  127,   43,    4,    0,   16,   21],
       [   4,    0,    0,    3,   99,  804,   18,    3,    3,   48],
       [  19,    0,    1,   24,    1,  554,  267,    2,   18,    6],
       [   3,    2,    3,    0,    0,    6,  885,   57,    0,    2],
       [ 106,    0,   21,   80,    1,   17,    0,    9,  781,   13],
       [  10,    3,   14,   31,   28,   26,   62,    0,  129,  671],
       [ 368,    0,    4,    2,    9,   56,    0,    1,   19,  550]])}, 34.825589457999996)
[2024-07-08 17:17:51,440][flwr][INFO] - configure_evaluate: no clients selected, skipping evaluation
[2024-07-08 17:17:51,440][flwr][INFO] - 
[2024-07-08 17:17:51,440][flwr][INFO] - [ROUND 3]
[2024-07-08 17:17:51,441][flwr][INFO] - configure_fit: strategy sampled 10 clients (out of 10)
[2024-07-08 17:18:06,284][flwr][INFO] - aggregate_fit: received 10 results and 0 failures
[2024-07-08 17:18:06,682][flwr][INFO] - fit progress: (3, 93.26406788825989, {'accuracy': 0.4497, 'precision': 0.4576295802563115, 'recall': 0.4497, 'f1': 0.39604502811591047, 'confusion_matrix': array([[924,  33,   0,   1,   0,   2,  17,   1,   0,   2],
       [  0, 121, 998,   4,   1,   0,   4,   0,   1,   6],
       [  9,   0, 645, 343,   8,   4,   6,   2,  13,   2],
       [  2,   0,   1, 550, 408,   9,   0,   0,  11,  29],
       [  3,   0,   4,   3, 139, 788,   9,   1,   1,  34],
       [  7,   0,   0,  22,   5, 321, 510,   0,  19,   8],
       [  3,   5,   4,   1,   1,   5, 921,  16,   0,   2],
       [ 39,   1,  21, 100,   2,  15,   1,  13, 823,  13],
       [ 11,   3,  11,  11,  11,  16,  44,   0, 118, 749],
       [189,   1,   3,   4,  10,  49,   1,   0,   7, 745]])}, 50.068085124999996)
[2024-07-08 17:18:06,683][flwr][INFO] - configure_evaluate: no clients selected, skipping evaluation
[2024-07-08 17:18:06,683][flwr][INFO] - 
[2024-07-08 17:18:06,683][flwr][INFO] - [ROUND 4]
[2024-07-08 17:18:06,683][flwr][INFO] - configure_fit: strategy sampled 10 clients (out of 10)
[2024-07-08 17:18:21,110][flwr][INFO] - aggregate_fit: received 10 results and 0 failures
[2024-07-08 17:18:21,493][flwr][INFO] - fit progress: (4, 96.0828366279602, {'accuracy': 0.3868, 'precision': 0.4037958162808428, 'recall': 0.3868, 'f1': 0.33197408725796856, 'confusion_matrix': array([[ 905,   39,    0,    1,    0,    2,   27,    2,    0,    4],
       [   0,   38, 1083,    4,    0,    1,    5,    0,    1,    3],
       [   6,    1,  463,  539,    2,    4,    6,    2,    8,    1],
       [   2,    1,    0,  451,  494,    5,   10,    0,   11,   36],
       [   2,    0,    1,    3,  131,  797,   20,    5,    2,   21],
       [   8,    1,    0,    8,    3,  139,  723,    0,    3,    7],
       [   0,    2,    3,    1,    0,    4,  940,    6,    0,    2],
       [  34,    0,   27,   82,    1,   18,    1,   46,  815,    4],
       [   8,    2,    6,    7,    5,    8,   48,    0,   96,  794],
       [ 274,    1,    3,    2,    5,   56,    2,    3,    4,  659]])}, 64.881989917)
[2024-07-08 17:18:21,494][flwr][INFO] - configure_evaluate: no clients selected, skipping evaluation
[2024-07-08 17:18:21,494][flwr][INFO] - 
[2024-07-08 17:18:21,494][flwr][INFO] - [ROUND 5]
[2024-07-08 17:18:21,494][flwr][INFO] - configure_fit: strategy sampled 10 clients (out of 10)
[2024-07-08 17:18:36,259][flwr][INFO] - aggregate_fit: received 10 results and 0 failures
[2024-07-08 17:18:36,639][flwr][INFO] - fit progress: (5, 86.065509557724, {'accuracy': 0.4359, 'precision': 0.4307634084355619, 'recall': 0.4359, 'f1': 0.3810877793443523, 'confusion_matrix': array([[ 932,   30,    0,    1,    0,    2,    7,    3,    1,    4],
       [   0,   12, 1110,    5,    0,    0,    3,    0,    1,    4],
       [   7,    0,  304,  700,    5,    4,    0,    3,    6,    3],
       [   0,    1,    0,  657,  313,    4,    0,    0,    8,   27],
       [   3,    0,    0,    3,  164,  764,    9,    5,    2,   32],
       [   8,    1,    0,   16,    9,  318,  516,    0,    3,   21],
       [   3,    7,    3,    1,    0,    8,  916,   16,    0,    4],
       [  31,    0,   18,   68,    1,    7,    0,   89,  805,    9],
       [   4,    3,    5,   10,    5,    5,    7,    0,  133,  802],
       [ 135,    2,    2,    1,    3,   28,    0,    0,    4,  834]])}, 80.044046958)
[2024-07-08 17:18:36,640][flwr][INFO] - configure_evaluate: no clients selected, skipping evaluation
[2024-07-08 17:18:36,640][flwr][INFO] - 
[2024-07-08 17:18:36,640][flwr][INFO] - [ROUND 6]
[2024-07-08 17:18:36,640][flwr][INFO] - configure_fit: strategy sampled 10 clients (out of 10)
[2024-07-08 17:18:54,322][flwr][INFO] - aggregate_fit: received 10 results and 0 failures
[2024-07-08 17:18:54,755][flwr][INFO] - fit progress: (6, 74.90859347581863, {'accuracy': 0.5051, 'precision': 0.5435696664353994, 'recall': 0.5051, 'f1': 0.48559296280646175, 'confusion_matrix': array([[926,  38,   0,   1,   0,   1,   7,   3,   1,   3],
       [  0, 618, 503,   4,   1,   0,   3,   0,   1,   5],
       [  6,   1, 420, 587,   5,   2,   1,   1,   6,   3],
       [  1,   0,   0, 463, 505,   5,   0,   0,  11,  25],
       [  1,   0,   3,   2, 199, 740,   8,   3,   2,  24],
       [  5,   1,   0,   7,   7, 170, 689,   0,   2,  11],
       [  2,   6,   2,   0,   3,   5, 927,  10,   0,   3],
       [ 25,   0,  19,  54,   1,   6,   0, 220, 688,  15],
       [  2,   6,   4,   7,   6,   3,  19,   1, 191, 735],
       [ 55,   5,   0,   2,   6,  21,   0,   3,   0, 917]])}, 98.165694417)
[2024-07-08 17:18:54,755][flwr][INFO] - configure_evaluate: no clients selected, skipping evaluation
[2024-07-08 17:18:54,755][flwr][INFO] - 
[2024-07-08 17:18:54,755][flwr][INFO] - [ROUND 7]
[2024-07-08 17:18:54,756][flwr][INFO] - configure_fit: strategy sampled 10 clients (out of 10)
[2024-07-08 17:19:11,557][flwr][INFO] - aggregate_fit: received 10 results and 0 failures
[2024-07-08 17:19:11,972][flwr][INFO] - fit progress: (7, 78.8974301815033, {'accuracy': 0.5199, 'precision': 0.5403882617922869, 'recall': 0.5199, 'f1': 0.500163987464371, 'confusion_matrix': array([[888,  74,   0,   1,   0,   2,   6,   6,   2,   1],
       [  0, 442, 683,   4,   0,   0,   2,   1,   2,   1],
       [  5,   2, 268, 739,   2,   2,   2,   2,   9,   1],
       [  1,   0,   0, 661, 298,  16,   0,   0,  11,  23],
       [  2,   0,   2,   3,  44, 899,   9,   2,   2,  19],
       [  2,   1,   1,   5,   4, 284, 585,   0,   2,   8],
       [  0,   4,   3,   0,   0,   5, 916,  29,   1,   0],
       [ 12,   0,  15,  51,   0,   7,   0, 385, 553,   5],
       [  2,   4,   5,   5,   4,   2,  12,   0, 500, 440],
       [134,   3,   1,   1,   6,  44,   1,   5,   3, 811]])}, 115.384965083)
[2024-07-08 17:19:11,972][flwr][INFO] - configure_evaluate: no clients selected, skipping evaluation
[2024-07-08 17:19:11,972][flwr][INFO] - 
[2024-07-08 17:19:11,972][flwr][INFO] - [ROUND 8]
[2024-07-08 17:19:11,973][flwr][INFO] - configure_fit: strategy sampled 10 clients (out of 10)
[2024-07-08 17:19:28,505][flwr][INFO] - aggregate_fit: received 10 results and 0 failures
[2024-07-08 17:19:28,938][flwr][INFO] - fit progress: (8, 78.02495616674423, {'accuracy': 0.4898, 'precision': 0.50403331302644, 'recall': 0.4898, 'f1': 0.4710885260117086, 'confusion_matrix': array([[608, 355,   0,   1,   0,   1,   7,   4,   2,   2],
       [  0, 197, 924,   6,   1,   1,   1,   1,   1,   3],
       [  2,   4, 161, 850,   2,   1,   0,   4,   5,   3],
       [  0,   1,   0, 735, 241,   5,   1,   0,   7,  20],
       [  1,   1,   5,   3, 182, 747,   6,   4,   1,  32],
       [  1,   2,   1,  10,   9, 160, 699,   0,   3,   7],
       [  0,   6,   3,   0,   0,   4, 897,  44,   2,   2],
       [  6,   0,  10,  56,   0,   2,   0, 607, 340,   7],
       [  1,   3,   3,  12,   2,   2,   5,   0, 421, 525],
       [ 44,   3,   1,   3,   5,  16,   1,   4,   2, 930]])}, 132.351247083)
[2024-07-08 17:19:28,938][flwr][INFO] - configure_evaluate: no clients selected, skipping evaluation
[2024-07-08 17:19:28,938][flwr][INFO] - 
[2024-07-08 17:19:28,938][flwr][INFO] - [ROUND 9]
[2024-07-08 17:19:28,939][flwr][INFO] - configure_fit: strategy sampled 10 clients (out of 10)
[2024-07-08 17:19:47,217][flwr][INFO] - aggregate_fit: received 10 results and 0 failures
[2024-07-08 17:19:47,722][flwr][INFO] - fit progress: (9, 67.47149127721786, {'accuracy': 0.5729, 'precision': 0.5794952400116062, 'recall': 0.5729, 'f1': 0.5580527171162952, 'confusion_matrix': array([[893,  70,   0,   1,   0,   1,   3,   7,   2,   3],
       [  0, 757, 366,   4,   0,   1,   1,   2,   2,   2],
       [  1,   3, 151, 856,   2,   3,   0,   4,  11,   1],
       [  1,   1,   0, 798, 164,   6,   0,   1,  11,  28],
       [  1,   0,   2,   4, 273, 660,   5,   5,   1,  31],
       [  2,   1,   0,  10,   5, 313, 550,   0,   1,  10],
       [  0,   8,   2,   0,   2,   4, 595, 341,   3,   3],
       [  5,   2,   6,  21,   1,   1,   0, 449, 537,   6],
       [  1,   3,   1,   7,   3,   2,   6,   0, 554, 397],
       [ 27,   3,   1,   3,   4,  17,   1,   6,   1, 946]])}, 151.13594849999998)
[2024-07-08 17:19:47,723][flwr][INFO] - configure_evaluate: no clients selected, skipping evaluation
[2024-07-08 17:19:47,723][flwr][INFO] - 
[2024-07-08 17:19:47,723][flwr][INFO] - [ROUND 10]
[2024-07-08 17:19:47,723][flwr][INFO] - configure_fit: strategy sampled 10 clients (out of 10)
[2024-07-08 17:20:05,276][flwr][INFO] - aggregate_fit: received 10 results and 0 failures
[2024-07-08 17:20:05,946][flwr][INFO] - fit progress: (10, 66.00577849149704, {'accuracy': 0.5932, 'precision': 0.5991412227572694, 'recall': 0.5932, 'f1': 0.5849888817158616, 'confusion_matrix': array([[856, 111,   0,   0,   0,   1,   4,   4,   1,   3],
       [  0, 720, 406,   3,   0,   0,   1,   3,   0,   2],
       [  2,   3, 381, 629,   2,   1,   1,   8,   3,   2],
       [  2,   0,   0, 667, 302,   5,   0,   1,   9,  24],
       [  1,   0,   3,   4, 234, 698,   6,   5,   3,  28],
       [  3,   2,   0,  10,   6, 174, 686,   0,   3,   8],
       [  0,   7,   3,   0,   0,   3, 738, 205,   2,   0],
       [  5,   2,   6,  25,   0,   0,   0, 671, 312,   7],
       [  2,   4,   2,   6,   2,   2,   8,   1, 561, 386],
       [ 46,   4,   1,   3,   5,  12,   1,   6,   1, 930]])}, 169.359778667)
[2024-07-08 17:20:05,947][flwr][INFO] - configure_evaluate: no clients selected, skipping evaluation
[2024-07-08 17:20:05,947][flwr][INFO] - 
[2024-07-08 17:20:05,947][flwr][INFO] - [SUMMARY]
[2024-07-08 17:20:05,947][flwr][INFO] - Run finished 10 round(s) in 169.36s
[2024-07-08 17:20:05,954][flwr][INFO] - 	History (loss, centralized):
[2024-07-08 17:20:05,955][flwr][INFO] - 		round 0: 181.76928067207336
[2024-07-08 17:20:05,955][flwr][INFO] - 		round 1: 147.16053295135498
[2024-07-08 17:20:05,955][flwr][INFO] - 		round 2: 118.76923501491547
[2024-07-08 17:20:05,955][flwr][INFO] - 		round 3: 93.26406788825989
[2024-07-08 17:20:05,955][flwr][INFO] - 		round 4: 96.0828366279602
[2024-07-08 17:20:05,955][flwr][INFO] - 		round 5: 86.065509557724
[2024-07-08 17:20:05,955][flwr][INFO] - 		round 6: 74.90859347581863
[2024-07-08 17:20:05,955][flwr][INFO] - 		round 7: 78.8974301815033
[2024-07-08 17:20:05,955][flwr][INFO] - 		round 8: 78.02495616674423
[2024-07-08 17:20:05,955][flwr][INFO] - 		round 9: 67.47149127721786
[2024-07-08 17:20:05,955][flwr][INFO] - 		round 10: 66.00577849149704
[2024-07-08 17:20:05,955][flwr][INFO] - 	History (metrics, centralized):
[2024-07-08 17:20:05,955][flwr][INFO] - 	{'accuracy': [(0, 0.1086),
[2024-07-08 17:20:05,955][flwr][INFO] - 	              (1, 0.3521),
[2024-07-08 17:20:05,955][flwr][INFO] - 	              (2, 0.4509),
[2024-07-08 17:20:05,955][flwr][INFO] - 	              (3, 0.4497),
[2024-07-08 17:20:05,955][flwr][INFO] - 	              (4, 0.3868),
[2024-07-08 17:20:05,956][flwr][INFO] - 	              (5, 0.4359),
[2024-07-08 17:20:05,956][flwr][INFO] - 	              (6, 0.5051),
[2024-07-08 17:20:05,956][flwr][INFO] - 	              (7, 0.5199),
[2024-07-08 17:20:05,956][flwr][INFO] - 	              (8, 0.4898),
[2024-07-08 17:20:05,956][flwr][INFO] - 	              (9, 0.5729),
[2024-07-08 17:20:05,956][flwr][INFO] - 	              (10, 0.5932)],
[2024-07-08 17:20:05,956][flwr][INFO] - 	 'confusion_matrix': [(0,
[2024-07-08 17:20:05,956][flwr][INFO] - 	                       array([[   0,    8,    0,  956,    0,    1,    0,   15,    0,    0],
[2024-07-08 17:20:05,956][flwr][INFO] - 	       [   0,  122,    0, 1013,    0,    0,    0,    0,    0,    0],
[2024-07-08 17:20:05,956][flwr][INFO] - 	       [   0,   38,    0,  971,    0,    0,    3,   19,    1,    0],
[2024-07-08 17:20:05,956][flwr][INFO] - 	       [   0,   44,    0,  945,    1,    1,    0,   17,    2,    0],
[2024-07-08 17:20:05,956][flwr][INFO] - 	       [   0,  143,    0,  816,    1,    0,    2,   20,    0,    0],
[2024-07-08 17:20:05,956][flwr][INFO] - 	       [   0,  118,    0,  735,    1,    7,    0,   30,    1,    0],
[2024-07-08 17:20:05,956][flwr][INFO] - 	       [   0,  144,    0,  749,   25,    0,    2,   38,    0,    0],
[2024-07-08 17:20:05,956][flwr][INFO] - 	       [   0,  272,    0,  724,    8,    0,    0,    9,   15,    0],
[2024-07-08 17:20:05,956][flwr][INFO] - 	       [   0,   81,    0,  859,    1,    0,    1,   32,    0,    0],
[2024-07-08 17:20:05,956][flwr][INFO] - 	       [   0,  178,    0,  799,    1,    0,    0,   31,    0,    0]])),
[2024-07-08 17:20:05,956][flwr][INFO] - 	                      (1,
[2024-07-08 17:20:05,956][flwr][INFO] - 	                       array([[ 837,   20,    0,   13,    0,    8,   85,   14,    1,    2],
[2024-07-08 17:20:05,956][flwr][INFO] - 	       [   0,    0, 1075,   45,    0,    0,    7,    3,    0,    5],
[2024-07-08 17:20:05,956][flwr][INFO] - 	       [  20,    0,  302,  590,    8,    1,    6,   76,    4,   25],
[2024-07-08 17:20:05,956][flwr][INFO] - 	       [  27,    0,    9,  758,  123,   26,   15,    6,    5,   41],
[2024-07-08 17:20:05,956][flwr][INFO] - 	       [ 104,    0,    0,    3,  266,  137,   53,  274,    0,  145],
[2024-07-08 17:20:05,956][flwr][INFO] - 	       [ 157,    0,   12,   31,   56,   25,  585,    9,    3,   14],
[2024-07-08 17:20:05,956][flwr][INFO] - 	       [   4,    0,    4,   11,    2,    8,  315,  590,    0,   24],
[2024-07-08 17:20:05,956][flwr][INFO] - 	       [ 218,    0,    5,  120,    0,    1,    1,  426,  185,   72],
[2024-07-08 17:20:05,957][flwr][INFO] - 	       [  30,    0,   13,   76,  136,    0,   77,    6,    1,  635],
[2024-07-08 17:20:05,957][flwr][INFO] - 	       [ 317,    0,    3,    4,    9,    2,    4,   78,    1,  591]])),
[2024-07-08 17:20:05,957][flwr][INFO] - 	                      (2,
[2024-07-08 17:20:05,957][flwr][INFO] - 	                       array([[ 898,   10,    0,    0,    0,   16,   49,    4,    2,    1],
[2024-07-08 17:20:05,957][flwr][INFO] - 	       [   0,    1, 1115,    4,    0,    1,    9,    0,    2,    3],
[2024-07-08 17:20:05,957][flwr][INFO] - 	       [  14,    0,  590,  370,    4,    7,   10,    4,   24,    9],
[2024-07-08 17:20:05,957][flwr][INFO] - 	       [   2,    0,    3,  794,  127,   43,    4,    0,   16,   21],
[2024-07-08 17:20:05,957][flwr][INFO] - 	       [   4,    0,    0,    3,   99,  804,   18,    3,    3,   48],
[2024-07-08 17:20:05,957][flwr][INFO] - 	       [  19,    0,    1,   24,    1,  554,  267,    2,   18,    6],
[2024-07-08 17:20:05,957][flwr][INFO] - 	       [   3,    2,    3,    0,    0,    6,  885,   57,    0,    2],
[2024-07-08 17:20:05,957][flwr][INFO] - 	       [ 106,    0,   21,   80,    1,   17,    0,    9,  781,   13],
[2024-07-08 17:20:05,957][flwr][INFO] - 	       [  10,    3,   14,   31,   28,   26,   62,    0,  129,  671],
[2024-07-08 17:20:05,957][flwr][INFO] - 	       [ 368,    0,    4,    2,    9,   56,    0,    1,   19,  550]])),
[2024-07-08 17:20:05,957][flwr][INFO] - 	                      (3,
[2024-07-08 17:20:05,957][flwr][INFO] - 	                       array([[924,  33,   0,   1,   0,   2,  17,   1,   0,   2],
[2024-07-08 17:20:05,957][flwr][INFO] - 	       [  0, 121, 998,   4,   1,   0,   4,   0,   1,   6],
[2024-07-08 17:20:05,957][flwr][INFO] - 	       [  9,   0, 645, 343,   8,   4,   6,   2,  13,   2],
[2024-07-08 17:20:05,957][flwr][INFO] - 	       [  2,   0,   1, 550, 408,   9,   0,   0,  11,  29],
[2024-07-08 17:20:05,957][flwr][INFO] - 	       [  3,   0,   4,   3, 139, 788,   9,   1,   1,  34],
[2024-07-08 17:20:05,957][flwr][INFO] - 	       [  7,   0,   0,  22,   5, 321, 510,   0,  19,   8],
[2024-07-08 17:20:05,957][flwr][INFO] - 	       [  3,   5,   4,   1,   1,   5, 921,  16,   0,   2],
[2024-07-08 17:20:05,957][flwr][INFO] - 	       [ 39,   1,  21, 100,   2,  15,   1,  13, 823,  13],
[2024-07-08 17:20:05,957][flwr][INFO] - 	       [ 11,   3,  11,  11,  11,  16,  44,   0, 118, 749],
[2024-07-08 17:20:05,957][flwr][INFO] - 	       [189,   1,   3,   4,  10,  49,   1,   0,   7, 745]])),
[2024-07-08 17:20:05,957][flwr][INFO] - 	                      (4,
[2024-07-08 17:20:05,957][flwr][INFO] - 	                       array([[ 905,   39,    0,    1,    0,    2,   27,    2,    0,    4],
[2024-07-08 17:20:05,957][flwr][INFO] - 	       [   0,   38, 1083,    4,    0,    1,    5,    0,    1,    3],
[2024-07-08 17:20:05,957][flwr][INFO] - 	       [   6,    1,  463,  539,    2,    4,    6,    2,    8,    1],
[2024-07-08 17:20:05,958][flwr][INFO] - 	       [   2,    1,    0,  451,  494,    5,   10,    0,   11,   36],
[2024-07-08 17:20:05,958][flwr][INFO] - 	       [   2,    0,    1,    3,  131,  797,   20,    5,    2,   21],
[2024-07-08 17:20:05,958][flwr][INFO] - 	       [   8,    1,    0,    8,    3,  139,  723,    0,    3,    7],
[2024-07-08 17:20:05,958][flwr][INFO] - 	       [   0,    2,    3,    1,    0,    4,  940,    6,    0,    2],
[2024-07-08 17:20:05,958][flwr][INFO] - 	       [  34,    0,   27,   82,    1,   18,    1,   46,  815,    4],
[2024-07-08 17:20:05,958][flwr][INFO] - 	       [   8,    2,    6,    7,    5,    8,   48,    0,   96,  794],
[2024-07-08 17:20:05,958][flwr][INFO] - 	       [ 274,    1,    3,    2,    5,   56,    2,    3,    4,  659]])),
[2024-07-08 17:20:05,958][flwr][INFO] - 	                      (5,
[2024-07-08 17:20:05,958][flwr][INFO] - 	                       array([[ 932,   30,    0,    1,    0,    2,    7,    3,    1,    4],
[2024-07-08 17:20:05,958][flwr][INFO] - 	       [   0,   12, 1110,    5,    0,    0,    3,    0,    1,    4],
[2024-07-08 17:20:05,958][flwr][INFO] - 	       [   7,    0,  304,  700,    5,    4,    0,    3,    6,    3],
[2024-07-08 17:20:05,958][flwr][INFO] - 	       [   0,    1,    0,  657,  313,    4,    0,    0,    8,   27],
[2024-07-08 17:20:05,958][flwr][INFO] - 	       [   3,    0,    0,    3,  164,  764,    9,    5,    2,   32],
[2024-07-08 17:20:05,958][flwr][INFO] - 	       [   8,    1,    0,   16,    9,  318,  516,    0,    3,   21],
[2024-07-08 17:20:05,958][flwr][INFO] - 	       [   3,    7,    3,    1,    0,    8,  916,   16,    0,    4],
[2024-07-08 17:20:05,958][flwr][INFO] - 	       [  31,    0,   18,   68,    1,    7,    0,   89,  805,    9],
[2024-07-08 17:20:05,958][flwr][INFO] - 	       [   4,    3,    5,   10,    5,    5,    7,    0,  133,  802],
[2024-07-08 17:20:05,958][flwr][INFO] - 	       [ 135,    2,    2,    1,    3,   28,    0,    0,    4,  834]])),
[2024-07-08 17:20:05,958][flwr][INFO] - 	                      (6,
[2024-07-08 17:20:05,958][flwr][INFO] - 	                       array([[926,  38,   0,   1,   0,   1,   7,   3,   1,   3],
[2024-07-08 17:20:05,958][flwr][INFO] - 	       [  0, 618, 503,   4,   1,   0,   3,   0,   1,   5],
[2024-07-08 17:20:05,958][flwr][INFO] - 	       [  6,   1, 420, 587,   5,   2,   1,   1,   6,   3],
[2024-07-08 17:20:05,958][flwr][INFO] - 	       [  1,   0,   0, 463, 505,   5,   0,   0,  11,  25],
[2024-07-08 17:20:05,958][flwr][INFO] - 	       [  1,   0,   3,   2, 199, 740,   8,   3,   2,  24],
[2024-07-08 17:20:05,958][flwr][INFO] - 	       [  5,   1,   0,   7,   7, 170, 689,   0,   2,  11],
[2024-07-08 17:20:05,958][flwr][INFO] - 	       [  2,   6,   2,   0,   3,   5, 927,  10,   0,   3],
[2024-07-08 17:20:05,958][flwr][INFO] - 	       [ 25,   0,  19,  54,   1,   6,   0, 220, 688,  15],
[2024-07-08 17:20:05,958][flwr][INFO] - 	       [  2,   6,   4,   7,   6,   3,  19,   1, 191, 735],
[2024-07-08 17:20:05,958][flwr][INFO] - 	       [ 55,   5,   0,   2,   6,  21,   0,   3,   0, 917]])),
[2024-07-08 17:20:05,959][flwr][INFO] - 	                      (7,
[2024-07-08 17:20:05,959][flwr][INFO] - 	                       array([[888,  74,   0,   1,   0,   2,   6,   6,   2,   1],
[2024-07-08 17:20:05,959][flwr][INFO] - 	       [  0, 442, 683,   4,   0,   0,   2,   1,   2,   1],
[2024-07-08 17:20:05,959][flwr][INFO] - 	       [  5,   2, 268, 739,   2,   2,   2,   2,   9,   1],
[2024-07-08 17:20:05,959][flwr][INFO] - 	       [  1,   0,   0, 661, 298,  16,   0,   0,  11,  23],
[2024-07-08 17:20:05,959][flwr][INFO] - 	       [  2,   0,   2,   3,  44, 899,   9,   2,   2,  19],
[2024-07-08 17:20:05,959][flwr][INFO] - 	       [  2,   1,   1,   5,   4, 284, 585,   0,   2,   8],
[2024-07-08 17:20:05,959][flwr][INFO] - 	       [  0,   4,   3,   0,   0,   5, 916,  29,   1,   0],
[2024-07-08 17:20:05,959][flwr][INFO] - 	       [ 12,   0,  15,  51,   0,   7,   0, 385, 553,   5],
[2024-07-08 17:20:05,959][flwr][INFO] - 	       [  2,   4,   5,   5,   4,   2,  12,   0, 500, 440],
[2024-07-08 17:20:05,959][flwr][INFO] - 	       [134,   3,   1,   1,   6,  44,   1,   5,   3, 811]])),
[2024-07-08 17:20:05,959][flwr][INFO] - 	                      (8,
[2024-07-08 17:20:05,959][flwr][INFO] - 	                       array([[608, 355,   0,   1,   0,   1,   7,   4,   2,   2],
[2024-07-08 17:20:05,959][flwr][INFO] - 	       [  0, 197, 924,   6,   1,   1,   1,   1,   1,   3],
[2024-07-08 17:20:05,959][flwr][INFO] - 	       [  2,   4, 161, 850,   2,   1,   0,   4,   5,   3],
[2024-07-08 17:20:05,959][flwr][INFO] - 	       [  0,   1,   0, 735, 241,   5,   1,   0,   7,  20],
[2024-07-08 17:20:05,959][flwr][INFO] - 	       [  1,   1,   5,   3, 182, 747,   6,   4,   1,  32],
[2024-07-08 17:20:05,959][flwr][INFO] - 	       [  1,   2,   1,  10,   9, 160, 699,   0,   3,   7],
[2024-07-08 17:20:05,959][flwr][INFO] - 	       [  0,   6,   3,   0,   0,   4, 897,  44,   2,   2],
[2024-07-08 17:20:05,959][flwr][INFO] - 	       [  6,   0,  10,  56,   0,   2,   0, 607, 340,   7],
[2024-07-08 17:20:05,959][flwr][INFO] - 	       [  1,   3,   3,  12,   2,   2,   5,   0, 421, 525],
[2024-07-08 17:20:05,959][flwr][INFO] - 	       [ 44,   3,   1,   3,   5,  16,   1,   4,   2, 930]])),
[2024-07-08 17:20:05,959][flwr][INFO] - 	                      (9,
[2024-07-08 17:20:05,959][flwr][INFO] - 	                       array([[893,  70,   0,   1,   0,   1,   3,   7,   2,   3],
[2024-07-08 17:20:05,959][flwr][INFO] - 	       [  0, 757, 366,   4,   0,   1,   1,   2,   2,   2],
[2024-07-08 17:20:05,959][flwr][INFO] - 	       [  1,   3, 151, 856,   2,   3,   0,   4,  11,   1],
[2024-07-08 17:20:05,959][flwr][INFO] - 	       [  1,   1,   0, 798, 164,   6,   0,   1,  11,  28],
[2024-07-08 17:20:05,959][flwr][INFO] - 	       [  1,   0,   2,   4, 273, 660,   5,   5,   1,  31],
[2024-07-08 17:20:05,960][flwr][INFO] - 	       [  2,   1,   0,  10,   5, 313, 550,   0,   1,  10],
[2024-07-08 17:20:05,960][flwr][INFO] - 	       [  0,   8,   2,   0,   2,   4, 595, 341,   3,   3],
[2024-07-08 17:20:05,960][flwr][INFO] - 	       [  5,   2,   6,  21,   1,   1,   0, 449, 537,   6],
[2024-07-08 17:20:05,960][flwr][INFO] - 	       [  1,   3,   1,   7,   3,   2,   6,   0, 554, 397],
[2024-07-08 17:20:05,960][flwr][INFO] - 	       [ 27,   3,   1,   3,   4,  17,   1,   6,   1, 946]])),
[2024-07-08 17:20:05,960][flwr][INFO] - 	                      (10,
[2024-07-08 17:20:05,960][flwr][INFO] - 	                       array([[856, 111,   0,   0,   0,   1,   4,   4,   1,   3],
[2024-07-08 17:20:05,960][flwr][INFO] - 	       [  0, 720, 406,   3,   0,   0,   1,   3,   0,   2],
[2024-07-08 17:20:05,960][flwr][INFO] - 	       [  2,   3, 381, 629,   2,   1,   1,   8,   3,   2],
[2024-07-08 17:20:05,960][flwr][INFO] - 	       [  2,   0,   0, 667, 302,   5,   0,   1,   9,  24],
[2024-07-08 17:20:05,960][flwr][INFO] - 	       [  1,   0,   3,   4, 234, 698,   6,   5,   3,  28],
[2024-07-08 17:20:05,960][flwr][INFO] - 	       [  3,   2,   0,  10,   6, 174, 686,   0,   3,   8],
[2024-07-08 17:20:05,960][flwr][INFO] - 	       [  0,   7,   3,   0,   0,   3, 738, 205,   2,   0],
[2024-07-08 17:20:05,960][flwr][INFO] - 	       [  5,   2,   6,  25,   0,   0,   0, 671, 312,   7],
[2024-07-08 17:20:05,960][flwr][INFO] - 	       [  2,   4,   2,   6,   2,   2,   8,   1, 561, 386],
[2024-07-08 17:20:05,960][flwr][INFO] - 	       [ 46,   4,   1,   3,   5,  12,   1,   6,   1, 930]]))],
[2024-07-08 17:20:05,960][flwr][INFO] - 	 'f1': [(0, 0.03553137346181725),
[2024-07-08 17:20:05,960][flwr][INFO] - 	        (1, 0.29115539456085643),
[2024-07-08 17:20:05,960][flwr][INFO] - 	        (2, 0.3796861605272394),
[2024-07-08 17:20:05,960][flwr][INFO] - 	        (3, 0.39604502811591047),
[2024-07-08 17:20:05,960][flwr][INFO] - 	        (4, 0.33197408725796856),
[2024-07-08 17:20:05,960][flwr][INFO] - 	        (5, 0.3810877793443523),
[2024-07-08 17:20:05,960][flwr][INFO] - 	        (6, 0.48559296280646175),
[2024-07-08 17:20:05,960][flwr][INFO] - 	        (7, 0.500163987464371),
[2024-07-08 17:20:05,960][flwr][INFO] - 	        (8, 0.4710885260117086),
[2024-07-08 17:20:05,960][flwr][INFO] - 	        (9, 0.5580527171162952),
[2024-07-08 17:20:05,960][flwr][INFO] - 	        (10, 0.5849888817158616)],
[2024-07-08 17:20:05,960][flwr][INFO] - 	 'precision': [(0, 0.12349967530374152),
[2024-07-08 17:20:05,960][flwr][INFO] - 	               (1, 0.2650820940522396),
[2024-07-08 17:20:05,961][flwr][INFO] - 	               (2, 0.3645547975653532),
[2024-07-08 17:20:05,961][flwr][INFO] - 	               (3, 0.4576295802563115),
[2024-07-08 17:20:05,961][flwr][INFO] - 	               (4, 0.4037958162808428),
[2024-07-08 17:20:05,961][flwr][INFO] - 	               (5, 0.4307634084355619),
[2024-07-08 17:20:05,961][flwr][INFO] - 	               (6, 0.5435696664353994),
[2024-07-08 17:20:05,961][flwr][INFO] - 	               (7, 0.5403882617922869),
[2024-07-08 17:20:05,961][flwr][INFO] - 	               (8, 0.50403331302644),
[2024-07-08 17:20:05,961][flwr][INFO] - 	               (9, 0.5794952400116062),
[2024-07-08 17:20:05,961][flwr][INFO] - 	               (10, 0.5991412227572694)],
[2024-07-08 17:20:05,961][flwr][INFO] - 	 'recall': [(0, 0.1086),
[2024-07-08 17:20:05,961][flwr][INFO] - 	            (1, 0.3521),
[2024-07-08 17:20:05,961][flwr][INFO] - 	            (2, 0.4509),
[2024-07-08 17:20:05,961][flwr][INFO] - 	            (3, 0.4497),
[2024-07-08 17:20:05,961][flwr][INFO] - 	            (4, 0.3868),
[2024-07-08 17:20:05,961][flwr][INFO] - 	            (5, 0.4359),
[2024-07-08 17:20:05,961][flwr][INFO] - 	            (6, 0.5051),
[2024-07-08 17:20:05,961][flwr][INFO] - 	            (7, 0.5199),
[2024-07-08 17:20:05,961][flwr][INFO] - 	            (8, 0.4898),
[2024-07-08 17:20:05,961][flwr][INFO] - 	            (9, 0.5729),
[2024-07-08 17:20:05,961][flwr][INFO] - 	            (10, 0.5932)]}
[2024-07-08 17:20:05,961][flwr][INFO] - 
