[2024-06-19 19:35:52,819][flwr][INFO] - Starting Flower simulation, config: num_rounds=10, no round_timeout
[2024-06-19 19:35:54,859][flwr][INFO] - Flower VCE: Ray initialized with resources: {'memory': 8755501466.0, 'object_store_memory': 2147483648.0, 'CPU': 12.0, 'node:127.0.0.1': 1.0, 'node:__internal_head__': 1.0}
[2024-06-19 19:35:54,859][flwr][INFO] - Optimize your simulation with Flower VCE: https://flower.ai/docs/framework/how-to-run-simulations.html
[2024-06-19 19:35:54,859][flwr][INFO] - Flower VCE: Resources for each Virtual Client: {'num_cpus': 2, 'num_gpus': 0}
[2024-06-19 19:35:54,866][flwr][INFO] - Flower VCE: Creating VirtualClientEngineActorPool with 6 actors
[2024-06-19 19:35:54,866][flwr][INFO] - [INIT]
[2024-06-19 19:35:54,866][flwr][INFO] - Requesting initial parameters from one random client
[2024-06-19 19:35:56,833][flwr][INFO] - Received initial parameters from one random client
[2024-06-19 19:35:56,834][flwr][INFO] - Evaluating initial global parameters
[2024-06-19 19:35:57,276][flwr][INFO] - initial parameters (loss, other metrics): 181.76928067207336, {'accuracy': 0.1086, 'precision': 0.12349967530374152, 'recall': 0.1086, 'f1': 0.03553137346181725, 'confusion_matrix': array([[   0,    8,    0,  956,    0,    1,    0,   15,    0,    0],
       [   0,  122,    0, 1013,    0,    0,    0,    0,    0,    0],
       [   0,   38,    0,  971,    0,    0,    3,   19,    1,    0],
       [   0,   44,    0,  945,    1,    1,    0,   17,    2,    0],
       [   0,  143,    0,  816,    1,    0,    2,   20,    0,    0],
       [   0,  118,    0,  735,    1,    7,    0,   30,    1,    0],
       [   0,  144,    0,  749,   25,    0,    2,   38,    0,    0],
       [   0,  272,    0,  724,    8,    0,    0,    9,   15,    0],
       [   0,   81,    0,  859,    1,    0,    1,   32,    0,    0],
       [   0,  178,    0,  799,    1,    0,    0,   31,    0,    0]])}
[2024-06-19 19:35:57,277][flwr][INFO] - 
[2024-06-19 19:35:57,277][flwr][INFO] - [ROUND 1]
[2024-06-19 19:35:57,277][flwr][INFO] - configure_fit: strategy sampled 10 clients (out of 100)
[2024-06-19 19:36:04,121][flwr][INFO] - aggregate_fit: received 10 results and 0 failures
[2024-06-19 19:36:04,130][flwr][WARNING] - No fit_metrics_aggregation_fn provided
[2024-06-19 19:36:04,572][flwr][INFO] - fit progress: (1, 73.81616395711899, {'accuracy': 0.7535, 'precision': 0.7804473277849266, 'recall': 0.7535, 'f1': 0.7480318309053938, 'confusion_matrix': array([[ 839,    0,   66,   12,    0,    7,   45,    9,    2,    0],
       [   0, 1110,   20,    0,    0,    0,    1,    0,    4,    0],
       [   4,   20,  950,   12,    7,    0,   10,   16,    6,    7],
       [   3,   25,  192,  699,    0,   12,    2,   24,   40,   13],
       [   0,   21,   38,    0,  692,    0,   27,    5,    1,  198],
       [   7,   41,   98,  178,   24,  367,   27,   44,   95,   11],
       [   6,   13,  126,    1,    9,   10,  791,    1,    1,    0],
       [   0,   41,   45,    0,    6,    0,    0,  916,    1,   19],
       [   7,   68,  222,   97,    8,   13,    6,   34,  471,   48],
       [  10,   23,   10,    5,   29,    3,    3,  216,   10,  700]])}, 7.294932332999999)
[2024-06-19 19:36:04,572][flwr][INFO] - configure_evaluate: no clients selected, skipping evaluation
[2024-06-19 19:36:04,572][flwr][INFO] - 
[2024-06-19 19:36:04,572][flwr][INFO] - [ROUND 2]
[2024-06-19 19:36:04,573][flwr][INFO] - configure_fit: strategy sampled 10 clients (out of 100)
[2024-06-19 19:36:09,867][flwr][INFO] - aggregate_fit: received 10 results and 0 failures
[2024-06-19 19:36:10,332][flwr][INFO] - fit progress: (2, 33.211351819336414, {'accuracy': 0.8859, 'precision': 0.8862065729192813, 'recall': 0.8859, 'f1': 0.8847906818415157, 'confusion_matrix': array([[ 950,    0,    7,    3,    0,    4,   11,    1,    4,    0],
       [   0, 1108,   10,    3,    0,    0,    3,    0,   11,    0],
       [  11,   10,  894,   27,   16,    1,   21,   14,   25,   13],
       [   3,    6,   37,  886,    1,   19,    2,   19,   29,    8],
       [   0,    8,    6,    0,  893,    0,   13,    1,    6,   55],
       [  19,   12,   13,   78,   28,  647,   19,   21,   46,    9],
       [  17,    9,    6,    0,   10,   17,  897,    0,    2,    0],
       [   2,   23,   27,    1,    7,    0,    0,  921,    6,   41],
       [   6,   21,   25,   48,   13,   13,   12,   11,  796,   29],
       [  10,   10,    4,    7,   54,    3,    1,   36,   17,  867]])}, 13.055010707999998)
[2024-06-19 19:36:10,332][flwr][INFO] - configure_evaluate: no clients selected, skipping evaluation
[2024-06-19 19:36:10,333][flwr][INFO] - 
[2024-06-19 19:36:10,333][flwr][INFO] - [ROUND 3]
[2024-06-19 19:36:10,333][flwr][INFO] - configure_fit: strategy sampled 10 clients (out of 100)
[2024-06-19 19:36:15,709][flwr][INFO] - aggregate_fit: received 10 results and 0 failures
[2024-06-19 19:36:16,173][flwr][INFO] - fit progress: (3, 26.820657644420862, {'accuracy': 0.9071, 'precision': 0.907160955362307, 'recall': 0.9071, 'f1': 0.9068613513083142, 'confusion_matrix': array([[ 952,    0,    3,    1,    0,    6,   15,    1,    2,    0],
       [   0, 1098,    4,    4,    1,    3,    4,    0,   21,    0],
       [  11,    9,  908,   13,   17,    2,   18,   13,   34,    7],
       [   5,    3,   36,  883,    0,   26,    3,   15,   30,    9],
       [   0,    2,    5,    0,  889,    0,   20,    0,    3,   63],
       [  17,    3,    8,   37,   14,  757,   16,   10,   24,    6],
       [  11,    3,    3,    0,   10,   15,  914,    0,    2,    0],
       [   2,   17,   28,    3,    6,    0,    0,  926,    4,   42],
       [   6,    6,   13,   27,   13,   28,   17,    7,  836,   21],
       [  15,    5,    5,    7,   31,    8,    1,   18,   11,  908]])}, 18.895999208)
[2024-06-19 19:36:16,173][flwr][INFO] - configure_evaluate: no clients selected, skipping evaluation
[2024-06-19 19:36:16,173][flwr][INFO] - 
[2024-06-19 19:36:16,174][flwr][INFO] - [ROUND 4]
[2024-06-19 19:36:16,174][flwr][INFO] - configure_fit: strategy sampled 10 clients (out of 100)
[2024-06-19 19:36:21,438][flwr][INFO] - aggregate_fit: received 10 results and 0 failures
[2024-06-19 19:36:21,888][flwr][INFO] - fit progress: (4, 24.556696839630604, {'accuracy': 0.9096, 'precision': 0.9101361306975044, 'recall': 0.9096, 'f1': 0.9091155247815784, 'confusion_matrix': array([[ 961,    0,    1,    2,    0,    8,    6,    1,    1,    0],
       [   0, 1113,    3,    5,    0,    3,    4,    0,    7,    0],
       [  12,    6,  907,   40,   16,    1,   19,   15,   14,    2],
       [   3,    3,   16,  922,    0,   29,    1,   19,   12,    5],
       [   1,    4,    5,    0,  911,    2,   14,    0,    3,   42],
       [  12,    4,    5,   47,    9,  770,   12,   10,   17,    6],
       [  18,    4,    3,    0,    8,   20,  903,    1,    1,    0],
       [   2,   15,   27,    5,    6,    0,    0,  937,    1,   35],
       [  10,   11,   14,   52,    9,   54,   15,   11,  777,   21],
       [  13,    5,    3,   12,   45,   11,    1,   20,    4,  895]])}, 24.611720416)
[2024-06-19 19:36:21,889][flwr][INFO] - configure_evaluate: no clients selected, skipping evaluation
[2024-06-19 19:36:21,889][flwr][INFO] - 
[2024-06-19 19:36:21,889][flwr][INFO] - [ROUND 5]
[2024-06-19 19:36:21,889][flwr][INFO] - configure_fit: strategy sampled 10 clients (out of 100)
[2024-06-19 19:36:27,093][flwr][INFO] - aggregate_fit: received 10 results and 0 failures
[2024-06-19 19:36:27,538][flwr][INFO] - fit progress: (5, 21.969539031386375, {'accuracy': 0.9189, 'precision': 0.9190585085520172, 'recall': 0.9189, 'f1': 0.9185890082628284, 'confusion_matrix': array([[ 958,    0,    2,    1,    0,    4,   11,    1,    3,    0],
       [   0, 1118,    4,    2,    0,    0,    3,    1,    7,    0],
       [  12,    5,  929,   13,   14,    0,   14,   17,   22,    6],
       [   4,    4,   22,  905,    1,   19,    2,   20,   19,   14],
       [   0,    4,    5,    0,  895,    0,   15,    0,    4,   59],
       [  16,    5,    7,   35,   12,  752,   11,   14,   29,   11],
       [  10,    4,    3,    0,    7,   17,  914,    0,    3,    0],
       [   1,   17,   24,    4,    6,    0,    0,  940,    0,   36],
       [   5,   13,   10,   18,   12,   15,   12,   10,  856,   23],
       [  14,    6,    1,   10,   34,    4,    1,   12,    5,  922]])}, 30.261617666)
[2024-06-19 19:36:27,539][flwr][INFO] - configure_evaluate: no clients selected, skipping evaluation
[2024-06-19 19:36:27,539][flwr][INFO] - 
[2024-06-19 19:36:27,539][flwr][INFO] - [ROUND 6]
[2024-06-19 19:36:27,539][flwr][INFO] - configure_fit: strategy sampled 10 clients (out of 100)
[2024-06-19 19:36:32,933][flwr][INFO] - aggregate_fit: received 10 results and 0 failures
[2024-06-19 19:36:33,396][flwr][INFO] - fit progress: (6, 20.967835564166307, {'accuracy': 0.926, 'precision': 0.9262811335861229, 'recall': 0.926, 'f1': 0.9259350111885033, 'confusion_matrix': array([[ 960,    0,    0,    1,    0,    4,    9,    1,    5,    0],
       [   0, 1104,    4,    3,    1,    0,    3,    2,   18,    0],
       [  11,    2,  948,   16,   13,    0,   11,   11,   19,    1],
       [   5,    1,   21,  925,    0,   25,    0,   12,   17,    4],
       [   0,    3,    4,    1,  895,    1,   16,    0,   10,   52],
       [  15,    2,    5,   32,    6,  787,   10,    4,   25,    6],
       [  10,    3,    2,    1,    6,   15,  915,    0,    6,    0],
       [   6,    8,   43,    8,    5,    1,    0,  924,    1,   32],
       [   5,    4,    6,   28,    7,   15,   11,    6,  879,   13],
       [  11,    5,    1,   12,   26,    7,    1,   10,   13,  923]])}, 36.119513749999996)
[2024-06-19 19:36:33,397][flwr][INFO] - configure_evaluate: no clients selected, skipping evaluation
[2024-06-19 19:36:33,397][flwr][INFO] - 
[2024-06-19 19:36:33,397][flwr][INFO] - [ROUND 7]
[2024-06-19 19:36:33,397][flwr][INFO] - configure_fit: strategy sampled 10 clients (out of 100)
[2024-06-19 19:36:38,902][flwr][INFO] - aggregate_fit: received 10 results and 0 failures
[2024-06-19 19:36:39,374][flwr][INFO] - fit progress: (7, 19.415703119710088, {'accuracy': 0.9311, 'precision': 0.9313620996910101, 'recall': 0.9311, 'f1': 0.931049836184482, 'confusion_matrix': array([[ 963,    0,    0,    1,    0,    5,    8,    1,    2,    0],
       [   0, 1114,    4,    2,    1,    0,    3,    1,   10,    0],
       [  11,    3,  933,   16,   17,    1,   10,   16,   19,    6],
       [   3,    0,   14,  919,    0,   30,    1,    9,   25,    9],
       [   0,    1,    3,    1,  929,    0,   12,    1,    4,   31],
       [   8,    1,    3,   21,    8,  814,    7,    6,   19,    5],
       [  11,    3,    2,    0,   11,   22,  906,    0,    3,    0],
       [   2,   10,   21,    7,    7,    1,    0,  944,    0,   36],
       [   3,    4,    4,   17,   11,   34,   11,    5,  867,   18],
       [  11,    4,    2,    6,   40,    6,    1,    7,   10,  922]])}, 42.097767333)
[2024-06-19 19:36:39,375][flwr][INFO] - configure_evaluate: no clients selected, skipping evaluation
[2024-06-19 19:36:39,375][flwr][INFO] - 
[2024-06-19 19:36:39,375][flwr][INFO] - [ROUND 8]
[2024-06-19 19:36:39,376][flwr][INFO] - configure_fit: strategy sampled 10 clients (out of 100)
[2024-06-19 19:36:46,142][flwr][INFO] - aggregate_fit: received 10 results and 0 failures
[2024-06-19 19:36:46,594][flwr][INFO] - fit progress: (8, 18.648867255076766, {'accuracy': 0.9302, 'precision': 0.9312378936326673, 'recall': 0.9302, 'f1': 0.9301583326652326, 'confusion_matrix': array([[ 966,    0,    1,    1,    0,    4,    4,    1,    3,    0],
       [   0, 1115,    5,    1,    0,    0,    3,    0,   10,    1],
       [   9,    5,  973,    3,    8,    0,    8,    9,   12,    5],
       [   5,    3,   38,  888,    0,   22,    0,   10,   32,   12],
       [   0,    2,    6,    0,  905,    0,   11,    0,    4,   54],
       [  12,    3,    6,   17,    6,  804,    8,    6,   24,    6],
       [  13,    3,    2,    0,    8,   21,  905,    0,    6,    0],
       [   2,   15,   33,    5,    5,    0,    0,  914,    0,   54],
       [   4,    4,   12,   14,   10,   17,    9,    3,  888,   13],
       [   8,    7,    2,    4,   21,    3,    1,    4,   15,  944]])}, 49.317411207999996)
[2024-06-19 19:36:46,595][flwr][INFO] - configure_evaluate: no clients selected, skipping evaluation
[2024-06-19 19:36:46,595][flwr][INFO] - 
[2024-06-19 19:36:46,595][flwr][INFO] - [ROUND 9]
[2024-06-19 19:36:46,595][flwr][INFO] - configure_fit: strategy sampled 10 clients (out of 100)
[2024-06-19 19:36:51,895][flwr][INFO] - aggregate_fit: received 10 results and 0 failures
[2024-06-19 19:36:52,349][flwr][INFO] - fit progress: (9, 16.612457818351686, {'accuracy': 0.9387, 'precision': 0.9387708277643054, 'recall': 0.9387, 'f1': 0.9386285843370413, 'confusion_matrix': array([[ 967,    0,    1,    1,    0,    4,    4,    1,    2,    0],
       [   0, 1111,    4,    2,    0,    0,    3,    2,   13,    0],
       [  11,    2,  966,    9,    8,    1,    9,   14,   10,    2],
       [   3,    1,   17,  928,    1,   23,    1,   13,   16,    7],
       [   1,    1,    4,    1,  916,    0,   11,    1,    2,   45],
       [  10,    1,    2,   19,    4,  820,   12,    6,   12,    6],
       [  14,    3,    2,    0,   10,   19,  908,    1,    1,    0],
       [   0,    7,   23,    6,    4,    0,    0,  962,    0,   26],
       [   7,    4,    5,   16,   10,   24,   10,    8,  874,   16],
       [  10,    5,    1,    8,   24,    7,    1,   10,    8,  935]])}, 55.072473333)
[2024-06-19 19:36:52,350][flwr][INFO] - configure_evaluate: no clients selected, skipping evaluation
[2024-06-19 19:36:52,350][flwr][INFO] - 
[2024-06-19 19:36:52,350][flwr][INFO] - [ROUND 10]
[2024-06-19 19:36:52,350][flwr][INFO] - configure_fit: strategy sampled 10 clients (out of 100)
[2024-06-19 19:36:57,683][flwr][INFO] - aggregate_fit: received 10 results and 0 failures
[2024-06-19 19:36:58,130][flwr][INFO] - fit progress: (10, 16.322906187735498, {'accuracy': 0.942, 'precision': 0.942505731382744, 'recall': 0.942, 'f1': 0.9419560019320942, 'confusion_matrix': array([[ 971,    0,    1,    2,    0,    3,    1,    1,    1,    0],
       [   0, 1120,    3,    3,    0,    0,    3,    0,    6,    0],
       [  14,    2,  961,   21,    7,    1,    5,   10,    9,    2],
       [   1,    1,    7,  956,    1,   18,    0,    9,    9,    8],
       [   1,    2,    6,    0,  903,    0,   10,    1,    4,   55],
       [  12,    2,    3,   26,    5,  817,    6,    2,   13,    6],
       [  15,    3,    2,    0,    7,   11,  914,    1,    5,    0],
       [   3,   13,   21,    7,    3,    0,    0,  953,    0,   28],
       [  11,    4,    4,   27,    8,   10,    6,    7,  883,   14],
       [  11,    7,    0,   10,   19,    5,    1,    9,    5,  942]])}, 60.853119207999995)
[2024-06-19 19:36:58,130][flwr][INFO] - configure_evaluate: no clients selected, skipping evaluation
[2024-06-19 19:36:58,130][flwr][INFO] - 
[2024-06-19 19:36:58,130][flwr][INFO] - [SUMMARY]
[2024-06-19 19:36:58,130][flwr][INFO] - Run finished 10 round(s) in 60.85s
[2024-06-19 19:36:58,135][flwr][INFO] - 	History (loss, centralized):
[2024-06-19 19:36:58,136][flwr][INFO] - 		round 0: 181.76928067207336
[2024-06-19 19:36:58,136][flwr][INFO] - 		round 1: 73.81616395711899
[2024-06-19 19:36:58,136][flwr][INFO] - 		round 2: 33.211351819336414
[2024-06-19 19:36:58,136][flwr][INFO] - 		round 3: 26.820657644420862
[2024-06-19 19:36:58,136][flwr][INFO] - 		round 4: 24.556696839630604
[2024-06-19 19:36:58,136][flwr][INFO] - 		round 5: 21.969539031386375
[2024-06-19 19:36:58,136][flwr][INFO] - 		round 6: 20.967835564166307
[2024-06-19 19:36:58,136][flwr][INFO] - 		round 7: 19.415703119710088
[2024-06-19 19:36:58,136][flwr][INFO] - 		round 8: 18.648867255076766
[2024-06-19 19:36:58,136][flwr][INFO] - 		round 9: 16.612457818351686
[2024-06-19 19:36:58,136][flwr][INFO] - 		round 10: 16.322906187735498
[2024-06-19 19:36:58,136][flwr][INFO] - 	History (metrics, centralized):
[2024-06-19 19:36:58,136][flwr][INFO] - 	{'accuracy': [(0, 0.1086),
[2024-06-19 19:36:58,136][flwr][INFO] - 	              (1, 0.7535),
[2024-06-19 19:36:58,136][flwr][INFO] - 	              (2, 0.8859),
[2024-06-19 19:36:58,136][flwr][INFO] - 	              (3, 0.9071),
[2024-06-19 19:36:58,136][flwr][INFO] - 	              (4, 0.9096),
[2024-06-19 19:36:58,136][flwr][INFO] - 	              (5, 0.9189),
[2024-06-19 19:36:58,136][flwr][INFO] - 	              (6, 0.926),
[2024-06-19 19:36:58,136][flwr][INFO] - 	              (7, 0.9311),
[2024-06-19 19:36:58,136][flwr][INFO] - 	              (8, 0.9302),
[2024-06-19 19:36:58,136][flwr][INFO] - 	              (9, 0.9387),
[2024-06-19 19:36:58,136][flwr][INFO] - 	              (10, 0.942)],
[2024-06-19 19:36:58,136][flwr][INFO] - 	 'confusion_matrix': [(0,
[2024-06-19 19:36:58,136][flwr][INFO] - 	                       array([[   0,    8,    0,  956,    0,    1,    0,   15,    0,    0],
[2024-06-19 19:36:58,136][flwr][INFO] - 	       [   0,  122,    0, 1013,    0,    0,    0,    0,    0,    0],
[2024-06-19 19:36:58,136][flwr][INFO] - 	       [   0,   38,    0,  971,    0,    0,    3,   19,    1,    0],
[2024-06-19 19:36:58,136][flwr][INFO] - 	       [   0,   44,    0,  945,    1,    1,    0,   17,    2,    0],
[2024-06-19 19:36:58,136][flwr][INFO] - 	       [   0,  143,    0,  816,    1,    0,    2,   20,    0,    0],
[2024-06-19 19:36:58,137][flwr][INFO] - 	       [   0,  118,    0,  735,    1,    7,    0,   30,    1,    0],
[2024-06-19 19:36:58,137][flwr][INFO] - 	       [   0,  144,    0,  749,   25,    0,    2,   38,    0,    0],
[2024-06-19 19:36:58,137][flwr][INFO] - 	       [   0,  272,    0,  724,    8,    0,    0,    9,   15,    0],
[2024-06-19 19:36:58,137][flwr][INFO] - 	       [   0,   81,    0,  859,    1,    0,    1,   32,    0,    0],
[2024-06-19 19:36:58,137][flwr][INFO] - 	       [   0,  178,    0,  799,    1,    0,    0,   31,    0,    0]])),
[2024-06-19 19:36:58,137][flwr][INFO] - 	                      (1,
[2024-06-19 19:36:58,137][flwr][INFO] - 	                       array([[ 839,    0,   66,   12,    0,    7,   45,    9,    2,    0],
[2024-06-19 19:36:58,137][flwr][INFO] - 	       [   0, 1110,   20,    0,    0,    0,    1,    0,    4,    0],
[2024-06-19 19:36:58,137][flwr][INFO] - 	       [   4,   20,  950,   12,    7,    0,   10,   16,    6,    7],
[2024-06-19 19:36:58,137][flwr][INFO] - 	       [   3,   25,  192,  699,    0,   12,    2,   24,   40,   13],
[2024-06-19 19:36:58,137][flwr][INFO] - 	       [   0,   21,   38,    0,  692,    0,   27,    5,    1,  198],
[2024-06-19 19:36:58,137][flwr][INFO] - 	       [   7,   41,   98,  178,   24,  367,   27,   44,   95,   11],
[2024-06-19 19:36:58,137][flwr][INFO] - 	       [   6,   13,  126,    1,    9,   10,  791,    1,    1,    0],
[2024-06-19 19:36:58,137][flwr][INFO] - 	       [   0,   41,   45,    0,    6,    0,    0,  916,    1,   19],
[2024-06-19 19:36:58,137][flwr][INFO] - 	       [   7,   68,  222,   97,    8,   13,    6,   34,  471,   48],
[2024-06-19 19:36:58,137][flwr][INFO] - 	       [  10,   23,   10,    5,   29,    3,    3,  216,   10,  700]])),
[2024-06-19 19:36:58,137][flwr][INFO] - 	                      (2,
[2024-06-19 19:36:58,137][flwr][INFO] - 	                       array([[ 950,    0,    7,    3,    0,    4,   11,    1,    4,    0],
[2024-06-19 19:36:58,137][flwr][INFO] - 	       [   0, 1108,   10,    3,    0,    0,    3,    0,   11,    0],
[2024-06-19 19:36:58,137][flwr][INFO] - 	       [  11,   10,  894,   27,   16,    1,   21,   14,   25,   13],
[2024-06-19 19:36:58,137][flwr][INFO] - 	       [   3,    6,   37,  886,    1,   19,    2,   19,   29,    8],
[2024-06-19 19:36:58,137][flwr][INFO] - 	       [   0,    8,    6,    0,  893,    0,   13,    1,    6,   55],
[2024-06-19 19:36:58,137][flwr][INFO] - 	       [  19,   12,   13,   78,   28,  647,   19,   21,   46,    9],
[2024-06-19 19:36:58,137][flwr][INFO] - 	       [  17,    9,    6,    0,   10,   17,  897,    0,    2,    0],
[2024-06-19 19:36:58,137][flwr][INFO] - 	       [   2,   23,   27,    1,    7,    0,    0,  921,    6,   41],
[2024-06-19 19:36:58,137][flwr][INFO] - 	       [   6,   21,   25,   48,   13,   13,   12,   11,  796,   29],
[2024-06-19 19:36:58,137][flwr][INFO] - 	       [  10,   10,    4,    7,   54,    3,    1,   36,   17,  867]])),
[2024-06-19 19:36:58,137][flwr][INFO] - 	                      (3,
[2024-06-19 19:36:58,137][flwr][INFO] - 	                       array([[ 952,    0,    3,    1,    0,    6,   15,    1,    2,    0],
[2024-06-19 19:36:58,137][flwr][INFO] - 	       [   0, 1098,    4,    4,    1,    3,    4,    0,   21,    0],
[2024-06-19 19:36:58,137][flwr][INFO] - 	       [  11,    9,  908,   13,   17,    2,   18,   13,   34,    7],
[2024-06-19 19:36:58,137][flwr][INFO] - 	       [   5,    3,   36,  883,    0,   26,    3,   15,   30,    9],
[2024-06-19 19:36:58,137][flwr][INFO] - 	       [   0,    2,    5,    0,  889,    0,   20,    0,    3,   63],
[2024-06-19 19:36:58,137][flwr][INFO] - 	       [  17,    3,    8,   37,   14,  757,   16,   10,   24,    6],
[2024-06-19 19:36:58,137][flwr][INFO] - 	       [  11,    3,    3,    0,   10,   15,  914,    0,    2,    0],
[2024-06-19 19:36:58,138][flwr][INFO] - 	       [   2,   17,   28,    3,    6,    0,    0,  926,    4,   42],
[2024-06-19 19:36:58,138][flwr][INFO] - 	       [   6,    6,   13,   27,   13,   28,   17,    7,  836,   21],
[2024-06-19 19:36:58,138][flwr][INFO] - 	       [  15,    5,    5,    7,   31,    8,    1,   18,   11,  908]])),
[2024-06-19 19:36:58,138][flwr][INFO] - 	                      (4,
[2024-06-19 19:36:58,138][flwr][INFO] - 	                       array([[ 961,    0,    1,    2,    0,    8,    6,    1,    1,    0],
[2024-06-19 19:36:58,138][flwr][INFO] - 	       [   0, 1113,    3,    5,    0,    3,    4,    0,    7,    0],
[2024-06-19 19:36:58,138][flwr][INFO] - 	       [  12,    6,  907,   40,   16,    1,   19,   15,   14,    2],
[2024-06-19 19:36:58,138][flwr][INFO] - 	       [   3,    3,   16,  922,    0,   29,    1,   19,   12,    5],
[2024-06-19 19:36:58,138][flwr][INFO] - 	       [   1,    4,    5,    0,  911,    2,   14,    0,    3,   42],
[2024-06-19 19:36:58,138][flwr][INFO] - 	       [  12,    4,    5,   47,    9,  770,   12,   10,   17,    6],
[2024-06-19 19:36:58,138][flwr][INFO] - 	       [  18,    4,    3,    0,    8,   20,  903,    1,    1,    0],
[2024-06-19 19:36:58,138][flwr][INFO] - 	       [   2,   15,   27,    5,    6,    0,    0,  937,    1,   35],
[2024-06-19 19:36:58,138][flwr][INFO] - 	       [  10,   11,   14,   52,    9,   54,   15,   11,  777,   21],
[2024-06-19 19:36:58,138][flwr][INFO] - 	       [  13,    5,    3,   12,   45,   11,    1,   20,    4,  895]])),
[2024-06-19 19:36:58,138][flwr][INFO] - 	                      (5,
[2024-06-19 19:36:58,138][flwr][INFO] - 	                       array([[ 958,    0,    2,    1,    0,    4,   11,    1,    3,    0],
[2024-06-19 19:36:58,138][flwr][INFO] - 	       [   0, 1118,    4,    2,    0,    0,    3,    1,    7,    0],
[2024-06-19 19:36:58,138][flwr][INFO] - 	       [  12,    5,  929,   13,   14,    0,   14,   17,   22,    6],
[2024-06-19 19:36:58,138][flwr][INFO] - 	       [   4,    4,   22,  905,    1,   19,    2,   20,   19,   14],
[2024-06-19 19:36:58,138][flwr][INFO] - 	       [   0,    4,    5,    0,  895,    0,   15,    0,    4,   59],
[2024-06-19 19:36:58,138][flwr][INFO] - 	       [  16,    5,    7,   35,   12,  752,   11,   14,   29,   11],
[2024-06-19 19:36:58,138][flwr][INFO] - 	       [  10,    4,    3,    0,    7,   17,  914,    0,    3,    0],
[2024-06-19 19:36:58,138][flwr][INFO] - 	       [   1,   17,   24,    4,    6,    0,    0,  940,    0,   36],
[2024-06-19 19:36:58,138][flwr][INFO] - 	       [   5,   13,   10,   18,   12,   15,   12,   10,  856,   23],
[2024-06-19 19:36:58,138][flwr][INFO] - 	       [  14,    6,    1,   10,   34,    4,    1,   12,    5,  922]])),
[2024-06-19 19:36:58,138][flwr][INFO] - 	                      (6,
[2024-06-19 19:36:58,138][flwr][INFO] - 	                       array([[ 960,    0,    0,    1,    0,    4,    9,    1,    5,    0],
[2024-06-19 19:36:58,138][flwr][INFO] - 	       [   0, 1104,    4,    3,    1,    0,    3,    2,   18,    0],
[2024-06-19 19:36:58,138][flwr][INFO] - 	       [  11,    2,  948,   16,   13,    0,   11,   11,   19,    1],
[2024-06-19 19:36:58,138][flwr][INFO] - 	       [   5,    1,   21,  925,    0,   25,    0,   12,   17,    4],
[2024-06-19 19:36:58,138][flwr][INFO] - 	       [   0,    3,    4,    1,  895,    1,   16,    0,   10,   52],
[2024-06-19 19:36:58,138][flwr][INFO] - 	       [  15,    2,    5,   32,    6,  787,   10,    4,   25,    6],
[2024-06-19 19:36:58,138][flwr][INFO] - 	       [  10,    3,    2,    1,    6,   15,  915,    0,    6,    0],
[2024-06-19 19:36:58,138][flwr][INFO] - 	       [   6,    8,   43,    8,    5,    1,    0,  924,    1,   32],
[2024-06-19 19:36:58,138][flwr][INFO] - 	       [   5,    4,    6,   28,    7,   15,   11,    6,  879,   13],
[2024-06-19 19:36:58,138][flwr][INFO] - 	       [  11,    5,    1,   12,   26,    7,    1,   10,   13,  923]])),
[2024-06-19 19:36:58,138][flwr][INFO] - 	                      (7,
[2024-06-19 19:36:58,139][flwr][INFO] - 	                       array([[ 963,    0,    0,    1,    0,    5,    8,    1,    2,    0],
[2024-06-19 19:36:58,139][flwr][INFO] - 	       [   0, 1114,    4,    2,    1,    0,    3,    1,   10,    0],
[2024-06-19 19:36:58,139][flwr][INFO] - 	       [  11,    3,  933,   16,   17,    1,   10,   16,   19,    6],
[2024-06-19 19:36:58,139][flwr][INFO] - 	       [   3,    0,   14,  919,    0,   30,    1,    9,   25,    9],
[2024-06-19 19:36:58,139][flwr][INFO] - 	       [   0,    1,    3,    1,  929,    0,   12,    1,    4,   31],
[2024-06-19 19:36:58,139][flwr][INFO] - 	       [   8,    1,    3,   21,    8,  814,    7,    6,   19,    5],
[2024-06-19 19:36:58,139][flwr][INFO] - 	       [  11,    3,    2,    0,   11,   22,  906,    0,    3,    0],
[2024-06-19 19:36:58,139][flwr][INFO] - 	       [   2,   10,   21,    7,    7,    1,    0,  944,    0,   36],
[2024-06-19 19:36:58,139][flwr][INFO] - 	       [   3,    4,    4,   17,   11,   34,   11,    5,  867,   18],
[2024-06-19 19:36:58,139][flwr][INFO] - 	       [  11,    4,    2,    6,   40,    6,    1,    7,   10,  922]])),
[2024-06-19 19:36:58,139][flwr][INFO] - 	                      (8,
[2024-06-19 19:36:58,139][flwr][INFO] - 	                       array([[ 966,    0,    1,    1,    0,    4,    4,    1,    3,    0],
[2024-06-19 19:36:58,139][flwr][INFO] - 	       [   0, 1115,    5,    1,    0,    0,    3,    0,   10,    1],
[2024-06-19 19:36:58,139][flwr][INFO] - 	       [   9,    5,  973,    3,    8,    0,    8,    9,   12,    5],
[2024-06-19 19:36:58,139][flwr][INFO] - 	       [   5,    3,   38,  888,    0,   22,    0,   10,   32,   12],
[2024-06-19 19:36:58,139][flwr][INFO] - 	       [   0,    2,    6,    0,  905,    0,   11,    0,    4,   54],
[2024-06-19 19:36:58,139][flwr][INFO] - 	       [  12,    3,    6,   17,    6,  804,    8,    6,   24,    6],
[2024-06-19 19:36:58,139][flwr][INFO] - 	       [  13,    3,    2,    0,    8,   21,  905,    0,    6,    0],
[2024-06-19 19:36:58,139][flwr][INFO] - 	       [   2,   15,   33,    5,    5,    0,    0,  914,    0,   54],
[2024-06-19 19:36:58,139][flwr][INFO] - 	       [   4,    4,   12,   14,   10,   17,    9,    3,  888,   13],
[2024-06-19 19:36:58,139][flwr][INFO] - 	       [   8,    7,    2,    4,   21,    3,    1,    4,   15,  944]])),
[2024-06-19 19:36:58,139][flwr][INFO] - 	                      (9,
[2024-06-19 19:36:58,139][flwr][INFO] - 	                       array([[ 967,    0,    1,    1,    0,    4,    4,    1,    2,    0],
[2024-06-19 19:36:58,139][flwr][INFO] - 	       [   0, 1111,    4,    2,    0,    0,    3,    2,   13,    0],
[2024-06-19 19:36:58,139][flwr][INFO] - 	       [  11,    2,  966,    9,    8,    1,    9,   14,   10,    2],
[2024-06-19 19:36:58,139][flwr][INFO] - 	       [   3,    1,   17,  928,    1,   23,    1,   13,   16,    7],
[2024-06-19 19:36:58,139][flwr][INFO] - 	       [   1,    1,    4,    1,  916,    0,   11,    1,    2,   45],
[2024-06-19 19:36:58,139][flwr][INFO] - 	       [  10,    1,    2,   19,    4,  820,   12,    6,   12,    6],
[2024-06-19 19:36:58,139][flwr][INFO] - 	       [  14,    3,    2,    0,   10,   19,  908,    1,    1,    0],
[2024-06-19 19:36:58,139][flwr][INFO] - 	       [   0,    7,   23,    6,    4,    0,    0,  962,    0,   26],
[2024-06-19 19:36:58,139][flwr][INFO] - 	       [   7,    4,    5,   16,   10,   24,   10,    8,  874,   16],
[2024-06-19 19:36:58,139][flwr][INFO] - 	       [  10,    5,    1,    8,   24,    7,    1,   10,    8,  935]])),
[2024-06-19 19:36:58,139][flwr][INFO] - 	                      (10,
[2024-06-19 19:36:58,139][flwr][INFO] - 	                       array([[ 971,    0,    1,    2,    0,    3,    1,    1,    1,    0],
[2024-06-19 19:36:58,139][flwr][INFO] - 	       [   0, 1120,    3,    3,    0,    0,    3,    0,    6,    0],
[2024-06-19 19:36:58,139][flwr][INFO] - 	       [  14,    2,  961,   21,    7,    1,    5,   10,    9,    2],
[2024-06-19 19:36:58,140][flwr][INFO] - 	       [   1,    1,    7,  956,    1,   18,    0,    9,    9,    8],
[2024-06-19 19:36:58,140][flwr][INFO] - 	       [   1,    2,    6,    0,  903,    0,   10,    1,    4,   55],
[2024-06-19 19:36:58,140][flwr][INFO] - 	       [  12,    2,    3,   26,    5,  817,    6,    2,   13,    6],
[2024-06-19 19:36:58,140][flwr][INFO] - 	       [  15,    3,    2,    0,    7,   11,  914,    1,    5,    0],
[2024-06-19 19:36:58,140][flwr][INFO] - 	       [   3,   13,   21,    7,    3,    0,    0,  953,    0,   28],
[2024-06-19 19:36:58,140][flwr][INFO] - 	       [  11,    4,    4,   27,    8,   10,    6,    7,  883,   14],
[2024-06-19 19:36:58,140][flwr][INFO] - 	       [  11,    7,    0,   10,   19,    5,    1,    9,    5,  942]]))],
[2024-06-19 19:36:58,140][flwr][INFO] - 	 'f1': [(0, 0.03553137346181725),
[2024-06-19 19:36:58,140][flwr][INFO] - 	        (1, 0.7480318309053938),
[2024-06-19 19:36:58,140][flwr][INFO] - 	        (2, 0.8847906818415157),
[2024-06-19 19:36:58,140][flwr][INFO] - 	        (3, 0.9068613513083142),
[2024-06-19 19:36:58,140][flwr][INFO] - 	        (4, 0.9091155247815784),
[2024-06-19 19:36:58,140][flwr][INFO] - 	        (5, 0.9185890082628284),
[2024-06-19 19:36:58,140][flwr][INFO] - 	        (6, 0.9259350111885033),
[2024-06-19 19:36:58,140][flwr][INFO] - 	        (7, 0.931049836184482),
[2024-06-19 19:36:58,140][flwr][INFO] - 	        (8, 0.9301583326652326),
[2024-06-19 19:36:58,140][flwr][INFO] - 	        (9, 0.9386285843370413),
[2024-06-19 19:36:58,140][flwr][INFO] - 	        (10, 0.9419560019320942)],
[2024-06-19 19:36:58,140][flwr][INFO] - 	 'precision': [(0, 0.12349967530374152),
[2024-06-19 19:36:58,140][flwr][INFO] - 	               (1, 0.7804473277849266),
[2024-06-19 19:36:58,140][flwr][INFO] - 	               (2, 0.8862065729192813),
[2024-06-19 19:36:58,140][flwr][INFO] - 	               (3, 0.907160955362307),
[2024-06-19 19:36:58,140][flwr][INFO] - 	               (4, 0.9101361306975044),
[2024-06-19 19:36:58,140][flwr][INFO] - 	               (5, 0.9190585085520172),
[2024-06-19 19:36:58,140][flwr][INFO] - 	               (6, 0.9262811335861229),
[2024-06-19 19:36:58,140][flwr][INFO] - 	               (7, 0.9313620996910101),
[2024-06-19 19:36:58,140][flwr][INFO] - 	               (8, 0.9312378936326673),
[2024-06-19 19:36:58,140][flwr][INFO] - 	               (9, 0.9387708277643054),
[2024-06-19 19:36:58,140][flwr][INFO] - 	               (10, 0.942505731382744)],
[2024-06-19 19:36:58,140][flwr][INFO] - 	 'recall': [(0, 0.1086),
[2024-06-19 19:36:58,140][flwr][INFO] - 	            (1, 0.7535),
[2024-06-19 19:36:58,140][flwr][INFO] - 	            (2, 0.8859),
[2024-06-19 19:36:58,140][flwr][INFO] - 	            (3, 0.9071),
[2024-06-19 19:36:58,140][flwr][INFO] - 	            (4, 0.9096),
[2024-06-19 19:36:58,141][flwr][INFO] - 	            (5, 0.9189),
[2024-06-19 19:36:58,141][flwr][INFO] - 	            (6, 0.926),
[2024-06-19 19:36:58,141][flwr][INFO] - 	            (7, 0.9311),
[2024-06-19 19:36:58,141][flwr][INFO] - 	            (8, 0.9302),
[2024-06-19 19:36:58,141][flwr][INFO] - 	            (9, 0.9387),
[2024-06-19 19:36:58,141][flwr][INFO] - 	            (10, 0.942)]}
[2024-06-19 19:36:58,141][flwr][INFO] - 
