[2024-06-21 12:53:22,011][flwr][INFO] - Starting Flower simulation, config: num_rounds=10, no round_timeout
[2024-06-21 12:53:25,320][flwr][INFO] - Flower VCE: Ray initialized with resources: {'memory': 9552412672.0, 'node:127.0.0.1': 1.0, 'node:__internal_head__': 1.0, 'CPU': 12.0, 'object_store_memory': 2147483648.0}
[2024-06-21 12:53:25,321][flwr][INFO] - Optimize your simulation with Flower VCE: https://flower.ai/docs/framework/how-to-run-simulations.html
[2024-06-21 12:53:25,321][flwr][INFO] - Flower VCE: Resources for each Virtual Client: {'num_cpus': 2, 'num_gpus': 0}
[2024-06-21 12:53:25,341][flwr][INFO] - Flower VCE: Creating VirtualClientEngineActorPool with 6 actors
[2024-06-21 12:53:25,342][flwr][INFO] - [INIT]
[2024-06-21 12:53:25,342][flwr][INFO] - Requesting initial parameters from one random client
[2024-06-21 12:53:27,676][flwr][INFO] - Received initial parameters from one random client
[2024-06-21 12:53:27,676][flwr][INFO] - Evaluating initial global parameters
[2024-06-21 12:53:27,996][flwr][INFO] - initial parameters (loss, other metrics): 181.76928067207336, {'accuracy': 0.1086, 'precision': 0.12349967530374152, 'recall': 0.1086, 'f1': 0.03553137346181725, 'confusion_matrix': array([[   0,    8,    0,  956,    0,    1,    0,   15,    0,    0],
       [   0,  122,    0, 1013,    0,    0,    0,    0,    0,    0],
       [   0,   38,    0,  971,    0,    0,    3,   19,    1,    0],
       [   0,   44,    0,  945,    1,    1,    0,   17,    2,    0],
       [   0,  143,    0,  816,    1,    0,    2,   20,    0,    0],
       [   0,  118,    0,  735,    1,    7,    0,   30,    1,    0],
       [   0,  144,    0,  749,   25,    0,    2,   38,    0,    0],
       [   0,  272,    0,  724,    8,    0,    0,    9,   15,    0],
       [   0,   81,    0,  859,    1,    0,    1,   32,    0,    0],
       [   0,  178,    0,  799,    1,    0,    0,   31,    0,    0]])}
[2024-06-21 12:53:27,996][flwr][INFO] - 
[2024-06-21 12:53:27,996][flwr][INFO] - [ROUND 1]
[2024-06-21 12:53:27,997][flwr][INFO] - configure_fit: strategy sampled 10 clients (out of 100)
[2024-06-21 12:53:34,373][flwr][INFO] - aggregate_fit: received 10 results and 0 failures
[2024-06-21 12:53:34,379][flwr][WARNING] - No fit_metrics_aggregation_fn provided
[2024-06-21 12:53:34,699][flwr][INFO] - fit progress: (1, 335.2481815814972, {'accuracy': 0.0092, 'precision': 0.01054297003501664, 'recall': 0.0092, 'f1': 0.009433909813597867, 'confusion_matrix': array([[   2,  844,    0,   10,   21,    0,   10,   88,    1,    4],
       [   1,    0, 1100,    4,   12,    0,    0,   10,    0,    8],
       [   7,    8,   25,  828,   47,    8,    0,   72,   15,   22],
       [   8,    0,   11,   20,  932,    0,    2,   17,   16,    4],
       [ 539,    6,   18,    6,    6,  328,    7,   59,    4,    9],
       [  53,    6,   45,    3,  320,    4,  383,   62,    5,   11],
       [   0,   10,    7,   28,    4,    5,    6,  897,    1,    0],
       [  66,    1,   48,   19,   10,    6,    0,    2,  869,    7],
       [  47,    5,   33,   11,  238,    1,   13,   86,   17,  523],
       [ 893,   10,   14,    7,   23,    3,    3,    5,   41,   10]])}, 6.702417832999998)
[2024-06-21 12:53:34,699][flwr][INFO] - configure_evaluate: no clients selected, skipping evaluation
[2024-06-21 12:53:34,699][flwr][INFO] - 
[2024-06-21 12:53:34,699][flwr][INFO] - [ROUND 2]
[2024-06-21 12:53:34,700][flwr][INFO] - configure_fit: strategy sampled 10 clients (out of 100)
[2024-06-21 12:53:40,617][flwr][INFO] - aggregate_fit: received 10 results and 0 failures
[2024-06-21 12:53:40,937][flwr][INFO] - fit progress: (2, 559.9786562919617, {'accuracy': 0.0091, 'precision': 0.009280030257106338, 'recall': 0.0091, 'f1': 0.009153033879501239, 'confusion_matrix': array([[   0,  937,    0,    4,    2,    1,   10,   20,    1,    5],
       [   0,    0, 1115,    6,    2,    0,    1,    3,    0,    8],
       [   4,   13,   19,  882,   22,   14,    0,   27,   19,   32],
       [   4,    3,   11,   23,  890,    0,   32,    4,   20,   23],
       [  84,    0,   10,    2,    0,  849,    2,   30,    1,    4],
       [  18,   11,   15,    9,   81,   10,  696,   25,    8,   19],
       [   0,    9,    7,   11,    1,    8,   25,  896,    1,    0],
       [  51,    2,   27,   22,    2,    9,    0,    0,  909,    6],
       [  36,    8,   35,   16,   43,    5,   34,   21,   10,  766],
       [ 894,    7,   11,    6,    9,   30,   15,    4,   29,    4]])}, 12.9409745)
[2024-06-21 12:53:40,938][flwr][INFO] - configure_evaluate: no clients selected, skipping evaluation
[2024-06-21 12:53:40,938][flwr][INFO] - 
[2024-06-21 12:53:40,938][flwr][INFO] - [ROUND 3]
[2024-06-21 12:53:40,938][flwr][INFO] - configure_fit: strategy sampled 10 clients (out of 100)
[2024-06-21 12:53:50,355][flwr][INFO] - aggregate_fit: received 10 results and 0 failures
[2024-06-21 12:53:50,922][flwr][INFO] - fit progress: (3, 624.0919108390808, {'accuracy': 0.0103, 'precision': 0.010428683897451949, 'recall': 0.0103, 'f1': 0.010318032756524967, 'confusion_matrix': array([[   1,  958,    0,    2,    1,    0,    2,   12,    1,    3],
       [   0,    0, 1119,    2,    2,    0,    1,    4,    0,    7],
       [   4,   13,   25,  864,   21,   18,    1,   33,   19,   34],
       [   5,    3,    7,   20,  903,    0,   22,    4,   21,   25],
       [  82,    0,    8,    3,    0,  866,    0,   18,    1,    4],
       [  21,   20,    9,    4,   45,   16,  711,   28,   11,   27],
       [   0,   10,    4,    3,    0,    9,   19,  911,    0,    2],
       [  52,    1,   26,   17,    3,    8,    0,    0,  916,    5],
       [  24,   10,   27,    8,   29,    9,   27,   20,   12,  808],
       [ 912,   10,   10,    3,    8,   22,    5,    5,   24,   10]])}, 22.925054)
[2024-06-21 12:53:50,922][flwr][INFO] - configure_evaluate: no clients selected, skipping evaluation
[2024-06-21 12:53:50,922][flwr][INFO] - 
[2024-06-21 12:53:50,923][flwr][INFO] - [ROUND 4]
[2024-06-21 12:53:50,923][flwr][INFO] - configure_fit: strategy sampled 10 clients (out of 100)
[2024-06-21 12:54:00,295][flwr][INFO] - aggregate_fit: received 10 results and 0 failures
[2024-06-21 12:54:00,851][flwr][INFO] - fit progress: (4, 648.3135600090027, {'accuracy': 0.0066, 'precision': 0.006583008945526822, 'recall': 0.0066, 'f1': 0.006583841479521553, 'confusion_matrix': array([[   0,  960,    0,    0,    1,    0,    7,    8,    1,    3],
       [   0,    0, 1113,    5,    3,    0,    1,    3,    0,   10],
       [   2,   14,   10,  917,   16,    8,    0,   22,   11,   32],
       [   6,    2,    3,   21,  886,    0,   48,    2,   13,   29],
       [  48,    2,    6,    5,    0,  893,    3,   22,    0,    3],
       [   9,   13,    4,    7,   28,    6,  782,   20,    3,   20],
       [   0,   13,    3,    4,    0,    9,   16,  911,    0,    2],
       [  48,    5,   26,   35,    2,    7,    0,    0,  902,    3],
       [  19,    6,   12,   10,   17,    7,   38,   18,    5,  842],
       [ 909,   14,   11,    6,    9,   34,   10,    2,    6,    8]])}, 32.853494749999996)
[2024-06-21 12:54:00,851][flwr][INFO] - configure_evaluate: no clients selected, skipping evaluation
[2024-06-21 12:54:00,851][flwr][INFO] - 
[2024-06-21 12:54:00,851][flwr][INFO] - [ROUND 5]
[2024-06-21 12:54:00,852][flwr][INFO] - configure_fit: strategy sampled 10 clients (out of 100)
[2024-06-21 12:54:09,749][flwr][INFO] - aggregate_fit: received 10 results and 0 failures
[2024-06-21 12:54:10,250][flwr][INFO] - fit progress: (5, 711.1072669029236, {'accuracy': 0.0068, 'precision': 0.006922847511845524, 'recall': 0.0068, 'f1': 0.0068429838923478765, 'confusion_matrix': array([[   0,  956,    0,    0,    0,    0,    3,   13,    1,    7],
       [   2,    0, 1111,    1,    2,    0,    0,    4,    0,   15],
       [   3,   10,    8,  897,   18,   10,    0,   24,   17,   45],
       [  13,    3,    2,   16,  893,    0,   22,    4,   16,   41],
       [  71,    0,    4,    4,    0,  882,    0,   16,    0,    5],
       [  12,   15,    3,    2,   30,    6,  745,   28,    7,   44],
       [   0,   10,    3,    3,    0,    4,   12,  922,    0,    4],
       [  55,    2,   17,   18,    2,    8,    0,    0,  920,    6],
       [  19,    5,    7,    4,   11,    9,    9,   12,    8,  890],
       [ 932,    8,    7,    1,    7,   27,    2,    1,    6,   18]])}, 42.252697041999994)
[2024-06-21 12:54:10,251][flwr][INFO] - configure_evaluate: no clients selected, skipping evaluation
[2024-06-21 12:54:10,251][flwr][INFO] - 
[2024-06-21 12:54:10,251][flwr][INFO] - [ROUND 6]
[2024-06-21 12:54:10,252][flwr][INFO] - configure_fit: strategy sampled 10 clients (out of 100)
[2024-06-21 12:54:18,783][flwr][INFO] - aggregate_fit: received 10 results and 0 failures
[2024-06-21 12:54:19,328][flwr][INFO] - fit progress: (6, 718.7695722579956, {'accuracy': 0.0069, 'precision': 0.006979351656784864, 'recall': 0.0069, 'f1': 0.006937313627629986, 'confusion_matrix': array([[   1,  950,    0,    4,    2,    0,    6,   12,    1,    4],
       [   0,    0, 1093,    4,    4,    1,    3,    3,    0,   27],
       [   3,    6,    1,  931,   15,    9,    3,   18,   10,   36],
       [   7,    0,    1,   23,  916,    0,   33,    0,   10,   20],
       [  77,    0,    3,    5,    0,  878,    1,   13,    1,    4],
       [   8,    7,    2,    7,   25,    4,  805,   12,    4,   18],
       [   0,    6,    3,    3,    1,    7,   23,  911,    0,    4],
       [  52,    1,    8,   30,    3,    7,    2,    0,  916,    9],
       [  20,    3,    3,    7,   17,   10,   21,   11,    5,  877],
       [ 937,    6,    6,    2,    8,   19,   13,    1,    5,   12]])}, 51.329929707999995)
[2024-06-21 12:54:19,328][flwr][INFO] - configure_evaluate: no clients selected, skipping evaluation
[2024-06-21 12:54:19,328][flwr][INFO] - 
[2024-06-21 12:54:19,328][flwr][INFO] - [ROUND 7]
[2024-06-21 12:54:19,329][flwr][INFO] - configure_fit: strategy sampled 10 clients (out of 100)
[2024-06-21 12:54:29,343][flwr][INFO] - aggregate_fit: received 10 results and 0 failures
[2024-06-21 12:54:29,844][flwr][INFO] - fit progress: (7, 765.0073790550232, {'accuracy': 0.0067, 'precision': 0.006615873500009525, 'recall': 0.0067, 'f1': 0.006644422793271192, 'confusion_matrix': array([[   1,  952,    0,    0,    1,    0,   13,   10,    1,    2],
       [   0,    0, 1122,    2,    3,    1,    1,    3,    0,    3],
       [   3,   11,   16,  904,   24,   14,    5,   15,   13,   27],
       [   7,    0,    3,    7,  936,    2,   21,    0,   12,   22],
       [  49,    0,    6,    3,    0,  906,    0,   13,    2,    3],
       [   9,    7,    3,    2,   24,    5,  811,   13,    6,   12],
       [   0,    7,    4,    4,    0,    5,   24,  910,    0,    4],
       [  36,    1,   24,   19,    6,    6,    0,    0,  934,    2],
       [  11,    5,   23,    3,   16,    7,   28,   10,    8,  863],
       [ 919,    9,    9,    1,   11,   36,    9,    1,    8,    6]])}, 61.846041083)
[2024-06-21 12:54:29,845][flwr][INFO] - configure_evaluate: no clients selected, skipping evaluation
[2024-06-21 12:54:29,845][flwr][INFO] - 
[2024-06-21 12:54:29,845][flwr][INFO] - [ROUND 8]
[2024-06-21 12:54:29,846][flwr][INFO] - configure_fit: strategy sampled 10 clients (out of 100)
[2024-06-21 12:54:39,240][flwr][INFO] - aggregate_fit: received 10 results and 0 failures
[2024-06-21 12:54:39,865][flwr][INFO] - fit progress: (8, 843.0301504135132, {'accuracy': 0.0065, 'precision': 0.006581271093395348, 'recall': 0.0065, 'f1': 0.006531728247958029, 'confusion_matrix': array([[   0,  965,    0,    1,    2,    0,    3,    5,    1,    3],
       [   0,    0, 1118,    3,    3,    1,    0,    3,    0,    7],
       [   1,   11,    3,  956,   16,    6,    1,   16,   12,   10],
       [   3,    0,    1,   17,  935,    1,   22,    0,   14,   17],
       [  34,    2,    1,    5,    0,  923,    0,   14,    0,    3],
       [   6,   11,    1,    7,   31,    6,  801,    9,    4,   16],
       [   0,   12,    3,    4,    1,    7,   18,  910,    0,    3],
       [  25,    4,   12,   25,    6,    7,    0,    0,  949,    0],
       [   8,    6,    6,   10,   24,   10,   17,   12,   13,  868],
       [ 911,   11,    6,    1,   12,   42,    7,    1,   10,    8]])}, 71.866512042)
[2024-06-21 12:54:39,866][flwr][INFO] - configure_evaluate: no clients selected, skipping evaluation
[2024-06-21 12:54:39,866][flwr][INFO] - 
[2024-06-21 12:54:39,866][flwr][INFO] - [ROUND 9]
[2024-06-21 12:54:39,867][flwr][INFO] - configure_fit: strategy sampled 10 clients (out of 100)
[2024-06-21 12:54:49,270][flwr][INFO] - aggregate_fit: received 10 results and 0 failures
[2024-06-21 12:54:49,810][flwr][INFO] - fit progress: (9, 801.8558316230774, {'accuracy': 0.0061, 'precision': 0.006194498927812061, 'recall': 0.0061, 'f1': 0.0061364555002323, 'confusion_matrix': array([[   1,  961,    0,    0,    2,    0,    3,   10,    1,    2],
       [   0,    0, 1123,    1,    3,    1,    1,    4,    0,    2],
       [   2,   11,    6,  946,   15,   11,    1,   19,    8,   13],
       [   9,    0,    0,   18,  939,    2,   15,    0,   12,   15],
       [  40,    1,    1,    2,    0,  918,    0,   16,    2,    2],
       [  10,   10,    1,    1,   23,    8,  805,   17,    3,   14],
       [   0,   11,    3,    3,    0,    7,   13,  920,    0,    1],
       [  42,    3,   16,   22,    5,    4,    0,    1,  935,    0],
       [  21,    6,   11,    8,   18,   12,   13,   16,    6,  863],
       [ 938,    5,    6,    0,   11,   31,    4,    1,    5,    8]])}, 81.811508833)
[2024-06-21 12:54:49,811][flwr][INFO] - configure_evaluate: no clients selected, skipping evaluation
[2024-06-21 12:54:49,811][flwr][INFO] - 
[2024-06-21 12:54:49,811][flwr][INFO] - [ROUND 10]
[2024-06-21 12:54:49,811][flwr][INFO] - configure_fit: strategy sampled 10 clients (out of 100)
[2024-06-21 12:54:57,657][flwr][INFO] - aggregate_fit: received 10 results and 0 failures
[2024-06-21 12:54:58,088][flwr][INFO] - fit progress: (10, 903.0221815109253, {'accuracy': 0.0054, 'precision': 0.005362035433510523, 'recall': 0.0054, 'f1': 0.0053726733468484585, 'confusion_matrix': array([[   0,  968,    0,    2,    1,    0,    2,    4,    1,    2],
       [   0,    0, 1119,    3,    3,    1,    0,    3,    1,    5],
       [   1,    8,    4,  969,   10,    9,    1,    8,   11,   11],
       [   6,    1,    0,   17,  946,    0,    5,    0,   17,   18],
       [  50,    2,    3,    7,    0,  904,    0,    8,    2,    6],
       [  10,   13,    1,    7,   29,    8,  782,   12,    9,   21],
       [   0,   13,    5,    5,    1,    7,    6,  916,    1,    4],
       [  23,    2,   14,   20,    6,    3,    0,    0,  960,    0],
       [   8,    6,    4,    7,   17,    6,    5,   10,    9,  902],
       [ 942,    9,    6,    0,    9,   22,    2,    0,    9,   10]])}, 90.089662333)
[2024-06-21 12:54:58,089][flwr][INFO] - configure_evaluate: no clients selected, skipping evaluation
[2024-06-21 12:54:58,089][flwr][INFO] - 
[2024-06-21 12:54:58,089][flwr][INFO] - [SUMMARY]
[2024-06-21 12:54:58,089][flwr][INFO] - Run finished 10 round(s) in 90.09s
[2024-06-21 12:54:58,094][flwr][INFO] - 	History (loss, centralized):
[2024-06-21 12:54:58,095][flwr][INFO] - 		round 0: 181.76928067207336
[2024-06-21 12:54:58,095][flwr][INFO] - 		round 1: 335.2481815814972
[2024-06-21 12:54:58,095][flwr][INFO] - 		round 2: 559.9786562919617
[2024-06-21 12:54:58,095][flwr][INFO] - 		round 3: 624.0919108390808
[2024-06-21 12:54:58,096][flwr][INFO] - 		round 4: 648.3135600090027
[2024-06-21 12:54:58,096][flwr][INFO] - 		round 5: 711.1072669029236
[2024-06-21 12:54:58,096][flwr][INFO] - 		round 6: 718.7695722579956
[2024-06-21 12:54:58,096][flwr][INFO] - 		round 7: 765.0073790550232
[2024-06-21 12:54:58,096][flwr][INFO] - 		round 8: 843.0301504135132
[2024-06-21 12:54:58,096][flwr][INFO] - 		round 9: 801.8558316230774
[2024-06-21 12:54:58,096][flwr][INFO] - 		round 10: 903.0221815109253
[2024-06-21 12:54:58,096][flwr][INFO] - 	History (metrics, centralized):
[2024-06-21 12:54:58,096][flwr][INFO] - 	{'accuracy': [(0, 0.1086),
[2024-06-21 12:54:58,096][flwr][INFO] - 	              (1, 0.0092),
[2024-06-21 12:54:58,096][flwr][INFO] - 	              (2, 0.0091),
[2024-06-21 12:54:58,096][flwr][INFO] - 	              (3, 0.0103),
[2024-06-21 12:54:58,096][flwr][INFO] - 	              (4, 0.0066),
[2024-06-21 12:54:58,096][flwr][INFO] - 	              (5, 0.0068),
[2024-06-21 12:54:58,096][flwr][INFO] - 	              (6, 0.0069),
[2024-06-21 12:54:58,096][flwr][INFO] - 	              (7, 0.0067),
[2024-06-21 12:54:58,096][flwr][INFO] - 	              (8, 0.0065),
[2024-06-21 12:54:58,096][flwr][INFO] - 	              (9, 0.0061),
[2024-06-21 12:54:58,096][flwr][INFO] - 	              (10, 0.0054)],
[2024-06-21 12:54:58,096][flwr][INFO] - 	 'confusion_matrix': [(0,
[2024-06-21 12:54:58,096][flwr][INFO] - 	                       array([[   0,    8,    0,  956,    0,    1,    0,   15,    0,    0],
[2024-06-21 12:54:58,096][flwr][INFO] - 	       [   0,  122,    0, 1013,    0,    0,    0,    0,    0,    0],
[2024-06-21 12:54:58,096][flwr][INFO] - 	       [   0,   38,    0,  971,    0,    0,    3,   19,    1,    0],
[2024-06-21 12:54:58,096][flwr][INFO] - 	       [   0,   44,    0,  945,    1,    1,    0,   17,    2,    0],
[2024-06-21 12:54:58,096][flwr][INFO] - 	       [   0,  143,    0,  816,    1,    0,    2,   20,    0,    0],
[2024-06-21 12:54:58,096][flwr][INFO] - 	       [   0,  118,    0,  735,    1,    7,    0,   30,    1,    0],
[2024-06-21 12:54:58,096][flwr][INFO] - 	       [   0,  144,    0,  749,   25,    0,    2,   38,    0,    0],
[2024-06-21 12:54:58,097][flwr][INFO] - 	       [   0,  272,    0,  724,    8,    0,    0,    9,   15,    0],
[2024-06-21 12:54:58,097][flwr][INFO] - 	       [   0,   81,    0,  859,    1,    0,    1,   32,    0,    0],
[2024-06-21 12:54:58,097][flwr][INFO] - 	       [   0,  178,    0,  799,    1,    0,    0,   31,    0,    0]])),
[2024-06-21 12:54:58,097][flwr][INFO] - 	                      (1,
[2024-06-21 12:54:58,097][flwr][INFO] - 	                       array([[   2,  844,    0,   10,   21,    0,   10,   88,    1,    4],
[2024-06-21 12:54:58,097][flwr][INFO] - 	       [   1,    0, 1100,    4,   12,    0,    0,   10,    0,    8],
[2024-06-21 12:54:58,097][flwr][INFO] - 	       [   7,    8,   25,  828,   47,    8,    0,   72,   15,   22],
[2024-06-21 12:54:58,097][flwr][INFO] - 	       [   8,    0,   11,   20,  932,    0,    2,   17,   16,    4],
[2024-06-21 12:54:58,097][flwr][INFO] - 	       [ 539,    6,   18,    6,    6,  328,    7,   59,    4,    9],
[2024-06-21 12:54:58,097][flwr][INFO] - 	       [  53,    6,   45,    3,  320,    4,  383,   62,    5,   11],
[2024-06-21 12:54:58,097][flwr][INFO] - 	       [   0,   10,    7,   28,    4,    5,    6,  897,    1,    0],
[2024-06-21 12:54:58,097][flwr][INFO] - 	       [  66,    1,   48,   19,   10,    6,    0,    2,  869,    7],
[2024-06-21 12:54:58,097][flwr][INFO] - 	       [  47,    5,   33,   11,  238,    1,   13,   86,   17,  523],
[2024-06-21 12:54:58,097][flwr][INFO] - 	       [ 893,   10,   14,    7,   23,    3,    3,    5,   41,   10]])),
[2024-06-21 12:54:58,097][flwr][INFO] - 	                      (2,
[2024-06-21 12:54:58,097][flwr][INFO] - 	                       array([[   0,  937,    0,    4,    2,    1,   10,   20,    1,    5],
[2024-06-21 12:54:58,098][flwr][INFO] - 	       [   0,    0, 1115,    6,    2,    0,    1,    3,    0,    8],
[2024-06-21 12:54:58,098][flwr][INFO] - 	       [   4,   13,   19,  882,   22,   14,    0,   27,   19,   32],
[2024-06-21 12:54:58,098][flwr][INFO] - 	       [   4,    3,   11,   23,  890,    0,   32,    4,   20,   23],
[2024-06-21 12:54:58,098][flwr][INFO] - 	       [  84,    0,   10,    2,    0,  849,    2,   30,    1,    4],
[2024-06-21 12:54:58,098][flwr][INFO] - 	       [  18,   11,   15,    9,   81,   10,  696,   25,    8,   19],
[2024-06-21 12:54:58,098][flwr][INFO] - 	       [   0,    9,    7,   11,    1,    8,   25,  896,    1,    0],
[2024-06-21 12:54:58,098][flwr][INFO] - 	       [  51,    2,   27,   22,    2,    9,    0,    0,  909,    6],
[2024-06-21 12:54:58,098][flwr][INFO] - 	       [  36,    8,   35,   16,   43,    5,   34,   21,   10,  766],
[2024-06-21 12:54:58,098][flwr][INFO] - 	       [ 894,    7,   11,    6,    9,   30,   15,    4,   29,    4]])),
[2024-06-21 12:54:58,098][flwr][INFO] - 	                      (3,
[2024-06-21 12:54:58,098][flwr][INFO] - 	                       array([[   1,  958,    0,    2,    1,    0,    2,   12,    1,    3],
[2024-06-21 12:54:58,098][flwr][INFO] - 	       [   0,    0, 1119,    2,    2,    0,    1,    4,    0,    7],
[2024-06-21 12:54:58,098][flwr][INFO] - 	       [   4,   13,   25,  864,   21,   18,    1,   33,   19,   34],
[2024-06-21 12:54:58,098][flwr][INFO] - 	       [   5,    3,    7,   20,  903,    0,   22,    4,   21,   25],
[2024-06-21 12:54:58,098][flwr][INFO] - 	       [  82,    0,    8,    3,    0,  866,    0,   18,    1,    4],
[2024-06-21 12:54:58,098][flwr][INFO] - 	       [  21,   20,    9,    4,   45,   16,  711,   28,   11,   27],
[2024-06-21 12:54:58,099][flwr][INFO] - 	       [   0,   10,    4,    3,    0,    9,   19,  911,    0,    2],
[2024-06-21 12:54:58,099][flwr][INFO] - 	       [  52,    1,   26,   17,    3,    8,    0,    0,  916,    5],
[2024-06-21 12:54:58,099][flwr][INFO] - 	       [  24,   10,   27,    8,   29,    9,   27,   20,   12,  808],
[2024-06-21 12:54:58,099][flwr][INFO] - 	       [ 912,   10,   10,    3,    8,   22,    5,    5,   24,   10]])),
[2024-06-21 12:54:58,099][flwr][INFO] - 	                      (4,
[2024-06-21 12:54:58,099][flwr][INFO] - 	                       array([[   0,  960,    0,    0,    1,    0,    7,    8,    1,    3],
[2024-06-21 12:54:58,099][flwr][INFO] - 	       [   0,    0, 1113,    5,    3,    0,    1,    3,    0,   10],
[2024-06-21 12:54:58,099][flwr][INFO] - 	       [   2,   14,   10,  917,   16,    8,    0,   22,   11,   32],
[2024-06-21 12:54:58,099][flwr][INFO] - 	       [   6,    2,    3,   21,  886,    0,   48,    2,   13,   29],
[2024-06-21 12:54:58,099][flwr][INFO] - 	       [  48,    2,    6,    5,    0,  893,    3,   22,    0,    3],
[2024-06-21 12:54:58,099][flwr][INFO] - 	       [   9,   13,    4,    7,   28,    6,  782,   20,    3,   20],
[2024-06-21 12:54:58,099][flwr][INFO] - 	       [   0,   13,    3,    4,    0,    9,   16,  911,    0,    2],
[2024-06-21 12:54:58,099][flwr][INFO] - 	       [  48,    5,   26,   35,    2,    7,    0,    0,  902,    3],
[2024-06-21 12:54:58,099][flwr][INFO] - 	       [  19,    6,   12,   10,   17,    7,   38,   18,    5,  842],
[2024-06-21 12:54:58,099][flwr][INFO] - 	       [ 909,   14,   11,    6,    9,   34,   10,    2,    6,    8]])),
[2024-06-21 12:54:58,099][flwr][INFO] - 	                      (5,
[2024-06-21 12:54:58,099][flwr][INFO] - 	                       array([[   0,  956,    0,    0,    0,    0,    3,   13,    1,    7],
[2024-06-21 12:54:58,100][flwr][INFO] - 	       [   2,    0, 1111,    1,    2,    0,    0,    4,    0,   15],
[2024-06-21 12:54:58,100][flwr][INFO] - 	       [   3,   10,    8,  897,   18,   10,    0,   24,   17,   45],
[2024-06-21 12:54:58,100][flwr][INFO] - 	       [  13,    3,    2,   16,  893,    0,   22,    4,   16,   41],
[2024-06-21 12:54:58,100][flwr][INFO] - 	       [  71,    0,    4,    4,    0,  882,    0,   16,    0,    5],
[2024-06-21 12:54:58,100][flwr][INFO] - 	       [  12,   15,    3,    2,   30,    6,  745,   28,    7,   44],
[2024-06-21 12:54:58,100][flwr][INFO] - 	       [   0,   10,    3,    3,    0,    4,   12,  922,    0,    4],
[2024-06-21 12:54:58,100][flwr][INFO] - 	       [  55,    2,   17,   18,    2,    8,    0,    0,  920,    6],
[2024-06-21 12:54:58,100][flwr][INFO] - 	       [  19,    5,    7,    4,   11,    9,    9,   12,    8,  890],
[2024-06-21 12:54:58,100][flwr][INFO] - 	       [ 932,    8,    7,    1,    7,   27,    2,    1,    6,   18]])),
[2024-06-21 12:54:58,100][flwr][INFO] - 	                      (6,
[2024-06-21 12:54:58,100][flwr][INFO] - 	                       array([[   1,  950,    0,    4,    2,    0,    6,   12,    1,    4],
[2024-06-21 12:54:58,100][flwr][INFO] - 	       [   0,    0, 1093,    4,    4,    1,    3,    3,    0,   27],
[2024-06-21 12:54:58,100][flwr][INFO] - 	       [   3,    6,    1,  931,   15,    9,    3,   18,   10,   36],
[2024-06-21 12:54:58,100][flwr][INFO] - 	       [   7,    0,    1,   23,  916,    0,   33,    0,   10,   20],
[2024-06-21 12:54:58,100][flwr][INFO] - 	       [  77,    0,    3,    5,    0,  878,    1,   13,    1,    4],
[2024-06-21 12:54:58,100][flwr][INFO] - 	       [   8,    7,    2,    7,   25,    4,  805,   12,    4,   18],
[2024-06-21 12:54:58,101][flwr][INFO] - 	       [   0,    6,    3,    3,    1,    7,   23,  911,    0,    4],
[2024-06-21 12:54:58,101][flwr][INFO] - 	       [  52,    1,    8,   30,    3,    7,    2,    0,  916,    9],
[2024-06-21 12:54:58,101][flwr][INFO] - 	       [  20,    3,    3,    7,   17,   10,   21,   11,    5,  877],
[2024-06-21 12:54:58,101][flwr][INFO] - 	       [ 937,    6,    6,    2,    8,   19,   13,    1,    5,   12]])),
[2024-06-21 12:54:58,101][flwr][INFO] - 	                      (7,
[2024-06-21 12:54:58,101][flwr][INFO] - 	                       array([[   1,  952,    0,    0,    1,    0,   13,   10,    1,    2],
[2024-06-21 12:54:58,101][flwr][INFO] - 	       [   0,    0, 1122,    2,    3,    1,    1,    3,    0,    3],
[2024-06-21 12:54:58,101][flwr][INFO] - 	       [   3,   11,   16,  904,   24,   14,    5,   15,   13,   27],
[2024-06-21 12:54:58,101][flwr][INFO] - 	       [   7,    0,    3,    7,  936,    2,   21,    0,   12,   22],
[2024-06-21 12:54:58,101][flwr][INFO] - 	       [  49,    0,    6,    3,    0,  906,    0,   13,    2,    3],
[2024-06-21 12:54:58,101][flwr][INFO] - 	       [   9,    7,    3,    2,   24,    5,  811,   13,    6,   12],
[2024-06-21 12:54:58,101][flwr][INFO] - 	       [   0,    7,    4,    4,    0,    5,   24,  910,    0,    4],
[2024-06-21 12:54:58,101][flwr][INFO] - 	       [  36,    1,   24,   19,    6,    6,    0,    0,  934,    2],
[2024-06-21 12:54:58,101][flwr][INFO] - 	       [  11,    5,   23,    3,   16,    7,   28,   10,    8,  863],
[2024-06-21 12:54:58,101][flwr][INFO] - 	       [ 919,    9,    9,    1,   11,   36,    9,    1,    8,    6]])),
[2024-06-21 12:54:58,101][flwr][INFO] - 	                      (8,
[2024-06-21 12:54:58,101][flwr][INFO] - 	                       array([[   0,  965,    0,    1,    2,    0,    3,    5,    1,    3],
[2024-06-21 12:54:58,102][flwr][INFO] - 	       [   0,    0, 1118,    3,    3,    1,    0,    3,    0,    7],
[2024-06-21 12:54:58,102][flwr][INFO] - 	       [   1,   11,    3,  956,   16,    6,    1,   16,   12,   10],
[2024-06-21 12:54:58,102][flwr][INFO] - 	       [   3,    0,    1,   17,  935,    1,   22,    0,   14,   17],
[2024-06-21 12:54:58,102][flwr][INFO] - 	       [  34,    2,    1,    5,    0,  923,    0,   14,    0,    3],
[2024-06-21 12:54:58,102][flwr][INFO] - 	       [   6,   11,    1,    7,   31,    6,  801,    9,    4,   16],
[2024-06-21 12:54:58,102][flwr][INFO] - 	       [   0,   12,    3,    4,    1,    7,   18,  910,    0,    3],
[2024-06-21 12:54:58,102][flwr][INFO] - 	       [  25,    4,   12,   25,    6,    7,    0,    0,  949,    0],
[2024-06-21 12:54:58,102][flwr][INFO] - 	       [   8,    6,    6,   10,   24,   10,   17,   12,   13,  868],
[2024-06-21 12:54:58,102][flwr][INFO] - 	       [ 911,   11,    6,    1,   12,   42,    7,    1,   10,    8]])),
[2024-06-21 12:54:58,102][flwr][INFO] - 	                      (9,
[2024-06-21 12:54:58,102][flwr][INFO] - 	                       array([[   1,  961,    0,    0,    2,    0,    3,   10,    1,    2],
[2024-06-21 12:54:58,102][flwr][INFO] - 	       [   0,    0, 1123,    1,    3,    1,    1,    4,    0,    2],
[2024-06-21 12:54:58,102][flwr][INFO] - 	       [   2,   11,    6,  946,   15,   11,    1,   19,    8,   13],
[2024-06-21 12:54:58,103][flwr][INFO] - 	       [   9,    0,    0,   18,  939,    2,   15,    0,   12,   15],
[2024-06-21 12:54:58,103][flwr][INFO] - 	       [  40,    1,    1,    2,    0,  918,    0,   16,    2,    2],
[2024-06-21 12:54:58,103][flwr][INFO] - 	       [  10,   10,    1,    1,   23,    8,  805,   17,    3,   14],
[2024-06-21 12:54:58,103][flwr][INFO] - 	       [   0,   11,    3,    3,    0,    7,   13,  920,    0,    1],
[2024-06-21 12:54:58,103][flwr][INFO] - 	       [  42,    3,   16,   22,    5,    4,    0,    1,  935,    0],
[2024-06-21 12:54:58,103][flwr][INFO] - 	       [  21,    6,   11,    8,   18,   12,   13,   16,    6,  863],
[2024-06-21 12:54:58,103][flwr][INFO] - 	       [ 938,    5,    6,    0,   11,   31,    4,    1,    5,    8]])),
[2024-06-21 12:54:58,103][flwr][INFO] - 	                      (10,
[2024-06-21 12:54:58,103][flwr][INFO] - 	                       array([[   0,  968,    0,    2,    1,    0,    2,    4,    1,    2],
[2024-06-21 12:54:58,103][flwr][INFO] - 	       [   0,    0, 1119,    3,    3,    1,    0,    3,    1,    5],
[2024-06-21 12:54:58,103][flwr][INFO] - 	       [   1,    8,    4,  969,   10,    9,    1,    8,   11,   11],
[2024-06-21 12:54:58,103][flwr][INFO] - 	       [   6,    1,    0,   17,  946,    0,    5,    0,   17,   18],
[2024-06-21 12:54:58,103][flwr][INFO] - 	       [  50,    2,    3,    7,    0,  904,    0,    8,    2,    6],
[2024-06-21 12:54:58,103][flwr][INFO] - 	       [  10,   13,    1,    7,   29,    8,  782,   12,    9,   21],
[2024-06-21 12:54:58,103][flwr][INFO] - 	       [   0,   13,    5,    5,    1,    7,    6,  916,    1,    4],
[2024-06-21 12:54:58,103][flwr][INFO] - 	       [  23,    2,   14,   20,    6,    3,    0,    0,  960,    0],
[2024-06-21 12:54:58,103][flwr][INFO] - 	       [   8,    6,    4,    7,   17,    6,    5,   10,    9,  902],
[2024-06-21 12:54:58,103][flwr][INFO] - 	       [ 942,    9,    6,    0,    9,   22,    2,    0,    9,   10]]))],
[2024-06-21 12:54:58,103][flwr][INFO] - 	 'f1': [(0, 0.03553137346181725),
[2024-06-21 12:54:58,103][flwr][INFO] - 	        (1, 0.009433909813597867),
[2024-06-21 12:54:58,103][flwr][INFO] - 	        (2, 0.009153033879501239),
[2024-06-21 12:54:58,103][flwr][INFO] - 	        (3, 0.010318032756524967),
[2024-06-21 12:54:58,103][flwr][INFO] - 	        (4, 0.006583841479521553),
[2024-06-21 12:54:58,104][flwr][INFO] - 	        (5, 0.0068429838923478765),
[2024-06-21 12:54:58,104][flwr][INFO] - 	        (6, 0.006937313627629986),
[2024-06-21 12:54:58,104][flwr][INFO] - 	        (7, 0.006644422793271192),
[2024-06-21 12:54:58,104][flwr][INFO] - 	        (8, 0.006531728247958029),
[2024-06-21 12:54:58,104][flwr][INFO] - 	        (9, 0.0061364555002323),
[2024-06-21 12:54:58,104][flwr][INFO] - 	        (10, 0.0053726733468484585)],
[2024-06-21 12:54:58,104][flwr][INFO] - 	 'precision': [(0, 0.12349967530374152),
[2024-06-21 12:54:58,104][flwr][INFO] - 	               (1, 0.01054297003501664),
[2024-06-21 12:54:58,104][flwr][INFO] - 	               (2, 0.009280030257106338),
[2024-06-21 12:54:58,104][flwr][INFO] - 	               (3, 0.010428683897451949),
[2024-06-21 12:54:58,104][flwr][INFO] - 	               (4, 0.006583008945526822),
[2024-06-21 12:54:58,104][flwr][INFO] - 	               (5, 0.006922847511845524),
[2024-06-21 12:54:58,104][flwr][INFO] - 	               (6, 0.006979351656784864),
[2024-06-21 12:54:58,104][flwr][INFO] - 	               (7, 0.006615873500009525),
[2024-06-21 12:54:58,104][flwr][INFO] - 	               (8, 0.006581271093395348),
[2024-06-21 12:54:58,104][flwr][INFO] - 	               (9, 0.006194498927812061),
[2024-06-21 12:54:58,104][flwr][INFO] - 	               (10, 0.005362035433510523)],
[2024-06-21 12:54:58,104][flwr][INFO] - 	 'recall': [(0, 0.1086),
[2024-06-21 12:54:58,104][flwr][INFO] - 	            (1, 0.0092),
[2024-06-21 12:54:58,104][flwr][INFO] - 	            (2, 0.0091),
[2024-06-21 12:54:58,104][flwr][INFO] - 	            (3, 0.0103),
[2024-06-21 12:54:58,104][flwr][INFO] - 	            (4, 0.0066),
[2024-06-21 12:54:58,104][flwr][INFO] - 	            (5, 0.0068),
[2024-06-21 12:54:58,104][flwr][INFO] - 	            (6, 0.0069),
[2024-06-21 12:54:58,104][flwr][INFO] - 	            (7, 0.0067),
[2024-06-21 12:54:58,104][flwr][INFO] - 	            (8, 0.0065),
[2024-06-21 12:54:58,104][flwr][INFO] - 	            (9, 0.0061),
[2024-06-21 12:54:58,104][flwr][INFO] - 	            (10, 0.0054)]}
[2024-06-21 12:54:58,104][flwr][INFO] - 
