[2024-06-20 19:23:18,573][flwr][INFO] - Starting Flower simulation, config: num_rounds=10, no round_timeout
[2024-06-20 19:23:19,653][flwr][INFO] - Flower VCE: Ray initialized with resources: {'memory': 9726749901.0, 'CPU': 12.0, 'object_store_memory': 2147483648.0, 'node:__internal_head__': 1.0, 'node:127.0.0.1': 1.0}
[2024-06-20 19:23:19,653][flwr][INFO] - Optimize your simulation with Flower VCE: https://flower.ai/docs/framework/how-to-run-simulations.html
[2024-06-20 19:23:19,653][flwr][INFO] - Flower VCE: Resources for each Virtual Client: {'num_cpus': 2, 'num_gpus': 0}
[2024-06-20 19:23:19,660][flwr][INFO] - Flower VCE: Creating VirtualClientEngineActorPool with 6 actors
[2024-06-20 19:23:19,660][flwr][INFO] - [INIT]
[2024-06-20 19:23:19,660][flwr][INFO] - Requesting initial parameters from one random client
[2024-06-20 19:23:21,674][flwr][INFO] - Received initial parameters from one random client
[2024-06-20 19:23:21,674][flwr][INFO] - Evaluating initial global parameters
[2024-06-20 19:23:22,107][flwr][INFO] - initial parameters (loss, other metrics): 181.76928067207336, {'accuracy': 0.1086, 'precision': 0.12349967530374152, 'recall': 0.1086, 'f1': 0.03553137346181725, 'confusion_matrix': array([[   0,    8,    0,  956,    0,    1,    0,   15,    0,    0],
       [   0,  122,    0, 1013,    0,    0,    0,    0,    0,    0],
       [   0,   38,    0,  971,    0,    0,    3,   19,    1,    0],
       [   0,   44,    0,  945,    1,    1,    0,   17,    2,    0],
       [   0,  143,    0,  816,    1,    0,    2,   20,    0,    0],
       [   0,  118,    0,  735,    1,    7,    0,   30,    1,    0],
       [   0,  144,    0,  749,   25,    0,    2,   38,    0,    0],
       [   0,  272,    0,  724,    8,    0,    0,    9,   15,    0],
       [   0,   81,    0,  859,    1,    0,    1,   32,    0,    0],
       [   0,  178,    0,  799,    1,    0,    0,   31,    0,    0]])}
[2024-06-20 19:23:22,107][flwr][INFO] - 
[2024-06-20 19:23:22,107][flwr][INFO] - [ROUND 1]
[2024-06-20 19:23:22,107][flwr][INFO] - configure_fit: strategy sampled 10 clients (out of 100)
[2024-06-20 19:23:28,985][flwr][INFO] - aggregate_fit: received 10 results and 0 failures
[2024-06-20 19:23:28,991][flwr][WARNING] - No fit_metrics_aggregation_fn provided
[2024-06-20 19:23:29,423][flwr][INFO] - fit progress: (1, 26186.57308959961, {'accuracy': 0.0989, 'precision': 0.12079455839171564, 'recall': 0.0989, 'f1': 0.0561892718747421, 'confusion_matrix': array([[101, 649,  75,   5,   2,   9,  77,   1,  42,  19],
       [147, 696, 128,   0,   7,   0,   1, 156,   0,   0],
       [143, 715,  93,   6,   6,   4,  24,  10,  18,  13],
       [ 32, 623, 285,   8,   9,   4,  15,   8,   0,  26],
       [159, 690,  61,   8,   3,   7,  13,  13,  26,   2],
       [ 45, 549, 153,   8,   7,  31,  21,  35,   1,  42],
       [ 21, 860,  22,   1,   1,   1,  27,   2,  22,   1],
       [108, 799,  58,   5,   8,   5,   4,  10,  18,  13],
       [109, 677,  98,   4,  10,  11,  21,  32,   7,   5],
       [ 80, 820,  47,   3,   5,   1,  13,   8,  19,  13]])}, 7.316492874999999)
[2024-06-20 19:23:29,424][flwr][INFO] - configure_evaluate: no clients selected, skipping evaluation
[2024-06-20 19:23:29,424][flwr][INFO] - 
[2024-06-20 19:23:29,424][flwr][INFO] - [ROUND 2]
[2024-06-20 19:23:29,424][flwr][INFO] - configure_fit: strategy sampled 10 clients (out of 100)
[2024-06-20 19:23:34,713][flwr][INFO] - aggregate_fit: received 10 results and 0 failures
[2024-06-20 19:23:35,150][flwr][INFO] - fit progress: (2, 75798.03088378906, {'accuracy': 0.2287, 'precision': 0.20205251727015738, 'recall': 0.2287, 'f1': 0.1792572530649862, 'confusion_matrix': array([[378, 310,  36,  86,   1,  26,  84,  26,  28,   5],
       [  0, 825,   1, 121,   0,   8,  25,  12,   8, 135],
       [ 49, 260,  56, 328,   0, 121,  41,  19,  40, 118],
       [ 13, 220,   8, 558,   0,  98,  18,  46,  34,  15],
       [202, 371,  31, 117,   0,  13,  95,  15, 102,  36],
       [ 49, 324,   3, 369,   0,  54,  40,  38,   5,  10],
       [ 28, 352,  19, 189,   0,  11, 209,   5, 117,  28],
       [ 61, 482,  46,  39,   0,  32,  30, 130,  23, 185],
       [100, 391,   1, 253,   0,  84,  49,  18,  20,  58],
       [ 99, 536,  60, 119,   0,  11,  62,  40,  25,  57]])}, 13.043415584000002)
[2024-06-20 19:23:35,150][flwr][INFO] - configure_evaluate: no clients selected, skipping evaluation
[2024-06-20 19:23:35,150][flwr][INFO] - 
[2024-06-20 19:23:35,150][flwr][INFO] - [ROUND 3]
[2024-06-20 19:23:35,151][flwr][INFO] - configure_fit: strategy sampled 10 clients (out of 100)
[2024-06-20 19:23:40,595][flwr][INFO] - aggregate_fit: received 10 results and 0 failures
[2024-06-20 19:23:41,042][flwr][INFO] - fit progress: (3, 174156.6982421875, {'accuracy': 0.345, 'precision': 0.35598224995498134, 'recall': 0.345, 'f1': 0.2955716956061656, 'confusion_matrix': array([[655,  28,   8,   3,   1,  99,  30, 153,   3,   0],
       [  6, 975,  12,   1,   4,  33,  58,  27,  15,   4],
       [167, 110, 197,  59,  18,  93, 121, 216,  38,  13],
       [121,  27,  15, 166,   1, 184,  12, 456,  21,   7],
       [408,  63,  41,  57,  36, 103,  33, 146,  41,  54],
       [240,  80,  11,  65,   4, 199,  21, 268,   2,   2],
       [183,  55,  48,  32,   9, 158, 268, 107,  35,  63],
       [ 74,  57,  14,  11,   6,  27,  18, 793,   5,  23],
       [334,  65,  27,  47,  10, 213,  26, 190,  53,   9],
       [294,  99, 100,  37,  30,  42,  12, 282,   5, 108]])}, 18.935664459)
[2024-06-20 19:23:41,042][flwr][INFO] - configure_evaluate: no clients selected, skipping evaluation
[2024-06-20 19:23:41,042][flwr][INFO] - 
[2024-06-20 19:23:41,042][flwr][INFO] - [ROUND 4]
[2024-06-20 19:23:41,043][flwr][INFO] - configure_fit: strategy sampled 10 clients (out of 100)
[2024-06-20 19:23:46,872][flwr][INFO] - aggregate_fit: received 10 results and 0 failures
[2024-06-20 19:23:47,323][flwr][INFO] - fit progress: (4, 420810.7326660156, {'accuracy': 0.3834, 'precision': 0.40774138028923335, 'recall': 0.3834, 'f1': 0.37503223031274896, 'confusion_matrix': array([[314,  81, 161,  37,  27,  45, 151, 150,   5,   9],
       [  0, 576, 238,   7,  45,  78,  32,  86,   3,  70],
       [ 13,  55, 483,  78,  66,  34, 118, 114,  27,  44],
       [  8,  17, 127, 399,  12,  88,  61, 177,  67,  54],
       [ 48,  52, 174,  95, 246,  51,  66, 114,  23, 113],
       [ 34,  45,  98, 161,  55, 222,  94, 137,  31,  15],
       [  2,  43, 149,  32,  50,  19, 490,  67,  31,  75],
       [  9,  18,  94,  12,  20,  15,  24, 673,  12, 151],
       [ 43,  54, 221,  60,  81, 147,  86, 139, 106,  37],
       [ 28,  29, 249,  36,  88,  26,  36, 179,  13, 325]])}, 25.217661292)
[2024-06-20 19:23:47,324][flwr][INFO] - configure_evaluate: no clients selected, skipping evaluation
[2024-06-20 19:23:47,324][flwr][INFO] - 
[2024-06-20 19:23:47,324][flwr][INFO] - [ROUND 5]
[2024-06-20 19:23:47,325][flwr][INFO] - configure_fit: strategy sampled 10 clients (out of 100)
[2024-06-20 19:23:52,646][flwr][INFO] - aggregate_fit: received 10 results and 0 failures
[2024-06-20 19:23:53,097][flwr][INFO] - fit progress: (5, 1194999.322265625, {'accuracy': 0.4374, 'precision': 0.4484910483067948, 'recall': 0.4374, 'f1': 0.42153587576826856, 'confusion_matrix': array([[527,  56, 136,   7,  22,  38, 151,  35,   5,   3],
       [  0, 859, 125,   2,  22,  46,  43,  15,   0,  23],
       [ 26,  65, 503,  25,  87,  36, 209,  32,  27,  22],
       [ 28,  21, 169, 309,  42, 137,  96,  66, 120,  22],
       [ 19,  98,  89,  36, 409,  84, 145,  38,  17,  47],
       [ 85,  55,  97,  78,  60, 254, 155,  69,  33,   6],
       [  6,  34,  88,  16,  53,  36, 675,  19,  18,  13],
       [ 30,  59, 136,  11,  24,  28,  53, 562,   7, 118],
       [ 66,  45, 283,  23, 107, 120, 143,  53,  95,  39],
       [ 34,  63, 214,  19, 225,  39, 111, 105,  18, 181]])}, 30.991223249999997)
[2024-06-20 19:23:53,097][flwr][INFO] - configure_evaluate: no clients selected, skipping evaluation
[2024-06-20 19:23:53,097][flwr][INFO] - 
[2024-06-20 19:23:53,097][flwr][INFO] - [ROUND 6]
[2024-06-20 19:23:53,098][flwr][INFO] - configure_fit: strategy sampled 10 clients (out of 100)
[2024-06-20 19:23:58,447][flwr][INFO] - aggregate_fit: received 10 results and 0 failures
[2024-06-20 19:23:58,926][flwr][INFO] - fit progress: (6, 3418691.63671875, {'accuracy': 0.4698, 'precision': 0.4664076448739378, 'recall': 0.4698, 'f1': 0.45870612667209226, 'confusion_matrix': array([[640,  47,  73,   5,  14,  34, 106,  43,  13,   5],
       [  0, 906,  52,   6,  11,  34,  59,  19,   6,  42],
       [ 45,  74, 399,  50,  91,  28, 222,  44,  41,  38],
       [ 38,  17,  91, 297,  39, 185, 101,  72, 134,  36],
       [ 31,  76,  40,  56, 437, 100,  94,  34,  29,  85],
       [108,  31,  50,  48,  46, 305, 144,  85,  54,  21],
       [ 16,  29,  49,  20,  46,  37, 678,  14,  46,  23],
       [ 41,  47,  62,  14,  27,  29,  42, 510,  14, 242],
       [ 72,  32, 174,  38,  75, 119, 131,  69, 186,  78],
       [ 48,  29, 108,  31, 209,  48,  65,  91,  40, 340]])}, 36.821126459)
[2024-06-20 19:23:58,927][flwr][INFO] - configure_evaluate: no clients selected, skipping evaluation
[2024-06-20 19:23:58,927][flwr][INFO] - 
[2024-06-20 19:23:58,927][flwr][INFO] - [ROUND 7]
[2024-06-20 19:23:58,927][flwr][INFO] - configure_fit: strategy sampled 10 clients (out of 100)
[2024-06-20 19:24:04,263][flwr][INFO] - aggregate_fit: received 10 results and 0 failures
[2024-06-20 19:24:04,714][flwr][INFO] - fit progress: (7, 11083067.40625, {'accuracy': 0.4666, 'precision': 0.4717824562790877, 'recall': 0.4666, 'f1': 0.45984644783782114, 'confusion_matrix': array([[673,  33,  76,   9,  19,  36,  97,  20,  12,   5],
       [  0, 924,  58,   3,  11,  39,  34,   5,   5,  56],
       [ 38,  86, 403,  66, 138,  41, 147,  23,  45,  45],
       [ 50,  23,  70, 316,  35, 240,  76,  49, 116,  35],
       [ 39,  81,  19,  50, 490, 137,  27,  16,  18, 105],
       [113,  31,  46,  53,  32, 381, 108,  40,  55,  33],
       [ 30,  40,  52,  24, 102,  90, 492,   7,  59,  62],
       [ 65,  67,  72,  16,  41,  43,  19, 438,  13, 254],
       [ 72,  25, 131,  48,  93, 160, 109,  34, 209,  93],
       [ 53,  35, 105,  30, 239,  90,  32,  61,  24, 340]])}, 42.609244625)
[2024-06-20 19:24:04,715][flwr][INFO] - configure_evaluate: no clients selected, skipping evaluation
[2024-06-20 19:24:04,715][flwr][INFO] - 
[2024-06-20 19:24:04,715][flwr][INFO] - [ROUND 8]
[2024-06-20 19:24:04,715][flwr][INFO] - configure_fit: strategy sampled 10 clients (out of 100)
[2024-06-20 19:24:10,002][flwr][INFO] - aggregate_fit: received 10 results and 0 failures
[2024-06-20 19:24:10,446][flwr][INFO] - fit progress: (8, 38256428.078125, {'accuracy': 0.4586, 'precision': 0.4943299069086029, 'recall': 0.4586, 'f1': 0.45521480321643176, 'confusion_matrix': array([[730,  45,  77,   5,  12,  59,  19,  12,   9,  12],
       [  1, 818,  46,   6,   5,  66,  11,   6,   6, 170],
       [ 39,  73, 503,  59,  90,  63,  66,  24,  41,  74],
       [ 47,  14,  74, 337,  18, 329,  26,  40,  85,  40],
       [ 51,  61,  34,  53, 331, 226,   9,  17,  31, 169],
       [110,  28,  54,  45,  14, 523,  27,  28,  32,  31],
       [ 41,  43,  62,  42,  98, 189, 309,   7,  54, 113],
       [ 51,  41,  88,  14,  25,  59,   4, 437,   7, 302],
       [ 78,  14, 156,  38,  55, 294,  31,  31, 153, 124],
       [ 58,  25, 117,  27, 123, 142,  10,  47,  15, 445]])}, 48.340790084)
[2024-06-20 19:24:10,446][flwr][INFO] - configure_evaluate: no clients selected, skipping evaluation
[2024-06-20 19:24:10,446][flwr][INFO] - 
[2024-06-20 19:24:10,446][flwr][INFO] - [ROUND 9]
[2024-06-20 19:24:10,447][flwr][INFO] - configure_fit: strategy sampled 10 clients (out of 100)
[2024-06-20 19:24:15,720][flwr][INFO] - aggregate_fit: received 10 results and 0 failures
[2024-06-20 19:24:16,175][flwr][INFO] - fit progress: (9, 116751122.5, {'accuracy': 0.4669, 'precision': 0.4961966854625293, 'recall': 0.4669, 'f1': 0.4647154019620084, 'confusion_matrix': array([[708,  26,  61,  15,  30,  66,  49,   4,   8,  13],
       [  0, 824,  41,   9,  11,  32,  22,   5,   5, 186],
       [ 43,  64, 405,  90,  91,  50, 139,  15,  45,  90],
       [ 36,  14,  60, 452,  20, 239,  43,  23,  83,  40],
       [ 33,  57,  36,  90, 383, 180,  34,  11,  20, 138],
       [ 72,  22,  41,  80,  28, 491,  75,  16,  32,  35],
       [ 27,  37,  44,  60,  98, 104, 450,   2,  31, 105],
       [ 44,  43,  90,  20,  28,  61,  11, 351,   5, 375],
       [ 60,  13, 114,  74,  96, 209,  89,  17, 163, 139],
       [ 32,  37, 117,  44, 149, 111,  31,  31,  15, 442]])}, 54.070677834)
[2024-06-20 19:24:16,176][flwr][INFO] - configure_evaluate: no clients selected, skipping evaluation
[2024-06-20 19:24:16,176][flwr][INFO] - 
[2024-06-20 19:24:16,176][flwr][INFO] - [ROUND 10]
[2024-06-20 19:24:16,176][flwr][INFO] - configure_fit: strategy sampled 10 clients (out of 100)
[2024-06-20 19:24:21,469][flwr][INFO] - aggregate_fit: received 10 results and 0 failures
[2024-06-20 19:24:21,918][flwr][INFO] - fit progress: (10, 399385761.0, {'accuracy': 0.4787, 'precision': 0.49901606164406515, 'recall': 0.4787, 'f1': 0.47035023701405637, 'confusion_matrix': array([[697,  29,  43,  13,  43,  89,  44,   4,   6,  12],
       [  1, 914,  60,   7,  11,  32,  27,   8,   3,  72],
       [ 50,  84, 378,  91, 122,  58, 143,  21,  40,  45],
       [ 45,  16,  33, 441,  38, 282,  46,  16,  56,  37],
       [ 31,  63,  25,  68, 446, 185,  44,  14,   9,  97],
       [ 83,  19,  37,  73,  39, 516,  51,  20,  27,  27],
       [ 28,  50,  43,  41, 116, 107, 488,   4,  17,  64],
       [ 42,  45, 122,  27,  39,  58,  15, 373,   8, 299],
       [ 63,  17,  87,  82, 145, 242,  83,  23, 127, 105],
       [ 50,  43,  60,  39, 187, 134,  37,  41,  11, 407]])}, 59.813241834)
[2024-06-20 19:24:21,918][flwr][INFO] - configure_evaluate: no clients selected, skipping evaluation
[2024-06-20 19:24:21,918][flwr][INFO] - 
[2024-06-20 19:24:21,918][flwr][INFO] - [SUMMARY]
[2024-06-20 19:24:21,918][flwr][INFO] - Run finished 10 round(s) in 59.81s
[2024-06-20 19:24:21,923][flwr][INFO] - 	History (loss, centralized):
[2024-06-20 19:24:21,923][flwr][INFO] - 		round 0: 181.76928067207336
[2024-06-20 19:24:21,923][flwr][INFO] - 		round 1: 26186.57308959961
[2024-06-20 19:24:21,923][flwr][INFO] - 		round 2: 75798.03088378906
[2024-06-20 19:24:21,924][flwr][INFO] - 		round 3: 174156.6982421875
[2024-06-20 19:24:21,924][flwr][INFO] - 		round 4: 420810.7326660156
[2024-06-20 19:24:21,924][flwr][INFO] - 		round 5: 1194999.322265625
[2024-06-20 19:24:21,924][flwr][INFO] - 		round 6: 3418691.63671875
[2024-06-20 19:24:21,924][flwr][INFO] - 		round 7: 11083067.40625
[2024-06-20 19:24:21,924][flwr][INFO] - 		round 8: 38256428.078125
[2024-06-20 19:24:21,924][flwr][INFO] - 		round 9: 116751122.5
[2024-06-20 19:24:21,924][flwr][INFO] - 		round 10: 399385761.0
[2024-06-20 19:24:21,924][flwr][INFO] - 	History (metrics, centralized):
[2024-06-20 19:24:21,924][flwr][INFO] - 	{'accuracy': [(0, 0.1086),
[2024-06-20 19:24:21,924][flwr][INFO] - 	              (1, 0.0989),
[2024-06-20 19:24:21,924][flwr][INFO] - 	              (2, 0.2287),
[2024-06-20 19:24:21,924][flwr][INFO] - 	              (3, 0.345),
[2024-06-20 19:24:21,924][flwr][INFO] - 	              (4, 0.3834),
[2024-06-20 19:24:21,924][flwr][INFO] - 	              (5, 0.4374),
[2024-06-20 19:24:21,924][flwr][INFO] - 	              (6, 0.4698),
[2024-06-20 19:24:21,924][flwr][INFO] - 	              (7, 0.4666),
[2024-06-20 19:24:21,924][flwr][INFO] - 	              (8, 0.4586),
[2024-06-20 19:24:21,924][flwr][INFO] - 	              (9, 0.4669),
[2024-06-20 19:24:21,924][flwr][INFO] - 	              (10, 0.4787)],
[2024-06-20 19:24:21,924][flwr][INFO] - 	 'confusion_matrix': [(0,
[2024-06-20 19:24:21,924][flwr][INFO] - 	                       array([[   0,    8,    0,  956,    0,    1,    0,   15,    0,    0],
[2024-06-20 19:24:21,924][flwr][INFO] - 	       [   0,  122,    0, 1013,    0,    0,    0,    0,    0,    0],
[2024-06-20 19:24:21,924][flwr][INFO] - 	       [   0,   38,    0,  971,    0,    0,    3,   19,    1,    0],
[2024-06-20 19:24:21,924][flwr][INFO] - 	       [   0,   44,    0,  945,    1,    1,    0,   17,    2,    0],
[2024-06-20 19:24:21,924][flwr][INFO] - 	       [   0,  143,    0,  816,    1,    0,    2,   20,    0,    0],
[2024-06-20 19:24:21,924][flwr][INFO] - 	       [   0,  118,    0,  735,    1,    7,    0,   30,    1,    0],
[2024-06-20 19:24:21,924][flwr][INFO] - 	       [   0,  144,    0,  749,   25,    0,    2,   38,    0,    0],
[2024-06-20 19:24:21,924][flwr][INFO] - 	       [   0,  272,    0,  724,    8,    0,    0,    9,   15,    0],
[2024-06-20 19:24:21,924][flwr][INFO] - 	       [   0,   81,    0,  859,    1,    0,    1,   32,    0,    0],
[2024-06-20 19:24:21,924][flwr][INFO] - 	       [   0,  178,    0,  799,    1,    0,    0,   31,    0,    0]])),
[2024-06-20 19:24:21,924][flwr][INFO] - 	                      (1,
[2024-06-20 19:24:21,924][flwr][INFO] - 	                       array([[101, 649,  75,   5,   2,   9,  77,   1,  42,  19],
[2024-06-20 19:24:21,924][flwr][INFO] - 	       [147, 696, 128,   0,   7,   0,   1, 156,   0,   0],
[2024-06-20 19:24:21,924][flwr][INFO] - 	       [143, 715,  93,   6,   6,   4,  24,  10,  18,  13],
[2024-06-20 19:24:21,924][flwr][INFO] - 	       [ 32, 623, 285,   8,   9,   4,  15,   8,   0,  26],
[2024-06-20 19:24:21,924][flwr][INFO] - 	       [159, 690,  61,   8,   3,   7,  13,  13,  26,   2],
[2024-06-20 19:24:21,924][flwr][INFO] - 	       [ 45, 549, 153,   8,   7,  31,  21,  35,   1,  42],
[2024-06-20 19:24:21,924][flwr][INFO] - 	       [ 21, 860,  22,   1,   1,   1,  27,   2,  22,   1],
[2024-06-20 19:24:21,924][flwr][INFO] - 	       [108, 799,  58,   5,   8,   5,   4,  10,  18,  13],
[2024-06-20 19:24:21,924][flwr][INFO] - 	       [109, 677,  98,   4,  10,  11,  21,  32,   7,   5],
[2024-06-20 19:24:21,925][flwr][INFO] - 	       [ 80, 820,  47,   3,   5,   1,  13,   8,  19,  13]])),
[2024-06-20 19:24:21,925][flwr][INFO] - 	                      (2,
[2024-06-20 19:24:21,925][flwr][INFO] - 	                       array([[378, 310,  36,  86,   1,  26,  84,  26,  28,   5],
[2024-06-20 19:24:21,925][flwr][INFO] - 	       [  0, 825,   1, 121,   0,   8,  25,  12,   8, 135],
[2024-06-20 19:24:21,925][flwr][INFO] - 	       [ 49, 260,  56, 328,   0, 121,  41,  19,  40, 118],
[2024-06-20 19:24:21,925][flwr][INFO] - 	       [ 13, 220,   8, 558,   0,  98,  18,  46,  34,  15],
[2024-06-20 19:24:21,925][flwr][INFO] - 	       [202, 371,  31, 117,   0,  13,  95,  15, 102,  36],
[2024-06-20 19:24:21,925][flwr][INFO] - 	       [ 49, 324,   3, 369,   0,  54,  40,  38,   5,  10],
[2024-06-20 19:24:21,925][flwr][INFO] - 	       [ 28, 352,  19, 189,   0,  11, 209,   5, 117,  28],
[2024-06-20 19:24:21,925][flwr][INFO] - 	       [ 61, 482,  46,  39,   0,  32,  30, 130,  23, 185],
[2024-06-20 19:24:21,925][flwr][INFO] - 	       [100, 391,   1, 253,   0,  84,  49,  18,  20,  58],
[2024-06-20 19:24:21,925][flwr][INFO] - 	       [ 99, 536,  60, 119,   0,  11,  62,  40,  25,  57]])),
[2024-06-20 19:24:21,925][flwr][INFO] - 	                      (3,
[2024-06-20 19:24:21,925][flwr][INFO] - 	                       array([[655,  28,   8,   3,   1,  99,  30, 153,   3,   0],
[2024-06-20 19:24:21,925][flwr][INFO] - 	       [  6, 975,  12,   1,   4,  33,  58,  27,  15,   4],
[2024-06-20 19:24:21,925][flwr][INFO] - 	       [167, 110, 197,  59,  18,  93, 121, 216,  38,  13],
[2024-06-20 19:24:21,925][flwr][INFO] - 	       [121,  27,  15, 166,   1, 184,  12, 456,  21,   7],
[2024-06-20 19:24:21,925][flwr][INFO] - 	       [408,  63,  41,  57,  36, 103,  33, 146,  41,  54],
[2024-06-20 19:24:21,925][flwr][INFO] - 	       [240,  80,  11,  65,   4, 199,  21, 268,   2,   2],
[2024-06-20 19:24:21,925][flwr][INFO] - 	       [183,  55,  48,  32,   9, 158, 268, 107,  35,  63],
[2024-06-20 19:24:21,925][flwr][INFO] - 	       [ 74,  57,  14,  11,   6,  27,  18, 793,   5,  23],
[2024-06-20 19:24:21,925][flwr][INFO] - 	       [334,  65,  27,  47,  10, 213,  26, 190,  53,   9],
[2024-06-20 19:24:21,925][flwr][INFO] - 	       [294,  99, 100,  37,  30,  42,  12, 282,   5, 108]])),
[2024-06-20 19:24:21,925][flwr][INFO] - 	                      (4,
[2024-06-20 19:24:21,925][flwr][INFO] - 	                       array([[314,  81, 161,  37,  27,  45, 151, 150,   5,   9],
[2024-06-20 19:24:21,925][flwr][INFO] - 	       [  0, 576, 238,   7,  45,  78,  32,  86,   3,  70],
[2024-06-20 19:24:21,925][flwr][INFO] - 	       [ 13,  55, 483,  78,  66,  34, 118, 114,  27,  44],
[2024-06-20 19:24:21,925][flwr][INFO] - 	       [  8,  17, 127, 399,  12,  88,  61, 177,  67,  54],
[2024-06-20 19:24:21,925][flwr][INFO] - 	       [ 48,  52, 174,  95, 246,  51,  66, 114,  23, 113],
[2024-06-20 19:24:21,925][flwr][INFO] - 	       [ 34,  45,  98, 161,  55, 222,  94, 137,  31,  15],
[2024-06-20 19:24:21,925][flwr][INFO] - 	       [  2,  43, 149,  32,  50,  19, 490,  67,  31,  75],
[2024-06-20 19:24:21,925][flwr][INFO] - 	       [  9,  18,  94,  12,  20,  15,  24, 673,  12, 151],
[2024-06-20 19:24:21,925][flwr][INFO] - 	       [ 43,  54, 221,  60,  81, 147,  86, 139, 106,  37],
[2024-06-20 19:24:21,925][flwr][INFO] - 	       [ 28,  29, 249,  36,  88,  26,  36, 179,  13, 325]])),
[2024-06-20 19:24:21,925][flwr][INFO] - 	                      (5,
[2024-06-20 19:24:21,925][flwr][INFO] - 	                       array([[527,  56, 136,   7,  22,  38, 151,  35,   5,   3],
[2024-06-20 19:24:21,925][flwr][INFO] - 	       [  0, 859, 125,   2,  22,  46,  43,  15,   0,  23],
[2024-06-20 19:24:21,925][flwr][INFO] - 	       [ 26,  65, 503,  25,  87,  36, 209,  32,  27,  22],
[2024-06-20 19:24:21,925][flwr][INFO] - 	       [ 28,  21, 169, 309,  42, 137,  96,  66, 120,  22],
[2024-06-20 19:24:21,925][flwr][INFO] - 	       [ 19,  98,  89,  36, 409,  84, 145,  38,  17,  47],
[2024-06-20 19:24:21,925][flwr][INFO] - 	       [ 85,  55,  97,  78,  60, 254, 155,  69,  33,   6],
[2024-06-20 19:24:21,925][flwr][INFO] - 	       [  6,  34,  88,  16,  53,  36, 675,  19,  18,  13],
[2024-06-20 19:24:21,925][flwr][INFO] - 	       [ 30,  59, 136,  11,  24,  28,  53, 562,   7, 118],
[2024-06-20 19:24:21,926][flwr][INFO] - 	       [ 66,  45, 283,  23, 107, 120, 143,  53,  95,  39],
[2024-06-20 19:24:21,926][flwr][INFO] - 	       [ 34,  63, 214,  19, 225,  39, 111, 105,  18, 181]])),
[2024-06-20 19:24:21,926][flwr][INFO] - 	                      (6,
[2024-06-20 19:24:21,926][flwr][INFO] - 	                       array([[640,  47,  73,   5,  14,  34, 106,  43,  13,   5],
[2024-06-20 19:24:21,926][flwr][INFO] - 	       [  0, 906,  52,   6,  11,  34,  59,  19,   6,  42],
[2024-06-20 19:24:21,926][flwr][INFO] - 	       [ 45,  74, 399,  50,  91,  28, 222,  44,  41,  38],
[2024-06-20 19:24:21,926][flwr][INFO] - 	       [ 38,  17,  91, 297,  39, 185, 101,  72, 134,  36],
[2024-06-20 19:24:21,926][flwr][INFO] - 	       [ 31,  76,  40,  56, 437, 100,  94,  34,  29,  85],
[2024-06-20 19:24:21,926][flwr][INFO] - 	       [108,  31,  50,  48,  46, 305, 144,  85,  54,  21],
[2024-06-20 19:24:21,926][flwr][INFO] - 	       [ 16,  29,  49,  20,  46,  37, 678,  14,  46,  23],
[2024-06-20 19:24:21,926][flwr][INFO] - 	       [ 41,  47,  62,  14,  27,  29,  42, 510,  14, 242],
[2024-06-20 19:24:21,926][flwr][INFO] - 	       [ 72,  32, 174,  38,  75, 119, 131,  69, 186,  78],
[2024-06-20 19:24:21,926][flwr][INFO] - 	       [ 48,  29, 108,  31, 209,  48,  65,  91,  40, 340]])),
[2024-06-20 19:24:21,926][flwr][INFO] - 	                      (7,
[2024-06-20 19:24:21,926][flwr][INFO] - 	                       array([[673,  33,  76,   9,  19,  36,  97,  20,  12,   5],
[2024-06-20 19:24:21,926][flwr][INFO] - 	       [  0, 924,  58,   3,  11,  39,  34,   5,   5,  56],
[2024-06-20 19:24:21,926][flwr][INFO] - 	       [ 38,  86, 403,  66, 138,  41, 147,  23,  45,  45],
[2024-06-20 19:24:21,926][flwr][INFO] - 	       [ 50,  23,  70, 316,  35, 240,  76,  49, 116,  35],
[2024-06-20 19:24:21,926][flwr][INFO] - 	       [ 39,  81,  19,  50, 490, 137,  27,  16,  18, 105],
[2024-06-20 19:24:21,926][flwr][INFO] - 	       [113,  31,  46,  53,  32, 381, 108,  40,  55,  33],
[2024-06-20 19:24:21,926][flwr][INFO] - 	       [ 30,  40,  52,  24, 102,  90, 492,   7,  59,  62],
[2024-06-20 19:24:21,926][flwr][INFO] - 	       [ 65,  67,  72,  16,  41,  43,  19, 438,  13, 254],
[2024-06-20 19:24:21,926][flwr][INFO] - 	       [ 72,  25, 131,  48,  93, 160, 109,  34, 209,  93],
[2024-06-20 19:24:21,926][flwr][INFO] - 	       [ 53,  35, 105,  30, 239,  90,  32,  61,  24, 340]])),
[2024-06-20 19:24:21,926][flwr][INFO] - 	                      (8,
[2024-06-20 19:24:21,926][flwr][INFO] - 	                       array([[730,  45,  77,   5,  12,  59,  19,  12,   9,  12],
[2024-06-20 19:24:21,926][flwr][INFO] - 	       [  1, 818,  46,   6,   5,  66,  11,   6,   6, 170],
[2024-06-20 19:24:21,926][flwr][INFO] - 	       [ 39,  73, 503,  59,  90,  63,  66,  24,  41,  74],
[2024-06-20 19:24:21,926][flwr][INFO] - 	       [ 47,  14,  74, 337,  18, 329,  26,  40,  85,  40],
[2024-06-20 19:24:21,926][flwr][INFO] - 	       [ 51,  61,  34,  53, 331, 226,   9,  17,  31, 169],
[2024-06-20 19:24:21,926][flwr][INFO] - 	       [110,  28,  54,  45,  14, 523,  27,  28,  32,  31],
[2024-06-20 19:24:21,926][flwr][INFO] - 	       [ 41,  43,  62,  42,  98, 189, 309,   7,  54, 113],
[2024-06-20 19:24:21,926][flwr][INFO] - 	       [ 51,  41,  88,  14,  25,  59,   4, 437,   7, 302],
[2024-06-20 19:24:21,926][flwr][INFO] - 	       [ 78,  14, 156,  38,  55, 294,  31,  31, 153, 124],
[2024-06-20 19:24:21,926][flwr][INFO] - 	       [ 58,  25, 117,  27, 123, 142,  10,  47,  15, 445]])),
[2024-06-20 19:24:21,926][flwr][INFO] - 	                      (9,
[2024-06-20 19:24:21,926][flwr][INFO] - 	                       array([[708,  26,  61,  15,  30,  66,  49,   4,   8,  13],
[2024-06-20 19:24:21,926][flwr][INFO] - 	       [  0, 824,  41,   9,  11,  32,  22,   5,   5, 186],
[2024-06-20 19:24:21,926][flwr][INFO] - 	       [ 43,  64, 405,  90,  91,  50, 139,  15,  45,  90],
[2024-06-20 19:24:21,926][flwr][INFO] - 	       [ 36,  14,  60, 452,  20, 239,  43,  23,  83,  40],
[2024-06-20 19:24:21,926][flwr][INFO] - 	       [ 33,  57,  36,  90, 383, 180,  34,  11,  20, 138],
[2024-06-20 19:24:21,926][flwr][INFO] - 	       [ 72,  22,  41,  80,  28, 491,  75,  16,  32,  35],
[2024-06-20 19:24:21,926][flwr][INFO] - 	       [ 27,  37,  44,  60,  98, 104, 450,   2,  31, 105],
[2024-06-20 19:24:21,927][flwr][INFO] - 	       [ 44,  43,  90,  20,  28,  61,  11, 351,   5, 375],
[2024-06-20 19:24:21,927][flwr][INFO] - 	       [ 60,  13, 114,  74,  96, 209,  89,  17, 163, 139],
[2024-06-20 19:24:21,927][flwr][INFO] - 	       [ 32,  37, 117,  44, 149, 111,  31,  31,  15, 442]])),
[2024-06-20 19:24:21,927][flwr][INFO] - 	                      (10,
[2024-06-20 19:24:21,927][flwr][INFO] - 	                       array([[697,  29,  43,  13,  43,  89,  44,   4,   6,  12],
[2024-06-20 19:24:21,927][flwr][INFO] - 	       [  1, 914,  60,   7,  11,  32,  27,   8,   3,  72],
[2024-06-20 19:24:21,927][flwr][INFO] - 	       [ 50,  84, 378,  91, 122,  58, 143,  21,  40,  45],
[2024-06-20 19:24:21,927][flwr][INFO] - 	       [ 45,  16,  33, 441,  38, 282,  46,  16,  56,  37],
[2024-06-20 19:24:21,927][flwr][INFO] - 	       [ 31,  63,  25,  68, 446, 185,  44,  14,   9,  97],
[2024-06-20 19:24:21,927][flwr][INFO] - 	       [ 83,  19,  37,  73,  39, 516,  51,  20,  27,  27],
[2024-06-20 19:24:21,927][flwr][INFO] - 	       [ 28,  50,  43,  41, 116, 107, 488,   4,  17,  64],
[2024-06-20 19:24:21,927][flwr][INFO] - 	       [ 42,  45, 122,  27,  39,  58,  15, 373,   8, 299],
[2024-06-20 19:24:21,927][flwr][INFO] - 	       [ 63,  17,  87,  82, 145, 242,  83,  23, 127, 105],
[2024-06-20 19:24:21,927][flwr][INFO] - 	       [ 50,  43,  60,  39, 187, 134,  37,  41,  11, 407]]))],
[2024-06-20 19:24:21,927][flwr][INFO] - 	 'f1': [(0, 0.03553137346181725),
[2024-06-20 19:24:21,927][flwr][INFO] - 	        (1, 0.0561892718747421),
[2024-06-20 19:24:21,927][flwr][INFO] - 	        (2, 0.1792572530649862),
[2024-06-20 19:24:21,927][flwr][INFO] - 	        (3, 0.2955716956061656),
[2024-06-20 19:24:21,927][flwr][INFO] - 	        (4, 0.37503223031274896),
[2024-06-20 19:24:21,927][flwr][INFO] - 	        (5, 0.42153587576826856),
[2024-06-20 19:24:21,927][flwr][INFO] - 	        (6, 0.45870612667209226),
[2024-06-20 19:24:21,927][flwr][INFO] - 	        (7, 0.45984644783782114),
[2024-06-20 19:24:21,927][flwr][INFO] - 	        (8, 0.45521480321643176),
[2024-06-20 19:24:21,927][flwr][INFO] - 	        (9, 0.4647154019620084),
[2024-06-20 19:24:21,927][flwr][INFO] - 	        (10, 0.47035023701405637)],
[2024-06-20 19:24:21,927][flwr][INFO] - 	 'precision': [(0, 0.12349967530374152),
[2024-06-20 19:24:21,927][flwr][INFO] - 	               (1, 0.12079455839171564),
[2024-06-20 19:24:21,927][flwr][INFO] - 	               (2, 0.20205251727015738),
[2024-06-20 19:24:21,927][flwr][INFO] - 	               (3, 0.35598224995498134),
[2024-06-20 19:24:21,927][flwr][INFO] - 	               (4, 0.40774138028923335),
[2024-06-20 19:24:21,927][flwr][INFO] - 	               (5, 0.4484910483067948),
[2024-06-20 19:24:21,927][flwr][INFO] - 	               (6, 0.4664076448739378),
[2024-06-20 19:24:21,927][flwr][INFO] - 	               (7, 0.4717824562790877),
[2024-06-20 19:24:21,927][flwr][INFO] - 	               (8, 0.4943299069086029),
[2024-06-20 19:24:21,927][flwr][INFO] - 	               (9, 0.4961966854625293),
[2024-06-20 19:24:21,927][flwr][INFO] - 	               (10, 0.49901606164406515)],
[2024-06-20 19:24:21,927][flwr][INFO] - 	 'recall': [(0, 0.1086),
[2024-06-20 19:24:21,927][flwr][INFO] - 	            (1, 0.0989),
[2024-06-20 19:24:21,927][flwr][INFO] - 	            (2, 0.2287),
[2024-06-20 19:24:21,927][flwr][INFO] - 	            (3, 0.345),
[2024-06-20 19:24:21,927][flwr][INFO] - 	            (4, 0.3834),
[2024-06-20 19:24:21,927][flwr][INFO] - 	            (5, 0.4374),
[2024-06-20 19:24:21,927][flwr][INFO] - 	            (6, 0.4698),
[2024-06-20 19:24:21,928][flwr][INFO] - 	            (7, 0.4666),
[2024-06-20 19:24:21,928][flwr][INFO] - 	            (8, 0.4586),
[2024-06-20 19:24:21,928][flwr][INFO] - 	            (9, 0.4669),
[2024-06-20 19:24:21,928][flwr][INFO] - 	            (10, 0.4787)]}
[2024-06-20 19:24:21,928][flwr][INFO] - 
