[2024-07-08 18:06:42,357][flwr][INFO] - Starting Flower simulation, config: num_rounds=10, no round_timeout
[2024-07-08 18:06:44,350][flwr][INFO] - Flower VCE: Ray initialized with resources: {'memory': 8517522228.0, 'node:__internal_head__': 1.0, 'object_store_memory': 2147483648.0, 'CPU': 12.0, 'node:127.0.0.1': 1.0}
[2024-07-08 18:06:44,350][flwr][INFO] - Optimize your simulation with Flower VCE: https://flower.ai/docs/framework/how-to-run-simulations.html
[2024-07-08 18:06:44,350][flwr][INFO] - Flower VCE: Resources for each Virtual Client: {'num_cpus': 2, 'num_gpus': 0}
[2024-07-08 18:06:44,356][flwr][INFO] - Flower VCE: Creating VirtualClientEngineActorPool with 6 actors
[2024-07-08 18:06:44,356][flwr][INFO] - [INIT]
[2024-07-08 18:06:44,356][flwr][INFO] - Requesting initial parameters from one random client
[2024-07-08 18:06:46,002][flwr][INFO] - Received initial parameters from one random client
[2024-07-08 18:06:46,002][flwr][INFO] - Evaluating initial global parameters
[2024-07-08 18:06:46,372][flwr][INFO] - initial parameters (loss, other metrics): 181.76928067207336, {'accuracy': 0.1086, 'precision': 0.12349967530374152, 'recall': 0.1086, 'f1': 0.03553137346181725, 'confusion_matrix': array([[   0,    8,    0,  956,    0,    1,    0,   15,    0,    0],
       [   0,  122,    0, 1013,    0,    0,    0,    0,    0,    0],
       [   0,   38,    0,  971,    0,    0,    3,   19,    1,    0],
       [   0,   44,    0,  945,    1,    1,    0,   17,    2,    0],
       [   0,  143,    0,  816,    1,    0,    2,   20,    0,    0],
       [   0,  118,    0,  735,    1,    7,    0,   30,    1,    0],
       [   0,  144,    0,  749,   25,    0,    2,   38,    0,    0],
       [   0,  272,    0,  724,    8,    0,    0,    9,   15,    0],
       [   0,   81,    0,  859,    1,    0,    1,   32,    0,    0],
       [   0,  178,    0,  799,    1,    0,    0,   31,    0,    0]])}
[2024-07-08 18:06:46,372][flwr][INFO] - 
[2024-07-08 18:06:46,372][flwr][INFO] - [ROUND 1]
[2024-07-08 18:06:46,373][flwr][INFO] - configure_fit: strategy sampled 10 clients (out of 10)
[2024-07-08 18:06:53,960][flwr][INFO] - aggregate_fit: received 10 results and 0 failures
[2024-07-08 18:06:53,965][flwr][WARNING] - No fit_metrics_aggregation_fn provided
[2024-07-08 18:06:54,304][flwr][INFO] - fit progress: (1, 212.13848233222961, {'accuracy': 0.0468, 'precision': 0.033206792246720684, 'recall': 0.0468, 'f1': 0.035880548668597134, 'confusion_matrix': array([[ 255,  544,    0,    7,    2,    6,  115,   50,    1,    0],
       [   2,    0, 1124,    2,    0,    0,    2,    4,    0,    1],
       [  26,    1,   99,  672,    6,    1,    4,  186,    9,   28],
       [  29,    2,   50,   58,  677,    0,  115,   12,   16,   51],
       [ 632,    0,    4,    1,    8,  113,   17,  178,    0,   29],
       [  51,    4,    8,    1,    3,    3,  794,   20,    2,    6],
       [   2,    1,    4,    2,    1,    0,   22,  926,    0,    0],
       [ 299,    0,   20,   29,    0,    1,    2,    6,  667,    4],
       [ 100,    1,   45,   10,   15,    0,   56,   38,    2,  707],
       [ 963,    1,    6,    1,    3,    0,   11,    8,    1,   15]])}, 7.9319063750000005)
[2024-07-08 18:06:54,305][flwr][INFO] - configure_evaluate: no clients selected, skipping evaluation
[2024-07-08 18:06:54,305][flwr][INFO] - 
[2024-07-08 18:06:54,305][flwr][INFO] - [ROUND 2]
[2024-07-08 18:06:54,305][flwr][INFO] - configure_fit: strategy sampled 10 clients (out of 10)
[2024-07-08 18:07:00,251][flwr][INFO] - aggregate_fit: received 10 results and 0 failures
[2024-07-08 18:07:00,595][flwr][INFO] - fit progress: (2, 267.95643067359924, {'accuracy': 0.045, 'precision': 0.04184180638982121, 'recall': 0.045, 'f1': 0.04335165401380104, 'confusion_matrix': array([[  24,  936,    0,    0,    1,    3,    7,    5,    0,    4],
       [   0,    0, 1119,    4,    0,    0,    2,    2,    0,    8],
       [   6,    8,   30,  931,    7,    7,    4,   10,   13,   16],
       [   6,    3,    1,   68,  877,    1,   15,    0,    6,   33],
       [  51,    1,    0,    2,    4,  882,    5,    7,    0,   30],
       [  14,   12,    1,    2,   63,   14,  754,    1,    2,   29],
       [   1,   10,    4,    3,    3,    5,  212,  717,    0,    3],
       [ 149,    0,   14,   32,    2,   11,    1,    0,  815,    4],
       [  10,    4,    9,    8,   25,   18,   17,    0,    2,  881],
       [ 873,    2,    4,    1,    8,   20,    3,    1,    1,   96]])}, 14.222181332999998)
[2024-07-08 18:07:00,597][flwr][INFO] - configure_evaluate: no clients selected, skipping evaluation
[2024-07-08 18:07:00,597][flwr][INFO] - 
[2024-07-08 18:07:00,597][flwr][INFO] - [ROUND 3]
[2024-07-08 18:07:00,598][flwr][INFO] - configure_fit: strategy sampled 10 clients (out of 10)
[2024-07-08 18:07:06,298][flwr][INFO] - aggregate_fit: received 10 results and 0 failures
[2024-07-08 18:07:06,664][flwr][INFO] - fit progress: (3, 258.7844214439392, {'accuracy': 0.0405, 'precision': 0.03808511434682329, 'recall': 0.0405, 'f1': 0.03923296120763224, 'confusion_matrix': array([[  29,  915,    0,    2,    1,    3,   19,    8,    1,    2],
       [   0,    0, 1125,    4,    0,    0,    1,    3,    0,    2],
       [   5,    3,   38,  953,    4,    3,    5,    7,   10,    4],
       [   0,    0,    1,  103,  863,    0,    9,    0,   13,   21],
       [  38,    1,    3,    3,    1,  895,    0,   21,    1,   19],
       [   8,    5,    1,    4,   34,   13,  806,    3,    5,   13],
       [   0,    6,    3,    1,    1,    2,  139,  804,    0,    2],
       [  74,    0,   21,   25,    0,    6,    1,    1,  898,    2],
       [   4,    3,    9,   23,   18,   10,   20,    4,    7,  876],
       [ 882,    2,    6,    1,   10,   28,    2,    1,    3,   74]])}, 20.291276458)
[2024-07-08 18:07:06,664][flwr][INFO] - configure_evaluate: no clients selected, skipping evaluation
[2024-07-08 18:07:06,664][flwr][INFO] - 
[2024-07-08 18:07:06,664][flwr][INFO] - [ROUND 4]
[2024-07-08 18:07:06,665][flwr][INFO] - configure_fit: strategy sampled 10 clients (out of 10)
[2024-07-08 18:07:13,011][flwr][INFO] - aggregate_fit: received 10 results and 0 failures
[2024-07-08 18:07:13,351][flwr][INFO] - fit progress: (4, 290.6625757217407, {'accuracy': 0.0393, 'precision': 0.03614370040801925, 'recall': 0.0393, 'f1': 0.037635995087580844, 'confusion_matrix': array([[  14,  951,    0,    1,    0,    1,    5,    4,    0,    4],
       [   0,    0, 1127,    4,    0,    0,    1,    1,    0,    2],
       [   2,    6,   28,  978,    2,    2,    3,    3,    4,    4],
       [   0,    0,    2,   99,  866,    0,    6,    0,    9,   28],
       [  47,    1,    9,    4,    1,  868,    4,   22,    3,   23],
       [   7,    6,    1,    4,   29,    4,  829,    0,    1,   11],
       [   0,    8,    4,    0,    1,    1,  166,  776,    0,    2],
       [  54,    1,   24,   31,    2,    3,    0,    2,  910,    1],
       [   4,    3,    5,   21,    9,    5,   24,    1,    3,  899],
       [ 891,    3,    8,    2,    6,   15,    2,    2,    4,   76]])}, 26.978575375000002)
[2024-07-08 18:07:13,352][flwr][INFO] - configure_evaluate: no clients selected, skipping evaluation
[2024-07-08 18:07:13,352][flwr][INFO] - 
[2024-07-08 18:07:13,352][flwr][INFO] - [ROUND 5]
[2024-07-08 18:07:13,352][flwr][INFO] - configure_fit: strategy sampled 10 clients (out of 10)
[2024-07-08 18:07:19,250][flwr][INFO] - aggregate_fit: received 10 results and 0 failures
[2024-07-08 18:07:19,628][flwr][INFO] - fit progress: (5, 292.4339973926544, {'accuracy': 0.0284, 'precision': 0.02742516207009479, 'recall': 0.0284, 'f1': 0.027884262433030233, 'confusion_matrix': array([[  36,  931,    0,    1,    0,    1,    4,    3,    0,    4],
       [   0,    0, 1124,    4,    0,    0,    1,    3,    0,    3],
       [   5,    3,   16,  985,    2,    4,    2,    3,    6,    6],
       [   0,    0,    2,   65,  905,    3,    3,    0,    8,   24],
       [  44,    1,    2,    3,    0,  894,    1,   15,    2,   20],
       [   8,    6,    0,    5,   29,    7,  824,    1,    4,    8],
       [   0,    7,    3,    0,    1,    3,   74,  868,    0,    2],
       [  32,    1,   18,   23,    0,    1,    0,    3,  946,    4],
       [   3,    2,    2,   10,   10,    7,   13,    6,    6,  915],
       [ 898,    2,    7,    2,    7,   11,    1,    1,    3,   77]])}, 33.255349792000004)
[2024-07-08 18:07:19,628][flwr][INFO] - configure_evaluate: no clients selected, skipping evaluation
[2024-07-08 18:07:19,628][flwr][INFO] - 
[2024-07-08 18:07:19,629][flwr][INFO] - [ROUND 6]
[2024-07-08 18:07:19,629][flwr][INFO] - configure_fit: strategy sampled 10 clients (out of 10)
[2024-07-08 18:07:25,543][flwr][INFO] - aggregate_fit: received 10 results and 0 failures
[2024-07-08 18:07:25,894][flwr][INFO] - fit progress: (6, 325.8245298862457, {'accuracy': 0.0268, 'precision': 0.02477138021135267, 'recall': 0.0268, 'f1': 0.02569102603395606, 'confusion_matrix': array([[  13,  956,    0,    1,    0,    1,    2,    4,    0,    3],
       [   0,    0, 1120,    5,    1,    0,    1,    2,    0,    6],
       [   0,    6,    5,  996,    4,    3,    3,    3,    4,    8],
       [   0,    0,    0,   41,  924,    1,    4,    0,    5,   35],
       [  43,    1,    0,    2,    2,  897,    0,   11,    1,   25],
       [   6,    3,    1,    2,   29,    7,  826,    2,    4,   12],
       [   0,    6,    3,    0,    1,    4,   47,  893,    0,    4],
       [  24,    1,   11,   22,    0,    6,    0,    0,  955,    9],
       [   0,    3,    2,    6,    7,    2,   11,    2,    8,  933],
       [ 837,    2,    5,    2,    2,   11,    1,    0,    4,  145]])}, 39.521298542)
[2024-07-08 18:07:25,894][flwr][INFO] - configure_evaluate: no clients selected, skipping evaluation
[2024-07-08 18:07:25,894][flwr][INFO] - 
[2024-07-08 18:07:25,895][flwr][INFO] - [ROUND 7]
[2024-07-08 18:07:25,895][flwr][INFO] - configure_fit: strategy sampled 10 clients (out of 10)
[2024-07-08 18:07:31,690][flwr][INFO] - aggregate_fit: received 10 results and 0 failures
[2024-07-08 18:07:32,029][flwr][INFO] - fit progress: (7, 323.96490359306335, {'accuracy': 0.017, 'precision': 0.016607757399331177, 'recall': 0.017, 'f1': 0.016787317809073356, 'confusion_matrix': array([[  11,  957,    0,    0,    2,    1,    0,    4,    1,    4],
       [   0,    0, 1122,    5,    0,    0,    0,    1,    0,    7],
       [   0,    5,    6,  997,    3,    2,    3,    4,    7,    5],
       [   0,    0,    1,   42,  934,    1,    3,    0,    9,   20],
       [  33,    1,    0,    5,    1,  914,    1,   10,    3,   14],
       [   8,    2,    0,    1,   26,    6,  836,    1,    2,   10],
       [   0,    6,    3,    0,    1,    3,   37,  903,    0,    5],
       [  20,    1,    9,   19,    1,    1,    1,    2,  967,    7],
       [   0,    4,    1,    9,    7,    2,    8,    3,    6,  934],
       [ 916,    3,    5,    1,    4,   16,    1,    1,    3,   59]])}, 45.656721667)
[2024-07-08 18:07:32,030][flwr][INFO] - configure_evaluate: no clients selected, skipping evaluation
[2024-07-08 18:07:32,030][flwr][INFO] - 
[2024-07-08 18:07:32,030][flwr][INFO] - [ROUND 8]
[2024-07-08 18:07:32,030][flwr][INFO] - configure_fit: strategy sampled 10 clients (out of 10)
[2024-07-08 18:07:37,881][flwr][INFO] - aggregate_fit: received 10 results and 0 failures
[2024-07-08 18:07:38,224][flwr][INFO] - fit progress: (8, 320.77363777160645, {'accuracy': 0.0212, 'precision': 0.0201209566965743, 'recall': 0.0212, 'f1': 0.020624278405193337, 'confusion_matrix': array([[   8,  960,    0,    0,    2,    1,    1,    3,    1,    4],
       [   0,    0, 1119,    2,    1,    0,    0,    3,    3,    7],
       [   0,    3,    9,  997,    5,    2,    2,    3,    8,    3],
       [   0,    0,    2,   51,  928,    1,    3,    0,    8,   17],
       [  28,    1,    2,    4,    2,  909,    1,   13,    4,   18],
       [   5,    2,    1,    2,   22,    7,  836,    3,    3,   11],
       [   0,    5,    3,    1,    1,    2,   24,  917,    0,    5],
       [  13,    2,    7,   20,    1,    4,    0,    4,  970,    7],
       [   1,    1,    1,   15,    5,    3,    5,    1,    9,  933],
       [ 880,    2,    5,    2,    4,   10,    1,    1,    6,   98]])}, 51.850904083)
[2024-07-08 18:07:38,224][flwr][INFO] - configure_evaluate: no clients selected, skipping evaluation
[2024-07-08 18:07:38,224][flwr][INFO] - 
[2024-07-08 18:07:38,224][flwr][INFO] - [ROUND 9]
[2024-07-08 18:07:38,224][flwr][INFO] - configure_fit: strategy sampled 10 clients (out of 10)
[2024-07-08 18:07:44,691][flwr][INFO] - aggregate_fit: received 10 results and 0 failures
[2024-07-08 18:07:45,039][flwr][INFO] - fit progress: (9, 348.64281392097473, {'accuracy': 0.0182, 'precision': 0.017023033952715195, 'recall': 0.0182, 'f1': 0.017564352098954805, 'confusion_matrix': array([[  10,  958,    0,    0,    1,    1,    1,    3,    2,    4],
       [   1,    0, 1118,    4,    1,    1,    0,    3,    0,    7],
       [   0,    3,    3, 1002,    5,    2,    2,    2,    7,    6],
       [   0,    0,    0,   33,  934,    0,    6,    0,    8,   29],
       [  27,    1,    0,    5,    2,  920,    0,    6,    3,   18],
       [   8,    2,    0,    2,   20,    6,  833,    1,    2,   18],
       [   0,    7,    3,    0,    1,    6,   20,  914,    0,    7],
       [  15,    2,    7,   19,    2,    2,    0,    2,  970,    9],
       [   0,    1,    0,    7,    5,    3,    4,    0,    7,  947],
       [ 885,    2,    4,    1,    2,   10,    0,    0,    6,   99]])}, 58.666612167)
[2024-07-08 18:07:45,040][flwr][INFO] - configure_evaluate: no clients selected, skipping evaluation
[2024-07-08 18:07:45,040][flwr][INFO] - 
[2024-07-08 18:07:45,040][flwr][INFO] - [ROUND 10]
[2024-07-08 18:07:45,040][flwr][INFO] - configure_fit: strategy sampled 10 clients (out of 10)
[2024-07-08 18:07:51,364][flwr][INFO] - aggregate_fit: received 10 results and 0 failures
[2024-07-08 18:07:51,722][flwr][INFO] - fit progress: (10, 358.827109336853, {'accuracy': 0.0159, 'precision': 0.015476735885859858, 'recall': 0.0159, 'f1': 0.0156700172331535, 'confusion_matrix': array([[   8,  964,    0,    0,    1,    1,    0,    2,    0,    4],
       [   0,    2, 1122,    3,    1,    0,    0,    2,    0,    5],
       [   0,    5,    7, 1000,    5,    2,    2,    3,    4,    4],
       [   0,    0,    0,   41,  939,    0,    3,    0,    6,   21],
       [  32,    2,    1,    3,    2,  914,    0,   12,    3,   13],
       [   6,    2,    0,    0,   22,    5,  843,    1,    1,   12],
       [   0,    6,    3,    0,    1,    3,   20,  921,    0,    4],
       [  22,    0,   10,   18,    2,    0,    0,    7,  961,    8],
       [   1,    2,    1,    4,    3,    3,    3,    1,    9,  947],
       [ 929,    2,    4,    1,    3,    8,    0,    1,    3,   58]])}, 65.348719292)
[2024-07-08 18:07:51,722][flwr][INFO] - configure_evaluate: no clients selected, skipping evaluation
[2024-07-08 18:07:51,722][flwr][INFO] - 
[2024-07-08 18:07:51,722][flwr][INFO] - [SUMMARY]
[2024-07-08 18:07:51,722][flwr][INFO] - Run finished 10 round(s) in 65.35s
[2024-07-08 18:07:51,726][flwr][INFO] - 	History (loss, centralized):
[2024-07-08 18:07:51,726][flwr][INFO] - 		round 0: 181.76928067207336
[2024-07-08 18:07:51,726][flwr][INFO] - 		round 1: 212.13848233222961
[2024-07-08 18:07:51,726][flwr][INFO] - 		round 2: 267.95643067359924
[2024-07-08 18:07:51,726][flwr][INFO] - 		round 3: 258.7844214439392
[2024-07-08 18:07:51,726][flwr][INFO] - 		round 4: 290.6625757217407
[2024-07-08 18:07:51,726][flwr][INFO] - 		round 5: 292.4339973926544
[2024-07-08 18:07:51,726][flwr][INFO] - 		round 6: 325.8245298862457
[2024-07-08 18:07:51,726][flwr][INFO] - 		round 7: 323.96490359306335
[2024-07-08 18:07:51,726][flwr][INFO] - 		round 8: 320.77363777160645
[2024-07-08 18:07:51,726][flwr][INFO] - 		round 9: 348.64281392097473
[2024-07-08 18:07:51,726][flwr][INFO] - 		round 10: 358.827109336853
[2024-07-08 18:07:51,726][flwr][INFO] - 	History (metrics, centralized):
[2024-07-08 18:07:51,726][flwr][INFO] - 	{'accuracy': [(0, 0.1086),
[2024-07-08 18:07:51,726][flwr][INFO] - 	              (1, 0.0468),
[2024-07-08 18:07:51,726][flwr][INFO] - 	              (2, 0.045),
[2024-07-08 18:07:51,726][flwr][INFO] - 	              (3, 0.0405),
[2024-07-08 18:07:51,726][flwr][INFO] - 	              (4, 0.0393),
[2024-07-08 18:07:51,726][flwr][INFO] - 	              (5, 0.0284),
[2024-07-08 18:07:51,726][flwr][INFO] - 	              (6, 0.0268),
[2024-07-08 18:07:51,726][flwr][INFO] - 	              (7, 0.017),
[2024-07-08 18:07:51,726][flwr][INFO] - 	              (8, 0.0212),
[2024-07-08 18:07:51,726][flwr][INFO] - 	              (9, 0.0182),
[2024-07-08 18:07:51,726][flwr][INFO] - 	              (10, 0.0159)],
[2024-07-08 18:07:51,727][flwr][INFO] - 	 'confusion_matrix': [(0,
[2024-07-08 18:07:51,727][flwr][INFO] - 	                       array([[   0,    8,    0,  956,    0,    1,    0,   15,    0,    0],
[2024-07-08 18:07:51,727][flwr][INFO] - 	       [   0,  122,    0, 1013,    0,    0,    0,    0,    0,    0],
[2024-07-08 18:07:51,727][flwr][INFO] - 	       [   0,   38,    0,  971,    0,    0,    3,   19,    1,    0],
[2024-07-08 18:07:51,727][flwr][INFO] - 	       [   0,   44,    0,  945,    1,    1,    0,   17,    2,    0],
[2024-07-08 18:07:51,727][flwr][INFO] - 	       [   0,  143,    0,  816,    1,    0,    2,   20,    0,    0],
[2024-07-08 18:07:51,727][flwr][INFO] - 	       [   0,  118,    0,  735,    1,    7,    0,   30,    1,    0],
[2024-07-08 18:07:51,727][flwr][INFO] - 	       [   0,  144,    0,  749,   25,    0,    2,   38,    0,    0],
[2024-07-08 18:07:51,727][flwr][INFO] - 	       [   0,  272,    0,  724,    8,    0,    0,    9,   15,    0],
[2024-07-08 18:07:51,727][flwr][INFO] - 	       [   0,   81,    0,  859,    1,    0,    1,   32,    0,    0],
[2024-07-08 18:07:51,727][flwr][INFO] - 	       [   0,  178,    0,  799,    1,    0,    0,   31,    0,    0]])),
[2024-07-08 18:07:51,727][flwr][INFO] - 	                      (1,
[2024-07-08 18:07:51,727][flwr][INFO] - 	                       array([[ 255,  544,    0,    7,    2,    6,  115,   50,    1,    0],
[2024-07-08 18:07:51,727][flwr][INFO] - 	       [   2,    0, 1124,    2,    0,    0,    2,    4,    0,    1],
[2024-07-08 18:07:51,727][flwr][INFO] - 	       [  26,    1,   99,  672,    6,    1,    4,  186,    9,   28],
[2024-07-08 18:07:51,727][flwr][INFO] - 	       [  29,    2,   50,   58,  677,    0,  115,   12,   16,   51],
[2024-07-08 18:07:51,727][flwr][INFO] - 	       [ 632,    0,    4,    1,    8,  113,   17,  178,    0,   29],
[2024-07-08 18:07:51,727][flwr][INFO] - 	       [  51,    4,    8,    1,    3,    3,  794,   20,    2,    6],
[2024-07-08 18:07:51,727][flwr][INFO] - 	       [   2,    1,    4,    2,    1,    0,   22,  926,    0,    0],
[2024-07-08 18:07:51,727][flwr][INFO] - 	       [ 299,    0,   20,   29,    0,    1,    2,    6,  667,    4],
[2024-07-08 18:07:51,727][flwr][INFO] - 	       [ 100,    1,   45,   10,   15,    0,   56,   38,    2,  707],
[2024-07-08 18:07:51,727][flwr][INFO] - 	       [ 963,    1,    6,    1,    3,    0,   11,    8,    1,   15]])),
[2024-07-08 18:07:51,727][flwr][INFO] - 	                      (2,
[2024-07-08 18:07:51,727][flwr][INFO] - 	                       array([[  24,  936,    0,    0,    1,    3,    7,    5,    0,    4],
[2024-07-08 18:07:51,727][flwr][INFO] - 	       [   0,    0, 1119,    4,    0,    0,    2,    2,    0,    8],
[2024-07-08 18:07:51,727][flwr][INFO] - 	       [   6,    8,   30,  931,    7,    7,    4,   10,   13,   16],
[2024-07-08 18:07:51,727][flwr][INFO] - 	       [   6,    3,    1,   68,  877,    1,   15,    0,    6,   33],
[2024-07-08 18:07:51,727][flwr][INFO] - 	       [  51,    1,    0,    2,    4,  882,    5,    7,    0,   30],
[2024-07-08 18:07:51,727][flwr][INFO] - 	       [  14,   12,    1,    2,   63,   14,  754,    1,    2,   29],
[2024-07-08 18:07:51,727][flwr][INFO] - 	       [   1,   10,    4,    3,    3,    5,  212,  717,    0,    3],
[2024-07-08 18:07:51,727][flwr][INFO] - 	       [ 149,    0,   14,   32,    2,   11,    1,    0,  815,    4],
[2024-07-08 18:07:51,727][flwr][INFO] - 	       [  10,    4,    9,    8,   25,   18,   17,    0,    2,  881],
[2024-07-08 18:07:51,727][flwr][INFO] - 	       [ 873,    2,    4,    1,    8,   20,    3,    1,    1,   96]])),
[2024-07-08 18:07:51,727][flwr][INFO] - 	                      (3,
[2024-07-08 18:07:51,727][flwr][INFO] - 	                       array([[  29,  915,    0,    2,    1,    3,   19,    8,    1,    2],
[2024-07-08 18:07:51,727][flwr][INFO] - 	       [   0,    0, 1125,    4,    0,    0,    1,    3,    0,    2],
[2024-07-08 18:07:51,727][flwr][INFO] - 	       [   5,    3,   38,  953,    4,    3,    5,    7,   10,    4],
[2024-07-08 18:07:51,727][flwr][INFO] - 	       [   0,    0,    1,  103,  863,    0,    9,    0,   13,   21],
[2024-07-08 18:07:51,727][flwr][INFO] - 	       [  38,    1,    3,    3,    1,  895,    0,   21,    1,   19],
[2024-07-08 18:07:51,727][flwr][INFO] - 	       [   8,    5,    1,    4,   34,   13,  806,    3,    5,   13],
[2024-07-08 18:07:51,727][flwr][INFO] - 	       [   0,    6,    3,    1,    1,    2,  139,  804,    0,    2],
[2024-07-08 18:07:51,727][flwr][INFO] - 	       [  74,    0,   21,   25,    0,    6,    1,    1,  898,    2],
[2024-07-08 18:07:51,727][flwr][INFO] - 	       [   4,    3,    9,   23,   18,   10,   20,    4,    7,  876],
[2024-07-08 18:07:51,727][flwr][INFO] - 	       [ 882,    2,    6,    1,   10,   28,    2,    1,    3,   74]])),
[2024-07-08 18:07:51,727][flwr][INFO] - 	                      (4,
[2024-07-08 18:07:51,727][flwr][INFO] - 	                       array([[  14,  951,    0,    1,    0,    1,    5,    4,    0,    4],
[2024-07-08 18:07:51,727][flwr][INFO] - 	       [   0,    0, 1127,    4,    0,    0,    1,    1,    0,    2],
[2024-07-08 18:07:51,727][flwr][INFO] - 	       [   2,    6,   28,  978,    2,    2,    3,    3,    4,    4],
[2024-07-08 18:07:51,727][flwr][INFO] - 	       [   0,    0,    2,   99,  866,    0,    6,    0,    9,   28],
[2024-07-08 18:07:51,728][flwr][INFO] - 	       [  47,    1,    9,    4,    1,  868,    4,   22,    3,   23],
[2024-07-08 18:07:51,728][flwr][INFO] - 	       [   7,    6,    1,    4,   29,    4,  829,    0,    1,   11],
[2024-07-08 18:07:51,728][flwr][INFO] - 	       [   0,    8,    4,    0,    1,    1,  166,  776,    0,    2],
[2024-07-08 18:07:51,728][flwr][INFO] - 	       [  54,    1,   24,   31,    2,    3,    0,    2,  910,    1],
[2024-07-08 18:07:51,728][flwr][INFO] - 	       [   4,    3,    5,   21,    9,    5,   24,    1,    3,  899],
[2024-07-08 18:07:51,728][flwr][INFO] - 	       [ 891,    3,    8,    2,    6,   15,    2,    2,    4,   76]])),
[2024-07-08 18:07:51,728][flwr][INFO] - 	                      (5,
[2024-07-08 18:07:51,728][flwr][INFO] - 	                       array([[  36,  931,    0,    1,    0,    1,    4,    3,    0,    4],
[2024-07-08 18:07:51,728][flwr][INFO] - 	       [   0,    0, 1124,    4,    0,    0,    1,    3,    0,    3],
[2024-07-08 18:07:51,728][flwr][INFO] - 	       [   5,    3,   16,  985,    2,    4,    2,    3,    6,    6],
[2024-07-08 18:07:51,728][flwr][INFO] - 	       [   0,    0,    2,   65,  905,    3,    3,    0,    8,   24],
[2024-07-08 18:07:51,728][flwr][INFO] - 	       [  44,    1,    2,    3,    0,  894,    1,   15,    2,   20],
[2024-07-08 18:07:51,728][flwr][INFO] - 	       [   8,    6,    0,    5,   29,    7,  824,    1,    4,    8],
[2024-07-08 18:07:51,728][flwr][INFO] - 	       [   0,    7,    3,    0,    1,    3,   74,  868,    0,    2],
[2024-07-08 18:07:51,728][flwr][INFO] - 	       [  32,    1,   18,   23,    0,    1,    0,    3,  946,    4],
[2024-07-08 18:07:51,728][flwr][INFO] - 	       [   3,    2,    2,   10,   10,    7,   13,    6,    6,  915],
[2024-07-08 18:07:51,728][flwr][INFO] - 	       [ 898,    2,    7,    2,    7,   11,    1,    1,    3,   77]])),
[2024-07-08 18:07:51,728][flwr][INFO] - 	                      (6,
[2024-07-08 18:07:51,728][flwr][INFO] - 	                       array([[  13,  956,    0,    1,    0,    1,    2,    4,    0,    3],
[2024-07-08 18:07:51,728][flwr][INFO] - 	       [   0,    0, 1120,    5,    1,    0,    1,    2,    0,    6],
[2024-07-08 18:07:51,728][flwr][INFO] - 	       [   0,    6,    5,  996,    4,    3,    3,    3,    4,    8],
[2024-07-08 18:07:51,728][flwr][INFO] - 	       [   0,    0,    0,   41,  924,    1,    4,    0,    5,   35],
[2024-07-08 18:07:51,728][flwr][INFO] - 	       [  43,    1,    0,    2,    2,  897,    0,   11,    1,   25],
[2024-07-08 18:07:51,728][flwr][INFO] - 	       [   6,    3,    1,    2,   29,    7,  826,    2,    4,   12],
[2024-07-08 18:07:51,728][flwr][INFO] - 	       [   0,    6,    3,    0,    1,    4,   47,  893,    0,    4],
[2024-07-08 18:07:51,728][flwr][INFO] - 	       [  24,    1,   11,   22,    0,    6,    0,    0,  955,    9],
[2024-07-08 18:07:51,728][flwr][INFO] - 	       [   0,    3,    2,    6,    7,    2,   11,    2,    8,  933],
[2024-07-08 18:07:51,728][flwr][INFO] - 	       [ 837,    2,    5,    2,    2,   11,    1,    0,    4,  145]])),
[2024-07-08 18:07:51,728][flwr][INFO] - 	                      (7,
[2024-07-08 18:07:51,728][flwr][INFO] - 	                       array([[  11,  957,    0,    0,    2,    1,    0,    4,    1,    4],
[2024-07-08 18:07:51,728][flwr][INFO] - 	       [   0,    0, 1122,    5,    0,    0,    0,    1,    0,    7],
[2024-07-08 18:07:51,728][flwr][INFO] - 	       [   0,    5,    6,  997,    3,    2,    3,    4,    7,    5],
[2024-07-08 18:07:51,728][flwr][INFO] - 	       [   0,    0,    1,   42,  934,    1,    3,    0,    9,   20],
[2024-07-08 18:07:51,728][flwr][INFO] - 	       [  33,    1,    0,    5,    1,  914,    1,   10,    3,   14],
[2024-07-08 18:07:51,728][flwr][INFO] - 	       [   8,    2,    0,    1,   26,    6,  836,    1,    2,   10],
[2024-07-08 18:07:51,728][flwr][INFO] - 	       [   0,    6,    3,    0,    1,    3,   37,  903,    0,    5],
[2024-07-08 18:07:51,728][flwr][INFO] - 	       [  20,    1,    9,   19,    1,    1,    1,    2,  967,    7],
[2024-07-08 18:07:51,728][flwr][INFO] - 	       [   0,    4,    1,    9,    7,    2,    8,    3,    6,  934],
[2024-07-08 18:07:51,728][flwr][INFO] - 	       [ 916,    3,    5,    1,    4,   16,    1,    1,    3,   59]])),
[2024-07-08 18:07:51,728][flwr][INFO] - 	                      (8,
[2024-07-08 18:07:51,728][flwr][INFO] - 	                       array([[   8,  960,    0,    0,    2,    1,    1,    3,    1,    4],
[2024-07-08 18:07:51,728][flwr][INFO] - 	       [   0,    0, 1119,    2,    1,    0,    0,    3,    3,    7],
[2024-07-08 18:07:51,728][flwr][INFO] - 	       [   0,    3,    9,  997,    5,    2,    2,    3,    8,    3],
[2024-07-08 18:07:51,728][flwr][INFO] - 	       [   0,    0,    2,   51,  928,    1,    3,    0,    8,   17],
[2024-07-08 18:07:51,728][flwr][INFO] - 	       [  28,    1,    2,    4,    2,  909,    1,   13,    4,   18],
[2024-07-08 18:07:51,728][flwr][INFO] - 	       [   5,    2,    1,    2,   22,    7,  836,    3,    3,   11],
[2024-07-08 18:07:51,728][flwr][INFO] - 	       [   0,    5,    3,    1,    1,    2,   24,  917,    0,    5],
[2024-07-08 18:07:51,728][flwr][INFO] - 	       [  13,    2,    7,   20,    1,    4,    0,    4,  970,    7],
[2024-07-08 18:07:51,728][flwr][INFO] - 	       [   1,    1,    1,   15,    5,    3,    5,    1,    9,  933],
[2024-07-08 18:07:51,728][flwr][INFO] - 	       [ 880,    2,    5,    2,    4,   10,    1,    1,    6,   98]])),
[2024-07-08 18:07:51,728][flwr][INFO] - 	                      (9,
[2024-07-08 18:07:51,729][flwr][INFO] - 	                       array([[  10,  958,    0,    0,    1,    1,    1,    3,    2,    4],
[2024-07-08 18:07:51,729][flwr][INFO] - 	       [   1,    0, 1118,    4,    1,    1,    0,    3,    0,    7],
[2024-07-08 18:07:51,729][flwr][INFO] - 	       [   0,    3,    3, 1002,    5,    2,    2,    2,    7,    6],
[2024-07-08 18:07:51,729][flwr][INFO] - 	       [   0,    0,    0,   33,  934,    0,    6,    0,    8,   29],
[2024-07-08 18:07:51,729][flwr][INFO] - 	       [  27,    1,    0,    5,    2,  920,    0,    6,    3,   18],
[2024-07-08 18:07:51,729][flwr][INFO] - 	       [   8,    2,    0,    2,   20,    6,  833,    1,    2,   18],
[2024-07-08 18:07:51,729][flwr][INFO] - 	       [   0,    7,    3,    0,    1,    6,   20,  914,    0,    7],
[2024-07-08 18:07:51,729][flwr][INFO] - 	       [  15,    2,    7,   19,    2,    2,    0,    2,  970,    9],
[2024-07-08 18:07:51,729][flwr][INFO] - 	       [   0,    1,    0,    7,    5,    3,    4,    0,    7,  947],
[2024-07-08 18:07:51,729][flwr][INFO] - 	       [ 885,    2,    4,    1,    2,   10,    0,    0,    6,   99]])),
[2024-07-08 18:07:51,729][flwr][INFO] - 	                      (10,
[2024-07-08 18:07:51,729][flwr][INFO] - 	                       array([[   8,  964,    0,    0,    1,    1,    0,    2,    0,    4],
[2024-07-08 18:07:51,729][flwr][INFO] - 	       [   0,    2, 1122,    3,    1,    0,    0,    2,    0,    5],
[2024-07-08 18:07:51,729][flwr][INFO] - 	       [   0,    5,    7, 1000,    5,    2,    2,    3,    4,    4],
[2024-07-08 18:07:51,729][flwr][INFO] - 	       [   0,    0,    0,   41,  939,    0,    3,    0,    6,   21],
[2024-07-08 18:07:51,729][flwr][INFO] - 	       [  32,    2,    1,    3,    2,  914,    0,   12,    3,   13],
[2024-07-08 18:07:51,729][flwr][INFO] - 	       [   6,    2,    0,    0,   22,    5,  843,    1,    1,   12],
[2024-07-08 18:07:51,729][flwr][INFO] - 	       [   0,    6,    3,    0,    1,    3,   20,  921,    0,    4],
[2024-07-08 18:07:51,729][flwr][INFO] - 	       [  22,    0,   10,   18,    2,    0,    0,    7,  961,    8],
[2024-07-08 18:07:51,729][flwr][INFO] - 	       [   1,    2,    1,    4,    3,    3,    3,    1,    9,  947],
[2024-07-08 18:07:51,729][flwr][INFO] - 	       [ 929,    2,    4,    1,    3,    8,    0,    1,    3,   58]]))],
[2024-07-08 18:07:51,729][flwr][INFO] - 	 'f1': [(0, 0.03553137346181725),
[2024-07-08 18:07:51,729][flwr][INFO] - 	        (1, 0.035880548668597134),
[2024-07-08 18:07:51,729][flwr][INFO] - 	        (2, 0.04335165401380104),
[2024-07-08 18:07:51,729][flwr][INFO] - 	        (3, 0.03923296120763224),
[2024-07-08 18:07:51,729][flwr][INFO] - 	        (4, 0.037635995087580844),
[2024-07-08 18:07:51,729][flwr][INFO] - 	        (5, 0.027884262433030233),
[2024-07-08 18:07:51,729][flwr][INFO] - 	        (6, 0.02569102603395606),
[2024-07-08 18:07:51,729][flwr][INFO] - 	        (7, 0.016787317809073356),
[2024-07-08 18:07:51,729][flwr][INFO] - 	        (8, 0.020624278405193337),
[2024-07-08 18:07:51,729][flwr][INFO] - 	        (9, 0.017564352098954805),
[2024-07-08 18:07:51,729][flwr][INFO] - 	        (10, 0.0156700172331535)],
[2024-07-08 18:07:51,729][flwr][INFO] - 	 'precision': [(0, 0.12349967530374152),
[2024-07-08 18:07:51,729][flwr][INFO] - 	               (1, 0.033206792246720684),
[2024-07-08 18:07:51,729][flwr][INFO] - 	               (2, 0.04184180638982121),
[2024-07-08 18:07:51,729][flwr][INFO] - 	               (3, 0.03808511434682329),
[2024-07-08 18:07:51,729][flwr][INFO] - 	               (4, 0.03614370040801925),
[2024-07-08 18:07:51,729][flwr][INFO] - 	               (5, 0.02742516207009479),
[2024-07-08 18:07:51,729][flwr][INFO] - 	               (6, 0.02477138021135267),
[2024-07-08 18:07:51,729][flwr][INFO] - 	               (7, 0.016607757399331177),
[2024-07-08 18:07:51,729][flwr][INFO] - 	               (8, 0.0201209566965743),
[2024-07-08 18:07:51,729][flwr][INFO] - 	               (9, 0.017023033952715195),
[2024-07-08 18:07:51,729][flwr][INFO] - 	               (10, 0.015476735885859858)],
[2024-07-08 18:07:51,729][flwr][INFO] - 	 'recall': [(0, 0.1086),
[2024-07-08 18:07:51,729][flwr][INFO] - 	            (1, 0.0468),
[2024-07-08 18:07:51,729][flwr][INFO] - 	            (2, 0.045),
[2024-07-08 18:07:51,729][flwr][INFO] - 	            (3, 0.0405),
[2024-07-08 18:07:51,729][flwr][INFO] - 	            (4, 0.0393),
[2024-07-08 18:07:51,730][flwr][INFO] - 	            (5, 0.0284),
[2024-07-08 18:07:51,730][flwr][INFO] - 	            (6, 0.0268),
[2024-07-08 18:07:51,730][flwr][INFO] - 	            (7, 0.017),
[2024-07-08 18:07:51,730][flwr][INFO] - 	            (8, 0.0212),
[2024-07-08 18:07:51,730][flwr][INFO] - 	            (9, 0.0182),
[2024-07-08 18:07:51,730][flwr][INFO] - 	            (10, 0.0159)]}
[2024-07-08 18:07:51,730][flwr][INFO] - 
