[2024-06-21 13:17:47,388][flwr][INFO] - Starting Flower simulation, config: num_rounds=10, no round_timeout
[2024-06-21 13:17:49,359][flwr][INFO] - Flower VCE: Ray initialized with resources: {'memory': 9620729037.0, 'object_store_memory': 2147483648.0, 'CPU': 12.0, 'node:127.0.0.1': 1.0, 'node:__internal_head__': 1.0}
[2024-06-21 13:17:49,359][flwr][INFO] - Optimize your simulation with Flower VCE: https://flower.ai/docs/framework/how-to-run-simulations.html
[2024-06-21 13:17:49,359][flwr][INFO] - Flower VCE: Resources for each Virtual Client: {'num_cpus': 2, 'num_gpus': 0}
[2024-06-21 13:17:49,364][flwr][INFO] - Flower VCE: Creating VirtualClientEngineActorPool with 6 actors
[2024-06-21 13:17:49,365][flwr][INFO] - [INIT]
[2024-06-21 13:17:49,365][flwr][INFO] - Requesting initial parameters from one random client
[2024-06-21 13:17:50,879][flwr][INFO] - Received initial parameters from one random client
[2024-06-21 13:17:50,879][flwr][INFO] - Evaluating initial global parameters
[2024-06-21 13:17:51,212][flwr][INFO] - initial parameters (loss, other metrics): 181.76928067207336, {'accuracy': 0.1086, 'precision': 0.12349967530374152, 'recall': 0.1086, 'f1': 0.03553137346181725, 'confusion_matrix': array([[   0,    8,    0,  956,    0,    1,    0,   15,    0,    0],
       [   0,  122,    0, 1013,    0,    0,    0,    0,    0,    0],
       [   0,   38,    0,  971,    0,    0,    3,   19,    1,    0],
       [   0,   44,    0,  945,    1,    1,    0,   17,    2,    0],
       [   0,  143,    0,  816,    1,    0,    2,   20,    0,    0],
       [   0,  118,    0,  735,    1,    7,    0,   30,    1,    0],
       [   0,  144,    0,  749,   25,    0,    2,   38,    0,    0],
       [   0,  272,    0,  724,    8,    0,    0,    9,   15,    0],
       [   0,   81,    0,  859,    1,    0,    1,   32,    0,    0],
       [   0,  178,    0,  799,    1,    0,    0,   31,    0,    0]])}
[2024-06-21 13:17:51,213][flwr][INFO] - 
[2024-06-21 13:17:51,213][flwr][INFO] - [ROUND 1]
[2024-06-21 13:17:51,213][flwr][INFO] - configure_fit: strategy sampled 10 clients (out of 100)
[2024-06-21 13:17:58,164][flwr][INFO] - aggregate_fit: received 10 results and 0 failures
[2024-06-21 13:17:58,170][flwr][WARNING] - No fit_metrics_aggregation_fn provided
[2024-06-21 13:17:58,512][flwr][INFO] - fit progress: (1, 124.62704372406006, {'accuracy': 0.7, 'precision': 0.7336814834185864, 'recall': 0.7, 'f1': 0.6814998150247208, 'confusion_matrix': array([[919,   0,   2,   5,   0,   1,  20,  30,   3,   0],
       [  0, 905, 106,   4,   0,   0,   3,   2, 114,   1],
       [ 17,   3, 769, 119,   9,   0,  25,  41,  37,  12],
       [  9,   0,  27, 815,  12,   3,   3,  44,  88,   9],
       [  5,   1,   3,   1, 735,   1,  32,  97,  31,  76],
       [ 65,  13,  13, 157,  76, 166,  30,  55, 291,  26],
       [ 17,   2,  45,   5,  11,  11, 847,  13,   3,   4],
       [  4,   6,  21,   6,   8,   0,   0, 898,  68,  17],
       [ 10,   0,  13, 139,   8,   9,   9,  39, 701,  46],
       [ 20,   1,   2,   8,  87,   0,   2, 585,  59, 245]])}, 7.298982124999999)
[2024-06-21 13:17:58,512][flwr][INFO] - configure_evaluate: no clients selected, skipping evaluation
[2024-06-21 13:17:58,512][flwr][INFO] - 
[2024-06-21 13:17:58,512][flwr][INFO] - [ROUND 2]
[2024-06-21 13:17:58,512][flwr][INFO] - configure_fit: strategy sampled 10 clients (out of 100)
[2024-06-21 13:18:04,863][flwr][INFO] - aggregate_fit: received 10 results and 0 failures
[2024-06-21 13:18:05,221][flwr][INFO] - fit progress: (2, 70.66056996583939, {'accuracy': 0.7771, 'precision': 0.8057491884319539, 'recall': 0.7771, 'f1': 0.7751283140590054, 'confusion_matrix': array([[922,   0,   3,   9,   6,   6,  25,   1,   1,   7],
       [  0, 770, 354,   1,   1,   4,   3,   0,   2,   0],
       [ 11,   2, 899,  40,  15,   3,  22,  18,  15,   7],
       [  6,   3,  89, 806,  21,  16,   6,  11,  31,  21],
       [  0,   0,   6,   1, 919,   6,  18,   0,   0,  32],
       [ 32,  14,  20, 124, 104, 495,  39,   3,  19,  42],
       [ 12,   2,  23,   1,  13,  15, 891,   0,   0,   1],
       [  6,   7,  60,   4,  29,   0,   1, 821,   4,  96],
       [  9,   6,  93, 130,  41,  32,  10,   4, 482, 167],
       [  8,   3,   7,   9, 186,   3,   3,  17,   7, 766]])}, 14.008920874999998)
[2024-06-21 13:18:05,222][flwr][INFO] - configure_evaluate: no clients selected, skipping evaluation
[2024-06-21 13:18:05,222][flwr][INFO] - 
[2024-06-21 13:18:05,222][flwr][INFO] - [ROUND 3]
[2024-06-21 13:18:05,222][flwr][INFO] - configure_fit: strategy sampled 10 clients (out of 100)
[2024-06-21 13:18:09,989][flwr][INFO] - aggregate_fit: received 10 results and 0 failures
[2024-06-21 13:18:10,322][flwr][INFO] - fit progress: (3, 64.66579285264015, {'accuracy': 0.8186, 'precision': 0.8288016640443271, 'recall': 0.8186, 'f1': 0.8135513413966396, 'confusion_matrix': array([[ 940,    0,    0,    4,    4,    4,   15,    7,    2,    4],
       [   0, 1104,   18,    1,    0,    0,    3,    1,    7,    1],
       [   8,   56,  768,  101,   22,    0,   13,   40,   23,    1],
       [   4,   13,   14,  890,   15,    3,    8,   19,   30,   14],
       [   0,    3,    3,    1,  928,    0,   11,    3,    3,   30],
       [  21,   23,    3,  122,   82,  523,   51,    9,   23,   35],
       [  13,    7,    4,    0,   20,    6,  888,   18,    0,    2],
       [   4,   37,   19,    6,   31,    0,    0,  899,   13,   19],
       [   7,   43,   14,   80,   42,   15,   13,   14,  529,  217],
       [  11,    7,    1,    7,  156,    1,    1,   88,   20,  717]])}, 19.109896667)
[2024-06-21 13:18:10,323][flwr][INFO] - configure_evaluate: no clients selected, skipping evaluation
[2024-06-21 13:18:10,323][flwr][INFO] - 
[2024-06-21 13:18:10,323][flwr][INFO] - [ROUND 4]
[2024-06-21 13:18:10,323][flwr][INFO] - configure_fit: strategy sampled 10 clients (out of 100)
[2024-06-21 13:18:15,145][flwr][INFO] - aggregate_fit: received 10 results and 0 failures
[2024-06-21 13:18:15,484][flwr][INFO] - fit progress: (4, 55.00375935435295, {'accuracy': 0.8652, 'precision': 0.8676672210231567, 'recall': 0.8652, 'f1': 0.8626847772581628, 'confusion_matrix': array([[ 954,    3,    0,    4,    1,    4,    9,    2,    1,    2],
       [   0, 1092,   27,    2,    1,    2,    5,    1,    5,    0],
       [   9,   20,  829,   86,   23,    0,    9,   29,   26,    1],
       [   3,    4,   16,  904,    8,   13,    5,   18,   26,   13],
       [   1,    3,    3,    1,  939,    3,   12,    1,    2,   17],
       [  18,    9,    1,   74,   29,  666,   52,    8,   18,   17],
       [  11,    9,    4,    0,   17,    9,  908,    0,    0,    0],
       [   7,   19,   28,    7,   20,    0,    1,  916,    6,   24],
       [   6,   25,   21,   55,   31,   41,   22,   14,  629,  130],
       [  19,    6,    2,    6,  100,    3,    1,   53,    4,  815]])}, 24.271682875)
[2024-06-21 13:18:15,485][flwr][INFO] - configure_evaluate: no clients selected, skipping evaluation
[2024-06-21 13:18:15,485][flwr][INFO] - 
[2024-06-21 13:18:15,485][flwr][INFO] - [ROUND 5]
[2024-06-21 13:18:15,485][flwr][INFO] - configure_fit: strategy sampled 10 clients (out of 100)
[2024-06-21 13:18:20,291][flwr][INFO] - aggregate_fit: received 10 results and 0 failures
[2024-06-21 13:18:20,635][flwr][INFO] - fit progress: (5, 48.103135854005814, {'accuracy': 0.8596, 'precision': 0.8679471906307099, 'recall': 0.8596, 'f1': 0.8562878019476658, 'confusion_matrix': array([[ 938,    3,    1,    2,    1,    4,   20,    4,    1,    6],
       [   0, 1092,   29,    2,    2,    1,    3,    1,    5,    0],
       [   7,   21,  907,   31,   17,    0,   11,   22,   15,    1],
       [   2,    7,   38,  901,    5,    7,    5,   12,   16,   17],
       [   0,    2,    4,    1,  916,    0,   10,    0,    2,   47],
       [  11,   11,    3,   95,   24,  658,   50,   10,   11,   19],
       [   7,    6,    3,    0,   11,    8,  919,    3,    0,    1],
       [   4,   25,   46,   13,   24,    0,    1,  865,    5,   45],
       [   9,   28,   24,   50,   22,   21,   14,   13,  522,  271],
       [  14,    7,    5,   10,   71,    8,    1,   13,    2,  878]])}, 29.423078082999996)
[2024-06-21 13:18:20,636][flwr][INFO] - configure_evaluate: no clients selected, skipping evaluation
[2024-06-21 13:18:20,636][flwr][INFO] - 
[2024-06-21 13:18:20,636][flwr][INFO] - [ROUND 6]
[2024-06-21 13:18:20,636][flwr][INFO] - configure_fit: strategy sampled 10 clients (out of 100)
[2024-06-21 13:18:25,784][flwr][INFO] - aggregate_fit: received 10 results and 0 failures
[2024-06-21 13:18:26,129][flwr][INFO] - fit progress: (6, 44.989889442920685, {'accuracy': 0.8804, 'precision': 0.88237026141874, 'recall': 0.8804, 'f1': 0.8788754065075134, 'confusion_matrix': array([[ 954,    3,    0,    1,    0,    5,    9,    3,    4,    1],
       [   0, 1108,   13,    2,    1,    2,    4,    0,    5,    0],
       [  10,   37,  841,   52,   17,    1,   14,   26,   33,    1],
       [   3,   12,   13,  901,   11,    7,    5,   18,   30,   10],
       [   1,    2,    2,    1,  938,    4,   10,    2,    3,   19],
       [  18,   12,    3,   73,   28,  671,   38,   11,   25,   13],
       [  13,    7,    2,    0,   17,    6,  905,    5,    2,    1],
       [   3,   27,   24,    6,   21,    0,    1,  917,    7,   22],
       [   7,   42,    7,   23,   20,   21,   18,   15,  738,   83],
       [  20,    7,    1,    6,   91,    4,    0,   39,   10,  831]])}, 34.916261958)
[2024-06-21 13:18:26,129][flwr][INFO] - configure_evaluate: no clients selected, skipping evaluation
[2024-06-21 13:18:26,129][flwr][INFO] - 
[2024-06-21 13:18:26,129][flwr][INFO] - [ROUND 7]
[2024-06-21 13:18:26,130][flwr][INFO] - configure_fit: strategy sampled 10 clients (out of 100)
[2024-06-21 13:18:31,136][flwr][INFO] - aggregate_fit: received 10 results and 0 failures
[2024-06-21 13:18:31,529][flwr][INFO] - fit progress: (7, 48.01723310351372, {'accuracy': 0.8853, 'precision': 0.8890229976377132, 'recall': 0.8853, 'f1': 0.883480774596067, 'confusion_matrix': array([[ 958,    0,    0,    1,    1,    1,   12,    4,    3,    0],
       [   0, 1095,   27,    1,    0,    0,    4,    3,    5,    0],
       [   8,   24,  884,   41,   13,    0,   17,   26,   19,    0],
       [   3,    6,   22,  904,    4,    8,    9,   19,   28,    7],
       [   1,    3,    2,    2,  902,    1,   19,    7,    4,   41],
       [  19,    8,    3,   53,   17,  595,  136,   21,   23,   17],
       [   8,    4,    2,    0,    9,    2,  931,    0,    2,    0],
       [   3,   14,   37,    7,    8,    0,    2,  946,    1,   10],
       [  10,   16,   13,   26,   11,   11,   23,   25,  800,   39],
       [  22,    5,    0,   14,   53,    2,    2,   67,    6,  838]])}, 40.316857833)
[2024-06-21 13:18:31,530][flwr][INFO] - configure_evaluate: no clients selected, skipping evaluation
[2024-06-21 13:18:31,530][flwr][INFO] - 
[2024-06-21 13:18:31,530][flwr][INFO] - [ROUND 8]
[2024-06-21 13:18:31,530][flwr][INFO] - configure_fit: strategy sampled 10 clients (out of 100)
[2024-06-21 13:18:37,099][flwr][INFO] - aggregate_fit: received 10 results and 0 failures
[2024-06-21 13:18:37,442][flwr][INFO] - fit progress: (8, 41.609292045235634, {'accuracy': 0.8928, 'precision': 0.8943390405423701, 'recall': 0.8928, 'f1': 0.8917779451794422, 'confusion_matrix': array([[ 959,    0,    0,    0,    0,    3,    9,    5,    3,    1],
       [   0, 1111,    9,    2,    1,    2,    3,    1,    6,    0],
       [   7,   46,  872,   27,   14,    0,   10,   28,   27,    1],
       [   2,   18,   21,  880,    6,    8,    5,   20,   42,    8],
       [   1,    6,    2,    2,  928,    5,   12,    5,    2,   19],
       [  14,   10,    2,   41,   18,  696,   59,   11,   28,   13],
       [  14,    5,    3,    0,   13,    2,  916,    5,    0,    0],
       [   4,   33,   31,    4,   14,    0,    1,  924,    3,   14],
       [   5,   28,    8,   10,   15,   15,   21,   25,  798,   49],
       [  12,    8,    1,    7,   84,    5,    0,   35,   13,  844]])}, 46.230159)
[2024-06-21 13:18:37,443][flwr][INFO] - configure_evaluate: no clients selected, skipping evaluation
[2024-06-21 13:18:37,443][flwr][INFO] - 
[2024-06-21 13:18:37,443][flwr][INFO] - [ROUND 9]
[2024-06-21 13:18:37,443][flwr][INFO] - configure_fit: strategy sampled 10 clients (out of 100)
[2024-06-21 13:18:42,694][flwr][INFO] - aggregate_fit: received 10 results and 0 failures
[2024-06-21 13:18:43,033][flwr][INFO] - fit progress: (9, 42.10701769590378, {'accuracy': 0.8936, 'precision': 0.8950036391008683, 'recall': 0.8936, 'f1': 0.8923933392001246, 'confusion_matrix': array([[ 960,    1,    1,    2,    0,    2,    8,    3,    3,    0],
       [   0, 1104,   18,    2,    0,    0,    4,    1,    6,    0],
       [  11,   17,  904,   28,   14,    0,   15,   22,   21,    0],
       [   2,    8,   29,  897,    5,    8,    5,   20,   25,   11],
       [   1,    4,    4,    1,  916,    2,   13,    2,    1,   38],
       [  13,   12,    5,   55,   18,  677,   46,   19,   25,   22],
       [  11,    4,    3,    0,    9,    4,  927,    0,    0,    0],
       [   4,   17,   29,    4,    8,    0,    3,  937,    5,   21],
       [   4,   15,   25,   16,   19,    9,   22,   16,  751,   97],
       [  18,    6,    0,   10,   62,    0,    2,   37,   11,  863]])}, 51.821016375000006)
[2024-06-21 13:18:43,034][flwr][INFO] - configure_evaluate: no clients selected, skipping evaluation
[2024-06-21 13:18:43,034][flwr][INFO] - 
[2024-06-21 13:18:43,034][flwr][INFO] - [ROUND 10]
[2024-06-21 13:18:43,034][flwr][INFO] - configure_fit: strategy sampled 10 clients (out of 100)
[2024-06-21 13:18:47,641][flwr][INFO] - aggregate_fit: received 10 results and 0 failures
[2024-06-21 13:18:48,035][flwr][INFO] - fit progress: (10, 39.44867719709873, {'accuracy': 0.8921, 'precision': 0.8979781569370608, 'recall': 0.8921, 'f1': 0.8905290967009017, 'confusion_matrix': array([[ 949,    2,    0,    4,    2,    5,    9,    3,    5,    1],
       [   0, 1122,    3,    2,    0,    2,    3,    1,    2,    0],
       [   8,   35,  883,   39,   17,    0,   11,   22,   17,    0],
       [   2,    7,   13,  940,    5,    8,    3,   14,   17,    1],
       [   1,    6,    2,    1,  942,    3,   11,    3,    4,    9],
       [   6,   14,    2,   56,   11,  741,   29,    8,   19,    6],
       [   9,    5,    3,    0,   16,    7,  914,    1,    3,    0],
       [   3,   33,   25,    7,   12,    1,    1,  939,    1,    6],
       [   4,   38,    7,   36,   16,   17,   16,   16,  808,   16],
       [  12,    8,    0,   20,  202,    6,    1,   59,   18,  683]])}, 56.822760167000006)
[2024-06-21 13:18:48,035][flwr][INFO] - configure_evaluate: no clients selected, skipping evaluation
[2024-06-21 13:18:48,036][flwr][INFO] - 
[2024-06-21 13:18:48,036][flwr][INFO] - [SUMMARY]
[2024-06-21 13:18:48,036][flwr][INFO] - Run finished 10 round(s) in 56.82s
[2024-06-21 13:18:48,039][flwr][INFO] - 	History (loss, centralized):
[2024-06-21 13:18:48,039][flwr][INFO] - 		round 0: 181.76928067207336
[2024-06-21 13:18:48,039][flwr][INFO] - 		round 1: 124.62704372406006
[2024-06-21 13:18:48,039][flwr][INFO] - 		round 2: 70.66056996583939
[2024-06-21 13:18:48,039][flwr][INFO] - 		round 3: 64.66579285264015
[2024-06-21 13:18:48,040][flwr][INFO] - 		round 4: 55.00375935435295
[2024-06-21 13:18:48,040][flwr][INFO] - 		round 5: 48.103135854005814
[2024-06-21 13:18:48,040][flwr][INFO] - 		round 6: 44.989889442920685
[2024-06-21 13:18:48,040][flwr][INFO] - 		round 7: 48.01723310351372
[2024-06-21 13:18:48,040][flwr][INFO] - 		round 8: 41.609292045235634
[2024-06-21 13:18:48,040][flwr][INFO] - 		round 9: 42.10701769590378
[2024-06-21 13:18:48,040][flwr][INFO] - 		round 10: 39.44867719709873
[2024-06-21 13:18:48,040][flwr][INFO] - 	History (metrics, centralized):
[2024-06-21 13:18:48,040][flwr][INFO] - 	{'accuracy': [(0, 0.1086),
[2024-06-21 13:18:48,040][flwr][INFO] - 	              (1, 0.7),
[2024-06-21 13:18:48,040][flwr][INFO] - 	              (2, 0.7771),
[2024-06-21 13:18:48,040][flwr][INFO] - 	              (3, 0.8186),
[2024-06-21 13:18:48,040][flwr][INFO] - 	              (4, 0.8652),
[2024-06-21 13:18:48,040][flwr][INFO] - 	              (5, 0.8596),
[2024-06-21 13:18:48,040][flwr][INFO] - 	              (6, 0.8804),
[2024-06-21 13:18:48,040][flwr][INFO] - 	              (7, 0.8853),
[2024-06-21 13:18:48,040][flwr][INFO] - 	              (8, 0.8928),
[2024-06-21 13:18:48,040][flwr][INFO] - 	              (9, 0.8936),
[2024-06-21 13:18:48,040][flwr][INFO] - 	              (10, 0.8921)],
[2024-06-21 13:18:48,040][flwr][INFO] - 	 'confusion_matrix': [(0,
[2024-06-21 13:18:48,040][flwr][INFO] - 	                       array([[   0,    8,    0,  956,    0,    1,    0,   15,    0,    0],
[2024-06-21 13:18:48,040][flwr][INFO] - 	       [   0,  122,    0, 1013,    0,    0,    0,    0,    0,    0],
[2024-06-21 13:18:48,040][flwr][INFO] - 	       [   0,   38,    0,  971,    0,    0,    3,   19,    1,    0],
[2024-06-21 13:18:48,040][flwr][INFO] - 	       [   0,   44,    0,  945,    1,    1,    0,   17,    2,    0],
[2024-06-21 13:18:48,040][flwr][INFO] - 	       [   0,  143,    0,  816,    1,    0,    2,   20,    0,    0],
[2024-06-21 13:18:48,040][flwr][INFO] - 	       [   0,  118,    0,  735,    1,    7,    0,   30,    1,    0],
[2024-06-21 13:18:48,040][flwr][INFO] - 	       [   0,  144,    0,  749,   25,    0,    2,   38,    0,    0],
[2024-06-21 13:18:48,040][flwr][INFO] - 	       [   0,  272,    0,  724,    8,    0,    0,    9,   15,    0],
[2024-06-21 13:18:48,040][flwr][INFO] - 	       [   0,   81,    0,  859,    1,    0,    1,   32,    0,    0],
[2024-06-21 13:18:48,040][flwr][INFO] - 	       [   0,  178,    0,  799,    1,    0,    0,   31,    0,    0]])),
[2024-06-21 13:18:48,040][flwr][INFO] - 	                      (1,
[2024-06-21 13:18:48,040][flwr][INFO] - 	                       array([[919,   0,   2,   5,   0,   1,  20,  30,   3,   0],
[2024-06-21 13:18:48,040][flwr][INFO] - 	       [  0, 905, 106,   4,   0,   0,   3,   2, 114,   1],
[2024-06-21 13:18:48,040][flwr][INFO] - 	       [ 17,   3, 769, 119,   9,   0,  25,  41,  37,  12],
[2024-06-21 13:18:48,040][flwr][INFO] - 	       [  9,   0,  27, 815,  12,   3,   3,  44,  88,   9],
[2024-06-21 13:18:48,040][flwr][INFO] - 	       [  5,   1,   3,   1, 735,   1,  32,  97,  31,  76],
[2024-06-21 13:18:48,040][flwr][INFO] - 	       [ 65,  13,  13, 157,  76, 166,  30,  55, 291,  26],
[2024-06-21 13:18:48,040][flwr][INFO] - 	       [ 17,   2,  45,   5,  11,  11, 847,  13,   3,   4],
[2024-06-21 13:18:48,040][flwr][INFO] - 	       [  4,   6,  21,   6,   8,   0,   0, 898,  68,  17],
[2024-06-21 13:18:48,040][flwr][INFO] - 	       [ 10,   0,  13, 139,   8,   9,   9,  39, 701,  46],
[2024-06-21 13:18:48,040][flwr][INFO] - 	       [ 20,   1,   2,   8,  87,   0,   2, 585,  59, 245]])),
[2024-06-21 13:18:48,040][flwr][INFO] - 	                      (2,
[2024-06-21 13:18:48,040][flwr][INFO] - 	                       array([[922,   0,   3,   9,   6,   6,  25,   1,   1,   7],
[2024-06-21 13:18:48,040][flwr][INFO] - 	       [  0, 770, 354,   1,   1,   4,   3,   0,   2,   0],
[2024-06-21 13:18:48,040][flwr][INFO] - 	       [ 11,   2, 899,  40,  15,   3,  22,  18,  15,   7],
[2024-06-21 13:18:48,040][flwr][INFO] - 	       [  6,   3,  89, 806,  21,  16,   6,  11,  31,  21],
[2024-06-21 13:18:48,040][flwr][INFO] - 	       [  0,   0,   6,   1, 919,   6,  18,   0,   0,  32],
[2024-06-21 13:18:48,041][flwr][INFO] - 	       [ 32,  14,  20, 124, 104, 495,  39,   3,  19,  42],
[2024-06-21 13:18:48,041][flwr][INFO] - 	       [ 12,   2,  23,   1,  13,  15, 891,   0,   0,   1],
[2024-06-21 13:18:48,041][flwr][INFO] - 	       [  6,   7,  60,   4,  29,   0,   1, 821,   4,  96],
[2024-06-21 13:18:48,041][flwr][INFO] - 	       [  9,   6,  93, 130,  41,  32,  10,   4, 482, 167],
[2024-06-21 13:18:48,041][flwr][INFO] - 	       [  8,   3,   7,   9, 186,   3,   3,  17,   7, 766]])),
[2024-06-21 13:18:48,041][flwr][INFO] - 	                      (3,
[2024-06-21 13:18:48,041][flwr][INFO] - 	                       array([[ 940,    0,    0,    4,    4,    4,   15,    7,    2,    4],
[2024-06-21 13:18:48,041][flwr][INFO] - 	       [   0, 1104,   18,    1,    0,    0,    3,    1,    7,    1],
[2024-06-21 13:18:48,041][flwr][INFO] - 	       [   8,   56,  768,  101,   22,    0,   13,   40,   23,    1],
[2024-06-21 13:18:48,041][flwr][INFO] - 	       [   4,   13,   14,  890,   15,    3,    8,   19,   30,   14],
[2024-06-21 13:18:48,041][flwr][INFO] - 	       [   0,    3,    3,    1,  928,    0,   11,    3,    3,   30],
[2024-06-21 13:18:48,041][flwr][INFO] - 	       [  21,   23,    3,  122,   82,  523,   51,    9,   23,   35],
[2024-06-21 13:18:48,041][flwr][INFO] - 	       [  13,    7,    4,    0,   20,    6,  888,   18,    0,    2],
[2024-06-21 13:18:48,041][flwr][INFO] - 	       [   4,   37,   19,    6,   31,    0,    0,  899,   13,   19],
[2024-06-21 13:18:48,041][flwr][INFO] - 	       [   7,   43,   14,   80,   42,   15,   13,   14,  529,  217],
[2024-06-21 13:18:48,041][flwr][INFO] - 	       [  11,    7,    1,    7,  156,    1,    1,   88,   20,  717]])),
[2024-06-21 13:18:48,041][flwr][INFO] - 	                      (4,
[2024-06-21 13:18:48,041][flwr][INFO] - 	                       array([[ 954,    3,    0,    4,    1,    4,    9,    2,    1,    2],
[2024-06-21 13:18:48,041][flwr][INFO] - 	       [   0, 1092,   27,    2,    1,    2,    5,    1,    5,    0],
[2024-06-21 13:18:48,041][flwr][INFO] - 	       [   9,   20,  829,   86,   23,    0,    9,   29,   26,    1],
[2024-06-21 13:18:48,041][flwr][INFO] - 	       [   3,    4,   16,  904,    8,   13,    5,   18,   26,   13],
[2024-06-21 13:18:48,041][flwr][INFO] - 	       [   1,    3,    3,    1,  939,    3,   12,    1,    2,   17],
[2024-06-21 13:18:48,041][flwr][INFO] - 	       [  18,    9,    1,   74,   29,  666,   52,    8,   18,   17],
[2024-06-21 13:18:48,041][flwr][INFO] - 	       [  11,    9,    4,    0,   17,    9,  908,    0,    0,    0],
[2024-06-21 13:18:48,041][flwr][INFO] - 	       [   7,   19,   28,    7,   20,    0,    1,  916,    6,   24],
[2024-06-21 13:18:48,041][flwr][INFO] - 	       [   6,   25,   21,   55,   31,   41,   22,   14,  629,  130],
[2024-06-21 13:18:48,041][flwr][INFO] - 	       [  19,    6,    2,    6,  100,    3,    1,   53,    4,  815]])),
[2024-06-21 13:18:48,041][flwr][INFO] - 	                      (5,
[2024-06-21 13:18:48,041][flwr][INFO] - 	                       array([[ 938,    3,    1,    2,    1,    4,   20,    4,    1,    6],
[2024-06-21 13:18:48,041][flwr][INFO] - 	       [   0, 1092,   29,    2,    2,    1,    3,    1,    5,    0],
[2024-06-21 13:18:48,041][flwr][INFO] - 	       [   7,   21,  907,   31,   17,    0,   11,   22,   15,    1],
[2024-06-21 13:18:48,041][flwr][INFO] - 	       [   2,    7,   38,  901,    5,    7,    5,   12,   16,   17],
[2024-06-21 13:18:48,041][flwr][INFO] - 	       [   0,    2,    4,    1,  916,    0,   10,    0,    2,   47],
[2024-06-21 13:18:48,041][flwr][INFO] - 	       [  11,   11,    3,   95,   24,  658,   50,   10,   11,   19],
[2024-06-21 13:18:48,041][flwr][INFO] - 	       [   7,    6,    3,    0,   11,    8,  919,    3,    0,    1],
[2024-06-21 13:18:48,041][flwr][INFO] - 	       [   4,   25,   46,   13,   24,    0,    1,  865,    5,   45],
[2024-06-21 13:18:48,041][flwr][INFO] - 	       [   9,   28,   24,   50,   22,   21,   14,   13,  522,  271],
[2024-06-21 13:18:48,041][flwr][INFO] - 	       [  14,    7,    5,   10,   71,    8,    1,   13,    2,  878]])),
[2024-06-21 13:18:48,041][flwr][INFO] - 	                      (6,
[2024-06-21 13:18:48,041][flwr][INFO] - 	                       array([[ 954,    3,    0,    1,    0,    5,    9,    3,    4,    1],
[2024-06-21 13:18:48,041][flwr][INFO] - 	       [   0, 1108,   13,    2,    1,    2,    4,    0,    5,    0],
[2024-06-21 13:18:48,041][flwr][INFO] - 	       [  10,   37,  841,   52,   17,    1,   14,   26,   33,    1],
[2024-06-21 13:18:48,041][flwr][INFO] - 	       [   3,   12,   13,  901,   11,    7,    5,   18,   30,   10],
[2024-06-21 13:18:48,041][flwr][INFO] - 	       [   1,    2,    2,    1,  938,    4,   10,    2,    3,   19],
[2024-06-21 13:18:48,041][flwr][INFO] - 	       [  18,   12,    3,   73,   28,  671,   38,   11,   25,   13],
[2024-06-21 13:18:48,042][flwr][INFO] - 	       [  13,    7,    2,    0,   17,    6,  905,    5,    2,    1],
[2024-06-21 13:18:48,042][flwr][INFO] - 	       [   3,   27,   24,    6,   21,    0,    1,  917,    7,   22],
[2024-06-21 13:18:48,042][flwr][INFO] - 	       [   7,   42,    7,   23,   20,   21,   18,   15,  738,   83],
[2024-06-21 13:18:48,042][flwr][INFO] - 	       [  20,    7,    1,    6,   91,    4,    0,   39,   10,  831]])),
[2024-06-21 13:18:48,042][flwr][INFO] - 	                      (7,
[2024-06-21 13:18:48,042][flwr][INFO] - 	                       array([[ 958,    0,    0,    1,    1,    1,   12,    4,    3,    0],
[2024-06-21 13:18:48,042][flwr][INFO] - 	       [   0, 1095,   27,    1,    0,    0,    4,    3,    5,    0],
[2024-06-21 13:18:48,042][flwr][INFO] - 	       [   8,   24,  884,   41,   13,    0,   17,   26,   19,    0],
[2024-06-21 13:18:48,042][flwr][INFO] - 	       [   3,    6,   22,  904,    4,    8,    9,   19,   28,    7],
[2024-06-21 13:18:48,042][flwr][INFO] - 	       [   1,    3,    2,    2,  902,    1,   19,    7,    4,   41],
[2024-06-21 13:18:48,042][flwr][INFO] - 	       [  19,    8,    3,   53,   17,  595,  136,   21,   23,   17],
[2024-06-21 13:18:48,042][flwr][INFO] - 	       [   8,    4,    2,    0,    9,    2,  931,    0,    2,    0],
[2024-06-21 13:18:48,042][flwr][INFO] - 	       [   3,   14,   37,    7,    8,    0,    2,  946,    1,   10],
[2024-06-21 13:18:48,042][flwr][INFO] - 	       [  10,   16,   13,   26,   11,   11,   23,   25,  800,   39],
[2024-06-21 13:18:48,042][flwr][INFO] - 	       [  22,    5,    0,   14,   53,    2,    2,   67,    6,  838]])),
[2024-06-21 13:18:48,042][flwr][INFO] - 	                      (8,
[2024-06-21 13:18:48,042][flwr][INFO] - 	                       array([[ 959,    0,    0,    0,    0,    3,    9,    5,    3,    1],
[2024-06-21 13:18:48,042][flwr][INFO] - 	       [   0, 1111,    9,    2,    1,    2,    3,    1,    6,    0],
[2024-06-21 13:18:48,042][flwr][INFO] - 	       [   7,   46,  872,   27,   14,    0,   10,   28,   27,    1],
[2024-06-21 13:18:48,042][flwr][INFO] - 	       [   2,   18,   21,  880,    6,    8,    5,   20,   42,    8],
[2024-06-21 13:18:48,042][flwr][INFO] - 	       [   1,    6,    2,    2,  928,    5,   12,    5,    2,   19],
[2024-06-21 13:18:48,042][flwr][INFO] - 	       [  14,   10,    2,   41,   18,  696,   59,   11,   28,   13],
[2024-06-21 13:18:48,042][flwr][INFO] - 	       [  14,    5,    3,    0,   13,    2,  916,    5,    0,    0],
[2024-06-21 13:18:48,042][flwr][INFO] - 	       [   4,   33,   31,    4,   14,    0,    1,  924,    3,   14],
[2024-06-21 13:18:48,042][flwr][INFO] - 	       [   5,   28,    8,   10,   15,   15,   21,   25,  798,   49],
[2024-06-21 13:18:48,042][flwr][INFO] - 	       [  12,    8,    1,    7,   84,    5,    0,   35,   13,  844]])),
[2024-06-21 13:18:48,042][flwr][INFO] - 	                      (9,
[2024-06-21 13:18:48,042][flwr][INFO] - 	                       array([[ 960,    1,    1,    2,    0,    2,    8,    3,    3,    0],
[2024-06-21 13:18:48,042][flwr][INFO] - 	       [   0, 1104,   18,    2,    0,    0,    4,    1,    6,    0],
[2024-06-21 13:18:48,042][flwr][INFO] - 	       [  11,   17,  904,   28,   14,    0,   15,   22,   21,    0],
[2024-06-21 13:18:48,042][flwr][INFO] - 	       [   2,    8,   29,  897,    5,    8,    5,   20,   25,   11],
[2024-06-21 13:18:48,042][flwr][INFO] - 	       [   1,    4,    4,    1,  916,    2,   13,    2,    1,   38],
[2024-06-21 13:18:48,042][flwr][INFO] - 	       [  13,   12,    5,   55,   18,  677,   46,   19,   25,   22],
[2024-06-21 13:18:48,042][flwr][INFO] - 	       [  11,    4,    3,    0,    9,    4,  927,    0,    0,    0],
[2024-06-21 13:18:48,042][flwr][INFO] - 	       [   4,   17,   29,    4,    8,    0,    3,  937,    5,   21],
[2024-06-21 13:18:48,042][flwr][INFO] - 	       [   4,   15,   25,   16,   19,    9,   22,   16,  751,   97],
[2024-06-21 13:18:48,042][flwr][INFO] - 	       [  18,    6,    0,   10,   62,    0,    2,   37,   11,  863]])),
[2024-06-21 13:18:48,042][flwr][INFO] - 	                      (10,
[2024-06-21 13:18:48,042][flwr][INFO] - 	                       array([[ 949,    2,    0,    4,    2,    5,    9,    3,    5,    1],
[2024-06-21 13:18:48,042][flwr][INFO] - 	       [   0, 1122,    3,    2,    0,    2,    3,    1,    2,    0],
[2024-06-21 13:18:48,042][flwr][INFO] - 	       [   8,   35,  883,   39,   17,    0,   11,   22,   17,    0],
[2024-06-21 13:18:48,042][flwr][INFO] - 	       [   2,    7,   13,  940,    5,    8,    3,   14,   17,    1],
[2024-06-21 13:18:48,042][flwr][INFO] - 	       [   1,    6,    2,    1,  942,    3,   11,    3,    4,    9],
[2024-06-21 13:18:48,042][flwr][INFO] - 	       [   6,   14,    2,   56,   11,  741,   29,    8,   19,    6],
[2024-06-21 13:18:48,042][flwr][INFO] - 	       [   9,    5,    3,    0,   16,    7,  914,    1,    3,    0],
[2024-06-21 13:18:48,042][flwr][INFO] - 	       [   3,   33,   25,    7,   12,    1,    1,  939,    1,    6],
[2024-06-21 13:18:48,042][flwr][INFO] - 	       [   4,   38,    7,   36,   16,   17,   16,   16,  808,   16],
[2024-06-21 13:18:48,043][flwr][INFO] - 	       [  12,    8,    0,   20,  202,    6,    1,   59,   18,  683]]))],
[2024-06-21 13:18:48,043][flwr][INFO] - 	 'f1': [(0, 0.03553137346181725),
[2024-06-21 13:18:48,043][flwr][INFO] - 	        (1, 0.6814998150247208),
[2024-06-21 13:18:48,043][flwr][INFO] - 	        (2, 0.7751283140590054),
[2024-06-21 13:18:48,043][flwr][INFO] - 	        (3, 0.8135513413966396),
[2024-06-21 13:18:48,043][flwr][INFO] - 	        (4, 0.8626847772581628),
[2024-06-21 13:18:48,043][flwr][INFO] - 	        (5, 0.8562878019476658),
[2024-06-21 13:18:48,043][flwr][INFO] - 	        (6, 0.8788754065075134),
[2024-06-21 13:18:48,043][flwr][INFO] - 	        (7, 0.883480774596067),
[2024-06-21 13:18:48,043][flwr][INFO] - 	        (8, 0.8917779451794422),
[2024-06-21 13:18:48,043][flwr][INFO] - 	        (9, 0.8923933392001246),
[2024-06-21 13:18:48,043][flwr][INFO] - 	        (10, 0.8905290967009017)],
[2024-06-21 13:18:48,043][flwr][INFO] - 	 'precision': [(0, 0.12349967530374152),
[2024-06-21 13:18:48,043][flwr][INFO] - 	               (1, 0.7336814834185864),
[2024-06-21 13:18:48,043][flwr][INFO] - 	               (2, 0.8057491884319539),
[2024-06-21 13:18:48,043][flwr][INFO] - 	               (3, 0.8288016640443271),
[2024-06-21 13:18:48,043][flwr][INFO] - 	               (4, 0.8676672210231567),
[2024-06-21 13:18:48,043][flwr][INFO] - 	               (5, 0.8679471906307099),
[2024-06-21 13:18:48,043][flwr][INFO] - 	               (6, 0.88237026141874),
[2024-06-21 13:18:48,043][flwr][INFO] - 	               (7, 0.8890229976377132),
[2024-06-21 13:18:48,043][flwr][INFO] - 	               (8, 0.8943390405423701),
[2024-06-21 13:18:48,043][flwr][INFO] - 	               (9, 0.8950036391008683),
[2024-06-21 13:18:48,043][flwr][INFO] - 	               (10, 0.8979781569370608)],
[2024-06-21 13:18:48,043][flwr][INFO] - 	 'recall': [(0, 0.1086),
[2024-06-21 13:18:48,043][flwr][INFO] - 	            (1, 0.7),
[2024-06-21 13:18:48,043][flwr][INFO] - 	            (2, 0.7771),
[2024-06-21 13:18:48,043][flwr][INFO] - 	            (3, 0.8186),
[2024-06-21 13:18:48,043][flwr][INFO] - 	            (4, 0.8652),
[2024-06-21 13:18:48,043][flwr][INFO] - 	            (5, 0.8596),
[2024-06-21 13:18:48,043][flwr][INFO] - 	            (6, 0.8804),
[2024-06-21 13:18:48,043][flwr][INFO] - 	            (7, 0.8853),
[2024-06-21 13:18:48,043][flwr][INFO] - 	            (8, 0.8928),
[2024-06-21 13:18:48,043][flwr][INFO] - 	            (9, 0.8936),
[2024-06-21 13:18:48,043][flwr][INFO] - 	            (10, 0.8921)]}
[2024-06-21 13:18:48,043][flwr][INFO] - 
