[2024-06-21 12:51:03,946][flwr][INFO] - Starting Flower simulation, config: num_rounds=10, no round_timeout
[2024-06-21 12:51:04,881][flwr][INFO] - Flower VCE: Ray initialized with resources: {'memory': 8961143604.0, 'CPU': 12.0, 'node:__internal_head__': 1.0, 'node:127.0.0.1': 1.0, 'object_store_memory': 2147483648.0}
[2024-06-21 12:51:04,881][flwr][INFO] - Optimize your simulation with Flower VCE: https://flower.ai/docs/framework/how-to-run-simulations.html
[2024-06-21 12:51:04,881][flwr][INFO] - Flower VCE: Resources for each Virtual Client: {'num_cpus': 2, 'num_gpus': 0}
[2024-06-21 12:51:04,887][flwr][INFO] - Flower VCE: Creating VirtualClientEngineActorPool with 6 actors
[2024-06-21 12:51:04,887][flwr][INFO] - [INIT]
[2024-06-21 12:51:04,887][flwr][INFO] - Requesting initial parameters from one random client
[2024-06-21 12:51:06,622][flwr][INFO] - Received initial parameters from one random client
[2024-06-21 12:51:06,623][flwr][INFO] - Evaluating initial global parameters
[2024-06-21 12:51:07,013][flwr][INFO] - initial parameters (loss, other metrics): 181.76928067207336, {'accuracy': 0.1086, 'precision': 0.12349967530374152, 'recall': 0.1086, 'f1': 0.03553137346181725, 'confusion_matrix': array([[   0,    8,    0,  956,    0,    1,    0,   15,    0,    0],
       [   0,  122,    0, 1013,    0,    0,    0,    0,    0,    0],
       [   0,   38,    0,  971,    0,    0,    3,   19,    1,    0],
       [   0,   44,    0,  945,    1,    1,    0,   17,    2,    0],
       [   0,  143,    0,  816,    1,    0,    2,   20,    0,    0],
       [   0,  118,    0,  735,    1,    7,    0,   30,    1,    0],
       [   0,  144,    0,  749,   25,    0,    2,   38,    0,    0],
       [   0,  272,    0,  724,    8,    0,    0,    9,   15,    0],
       [   0,   81,    0,  859,    1,    0,    1,   32,    0,    0],
       [   0,  178,    0,  799,    1,    0,    0,   31,    0,    0]])}
[2024-06-21 12:51:07,013][flwr][INFO] - 
[2024-06-21 12:51:07,013][flwr][INFO] - [ROUND 1]
[2024-06-21 12:51:07,013][flwr][INFO] - configure_fit: strategy sampled 10 clients (out of 100)
[2024-06-21 12:51:14,341][flwr][INFO] - aggregate_fit: received 10 results and 0 failures
[2024-06-21 12:51:14,347][flwr][WARNING] - No fit_metrics_aggregation_fn provided
[2024-06-21 12:51:14,724][flwr][INFO] - fit progress: (1, 97.47349321842194, {'accuracy': 0.7552, 'precision': 0.7828461595331145, 'recall': 0.7552, 'f1': 0.7389061854315848, 'confusion_matrix': array([[ 955,    0,    2,   10,    0,    1,    9,    2,    0,    1],
       [   0, 1082,   35,   10,    1,    0,    3,    1,    3,    0],
       [  24,   12,  848,   67,   10,    0,   28,   26,    3,   14],
       [  13,    8,   30,  891,    0,   13,    7,   30,    4,   14],
       [   7,    7,    5,    0,  680,    1,   27,    8,    1,  246],
       [ 130,   38,    9,  229,   44,  323,   32,   61,   12,   14],
       [  61,   12,    8,    2,    8,    7,  852,    0,    0,    8],
       [   6,   19,   31,    3,    8,    0,    0,  943,    0,   18],
       [  36,   45,   33,  311,   21,   30,   19,   40,  307,  132],
       [  21,    7,    2,   12,   79,    2,    2,  212,    1,  671]])}, 7.7105510839999996)
[2024-06-21 12:51:14,724][flwr][INFO] - configure_evaluate: no clients selected, skipping evaluation
[2024-06-21 12:51:14,724][flwr][INFO] - 
[2024-06-21 12:51:14,724][flwr][INFO] - [ROUND 2]
[2024-06-21 12:51:14,725][flwr][INFO] - configure_fit: strategy sampled 10 clients (out of 100)
[2024-06-21 12:51:20,070][flwr][INFO] - aggregate_fit: received 10 results and 0 failures
[2024-06-21 12:51:20,486][flwr][INFO] - fit progress: (2, 52.48069608211517, {'accuracy': 0.8389, 'precision': 0.8458361750656455, 'recall': 0.8389, 'f1': 0.8368511609048234, 'confusion_matrix': array([[ 930,    0,    2,    4,    2,   12,   24,    1,    3,    2],
       [   0, 1040,   82,    2,    4,    1,    3,    0,    3,    0],
       [  12,    5,  896,   42,   17,    0,   24,   16,   13,    7],
       [   6,    2,   53,  860,    3,   25,    5,   14,   29,   13],
       [   0,    2,    7,    0,  927,    0,   16,    1,    0,   29],
       [  21,   14,   17,  101,   61,  613,   26,    9,   15,   15],
       [  12,    5,    4,    2,   10,   17,  908,    0,    0,    0],
       [   5,   12,   48,    2,   25,    0,    0,  873,    0,   63],
       [   7,   10,   53,  100,   45,   58,   11,    9,  593,   88],
       [   9,    5,    4,    7,  183,    8,    3,   35,    6,  749]])}, 13.472502624999997)
[2024-06-21 12:51:20,486][flwr][INFO] - configure_evaluate: no clients selected, skipping evaluation
[2024-06-21 12:51:20,487][flwr][INFO] - 
[2024-06-21 12:51:20,487][flwr][INFO] - [ROUND 3]
[2024-06-21 12:51:20,487][flwr][INFO] - configure_fit: strategy sampled 10 clients (out of 100)
[2024-06-21 12:51:28,694][flwr][INFO] - aggregate_fit: received 10 results and 0 failures
[2024-06-21 12:51:29,111][flwr][INFO] - fit progress: (3, 56.233434200286865, {'accuracy': 0.8518, 'precision': 0.8573798247954215, 'recall': 0.8518, 'f1': 0.8514550253717165, 'confusion_matrix': array([[ 957,    0,    0,    2,    1,    4,   10,    1,    5,    0],
       [   0, 1075,   27,    1,    3,    1,    3,    0,   25,    0],
       [  13,   10,  868,   34,   23,    2,   23,   15,   36,    8],
       [   7,    4,   33,  760,    6,   87,    7,   13,   79,   14],
       [   0,    0,    1,    0,  933,    0,   12,    0,    5,   31],
       [  28,    7,    7,   31,   35,  713,   23,    5,   31,   12],
       [  16,    4,    3,    0,   20,   17,  896,    0,    2,    0],
       [  13,   16,   32,    1,   21,    1,    0,  776,   10,  158],
       [   8,    3,   19,   25,   41,   51,    9,    2,  752,   64],
       [  14,    5,    2,    2,  169,    5,    4,   10,   10,  788]])}, 22.097643083999998)
[2024-06-21 12:51:29,112][flwr][INFO] - configure_evaluate: no clients selected, skipping evaluation
[2024-06-21 12:51:29,112][flwr][INFO] - 
[2024-06-21 12:51:29,112][flwr][INFO] - [ROUND 4]
[2024-06-21 12:51:29,112][flwr][INFO] - configure_fit: strategy sampled 10 clients (out of 100)
[2024-06-21 12:51:35,644][flwr][INFO] - aggregate_fit: received 10 results and 0 failures
[2024-06-21 12:51:36,116][flwr][INFO] - fit progress: (4, 41.191038355231285, {'accuracy': 0.8663, 'precision': 0.8739061466487105, 'recall': 0.8663, 'f1': 0.8662701910133838, 'confusion_matrix': array([[ 954,    0,    1,    1,    4,    3,    9,    1,    2,    5],
       [   0, 1108,    7,    2,    1,    4,    4,    0,    9,    0],
       [   8,   24,  844,   53,   23,    0,   20,   24,   24,   12],
       [   4,    4,   19,  827,    6,   49,    4,   16,   43,   38],
       [   1,    0,    0,    0,  925,    0,    8,    0,    1,   47],
       [  20,    6,    3,   48,   47,  701,   17,    8,   24,   18],
       [  16,    4,    2,    1,   27,   21,  881,    0,    3,    3],
       [   2,   21,   23,    4,   15,    0,    0,  805,    2,  156],
       [   8,    9,    9,   32,   35,   30,    7,    4,  704,  136],
       [   8,    4,    1,    3,   57,    6,    1,    8,    7,  914]])}, 29.102066625)
[2024-06-21 12:51:36,117][flwr][INFO] - configure_evaluate: no clients selected, skipping evaluation
[2024-06-21 12:51:36,117][flwr][INFO] - 
[2024-06-21 12:51:36,117][flwr][INFO] - [ROUND 5]
[2024-06-21 12:51:36,117][flwr][INFO] - configure_fit: strategy sampled 10 clients (out of 100)
[2024-06-21 12:51:42,871][flwr][INFO] - aggregate_fit: received 10 results and 0 failures
[2024-06-21 12:51:43,289][flwr][INFO] - fit progress: (5, 40.53423449397087, {'accuracy': 0.8743, 'precision': 0.8802386091163051, 'recall': 0.8743, 'f1': 0.8736793857623841, 'confusion_matrix': array([[ 954,    1,    0,    0,    1,    7,   10,    1,    4,    2],
       [   0, 1109,    9,    1,    1,    2,    3,    0,   10,    0],
       [  10,   14,  908,   18,   19,    2,   17,    8,   31,    5],
       [   7,    5,   39,  750,    4,  108,    5,   12,   47,   33],
       [   1,    1,    4,    0,  932,    1,   12,    0,    2,   29],
       [  15,    7,    3,   14,   27,  774,   24,    4,   15,    9],
       [  18,    4,    2,    0,   21,   14,  898,    0,    1,    0],
       [   4,   24,   38,    0,   20,    0,    3,  797,    2,  140],
       [  12,    9,   14,   13,   32,   44,   16,    3,  759,   72],
       [  11,    6,    2,    3,  104,   10,    1,    4,    6,  862]])}, 36.274435583999995)
[2024-06-21 12:51:43,289][flwr][INFO] - configure_evaluate: no clients selected, skipping evaluation
[2024-06-21 12:51:43,289][flwr][INFO] - 
[2024-06-21 12:51:43,289][flwr][INFO] - [ROUND 6]
[2024-06-21 12:51:43,290][flwr][INFO] - configure_fit: strategy sampled 10 clients (out of 100)
[2024-06-21 12:51:50,534][flwr][INFO] - aggregate_fit: received 10 results and 0 failures
[2024-06-21 12:51:50,913][flwr][INFO] - fit progress: (6, 37.39029450714588, {'accuracy': 0.8894, 'precision': 0.8915833389658779, 'recall': 0.8894, 'f1': 0.8887156814413222, 'confusion_matrix': array([[ 959,    0,    0,    0,    2,    3,   12,    1,    3,    0],
       [   0, 1104,    9,    1,    1,    2,    7,    0,   11,    0],
       [  14,   15,  908,   18,   14,    1,   22,   12,   27,    1],
       [   8,    5,   30,  823,    4,   66,   11,   18,   38,    7],
       [   1,    1,    3,    1,  937,    1,   17,    0,    4,   17],
       [  19,    8,    3,   18,   20,  761,   34,    3,   21,    5],
       [  14,    4,    2,    1,   13,   10,  914,    0,    0,    0],
       [   7,   24,   31,    0,   18,    0,    3,  870,    4,   71],
       [  13,    8,   17,   23,   22,   28,   25,    5,  802,   31],
       [  17,    6,    2,    3,  135,    5,    3,   10,   12,  816]])}, 43.898360583999995)
[2024-06-21 12:51:50,913][flwr][INFO] - configure_evaluate: no clients selected, skipping evaluation
[2024-06-21 12:51:50,913][flwr][INFO] - 
[2024-06-21 12:51:50,913][flwr][INFO] - [ROUND 7]
[2024-06-21 12:51:50,914][flwr][INFO] - configure_fit: strategy sampled 10 clients (out of 100)
[2024-06-21 12:51:58,510][flwr][INFO] - aggregate_fit: received 10 results and 0 failures
[2024-06-21 12:51:59,170][flwr][INFO] - fit progress: (7, 35.86180883646011, {'accuracy': 0.8912, 'precision': 0.8956997222927974, 'recall': 0.8912, 'f1': 0.891043381988782, 'confusion_matrix': array([[ 957,    0,    1,    0,    0,    6,   12,    1,    3,    0],
       [   0, 1082,   20,    1,    1,    4,    3,    0,   24,    0],
       [  13,    4,  933,   14,   11,    0,   17,    7,   29,    4],
       [   5,    1,   38,  825,    8,   60,    5,   11,   39,   18],
       [   1,    0,    5,    0,  909,    0,   13,    0,    3,   51],
       [  16,    3,    3,   20,   16,  787,   21,    3,   12,   11],
       [  11,    3,    3,    0,   13,   15,  909,    0,    3,    1],
       [   9,   10,   62,    2,   13,    1,    3,  800,    7,  121],
       [  15,    1,   14,   16,   18,   30,   14,    2,  791,   73],
       [  18,    3,    3,    4,   44,    7,    1,    4,    6,  919]])}, 52.155686042)
[2024-06-21 12:51:59,171][flwr][INFO] - configure_evaluate: no clients selected, skipping evaluation
[2024-06-21 12:51:59,171][flwr][INFO] - 
[2024-06-21 12:51:59,171][flwr][INFO] - [ROUND 8]
[2024-06-21 12:51:59,171][flwr][INFO] - configure_fit: strategy sampled 10 clients (out of 100)
[2024-06-21 12:52:05,348][flwr][INFO] - aggregate_fit: received 10 results and 0 failures
[2024-06-21 12:52:05,801][flwr][INFO] - fit progress: (8, 33.60477913171053, {'accuracy': 0.9072, 'precision': 0.9094965279873417, 'recall': 0.9072, 'f1': 0.9072677644902365, 'confusion_matrix': array([[ 969,    0,    0,    0,    0,    1,    4,    1,    5,    0],
       [   0, 1101,    3,    2,    1,    0,    3,    0,   25,    0],
       [  16,   13,  878,   33,   14,    0,   10,   17,   45,    6],
       [   4,    3,   12,  889,    3,   21,    3,   19,   50,    6],
       [   1,    0,    3,    2,  896,    4,   11,    0,   10,   55],
       [  19,    6,    3,   33,    9,  760,   13,    4,   38,    7],
       [  27,    4,    2,    0,   11,   11,  895,    0,    8,    0],
       [   5,   11,   23,    5,   10,    1,    1,  900,   11,   61],
       [  12,    9,    5,   17,   11,   10,    7,    4,  884,   15],
       [  16,    4,    0,    2,   40,    7,    1,   14,   25,  900]])}, 58.786447124999995)
[2024-06-21 12:52:05,802][flwr][INFO] - configure_evaluate: no clients selected, skipping evaluation
[2024-06-21 12:52:05,802][flwr][INFO] - 
[2024-06-21 12:52:05,802][flwr][INFO] - [ROUND 9]
[2024-06-21 12:52:05,802][flwr][INFO] - configure_fit: strategy sampled 10 clients (out of 100)
[2024-06-21 12:52:12,579][flwr][INFO] - aggregate_fit: received 10 results and 0 failures
[2024-06-21 12:52:12,981][flwr][INFO] - fit progress: (9, 29.678847149014473, {'accuracy': 0.9082, 'precision': 0.9090763808728214, 'recall': 0.9082, 'f1': 0.9078304231393873, 'confusion_matrix': array([[ 968,    0,    0,    0,    0,    2,    7,    1,    2,    0],
       [   0, 1095,   17,    1,    1,    0,    3,    2,   16,    0],
       [  15,    3,  925,   18,   15,    2,   13,   13,   24,    4],
       [   6,    1,   27,  866,    4,   49,    4,   16,   28,    9],
       [   1,    0,    4,    0,  928,    1,   14,    0,    5,   29],
       [  21,    2,    2,   19,   11,  792,   20,    7,   12,    6],
       [  18,    4,    1,    2,    7,   12,  914,    0,    0,    0],
       [   7,    4,   40,    3,   11,    0,    2,  899,    3,   59],
       [  26,    7,   15,   21,   20,   28,   19,    4,  806,   28],
       [  20,    3,    2,    5,   65,    9,    1,    9,    6,  889]])}, 65.96596225)
[2024-06-21 12:52:12,981][flwr][INFO] - configure_evaluate: no clients selected, skipping evaluation
[2024-06-21 12:52:12,981][flwr][INFO] - 
[2024-06-21 12:52:12,982][flwr][INFO] - [ROUND 10]
[2024-06-21 12:52:12,982][flwr][INFO] - configure_fit: strategy sampled 10 clients (out of 100)
[2024-06-21 12:52:23,568][flwr][INFO] - aggregate_fit: received 10 results and 0 failures
[2024-06-21 12:52:24,921][flwr][INFO] - fit progress: (10, 30.81286132335663, {'accuracy': 0.9185, 'precision': 0.9193530789614375, 'recall': 0.9185, 'f1': 0.9182624880260686, 'confusion_matrix': array([[ 959,    0,    2,    0,    0,    7,    8,    1,    3,    0],
       [   0, 1105,   11,    1,    1,    0,    3,    1,   13,    0],
       [   8,    4,  945,   12,    8,    0,   10,   17,   27,    1],
       [   3,    4,   33,  883,    1,   26,    3,   16,   38,    3],
       [   1,    0,    6,    0,  930,    3,   13,    0,    8,   21],
       [  11,    6,    5,   17,    6,  793,   23,    6,   23,    2],
       [  12,    4,    3,    1,    7,   10,  917,    0,    4,    0],
       [   3,    8,   38,    5,    8,    0,    2,  929,    6,   29],
       [   4,    5,   14,   22,   11,   17,   10,    3,  882,    6],
       [  16,    4,    0,    4,   74,    9,    1,   23,   36,  842]])}, 77.903558667)
[2024-06-21 12:52:24,925][flwr][INFO] - configure_evaluate: no clients selected, skipping evaluation
[2024-06-21 12:52:24,927][flwr][INFO] - 
[2024-06-21 12:52:24,927][flwr][INFO] - [SUMMARY]
[2024-06-21 12:52:24,927][flwr][INFO] - Run finished 10 round(s) in 77.91s
[2024-06-21 12:52:24,932][flwr][INFO] - 	History (loss, centralized):
[2024-06-21 12:52:24,937][flwr][INFO] - 		round 0: 181.76928067207336
[2024-06-21 12:52:24,937][flwr][INFO] - 		round 1: 97.47349321842194
[2024-06-21 12:52:24,937][flwr][INFO] - 		round 2: 52.48069608211517
[2024-06-21 12:52:24,937][flwr][INFO] - 		round 3: 56.233434200286865
[2024-06-21 12:52:24,937][flwr][INFO] - 		round 4: 41.191038355231285
[2024-06-21 12:52:24,937][flwr][INFO] - 		round 5: 40.53423449397087
[2024-06-21 12:52:24,937][flwr][INFO] - 		round 6: 37.39029450714588
[2024-06-21 12:52:24,937][flwr][INFO] - 		round 7: 35.86180883646011
[2024-06-21 12:52:24,937][flwr][INFO] - 		round 8: 33.60477913171053
[2024-06-21 12:52:24,937][flwr][INFO] - 		round 9: 29.678847149014473
[2024-06-21 12:52:24,937][flwr][INFO] - 		round 10: 30.81286132335663
[2024-06-21 12:52:24,938][flwr][INFO] - 	History (metrics, centralized):
[2024-06-21 12:52:24,938][flwr][INFO] - 	{'accuracy': [(0, 0.1086),
[2024-06-21 12:52:24,938][flwr][INFO] - 	              (1, 0.7552),
[2024-06-21 12:52:24,938][flwr][INFO] - 	              (2, 0.8389),
[2024-06-21 12:52:24,938][flwr][INFO] - 	              (3, 0.8518),
[2024-06-21 12:52:24,938][flwr][INFO] - 	              (4, 0.8663),
[2024-06-21 12:52:24,938][flwr][INFO] - 	              (5, 0.8743),
[2024-06-21 12:52:24,938][flwr][INFO] - 	              (6, 0.8894),
[2024-06-21 12:52:24,938][flwr][INFO] - 	              (7, 0.8912),
[2024-06-21 12:52:24,938][flwr][INFO] - 	              (8, 0.9072),
[2024-06-21 12:52:24,938][flwr][INFO] - 	              (9, 0.9082),
[2024-06-21 12:52:24,938][flwr][INFO] - 	              (10, 0.9185)],
[2024-06-21 12:52:24,938][flwr][INFO] - 	 'confusion_matrix': [(0,
[2024-06-21 12:52:24,938][flwr][INFO] - 	                       array([[   0,    8,    0,  956,    0,    1,    0,   15,    0,    0],
[2024-06-21 12:52:24,938][flwr][INFO] - 	       [   0,  122,    0, 1013,    0,    0,    0,    0,    0,    0],
[2024-06-21 12:52:24,938][flwr][INFO] - 	       [   0,   38,    0,  971,    0,    0,    3,   19,    1,    0],
[2024-06-21 12:52:24,938][flwr][INFO] - 	       [   0,   44,    0,  945,    1,    1,    0,   17,    2,    0],
[2024-06-21 12:52:24,938][flwr][INFO] - 	       [   0,  143,    0,  816,    1,    0,    2,   20,    0,    0],
[2024-06-21 12:52:24,938][flwr][INFO] - 	       [   0,  118,    0,  735,    1,    7,    0,   30,    1,    0],
[2024-06-21 12:52:24,938][flwr][INFO] - 	       [   0,  144,    0,  749,   25,    0,    2,   38,    0,    0],
[2024-06-21 12:52:24,938][flwr][INFO] - 	       [   0,  272,    0,  724,    8,    0,    0,    9,   15,    0],
[2024-06-21 12:52:24,938][flwr][INFO] - 	       [   0,   81,    0,  859,    1,    0,    1,   32,    0,    0],
[2024-06-21 12:52:24,938][flwr][INFO] - 	       [   0,  178,    0,  799,    1,    0,    0,   31,    0,    0]])),
[2024-06-21 12:52:24,938][flwr][INFO] - 	                      (1,
[2024-06-21 12:52:24,938][flwr][INFO] - 	                       array([[ 955,    0,    2,   10,    0,    1,    9,    2,    0,    1],
[2024-06-21 12:52:24,938][flwr][INFO] - 	       [   0, 1082,   35,   10,    1,    0,    3,    1,    3,    0],
[2024-06-21 12:52:24,938][flwr][INFO] - 	       [  24,   12,  848,   67,   10,    0,   28,   26,    3,   14],
[2024-06-21 12:52:24,938][flwr][INFO] - 	       [  13,    8,   30,  891,    0,   13,    7,   30,    4,   14],
[2024-06-21 12:52:24,938][flwr][INFO] - 	       [   7,    7,    5,    0,  680,    1,   27,    8,    1,  246],
[2024-06-21 12:52:24,938][flwr][INFO] - 	       [ 130,   38,    9,  229,   44,  323,   32,   61,   12,   14],
[2024-06-21 12:52:24,938][flwr][INFO] - 	       [  61,   12,    8,    2,    8,    7,  852,    0,    0,    8],
[2024-06-21 12:52:24,938][flwr][INFO] - 	       [   6,   19,   31,    3,    8,    0,    0,  943,    0,   18],
[2024-06-21 12:52:24,938][flwr][INFO] - 	       [  36,   45,   33,  311,   21,   30,   19,   40,  307,  132],
[2024-06-21 12:52:24,938][flwr][INFO] - 	       [  21,    7,    2,   12,   79,    2,    2,  212,    1,  671]])),
[2024-06-21 12:52:24,938][flwr][INFO] - 	                      (2,
[2024-06-21 12:52:24,938][flwr][INFO] - 	                       array([[ 930,    0,    2,    4,    2,   12,   24,    1,    3,    2],
[2024-06-21 12:52:24,938][flwr][INFO] - 	       [   0, 1040,   82,    2,    4,    1,    3,    0,    3,    0],
[2024-06-21 12:52:24,938][flwr][INFO] - 	       [  12,    5,  896,   42,   17,    0,   24,   16,   13,    7],
[2024-06-21 12:52:24,938][flwr][INFO] - 	       [   6,    2,   53,  860,    3,   25,    5,   14,   29,   13],
[2024-06-21 12:52:24,938][flwr][INFO] - 	       [   0,    2,    7,    0,  927,    0,   16,    1,    0,   29],
[2024-06-21 12:52:24,938][flwr][INFO] - 	       [  21,   14,   17,  101,   61,  613,   26,    9,   15,   15],
[2024-06-21 12:52:24,938][flwr][INFO] - 	       [  12,    5,    4,    2,   10,   17,  908,    0,    0,    0],
[2024-06-21 12:52:24,938][flwr][INFO] - 	       [   5,   12,   48,    2,   25,    0,    0,  873,    0,   63],
[2024-06-21 12:52:24,939][flwr][INFO] - 	       [   7,   10,   53,  100,   45,   58,   11,    9,  593,   88],
[2024-06-21 12:52:24,939][flwr][INFO] - 	       [   9,    5,    4,    7,  183,    8,    3,   35,    6,  749]])),
[2024-06-21 12:52:24,939][flwr][INFO] - 	                      (3,
[2024-06-21 12:52:24,939][flwr][INFO] - 	                       array([[ 957,    0,    0,    2,    1,    4,   10,    1,    5,    0],
[2024-06-21 12:52:24,939][flwr][INFO] - 	       [   0, 1075,   27,    1,    3,    1,    3,    0,   25,    0],
[2024-06-21 12:52:24,939][flwr][INFO] - 	       [  13,   10,  868,   34,   23,    2,   23,   15,   36,    8],
[2024-06-21 12:52:24,939][flwr][INFO] - 	       [   7,    4,   33,  760,    6,   87,    7,   13,   79,   14],
[2024-06-21 12:52:24,939][flwr][INFO] - 	       [   0,    0,    1,    0,  933,    0,   12,    0,    5,   31],
[2024-06-21 12:52:24,939][flwr][INFO] - 	       [  28,    7,    7,   31,   35,  713,   23,    5,   31,   12],
[2024-06-21 12:52:24,939][flwr][INFO] - 	       [  16,    4,    3,    0,   20,   17,  896,    0,    2,    0],
[2024-06-21 12:52:24,939][flwr][INFO] - 	       [  13,   16,   32,    1,   21,    1,    0,  776,   10,  158],
[2024-06-21 12:52:24,939][flwr][INFO] - 	       [   8,    3,   19,   25,   41,   51,    9,    2,  752,   64],
[2024-06-21 12:52:24,939][flwr][INFO] - 	       [  14,    5,    2,    2,  169,    5,    4,   10,   10,  788]])),
[2024-06-21 12:52:24,939][flwr][INFO] - 	                      (4,
[2024-06-21 12:52:24,939][flwr][INFO] - 	                       array([[ 954,    0,    1,    1,    4,    3,    9,    1,    2,    5],
[2024-06-21 12:52:24,939][flwr][INFO] - 	       [   0, 1108,    7,    2,    1,    4,    4,    0,    9,    0],
[2024-06-21 12:52:24,939][flwr][INFO] - 	       [   8,   24,  844,   53,   23,    0,   20,   24,   24,   12],
[2024-06-21 12:52:24,939][flwr][INFO] - 	       [   4,    4,   19,  827,    6,   49,    4,   16,   43,   38],
[2024-06-21 12:52:24,939][flwr][INFO] - 	       [   1,    0,    0,    0,  925,    0,    8,    0,    1,   47],
[2024-06-21 12:52:24,939][flwr][INFO] - 	       [  20,    6,    3,   48,   47,  701,   17,    8,   24,   18],
[2024-06-21 12:52:24,939][flwr][INFO] - 	       [  16,    4,    2,    1,   27,   21,  881,    0,    3,    3],
[2024-06-21 12:52:24,939][flwr][INFO] - 	       [   2,   21,   23,    4,   15,    0,    0,  805,    2,  156],
[2024-06-21 12:52:24,939][flwr][INFO] - 	       [   8,    9,    9,   32,   35,   30,    7,    4,  704,  136],
[2024-06-21 12:52:24,939][flwr][INFO] - 	       [   8,    4,    1,    3,   57,    6,    1,    8,    7,  914]])),
[2024-06-21 12:52:24,939][flwr][INFO] - 	                      (5,
[2024-06-21 12:52:24,939][flwr][INFO] - 	                       array([[ 954,    1,    0,    0,    1,    7,   10,    1,    4,    2],
[2024-06-21 12:52:24,939][flwr][INFO] - 	       [   0, 1109,    9,    1,    1,    2,    3,    0,   10,    0],
[2024-06-21 12:52:24,939][flwr][INFO] - 	       [  10,   14,  908,   18,   19,    2,   17,    8,   31,    5],
[2024-06-21 12:52:24,939][flwr][INFO] - 	       [   7,    5,   39,  750,    4,  108,    5,   12,   47,   33],
[2024-06-21 12:52:24,939][flwr][INFO] - 	       [   1,    1,    4,    0,  932,    1,   12,    0,    2,   29],
[2024-06-21 12:52:24,939][flwr][INFO] - 	       [  15,    7,    3,   14,   27,  774,   24,    4,   15,    9],
[2024-06-21 12:52:24,939][flwr][INFO] - 	       [  18,    4,    2,    0,   21,   14,  898,    0,    1,    0],
[2024-06-21 12:52:24,939][flwr][INFO] - 	       [   4,   24,   38,    0,   20,    0,    3,  797,    2,  140],
[2024-06-21 12:52:24,939][flwr][INFO] - 	       [  12,    9,   14,   13,   32,   44,   16,    3,  759,   72],
[2024-06-21 12:52:24,939][flwr][INFO] - 	       [  11,    6,    2,    3,  104,   10,    1,    4,    6,  862]])),
[2024-06-21 12:52:24,939][flwr][INFO] - 	                      (6,
[2024-06-21 12:52:24,939][flwr][INFO] - 	                       array([[ 959,    0,    0,    0,    2,    3,   12,    1,    3,    0],
[2024-06-21 12:52:24,939][flwr][INFO] - 	       [   0, 1104,    9,    1,    1,    2,    7,    0,   11,    0],
[2024-06-21 12:52:24,939][flwr][INFO] - 	       [  14,   15,  908,   18,   14,    1,   22,   12,   27,    1],
[2024-06-21 12:52:24,939][flwr][INFO] - 	       [   8,    5,   30,  823,    4,   66,   11,   18,   38,    7],
[2024-06-21 12:52:24,939][flwr][INFO] - 	       [   1,    1,    3,    1,  937,    1,   17,    0,    4,   17],
[2024-06-21 12:52:24,939][flwr][INFO] - 	       [  19,    8,    3,   18,   20,  761,   34,    3,   21,    5],
[2024-06-21 12:52:24,939][flwr][INFO] - 	       [  14,    4,    2,    1,   13,   10,  914,    0,    0,    0],
[2024-06-21 12:52:24,939][flwr][INFO] - 	       [   7,   24,   31,    0,   18,    0,    3,  870,    4,   71],
[2024-06-21 12:52:24,939][flwr][INFO] - 	       [  13,    8,   17,   23,   22,   28,   25,    5,  802,   31],
[2024-06-21 12:52:24,939][flwr][INFO] - 	       [  17,    6,    2,    3,  135,    5,    3,   10,   12,  816]])),
[2024-06-21 12:52:24,939][flwr][INFO] - 	                      (7,
[2024-06-21 12:52:24,939][flwr][INFO] - 	                       array([[ 957,    0,    1,    0,    0,    6,   12,    1,    3,    0],
[2024-06-21 12:52:24,939][flwr][INFO] - 	       [   0, 1082,   20,    1,    1,    4,    3,    0,   24,    0],
[2024-06-21 12:52:24,939][flwr][INFO] - 	       [  13,    4,  933,   14,   11,    0,   17,    7,   29,    4],
[2024-06-21 12:52:24,939][flwr][INFO] - 	       [   5,    1,   38,  825,    8,   60,    5,   11,   39,   18],
[2024-06-21 12:52:24,939][flwr][INFO] - 	       [   1,    0,    5,    0,  909,    0,   13,    0,    3,   51],
[2024-06-21 12:52:24,940][flwr][INFO] - 	       [  16,    3,    3,   20,   16,  787,   21,    3,   12,   11],
[2024-06-21 12:52:24,940][flwr][INFO] - 	       [  11,    3,    3,    0,   13,   15,  909,    0,    3,    1],
[2024-06-21 12:52:24,940][flwr][INFO] - 	       [   9,   10,   62,    2,   13,    1,    3,  800,    7,  121],
[2024-06-21 12:52:24,940][flwr][INFO] - 	       [  15,    1,   14,   16,   18,   30,   14,    2,  791,   73],
[2024-06-21 12:52:24,940][flwr][INFO] - 	       [  18,    3,    3,    4,   44,    7,    1,    4,    6,  919]])),
[2024-06-21 12:52:24,940][flwr][INFO] - 	                      (8,
[2024-06-21 12:52:24,940][flwr][INFO] - 	                       array([[ 969,    0,    0,    0,    0,    1,    4,    1,    5,    0],
[2024-06-21 12:52:24,940][flwr][INFO] - 	       [   0, 1101,    3,    2,    1,    0,    3,    0,   25,    0],
[2024-06-21 12:52:24,940][flwr][INFO] - 	       [  16,   13,  878,   33,   14,    0,   10,   17,   45,    6],
[2024-06-21 12:52:24,940][flwr][INFO] - 	       [   4,    3,   12,  889,    3,   21,    3,   19,   50,    6],
[2024-06-21 12:52:24,940][flwr][INFO] - 	       [   1,    0,    3,    2,  896,    4,   11,    0,   10,   55],
[2024-06-21 12:52:24,940][flwr][INFO] - 	       [  19,    6,    3,   33,    9,  760,   13,    4,   38,    7],
[2024-06-21 12:52:24,940][flwr][INFO] - 	       [  27,    4,    2,    0,   11,   11,  895,    0,    8,    0],
[2024-06-21 12:52:24,940][flwr][INFO] - 	       [   5,   11,   23,    5,   10,    1,    1,  900,   11,   61],
[2024-06-21 12:52:24,940][flwr][INFO] - 	       [  12,    9,    5,   17,   11,   10,    7,    4,  884,   15],
[2024-06-21 12:52:24,940][flwr][INFO] - 	       [  16,    4,    0,    2,   40,    7,    1,   14,   25,  900]])),
[2024-06-21 12:52:24,940][flwr][INFO] - 	                      (9,
[2024-06-21 12:52:24,940][flwr][INFO] - 	                       array([[ 968,    0,    0,    0,    0,    2,    7,    1,    2,    0],
[2024-06-21 12:52:24,940][flwr][INFO] - 	       [   0, 1095,   17,    1,    1,    0,    3,    2,   16,    0],
[2024-06-21 12:52:24,940][flwr][INFO] - 	       [  15,    3,  925,   18,   15,    2,   13,   13,   24,    4],
[2024-06-21 12:52:24,940][flwr][INFO] - 	       [   6,    1,   27,  866,    4,   49,    4,   16,   28,    9],
[2024-06-21 12:52:24,940][flwr][INFO] - 	       [   1,    0,    4,    0,  928,    1,   14,    0,    5,   29],
[2024-06-21 12:52:24,940][flwr][INFO] - 	       [  21,    2,    2,   19,   11,  792,   20,    7,   12,    6],
[2024-06-21 12:52:24,940][flwr][INFO] - 	       [  18,    4,    1,    2,    7,   12,  914,    0,    0,    0],
[2024-06-21 12:52:24,940][flwr][INFO] - 	       [   7,    4,   40,    3,   11,    0,    2,  899,    3,   59],
[2024-06-21 12:52:24,940][flwr][INFO] - 	       [  26,    7,   15,   21,   20,   28,   19,    4,  806,   28],
[2024-06-21 12:52:24,940][flwr][INFO] - 	       [  20,    3,    2,    5,   65,    9,    1,    9,    6,  889]])),
[2024-06-21 12:52:24,940][flwr][INFO] - 	                      (10,
[2024-06-21 12:52:24,940][flwr][INFO] - 	                       array([[ 959,    0,    2,    0,    0,    7,    8,    1,    3,    0],
[2024-06-21 12:52:24,940][flwr][INFO] - 	       [   0, 1105,   11,    1,    1,    0,    3,    1,   13,    0],
[2024-06-21 12:52:24,940][flwr][INFO] - 	       [   8,    4,  945,   12,    8,    0,   10,   17,   27,    1],
[2024-06-21 12:52:24,940][flwr][INFO] - 	       [   3,    4,   33,  883,    1,   26,    3,   16,   38,    3],
[2024-06-21 12:52:24,940][flwr][INFO] - 	       [   1,    0,    6,    0,  930,    3,   13,    0,    8,   21],
[2024-06-21 12:52:24,940][flwr][INFO] - 	       [  11,    6,    5,   17,    6,  793,   23,    6,   23,    2],
[2024-06-21 12:52:24,940][flwr][INFO] - 	       [  12,    4,    3,    1,    7,   10,  917,    0,    4,    0],
[2024-06-21 12:52:24,940][flwr][INFO] - 	       [   3,    8,   38,    5,    8,    0,    2,  929,    6,   29],
[2024-06-21 12:52:24,940][flwr][INFO] - 	       [   4,    5,   14,   22,   11,   17,   10,    3,  882,    6],
[2024-06-21 12:52:24,940][flwr][INFO] - 	       [  16,    4,    0,    4,   74,    9,    1,   23,   36,  842]]))],
[2024-06-21 12:52:24,940][flwr][INFO] - 	 'f1': [(0, 0.03553137346181725),
[2024-06-21 12:52:24,940][flwr][INFO] - 	        (1, 0.7389061854315848),
[2024-06-21 12:52:24,940][flwr][INFO] - 	        (2, 0.8368511609048234),
[2024-06-21 12:52:24,940][flwr][INFO] - 	        (3, 0.8514550253717165),
[2024-06-21 12:52:24,940][flwr][INFO] - 	        (4, 0.8662701910133838),
[2024-06-21 12:52:24,940][flwr][INFO] - 	        (5, 0.8736793857623841),
[2024-06-21 12:52:24,940][flwr][INFO] - 	        (6, 0.8887156814413222),
[2024-06-21 12:52:24,940][flwr][INFO] - 	        (7, 0.891043381988782),
[2024-06-21 12:52:24,940][flwr][INFO] - 	        (8, 0.9072677644902365),
[2024-06-21 12:52:24,940][flwr][INFO] - 	        (9, 0.9078304231393873),
[2024-06-21 12:52:24,940][flwr][INFO] - 	        (10, 0.9182624880260686)],
[2024-06-21 12:52:24,940][flwr][INFO] - 	 'precision': [(0, 0.12349967530374152),
[2024-06-21 12:52:24,940][flwr][INFO] - 	               (1, 0.7828461595331145),
[2024-06-21 12:52:24,941][flwr][INFO] - 	               (2, 0.8458361750656455),
[2024-06-21 12:52:24,941][flwr][INFO] - 	               (3, 0.8573798247954215),
[2024-06-21 12:52:24,941][flwr][INFO] - 	               (4, 0.8739061466487105),
[2024-06-21 12:52:24,941][flwr][INFO] - 	               (5, 0.8802386091163051),
[2024-06-21 12:52:24,941][flwr][INFO] - 	               (6, 0.8915833389658779),
[2024-06-21 12:52:24,941][flwr][INFO] - 	               (7, 0.8956997222927974),
[2024-06-21 12:52:24,941][flwr][INFO] - 	               (8, 0.9094965279873417),
[2024-06-21 12:52:24,941][flwr][INFO] - 	               (9, 0.9090763808728214),
[2024-06-21 12:52:24,941][flwr][INFO] - 	               (10, 0.9193530789614375)],
[2024-06-21 12:52:24,941][flwr][INFO] - 	 'recall': [(0, 0.1086),
[2024-06-21 12:52:24,941][flwr][INFO] - 	            (1, 0.7552),
[2024-06-21 12:52:24,941][flwr][INFO] - 	            (2, 0.8389),
[2024-06-21 12:52:24,941][flwr][INFO] - 	            (3, 0.8518),
[2024-06-21 12:52:24,941][flwr][INFO] - 	            (4, 0.8663),
[2024-06-21 12:52:24,941][flwr][INFO] - 	            (5, 0.8743),
[2024-06-21 12:52:24,941][flwr][INFO] - 	            (6, 0.8894),
[2024-06-21 12:52:24,941][flwr][INFO] - 	            (7, 0.8912),
[2024-06-21 12:52:24,941][flwr][INFO] - 	            (8, 0.9072),
[2024-06-21 12:52:24,941][flwr][INFO] - 	            (9, 0.9082),
[2024-06-21 12:52:24,941][flwr][INFO] - 	            (10, 0.9185)]}
[2024-06-21 12:52:24,941][flwr][INFO] - 
