[2024-06-21 12:55:23,419][flwr][INFO] - Starting Flower simulation, config: num_rounds=10, no round_timeout
[2024-06-21 12:55:25,390][flwr][INFO] - Flower VCE: Ray initialized with resources: {'memory': 8734105600.0, 'node:127.0.0.1': 1.0, 'object_store_memory': 2147483648.0, 'CPU': 12.0, 'node:__internal_head__': 1.0}
[2024-06-21 12:55:25,390][flwr][INFO] - Optimize your simulation with Flower VCE: https://flower.ai/docs/framework/how-to-run-simulations.html
[2024-06-21 12:55:25,390][flwr][INFO] - Flower VCE: Resources for each Virtual Client: {'num_cpus': 2, 'num_gpus': 0}
[2024-06-21 12:55:25,398][flwr][INFO] - Flower VCE: Creating VirtualClientEngineActorPool with 6 actors
[2024-06-21 12:55:25,398][flwr][INFO] - [INIT]
[2024-06-21 12:55:25,398][flwr][INFO] - Requesting initial parameters from one random client
[2024-06-21 12:55:26,866][flwr][INFO] - Received initial parameters from one random client
[2024-06-21 12:55:26,866][flwr][INFO] - Evaluating initial global parameters
[2024-06-21 12:55:27,193][flwr][INFO] - initial parameters (loss, other metrics): 181.76928067207336, {'accuracy': 0.1086, 'precision': 0.12349967530374152, 'recall': 0.1086, 'f1': 0.03553137346181725, 'confusion_matrix': array([[   0,    8,    0,  956,    0,    1,    0,   15,    0,    0],
       [   0,  122,    0, 1013,    0,    0,    0,    0,    0,    0],
       [   0,   38,    0,  971,    0,    0,    3,   19,    1,    0],
       [   0,   44,    0,  945,    1,    1,    0,   17,    2,    0],
       [   0,  143,    0,  816,    1,    0,    2,   20,    0,    0],
       [   0,  118,    0,  735,    1,    7,    0,   30,    1,    0],
       [   0,  144,    0,  749,   25,    0,    2,   38,    0,    0],
       [   0,  272,    0,  724,    8,    0,    0,    9,   15,    0],
       [   0,   81,    0,  859,    1,    0,    1,   32,    0,    0],
       [   0,  178,    0,  799,    1,    0,    0,   31,    0,    0]])}
[2024-06-21 12:55:27,194][flwr][INFO] - 
[2024-06-21 12:55:27,194][flwr][INFO] - [ROUND 1]
[2024-06-21 12:55:27,194][flwr][INFO] - configure_fit: strategy sampled 10 clients (out of 100)
[2024-06-21 12:55:33,161][flwr][INFO] - aggregate_fit: received 10 results and 0 failures
[2024-06-21 12:55:33,166][flwr][WARNING] - No fit_metrics_aggregation_fn provided
[2024-06-21 12:55:33,494][flwr][INFO] - fit progress: (1, 96.31092768907547, {'accuracy': 0.7217, 'precision': 0.7722710657462176, 'recall': 0.7217, 'f1': 0.7216076683042448, 'confusion_matrix': array([[840,   0,   3,  18,   0,   8,  97,   3,  11,   0],
       [  0, 592, 514,  10,   4,   0,   3,   0,  11,   1],
       [ 10,   0, 876,  49,   8,   3,  33,  11,  24,  18],
       [  0,   0,  67, 811,  11,  22,  23,   4,  55,  17],
       [  2,   0,  11,   1, 705,   0,  28,   5,   7, 223],
       [  8,   2,  38, 106,  73, 442,  83,   7, 116,  17],
       [  8,   2,  35,   0,  22,   5, 880,   1,   1,   4],
       [  1,   0,  43,  16,  12,   0,   2, 633,  30, 291],
       [  9,   0,  85, 183,  17,  12,  21,   2, 572,  73],
       [ 10,   1,   3,  10,  69,   0,   3,  22,  25, 866]])}, 6.308123458000001)
[2024-06-21 12:55:33,495][flwr][INFO] - configure_evaluate: no clients selected, skipping evaluation
[2024-06-21 12:55:33,495][flwr][INFO] - 
[2024-06-21 12:55:33,495][flwr][INFO] - [ROUND 2]
[2024-06-21 12:55:33,495][flwr][INFO] - configure_fit: strategy sampled 10 clients (out of 100)
[2024-06-21 12:55:38,087][flwr][INFO] - aggregate_fit: received 10 results and 0 failures
[2024-06-21 12:55:38,463][flwr][INFO] - fit progress: (2, 65.52030375599861, {'accuracy': 0.735, 'precision': 0.8068490711882671, 'recall': 0.735, 'f1': 0.7201805970000482, 'confusion_matrix': array([[942,   0,   2,   8,   0,   9,  10,   3,   1,   5],
       [  0, 171, 953,   4,   1,   0,   3,   1,   1,   1],
       [ 10,   0, 873,  78,  15,   2,  11,  17,  10,  16],
       [  3,   0,  37, 845,  14,  31,   1,  16,  17,  46],
       [  1,   0,   9,   0, 819,   1,  12,   2,   0, 138],
       [ 22,   5,  31,  93,  35, 623,  24,   7,  14,  38],
       [ 26,   0,  53,   0,  32,   9, 829,   3,   0,   6],
       [ 13,   0,  61,   2,   5,   1,   0, 857,   4,  85],
       [ 11,   0,  81, 100,  26,  46,  12,   6, 490, 202],
       [ 18,   1,   4,   5,  38,   6,   0,  34,   2, 901]])}, 11.281479500000001)
[2024-06-21 12:55:38,464][flwr][INFO] - configure_evaluate: no clients selected, skipping evaluation
[2024-06-21 12:55:38,464][flwr][INFO] - 
[2024-06-21 12:55:38,464][flwr][INFO] - [ROUND 3]
[2024-06-21 12:55:38,464][flwr][INFO] - configure_fit: strategy sampled 10 clients (out of 100)
[2024-06-21 12:55:46,385][flwr][INFO] - aggregate_fit: received 10 results and 0 failures
[2024-06-21 12:55:46,749][flwr][INFO] - fit progress: (3, 53.84361907839775, {'accuracy': 0.8176, 'precision': 0.8324442542753661, 'recall': 0.8176, 'f1': 0.8151292509095239, 'confusion_matrix': array([[943,   0,   1,   6,   1,  16,   7,   5,   0,   1],
       [  0, 977, 133,  11,   5,   2,   3,   0,   3,   1],
       [  7,   2, 756, 191,  16,   3,  15,  16,  15,  11],
       [  4,   0,  15, 876,  22,  45,   1,  11,   7,  29],
       [  1,   0,   5,   0, 931,  15,  13,   0,   0,  17],
       [ 18,   8,   4,  71,  20, 721,  24,   3,  15,   8],
       [ 16,   2,  11,   2,  24,  14, 876,  12,   0,   1],
       [ 10,  10,  34,  26,   8,  14,   0, 817,   7, 102],
       [ 17,   3,  29, 137,  34,  92,  16,   2, 473, 171],
       [ 14,   4,   1,   7, 137,  25,   0,  15,   0, 806]])}, 19.571563791000003)
[2024-06-21 12:55:46,750][flwr][INFO] - configure_evaluate: no clients selected, skipping evaluation
[2024-06-21 12:55:46,750][flwr][INFO] - 
[2024-06-21 12:55:46,750][flwr][INFO] - [ROUND 4]
[2024-06-21 12:55:46,750][flwr][INFO] - configure_fit: strategy sampled 10 clients (out of 100)
[2024-06-21 12:55:54,687][flwr][INFO] - aggregate_fit: received 10 results and 0 failures
[2024-06-21 12:55:55,034][flwr][INFO] - fit progress: (4, 49.35633918642998, {'accuracy': 0.833, 'precision': 0.8469434468582149, 'recall': 0.833, 'f1': 0.8322591681195858, 'confusion_matrix': array([[956,   0,   1,   2,   1,   5,  13,   1,   0,   1],
       [  0, 894, 226,   3,   1,   3,   4,   0,   3,   1],
       [ 11,   2, 789, 158,   9,   2,  19,  14,  19,   9],
       [  3,   0,  19, 858,  15,  46,   6,  11,  14,  38],
       [  2,   0,   5,   1, 877,  22,  25,   0,   1,  49],
       [ 18,   5,   6,  45,   5, 740,  40,   2,  15,  16],
       [ 11,   1,   8,   0,  10,   7, 917,   4,   0,   0],
       [ 13,   3,  45,  18,   5,   7,   0, 827,  11,  99],
       [ 16,   2,  35,  79,  11,  63,  25,   2, 556, 185],
       [ 22,   4,   2,   7,  37,  13,   1,   7,   0, 916]])}, 27.858754458)
[2024-06-21 12:55:55,034][flwr][INFO] - configure_evaluate: no clients selected, skipping evaluation
[2024-06-21 12:55:55,034][flwr][INFO] - 
[2024-06-21 12:55:55,034][flwr][INFO] - [ROUND 5]
[2024-06-21 12:55:55,035][flwr][INFO] - configure_fit: strategy sampled 10 clients (out of 100)
[2024-06-21 12:55:59,376][flwr][INFO] - aggregate_fit: received 10 results and 0 failures
[2024-06-21 12:55:59,717][flwr][INFO] - fit progress: (5, 45.88087695837021, {'accuracy': 0.8482, 'precision': 0.8595223094890927, 'recall': 0.8482, 'f1': 0.8477713913727001, 'confusion_matrix': array([[ 959,    0,    0,    1,    0,   10,    5,    4,    0,    1],
       [   0, 1017,   99,    4,    1,    3,    4,    0,    4,    3],
       [  13,    3,  747,  190,   14,    7,    9,   14,   24,   11],
       [   3,    1,    9,  893,    8,   41,    1,   11,   15,   28],
       [   1,    0,    2,    2,  851,   36,   12,    0,    0,   78],
       [  17,    4,    3,   35,    5,  782,   16,    5,   14,   11],
       [  16,    4,    8,    1,   27,   28,  866,    4,    0,    4],
       [  11,    6,   39,   22,    4,    8,    0,  832,   18,   88],
       [  15,    2,   16,   74,   11,   82,   11,    2,  601,  160],
       [  23,    5,    0,    7,   22,   11,    0,    7,    0,  934]])}, 32.542377833)
[2024-06-21 12:55:59,717][flwr][INFO] - configure_evaluate: no clients selected, skipping evaluation
[2024-06-21 12:55:59,717][flwr][INFO] - 
[2024-06-21 12:55:59,717][flwr][INFO] - [ROUND 6]
[2024-06-21 12:55:59,717][flwr][INFO] - configure_fit: strategy sampled 10 clients (out of 100)
[2024-06-21 12:56:04,500][flwr][INFO] - aggregate_fit: received 10 results and 0 failures
[2024-06-21 12:56:04,843][flwr][INFO] - fit progress: (6, 44.80262467265129, {'accuracy': 0.8634, 'precision': 0.8689983799166395, 'recall': 0.8634, 'f1': 0.8635214419824104, 'confusion_matrix': array([[ 929,   18,    1,    6,    0,    9,   10,    3,    4,    0],
       [   0, 1021,   97,    4,    1,    2,    4,    0,    6,    0],
       [   7,    3,  865,   91,   10,    6,   12,    4,   28,    6],
       [   0,    0,   17,  864,   22,   48,    1,    4,   34,   20],
       [   1,    1,    4,    0,  866,   31,   17,    0,    3,   59],
       [   4,    8,    4,   33,    1,  764,   33,    0,   36,    9],
       [   4,    5,    7,    1,    6,   11,  918,    4,    1,    1],
       [   5,    6,   61,    7,    5,    5,    0,  761,   85,   93],
       [   6,    3,   21,   37,   11,   52,   20,    0,  721,  103],
       [  10,    6,    0,    6,   33,   11,    1,    8,    9,  925]])}, 37.669710708000004)
[2024-06-21 12:56:04,844][flwr][INFO] - configure_evaluate: no clients selected, skipping evaluation
[2024-06-21 12:56:04,844][flwr][INFO] - 
[2024-06-21 12:56:04,844][flwr][INFO] - [ROUND 7]
[2024-06-21 12:56:04,844][flwr][INFO] - configure_fit: strategy sampled 10 clients (out of 100)
[2024-06-21 12:56:11,389][flwr][INFO] - aggregate_fit: received 10 results and 0 failures
[2024-06-21 12:56:12,317][flwr][INFO] - fit progress: (7, 38.318626672029495, {'accuracy': 0.8776, 'precision': 0.8837196846951488, 'recall': 0.8776, 'f1': 0.8774545045377133, 'confusion_matrix': array([[ 944,    2,    0,    1,    0,   12,   14,    5,    1,    1],
       [   0, 1085,   26,    4,    1,    1,    4,    1,   10,    3],
       [   9,    3,  759,  183,   14,    0,   10,   17,   27,   10],
       [   2,    1,    2,  897,    8,   36,    2,   13,   28,   21],
       [   1,    1,    1,    4,  873,    9,   13,    0,    3,   77],
       [   9,    4,    3,   25,    3,  757,   42,    7,   26,   16],
       [   6,    3,    5,    0,   10,    6,  915,   11,    0,    2],
       [   7,    5,   20,   29,    7,    2,    0,  891,   18,   49],
       [   9,    5,    8,   41,   12,   34,   17,    3,  721,  124],
       [  15,    6,    0,    7,   26,    7,    1,    9,    4,  934]])}, 45.144224791)
[2024-06-21 12:56:12,318][flwr][INFO] - configure_evaluate: no clients selected, skipping evaluation
[2024-06-21 12:56:12,318][flwr][INFO] - 
[2024-06-21 12:56:12,318][flwr][INFO] - [ROUND 8]
[2024-06-21 12:56:12,319][flwr][INFO] - configure_fit: strategy sampled 10 clients (out of 100)
[2024-06-21 12:56:26,079][flwr][INFO] - aggregate_fit: received 10 results and 0 failures
[2024-06-21 12:56:27,070][flwr][INFO] - fit progress: (8, 42.42113021016121, {'accuracy': 0.8729, 'precision': 0.876650691804031, 'recall': 0.8729, 'f1': 0.8729312353813837, 'confusion_matrix': array([[ 950,    6,    0,    4,    0,    7,    5,    8,    0,    0],
       [   0, 1043,   68,    7,    1,    2,    4,    1,    9,    0],
       [   7,    2,  881,   86,    6,    1,    3,   15,   28,    3],
       [   0,    1,   14,  914,    4,   30,    0,   12,   25,   10],
       [   1,    1,    4,    2,  842,   66,    5,    8,    5,   48],
       [   7,    6,    4,   22,    0,  803,   20,    3,   20,    7],
       [   6,    7,   15,    1,    7,    8,  770,  142,    0,    2],
       [   4,    2,   41,   24,    6,    1,    0,  914,   16,   20],
       [   8,    5,   21,   57,    5,   48,   12,    3,  729,   86],
       [  24,    6,    1,   10,   32,   22,    1,   19,   11,  883]])}, 59.897626291)
[2024-06-21 12:56:27,071][flwr][INFO] - configure_evaluate: no clients selected, skipping evaluation
[2024-06-21 12:56:27,071][flwr][INFO] - 
[2024-06-21 12:56:27,071][flwr][INFO] - [ROUND 9]
[2024-06-21 12:56:27,072][flwr][INFO] - configure_fit: strategy sampled 10 clients (out of 100)
[2024-06-21 12:56:39,316][flwr][INFO] - aggregate_fit: received 10 results and 0 failures
[2024-06-21 12:56:39,943][flwr][INFO] - fit progress: (9, 34.6318186968565, {'accuracy': 0.902, 'precision': 0.9038299962142486, 'recall': 0.902, 'f1': 0.9019595768720791, 'confusion_matrix': array([[ 957,    3,    1,    3,    0,    2,    8,    5,    1,    0],
       [   0, 1068,   53,    3,    0,    0,    4,    0,    7,    0],
       [   8,    1,  925,   53,    5,    1,    6,   12,   18,    3],
       [   2,    1,   17,  912,    3,   23,    1,   13,   30,    8],
       [   2,    1,    8,    1,  871,   11,   17,    1,    4,   66],
       [   9,    2,    7,   23,    2,  729,   81,    3,   26,   10],
       [   9,    7,   11,    1,    4,    3,  915,    6,    0,    2],
       [   6,    4,   50,   12,    5,    0,    0,  908,    9,   34],
       [  10,    1,   27,   32,    6,   24,   17,    2,  820,   35],
       [  27,    5,    0,    8,   28,   11,    1,    9,    5,  915]])}, 72.77073874999999)
[2024-06-21 12:56:39,944][flwr][INFO] - configure_evaluate: no clients selected, skipping evaluation
[2024-06-21 12:56:39,944][flwr][INFO] - 
[2024-06-21 12:56:39,944][flwr][INFO] - [ROUND 10]
[2024-06-21 12:56:39,944][flwr][INFO] - configure_fit: strategy sampled 10 clients (out of 100)
[2024-06-21 12:56:50,900][flwr][INFO] - aggregate_fit: received 10 results and 0 failures
[2024-06-21 12:56:51,388][flwr][INFO] - fit progress: (10, 36.772210732102394, {'accuracy': 0.903, 'precision': 0.9038859458459269, 'recall': 0.903, 'f1': 0.9032074102986193, 'confusion_matrix': array([[ 922,   14,    0,    3,    0,   19,   11,    8,    2,    1],
       [   0, 1079,   34,    6,    0,    0,    4,    1,   11,    0],
       [   8,    0,  887,   74,    9,    4,    8,   15,   25,    2],
       [   0,    1,   13,  892,    7,   34,    3,   12,   39,    9],
       [   1,    1,    3,    2,  901,   13,   11,    3,    2,   45],
       [   5,    2,    1,   16,    1,  803,   24,    5,   26,    9],
       [   4,    3,    5,    0,   12,   16,  898,   18,    1,    1],
       [   3,    2,   39,   12,    9,    3,    0,  896,   29,   35],
       [   2,    3,   16,   13,    7,   33,   12,    1,  853,   34],
       [  13,    4,    1,    4,   48,   19,    1,    9,   11,  899]])}, 84.21550425)
[2024-06-21 12:56:51,389][flwr][INFO] - configure_evaluate: no clients selected, skipping evaluation
[2024-06-21 12:56:51,391][flwr][INFO] - 
[2024-06-21 12:56:51,391][flwr][INFO] - [SUMMARY]
[2024-06-21 12:56:51,391][flwr][INFO] - Run finished 10 round(s) in 84.22s
[2024-06-21 12:56:51,397][flwr][INFO] - 	History (loss, centralized):
[2024-06-21 12:56:51,404][flwr][INFO] - 		round 0: 181.76928067207336
[2024-06-21 12:56:51,404][flwr][INFO] - 		round 1: 96.31092768907547
[2024-06-21 12:56:51,404][flwr][INFO] - 		round 2: 65.52030375599861
[2024-06-21 12:56:51,404][flwr][INFO] - 		round 3: 53.84361907839775
[2024-06-21 12:56:51,404][flwr][INFO] - 		round 4: 49.35633918642998
[2024-06-21 12:56:51,404][flwr][INFO] - 		round 5: 45.88087695837021
[2024-06-21 12:56:51,404][flwr][INFO] - 		round 6: 44.80262467265129
[2024-06-21 12:56:51,404][flwr][INFO] - 		round 7: 38.318626672029495
[2024-06-21 12:56:51,404][flwr][INFO] - 		round 8: 42.42113021016121
[2024-06-21 12:56:51,404][flwr][INFO] - 		round 9: 34.6318186968565
[2024-06-21 12:56:51,404][flwr][INFO] - 		round 10: 36.772210732102394
[2024-06-21 12:56:51,404][flwr][INFO] - 	History (metrics, centralized):
[2024-06-21 12:56:51,404][flwr][INFO] - 	{'accuracy': [(0, 0.1086),
[2024-06-21 12:56:51,404][flwr][INFO] - 	              (1, 0.7217),
[2024-06-21 12:56:51,404][flwr][INFO] - 	              (2, 0.735),
[2024-06-21 12:56:51,404][flwr][INFO] - 	              (3, 0.8176),
[2024-06-21 12:56:51,404][flwr][INFO] - 	              (4, 0.833),
[2024-06-21 12:56:51,404][flwr][INFO] - 	              (5, 0.8482),
[2024-06-21 12:56:51,404][flwr][INFO] - 	              (6, 0.8634),
[2024-06-21 12:56:51,404][flwr][INFO] - 	              (7, 0.8776),
[2024-06-21 12:56:51,404][flwr][INFO] - 	              (8, 0.8729),
[2024-06-21 12:56:51,404][flwr][INFO] - 	              (9, 0.902),
[2024-06-21 12:56:51,404][flwr][INFO] - 	              (10, 0.903)],
[2024-06-21 12:56:51,404][flwr][INFO] - 	 'confusion_matrix': [(0,
[2024-06-21 12:56:51,404][flwr][INFO] - 	                       array([[   0,    8,    0,  956,    0,    1,    0,   15,    0,    0],
[2024-06-21 12:56:51,404][flwr][INFO] - 	       [   0,  122,    0, 1013,    0,    0,    0,    0,    0,    0],
[2024-06-21 12:56:51,404][flwr][INFO] - 	       [   0,   38,    0,  971,    0,    0,    3,   19,    1,    0],
[2024-06-21 12:56:51,404][flwr][INFO] - 	       [   0,   44,    0,  945,    1,    1,    0,   17,    2,    0],
[2024-06-21 12:56:51,404][flwr][INFO] - 	       [   0,  143,    0,  816,    1,    0,    2,   20,    0,    0],
[2024-06-21 12:56:51,404][flwr][INFO] - 	       [   0,  118,    0,  735,    1,    7,    0,   30,    1,    0],
[2024-06-21 12:56:51,404][flwr][INFO] - 	       [   0,  144,    0,  749,   25,    0,    2,   38,    0,    0],
[2024-06-21 12:56:51,404][flwr][INFO] - 	       [   0,  272,    0,  724,    8,    0,    0,    9,   15,    0],
[2024-06-21 12:56:51,404][flwr][INFO] - 	       [   0,   81,    0,  859,    1,    0,    1,   32,    0,    0],
[2024-06-21 12:56:51,404][flwr][INFO] - 	       [   0,  178,    0,  799,    1,    0,    0,   31,    0,    0]])),
[2024-06-21 12:56:51,404][flwr][INFO] - 	                      (1,
[2024-06-21 12:56:51,404][flwr][INFO] - 	                       array([[840,   0,   3,  18,   0,   8,  97,   3,  11,   0],
[2024-06-21 12:56:51,404][flwr][INFO] - 	       [  0, 592, 514,  10,   4,   0,   3,   0,  11,   1],
[2024-06-21 12:56:51,404][flwr][INFO] - 	       [ 10,   0, 876,  49,   8,   3,  33,  11,  24,  18],
[2024-06-21 12:56:51,404][flwr][INFO] - 	       [  0,   0,  67, 811,  11,  22,  23,   4,  55,  17],
[2024-06-21 12:56:51,404][flwr][INFO] - 	       [  2,   0,  11,   1, 705,   0,  28,   5,   7, 223],
[2024-06-21 12:56:51,404][flwr][INFO] - 	       [  8,   2,  38, 106,  73, 442,  83,   7, 116,  17],
[2024-06-21 12:56:51,404][flwr][INFO] - 	       [  8,   2,  35,   0,  22,   5, 880,   1,   1,   4],
[2024-06-21 12:56:51,404][flwr][INFO] - 	       [  1,   0,  43,  16,  12,   0,   2, 633,  30, 291],
[2024-06-21 12:56:51,404][flwr][INFO] - 	       [  9,   0,  85, 183,  17,  12,  21,   2, 572,  73],
[2024-06-21 12:56:51,404][flwr][INFO] - 	       [ 10,   1,   3,  10,  69,   0,   3,  22,  25, 866]])),
[2024-06-21 12:56:51,404][flwr][INFO] - 	                      (2,
[2024-06-21 12:56:51,404][flwr][INFO] - 	                       array([[942,   0,   2,   8,   0,   9,  10,   3,   1,   5],
[2024-06-21 12:56:51,405][flwr][INFO] - 	       [  0, 171, 953,   4,   1,   0,   3,   1,   1,   1],
[2024-06-21 12:56:51,405][flwr][INFO] - 	       [ 10,   0, 873,  78,  15,   2,  11,  17,  10,  16],
[2024-06-21 12:56:51,405][flwr][INFO] - 	       [  3,   0,  37, 845,  14,  31,   1,  16,  17,  46],
[2024-06-21 12:56:51,405][flwr][INFO] - 	       [  1,   0,   9,   0, 819,   1,  12,   2,   0, 138],
[2024-06-21 12:56:51,405][flwr][INFO] - 	       [ 22,   5,  31,  93,  35, 623,  24,   7,  14,  38],
[2024-06-21 12:56:51,405][flwr][INFO] - 	       [ 26,   0,  53,   0,  32,   9, 829,   3,   0,   6],
[2024-06-21 12:56:51,405][flwr][INFO] - 	       [ 13,   0,  61,   2,   5,   1,   0, 857,   4,  85],
[2024-06-21 12:56:51,405][flwr][INFO] - 	       [ 11,   0,  81, 100,  26,  46,  12,   6, 490, 202],
[2024-06-21 12:56:51,405][flwr][INFO] - 	       [ 18,   1,   4,   5,  38,   6,   0,  34,   2, 901]])),
[2024-06-21 12:56:51,405][flwr][INFO] - 	                      (3,
[2024-06-21 12:56:51,405][flwr][INFO] - 	                       array([[943,   0,   1,   6,   1,  16,   7,   5,   0,   1],
[2024-06-21 12:56:51,405][flwr][INFO] - 	       [  0, 977, 133,  11,   5,   2,   3,   0,   3,   1],
[2024-06-21 12:56:51,405][flwr][INFO] - 	       [  7,   2, 756, 191,  16,   3,  15,  16,  15,  11],
[2024-06-21 12:56:51,405][flwr][INFO] - 	       [  4,   0,  15, 876,  22,  45,   1,  11,   7,  29],
[2024-06-21 12:56:51,405][flwr][INFO] - 	       [  1,   0,   5,   0, 931,  15,  13,   0,   0,  17],
[2024-06-21 12:56:51,405][flwr][INFO] - 	       [ 18,   8,   4,  71,  20, 721,  24,   3,  15,   8],
[2024-06-21 12:56:51,405][flwr][INFO] - 	       [ 16,   2,  11,   2,  24,  14, 876,  12,   0,   1],
[2024-06-21 12:56:51,405][flwr][INFO] - 	       [ 10,  10,  34,  26,   8,  14,   0, 817,   7, 102],
[2024-06-21 12:56:51,405][flwr][INFO] - 	       [ 17,   3,  29, 137,  34,  92,  16,   2, 473, 171],
[2024-06-21 12:56:51,405][flwr][INFO] - 	       [ 14,   4,   1,   7, 137,  25,   0,  15,   0, 806]])),
[2024-06-21 12:56:51,405][flwr][INFO] - 	                      (4,
[2024-06-21 12:56:51,405][flwr][INFO] - 	                       array([[956,   0,   1,   2,   1,   5,  13,   1,   0,   1],
[2024-06-21 12:56:51,405][flwr][INFO] - 	       [  0, 894, 226,   3,   1,   3,   4,   0,   3,   1],
[2024-06-21 12:56:51,405][flwr][INFO] - 	       [ 11,   2, 789, 158,   9,   2,  19,  14,  19,   9],
[2024-06-21 12:56:51,405][flwr][INFO] - 	       [  3,   0,  19, 858,  15,  46,   6,  11,  14,  38],
[2024-06-21 12:56:51,405][flwr][INFO] - 	       [  2,   0,   5,   1, 877,  22,  25,   0,   1,  49],
[2024-06-21 12:56:51,405][flwr][INFO] - 	       [ 18,   5,   6,  45,   5, 740,  40,   2,  15,  16],
[2024-06-21 12:56:51,405][flwr][INFO] - 	       [ 11,   1,   8,   0,  10,   7, 917,   4,   0,   0],
[2024-06-21 12:56:51,405][flwr][INFO] - 	       [ 13,   3,  45,  18,   5,   7,   0, 827,  11,  99],
[2024-06-21 12:56:51,405][flwr][INFO] - 	       [ 16,   2,  35,  79,  11,  63,  25,   2, 556, 185],
[2024-06-21 12:56:51,405][flwr][INFO] - 	       [ 22,   4,   2,   7,  37,  13,   1,   7,   0, 916]])),
[2024-06-21 12:56:51,405][flwr][INFO] - 	                      (5,
[2024-06-21 12:56:51,405][flwr][INFO] - 	                       array([[ 959,    0,    0,    1,    0,   10,    5,    4,    0,    1],
[2024-06-21 12:56:51,405][flwr][INFO] - 	       [   0, 1017,   99,    4,    1,    3,    4,    0,    4,    3],
[2024-06-21 12:56:51,405][flwr][INFO] - 	       [  13,    3,  747,  190,   14,    7,    9,   14,   24,   11],
[2024-06-21 12:56:51,405][flwr][INFO] - 	       [   3,    1,    9,  893,    8,   41,    1,   11,   15,   28],
[2024-06-21 12:56:51,405][flwr][INFO] - 	       [   1,    0,    2,    2,  851,   36,   12,    0,    0,   78],
[2024-06-21 12:56:51,405][flwr][INFO] - 	       [  17,    4,    3,   35,    5,  782,   16,    5,   14,   11],
[2024-06-21 12:56:51,405][flwr][INFO] - 	       [  16,    4,    8,    1,   27,   28,  866,    4,    0,    4],
[2024-06-21 12:56:51,405][flwr][INFO] - 	       [  11,    6,   39,   22,    4,    8,    0,  832,   18,   88],
[2024-06-21 12:56:51,405][flwr][INFO] - 	       [  15,    2,   16,   74,   11,   82,   11,    2,  601,  160],
[2024-06-21 12:56:51,405][flwr][INFO] - 	       [  23,    5,    0,    7,   22,   11,    0,    7,    0,  934]])),
[2024-06-21 12:56:51,405][flwr][INFO] - 	                      (6,
[2024-06-21 12:56:51,405][flwr][INFO] - 	                       array([[ 929,   18,    1,    6,    0,    9,   10,    3,    4,    0],
[2024-06-21 12:56:51,405][flwr][INFO] - 	       [   0, 1021,   97,    4,    1,    2,    4,    0,    6,    0],
[2024-06-21 12:56:51,405][flwr][INFO] - 	       [   7,    3,  865,   91,   10,    6,   12,    4,   28,    6],
[2024-06-21 12:56:51,405][flwr][INFO] - 	       [   0,    0,   17,  864,   22,   48,    1,    4,   34,   20],
[2024-06-21 12:56:51,405][flwr][INFO] - 	       [   1,    1,    4,    0,  866,   31,   17,    0,    3,   59],
[2024-06-21 12:56:51,405][flwr][INFO] - 	       [   4,    8,    4,   33,    1,  764,   33,    0,   36,    9],
[2024-06-21 12:56:51,405][flwr][INFO] - 	       [   4,    5,    7,    1,    6,   11,  918,    4,    1,    1],
[2024-06-21 12:56:51,405][flwr][INFO] - 	       [   5,    6,   61,    7,    5,    5,    0,  761,   85,   93],
[2024-06-21 12:56:51,405][flwr][INFO] - 	       [   6,    3,   21,   37,   11,   52,   20,    0,  721,  103],
[2024-06-21 12:56:51,405][flwr][INFO] - 	       [  10,    6,    0,    6,   33,   11,    1,    8,    9,  925]])),
[2024-06-21 12:56:51,405][flwr][INFO] - 	                      (7,
[2024-06-21 12:56:51,405][flwr][INFO] - 	                       array([[ 944,    2,    0,    1,    0,   12,   14,    5,    1,    1],
[2024-06-21 12:56:51,406][flwr][INFO] - 	       [   0, 1085,   26,    4,    1,    1,    4,    1,   10,    3],
[2024-06-21 12:56:51,406][flwr][INFO] - 	       [   9,    3,  759,  183,   14,    0,   10,   17,   27,   10],
[2024-06-21 12:56:51,406][flwr][INFO] - 	       [   2,    1,    2,  897,    8,   36,    2,   13,   28,   21],
[2024-06-21 12:56:51,406][flwr][INFO] - 	       [   1,    1,    1,    4,  873,    9,   13,    0,    3,   77],
[2024-06-21 12:56:51,406][flwr][INFO] - 	       [   9,    4,    3,   25,    3,  757,   42,    7,   26,   16],
[2024-06-21 12:56:51,406][flwr][INFO] - 	       [   6,    3,    5,    0,   10,    6,  915,   11,    0,    2],
[2024-06-21 12:56:51,406][flwr][INFO] - 	       [   7,    5,   20,   29,    7,    2,    0,  891,   18,   49],
[2024-06-21 12:56:51,406][flwr][INFO] - 	       [   9,    5,    8,   41,   12,   34,   17,    3,  721,  124],
[2024-06-21 12:56:51,406][flwr][INFO] - 	       [  15,    6,    0,    7,   26,    7,    1,    9,    4,  934]])),
[2024-06-21 12:56:51,406][flwr][INFO] - 	                      (8,
[2024-06-21 12:56:51,406][flwr][INFO] - 	                       array([[ 950,    6,    0,    4,    0,    7,    5,    8,    0,    0],
[2024-06-21 12:56:51,406][flwr][INFO] - 	       [   0, 1043,   68,    7,    1,    2,    4,    1,    9,    0],
[2024-06-21 12:56:51,406][flwr][INFO] - 	       [   7,    2,  881,   86,    6,    1,    3,   15,   28,    3],
[2024-06-21 12:56:51,406][flwr][INFO] - 	       [   0,    1,   14,  914,    4,   30,    0,   12,   25,   10],
[2024-06-21 12:56:51,406][flwr][INFO] - 	       [   1,    1,    4,    2,  842,   66,    5,    8,    5,   48],
[2024-06-21 12:56:51,406][flwr][INFO] - 	       [   7,    6,    4,   22,    0,  803,   20,    3,   20,    7],
[2024-06-21 12:56:51,406][flwr][INFO] - 	       [   6,    7,   15,    1,    7,    8,  770,  142,    0,    2],
[2024-06-21 12:56:51,406][flwr][INFO] - 	       [   4,    2,   41,   24,    6,    1,    0,  914,   16,   20],
[2024-06-21 12:56:51,406][flwr][INFO] - 	       [   8,    5,   21,   57,    5,   48,   12,    3,  729,   86],
[2024-06-21 12:56:51,406][flwr][INFO] - 	       [  24,    6,    1,   10,   32,   22,    1,   19,   11,  883]])),
[2024-06-21 12:56:51,406][flwr][INFO] - 	                      (9,
[2024-06-21 12:56:51,406][flwr][INFO] - 	                       array([[ 957,    3,    1,    3,    0,    2,    8,    5,    1,    0],
[2024-06-21 12:56:51,406][flwr][INFO] - 	       [   0, 1068,   53,    3,    0,    0,    4,    0,    7,    0],
[2024-06-21 12:56:51,406][flwr][INFO] - 	       [   8,    1,  925,   53,    5,    1,    6,   12,   18,    3],
[2024-06-21 12:56:51,406][flwr][INFO] - 	       [   2,    1,   17,  912,    3,   23,    1,   13,   30,    8],
[2024-06-21 12:56:51,406][flwr][INFO] - 	       [   2,    1,    8,    1,  871,   11,   17,    1,    4,   66],
[2024-06-21 12:56:51,406][flwr][INFO] - 	       [   9,    2,    7,   23,    2,  729,   81,    3,   26,   10],
[2024-06-21 12:56:51,406][flwr][INFO] - 	       [   9,    7,   11,    1,    4,    3,  915,    6,    0,    2],
[2024-06-21 12:56:51,406][flwr][INFO] - 	       [   6,    4,   50,   12,    5,    0,    0,  908,    9,   34],
[2024-06-21 12:56:51,406][flwr][INFO] - 	       [  10,    1,   27,   32,    6,   24,   17,    2,  820,   35],
[2024-06-21 12:56:51,406][flwr][INFO] - 	       [  27,    5,    0,    8,   28,   11,    1,    9,    5,  915]])),
[2024-06-21 12:56:51,406][flwr][INFO] - 	                      (10,
[2024-06-21 12:56:51,406][flwr][INFO] - 	                       array([[ 922,   14,    0,    3,    0,   19,   11,    8,    2,    1],
[2024-06-21 12:56:51,406][flwr][INFO] - 	       [   0, 1079,   34,    6,    0,    0,    4,    1,   11,    0],
[2024-06-21 12:56:51,406][flwr][INFO] - 	       [   8,    0,  887,   74,    9,    4,    8,   15,   25,    2],
[2024-06-21 12:56:51,406][flwr][INFO] - 	       [   0,    1,   13,  892,    7,   34,    3,   12,   39,    9],
[2024-06-21 12:56:51,406][flwr][INFO] - 	       [   1,    1,    3,    2,  901,   13,   11,    3,    2,   45],
[2024-06-21 12:56:51,406][flwr][INFO] - 	       [   5,    2,    1,   16,    1,  803,   24,    5,   26,    9],
[2024-06-21 12:56:51,406][flwr][INFO] - 	       [   4,    3,    5,    0,   12,   16,  898,   18,    1,    1],
[2024-06-21 12:56:51,406][flwr][INFO] - 	       [   3,    2,   39,   12,    9,    3,    0,  896,   29,   35],
[2024-06-21 12:56:51,406][flwr][INFO] - 	       [   2,    3,   16,   13,    7,   33,   12,    1,  853,   34],
[2024-06-21 12:56:51,406][flwr][INFO] - 	       [  13,    4,    1,    4,   48,   19,    1,    9,   11,  899]]))],
[2024-06-21 12:56:51,406][flwr][INFO] - 	 'f1': [(0, 0.03553137346181725),
[2024-06-21 12:56:51,406][flwr][INFO] - 	        (1, 0.7216076683042448),
[2024-06-21 12:56:51,406][flwr][INFO] - 	        (2, 0.7201805970000482),
[2024-06-21 12:56:51,406][flwr][INFO] - 	        (3, 0.8151292509095239),
[2024-06-21 12:56:51,406][flwr][INFO] - 	        (4, 0.8322591681195858),
[2024-06-21 12:56:51,406][flwr][INFO] - 	        (5, 0.8477713913727001),
[2024-06-21 12:56:51,406][flwr][INFO] - 	        (6, 0.8635214419824104),
[2024-06-21 12:56:51,406][flwr][INFO] - 	        (7, 0.8774545045377133),
[2024-06-21 12:56:51,406][flwr][INFO] - 	        (8, 0.8729312353813837),
[2024-06-21 12:56:51,406][flwr][INFO] - 	        (9, 0.9019595768720791),
[2024-06-21 12:56:51,406][flwr][INFO] - 	        (10, 0.9032074102986193)],
[2024-06-21 12:56:51,406][flwr][INFO] - 	 'precision': [(0, 0.12349967530374152),
[2024-06-21 12:56:51,406][flwr][INFO] - 	               (1, 0.7722710657462176),
[2024-06-21 12:56:51,406][flwr][INFO] - 	               (2, 0.8068490711882671),
[2024-06-21 12:56:51,407][flwr][INFO] - 	               (3, 0.8324442542753661),
[2024-06-21 12:56:51,407][flwr][INFO] - 	               (4, 0.8469434468582149),
[2024-06-21 12:56:51,407][flwr][INFO] - 	               (5, 0.8595223094890927),
[2024-06-21 12:56:51,407][flwr][INFO] - 	               (6, 0.8689983799166395),
[2024-06-21 12:56:51,407][flwr][INFO] - 	               (7, 0.8837196846951488),
[2024-06-21 12:56:51,407][flwr][INFO] - 	               (8, 0.876650691804031),
[2024-06-21 12:56:51,407][flwr][INFO] - 	               (9, 0.9038299962142486),
[2024-06-21 12:56:51,407][flwr][INFO] - 	               (10, 0.9038859458459269)],
[2024-06-21 12:56:51,407][flwr][INFO] - 	 'recall': [(0, 0.1086),
[2024-06-21 12:56:51,407][flwr][INFO] - 	            (1, 0.7217),
[2024-06-21 12:56:51,407][flwr][INFO] - 	            (2, 0.735),
[2024-06-21 12:56:51,407][flwr][INFO] - 	            (3, 0.8176),
[2024-06-21 12:56:51,407][flwr][INFO] - 	            (4, 0.833),
[2024-06-21 12:56:51,407][flwr][INFO] - 	            (5, 0.8482),
[2024-06-21 12:56:51,407][flwr][INFO] - 	            (6, 0.8634),
[2024-06-21 12:56:51,407][flwr][INFO] - 	            (7, 0.8776),
[2024-06-21 12:56:51,407][flwr][INFO] - 	            (8, 0.8729),
[2024-06-21 12:56:51,407][flwr][INFO] - 	            (9, 0.902),
[2024-06-21 12:56:51,407][flwr][INFO] - 	            (10, 0.903)]}
[2024-06-21 12:56:51,407][flwr][INFO] - 
