[2024-07-08 15:16:38,624][flwr][INFO] - Starting Flower simulation, config: num_rounds=10, no round_timeout
[2024-07-08 15:16:40,325][flwr][INFO] - Flower VCE: Ray initialized with resources: {'memory': 10289456743.0, 'node:127.0.0.1': 1.0, 'node:__internal_head__': 1.0, 'object_store_memory': 2147483648.0, 'CPU': 12.0}
[2024-07-08 15:16:40,325][flwr][INFO] - Optimize your simulation with Flower VCE: https://flower.ai/docs/framework/how-to-run-simulations.html
[2024-07-08 15:16:40,325][flwr][INFO] - Flower VCE: Resources for each Virtual Client: {'num_cpus': 2, 'num_gpus': 0}
[2024-07-08 15:16:40,339][flwr][INFO] - Flower VCE: Creating VirtualClientEngineActorPool with 6 actors
[2024-07-08 15:16:40,339][flwr][INFO] - [INIT]
[2024-07-08 15:16:40,339][flwr][INFO] - Requesting initial parameters from one random client
[2024-07-08 15:16:42,529][flwr][INFO] - Received initial parameters from one random client
[2024-07-08 15:16:42,529][flwr][INFO] - Evaluating initial global parameters
[2024-07-08 15:16:42,906][flwr][INFO] - initial parameters (loss, other metrics): 181.76928067207336, {'accuracy': 0.1086, 'precision': 0.12349967530374152, 'recall': 0.1086, 'f1': 0.03553137346181725, 'confusion_matrix': array([[   0,    8,    0,  956,    0,    1,    0,   15,    0,    0],
       [   0,  122,    0, 1013,    0,    0,    0,    0,    0,    0],
       [   0,   38,    0,  971,    0,    0,    3,   19,    1,    0],
       [   0,   44,    0,  945,    1,    1,    0,   17,    2,    0],
       [   0,  143,    0,  816,    1,    0,    2,   20,    0,    0],
       [   0,  118,    0,  735,    1,    7,    0,   30,    1,    0],
       [   0,  144,    0,  749,   25,    0,    2,   38,    0,    0],
       [   0,  272,    0,  724,    8,    0,    0,    9,   15,    0],
       [   0,   81,    0,  859,    1,    0,    1,   32,    0,    0],
       [   0,  178,    0,  799,    1,    0,    0,   31,    0,    0]])}
[2024-07-08 15:16:42,906][flwr][INFO] - 
[2024-07-08 15:16:42,906][flwr][INFO] - [ROUND 1]
[2024-07-08 15:16:42,906][flwr][INFO] - configure_fit: strategy sampled 10 clients (out of 10)
[2024-07-08 15:17:00,891][flwr][INFO] - aggregate_fit: received 10 results and 0 failures
[2024-07-08 15:17:00,900][flwr][WARNING] - No fit_metrics_aggregation_fn provided
[2024-07-08 15:17:01,289][flwr][INFO] - fit progress: (1, 79.18962889909744, {'accuracy': 0.8463, 'precision': 0.8654184916168295, 'recall': 0.8463, 'f1': 0.8413022822293728, 'confusion_matrix': array([[ 935,    0,    5,    2,    0,    5,   26,    5,    1,    1],
       [   0, 1091,   28,    0,    0,    0,    6,    2,    3,    5],
       [   8,    4,  949,   11,    7,    0,   18,   15,    8,   12],
       [   9,    0,   48,  810,    7,   22,   17,   29,    6,   62],
       [   0,    0,    2,    0,  844,    0,   26,    5,    0,  105],
       [  36,    7,   10,   49,   33,  549,  124,   26,   14,   44],
       [   6,    1,    7,    1,    8,    3,  930,    2,    0,    0],
       [   0,    4,   21,    2,    4,    0,    0,  964,    0,   33],
       [  16,   18,   61,   29,   18,    3,  107,    7,  470,  245],
       [   8,    6,    3,    2,   18,    1,    0,   50,    0,  921]])}, 18.382886041)
[2024-07-08 15:17:01,289][flwr][INFO] - configure_evaluate: no clients selected, skipping evaluation
[2024-07-08 15:17:01,289][flwr][INFO] - 
[2024-07-08 15:17:01,289][flwr][INFO] - [ROUND 2]
[2024-07-08 15:17:01,289][flwr][INFO] - configure_fit: strategy sampled 10 clients (out of 10)
[2024-07-08 15:17:16,797][flwr][INFO] - aggregate_fit: received 10 results and 0 failures
[2024-07-08 15:17:17,186][flwr][INFO] - fit progress: (2, 24.97149219363928, {'accuracy': 0.928, 'precision': 0.9297878384444124, 'recall': 0.928, 'f1': 0.9280254662741563, 'confusion_matrix': array([[ 959,    0,    0,    0,    0,    6,   13,    1,    1,    0],
       [   0, 1097,   19,    1,    1,    1,    5,    0,   11,    0],
       [   8,    1,  949,   36,    7,    1,   10,    2,   16,    2],
       [   1,    3,    9,  912,    2,   40,    2,    7,   19,   15],
       [   0,    1,    4,    0,  913,    1,   19,    0,    3,   41],
       [   7,    1,    0,   10,    3,  838,   18,    0,    8,    7],
       [   5,    1,    2,    0,    5,    4,  939,    0,    2,    0],
       [   2,    5,   36,    7,    6,    6,    0,  891,    3,   72],
       [   7,    2,   13,   10,    9,   25,   31,    5,  845,   27],
       [   4,    6,    0,    5,   26,   21,    2,    2,    6,  937]])}, 34.280586416)
[2024-07-08 15:17:17,187][flwr][INFO] - configure_evaluate: no clients selected, skipping evaluation
[2024-07-08 15:17:17,187][flwr][INFO] - 
[2024-07-08 15:17:17,187][flwr][INFO] - [ROUND 3]
[2024-07-08 15:17:17,187][flwr][INFO] - configure_fit: strategy sampled 10 clients (out of 10)
[2024-07-08 15:17:30,855][flwr][INFO] - aggregate_fit: received 10 results and 0 failures
[2024-07-08 15:17:31,276][flwr][INFO] - fit progress: (3, 21.877513490617275, {'accuracy': 0.9376, 'precision': 0.9385313471537995, 'recall': 0.9376, 'f1': 0.937674045741068, 'confusion_matrix': array([[ 945,    1,    1,    1,    0,   13,   14,    4,    0,    1],
       [   0, 1108,   11,    1,    1,    1,    5,    1,    7,    0],
       [   6,    1,  944,   54,    5,    2,    7,    4,    7,    2],
       [   0,    1,    3,  938,    1,   28,    2,    6,   24,    7],
       [   1,    0,    2,    0,  910,    4,   22,    1,    2,   40],
       [   2,    1,    0,   16,    1,  834,   24,    0,   10,    4],
       [   3,    3,    0,    0,    7,    4,  939,    0,    2,    0],
       [   0,    5,   27,   21,    5,    3,    1,  926,    4,   36],
       [   9,    1,    8,   10,   13,   11,   18,    4,  890,   10],
       [   3,    5,    0,    3,   24,   17,    1,    4,   10,  942]])}, 48.370178583000005)
[2024-07-08 15:17:31,276][flwr][INFO] - configure_evaluate: no clients selected, skipping evaluation
[2024-07-08 15:17:31,276][flwr][INFO] - 
[2024-07-08 15:17:31,276][flwr][INFO] - [ROUND 4]
[2024-07-08 15:17:31,276][flwr][INFO] - configure_fit: strategy sampled 10 clients (out of 10)
[2024-07-08 15:17:45,809][flwr][INFO] - aggregate_fit: received 10 results and 0 failures
[2024-07-08 15:17:46,297][flwr][INFO] - fit progress: (4, 17.653865464031696, {'accuracy': 0.9487, 'precision': 0.9494905116038659, 'recall': 0.9487, 'f1': 0.9487643867241268, 'confusion_matrix': array([[ 952,    1,    1,    2,    0,    5,   13,    4,    1,    1],
       [   0, 1117,    5,    3,    0,    1,    4,    0,    5,    0],
       [   4,    1,  952,   49,    4,    2,    6,    4,    9,    1],
       [   0,    0,    3,  961,    0,   15,    1,    3,   15,   12],
       [   0,    0,    6,    0,  917,    5,   19,    2,    5,   28],
       [   1,    1,    0,   14,    1,  835,   27,    0,    9,    4],
       [   3,    3,    0,    2,    3,    5,  940,    0,    2,    0],
       [   0,    6,   26,   17,    1,    2,    1,  943,    9,   23],
       [   5,    1,    8,   11,    6,    6,   12,    2,  918,    5],
       [   5,    5,    1,    5,   20,    8,    1,    3,    9,  952]])}, 63.391936)
[2024-07-08 15:17:46,298][flwr][INFO] - configure_evaluate: no clients selected, skipping evaluation
[2024-07-08 15:17:46,298][flwr][INFO] - 
[2024-07-08 15:17:46,298][flwr][INFO] - [ROUND 5]
[2024-07-08 15:17:46,298][flwr][INFO] - configure_fit: strategy sampled 10 clients (out of 10)
[2024-07-08 15:18:00,587][flwr][INFO] - aggregate_fit: received 10 results and 0 failures
[2024-07-08 15:18:01,001][flwr][INFO] - fit progress: (5, 14.489784892648458, {'accuracy': 0.951, 'precision': 0.9515878688660762, 'recall': 0.951, 'f1': 0.9510037075338532, 'confusion_matrix': array([[ 963,    1,    2,    1,    0,    2,    6,    3,    1,    1],
       [   0, 1118,    4,    3,    0,    1,    5,    0,    4,    0],
       [   5,    1,  959,   42,    5,    0,    4,    5,   11,    0],
       [   0,    2,    3,  933,    0,   33,    1,    4,   16,   18],
       [   2,    0,    3,    0,  927,    2,   15,    0,    3,   30],
       [   2,    1,    0,    7,    1,  826,   39,    0,   11,    5],
       [   4,    4,    1,    0,    3,    3,  940,    0,    3,    0],
       [   2,    6,   18,   14,    3,    0,    0,  948,    8,   29],
       [   4,    1,    6,    6,    5,    5,    8,    2,  931,    6],
       [   7,    4,    0,    2,   14,    5,    1,    4,    7,  965]])}, 78.095567333)
[2024-07-08 15:18:01,001][flwr][INFO] - configure_evaluate: no clients selected, skipping evaluation
[2024-07-08 15:18:01,001][flwr][INFO] - 
[2024-07-08 15:18:01,001][flwr][INFO] - [ROUND 6]
[2024-07-08 15:18:01,001][flwr][INFO] - configure_fit: strategy sampled 10 clients (out of 10)
[2024-07-08 15:18:14,774][flwr][INFO] - aggregate_fit: received 10 results and 0 failures
[2024-07-08 15:18:15,168][flwr][INFO] - fit progress: (6, 13.420245923101902, {'accuracy': 0.9583, 'precision': 0.9587589001823862, 'recall': 0.9583, 'f1': 0.9582791910245316, 'confusion_matrix': array([[ 962,    1,    1,    1,    0,    2,    9,    3,    0,    1],
       [   0, 1123,    5,    2,    0,    1,    2,    0,    2,    0],
       [   6,    1,  985,   26,    3,    0,    3,    3,    5,    0],
       [   0,    0,    3,  965,    0,   18,    1,    1,   12,   10],
       [   4,    0,    4,    0,  915,    4,   15,    2,    6,   32],
       [   2,    2,    0,    7,    1,  842,   22,    0,   12,    4],
       [   5,    4,    0,    1,    2,    3,  939,    0,    4,    0],
       [   2,    8,   29,   11,    1,    0,    0,  950,   14,   13],
       [   4,    0,    3,    8,    2,    7,    9,    0,  941,    0],
       [   5,    7,    1,    2,    8,   10,    1,    4,   10,  961]])}, 92.263049458)
[2024-07-08 15:18:15,168][flwr][INFO] - configure_evaluate: no clients selected, skipping evaluation
[2024-07-08 15:18:15,168][flwr][INFO] - 
[2024-07-08 15:18:15,168][flwr][INFO] - [ROUND 7]
[2024-07-08 15:18:15,169][flwr][INFO] - configure_fit: strategy sampled 10 clients (out of 10)
[2024-07-08 15:18:30,280][flwr][INFO] - aggregate_fit: received 10 results and 0 failures
[2024-07-08 15:18:30,666][flwr][INFO] - fit progress: (7, 12.028842797502875, {'accuracy': 0.9628, 'precision': 0.963074589123222, 'recall': 0.9628, 'f1': 0.9627849304050373, 'confusion_matrix': array([[ 964,    1,    0,    2,    0,    4,    4,    3,    1,    1],
       [   0, 1121,    5,    2,    0,    1,    2,    1,    3,    0],
       [   5,    3,  991,   18,    4,    0,    2,    5,    4,    0],
       [   0,    0,    2,  969,    0,   21,    1,    2,    6,    9],
       [   2,    0,    3,    0,  933,    2,   12,    0,    4,   26],
       [   1,    2,    0,    8,    1,  860,   12,    0,    6,    2],
       [   6,    4,    0,    1,    2,    5,  937,    0,    3,    0],
       [   2,    8,   22,   14,    1,    1,    0,  953,   12,   15],
       [   3,    1,    2,    7,    2,    9,    8,    0,  941,    1],
       [   4,    5,    1,    3,    9,   12,    1,    4,   11,  959]])}, 107.761537916)
[2024-07-08 15:18:30,667][flwr][INFO] - configure_evaluate: no clients selected, skipping evaluation
[2024-07-08 15:18:30,667][flwr][INFO] - 
[2024-07-08 15:18:30,667][flwr][INFO] - [ROUND 8]
[2024-07-08 15:18:30,667][flwr][INFO] - configure_fit: strategy sampled 10 clients (out of 10)
[2024-07-08 15:18:44,641][flwr][INFO] - aggregate_fit: received 10 results and 0 failures
[2024-07-08 15:18:45,079][flwr][INFO] - fit progress: (8, 11.533577898517251, {'accuracy': 0.9618, 'precision': 0.9620965490659353, 'recall': 0.9618, 'f1': 0.9617929094177067, 'confusion_matrix': array([[ 967,    1,    0,    2,    0,    0,    6,    3,    1,    0],
       [   0, 1117,    4,    2,    0,    2,    1,    1,    8,    0],
       [   5,    3,  985,   19,    2,    0,    2,    8,    8,    0],
       [   0,    0,    1,  949,    0,   28,    1,    2,   11,   18],
       [   3,    0,    4,    0,  933,    1,    8,    2,    3,   28],
       [   2,    1,    0,    8,    1,  840,   23,    3,    9,    5],
       [   6,    4,    0,    0,    2,    5,  937,    0,    4,    0],
       [   2,    7,   19,    8,    1,    0,    0,  967,   10,   14],
       [   4,    0,    2,    4,    1,    4,    3,    0,  953,    3],
       [   5,    2,    1,    2,   11,    3,    1,    4,   10,  970]])}, 122.174734041)
[2024-07-08 15:18:45,117][flwr][INFO] - configure_evaluate: no clients selected, skipping evaluation
[2024-07-08 15:18:45,117][flwr][INFO] - 
[2024-07-08 15:18:45,117][flwr][INFO] - [ROUND 9]
[2024-07-08 15:18:45,117][flwr][INFO] - configure_fit: strategy sampled 10 clients (out of 10)
[2024-07-08 15:19:01,874][flwr][INFO] - aggregate_fit: received 10 results and 0 failures
[2024-07-08 15:19:02,313][flwr][INFO] - fit progress: (9, 11.05286796623841, {'accuracy': 0.9612, 'precision': 0.9616054442346421, 'recall': 0.9612, 'f1': 0.9612368315065225, 'confusion_matrix': array([[ 965,    4,    1,    2,    0,    1,    3,    2,    2,    0],
       [   0, 1113,    5,    2,    0,    1,    1,    4,    9,    0],
       [   2,    4, 1000,   15,    1,    0,    1,    5,    4,    0],
       [   0,    2,    4,  952,    0,   29,    1,    3,    8,   11],
       [   2,    0,    8,    0,  920,    7,    5,    1,    5,   34],
       [   3,    1,    0,    8,    1,  851,   14,    1,    8,    5],
       [   6,    4,    2,    0,    2,    7,  929,    1,    7,    0],
       [   2,    2,   22,    9,    1,    0,    0,  969,    4,   19],
       [   2,    0,    1,    7,    1,    6,    1,    1,  951,    4],
       [   5,    4,    1,    2,    4,   14,    1,    6,   10,  962]])}, 139.408800416)
[2024-07-08 15:19:02,314][flwr][INFO] - configure_evaluate: no clients selected, skipping evaluation
[2024-07-08 15:19:02,314][flwr][INFO] - 
[2024-07-08 15:19:02,314][flwr][INFO] - [ROUND 10]
[2024-07-08 15:19:02,314][flwr][INFO] - configure_fit: strategy sampled 10 clients (out of 10)
[2024-07-08 15:19:17,240][flwr][INFO] - aggregate_fit: received 10 results and 0 failures
[2024-07-08 15:19:17,624][flwr][INFO] - fit progress: (10, 11.121920324862003, {'accuracy': 0.966, 'precision': 0.9662288252864453, 'recall': 0.966, 'f1': 0.9660174725284542, 'confusion_matrix': array([[ 964,    4,    1,    2,    1,    1,    3,    2,    2,    0],
       [   0, 1122,    4,    2,    0,    1,    1,    0,    5,    0],
       [   2,    2, 1001,   19,    2,    0,    0,    4,    2,    0],
       [   0,    1,    3,  965,    0,   20,    0,    3,    7,   11],
       [   1,    1,   10,    0,  933,    5,    4,    1,    4,   23],
       [   2,    1,    0,    9,    1,  855,    9,    2,    9,    4],
       [   5,    4,    1,    2,    5,   11,  923,    1,    6,    0],
       [   2,    3,   23,    7,    1,    1,    0,  974,    6,   11],
       [   0,    0,    1,    7,    2,    4,    0,    2,  954,    4],
       [   3,    4,    1,    2,    6,    5,    1,    6,   12,  969]])}, 154.71951125)
[2024-07-08 15:19:17,624][flwr][INFO] - configure_evaluate: no clients selected, skipping evaluation
[2024-07-08 15:19:17,624][flwr][INFO] - 
[2024-07-08 15:19:17,624][flwr][INFO] - [SUMMARY]
[2024-07-08 15:19:17,624][flwr][INFO] - Run finished 10 round(s) in 154.72s
[2024-07-08 15:19:17,628][flwr][INFO] - 	History (loss, centralized):
[2024-07-08 15:19:17,628][flwr][INFO] - 		round 0: 181.76928067207336
[2024-07-08 15:19:17,628][flwr][INFO] - 		round 1: 79.18962889909744
[2024-07-08 15:19:17,628][flwr][INFO] - 		round 2: 24.97149219363928
[2024-07-08 15:19:17,628][flwr][INFO] - 		round 3: 21.877513490617275
[2024-07-08 15:19:17,628][flwr][INFO] - 		round 4: 17.653865464031696
[2024-07-08 15:19:17,628][flwr][INFO] - 		round 5: 14.489784892648458
[2024-07-08 15:19:17,628][flwr][INFO] - 		round 6: 13.420245923101902
[2024-07-08 15:19:17,629][flwr][INFO] - 		round 7: 12.028842797502875
[2024-07-08 15:19:17,629][flwr][INFO] - 		round 8: 11.533577898517251
[2024-07-08 15:19:17,629][flwr][INFO] - 		round 9: 11.05286796623841
[2024-07-08 15:19:17,629][flwr][INFO] - 		round 10: 11.121920324862003
[2024-07-08 15:19:17,629][flwr][INFO] - 	History (metrics, centralized):
[2024-07-08 15:19:17,629][flwr][INFO] - 	{'accuracy': [(0, 0.1086),
[2024-07-08 15:19:17,629][flwr][INFO] - 	              (1, 0.8463),
[2024-07-08 15:19:17,629][flwr][INFO] - 	              (2, 0.928),
[2024-07-08 15:19:17,629][flwr][INFO] - 	              (3, 0.9376),
[2024-07-08 15:19:17,629][flwr][INFO] - 	              (4, 0.9487),
[2024-07-08 15:19:17,629][flwr][INFO] - 	              (5, 0.951),
[2024-07-08 15:19:17,629][flwr][INFO] - 	              (6, 0.9583),
[2024-07-08 15:19:17,629][flwr][INFO] - 	              (7, 0.9628),
[2024-07-08 15:19:17,629][flwr][INFO] - 	              (8, 0.9618),
[2024-07-08 15:19:17,629][flwr][INFO] - 	              (9, 0.9612),
[2024-07-08 15:19:17,629][flwr][INFO] - 	              (10, 0.966)],
[2024-07-08 15:19:17,629][flwr][INFO] - 	 'confusion_matrix': [(0,
[2024-07-08 15:19:17,629][flwr][INFO] - 	                       array([[   0,    8,    0,  956,    0,    1,    0,   15,    0,    0],
[2024-07-08 15:19:17,629][flwr][INFO] - 	       [   0,  122,    0, 1013,    0,    0,    0,    0,    0,    0],
[2024-07-08 15:19:17,629][flwr][INFO] - 	       [   0,   38,    0,  971,    0,    0,    3,   19,    1,    0],
[2024-07-08 15:19:17,629][flwr][INFO] - 	       [   0,   44,    0,  945,    1,    1,    0,   17,    2,    0],
[2024-07-08 15:19:17,629][flwr][INFO] - 	       [   0,  143,    0,  816,    1,    0,    2,   20,    0,    0],
[2024-07-08 15:19:17,629][flwr][INFO] - 	       [   0,  118,    0,  735,    1,    7,    0,   30,    1,    0],
[2024-07-08 15:19:17,629][flwr][INFO] - 	       [   0,  144,    0,  749,   25,    0,    2,   38,    0,    0],
[2024-07-08 15:19:17,629][flwr][INFO] - 	       [   0,  272,    0,  724,    8,    0,    0,    9,   15,    0],
[2024-07-08 15:19:17,629][flwr][INFO] - 	       [   0,   81,    0,  859,    1,    0,    1,   32,    0,    0],
[2024-07-08 15:19:17,629][flwr][INFO] - 	       [   0,  178,    0,  799,    1,    0,    0,   31,    0,    0]])),
[2024-07-08 15:19:17,629][flwr][INFO] - 	                      (1,
[2024-07-08 15:19:17,629][flwr][INFO] - 	                       array([[ 935,    0,    5,    2,    0,    5,   26,    5,    1,    1],
[2024-07-08 15:19:17,629][flwr][INFO] - 	       [   0, 1091,   28,    0,    0,    0,    6,    2,    3,    5],
[2024-07-08 15:19:17,629][flwr][INFO] - 	       [   8,    4,  949,   11,    7,    0,   18,   15,    8,   12],
[2024-07-08 15:19:17,629][flwr][INFO] - 	       [   9,    0,   48,  810,    7,   22,   17,   29,    6,   62],
[2024-07-08 15:19:17,629][flwr][INFO] - 	       [   0,    0,    2,    0,  844,    0,   26,    5,    0,  105],
[2024-07-08 15:19:17,629][flwr][INFO] - 	       [  36,    7,   10,   49,   33,  549,  124,   26,   14,   44],
[2024-07-08 15:19:17,629][flwr][INFO] - 	       [   6,    1,    7,    1,    8,    3,  930,    2,    0,    0],
[2024-07-08 15:19:17,629][flwr][INFO] - 	       [   0,    4,   21,    2,    4,    0,    0,  964,    0,   33],
[2024-07-08 15:19:17,629][flwr][INFO] - 	       [  16,   18,   61,   29,   18,    3,  107,    7,  470,  245],
[2024-07-08 15:19:17,629][flwr][INFO] - 	       [   8,    6,    3,    2,   18,    1,    0,   50,    0,  921]])),
[2024-07-08 15:19:17,629][flwr][INFO] - 	                      (2,
[2024-07-08 15:19:17,629][flwr][INFO] - 	                       array([[ 959,    0,    0,    0,    0,    6,   13,    1,    1,    0],
[2024-07-08 15:19:17,629][flwr][INFO] - 	       [   0, 1097,   19,    1,    1,    1,    5,    0,   11,    0],
[2024-07-08 15:19:17,629][flwr][INFO] - 	       [   8,    1,  949,   36,    7,    1,   10,    2,   16,    2],
[2024-07-08 15:19:17,629][flwr][INFO] - 	       [   1,    3,    9,  912,    2,   40,    2,    7,   19,   15],
[2024-07-08 15:19:17,629][flwr][INFO] - 	       [   0,    1,    4,    0,  913,    1,   19,    0,    3,   41],
[2024-07-08 15:19:17,629][flwr][INFO] - 	       [   7,    1,    0,   10,    3,  838,   18,    0,    8,    7],
[2024-07-08 15:19:17,629][flwr][INFO] - 	       [   5,    1,    2,    0,    5,    4,  939,    0,    2,    0],
[2024-07-08 15:19:17,629][flwr][INFO] - 	       [   2,    5,   36,    7,    6,    6,    0,  891,    3,   72],
[2024-07-08 15:19:17,629][flwr][INFO] - 	       [   7,    2,   13,   10,    9,   25,   31,    5,  845,   27],
[2024-07-08 15:19:17,629][flwr][INFO] - 	       [   4,    6,    0,    5,   26,   21,    2,    2,    6,  937]])),
[2024-07-08 15:19:17,629][flwr][INFO] - 	                      (3,
[2024-07-08 15:19:17,629][flwr][INFO] - 	                       array([[ 945,    1,    1,    1,    0,   13,   14,    4,    0,    1],
[2024-07-08 15:19:17,629][flwr][INFO] - 	       [   0, 1108,   11,    1,    1,    1,    5,    1,    7,    0],
[2024-07-08 15:19:17,629][flwr][INFO] - 	       [   6,    1,  944,   54,    5,    2,    7,    4,    7,    2],
[2024-07-08 15:19:17,630][flwr][INFO] - 	       [   0,    1,    3,  938,    1,   28,    2,    6,   24,    7],
[2024-07-08 15:19:17,630][flwr][INFO] - 	       [   1,    0,    2,    0,  910,    4,   22,    1,    2,   40],
[2024-07-08 15:19:17,630][flwr][INFO] - 	       [   2,    1,    0,   16,    1,  834,   24,    0,   10,    4],
[2024-07-08 15:19:17,630][flwr][INFO] - 	       [   3,    3,    0,    0,    7,    4,  939,    0,    2,    0],
[2024-07-08 15:19:17,630][flwr][INFO] - 	       [   0,    5,   27,   21,    5,    3,    1,  926,    4,   36],
[2024-07-08 15:19:17,630][flwr][INFO] - 	       [   9,    1,    8,   10,   13,   11,   18,    4,  890,   10],
[2024-07-08 15:19:17,630][flwr][INFO] - 	       [   3,    5,    0,    3,   24,   17,    1,    4,   10,  942]])),
[2024-07-08 15:19:17,630][flwr][INFO] - 	                      (4,
[2024-07-08 15:19:17,630][flwr][INFO] - 	                       array([[ 952,    1,    1,    2,    0,    5,   13,    4,    1,    1],
[2024-07-08 15:19:17,630][flwr][INFO] - 	       [   0, 1117,    5,    3,    0,    1,    4,    0,    5,    0],
[2024-07-08 15:19:17,630][flwr][INFO] - 	       [   4,    1,  952,   49,    4,    2,    6,    4,    9,    1],
[2024-07-08 15:19:17,630][flwr][INFO] - 	       [   0,    0,    3,  961,    0,   15,    1,    3,   15,   12],
[2024-07-08 15:19:17,630][flwr][INFO] - 	       [   0,    0,    6,    0,  917,    5,   19,    2,    5,   28],
[2024-07-08 15:19:17,630][flwr][INFO] - 	       [   1,    1,    0,   14,    1,  835,   27,    0,    9,    4],
[2024-07-08 15:19:17,630][flwr][INFO] - 	       [   3,    3,    0,    2,    3,    5,  940,    0,    2,    0],
[2024-07-08 15:19:17,630][flwr][INFO] - 	       [   0,    6,   26,   17,    1,    2,    1,  943,    9,   23],
[2024-07-08 15:19:17,630][flwr][INFO] - 	       [   5,    1,    8,   11,    6,    6,   12,    2,  918,    5],
[2024-07-08 15:19:17,630][flwr][INFO] - 	       [   5,    5,    1,    5,   20,    8,    1,    3,    9,  952]])),
[2024-07-08 15:19:17,630][flwr][INFO] - 	                      (5,
[2024-07-08 15:19:17,630][flwr][INFO] - 	                       array([[ 963,    1,    2,    1,    0,    2,    6,    3,    1,    1],
[2024-07-08 15:19:17,630][flwr][INFO] - 	       [   0, 1118,    4,    3,    0,    1,    5,    0,    4,    0],
[2024-07-08 15:19:17,630][flwr][INFO] - 	       [   5,    1,  959,   42,    5,    0,    4,    5,   11,    0],
[2024-07-08 15:19:17,630][flwr][INFO] - 	       [   0,    2,    3,  933,    0,   33,    1,    4,   16,   18],
[2024-07-08 15:19:17,630][flwr][INFO] - 	       [   2,    0,    3,    0,  927,    2,   15,    0,    3,   30],
[2024-07-08 15:19:17,630][flwr][INFO] - 	       [   2,    1,    0,    7,    1,  826,   39,    0,   11,    5],
[2024-07-08 15:19:17,630][flwr][INFO] - 	       [   4,    4,    1,    0,    3,    3,  940,    0,    3,    0],
[2024-07-08 15:19:17,630][flwr][INFO] - 	       [   2,    6,   18,   14,    3,    0,    0,  948,    8,   29],
[2024-07-08 15:19:17,630][flwr][INFO] - 	       [   4,    1,    6,    6,    5,    5,    8,    2,  931,    6],
[2024-07-08 15:19:17,630][flwr][INFO] - 	       [   7,    4,    0,    2,   14,    5,    1,    4,    7,  965]])),
[2024-07-08 15:19:17,630][flwr][INFO] - 	                      (6,
[2024-07-08 15:19:17,630][flwr][INFO] - 	                       array([[ 962,    1,    1,    1,    0,    2,    9,    3,    0,    1],
[2024-07-08 15:19:17,630][flwr][INFO] - 	       [   0, 1123,    5,    2,    0,    1,    2,    0,    2,    0],
[2024-07-08 15:19:17,630][flwr][INFO] - 	       [   6,    1,  985,   26,    3,    0,    3,    3,    5,    0],
[2024-07-08 15:19:17,630][flwr][INFO] - 	       [   0,    0,    3,  965,    0,   18,    1,    1,   12,   10],
[2024-07-08 15:19:17,630][flwr][INFO] - 	       [   4,    0,    4,    0,  915,    4,   15,    2,    6,   32],
[2024-07-08 15:19:17,630][flwr][INFO] - 	       [   2,    2,    0,    7,    1,  842,   22,    0,   12,    4],
[2024-07-08 15:19:17,630][flwr][INFO] - 	       [   5,    4,    0,    1,    2,    3,  939,    0,    4,    0],
[2024-07-08 15:19:17,630][flwr][INFO] - 	       [   2,    8,   29,   11,    1,    0,    0,  950,   14,   13],
[2024-07-08 15:19:17,630][flwr][INFO] - 	       [   4,    0,    3,    8,    2,    7,    9,    0,  941,    0],
[2024-07-08 15:19:17,630][flwr][INFO] - 	       [   5,    7,    1,    2,    8,   10,    1,    4,   10,  961]])),
[2024-07-08 15:19:17,630][flwr][INFO] - 	                      (7,
[2024-07-08 15:19:17,630][flwr][INFO] - 	                       array([[ 964,    1,    0,    2,    0,    4,    4,    3,    1,    1],
[2024-07-08 15:19:17,630][flwr][INFO] - 	       [   0, 1121,    5,    2,    0,    1,    2,    1,    3,    0],
[2024-07-08 15:19:17,630][flwr][INFO] - 	       [   5,    3,  991,   18,    4,    0,    2,    5,    4,    0],
[2024-07-08 15:19:17,630][flwr][INFO] - 	       [   0,    0,    2,  969,    0,   21,    1,    2,    6,    9],
[2024-07-08 15:19:17,630][flwr][INFO] - 	       [   2,    0,    3,    0,  933,    2,   12,    0,    4,   26],
[2024-07-08 15:19:17,630][flwr][INFO] - 	       [   1,    2,    0,    8,    1,  860,   12,    0,    6,    2],
[2024-07-08 15:19:17,630][flwr][INFO] - 	       [   6,    4,    0,    1,    2,    5,  937,    0,    3,    0],
[2024-07-08 15:19:17,630][flwr][INFO] - 	       [   2,    8,   22,   14,    1,    1,    0,  953,   12,   15],
[2024-07-08 15:19:17,630][flwr][INFO] - 	       [   3,    1,    2,    7,    2,    9,    8,    0,  941,    1],
[2024-07-08 15:19:17,630][flwr][INFO] - 	       [   4,    5,    1,    3,    9,   12,    1,    4,   11,  959]])),
[2024-07-08 15:19:17,630][flwr][INFO] - 	                      (8,
[2024-07-08 15:19:17,630][flwr][INFO] - 	                       array([[ 967,    1,    0,    2,    0,    0,    6,    3,    1,    0],
[2024-07-08 15:19:17,630][flwr][INFO] - 	       [   0, 1117,    4,    2,    0,    2,    1,    1,    8,    0],
[2024-07-08 15:19:17,630][flwr][INFO] - 	       [   5,    3,  985,   19,    2,    0,    2,    8,    8,    0],
[2024-07-08 15:19:17,630][flwr][INFO] - 	       [   0,    0,    1,  949,    0,   28,    1,    2,   11,   18],
[2024-07-08 15:19:17,631][flwr][INFO] - 	       [   3,    0,    4,    0,  933,    1,    8,    2,    3,   28],
[2024-07-08 15:19:17,631][flwr][INFO] - 	       [   2,    1,    0,    8,    1,  840,   23,    3,    9,    5],
[2024-07-08 15:19:17,631][flwr][INFO] - 	       [   6,    4,    0,    0,    2,    5,  937,    0,    4,    0],
[2024-07-08 15:19:17,631][flwr][INFO] - 	       [   2,    7,   19,    8,    1,    0,    0,  967,   10,   14],
[2024-07-08 15:19:17,631][flwr][INFO] - 	       [   4,    0,    2,    4,    1,    4,    3,    0,  953,    3],
[2024-07-08 15:19:17,631][flwr][INFO] - 	       [   5,    2,    1,    2,   11,    3,    1,    4,   10,  970]])),
[2024-07-08 15:19:17,631][flwr][INFO] - 	                      (9,
[2024-07-08 15:19:17,631][flwr][INFO] - 	                       array([[ 965,    4,    1,    2,    0,    1,    3,    2,    2,    0],
[2024-07-08 15:19:17,631][flwr][INFO] - 	       [   0, 1113,    5,    2,    0,    1,    1,    4,    9,    0],
[2024-07-08 15:19:17,631][flwr][INFO] - 	       [   2,    4, 1000,   15,    1,    0,    1,    5,    4,    0],
[2024-07-08 15:19:17,631][flwr][INFO] - 	       [   0,    2,    4,  952,    0,   29,    1,    3,    8,   11],
[2024-07-08 15:19:17,631][flwr][INFO] - 	       [   2,    0,    8,    0,  920,    7,    5,    1,    5,   34],
[2024-07-08 15:19:17,631][flwr][INFO] - 	       [   3,    1,    0,    8,    1,  851,   14,    1,    8,    5],
[2024-07-08 15:19:17,631][flwr][INFO] - 	       [   6,    4,    2,    0,    2,    7,  929,    1,    7,    0],
[2024-07-08 15:19:17,631][flwr][INFO] - 	       [   2,    2,   22,    9,    1,    0,    0,  969,    4,   19],
[2024-07-08 15:19:17,631][flwr][INFO] - 	       [   2,    0,    1,    7,    1,    6,    1,    1,  951,    4],
[2024-07-08 15:19:17,631][flwr][INFO] - 	       [   5,    4,    1,    2,    4,   14,    1,    6,   10,  962]])),
[2024-07-08 15:19:17,631][flwr][INFO] - 	                      (10,
[2024-07-08 15:19:17,631][flwr][INFO] - 	                       array([[ 964,    4,    1,    2,    1,    1,    3,    2,    2,    0],
[2024-07-08 15:19:17,631][flwr][INFO] - 	       [   0, 1122,    4,    2,    0,    1,    1,    0,    5,    0],
[2024-07-08 15:19:17,631][flwr][INFO] - 	       [   2,    2, 1001,   19,    2,    0,    0,    4,    2,    0],
[2024-07-08 15:19:17,631][flwr][INFO] - 	       [   0,    1,    3,  965,    0,   20,    0,    3,    7,   11],
[2024-07-08 15:19:17,631][flwr][INFO] - 	       [   1,    1,   10,    0,  933,    5,    4,    1,    4,   23],
[2024-07-08 15:19:17,631][flwr][INFO] - 	       [   2,    1,    0,    9,    1,  855,    9,    2,    9,    4],
[2024-07-08 15:19:17,631][flwr][INFO] - 	       [   5,    4,    1,    2,    5,   11,  923,    1,    6,    0],
[2024-07-08 15:19:17,631][flwr][INFO] - 	       [   2,    3,   23,    7,    1,    1,    0,  974,    6,   11],
[2024-07-08 15:19:17,631][flwr][INFO] - 	       [   0,    0,    1,    7,    2,    4,    0,    2,  954,    4],
[2024-07-08 15:19:17,631][flwr][INFO] - 	       [   3,    4,    1,    2,    6,    5,    1,    6,   12,  969]]))],
[2024-07-08 15:19:17,631][flwr][INFO] - 	 'f1': [(0, 0.03553137346181725),
[2024-07-08 15:19:17,631][flwr][INFO] - 	        (1, 0.8413022822293728),
[2024-07-08 15:19:17,631][flwr][INFO] - 	        (2, 0.9280254662741563),
[2024-07-08 15:19:17,631][flwr][INFO] - 	        (3, 0.937674045741068),
[2024-07-08 15:19:17,631][flwr][INFO] - 	        (4, 0.9487643867241268),
[2024-07-08 15:19:17,631][flwr][INFO] - 	        (5, 0.9510037075338532),
[2024-07-08 15:19:17,631][flwr][INFO] - 	        (6, 0.9582791910245316),
[2024-07-08 15:19:17,631][flwr][INFO] - 	        (7, 0.9627849304050373),
[2024-07-08 15:19:17,631][flwr][INFO] - 	        (8, 0.9617929094177067),
[2024-07-08 15:19:17,631][flwr][INFO] - 	        (9, 0.9612368315065225),
[2024-07-08 15:19:17,631][flwr][INFO] - 	        (10, 0.9660174725284542)],
[2024-07-08 15:19:17,631][flwr][INFO] - 	 'precision': [(0, 0.12349967530374152),
[2024-07-08 15:19:17,631][flwr][INFO] - 	               (1, 0.8654184916168295),
[2024-07-08 15:19:17,631][flwr][INFO] - 	               (2, 0.9297878384444124),
[2024-07-08 15:19:17,631][flwr][INFO] - 	               (3, 0.9385313471537995),
[2024-07-08 15:19:17,631][flwr][INFO] - 	               (4, 0.9494905116038659),
[2024-07-08 15:19:17,631][flwr][INFO] - 	               (5, 0.9515878688660762),
[2024-07-08 15:19:17,631][flwr][INFO] - 	               (6, 0.9587589001823862),
[2024-07-08 15:19:17,631][flwr][INFO] - 	               (7, 0.963074589123222),
[2024-07-08 15:19:17,631][flwr][INFO] - 	               (8, 0.9620965490659353),
[2024-07-08 15:19:17,631][flwr][INFO] - 	               (9, 0.9616054442346421),
[2024-07-08 15:19:17,631][flwr][INFO] - 	               (10, 0.9662288252864453)],
[2024-07-08 15:19:17,631][flwr][INFO] - 	 'recall': [(0, 0.1086),
[2024-07-08 15:19:17,631][flwr][INFO] - 	            (1, 0.8463),
[2024-07-08 15:19:17,631][flwr][INFO] - 	            (2, 0.928),
[2024-07-08 15:19:17,631][flwr][INFO] - 	            (3, 0.9376),
[2024-07-08 15:19:17,631][flwr][INFO] - 	            (4, 0.9487),
[2024-07-08 15:19:17,631][flwr][INFO] - 	            (5, 0.951),
[2024-07-08 15:19:17,632][flwr][INFO] - 	            (6, 0.9583),
[2024-07-08 15:19:17,632][flwr][INFO] - 	            (7, 0.9628),
[2024-07-08 15:19:17,632][flwr][INFO] - 	            (8, 0.9618),
[2024-07-08 15:19:17,632][flwr][INFO] - 	            (9, 0.9612),
[2024-07-08 15:19:17,632][flwr][INFO] - 	            (10, 0.966)]}
[2024-07-08 15:19:17,632][flwr][INFO] - 
