[2024-06-21 13:45:56,722][flwr][INFO] - Starting Flower simulation, config: num_rounds=10, no round_timeout
[2024-06-21 13:45:58,652][flwr][INFO] - Flower VCE: Ray initialized with resources: {'node:127.0.0.1': 1.0, 'CPU': 12.0, 'node:__internal_head__': 1.0, 'object_store_memory': 2147483648.0, 'memory': 9934176256.0}
[2024-06-21 13:45:58,652][flwr][INFO] - Optimize your simulation with Flower VCE: https://flower.ai/docs/framework/how-to-run-simulations.html
[2024-06-21 13:45:58,653][flwr][INFO] - Flower VCE: Resources for each Virtual Client: {'num_cpus': 2, 'num_gpus': 0}
[2024-06-21 13:45:58,658][flwr][INFO] - Flower VCE: Creating VirtualClientEngineActorPool with 6 actors
[2024-06-21 13:45:58,659][flwr][INFO] - [INIT]
[2024-06-21 13:45:58,659][flwr][INFO] - Requesting initial parameters from one random client
[2024-06-21 13:46:00,104][flwr][INFO] - Received initial parameters from one random client
[2024-06-21 13:46:00,104][flwr][INFO] - Evaluating initial global parameters
[2024-06-21 13:46:00,438][flwr][INFO] - initial parameters (loss, other metrics): 181.76928067207336, {'accuracy': 0.1086, 'precision': 0.12349967530374152, 'recall': 0.1086, 'f1': 0.03553137346181725, 'confusion_matrix': array([[   0,    8,    0,  956,    0,    1,    0,   15,    0,    0],
       [   0,  122,    0, 1013,    0,    0,    0,    0,    0,    0],
       [   0,   38,    0,  971,    0,    0,    3,   19,    1,    0],
       [   0,   44,    0,  945,    1,    1,    0,   17,    2,    0],
       [   0,  143,    0,  816,    1,    0,    2,   20,    0,    0],
       [   0,  118,    0,  735,    1,    7,    0,   30,    1,    0],
       [   0,  144,    0,  749,   25,    0,    2,   38,    0,    0],
       [   0,  272,    0,  724,    8,    0,    0,    9,   15,    0],
       [   0,   81,    0,  859,    1,    0,    1,   32,    0,    0],
       [   0,  178,    0,  799,    1,    0,    0,   31,    0,    0]])}
[2024-06-21 13:46:00,438][flwr][INFO] - 
[2024-06-21 13:46:00,438][flwr][INFO] - [ROUND 1]
[2024-06-21 13:46:00,439][flwr][INFO] - configure_fit: strategy sampled 10 clients (out of 100)
[2024-06-21 13:46:07,047][flwr][INFO] - aggregate_fit: received 10 results and 0 failures
[2024-06-21 13:46:07,052][flwr][WARNING] - No fit_metrics_aggregation_fn provided
[2024-06-21 13:46:07,381][flwr][INFO] - fit progress: (1, 207.56644010543823, {'accuracy': 0.0889, 'precision': 0.05032860101012806, 'recall': 0.0889, 'f1': 0.06099354670407731, 'confusion_matrix': array([[ 513,   59,    2,   16,    1,    0,  352,   34,    0,    3],
       [   0,    0, 1123,    3,    0,    0,    4,    4,    0,    1],
       [  26,    0,  190,  642,    7,    0,   27,   86,   10,   44],
       [  16,    0,   85,   50,  685,    0,   82,   17,   16,   59],
       [ 708,    0,   21,    0,   51,   56,  117,   21,    1,    7],
       [  86,    0,   51,    5,   96,    0,  627,   22,    0,    5],
       [  12,    0,   22,    6,    3,    0,   62,  853,    0,    0],
       [ 300,    0,   90,    6,    3,    0,    1,    0,  611,   17],
       [  43,    0,  105,    3,   90,    0,  138,   17,    9,  569],
       [ 898,    0,   23,    1,   18,    0,   28,    5,   22,   14]])}, 6.941008625)
[2024-06-21 13:46:07,381][flwr][INFO] - configure_evaluate: no clients selected, skipping evaluation
[2024-06-21 13:46:07,381][flwr][INFO] - 
[2024-06-21 13:46:07,381][flwr][INFO] - [ROUND 2]
[2024-06-21 13:46:07,382][flwr][INFO] - configure_fit: strategy sampled 10 clients (out of 100)
[2024-06-21 13:46:12,092][flwr][INFO] - aggregate_fit: received 10 results and 0 failures
[2024-06-21 13:46:12,426][flwr][INFO] - fit progress: (2, 251.45444703102112, {'accuracy': 0.0672, 'precision': 0.06523913066609374, 'recall': 0.0672, 'f1': 0.06563668412162439, 'confusion_matrix': array([[ 141,  749,    0,   12,    2,    3,   27,   16,    1,   29],
       [   1,    0, 1123,    4,    0,    0,    1,    2,    1,    3],
       [   4,    4,   95,  830,   10,   15,    5,   25,   19,   25],
       [   1,    2,   24,  143,  739,    2,   14,    1,   31,   53],
       [  36,    0,    2,    1,   12,  872,    6,   13,    2,   38],
       [  84,    7,   24,   22,  160,   33,  500,    3,    7,   52],
       [   3,    7,   13,   10,    2,   11,  104,  806,    0,    2],
       [  90,    0,   33,   14,    3,   10,    0,    0,  862,   16],
       [   8,    3,   45,   23,   63,    5,   30,    4,   10,  783],
       [ 682,    1,    6,    5,   19,  101,    2,    3,   56,  134]])}, 11.9823285)
[2024-06-21 13:46:12,426][flwr][INFO] - configure_evaluate: no clients selected, skipping evaluation
[2024-06-21 13:46:12,426][flwr][INFO] - 
[2024-06-21 13:46:12,426][flwr][INFO] - [ROUND 3]
[2024-06-21 13:46:12,426][flwr][INFO] - configure_fit: strategy sampled 10 clients (out of 100)
[2024-06-21 13:46:17,325][flwr][INFO] - aggregate_fit: received 10 results and 0 failures
[2024-06-21 13:46:17,667][flwr][INFO] - fit progress: (3, 204.6965527534485, {'accuracy': 0.1134, 'precision': 0.10079300541328835, 'recall': 0.1134, 'f1': 0.1057447172308201, 'confusion_matrix': array([[ 162,  762,    0,    1,    1,    3,   31,    3,    1,   16],
       [   0,    0, 1114,    3,    1,    1,    7,    0,    1,    8],
       [   7,    6,  118,  786,    8,   22,   15,   10,   18,   42],
       [   0,    4,    5,   98,  797,    3,   28,    0,   22,   53],
       [  20,    0,    0,    1,    2,  918,   11,    3,    0,   27],
       [  38,   12,   12,   14,   91,   61,  607,    2,    5,   50],
       [   3,   10,    3,    5,    2,   27,  367,  539,    0,    2],
       [  60,    0,   27,   10,    6,   16,    0,    0,  884,   25],
       [   1,    5,   21,    9,   37,   11,   43,    1,   10,  836],
       [ 490,    1,    4,    2,   17,  143,    5,    1,   30,  316]])}, 17.221561166)
[2024-06-21 13:46:17,668][flwr][INFO] - configure_evaluate: no clients selected, skipping evaluation
[2024-06-21 13:46:17,668][flwr][INFO] - 
[2024-06-21 13:46:17,668][flwr][INFO] - [ROUND 4]
[2024-06-21 13:46:17,668][flwr][INFO] - configure_fit: strategy sampled 10 clients (out of 100)
[2024-06-21 13:46:22,428][flwr][INFO] - aggregate_fit: received 10 results and 0 failures
[2024-06-21 13:46:22,767][flwr][INFO] - fit progress: (4, 213.2882285118103, {'accuracy': 0.0667, 'precision': 0.06233679811660826, 'recall': 0.0667, 'f1': 0.06422126982477834, 'confusion_matrix': array([[  61,  891,    0,    2,    0,    3,    4,    5,    1,   13],
       [   0,    0, 1114,    4,    1,    1,    3,    2,    1,    9],
       [   5,    6,   50,  877,    6,   18,    6,   13,   18,   33],
       [   0,    3,    6,  181,  740,    2,   19,    1,   16,   42],
       [  27,    1,    0,    4,    3,  905,    3,    9,    1,   29],
       [  27,   13,   12,   19,   56,   57,  666,    2,    9,   31],
       [   0,   14,    5,    4,    1,   12,  133,  787,    0,    2],
       [  53,    0,   22,   20,    7,   13,    0,    1,  889,   23],
       [   2,    6,   20,   26,   28,   17,   30,    5,   10,  830],
       [ 724,    2,    5,    2,   17,   56,    2,    1,   29,  171]])}, 22.3193365)
[2024-06-21 13:46:22,767][flwr][INFO] - configure_evaluate: no clients selected, skipping evaluation
[2024-06-21 13:46:22,767][flwr][INFO] - 
[2024-06-21 13:46:22,767][flwr][INFO] - [ROUND 5]
[2024-06-21 13:46:22,767][flwr][INFO] - configure_fit: strategy sampled 10 clients (out of 100)
[2024-06-21 13:46:28,334][flwr][INFO] - aggregate_fit: received 10 results and 0 failures
[2024-06-21 13:46:28,674][flwr][INFO] - fit progress: (5, 194.46394562721252, {'accuracy': 0.0607, 'precision': 0.05710071823831642, 'recall': 0.0607, 'f1': 0.058490681863895756, 'confusion_matrix': array([[  43,  914,    0,    0,    1,    2,    1,    6,    0,   13],
       [   0,    0, 1111,    4,    1,    0,    2,    2,    0,   15],
       [   8,   10,   99,  809,   10,   12,    4,   14,   14,   52],
       [   1,    4,    3,   90,  833,    1,   13,    3,   12,   50],
       [  36,    1,    0,    3,    7,  870,    7,    7,    0,   51],
       [  17,   20,    7,    9,   66,   49,  672,    3,    5,   44],
       [   0,   16,    6,    4,    1,    8,  147,  769,    0,    7],
       [  54,    0,   22,   19,    6,   10,    0,    3,  886,   28],
       [   4,    7,   13,    8,   18,   10,   19,    3,    5,  887],
       [ 758,    3,    4,    2,   20,   35,    2,    2,   19,  164]])}, 28.225698041)
[2024-06-21 13:46:28,675][flwr][INFO] - configure_evaluate: no clients selected, skipping evaluation
[2024-06-21 13:46:28,675][flwr][INFO] - 
[2024-06-21 13:46:28,675][flwr][INFO] - [ROUND 6]
[2024-06-21 13:46:28,675][flwr][INFO] - configure_fit: strategy sampled 10 clients (out of 100)
[2024-06-21 13:46:34,691][flwr][INFO] - aggregate_fit: received 10 results and 0 failures
[2024-06-21 13:46:35,072][flwr][INFO] - fit progress: (6, 180.90944266319275, {'accuracy': 0.0872, 'precision': 0.07163380712390072, 'recall': 0.0872, 'f1': 0.07784324869747797, 'confusion_matrix': array([[ 391,  575,    0,    0,    0,    2,    5,    4,    0,    3],
       [   1,    0, 1095,    3,    2,    0,    6,    1,    1,   26],
       [  16,    3,   37,  880,    5,   12,   11,   13,   14,   41],
       [   9,    4,    2,   79,  838,    3,   13,    1,   13,   48],
       [  52,    1,    0,    4,    2,  886,   10,    7,    1,   19],
       [  38,    8,    5,    5,   37,   73,  659,    2,    6,   59],
       [   3,   12,    3,    2,    0,    9,  238,  686,    0,    5],
       [  72,    0,   16,   30,    4,   10,    1,    5,  880,   10],
       [  20,    6,    5,    8,    9,   12,   17,    4,    7,  886],
       [ 915,    2,    3,    2,    7,   33,    0,    0,    7,   40]])}, 34.622313083)
[2024-06-21 13:46:35,072][flwr][INFO] - configure_evaluate: no clients selected, skipping evaluation
[2024-06-21 13:46:35,072][flwr][INFO] - 
[2024-06-21 13:46:35,072][flwr][INFO] - [ROUND 7]
[2024-06-21 13:46:35,073][flwr][INFO] - configure_fit: strategy sampled 10 clients (out of 100)
[2024-06-21 13:46:40,820][flwr][INFO] - aggregate_fit: received 10 results and 0 failures
[2024-06-21 13:46:41,156][flwr][INFO] - fit progress: (7, 207.27503108978271, {'accuracy': 0.035, 'precision': 0.03359036966284997, 'recall': 0.035, 'f1': 0.03419769034571544, 'confusion_matrix': array([[  34,  932,    0,    0,    1,    1,    2,    3,    1,    6],
       [   0,    0, 1104,    3,    3,    0,    3,    2,    0,   20],
       [   8,    9,   51,  842,   16,   15,    5,    7,   21,   58],
       [   3,    2,    3,   33,  895,    2,   21,    0,   16,   35],
       [  34,    1,    1,    4,    7,  888,    7,    5,    2,   33],
       [  10,   11,    3,    1,   38,   18,  752,    3,    6,   50],
       [   1,   21,    3,    1,    1,   15,  123,  780,    1,   12],
       [  43,    0,   18,   21,    4,    7,    0,    1,  925,    9],
       [   5,    6,    5,    4,   14,    8,   16,    1,    8,  907],
       [ 862,    5,    5,    1,   14,   31,    1,    0,   15,   75]])}, 40.705882333)
[2024-06-21 13:46:41,156][flwr][INFO] - configure_evaluate: no clients selected, skipping evaluation
[2024-06-21 13:46:41,157][flwr][INFO] - 
[2024-06-21 13:46:41,157][flwr][INFO] - [ROUND 8]
[2024-06-21 13:46:41,157][flwr][INFO] - configure_fit: strategy sampled 10 clients (out of 100)
[2024-06-21 13:46:47,023][flwr][INFO] - aggregate_fit: received 10 results and 0 failures
[2024-06-21 13:46:47,388][flwr][INFO] - fit progress: (8, 173.22466218471527, {'accuracy': 0.0678, 'precision': 0.06194895903775564, 'recall': 0.0678, 'f1': 0.06425210336645301, 'confusion_matrix': array([[  59,  880,    0,    0,    1,    1,   25,    7,    2,    5],
       [   0,    0, 1110,    2,    3,    0,    3,    2,    0,   15],
       [   2,    5,  146,  775,   15,   11,   10,   12,   18,   38],
       [   2,    1,    8,   31,  899,    0,   10,    3,   14,   42],
       [  11,    0,    0,    3,   18,  913,    7,    9,    1,   20],
       [   5,    4,    3,    1,   52,   43,  733,    4,    9,   38],
       [   0,    8,    3,    2,    1,    7,  144,  789,    0,    4],
       [  14,    0,   22,   18,    4,    6,    1,   13,  937,   13],
       [   1,    4,    9,    3,   17,   15,   17,    7,    9,  892],
       [ 675,    2,    5,    2,   12,   59,    6,    1,   32,  215]])}, 46.937883083)
[2024-06-21 13:46:47,389][flwr][INFO] - configure_evaluate: no clients selected, skipping evaluation
[2024-06-21 13:46:47,389][flwr][INFO] - 
[2024-06-21 13:46:47,389][flwr][INFO] - [ROUND 9]
[2024-06-21 13:46:47,389][flwr][INFO] - configure_fit: strategy sampled 10 clients (out of 100)
[2024-06-21 13:46:52,503][flwr][INFO] - aggregate_fit: received 10 results and 0 failures
[2024-06-21 13:46:52,845][flwr][INFO] - fit progress: (9, 209.7700343132019, {'accuracy': 0.0404, 'precision': 0.037419781251334557, 'recall': 0.0404, 'f1': 0.03875873329653459, 'confusion_matrix': array([[ 153,  808,    0,    0,    1,    1,    4,    6,    2,    5],
       [   0,    1, 1109,    3,    2,    1,    3,    2,    1,   13],
       [  15,    2,   44,  870,    6,   15,    4,   10,   18,   48],
       [   3,    1,    3,   48,  865,    1,   21,    1,   15,   52],
       [  31,    1,    0,    4,    4,  912,    7,    6,    1,   16],
       [   5,    6,    2,    4,   32,   16,  780,    6,    6,   35],
       [   1,   12,    3,    3,    0,   12,   63,  856,    0,    8],
       [  44,    0,   18,   16,    3,    7,    0,    3,  926,   11],
       [   5,    4,    5,    5,    9,    9,   15,    4,    5,  913],
       [ 878,    2,    4,    2,    6,   38,    2,    1,    9,   67]])}, 52.394186708)
[2024-06-21 13:46:52,845][flwr][INFO] - configure_evaluate: no clients selected, skipping evaluation
[2024-06-21 13:46:52,845][flwr][INFO] - 
[2024-06-21 13:46:52,845][flwr][INFO] - [ROUND 10]
[2024-06-21 13:46:52,846][flwr][INFO] - configure_fit: strategy sampled 10 clients (out of 100)
[2024-06-21 13:46:58,378][flwr][INFO] - aggregate_fit: received 10 results and 0 failures
[2024-06-21 13:46:58,739][flwr][INFO] - fit progress: (10, 173.5171059370041, {'accuracy': 0.0361, 'precision': 0.03432748628585061, 'recall': 0.0361, 'f1': 0.035016329544406435, 'confusion_matrix': array([[   6,  955,    0,    0,    2,    0,    4,    5,    2,    6],
       [   0,    3, 1111,    3,    2,    0,    2,    3,    0,   11],
       [   2,   10,   96,  819,   18,   12,    4,    8,   27,   36],
       [   4,    1,    2,   35,  915,    0,    9,    0,   14,   30],
       [  24,    3,    0,    3,   19,  896,    7,    5,    2,   23],
       [   7,   10,    2,    2,   67,   17,  729,    3,    8,   47],
       [   0,   19,    3,    2,    1,    7,   72,  842,    0,   12],
       [  45,    1,   16,   16,    2,    4,    0,    4,  930,   10],
       [   0,    5,    8,    5,   17,    3,    9,    6,    8,  913],
       [ 844,    6,    3,    2,    7,   37,    1,    0,    8,  101]])}, 58.28823375)
[2024-06-21 13:46:58,740][flwr][INFO] - configure_evaluate: no clients selected, skipping evaluation
[2024-06-21 13:46:58,740][flwr][INFO] - 
[2024-06-21 13:46:58,740][flwr][INFO] - [SUMMARY]
[2024-06-21 13:46:58,740][flwr][INFO] - Run finished 10 round(s) in 58.29s
[2024-06-21 13:46:58,743][flwr][INFO] - 	History (loss, centralized):
[2024-06-21 13:46:58,744][flwr][INFO] - 		round 0: 181.76928067207336
[2024-06-21 13:46:58,744][flwr][INFO] - 		round 1: 207.56644010543823
[2024-06-21 13:46:58,744][flwr][INFO] - 		round 2: 251.45444703102112
[2024-06-21 13:46:58,744][flwr][INFO] - 		round 3: 204.6965527534485
[2024-06-21 13:46:58,744][flwr][INFO] - 		round 4: 213.2882285118103
[2024-06-21 13:46:58,744][flwr][INFO] - 		round 5: 194.46394562721252
[2024-06-21 13:46:58,744][flwr][INFO] - 		round 6: 180.90944266319275
[2024-06-21 13:46:58,744][flwr][INFO] - 		round 7: 207.27503108978271
[2024-06-21 13:46:58,744][flwr][INFO] - 		round 8: 173.22466218471527
[2024-06-21 13:46:58,744][flwr][INFO] - 		round 9: 209.7700343132019
[2024-06-21 13:46:58,744][flwr][INFO] - 		round 10: 173.5171059370041
[2024-06-21 13:46:58,744][flwr][INFO] - 	History (metrics, centralized):
[2024-06-21 13:46:58,744][flwr][INFO] - 	{'accuracy': [(0, 0.1086),
[2024-06-21 13:46:58,744][flwr][INFO] - 	              (1, 0.0889),
[2024-06-21 13:46:58,744][flwr][INFO] - 	              (2, 0.0672),
[2024-06-21 13:46:58,744][flwr][INFO] - 	              (3, 0.1134),
[2024-06-21 13:46:58,744][flwr][INFO] - 	              (4, 0.0667),
[2024-06-21 13:46:58,744][flwr][INFO] - 	              (5, 0.0607),
[2024-06-21 13:46:58,744][flwr][INFO] - 	              (6, 0.0872),
[2024-06-21 13:46:58,744][flwr][INFO] - 	              (7, 0.035),
[2024-06-21 13:46:58,744][flwr][INFO] - 	              (8, 0.0678),
[2024-06-21 13:46:58,744][flwr][INFO] - 	              (9, 0.0404),
[2024-06-21 13:46:58,744][flwr][INFO] - 	              (10, 0.0361)],
[2024-06-21 13:46:58,744][flwr][INFO] - 	 'confusion_matrix': [(0,
[2024-06-21 13:46:58,744][flwr][INFO] - 	                       array([[   0,    8,    0,  956,    0,    1,    0,   15,    0,    0],
[2024-06-21 13:46:58,744][flwr][INFO] - 	       [   0,  122,    0, 1013,    0,    0,    0,    0,    0,    0],
[2024-06-21 13:46:58,744][flwr][INFO] - 	       [   0,   38,    0,  971,    0,    0,    3,   19,    1,    0],
[2024-06-21 13:46:58,744][flwr][INFO] - 	       [   0,   44,    0,  945,    1,    1,    0,   17,    2,    0],
[2024-06-21 13:46:58,744][flwr][INFO] - 	       [   0,  143,    0,  816,    1,    0,    2,   20,    0,    0],
[2024-06-21 13:46:58,744][flwr][INFO] - 	       [   0,  118,    0,  735,    1,    7,    0,   30,    1,    0],
[2024-06-21 13:46:58,744][flwr][INFO] - 	       [   0,  144,    0,  749,   25,    0,    2,   38,    0,    0],
[2024-06-21 13:46:58,744][flwr][INFO] - 	       [   0,  272,    0,  724,    8,    0,    0,    9,   15,    0],
[2024-06-21 13:46:58,744][flwr][INFO] - 	       [   0,   81,    0,  859,    1,    0,    1,   32,    0,    0],
[2024-06-21 13:46:58,744][flwr][INFO] - 	       [   0,  178,    0,  799,    1,    0,    0,   31,    0,    0]])),
[2024-06-21 13:46:58,744][flwr][INFO] - 	                      (1,
[2024-06-21 13:46:58,744][flwr][INFO] - 	                       array([[ 513,   59,    2,   16,    1,    0,  352,   34,    0,    3],
[2024-06-21 13:46:58,744][flwr][INFO] - 	       [   0,    0, 1123,    3,    0,    0,    4,    4,    0,    1],
[2024-06-21 13:46:58,744][flwr][INFO] - 	       [  26,    0,  190,  642,    7,    0,   27,   86,   10,   44],
[2024-06-21 13:46:58,744][flwr][INFO] - 	       [  16,    0,   85,   50,  685,    0,   82,   17,   16,   59],
[2024-06-21 13:46:58,744][flwr][INFO] - 	       [ 708,    0,   21,    0,   51,   56,  117,   21,    1,    7],
[2024-06-21 13:46:58,744][flwr][INFO] - 	       [  86,    0,   51,    5,   96,    0,  627,   22,    0,    5],
[2024-06-21 13:46:58,745][flwr][INFO] - 	       [  12,    0,   22,    6,    3,    0,   62,  853,    0,    0],
[2024-06-21 13:46:58,745][flwr][INFO] - 	       [ 300,    0,   90,    6,    3,    0,    1,    0,  611,   17],
[2024-06-21 13:46:58,745][flwr][INFO] - 	       [  43,    0,  105,    3,   90,    0,  138,   17,    9,  569],
[2024-06-21 13:46:58,745][flwr][INFO] - 	       [ 898,    0,   23,    1,   18,    0,   28,    5,   22,   14]])),
[2024-06-21 13:46:58,745][flwr][INFO] - 	                      (2,
[2024-06-21 13:46:58,745][flwr][INFO] - 	                       array([[ 141,  749,    0,   12,    2,    3,   27,   16,    1,   29],
[2024-06-21 13:46:58,745][flwr][INFO] - 	       [   1,    0, 1123,    4,    0,    0,    1,    2,    1,    3],
[2024-06-21 13:46:58,745][flwr][INFO] - 	       [   4,    4,   95,  830,   10,   15,    5,   25,   19,   25],
[2024-06-21 13:46:58,745][flwr][INFO] - 	       [   1,    2,   24,  143,  739,    2,   14,    1,   31,   53],
[2024-06-21 13:46:58,745][flwr][INFO] - 	       [  36,    0,    2,    1,   12,  872,    6,   13,    2,   38],
[2024-06-21 13:46:58,745][flwr][INFO] - 	       [  84,    7,   24,   22,  160,   33,  500,    3,    7,   52],
[2024-06-21 13:46:58,745][flwr][INFO] - 	       [   3,    7,   13,   10,    2,   11,  104,  806,    0,    2],
[2024-06-21 13:46:58,745][flwr][INFO] - 	       [  90,    0,   33,   14,    3,   10,    0,    0,  862,   16],
[2024-06-21 13:46:58,745][flwr][INFO] - 	       [   8,    3,   45,   23,   63,    5,   30,    4,   10,  783],
[2024-06-21 13:46:58,745][flwr][INFO] - 	       [ 682,    1,    6,    5,   19,  101,    2,    3,   56,  134]])),
[2024-06-21 13:46:58,745][flwr][INFO] - 	                      (3,
[2024-06-21 13:46:58,745][flwr][INFO] - 	                       array([[ 162,  762,    0,    1,    1,    3,   31,    3,    1,   16],
[2024-06-21 13:46:58,745][flwr][INFO] - 	       [   0,    0, 1114,    3,    1,    1,    7,    0,    1,    8],
[2024-06-21 13:46:58,745][flwr][INFO] - 	       [   7,    6,  118,  786,    8,   22,   15,   10,   18,   42],
[2024-06-21 13:46:58,745][flwr][INFO] - 	       [   0,    4,    5,   98,  797,    3,   28,    0,   22,   53],
[2024-06-21 13:46:58,745][flwr][INFO] - 	       [  20,    0,    0,    1,    2,  918,   11,    3,    0,   27],
[2024-06-21 13:46:58,745][flwr][INFO] - 	       [  38,   12,   12,   14,   91,   61,  607,    2,    5,   50],
[2024-06-21 13:46:58,745][flwr][INFO] - 	       [   3,   10,    3,    5,    2,   27,  367,  539,    0,    2],
[2024-06-21 13:46:58,745][flwr][INFO] - 	       [  60,    0,   27,   10,    6,   16,    0,    0,  884,   25],
[2024-06-21 13:46:58,745][flwr][INFO] - 	       [   1,    5,   21,    9,   37,   11,   43,    1,   10,  836],
[2024-06-21 13:46:58,745][flwr][INFO] - 	       [ 490,    1,    4,    2,   17,  143,    5,    1,   30,  316]])),
[2024-06-21 13:46:58,745][flwr][INFO] - 	                      (4,
[2024-06-21 13:46:58,745][flwr][INFO] - 	                       array([[  61,  891,    0,    2,    0,    3,    4,    5,    1,   13],
[2024-06-21 13:46:58,745][flwr][INFO] - 	       [   0,    0, 1114,    4,    1,    1,    3,    2,    1,    9],
[2024-06-21 13:46:58,745][flwr][INFO] - 	       [   5,    6,   50,  877,    6,   18,    6,   13,   18,   33],
[2024-06-21 13:46:58,745][flwr][INFO] - 	       [   0,    3,    6,  181,  740,    2,   19,    1,   16,   42],
[2024-06-21 13:46:58,745][flwr][INFO] - 	       [  27,    1,    0,    4,    3,  905,    3,    9,    1,   29],
[2024-06-21 13:46:58,745][flwr][INFO] - 	       [  27,   13,   12,   19,   56,   57,  666,    2,    9,   31],
[2024-06-21 13:46:58,745][flwr][INFO] - 	       [   0,   14,    5,    4,    1,   12,  133,  787,    0,    2],
[2024-06-21 13:46:58,745][flwr][INFO] - 	       [  53,    0,   22,   20,    7,   13,    0,    1,  889,   23],
[2024-06-21 13:46:58,745][flwr][INFO] - 	       [   2,    6,   20,   26,   28,   17,   30,    5,   10,  830],
[2024-06-21 13:46:58,745][flwr][INFO] - 	       [ 724,    2,    5,    2,   17,   56,    2,    1,   29,  171]])),
[2024-06-21 13:46:58,745][flwr][INFO] - 	                      (5,
[2024-06-21 13:46:58,745][flwr][INFO] - 	                       array([[  43,  914,    0,    0,    1,    2,    1,    6,    0,   13],
[2024-06-21 13:46:58,745][flwr][INFO] - 	       [   0,    0, 1111,    4,    1,    0,    2,    2,    0,   15],
[2024-06-21 13:46:58,745][flwr][INFO] - 	       [   8,   10,   99,  809,   10,   12,    4,   14,   14,   52],
[2024-06-21 13:46:58,745][flwr][INFO] - 	       [   1,    4,    3,   90,  833,    1,   13,    3,   12,   50],
[2024-06-21 13:46:58,745][flwr][INFO] - 	       [  36,    1,    0,    3,    7,  870,    7,    7,    0,   51],
[2024-06-21 13:46:58,745][flwr][INFO] - 	       [  17,   20,    7,    9,   66,   49,  672,    3,    5,   44],
[2024-06-21 13:46:58,745][flwr][INFO] - 	       [   0,   16,    6,    4,    1,    8,  147,  769,    0,    7],
[2024-06-21 13:46:58,745][flwr][INFO] - 	       [  54,    0,   22,   19,    6,   10,    0,    3,  886,   28],
[2024-06-21 13:46:58,745][flwr][INFO] - 	       [   4,    7,   13,    8,   18,   10,   19,    3,    5,  887],
[2024-06-21 13:46:58,745][flwr][INFO] - 	       [ 758,    3,    4,    2,   20,   35,    2,    2,   19,  164]])),
[2024-06-21 13:46:58,745][flwr][INFO] - 	                      (6,
[2024-06-21 13:46:58,746][flwr][INFO] - 	                       array([[ 391,  575,    0,    0,    0,    2,    5,    4,    0,    3],
[2024-06-21 13:46:58,746][flwr][INFO] - 	       [   1,    0, 1095,    3,    2,    0,    6,    1,    1,   26],
[2024-06-21 13:46:58,746][flwr][INFO] - 	       [  16,    3,   37,  880,    5,   12,   11,   13,   14,   41],
[2024-06-21 13:46:58,746][flwr][INFO] - 	       [   9,    4,    2,   79,  838,    3,   13,    1,   13,   48],
[2024-06-21 13:46:58,746][flwr][INFO] - 	       [  52,    1,    0,    4,    2,  886,   10,    7,    1,   19],
[2024-06-21 13:46:58,746][flwr][INFO] - 	       [  38,    8,    5,    5,   37,   73,  659,    2,    6,   59],
[2024-06-21 13:46:58,746][flwr][INFO] - 	       [   3,   12,    3,    2,    0,    9,  238,  686,    0,    5],
[2024-06-21 13:46:58,746][flwr][INFO] - 	       [  72,    0,   16,   30,    4,   10,    1,    5,  880,   10],
[2024-06-21 13:46:58,746][flwr][INFO] - 	       [  20,    6,    5,    8,    9,   12,   17,    4,    7,  886],
[2024-06-21 13:46:58,746][flwr][INFO] - 	       [ 915,    2,    3,    2,    7,   33,    0,    0,    7,   40]])),
[2024-06-21 13:46:58,746][flwr][INFO] - 	                      (7,
[2024-06-21 13:46:58,746][flwr][INFO] - 	                       array([[  34,  932,    0,    0,    1,    1,    2,    3,    1,    6],
[2024-06-21 13:46:58,746][flwr][INFO] - 	       [   0,    0, 1104,    3,    3,    0,    3,    2,    0,   20],
[2024-06-21 13:46:58,746][flwr][INFO] - 	       [   8,    9,   51,  842,   16,   15,    5,    7,   21,   58],
[2024-06-21 13:46:58,746][flwr][INFO] - 	       [   3,    2,    3,   33,  895,    2,   21,    0,   16,   35],
[2024-06-21 13:46:58,746][flwr][INFO] - 	       [  34,    1,    1,    4,    7,  888,    7,    5,    2,   33],
[2024-06-21 13:46:58,746][flwr][INFO] - 	       [  10,   11,    3,    1,   38,   18,  752,    3,    6,   50],
[2024-06-21 13:46:58,746][flwr][INFO] - 	       [   1,   21,    3,    1,    1,   15,  123,  780,    1,   12],
[2024-06-21 13:46:58,746][flwr][INFO] - 	       [  43,    0,   18,   21,    4,    7,    0,    1,  925,    9],
[2024-06-21 13:46:58,746][flwr][INFO] - 	       [   5,    6,    5,    4,   14,    8,   16,    1,    8,  907],
[2024-06-21 13:46:58,746][flwr][INFO] - 	       [ 862,    5,    5,    1,   14,   31,    1,    0,   15,   75]])),
[2024-06-21 13:46:58,746][flwr][INFO] - 	                      (8,
[2024-06-21 13:46:58,746][flwr][INFO] - 	                       array([[  59,  880,    0,    0,    1,    1,   25,    7,    2,    5],
[2024-06-21 13:46:58,746][flwr][INFO] - 	       [   0,    0, 1110,    2,    3,    0,    3,    2,    0,   15],
[2024-06-21 13:46:58,746][flwr][INFO] - 	       [   2,    5,  146,  775,   15,   11,   10,   12,   18,   38],
[2024-06-21 13:46:58,746][flwr][INFO] - 	       [   2,    1,    8,   31,  899,    0,   10,    3,   14,   42],
[2024-06-21 13:46:58,746][flwr][INFO] - 	       [  11,    0,    0,    3,   18,  913,    7,    9,    1,   20],
[2024-06-21 13:46:58,746][flwr][INFO] - 	       [   5,    4,    3,    1,   52,   43,  733,    4,    9,   38],
[2024-06-21 13:46:58,746][flwr][INFO] - 	       [   0,    8,    3,    2,    1,    7,  144,  789,    0,    4],
[2024-06-21 13:46:58,746][flwr][INFO] - 	       [  14,    0,   22,   18,    4,    6,    1,   13,  937,   13],
[2024-06-21 13:46:58,746][flwr][INFO] - 	       [   1,    4,    9,    3,   17,   15,   17,    7,    9,  892],
[2024-06-21 13:46:58,746][flwr][INFO] - 	       [ 675,    2,    5,    2,   12,   59,    6,    1,   32,  215]])),
[2024-06-21 13:46:58,746][flwr][INFO] - 	                      (9,
[2024-06-21 13:46:58,746][flwr][INFO] - 	                       array([[ 153,  808,    0,    0,    1,    1,    4,    6,    2,    5],
[2024-06-21 13:46:58,746][flwr][INFO] - 	       [   0,    1, 1109,    3,    2,    1,    3,    2,    1,   13],
[2024-06-21 13:46:58,746][flwr][INFO] - 	       [  15,    2,   44,  870,    6,   15,    4,   10,   18,   48],
[2024-06-21 13:46:58,746][flwr][INFO] - 	       [   3,    1,    3,   48,  865,    1,   21,    1,   15,   52],
[2024-06-21 13:46:58,746][flwr][INFO] - 	       [  31,    1,    0,    4,    4,  912,    7,    6,    1,   16],
[2024-06-21 13:46:58,746][flwr][INFO] - 	       [   5,    6,    2,    4,   32,   16,  780,    6,    6,   35],
[2024-06-21 13:46:58,746][flwr][INFO] - 	       [   1,   12,    3,    3,    0,   12,   63,  856,    0,    8],
[2024-06-21 13:46:58,746][flwr][INFO] - 	       [  44,    0,   18,   16,    3,    7,    0,    3,  926,   11],
[2024-06-21 13:46:58,746][flwr][INFO] - 	       [   5,    4,    5,    5,    9,    9,   15,    4,    5,  913],
[2024-06-21 13:46:58,746][flwr][INFO] - 	       [ 878,    2,    4,    2,    6,   38,    2,    1,    9,   67]])),
[2024-06-21 13:46:58,746][flwr][INFO] - 	                      (10,
[2024-06-21 13:46:58,746][flwr][INFO] - 	                       array([[   6,  955,    0,    0,    2,    0,    4,    5,    2,    6],
[2024-06-21 13:46:58,746][flwr][INFO] - 	       [   0,    3, 1111,    3,    2,    0,    2,    3,    0,   11],
[2024-06-21 13:46:58,746][flwr][INFO] - 	       [   2,   10,   96,  819,   18,   12,    4,    8,   27,   36],
[2024-06-21 13:46:58,746][flwr][INFO] - 	       [   4,    1,    2,   35,  915,    0,    9,    0,   14,   30],
[2024-06-21 13:46:58,746][flwr][INFO] - 	       [  24,    3,    0,    3,   19,  896,    7,    5,    2,   23],
[2024-06-21 13:46:58,746][flwr][INFO] - 	       [   7,   10,    2,    2,   67,   17,  729,    3,    8,   47],
[2024-06-21 13:46:58,746][flwr][INFO] - 	       [   0,   19,    3,    2,    1,    7,   72,  842,    0,   12],
[2024-06-21 13:46:58,746][flwr][INFO] - 	       [  45,    1,   16,   16,    2,    4,    0,    4,  930,   10],
[2024-06-21 13:46:58,746][flwr][INFO] - 	       [   0,    5,    8,    5,   17,    3,    9,    6,    8,  913],
[2024-06-21 13:46:58,747][flwr][INFO] - 	       [ 844,    6,    3,    2,    7,   37,    1,    0,    8,  101]]))],
[2024-06-21 13:46:58,747][flwr][INFO] - 	 'f1': [(0, 0.03553137346181725),
[2024-06-21 13:46:58,747][flwr][INFO] - 	        (1, 0.06099354670407731),
[2024-06-21 13:46:58,747][flwr][INFO] - 	        (2, 0.06563668412162439),
[2024-06-21 13:46:58,747][flwr][INFO] - 	        (3, 0.1057447172308201),
[2024-06-21 13:46:58,747][flwr][INFO] - 	        (4, 0.06422126982477834),
[2024-06-21 13:46:58,747][flwr][INFO] - 	        (5, 0.058490681863895756),
[2024-06-21 13:46:58,747][flwr][INFO] - 	        (6, 0.07784324869747797),
[2024-06-21 13:46:58,747][flwr][INFO] - 	        (7, 0.03419769034571544),
[2024-06-21 13:46:58,747][flwr][INFO] - 	        (8, 0.06425210336645301),
[2024-06-21 13:46:58,747][flwr][INFO] - 	        (9, 0.03875873329653459),
[2024-06-21 13:46:58,747][flwr][INFO] - 	        (10, 0.035016329544406435)],
[2024-06-21 13:46:58,747][flwr][INFO] - 	 'precision': [(0, 0.12349967530374152),
[2024-06-21 13:46:58,747][flwr][INFO] - 	               (1, 0.05032860101012806),
[2024-06-21 13:46:58,747][flwr][INFO] - 	               (2, 0.06523913066609374),
[2024-06-21 13:46:58,747][flwr][INFO] - 	               (3, 0.10079300541328835),
[2024-06-21 13:46:58,747][flwr][INFO] - 	               (4, 0.06233679811660826),
[2024-06-21 13:46:58,747][flwr][INFO] - 	               (5, 0.05710071823831642),
[2024-06-21 13:46:58,747][flwr][INFO] - 	               (6, 0.07163380712390072),
[2024-06-21 13:46:58,747][flwr][INFO] - 	               (7, 0.03359036966284997),
[2024-06-21 13:46:58,747][flwr][INFO] - 	               (8, 0.06194895903775564),
[2024-06-21 13:46:58,747][flwr][INFO] - 	               (9, 0.037419781251334557),
[2024-06-21 13:46:58,747][flwr][INFO] - 	               (10, 0.03432748628585061)],
[2024-06-21 13:46:58,747][flwr][INFO] - 	 'recall': [(0, 0.1086),
[2024-06-21 13:46:58,747][flwr][INFO] - 	            (1, 0.0889),
[2024-06-21 13:46:58,747][flwr][INFO] - 	            (2, 0.0672),
[2024-06-21 13:46:58,747][flwr][INFO] - 	            (3, 0.1134),
[2024-06-21 13:46:58,747][flwr][INFO] - 	            (4, 0.0667),
[2024-06-21 13:46:58,747][flwr][INFO] - 	            (5, 0.0607),
[2024-06-21 13:46:58,747][flwr][INFO] - 	            (6, 0.0872),
[2024-06-21 13:46:58,747][flwr][INFO] - 	            (7, 0.035),
[2024-06-21 13:46:58,747][flwr][INFO] - 	            (8, 0.0678),
[2024-06-21 13:46:58,747][flwr][INFO] - 	            (9, 0.0404),
[2024-06-21 13:46:58,747][flwr][INFO] - 	            (10, 0.0361)]}
[2024-06-21 13:46:58,747][flwr][INFO] - 
