[2024-06-20 19:06:36,995][flwr][INFO] - Starting Flower simulation, config: num_rounds=10, no round_timeout
[2024-06-20 19:06:39,017][flwr][INFO] - Flower VCE: Ray initialized with resources: {'memory': 10169471796.0, 'object_store_memory': 2147483648.0, 'CPU': 12.0, 'node:127.0.0.1': 1.0, 'node:__internal_head__': 1.0}
[2024-06-20 19:06:39,017][flwr][INFO] - Optimize your simulation with Flower VCE: https://flower.ai/docs/framework/how-to-run-simulations.html
[2024-06-20 19:06:39,017][flwr][INFO] - Flower VCE: Resources for each Virtual Client: {'num_cpus': 2, 'num_gpus': 0}
[2024-06-20 19:06:39,024][flwr][INFO] - Flower VCE: Creating VirtualClientEngineActorPool with 6 actors
[2024-06-20 19:06:39,024][flwr][INFO] - [INIT]
[2024-06-20 19:06:39,024][flwr][INFO] - Requesting initial parameters from one random client
[2024-06-20 19:06:40,833][flwr][INFO] - Received initial parameters from one random client
[2024-06-20 19:06:40,833][flwr][INFO] - Evaluating initial global parameters
[2024-06-20 19:06:41,259][flwr][INFO] - initial parameters (loss, other metrics): 181.76928067207336, {'accuracy': 0.1086, 'precision': 0.12349967530374152, 'recall': 0.1086, 'f1': 0.03553137346181725, 'confusion_matrix': array([[   0,    8,    0,  956,    0,    1,    0,   15,    0,    0],
       [   0,  122,    0, 1013,    0,    0,    0,    0,    0,    0],
       [   0,   38,    0,  971,    0,    0,    3,   19,    1,    0],
       [   0,   44,    0,  945,    1,    1,    0,   17,    2,    0],
       [   0,  143,    0,  816,    1,    0,    2,   20,    0,    0],
       [   0,  118,    0,  735,    1,    7,    0,   30,    1,    0],
       [   0,  144,    0,  749,   25,    0,    2,   38,    0,    0],
       [   0,  272,    0,  724,    8,    0,    0,    9,   15,    0],
       [   0,   81,    0,  859,    1,    0,    1,   32,    0,    0],
       [   0,  178,    0,  799,    1,    0,    0,   31,    0,    0]])}
[2024-06-20 19:06:41,260][flwr][INFO] - 
[2024-06-20 19:06:41,260][flwr][INFO] - [ROUND 1]
[2024-06-20 19:06:41,260][flwr][INFO] - configure_fit: strategy sampled 10 clients (out of 100)
[2024-06-20 19:06:49,488][flwr][INFO] - aggregate_fit: received 10 results and 0 failures
[2024-06-20 19:06:49,497][flwr][WARNING] - No fit_metrics_aggregation_fn provided
[2024-06-20 19:06:50,011][flwr][INFO] - fit progress: (1, 4762.141647338867, {'accuracy': 0.1297, 'precision': 0.15960774293551377, 'recall': 0.1297, 'f1': 0.09517171898711764, 'confusion_matrix': array([[541, 146,   2,  36,   2,   0,  92,   0,   0, 161],
       [184, 346,  74,   4,   0,   0,   1, 526,   0,   0],
       [114, 703,  82,  21,   0,   0,  83,  20,   0,   9],
       [274, 242, 135,  46,  11,   0,  39, 120,   0, 143],
       [441, 467,   9,   7,   2,   0,  21,  28,   0,   7],
       [408, 258,  30,  23,  22,   0,  22,  47,   0,  82],
       [369, 333,   4,  18,   2,   0, 216,  11,   1,   4],
       [283, 585,  30,   5,  14,   0,  23,  49,   1,  38],
       [308, 377,  66,  43,   0,   0,  20, 139,   4,  17],
       [206, 708,   5,  12,  19,   0,  18,  27,   3,  11]])}, 8.751993458000001)
[2024-06-20 19:06:50,012][flwr][INFO] - configure_evaluate: no clients selected, skipping evaluation
[2024-06-20 19:06:50,012][flwr][INFO] - 
[2024-06-20 19:06:50,012][flwr][INFO] - [ROUND 2]
[2024-06-20 19:06:50,012][flwr][INFO] - configure_fit: strategy sampled 10 clients (out of 100)
[2024-06-20 19:06:55,383][flwr][INFO] - aggregate_fit: received 10 results and 0 failures
[2024-06-20 19:06:55,825][flwr][INFO] - fit progress: (2, 16934.627151489258, {'accuracy': 0.1054, 'precision': 0.23799332139944726, 'recall': 0.1054, 'f1': 0.08483728034946289, 'confusion_matrix': array([[ 48,   1,  17,  13,   0,   0,   6,   0, 152, 743],
       [  0,  74, 607, 127,   0,   0,  30,   0,   0, 297],
       [  1,   4, 110,  82,   0,   0,  20,   0,  22, 793],
       [  0,  23, 107,  91,   0,   2,  28,   8,  81, 670],
       [  3,  92, 102,  87,   0,   0,  13,  26, 130, 529],
       [  2,  67, 153,  74,   0,   2,  69,  13, 205, 307],
       [  6,   7, 154, 237,   0,   0,  45,   1, 129, 379],
       [  0, 137, 146,  46,   0,   0,   0,  90,   5, 604],
       [  0,  44, 200, 168,   0,   0,  19,  11,  96, 436],
       [  1, 139, 134, 137,   0,   0,   2,  44,  54, 498]])}, 14.565379499999999)
[2024-06-20 19:06:55,825][flwr][INFO] - configure_evaluate: no clients selected, skipping evaluation
[2024-06-20 19:06:55,825][flwr][INFO] - 
[2024-06-20 19:06:55,825][flwr][INFO] - [ROUND 3]
[2024-06-20 19:06:55,826][flwr][INFO] - configure_fit: strategy sampled 10 clients (out of 100)
[2024-06-20 19:07:01,182][flwr][INFO] - aggregate_fit: received 10 results and 0 failures
[2024-06-20 19:07:01,625][flwr][INFO] - fit progress: (3, 20046.77281188965, {'accuracy': 0.2863, 'precision': 0.31551539258512434, 'recall': 0.2863, 'f1': 0.24629835641809256, 'confusion_matrix': array([[879,  11,   7,   0,   2,   0,   5,   3,  59,  14],
       [165, 515,  35,   8, 111,   1,  84,  94,  43,  79],
       [262,  90, 343,  13,   4,   4,  58,  85, 149,  24],
       [528,  50,  28,   4,  68,   3,   6, 111, 163,  49],
       [417, 323,   8,   3,  50,   2,  22,  31,  38,  88],
       [582,  89,  11,   1,  35,  13,   8,  70,  72,  11],
       [502,  38,  68,  29,  26,   5, 155,  32,  93,  10],
       [199, 174,  21,   1,  36,   1,  16, 444,  13, 123],
       [398, 153,  45,   8,  14,   2,  13,  46, 281,  14],
       [377, 282,   4,   1,  30,   1,   8,  97,  30, 179]])}, 20.366061708)
[2024-06-20 19:07:01,626][flwr][INFO] - configure_evaluate: no clients selected, skipping evaluation
[2024-06-20 19:07:01,626][flwr][INFO] - 
[2024-06-20 19:07:01,626][flwr][INFO] - [ROUND 4]
[2024-06-20 19:07:01,626][flwr][INFO] - configure_fit: strategy sampled 10 clients (out of 100)
[2024-06-20 19:07:07,037][flwr][INFO] - aggregate_fit: received 10 results and 0 failures
[2024-06-20 19:07:07,494][flwr][INFO] - fit progress: (4, 26316.844665527344, {'accuracy': 0.3736, 'precision': 0.42037947603700293, 'recall': 0.3736, 'f1': 0.35616573390577955, 'confusion_matrix': array([[483,  13,  66,   8,  10,  40,   8,   3, 249, 100],
       [ 15, 778, 239,  41,  17,  15,   1,   5,  21,   3],
       [ 34,  50, 698,  32,   4,  86,  16,  11,  52,  49],
       [ 49,  66, 156, 173,  18, 128,   2,  48, 205, 165],
       [ 30, 163,  45,  13, 146,  95,   2,  39,  94, 355],
       [132,  60,  61,  37,  14, 218,   7,  29, 274,  60],
       [118,  34, 206, 121,  59,  76, 193,   1,  69,  81],
       [  8, 146,  59,  15,  24,  53,   0, 237, 121, 365],
       [115,  78, 208,  55,   7,  70,   7,  26, 373,  35],
       [ 42, 179,  14,   7,  68,  63,   2,  64, 133, 437]])}, 26.23494175)
[2024-06-20 19:07:07,494][flwr][INFO] - configure_evaluate: no clients selected, skipping evaluation
[2024-06-20 19:07:07,494][flwr][INFO] - 
[2024-06-20 19:07:07,494][flwr][INFO] - [ROUND 5]
[2024-06-20 19:07:07,495][flwr][INFO] - configure_fit: strategy sampled 10 clients (out of 100)
[2024-06-20 19:07:12,868][flwr][INFO] - aggregate_fit: received 10 results and 0 failures
[2024-06-20 19:07:13,319][flwr][INFO] - fit progress: (5, 49130.00231933594, {'accuracy': 0.4243, 'precision': 0.46888575194573356, 'recall': 0.4243, 'f1': 0.40510882449260455, 'confusion_matrix': array([[735,  16,  22,   8,  18,  57,  15,   6,  91,  12],
       [ 16, 817, 157,  41,  48,  26,   6,   0,  19,   5],
       [ 67,  32, 613,  37,  20, 120,  60,   4,  73,   6],
       [162,  64, 114, 186,  40, 150,  12,   7, 245,  30],
       [ 11, 151,  13,   9, 500, 124,  14,  11,  66,  83],
       [291,  61,  43,  16,  74, 187,   9,   9, 188,  14],
       [117,  24,  80,  35, 195, 119, 346,   2,  27,  13],
       [ 22, 234,  47,  37, 136,  75,   1, 177, 129, 170],
       [159,  59, 116,  52,  33,  86,  13,   1, 447,   8],
       [ 39, 224,  13,   6, 252,  98,   3,  14, 125, 235]])}, 32.060184833)
[2024-06-20 19:07:13,319][flwr][INFO] - configure_evaluate: no clients selected, skipping evaluation
[2024-06-20 19:07:13,319][flwr][INFO] - 
[2024-06-20 19:07:13,319][flwr][INFO] - [ROUND 6]
[2024-06-20 19:07:13,320][flwr][INFO] - configure_fit: strategy sampled 10 clients (out of 100)
[2024-06-20 19:07:18,555][flwr][INFO] - aggregate_fit: received 10 results and 0 failures
[2024-06-20 19:07:19,009][flwr][INFO] - fit progress: (6, 86913.20428466797, {'accuracy': 0.452, 'precision': 0.47246322599711876, 'recall': 0.452, 'f1': 0.4501735464598581, 'confusion_matrix': array([[628,   7,  47,  42,  28,  38,  63,  15,  86,  26],
       [ 22, 756,  45, 164,  48,  11,  35,  21,  32,   1],
       [ 44,   8, 596,  57,  11,  53, 133,   6, 114,  10],
       [ 79,  23, 248, 277,  13,  98,  45,  15, 194,  18],
       [  9,  46,  22,  71, 285, 142,  95,  30, 142, 140],
       [130,  24,  45,  67,  55, 250,  46,  28, 219,  28],
       [ 35,   7,  65,  24,  68,  63, 613,   2,  59,  22],
       [ 21,  84,  43,  88,  39,  34,   8, 341, 255, 115],
       [ 77,  23, 128, 117,  36,  34,  70,   9, 464,  16],
       [ 23, 119,  16,  95,  88,  64,  18,  60, 216, 310]])}, 37.750867625000005)
[2024-06-20 19:07:19,010][flwr][INFO] - configure_evaluate: no clients selected, skipping evaluation
[2024-06-20 19:07:19,010][flwr][INFO] - 
[2024-06-20 19:07:19,010][flwr][INFO] - [ROUND 7]
[2024-06-20 19:07:19,010][flwr][INFO] - configure_fit: strategy sampled 10 clients (out of 100)
[2024-06-20 19:07:24,284][flwr][INFO] - aggregate_fit: received 10 results and 0 failures
[2024-06-20 19:07:24,728][flwr][INFO] - fit progress: (7, 170534.8353881836, {'accuracy': 0.4728, 'precision': 0.4931660311520598, 'recall': 0.4728, 'f1': 0.4645407363634185, 'confusion_matrix': array([[656,   5,  34,  46, 121,  17,  27,   7,  45,  22],
       [ 46, 706, 111,  95, 154,   1,   7,  13,   2,   0],
       [ 76,  10, 658,  83,  45,  32,  61,   8,  43,  16],
       [129,  25, 200, 445,  44,  36,  13,  23,  72,  23],
       [ 15,  57,  20,  78, 629,  47,  20,  24,  23,  69],
       [151,  23,  51, 126, 176, 183,  20,  42,  83,  37],
       [ 95,   7,  83,  76, 200,  32, 381,   6,  51,  27],
       [ 23, 118,  74, 105,  48,  11,   1, 455,  41, 152],
       [119,  28, 148, 198, 115,  16,  28,  20, 247,  55],
       [ 41, 150,  22,  56, 170,  20,   6, 128,  48, 368]])}, 43.469602042000005)
[2024-06-20 19:07:24,728][flwr][INFO] - configure_evaluate: no clients selected, skipping evaluation
[2024-06-20 19:07:24,728][flwr][INFO] - 
[2024-06-20 19:07:24,728][flwr][INFO] - [ROUND 8]
[2024-06-20 19:07:24,729][flwr][INFO] - configure_fit: strategy sampled 10 clients (out of 100)
[2024-06-20 19:07:30,177][flwr][INFO] - aggregate_fit: received 10 results and 0 failures
[2024-06-20 19:07:30,622][flwr][INFO] - fit progress: (8, 300237.3923339844, {'accuracy': 0.5102, 'precision': 0.5353366360467003, 'recall': 0.5102, 'f1': 0.5094800331965323, 'confusion_matrix': array([[510,  14,  18,  64, 125,  12,  28,  13, 169,  27],
       [  4, 869,  16, 121,  73,   5,   5,  23,  18,   1],
       [ 39,  28, 446, 243,  30,  27,  67,  14, 118,  20],
       [ 64,  48,  30, 635,  26,  42,   8,  49,  74,  34],
       [  5,  62,  11, 114, 476,  44,  43,  62,  41, 124],
       [ 82,  35,  22, 130, 133, 240,  21,  72, 119,  38],
       [ 50,  11,  50, 114, 140,  27, 488,   8,  53,  17],
       [ 10, 102,  28,  71,  32,   6,   2, 639,  26, 112],
       [ 49,  50,  35, 225, 108,  39,  16,  30, 359,  63],
       [ 19, 136,  11,  48, 114,  22,  11, 170,  38, 440]])}, 49.363903)
[2024-06-20 19:07:30,623][flwr][INFO] - configure_evaluate: no clients selected, skipping evaluation
[2024-06-20 19:07:30,623][flwr][INFO] - 
[2024-06-20 19:07:30,623][flwr][INFO] - [ROUND 9]
[2024-06-20 19:07:30,623][flwr][INFO] - configure_fit: strategy sampled 10 clients (out of 100)
[2024-06-20 19:07:35,905][flwr][INFO] - aggregate_fit: received 10 results and 0 failures
[2024-06-20 19:07:36,349][flwr][INFO] - fit progress: (9, 530544.6342773438, {'accuracy': 0.5292, 'precision': 0.5399729300860783, 'recall': 0.5292, 'f1': 0.5293514106409247, 'confusion_matrix': array([[598,  10,  20,  23, 121,  41,  16,  11, 117,  23],
       [  5, 855, 113,  79,  40,   7,   4,  22,  10,   0],
       [ 46,  18, 687,  87,  33,  21,  46,  18,  62,  14],
       [113,  67,  63, 383,  31, 164,   8,  32, 104,  45],
       [ 15,  25,  17,  46, 520,  97,  45,  50,  43, 124],
       [101,  23,  33,  51, 123, 373,  14,  38, 101,  35],
       [ 92,  16, 100,  25, 187,  47, 448,   5,  28,  10],
       [ 15,  53,  63,  65,  40,  16,   3, 560,  34, 179],
       [ 73,  43,  76, 129, 131,  58,   9,  20, 335, 100],
       [ 18,  49,  20,  28, 130,  61,  10, 120,  40, 533]])}, 55.091132333000004)
[2024-06-20 19:07:36,350][flwr][INFO] - configure_evaluate: no clients selected, skipping evaluation
[2024-06-20 19:07:36,350][flwr][INFO] - 
[2024-06-20 19:07:36,350][flwr][INFO] - [ROUND 10]
[2024-06-20 19:07:36,350][flwr][INFO] - configure_fit: strategy sampled 10 clients (out of 100)
[2024-06-20 19:07:41,702][flwr][INFO] - aggregate_fit: received 10 results and 0 failures
[2024-06-20 19:07:42,156][flwr][INFO] - fit progress: (10, 1104814.9428710938, {'accuracy': 0.4944, 'precision': 0.5381434187245697, 'recall': 0.4944, 'f1': 0.5007552049558424, 'confusion_matrix': array([[266,  12,  17,  21, 378,  53,  43,  21, 160,   9],
       [  8, 881,  43,  57,  55,  14,   4,  26,  44,   3],
       [ 22,  29, 570,  98,  54,  40,  89,  12, 107,  11],
       [ 29,  48,  47, 390,  31, 228,  11,  28, 179,  19],
       [  6,  14,   3,  37, 529, 118,  66,  49,  85,  75],
       [ 32,  22,  13,  47, 135, 427,  27,  28, 149,  12],
       [ 20,   9,  51,  38, 253,  44, 483,   8,  46,   6],
       [  7,  37,  15,  56,  68,  48,  15, 451,  70, 261],
       [ 14,  30,  61, 117, 120,  83,  21,  17, 457,  54],
       [ 11,  19,   3,  25, 138, 124,  13, 110,  76, 490]])}, 60.897884792000006)
[2024-06-20 19:07:42,156][flwr][INFO] - configure_evaluate: no clients selected, skipping evaluation
[2024-06-20 19:07:42,156][flwr][INFO] - 
[2024-06-20 19:07:42,156][flwr][INFO] - [SUMMARY]
[2024-06-20 19:07:42,156][flwr][INFO] - Run finished 10 round(s) in 60.90s
[2024-06-20 19:07:42,161][flwr][INFO] - 	History (loss, centralized):
[2024-06-20 19:07:42,161][flwr][INFO] - 		round 0: 181.76928067207336
[2024-06-20 19:07:42,161][flwr][INFO] - 		round 1: 4762.141647338867
[2024-06-20 19:07:42,161][flwr][INFO] - 		round 2: 16934.627151489258
[2024-06-20 19:07:42,161][flwr][INFO] - 		round 3: 20046.77281188965
[2024-06-20 19:07:42,161][flwr][INFO] - 		round 4: 26316.844665527344
[2024-06-20 19:07:42,161][flwr][INFO] - 		round 5: 49130.00231933594
[2024-06-20 19:07:42,161][flwr][INFO] - 		round 6: 86913.20428466797
[2024-06-20 19:07:42,161][flwr][INFO] - 		round 7: 170534.8353881836
[2024-06-20 19:07:42,161][flwr][INFO] - 		round 8: 300237.3923339844
[2024-06-20 19:07:42,161][flwr][INFO] - 		round 9: 530544.6342773438
[2024-06-20 19:07:42,161][flwr][INFO] - 		round 10: 1104814.9428710938
[2024-06-20 19:07:42,161][flwr][INFO] - 	History (metrics, centralized):
[2024-06-20 19:07:42,162][flwr][INFO] - 	{'accuracy': [(0, 0.1086),
[2024-06-20 19:07:42,162][flwr][INFO] - 	              (1, 0.1297),
[2024-06-20 19:07:42,162][flwr][INFO] - 	              (2, 0.1054),
[2024-06-20 19:07:42,162][flwr][INFO] - 	              (3, 0.2863),
[2024-06-20 19:07:42,162][flwr][INFO] - 	              (4, 0.3736),
[2024-06-20 19:07:42,162][flwr][INFO] - 	              (5, 0.4243),
[2024-06-20 19:07:42,162][flwr][INFO] - 	              (6, 0.452),
[2024-06-20 19:07:42,162][flwr][INFO] - 	              (7, 0.4728),
[2024-06-20 19:07:42,162][flwr][INFO] - 	              (8, 0.5102),
[2024-06-20 19:07:42,162][flwr][INFO] - 	              (9, 0.5292),
[2024-06-20 19:07:42,162][flwr][INFO] - 	              (10, 0.4944)],
[2024-06-20 19:07:42,162][flwr][INFO] - 	 'confusion_matrix': [(0,
[2024-06-20 19:07:42,162][flwr][INFO] - 	                       array([[   0,    8,    0,  956,    0,    1,    0,   15,    0,    0],
[2024-06-20 19:07:42,162][flwr][INFO] - 	       [   0,  122,    0, 1013,    0,    0,    0,    0,    0,    0],
[2024-06-20 19:07:42,162][flwr][INFO] - 	       [   0,   38,    0,  971,    0,    0,    3,   19,    1,    0],
[2024-06-20 19:07:42,162][flwr][INFO] - 	       [   0,   44,    0,  945,    1,    1,    0,   17,    2,    0],
[2024-06-20 19:07:42,162][flwr][INFO] - 	       [   0,  143,    0,  816,    1,    0,    2,   20,    0,    0],
[2024-06-20 19:07:42,162][flwr][INFO] - 	       [   0,  118,    0,  735,    1,    7,    0,   30,    1,    0],
[2024-06-20 19:07:42,162][flwr][INFO] - 	       [   0,  144,    0,  749,   25,    0,    2,   38,    0,    0],
[2024-06-20 19:07:42,162][flwr][INFO] - 	       [   0,  272,    0,  724,    8,    0,    0,    9,   15,    0],
[2024-06-20 19:07:42,162][flwr][INFO] - 	       [   0,   81,    0,  859,    1,    0,    1,   32,    0,    0],
[2024-06-20 19:07:42,162][flwr][INFO] - 	       [   0,  178,    0,  799,    1,    0,    0,   31,    0,    0]])),
[2024-06-20 19:07:42,162][flwr][INFO] - 	                      (1,
[2024-06-20 19:07:42,162][flwr][INFO] - 	                       array([[541, 146,   2,  36,   2,   0,  92,   0,   0, 161],
[2024-06-20 19:07:42,162][flwr][INFO] - 	       [184, 346,  74,   4,   0,   0,   1, 526,   0,   0],
[2024-06-20 19:07:42,162][flwr][INFO] - 	       [114, 703,  82,  21,   0,   0,  83,  20,   0,   9],
[2024-06-20 19:07:42,162][flwr][INFO] - 	       [274, 242, 135,  46,  11,   0,  39, 120,   0, 143],
[2024-06-20 19:07:42,162][flwr][INFO] - 	       [441, 467,   9,   7,   2,   0,  21,  28,   0,   7],
[2024-06-20 19:07:42,162][flwr][INFO] - 	       [408, 258,  30,  23,  22,   0,  22,  47,   0,  82],
[2024-06-20 19:07:42,162][flwr][INFO] - 	       [369, 333,   4,  18,   2,   0, 216,  11,   1,   4],
[2024-06-20 19:07:42,162][flwr][INFO] - 	       [283, 585,  30,   5,  14,   0,  23,  49,   1,  38],
[2024-06-20 19:07:42,162][flwr][INFO] - 	       [308, 377,  66,  43,   0,   0,  20, 139,   4,  17],
[2024-06-20 19:07:42,162][flwr][INFO] - 	       [206, 708,   5,  12,  19,   0,  18,  27,   3,  11]])),
[2024-06-20 19:07:42,162][flwr][INFO] - 	                      (2,
[2024-06-20 19:07:42,162][flwr][INFO] - 	                       array([[ 48,   1,  17,  13,   0,   0,   6,   0, 152, 743],
[2024-06-20 19:07:42,162][flwr][INFO] - 	       [  0,  74, 607, 127,   0,   0,  30,   0,   0, 297],
[2024-06-20 19:07:42,162][flwr][INFO] - 	       [  1,   4, 110,  82,   0,   0,  20,   0,  22, 793],
[2024-06-20 19:07:42,164][flwr][INFO] - 	       [  0,  23, 107,  91,   0,   2,  28,   8,  81, 670],
[2024-06-20 19:07:42,164][flwr][INFO] - 	       [  3,  92, 102,  87,   0,   0,  13,  26, 130, 529],
[2024-06-20 19:07:42,164][flwr][INFO] - 	       [  2,  67, 153,  74,   0,   2,  69,  13, 205, 307],
[2024-06-20 19:07:42,164][flwr][INFO] - 	       [  6,   7, 154, 237,   0,   0,  45,   1, 129, 379],
[2024-06-20 19:07:42,164][flwr][INFO] - 	       [  0, 137, 146,  46,   0,   0,   0,  90,   5, 604],
[2024-06-20 19:07:42,164][flwr][INFO] - 	       [  0,  44, 200, 168,   0,   0,  19,  11,  96, 436],
[2024-06-20 19:07:42,164][flwr][INFO] - 	       [  1, 139, 134, 137,   0,   0,   2,  44,  54, 498]])),
[2024-06-20 19:07:42,164][flwr][INFO] - 	                      (3,
[2024-06-20 19:07:42,164][flwr][INFO] - 	                       array([[879,  11,   7,   0,   2,   0,   5,   3,  59,  14],
[2024-06-20 19:07:42,164][flwr][INFO] - 	       [165, 515,  35,   8, 111,   1,  84,  94,  43,  79],
[2024-06-20 19:07:42,164][flwr][INFO] - 	       [262,  90, 343,  13,   4,   4,  58,  85, 149,  24],
[2024-06-20 19:07:42,164][flwr][INFO] - 	       [528,  50,  28,   4,  68,   3,   6, 111, 163,  49],
[2024-06-20 19:07:42,164][flwr][INFO] - 	       [417, 323,   8,   3,  50,   2,  22,  31,  38,  88],
[2024-06-20 19:07:42,164][flwr][INFO] - 	       [582,  89,  11,   1,  35,  13,   8,  70,  72,  11],
[2024-06-20 19:07:42,164][flwr][INFO] - 	       [502,  38,  68,  29,  26,   5, 155,  32,  93,  10],
[2024-06-20 19:07:42,164][flwr][INFO] - 	       [199, 174,  21,   1,  36,   1,  16, 444,  13, 123],
[2024-06-20 19:07:42,164][flwr][INFO] - 	       [398, 153,  45,   8,  14,   2,  13,  46, 281,  14],
[2024-06-20 19:07:42,164][flwr][INFO] - 	       [377, 282,   4,   1,  30,   1,   8,  97,  30, 179]])),
[2024-06-20 19:07:42,164][flwr][INFO] - 	                      (4,
[2024-06-20 19:07:42,164][flwr][INFO] - 	                       array([[483,  13,  66,   8,  10,  40,   8,   3, 249, 100],
[2024-06-20 19:07:42,164][flwr][INFO] - 	       [ 15, 778, 239,  41,  17,  15,   1,   5,  21,   3],
[2024-06-20 19:07:42,165][flwr][INFO] - 	       [ 34,  50, 698,  32,   4,  86,  16,  11,  52,  49],
[2024-06-20 19:07:42,165][flwr][INFO] - 	       [ 49,  66, 156, 173,  18, 128,   2,  48, 205, 165],
[2024-06-20 19:07:42,165][flwr][INFO] - 	       [ 30, 163,  45,  13, 146,  95,   2,  39,  94, 355],
[2024-06-20 19:07:42,165][flwr][INFO] - 	       [132,  60,  61,  37,  14, 218,   7,  29, 274,  60],
[2024-06-20 19:07:42,165][flwr][INFO] - 	       [118,  34, 206, 121,  59,  76, 193,   1,  69,  81],
[2024-06-20 19:07:42,165][flwr][INFO] - 	       [  8, 146,  59,  15,  24,  53,   0, 237, 121, 365],
[2024-06-20 19:07:42,165][flwr][INFO] - 	       [115,  78, 208,  55,   7,  70,   7,  26, 373,  35],
[2024-06-20 19:07:42,165][flwr][INFO] - 	       [ 42, 179,  14,   7,  68,  63,   2,  64, 133, 437]])),
[2024-06-20 19:07:42,165][flwr][INFO] - 	                      (5,
[2024-06-20 19:07:42,165][flwr][INFO] - 	                       array([[735,  16,  22,   8,  18,  57,  15,   6,  91,  12],
[2024-06-20 19:07:42,165][flwr][INFO] - 	       [ 16, 817, 157,  41,  48,  26,   6,   0,  19,   5],
[2024-06-20 19:07:42,165][flwr][INFO] - 	       [ 67,  32, 613,  37,  20, 120,  60,   4,  73,   6],
[2024-06-20 19:07:42,165][flwr][INFO] - 	       [162,  64, 114, 186,  40, 150,  12,   7, 245,  30],
[2024-06-20 19:07:42,165][flwr][INFO] - 	       [ 11, 151,  13,   9, 500, 124,  14,  11,  66,  83],
[2024-06-20 19:07:42,165][flwr][INFO] - 	       [291,  61,  43,  16,  74, 187,   9,   9, 188,  14],
[2024-06-20 19:07:42,167][flwr][INFO] - 	       [117,  24,  80,  35, 195, 119, 346,   2,  27,  13],
[2024-06-20 19:07:42,167][flwr][INFO] - 	       [ 22, 234,  47,  37, 136,  75,   1, 177, 129, 170],
[2024-06-20 19:07:42,167][flwr][INFO] - 	       [159,  59, 116,  52,  33,  86,  13,   1, 447,   8],
[2024-06-20 19:07:42,167][flwr][INFO] - 	       [ 39, 224,  13,   6, 252,  98,   3,  14, 125, 235]])),
[2024-06-20 19:07:42,167][flwr][INFO] - 	                      (6,
[2024-06-20 19:07:42,167][flwr][INFO] - 	                       array([[628,   7,  47,  42,  28,  38,  63,  15,  86,  26],
[2024-06-20 19:07:42,167][flwr][INFO] - 	       [ 22, 756,  45, 164,  48,  11,  35,  21,  32,   1],
[2024-06-20 19:07:42,167][flwr][INFO] - 	       [ 44,   8, 596,  57,  11,  53, 133,   6, 114,  10],
[2024-06-20 19:07:42,167][flwr][INFO] - 	       [ 79,  23, 248, 277,  13,  98,  45,  15, 194,  18],
[2024-06-20 19:07:42,167][flwr][INFO] - 	       [  9,  46,  22,  71, 285, 142,  95,  30, 142, 140],
[2024-06-20 19:07:42,167][flwr][INFO] - 	       [130,  24,  45,  67,  55, 250,  46,  28, 219,  28],
[2024-06-20 19:07:42,167][flwr][INFO] - 	       [ 35,   7,  65,  24,  68,  63, 613,   2,  59,  22],
[2024-06-20 19:07:42,167][flwr][INFO] - 	       [ 21,  84,  43,  88,  39,  34,   8, 341, 255, 115],
[2024-06-20 19:07:42,167][flwr][INFO] - 	       [ 77,  23, 128, 117,  36,  34,  70,   9, 464,  16],
[2024-06-20 19:07:42,167][flwr][INFO] - 	       [ 23, 119,  16,  95,  88,  64,  18,  60, 216, 310]])),
[2024-06-20 19:07:42,167][flwr][INFO] - 	                      (7,
[2024-06-20 19:07:42,167][flwr][INFO] - 	                       array([[656,   5,  34,  46, 121,  17,  27,   7,  45,  22],
[2024-06-20 19:07:42,167][flwr][INFO] - 	       [ 46, 706, 111,  95, 154,   1,   7,  13,   2,   0],
[2024-06-20 19:07:42,167][flwr][INFO] - 	       [ 76,  10, 658,  83,  45,  32,  61,   8,  43,  16],
[2024-06-20 19:07:42,167][flwr][INFO] - 	       [129,  25, 200, 445,  44,  36,  13,  23,  72,  23],
[2024-06-20 19:07:42,167][flwr][INFO] - 	       [ 15,  57,  20,  78, 629,  47,  20,  24,  23,  69],
[2024-06-20 19:07:42,167][flwr][INFO] - 	       [151,  23,  51, 126, 176, 183,  20,  42,  83,  37],
[2024-06-20 19:07:42,167][flwr][INFO] - 	       [ 95,   7,  83,  76, 200,  32, 381,   6,  51,  27],
[2024-06-20 19:07:42,167][flwr][INFO] - 	       [ 23, 118,  74, 105,  48,  11,   1, 455,  41, 152],
[2024-06-20 19:07:42,167][flwr][INFO] - 	       [119,  28, 148, 198, 115,  16,  28,  20, 247,  55],
[2024-06-20 19:07:42,167][flwr][INFO] - 	       [ 41, 150,  22,  56, 170,  20,   6, 128,  48, 368]])),
[2024-06-20 19:07:42,167][flwr][INFO] - 	                      (8,
[2024-06-20 19:07:42,167][flwr][INFO] - 	                       array([[510,  14,  18,  64, 125,  12,  28,  13, 169,  27],
[2024-06-20 19:07:42,167][flwr][INFO] - 	       [  4, 869,  16, 121,  73,   5,   5,  23,  18,   1],
[2024-06-20 19:07:42,167][flwr][INFO] - 	       [ 39,  28, 446, 243,  30,  27,  67,  14, 118,  20],
[2024-06-20 19:07:42,167][flwr][INFO] - 	       [ 64,  48,  30, 635,  26,  42,   8,  49,  74,  34],
[2024-06-20 19:07:42,167][flwr][INFO] - 	       [  5,  62,  11, 114, 476,  44,  43,  62,  41, 124],
[2024-06-20 19:07:42,167][flwr][INFO] - 	       [ 82,  35,  22, 130, 133, 240,  21,  72, 119,  38],
[2024-06-20 19:07:42,167][flwr][INFO] - 	       [ 50,  11,  50, 114, 140,  27, 488,   8,  53,  17],
[2024-06-20 19:07:42,167][flwr][INFO] - 	       [ 10, 102,  28,  71,  32,   6,   2, 639,  26, 112],
[2024-06-20 19:07:42,167][flwr][INFO] - 	       [ 49,  50,  35, 225, 108,  39,  16,  30, 359,  63],
[2024-06-20 19:07:42,168][flwr][INFO] - 	       [ 19, 136,  11,  48, 114,  22,  11, 170,  38, 440]])),
[2024-06-20 19:07:42,168][flwr][INFO] - 	                      (9,
[2024-06-20 19:07:42,168][flwr][INFO] - 	                       array([[598,  10,  20,  23, 121,  41,  16,  11, 117,  23],
[2024-06-20 19:07:42,168][flwr][INFO] - 	       [  5, 855, 113,  79,  40,   7,   4,  22,  10,   0],
[2024-06-20 19:07:42,168][flwr][INFO] - 	       [ 46,  18, 687,  87,  33,  21,  46,  18,  62,  14],
[2024-06-20 19:07:42,168][flwr][INFO] - 	       [113,  67,  63, 383,  31, 164,   8,  32, 104,  45],
[2024-06-20 19:07:42,168][flwr][INFO] - 	       [ 15,  25,  17,  46, 520,  97,  45,  50,  43, 124],
[2024-06-20 19:07:42,168][flwr][INFO] - 	       [101,  23,  33,  51, 123, 373,  14,  38, 101,  35],
[2024-06-20 19:07:42,168][flwr][INFO] - 	       [ 92,  16, 100,  25, 187,  47, 448,   5,  28,  10],
[2024-06-20 19:07:42,168][flwr][INFO] - 	       [ 15,  53,  63,  65,  40,  16,   3, 560,  34, 179],
[2024-06-20 19:07:42,168][flwr][INFO] - 	       [ 73,  43,  76, 129, 131,  58,   9,  20, 335, 100],
[2024-06-20 19:07:42,168][flwr][INFO] - 	       [ 18,  49,  20,  28, 130,  61,  10, 120,  40, 533]])),
[2024-06-20 19:07:42,168][flwr][INFO] - 	                      (10,
[2024-06-20 19:07:42,168][flwr][INFO] - 	                       array([[266,  12,  17,  21, 378,  53,  43,  21, 160,   9],
[2024-06-20 19:07:42,168][flwr][INFO] - 	       [  8, 881,  43,  57,  55,  14,   4,  26,  44,   3],
[2024-06-20 19:07:42,168][flwr][INFO] - 	       [ 22,  29, 570,  98,  54,  40,  89,  12, 107,  11],
[2024-06-20 19:07:42,168][flwr][INFO] - 	       [ 29,  48,  47, 390,  31, 228,  11,  28, 179,  19],
[2024-06-20 19:07:42,168][flwr][INFO] - 	       [  6,  14,   3,  37, 529, 118,  66,  49,  85,  75],
[2024-06-20 19:07:42,168][flwr][INFO] - 	       [ 32,  22,  13,  47, 135, 427,  27,  28, 149,  12],
[2024-06-20 19:07:42,168][flwr][INFO] - 	       [ 20,   9,  51,  38, 253,  44, 483,   8,  46,   6],
[2024-06-20 19:07:42,168][flwr][INFO] - 	       [  7,  37,  15,  56,  68,  48,  15, 451,  70, 261],
[2024-06-20 19:07:42,168][flwr][INFO] - 	       [ 14,  30,  61, 117, 120,  83,  21,  17, 457,  54],
[2024-06-20 19:07:42,168][flwr][INFO] - 	       [ 11,  19,   3,  25, 138, 124,  13, 110,  76, 490]]))],
[2024-06-20 19:07:42,168][flwr][INFO] - 	 'f1': [(0, 0.03553137346181725),
[2024-06-20 19:07:42,168][flwr][INFO] - 	        (1, 0.09517171898711764),
[2024-06-20 19:07:42,168][flwr][INFO] - 	        (2, 0.08483728034946289),
[2024-06-20 19:07:42,168][flwr][INFO] - 	        (3, 0.24629835641809256),
[2024-06-20 19:07:42,168][flwr][INFO] - 	        (4, 0.35616573390577955),
[2024-06-20 19:07:42,168][flwr][INFO] - 	        (5, 0.40510882449260455),
[2024-06-20 19:07:42,168][flwr][INFO] - 	        (6, 0.4501735464598581),
[2024-06-20 19:07:42,168][flwr][INFO] - 	        (7, 0.4645407363634185),
[2024-06-20 19:07:42,168][flwr][INFO] - 	        (8, 0.5094800331965323),
[2024-06-20 19:07:42,168][flwr][INFO] - 	        (9, 0.5293514106409247),
[2024-06-20 19:07:42,168][flwr][INFO] - 	        (10, 0.5007552049558424)],
[2024-06-20 19:07:42,168][flwr][INFO] - 	 'precision': [(0, 0.12349967530374152),
[2024-06-20 19:07:42,168][flwr][INFO] - 	               (1, 0.15960774293551377),
[2024-06-20 19:07:42,168][flwr][INFO] - 	               (2, 0.23799332139944726),
[2024-06-20 19:07:42,168][flwr][INFO] - 	               (3, 0.31551539258512434),
[2024-06-20 19:07:42,168][flwr][INFO] - 	               (4, 0.42037947603700293),
[2024-06-20 19:07:42,168][flwr][INFO] - 	               (5, 0.46888575194573356),
[2024-06-20 19:07:42,168][flwr][INFO] - 	               (6, 0.47246322599711876),
[2024-06-20 19:07:42,168][flwr][INFO] - 	               (7, 0.4931660311520598),
[2024-06-20 19:07:42,169][flwr][INFO] - 	               (8, 0.5353366360467003),
[2024-06-20 19:07:42,169][flwr][INFO] - 	               (9, 0.5399729300860783),
[2024-06-20 19:07:42,169][flwr][INFO] - 	               (10, 0.5381434187245697)],
[2024-06-20 19:07:42,169][flwr][INFO] - 	 'recall': [(0, 0.1086),
[2024-06-20 19:07:42,169][flwr][INFO] - 	            (1, 0.1297),
[2024-06-20 19:07:42,169][flwr][INFO] - 	            (2, 0.1054),
[2024-06-20 19:07:42,169][flwr][INFO] - 	            (3, 0.2863),
[2024-06-20 19:07:42,169][flwr][INFO] - 	            (4, 0.3736),
[2024-06-20 19:07:42,169][flwr][INFO] - 	            (5, 0.4243),
[2024-06-20 19:07:42,169][flwr][INFO] - 	            (6, 0.452),
[2024-06-20 19:07:42,169][flwr][INFO] - 	            (7, 0.4728),
[2024-06-20 19:07:42,169][flwr][INFO] - 	            (8, 0.5102),
[2024-06-20 19:07:42,169][flwr][INFO] - 	            (9, 0.5292),
[2024-06-20 19:07:42,169][flwr][INFO] - 	            (10, 0.4944)]}
[2024-06-20 19:07:42,169][flwr][INFO] - 
