[2024-07-08 15:34:34,721][flwr][INFO] - Starting Flower simulation, config: num_rounds=10, no round_timeout
[2024-07-08 15:34:36,296][flwr][INFO] - Flower VCE: Ray initialized with resources: {'node:127.0.0.1': 1.0, 'CPU': 12.0, 'node:__internal_head__': 1.0, 'object_store_memory': 2147483648.0, 'memory': 10190705460.0}
[2024-07-08 15:34:36,296][flwr][INFO] - Optimize your simulation with Flower VCE: https://flower.ai/docs/framework/how-to-run-simulations.html
[2024-07-08 15:34:36,297][flwr][INFO] - Flower VCE: Resources for each Virtual Client: {'num_cpus': 2, 'num_gpus': 0}
[2024-07-08 15:34:36,307][flwr][INFO] - Flower VCE: Creating VirtualClientEngineActorPool with 6 actors
[2024-07-08 15:34:36,307][flwr][INFO] - [INIT]
[2024-07-08 15:34:36,307][flwr][INFO] - Requesting initial parameters from one random client
[2024-07-08 15:34:38,538][flwr][INFO] - Received initial parameters from one random client
[2024-07-08 15:34:38,538][flwr][INFO] - Evaluating initial global parameters
[2024-07-08 15:34:38,926][flwr][INFO] - initial parameters (loss, other metrics): 181.76928067207336, {'accuracy': 0.1086, 'precision': 0.12349967530374152, 'recall': 0.1086, 'f1': 0.03553137346181725, 'confusion_matrix': array([[   0,    8,    0,  956,    0,    1,    0,   15,    0,    0],
       [   0,  122,    0, 1013,    0,    0,    0,    0,    0,    0],
       [   0,   38,    0,  971,    0,    0,    3,   19,    1,    0],
       [   0,   44,    0,  945,    1,    1,    0,   17,    2,    0],
       [   0,  143,    0,  816,    1,    0,    2,   20,    0,    0],
       [   0,  118,    0,  735,    1,    7,    0,   30,    1,    0],
       [   0,  144,    0,  749,   25,    0,    2,   38,    0,    0],
       [   0,  272,    0,  724,    8,    0,    0,    9,   15,    0],
       [   0,   81,    0,  859,    1,    0,    1,   32,    0,    0],
       [   0,  178,    0,  799,    1,    0,    0,   31,    0,    0]])}
[2024-07-08 15:34:38,927][flwr][INFO] - 
[2024-07-08 15:34:38,927][flwr][INFO] - [ROUND 1]
[2024-07-08 15:34:38,927][flwr][INFO] - configure_fit: strategy sampled 10 clients (out of 10)
[2024-07-08 15:34:57,603][flwr][INFO] - aggregate_fit: received 10 results and 0 failures
[2024-07-08 15:34:57,613][flwr][WARNING] - No fit_metrics_aggregation_fn provided
[2024-07-08 15:34:58,331][flwr][INFO] - fit progress: (1, 117.00486218929291, {'accuracy': 0.7789, 'precision': 0.8324390992419579, 'recall': 0.7789, 'f1': 0.7623758504156603, 'confusion_matrix': array([[ 735,    2,    0,   67,    0,   64,   13,   25,    2,   72],
       [   0, 1091,    5,   19,    0,    3,    3,   13,    0,    1],
       [   3,   13,  759,  153,    9,    0,   17,   62,    1,   15],
       [   0,    4,    4,  932,    0,   22,    0,   46,    0,    2],
       [   0,    0,    1,    4,  806,    0,   25,    2,    0,  144],
       [   4,   10,    0,  200,    6,  581,   24,   38,    1,   28],
       [   5,    9,    2,   12,    8,   19,  899,    1,    0,    3],
       [   0,    5,    7,   13,    4,    0,    1,  970,    0,   28],
       [   1,   43,    4,  396,    9,   55,   55,   68,  138,  205],
       [   1,    1,    1,   16,   19,    4,    1,   88,    0,  878]])}, 19.404327292)
[2024-07-08 15:34:58,331][flwr][INFO] - configure_evaluate: no clients selected, skipping evaluation
[2024-07-08 15:34:58,331][flwr][INFO] - 
[2024-07-08 15:34:58,331][flwr][INFO] - [ROUND 2]
[2024-07-08 15:34:58,332][flwr][INFO] - configure_fit: strategy sampled 10 clients (out of 10)
[2024-07-08 15:35:14,081][flwr][INFO] - aggregate_fit: received 10 results and 0 failures
[2024-07-08 15:35:14,478][flwr][INFO] - fit progress: (2, 44.34960550069809, {'accuracy': 0.8845, 'precision': 0.8992518359685704, 'recall': 0.8845, 'f1': 0.8837093915656362, 'confusion_matrix': array([[ 920,    0,    4,   20,    4,    3,   20,    1,    7,    1],
       [   0, 1093,    7,   16,    0,    0,    2,    1,   16,    0],
       [   3,    9,  936,   42,    9,    0,    5,    8,   19,    1],
       [   0,    3,    6,  978,    2,    0,    0,    9,   10,    2],
       [   0,    0,    4,    2,  943,    0,   10,    0,    8,   15],
       [   6,    8,    5,  212,   54,  532,   11,    5,   47,   12],
       [   3,    3,    7,    3,   17,    6,  906,    2,   10,    1],
       [   0,   13,   33,   34,   21,    0,    1,  890,    2,   34],
       [   2,    3,    3,   56,   21,    1,    6,    3,  862,   17],
       [   2,    5,    0,   29,  155,    0,    2,   10,   21,  785]])}, 35.551961084)
[2024-07-08 15:35:14,478][flwr][INFO] - configure_evaluate: no clients selected, skipping evaluation
[2024-07-08 15:35:14,478][flwr][INFO] - 
[2024-07-08 15:35:14,478][flwr][INFO] - [ROUND 3]
[2024-07-08 15:35:14,478][flwr][INFO] - configure_fit: strategy sampled 10 clients (out of 10)
[2024-07-08 15:35:29,798][flwr][INFO] - aggregate_fit: received 10 results and 0 failures
[2024-07-08 15:35:30,171][flwr][INFO] - fit progress: (3, 26.884827233850956, {'accuracy': 0.938, 'precision': 0.9389119090364793, 'recall': 0.938, 'f1': 0.9380888722860131, 'confusion_matrix': array([[ 947,    0,    3,    5,    1,    2,   15,    1,    5,    1],
       [   0, 1116,    2,    4,    0,    0,    3,    0,   10,    0],
       [   5,    5,  944,   29,    7,    2,    5,   18,   16,    1],
       [   0,    1,    5,  965,    1,   10,    0,    9,   15,    4],
       [   0,    1,    7,    0,  915,    0,   11,    0,    5,   43],
       [   3,    4,    1,   48,    3,  794,   18,    0,   14,    7],
       [   4,    4,    2,    2,    7,   14,  917,    0,    7,    1],
       [   0,   10,   20,   15,    2,    1,    0,  951,    4,   25],
       [   1,    3,    3,   24,   13,    7,    8,    4,  899,   12],
       [   2,    5,    0,   13,   24,   10,    1,   12,   10,  932]])}, 51.24618925)
[2024-07-08 15:35:30,172][flwr][INFO] - configure_evaluate: no clients selected, skipping evaluation
[2024-07-08 15:35:30,172][flwr][INFO] - 
[2024-07-08 15:35:30,172][flwr][INFO] - [ROUND 4]
[2024-07-08 15:35:30,172][flwr][INFO] - configure_fit: strategy sampled 10 clients (out of 10)
[2024-07-08 15:35:44,831][flwr][INFO] - aggregate_fit: received 10 results and 0 failures
[2024-07-08 15:35:45,228][flwr][INFO] - fit progress: (4, 18.62487155944109, {'accuracy': 0.942, 'precision': 0.9427003368803022, 'recall': 0.942, 'f1': 0.9420598365457823, 'confusion_matrix': array([[ 937,    0,    2,    5,    3,    9,   16,    4,    3,    1],
       [   0, 1120,    3,    3,    0,    1,    3,    0,    5,    0],
       [   3,    4,  963,   23,    6,    1,    4,   20,    7,    1],
       [   0,    1,   11,  972,    0,    3,    0,   16,    6,    1],
       [   0,    1,    7,    0,  923,    0,    9,    1,    4,   37],
       [   1,    1,    0,   48,    7,  804,    9,    2,   12,    8],
       [   3,    4,    1,    3,    6,   20,  915,    0,    6,    0],
       [   0,    7,   18,    6,    4,    1,    0,  968,    0,   24],
       [   1,    5,    7,   26,    6,    9,   12,   11,  895,    2],
       [   2,    5,    1,   17,   29,    5,    1,   18,    8,  923]])}, 66.303434417)
[2024-07-08 15:35:45,228][flwr][INFO] - configure_evaluate: no clients selected, skipping evaluation
[2024-07-08 15:35:45,229][flwr][INFO] - 
[2024-07-08 15:35:45,229][flwr][INFO] - [ROUND 5]
[2024-07-08 15:35:45,229][flwr][INFO] - configure_fit: strategy sampled 10 clients (out of 10)
[2024-07-08 15:36:03,378][flwr][INFO] - aggregate_fit: received 10 results and 0 failures
[2024-07-08 15:36:03,784][flwr][INFO] - fit progress: (5, 15.82361739501357, {'accuracy': 0.9478, 'precision': 0.9486787635995723, 'recall': 0.9478, 'f1': 0.9478653584008371, 'confusion_matrix': array([[ 944,    0,    3,    4,    1,    6,   17,    2,    3,    0],
       [   0, 1118,    1,    3,    0,    1,    2,    0,    9,    1],
       [   4,    6,  963,   21,    4,    2,    4,   13,   14,    1],
       [   0,    0,    9,  976,    0,    1,    1,   10,   10,    3],
       [   0,    1,    6,    0,  922,    0,   18,    1,    5,   29],
       [   3,    1,    0,   45,    1,  805,   10,    1,   21,    5],
       [   5,    4,    0,    1,    2,   15,  928,    0,    3,    0],
       [   0,   11,   15,   11,    3,    0,    2,  960,    2,   24],
       [   3,    3,    2,   14,    5,    6,   11,    4,  926,    0],
       [   3,    3,    0,   18,   16,    3,    1,    7,   22,  936]])}, 84.86039812499999)
[2024-07-08 15:36:03,785][flwr][INFO] - configure_evaluate: no clients selected, skipping evaluation
[2024-07-08 15:36:03,785][flwr][INFO] - 
[2024-07-08 15:36:03,785][flwr][INFO] - [ROUND 6]
[2024-07-08 15:36:03,785][flwr][INFO] - configure_fit: strategy sampled 10 clients (out of 10)
[2024-07-08 15:36:21,995][flwr][INFO] - aggregate_fit: received 10 results and 0 failures
[2024-07-08 15:36:22,399][flwr][INFO] - fit progress: (6, 13.544951941817999, {'accuracy': 0.9526, 'precision': 0.9535859616700445, 'recall': 0.9526, 'f1': 0.9527106208772413, 'confusion_matrix': array([[ 953,    1,    1,    1,    1,    3,   10,    3,    7,    0],
       [   0, 1116,    1,    3,    0,    1,    1,    0,   13,    0],
       [   2,    4,  972,   19,    4,    1,    3,   12,   15,    0],
       [   0,    0,    7,  974,    0,    5,    0,    9,   13,    2],
       [   0,    0,    6,    0,  916,    0,   14,    1,    7,   38],
       [   1,    2,    0,   34,    2,  813,   12,    2,   23,    3],
       [   5,    4,    0,    1,    4,   17,  920,    0,    7,    0],
       [   1,    6,   15,    8,    1,    0,    1,  973,    3,   20],
       [   0,    0,    2,    8,    3,    4,    3,    4,  950,    0],
       [   2,    3,    0,   14,   10,    2,    1,    9,   29,  939]])}, 103.47527291700001)
[2024-07-08 15:36:22,399][flwr][INFO] - configure_evaluate: no clients selected, skipping evaluation
[2024-07-08 15:36:22,399][flwr][INFO] - 
[2024-07-08 15:36:22,399][flwr][INFO] - [ROUND 7]
[2024-07-08 15:36:22,399][flwr][INFO] - configure_fit: strategy sampled 10 clients (out of 10)
[2024-07-08 15:36:38,537][flwr][INFO] - aggregate_fit: received 10 results and 0 failures
[2024-07-08 15:36:38,943][flwr][INFO] - fit progress: (7, 12.243317304179072, {'accuracy': 0.9552, 'precision': 0.9556463562479836, 'recall': 0.9552, 'f1': 0.9552366042117278, 'confusion_matrix': array([[ 960,    0,    1,    1,    3,    3,    8,    1,    3,    0],
       [   0, 1117,    2,    3,    1,    1,    1,    0,   10,    0],
       [   3,    2,  991,    8,    5,    2,    1,    8,   12,    0],
       [   0,    2,   12,  956,    0,    9,    1,    9,   16,    5],
       [   0,    0,   10,    0,  934,    0,    4,    0,    7,   27],
       [   3,    0,    1,   20,    3,  837,   10,    1,   14,    3],
       [   6,    5,    1,    1,   10,   19,  914,    0,    2,    0],
       [   0,    4,   22,   10,    2,    1,    1,  979,    2,    7],
       [   3,    0,    3,    8,    3,    6,    4,    4,  943,    0],
       [   6,    3,    1,    8,   15,    4,    0,   13,   38,  921]])}, 120.020021084)
[2024-07-08 15:36:38,943][flwr][INFO] - configure_evaluate: no clients selected, skipping evaluation
[2024-07-08 15:36:38,943][flwr][INFO] - 
[2024-07-08 15:36:38,943][flwr][INFO] - [ROUND 8]
[2024-07-08 15:36:38,944][flwr][INFO] - configure_fit: strategy sampled 10 clients (out of 10)
[2024-07-08 15:36:54,425][flwr][INFO] - aggregate_fit: received 10 results and 0 failures
[2024-07-08 15:36:54,847][flwr][INFO] - fit progress: (8, 11.280250670388341, {'accuracy': 0.9568, 'precision': 0.9571652019225391, 'recall': 0.9568, 'f1': 0.9568483779133056, 'confusion_matrix': array([[ 960,    1,    1,    1,    3,    3,    8,    1,    2,    0],
       [   0, 1118,    1,    3,    1,    1,    1,    0,   10,    0],
       [   4,    3,  968,   21,    7,    2,    0,   12,   15,    0],
       [   0,    1,    7,  961,    0,   12,    1,    8,   14,    6],
       [   1,    0,    4,    0,  929,    0,   10,    1,    4,   33],
       [   2,    0,    0,   22,    2,  841,   10,    0,   12,    3],
       [   5,    3,    0,    1,   10,   12,  921,    0,    6,    0],
       [   1,    5,   16,    9,    5,    0,    0,  968,    4,   20],
       [   3,    1,    2,    8,    4,    4,    4,    2,  943,    3],
       [   5,    3,    0,    7,   11,    5,    0,    4,   15,  959]])}, 135.924537375)
[2024-07-08 15:36:54,847][flwr][INFO] - configure_evaluate: no clients selected, skipping evaluation
[2024-07-08 15:36:54,847][flwr][INFO] - 
[2024-07-08 15:36:54,847][flwr][INFO] - [ROUND 9]
[2024-07-08 15:36:54,847][flwr][INFO] - configure_fit: strategy sampled 10 clients (out of 10)
[2024-07-08 15:37:13,651][flwr][INFO] - aggregate_fit: received 10 results and 0 failures
[2024-07-08 15:37:14,065][flwr][INFO] - fit progress: (9, 10.987607946619391, {'accuracy': 0.9574, 'precision': 0.9579303591814682, 'recall': 0.9574, 'f1': 0.9574719461569045, 'confusion_matrix': array([[ 965,    1,    1,    1,    2,    3,    4,    2,    1,    0],
       [   0, 1112,    2,    3,    1,    1,    1,    0,   15,    0],
       [   4,    0,  981,   14,    5,    2,    0,   11,   14,    1],
       [   1,    1,    8,  964,    0,    5,    1,    9,   12,    9],
       [   2,    0,    6,    0,  911,    0,    6,    1,    6,   50],
       [   5,    0,    0,   23,    1,  837,    8,    0,   13,    5],
       [   7,    3,    0,    1,   13,   14,  915,    0,    5,    0],
       [   2,    4,   11,    9,    1,    0,    0,  980,    4,   17],
       [   6,    0,    2,    8,    4,    5,    4,    2,  938,    5],
       [   5,    3,    0,    6,    6,    2,    1,    5,   10,  971]])}, 155.143736875)
[2024-07-08 15:37:14,066][flwr][INFO] - configure_evaluate: no clients selected, skipping evaluation
[2024-07-08 15:37:14,066][flwr][INFO] - 
[2024-07-08 15:37:14,066][flwr][INFO] - [ROUND 10]
[2024-07-08 15:37:14,066][flwr][INFO] - configure_fit: strategy sampled 10 clients (out of 10)
[2024-07-08 15:37:29,677][flwr][INFO] - aggregate_fit: received 10 results and 0 failures
[2024-07-08 15:37:30,106][flwr][INFO] - fit progress: (10, 10.295881451573223, {'accuracy': 0.9635, 'precision': 0.963610610671828, 'recall': 0.9635, 'f1': 0.9635132714958118, 'confusion_matrix': array([[ 965,    1,    2,    1,    2,    2,    3,    2,    1,    1],
       [   0, 1118,    2,    2,    0,    1,    1,    1,   10,    0],
       [   4,    3,  981,   14,    7,    0,    1,   11,   10,    1],
       [   0,    2,    7,  963,    1,    6,    0,   13,   10,    8],
       [   1,    0,    4,    0,  943,    0,    4,    2,    4,   24],
       [   4,    0,    0,   21,    1,  851,    8,    0,    5,    2],
       [   6,    3,    0,    1,   13,   12,  919,    0,    4,    0],
       [   1,    4,   11,    3,    1,    0,    1,  989,    4,   14],
       [   5,    0,    1,    7,    5,    8,    4,    4,  933,    7],
       [   6,    3,    0,    5,    7,    4,    0,    5,    6,  973]])}, 171.185021167)
[2024-07-08 15:37:30,106][flwr][INFO] - configure_evaluate: no clients selected, skipping evaluation
[2024-07-08 15:37:30,106][flwr][INFO] - 
[2024-07-08 15:37:30,106][flwr][INFO] - [SUMMARY]
[2024-07-08 15:37:30,107][flwr][INFO] - Run finished 10 round(s) in 171.19s
[2024-07-08 15:37:30,110][flwr][INFO] - 	History (loss, centralized):
[2024-07-08 15:37:30,111][flwr][INFO] - 		round 0: 181.76928067207336
[2024-07-08 15:37:30,111][flwr][INFO] - 		round 1: 117.00486218929291
[2024-07-08 15:37:30,111][flwr][INFO] - 		round 2: 44.34960550069809
[2024-07-08 15:37:30,111][flwr][INFO] - 		round 3: 26.884827233850956
[2024-07-08 15:37:30,111][flwr][INFO] - 		round 4: 18.62487155944109
[2024-07-08 15:37:30,111][flwr][INFO] - 		round 5: 15.82361739501357
[2024-07-08 15:37:30,111][flwr][INFO] - 		round 6: 13.544951941817999
[2024-07-08 15:37:30,111][flwr][INFO] - 		round 7: 12.243317304179072
[2024-07-08 15:37:30,111][flwr][INFO] - 		round 8: 11.280250670388341
[2024-07-08 15:37:30,111][flwr][INFO] - 		round 9: 10.987607946619391
[2024-07-08 15:37:30,111][flwr][INFO] - 		round 10: 10.295881451573223
[2024-07-08 15:37:30,111][flwr][INFO] - 	History (metrics, centralized):
[2024-07-08 15:37:30,111][flwr][INFO] - 	{'accuracy': [(0, 0.1086),
[2024-07-08 15:37:30,111][flwr][INFO] - 	              (1, 0.7789),
[2024-07-08 15:37:30,111][flwr][INFO] - 	              (2, 0.8845),
[2024-07-08 15:37:30,111][flwr][INFO] - 	              (3, 0.938),
[2024-07-08 15:37:30,111][flwr][INFO] - 	              (4, 0.942),
[2024-07-08 15:37:30,111][flwr][INFO] - 	              (5, 0.9478),
[2024-07-08 15:37:30,111][flwr][INFO] - 	              (6, 0.9526),
[2024-07-08 15:37:30,111][flwr][INFO] - 	              (7, 0.9552),
[2024-07-08 15:37:30,111][flwr][INFO] - 	              (8, 0.9568),
[2024-07-08 15:37:30,111][flwr][INFO] - 	              (9, 0.9574),
[2024-07-08 15:37:30,111][flwr][INFO] - 	              (10, 0.9635)],
[2024-07-08 15:37:30,111][flwr][INFO] - 	 'confusion_matrix': [(0,
[2024-07-08 15:37:30,111][flwr][INFO] - 	                       array([[   0,    8,    0,  956,    0,    1,    0,   15,    0,    0],
[2024-07-08 15:37:30,111][flwr][INFO] - 	       [   0,  122,    0, 1013,    0,    0,    0,    0,    0,    0],
[2024-07-08 15:37:30,111][flwr][INFO] - 	       [   0,   38,    0,  971,    0,    0,    3,   19,    1,    0],
[2024-07-08 15:37:30,111][flwr][INFO] - 	       [   0,   44,    0,  945,    1,    1,    0,   17,    2,    0],
[2024-07-08 15:37:30,111][flwr][INFO] - 	       [   0,  143,    0,  816,    1,    0,    2,   20,    0,    0],
[2024-07-08 15:37:30,111][flwr][INFO] - 	       [   0,  118,    0,  735,    1,    7,    0,   30,    1,    0],
[2024-07-08 15:37:30,111][flwr][INFO] - 	       [   0,  144,    0,  749,   25,    0,    2,   38,    0,    0],
[2024-07-08 15:37:30,111][flwr][INFO] - 	       [   0,  272,    0,  724,    8,    0,    0,    9,   15,    0],
[2024-07-08 15:37:30,112][flwr][INFO] - 	       [   0,   81,    0,  859,    1,    0,    1,   32,    0,    0],
[2024-07-08 15:37:30,112][flwr][INFO] - 	       [   0,  178,    0,  799,    1,    0,    0,   31,    0,    0]])),
[2024-07-08 15:37:30,112][flwr][INFO] - 	                      (1,
[2024-07-08 15:37:30,112][flwr][INFO] - 	                       array([[ 735,    2,    0,   67,    0,   64,   13,   25,    2,   72],
[2024-07-08 15:37:30,112][flwr][INFO] - 	       [   0, 1091,    5,   19,    0,    3,    3,   13,    0,    1],
[2024-07-08 15:37:30,112][flwr][INFO] - 	       [   3,   13,  759,  153,    9,    0,   17,   62,    1,   15],
[2024-07-08 15:37:30,112][flwr][INFO] - 	       [   0,    4,    4,  932,    0,   22,    0,   46,    0,    2],
[2024-07-08 15:37:30,112][flwr][INFO] - 	       [   0,    0,    1,    4,  806,    0,   25,    2,    0,  144],
[2024-07-08 15:37:30,112][flwr][INFO] - 	       [   4,   10,    0,  200,    6,  581,   24,   38,    1,   28],
[2024-07-08 15:37:30,112][flwr][INFO] - 	       [   5,    9,    2,   12,    8,   19,  899,    1,    0,    3],
[2024-07-08 15:37:30,112][flwr][INFO] - 	       [   0,    5,    7,   13,    4,    0,    1,  970,    0,   28],
[2024-07-08 15:37:30,112][flwr][INFO] - 	       [   1,   43,    4,  396,    9,   55,   55,   68,  138,  205],
[2024-07-08 15:37:30,112][flwr][INFO] - 	       [   1,    1,    1,   16,   19,    4,    1,   88,    0,  878]])),
[2024-07-08 15:37:30,112][flwr][INFO] - 	                      (2,
[2024-07-08 15:37:30,112][flwr][INFO] - 	                       array([[ 920,    0,    4,   20,    4,    3,   20,    1,    7,    1],
[2024-07-08 15:37:30,112][flwr][INFO] - 	       [   0, 1093,    7,   16,    0,    0,    2,    1,   16,    0],
[2024-07-08 15:37:30,112][flwr][INFO] - 	       [   3,    9,  936,   42,    9,    0,    5,    8,   19,    1],
[2024-07-08 15:37:30,112][flwr][INFO] - 	       [   0,    3,    6,  978,    2,    0,    0,    9,   10,    2],
[2024-07-08 15:37:30,112][flwr][INFO] - 	       [   0,    0,    4,    2,  943,    0,   10,    0,    8,   15],
[2024-07-08 15:37:30,112][flwr][INFO] - 	       [   6,    8,    5,  212,   54,  532,   11,    5,   47,   12],
[2024-07-08 15:37:30,112][flwr][INFO] - 	       [   3,    3,    7,    3,   17,    6,  906,    2,   10,    1],
[2024-07-08 15:37:30,112][flwr][INFO] - 	       [   0,   13,   33,   34,   21,    0,    1,  890,    2,   34],
[2024-07-08 15:37:30,112][flwr][INFO] - 	       [   2,    3,    3,   56,   21,    1,    6,    3,  862,   17],
[2024-07-08 15:37:30,112][flwr][INFO] - 	       [   2,    5,    0,   29,  155,    0,    2,   10,   21,  785]])),
[2024-07-08 15:37:30,112][flwr][INFO] - 	                      (3,
[2024-07-08 15:37:30,112][flwr][INFO] - 	                       array([[ 947,    0,    3,    5,    1,    2,   15,    1,    5,    1],
[2024-07-08 15:37:30,112][flwr][INFO] - 	       [   0, 1116,    2,    4,    0,    0,    3,    0,   10,    0],
[2024-07-08 15:37:30,112][flwr][INFO] - 	       [   5,    5,  944,   29,    7,    2,    5,   18,   16,    1],
[2024-07-08 15:37:30,112][flwr][INFO] - 	       [   0,    1,    5,  965,    1,   10,    0,    9,   15,    4],
[2024-07-08 15:37:30,112][flwr][INFO] - 	       [   0,    1,    7,    0,  915,    0,   11,    0,    5,   43],
[2024-07-08 15:37:30,112][flwr][INFO] - 	       [   3,    4,    1,   48,    3,  794,   18,    0,   14,    7],
[2024-07-08 15:37:30,112][flwr][INFO] - 	       [   4,    4,    2,    2,    7,   14,  917,    0,    7,    1],
[2024-07-08 15:37:30,112][flwr][INFO] - 	       [   0,   10,   20,   15,    2,    1,    0,  951,    4,   25],
[2024-07-08 15:37:30,112][flwr][INFO] - 	       [   1,    3,    3,   24,   13,    7,    8,    4,  899,   12],
[2024-07-08 15:37:30,112][flwr][INFO] - 	       [   2,    5,    0,   13,   24,   10,    1,   12,   10,  932]])),
[2024-07-08 15:37:30,112][flwr][INFO] - 	                      (4,
[2024-07-08 15:37:30,112][flwr][INFO] - 	                       array([[ 937,    0,    2,    5,    3,    9,   16,    4,    3,    1],
[2024-07-08 15:37:30,112][flwr][INFO] - 	       [   0, 1120,    3,    3,    0,    1,    3,    0,    5,    0],
[2024-07-08 15:37:30,112][flwr][INFO] - 	       [   3,    4,  963,   23,    6,    1,    4,   20,    7,    1],
[2024-07-08 15:37:30,112][flwr][INFO] - 	       [   0,    1,   11,  972,    0,    3,    0,   16,    6,    1],
[2024-07-08 15:37:30,112][flwr][INFO] - 	       [   0,    1,    7,    0,  923,    0,    9,    1,    4,   37],
[2024-07-08 15:37:30,112][flwr][INFO] - 	       [   1,    1,    0,   48,    7,  804,    9,    2,   12,    8],
[2024-07-08 15:37:30,112][flwr][INFO] - 	       [   3,    4,    1,    3,    6,   20,  915,    0,    6,    0],
[2024-07-08 15:37:30,112][flwr][INFO] - 	       [   0,    7,   18,    6,    4,    1,    0,  968,    0,   24],
[2024-07-08 15:37:30,112][flwr][INFO] - 	       [   1,    5,    7,   26,    6,    9,   12,   11,  895,    2],
[2024-07-08 15:37:30,112][flwr][INFO] - 	       [   2,    5,    1,   17,   29,    5,    1,   18,    8,  923]])),
[2024-07-08 15:37:30,112][flwr][INFO] - 	                      (5,
[2024-07-08 15:37:30,112][flwr][INFO] - 	                       array([[ 944,    0,    3,    4,    1,    6,   17,    2,    3,    0],
[2024-07-08 15:37:30,112][flwr][INFO] - 	       [   0, 1118,    1,    3,    0,    1,    2,    0,    9,    1],
[2024-07-08 15:37:30,112][flwr][INFO] - 	       [   4,    6,  963,   21,    4,    2,    4,   13,   14,    1],
[2024-07-08 15:37:30,112][flwr][INFO] - 	       [   0,    0,    9,  976,    0,    1,    1,   10,   10,    3],
[2024-07-08 15:37:30,113][flwr][INFO] - 	       [   0,    1,    6,    0,  922,    0,   18,    1,    5,   29],
[2024-07-08 15:37:30,113][flwr][INFO] - 	       [   3,    1,    0,   45,    1,  805,   10,    1,   21,    5],
[2024-07-08 15:37:30,113][flwr][INFO] - 	       [   5,    4,    0,    1,    2,   15,  928,    0,    3,    0],
[2024-07-08 15:37:30,113][flwr][INFO] - 	       [   0,   11,   15,   11,    3,    0,    2,  960,    2,   24],
[2024-07-08 15:37:30,113][flwr][INFO] - 	       [   3,    3,    2,   14,    5,    6,   11,    4,  926,    0],
[2024-07-08 15:37:30,113][flwr][INFO] - 	       [   3,    3,    0,   18,   16,    3,    1,    7,   22,  936]])),
[2024-07-08 15:37:30,113][flwr][INFO] - 	                      (6,
[2024-07-08 15:37:30,113][flwr][INFO] - 	                       array([[ 953,    1,    1,    1,    1,    3,   10,    3,    7,    0],
[2024-07-08 15:37:30,113][flwr][INFO] - 	       [   0, 1116,    1,    3,    0,    1,    1,    0,   13,    0],
[2024-07-08 15:37:30,113][flwr][INFO] - 	       [   2,    4,  972,   19,    4,    1,    3,   12,   15,    0],
[2024-07-08 15:37:30,113][flwr][INFO] - 	       [   0,    0,    7,  974,    0,    5,    0,    9,   13,    2],
[2024-07-08 15:37:30,113][flwr][INFO] - 	       [   0,    0,    6,    0,  916,    0,   14,    1,    7,   38],
[2024-07-08 15:37:30,113][flwr][INFO] - 	       [   1,    2,    0,   34,    2,  813,   12,    2,   23,    3],
[2024-07-08 15:37:30,113][flwr][INFO] - 	       [   5,    4,    0,    1,    4,   17,  920,    0,    7,    0],
[2024-07-08 15:37:30,113][flwr][INFO] - 	       [   1,    6,   15,    8,    1,    0,    1,  973,    3,   20],
[2024-07-08 15:37:30,113][flwr][INFO] - 	       [   0,    0,    2,    8,    3,    4,    3,    4,  950,    0],
[2024-07-08 15:37:30,113][flwr][INFO] - 	       [   2,    3,    0,   14,   10,    2,    1,    9,   29,  939]])),
[2024-07-08 15:37:30,113][flwr][INFO] - 	                      (7,
[2024-07-08 15:37:30,113][flwr][INFO] - 	                       array([[ 960,    0,    1,    1,    3,    3,    8,    1,    3,    0],
[2024-07-08 15:37:30,113][flwr][INFO] - 	       [   0, 1117,    2,    3,    1,    1,    1,    0,   10,    0],
[2024-07-08 15:37:30,113][flwr][INFO] - 	       [   3,    2,  991,    8,    5,    2,    1,    8,   12,    0],
[2024-07-08 15:37:30,113][flwr][INFO] - 	       [   0,    2,   12,  956,    0,    9,    1,    9,   16,    5],
[2024-07-08 15:37:30,113][flwr][INFO] - 	       [   0,    0,   10,    0,  934,    0,    4,    0,    7,   27],
[2024-07-08 15:37:30,113][flwr][INFO] - 	       [   3,    0,    1,   20,    3,  837,   10,    1,   14,    3],
[2024-07-08 15:37:30,113][flwr][INFO] - 	       [   6,    5,    1,    1,   10,   19,  914,    0,    2,    0],
[2024-07-08 15:37:30,113][flwr][INFO] - 	       [   0,    4,   22,   10,    2,    1,    1,  979,    2,    7],
[2024-07-08 15:37:30,113][flwr][INFO] - 	       [   3,    0,    3,    8,    3,    6,    4,    4,  943,    0],
[2024-07-08 15:37:30,113][flwr][INFO] - 	       [   6,    3,    1,    8,   15,    4,    0,   13,   38,  921]])),
[2024-07-08 15:37:30,113][flwr][INFO] - 	                      (8,
[2024-07-08 15:37:30,113][flwr][INFO] - 	                       array([[ 960,    1,    1,    1,    3,    3,    8,    1,    2,    0],
[2024-07-08 15:37:30,113][flwr][INFO] - 	       [   0, 1118,    1,    3,    1,    1,    1,    0,   10,    0],
[2024-07-08 15:37:30,113][flwr][INFO] - 	       [   4,    3,  968,   21,    7,    2,    0,   12,   15,    0],
[2024-07-08 15:37:30,113][flwr][INFO] - 	       [   0,    1,    7,  961,    0,   12,    1,    8,   14,    6],
[2024-07-08 15:37:30,113][flwr][INFO] - 	       [   1,    0,    4,    0,  929,    0,   10,    1,    4,   33],
[2024-07-08 15:37:30,113][flwr][INFO] - 	       [   2,    0,    0,   22,    2,  841,   10,    0,   12,    3],
[2024-07-08 15:37:30,113][flwr][INFO] - 	       [   5,    3,    0,    1,   10,   12,  921,    0,    6,    0],
[2024-07-08 15:37:30,113][flwr][INFO] - 	       [   1,    5,   16,    9,    5,    0,    0,  968,    4,   20],
[2024-07-08 15:37:30,113][flwr][INFO] - 	       [   3,    1,    2,    8,    4,    4,    4,    2,  943,    3],
[2024-07-08 15:37:30,113][flwr][INFO] - 	       [   5,    3,    0,    7,   11,    5,    0,    4,   15,  959]])),
[2024-07-08 15:37:30,113][flwr][INFO] - 	                      (9,
[2024-07-08 15:37:30,113][flwr][INFO] - 	                       array([[ 965,    1,    1,    1,    2,    3,    4,    2,    1,    0],
[2024-07-08 15:37:30,113][flwr][INFO] - 	       [   0, 1112,    2,    3,    1,    1,    1,    0,   15,    0],
[2024-07-08 15:37:30,113][flwr][INFO] - 	       [   4,    0,  981,   14,    5,    2,    0,   11,   14,    1],
[2024-07-08 15:37:30,113][flwr][INFO] - 	       [   1,    1,    8,  964,    0,    5,    1,    9,   12,    9],
[2024-07-08 15:37:30,113][flwr][INFO] - 	       [   2,    0,    6,    0,  911,    0,    6,    1,    6,   50],
[2024-07-08 15:37:30,113][flwr][INFO] - 	       [   5,    0,    0,   23,    1,  837,    8,    0,   13,    5],
[2024-07-08 15:37:30,113][flwr][INFO] - 	       [   7,    3,    0,    1,   13,   14,  915,    0,    5,    0],
[2024-07-08 15:37:30,113][flwr][INFO] - 	       [   2,    4,   11,    9,    1,    0,    0,  980,    4,   17],
[2024-07-08 15:37:30,113][flwr][INFO] - 	       [   6,    0,    2,    8,    4,    5,    4,    2,  938,    5],
[2024-07-08 15:37:30,113][flwr][INFO] - 	       [   5,    3,    0,    6,    6,    2,    1,    5,   10,  971]])),
[2024-07-08 15:37:30,113][flwr][INFO] - 	                      (10,
[2024-07-08 15:37:30,113][flwr][INFO] - 	                       array([[ 965,    1,    2,    1,    2,    2,    3,    2,    1,    1],
[2024-07-08 15:37:30,114][flwr][INFO] - 	       [   0, 1118,    2,    2,    0,    1,    1,    1,   10,    0],
[2024-07-08 15:37:30,114][flwr][INFO] - 	       [   4,    3,  981,   14,    7,    0,    1,   11,   10,    1],
[2024-07-08 15:37:30,114][flwr][INFO] - 	       [   0,    2,    7,  963,    1,    6,    0,   13,   10,    8],
[2024-07-08 15:37:30,114][flwr][INFO] - 	       [   1,    0,    4,    0,  943,    0,    4,    2,    4,   24],
[2024-07-08 15:37:30,114][flwr][INFO] - 	       [   4,    0,    0,   21,    1,  851,    8,    0,    5,    2],
[2024-07-08 15:37:30,114][flwr][INFO] - 	       [   6,    3,    0,    1,   13,   12,  919,    0,    4,    0],
[2024-07-08 15:37:30,114][flwr][INFO] - 	       [   1,    4,   11,    3,    1,    0,    1,  989,    4,   14],
[2024-07-08 15:37:30,114][flwr][INFO] - 	       [   5,    0,    1,    7,    5,    8,    4,    4,  933,    7],
[2024-07-08 15:37:30,114][flwr][INFO] - 	       [   6,    3,    0,    5,    7,    4,    0,    5,    6,  973]]))],
[2024-07-08 15:37:30,114][flwr][INFO] - 	 'f1': [(0, 0.03553137346181725),
[2024-07-08 15:37:30,114][flwr][INFO] - 	        (1, 0.7623758504156603),
[2024-07-08 15:37:30,114][flwr][INFO] - 	        (2, 0.8837093915656362),
[2024-07-08 15:37:30,114][flwr][INFO] - 	        (3, 0.9380888722860131),
[2024-07-08 15:37:30,114][flwr][INFO] - 	        (4, 0.9420598365457823),
[2024-07-08 15:37:30,114][flwr][INFO] - 	        (5, 0.9478653584008371),
[2024-07-08 15:37:30,114][flwr][INFO] - 	        (6, 0.9527106208772413),
[2024-07-08 15:37:30,114][flwr][INFO] - 	        (7, 0.9552366042117278),
[2024-07-08 15:37:30,114][flwr][INFO] - 	        (8, 0.9568483779133056),
[2024-07-08 15:37:30,114][flwr][INFO] - 	        (9, 0.9574719461569045),
[2024-07-08 15:37:30,114][flwr][INFO] - 	        (10, 0.9635132714958118)],
[2024-07-08 15:37:30,114][flwr][INFO] - 	 'precision': [(0, 0.12349967530374152),
[2024-07-08 15:37:30,114][flwr][INFO] - 	               (1, 0.8324390992419579),
[2024-07-08 15:37:30,114][flwr][INFO] - 	               (2, 0.8992518359685704),
[2024-07-08 15:37:30,114][flwr][INFO] - 	               (3, 0.9389119090364793),
[2024-07-08 15:37:30,114][flwr][INFO] - 	               (4, 0.9427003368803022),
[2024-07-08 15:37:30,114][flwr][INFO] - 	               (5, 0.9486787635995723),
[2024-07-08 15:37:30,114][flwr][INFO] - 	               (6, 0.9535859616700445),
[2024-07-08 15:37:30,114][flwr][INFO] - 	               (7, 0.9556463562479836),
[2024-07-08 15:37:30,114][flwr][INFO] - 	               (8, 0.9571652019225391),
[2024-07-08 15:37:30,114][flwr][INFO] - 	               (9, 0.9579303591814682),
[2024-07-08 15:37:30,114][flwr][INFO] - 	               (10, 0.963610610671828)],
[2024-07-08 15:37:30,114][flwr][INFO] - 	 'recall': [(0, 0.1086),
[2024-07-08 15:37:30,114][flwr][INFO] - 	            (1, 0.7789),
[2024-07-08 15:37:30,114][flwr][INFO] - 	            (2, 0.8845),
[2024-07-08 15:37:30,114][flwr][INFO] - 	            (3, 0.938),
[2024-07-08 15:37:30,114][flwr][INFO] - 	            (4, 0.942),
[2024-07-08 15:37:30,114][flwr][INFO] - 	            (5, 0.9478),
[2024-07-08 15:37:30,114][flwr][INFO] - 	            (6, 0.9526),
[2024-07-08 15:37:30,114][flwr][INFO] - 	            (7, 0.9552),
[2024-07-08 15:37:30,114][flwr][INFO] - 	            (8, 0.9568),
[2024-07-08 15:37:30,114][flwr][INFO] - 	            (9, 0.9574),
[2024-07-08 15:37:30,114][flwr][INFO] - 	            (10, 0.9635)]}
[2024-07-08 15:37:30,114][flwr][INFO] - 
