[2024-06-20 20:35:05,553][flwr][INFO] - Starting Flower simulation, config: num_rounds=10, no round_timeout
[2024-06-20 20:35:07,582][flwr][INFO] - Flower VCE: Ray initialized with resources: {'memory': 9446273844.0, 'CPU': 12.0, 'node:127.0.0.1': 1.0, 'object_store_memory': 2147483648.0, 'node:__internal_head__': 1.0}
[2024-06-20 20:35:07,582][flwr][INFO] - Optimize your simulation with Flower VCE: https://flower.ai/docs/framework/how-to-run-simulations.html
[2024-06-20 20:35:07,582][flwr][INFO] - Flower VCE: Resources for each Virtual Client: {'num_cpus': 2, 'num_gpus': 0}
[2024-06-20 20:35:07,589][flwr][INFO] - Flower VCE: Creating VirtualClientEngineActorPool with 6 actors
[2024-06-20 20:35:07,590][flwr][INFO] - [INIT]
[2024-06-20 20:35:07,590][flwr][INFO] - Requesting initial parameters from one random client
[2024-06-20 20:35:09,512][flwr][INFO] - Received initial parameters from one random client
[2024-06-20 20:35:09,513][flwr][INFO] - Evaluating initial global parameters
[2024-06-20 20:35:09,947][flwr][INFO] - initial parameters (loss, other metrics): 181.76928067207336, {'accuracy': 0.1086, 'precision': 0.12349967530374152, 'recall': 0.1086, 'f1': 0.03553137346181725, 'confusion_matrix': array([[   0,    8,    0,  956,    0,    1,    0,   15,    0,    0],
       [   0,  122,    0, 1013,    0,    0,    0,    0,    0,    0],
       [   0,   38,    0,  971,    0,    0,    3,   19,    1,    0],
       [   0,   44,    0,  945,    1,    1,    0,   17,    2,    0],
       [   0,  143,    0,  816,    1,    0,    2,   20,    0,    0],
       [   0,  118,    0,  735,    1,    7,    0,   30,    1,    0],
       [   0,  144,    0,  749,   25,    0,    2,   38,    0,    0],
       [   0,  272,    0,  724,    8,    0,    0,    9,   15,    0],
       [   0,   81,    0,  859,    1,    0,    1,   32,    0,    0],
       [   0,  178,    0,  799,    1,    0,    0,   31,    0,    0]])}
[2024-06-20 20:35:09,947][flwr][INFO] - 
[2024-06-20 20:35:09,947][flwr][INFO] - [ROUND 1]
[2024-06-20 20:35:09,948][flwr][INFO] - configure_fit: strategy sampled 10 clients (out of 100)
[2024-06-20 20:35:17,065][flwr][INFO] - aggregate_fit: received 10 results and 0 failures
[2024-06-20 20:35:17,075][flwr][WARNING] - No fit_metrics_aggregation_fn provided
[2024-06-20 20:35:17,524][flwr][INFO] - fit progress: (1, 382698.72705078125, {'accuracy': 0.0685, 'precision': 0.058376832255562894, 'recall': 0.0685, 'f1': 0.05207782274928212, 'confusion_matrix': array([[128, 145, 168,  78, 258,  40, 160,   0,   0,   3],
       [248,  90, 681,  48,  66,   1,   0,   1,   0,   0],
       [286, 233, 216,  31,  77,   8, 173,   3,   4,   1],
       [ 78, 141, 544,  81,  75,   8,  56,   0,   4,  23],
       [250, 243, 117, 257,  47,   9,  48,   4,   3,   4],
       [ 66, 159, 428, 136,  30,   1,  32,   2,  13,  25],
       [231, 231, 264,  66,  30,   7, 118,   1,   1,   9],
       [174, 225, 289, 159,  39,  10, 123,   1,   4,   4],
       [196, 151, 369, 132,  54,   0,  69,   1,   0,   2],
       [273, 152, 267, 168,  39,   0, 101,   0,   6,   3]])}, 7.5771697080000004)
[2024-06-20 20:35:17,525][flwr][INFO] - configure_evaluate: no clients selected, skipping evaluation
[2024-06-20 20:35:17,525][flwr][INFO] - 
[2024-06-20 20:35:17,525][flwr][INFO] - [ROUND 2]
[2024-06-20 20:35:17,526][flwr][INFO] - configure_fit: strategy sampled 10 clients (out of 100)
[2024-06-20 20:35:22,910][flwr][INFO] - aggregate_fit: received 10 results and 0 failures
[2024-06-20 20:35:23,366][flwr][INFO] - fit progress: (2, 3095997.107421875, {'accuracy': 0.2299, 'precision': 0.24535479438509056, 'recall': 0.2299, 'f1': 0.20459249896190101, 'confusion_matrix': array([[117,  89,  13, 314, 190,  26,  15,  78,  14, 124],
       [  6, 693,   1,  19,   7,  10,   0, 261,   6, 132],
       [ 75, 295,  44,  99,  49,  31, 101,  54,  47, 237],
       [ 20,  66,  15, 188,  15, 134,   7,  92,  49, 424],
       [ 48, 132,   3, 123, 176,  63,  14, 151,  34, 238],
       [  8,  73,  12, 149,   7,  53,   5,  51,  98, 436],
       [ 46, 162,  47, 103,  54,  52, 109,  60,  13, 312],
       [ 24, 144,   3,  53,  46,  27,   1, 471,  32, 227],
       [ 43, 112,  26, 164,  36,  25,   6, 150,  69, 343],
       [ 71,  82,   0,  80,  91,  55,  10, 188,  53, 379]])}, 13.418722040999999)
[2024-06-20 20:35:23,366][flwr][INFO] - configure_evaluate: no clients selected, skipping evaluation
[2024-06-20 20:35:23,366][flwr][INFO] - 
[2024-06-20 20:35:23,366][flwr][INFO] - [ROUND 3]
[2024-06-20 20:35:23,367][flwr][INFO] - configure_fit: strategy sampled 10 clients (out of 100)
[2024-06-20 20:35:28,745][flwr][INFO] - aggregate_fit: received 10 results and 0 failures
[2024-06-20 20:35:29,201][flwr][INFO] - fit progress: (3, 34986692.0625, {'accuracy': 0.2886, 'precision': 0.2902785799352181, 'recall': 0.2886, 'f1': 0.2769690079978078, 'confusion_matrix': array([[244,  39,  66, 192, 253,  26,  21,  82,  26,  31],
       [ 19, 559,  19,  37,  32,  17,   6, 367,  39,  40],
       [114, 113, 193,  87,  86,  33, 156,  99,  63,  88],
       [ 39,  41,  89, 248,  32, 220,  20, 144,  88,  89],
       [ 52,  71,  18,  88, 320,  68,  27, 179,  48, 111],
       [ 18,  42,  66, 191,  29, 119,  15,  83, 198, 131],
       [ 53,  74, 147,  90,  81,  37, 223, 114,  35, 104],
       [ 42,  62,   5,  47,  66,  23,   1, 691,  44,  47],
       [ 56,  57, 103, 178,  72,  35,  14, 196, 148, 115],
       [115,  47,  21,  50, 171,  57,  15, 298,  94, 141]])}, 19.254233291)
[2024-06-20 20:35:29,202][flwr][INFO] - configure_evaluate: no clients selected, skipping evaluation
[2024-06-20 20:35:29,202][flwr][INFO] - 
[2024-06-20 20:35:29,202][flwr][INFO] - [ROUND 4]
[2024-06-20 20:35:29,202][flwr][INFO] - configure_fit: strategy sampled 10 clients (out of 100)
[2024-06-20 20:35:34,662][flwr][INFO] - aggregate_fit: received 10 results and 0 failures
[2024-06-20 20:35:35,128][flwr][INFO] - fit progress: (4, 464297031.25, {'accuracy': 0.3139, 'precision': 0.3129966347637993, 'recall': 0.3139, 'f1': 0.3091276898356245, 'confusion_matrix': array([[318,  24,  41, 188, 219,  53,  30,  55,  36,  16],
       [ 10, 665,  18,  31,  23,  21,  28, 191,  95,  53],
       [132,  73, 159,  94,  79,  38, 229,  66,  96,  66],
       [ 62,  40,  66, 249,  29, 251,  35,  93, 117,  68],
       [ 55,  57,  19, 110, 293,  92,  56, 111,  82, 107],
       [ 22,  37,  57, 186,  22, 147,  32,  45, 244, 100],
       [ 58,  44, 113,  58,  75,  50, 354,  89,  54,  63],
       [ 47,  57,   7,  61,  85,  40,   4, 579,  70,  78],
       [ 71,  59,  82, 177,  74,  59,  35,  99, 223,  95],
       [106,  43,  19,  61, 175,  67,  50, 160, 176, 152]])}, 25.180924166)
[2024-06-20 20:35:35,128][flwr][INFO] - configure_evaluate: no clients selected, skipping evaluation
[2024-06-20 20:35:35,128][flwr][INFO] - 
[2024-06-20 20:35:35,128][flwr][INFO] - [ROUND 5]
[2024-06-20 20:35:35,129][flwr][INFO] - configure_fit: strategy sampled 10 clients (out of 100)
[2024-06-20 20:35:40,317][flwr][INFO] - aggregate_fit: received 10 results and 0 failures
[2024-06-20 20:35:40,768][flwr][INFO] - fit progress: (5, 6289109232.0, {'accuracy': 0.3315, 'precision': 0.3223766565655079, 'recall': 0.3315, 'f1': 0.32554866652390796, 'confusion_matrix': array([[345,  25,  63, 179, 199,  43,  39,  39,  33,  15],
       [ 10, 785,  28,  24,  19,  16,  39,  67,  98,  49],
       [113,  80, 232,  70,  48,  32, 257,  47,  88,  65],
       [ 63,  53, 111, 213,  23, 257,  44,  78, 101,  67],
       [ 55,  70,  32, 126, 274,  83,  66, 103,  78,  95],
       [ 29,  40,  91, 154,  19, 149,  48,  36, 226, 100],
       [ 49,  42, 145,  57,  38,  35, 431,  73,  45,  43],
       [ 42,  96,  20,  59,  78,  46,  11, 519,  68,  89],
       [ 79,  50, 135, 158,  43,  56,  71,  56, 228,  98],
       [106,  54,  52,  85, 149,  76,  72, 132, 144, 139]])}, 30.821255333)
[2024-06-20 20:35:40,768][flwr][INFO] - configure_evaluate: no clients selected, skipping evaluation
[2024-06-20 20:35:40,768][flwr][INFO] - 
[2024-06-20 20:35:40,768][flwr][INFO] - [ROUND 6]
[2024-06-20 20:35:40,769][flwr][INFO] - configure_fit: strategy sampled 10 clients (out of 100)
[2024-06-20 20:35:46,576][flwr][INFO] - aggregate_fit: received 10 results and 0 failures
[2024-06-20 20:35:47,037][flwr][INFO] - fit progress: (6, 90838793920.0, {'accuracy': 0.3322, 'precision': 0.3253053302907912, 'recall': 0.3322, 'f1': 0.3268057606940442, 'confusion_matrix': array([[355,  23,  75, 138, 245,  22,  32,  44,  27,  19],
       [ 10, 785,  24,  21,  16,  15,  40,  56, 127,  41],
       [104,  90, 249,  65,  56,  25, 239,  42, 102,  60],
       [ 69,  46, 113, 221,  33, 223,  40,  73, 104,  88],
       [ 55, 121,  36,  98, 289,  61,  64,  75,  76, 107],
       [ 29,  32, 100, 135,  23, 116,  44,  36, 239, 138],
       [ 42,  58, 179,  35,  49,  24, 418,  53,  50,  50],
       [ 35, 138,  29,  49, 101,  35,   5, 439,  86, 111],
       [ 70,  62, 140, 138,  54,  48,  54,  43, 254, 111],
       [ 92,  59,  58,  64, 171,  48,  63,  93, 165, 196]])}, 37.090735416)
[2024-06-20 20:35:47,038][flwr][INFO] - configure_evaluate: no clients selected, skipping evaluation
[2024-06-20 20:35:47,038][flwr][INFO] - 
[2024-06-20 20:35:47,038][flwr][INFO] - [ROUND 7]
[2024-06-20 20:35:47,038][flwr][INFO] - configure_fit: strategy sampled 10 clients (out of 100)
[2024-06-20 20:35:52,306][flwr][INFO] - aggregate_fit: received 10 results and 0 failures
[2024-06-20 20:35:52,754][flwr][INFO] - fit progress: (7, 1362453743616.0, {'accuracy': 0.3273, 'precision': 0.3221740309365341, 'recall': 0.3273, 'f1': 0.31941296338105873, 'confusion_matrix': array([[380,  26,  95, 137, 181,  19,  27,  41,  54,  20],
       [ 12, 822,   9,  17,  12,  10,  23,  38, 161,  31],
       [114, 104, 270,  46,  45,  24, 182,  37, 148,  62],
       [ 66,  58, 125, 205,  31, 207,  34,  60, 139,  85],
       [ 63, 143,  52,  98, 252,  48,  64,  78, 111,  73],
       [ 32,  37, 104, 125,  17, 102,  36,  33, 284, 122],
       [ 50,  59, 205,  44,  22,  29, 372,  63,  68,  46],
       [ 38, 175,  31,  43,  90,  27,   3, 406, 112, 103],
       [ 70,  63, 139, 111,  41,  46,  56,  38, 317,  93],
       [ 98,  82,  74,  48, 154,  22,  60,  81, 243, 147]])}, 42.807948583000005)
[2024-06-20 20:35:52,755][flwr][INFO] - configure_evaluate: no clients selected, skipping evaluation
[2024-06-20 20:35:52,755][flwr][INFO] - 
[2024-06-20 20:35:52,755][flwr][INFO] - [ROUND 8]
[2024-06-20 20:35:52,755][flwr][INFO] - configure_fit: strategy sampled 10 clients (out of 100)
[2024-06-20 20:35:58,091][flwr][INFO] - aggregate_fit: received 10 results and 0 failures
[2024-06-20 20:35:58,539][flwr][INFO] - fit progress: (8, 20356033249280.0, {'accuracy': 0.3203, 'precision': 0.32303875894373885, 'recall': 0.3203, 'f1': 0.30964544153374507, 'confusion_matrix': array([[403,  33,  67, 183, 149,  14,  19,  27,  71,  14],
       [  8, 839,   9,  14,  12,   8,  16,  24, 181,  24],
       [115, 119, 203,  73,  55,  20, 154,  29, 201,  63],
       [ 60,  76,  85, 200,  31, 208,  21,  48, 188,  93],
       [ 78, 205,  35, 121, 236,  38,  38,  59, 107,  65],
       [ 29,  48,  81, 117,  25,  89,  26,  32, 348,  97],
       [ 72,  96, 137,  71,  39,  22, 340,  49, 101,  31],
       [ 47, 179,  29,  54, 105,  16,   2, 358, 159,  79],
       [ 59,  76, 107, 132,  44,  29,  35,  28, 399,  65],
       [110,  92,  55,  48, 178,  15,  37,  52, 286, 136]])}, 48.593204416000006)
[2024-06-20 20:35:58,540][flwr][INFO] - configure_evaluate: no clients selected, skipping evaluation
[2024-06-20 20:35:58,540][flwr][INFO] - 
[2024-06-20 20:35:58,540][flwr][INFO] - [ROUND 9]
[2024-06-20 20:35:58,540][flwr][INFO] - configure_fit: strategy sampled 10 clients (out of 100)
[2024-06-20 20:36:03,960][flwr][INFO] - aggregate_fit: received 10 results and 0 failures
[2024-06-20 20:36:04,427][flwr][INFO] - fit progress: (9, 298095355363328.0, {'accuracy': 0.3262, 'precision': 0.32143937030653724, 'recall': 0.3262, 'f1': 0.3056004718106007, 'confusion_matrix': array([[398,  54,  61, 175, 134,   9,  21,  30,  80,  18],
       [  8, 945,   6,  11,   9,   2,  17,   7, 116,  14],
       [136, 144, 148,  81,  52,  20, 168,  25, 202,  56],
       [ 66, 106,  59, 256,  31, 145,  28,  45, 172, 102],
       [ 85, 239,  31, 110, 218,  29,  45,  44, 124,  57],
       [ 31,  65,  65, 136,  17,  66,  32,  30, 330, 120],
       [ 74, 116, 109,  82,  27,  10, 377,  44,  91,  28],
       [ 45, 265,  20,  41,  93,   8,   6, 324, 137,  89],
       [ 72, 103,  84, 132,  37,  24,  40,  25, 398,  59],
       [ 92, 134,  51,  50, 159,   5,  48,  53, 285, 132]])}, 54.481554041)
[2024-06-20 20:36:04,428][flwr][INFO] - configure_evaluate: no clients selected, skipping evaluation
[2024-06-20 20:36:04,428][flwr][INFO] - 
[2024-06-20 20:36:04,428][flwr][INFO] - [ROUND 10]
[2024-06-20 20:36:04,429][flwr][INFO] - configure_fit: strategy sampled 10 clients (out of 100)
[2024-06-20 20:36:09,723][flwr][INFO] - aggregate_fit: received 10 results and 0 failures
[2024-06-20 20:36:10,172][flwr][INFO] - fit progress: (10, 4489160819736576.0, {'accuracy': 0.3252, 'precision': 0.3237587625214224, 'recall': 0.3252, 'f1': 0.3038010629460187, 'confusion_matrix': array([[346,  55,  47, 237, 138,   7,  22,  38,  76,  14],
       [  5, 957,   6,  10,   5,   2,  23,   6, 110,  11],
       [128, 164, 151,  89,  53,  15, 157,  24, 200,  51],
       [ 49, 111,  67, 294,  26, 105,  27,  41, 192,  98],
       [ 52, 275,  36, 124, 215,  25,  50,  44, 115,  46],
       [ 19,  65,  87, 150,  17,  48,  29,  31, 341, 105],
       [ 59, 124, 104, 117,  26,   7, 374,  44,  78,  25],
       [ 42, 270,  24,  45,  89,   5,   5, 352, 121,  75],
       [ 55, 106, 111, 155,  28,  15,  38,  22, 388,  56],
       [ 56, 152,  56,  67, 151,   6,  53,  53, 288, 127]])}, 60.225950000000005)
[2024-06-20 20:36:10,172][flwr][INFO] - configure_evaluate: no clients selected, skipping evaluation
[2024-06-20 20:36:10,173][flwr][INFO] - 
[2024-06-20 20:36:10,173][flwr][INFO] - [SUMMARY]
[2024-06-20 20:36:10,173][flwr][INFO] - Run finished 10 round(s) in 60.23s
[2024-06-20 20:36:10,177][flwr][INFO] - 	History (loss, centralized):
[2024-06-20 20:36:10,178][flwr][INFO] - 		round 0: 181.76928067207336
[2024-06-20 20:36:10,178][flwr][INFO] - 		round 1: 382698.72705078125
[2024-06-20 20:36:10,178][flwr][INFO] - 		round 2: 3095997.107421875
[2024-06-20 20:36:10,178][flwr][INFO] - 		round 3: 34986692.0625
[2024-06-20 20:36:10,178][flwr][INFO] - 		round 4: 464297031.25
[2024-06-20 20:36:10,178][flwr][INFO] - 		round 5: 6289109232.0
[2024-06-20 20:36:10,178][flwr][INFO] - 		round 6: 90838793920.0
[2024-06-20 20:36:10,178][flwr][INFO] - 		round 7: 1362453743616.0
[2024-06-20 20:36:10,178][flwr][INFO] - 		round 8: 20356033249280.0
[2024-06-20 20:36:10,178][flwr][INFO] - 		round 9: 298095355363328.0
[2024-06-20 20:36:10,178][flwr][INFO] - 		round 10: 4489160819736576.0
[2024-06-20 20:36:10,178][flwr][INFO] - 	History (metrics, centralized):
[2024-06-20 20:36:10,178][flwr][INFO] - 	{'accuracy': [(0, 0.1086),
[2024-06-20 20:36:10,179][flwr][INFO] - 	              (1, 0.0685),
[2024-06-20 20:36:10,179][flwr][INFO] - 	              (2, 0.2299),
[2024-06-20 20:36:10,179][flwr][INFO] - 	              (3, 0.2886),
[2024-06-20 20:36:10,179][flwr][INFO] - 	              (4, 0.3139),
[2024-06-20 20:36:10,179][flwr][INFO] - 	              (5, 0.3315),
[2024-06-20 20:36:10,179][flwr][INFO] - 	              (6, 0.3322),
[2024-06-20 20:36:10,179][flwr][INFO] - 	              (7, 0.3273),
[2024-06-20 20:36:10,179][flwr][INFO] - 	              (8, 0.3203),
[2024-06-20 20:36:10,179][flwr][INFO] - 	              (9, 0.3262),
[2024-06-20 20:36:10,179][flwr][INFO] - 	              (10, 0.3252)],
[2024-06-20 20:36:10,179][flwr][INFO] - 	 'confusion_matrix': [(0,
[2024-06-20 20:36:10,179][flwr][INFO] - 	                       array([[   0,    8,    0,  956,    0,    1,    0,   15,    0,    0],
[2024-06-20 20:36:10,179][flwr][INFO] - 	       [   0,  122,    0, 1013,    0,    0,    0,    0,    0,    0],
[2024-06-20 20:36:10,179][flwr][INFO] - 	       [   0,   38,    0,  971,    0,    0,    3,   19,    1,    0],
[2024-06-20 20:36:10,179][flwr][INFO] - 	       [   0,   44,    0,  945,    1,    1,    0,   17,    2,    0],
[2024-06-20 20:36:10,179][flwr][INFO] - 	       [   0,  143,    0,  816,    1,    0,    2,   20,    0,    0],
[2024-06-20 20:36:10,179][flwr][INFO] - 	       [   0,  118,    0,  735,    1,    7,    0,   30,    1,    0],
[2024-06-20 20:36:10,179][flwr][INFO] - 	       [   0,  144,    0,  749,   25,    0,    2,   38,    0,    0],
[2024-06-20 20:36:10,179][flwr][INFO] - 	       [   0,  272,    0,  724,    8,    0,    0,    9,   15,    0],
[2024-06-20 20:36:10,179][flwr][INFO] - 	       [   0,   81,    0,  859,    1,    0,    1,   32,    0,    0],
[2024-06-20 20:36:10,179][flwr][INFO] - 	       [   0,  178,    0,  799,    1,    0,    0,   31,    0,    0]])),
[2024-06-20 20:36:10,179][flwr][INFO] - 	                      (1,
[2024-06-20 20:36:10,179][flwr][INFO] - 	                       array([[128, 145, 168,  78, 258,  40, 160,   0,   0,   3],
[2024-06-20 20:36:10,179][flwr][INFO] - 	       [248,  90, 681,  48,  66,   1,   0,   1,   0,   0],
[2024-06-20 20:36:10,179][flwr][INFO] - 	       [286, 233, 216,  31,  77,   8, 173,   3,   4,   1],
[2024-06-20 20:36:10,179][flwr][INFO] - 	       [ 78, 141, 544,  81,  75,   8,  56,   0,   4,  23],
[2024-06-20 20:36:10,179][flwr][INFO] - 	       [250, 243, 117, 257,  47,   9,  48,   4,   3,   4],
[2024-06-20 20:36:10,179][flwr][INFO] - 	       [ 66, 159, 428, 136,  30,   1,  32,   2,  13,  25],
[2024-06-20 20:36:10,179][flwr][INFO] - 	       [231, 231, 264,  66,  30,   7, 118,   1,   1,   9],
[2024-06-20 20:36:10,179][flwr][INFO] - 	       [174, 225, 289, 159,  39,  10, 123,   1,   4,   4],
[2024-06-20 20:36:10,179][flwr][INFO] - 	       [196, 151, 369, 132,  54,   0,  69,   1,   0,   2],
[2024-06-20 20:36:10,179][flwr][INFO] - 	       [273, 152, 267, 168,  39,   0, 101,   0,   6,   3]])),
[2024-06-20 20:36:10,179][flwr][INFO] - 	                      (2,
[2024-06-20 20:36:10,179][flwr][INFO] - 	                       array([[117,  89,  13, 314, 190,  26,  15,  78,  14, 124],
[2024-06-20 20:36:10,179][flwr][INFO] - 	       [  6, 693,   1,  19,   7,  10,   0, 261,   6, 132],
[2024-06-20 20:36:10,179][flwr][INFO] - 	       [ 75, 295,  44,  99,  49,  31, 101,  54,  47, 237],
[2024-06-20 20:36:10,179][flwr][INFO] - 	       [ 20,  66,  15, 188,  15, 134,   7,  92,  49, 424],
[2024-06-20 20:36:10,179][flwr][INFO] - 	       [ 48, 132,   3, 123, 176,  63,  14, 151,  34, 238],
[2024-06-20 20:36:10,179][flwr][INFO] - 	       [  8,  73,  12, 149,   7,  53,   5,  51,  98, 436],
[2024-06-20 20:36:10,179][flwr][INFO] - 	       [ 46, 162,  47, 103,  54,  52, 109,  60,  13, 312],
[2024-06-20 20:36:10,179][flwr][INFO] - 	       [ 24, 144,   3,  53,  46,  27,   1, 471,  32, 227],
[2024-06-20 20:36:10,180][flwr][INFO] - 	       [ 43, 112,  26, 164,  36,  25,   6, 150,  69, 343],
[2024-06-20 20:36:10,180][flwr][INFO] - 	       [ 71,  82,   0,  80,  91,  55,  10, 188,  53, 379]])),
[2024-06-20 20:36:10,180][flwr][INFO] - 	                      (3,
[2024-06-20 20:36:10,180][flwr][INFO] - 	                       array([[244,  39,  66, 192, 253,  26,  21,  82,  26,  31],
[2024-06-20 20:36:10,180][flwr][INFO] - 	       [ 19, 559,  19,  37,  32,  17,   6, 367,  39,  40],
[2024-06-20 20:36:10,180][flwr][INFO] - 	       [114, 113, 193,  87,  86,  33, 156,  99,  63,  88],
[2024-06-20 20:36:10,180][flwr][INFO] - 	       [ 39,  41,  89, 248,  32, 220,  20, 144,  88,  89],
[2024-06-20 20:36:10,180][flwr][INFO] - 	       [ 52,  71,  18,  88, 320,  68,  27, 179,  48, 111],
[2024-06-20 20:36:10,180][flwr][INFO] - 	       [ 18,  42,  66, 191,  29, 119,  15,  83, 198, 131],
[2024-06-20 20:36:10,180][flwr][INFO] - 	       [ 53,  74, 147,  90,  81,  37, 223, 114,  35, 104],
[2024-06-20 20:36:10,180][flwr][INFO] - 	       [ 42,  62,   5,  47,  66,  23,   1, 691,  44,  47],
[2024-06-20 20:36:10,180][flwr][INFO] - 	       [ 56,  57, 103, 178,  72,  35,  14, 196, 148, 115],
[2024-06-20 20:36:10,180][flwr][INFO] - 	       [115,  47,  21,  50, 171,  57,  15, 298,  94, 141]])),
[2024-06-20 20:36:10,180][flwr][INFO] - 	                      (4,
[2024-06-20 20:36:10,180][flwr][INFO] - 	                       array([[318,  24,  41, 188, 219,  53,  30,  55,  36,  16],
[2024-06-20 20:36:10,180][flwr][INFO] - 	       [ 10, 665,  18,  31,  23,  21,  28, 191,  95,  53],
[2024-06-20 20:36:10,180][flwr][INFO] - 	       [132,  73, 159,  94,  79,  38, 229,  66,  96,  66],
[2024-06-20 20:36:10,180][flwr][INFO] - 	       [ 62,  40,  66, 249,  29, 251,  35,  93, 117,  68],
[2024-06-20 20:36:10,180][flwr][INFO] - 	       [ 55,  57,  19, 110, 293,  92,  56, 111,  82, 107],
[2024-06-20 20:36:10,180][flwr][INFO] - 	       [ 22,  37,  57, 186,  22, 147,  32,  45, 244, 100],
[2024-06-20 20:36:10,180][flwr][INFO] - 	       [ 58,  44, 113,  58,  75,  50, 354,  89,  54,  63],
[2024-06-20 20:36:10,180][flwr][INFO] - 	       [ 47,  57,   7,  61,  85,  40,   4, 579,  70,  78],
[2024-06-20 20:36:10,180][flwr][INFO] - 	       [ 71,  59,  82, 177,  74,  59,  35,  99, 223,  95],
[2024-06-20 20:36:10,180][flwr][INFO] - 	       [106,  43,  19,  61, 175,  67,  50, 160, 176, 152]])),
[2024-06-20 20:36:10,180][flwr][INFO] - 	                      (5,
[2024-06-20 20:36:10,180][flwr][INFO] - 	                       array([[345,  25,  63, 179, 199,  43,  39,  39,  33,  15],
[2024-06-20 20:36:10,180][flwr][INFO] - 	       [ 10, 785,  28,  24,  19,  16,  39,  67,  98,  49],
[2024-06-20 20:36:10,180][flwr][INFO] - 	       [113,  80, 232,  70,  48,  32, 257,  47,  88,  65],
[2024-06-20 20:36:10,180][flwr][INFO] - 	       [ 63,  53, 111, 213,  23, 257,  44,  78, 101,  67],
[2024-06-20 20:36:10,180][flwr][INFO] - 	       [ 55,  70,  32, 126, 274,  83,  66, 103,  78,  95],
[2024-06-20 20:36:10,180][flwr][INFO] - 	       [ 29,  40,  91, 154,  19, 149,  48,  36, 226, 100],
[2024-06-20 20:36:10,180][flwr][INFO] - 	       [ 49,  42, 145,  57,  38,  35, 431,  73,  45,  43],
[2024-06-20 20:36:10,180][flwr][INFO] - 	       [ 42,  96,  20,  59,  78,  46,  11, 519,  68,  89],
[2024-06-20 20:36:10,180][flwr][INFO] - 	       [ 79,  50, 135, 158,  43,  56,  71,  56, 228,  98],
[2024-06-20 20:36:10,180][flwr][INFO] - 	       [106,  54,  52,  85, 149,  76,  72, 132, 144, 139]])),
[2024-06-20 20:36:10,180][flwr][INFO] - 	                      (6,
[2024-06-20 20:36:10,180][flwr][INFO] - 	                       array([[355,  23,  75, 138, 245,  22,  32,  44,  27,  19],
[2024-06-20 20:36:10,180][flwr][INFO] - 	       [ 10, 785,  24,  21,  16,  15,  40,  56, 127,  41],
[2024-06-20 20:36:10,180][flwr][INFO] - 	       [104,  90, 249,  65,  56,  25, 239,  42, 102,  60],
[2024-06-20 20:36:10,180][flwr][INFO] - 	       [ 69,  46, 113, 221,  33, 223,  40,  73, 104,  88],
[2024-06-20 20:36:10,180][flwr][INFO] - 	       [ 55, 121,  36,  98, 289,  61,  64,  75,  76, 107],
[2024-06-20 20:36:10,180][flwr][INFO] - 	       [ 29,  32, 100, 135,  23, 116,  44,  36, 239, 138],
[2024-06-20 20:36:10,181][flwr][INFO] - 	       [ 42,  58, 179,  35,  49,  24, 418,  53,  50,  50],
[2024-06-20 20:36:10,181][flwr][INFO] - 	       [ 35, 138,  29,  49, 101,  35,   5, 439,  86, 111],
[2024-06-20 20:36:10,181][flwr][INFO] - 	       [ 70,  62, 140, 138,  54,  48,  54,  43, 254, 111],
[2024-06-20 20:36:10,181][flwr][INFO] - 	       [ 92,  59,  58,  64, 171,  48,  63,  93, 165, 196]])),
[2024-06-20 20:36:10,181][flwr][INFO] - 	                      (7,
[2024-06-20 20:36:10,181][flwr][INFO] - 	                       array([[380,  26,  95, 137, 181,  19,  27,  41,  54,  20],
[2024-06-20 20:36:10,181][flwr][INFO] - 	       [ 12, 822,   9,  17,  12,  10,  23,  38, 161,  31],
[2024-06-20 20:36:10,181][flwr][INFO] - 	       [114, 104, 270,  46,  45,  24, 182,  37, 148,  62],
[2024-06-20 20:36:10,181][flwr][INFO] - 	       [ 66,  58, 125, 205,  31, 207,  34,  60, 139,  85],
[2024-06-20 20:36:10,181][flwr][INFO] - 	       [ 63, 143,  52,  98, 252,  48,  64,  78, 111,  73],
[2024-06-20 20:36:10,181][flwr][INFO] - 	       [ 32,  37, 104, 125,  17, 102,  36,  33, 284, 122],
[2024-06-20 20:36:10,181][flwr][INFO] - 	       [ 50,  59, 205,  44,  22,  29, 372,  63,  68,  46],
[2024-06-20 20:36:10,181][flwr][INFO] - 	       [ 38, 175,  31,  43,  90,  27,   3, 406, 112, 103],
[2024-06-20 20:36:10,181][flwr][INFO] - 	       [ 70,  63, 139, 111,  41,  46,  56,  38, 317,  93],
[2024-06-20 20:36:10,181][flwr][INFO] - 	       [ 98,  82,  74,  48, 154,  22,  60,  81, 243, 147]])),
[2024-06-20 20:36:10,181][flwr][INFO] - 	                      (8,
[2024-06-20 20:36:10,181][flwr][INFO] - 	                       array([[403,  33,  67, 183, 149,  14,  19,  27,  71,  14],
[2024-06-20 20:36:10,181][flwr][INFO] - 	       [  8, 839,   9,  14,  12,   8,  16,  24, 181,  24],
[2024-06-20 20:36:10,181][flwr][INFO] - 	       [115, 119, 203,  73,  55,  20, 154,  29, 201,  63],
[2024-06-20 20:36:10,181][flwr][INFO] - 	       [ 60,  76,  85, 200,  31, 208,  21,  48, 188,  93],
[2024-06-20 20:36:10,181][flwr][INFO] - 	       [ 78, 205,  35, 121, 236,  38,  38,  59, 107,  65],
[2024-06-20 20:36:10,181][flwr][INFO] - 	       [ 29,  48,  81, 117,  25,  89,  26,  32, 348,  97],
[2024-06-20 20:36:10,181][flwr][INFO] - 	       [ 72,  96, 137,  71,  39,  22, 340,  49, 101,  31],
[2024-06-20 20:36:10,181][flwr][INFO] - 	       [ 47, 179,  29,  54, 105,  16,   2, 358, 159,  79],
[2024-06-20 20:36:10,181][flwr][INFO] - 	       [ 59,  76, 107, 132,  44,  29,  35,  28, 399,  65],
[2024-06-20 20:36:10,181][flwr][INFO] - 	       [110,  92,  55,  48, 178,  15,  37,  52, 286, 136]])),
[2024-06-20 20:36:10,181][flwr][INFO] - 	                      (9,
[2024-06-20 20:36:10,181][flwr][INFO] - 	                       array([[398,  54,  61, 175, 134,   9,  21,  30,  80,  18],
[2024-06-20 20:36:10,181][flwr][INFO] - 	       [  8, 945,   6,  11,   9,   2,  17,   7, 116,  14],
[2024-06-20 20:36:10,181][flwr][INFO] - 	       [136, 144, 148,  81,  52,  20, 168,  25, 202,  56],
[2024-06-20 20:36:10,181][flwr][INFO] - 	       [ 66, 106,  59, 256,  31, 145,  28,  45, 172, 102],
[2024-06-20 20:36:10,181][flwr][INFO] - 	       [ 85, 239,  31, 110, 218,  29,  45,  44, 124,  57],
[2024-06-20 20:36:10,181][flwr][INFO] - 	       [ 31,  65,  65, 136,  17,  66,  32,  30, 330, 120],
[2024-06-20 20:36:10,181][flwr][INFO] - 	       [ 74, 116, 109,  82,  27,  10, 377,  44,  91,  28],
[2024-06-20 20:36:10,181][flwr][INFO] - 	       [ 45, 265,  20,  41,  93,   8,   6, 324, 137,  89],
[2024-06-20 20:36:10,181][flwr][INFO] - 	       [ 72, 103,  84, 132,  37,  24,  40,  25, 398,  59],
[2024-06-20 20:36:10,181][flwr][INFO] - 	       [ 92, 134,  51,  50, 159,   5,  48,  53, 285, 132]])),
[2024-06-20 20:36:10,181][flwr][INFO] - 	                      (10,
[2024-06-20 20:36:10,181][flwr][INFO] - 	                       array([[346,  55,  47, 237, 138,   7,  22,  38,  76,  14],
[2024-06-20 20:36:10,181][flwr][INFO] - 	       [  5, 957,   6,  10,   5,   2,  23,   6, 110,  11],
[2024-06-20 20:36:10,181][flwr][INFO] - 	       [128, 164, 151,  89,  53,  15, 157,  24, 200,  51],
[2024-06-20 20:36:10,181][flwr][INFO] - 	       [ 49, 111,  67, 294,  26, 105,  27,  41, 192,  98],
[2024-06-20 20:36:10,182][flwr][INFO] - 	       [ 52, 275,  36, 124, 215,  25,  50,  44, 115,  46],
[2024-06-20 20:36:10,182][flwr][INFO] - 	       [ 19,  65,  87, 150,  17,  48,  29,  31, 341, 105],
[2024-06-20 20:36:10,182][flwr][INFO] - 	       [ 59, 124, 104, 117,  26,   7, 374,  44,  78,  25],
[2024-06-20 20:36:10,182][flwr][INFO] - 	       [ 42, 270,  24,  45,  89,   5,   5, 352, 121,  75],
[2024-06-20 20:36:10,182][flwr][INFO] - 	       [ 55, 106, 111, 155,  28,  15,  38,  22, 388,  56],
[2024-06-20 20:36:10,182][flwr][INFO] - 	       [ 56, 152,  56,  67, 151,   6,  53,  53, 288, 127]]))],
[2024-06-20 20:36:10,182][flwr][INFO] - 	 'f1': [(0, 0.03553137346181725),
[2024-06-20 20:36:10,182][flwr][INFO] - 	        (1, 0.05207782274928212),
[2024-06-20 20:36:10,182][flwr][INFO] - 	        (2, 0.20459249896190101),
[2024-06-20 20:36:10,182][flwr][INFO] - 	        (3, 0.2769690079978078),
[2024-06-20 20:36:10,182][flwr][INFO] - 	        (4, 0.3091276898356245),
[2024-06-20 20:36:10,182][flwr][INFO] - 	        (5, 0.32554866652390796),
[2024-06-20 20:36:10,182][flwr][INFO] - 	        (6, 0.3268057606940442),
[2024-06-20 20:36:10,182][flwr][INFO] - 	        (7, 0.31941296338105873),
[2024-06-20 20:36:10,182][flwr][INFO] - 	        (8, 0.30964544153374507),
[2024-06-20 20:36:10,182][flwr][INFO] - 	        (9, 0.3056004718106007),
[2024-06-20 20:36:10,182][flwr][INFO] - 	        (10, 0.3038010629460187)],
[2024-06-20 20:36:10,182][flwr][INFO] - 	 'precision': [(0, 0.12349967530374152),
[2024-06-20 20:36:10,182][flwr][INFO] - 	               (1, 0.058376832255562894),
[2024-06-20 20:36:10,182][flwr][INFO] - 	               (2, 0.24535479438509056),
[2024-06-20 20:36:10,182][flwr][INFO] - 	               (3, 0.2902785799352181),
[2024-06-20 20:36:10,182][flwr][INFO] - 	               (4, 0.3129966347637993),
[2024-06-20 20:36:10,182][flwr][INFO] - 	               (5, 0.3223766565655079),
[2024-06-20 20:36:10,182][flwr][INFO] - 	               (6, 0.3253053302907912),
[2024-06-20 20:36:10,182][flwr][INFO] - 	               (7, 0.3221740309365341),
[2024-06-20 20:36:10,182][flwr][INFO] - 	               (8, 0.32303875894373885),
[2024-06-20 20:36:10,182][flwr][INFO] - 	               (9, 0.32143937030653724),
[2024-06-20 20:36:10,182][flwr][INFO] - 	               (10, 0.3237587625214224)],
[2024-06-20 20:36:10,182][flwr][INFO] - 	 'recall': [(0, 0.1086),
[2024-06-20 20:36:10,182][flwr][INFO] - 	            (1, 0.0685),
[2024-06-20 20:36:10,182][flwr][INFO] - 	            (2, 0.2299),
[2024-06-20 20:36:10,182][flwr][INFO] - 	            (3, 0.2886),
[2024-06-20 20:36:10,182][flwr][INFO] - 	            (4, 0.3139),
[2024-06-20 20:36:10,182][flwr][INFO] - 	            (5, 0.3315),
[2024-06-20 20:36:10,182][flwr][INFO] - 	            (6, 0.3322),
[2024-06-20 20:36:10,182][flwr][INFO] - 	            (7, 0.3273),
[2024-06-20 20:36:10,182][flwr][INFO] - 	            (8, 0.3203),
[2024-06-20 20:36:10,182][flwr][INFO] - 	            (9, 0.3262),
[2024-06-20 20:36:10,182][flwr][INFO] - 	            (10, 0.3252)]}
[2024-06-20 20:36:10,182][flwr][INFO] - 
