[2024-06-20 20:53:01,095][flwr][INFO] - Starting Flower simulation, config: num_rounds=10, no round_timeout
[2024-06-20 20:53:02,169][flwr][INFO] - Flower VCE: Ray initialized with resources: {'node:127.0.0.1': 1.0, 'node:__internal_head__': 1.0, 'CPU': 12.0, 'object_store_memory': 2147483648.0, 'memory': 10066193613.0}
[2024-06-20 20:53:02,170][flwr][INFO] - Optimize your simulation with Flower VCE: https://flower.ai/docs/framework/how-to-run-simulations.html
[2024-06-20 20:53:02,170][flwr][INFO] - Flower VCE: Resources for each Virtual Client: {'num_cpus': 2, 'num_gpus': 0}
[2024-06-20 20:53:02,176][flwr][INFO] - Flower VCE: Creating VirtualClientEngineActorPool with 6 actors
[2024-06-20 20:53:02,177][flwr][INFO] - [INIT]
[2024-06-20 20:53:02,177][flwr][INFO] - Requesting initial parameters from one random client
[2024-06-20 20:53:04,035][flwr][INFO] - Received initial parameters from one random client
[2024-06-20 20:53:04,035][flwr][INFO] - Evaluating initial global parameters
[2024-06-20 20:53:04,468][flwr][INFO] - initial parameters (loss, other metrics): 181.76928067207336, {'accuracy': 0.1086, 'precision': 0.12349967530374152, 'recall': 0.1086, 'f1': 0.03553137346181725, 'confusion_matrix': array([[   0,    8,    0,  956,    0,    1,    0,   15,    0,    0],
       [   0,  122,    0, 1013,    0,    0,    0,    0,    0,    0],
       [   0,   38,    0,  971,    0,    0,    3,   19,    1,    0],
       [   0,   44,    0,  945,    1,    1,    0,   17,    2,    0],
       [   0,  143,    0,  816,    1,    0,    2,   20,    0,    0],
       [   0,  118,    0,  735,    1,    7,    0,   30,    1,    0],
       [   0,  144,    0,  749,   25,    0,    2,   38,    0,    0],
       [   0,  272,    0,  724,    8,    0,    0,    9,   15,    0],
       [   0,   81,    0,  859,    1,    0,    1,   32,    0,    0],
       [   0,  178,    0,  799,    1,    0,    0,   31,    0,    0]])}
[2024-06-20 20:53:04,468][flwr][INFO] - 
[2024-06-20 20:53:04,468][flwr][INFO] - [ROUND 1]
[2024-06-20 20:53:04,469][flwr][INFO] - configure_fit: strategy sampled 10 clients (out of 100)
[2024-06-20 20:53:11,362][flwr][INFO] - aggregate_fit: received 10 results and 0 failures
[2024-06-20 20:53:11,369][flwr][WARNING] - No fit_metrics_aggregation_fn provided
[2024-06-20 20:53:11,818][flwr][INFO] - fit progress: (1, 5902.211444854736, {'accuracy': 0.1305, 'precision': 0.09723859971430025, 'recall': 0.1305, 'f1': 0.09975552016564519, 'confusion_matrix': array([[ 18,   3,   0,  14,  10, 558,  99,   2,   0, 276],
       [ 18, 302,   0, 170,   0,   2,  29,   0,   0, 614],
       [ 72, 172,   0,  43,  22, 183, 241,   0,   0, 299],
       [ 36, 101,   0,  39,   0, 255, 141,   0,   0, 438],
       [224, 125,   0,  85,   7, 224, 242,   0,   0,  75],
       [ 42,  25,   0,  87,   3, 234,  61,   0,   0, 440],
       [ 39,  76,   0,  64,   7, 130, 610,   0,   0,  32],
       [255,  57,   0,  36,   6, 261,  69,   0,   0, 344],
       [163,  76,   0,  60,   4,  97, 201,   0,   0, 373],
       [353,  64,   0,  80,   2, 273, 142,   0,   0,  95]])}, 7.3501688750000005)
[2024-06-20 20:53:11,819][flwr][INFO] - configure_evaluate: no clients selected, skipping evaluation
[2024-06-20 20:53:11,819][flwr][INFO] - 
[2024-06-20 20:53:11,819][flwr][INFO] - [ROUND 2]
[2024-06-20 20:53:11,819][flwr][INFO] - configure_fit: strategy sampled 10 clients (out of 100)
[2024-06-20 20:53:17,194][flwr][INFO] - aggregate_fit: received 10 results and 0 failures
[2024-06-20 20:53:17,646][flwr][INFO] - fit progress: (2, 10937.668823242188, {'accuracy': 0.1845, 'precision': 0.23191717054402539, 'recall': 0.1845, 'f1': 0.14045415620741297, 'confusion_matrix': array([[831,   1,   0,  83,  16,   6,  19,  21,   0,   3],
       [583,   6,   0,   2,   0, 527,   0,  10,   2,   5],
       [734,   6,  21,  11,  21, 118,  41,  20,   1,  59],
       [637,  10,   2,  76,   4, 124,  67,  66,   2,  22],
       [234,  17,  17, 104,  68,  58,  23, 198,   2, 261],
       [641,   6,   2, 119,   2,  18,  26,  54,  10,  14],
       [358,   7,   2,  51,  12,  27, 167,  19,   3, 312],
       [297,   7,  36,  12,   6,  91,   1, 500,   0,  78],
       [590,   7,   6,  91,  25, 116,  44,  44,  11,  40],
       [433,   7,  10,  24,  29,  77,   4, 278,   0, 147]])}, 13.178176666000002)
[2024-06-20 20:53:17,647][flwr][INFO] - configure_evaluate: no clients selected, skipping evaluation
[2024-06-20 20:53:17,647][flwr][INFO] - 
[2024-06-20 20:53:17,647][flwr][INFO] - [ROUND 3]
[2024-06-20 20:53:17,647][flwr][INFO] - configure_fit: strategy sampled 10 clients (out of 100)
[2024-06-20 20:53:23,143][flwr][INFO] - aggregate_fit: received 10 results and 0 failures
[2024-06-20 20:53:23,595][flwr][INFO] - fit progress: (3, 13663.562828063965, {'accuracy': 0.3351, 'precision': 0.3336696846597565, 'recall': 0.3351, 'f1': 0.29297153388022773, 'confusion_matrix': array([[666,   1,   9,   4,  71,   2,  75,  67,  19,  66],
       [  3, 137,  87,   0,  43,  31,   1, 518, 259,  56],
       [103,  43, 245,   2, 237,  58,  67,  45, 147,  85],
       [356,   7,  47,  38,  72,  30,  62, 126, 139, 133],
       [ 26,  18,  33,   2, 138,   6,  65,  70,  28, 596],
       [232,  20,   9,  28,  96,   4,  40, 127, 142, 194],
       [ 16,  17,  23,   0, 108,  13, 552,  15,  40, 174],
       [ 12,  10,  79,   6,  30,   5,  14, 744,  15, 113],
       [ 42,  23,  80,   8, 170,  10,  52, 123, 356, 110],
       [ 18,  13, 136,   6,  62,   1,  25, 248,  29, 471]])}, 19.127473458)
[2024-06-20 20:53:23,596][flwr][INFO] - configure_evaluate: no clients selected, skipping evaluation
[2024-06-20 20:53:23,596][flwr][INFO] - 
[2024-06-20 20:53:23,596][flwr][INFO] - [ROUND 4]
[2024-06-20 20:53:23,597][flwr][INFO] - configure_fit: strategy sampled 10 clients (out of 100)
[2024-06-20 20:53:28,842][flwr][INFO] - aggregate_fit: received 10 results and 0 failures
[2024-06-20 20:53:29,285][flwr][INFO] - fit progress: (4, 27606.324676513672, {'accuracy': 0.3104, 'precision': 0.3669332806108453, 'recall': 0.3104, 'f1': 0.2834503251497361, 'confusion_matrix': array([[753,   1,   3,  75,  65,  16,  28,  30,   0,   9],
       [ 12, 216, 101,  21, 240, 179,  39,  52,  10, 265],
       [104,   9, 105, 117, 315, 152,  37,  66,   4, 123],
       [228,   8,   5, 395, 116,  83,  45,  73,   8,  49],
       [ 40,  13,   5,  28, 258,  28,  29, 219,   5, 357],
       [287,   2,   5, 104, 140, 113,  39,  63,  17, 122],
       [107,   4,  13,   9, 419, 103, 158,  18,  18, 109],
       [ 75,   1,  11,  63,  49,  45,  19, 641,   0, 124],
       [ 53,   3,   6, 124, 360, 116,  39, 166,  18,  89],
       [ 74,   4,   0,  55, 161,  30,  24, 212,   2, 447]])}, 24.817386125000002)
[2024-06-20 20:53:29,286][flwr][INFO] - configure_evaluate: no clients selected, skipping evaluation
[2024-06-20 20:53:29,286][flwr][INFO] - 
[2024-06-20 20:53:29,286][flwr][INFO] - [ROUND 5]
[2024-06-20 20:53:29,286][flwr][INFO] - configure_fit: strategy sampled 10 clients (out of 100)
[2024-06-20 20:53:34,621][flwr][INFO] - aggregate_fit: received 10 results and 0 failures
[2024-06-20 20:53:35,082][flwr][INFO] - fit progress: (5, 39834.02365112305, {'accuracy': 0.4084, 'precision': 0.4480707521465287, 'recall': 0.4084, 'f1': 0.4044657339674583, 'confusion_matrix': array([[436,  20,   8, 146,  58,   9,  77,  41,  12, 173],
       [  0, 828,  76,   2,  51,   5,   1,  20,  93,  59],
       [ 29,  60, 267,  77, 201,  50,  27,  29, 157, 135],
       [ 25,  34,  83, 325, 263,  41,  20,  40,  83,  96],
       [  8,  42,  29,  10, 188,   8,  14, 151,  82, 450],
       [ 43, 166,  14, 101, 106,  47,  13,  16, 185, 201],
       [ 30,  15,  29,  10, 233,  20, 359,   9,  78, 175],
       [  5,  38,  63,  30,  41,   8,   9, 595,  14, 225],
       [  2, 106,  12,  59, 112,  28,   4,  23, 421, 207],
       [  6,  41,  11,   8, 103,   8,  11, 113,  90, 618]])}, 30.614153125)
[2024-06-20 20:53:35,082][flwr][INFO] - configure_evaluate: no clients selected, skipping evaluation
[2024-06-20 20:53:35,082][flwr][INFO] - 
[2024-06-20 20:53:35,082][flwr][INFO] - [ROUND 6]
[2024-06-20 20:53:35,083][flwr][INFO] - configure_fit: strategy sampled 10 clients (out of 100)
[2024-06-20 20:53:40,637][flwr][INFO] - aggregate_fit: received 10 results and 0 failures
[2024-06-20 20:53:41,100][flwr][INFO] - fit progress: (6, 52587.61642456055, {'accuracy': 0.4773, 'precision': 0.5219361634737189, 'recall': 0.4773, 'f1': 0.48172010352206646, 'confusion_matrix': array([[675,   2,   4,  58,  12,  91,  71,  37,  18,  12],
       [  1, 717,  68,   6,   5,  86,   4,  19, 192,  37],
       [ 73,  22, 397,  33,  34, 154,  37,  45, 169,  68],
       [ 41,  38,  71, 318,  21, 229,  20,  64, 163,  45],
       [ 25,  31,  44,  25, 253, 109,   9, 143, 136, 207],
       [ 64,  37,  11,  84,  16, 363,  15,  31, 215,  56],
       [110,   8,  27,   6,  17, 183, 424,  32, 129,  22],
       [ 16,  12,  37,  12,  26,  50,   4, 802,  22,  47],
       [ 13,  29,  21,  49,  23, 232,  21,  64, 434,  88],
       [ 20,  22,  17,  12, 114,  97,   9, 237,  91, 390]])}, 36.632311041)
[2024-06-20 20:53:41,100][flwr][INFO] - configure_evaluate: no clients selected, skipping evaluation
[2024-06-20 20:53:41,100][flwr][INFO] - 
[2024-06-20 20:53:41,100][flwr][INFO] - [ROUND 7]
[2024-06-20 20:53:41,101][flwr][INFO] - configure_fit: strategy sampled 10 clients (out of 100)
[2024-06-20 20:53:46,689][flwr][INFO] - aggregate_fit: received 10 results and 0 failures
[2024-06-20 20:53:47,132][flwr][INFO] - fit progress: (7, 97166.85131835938, {'accuracy': 0.4777, 'precision': 0.4979224131733305, 'recall': 0.4777, 'f1': 0.47385638077693165, 'confusion_matrix': array([[745,   3,  10,  27,   8,  54,  59,  22,   3,  49],
       [  0, 825,  33,   3,  69,  79,   6,  15,  39,  66],
       [ 80,  48, 551,  18,  41,  85,  28,  11,  76,  94],
       [ 64,  42,  97, 268,  44, 218,  26,  36, 114, 101],
       [ 37,  83,  57,  56, 304,  52,  19,  42,  35, 297],
       [113,  48,  39,  50,  37, 351,  25,  14, 115, 100],
       [181,  16,  42,   4,  24,  78, 374,  24,  32, 183],
       [ 17,  28,  75,  30,  75,  65,   5, 616,  13, 104],
       [ 32, 102,  70,  48,  52, 122,  19,  18, 215, 296],
       [ 24,  54,  27,  16, 149,  66,  17,  82,  46, 528]])}, 42.664589291)
[2024-06-20 20:53:47,132][flwr][INFO] - configure_evaluate: no clients selected, skipping evaluation
[2024-06-20 20:53:47,132][flwr][INFO] - 
[2024-06-20 20:53:47,132][flwr][INFO] - [ROUND 8]
[2024-06-20 20:53:47,133][flwr][INFO] - configure_fit: strategy sampled 10 clients (out of 100)
[2024-06-20 20:53:52,528][flwr][INFO] - aggregate_fit: received 10 results and 0 failures
[2024-06-20 20:53:52,980][flwr][INFO] - fit progress: (8, 189103.97888183594, {'accuracy': 0.4596, 'precision': 0.5354288314512384, 'recall': 0.4596, 'f1': 0.46895479946344887, 'confusion_matrix': array([[701,   2,   5,  33,  27,  85,  51,  14,   3,  59],
       [  0, 665,   3,   4, 139, 121,   0,   0,  32, 171],
       [ 71,  49, 356,  22, 209, 108,  33,  14,  39, 131],
       [ 56,  31,  18, 347, 121, 207,  25,  15,  41, 149],
       [ 25,  20,   9,  47, 499,  64,  23,  54,  19, 222],
       [113,   9,  11,  56,  53, 426,  34,   9,  76, 105],
       [129,  10,  12,   4,  67, 122, 445,  13,   4, 152],
       [ 13,  16,  12,  17, 115,  70,   6, 612,  10, 157],
       [ 35,  31,  14,  63, 145, 194,  21,  11, 115, 345],
       [ 20,  11,   6,  18, 258, 108,  16,  96,  46, 430]])}, 48.51246325)
[2024-06-20 20:53:52,980][flwr][INFO] - configure_evaluate: no clients selected, skipping evaluation
[2024-06-20 20:53:52,980][flwr][INFO] - 
[2024-06-20 20:53:52,980][flwr][INFO] - [ROUND 9]
[2024-06-20 20:53:52,981][flwr][INFO] - configure_fit: strategy sampled 10 clients (out of 100)
[2024-06-20 20:53:58,270][flwr][INFO] - aggregate_fit: received 10 results and 0 failures
[2024-06-20 20:53:58,723][flwr][INFO] - fit progress: (9, 302562.9737548828, {'accuracy': 0.5144, 'precision': 0.5301777374806665, 'recall': 0.5144, 'f1': 0.5025866170369757, 'confusion_matrix': array([[723,   1,  17,  15,  26,  71,  55,  27,   0,  45],
       [  0, 986,  12,   8,  24,  88,   0,   0,   1,  16],
       [ 91,  94, 400,  44, 109, 126,  45,  38,  25,  60],
       [ 66,  26,  58, 462,  28, 237,  20,  13,  28,  72],
       [ 36,  43,  38,  50, 585,  70,  20,  47,   6,  87],
       [116,  23,  30,  55,  33, 471,  28,   8,  54,  74],
       [105,  30,  58,   0,  55, 123, 420,  98,   4,  65],
       [ 19,  36,  21,  35,  63, 117,   6, 644,   8,  79],
       [ 48,  70,  38, 101, 155, 220,  31,  15,  94, 202],
       [ 22,  27,  14,  35, 266, 158,  22,  90,  16, 359]])}, 54.256039416)
[2024-06-20 20:53:58,724][flwr][INFO] - configure_evaluate: no clients selected, skipping evaluation
[2024-06-20 20:53:58,724][flwr][INFO] - 
[2024-06-20 20:53:58,724][flwr][INFO] - [ROUND 10]
[2024-06-20 20:53:58,724][flwr][INFO] - configure_fit: strategy sampled 10 clients (out of 100)
[2024-06-20 20:54:04,059][flwr][INFO] - aggregate_fit: received 10 results and 0 failures
[2024-06-20 20:54:04,517][flwr][INFO] - fit progress: (10, 557899.3210449219, {'accuracy': 0.4593, 'precision': 0.4814988728505793, 'recall': 0.4593, 'f1': 0.45578248238758934, 'confusion_matrix': array([[677,   2,  16,  32,  18,  90,  96,  19,   2,  28],
       [  0, 531,  38, 131,  19, 306,   0,  11,   1,  98],
       [ 51,  95, 435,  67,  79, 123,  90,  30,  15,  47],
       [ 30,  12, 106, 570,  24, 153,  14,  10,  26,  65],
       [ 26,  27,  79,  35, 576,  70,  28,  61,   6,  74],
       [ 60,   7,  45, 138,  44, 413,  37,  12,  90,  46],
       [ 84,  12, 116,   2,  29, 122, 465,  75,   4,  49],
       [ 20,  31,  52,  51,  73, 111,   7, 540,   9, 134],
       [ 26,  52,  83, 184, 153, 204,  43,  17,  89, 123],
       [ 28,  18,  57,  39, 268, 172,  20,  86,  24, 297]])}, 60.049785833)
[2024-06-20 20:54:04,517][flwr][INFO] - configure_evaluate: no clients selected, skipping evaluation
[2024-06-20 20:54:04,517][flwr][INFO] - 
[2024-06-20 20:54:04,517][flwr][INFO] - [SUMMARY]
[2024-06-20 20:54:04,518][flwr][INFO] - Run finished 10 round(s) in 60.05s
[2024-06-20 20:54:04,522][flwr][INFO] - 	History (loss, centralized):
[2024-06-20 20:54:04,523][flwr][INFO] - 		round 0: 181.76928067207336
[2024-06-20 20:54:04,523][flwr][INFO] - 		round 1: 5902.211444854736
[2024-06-20 20:54:04,523][flwr][INFO] - 		round 2: 10937.668823242188
[2024-06-20 20:54:04,523][flwr][INFO] - 		round 3: 13663.562828063965
[2024-06-20 20:54:04,523][flwr][INFO] - 		round 4: 27606.324676513672
[2024-06-20 20:54:04,523][flwr][INFO] - 		round 5: 39834.02365112305
[2024-06-20 20:54:04,523][flwr][INFO] - 		round 6: 52587.61642456055
[2024-06-20 20:54:04,523][flwr][INFO] - 		round 7: 97166.85131835938
[2024-06-20 20:54:04,523][flwr][INFO] - 		round 8: 189103.97888183594
[2024-06-20 20:54:04,523][flwr][INFO] - 		round 9: 302562.9737548828
[2024-06-20 20:54:04,523][flwr][INFO] - 		round 10: 557899.3210449219
[2024-06-20 20:54:04,523][flwr][INFO] - 	History (metrics, centralized):
[2024-06-20 20:54:04,523][flwr][INFO] - 	{'accuracy': [(0, 0.1086),
[2024-06-20 20:54:04,523][flwr][INFO] - 	              (1, 0.1305),
[2024-06-20 20:54:04,523][flwr][INFO] - 	              (2, 0.1845),
[2024-06-20 20:54:04,523][flwr][INFO] - 	              (3, 0.3351),
[2024-06-20 20:54:04,523][flwr][INFO] - 	              (4, 0.3104),
[2024-06-20 20:54:04,523][flwr][INFO] - 	              (5, 0.4084),
[2024-06-20 20:54:04,523][flwr][INFO] - 	              (6, 0.4773),
[2024-06-20 20:54:04,523][flwr][INFO] - 	              (7, 0.4777),
[2024-06-20 20:54:04,523][flwr][INFO] - 	              (8, 0.4596),
[2024-06-20 20:54:04,523][flwr][INFO] - 	              (9, 0.5144),
[2024-06-20 20:54:04,523][flwr][INFO] - 	              (10, 0.4593)],
[2024-06-20 20:54:04,523][flwr][INFO] - 	 'confusion_matrix': [(0,
[2024-06-20 20:54:04,523][flwr][INFO] - 	                       array([[   0,    8,    0,  956,    0,    1,    0,   15,    0,    0],
[2024-06-20 20:54:04,523][flwr][INFO] - 	       [   0,  122,    0, 1013,    0,    0,    0,    0,    0,    0],
[2024-06-20 20:54:04,523][flwr][INFO] - 	       [   0,   38,    0,  971,    0,    0,    3,   19,    1,    0],
[2024-06-20 20:54:04,523][flwr][INFO] - 	       [   0,   44,    0,  945,    1,    1,    0,   17,    2,    0],
[2024-06-20 20:54:04,523][flwr][INFO] - 	       [   0,  143,    0,  816,    1,    0,    2,   20,    0,    0],
[2024-06-20 20:54:04,523][flwr][INFO] - 	       [   0,  118,    0,  735,    1,    7,    0,   30,    1,    0],
[2024-06-20 20:54:04,523][flwr][INFO] - 	       [   0,  144,    0,  749,   25,    0,    2,   38,    0,    0],
[2024-06-20 20:54:04,523][flwr][INFO] - 	       [   0,  272,    0,  724,    8,    0,    0,    9,   15,    0],
[2024-06-20 20:54:04,523][flwr][INFO] - 	       [   0,   81,    0,  859,    1,    0,    1,   32,    0,    0],
[2024-06-20 20:54:04,523][flwr][INFO] - 	       [   0,  178,    0,  799,    1,    0,    0,   31,    0,    0]])),
[2024-06-20 20:54:04,523][flwr][INFO] - 	                      (1,
[2024-06-20 20:54:04,524][flwr][INFO] - 	                       array([[ 18,   3,   0,  14,  10, 558,  99,   2,   0, 276],
[2024-06-20 20:54:04,524][flwr][INFO] - 	       [ 18, 302,   0, 170,   0,   2,  29,   0,   0, 614],
[2024-06-20 20:54:04,524][flwr][INFO] - 	       [ 72, 172,   0,  43,  22, 183, 241,   0,   0, 299],
[2024-06-20 20:54:04,524][flwr][INFO] - 	       [ 36, 101,   0,  39,   0, 255, 141,   0,   0, 438],
[2024-06-20 20:54:04,524][flwr][INFO] - 	       [224, 125,   0,  85,   7, 224, 242,   0,   0,  75],
[2024-06-20 20:54:04,524][flwr][INFO] - 	       [ 42,  25,   0,  87,   3, 234,  61,   0,   0, 440],
[2024-06-20 20:54:04,524][flwr][INFO] - 	       [ 39,  76,   0,  64,   7, 130, 610,   0,   0,  32],
[2024-06-20 20:54:04,524][flwr][INFO] - 	       [255,  57,   0,  36,   6, 261,  69,   0,   0, 344],
[2024-06-20 20:54:04,524][flwr][INFO] - 	       [163,  76,   0,  60,   4,  97, 201,   0,   0, 373],
[2024-06-20 20:54:04,524][flwr][INFO] - 	       [353,  64,   0,  80,   2, 273, 142,   0,   0,  95]])),
[2024-06-20 20:54:04,524][flwr][INFO] - 	                      (2,
[2024-06-20 20:54:04,524][flwr][INFO] - 	                       array([[831,   1,   0,  83,  16,   6,  19,  21,   0,   3],
[2024-06-20 20:54:04,524][flwr][INFO] - 	       [583,   6,   0,   2,   0, 527,   0,  10,   2,   5],
[2024-06-20 20:54:04,524][flwr][INFO] - 	       [734,   6,  21,  11,  21, 118,  41,  20,   1,  59],
[2024-06-20 20:54:04,524][flwr][INFO] - 	       [637,  10,   2,  76,   4, 124,  67,  66,   2,  22],
[2024-06-20 20:54:04,524][flwr][INFO] - 	       [234,  17,  17, 104,  68,  58,  23, 198,   2, 261],
[2024-06-20 20:54:04,524][flwr][INFO] - 	       [641,   6,   2, 119,   2,  18,  26,  54,  10,  14],
[2024-06-20 20:54:04,524][flwr][INFO] - 	       [358,   7,   2,  51,  12,  27, 167,  19,   3, 312],
[2024-06-20 20:54:04,524][flwr][INFO] - 	       [297,   7,  36,  12,   6,  91,   1, 500,   0,  78],
[2024-06-20 20:54:04,524][flwr][INFO] - 	       [590,   7,   6,  91,  25, 116,  44,  44,  11,  40],
[2024-06-20 20:54:04,524][flwr][INFO] - 	       [433,   7,  10,  24,  29,  77,   4, 278,   0, 147]])),
[2024-06-20 20:54:04,524][flwr][INFO] - 	                      (3,
[2024-06-20 20:54:04,524][flwr][INFO] - 	                       array([[666,   1,   9,   4,  71,   2,  75,  67,  19,  66],
[2024-06-20 20:54:04,524][flwr][INFO] - 	       [  3, 137,  87,   0,  43,  31,   1, 518, 259,  56],
[2024-06-20 20:54:04,524][flwr][INFO] - 	       [103,  43, 245,   2, 237,  58,  67,  45, 147,  85],
[2024-06-20 20:54:04,524][flwr][INFO] - 	       [356,   7,  47,  38,  72,  30,  62, 126, 139, 133],
[2024-06-20 20:54:04,524][flwr][INFO] - 	       [ 26,  18,  33,   2, 138,   6,  65,  70,  28, 596],
[2024-06-20 20:54:04,524][flwr][INFO] - 	       [232,  20,   9,  28,  96,   4,  40, 127, 142, 194],
[2024-06-20 20:54:04,524][flwr][INFO] - 	       [ 16,  17,  23,   0, 108,  13, 552,  15,  40, 174],
[2024-06-20 20:54:04,524][flwr][INFO] - 	       [ 12,  10,  79,   6,  30,   5,  14, 744,  15, 113],
[2024-06-20 20:54:04,524][flwr][INFO] - 	       [ 42,  23,  80,   8, 170,  10,  52, 123, 356, 110],
[2024-06-20 20:54:04,524][flwr][INFO] - 	       [ 18,  13, 136,   6,  62,   1,  25, 248,  29, 471]])),
[2024-06-20 20:54:04,524][flwr][INFO] - 	                      (4,
[2024-06-20 20:54:04,524][flwr][INFO] - 	                       array([[753,   1,   3,  75,  65,  16,  28,  30,   0,   9],
[2024-06-20 20:54:04,524][flwr][INFO] - 	       [ 12, 216, 101,  21, 240, 179,  39,  52,  10, 265],
[2024-06-20 20:54:04,524][flwr][INFO] - 	       [104,   9, 105, 117, 315, 152,  37,  66,   4, 123],
[2024-06-20 20:54:04,524][flwr][INFO] - 	       [228,   8,   5, 395, 116,  83,  45,  73,   8,  49],
[2024-06-20 20:54:04,524][flwr][INFO] - 	       [ 40,  13,   5,  28, 258,  28,  29, 219,   5, 357],
[2024-06-20 20:54:04,524][flwr][INFO] - 	       [287,   2,   5, 104, 140, 113,  39,  63,  17, 122],
[2024-06-20 20:54:04,524][flwr][INFO] - 	       [107,   4,  13,   9, 419, 103, 158,  18,  18, 109],
[2024-06-20 20:54:04,524][flwr][INFO] - 	       [ 75,   1,  11,  63,  49,  45,  19, 641,   0, 124],
[2024-06-20 20:54:04,524][flwr][INFO] - 	       [ 53,   3,   6, 124, 360, 116,  39, 166,  18,  89],
[2024-06-20 20:54:04,524][flwr][INFO] - 	       [ 74,   4,   0,  55, 161,  30,  24, 212,   2, 447]])),
[2024-06-20 20:54:04,525][flwr][INFO] - 	                      (5,
[2024-06-20 20:54:04,525][flwr][INFO] - 	                       array([[436,  20,   8, 146,  58,   9,  77,  41,  12, 173],
[2024-06-20 20:54:04,525][flwr][INFO] - 	       [  0, 828,  76,   2,  51,   5,   1,  20,  93,  59],
[2024-06-20 20:54:04,525][flwr][INFO] - 	       [ 29,  60, 267,  77, 201,  50,  27,  29, 157, 135],
[2024-06-20 20:54:04,525][flwr][INFO] - 	       [ 25,  34,  83, 325, 263,  41,  20,  40,  83,  96],
[2024-06-20 20:54:04,525][flwr][INFO] - 	       [  8,  42,  29,  10, 188,   8,  14, 151,  82, 450],
[2024-06-20 20:54:04,525][flwr][INFO] - 	       [ 43, 166,  14, 101, 106,  47,  13,  16, 185, 201],
[2024-06-20 20:54:04,525][flwr][INFO] - 	       [ 30,  15,  29,  10, 233,  20, 359,   9,  78, 175],
[2024-06-20 20:54:04,525][flwr][INFO] - 	       [  5,  38,  63,  30,  41,   8,   9, 595,  14, 225],
[2024-06-20 20:54:04,525][flwr][INFO] - 	       [  2, 106,  12,  59, 112,  28,   4,  23, 421, 207],
[2024-06-20 20:54:04,525][flwr][INFO] - 	       [  6,  41,  11,   8, 103,   8,  11, 113,  90, 618]])),
[2024-06-20 20:54:04,525][flwr][INFO] - 	                      (6,
[2024-06-20 20:54:04,525][flwr][INFO] - 	                       array([[675,   2,   4,  58,  12,  91,  71,  37,  18,  12],
[2024-06-20 20:54:04,525][flwr][INFO] - 	       [  1, 717,  68,   6,   5,  86,   4,  19, 192,  37],
[2024-06-20 20:54:04,525][flwr][INFO] - 	       [ 73,  22, 397,  33,  34, 154,  37,  45, 169,  68],
[2024-06-20 20:54:04,525][flwr][INFO] - 	       [ 41,  38,  71, 318,  21, 229,  20,  64, 163,  45],
[2024-06-20 20:54:04,525][flwr][INFO] - 	       [ 25,  31,  44,  25, 253, 109,   9, 143, 136, 207],
[2024-06-20 20:54:04,525][flwr][INFO] - 	       [ 64,  37,  11,  84,  16, 363,  15,  31, 215,  56],
[2024-06-20 20:54:04,525][flwr][INFO] - 	       [110,   8,  27,   6,  17, 183, 424,  32, 129,  22],
[2024-06-20 20:54:04,525][flwr][INFO] - 	       [ 16,  12,  37,  12,  26,  50,   4, 802,  22,  47],
[2024-06-20 20:54:04,525][flwr][INFO] - 	       [ 13,  29,  21,  49,  23, 232,  21,  64, 434,  88],
[2024-06-20 20:54:04,525][flwr][INFO] - 	       [ 20,  22,  17,  12, 114,  97,   9, 237,  91, 390]])),
[2024-06-20 20:54:04,525][flwr][INFO] - 	                      (7,
[2024-06-20 20:54:04,525][flwr][INFO] - 	                       array([[745,   3,  10,  27,   8,  54,  59,  22,   3,  49],
[2024-06-20 20:54:04,525][flwr][INFO] - 	       [  0, 825,  33,   3,  69,  79,   6,  15,  39,  66],
[2024-06-20 20:54:04,525][flwr][INFO] - 	       [ 80,  48, 551,  18,  41,  85,  28,  11,  76,  94],
[2024-06-20 20:54:04,525][flwr][INFO] - 	       [ 64,  42,  97, 268,  44, 218,  26,  36, 114, 101],
[2024-06-20 20:54:04,525][flwr][INFO] - 	       [ 37,  83,  57,  56, 304,  52,  19,  42,  35, 297],
[2024-06-20 20:54:04,525][flwr][INFO] - 	       [113,  48,  39,  50,  37, 351,  25,  14, 115, 100],
[2024-06-20 20:54:04,525][flwr][INFO] - 	       [181,  16,  42,   4,  24,  78, 374,  24,  32, 183],
[2024-06-20 20:54:04,525][flwr][INFO] - 	       [ 17,  28,  75,  30,  75,  65,   5, 616,  13, 104],
[2024-06-20 20:54:04,525][flwr][INFO] - 	       [ 32, 102,  70,  48,  52, 122,  19,  18, 215, 296],
[2024-06-20 20:54:04,525][flwr][INFO] - 	       [ 24,  54,  27,  16, 149,  66,  17,  82,  46, 528]])),
[2024-06-20 20:54:04,525][flwr][INFO] - 	                      (8,
[2024-06-20 20:54:04,525][flwr][INFO] - 	                       array([[701,   2,   5,  33,  27,  85,  51,  14,   3,  59],
[2024-06-20 20:54:04,525][flwr][INFO] - 	       [  0, 665,   3,   4, 139, 121,   0,   0,  32, 171],
[2024-06-20 20:54:04,525][flwr][INFO] - 	       [ 71,  49, 356,  22, 209, 108,  33,  14,  39, 131],
[2024-06-20 20:54:04,525][flwr][INFO] - 	       [ 56,  31,  18, 347, 121, 207,  25,  15,  41, 149],
[2024-06-20 20:54:04,525][flwr][INFO] - 	       [ 25,  20,   9,  47, 499,  64,  23,  54,  19, 222],
[2024-06-20 20:54:04,525][flwr][INFO] - 	       [113,   9,  11,  56,  53, 426,  34,   9,  76, 105],
[2024-06-20 20:54:04,525][flwr][INFO] - 	       [129,  10,  12,   4,  67, 122, 445,  13,   4, 152],
[2024-06-20 20:54:04,525][flwr][INFO] - 	       [ 13,  16,  12,  17, 115,  70,   6, 612,  10, 157],
[2024-06-20 20:54:04,526][flwr][INFO] - 	       [ 35,  31,  14,  63, 145, 194,  21,  11, 115, 345],
[2024-06-20 20:54:04,526][flwr][INFO] - 	       [ 20,  11,   6,  18, 258, 108,  16,  96,  46, 430]])),
[2024-06-20 20:54:04,526][flwr][INFO] - 	                      (9,
[2024-06-20 20:54:04,526][flwr][INFO] - 	                       array([[723,   1,  17,  15,  26,  71,  55,  27,   0,  45],
[2024-06-20 20:54:04,526][flwr][INFO] - 	       [  0, 986,  12,   8,  24,  88,   0,   0,   1,  16],
[2024-06-20 20:54:04,526][flwr][INFO] - 	       [ 91,  94, 400,  44, 109, 126,  45,  38,  25,  60],
[2024-06-20 20:54:04,526][flwr][INFO] - 	       [ 66,  26,  58, 462,  28, 237,  20,  13,  28,  72],
[2024-06-20 20:54:04,526][flwr][INFO] - 	       [ 36,  43,  38,  50, 585,  70,  20,  47,   6,  87],
[2024-06-20 20:54:04,526][flwr][INFO] - 	       [116,  23,  30,  55,  33, 471,  28,   8,  54,  74],
[2024-06-20 20:54:04,526][flwr][INFO] - 	       [105,  30,  58,   0,  55, 123, 420,  98,   4,  65],
[2024-06-20 20:54:04,526][flwr][INFO] - 	       [ 19,  36,  21,  35,  63, 117,   6, 644,   8,  79],
[2024-06-20 20:54:04,526][flwr][INFO] - 	       [ 48,  70,  38, 101, 155, 220,  31,  15,  94, 202],
[2024-06-20 20:54:04,526][flwr][INFO] - 	       [ 22,  27,  14,  35, 266, 158,  22,  90,  16, 359]])),
[2024-06-20 20:54:04,526][flwr][INFO] - 	                      (10,
[2024-06-20 20:54:04,526][flwr][INFO] - 	                       array([[677,   2,  16,  32,  18,  90,  96,  19,   2,  28],
[2024-06-20 20:54:04,526][flwr][INFO] - 	       [  0, 531,  38, 131,  19, 306,   0,  11,   1,  98],
[2024-06-20 20:54:04,526][flwr][INFO] - 	       [ 51,  95, 435,  67,  79, 123,  90,  30,  15,  47],
[2024-06-20 20:54:04,526][flwr][INFO] - 	       [ 30,  12, 106, 570,  24, 153,  14,  10,  26,  65],
[2024-06-20 20:54:04,526][flwr][INFO] - 	       [ 26,  27,  79,  35, 576,  70,  28,  61,   6,  74],
[2024-06-20 20:54:04,526][flwr][INFO] - 	       [ 60,   7,  45, 138,  44, 413,  37,  12,  90,  46],
[2024-06-20 20:54:04,526][flwr][INFO] - 	       [ 84,  12, 116,   2,  29, 122, 465,  75,   4,  49],
[2024-06-20 20:54:04,526][flwr][INFO] - 	       [ 20,  31,  52,  51,  73, 111,   7, 540,   9, 134],
[2024-06-20 20:54:04,526][flwr][INFO] - 	       [ 26,  52,  83, 184, 153, 204,  43,  17,  89, 123],
[2024-06-20 20:54:04,526][flwr][INFO] - 	       [ 28,  18,  57,  39, 268, 172,  20,  86,  24, 297]]))],
[2024-06-20 20:54:04,526][flwr][INFO] - 	 'f1': [(0, 0.03553137346181725),
[2024-06-20 20:54:04,526][flwr][INFO] - 	        (1, 0.09975552016564519),
[2024-06-20 20:54:04,526][flwr][INFO] - 	        (2, 0.14045415620741297),
[2024-06-20 20:54:04,526][flwr][INFO] - 	        (3, 0.29297153388022773),
[2024-06-20 20:54:04,526][flwr][INFO] - 	        (4, 0.2834503251497361),
[2024-06-20 20:54:04,526][flwr][INFO] - 	        (5, 0.4044657339674583),
[2024-06-20 20:54:04,526][flwr][INFO] - 	        (6, 0.48172010352206646),
[2024-06-20 20:54:04,526][flwr][INFO] - 	        (7, 0.47385638077693165),
[2024-06-20 20:54:04,526][flwr][INFO] - 	        (8, 0.46895479946344887),
[2024-06-20 20:54:04,526][flwr][INFO] - 	        (9, 0.5025866170369757),
[2024-06-20 20:54:04,526][flwr][INFO] - 	        (10, 0.45578248238758934)],
[2024-06-20 20:54:04,526][flwr][INFO] - 	 'precision': [(0, 0.12349967530374152),
[2024-06-20 20:54:04,526][flwr][INFO] - 	               (1, 0.09723859971430025),
[2024-06-20 20:54:04,526][flwr][INFO] - 	               (2, 0.23191717054402539),
[2024-06-20 20:54:04,526][flwr][INFO] - 	               (3, 0.3336696846597565),
[2024-06-20 20:54:04,526][flwr][INFO] - 	               (4, 0.3669332806108453),
[2024-06-20 20:54:04,526][flwr][INFO] - 	               (5, 0.4480707521465287),
[2024-06-20 20:54:04,526][flwr][INFO] - 	               (6, 0.5219361634737189),
[2024-06-20 20:54:04,526][flwr][INFO] - 	               (7, 0.4979224131733305),
[2024-06-20 20:54:04,527][flwr][INFO] - 	               (8, 0.5354288314512384),
[2024-06-20 20:54:04,527][flwr][INFO] - 	               (9, 0.5301777374806665),
[2024-06-20 20:54:04,527][flwr][INFO] - 	               (10, 0.4814988728505793)],
[2024-06-20 20:54:04,527][flwr][INFO] - 	 'recall': [(0, 0.1086),
[2024-06-20 20:54:04,527][flwr][INFO] - 	            (1, 0.1305),
[2024-06-20 20:54:04,527][flwr][INFO] - 	            (2, 0.1845),
[2024-06-20 20:54:04,527][flwr][INFO] - 	            (3, 0.3351),
[2024-06-20 20:54:04,527][flwr][INFO] - 	            (4, 0.3104),
[2024-06-20 20:54:04,527][flwr][INFO] - 	            (5, 0.4084),
[2024-06-20 20:54:04,527][flwr][INFO] - 	            (6, 0.4773),
[2024-06-20 20:54:04,527][flwr][INFO] - 	            (7, 0.4777),
[2024-06-20 20:54:04,527][flwr][INFO] - 	            (8, 0.4596),
[2024-06-20 20:54:04,527][flwr][INFO] - 	            (9, 0.5144),
[2024-06-20 20:54:04,527][flwr][INFO] - 	            (10, 0.4593)]}
[2024-06-20 20:54:04,527][flwr][INFO] - 
